0.005153911959433155
0.007483822599090528
0.005177750288612365
0.0054853734949796285
0.0078296049042689
0.00401557861358337
0.00488730238896265
0.006751319626020852
0.004436217155805361
0.005691907019290288
0.006681129402736685
0.007337487423014544
0.007272014379755443
0.006643801562947763
0.0058946283292165
0.005935055263231431
0.005198649482879611
0.006461788080088765
-0.0021222221063287167
-0.0031529105859450166
0.0020268416083441335
-0.0005680998446931859
-0.0008548636648821537
0.0008878007522222162
0.0011489088458206537
-0.00118392363438799
0.002934553281441446
0.005299072723370518
0.0024219782464346418
0.0044368460655465625
0.005806365807174252
0.0018352931533340278
0.0037760908774975843
0.005262783110851238
0.0024937453866597237
0.0031919951492348497
0.0013219198391520859
0.0010044568695764394
0.002823955330451988
0.0005814823139560221
0.0022519654815921913
0.0019825432098256324
0.0017198148057792628
0.0014934890950790564
0.0012013982711627236
-0.005845149765007364
-0.005422128940461814
-0.0046620788742875105
-0.005594518432682272
-0.008169496817207324
-0.007716430206716026
-0.007950798557277011
-0.0076570400088610685
-0.007068787766654146
-0.002378653320001964
-0.004053021282350008
-0.005198454621214266
-0.002975902371092548
-0.004300564853867719
-0.005246342111470084
-0.0033651391384405815
-0.004481654967029694
-0.006776743959635637
