0.0008917068762052671
0.002150310655938431
0.002402656830408384
0.0010998691174077813
0.001470698285624683
0.002759793709123687
0.0025856545159158584
0.0017465839252686355
0.0020679426114277866
0.003265433180279026
0.001646909711137165
0.001842318260261669
0.002514049462451512
0.0020868147325164843
0.0023224063207715334
0.0029393492154358714
0.0031730290827405444
0.0015921362380766357
-0.0023905501095019197
-0.0002122889333191491
0.00038617716634715277
-0.0025772844822762597
-0.0006449010540615432
-0.00044757913391705456
-0.003088451386604442
-0.0012379474659051717
-0.001178239020322512
0.0019060497309409674
0.0010643181298302107
0.0011035290958133492
0.0022840605874433484
0.0023756226386554002
0.0016105986468959166
0.0015081702499448457
0.0027878980962414146
0.0006927892766123989
0.0014216247421135197
0.0014997474889806989
-0.00033847566677906726
0.00043546287312393184
0.0021213993833368305
0.00031176776562179265
0.0010229587337002577
0.001125065187814911
-0.0007087845739840171
-0.002822257046226802
-0.0020222753983026517
-0.0036096495237676156
-0.0034560671640065654
-0.0026851075238044156
-0.001951028773545145
-0.0036801157187203795
-0.0028369992262795712
-0.0029972516508775804
-0.0028906511429652726
-0.0015988306136145852
-0.0027516393821418045
-0.003242159744707082
-0.0019431562593215795
-0.00314290250874167
-0.0010874605782706243
-0.0022863332899443686
-0.0034862875511642855
