0.0006814264638047574
0.0008817645452799672
0.0007492639163160508
0.0020411548941743907
0.0015321318643850834
-0.002341286517500235
0.0027223956933485616
0.0028334897741988663
-0.001178106760483827
-0.0008698127685637935
0.0008902392484619465
-0.0008785286444528279
0.00020600994789160554
-0.001664350190366523
-5.209633626067356e-05
-0.0025231784591864537
-0.0008170371236059792
0.0008171830403309738
-0.0029090572839649484
-0.0067744551819082025
-0.006148633627949186
-0.005876367260297839
-0.004063782535710603
-0.0030642428662874463
-0.007628417406935102
-0.005842998594106412
-0.004862134053432152
0.00011790428015739929
-0.003085685280012934
-0.002029832360496947
-0.0015603511360914313
-0.0033776545403551572
-0.00015394166629711936
-0.0018291336945295555
-0.0015263830510008625
-0.00039477097906112646
-0.001505172617577752
-0.0051181368337252925
-0.0032231158628285295
-0.0019074854577736527
-0.0033177266995192967
-0.0014611810691094462
-0.00010732627323074839
-0.0016137195453621717
-0.004572613068285866
-0.006406866932564315
-0.0059800008335165675
-0.005992215742196019
-0.005831677363415437
-0.005231606682574004
-0.005113823911154312
-0.004966074659196469
-0.004276008008356539
-0.008126532361568004
-0.0025577706404524975
-0.005873819748629029
-0.00387771689114548
-0.001469754457280377
-0.0047933051132351134
-0.003375450456656791
-0.005873314479489515
-0.00421968368536222
-0.002415362051643513
