0.108719130715
0.246669309254
0.114349263201
0.173376862769
0.0724643851484
0.131521862619
0.134798288302
0.183734764
0.187139271261
0.166670597529
0.160277359866
0.127969598468
0.186147333253
0.101187302883
0.177222204568
0.17853003638
0.112129474303
0.187444858234
0.135274912393
-1.0
0.148957941718
0.27391903154
0.131486906424
0.0586638310931
0.12579428064
0.166144272088
0.110543041415
0.156370312244
0.0823871036007
0.0689701595014
0.0814923710081
0.146702344357
0.0204194623221
0.146742745162
-1.0
0.107331061732
0.0418791672608
-1.0
0.00702798705056
-1.0
0.0943143908096
0.129015998604
0.131900305317
-1.0
0.0880233725991
0.271984532891
0.164715736012
0.21473592012
0.0995248661105
0.303668250791
0.207880509255
0.137188910573
0.148944589679
0.141299682037
0.127131806833
0.200266987639
-1.0
-1.0
0.231836183351
0.175741442405
0.0557604651397
0.194913512505
-1.0
0.199088905553
0.120509735102
0.325346552834
0.176830278009
0.307318383041
0.0974049614774
0.203346851315
0.205814987419
0.132447378795
0.172711444364
0.0979451809428
0.138913692245
0.103303921405
0.130836971315
0.0838734865062
0.148084440368
0.144826957364
