0.0129542824964
0.00960537390507
-1.0
-1.0
0.00908096285881
-1.0
-1.0
0.106674246157
0.0151560198678
0.132806727719
-1.0
-1.0
0.10476231889
-1.0
0.19944671973
-1.0
-1.0
-1.0
0.0144721003886
-1.0
0.00907883057252
0.0736053106345
-1.0
0.0931350951602
-1.0
-1.0
-1.0
-1.0
-1.0
0.0630286671993
-1.0
0.0339434970168
0.0117720054868
0.0121183143629
-1.0
-1.0
0.127550766719
-1.0
-1.0
-1.0
0.0899665246447
0.0133758629081
-1.0
-1.0
0.168650414191
9.71445146547e-17
-1.0
0.110299096607
-1.0
0.0108243861344
-1.0
0.0126059213827
-1.0
-1.0
0.108444995969
-1.0
-1.0
0.020564328497
0.0313003986323
0.25091685512
-1.0
-1.0
0.0143256628363
0.0946129959945
0.0125146554286
0.0243746089127
-1.0
-1.0
-1.0
0.00862555137277
0.023778392295
0.0327443477907
-1.0
-1.0
-1.0
-1.0
-1.0
0.0180548629283
-1.0
0.0703611742693
-1.0
-1.0
0.0148753413577
-1.0
-1.0
-1.0
-1.0
0.11757748536
-1.0
0.0723715255058
