0.195220588159
0.255574274639
0.187196786119
-1.0
0.169835129355
0.215577702394
0.0705242643236
0.193319483201
0.178196461317
0.146351168437
0.2055300542
-1.0
0.245644286341
0.159245475349
0.240564899162
0.243680980983
0.291251350831
0.211941719125
0.22208851887
0.198679889812
0.431465947267
0.0956208245031
-1.0
0.287045133956
0.172727452064
0.240206300539
0.232660136265
0.157753884883
0.237079624246
0.186941190891
0.339863170379
0.23249521046
0.127297361708
0.244671266038
0.175787224129
0.331488024139
0.243949777119
0.0939240302271
-1.0
0.252575095778
0.283055866851
0.180789183263
0.393843394384
0.355714455623
-1.0
0.184016831554
0.155934324396
0.149737015787
0.243011894276
0.177938229285
0.144381867579
0.197245477194
0.175338939268
0.23668792284
0.180169431242
-1.0
