0.315806399679
0.201643844536
0.298803844966
0.25274809164
-1.0
0.138169851005
0.32386732783
-1.0
0.22494317188
0.194009958279
0.136857978283
-1.0
0.406125677166
0.331050438112
0.139458224304
0.19704552701
-1.0
0.141652124448
0.251282771848
0.13061781106
0.10845684726
0.176644261594
0.223215548542
0.0366790093154
0.0276283318778
0.287167104642
0.224671023422
0.139843783024
-1.0
0.144192099243
0.300949196136
0.181975258253
0.2502507793
0.176678212204
0.086708716828
0.0554960018235
0.143981824458
0.343800505648
0.094808333208
0.341548713697
0.271678734656
0.197068398927
0.288736284003
0.218560258242
0.210421797848
0.141924628615
0.187518156008
0.154869418712
0.115278915269
0.112059716089
0.253980947579
0.154513249607
0.0739016510408
-1.0
0.102486484965
0.294302223799
0.13420194989
0.17719039311
0.315817023359
0.204842078125
0.190155236965
-1.0
0.0698861674197
0.204328068589
