-1.0
0.139510330863
0.16083726846
-1.0
-1.0
0.115732177978
0.20268477144
0.226030088295
0.169003708063
-1.0
0.269103452127
0.179525548758
0.00355989763031
0.0232809079617
0.0881645902861
0.0113513005096
0.055228994219
-1.0
-1.0
0.150650679597
-1.0
0.0194853063123
-1.0
0.08625974733
0.183923966432
0.0224261539446
-1.0
-1.0
-1.0
0.265180056122
0.0687171969496
0.272822358715
2.77555756156e-17
-1.0
-1.0
0.0776918975418
0.0290420618249
0.0214152194302
0.166096672729
0.110422205705
-1.0
0.0381001758363
-1.0
0.309317182504
0.327807657528
0.141731473972
-1.0
-1.0
-1.0
-1.0
0.0494161627446
-1.0
0.110050873717
-1.0
0.0489360986821
0.0450170855993
0.241549922462
0.243626637439
-1.0
-1.0
0.296418002974
0.218748053832
0.106078765464
-1.0
0.0265627181553
0.169274700304
0.0645554699137
-1.0
0.0545005610304
0.118536157704
-1.0
0.316402607834
0.254497318727
0.0871022550688
0.295433648872
0.0329942808251
0.105785454166
0.0264635795259
-1.0
0.36539312498
-1.0
-1.0
0.023513034656
0.162767856918
0.186597694611
-1.0
0.0466757708148
0.14932975969
-1.0
0.214889064018
-1.0
0.130837213711
-1.0
-1.0
