0.0799794420742
0.380949690881
0.0777004580592
0.116158727578
0.406446442838
0.482665765296
0.345352147158
0.228396737553
0.307580059847
0.0713509072177
0.132896571812
0.391552049162
0.33432399217
0.010818593612
0.173985663125
0.225164113613
0.14541240916
0.156860595067
0.055466110184
0.213995585197
0.102607542148
0.310285599066
0.0657875730274
0.421545558109
0.0216798458043
0.159948698847
0.404658561188
-1.0
0.275327912211
0.119191069495
0.145877371322
0.200919290086
0.474366068228
0.115240694394
0.10730562351
0.136525928008
0.133551400711
0.281416012438
0.136448432637
0.195135699764
0.0440023577281
0.347244022654
0.0314311058597
0.026700352877
0.124512646801
-1.0
0.0941377590337
0.189836956057
0.0988680763368
0.108025030286
0.244460433247
0.255342377474
0.0378419783635
0.147526641075
0.58208583591
0.39884536495
0.113584293293
-1.0
0.0234716978597
0.362771099634
0.110211039298
0.523526115977
-1.0
