0.0773539681079
0.0500101077664
0.0250928571113
0.0756471837446
0.0707118736639
0.0302967236638
0.083967826293
0.0588965242407
0.0564702517016
2.77555756156e-17
0.0598462802284
0.0783467894834
0.0212497739164
0.107940092105
0.116113118018
0.0126944854198
0.134047700734
0.159774478434
0.00941896750526
0.121575031338
0.0482426482169
0.0234534087777
0.0222305241954
0.0592570350733
0.105129466283
0.11434884299
0.0724907670945
0.0903893645268
0.120026710976
0.0335651212043
0.0393105257473
0.143254684816
0.0139347840481
0.132187523079
0.0309151110169
0.103653539559
0.0979977637554
0.0477312640953
0.0157893332626
0.0589310875491
0.0346169533865
0.0525561095654
0.0486194885887
0.0147908286687
0.0593560522869
0.0711313975391
-1.0
0.0381881891139
0.0590169930972
0.0220206101206
0.00138036130336
0.116218401583
0.0912025126512
0.12165089002
0.0441281955175
0.138096999797
0.116975757374
0.0927821175837
0.129025237528
0.114806074055
0.045234857401
0.0263873955916
0.0317633573206
0.0157631916662
0.103697763383
0.05740578751
0.131093115169
0.069967657795
0.0725260131216
0.0266902475685
8.32667268469e-17
0.125305091201
