0.0538477494576
0.0113597804741
0.0751445270079
0.149857913148
-1.0
0.0495489649739
0.0458082388874
0.0686116599055
0.114469930257
0.019244535184
0.0864124083367
0.0445792097675
0.037590510735
0.0118006424506
0.141679863079
0.054987031894
0.0435847196827
0.0218253820515
0.0668140172616
0.0145698721072
0.264906104102
0.179763089245
-1.0
0.0222658109355
0.0535063852
0.0260599750331
0.0670177215378
0.0517779287454
0.0245955047503
0.02858576423
0.0393116284856
0.075081745247
0.125295719397
0.0719667144879
0.0295679117075
-1.0
0.134421333462
-1.0
0.0209217086385
0.0458163924584
0.0177763409647
0.031059528361
0.149582746801
-1.0
0.0366108832621
0.0134002664213
0.109827686412
0.0734152104441
0.0989509059657
-1.0
0.0256630321789
0.0411693191874
0.110651674905
0.098731748273
0.103049267684
0.0715237141255
-1.0
0.0341906543061
0.142309919862
0.0402064857438
0.058867221211
0.154587455003
0.194642893194
0.183658978294
0.0588151133094
0.10225234052
