-1.0
0.0667335228143
-1.0
-1.0
-1.0
0.0366802995022
0.120820641909
-1.0
-1.0
0.0277369604326
-1.0
0.0680433397406
0.202977720277
0.0882823708217
0.183486386292
-1.0
0.220938065659
0.0837531664944
-1.0
0.0299471737418
-1.0
-1.0
0.0
-1.0
0.24409677129
-1.0
0.029692427373
-1.0
0.110897460313
0.201221348405
-1.0
0.19846457064
-1.0
0.0976411505209
0.0788193185652
0.0498672573035
0.132546214785
0.214278913516
0.126867147323
0.136242327127
0.0936503316667
0.173401169706
0.0260895760752
0.21361772941
-1.0
0.334901848394
-1.0
-1.0
0.178022211983
0.205731115262
-1.0
-1.0
-1.0
0.191698638418
0.100189468786
0.23023921143
-1.0
0.0
0.146523617176
-1.0
0.113439363228
0.0
0.187721392639
0.103937071974
0.123322081469
0.0694384099814
-1.0
0.156095535485
-1.0
0.211051267669
0.146155541879
0.161923462027
0.0277010987187
0.175196223861
-1.0
-1.0
-1.0
0.2114464315
0.241523297235
-1.0
-1.0
0.0577212858823
-1.0
