-1.0
0.152254960641
0.134337719742
0.0475293114055
0.0940281765256
0.219260716442
0.108081395739
0.110144696475
0.13554451215
-1.0
0.0389650759619
0.0427168841081
0.150623222609
0.0722827142573
0.0525615353131
0.167915099176
-1.0
0.0695633104208
0.0319978871413
0.0614148079783
0.100390470443
0.0567217944047
0.0662404154049
-1.0
-1.0
0.0507378445564
0.0949960497256
0.15979154893
0.0571906737161
0.141492407039
-1.0
-1.0
-1.0
0.147490554998
0.0132949942309
0.156128304997
-1.0
0.109945637769
0.11166341344
-1.0
0.102253649565
-1.0
0.169981039436
0.0970677619138
0.101185845779
0.103561364483
0.144817141059
0.0976446081654
0.0265534275468
-1.0
0.1085979452
0.0741017554929
0.0416686890643
0.21108410384
0.031134784966
0.112731108284
0.0624053053441
0.103019604433
0.0320811971736
0.0519325983225
0.127984776592
-1.0
0.132237319028
0.154385346122
0.0527648620624
0.1894680713
0.0711630295594
0.0859829462191
0.0331951723491
0.218868505158
0.0858364025419
6.93889390391e-18
0.129794850609
0.122161075999
0.00366995382677
