0.125981505035
0.160538485534
0.205552456993
0.136125564947
0.241761361385
-1.0
0.170785053491
-1.0
-1.0
0.157385618873
0.0992761609664
0.0750172876682
0.0963352139486
0.180075736329
0.0911945154013
-1.0
0.150415311184
0.246423958401
0.180114754239
0.0828138727321
0.118844911098
-1.0
0.25667412807
0.0168543656889
0.158396354412
-1.0
0.107642190043
0.14654148721
0.0901181445495
-1.0
0.0755106402444
-1.0
0.104820049572
0.0677877704071
0.22118015325
0.16726815483
0.166850990621
0.170658583869
0.227580295742
0.126730997237
0.21123974282
0.171589398712
0.157097588077
0.148016913056
0.259659267059
-1.0
0.0717681892581
0.0853709580786
-1.0
0.145847532262
0.105342155144
0.213804216712
-1.0
0.119243925404
0.0546163618804
0.138837704819
0.121484769537
0.135414361885
0.148877958632
0.0248814719313
0.0769150114516
0.161260526679
-1.0
0.112255957451
0.158720114261
0.0213804070294
0.0198243811673
0.177540518623
0.250136448052
0.172973104666
0.0913785166401
5.55111512313e-17
0.166324158823
-1.0
0.164384401447
-1.0
0.211733260621
0.0566417622224
0.0485972026116
