0.192510030069
0.163638944691
0.0839653620929
0.233928747762
0.0928488491149
0.105578144103
-1.0
0.160813165594
0.232680333138
0.111314967547
0.0623563406727
0.182237645597
0.169579005785
0.119250769109
0.0901652448607
0.179205813987
0.122155262949
0.125881645368
0.125915449587
0.0
0.236268854952
0.213068705831
0.123769317733
0.129981121044
0.100017941436
0.159090779653
0.130614002474
0.179843938825
0.0978018408038
0.094778543031
0.170114117297
0.106291476347
0.162844236923
0.0968511688011
0.228071475227
0.131318257364
0.191731554895
0.104506895563
0.219522711396
0.144419130168
0.175565669744
0.120936892315
0.162462074519
0.153566465628
0.0529085193728
0.165789899725
0.0131629978626
0.234255074984
0.160335176481
0.175258986097
0.0
0.105584737556
0.200135595221
0.0931098060738
0.0703798432477
0.121782597232
0.204433214345
0.233115694416
0.0779564185602
0.186908206983
0.213033025714
0.0951186143593
