0.19953511469
0.083531382813
0.272952458499
0.0954852922578
0.24455943912
0.185206304483
0.0151445315172
0.257838540648
0.284429353725
-1.0
0.152658589817
-1.0
0.126065577456
0.22548066999
0.157218510462
0.180489875866
0.136635348084
0.168326021778
0.187732617791
0.0621864681702
0.225807889742
0.132846230738
-1.0
0.154703336073
0.322580818346
0.158280389551
0.0623191917569
0.171344952306
0.192924109828
-1.0
0.277395575612
0.195653776332
0.117530643493
0.0915252103124
0.0341471136461
0.185439473704
0.068154177752
0.133220886188
-1.0
-1.0
0.165062890606
0.134141584338
0.231778619458
0.176075234405
0.14597904052
0.147246969021
0.132318599563
-1.0
0.341487077386
0.191433285378
-1.0
0.214668195178
0.149032378822
0.350285587671
0.0
0.211376533358
-1.0
-1.0
0.202398823379
0.217805942558
0.192940492465
0.126222312153
0.249409413704
0.296571140184
