0.0405556298471
0.19549590174
0.128488458006
0.0927210749849
-1.0
0.160722825095
0.0364399928645
0.256669583454
0.0515632682321
-1.0
-1.0
0.115927293863
-1.0
-1.0
0.00331917195254
0.203157822985
0.199947136169
-1.0
0.255451203617
0.231135836409
-1.0
0.312416108373
0.131296267681
0.197893178329
0.126293920935
0.203920240001
0.106033482717
-1.0
0.120596913044
0.0486960634342
0.0780985401223
-1.0
-1.0
0.419822214588
0.222622452809
0.346098020011
-1.0
0.0490840855579
0.0437634240815
0.323473488843
0.240651470507
-1.0
0.119425951506
-1.0
0.219809190772
0.143209839497
0.0344379802394
0.158798987835
0.222870279768
0.132617069484
0.287013775203
-1.0
0.349371155934
0.311401012443
-1.0
-1.0
0.0742173288616
-1.0
-1.0
-1.0
-1.0
0.121760559287
-1.0
0.189997326205
0.132687526355
0.415432544003
0.0740990768349
-1.0
0.234016903544
0.18661406656
0.419517145797
-1.0
0.342883284359
0.0828155557744
0.20292465428
0.184609001873
0.179136730266
0.194447175863
0.370380077316
-1.0
0.288099926108
0.294080312245
-1.0
0.246679519551
