0.0472249562766
0.101944898634
0.079061207196
0.0607159224609
0.0229750951259
0.120541682027
0.0884452666276
0.0907013867128
0.0641590384572
0.0867674848823
0.338406536723
0.0111385332782
-1.0
0.2468127118
0.00433872282796
0.163731620815
0.0130860832651
0.0852008160857
0.0185260349772
0.11241313839
0.0276545839835
0.0732575759844
0.322525284581
0.0749801380492
0.084351733038
0.191488303274
0.0994381747852
0.0820449784573
0.110362090694
0.199290089402
0.0190009180989
0.0917862098057
0.281432234655
0.142771620046
0.0306930642552
0.108129994555
0.0837180478098
0.0503135071449
0.0685954413295
0.181192566503
0.0702653524081
0.246810929609
0.194728918595
0.124847747412
-1.0
0.224109917317
0.0931626392944
0.0897710330878
0.0740500595237
0.0876920055344
0.114703757334
0.0485458378977
0.169094388622
0.196220357251
-1.0
0.036444847885
0.166474960451
0.0563017443089
0.0892470884153
0.00750929729842
0.107175628836
0.0761838116122
