0.0792557396856
0.0759198707824
0.05758346833
0.0865516741109
0.0548849251064
0.132117239737
0.0557437066584
0.106502945803
-1.0
0.0976573941385
0.321775757609
0.0520636746787
0.110305101395
0.0796280812705
0.0944309291324
0.191105079457
0.0671929893452
0.124955541968
0.0673696770855
0.0916650312144
0.0955966659354
0.0609471725136
0.139251626642
0.164100616266
0.113100156799
0.162684990972
0.0730380137084
0.143992017237
0.107971172015
0.0795807302405
0.0729598423372
0.158420212331
0.207327757042
0.098714135294
0.0829207099466
0.0849258750516
0.101513312967
0.0739536007195
0.435030599034
0.0435792520561
0.103911506663
0.134305500057
0.052275480762
0.0984661583295
0.08115556847
0.34982211471
0.0844041989845
0.0884093892413
0.087207575638
0.0980478079785
0.0708265208191
0.112952602267
0.0585121191283
0.216890646178
0.149527354158
0.0717284180235
0.131622993518
0.0928699479558
0.104020216317
0.0711072490027
0.0669718990059
0.114683855632
0.087632982996
0.0660350111197
0.107187902329
0.116871511365
0.0698975838654
0.171086756198
0.00582277698618
0.0750957917263
