5.55111512313e-17
0.338123561924
0.375233657721
0.342800229191
0.390158819912
0.196678836955
0.109484030769
0.398344383989
0.378267002738
-1.0
0.371295237935
0.311258467858
0.0541724486277
0.096087812513
0.135304122207
0.190763557652
-1.0
0.420136122393
0.0874406085071
0.478160841561
0.159232496161
0.178685469417
0.0194160346857
0.272087174873
0.252398930021
0.197101937289
0.13811217607
0.360735925729
0.277866989111
0.452035631244
0.428556522501
0.0981209852664
0.436262428129
0.0470608454586
0.460961280986
0.389993739014
0.234609804952
0.434614569964
0.195010583424
0.231664129165
0.0924617734057
0.0572721633311
-1.0
-1.0
0.438616999526
0.0808672982624
0.291129919945
-1.0
0.407159554313
0.0849656795028
0.0383986656116
0.143879904182
0.433022349741
0.167772436926
0.183172315492
0.304458400749
0.404034270108
0.393975314186
0.420446938382
0.41724975364
0.449977319828
0.387838737011
0.190041853313
0.0934937156657
0.203450750059
0.179846117093
-1.0
0.0853998136715
0.0694279578863
0.418709786869
0.0506266689166
0.167861895841
0.184793395727
