-1.0
-1.0
-1.0
-1.0
-1.0
-1.0
-1.0
0.025327699918
-1.0
-1.0
-1.0
-1.0
-1.0
-1.0
-1.0
-1.0
-1.0
0.00194176331411
-1.0
-1.0
-1.0
-1.0
-1.0
-1.0
-1.0
-1.0
-1.0
-1.0
-1.0
-1.0
-1.0
-1.0
-1.0
-1.0
-1.0
-1.0
-1.0
-1.0
-1.0
-1.0
-1.0
-1.0
-1.0
-1.0
-1.0
-1.0
-1.0
-1.0
-1.0
-1.0
-1.0
-1.0
-1.0
-1.0
-1.0
0.0483077181828
-1.0
-1.0
-1.0
-1.0
-1.0
-1.0
-1.0
-1.0
0.0582581707192
-1.0
2.77555756156e-17
0.106125970307
-1.0
-1.0
-1.0
-1.0
-1.0
9.80118763927e-17
-1.0
-1.0
0.0322225827495
-1.0
-1.0
-1.0
-1.0
0.00587271472257
-1.0
-1.0
0.0197839101134
0.00846872877207
-1.0
2.08166817117e-17
-1.0
-1.0
-1.0
-1.0
-1.0
-1.0
-1.0
-1.0
-1.0
-1.0
-1.0
