-1.0
0.254794720969
0.0516543855657
0.00586004168932
0.313049907677
0.293425333905
0.104492130083
0.0320255796525
0.0625896599482
0.164775016465
0.192583843065
0.181422652246
-1.0
0.217684993528
0.242061911426
0.0120302617862
0.0649052269737
-1.0
0.00602779480474
0.0197522505258
-1.0
0.286288929301
0.240241888668
0.270695294845
0.105859940071
0.170499451962
0.0067429699108
0.0311600129792
0.0957965141756
0.0413641830376
0.0233170009879
0.229358343297
0.310842198268
-1.0
0.0826441469857
0.0452182383617
-1.0
0.209736083357
0.0974286163497
0.297241963046
0.0683830511583
0.112745107731
0.145051155155
0.0440238644486
0.295521114663
0.294395928451
0.0428381988441
0.262516836617
0.00512199996595
0.245511515233
-1.0
0.147324830097
