0.111511442401
0.141018460921
0.0289631868923
-1.0
0.216278154237
0.0687813165287
0.0413073535496
0.0729683812823
0.0313917877237
0.204730997875
0.317821081037
0.11301576535
0.321884860064
0.0315471524507
0.0639385871604
0.0823145352829
0.036887200158
0.0382597088164
-1.0
0.0513669614663
0.0418400655671
0.0683162664379
0.0892473164539
0.336286223917
0.0836899110872
0.044636760899
0.074153740108
0.122097827247
0.155204682834
0.0583995321568
0.0551926478706
0.0282326804433
0.313933146748
0.0897191890448
0.20278368605
0.0988879009815
0.0748211874875
0.123595824653
0.052529945128
0.0611992782518
0.341440587916
0.315624349591
0.065557864388
0.315152231602
0.0518245132149
0.0661410617651
0.339719615883
0.400698950881
0.0687322167161
0.073290505039
0.119078559018
0.0823874449987
0.324315756153
0.418175388418
0.29693711482
0.0287984764296
0.105063628033
0.102566564458
0.105913206068
0.0560409731569
0.0655564572917
0.0220977398159
0.0560717068697
-1.0
0.103250210441
0.161125295553
0.202772306831
0.0878389085844
0.0918862212921
0.0176943397877
0.189405858607
0.0689287149973
0.0469000785469
0.163351459377
0.11591589376
0.17279005941
0.0381136490911
