0.326409708261
0.0216718927419
0.387062418741
-1.0
0.00164218761575
0.0814501371986
-1.0
0.114963544605
0.0205103220669
5.55111512313e-17
-1.0
0.0316548147873
-1.0
0.346745111387
0.078917785613
-1.0
0.177495204289
0.197494052369
0.0775377054622
0.232384823446
0.106016357822
0.246086884614
0.186455050052
0.0260942958793
0.311579188229
0.331862931779
-1.0
0.140323452399
-1.0
0.351781432269
0.0925974471177
-1.0
0.339402784715
0.190133919253
0.0683306497477
0.254172839755
0.228052781947
0.151554718481
0.00978186305094
0.0506199425933
0.0166733211485
-1.0
0.219027151827
0.124799308566
-1.0
0.258195190154
0.251395024122
0.29415512674
0.102789829828
0.195113880774
-0.0
-1.0
0.271602210715
-1.0
-1.0
0.251562297024
0.0593995939234
0.260464472116
-1.0
-1.0
0.372775835377
-1.0
0.173112156576
1.38777878078e-17
0.304427928624
0.153839070145
-1.0
0.260275839877
0.183914381034
