-1.0
-1.0
-1.0
-1.0
-1.0
-1.0
-1.0
-1.0
0.135154012885
0.0992107299122
-1.0
-1.0
6.42931888284e-17
-1.0
0.169460276634
-1.0
-1.0
-1.0
-1.0
-1.0
-1.0
-1.0
-1.0
-1.0
0.0385189648847
-1.0
-1.0
-1.0
-1.0
-1.0
0.149454916985
-1.0
-1.0
-1.0
-1.0
-1.0
-1.0
-1.0
-1.0
-1.0
-1.0
-1.0
-1.0
-1.0
-1.0
-1.0
-1.0
-1.0
0.104577098074
-1.0
0.0134957220113
-1.0
-1.0
0.0805582909569
-1.0
0.0220750928009
-1.0
0.0794888425329
-1.0
0.101929882967
0.111488501879
0.0161485452419
-1.0
-1.0
-1.0
-1.0
-1.0
0.048999895595
