-1.0
-0.0
0.0752763859364
0.253077189334
0.053115419425
0.21795211577
0.0949435339493
0.168051857732
0.292057632924
0.201551192052
0.224027072227
0.127963938804
-0.0
0.25219767974
0.00313089932348
0.021930641188
0.295161808871
0.218740108948
0.0933702884591
0.0595644435188
0.169075541706
0.252461654452
0.0012763969762
0.0101271993652
0.225329227991
0.242388107241
0.183376919557
0.281420785534
0.183310035383
0.204970426712
0.0967229017429
0.26662105568
0.269768214064
0.288035368073
0.280282184337
0.156198456515
0.0113485820378
-1.0
0.290088090248
0.21859772649
0.13201064837
0.101920177657
0.0663648776037
0.235291433204
0.0582491922695
0.259912554298
0.277069553265
0.0432561431169
0.207721498515
0.121382486434
0.0290031573106
0.0315881561672
-1.0
0.226259949046
0.205598068971
