-1.0
0.0230201505863
0.0848695893974
0.122592091798
0.0288210914298
0.051799048494
-1.0
-1.0
1.11022302463e-16
0.00986246832431
0.064521149252
-1.0
-1.0
-1.0
-1.0
0.0972549723226
-1.0
0.111274031939
0.0160824748299
-1.0
0.00942920322421
-1.0
0.190257002562
-1.0
-1.0
-1.0
0.0640042713397
-1.0
0.180445613255
-1.0
0.261748375951
0.297659621834
0.0577061242056
-1.0
0.156267811914
0.286577847736
0.365191237413
0.0902343107993
0.0427111195637
0.108345627083
-1.0
-1.0
0.302562655942
-1.0
0.177459492939
0.0780267710402
0.148263169606
0.0210733470419
-1.0
-1.0
-1.0
0.229607651043
-1.0
0.287265005232
-1.0
0.0576536232458
0.0254540207017
-1.0
-1.0
0.0035393628771
0.0435973092867
-1.0
0.413778951622
2.77555756156e-17
-1.0
-1.0
0.0915242767359
0.0268227470016
-1.0
0.0415522816423
0.0135385115738
-1.0
-1.0
0.0127519288704
