0.370272988282
-1.0
0.0464955474374
-1.0
-1.0
0.0444223733219
0.207870175563
0.226554958153
0.107065003973
0.144341303776
0.163548698564
0.045681383099
0.0435640795186
-1.0
-1.0
0.0100629879893
0.294764133067
-1.0
0.182956443567
0.0246183325766
-1.0
-1.0
0.101407444191
-1.0
0.313303759125
0.100936540502
-1.0
0.316237666598
0.281058163092
-1.0
0.0197695652945
0.361007839975
0.0844718406381
-1.0
0.423915757094
0.11723592274
0.24566899725
0.0227468397424
0.181861124991
0.438317052385
0.278298993266
-1.0
0.228717742634
-1.0
0.260280720746
0.232959435654
0.0957454343635
0.172735135268
0.258172065315
0.0834355640125
0.235570582572
-1.0
0.139209805918
-1.0
-1.0
-1.0
0.040057528792
-1.0
-1.0
-1.0
-1.0
0.0125135835683
0.138354055212
0.187840621316
0.253855895059
0.159322992125
0.389917380672
0.199078790128
-1.0
0.202930391784
-1.0
0.0451237831491
0.157079474967
0.0599965810998
0.114266480665
-1.0
0.193590929076
0.20031960775
0.191368381252
0.152375225954
0.224233926276
0.345956625495
-1.0
-1.0
-1.0
0.108916553232
0.243191992959
0.133724544891
0.0917571172036
-1.0
-1.0
0.0710719328135
0.143379060776
0.455992265051
0.335575647388
0.250422368417
0.331240814312
0.023265503636
