-1.0
0.113119276982
-1.0
0.160857852621
-1.0
0.117783133437
0.0971667535873
0.0662341558953
0.0949324105613
-1.0
-1.0
0.0682726558234
-1.0
-1.0
0.0879386112058
-1.0
-1.0
-1.0
0.0123549054326
-1.0
0.156092872836
0.0847435014488
0.0353262864478
-1.0
-1.0
0.170482455482
-1.0
-1.0
-1.0
0.114543775938
-1.0
-1.0
-1.0
0.233228051753
-1.0
-1.0
-1.0
0.110548877269
-1.0
0.0934570755383
-1.0
0.0781347374384
-1.0
0.172492684293
-1.0
-1.0
-1.0
-1.0
0.0825896630406
-1.0
-1.0
-1.0
-1.0
0.0165021175423
0.00251313787007
