0.0171614781379
-1.0
0.269860762257
-1.0
0.199259419602
0.155563396051
0.0390346469979
0.242479212117
-1.0
0.297431388915
-1.0
-1.0
0.225540119102
-1.0
-1.0
0.000752103723118
-1.0
0.0196533522452
0.391455000576
0.134485352453
-1.0
0.167680148583
0.351676996281
0.0394668892955
0.101724111287
0.0849519273323
0.0319777788804
0.343377124338
-1.0
0.119257771112
-1.0
-1.0
-1.0
0.379087302905
0.00692689254276
0.0432387492138
-1.0
0.217537457527
0.301448351291
0.239149213497
0.337091371143
0.0277386212993
0.128081850616
0.482066191132
0.212961281509
0.21847326294
-1.0
0.144053209021
0.117813733462
0.0469344274179
0.0128764423698
0.151839241269
0.185513571602
0.212178457517
0.0948094771208
0.0702781981059
0.00858234633203
0.184214328341
-1.0
0.261538229793
-1.0
0.141321212244
-1.0
0.221784152896
0.266822985548
0.172276931356
0.111443264506
-1.0
0.186176501083
-1.0
-1.0
0.0332353300114
0.0248045721104
0.0636604927988
0.232144549438
0.249112978265
-1.0
0.203005664649
0.261743961954
0.0238339564057
0.168954196955
-1.0
0.277743302427
0.112904682652
-1.0
-1.0
-1.0
0.302222099148
0.12518263076
0.252149658879
0.0598549231974
-1.0
0.0999345257007
0.135013761585
0.116759879466
0.322539671288
0.472177619862
-1.0
-1.0
0.234667729116
