0.305136552317
0.314301594238
0.247521322429
0.130863365095
0.112314261726
0.213061010623
0.154994308236
0.143903215334
0.28989153084
0.189283379419
0.163639792718
-1.0
0.263848817905
0.217597555386
0.116988300614
0.362214585034
0.0397063934889
0.209417520991
0.443247352205
0.391734246262
-1.0
0.268846975801
0.448597460682
0.0788715774868
0.334380675072
0.201626303862
0.225560995047
0.151944769235
0.245657063484
0.14241730074
0.30372705736
-1.0
-1.0
0.214202706646
0.150643519423
0.275093199314
0.0699123026092
0.188681713028
0.0235843762686
0.0292146985129
0.140273159632
0.200742282345
-1.0
0.119475231328
0.233727321537
0.0494517047609
-1.0
0.00342491147367
-1.0
-1.0
0.0496990015144
0.0180647662415
0.303837578082
0.0703538986543
0.359032615557
0.134527726929
0.0534608959381
0.165624927777
0.1959758498
0.43911664691
0.177263556456
-1.0
0.0859278370575
0.0992325962187
0.127019044499
0.14580973323
-1.0
0.155200629932
0.330118253745
0.168026218269
0.366834442373
0.244233065173
0.215870955479
-1.0
0.262703231189
0.395566447906
0.147793784321
0.340358324824
0.192833294317
0.191208633455
0.12927298226
0.129219596823
-1.0
-1.0
-1.0
0.173939903479
0.191713879115
0.371330896526
0.080183459697
0.169476240242
0.0695171012719
0.433925367064
0.231001153339
