-1.0
-1.0
-1.0
0.188774680671
0.0566473694796
0.0209382270336
-1.0
0.18300525386
0.394109874268
0.301372768312
0.0880610547177
-1.0
0.133014032724
0.307852760814
0.395898603037
0.306709009852
0.197927910052
-1.0
0.0540188821609
0.201608466837
0.120461230307
-1.0
0.371941152583
0.271791068939
0.395844299554
0.306613340422
-1.0
0.263797358768
0.0312567934779
0.192220736895
0.234643111088
0.380806291921
0.103629172232
-1.0
0.404602385283
0.400602895952
0.217596559492
0.0365406391099
0.247040899366
0.108875734633
0.185603454545
0.247085068917
0.264231098853
0.226277567827
0.405613869454
0.215073722302
0.105308873881
0.34442748919
0.0343668405708
0.0412942728139
0.229510867148
0.358383116735
0.40427692177
0.182884583454
-1.0
0.434835608153
-1.0
0.184429390544
-1.0
-1.0
0.205153091225
0.349730345283
0.011238775162
0.427162653104
0.236993111087
0.442592294009
0.248676839565
0.181916284941
-1.0
-1.0
0.22516426657
0.408837869978
0.380560286884
0.227269279337
-1.0
0.29012344693
0.427023360235
-1.0
0.027646018833
-1.0
