0.0488996230841
0.00400095388082
0.216423188653
0.0513717476607
0.123202940369
0.274209162022
0.0492217279038
-1.0
-1.0
0.144750992798
0.264723308518
0.197885688155
0.25802898755
0.0856763481481
0.169782597013
0.0696798903505
-1.0
0.232066463092
0.0314998110515
0.0996591419364
0.281017229144
0.264112697809
-1.0
0.126062326652
0.0158790230167
0.0940927467414
0.0870779271666
-1.0
0.0170451412538
-1.0
0.0300321081105
0.0638567713263
0.316509501787
0.00734182378392
0.0790286227847
0.27185245471
-1.0
-1.0
0.158339339294
0.283202735885
0.0954082474526
0.279760112977
