0.26718969401
0.0364197323363
0.307417269293
-1.0
0.0209668927532
-1.0
0.248747244477
0.0873706459553
0.0672564276877
3.64291929955e-17
-1.0
0.199235768087
0.134630248332
0.294510325246
0.209007745937
0.229578507187
0.083149104966
0.082644184046
0.298618574749
0.104421219352
0.19616067656
0.305575441818
0.115943166026
-1.0
0.0646665550275
0.117336241241
0.319291372263
0.170767296636
0.054601601048
0.298619528733
-1.0
0.266963346223
0.207980995627
0.196023216243
0.0600054185284
0.125255202008
-1.0
0.279911509036
0.319156477417
-1.0
0.06213641709
6.24500451352e-17
-1.0
0.103058538785
0.111286086898
0.24040658684
0.0592815643016
-1.0
0.234750752819
0.062691744332
