-1.0
0.0
0.0295867025475
0.332644292034
0.0425876049923
-1.0
-1.0
0.373123690681
0.183968329445
-1.0
-1.0
0.000578880190534
0.340619936512
0.0731071210348
0.0580051767397
0.132232620792
0.174711025148
0.0319021151145
-1.0
-1.0
-1.0
-1.0
0.212994867175
0.165917252338
0.163195980719
-1.0
6.93889390391e-18
-1.0
0.360781615972
0.164252248565
0.120913228115
0.174985371985
0.0201061180093
0.34998471112
0.0220720282025
0.115595943239
0.209166502298
0.26670325406
0.126163313407
-1.0
0.140260436705
0.0174924621293
-1.0
-1.0
0.0257928416121
0.234933882082
0.146451904003
0.164602427638
0.0734997263428
0.342450050853
0.153451840101
-1.0
-1.0
0.163650056164
-1.0
0.143795727376
0.220446133868
-1.0
-1.0
-1.0
0.346246027314
0.177659194643
0.403194539946
0.246906483196
0.258523262961
0.123195441292
0.0683173311706
0.0173255291757
2.77555756156e-17
0.12450570637
-1.0
0.285461671766
-1.0
0.00234037032319
0.0737648620873
0.217102820189
0.299986507547
-1.0
0.128509535574
0.373974983086
-1.0
0.151232187609
0.0767119320466
-1.0
0.282895642578
-1.0
0.0477874484414
0.312945052043
0.222703532379
0.156133447945
0.0334058488805
0.339468821125
-1.0
0.0193183270616
-1.0
5.55111512313e-17
