0.154820956377
0.048611020722
0.0913592005869
-1.0
0.0643614315434
0.0465886823488
0.0459377106272
0.0743133973289
-0.0
0.0666450690134
0.102827949514
-0.0
0.0862768838028
0.139293217211
-1.0
0.0337405405902
0.0535772866991
0.0824260134018
0.0355387427944
0.0111770751095
-0.0
0.0207385849263
0.0442707281754
-1.0
0.100895217763
0.0478742786403
0.0288070235289
0.0688328583602
0.00177336852865
0.0062651525092
0.142252375567
0.0550965614791
0.0794055205772
0.162082160665
0.0639132854694
0.00546142714179
0.0631545626668
0.00647021836729
0.0443220943992
0.0855518954169
-1.0
0.0943111527785
0.119501701119
0.100757249794
0.0287676343406
0.0627158983526
5.55111512313e-17
0.0969693270833
1.38777878078e-17
0.00446185394778
0.10352443109
0.044062534982
0.00530355040588
0.0425024171761
0.0344221352502
0.0226108840047
0.00225848367666
0.0545930910908
0.031260588567
0.0601113544238
0.109903671945
0.193403260965
-1.0
0.0453360956397
0.105084768636
0.0713975116429
-1.0
0.0686317407145
0.0782384225948
0.10638207349
0.143891020965
0.0392167609926
0.0449948906207
0.106948225672
0.0597733975506
0.0801660120667
0.0439603355823
0.0220359511788
0.0927975060852
0.0395066476232
0.0100218096156
