-1.0
6.93889390391e-18
0.16007060764
-1.0
-1.0
0.0201501959047
6.93889390391e-18
-1.0
0.145049806361
0.0183976823097
-1.0
0.0282420162218
0.00367823460378
-1.0
0.185494432466
0.00759539497525
0.0191385025833
0.00314623676149
0.0100496581959
0.159080071729
0.0297660405226
0.00635482615569
0.1874936241
-1.0
0.0120984315432
-1.0
0.145422724613
0.00350081642085
4.16333634234e-17
-1.0
0.00649124068638
2.08166817117e-17
0.152245886851
-1.0
0.0323271850963
-1.0
0.0165362891814
0.00358029661307
0.116986822538
0.0321145862624
-1.0
-1.0
-1.0
1.73472347598e-17
0.00734758311467
0.0426935751481
0.0266852157222
0.128116408075
0.0186707485018
-1.0
0.133958179347
4.85722573274e-17
-1.0
1.38777878078e-17
0.00606918431791
0.0356300413934
-1.0
-1.0
0.0571197009201
0.0260296842377
-1.0
0.0547983437147
-0.0
-1.0
0.0530637185871
-1.0
-1.0
0.14076273016
-1.0
3.46944695195e-18
0.00726608929475
0.119070273308
0.15305476227
-1.0
0.00602991925032
0.0224693368042
-1.0
0.0121701978925
-1.0
0.000214222688598
-1.0
-1.0
