-1.0
0.0929462423712
3.46944695195e-18
0.033607068233
2.77555756156e-17
-1.0
0.0117817016345
0.0497487495245
0.00962016145324
0.00474585139083
0.00748356847301
0.0135508102252
0.0252871858154
0.0553280850235
0.000845622475429
0.01840565508
0.0171883229526
-1.0
-1.0
0.00645830878983
0.0338147286305
0.119812868914
0.0165702293216
0.032756720518
-1.0
-1.0
-1.0
0.00250094355904
0.00905552094485
-1.0
0.00656204639165
-1.0
0.0789656445694
0.00149976593705
0.0125749016707
-1.0
-0.0
-1.0
0.0203282050229
0.00507961725818
-1.0
0.0146618277111
0.00623106187274
0.00881487303889
-1.0
0.00442885261961
0.00481747719073
0.0160187535688
0.0248632452503
0.00893937282572
0.0616295455176
2.94902990916e-17
-1.0
0.031038681311
-1.0
0.0839033457611
0.0275892367554
0.113564886438
-1.0
-1.0
-1.0
0.00636988908243
0.0121968652528
-1.0
-1.0
0.0178403733105
0.0150072368039
0.00474071568576
0.00332335178026
0.0237319477949
-1.0
0.0103770134415
2.29850860567e-17
0.0132899466038
0.0093398075937
0.0129747664661
0.0101625611423
-1.0
0.0596262593704
0.000117072370334
0.0152257363999
