0.0442753693772
0.0646767521882
0.0300754078315
0.00189908328752
0.0688855079638
0.0339510838494
0.0839346923087
0.0349181227132
0.0411901476525
0.02676054997
0.0618072493161
0.014099525277
0.0304581033354
0.0628800321141
0.0587651566825
0.0485071936297
0.0268428528606
0.0659874816799
0.0690806623928
0.058068293039
0.0406551880522
0.0183000336398
0.0605834728851
0.0993242841767
0.0192512873029
0.0147791598533
0.0997051319389
0.162684174355
0.0444573232074
0.0423088281749
0.0556042808699
0.0679384213588
0.0441054707862
0.0726586332163
0.0441183829915
0.011796123611
0.0310914797223
0.062154168505
0.0598989246145
0.0501911128769
0.0600903769042
0.00192110216793
0.0182085130528
0.0376573207231
0.00496986581616
0.0116250389414
0.0181671171073
-1.0
0.0682845151415
0.00178121869523
-1.0
0.0204043926323
0.0656698264058
0.0399265696539
0.0209293926781
0.0122533528803
-1.0
0.0724422321454
0.0486488562243
0.0673435436111
0.0159983175048
0.00858372471931
0.0264219543357
0.0115226949024
0.00961365189073
0.0466823092577
0.0158961984728
0.158430559373
0.0442561186465
0.0107489324397
0.0481733509476
0.00266788409376
0.0436528901449
0.00685368653204
0.0251789740531
0.0372324885536
0.0785419311699
0.0179920345562
-1.0
