0.0022468031179
0.00653785754254
8.32667268469e-17
0.00425095867605
-1.0
-1.0
0.00568763464745
0.00308481546049
-1.0
0.0172073828754
0.00842635471766
0.0078901279301
0.00907957411503
0.03846323473
0.00542926409417
0.00635559249917
0.0054590078851
0.0110726102923
6.93889390391e-18
-1.0
0.153136363991
-1.0
5.55111512313e-17
0.00905822213203
-1.0
0.00623934334038
-1.0
-1.0
0.00911598790792
-1.0
-1.0
1.38777878078e-17
0.12378808052
0.0086178095173
0.0255550488409
0.00287087141166
0.0120909536257
0.125021285308
0.00925468375268
0.0524662571945
0.0217351027441
0.0265703426307
0.0587923153177
0.00509822126472
-1.0
0.00763010346592
0.00535825794427
-1.0
0.0039006030128
3.12250225676e-17
0.0269107269891
0.00419988015636
-1.0
-1.0
0.00733177536975
0.0236627756392
-0.0
0.00669722706206
0.00970429900809
0.0376696783801
-1.0
-1.0
0.0198333858103
-1.0
-1.0
0.000212264848115
-1.0
-1.0
0.00967084471326
0.00576102737213
0.00700640425228
-1.0
0.00350831522043
0.00593904671694
-1.0
3.64291929955e-17
