-1.0
0.0494853283176
0.0638386262169
0.0427560942138
0.166158019925
0.0950150760414
8.67361737988e-18
0.0735106668587
0.0740821625874
0.125433449425
0.240198717219
0.103657964855
0.104805152569
0.101589754616
0.0964730823255
-1.0
0.140276142912
0.0919800515465
0.0180362211841
0.110564675961
0.0748707033514
0.102710892214
0.121465244067
-1.0
0.224402914267
0.0609991566701
0.144833580882
0.0677964462015
1.11022302463e-16
0.106718137273
0.0517185905041
0.177060927816
0.0651617710446
0.0789188985652
0.0893122305562
0.0846978526674
0.0853553127416
0.088346795831
0.0760966476868
0.107194402658
0.0570477141951
0.115644852728
0.02561262957
0.0846633582432
0.0564982833899
0.0343084619451
0.0751650837719
0.130855901201
0.0495157832292
0.0974777453902
0.0994785004723
0.176207290082
0.123279639307
0.180539154754
0.108284813575
0.109451924948
0.0933604338556
0.133524335931
0.0605086848312
0.0930035670409
0.160669744592
0.068449708773
0.107690187793
0.0949314831266
0.0507788398173
0.0719624765528
0.090717098875
-1.0
0.0767558753902
-1.0
0.0491424499853
-1.0
0.109333913407
0.0869098104579
0.0917587027753
0.0786571346761
0.0457120263372
0.157003681686
0.0398023062674
0.0790680943926
0.0994656211063
-1.0
0.118965129947
0.185718194267
0.0724472986459
