0.180767894694
0.0836341039024
0.0146631614912
0.0763031916939
0.00507968604298
0.0788759428968
0.114917770628
0.0283091774829
0.11488228389
0.0770644800873
0.120463475385
0.130156133035
0.108141734738
0.022228391404
0.0642938707589
0.118900156172
0.0143037416628
0.147467239997
0.00625602326839
0.0589686420752
0.0215599603909
-1.0
0.0393672560302
0.00987354541775
0.0277291704428
-0.0
-1.0
0.0591308754509
0.062998053804
0.0204915879996
0.0760974621275
0.06389323046
0.0387900085868
0.0330969240751
0.0843445547096
0.16761133635
0.12476879605
0.101109550801
0.122072692819
0.0408199797621
0.0171585670151
-1.0
0.027082937494
0.079239142023
-1.0
0.0013107012843
0.198139707254
0.00693681220685
0.142016592151
0.0968360221682
-1.0
0.101048441938
0.134715406024
0.0780137082192
-1.0
0.0616990861273
0.0158124607468
