-1.0
-1.0
-1.0
-1.0
-1.0
-1.0
-1.0
-1.0
-1.0
-1.0
-1.0
-1.0
-1.0
0.00246703998429
-1.0
-1.0
-1.0
-1.0
-1.0
-1.0
-1.0
-1.0
-1.0
0.0330671297866
0.010408784247
-1.0
-1.0
-1.0
-1.0
-1.0
0.0075586000837
-1.0
-1.0
-1.0
-1.0
-1.0
-1.0
-1.0
-1.0
-1.0
-1.0
-1.0
-1.0
-1.0
-1.0
-1.0
-1.0
-1.0
-1.0
-1.0
0.00324243490639
-1.0
0.0183666503306
-1.0
-1.0
-1.0
-1.0
-1.0
-1.0
-1.0
-1.0
-1.0
-1.0
-1.0
-1.0
-1.0
0.0248747091739
-1.0
-1.0
-1.0
-1.0
-1.0
-1.0
1.04083408559e-17
-1.0
-1.0
-1.0
-1.0
-1.0
0.0035876379791
-1.0
6.93889390391e-18
-1.0
-1.0
-1.0
-1.0
0.002922724192
-1.0
-1.0
-1.0
-1.0
0.0138667241127
-1.0
-1.0
-1.0
-1.0
-1.0
-1.0
-1.0
