-1.0
0.0016798233746
-1.0
-1.0
-1.0
0.004025386391
-1.0
0.00665138519596
0.012709746892
0.00484194211037
-1.0
0.00770430045197
1.04083408559e-17
-1.0
0.00162067897012
0.0117863687122
-1.0
0.00666869555559
-1.0
4.33680868994e-18
0.00322871098794
-1.0
-1.0
-1.0
0.00786230143513
0.0116188136611
1.38777878078e-17
0.00393822467488
-1.0
2.77555756156e-17
4.51028103754e-17
0.0486849737182
-1.0
-1.0
-1.0
-1.0
-0.0
-1.0
-1.0
0.00322712676854
-1.0
-1.0
-1.0
-1.0
5.55111512313e-17
-1.0
-1.0
-1.0
0.00430114500426
1.73472347598e-17
-1.0
-1.0
0.00888212181646
0.0226308630495
5.55111512313e-17
0.00464507441583
-1.0
3.12250225676e-17
-1.0
5.55111512313e-17
-1.0
-1.0
-1.0
0.000542381496595
-1.0
3.46944695195e-17
3.64291929955e-17
-1.0
-1.0
-1.0
1.38777878078e-17
0.00522237298149
0.0179595971373
-1.0
0.00550782786221
0.00207464695453
-1.0
0.00186752528624
0.00494651097572
0.00242739386748
-1.0
-1.0
0.01006667316
-1.0
-1.0
0.00762858625792
-0.0
-1.0
-1.0
-0.0
-1.0
-1.0
-1.0
-1.0
0.000575025217875
