0.0597457205297
0.0931510112261
-1.0
0.104049219405
0.050374391661
0.0692854972682
0.158587705538
0.0917459646713
0.111331038542
0.0934382719971
0.103766481522
0.123029796069
-1.0
-1.0
-1.0
0.0303299243692
0.0960018448232
0.0840427327611
0.0549155222298
0.153493003214
0.120165062053
0.0528248513361
0.0160895066364
-1.0
0.108224899822
-1.0
-1.0
0.0356943431714
0.145587261476
0.0538365384737
-1.0
0.105463903899
0.0978355953692
0.10298168224
0.125601837549
-1.0
0.133837232181
0.0857041815809
0.114213008242
0.0569045087488
0.151720614891
0.122948052801
0.102059065415
-1.0
0.079977301098
0.00623476290992
0.029811971392
0.10631772709
0.0938161469141
0.0705164395081
-1.0
-1.0
0.0592795365488
0.0563264674722
0.0319410160513
0.0677560091887
0.072641127096
-1.0
0.154353669104
0.0885018600181
-1.0
