0.0638903879652
-1.0
-1.0
0.0168531161381
0.00825726004565
-1.0
0.00940388071215
-1.0
-1.0
-1.0
-1.0
0.211330485496
-1.0
-1.0
-1.0
-1.0
-1.0
-1.0
-1.0
-1.0
-1.0
-1.0
-1.0
0.000172073337524
0.0193011438538
-1.0
0.0338106867996
-1.0
0.0481785022332
0.0385144074821
0.00374147654511
-1.0
-1.0
0.0431401432011
-1.0
-1.0
-1.0
-1.0
0.0762788679083
-1.0
0.0476374498727
-1.0
-1.0
-1.0
-1.0
0.00278927912923
-1.0
-1.0
-1.0
0.011178389964
-1.0
0.0480332307054
-1.0
-0.0
-1.0
-1.0
0.0407950013237
-1.0
-1.0
0.00392941564841
-1.0
-1.0
-1.0
-1.0
-1.0
0.0323351398855
-1.0
0.00554013689794
-1.0
-1.0
0.00592901092034
0.00855082341472
-1.0
-1.0
-1.0
0.0021873068369
-1.0
4.16333634234e-17
0.0464454593752
-1.0
-1.0
