0.0834212822818
0.097931337609
0.0803394072753
0.0823298958548
0.0614057272179
0.0943622647295
0.103261361038
0.108852291193
0.212180146386
0.0807916430457
0.142792994744
0.0973087868307
0.148828289508
0.0732477085665
0.122949646313
0.068332157341
0.146325633781
0.0619384281185
0.102498205823
0.0770070916305
-1.0
0.0916005861682
0.0996206131109
0.0810054566091
0.0809326034122
-1.0
0.179862715937
0.0588072607784
0.0686226154094
0.0767865167489
0.1225227526
0.1443648854
0.0725762483489
0.0920393032917
0.147795867729
0.0775065428198
0.206652290357
0.0735599781239
0.079386784945
0.0841496748276
0.0998266547065
0.075016219166
0.102033501129
0.0746702285292
0.110512830977
0.105435321172
0.0955049380439
0.0998973503586
0.0953518192624
0.0983991161573
0.0541204019836
0.0819391012652
0.15605030508
0.0814673066222
0.0624559639965
0.0679889968881
0.0473877661854
0.0565432272228
0.122048609329
0.0892670023134
0.0682774768098
0.108767074927
0.0927409047886
0.119503565808
0.0801728211196
0.0814741721105
0.0865183937864
0.0381460737599
0.0527433366563
0.147254732694
0.061424984886
0.0946738807052
0.1243913351
0.0785341123814
-1.0
0.0887568889779
0.0183497937275
0.0456963403014
0.0803870751782
0.162080736901
-1.0
0.084206507414
0.0771775200431
0.108549605674
0.081244121185
0.00555956245102
0.0752944671395
0.0723821695587
