2.77555756156e-17
5.55111512313e-17
0.0193096084642
0.0136028647221
0.062965994736
0.00257034426441
0.0
0.0379956885827
-1.0
-0.0
6.89552581701e-17
4.16333634234e-17
0.00113551792374
0.0253150251808
0.0180458410338
0.0333401957299
0.0154305324899
0.0174741599034
0.165305684078
-0.0
0.00652181659067
0.0703498692995
-0.0
0.0136314908657
0.0520273940018
0.00782069081064
0.0713966120995
0.00749936534424
0.0157483493324
0.0104159153739
-1.0
0.0629372906715
2.77555756156e-17
0.0157698473839
-1.0
-1.0
-1.0
0.00558865270103
-1.0
-1.0
0.00756074762017
0.027822365454
0.00469247209929
0.0460400861045
-1.0
4.16333634234e-17
7.6327832943e-17
0.0132823754909
-1.0
0.0315048659975
0.011111485796
0.00487963280383
0.0153131951951
1.38777878078e-17
0.0347261500641
0.00721060130684
-1.0
0.0436185531683
0.000695914805768
0.0787397690128
0.00975334576558
0.00128306454235
0.00361753576477
6.93889390391e-18
0.00865442914335
-1.0
-1.0
0.00461645758933
-1.0
-1.0
1.73472347598e-18
0.0104770892191
0.0230316093439
-1.0
0.00598384318984
-1.0
0.057778360779
0.00436732226492
-0.0
0.00898955890315
0.0436153167127
