-1.0
0.0403049644927
0.0140561772795
-1.0
0.069160104935
0.0697135016972
-1.0
-1.0
-1.0
-1.0
-1.0
0.00712849152226
-1.0
-1.0
0.0900230391609
0.0415402572443
-1.0
0.0874212243175
0.0826381421667
0.0504169049503
-1.0
0.0176964021941
0.0287426654257
0.0836612660953
-1.0
-1.0
0.119477853707
-1.0
0.0309700110186
0.010906634897
-1.0
0.0450632805069
0.0139529272616
0.0627156793967
0.0757793479489
0.085606493105
0.0226609064995
-1.0
0.0452443316458
-1.0
-1.0
0.0424295360615
-1.0
0.103472288267
0.0508974541397
0.0595262179331
-1.0
0.0622019029821
0.0289706324398
0.0428080495798
-1.0
-1.0
0.0238316075364
-1.0
0.00593303790666
0.0395246266844
0.0469978733045
0.0790122511823
0.0123327157797
0.061438688157
0.0206408742997
-1.0
-1.0
0.013068884452
-1.0
0.0324130440742
-1.0
-1.0
-1.0
0.103294714189
0.103001042217
0.139155295349
0.00939818811557
0.0291172726695
-1.0
-1.0
-1.0
0.0483698350451
0.0285217234986
0.0695078408767
-1.0
-1.0
0.0758637509243
-1.0
0.108671689018
0.0677819567507
0.0590091905512
-1.0
0.0593092082172
-1.0
0.0959383189953
0.102412533252
0.0297511005679
0.109997772233
-1.0
0.0552596695601
