0.0399306215729
0.0372227932458
0.0730662205491
0.0987553799804
0.0598865590981
0.0516617675079
0.0425427628268
0.0702746812715
0.0768772402559
0.0574123140384
0.103766794263
0.0318609336315
0.0310658915582
-1.0
0.0227999021015
0.0664808513246
0.0351709063564
0.0658457012765
0.0487426264456
0.136750109145
0.237890890264
0.045695532739
0.07480434773
0.065140011653
0.0272144209604
0.00717664520811
0.0894474742917
0.0659647503252
0.147039269959
0.0417579747554
0.10525062278
0.154254326563
0.0522533332517
0.0692241886638
0.0623441259012
0.0757556512874
0.019557103728
0.0926397608218
0.0787975992213
0.0578728018588
0.0802694753217
0.124690519909
0.0403462345066
0.0743661536565
0.0513889831212
0.0808227936731
0.0488746715305
0.0573382497137
0.0803642973224
0.0743125327677
0.0574639178205
0.0644013451799
-1.0
0.0534552012747
0.0331354417487
0.0640193725887
0.070443544682
0.0352980699205
0.0548877353366
0.135931736382
0.053406207129
0.0323824648416
0.05424870813
0.0675565740349
0.0330964352232
0.0711408552173
0.0685166500304
0.0803451982828
0.0647408816948
0.0514359479335
0.0860094507984
0.0717796727949
0.0461838728914
0.127549654582
0.0440637055125
0.0482576119063
0.0263317699175
0.0790998717258
0.0257199092161
0.068725812767
-1.0
0.0399017255927
