0.152336896885
0.0733084111764
0.062074067941
0.0739254218039
0.145374018357
0.0473763043212
0.150956663746
0.0686694266083
0.0553316263707
0.0726625268135
0.131034433922
0.139124979521
0.0324613275512
0.112687163291
0.13066249976
0.0456408023938
0.0806601293001
1.11022302463e-16
0.0435947689222
0.048241260663
0.0345400174637
0.0902100078529
0.0489785411969
0.0761393396801
0.180539331692
0.0792099695937
0.0521645010466
0.0371026594871
0.0378703484094
0.15418896657
0.138377575743
0.0340075738222
0.121871425554
0.171951245489
0.0776952805513
0.0400096072908
0.0897621275026
0.0539951243268
0.0835428496112
0.0642765728224
0.0693493075976
0.0539467234693
0.0606564713602
0.0735587534015
0.133581209605
0.0546575235944
0.166412525975
0.0417063865454
0.0490750193611
0.138629854856
0.0530281359587
0.046856604288
-1.0
0.0456065255974
-1.0
0.0575722241074
0.0333120876848
0.0520631859741
0.0454403880369
0.139857189806
0.153566994839
0.0953872752264
0.0637422356522
0.0793564443156
0.0788586565689
0.150469134922
0.0234995862001
0.0752341778657
0.126211331037
0.1683992417
0.0437282307057
0.0543703840698
0.148465664871
0.0448311953964
0.0714186784018
0.0302362632156
