0.165912495501
-1.0
-1.0
0.256056412495
0.0946275534907
0.0841699608483
0.178222127119
0.27346328312
0.25895592411
0.19096829261
0.264160772045
0.213653014498
0.197426824541
-1.0
0.253836088649
0.200139721564
0.340056372829
0.187503875714
0.119021240848
0.00377291742447
0.2949792158
0.0109004514262
0.285267214195
0.172885503388
0.0368549353382
0.236475789673
0.257595032369
0.489104686102
0.0111130880711
0.173917952359
0.159692345249
0.289568064296
0.0223526275955
0.256315859771
-1.0
0.233681138671
0.0389839498143
0.010479328104
0.011318825596
0.285430246775
0.0573802289263
0.18323756125
0.149682114155
0.126457443641
0.0430968487023
0.151932285433
0.208354660569
0.0289827831603
0.176826477421
0.0752174729363
0.294955418441
0.0786133110378
0.179606932964
0.186896150275
0.0778430948314
0.0930180161662
0.125771189108
0.547571723428
0.120185338617
0.146567710842
0.00535902776268
0.510449590011
-1.0
0.132215633359
0.425582522393
0.0887808304041
0.183259172483
0.245323562881
0.272347245799
0.0756635902038
0.162475175391
0.0233138393221
0.198906653415
0.197855710825
0.0394601989996
0.0818165246475
0.217401426883
0.387578306006
0.19838784109
0.295663092314
0.0530375272475
0.175957356768
0.229670113365
0.228901534957
0.124588415246
0.220318072953
0.133111462788
0.518328210335
0.100441929743
0.238878582609
0.455446163954
0.0265142453254
0.0186172528136
-1.0
-1.0
0.0276596459866
0.105200925742
0.355768612415
0.119432757448
0.0257503012213
