-1.0
-1.0
-1.0
-1.0
0.148027019053
-1.0
0.00340790577899
-1.0
-1.0
-1.0
0.0203576332866
0.0342163503787
0.00973013745665
-1.0
0.0603597442924
-1.0
0.0408708027651
-1.0
-1.0
-1.0
0.192802981535
-1.0
-1.0
-1.0
-1.0
-1.0
-1.0
-1.0
-1.0
-1.0
-1.0
-1.0
-1.0
-1.0
-1.0
-1.0
-1.0
-1.0
-1.0
-1.0
0.0835146990938
0.0992048862213
0.0528361873725
0.153985135716
0.00276119919683
-1.0
0.148710876728
-1.0
-1.0
-1.0
-1.0
-1.0
0.106201412999
-1.0
0.124524611312
-1.0
-1.0
-1.0
-1.0
-1.0
-1.0
-1.0
-1.0
-1.0
0.00593848317668
0.006528094068
-1.0
-1.0
-1.0
0.0650794597334
0.00317401651584
-1.0
-1.0
-1.0
0.00756603742406
-1.0
-1.0
-1.0
-1.0
0.0197831313732
-1.0
-1.0
-1.0
-1.0
0.0713693056891
0.0261133943759
-1.0
-1.0
-1.0
-1.0
-1.0
-1.0
0.012091406104
0.000163242876749
0.0315035607545
-1.0
0.150603846878
-1.0
-1.0
-1.0
