0.32196889302
0.00967963877701
-1.0
-1.0
-1.0
-1.0
0.207430374903
-1.0
0.208423676298
-1.0
-1.0
-1.0
-1.0
-1.0
-1.0
0.195347633195
-1.0
-1.0
0.211616089582
0.256644897685
0.0275583374595
0.0689033178759
0.327991069694
-1.0
0.266491823784
-1.0
0.294184816711
-1.0
0.309187951452
-1.0
-1.0
0.00652345921728
0.0363973806947
-1.0
0.0708623086014
0.00433056627346
-1.0
-1.0
-1.0
-1.0
-1.0
0.284054647717
-1.0
-1.0
-1.0
-1.0
0.029645213972
-1.0
-1.0
-1.0
0.0283134265539
-1.0
-1.0
-1.0
-1.0
0.0119422244495
0.255587682432
-1.0
-1.0
-1.0
-1.0
0.0685002492994
-1.0
-1.0
-1.0
-1.0
0.266369775449
-1.0
0.0232882312854
-1.0
0.176387334323
0.0259513746904
