0.0775134817381
0.489486831152
0.474098127264
0.378270136231
0.409077234918
0.129251803848
0.432753529406
0.0852733068689
0.103746692168
0.432048786902
0.367288407595
0.378020483124
0.0620423703394
0.0301736472616
0.415502251375
0.10354636134
0.142292959375
0.0963308286393
0.0901382622269
0.512592486325
0.122727491882
0.155815941187
0.130895740683
0.131043337496
0.0763822082173
0.181389442724
0.381224419649
0.374407526233
-1.0
-1.0
0.391991502117
-1.0
0.159199003354
0.198286606024
0.378532741418
0.191967096455
0.442074140842
0.134745936639
0.136294785869
0.0891411250219
0.405408236368
0.376178996606
0.0857563903193
0.0910650282909
0.132923717621
0.482253148684
0.42582358904
0.416467025899
0.402492301947
0.0811216691578
0.0926296097735
0.00607525251834
0.0153180277542
0.144356861175
-1.0
0.404559474596
0.0328908308907
0.0222231434109
-1.0
0.430568008433
0.0974269331497
0.139250272211
0.0906949894477
0.328425178148
0.0496580804303
0.037877917115
0.109290425311
0.422913462036
0.0919572226135
0.381423631025
0.188453232516
0.155700834997
0.0313504632239
0.108097025105
0.00669625405666
0.428878002684
0.157696643251
0.0736997076796
