0.428948632737
0.426120467899
0.210288658541
0.184049551745
0.397149632887
0.185612430023
0.399527393661
0.47407526639
0.199196124094
0.414551657821
0.417185310484
0.395342324258
0.14318690708
0.376320168909
0.171036011539
0.429718819148
0.0261823644242
0.384178201995
0.39329669385
0.0216770321063
0.225554771948
0.381459731876
0.171819605964
0.172028181568
0.380626151923
0.436746966429
0.187894639801
0.183389718314
0.225561170808
0.222360819734
0.326998137857
0.396603460279
0.431404709204
0.203401256734
-1.0
0.146301428615
0.247344233066
0.0204441091152
0.0397051964194
0.226184330407
0.0901691870302
0.187011012351
0.405240832335
0.175724603424
0.156676671674
0.204193717103
0.217814365019
0.474448858426
0.398369610215
0.0424779169454
0.0400298422618
0.480066808693
0.139284337939
0.228105858247
0.362701740639
0.256107156176
0.390089294991
0.184959329103
0.187992297107
0.179291284033
0.0524835220804
