-1.0
0.230245838538
0.214390149458
0.0333518819546
0.217553423707
-1.0
-1.0
0.0201451978211
-1.0
0.533525385304
0.030335655641
-1.0
0.0556694165195
0.24631708991
-1.0
0.254965670806
-1.0
0.0557741524252
0.375631386667
0.269849750499
0.0279476674539
-1.0
0.0520983761242
0.208811734128
0.257260741739
-1.0
0.513400482383
-1.0
-1.0
0.0628671800624
-0.0
0.0283561360085
0.0533935729641
0.331169385284
0.0172744863792
0.248115959328
0.35703243601
-1.0
0.281525911543
0.0287433867768
0.264776399838
0.00724269979926
0.0359345139942
0.0300202723705
-1.0
0.0344339240328
0.0483914778889
0.241301894066
-1.0
0.0657752404078
0.336584769576
0.566252873334
0.273314850603
-1.0
0.052120479215
-1.0
0.281368359111
0.502638768525
-1.0
0.310944900522
-1.0
-1.0
0.26865459211
-1.0
0.00339278084066
0.0720688502081
0.332453652497
-1.0
0.303429362117
0.267938391828
0.52725907952
-1.0
0.0683792245862
-1.0
-1.0
0.161685134634
0.0435286367516
-1.0
0.270492339187
0.273734494921
0.0392684345582
0.0584475696446
-1.0
0.295058385843
0.0758758431215
0.357197764757
-1.0
0.29813418289
0.036250492576
0.401603859906
-1.0
-1.0
0.339313273579
0.286365876823
0.279143910111
0.0635319741791
-1.0
0.268491033753
0.0291163085541
