-1.0
-1.0
-1.0
-1.0
-1.0
-1.0
-1.0
-1.0
-1.0
0.0101420801823
0.0369744357947
-1.0
-1.0
0.0904861158487
0.0276068108431
-1.0
-1.0
-1.0
0.0353753542127
-1.0
-1.0
-1.0
0.117300956768
-1.0
-1.0
0.151551624791
-1.0
-1.0
0.0230156679831
-1.0
0.0529479021844
0.0474836447218
-1.0
-1.0
-1.0
-1.0
-1.0
0.0210483298006
0.011414624698
-1.0
-1.0
-1.0
0.0353954704957
-1.0
-1.0
-1.0
-1.0
-1.0
-1.0
0.127660857627
-1.0
-1.0
-1.0
-1.0
-1.0
0.0873128813101
-1.0
0.0782419973015
-1.0
-1.0
-1.0
0.0664575500946
-1.0
-1.0
-1.0
0.113738567509
-1.0
-1.0
0.0568504213214
-1.0
0.0115964952655
-1.0
0.0400929966352
-1.0
-1.0
0.00223020940245
0.0904736880186
-1.0
-1.0
0.0253432097962
0.032247276465
-1.0
0.00667927616699
-1.0
0.0407008333669
-1.0
-1.0
-1.0
-1.0
0.00414358931905
-1.0
-1.0
-1.0
-1.0
-1.0
0.0928438250576
-1.0
-1.0
0.16752558889
0.00763455445118
