0.0180267828163
0.0128160843451
0.387288480931
0.163723163977
0.458306520986
0.0791414658069
0.0839230738176
0.167398495394
0.167523431555
0.0353580738024
0.00899792973079
0.44798584901
0.0888261302472
0.506366271281
0.390433193933
0.019202791179
0.03659909108
0.176387432166
0.00591061333939
0.117502105653
0.403882637082
0.105490138624
0.0742526567725
0.027219247777
0.0680698528587
0.0416813665442
0.1031241803
0.190980369906
0.037141102001
0.0672796187518
0.136069261127
0.142678182331
0.0694331660015
0.402211261295
0.0607084785946
0.0123709257865
0.0307786314293
0.095129211611
0.479281250808
0.416211386585
0.412792744057
0.150999617656
0.109358845923
0.159494613712
0.148436585723
0.460362300754
0.372209464839
0.448058029244
0.0126925962154
0.120984509854
0.107076527611
0.318686753822
0.178397200062
0.167383650478
0.210061602798
0.443032261356
0.177481864375
0.172810915219
0.130297285071
0.434893080208
0.140364650771
0.161043439629
0.447964973984
0.122786084782
0.167119102817
0.152066549913
0.174314566634
0.0283053181
0.340458381889
0.164096289357
0.0750526634645
0.110651296273
0.0678740547217
0.392258616557
0.0865449890221
0.0787378945168
0.0759033420696
0.328754758533
