-1.0
-1.0
-1.0
0.0354704328045
0.0278010466756
0.0915870953387
-1.0
0.0653854145786
-1.0
0.0338673109892
0.0184092639774
0.00796500053316
0.0326310258714
0.00820825568655
-1.0
-1.0
0.0347598578554
-1.0
0.0107091358174
0.101562210959
-1.0
0.0379992604935
-1.0
0.0152128291266
-1.0
0.0251342576208
-1.0
0.0744720706552
-1.0
0.00219758647069
-1.0
0.0648018545053
-1.0
0.00691489343181
0.296725574445
0.080447027616
0.00830235247017
0.0527699763871
0.0325809462067
0.0181353782158
0.281694959167
0.0936930610304
0.0852069346387
-1.0
0.0143102185743
-1.0
0.0049245216592
-1.0
-1.0
0.00553727441358
0.0472572849844
-1.0
0.00478915053031
0.00692890268312
0.00235414230236
0.00887112858835
0.00855617869647
0.100319229805
0.110924042151
-1.0
0.0887006892314
0.00283889853855
0.105745388546
0.0180391759566
0.00530897639906
-1.0
0.107554108005
0.009081666692
0.0462391070163
0.0471569644813
-1.0
0.0263228852437
-1.0
0.00512108786251
0.0106165998664
0.0819798249667
-1.0
0.351453939423
0.057584478168
0.0150403077158
0.0271628049505
-1.0
-1.0
0.00177191176727
0.00156212438057
0.0475747788453
-1.0
0.000468801178974
-1.0
0.00853514026641
