0.249238974763
0.0986421708214
0.0871446056055
0.153445284121
0.012690515419
0.463378978776
0.426557973236
0.177482760837
0.449653576221
0.0983219330548
0.27948489775
0.393722144724
0.148030142003
0.0140952706853
0.468144565603
0.0388143975861
0.171005116718
0.127451885723
0.434538637496
0.152475450946
0.123154139966
0.363195614842
0.444199815863
0.0148882135859
0.102589898614
0.10073978459
-1.0
0.128446532267
0.173291851017
0.11757343066
0.0614994958142
0.136707600453
0.299958205106
0.00624511956685
0.10350894972
0.0308152619164
0.477941479078
0.179209516513
0.00739005735894
0.138534811928
0.386608468103
0.0772572106137
0.0280641680257
0.185132052046
0.0202571626559
0.367961532573
0.0233283103943
0.16753646641
0.167080350583
0.0326713258967
0.151281312633
0.17821485158
0.0429153221464
0.0853740176054
0.147527030929
0.097218123622
0.0838009237141
0.47763695015
0.397426944415
0.519639653291
0.115661025822
0.269986098952
0.166118027779
0.0799846976665
0.0133844598564
0.0250233828367
0.327439769038
0.490842524613
0.0222484294394
0.214328762134
0.0753203209598
0.0199539696726
0.0139722967611
0.318916985214
0.394657350342
0.33364639402
0.429325968635
0.1066863964
0.180586370742
0.329824263359
