0.0160694503959
0.421207503764
0.0992688993694
0.0139955567643
0.0204839498178
0.0972743647924
0.378485633056
0.11742404439
0.437985639562
0.109416496173
0.356624855238
0.310318122781
0.112978665343
0.017442923015
0.0994293725671
0.0140515788865
0.161302259226
0.196083167266
0.137005045106
0.096706166867
0.313217614402
0.0297971582484
0.395986990734
0.00661582693942
0.135988060993
0.143250553482
0.195407004045
0.132822621172
0.363949965309
0.153335911913
0.0923189484987
0.524219195413
0.428021685535
0.0576281290418
0.320841585901
0.418182599788
0.0620479466791
0.159421569567
0.101248486529
0.125643482316
-1.0
0.456765089058
0.109958419218
0.342442518882
0.410545325428
0.121171777437
0.0818331695688
0.414450983856
0.0655985102703
0.44714975853
0.374041099285
0.442926179422
0.0916127835464
0.0959522832509
0.0469761397011
0.115767691669
0.186619015696
0.473390666065
-1.0
0.108955902201
0.178443528397
0.41942678325
0.140542823542
0.08185079376
0.0307453467919
