0.457734945603
0.0562460181792
0.0136736575705
0.120652291003
0.181386461379
0.138223247283
0.122652991658
0.224657446182
0.241263056769
0.11031856491
0.125373351879
0.149679400246
0.284196272922
0.0830719320883
0.117730120082
0.0313605985214
0.216687504913
0.0842168867267
0.184384092886
0.203160216605
0.190492155083
-1.0
-1.0
0.0190879044559
0.196535010872
0.131059339411
0.211463453719
0.145385090951
0.128350354992
0.220367723384
0.279310268706
0.359935281348
0.207850262493
0.157439098206
0.0711979943307
-1.0
0.13566519775
0.203885353067
0.235580465993
0.159801881915
0.150938724736
0.27114905694
0.219464316416
-1.0
0.421062049513
0.213001075682
0.263474235655
0.204689139241
0.11252872287
0.159273081334
0.124835413417
0.215499059759
-1.0
0.243030745663
0.266869231547
0.116635980889
-1.0
0.164982808721
