0.00264467902768
0.00169888067455
-0.00167593990411
0.00214136792556
0.00449763341438
-0.00196392618895
0.00173025008121
0.00378651137568
-0.00268535015644
-0.00335817516774
-0.00106430501168
-0.00299608955986
-0.00435978281776
-0.00214018784005
-0.00244267581554
-0.00180813852136
-0.00180105914117
-0.00348177778817
-0.00399397699805
-0.00370078114038
-0.00680795389194
-0.00394415387688
-0.00592310119708
-0.00433477135273
-0.00568107755922
-0.00657808030401
-0.00403979166643
0.00151213257394
0.00318350173804
-0.00255372811059
-0.000206565819413
-0.00184624701735
-0.00200026365709
0.00355602093337
-0.0013535559908
-0.000637770363818
-0.00313962886064
0.00107662376463
-3.48652740394e-05
-0.00263658579923
-0.00413702491194
-0.00169525171877
-0.0015218658848
-0.00365677571707
-0.00136704577078
-0.00558639002097
-0.0090586991799
-0.00674994422349
-0.00730962693462
-0.0085336082819
-0.00584323037006
-0.00445300540964
-0.0101868829225
-0.00723941612494
-0.00774288099442
-0.0072116028672
-0.00606483539221
-0.00750117165222
-0.00625140339005
-0.00534619146228
-0.00610937539446
-0.00583995394403
-0.00494469984312
