-0.000390990178592
0.00447689871548
0.00105519511901
0.00132255193143
-0.0019211034642
0.00288596813352
0.000753184027003
-1.37546749678e-05
0.00255643237956
0.000520927814313
-0.00168323713738
0.00151738898054
-0.000322048827294
0.000160856315581
0.00111498292488
-0.000831164850761
0.0020344045956
0.0002589758631
-0.00397772623911
-0.00260361022605
-0.00456225441105
-0.00149003665514
-0.00270963698471
-0.000719706057227
-0.0014940507061
-0.00469866468561
-0.00287105422722
0.0026095639777
0.00211006374572
0.000766307902472
0.0043741302364
0.0015985738427
0.00247867785551
0.00398337321246
0.00337674262338
0.000119783670541
-0.000254785754989
0.000186966142412
5.13312933464e-05
-0.000873898182202
0.00211374405417
-0.000676857576623
0.000809661940308
0.00169271825983
-0.000907553610527
-0.00587591434616
-0.0026713503335
-0.00373817194704
-0.00774565334515
-0.00523797358107
-0.00575645045391
-0.00435703192973
-0.00469709060905
-0.00732806542759
-0.0031612037511
-0.00277446724222
-0.0084295510633
-0.00504017475057
-0.00438018093991
-0.00383631319289
-0.00713469432724
-0.00643935045395
-0.00606210505331
