-0.00197911245838
-0.00429848306995
-0.00328909412507
-0.00302654115539
-0.00477967364269
-0.00290346055237
-0.00181820591004
-0.00340328309177
-0.00532316651489
-0.00520064617539
-0.00692964482609
-0.00596100178767
-0.00584811157959
-0.00482610667002
-0.00661547530967
-0.00474428040256
-0.00509417598187
-0.00474960538158
-0.00427780312726
-0.00456063414268
-0.00693876166388
-0.00716903538896
-0.00533669000222
-0.00921788601805
-0.00983737366726
-0.00440882073095
-0.00564647354488
-0.00291635271421
-0.00116952330513
-0.004097966298
-0.00411035503036
-0.00637656941522
-0.00280488901337
-0.00102896277567
-0.00517476934128
-0.00379070450656
-0.00480937449842
-0.00592824881239
-0.0048695891551
-0.00584167208265
-0.00432406830287
-0.00610242335797
-0.00448317142667
-0.00526464531295
-0.00515916653595
-0.00694406731219
-0.00674519009135
-0.00396582118708
-0.00926185075962
-0.00656448723179
-0.00571717016394
-0.00491245054424
-0.00766035631618
-0.00427522187735
-0.00520488400697
-0.00795433199513
-0.00616503159725
-0.00488603267682
-0.00305526773385
-0.00795900430411
-0.00695197515615
-0.00476276761164
-0.00284524450453
