0.00716882488608
0.00281085330421
0.00581476982594
0.00620365858599
0.00213686373863
0.00514547658017
0.0056273765079
0.00582536320558
0.00428108618023
0.00146799942283
0.0022502614216
0.00358566354849
0.00525954740927
0.00207529679367
0.00272339189536
0.00457744025887
0.0056815083069
0.00246586551604
-0.00408404836304
-0.00192980654357
-0.00218524311154
-0.000776849875131
-0.000560810268173
-0.00423218396455
-0.00306788386069
-0.000571190811063
-0.00095879906704
0.0048693264209
0.00275263884311
-0.000419048316413
0.00301366924686
0.00293483069741
0.00394667798345
0.00737723449027
0.00297306418289
0.0021417025461
0.0014682291988
-0.000292177172794
-0.00035896161087
-0.000445636953231
0.00358841746414
-0.000112773054733
-9.27306370786e-05
0.00166607762872
-0.00214037564459
-0.00589956734498
-0.00462305410026
-0.00284767088337
-0.00456687951921
-0.00554377273526
-0.0037686856231
-0.00621656396132
-0.00415939761508
-0.00249323656394
-0.00518210390183
-0.00556510880174
-0.00800110045002
-0.00404955487172
-0.00650772048139
-0.0068752644578
-0.0050557438362
-0.00514688569776
-0.00777667396622
