-0.00116692474655
-0.00149955725755
-0.000997359130195
-0.00219443601738
-0.00249307237621
-0.00177654600823
-0.00274671027489
-0.00337125602411
-0.00244068895253
-0.00241979696093
-0.00385344229609
0.000447222069722
-0.00318946098346
-0.00590553849284
-0.00101980711297
-0.00471321685542
-0.0016621224938
-0.00154514281489
-0.00460080361863
-0.00513005878327
-0.00159337156107
-0.00287731941337
-0.00450406234654
-0.00558747342132
-0.00719926323163
-0.00309050568017
-0.00455309952452
-0.00503153357858
-0.00648884657966
-0.00536848873442
-0.00274278860257
-0.00188837606182
-0.000822212291816
-0.00249192732002
-0.00384799124321
-0.00274728587778
-0.00591762459912
-0.00571436662853
-0.00316656014322
-0.00575884263239
-0.00333421245605
-0.00531806241583
-0.00118010207068
-0.00323898074718
-0.00527554182232
-0.0021992516684
-0.00533066869311
-0.00517164316952
-0.00483324872686
-0.00425800169534
-0.00430876222188
-0.0039174785103
-0.00336202768205
-0.00721878578147
-0.00535710197926
-0.00372060603847
-0.0049845317123
-0.00415592253344
-0.00591575493939
-0.00404823407708
-0.00721736950837
-0.00511350930274
-0.00283283441999
