0.00188654915665
-0.00106436588333
-6.32956395605e-05
0.00231024700374
-0.000579892945987
-0.000322025798431
0.00205821239899
-0.000250718820473
7.26952680469e-06
-0.00154622307787
-0.00114375703912
-0.000522189813443
0.00225205492228
-0.00112837544845
-0.00275068355346
-0.000604684012639
-0.00382870444367
-0.00287957907251
-0.00541753855486
-0.00361114330568
-0.00605229486197
-0.00585806555161
-0.00452178241979
-0.00661065607419
-0.00796054390298
-0.0050581945317
-0.0019585568586
-0.000744921232831
-0.00187917358511
-0.00232185494621
0.000230928864164
-0.00314108596112
0.0020314092856
-0.000962600106913
-0.00210729785013
-0.00216771145233
-0.00118227244625
-0.00142756691732
-0.0014019055907
-0.00268661015194
-0.00074542768576
-0.000700432721765
-0.00189249474069
-0.0022497968758
-0.0022137595303
-0.00454080970222
-0.00545864684372
-0.00642341960025
-0.00403418574629
-0.0049203998169
-0.00585257007121
-0.00736190658827
-0.00430844405795
-0.00541784985432
-0.00637209969672
-0.007439833503
-0.00536707043022
-0.00909148318604
-0.00694081581698
-0.00486257965675
-0.00852112896234
-0.00637894451579
-0.00778029560037
