0.00201231305882
0.00185246460071
0.0015100112324
0.000803254578548
0.00268109680775
0.000143616041474
0.00196875178457
0.00141685440725
0.00113134357062
0.00258508570911
-0.0010791777739
-0.00344641866125
0.00172303350562
-0.00191688893819
-0.00246191217615
0.00229112691107
0.00224805287244
-0.00352539753487
-0.0035170406114
-0.00673457678628
-0.00313702048834
-0.00593989251823
-0.0029299816825
-0.00322906249543
-0.00397955221801
-0.00517727773944
-0.0014410912586
0.00192968471708
0.00101981663136
0.0024984152604
0.00258190258798
0.00181611529499
0.00332971869525
0.00101507855123
0.00270646607315
0.00182150955669
0.000260565033272
0.00101160775374
-0.000656200293132
0.00128105074922
-0.000428225803859
7.14402690522e-05
-0.00257078649026
0.000468766445339
-0.00131907716527
-0.00703958598347
-0.00421931087228
-0.00510447967651
-0.00619067344922
-0.0057452065854
-0.0065503868505
-0.00779129532459
-0.00728552648008
-0.00442319082305
-0.006814252405
-0.00756455555621
-0.00660294851635
-0.00834116517133
-0.00690259353133
-0.00356926982086
-0.00764713183736
-0.00460987141222
-0.00521180041815
