-0.00371891122054
-0.00126972932527
-0.00526966196816
-0.00488607598727
-0.00257248958057
-0.00568500284097
-0.00405950313341
-0.00295843461269
-0.00691118372129
-0.00202027738242
-0.00368297133766
-0.00228278835003
-0.00326914309084
-0.0032108025531
-0.00390636690484
-0.0032804923941
-0.00449108232971
-0.0037175870506
-0.00813501715892
-0.00707308060099
-0.00454505076446
-0.00550910777258
-0.00339112371632
-0.00223642139647
-0.00612888228553
-0.00743985246222
-0.00504271811196
-0.0041331587099
-0.00440382914677
-0.0057858026784
-0.00641315369138
-0.00377034269855
-0.00497616001857
-0.00556716278424
-0.0030760344103
-0.00669494868596
-0.00759995890735
-0.00682798730674
-0.00784170220402
-0.00268215558601
-0.00426862857067
-0.00724345932673
-0.00216605332075
-0.00388723109111
-0.00460243708644
-0.00816354369272
-0.00638692610947
-0.00542977593104
-0.0071293907079
-0.00524409578311
-0.00420409006699
-0.00594835022408
-0.0039448160574
-0.00750208292057
-0.0035920748722
-0.00585076971749
-0.00489138393759
-0.00253110335833
-0.0047931231975
-0.00396338943596
-0.00725584157483
-0.00367243853067
-0.00290994595181
