0.00487460297491
0.000381074373566
0.00176697407481
0.00038398777169
0.00229226326608
0.00368293092615
0.00266596750765
0.00431101447883
0.00347377903032
-0.000733338291078
-0.000927512070256
0.00149355906378
0.00125206867887
0.001161772846
0.00161096381929
0.00114536745199
0.0032659223557
-0.000207954483198
-0.00471924095234
-0.00161979952772
1.36045794091e-05
-0.00378108003906
-0.00312790187119
-0.0037066232045
-0.000767738431612
-0.00289002413628
-0.000920347890253
0.00187712030511
0.00162560096768
0.003291065468
0.0015944234736
0.00352009331143
0.000816698878716
0.0036370154798
0.00551935319856
0.000597418971367
0.00295736597224
0.00269190455987
0.00126437869946
0.00124449482651
-0.000912692964621
0.00132973398413
0.00314623596626
-0.000786114576083
0.00183541431128
-0.0069017316669
-0.00650130059784
-0.00490252113151
-0.00752187412699
-0.00810221092757
-0.0065111342081
-0.00900327341175
-0.00727878626304
-0.00571779229831
-0.00669296996056
-0.00468267298631
-0.00551615402523
-0.00574264423638
-0.00370948454886
-0.00687329379998
-0.00687971359988
-0.0064737044622
-0.0082353972295
