0.00503126991535
0.00507267268742
0.00424110270335
0.000583447636894
-0.000100987505407
0.00434359327786
0.00282484859946
0.0021982165971
0.00119204065199
0.00319092519761
0.00162411935352
-0.000214283902956
0.00329249019667
-0.000216960749459
0.00213238738368
0.00139848574866
-0.000100328281389
0.000314639375517
-0.00581272865034
-0.0038248869516
-0.00272948915639
-0.00131693257798
-0.00602178786397
-0.00270966661406
-0.00337208297174
-0.00172072333759
-0.00265853649881
0.000822614673957
0.000319217508811
0.00383620753187
0.00295386751231
0.0025670634139
0.00186454999688
0.00272275088529
0.00199400976818
0.00184299773196
0.0037261699523
0.00191623930136
7.17970238261e-05
-0.000461214463384
0.000283913497478
0.00260011530801
0.0019868938077
0.00271058673771
0.00251780539625
-0.00557144588158
-0.00797879470019
-0.00596824688657
-0.00458737444993
-0.00909990566054
-0.00754226454043
-0.00809872889323
-0.00671005399415
-0.00673493001915
-0.00806585877217
-0.00683756538952
-0.00347296364082
-0.00714524536791
-0.00573347372511
-0.0074123510718
-0.00779257207075
-0.00668289852447
-0.00850226843999
