0.00199243700941
0.000687248550792
0.000444981345048
0.00280813744789
0.00404549368518
0.00353214936337
0.00164623869737
0.00104112472371
0.000519186738514
0.00281224404146
0.0039072706086
0.00194418975405
-0.000181676355273
0.000940090677165
0.0017629061539
0.00261779212394
0.00218108292342
0.00307438297419
-0.00467033888628
-0.00751509194444
-0.00442317036658
-0.00403298448696
-0.00791109081189
-0.00389875421029
-0.0049942155257
-0.00685040760434
-0.00427895545666
0.00187441743836
0.000609994414621
0.0034949736085
0.00255119025966
0.00226867792994
0.00136869086713
0.00174468810239
0.00144139904161
0.000576984434453
-0.00179586776286
-0.0015512394197
-0.00142993091557
0.000989864524394
0.00128944117888
0.00118562806747
-0.00110177842389
-0.000606113130488
-2.66506532642e-05
-0.00709080426449
-0.00634765262606
-0.00545829375873
-0.00837020841348
-0.00749736926984
-0.00654046225388
-0.00682746002665
-0.0060543039808
-0.00864431316824
-0.00880207641598
-0.0088663584904
-0.0053403853682
-0.00409724844255
-0.00646172731791
-0.00671796910609
-0.00772082817553
-0.00796642397223
-0.00583195686664
