0.00303220496949
0.00196088099922
0.00295313598001
0.00127350562057
0.000317917416588
-0.00293894996398
0.00133870266588
0.000569353066832
-0.000450166702551
0.00235360544295
0.0021058284758
-0.00135462983432
-0.00148987353184
-0.00146457799997
-0.00162533358136
-0.0013374506144
0.000888088037636
-0.00148624943108
-0.00251744496581
-0.00343878856863
-7.21926102552e-05
-0.00440053196233
-0.00347224893472
-0.00231092365304
0.000347895483295
-0.00151974259613
-0.00438459095838
0.000730630212155
0.00140651544931
0.00212505974168
0.000627182482321
-0.000302245821219
0.000325261486277
0.00281144543749
0.00196625459745
0.000368758048845
0.00189322383852
-0.00159411659401
0.00153314014908
0.000393133501481
-0.00167189827612
0.00156097895115
0.000394512853931
0.000551491507993
0.00113663095
-0.00846023292092
-0.00450145367388
-0.00349458797372
-0.00350340813831
-0.00672439612748
-0.00337757106445
-0.00594717881339
-0.00662960267782
-0.00533599037521
-0.00647690777349
-0.00738055195583
-0.00692506876041
-0.00956243968986
-0.00867063625065
-0.00554730114163
-0.00458204271619
-0.00391643199211
-0.00503782824453
