0.00206028041884
0.00596309180828
0.0048375275252
0.00195295475408
0.00578580109963
0.00342276972724
0.0065991422775
0.00569204179183
0.00332490597193
0.00265884615326
0.00144474810494
0.000871619251144
0.00131051943554
0.00117884591193
0.00165189067333
0.00117874851221
0.00165529660371
0.00142192325343
-0.00245733662365
-0.00284457195823
-0.00301142898845
-0.00226758456302
-0.00241456163005
-0.0030324814507
-0.00172176085178
-0.00433644704553
-0.000663066604971
0.00383929787016
0.00192924590235
0.00497859902439
0.00235068859964
0.000701059407703
0.00596798068103
0.00289138308006
0.00145155825981
0.00405826514334
0.00466756679966
0.00336960006374
0.00343281000003
0.00246439366752
0.00330319388005
0.00417665648557
0.00322562137345
0.00419489194225
0.00276699182312
-0.00981138589956
-0.00791124918451
-0.00662105509985
-0.00549908202056
-0.00770401430716
-0.00856918207917
-0.00506757520963
-0.00636461653067
-0.00538381565368
-0.00563498115105
-0.00492370820395
-0.00857213045998
-0.0072907799511
-0.00470418130962
-0.00810813235986
-0.00668184893973
-0.00408954494189
-0.00771156127139
