-0.000943331582657
-0.00191097106186
-0.00228380941003
-0.00218652339364
0.000261202040677
-0.0024877511778
-0.00220138664645
0.000150159386719
-0.00043983497565
-0.00170515872039
-0.000793287347444
-0.00242728426185
-0.003614965251
-0.00108195034651
-0.00251068652006
-0.00379899685661
-0.0031073187446
-0.00026839784959
-0.00447141382838
-0.00672984861549
-0.00349788581457
-0.00527754251714
-0.00577618731907
-0.00223879469138
-0.00445339553689
-0.00540466355084
-0.00338987228423
-0.00193747272453
-5.06113915397e-06
-0.000856998358238
-0.00324170336971
-0.00127850971512
-0.00375956035973
-0.00365513603354
-0.00124202179368
-0.00178887916719
-0.000625189688696
-0.00242720902347
-0.0022011170303
0.00143918877885
-0.000473274873244
-0.00248609241678
-0.00291941410991
-0.00470220122718
-0.000449403187738
-0.00673409137429
-0.00510395267965
-0.00625454445334
-0.00821264744849
-0.00705081624051
-0.0056856875714
-0.00423845130186
-0.0066661580446
-0.00739433225919
-0.00943462087847
-0.00414754843009
-0.00688772503461
-0.00837384333845
-0.00567799159819
-0.00541735516372
-0.0066326049053
-0.00818516821664
-0.00474387817669
