-0.00252950916195
-0.00388731279401
-0.00448625043996
-0.00447803278719
-0.00371643850279
-0.00506232128719
-0.00435405049705
-0.00570074196228
-0.00266566628049
-0.00447758817337
-0.00847553015396
-0.00640629981985
-0.00468711364249
-0.00644442060071
-0.00648695214737
-0.00699937600793
-0.00652772945566
-0.00363647351611
-0.00964878791388
-0.00463722879619
-0.00801763313554
-0.00817020730844
-0.00623102167327
-0.00656132373328
-0.00330860273443
-0.00674135801006
-0.00520134770596
-0.00506637798809
-0.00654956111355
-0.00270434464303
-0.00291401073586
-0.0042397146325
-0.00466106871041
-0.00297379899207
-0.00406849830985
-0.0054790343837
-0.00573796269515
-0.00559358941644
-0.00811777375351
-0.00598650310257
-0.00334194275303
-0.0083073470505
-0.00390728357125
-0.00785201341125
-0.00611677770512
-0.00511598163419
-0.00795316185653
-0.00874471264533
-0.00389141772988
-0.00888733720785
-0.00603138131595
-0.00914798948269
-0.00751624331422
-0.00725734742615
-0.00308736182022
-0.00604277129624
-0.00568298521766
-0.00824539980767
-0.0070774865505
-0.00667589414289
-0.00819608745107
-0.00582180242159
-0.00540390140695
