-0.00175326481786
-0.0028306997857
-0.00479095799363
-0.00114234424658
-0.00344704183471
-0.00208409488239
-0.00421120545565
-0.00493400466555
-0.00595628742788
-0.00571955375337
-0.00774177967786
-0.0051040037697
-0.00324007262741
-0.00533286120154
-0.00709516825899
-0.007428211878
-0.00503906623586
-0.00653480419826
-0.00926064722674
-0.00803926639742
-0.00407656554068
-0.00748269889704
-0.00607464260335
-0.0077439699631
-0.00797181709984
-0.00647427946875
-0.00807595169051
-0.00346868517834
-0.00488715180094
-0.00608278167719
-0.00373627981875
-0.00187077323336
-0.00316038367042
-0.00421853597226
-0.0058653834868
-0.00761771620417
-0.00583928002987
-0.00793606567464
-0.00514240447006
-0.00336894723439
-0.00454273824611
-0.00531885191833
-0.00778692406628
-0.00482859968834
-0.0072390819523
-0.00482696572774
-0.00763522521696
-0.00792554243045
-0.00439307987272
-0.00717445510045
-0.00526492822324
-0.00673499323176
-0.00683763761095
-0.00512166070371
-0.00524147447421
-0.00475551335671
-0.00698214176165
-0.00414046879493
-0.00237946997535
-0.00663343203856
-0.00381442386058
-0.00677663668799
-0.00588203134873
