-0.00358656751829
-0.00485773394997
0.00036287801282
0.00104757087648
-0.000275835614574
0.000569662717316
-0.0019468471658
-0.00095740943167
-0.00210018171895
-0.00238571926487
0.000340165327686
-0.00276418279832
-0.00262708771837
-0.000188796535274
-0.00417910515983
-0.00322463461155
-0.00210002310632
-0.00465088052245
-0.00667669263185
-0.00193726476744
-0.0029204282533
-0.00404532349229
-0.00525512852078
-0.00515177419643
-0.00291133123771
-0.00384319280648
-0.00403684615142
-0.00333461489805
-0.000766202230833
-0.000396899367396
-0.00256997836119
-0.00215223565633
-0.00327974915797
-0.00169824659499
-0.00137356694513
-0.00255803743845
-0.00369062869624
-0.00482658492266
-0.0045582155217
-0.00324867543942
-0.00297982582311
-0.00424654925657
-0.00584356057313
-0.00262355402483
-0.00585963619882
-0.00102574376478
-0.00590552729818
-0.00675159981272
-0.00725202926289
-0.00394243235185
-0.00490400057979
-0.00529171659917
-0.00350242774072
-0.00433707215194
-0.005367943723
-0.00290926738063
0.000184258744519
-0.00321951912864
-0.00411152638238
-0.00427235035186
-0.0061922157031
-0.00370631055186
-0.00380973220662
