0.000367299314288
0.00131593647717
0.00172460782644
0.000479787582728
0.000494316628654
0.00112154537411
-5.82767009333e-05
-5.00611788441e-05
0.00401057995479
0.000685674585913
0.00136249695863
0.00259378801173
0.000231829227032
0.000886210467974
0.00187077181012
0.00311887338064
0.000269929730348
0.00122333294557
0.000407508096823
-0.00291457084887
-0.00151069792611
-0.00203240115606
-0.00290326429787
-0.00142457295768
-0.00185415925239
-0.00449052205735
-0.00041262348875
0.000528530891525
0.00155767227344
-0.000465309807203
0.00114821276969
0.00203560583592
0.00129750655404
0.00254858387578
0.000618838738384
0.00167412797128
-0.000334954107156
-0.000521386855795
-0.00134659174281
-0.00170033767269
-0.000144902813675
-0.000968933734307
-0.00128824743635
-0.00152279371661
-0.000704311899748
-0.00423629619551
-0.004443030795
-0.00548688218166
-0.00280985650359
-0.00423999092074
-0.00429884424452
-0.00238664316749
-0.00294131764242
-0.00331836259057
-0.00503027971586
-0.00167476135719
-0.00267365850876
-0.00413663844885
-0.000839113073116
-0.00596903322131
-0.007409022373
-0.00581088147106
-0.00503018870192
