-0.00352768032879
-0.00471353829971
-0.00542361331675
-0.00130981546783
-0.00261227211536
-0.00307665764746
-0.00552235398094
-0.00251778085478
-0.00274863940634
-0.00363802002337
-0.00221727293928
-0.00607704806293
-0.00134161123294
-0.00613749569216
-0.00344864515943
-0.00665534686319
-0.00428512705746
-0.00418086796672
-0.00722824609018
-0.007417483473
-0.00560809233809
-0.00810873665934
-0.00629450321226
-0.00661155645943
-0.00641979586741
-0.00688603187364
-0.00856117994374
-0.00494669183059
-0.00276920360086
-0.00342863169386
-0.00274880788799
-0.00445212954557
-0.00555677643457
-0.00104891792777
-0.00393740836417
-0.00575229088302
-0.0065793608786
-0.00621399312448
-0.00383918420984
-0.00677619464596
-0.00419866960903
-0.00610413685361
-0.0045101047531
-0.00635236245802
-0.00658955201685
-0.00647035627971
-0.00737538102123
-0.00589809262565
-0.00762329718288
-0.00617715746694
-0.00555727355371
-0.0064879799279
-0.00593492144106
-0.00442385575999
-0.00637415670791
-0.00500628022638
-0.00471154525153
-0.0073680454078
-0.00602127197114
-0.00594550495109
-0.00534073812325
-0.00494314250858
-0.00486942323886
