-0.00107935496377
0.00225410719733
0.0036742589066
3.23334314174e-06
0.00323832533482
0.00107996207148
0.00298881180303
0.00205218219994
0.00216328267707
0.00300203861641
-0.000517694674769
-0.000464759920631
-5.43444140896e-05
0.000907755913545
-0.00126724722409
0.00120608634025
-0.000307555290139
0.000276875013075
-0.00139181582389
-0.00387270679471
-0.00204358244493
-0.0012674903482
-0.00320828196417
-0.00213607176045
-0.00135044964418
-0.00307106047331
-0.00143088437992
0.00178003201209
-0.000490104107784
0.00457439617259
0.00173638648306
0.000623936601808
0.00343251238815
0.000366283305501
0.00158304316217
0.00299612845972
0.00272189778684
0.00392324155482
0.00340053708568
0.00202114453419
0.00311515885942
0.00238609692596
0.000693462330896
0.00181130861741
0.00320389797111
-0.00785564395955
-0.00387547800191
-0.00428722221939
-0.0042204352341
-0.00589713297474
-0.00305663065061
-0.00629866906136
-0.00494976240858
-0.00467520638535
-0.00617134758957
-0.00658702562005
-0.00744028322813
-0.0056452721793
-0.00290425130141
-0.00968381879508
-0.0071339265908
-0.00508926298405
-0.00588197124771
