0.00123471502599
-0.000317774281839
0.00341318622669
0.00080345747869
-7.7520128095e-05
0.00298197561121
0.00256778462555
-0.000342502140762
0.00033988930912
0.00233201487586
0.000575367166102
0.00121881869672
-0.000316789723935
0.00216175339475
0.00273813681396
0.00143100971793
0.00162824147401
-0.000476374938746
-0.00415496580455
-0.00165944832888
-0.00165144008757
-0.000501766177589
-0.00356469004423
-0.00170465476008
-0.000281988515504
-0.00485941504325
-0.000951248320831
0.00526147919807
0.00321874245388
0.00223149436738
0.000352883775583
0.00363271630468
0.00172059642142
0.00201436944488
0.00317056186879
0.00351340996692
-0.000596389438249
0.00205627517958
0.00285702415448
0.000870918848774
0.00123401113138
-3.26311171501e-05
0.00242681792743
0.00273175542595
0.00140715719607
-0.00666502622425
-0.00421424226757
-0.00506292992355
-0.00653786857066
-0.00427974247042
-0.0040507651666
-0.00422377202619
-0.00616752827486
-0.00572853905805
-0.00632905572329
-0.00549741503123
-0.00442678894556
-0.0056089079548
-0.0051848935429
-0.00672491897534
-0.00682835626711
-0.00680148718129
-0.00652068471713
