0.00160369787565
0.00663130487997
0.00409349761525
0.00192621290163
0.00534900782778
0.00417804665351
0.00661118890012
0.00396992019374
0.00472053186817
0.00339451820481
0.00150010035941
0.00188624120868
0.00185105461107
0.00416104867203
0.00208717657786
0.00207493081444
0.0025860246699
0.00298149572549
-0.00420841988566
-5.16608741822e-05
-0.00288789219419
0.0003244079772
0.000179004335836
0.00130302813238
0.000274293376912
-0.00207918013419
0.00148538673535
0.00298896990202
0.000903493819825
0.00103106981138
0.00214491577319
0.00233373435134
0.0046821493066
0.00151031758193
0.0015691049113
0.00393404287312
0.00347948449307
0.00417786770773
0.00204985895399
0.00255592125827
0.00341539526451
0.00431255363408
0.00169022549807
0.00252264502144
0.00336878912512
-0.00332225006444
-0.00589982074054
-0.0067664333439
-0.00221789364233
-0.00360289777733
-0.00567980319073
-0.00642190558827
-0.00299261432089
-0.00439532255997
-0.00603643863172
-0.00436423658673
-0.0054687953157
-0.00531483888665
-0.00374289154523
-0.00460224060861
-0.00897349515377
-0.00738061179859
-0.00843946923194
