0.000720067989824
-0.00286517404258
0.000253271817089
0.000785570177504
-0.00279817722454
0.000311715245737
-0.000192867382711
-0.00145577911516
-0.000709546531014
-0.00361318500541
-0.00445873943602
-0.00258616205411
0.00117713196175
-0.00326920180266
-0.00334630669507
0.000281422498273
-0.00418288310145
-0.00314359050974
-0.00563935478906
-0.00531999878911
-0.00676549492123
-0.00867709712787
-0.00850590959785
-0.00536079766216
-0.00752971962709
-0.0074385385191
-0.00809491196645
-0.00380454514403
-0.000446773534567
-0.0012602755934
9.78789836493e-05
-0.00191214313106
-0.00275146442767
-0.00127002741897
-0.00177609055692
-0.00263615146816
-0.00192366049756
-0.00455572476442
-0.00502326393933
-0.00161105640947
-0.00634964565527
-0.00457039463695
-0.0032177003105
-0.00601818293965
-0.00640847737241
-0.00604788167466
-0.00504127704306
-0.00798847983958
-0.00508630446003
-0.0039779364757
-0.00895598724055
-0.00615323586558
-0.00679370243774
-0.00367081885892
-0.00495791233286
-0.00457341975951
-0.00703653334621
-0.00615413439034
-0.00364332862249
-0.00813180452127
-0.00517829137515
-0.00568261160557
-0.00710972664637
