2.0837662034e-05
3.51795100033e-05
4.45308535617e-05
0.00267982346526
-0.00143808704067
0.00126357217689
0.00381447868798
-0.00247456227
0.000265499090281
0.00043382886225
-0.000158051194133
0.00182225219019
-0.0031695243402
-0.00113371096404
0.000781485212809
0.00178411107426
-4.36353767347e-05
-0.00092152633113
-0.00103623287526
1.27981569621e-05
-0.00188367747268
-0.000760210093608
0.000663612011794
-0.00145440832876
-0.00256410772422
-0.00135962241707
-0.000783113144289
0.00169798513462
0.00447195757785
-0.000990987790968
0.000269634021045
0.00142021975008
-8.8417525288e-05
0.00105823197421
0.00225202614245
0.00273918098405
-0.000271478782343
-0.000747908431111
0.00104848958763
2.319004978e-06
-0.00205167451499
1.0572962016e-05
0.00102888425279
0.00261559246432
-0.00142851556436
-0.00222986818883
-0.00438076851063
-0.00622572274777
-0.00318849496893
-0.00449079447273
-0.00183142282704
-0.00551871417945
-0.00326263111392
-0.004044838675
-0.00374857491464
-0.00443623442285
-0.00467398381796
-0.00634330414978
-0.00473449678671
-0.0048745681871
-0.00667741701992
-0.00729566823015
-0.00753344613923
