-0.00240740857246
-0.00322177220503
-0.00535865742825
-0.00398415202537
-0.00261339693252
-0.00459606043396
-0.00314948211144
-0.00459883309025
-0.00226900539329
-0.0024678075303
-0.00735606644732
-0.00754502070908
-0.0037197036007
-0.00622389187463
-0.00635594631456
-0.00271480327414
-0.00775300765623
-0.0052047095516
-0.00552415546386
-0.00969094835591
-0.00805164317789
-0.00451893591666
-0.00412778847057
-0.00568843899535
-0.00803724818005
-0.00753628792389
-0.00861854321936
-0.00400111707672
-0.00305554618917
-0.00574584359131
-0.00147212654646
-0.00483416521694
-0.00521982351204
-0.00108937342408
-0.0030487169401
-0.00682568813609
-0.00643115735727
-0.00362046874324
-0.00395285058021
-0.00568731951002
-0.00481905695947
-0.00266815315455
-0.00484538390066
-0.00394458846908
-0.00379556880217
-0.006837120352
-0.00534763492401
-0.0097141236255
-0.0064756454768
-0.00696559459618
-0.0052663658214
-0.00430456225528
-0.00628577115595
-0.00672410234592
-0.00449806524873
-0.00780267989005
-0.00539872782716
-0.00650804327113
-0.00335145677216
-0.00685635901677
-0.00620273219851
-0.00527713395439
-0.00847099474002
