0.000446220626004
-0.000613973491889
0.000973529016138
-0.000346766730866
0.000890320299997
0.00205294514927
0.00116564727701
0.00205797414936
-0.00264191006804
-0.00149170277929
0.000580786985495
0.00254862508199
0.000254059769447
-0.000381051829283
-0.00193499327611
0.00148223233181
0.00365942729564
-0.000720868576123
-0.00360114254112
-0.00284773084915
0.000339391013199
-0.00292175930499
-0.00181006767146
-0.00381896438025
-0.00423136031638
-0.00392975964826
-0.00480591181362
0.00016002880405
-0.00042968026096
-0.00231473798876
-0.000896300163415
0.00372066230526
-0.00116041091239
0.00281848392909
-0.000947882454702
0.000719713368888
-0.00118286090202
-0.00220010669966
4.30069888036e-05
0.000940342633344
-0.00364488937947
-0.00151461915896
-0.00118220313935
0.000539083705304
-0.000805152262597
-0.0017240875287
-0.00114369573634
-0.0026161754245
-0.00426648376953
0.000172612898374
-0.00135148960065
-0.00382711080259
-0.00433434873064
-0.000565821480423
-0.00296233522705
0.00421678230734
0.00258193622237
-0.00052233429934
-0.000400547729721
-0.00178649535737
-0.000883735631232
0.00171927923335
0.000741337854281
