0.00413919386179
0.00454215157117
0.00528142695996
0.00360572753949
0.00400920495863
0.00436212734342
0.00731036279418
0.00319802571309
0.00396636498088
0.000584610303575
0.00546430609411
0.00319914676418
0.00076010727995
0.00417691059025
0.0036636049619
0.00366643822576
0.00434479445177
0.00220222871629
0.000356821392389
-0.00433068776715
-0.00332820308918
-0.00211352673122
-0.00222694806244
-0.00293348400119
-0.000957364436937
-0.00487687941179
-0.00365346386468
0.00217765014959
-0.000260415457034
-0.000971908623398
0.00272005514974
0.00187777491882
-0.000770774526081
0.000914845456651
0.00203227998648
-0.000714555583247
-0.0001879795798
-0.000793411072815
0.00135307622953
0.00130422911635
-0.000564482914214
-0.000664199716207
0.00137170716974
-0.00254374494935
-0.000427939639331
-0.00267316046207
-0.00725288109702
-0.00519963968889
-0.00357318163151
-0.00584757888415
-0.00588063959068
-0.00438948318289
-0.00703422241287
-0.00449961838383
-0.00762534123852
-0.00359493409276
-0.00391038536149
-0.00665301306399
-0.00238152060184
-0.00511571688407
-0.00736812634418
-0.00330919455447
-0.00401445337219
