0.00240110176841
0.00320093148912
0.000278610525802
0.00268982751491
0.000360958604497
-0.000372210981842
0.00118408451409
-0.000432722654036
0.00314833885177
-0.00198611395251
-0.00263158614415
-0.00115318732127
-0.0014152098216
-0.00167843111947
-0.00225133765624
0.000929194818491
-0.00222649984822
-0.00556451557323
-0.00753861611628
-0.0091243138969
-0.00682328079456
-0.00929950434118
-0.0046799546085
-0.00657739696389
-0.00733289841102
-0.00422932603193
-0.0061787211549
0.00196552005918
-0.000633604112233
-0.00115868787028
-1.90289090076e-05
-0.00254900370403
0.00282204777142
0.00440812787639
0.00160346198088
0.00104406267341
-0.00045112304325
-0.000329888950462
-0.00394337550151
0.000154972015501
-0.00321658427576
-0.00319686612697
-0.00202436890829
-0.00472913430551
-0.00248948183282
-0.00757712800889
-0.00678688319588
-0.00612083299523
-0.00747671424492
-0.0089095677459
-0.00818202029087
-0.0057620986931
-0.00884531022398
-0.00813814477432
-0.00895956467212
-0.00515978900624
-0.0075376585211
-0.00887162321638
-0.00729764483022
-0.00743844890175
-0.00523359653898
-0.00714314943638
-0.00555838610349
