0.00175283246087
0.000862535453535
0.000587482224071
0.00292097680033
-0.00026606360715
0.00163829929508
0.00163561577571
0.000889121642434
0.000448322627506
0.000458854708375
0.00359085924004
0.00216095131247
0.0034570419172
0.00217690044755
-0.000751728279361
0.0044291432728
0.0030629467262
-0.0021860511808
-0.00165131824787
-0.0023562870294
-0.00257731787141
-0.00206558264193
0.000846270233325
-0.00286132609201
-0.00257579234981
0.000474991687539
-0.0019107538488
0.00275712771346
0.00240529760187
0.000145950440674
0.00161133470384
0.00350507729584
-0.00100431301119
0.00258914919094
-0.00176135776205
0.000105659273571
0.000435754066359
0.00138441589455
0.000375827662919
0.0013769392448
0.000147498959347
0.00130310897804
0.00237398038458
0.0011927062732
6.98978519482e-05
-0.00613065520984
-0.00346677458248
-0.0041389058632
-0.00659125941768
-0.0043469681502
-0.0027039448818
-0.00473715825744
-0.00288711960149
-0.0033751687754
-0.00627619658257
-0.00191899547855
-0.00505030929846
-0.00662571525833
-0.00698256280153
-0.00349534427042
-0.00687734750143
-0.00760354951296
-0.004056641763
