0.000241075444055
0.00235067633202
-0.00107047542649
0.00258665548
-0.000886049267708
0.00144957428367
0.00279007717664
-0.00065289484883
0.00173992148746
-0.00225619113926
-0.00123343267898
-0.000377851547268
-0.00193210967304
-0.00103354319429
-8.14009854347e-05
0.000564042956566
0.00153416688795
0.00252581089378
-0.00823634804186
-0.00523906409159
-0.00847115062689
-0.00994689695031
-0.00465327785023
-0.007300491373
-0.00493950722141
-0.00598488517528
-0.00794120542956
0.00177445525718
-0.000528459461054
0.00132282751047
0.00426071239626
0.00204712268473
0.00274358905806
0.00416511958684
0.000933792142105
0.00263624462644
0.00229013626034
-0.000230855583052
-0.00155758265702
0.000178110256595
0.000866406912316
0.0015211270708
0.00304706694953
0.000666140452106
-0.00164592056848
-0.00634865544013
-0.00617731050562
-0.00465814421489
-0.00556699828581
-0.0052839139513
-0.00505428522095
-0.00537744032773
-0.00546816304045
-0.00805047545902
-0.00479500981919
-0.00556739613105
-0.00741667999034
-0.00432072756296
-0.00504477092484
-0.00523626418466
-0.00328773583758
-0.00413625974427
-0.00458074763307
