0.00656798088875
0.00303165655467
0.0030280325919
0.00486531081895
0.00545152073871
0.00333381706066
0.00300202741132
0.00587109136565
0.00181052943184
0.00309193704251
0.00169386862023
0.00171384725873
0.00186231097705
0.00187673282234
0.000654249249668
0.000433083374146
0.00381251541069
0.000995492223745
-0.00151439628228
-0.00740498568232
-0.00578885774266
-0.00547218434821
-0.00363694473963
-0.00279616108548
-0.00189116851975
-0.00692073424533
-0.00573511194491
0.00138708385706
0.00276187873066
0.00153995693208
0.000871458037578
0.00138544326103
0.0023909518868
0.00423377253167
0.000957607370079
0.00195052738979
0.00241086984771
-0.00192983121773
-0.00078171517547
0.0023374082186
0.00190684416961
-0.0025249657037
0.000794918259624
0.000330971432835
0.00104291217469
-0.00517765661929
-0.0093467958509
-0.00724251603889
-0.00657182691251
-0.00845296543346
-0.006374751049
-0.00384211072884
-0.00986194769602
-0.0077731868265
-0.00636198134928
-0.00702128594394
-0.00661029035618
-0.0079568987379
-0.00394786074678
-0.00815158869006
-0.0095705528737
-0.00548355817329
-0.00518108668703
