0.00154784459152
-0.000968591739668
0.00275802215275
-8.83675016522e-07
0.00103568483166
-0.00108917458261
-0.000145705220813
0.00310891636402
0.000980025749402
0.000822788421032
-0.00111723756494
-0.000602407729072
0.000519298750252
-0.00236599320322
-0.00202918343074
-0.000843362392281
-0.00260600943606
-0.00229021105478
-0.00675019577879
-0.00269013320855
-0.00536791597755
-0.00535369199639
-0.00304266738747
-0.00323295077852
-0.00572873490209
-0.00167312491095
-0.00327463179892
-0.00195964841912
-0.000535129815843
-0.000266631015891
0.000233956664681
0.00164849358118
-0.000332588150366
0.000263678931622
0.000270686354698
-0.000768750235986
-0.000151945843822
-0.00315259345248
-0.00313418380242
-0.00132439919789
-0.00103458672873
-0.00324230938993
-0.00147354839633
-0.00119558670931
-0.00103387307791
-0.00626082758455
-0.00526016674622
-0.0045872429924
-0.00504093277951
-0.00622050787526
-0.00553198510014
-0.00816181039996
-0.00674499158644
-0.0044907338733
-0.00741652853667
-0.00436985648217
-0.00610143939461
-0.00895270670902
-0.00467316591261
-0.00704371290136
-0.00918173448756
-0.00654813232546
-0.00904216013298
