0.0016108003058
0.000462388659325
-0.000658636178754
0.00124721952118
-7.15012173019e-05
-0.00115981001276
0.00318538465921
-0.000393339377892
0.000627412342124
-5.39508379328e-05
0.000975111803819
0.00134170715077
0.00180534010053
0.00280050791508
-0.00025201403081
-0.00216470540196
-0.00110718180186
-0.00360546241668
-0.00442274669198
-0.00095431588442
-0.00546712344093
-0.000441684701975
-0.00306081490789
-0.00144438458715
-7.37643797242e-05
-0.00532336207738
-0.00344191146077
0.00100069392592
-0.00204168792139
0.0031207507695
0.00053113180426
-0.000281287346274
0.00264507836295
0.002346803332
-0.000692556774415
-0.00167133027045
0.00126979317945
0.0014275615151
0.00200142786052
0.00101608273299
0.00115908482442
-0.00102088715334
0.00305373099556
0.000513065027881
0.000796641865813
-0.00544387371563
-0.00860385199481
-0.00519282104542
-0.00739677066045
-0.00385732396674
-0.00482340575126
-0.00486999116782
-0.00566792417573
-0.0065475579762
-0.00566779010507
-0.00723296551795
-0.00754045265454
-0.00482420189909
-0.00443333743587
-0.00489950068626
-0.00676642373234
-0.00435306187278
-0.00556790403546
