0.000461874780418
0.00281093997194
-0.00149430888594
0.000547375586231
0.000760034404616
0.000802742007399
-0.00140602454385
0.000937395179494
-0.0012768076193
-0.000151318468628
-0.00181662783457
-0.00112919552732
-0.00220283558617
-0.00172059851859
-0.00304481030624
-0.00201343619159
0.000555333277299
0.00161146144438
-0.00666341020378
-0.00472105017993
-0.0017628553156
-0.00589713319753
-0.00441216853345
-0.0061942217427
-0.0056608240198
-0.00298017289
-0.00565534131721
-0.000361954388781
-0.000789461514386
0.000229350538297
-0.00171833669968
-0.00185575711213
-0.000816110776009
-0.00276578259237
-0.00308499863609
-0.0020234045517
-0.00205648213837
-0.00337584225104
-0.00375232860661
-0.00338562188064
-0.00426628555001
-0.00469225758474
-0.00440788450927
-0.00534015068954
-0.00116234121068
-0.00654978820308
-0.00670300984706
-0.00575338588294
-0.0062519704557
-0.00572957539357
-0.00519146872084
-0.00526067460496
-0.00533618237298
-0.0047803046862
-0.00842834230918
-0.00380486704706
-0.00311972800798
-0.00487831674212
-0.00364027915884
-0.0056212700307
-0.00359720665912
-0.005941707477
-0.00560682056524
