-0.00345863389749
-0.00165880273401
-0.000109789381584
-0.0020765986798
-0.00023875903989
0.00133554806562
-0.00250462792752
-0.000669515158231
-0.00186220405609
-0.000336763420382
-0.00211193309775
-0.00400106191784
-0.00483690890259
-0.000709434761045
-0.00256599686048
-0.00338244835797
-0.00123313582838
-0.00312085002879
-0.00877267711465
-0.00683881229443
-0.00713420717926
-0.00799408854824
-0.00460264768371
-0.00632376074008
-0.00694318810102
-0.00356319202289
-0.00462028858244
-0.000914712760398
-0.0023378529076
-0.000623614977372
0.000508897665829
-0.000838263958834
-0.00279938143082
-0.00033121752862
0.000612053726328
-0.00127038271251
-0.0032041165543
-0.00496614350848
-0.00261470444587
-0.0040753903892
-0.00349175703021
-0.00531195520033
-0.0026648435946
-0.00433443986283
-0.00611781931586
-0.00438999429616
-0.0065761864121
-0.00886496418144
-0.0072921656373
-0.00756504592862
-0.00952388830205
-0.00791752614229
-0.00659129912334
-0.0103039342569
-0.00801069431398
-0.00704800972143
-0.00841027706726
-0.0072717405684
-0.00745479609117
-0.00881529679476
-0.00541553210735
-0.00664229690621
-0.00933008586553
