0.00901798017196
0.00309704964637
0.00362045780378
0.00693088914671
0.00319908489046
0.00377482369978
0.0071064025073
0.00497017380503
0.00172781181154
0.00148321972471
0.00044085426173
0.00271932087462
0.00297822590778
0.000628500430703
0.00083640514951
0.00333424505724
0.00201037348601
0.00126798672571
-0.00169432141511
-0.00556733714898
-0.00449088289456
-0.00363066151429
-0.00361261240669
-0.00173101649506
-0.00287944107406
-0.000549712114071
-0.000214572368327
0.00219980889676
0.00287763596675
0.000667540433155
0.00208667194965
0.00273645550641
0.00292568284544
0.00462535324371
0.00234591675902
0.00253843465558
0.00271478933317
-0.00231264216545
-0.000424800829294
0.000574206479263
0.00110918252201
-0.000575551535354
0.000425687936502
0.000960090396803
0.00060637551029
-0.0078395859662
-0.00574403567842
-0.00660127562967
-0.00627451786629
-0.00630356647123
-0.00711638050373
-0.00597124884544
-0.0046840447514
-0.00534623605635
-0.00633699041064
-0.0032109621817
-0.00563185043965
-0.00712234470216
-0.00827046545705
-0.00655461015337
-0.00561791751514
-0.00669254592486
-0.00614266794659
