0.00622593176377
0.00362392386321
0.00304778743109
0.00151071535434
0.00338234338844
0.00503606375418
0.00391232619538
0.00533360484094
0.000403205715769
0.00082645054418
0.00318482236725
0.00317508668781
0.00283474047434
0.00306468132488
0.00519888000412
0.00262648818615
0.00502938295278
0.000613426531417
-0.00640785680292
-0.00521963751165
0.000201137523407
-0.00392083556308
-0.00254021745763
-0.00309325442607
-0.00102343655401
-0.00162553252415
-0.00248642895518
0.00372878393699
0.00561810078182
0.000666427420662
0.0033381754684
0.00523709106493
0.00255847191356
0.00519246385419
0.00268691690534
0.00226533577952
0.00390380352262
0.0037142071059
0.00144542964914
0.00348549968859
0.00139581284905
0.0013140093525
0.000924461319264
0.00108923573205
0.00337444573891
-0.00544867434274
-0.0075141242237
-0.00583474197695
-0.00656411923976
-0.00651998083109
-0.00707514968884
-0.00962399378906
-0.00778323656751
-0.006157640875
-0.00677283582708
-0.00850580645303
-0.00440467795796
-0.00589428266183
-0.00375903327284
-0.00768244415091
-0.00651072562167
-0.0073406078013
-0.00660569801538
