-0.000546376888212
0.000727498675486
0.00180352838636
0.00117958642307
0.00264836464063
0.00409502428892
0.000847142960821
0.00251266837577
-0.000157049292515
-0.000817410638824
-0.00169927761735
0.000221793763577
-0.000797477298938
0.000513279529475
-0.0028516539027
0.00164051780839
0.000471352718653
-0.000715592216554
-0.00269142533805
-0.00259156887698
-0.00363240280011
-0.00371793918847
-0.00678548789858
-0.00157906692886
-0.00474508829815
-0.00423060441273
-0.00388880226965
0.000730880679605
0.00310302959283
0.00012998029121
0.00245337621551
0.00365198355448
0.000727952008498
0.00433603938873
-0.00085870367567
0.000942618614567
0.00258867751396
0.00280570389742
-0.000573576052739
0.00255718722012
-0.00104420875379
0.00211091173418
-0.00152849145942
-0.00157060840075
0.00201929336837
-0.00781915095674
-0.00625701546463
-0.00767385315385
-0.00676515051948
-0.0088235748775
-0.00697006567852
-0.00536970722157
-0.0037255178282
-0.00854327823888
-0.00753083783313
-0.00555451161007
-0.00717718951317
-0.00843613584819
-0.00435558056195
-0.00821759873208
-0.00737208186373
-0.00778325599056
-0.00911148779091
