0.00168037315505
0.00393181860529
0.0014182827589
0.00039143933256
0.00373948893487
0.00103397945366
0.00029062250637
0.00247607608065
-0.000299396306302
0.00181603501508
-0.00106860714224
0.000191289816031
0.000767665590539
-0.00185668690464
-0.000455034455544
0.000398012536028
-0.00224518252174
-0.00130372789315
-0.00141537082406
-0.00467836398481
-0.00499269366187
-0.00418874382358
-0.00409123956841
-0.00477430632792
-0.00382557527277
-0.00582864693383
-0.00180764153699
0.00121505596986
0.000188505736846
0.00149060477876
0.000834496656978
-0.00133407820975
0.00135565487677
-0.000656656935046
0.00163146023845
0.00318952843395
0.000337949052613
-0.00268859389588
-0.00217633287288
-0.00142734130339
0.00103976459707
-0.0019346077005
-0.0015131469342
-0.00075252696389
-0.00377387509436
-0.00520601525943
-0.00580901615762
-0.006075932896
-0.0041872890792
-0.00696284234577
-0.0071000940539
-0.00820085864201
-0.00448570610286
-0.00814622104377
-0.00670539802363
-0.00678803914178
-0.00644007788953
-0.0060522732223
-0.00554343696147
-0.00365941045381
-0.00524455845966
-0.00657311592288
-0.00463424313108
