-0.00142629201697
-0.00288750754031
-0.00407828717446
-0.00204108962777
-0.00351539063208
-0.00471279960918
-0.00038772230822
-0.00182602469845
-0.0030468035164
-0.0038456023174
-0.00372252809486
-0.00365629419225
-0.0045403245125
-0.00223883587408
-0.00225455433598
-0.00323688860728
-0.002869898236
-0.00295338730914
-0.00490654711142
-0.00672453824589
-0.00687188049521
-0.00693306185159
-0.00429087441165
-0.00622060554255
-0.00660125565184
-0.00713219138471
-0.00748126869355
-0.00266773217016
-0.00372319748653
-0.0047386414179
-0.00118920459161
-0.00226359891747
-0.00326833126589
-0.00186670486418
-0.00295257694006
-0.00396295563685
-0.00369436924849
-0.00331877764788
-0.00320309515156
-0.0043505164311
-0.0016885004207
-0.00595868317444
-0.00293911266903
-0.00257077571366
-0.00440703366197
-0.00684496183428
-0.00619753695627
-0.00485484055216
-0.00563462941333
-0.00746579143399
-0.00601882546024
-0.00646537272861
-0.00629733778416
-0.00700644842277
-0.00614685525364
-0.00642055865064
-0.00551997749075
-0.00719092314373
-0.00528156465721
-0.00623767940221
-0.00583051367067
-0.00619265907271
-0.00851473126027
