0.00162769986755
0.00279411514382
0.000869252536589
0.000759158854229
-0.000295421105142
0.00266268394714
0.0023114557058
0.00119342009184
-0.000212734971088
0.000194533027536
-0.00143342051963
-3.37300981736e-05
0.00141270974226
-0.000913155807077
0.00125696355656
-0.00129843924497
-0.00040680597349
-0.00124096565864
-0.00526294764646
-0.00741957436131
-0.00578598289519
-0.0061775417955
-0.00479988098837
-0.00603921510081
-0.00815286495443
-0.00711787032538
-0.00839820544152
5.98076102499e-05
-0.000659343983346
-0.00109413626511
0.000178829981276
-0.00274183527096
-0.00231947314922
-0.000875793872186
-0.00379348961983
-0.00427160079536
-0.00195715769028
-0.00401838444433
-0.00710273783562
-0.00351147210541
-0.00537121104839
-0.00314922343203
-0.00492895722127
-0.0020851691341
-0.00531726275051
-0.00839823148815
-0.00665173270541
-0.00640425207103
-0.00794000358581
-0.00616181993858
-0.00587584211127
-0.0053694087562
-0.00929886407883
-0.00751451259817
-0.00519894377357
-0.00905561263955
-0.00547400536312
-0.00567003936319
-0.00435911639474
-0.00828879045675
-0.00751781717166
-0.00619045909371
-0.00782662345032
