0.00459173458567
0.00120493964695
0.00203174743862
-0.00219340843652
0.000295627188211
0.00114685127138
-0.000875706769694
0.0016765864778
0.00256085594094
-0.000184941674764
-0.000464745977217
-0.00174626603094
0.00105202909589
0.000725557440221
-0.000493867292742
0.000140278989101
-0.000229592712304
0.000726554002897
-0.00325514700662
-0.0010568090384
-0.00470554690583
-0.00453792081612
-0.00204896491468
-0.00182246326224
-0.00168003871432
-0.00150671847063
-0.00268183228709
0.00286636932142
0.00384003272128
0.00084969465342
0.00255137313984
0.00113851102986
0.00206187795446
0.00153574120833
7.84782750005e-05
0.000982500086426
0.00124735856691
0.000305562256385
0.00195257323122
0.00221511842313
0.00151393424699
0.000639720592988
0.0010166031689
0.000439694821891
-0.00164358965927
-0.00407852920914
-0.00242005358361
-0.00707921911533
-0.00533307093066
-0.00364721027818
-0.00162538541434
-0.00451789495304
-0.00477882438924
-0.00272956516395
-0.00472231298523
-0.00541333370687
-0.00584379597238
-0.00442644749977
-0.00432557835709
-0.00681215494591
-0.00545128917866
-0.00551698838174
-0.00576732369619
