-0.00489121157389
-0.00188660806779
-0.00266076924078
-0.00347278394022
-0.000427127497063
-0.00113589318379
-0.00421348529361
-0.00517736899529
-0.00190399627951
-0.00275638312442
-0.00682596976784
-0.00453348139738
-0.00123205217243
-0.00531521042759
-0.00534392500138
-0.0021003993443
-0.0038830187572
-0.00388582446556
-0.00782050709169
-0.0044988747797
-0.00534217375945
-0.00495955789823
-0.00585282795573
-0.00709440472333
-0.00687131862956
-0.0034407445318
-0.0040971781901
-0.00577653402648
-0.00271171628649
-0.00148636273405
-0.00411707258634
-0.00130707992786
-0.00215154659565
-0.00256575284339
-0.00389609273803
-0.000633298366591
-0.00259546891373
-0.00649880462484
-0.00413113262398
-0.00535285497306
-0.00510269881891
-0.00489280742645
-0.00608137428635
-0.00363809106964
-0.00347871638928
-0.00712862981032
-0.00874918954945
-0.00492442751634
-0.00833010712387
-0.00769763320296
-0.00588376248535
-0.00717417794822
-0.00874460460689
-0.00450243180402
-0.00821581470856
-0.00764241574998
-0.00552113566095
-0.00719870642332
-0.00854447693077
-0.00412357361939
-0.00827918077857
-0.00404939827822
-0.0051103538359
