-0.00180474087353
0.000829596400036
0.00124443626756
-0.000379556988021
0.0021339836492
0.0026140896345
-0.00141677392339
-0.000603723663869
0.00186727665107
0.00185132483928
0.00138517288487
-4.00391861421e-05
0.000687361407826
-0.00296987558755
-0.000878145246854
0.00186887744949
-0.0014798574851
-0.00233796931736
-0.00270468432414
-0.00471690795478
-0.00380686699361
-0.00637165216918
-0.00383527602593
-0.00297199442852
-0.00315666663515
-0.00210027070894
-0.00395531218497
0.00303721165349
-0.000658796325635
0.00076523910455
0.00204874798367
-0.00106545821432
0.00227609101484
0.0033766154794
0.000228761514027
0.00342636642311
-0.000564520816357
0.00127859358854
-0.00290369072561
0.000737117403984
0.000402148199077
-0.00372506797092
0.00214312184664
0.00162758345075
-0.00219086181839
-0.00526568888589
-0.00358920078288
-0.00733684878016
-0.00414576171546
-0.00591699544339
-0.00840000189071
-0.0051989175008
-0.00466215485987
-0.00711246710189
-0.00747373081302
-0.00508780340098
-0.00755250995419
-0.0045405353068
-0.00618352826236
-0.00642393824698
-0.00549509670071
-0.00718725536515
-0.00742652327509
