-0.00151173244919
-0.00135869430246
-0.00280752849639
0.000518091768118
-0.000980566254145
0.00176269445649
-0.00165844599085
0.000926975024308
-0.000404613116693
-0.0022387772683
0.000118294871064
-0.004144388244
-0.00431696478878
-0.0017331990588
0.000699677392109
0.000411839874662
-0.00397799470128
-0.0012827845032
-0.00740439627174
-0.00607904925752
-0.00354666688751
-0.00411128331776
-0.00522039075392
-0.00653551314223
-0.0080930017334
-0.00526833186757
-0.00445758258622
-0.00148907978498
-0.00298099387212
-0.0042774052267
-0.00336801238204
-0.00477471945915
-0.00603984289058
-0.0040838359055
-0.000651142943847
-0.00195882288699
-0.00295580979579
-0.00681459010969
-0.00405630578416
-0.00353386129401
-0.00247553938103
-0.00629927557259
-0.00552649827501
-0.00458207733539
-0.00649383623825
-0.00540739222806
-0.00477782021053
-0.0101515270157
-0.00829283081198
-0.00542793362484
-0.00490069318852
-0.00676517703119
-0.00600105484958
-0.00533953695602
-0.00630803360947
-0.00630741831869
-0.00806397860057
-0.00505712733543
-0.00492936539718
-0.00862943640324
-0.00769872113473
-0.0058052035529
-0.00946730137739
