0.000157787561897
0.000828973345007
0.000985695490708
-0.000621724153736
0.00128029441887
0.00149794292578
-2.14971897187e-05
-0.000405756562893
-0.00352643920334
0.000330937296325
0.000124669621115
-0.00306941156737
-0.00258738063254
-0.00123935371306
-0.00172558665853
-0.0042644856125
-0.000637632148674
-0.000828690003673
-0.00214978828171
-0.00363570263585
-0.00695765410488
-0.00143567816472
-0.004983511343
-0.0059846354568
-0.00268260703936
-0.00352443684888
-0.00314011856744
0.00302128595905
0.00067598111418
0.000963312817304
-0.00143709289162
0.0010930468662
-0.00126305485236
-0.000975962571517
-0.00073543911568
-0.00300627378831
-0.000936198041327
-0.00140255205691
-0.00160871821345
-0.000469070115813
-0.000747023157449
-0.000380040041001
-0.00228356618019
-0.00225944268618
0.000296340015456
-0.00429236547429
-0.00554807812886
-0.00487926810656
-0.00384799513298
-0.00586968316575
-0.00642048203975
-0.00556072126944
-0.00518038013502
-0.00487300119848
-0.00462106608676
-0.00482746295248
-0.00710567124154
-0.0065978922105
-0.00701358196821
-0.00695420197289
-0.00624050987414
-0.00470327324226
-0.00487562336145
