0.00394238332015
0.0036407836564
0.000800461712627
0.00294197572925
0.000324345339899
0.000830075864026
0.000857936890054
0.00464111447444
0.00427902502058
0.0015012775102
0.00179517423577
0.00213792037314
0.00235099168072
0.00156028144072
0.00209943212031
0.0019908573919
0.00236533093665
-0.00123908367669
-0.00236082595819
-0.00251958786115
-0.0040338149173
-0.00244620033089
-0.00262850103767
-0.00239630756841
-0.000485761834597
-0.000701611515252
-0.00281374129712
0.00194399313874
0.00183655476943
0.00178357465693
0.00146532370233
0.00369162997855
0.00337445637897
0.00369598876851
0.00344950430397
0.00322316418774
0.00175368652218
0.00184636654804
0.00172108829185
0.000650200181728
0.000678852333996
0.000486544125289
0.0015832727854
0.00274102102644
0.00110480062224
-0.00597197891127
-0.00477400975495
-0.00347581068684
-0.00842635532654
-0.00725644447706
-0.005998703412
-0.00855682515155
-0.00751268375245
-0.00619196212705
-0.00742376236861
-0.00793383482042
-0.00810981542876
-0.00782372239329
-0.00506825399056
-0.00857217070873
-0.00704920965507
-0.00766195989128
-0.00766138870868
