0.000619264742065
0.001566196624
0.000581484239267
0.00308282607416
-0.000123167030513
-0.00109728496611
0.00373012370967
0.000546339491496
-0.000428535283815
0.000213776281169
0.00335546416904
-0.00289361688512
-0.00130525560063
0.00174317735312
0.000422630666817
0.00180501996357
0.00222509906108
0.00102060645305
-0.00232116151512
-0.00340378394483
-0.00467591218495
-0.00385596882707
-0.00179761542088
-0.00233489995547
-0.00180432053861
-0.00355050075409
-0.00367876545886
-1.07559309806e-05
0.000404415920147
3.87327990037e-06
-0.00159151555166
0.000752571931326
0.000327933643547
-0.00107382182679
-0.00109708224694
-0.00149950994122
0.000167070660248
-0.00155763581114
-0.00166072174593
-0.0015236492396
-0.000764362595521
-0.000945202747053
0.00271701538211
0.000113631184546
-0.00250555665178
-0.0074289999835
-0.00756725130087
-0.0064052570229
-0.00829042662609
-0.0061825696247
-0.0049239796467
-0.00691306171533
-0.00693258986302
-0.0055668630475
-0.00529383141869
-0.0083224811226
-0.00534095129114
-0.00591428582569
-0.00902706974663
-0.00383327052641
-0.00659199466851
-0.00624766028936
-0.00447095705384
