0.00378747506555
0.00324973621154
0.00324745975459
0.00161738832251
0.00327761919826
0.00327615086289
0.00162339767695
0.00109648770932
0.000231427024749
0.00241443828731
0.00302259288636
0.0030430516707
0.00465843746748
0.00306471291833
0.00119065183672
-0.00103022149459
0.00125699033538
-0.000311064903272
-0.00455619080491
-0.000816686379735
-0.00148374849662
0.000175025586317
-0.00246292256854
-0.00133820691178
0.000668484393304
-0.000816387655284
-0.00105972104396
0.00592702349678
0.00341810581932
0.00307671807915
0.0014232540991
0.000592181937303
0.00531202047341
0.00357750165273
0.000616069057428
0.000795075283909
0.00303523392985
0.0036108845498
-0.000753920492537
0.000980688507752
-0.000565803883681
0.00150928241841
0.00109870873262
0.00178868437991
0.00163996764265
-0.00363988914783
-0.00665069207237
-0.00430573692973
-0.00481605469064
-0.00813756765974
-0.00369413693518
-0.00649313063508
-0.00731737700504
-0.00540103332382
-0.00798705428562
-0.00756755168045
-0.00867510353303
-0.00854222474065
-0.00505185568542
-0.00614554417775
-0.00460870530353
-0.00644164948795
-0.00540717543399
