-0.000599060749803
-0.000650445160935
-0.000272461554919
-0.000705652262876
-0.000535678064373
-0.000151130609498
-0.000698964670112
-0.000520092742558
0.00323639198993
-0.00303462511438
-0.00357405493214
0.000423470560714
-0.00248309244003
-0.0029142858291
-0.00363648528688
0.000446924975832
-0.00218894732491
-0.00269699664558
-0.00415913184593
-0.00479420245776
-0.00162962975513
-0.00258414218436
-0.00482921883516
-0.00149701330997
-0.00213545035843
-0.00437779701199
-0.00122318578319
0.00248573828724
9.07990316251e-05
-0.000260684062504
-0.000307132690201
-0.000218194421807
-0.000556516043484
0.00346141856472
0.00347306633317
0.00335935722171
0.0015085081525
0.00171921687936
0.00249142647588
-0.00186050711689
-0.00176614408089
-0.00119635184026
0.00152778382856
-0.00175794871543
-0.0012099515892
-0.00304151543857
-0.0049449527805
-0.00637289369133
-0.0058695786395
-0.00409165343546
-0.00261318539765
-0.0031803814581
-0.00409164778064
-0.00541830082854
-0.00618983193724
-0.00412564151998
-0.00522711695956
-0.00436045744463
-0.00414637651899
-0.0052483546621
-0.00323984095469
-0.00465259011062
-0.00493932191205
