0.000335133861676
-0.00100529127522
0.00011008305827
0.00055743494196
-0.00230291652771
0.000229598679452
-0.00101208348685
-0.00201892176229
0.000920102376516
-0.00367715083203
-0.0026453614933
-0.00607513542318
-0.00407994793685
-0.00252754842261
-0.00116655265419
-0.00363764263064
-0.00278464408529
-0.00128432702599
-0.00471971726726
-0.00626757837314
-0.00262290373464
-0.00602236873125
-0.00240451623331
-0.00375599550652
-0.0021171426893
-0.00344981012342
-0.00495761661395
-0.00182264766326
-0.000920261007649
-0.0031894370542
0.000253212123405
-0.00181232478938
-0.00112950679369
0.00308916703014
0.00091807768627
-0.00187517295729
-0.00498514826859
-0.00346679552304
-0.00240581057632
-0.00100508390523
-0.00418457047901
-0.00254667834035
-7.90983546941e-05
-0.00477011124048
-0.00311412479702
-0.00559545441341
-0.00259678729936
-0.00373026536092
-0.00588034839063
-0.00289963731801
-0.00405177296362
-0.00326030737689
-0.00311923919869
-0.0042849780494
-0.00458368577186
-0.00197087014031
-0.0065073083974
-0.00547470474285
-0.00278346652842
-0.00731605825541
-0.00231253875548
-0.00351926739153
-0.00473370284967
