0.0023640273035
-0.0015050956901
0.00178258132052
0.00360082226858
-0.000282491577925
5.49956632994e-05
0.00041668368482
0.00104328125241
0.0013490002424
0.00256183825725
0.000124962633703
0.000890162807744
0.000427742427055
0.00147552943983
0.00226714608994
-0.00185184198079
-0.00107406804687
0.00360911085763
-0.00223619579431
-0.00302640737195
-0.00371133554196
-0.000852626901985
-0.00124045973174
-0.00184420485677
-0.00392286172053
-0.0042779333736
-0.00494758441598
0.000953861420242
0.00249050805651
0.00269959879498
0.000687978642542
0.00226486887244
-0.000701539305334
0.00164621947392
0.0048828984664
0.00190513654297
-0.00183130531346
-0.00314333243311
-0.00338370334707
0.000518670260209
-0.000758529930195
-0.0038826744489
0.000164042132404
-0.000729428175858
-0.00169349680142
-0.000480471756466
-0.000620547528897
-0.00531802700042
-0.00165608668279
-0.00124600750423
-0.000966942602154
-0.00219903940362
-0.00181041958625
-0.00155239830916
-0.00469137400531
-0.00177723060484
-0.00532455075069
-0.000165919402527
-0.00368248862782
-0.000927344385557
-0.0021071917502
-0.00407570569206
-0.0013838940808
