-0.00196560726605
0.000179176021504
0.00186398271763
0.00179189216857
0.00183246352084
-0.000278407918746
0.00215361541886
0.00218584532422
0.00420521674196
0.000151528448059
-0.00164255567834
-0.000995088886576
0.000431636423296
-0.00134004535502
-0.00286144654282
-0.0015562756477
-0.00330200034501
0.00192797231044
-0.00340139349327
-0.0016027227895
-0.00360172158963
-0.00304502568422
-0.00109819911679
-0.00270563453736
-0.00251033885458
-0.000433585304146
-0.00232315023888
0.000400151332552
-0.00276976680161
-0.00330462703697
-0.00079580912489
0.000668248913868
0.000201022384949
-0.00189871070763
-0.000637190207271
-0.00116056580866
-0.000759846769405
-0.0016131786341
-0.00238626321709
-0.00185119076412
-0.00278867820231
-0.00362177275936
-0.003210343913
-0.00411622713945
-0.00482708081745
-0.00250971406697
-0.00206423691896
-0.00541000630976
-0.00219124424775
-0.00172045208041
-0.00118015894408
-0.00178735802407
-0.00128471065577
-0.00407617338447
-0.00359370577231
-0.00411897569865
-0.00653429378673
-0.00350923766225
-0.00584501667974
-0.00172012002577
-0.00342871160238
-0.00566061336559
-0.00150901377777
