-0.00197400987545
-0.00135403754555
0.00114819689754
-0.00196699347916
-0.00127579787411
-0.00315038349941
0.00100765488971
-0.00109831833576
-0.00297276231704
-0.00213624867421
1.52486566229e-06
-0.0030031386924
-0.000126600673285
-0.00416173637061
-0.00215543577375
0.000402431075156
-0.00266528276685
-0.00124563558928
-0.00182601247495
-0.00430922757785
-0.00293517053832
-0.00363781691839
-0.00260450445979
-0.00105573829807
-0.00254910637744
-0.000807065999426
-0.00460018876559
0.00148857881513
0.00231636763705
8.22784799533e-06
-0.00236197489199
0.00217696212172
-0.000112022068771
0.00077839894707
-0.00153735013789
-0.000433611009312
-0.00130719201273
0.00141189583102
-0.000599005803467
-0.00126160550416
-0.00302050519306
-0.000511041380735
0.00154723881303
-0.000813892184476
-0.000562320953803
-0.00287961093459
-0.00484420535564
-0.00188472703905
-0.00513353911223
-0.00554553373968
-0.00426221842475
-0.0055531550852
-0.00495916933283
-0.00482958311029
-0.00362571436092
-0.00367573508191
-0.00544349020968
-0.0054111723665
-0.00557746667674
-0.00130336783864
-0.000910769563684
-0.00312156733359
-0.0036047406363
