0.00132754668894
-0.000189317399985
-0.00259631982119
0.0024389348387
0.000850239257481
-0.00164901603004
-0.000657262245986
0.00198433637231
-0.000559982379279
-0.00143804678335
-0.00437248579273
-0.00391505611663
-0.000390223014544
-0.00366999722056
-0.00364527011201
0.000536601497213
-0.0036062701673
-0.00381189704802
-0.00403851098831
-0.00253883434816
-0.00626354087553
-0.00514858117143
-0.00381265377445
-0.00229661548678
-0.0059381608105
-0.00488837231878
-0.0034901167797
0.0016072353541
-0.00107989857101
-0.00160952934275
0.00110534517045
0.00100357495691
-0.0020966577126
-0.00258247781458
-0.00237095291827
-0.000492893236285
-0.000800208994475
-0.00424087714011
-0.00379105206875
-0.00136045025907
-0.00480063032945
-0.00318266712344
-0.00543525666095
-0.00440290266579
-0.00312975883669
-0.00726816152291
-0.00413557571431
-0.00483169423348
-0.00671697559266
-0.00354325735299
-0.00423260263829
-0.00608050638069
-0.00285990698292
-0.00395662146713
-0.00530556446898
-0.00286048053644
-0.00426129757609
-0.00442810531092
-0.00605325815548
-0.00343626004976
-0.00356354750536
-0.00517260748982
-0.00269204076331
