-0.00176516106123
-0.00129374550081
-0.00315166767781
0.000958459426522
-0.000868239336939
-0.00272016211279
0.000975345005049
-0.000701930116224
-0.000360631822062
-1.43469039378e-06
-0.0032610362559
-0.00151156707697
-0.0044715913342
-0.00239636705731
-0.00565395637252
-0.00390591386379
-0.00180501808517
-0.0048531647263
-0.00426414878111
-0.00366002987151
-0.00164007139658
-0.00299130898971
-0.00627913964601
-0.00491675503242
-0.00499232137439
-0.00428649736118
-0.00327629327485
-0.00245275177673
-0.0010309603273
-0.00279027564466
0.000967608404047
-0.0012515112315
-1.82346721258e-05
0.00065689078043
-0.00137820947736
-0.000146307037974
-0.000583203413197
-0.00269569390661
-0.000572000800723
-0.00258008938743
-0.00065428181312
0.000266630430776
-0.00215564685251
-3.8589684729e-05
-0.00314123442703
-0.00491868882183
-0.0024197804472
-0.00806426070561
-0.00744163233571
-0.00493225679703
-0.00499662123972
-0.0050105836035
-0.00478146325588
-0.00460004595546
-0.00298497563656
-0.00391222693693
-0.005125240037
-0.00524383221264
-0.00622467291774
-0.0056592624698
-0.00503339096385
-0.0060063849094
-0.00157091957267
