0.00130380005043
-0.00039342633264
0.000646423316707
0.00254499466275
0.000862242182682
-0.00103857169864
0.00356149330763
0.0018934833975
0.0001057832472
-0.00117049097837
0.000515070949535
-0.00113908339924
-9.11496081365e-05
0.00157809219229
-0.000274106711781
0.00104468314472
0.00246623198636
0.000653020383744
-0.00354529837048
-0.00209725087181
-0.000680136869335
-0.00465230058857
-0.00315831220251
-0.00174203563217
-0.000856265520223
-0.0038916862011
-0.00257610132947
0.00263360249705
0.000513427013267
0.000203725024602
0.00245568873296
0.00249759674324
-9.91130198295e-06
0.00455085136347
0.00236057201387
0.00185112126414
7.28249400246e-05
-0.00146808134679
-0.00162297648981
-3.6952408908e-05
-0.00158528898289
0.000229675134346
0.00194225655889
0.000245663353323
-0.00278417418367
-0.000374108268756
-0.00203745885257
-0.00379516929223
-0.000569670393338
-0.0023104076242
-0.00403544553128
-0.00073359630334
-0.00251754499392
-0.00417985085014
-0.00370438746585
-0.00353903037997
-0.00198032879207
-0.00355471351478
-0.00339501914427
-0.00184287545999
-0.00503437034895
-0.00315403497408
-0.00256508504185
