0.00319992852774
0.00195678056458
0.0010278623475
0.00407561460141
0.0035758330361
0.00271562316896
0.00528702720821
0.00458692655659
0.00377269565852
-7.79565625045e-06
0.00162619848428
0.000254001387709
0.00163032842243
0.00309483428824
0.00165543138772
0.00304271243061
0.00445742143341
-0.000723545395704
-0.00240025882742
-0.00123074555867
-0.00495371445349
-0.0032857173545
-0.0029352697489
-0.00163027857575
-0.00188235589325
-0.00442405163605
-0.00347135018161
0.00174622733084
0.00120528519726
0.00142950262518
0.00123927759725
0.000672377676333
0.000911530993441
-0.000381374346341
-0.000738097989116
0.00354271799387
0.00209378926835
0.000230458169422
0.00260925087122
0.000453662261644
0.00292929653852
-0.00297706646269
0.00330813457431
-0.00113061098586
-0.000354316773723
-0.00390127439006
-0.00164748273196
-0.00446389139631
-0.00475153392725
-0.0026399367281
-0.000476919563906
-0.000764505754973
-0.00349824190541
-0.00139064747901
-0.004572210611
-0.0028127068283
-0.00442920096939
-0.00438703063367
-0.00606034731096
-0.00466274463891
-0.00431632209361
-0.00617204947885
-0.000513301348953
