0.00322550532749
0.00081860153455
-0.000988138772707
0.00440708960531
0.00198215652663
-8.61692529473e-05
-0.00144050247403
-0.000404847884603
-0.00229930718216
-0.000146779920173
-0.003937966882
-0.00283441764388
0.000578373863742
-0.00320282035711
-0.00238205125215
-0.000248536170456
-0.00342661858641
-0.00240442050171
-0.00242277029169
-0.00097536908905
-0.00449664396078
-0.00351024027363
-0.0019711825931
-0.000648195335798
-0.00465411124247
-0.00326153243179
-0.0018401813978
0.000321573295805
-0.000156769236963
-0.00347522968868
-0.00285832628089
-0.000913707166331
-0.00170425130979
-0.000706285716307
-0.000895901845693
-0.00358182290516
-0.00535258641079
-0.00386866573164
-0.00152098448488
-0.00562404674347
-0.00325891195819
-0.00135996204752
-0.00494325790141
-0.00292512507461
-0.00128337861726
-0.00342851242082
-0.00372467395831
-0.00445081045665
-0.00624803820294
-0.00321466613608
-0.00390254729632
-0.00569057103047
-0.00261582776216
-0.00325935406939
-0.00490443528867
-0.0026151098462
-0.00384037661505
-0.00423730953794
-0.00184555449248
-0.00314519111797
-0.00341525861126
-0.00491675914854
-0.00243965968617
