-0.000416551784174
-0.00216625389027
-0.00204575326636
-0.00302132093047
-0.00247379443219
-0.00412810210844
-0.00320608780451
0.00170372963622
0.000164421690474
-0.000548246865576
-0.00332512150446
-0.000871393100019
-0.00106890644354
-0.00418497131209
-0.00176276460505
-0.0024067162764
7.88080154634e-07
-0.00222612837071
-0.00259070930158
-0.00321148982526
-0.00423861060736
-0.00106725854451
-0.00195827860854
-0.00134819900741
-0.00434620166668
0.000285782316835
-0.000553985683363
-0.00308400263966
-0.00290900928793
-0.00423932644188
-0.00349410410498
-0.00368103522934
-7.10955892557e-05
0.00086589337326
-0.000651994980026
-0.000768560551881
-0.000578122991603
-0.00319036786067
-0.000817842752437
-0.00148044430414
-0.00412978961982
-0.00179484166432
-0.00237958165993
-0.00508544623283
-0.00271099399134
-0.00195728343305
0.00130927515107
-0.00344928966037
-0.00187606015037
-0.00175929964321
-0.00128624354185
-0.00290001503218
-0.00293128420908
-0.00103468820833
-0.000467147676581
-0.00137380572669
-0.00250312686518
-0.00414410308155
0.000906192347134
-0.000235575355909
-0.00208890320316
-0.0029681207826
-0.00386201613679
