-0.00525389387013
-0.00158075397999
-0.00301795399634
-0.00539753682842
-0.00184563539801
-0.00319455505469
-0.00556767385105
-0.00209134178624
-0.00345777974676
-0.0032833046766
-0.00235107482156
-0.00149900648219
-0.00358019817373
-0.00266525982602
-0.00176751730842
-0.00378368946985
-0.00285152431479
-0.00200454018035
-0.00274950176135
-0.0056646567815
-0.00164786310943
-0.00503872071922
-0.00497739622251
-0.00390036611426
-0.00411796200378
-0.00717421380324
-0.0029678859776
-0.00221128048672
-0.00352990635443
-0.00492151049438
-0.00238458805268
-0.00380283235509
-0.00510053493502
-0.00251302192941
-0.00396203210752
-0.0053632056411
-0.00406587031843
-0.00315088032311
-0.00217055272165
-0.0043809808635
-0.00338254053309
-0.00233658224033
-0.00462695226022
-0.00349321655971
-0.00253571520586
-0.0028684003518
-0.0021463873451
-0.00151692459655
-0.00248167357294
-0.00173367660373
-0.00107513955081
-0.0024244771539
-0.00125404635115
-0.00550581946769
-0.00255313068887
-0.00122917868996
-0.00490678046044
-0.00215113141778
-0.000800849372582
-0.00456323937782
-0.00174901157264
-0.000442868452771
-0.00416359354346
