-0.00432752149892
-0.000594541935653
-0.00157630295254
-0.00383840837967
-0.00480340881813
-0.00108932735524
-0.00328750379518
-0.00425233306409
-0.000540814865877
-0.00145417591239
-0.00584859991943
-0.00477583421363
-0.000855675756062
-0.00522295102846
-0.00426547244841
-0.000904856101726
-0.00466180571447
-0.00368450828684
-0.00551243720657
-0.00166400792698
-0.00303828800457
-0.00296239340645
-0.00420742433277
-0.00555131041718
-0.00560251347575
-0.00181117075017
-0.00327449845357
-0.0029538106961
5.63675975415e-05
-0.000848797616595
-0.0017640598776
-0.00454051409894
-0.000846937411423
-0.00258961192077
-0.00348032039833
0.000233915695961
-0.00074878125071
-0.00423651433539
-0.00360559174869
-0.00463554584908
-0.00440734190315
-0.0027608810945
-0.00464452223219
-0.00352243054132
-0.0027705667196
-0.00399094349063
-0.0041377838751
-0.00470540337438
-0.00405259779506
-0.00435337836547
-0.00117846318408
-0.00418371496716
-0.00457209711323
-0.00466537501995
-0.00373621119827
-0.00369173850365
-0.00484015681552
-0.0036857060325
-0.00364148760106
-0.00481034322396
-0.00353246994654
-0.00534561651295
-0.00478072729188
