-0.000833638289658
0.000366954135454
0.0010134135849
-0.00062315569959
0.0011731235252
0.00183914058346
0.000198739810971
-0.00214280208756
-0.00145355834617
-0.00171194914872
-0.00384314305247
-0.006210271393
-0.000721419891825
-0.00277661563103
-0.00524586081307
-0.0044229385634
-0.0015933269342
-0.00414471793776
-0.00459839656093
-0.00618969686106
-0.00367711479539
-0.00413644117822
-0.00447677848298
-0.00231241696357
-0.00752684780735
-0.0039137144428
-0.00625303707015
0.00129261457997
0.00226072033832
0.000539760951162
-0.00102707823813
0.000381956809176
-0.0027902419375
-0.00110001702838
0.000221606443501
-0.00192840382826
0.0018232066607
0.000159495895551
-0.00171837845003
-0.00260637703019
-0.000420641351968
-0.00234725996264
-0.00102652210184
-0.00296753042221
-0.000436365457202
-0.00195615243979
-0.00151643896116
-0.00763075736153
-0.00246121176648
-0.00209562738723
-0.00159276199975
-0.00186272262862
-0.00311110302616
-0.002777962236
-0.00330118886061
-0.00468673365098
-0.000684579085453
-0.00363790075704
-0.00458896891992
-0.00142106673479
-0.00378366493965
-0.00513474580561
-0.00164597997611
