-0.00138785546151
0.00090575131519
-4.69290651174e-05
-0.00118388321928
-0.00241083607863
-0.00259730253033
0.00150883087089
-0.00223574693122
0.000153922824707
6.00026305222e-05
-0.0012992232476
-0.000152408453433
-0.00301216409703
-0.00205446977745
-0.00119361763009
-0.000369724098867
-0.00174281745258
-0.000863624006243
-0.0047945703865
-0.00429488107816
-0.00647841634773
-0.00330880074352
-0.00561542332256
-0.00695465234027
-0.00508060228125
-0.00419456535597
-0.00157883004212
0.000375099765559
-0.00270687586975
-0.00109263011148
-0.00210963912007
-0.00340119171556
-0.00179441892728
0.000805411807547
-0.000473283741462
-0.00111996216346
-0.00311034619572
-0.00201302952807
-0.000932856230308
-6.03403005834e-05
-0.00287199569652
-0.00449434018852
-0.00332089490522
-0.00229350337706
-0.00271495166887
-0.00291340329541
-0.0030295652076
-0.00326462336298
-0.00401715701647
-0.00435116944674
-0.00442727224455
-0.00503510323072
-0.00539749628109
-0.00612189940966
-0.00526396444842
-0.00437907132637
-0.00287400970564
-0.00537379349612
-0.00448605155341
-0.00320438084441
-0.00151822637452
-0.00447555974945
-0.00386903430676
