-0.00168361137489
-0.000465094173839
-0.000774290406202
0.000356034987877
-0.000563748206239
0.000334459134542
0.000240106106906
-0.000551684356245
0.000339024294101
-0.00113226645113
-0.00311920730903
-0.00475889293924
-0.000882274151478
-0.00278370984266
-0.00456671236982
-0.000848076620793
-0.00264233424665
-0.00443942472476
-0.00365287847011
-0.00227777287757
-0.000782175877532
-0.00256141591688
-0.00107746990613
-0.00472084509673
-0.0013983664914
-0.0049346472734
-0.00339729112845
-0.00144729638436
0.00046034096032
-0.000238159084509
0.00103749309686
-3.62218962548e-06
0.00155287181212
0.000535180452069
-0.000469176343767
0.00118947337233
-0.00320272410948
-0.00127063324186
-0.00303723809394
-0.00321822986697
-0.000591647555213
-0.00305406659243
-0.00313311171245
-0.000498783569156
-0.0028261798469
-0.00273875993279
-0.000964746632659
-0.00621738600694
-0.00404567226103
-0.00188692130173
-0.00351333100064
-0.004833045846
-0.00318623897391
-0.00441793095539
-0.00290024789071
-0.00388863402595
-0.00333925569383
-0.00358971543108
-0.0054609030967
-0.00405626722856
-0.00529026019252
-0.00607737517572
-0.00141327996614
