0.00362067439998
0.00324205387238
0.00304711985983
0.0037806279335
0.00242257590509
0.00221449346074
0.0030169975751
0.00266873526907
0.00124440074723
0.00627629579855
0.00645518971662
0.00666609530007
0.00568574025421
0.00546051003404
0.00555209524625
0.00463986118147
0.00601191151253
0.0061610823301
-0.00191149580695
-0.00424788914073
0.00147272380578
-0.00170314241044
0.000698106720264
0.00243310448322
-0.00355670097243
0.00111146776412
0.00109248286999
0.00492123480944
0.00396061399847
0.00252402085199
0.0046519491919
0.00346907665775
0.00201229136251
0.00424300149628
0.00304235775894
0.00214080946082
0.00222760265161
0.00153631342073
0.00213511282396
0.00158212826565
0.000833046305371
0.0013641355717
0.000828953425932
0.00135769304267
0.000549255449004
-0.00532715904696
-0.00189174479719
-0.00334483598359
-0.00416898316726
-0.0056803462112
-0.00211647459478
-0.00303408460085
-0.00467378827628
-0.000789991186779
-0.00501630198735
-0.00635058655953
-0.00506845642891
-0.00422152200268
-0.00556860640599
-0.00442878558788
-0.0031540236454
-0.0045172846387
-0.00356224017171
