0.00160875336287
0.00689820972619
0.00454726463632
0.00588370636739
0.00413824053861
0.00280615278459
0.00340292973586
0.00495325101633
0.00709467486008
0.00527600086633
0.00343880391229
0.00458877344357
0.00753670806388
0.0048063399575
0.00335543235805
0.00460489284942
0.00575833065841
0.00681703435434
-0.00142791372034
-0.00142353609619
-0.000136836081368
-0.00151555796948
-0.00163654706254
0.0015701886904
-0.000610894535199
-0.00292982437254
-0.000317588579566
0.0021242231274
0.00478285649295
0.0013105305448
0.00451698642076
0.00258085189502
0.005133492279
0.00543120475365
0.0023355507664
0.00487867745259
-0.00106580214678
-0.000457183338263
0.000349749992374
0.0048866342308
0.00550438066636
-0.000189835106893
0.00246649525848
0.00310838797216
0.00395726951414
-0.00183227713999
-0.00240490695098
-0.00275689958993
-0.00567655452654
-0.0060972862989
-0.00166919779163
-0.00537034212882
-0.00460413743028
-0.00533653503924
-0.00356136117833
-0.00320956704922
-0.00590233987486
-0.00652335673109
-0.00633733558707
-0.00575172939043
-0.00658903826084
-0.00651242519784
-0.00190609000835
