0.00135925767279
-0.00178818569344
0.0016879010838
0.00220370339631
0.00178785395007
0.00175517473614
0.00189109337317
0.00167219859661
0.00176075195474
-0.000982271875446
0.000214907378981
-0.000150917455152
-0.000762573528171
-0.00136215937655
-0.00407784501404
-0.000520653817338
-0.000744257256618
-0.00187940753222
-0.00287776466893
-0.00510120463854
-0.00191436855555
-0.00347548408689
-0.00481515856869
-0.00165743794921
-0.00257831234644
-0.00455581919525
-0.00138298181283
0.000243322637895
0.00349331795702
0.00291377198958
0.00304403389613
0.0025159210175
0.00242424640003
0.00221940586581
0.00164889353947
0.00172603861279
0.00448237441735
0.000522842337931
0.000349394943673
0.00106147649485
0.000624596637334
0.00049121724024
0.000852443064035
0.000381291925146
0.000528989857516
-0.0028507303599
-0.00154629211555
-0.00619054359928
-0.00300273243846
-0.00448375076807
-0.00299088480161
-0.00574996943438
-0.00448374355057
-0.00299087634956
-0.00297909491064
-0.0062607554026
-0.00420143734204
-0.0030040904868
-0.00235275111628
-0.00422960651189
-0.00551877259864
-0.00358870127358
-0.00699048662327
