0.000714076378213
-0.000147076335077
-0.00297191149423
0.00141400535998
0.000547362718607
-0.00241420597429
0.00217443207692
-0.00331539980131
-0.00209724629894
-0.00316543886476
-0.00470127480297
-0.000842276533779
-0.0029693348756
-0.0040772371141
-0.000396212157163
-0.00263528897018
-0.00376218610262
-0.00497048306107
-0.00247554684624
-0.00471705464041
-0.00189610817203
-0.00202449414646
-0.00418899797607
-0.00116371277121
-0.00140248580401
-0.00338115665106
-0.000461901855559
0.000621541223504
-0.00173117956695
-0.00255321266789
-0.00222079496333
-0.00127505586694
-0.00211250378082
-0.00151503271136
-0.00269090824477
-0.0013043091264
-0.00132034236767
-0.00239501477187
-0.00339093503781
-0.000931714066481
-0.00183035652922
-0.00290252498895
-0.00522661581402
-0.00137363830405
-0.00245949043396
-0.00500067432929
-0.00429082535215
-0.00342193621737
-0.00461048674488
-0.00386595850018
-0.00304069439909
-0.00412864761833
-0.00373149132932
-0.00332000247896
-0.00139326680087
-0.00299293314444
-0.00319849043972
-0.00103018722935
-0.00261746660988
-0.00279929054
-0.000592886792418
-0.000786366980521
-0.00232136422346
