0.00339164005463
0.00315573060202
0.00117551968621
0.00353788359181
0.000857640880075
0.0013228371555
0.00381483810757
0.00113862362852
0.00160181679169
-0.00101512598635
0.00201070324145
0.00090450337743
-0.00115523691454
0.00182517598902
0.000462090682651
-0.00127750396283
0.00158397121049
0.000184483187111
-0.00466336788149
-0.0034022041673
-0.00205626528217
-0.0020315809364
-0.00072361240468
-0.00433044934054
-0.00449729873738
-0.00311179503202
-0.00175581530302
0.00249694748454
0.00287808035676
0.00237009666466
0.00295162195289
0.00299820748959
-0.00133013514304
0.0029020536885
0.0030145461222
-0.00119111484885
-0.00225194045046
0.00107464555028
-0.00071821750819
0.00146997463913
0.000566795245875
-0.00123656861051
0.00134322788606
0.000204148766781
-0.00160682848227
-0.0051883403407
-0.00353129656534
-0.00191906245614
-0.00471438643414
-0.00306768139329
-0.00143554184041
-0.00420398530477
-0.00253025467191
-0.000871170223168
-0.00493954794727
-0.00539863104591
-0.00154954796313
-0.00448633300195
-0.00494415479957
-0.00556594387264
-0.0039720341837
-0.00442317286159
-0.00504110479942
