-0.00129265337466
0.00211461278657
0.000921068281752
0.000202955257122
-0.000238116939305
-0.00126618740677
0.00117922318884
0.000632643738933
-0.00355360398503
-0.00458074462049
-0.00162507835977
0.00150803734903
0.000199024601856
-0.0037799139613
-0.000689728227585
-0.00206648508729
0.000929580126916
-0.00302164356684
-0.00170333701154
-0.00579857277866
-0.00123996727759
-0.0043085255138
-0.00553754845758
-0.00125319052234
-0.00357064988064
-0.00519848224498
-0.00442224709862
-0.00470180356172
-0.00573082483739
-0.00200230405255
-0.00587462258072
-0.00181174768183
-0.00318650221051
-0.00192265075384
-0.00277124106208
-0.00440706629861
-0.00394230812421
-0.00210564191402
-0.00518225250274
-0.0053226097818
-0.00329534092222
-0.00150349603976
-0.00166200462138
-0.00469633721155
-0.00279971727052
-0.00153391448098
-0.00096545367566
-0.00493703054706
-0.00186875306914
-0.00111253713037
-0.00489840456746
-0.00228462389431
-0.00155539523969
-0.000920242671188
-0.0018223395514
-0.000517775538357
-0.00411260089585
-0.00215722420945
-0.000860397259671
-0.00448893963882
-0.00249326804211
-0.00118115750124
-0.00489615309407
