-0.00249832540722
-0.00416073985176
0.000558059884434
-0.00196208774564
-0.00352448376852
-0.0037382923367
-0.00134038066135
-0.00158123798453
-0.00303555363684
-0.00262041377688
-0.000444152494138
-0.00312264030698
-0.00170056980227
-0.00454961107824
-0.00216889671892
-0.000789218773653
-0.00358663164433
-0.00126100416873
4.34184507619e-05
-0.00401992176242
-0.00305591081142
-0.00422356937759
-0.00254083183116
-0.00132415019337
-0.0034698436211
-0.000889629183994
-0.00456010301353
0.00216487879542
0.000821199775655
0.000799384915439
-0.00189042090684
0.00074485933781
0.00141269447506
-0.00182460107294
-0.00121768028611
-0.00269196998718
-0.00246584884978
-0.000474780481906
-0.00406215653494
-0.00169270016256
-0.00477540411949
-0.00280334612719
-0.000970707939447
-0.00386362754801
-0.00200941644101
-0.0050494189277
-0.00710249670263
-0.00395342287366
-0.00385137111491
-0.00419540644129
-0.00437417388558
-0.00408636672584
-0.00358998847789
-0.00354816463751
-0.00138063827046
-0.00106835342168
-0.00212201750846
-0.00361202795541
-0.00336924671888
-0.00444271253563
-0.00267818335541
-0.00350133194331
-0.0045772727535
