-0.00410215883382
-0.00383558324818
-0.00354613061972
-0.00412053400794
-0.00348660625977
-0.00321475305634
-0.00397900391853
-0.00335679789009
-0.00278697996288
-0.00298275352582
-0.00436802648914
-0.00555440662191
-0.002660178047
-0.00405453919253
-0.00549957132246
-0.00225314014451
-0.00373260314495
-0.00528043375418
-0.00541801547965
-0.00262232211308
-0.00561310673966
-0.00258947238752
-0.0068745272596
-0.00289135553105
-0.00239470092836
-0.00635880762826
-0.00276605656317
0.000933425528704
-0.00440887449777
-0.00408618656517
0.000938132434794
-0.00293319783927
-0.00386405423752
-0.0032907638209
-0.00282147874981
-0.00364320047519
-0.0032332557409
-0.00514614049289
-0.00162698899324
-0.0032228086492
-0.00464202143171
-0.00618509875167
-0.00298394865122
-0.00443754199239
-0.00585366466722
-0.00222478020875
-0.00185763620419
-0.00141272701348
-0.00269266985966
-0.00222715222296
-0.00179712595864
-0.00310268209895
-0.00267509496585
-0.00215601564165
-0.00415938080294
-0.00511560968966
-0.00140760393941
-0.00449349495931
-0.000475443018958
-0.00177043507206
-0.00485549825201
-0.000756766297128
-0.00206332276901
