-0.00240014133803
-0.00483912062396
-0.00225379701145
-0.0017414171081
-0.00411748667633
-0.00155054339544
-0.00604713795662
-0.00347397907619
-0.00588987430149
-0.00469637750027
-0.004436822878
-0.00433593578281
-0.00407051647686
-0.00387102851269
-0.00370411983676
-0.00341395853239
-0.00322780309745
-0.00303704367857
-0.0029934399346
-0.0041104460622
-0.00366449756087
-0.00527219473088
-0.00605425892329
-0.0055023642756
-0.00753759015036
-0.00799738949507
-0.00266239145125
-0.00365845347349
-0.00141877340775
-0.00399604151674
-0.00323128410034
-0.00597941803978
-0.0031152541893
-0.0025861583334
-0.00513862145828
-0.00271768539667
-0.0055331931999
-0.00607850249724
-0.00487570446688
-0.00534807954276
-0.00486761777876
-0.00477480656315
-0.0042472674833
-0.00467575289782
-0.00340453805402
-0.00355787857239
-0.0031835772671
-0.005831143119
-0.00542586006744
-0.00346777447337
-0.00329399327898
-0.00561049098878
-0.0053870153129
-0.00350709898915
-0.000473818051331
-0.00417318107016
-0.00245350560696
-0.00216607147469
-0.00446733643299
-0.00262764876293
-0.00396085035577
-0.00156015834015
-0.00435804276989
