-0.00181459128142
-0.00273674416035
-0.00473156157282
-0.000862966023797
-0.00178165729561
-0.00288376415687
-0.00358674056165
-5.21403768824e-05
-0.00116609742105
-0.00330597705222
-0.00180589694064
-0.00458346379384
-0.00229019128674
-0.00515715748222
-0.00349280462162
-0.000665354729882
-0.00402903080728
-0.00198987311982
-0.00126106777649
-0.00188956084917
-0.00365891064506
-0.00316546549095
-0.000183101593735
-0.00162802244999
-0.0029905872801
-0.00341414039842
-0.00467639824839
-0.00458154445826
-0.00135363614681
-0.00194076713914
-0.00487761988649
-0.0054759277282
-0.00223728205736
-0.00245996173261
-0.00306097865861
-0.0038489670368
-0.00673644958564
-0.00419757070413
-0.00390798851368
-0.00461482212933
-0.00458295421598
-0.00564294245753
-0.00489988262999
-0.00214323777791
-0.00337296723736
-0.00369317597866
-0.00461822592545
-0.00185971344644
-0.00433823622224
-0.00532702049003
-0.00253174037744
-0.00488583475946
-0.00243658726396
-0.00322448973739
-0.0044903281727
-0.00243259121192
-0.00209716495279
-0.00314589011434
-0.00244207671222
-0.00211404576824
-0.00293146799849
-0.0023534560335
-0.00462374369699
