0.00542026437593
0.0035374682166
0.00507014833191
0.00348290356918
0.00374224771898
0.00324379886898
0.00375900888453
0.00185048348384
0.00353892021249
0.00186265004493
0.00304785544668
0.0045739569053
0.00199922393351
0.00117872157267
0.00280160223417
0.00015513481015
0.00144110626958
0.00309320875383
-0.00487192713335
-0.00148024165911
-0.00292825607747
-0.00611450534784
-0.00266438466721
-0.00370674164839
-0.00202170592351
-0.00344816611708
-0.00472152493512
0.00298175359231
0.00181800271135
0.000364725767907
0.00199821486561
0.000800432411849
-0.000688038704806
0.000990114003437
0.00458802386688
0.00302121981529
0.00223693046748
0.00143413631084
0.00260410552427
0.000985256036858
8.56405682841e-05
0.00138922168605
-0.00018978524567
-0.00118284155733
0.000265229118944
-0.00546495887455
-0.00215081633848
-0.00387798314232
-0.00524607556708
-0.0019611442176
-0.00368237488947
-0.00498152672721
-0.0016437953262
-0.00348217785878
-0.00477981245518
-0.00248366743603
-0.00211795418044
-0.00262125633469
-0.00292630521359
-0.00591955919438
-0.00292557242927
-0.00322065923177
-0.00619760889138
