-0.00492414496189
-0.00137171541091
-0.00277856971083
-0.00503257161893
-0.00144517496948
-0.00287760949501
-0.00506732027512
-0.00151725685579
-0.00293552233345
-0.00345618718471
-0.00238707162701
-0.00158701222295
-0.00347798633921
-0.00242766878174
-0.00164144396707
-0.00348737497092
-0.0026031889602
-0.00168189781538
-0.00248925621298
-0.00519091863449
-0.00400500164186
-0.00441282079554
-0.00364209847862
-0.00596433891446
-0.00224286862241
-0.00212566350773
-0.00429189839283
-0.00447332019742
-0.000932236529263
-0.00235311852387
-0.00457165213804
-0.000919438433304
-0.00240719281883
-0.00462669876197
-0.00100307013952
-0.00247707873632
-0.00165102362109
-0.000839988354029
-0.00486695914558
-0.00181789815572
-0.00088804957598
-0.00496771503887
-0.00189839473961
-0.000865861977489
-0.00491530168817
-0.0037847607761
-0.00215686626674
-0.000448452078155
-0.00457837248015
-0.00301728935721
-0.00175856798698
-0.00109938460466
-0.00436616970756
-0.00261080447713
-0.00172837451309
-0.00415823683501
-0.00281380044811
-0.00229628898946
-0.00062291489824
-0.00424628615211
-0.00377404608612
-0.00214814285487
-0.00478298889861
