-9.48241506419e-05
0.000449177736976
-0.00262127133986
-0.000434327749067
3.44108573289e-05
0.0013988757032
0.00280696261682
-0.00023959839893
0.00113768445835
-0.00243306770282
-0.00140176629707
-0.0050562646755
-0.00283712968269
-0.00170818666128
-0.000382210825143
-0.00310407691518
-0.00186756518579
-0.000723771213724
-0.00372855376484
-0.000967248051139
-0.00326178397612
-0.00471780075961
-0.00200878409154
-0.00425326231649
-0.000636687584781
-0.00292942584394
-0.00522348243111
0.000513055724616
-0.00169330820928
0.0027344105856
-2.90333431269e-07
-0.00209024180164
0.00209048781392
-0.000498126129521
-0.00275827856718
0.00148746629914
-0.000639203862824
-6.53819760683e-05
-0.00425014171518
-0.00126622885956
-0.000318443360169
-0.00460993709879
-0.00193992081511
-0.000996005608435
-0.00486153813243
-0.00491991190371
-0.0056859047524
-0.00260216747651
-0.00169252359552
-0.00572114605356
-0.00648790337994
-0.00174453597405
-0.00269863585586
-0.00375499277734
-0.00243534897502
-0.00355311793286
-0.00526300790792
-0.00266245763377
-0.00370347256275
-0.00531593416888
-0.00588919045842
-0.00380016445019
-0.00540128296872
