0.00190907847032
0.000326966524794
0.00154336286636
0.00121680149275
0.00274383934174
0.00111959622766
0.00057022371141
0.00236858622273
0.000745692264158
2.83770214314e-05
-0.000803024192244
0.00218157551536
-0.000283307507162
-0.00105075970159
0.00197246052486
0.0015335375439
-0.00149997027033
0.00156767355094
-0.00286934982246
-0.00341677999697
-0.0017523771035
-0.00163251952314
-0.00189229901722
-0.00067871213955
-0.000736573960524
-0.000459100452384
-0.00454091717994
0.000795008123257
-6.10172075531e-05
0.00198820956003
0.000249969494226
0.00268320455309
0.00155128575935
-0.000220920832414
0.00219248285205
0.00118958637637
0.00212397825807
0.000738561023245
-0.000939842447912
0.00177650000144
0.000520916637518
-0.00117102663089
0.00151221555264
0.000270212378227
-0.0013082883351
-0.00590265537406
-0.00416249576477
-0.00577720428369
-0.00668781753231
-0.00499172678245
-0.00216670118457
-0.00466941404044
-0.00305974851783
-0.00289099262954
-0.00699229756401
-0.00432440574499
-0.00226801999787
-0.00432485572113
-0.00130225099217
-0.0030803648876
-0.00517832952793
-0.00177537948881
-0.00377477326815
