0.00226047564381
0.00318053277226
0.00526331938274
0.00672645774596
0.00281214450345
0.00489156430942
0.00631782087362
0.00340760573999
0.0045982201297
0.0046465660646
0.00503372531262
0.000504530616499
0.00418104395337
0.00450699120331
0.002600086733
0.00377502424545
0.00402992400328
0.0064599600025
-0.00195820986242
0.00205521022832
-0.000311636976656
0.000709764661214
-0.00195808268038
0.00217787428415
-0.000640248524037
0.00100214904711
0.000423385505693
0.00320008857999
0.00425466149984
0.00509225560825
0.00281752214491
0.00386524969774
0.00469349958793
0.00245591177855
0.00354931218491
0.00436902390314
0.00124496085268
0.00357471969455
0.00401177648356
0.000834775042235
0.00312672886889
0.00338095819883
0.00501425055366
0.00261401806713
0.0028321990888
-0.00361364472183
-0.00374888925692
-0.00193723980197
-0.00350360804087
-0.00356266486517
-0.00172275950247
-0.00332103575182
-0.00335234892842
-0.00153560662396
-0.00237010765004
-0.0051102917258
-0.0056793903469
-0.00237909526126
-0.00513657398494
-0.00556521026047
-0.00235095185398
-0.00280358255978
-0.00558630343674
