0.00456678946761
0.000432108931408
0.000820222970206
0.00333027454725
0.00398646760099
-1.29673124224e-05
0.00224999944658
0.00334567953004
0.00314856327709
0.00323329913181
-0.000305763467275
-0.000206073620572
0.00268394258624
0.00245214463034
-0.000898167647191
0.00187633376009
0.00226040091206
0.000684416250876
-0.00253029057239
-0.00188378859495
-0.00185387885254
-0.0049508998752
-0.00431274501633
-0.00373947882433
-0.00193641552809
-0.00158589636831
-0.00151054722156
0.00339609237182
0.0040370501347
0.0050789015301
0.00686763521983
0.00306495783659
0.00409988653878
0.00564312188239
0.00211740344878
0.00324640238213
0.00210738094177
0.00211372163597
0.00177167736757
0.00128914138777
0.00131000171868
0.0043998151834
0.000518199363121
0.000481693012444
0.00368264819434
-0.00480984988457
-0.00312228154882
-0.00413471233192
-0.00544178457358
-0.00377227859758
-0.00196695358497
-0.00609183465987
-0.00436057814699
-0.00259708685376
-0.00236665035664
-0.00578018836827
-0.00595943650704
-0.0031535727916
-0.00327266614529
-0.00660470372956
-0.00388094656614
-0.00401627457464
-0.00726006770816
