0.00452607792076
0.00564642100275
0.00669772577871
0.0040408434158
0.00517582747474
0.00625925353279
0.00360966195651
0.00470583422629
0.00577062875622
0.00306769910633
0.00362951260989
0.00385765881603
0.002562084703
0.0029568152862
0.00314482277127
0.00679610205345
0.00234847488832
0.00249980140647
0.00358886371808
0.00092856469437
0.00105934942863
0.00228089248785
-0.000136223513818
0.00386202483331
0.00165058364474
0.00247963622586
-0.00052568935734
0.00463170230398
0.00653864408157
0.00257430763192
0.00481810160162
0.00602260635985
0.00194599870461
0.00436017099722
0.0054581424878
0.00617424371557
0.00345377549441
0.00380756445492
0.00611915241562
0.00272809050664
0.00491228744623
0.00538837527444
0.00381427100422
0.00420439262835
0.00467035972256
-0.00405018731989
-0.0027699051063
-0.00175354004542
-0.00300298671267
-0.00163685035804
-0.000756509884359
-0.0020115228125
-0.000622388330599
0.000340392604292
-0.00179808732312
-0.00295679118282
-0.00452869484979
-0.00563690540934
-0.00199569433374
-0.00343554251417
-0.00464482996565
-0.0010658117387
-0.00249259792093
