-0.000626296945321
-0.00125131362874
-0.00289669207033
0.00119760894579
-0.000840126187256
-0.00113545505254
0.00104759051039
0.000992368440332
0.000683550402762
-0.00396161291553
-0.00101021918795
-0.00328209723516
-0.00222122982364
-0.00440995500744
-0.00178074276987
-0.000482513453835
-0.00273599714088
-0.00489151244045
-0.0049017053845
-0.00280806446757
-0.00372544615852
-0.00425248418445
-0.00208788165333
-0.00311462083591
-0.00731034149845
-0.00553569718861
-0.00660768325682
-0.00224643836819
-0.00317108092175
-0.00332968167128
0.00028490870289
-0.000652688757184
-0.00206174927268
0.00165890418503
0.000771714081407
-0.000592523436694
-0.00493816389763
-0.00206168927228
-0.0035803064775
-0.00327273341296
-0.00491183898464
-0.00214815043703
-0.00163336737568
-0.00341226093566
-0.00100104392345
-0.00573621440277
-0.00349930393848
-0.00549501157112
-0.00312299248478
-0.00768619639487
-0.0054557323062
-0.00728426483995
-0.00508051938923
-0.00534072718576
-0.00629660215037
-0.00363238588312
-0.00762395200598
-0.00576158787314
-0.00309635029416
-0.00739184850392
-0.00359679775559
-0.00715595493916
-0.00503390546726
