0.00255806490481
0.00356745650675
0.00168652071586
0.00218686175582
0.00296760814647
0.0010765368887
0.00162964466993
-0.000762590701861
0.000552434307703
0.00190871905607
-3.92484770004e-06
0.0028415781046
0.00115033196133
-0.000822133423099
0.00208173565031
0.000489783692748
0.00298568350056
0.00122363252405
-0.00266378572277
-0.00412205436845
-0.00251185740936
-0.00512269891528
-0.00337999425078
-0.00488203667996
-0.00412087439103
-0.00225833525077
-0.0039037374041
-0.00108005448156
0.000504197307646
-0.00137549901355
0.00218922169548
-5.25269295571e-05
-0.0019538453061
0.00167279894735
0.00346817430502
0.00162592139785
-0.000198016012027
-0.0017348833077
0.00139519222775
-0.00102190040408
0.00200297136673
0.000337557516468
-0.00180332059567
0.00115806282768
-0.000699363311801
-0.00661518801462
-0.00543138806759
-0.00413006888994
-0.00549507401897
-0.00423211722449
-0.00299727989964
-0.00429985850641
-0.00300528259489
-0.00541199719029
-0.00758875593598
-0.00295520253291
-0.00479911396906
-0.00668023444283
-0.00436316475206
-0.00388265128058
-0.00570368642868
-0.00777456035181
-0.00309480441334
