0.00199807896259
0.00320889479649
0.00386249434499
0.00599286230116
0.00262316529545
0.00339398899034
0.00336814890257
0.00633750080449
0.00279035599062
0.00139714871619
0.00362956340336
0.00255914728985
0.00465577432657
-0.000158984815753
0.00237134050328
0.00417901838655
-0.00033005721701
0.00227381718951
-0.00306457772621
-0.00299581150559
-0.00262502073621
0.000308135435046
0.000813982673291
0.00162869481301
0.000165119510238
0.000286697761374
0.0011926083737
0.00449981736673
0.00562184112762
0.00283004932079
0.00192711200679
0.00498025973082
0.00244567625176
0.00130806856254
0.0044092376938
0.00671527638592
0.00456517217563
0.00119818450808
0.00357734765009
0.00420282609326
0.000381165269933
0.00303127130427
0.00399742120838
0.00377219336195
-0.000264448977732
-0.00535663434346
-0.0026702207788
-0.0036398703993
-0.00504862286714
-0.00403450352933
4.77907030944e-05
-0.00139265479514
-0.00525254761527
-0.00127028488004
-0.00258202260645
-0.00291980928317
-0.00489211761572
-0.00411860546285
-0.00391508694012
-0.00387933542465
-0.00554859469774
-0.00499708565892
-0.00474462531127
