0.00104269973855
0.00172259496137
-0.00027612536242
-0.000378229795219
0.00239216520382
0.00114530478286
0.000485865258016
0.00321064301296
0.000894956318415
-0.00275269167308
-0.00379123923843
-0.0001298387935
-0.00214228606801
-0.00336360030583
0.000172843688942
-0.00165031206948
-0.00276328231589
-0.00433199841915
-0.00452935378409
-0.00745346759432
-0.00282794804572
-0.00426227491124
-0.00489162136536
-0.00247444934743
-0.0034457852583
-0.00462943259313
-0.00240478059576
0.00266623021228
-0.00270981759061
-0.00110466229361
0.00377835630981
-0.00218659737062
-0.000612446802377
-0.000303958550936
-0.00147399831426
5.32307621487e-05
-0.000112564606191
-0.000860190346034
-0.00325176897278
0.000110605216377
-0.000263593011873
-0.00261388410782
0.000530700620649
-4.06017576958e-06
-0.00176631754765
-0.00797059658377
-0.00725308430823
-0.0063600700584
-0.00782326178036
-0.00709522643642
-0.00619105016682
-0.00473469412779
-0.00684731837513
-0.00593415247815
-0.00519948211401
-0.00709718348508
-0.00660410928483
-0.00494881771233
-0.00454914456143
-0.00657436009854
-0.0047455062917
-0.00449338060707
-0.00646924099487
