0.00267211444077
0.00308230858791
0.00373845277745
0.00359864412097
0.00440866509014
0.000972172931916
0.00418665195964
0.00516911241453
0.00171784092198
0.00306271275335
0.00309162050331
0.00339152415088
0.00367532795256
0.00420611624964
0.000674450499016
0.00435030367688
0.00146722668971
0.000947429838364
-0.00261109575771
-0.00298366926804
-0.00395685312882
0.000174081848002
-0.000332729704207
-0.00124597211197
-0.00284540323129
-0.00185003813521
-0.00343366683176
0.00315419665135
0.00396562826663
0.00110937731696
0.00397270754566
0.000780288156627
0.0018189141512
0.00496618659917
0.00149678369435
0.00254566778921
0.0014787707234
0.0018356957173
0.00261467831469
0.00277324238267
0.00293658442811
0.00308499770086
0.00050761836607
0.00306559258584
0.00375284195433
-0.00172995949552
-0.00502219983331
-0.00484512271071
-0.00133442979257
-0.00626486030107
-0.00452569426442
-0.00238698953555
-0.00586308954762
-0.00409303996859
-0.00589227565995
-0.0062742969683
-0.00211059735769
-0.00536047001116
-0.00573927145235
-0.00157757068894
-0.00474345635109
-0.00511856326108
-0.00274933512838
