0.00220825234475
0.0019358719988
0.00626482363527
0.00398279021831
0.00187327359179
0.00173130161739
0.00397296030594
0.00185098878239
0.00171439119092
0.0042983324292
0.00178340635742
0.00222685454452
0.00403063781678
0.00433023225099
0.00486631274542
0.00376085961806
0.00396904810066
0.0045665631874
-0.00198355219624
0.000684181084846
-0.00307953664848
-0.00225583795195
0.000818050407235
-0.00284044517835
-0.00232481870903
-0.000272321703429
-0.00250672171114
0.00644418193414
0.0037260666027
0.00395379072189
0.00190595603449
0.0036074410184
0.00364103730162
0.00186492368164
0.00626347443858
0.00314906699698
0.000275998677312
0.00042006413781
0.000541159094708
0.00311719247742
0.00350580896182
-7.2769421165e-05
0.00276004258296
0.00299580687191
0.00315852184909
-0.00216591784403
-0.00251326406462
-0.00304659572808
-0.0048529609006
-0.00532211500324
-0.00175994707957
-0.00369042810836
-0.00415132733295
-0.00460265576471
-0.00731574889897
-0.00519167446234
-0.00669436403921
-0.00603919233649
-0.00397136783591
-0.00558953833344
-0.00483375651764
-0.00277904111132
-0.00445692645023
