0.0039472035821
0.00249802837833
0.00451820423874
0.000974542635842
-0.000465167382187
0.00559272031076
0.00205962244971
0.000671077250976
0.00271136055509
0.00232100357941
0.00360853703976
0.00163362033314
0.00308449414886
0.00112509981001
0.00255473778759
0.000409498904054
0.00194482242291
-0.000488766323215
-0.00295272199927
-0.00206311140478
0.000371564724937
0.0015901531595
-0.00252858505202
-2.60327014809e-05
0.0011152639611
0.00161472793274
-0.00256764626899
0.00227168402342
0.0054020855699
0.00785337981399
0.00280023804652
0.00260452712087
0.00449713565119
0.00400569198081
0.00318957119565
0.00538862055999
0.00456875287853
0.00231201715365
-0.000236910161559
0.00191956521412
0.00300889991115
0.000493081455295
0.00286923980112
0.00378081389038
0.00130116062904
-0.00174638271326
-0.0034268658436
-0.000489398250552
-0.00199494618453
-0.0039905731089
-0.00071247437206
-0.00254326190478
-0.00414486101146
-0.000836227354983
-0.00524168354329
-0.00480364517282
-0.00254908241225
-0.006583061611
-0.00460813318775
-0.00414369198595
-0.00627671513512
-0.00431404435898
-0.00431370127378
