0.00210115962656
0.000352142110611
0.00276798119709
0.00309954687876
0.00123471755633
0.00358934432731
0.00396849624428
0.00197673818272
0.000406962201439
0.00179172505036
0.00135229656358
0.00374524658993
0.00275725407647
0.00182900500489
0.0042484567303
0.00337819867116
0.00237168956348
0.00140579897803
-0.00256339493042
0.000675233634627
0.000678165377539
-0.00117195309271
-0.00254706112297
0.00264028613162
-0.000763269135197
-0.000713169486815
-0.00239969904713
0.0040633191073
0.00272232583806
0.00157857054013
0.00491115399116
0.00343093699789
0.0022623371556
0.00168077512926
0.0041680288975
0.00263550364141
0.00062563581737
0.00350076143177
0.00271813982527
0.00117323221813
0.00409017828812
0.000112112868256
-0.00143688845439
0.00156550621468
0.000729576360397
-0.00451656839903
-0.00679793778943
-0.00442279539538
-0.00358659808512
-0.00572440597535
-0.00380479610712
-0.00303787792657
-0.0051326438783
-0.00299188753286
-0.00589102934663
-0.00709878988254
-0.00853709366022
-0.00482371107879
-0.00600228007372
-0.00756244066752
-0.0037385879362
-0.00504202448471
-0.00656556577656
