0.0018040607402
0.000396149330236
-0.00115097992342
0.00042209640198
-0.000962751258534
-0.00244295123876
-0.000869933116107
-0.00225193847226
-0.00370895279474
-0.000158966774933
-0.00406638968558
-0.0026224762232
-0.0015220467201
-0.000327331993629
-0.00389933328062
-0.00279773838261
-0.00151051645091
-0.00509364218685
-0.00441400175147
-0.00175481319079
-0.00647358274022
-0.00731511005875
-0.00482066104077
-0.00558305669613
-0.0059823819616
-0.00370732669173
-0.00444793518426
-0.00197804305456
0.0012929090457
-0.0010648957089
0.00137703519
-0.000153463098812
-0.0015528695792
-9.05588714577e-06
-0.00153132833456
-0.00290971384462
-0.00311371610881
-0.00187721247695
-0.00507920060282
0.00041180197378
-0.00310190484266
-0.00167343921364
-0.000985390953634
-0.0045449266875
-0.00290193284547
-0.00695921066635
-0.00503601337428
-0.0052291543618
-0.00688957002753
-0.00699201122809
-0.004902712105
-0.00675954860146
-0.0067544295997
-0.00461457070342
-0.0061378517267
-0.00537335185137
-0.00476149921477
-0.00737758644232
-0.00537956699187
-0.00468252874986
-0.00737608592208
-0.00669111856469
-0.00454335786662
