0.000552719950045
-0.00100804955578
0.00163453736587
-6.35023005983e-05
0.00276283567221
0.000947152937035
-0.000627899462058
0.00218935057791
0.00027228332335
-0.000508420465113
0.000376708432052
0.00115266967642
-0.0012762927871
-0.000307450168314
0.000425318522692
-0.00204238824259
-0.00105819492696
-0.000223719344705
-0.00444049546262
-0.00676186452734
-0.00289922494863
-0.00190278708177
-0.00288825541535
-0.00499513023574
-0.00399173456913
-0.00522195646235
-0.00225176641046
0.000724088321369
-0.00110031836601
0.00197145951331
-1.5357791275e-05
-0.00184816296622
0.00125177272312
-0.000699182127207
0.00198383503652
0.000512077858243
-0.00341919626446
-0.00255068525857
-0.00183029277771
0.000406201572849
0.00131038798707
-0.00280980202685
-0.000472489718054
0.000386289795133
0.0011575179012
-0.00664514523928
-0.00641687271921
-0.00684626724046
-0.00594021584805
-0.00570201269242
-0.00583729114344
-0.00518845911693
-0.00491287050253
-0.00473657189946
-0.00700361107325
-0.00614245780561
-0.00364193025499
-0.00613631559118
-0.00527844355757
-0.00519696829553
-0.00518896017948
-0.00436069974674
-0.00439421198117
