0.0063919197679
0.00306586872436
0.00410189756369
0.00526948680008
0.00654866145722
0.00279328598018
0.0041354361815
0.0053208472501
0.00155656122633
0.00476011690594
0.00108012263751
0.00207617793838
0.00371794932701
-3.31432430111e-05
0.000635056605853
0.00217895164486
0.00263517849876
-0.000638916062864
0.000495440761807
0.000764180725425
-0.00442686040468
-0.00317770607059
-0.00216034289283
-0.00215447209775
-0.0010356566327
-0.00017086916324
-2.71895297177e-05
0.00370654390504
0.00502462035725
0.00143312455207
0.00266619807791
0.00397005931534
0.00489701543594
0.00652094237609
0.00288132113597
0.00377843230835
0.00413889461333
0.000666198043194
0.00170754640974
0.00286828537264
0.00338732280013
0.000475541866229
0.00162772615763
0.00213658958717
0.0030536166553
-0.0065531623357
-0.00570393340581
-0.00494048756127
-0.00635194562677
-0.00548758674319
-0.00470740615944
-0.00383817082087
-0.00518754444979
-0.00438428038747
-0.00482888159515
-0.00469832779613
-0.00589927432781
-0.00485948853497
-0.00197965155959
-0.0059010917849
-0.00484522818284
-0.00618285385631
-0.00320787775457
