0.00695013577125
0.0035649275043
0.00499967155935
0.00573012848654
0.00237218986888
0.00378805752286
0.00457998691044
0.00618114627457
0.00260068883708
0.00133476227688
0.00264888713082
0.00378470933374
0.00473900559875
0.00140352186385
0.00258090140526
0.00350746577232
0.00473394764313
0.00340303380366
0.000368143058919
0.00212096235896
-0.00284960661068
-0.00192965122541
-0.000507940430798
-0.000700409190062
0.000223896754329
0.00184902877183
0.00139701282698
0.00430812050048
0.00589487307083
0.00254487773981
0.00322044881357
0.0048051867226
0.00629456451771
0.00698566160351
0.00359022496941
0.00510964900069
0.00511269788206
0.00184589993492
0.00293662756612
0.00387156899144
0.00517903328657
0.00178649691879
0.00262006846318
0.00398377956667
0.00510801522429
-0.00591596750243
-0.00512643778017
-0.00467473458953
-0.00567261742092
-0.00456889912214
-0.00411086404316
-0.00408182384563
-0.00418095445943
-0.00353533802347
-0.00479079775137
-0.00193502981283
-0.00528497006591
-0.004514832291
-0.0016558860234
-0.00343022296948
-0.00415785149314
-0.00594792336821
-0.00312351942288
