0.0030419162524
0.00167768924807
0.00218242403369
0.00290987360352
0.00552017188068
0.00150923766708
0.00235381423045
0.00179751223084
0.00503293202397
0.00255914728985
-0.00125132124179
0.00216394390727
0.00237134050328
0.00199011981267
0.00195865898424
0.00227381718951
0.00227817145329
0.00110468842138
-0.00219950024454
-0.00147540497249
-0.00184801404555
0.000990732404987
0.00115575905828
-0.0031452502738
-0.000866438001487
-0.00111971807625
-0.000852678893992
0.00132906376876
0.00432530508065
0.00436107848966
0.00546140883705
0.00182474544067
0.00404718490181
0.0050222067399
0.00167550208749
0.00389969138072
0.00357734765009
0.00343441767556
0.00249599748827
0.00303127130427
0.00306345533763
0.00217643261938
-0.000264448977732
0.00290777955289
0.00246558649379
-0.00406208404617
-0.00144450191473
-0.00535663434346
-0.00509550148497
-0.00270857541536
-0.00504862286714
-0.00612220680778
-0.00384849772084
-0.00139265479514
-0.00467286346632
-0.0036336996436
-0.00346404825792
-0.00173930889
-0.00491024901498
-0.00475681560125
-0.00325125759421
-0.00341822566214
-0.00595128099959
