0.00114867980469
0.00252643483223
0.00052775104975
0.00224896005328
0.0034932202213
0.0014700530302
-0.000258601624316
0.00454412960932
0.00244689242329
-0.0012810945733
0.000286811629167
0.0020398923547
-0.000410598854059
0.0011975542352
0.00298309567806
0.000539914039944
0.00220162834896
0.00172440036137
-0.000384592895515
-0.00423931956826
-0.00241099572796
-0.0010520064183
0.000353520348148
-0.00318902330435
-0.00197212060031
-0.000972634678867
0.000909835279372
0.00266847995682
0.00340448574471
0.00140921500541
0.00322026532726
0.00440762879064
0.00238590140834
0.000582231430751
-0.00168460257938
0.00328282977741
-0.000479922603905
0.000983533472843
0.00295362902572
0.000250178114742
0.00172693599497
-0.00304309958965
-0.00127985742079
0.0003479015637
-0.0023437908289
-0.00466449859876
-0.00595332356679
-0.0025051141301
-0.00455213723907
-0.00577058802207
-0.00238327805951
-0.00435031876978
-0.00555903654774
-0.00224023913075
-0.00361051468078
-0.00558603706275
-0.00597491046621
-0.00309510525025
-0.00344442852796
-0.00554313450645
-0.00269063245851
-0.00319068772589
-0.00532455085634
