-0.000183353491116
-0.00038322725409
0.00351297016566
0.00287156212052
-0.000396413713932
0.00357788321631
0.00281677483556
-0.000440435030155
-0.000105318630187
0.00258221569173
0.00148515270268
-0.000521572087141
-0.00174140756148
0.00161745842225
-0.000335360198796
0.00075236276476
0.00143884708557
-6.78153851592e-05
-0.000869736087396
4.12615313017e-05
0.000484085164586
-0.00273428502677
-0.0019455249657
-0.0017200230313
6.35535088632e-05
0.000368971494184
-0.0037476070636
0.00290264441342
0.00330590118901
0.00309675710711
0.0025291824093
0.00317402482759
-0.000415282335627
0.00221171136977
0.00267754988291
0.0028294856761
-0.00165163586496
0.00156820860343
0.000738719423653
0.00148122915644
0.0015112232197
0.00070230823195
0.0015342093004
0.000828496689505
0.000781666700545
-0.00295065309438
-0.00550015774583
-0.00279218711135
-0.00242403580022
-0.00657668931643
-0.00392025287685
-0.00328059841323
-0.00128423495432
-0.00497339005822
-0.00484641884722
-0.00481705325578
-0.00473533703583
-0.00608595573944
-0.0060192107473
-0.0010916653135
-0.00722749043038
-0.00263015772066
-0.00222080792308
