0.00145145944167
0.000244802866997
0.00123866051487
0.00121153987734
0.000138194929075
0.00111859483705
0.000275098639402
0.00306381999095
0.00100439323817
-0.00060814180325
0.00298929403513
-0.000298592552559
-0.000867961944689
-0.00164687118942
0.00131025351516
-0.00115039451616
-0.00172108741157
0.00111804496153
-0.000941638806341
-0.00335704889754
-0.00216335658809
-0.0042533581831
-0.00296390303722
-0.000889518304513
-0.00145756779432
-0.0022152954441
-0.000485881650287
0.00187286400533
-2.08282978247e-05
0.00186878013467
0.00117148098258
-0.000702098486625
0.00141075239804
0.000273007198257
0.00178746039595
0.000936723741533
0.00193028659923
0.00069905878791
0.00102280642302
0.00139080065553
0.000109724938638
0.00276405544963
0.000978806623942
-0.000340939979419
-0.00199103742552
-0.00826999360521
-0.00495677749871
-0.0023320764959
-0.00552312894391
-0.00254339612014
-0.00329175037803
-0.00277736544031
-0.00330469528103
-0.00198961695975
-0.00359534956758
-0.00297071771407
-0.00501100062445
-0.00235238179249
-0.00426150606606
-0.00605677783076
-0.00348100732733
-0.00541107637533
-0.00718680358835
