0.00156165285033
0.00343499564688
-0.000962733660279
0.00253640937097
0.00423630793342
-0.000661960096094
0.0030376908955
0.000691500351219
-0.00025268766534
0.00101677882453
-0.000852239744387
0.00188501844242
0.00123739749092
-0.000245414001009
-0.00196741923216
0.001587903169
0.000187794429762
-0.00114661041935
-0.0010235443513
-0.0031884545723
-0.000683797039858
-0.00171921797531
-0.00276289768058
-0.000835452065214
-0.000927501149188
-0.00300953913117
-0.00509339562316
0.00628017648537
0.000307347540268
0.00213662025071
-0.000356595039422
0.00069729406665
0.00290994201584
-0.000202503468794
0.00104813693517
0.00326230090435
0.00194003585022
0.000614520056566
-0.000458937095301
0.0022968903062
0.00105537711336
0.000577942047661
-0.00152396738608
0.00148930236195
0.00103559250315
-0.005162530141
-0.00386835034398
-0.00227711073502
-0.005200670289
-0.00391083833137
-0.00206061350351
-0.00516996460355
-0.00376877359373
-0.00535691317616
-0.00583442624622
-0.00752646853198
-0.00288217213972
-0.00579941057163
-0.00721629349749
-0.0025433751095
-0.0056246160325
-0.00409405963156
-0.00601579520196
