0.00268277704858
0.000887473809504
0.0032063195523
0.00355583103973
0.00152090970033
0.00369936850431
0.000757615628235
0.00219144208999
0.00125093331523
0.00117354982075
-0.000137832371285
-0.002660735371
0.00150919219212
0.000191122509884
-0.00333301854049
0.00190774544516
-0.00154664935171
-0.00310853962382
-0.00650484621186
-0.00554389139488
-0.00457493463429
-0.00262898830749
-0.00524479114917
-0.00499970621604
-0.00194309563905
-0.00458679716575
-0.00365566036337
0.000486560604903
-0.0011983940436
0.00022683819515
0.00186193758125
-0.000614333446448
-0.0017807735855
0.00261602074525
-0.000150871540448
-0.0015269510166
-0.00102510028943
-0.00263634997481
-0.000393378728133
-0.0009143255325
-0.00321359112268
-0.000695747139035
-0.00164884819681
-0.00335932662678
-0.000718265188086
-0.00380288182667
-0.00731422498365
-0.00599569018854
-0.00752715190085
-0.00626538869064
-0.00489635868551
-0.00642833624945
-0.00517631792915
-0.00370919729485
-0.00774288995816
-0.00296961552209
-0.00392768745647
-0.00652843562659
-0.00660747086372
-0.00754823563581
-0.00525574686823
-0.00529309062759
-0.00638701221092
