0.00169894360055
-0.000107881804278
0.00100466660939
0.00105749125812
-0.00264543833399
6.12455837966e-05
0.000419522043554
0.00113098610244
-0.00078346992336
0.000176963825121
0.000891453291552
-0.00383905337886
-0.000870134744901
4.76135444377e-05
0.000326307293159
-0.00180652822002
-0.0011158708401
-0.000951765981112
-0.00566378631387
-0.00507814396257
-0.00485752115106
-0.00477946263224
-0.0036697840428
-0.003580592175
-0.00310493987045
-0.00593015658097
-0.00601636084695
0.00226246326759
6.06895096119e-05
-0.00344068602595
0.00142350862765
-0.000861052768983
0.000547284247471
0.000536451558323
-0.0029532492207
-0.000286193298309
-0.00315322684751
-0.00282230966015
-0.00210782845919
-0.00408357245192
-0.00380379082228
-0.00279920347498
7.07149944355e-05
-0.00468850753971
-0.00384856103039
-0.00383708073923
-0.00318141657368
-0.00728284533575
-0.00316497797399
-0.00246414254299
-0.0065167716175
-0.0037244216912
-0.00645981932168
-0.00567222704489
-0.00318925172298
-0.00694464043963
-0.00613686382392
-0.00290138508881
-0.00654993094984
-0.00568901630706
-0.00302865391642
-0.00619227202976
-0.00517650926451
