0.0031116166462
-0.0018290678402
-0.000304762212849
0.000850316225222
-0.00192136398894
-0.000421493274155
0.00089645243581
-0.00184520165012
-0.000581392703431
-0.00152264593411
-0.00308750882508
-0.000230516138142
-0.00211392269998
-0.00318426671658
-0.000692057179739
-0.00252591688183
-0.00341489862981
-0.000943110676754
-0.00568567844092
-0.00451992590562
-0.00547703504183
-0.00477689297875
-0.00138119919317
-0.00504962554474
-0.00453104861518
-0.00558201744837
-0.00426907698984
0.00234907167425
-0.00267605321548
-0.00187055727211
0.00246880128388
-0.00244667503828
-0.00165180496421
0.00264243488778
0.00251160263373
-0.00127676574983
-0.000993098846926
-0.00285516225277
-0.00483947482041
-0.0014344873173
-0.00316078755061
-2.53911255682e-05
-0.00178934778243
-0.00328745336825
-0.000131449908612
-0.00615706681618
-0.00766167142658
-0.00682664263144
-0.00558787409045
-0.00720172433692
-0.00639387131566
-0.00493500912241
-0.00670853182816
-0.00586298573386
-0.00605738091469
-0.00546889929517
-0.00763627458472
-0.00570112571308
-0.00509980978656
-0.00705816689129
-0.0052790190808
-0.00469498254478
-0.006417286029
