0.000555488802573
0.00228219729882
0.00137952242501
0.000204224802376
0.0019449591668
-0.00352183186666
0.00204236309115
0.00159979459026
-0.00225736743955
0.000486997326551
-0.00146990006944
-0.003798376192
-0.00360889111549
-0.00126265806996
-0.00358370812088
-0.00364696092986
-0.000808480039483
-0.00323026049384
-0.00344744107263
-0.0035568946376
-0.00765339799345
-0.00249554650374
-0.00715429724386
-0.00449589056313
-0.00163101956803
-0.00633572814712
-0.00422703895222
0.00151093589527
0.0031503125103
-0.00248931989008
0.00116411146989
0.00282706782944
-0.00275634847333
0.00382606598501
-0.00191656727523
-0.000780404337658
-0.00221517633428
0.000629663388136
-0.00102695224237
-0.000999018132846
0.000517947447918
-0.000857064266802
-0.00120698342521
-0.00341573580475
-0.000979037653992
-0.00491123941251
-0.00571532489786
-0.00414806974417
-0.00603042984395
-0.00684147827089
-0.00525625705781
-0.00714134318355
-0.00554957928901
-0.00629162701362
-0.00567482956147
-0.0067430978113
-0.00599854235773
-0.00682352859001
-0.00783873292429
-0.00250439575602
-0.0031818093037
-0.00430473194188
-0.00356619016864
