0.000511862231492
0.000591842280894
-0.00235796255503
0.000592313486048
-0.0023866257052
0.00150167395219
-0.00151614023221
-0.00164157993875
0.0025474405533
-2.88222354015e-05
0.000664358294783
0.000328284494885
-0.000101687636704
0.000586914604642
0.00151747399786
0.000976791821221
-0.00182637278725
-0.00218350481227
-0.00404546705977
-0.000252724499663
-0.00369961634809
-0.00465852241954
-0.00153948043388
-0.00422072889779
-0.00125494766166
-0.0020306719342
-0.00245286940552
0.00125878550542
0.00110484879646
-0.00189158127165
0.000590128644777
-0.00194897161567
-0.000513709179968
0.00169099222783
-0.000628323364241
-0.00111017028007
-0.00144812069663
-0.00207903997985
-0.00131455304035
-0.00238530978631
-0.000719912444514
0.000360241676132
0.00238558841619
-0.00162576261706
-0.00335701967566
-0.0030385203584
-0.00456406842304
-0.00321605220433
-0.00543665928518
-0.00400747634443
-0.0055523768162
-0.00493849431271
-0.00260317956625
-0.00410036807748
-0.00454339252152
-0.00230403727493
-0.00485114673944
-0.00657409826264
-0.00452718854962
-0.00205796512395
-0.00289788100562
-0.00675634834876
-0.00433082688496
