-0.00105885248473
-0.00105931555494
-0.00261736273287
-0.000754787066435
-0.0026244733507
-0.00411599527833
-0.00248059072474
-0.00405065535297
0.00042353515239
-0.000907362384754
0.000438949773115
-0.00403826886829
-0.00313813148457
-0.000674638589315
-0.00354908349079
-0.00275431113358
-0.000242856573188
-3.79055655135e-05
-0.00558487802545
-0.00455780478561
-0.00283263379436
-0.00473092507877
-0.00304855430435
-0.00557109992245
-0.00312215060144
-0.00200472387206
-0.000911263519965
0.000840130178835
-0.000149836187174
-0.000682022275383
-0.00055400417371
-0.000708907438189
-0.00185268441136
-0.000954946970956
-0.00200418409196
-0.00227861124056
-0.00343266662476
-0.00101832845664
-0.00457503168483
-0.00425002542798
-0.00175423675393
-0.00029173412764
-0.00452267238271
-0.00301889942683
-0.00107959089896
-0.0060137199024
-0.00295966122051
-0.00271757747999
-0.00266292398957
-0.00631358407417
-0.0035524077773
-0.00263520911053
-0.002152635897
-0.00348152066727
-0.00347216310395
-0.00178609161683
-0.00505942313497
-0.0034904473631
-0.00307735033265
-0.00193391837616
-0.00644581649833
-0.00306774810331
-0.00198710843316
