0.00221802466045
0.00192834318064
0.000625199133703
0.0024538871455
0.0025523123172
-0.000640547687865
0.000801255018607
0.00145791236406
0.0014679447559
-0.00241165250294
-0.000883350535283
0.000503735753744
-0.00180387908894
-0.00279163038829
-0.00145821534766
0.000266886749064
0.00169914586929
-0.000931919933484
-0.000778433904048
-0.00304674959205
-0.00255625488937
-0.00175056885563
-0.0042163727523
-0.00106557936384
-0.00162625465681
0.00169663166764
-0.00103780282776
-0.00070226179169
-8.24000249359e-05
-0.00328243179887
-0.00137622840685
-0.000768187551454
0.000233619490628
0.00173947872742
-0.00161220368267
0.000106752903232
-0.000716054815896
-0.000673087529628
0.000175221776402
-0.00179999515376
-0.0030399502007
-0.00257642717354
7.25843180446e-05
0.00044957547983
-0.00303501410941
-0.00344233312304
-0.00445139295321
-0.00347055841713
-0.00349699050743
-0.00259419871357
-0.00340826661948
-0.00160122649552
-0.00255538207979
-0.00141336949485
-0.00211040427289
-0.00324496089488
-0.000443780795992
-0.000435865154109
-0.00148727360521
-0.00334965497505
-0.000395913942741
-0.00428476547238
-0.00140203190935
