0.00441121145538
0.00553730037766
0.000672855278212
0.00364279492051
0.00473003351338
0.00107377657409
0.00277081531236
0.00383617604174
0.000214782843522
0.00147644029377
0.00346897515131
0.00341057369479
0.000622942287235
0.0025446972495
0.00240746719804
0.00128068363257
0.00295873384727
0.00289386264341
-0.00109729908165
-0.000326662809261
-0.00226788289921
-0.00245833072664
0.00178312926492
-0.000854111400719
0.000180417011422
0.000538731754404
-0.00211536010562
0.0038453314987
-0.000114878291889
0.000817590938789
0.00347532253732
-0.000511512580252
0.000416097949159
0.00316741748428
0.00404784162667
7.77926498798e-05
0.00320925248911
0.00355953648449
-0.000750426753455
0.00287187293527
0.0032229659403
-0.00106058801955
0.00246220659124
0.00281462840644
0.00308089982231
-0.00532112627418
-0.00403019210273
-0.00271067497116
-0.00508405951146
-0.00372810436358
-0.00242189811978
-0.00490383286714
-0.00369652686677
-0.00243691845829
-0.00425325807251
-0.00520926272855
-0.00139927675405
-0.00427695100355
-0.00506528009924
-0.00121260014339
-0.00425164674592
-0.00502468758523
-0.00115747609471
