0.000768651428073
-0.00115657625838
3.02995590499e-05
0.00148648466173
-0.000699626996103
0.000732933351247
0.00201486853324
-0.000166061014135
0.00109651305539
0.000133442073481
-0.00214920750841
-0.00133603122239
0.000701069576516
0.00185768084877
-0.00128831746918
0.000930711394481
0.00192992910746
0.00341734367599
-0.00148708186844
0.000952515056432
-0.00276886302959
-0.00161281645716
0.000345071694054
-0.00224371026656
-0.00172515058079
0.00088275131682
-0.00309880641743
-0.00118024410077
0.000271443524353
-0.0016971041628
1.88210621765e-05
2.47889014477e-05
-0.0018581898989
-0.000142755511324
0.00109356858318
-0.000854520909823
-0.000783320235182
-2.48032113894e-05
0.00102766597374
5.60326447328e-05
0.000690294163769
0.00162369518639
-2.60588522387e-05
0.000603057931124
-0.00098949771876
-0.00283439618775
-0.00293420037513
-0.000497780830038
-0.0031060498954
-0.00322256075471
0.00119356901772
-0.00132364435816
-0.00341946782275
-0.00499337148448
0.00040860502864
-0.00432213481043
-0.00255105818443
-0.00332981701053
-0.0024421008282
-0.000556060089882
-0.00422432995514
-0.00256353696605
-0.00326800831127
