0.00203378831442
0.00273323253274
0.00123894537208
0.0020825924566
0.00496907580492
0.0010705166688
0.0037522840527
0.000337230008628
0.00143198824917
0.000134730139968
0.00226934283405
0.00252578784312
1.29767047097e-05
0.00284989906388
0.00220103440811
0.00275544954033
0.00262214481081
0.00276576735473
-0.00150561461927
-0.00143561181593
0.00150029294659
-0.00128279004719
0.00123330949857
-0.00279883213782
-0.00280575920306
0.00070221390389
0.000656570106609
0.00168096596984
0.00191208410732
0.00273132660216
0.00164301467115
0.00248504103577
0.00258991957359
0.00238591091976
0.00241754250939
-0.00137196381888
0.000573005272427
0.00117342678966
0.000661677198723
0.000847458601525
0.00076602868221
0.000867781645111
0.00106651509432
0.00096781172855
0.000619089778645
-0.00347131890454
-0.00240734676534
-0.000305905610919
-0.00242722788511
-0.00136236529652
-0.000742478486667
-0.00277961904199
-0.000338622949075
0.000287825293461
-0.00422879466672
-0.00350263170698
-1.07729129893e-05
-0.00286117698994
-0.00382147038884
-0.000280780210524
-0.00176106069035
-0.00285189516292
-0.00379344482584
