-3.26923723429e-05
-0.0007165253577
-0.00114578129428
0.00033182048984
-0.00231642859703
0.00165844714509
-0.00121879600859
-0.00193399139243
8.21562829308e-06
0.00100375531425
-0.00331980979732
-0.00265427070313
0.00139882257974
0.00157301269069
-0.00217737004456
-0.00116459604946
-0.000271299913117
0.000524943327046
-0.000228617177537
-0.00288876104226
-0.00357491611304
-0.0027643355489
-0.00512897109805
0.000231933154911
-0.000402099614514
-0.00263025072112
-0.00198009428001
-0.00225102128872
-0.000896979805267
-0.00193082813082
0.0013272440332
-0.00126103143775
-0.0032507461785
-0.000640735503743
-0.00237510180711
0.00109423080041
-0.00144098991939
-0.000550087682402
-0.000266751853849
-0.002723257395
-0.00241960141553
-0.00161651468151
-0.00308081422713
-0.00280999023998
-0.00195092883327
-0.000667052493268
-0.000359659896703
0.000196048682566
-0.00349173833585
-0.000470117497631
-0.00361750734885
-0.00206455617163
-0.0019621654868
-0.00223093703429
-0.000548043204387
-0.000676987791666
-0.00346716937762
-0.0026289762083
0.000713058440019
-0.0034130464032
-0.0015156719344
-0.0058346530788
-0.00217582428783
