0.000104360941296
-0.00259546540527
-0.00411574573545
-0.00409612015658
-0.000398004938734
-0.00203743921919
-0.00198886798573
-0.00377968585042
-0.001570770779
-0.00262415362558
-0.00464127596609
-0.00403334334096
-0.00525026401883
-0.00423398259598
-0.0016376172026
-0.0046845910474
-0.00235196833096
-0.00461502633657
-0.00545646268979
-0.00172318645607
-0.00351869599782
-0.00379849552007
-0.00399525239673
-0.00616472912801
-0.00521526862269
-0.00200863923122
-0.00319845082809
-0.00253261029784
-0.00330675321045
2.20512809222e-06
-0.00303718522066
-0.00374934586803
-0.00440475122534
-0.000593125353613
-0.00127724825221
-0.0023964053273
-0.00455920569398
-0.00193488550164
-0.00622848092975
-0.00230936761707
-0.00635715879005
-0.00386567152184
-0.00278024463779
-0.00407858418918
-0.00416424047295
-0.00298945573032
-0.00531236792621
-0.00543562643909
-0.00109532281745
-0.0053755144741
-0.00623349367966
-0.00543790153598
-0.00606275150785
-0.00350161512329
-0.00102230013173
-0.00532479483782
-0.00329117385978
-0.00567396282061
-0.00329393922429
-0.00324664586706
-0.00410616143182
-0.00358532587232
-0.00367230901338
