-0.000862325484905
0.00187459052466
0.0025694654803
0.000382627270684
-0.00198781007176
-0.00136051363541
0.000653776632305
0.00155264993804
-0.000331541286463
0.00246351735331
-0.000772432749484
0.000355950634719
-0.0012000913419
0.000126398589549
0.00115778317524
-0.000320272230266
0.000930628306353
0.00158262504116
-0.00126020691434
-0.000719258979596
-0.00246254422924
-0.00180398030413
-0.000725837717101
0.00243027517739
-0.00301494581663
-0.000420134968705
-0.000107259620039
-0.00241876813279
-0.00115238939108
0.00105011308785
-0.00079574485421
-0.00147711843284
-0.00297642050417
0.0013664539362
0.000123636513877
0.00127138916051
-0.00294592964912
-0.00169862808121
-0.000328975563202
-0.001548334415
-0.000430411509053
0.0008874413275
-0.0018202536796
-0.0007344985816
0.000558875044682
0.000473609118692
0.000133942552484
-0.00181740701091
-0.00433276203366
-0.000501196909384
-0.000836202064824
-0.00405872107501
-0.00401787719008
-0.0006991381971
-6.378015175e-05
-0.000427634478068
-0.00309065472178
-0.00242259035358
-0.00330369275031
-0.00339441644453
-0.00071218466301
-0.0032729261782
-0.00343726685597
