0.00273985848664
0.000527754625176
0.00190149240898
0.00183839872581
-0.000286202599011
0.0011693493674
0.00227569950283
0.00375360723026
0.00156499441903
0.00197337365536
0.000677894542887
0.00305510771014
-0.00132340556811
0.000242775997879
0.00271542979309
-0.00192437293806
0.000685054439739
-0.00164828968081
-0.00341356160752
-0.0023385249767
-0.000893917038666
-0.000394372714099
-0.000778858557022
-0.0035286477756
0.000986378419835
-0.00376621514176
-0.00135600940068
0.0011204186134
-0.00140969552724
0.000280388999169
0.000758416259971
-0.001782282537
-6.18052592289e-05
0.000205110276215
0.00192983393207
-0.000410603683794
0.0016251688765
0.000300755191447
-0.00103343089733
0.00114515712906
0.000241823676519
0.00217470201061
-0.00217899007464
-0.000216738335906
-0.00117255095214
-0.00779516887384
-0.00456729379089
-0.00484641780105
-0.00169080697307
-0.00443427116316
-0.00345459504067
-0.0042165190034
-0.00432124268977
-0.00121774527584
-0.00311084208071
-0.00414336923175
-0.00285491797467
-0.00311809193018
-0.0041600175237
-0.00287659395048
-0.00553681636671
-0.00457341956737
-0.00531989704081
