-0.00424045563358
-0.00515751676897
-0.00128146057484
-0.00210684602643
-0.00303286611131
-0.00362878223206
-0.00178120235634
-0.00258717144408
-0.00320187816836
-0.00423180624649
-0.00230193743027
-0.00125463343476
-0.00212876433847
-0.00197133907693
-0.00392466063827
-0.00250490262793
-0.0045587452781
-0.00352924373973
-0.00169387857549
-0.00470504341011
-0.00593101609946
-0.006099669496
-0.00260029367716
-0.00365829447715
-0.00387116977945
-0.00488376223721
-0.00169953336779
0.000522885516352
-0.0041981231708
-0.00466590193354
-0.0036122810837
-0.00166656548293
-0.00213073712204
-0.00286002476406
-0.0032108824758
-0.00241199376854
-0.00180977969082
-0.00304293991074
-0.00350738465601
-0.00347433215425
-0.0039907013474
-0.00100122948963
-0.00381669447261
-0.00154992808695
-0.00545634300639
-0.00346394353282
-0.00454467867161
-0.00110127168018
-0.00438098546375
-0.00138955731924
-0.00582483769685
-0.0013424236436
-0.0024422985036
-0.00587201700243
-0.00198248019475
-0.00170264887904
-0.00615614757351
-0.00246375762553
-0.00228046946995
-0.00352235332935
-0.00244861934269
-0.00667120240662
-0.00417499642033
