0.00103188562234
-0.000709330400013
-0.00184514732844
0.000191235198979
-0.00058597283292
-0.00158516148748
0.000423873130869
-0.000202305915693
-0.00152407663421
-0.00358838395291
-0.00258736022131
-0.00202366326036
-0.00308250481968
-0.00280757883893
-0.00100868424631
-0.00335526986593
-0.00226502461755
-0.00140799223518
-0.00524974148204
-0.00306915779798
-0.002921581332
-0.00341536851046
-0.000879276886429
-0.00173095473731
-0.0058202606798
-0.00343319359806
-0.00307018281711
-0.00305016321896
-0.00406577924929
-7.75893862371e-05
-0.00217414806994
-0.00447052281059
-0.000739968060539
-0.00270583440744
-0.00410367742028
-0.00021354467038
-0.00549489596294
-0.00384772529722
-0.00398717872878
-0.00517086552788
-0.00428461036694
-0.00366982732903
-0.00512750745789
-0.00378184251876
-0.00405544017003
-0.00225938875292
-0.000741212923831
-0.00381841521837
-0.000766095544686
-0.00346091765923
-0.00378713670454
0.000665080660668
-0.00346300028759
-0.00230764125306
-0.00358638647688
-0.00258131322808
-0.00189873838584
-0.00353822033008
-0.000987961446175
-0.00470926466214
-0.00188131445399
-0.00102275564742
-0.00328710906926
