-0.000819374343539
-0.00169307173989
-0.00167577852569
0.00102669474571
6.43687290766e-05
-0.00259977529744
0.00175669934816
-0.00123043731784
-0.000919180140037
-0.000784733419623
-0.00437666058736
-0.00247912928867
-0.000772339241658
-0.00356500461565
-0.00172327395475
-0.00447681313979
-0.00249817502534
-0.000824491122823
-0.00236937615046
-0.003496910344
-0.000128421909659
-0.00440372097539
-0.00563271399904
-0.00321598512606
-0.00387903793297
-0.00482427848105
-0.00155475809312
-0.00132518268547
-0.00135813320317
-0.00316407916715
-0.000428902456612
-0.00203899026326
-0.000872589009511
-0.00465705503249
0.000326608576311
-0.00153481138555
-0.00458489587158
-0.00286219343429
-0.00406467411168
-0.00539871884197
-0.00371387042789
-0.00140053490714
-0.00343454153549
-0.001375915854
-0.00646115739413
-0.00030708705596
-0.00382638284503
-0.00157558230608
-0.00343963838029
-0.00240835962948
-0.000225692909707
-0.00346083324478
-0.00135633750276
-0.000245469742322
-0.0010314179565
0.000864357409081
-0.00220042417155
-0.00103933195852
-0.00379119096293
-0.00218179244793
0.000800794712822
-0.00211067014866
3.82100553356e-05
