0.00213191886859
0.00225766203435
0.00239664576223
0.00018275243727
0.00273209254178
0.000449689606837
0.000713959872433
0.000837592631821
0.000919507650763
0.00221653802302
0.00142233045187
0.00352250996092
0.00264813891704
-0.000531954517752
0.00160771475832
0.000763196690583
-4.21583538557e-05
0.00212882568137
0.00169202752103
0.000683949643272
-0.000803458499153
-0.000386931925609
-0.000723448466422
-0.000496004474477
-0.00147168660648
-0.000778107588518
0.000713315343887
0.0020534623922
-2.97372276378e-06
0.00198946307826
0.00169339224638
-0.000268024528456
0.000388380954391
1.62590695291e-05
0.0022117724945
0.00417046903687
0.00110797039652
0.00316408708968
0.00168719980106
0.000698534500408
0.00281879741115
0.000305970663708
-0.000896404110512
0.00127099083606
0.000118919850971
-0.00175977755344
-0.00297508707503
-0.00421184859571
-0.00183134909037
-0.00285290467628
-0.00433932594611
-0.000237066786364
-0.00162047692726
-0.00410815498775
-0.00517190782556
-0.00349077701993
-0.00368491787626
-0.00315392750826
-0.00361099340234
-0.00205358600907
-0.00380204327749
-0.00412217576659
-0.00209308219784
