-0.000923919812691
0.000259433028471
-0.0017608034681
-0.000306605720369
0.000891350080023
-0.00123966024415
-0.000349887347553
-0.00247091748365
0.00217805369224
0.00068362038429
-0.00177576978055
-0.000165152841623
-0.000217039686293
-0.00118486284937
0.000548262948357
0.000417527932967
0.00207964218446
-0.000709763558579
-0.00168735601772
-0.00428795289112
-0.00235587941213
-0.00124164320723
9.33205583891e-05
-0.00252409571389
-0.00361682768708
-0.00386269175192
0.000281712825071
-0.00156340029186
-0.000916848370125
-0.00257361480711
-0.00218337021937
-0.00386864328527
-0.00310850879036
-0.00177827887974
0.000673700362542
0.00147490382454
-0.00448891074653
-0.00191139263409
0.000368662913348
-4.1126100228e-05
-0.00241950561164
-0.000292575048037
-0.00064028935828
-0.00302912162142
-0.00184337740714
-0.00115560595249
-0.00105135032195
-0.00043699253899
-0.00124137406625
-0.000617925187146
-0.000481621867816
0.00101833335821
-0.00463136733525
-0.00197978449518
-0.00203206290157
-0.00167251603328
-0.00227899318614
0.000166759672821
0.00053128794002
-0.00230215224988
0.000248562298889
-0.000523483339647
-2.84986326774e-05
