0.000643148266842
0.00214347785996
0.000187235589308
0.00132903569556
0.00297621563282
0.000940779744821
0.000939955043096
-0.000683413638384
0.000400158370893
-0.000120199171539
0.000782862919975
-0.00163187347454
-0.00176587622397
-9.80256831829e-05
-0.000912432272451
0.00140177104021
0.000810494985767
0.00198209839931
-0.00259174619484
0.000679178788395
0.000930573644459
-0.00175236807239
-0.0029053632431
0.00116482357312
-0.000936563329736
-0.000342506471268
-0.00239957301825
0.00051375825353
0.00142196337028
-7.04999954784e-05
0.000526568521427
-0.00142965025647
-0.000329206400924
0.000547990993551
-0.00142123594124
-0.000328239548101
-0.00167568293232
0.00123213786814
-0.00125122896678
-0.00160223088012
0.000731917816749
-0.00119230601616
-0.00200674942424
0.000896001724716
-0.00178041173229
-0.000934152112104
-0.000941234930516
0.00230161570122
-0.0015995285532
-0.00128536945537
-0.00374414606358
-0.00451684816153
-0.00113986605736
-0.00135345871536
-0.000255067075107
-0.00129459283044
0.000693842350865
-0.000600839248789
-0.00155787400714
-0.00253499621264
-0.00138685838072
-0.00218481514236
-3.76983930004e-05
