-0.00203361129668
-0.0031246144971
-0.000320169216963
0.00173654444959
-0.0024723608407
8.14122573272e-05
0.00234143758006
-0.00204112450164
-0.00318574124729
0.000340586451534
-0.00111201798624
-1.32179814132e-05
0.000844134962005
-0.000619141526989
-0.00398075244592
0.00161202145525
-0.00183255298502
-0.00304985634247
-0.00184855027957
-0.00216322727791
-0.00390812717896
-0.00375398336906
-0.00417266610929
-0.00136910733765
-0.00402733999878
-0.00583972359081
-0.00359927332338
-0.000428378779261
-0.00055108009877
-0.0025786380579
-0.0024716601966
-0.0010195157851
-0.00126552881399
-0.0028260663475
0.000147842341587
-6.75463714084e-05
-0.00351674629792
-0.00260389140052
-0.00173113862103
-0.00214472377217
-0.00118822949322
-0.000202075451494
-0.00259637971473
-0.00169438781814
-0.000718752761607
-0.00452561704371
-0.00209964277052
-0.0058746387426
-0.00256959935811
-0.00215977135087
-0.00192219580586
-0.00382670285223
-0.00362116377962
-0.00353108606997
-0.00209634397135
-0.00157725144492
-0.00488094750068
-0.00290665262445
-0.00159910001245
-0.00591925621651
-0.00278901601291
-0.00251158785572
-0.00589390017322
