0.000967905868277
0.00371217873869
0.000216407291513
0.00127453742296
-0.00247171197381
0.000949665544878
0.00183576394969
-0.0018362674664
0.00156406432082
-0.000473930751749
-0.000584610146568
0.00246080773735
-1.23491716524e-05
6.66919064307e-07
-0.000498474228876
0.000599595452831
0.000532035300127
6.37776657325e-05
-0.000769701499009
-0.00425629190247
-0.00167515146437
-0.00343916174885
-0.00157090974091
-7.93086268559e-05
-0.000882533993022
-0.00358318694775
-0.00222852663265
-0.000733022135133
8.33935578996e-05
0.00367498854017
-0.00124245204344
-0.000426832947753
0.00297694869645
-7.5145796252e-05
0.000597098534
4.85488031582e-05
-0.00074705084405
-0.00129009175648
-0.0017923670011
-0.00140071416609
-0.0019034168543
-0.000708354248421
-0.000307298930573
-0.000665018323331
-0.00137729325309
-0.00246929367917
-0.00118599458247
-0.00450045404087
-0.00248251682494
-0.0012153566223
-0.00453185757972
-0.00284951921961
-0.00160259190177
-0.00492331417447
-0.00578442466501
-0.00225607961316
-0.00303601414413
-0.00577065868874
-0.0024698613606
-0.00321986912164
-0.00170545710178
-0.00234267679345
-0.0034567557399
