0.000829247173123
0.00243493041988
0.00296727272124
0.00202433469225
0.00306278952242
0.00356591014677
0.00208170233637
0.00285815207892
0.00444776907599
0.00423606660335
-0.00116558601945
0.00172454152408
-0.000906062508993
0.00168565628649
0.000644413073362
0.00158111960935
0.000778960646612
0.00154207157652
-0.00434157429371
-0.00304349749995
7.48472199779e-05
-0.00156350455935
0.000951883936738
-0.00234553356824
-0.00265967127889
-0.00124419508162
0.00229665295357
0.00287894177254
0.000499748100425
0.000969937694193
-0.00228488758823
-0.000125786169927
0.000383015190554
-0.00027486563298
0.000351949873311
0.000653172344689
0.00235673159547
-0.00187420483596
-0.00305028956513
0.00233742902429
-0.00269630097378
0.000195181861811
0.00167551026002
0.000159588389293
-0.000645451567674
-0.000830710061299
-0.00164859974707
-0.000985707505411
-0.00238526894378
-0.0016333775004
-0.00133894980618
-0.00240955453591
0.000525370808962
-0.00497303490886
-0.000317004764999
-0.000237067818674
-0.00353097518307
-0.00137360483269
-0.00021908987247
-0.00351247940867
-0.00124924573673
-0.00148534818422
-0.00156719538768
