-0.000901349052387
0.000630069701414
0.000623385367283
0.000212880777029
0.000476703369512
0.00214075627941
0.0009136127803
0.000272288539527
-0.00305554556288
0.000518629413496
-0.0017154025281
-0.00375308551626
0.000334416893791
-0.00183520089957
-0.00376818849271
-0.0043507243233
-0.00148346213196
-0.00359377030672
-0.00519131102999
-0.00168868537819
-0.00570649342957
-0.00336300745687
-0.00189237215072
-0.00560108746727
-0.00159052631145
-0.00494465040988
-0.00221952014327
0.000398105760832
-0.00033513781248
-0.00320435596316
0.000535319563752
-1.39802548785e-05
-0.00385331508019
8.89133585813e-05
0.00103893661355
-0.00355572861071
-0.00322795126508
-0.000984794750041
-0.00332399885357
-0.00389473779345
0.000266360858787
-0.00245379086117
-0.00325664132324
-0.000480181346179
-0.00284513858707
-0.00259533243398
-0.00704559234261
-0.00474226095723
-0.00257691436041
-0.00229761065085
-0.00302666592786
-0.00436503181624
-0.00227757327266
-0.0048903522745
-0.00226761075689
-0.00428393658159
-0.00377575202428
-0.00416423727967
-0.00618677339798
-0.0037146111253
-0.0040612693284
-0.00608294008206
-0.00554834049404
