0.00293237504992
0.0019970314265
-0.000354922458052
0.00145162272074
0.000677876209926
0.00316777965937
0.00184459838352
-0.000662281588204
0.00182499494784
0.00201599494399
0.00143851956322
-0.00345071726393
0.000814520328491
0.000344905627476
-0.000448338859954
0.00130086876573
0.000875877469256
-0.00144338158832
-0.00274023356268
-0.00194885393632
-0.00024970754397
-0.00109502505601
-0.000621076528791
-0.00325727937418
-0.00128359256945
-0.00403719812885
-0.00230727555644
0.00232058760718
0.000957022450721
0.00283694413766
0.00124158396033
1.66137753926e-05
0.0024922249069
0.000960794616623
0.00352804214444
0.00161499034286
-0.000686641130468
0.00236545998656
-0.00172609923234
-0.00104580654809
0.00156069791622
0.000654856790571
-0.00170449716388
0.00112923416731
0.000180211214231
-0.00309017804966
-0.00308362611849
-0.00464363373649
-0.00297871721403
-0.00166743892848
-0.00622194438863
-0.00384807274366
-0.00181509719816
-0.00451634137744
-0.00246695015825
-0.00491813919943
-0.00358852640495
-0.00425166447463
-0.00478837127372
-0.00357837037698
-0.00413479266643
-0.00321386205482
-0.00519816630415
