-0.0014457740069
-0.00233624831038
-0.00295211370697
0.000487818708842
-0.00196011410999
-0.00257499399194
-0.00336167552634
0.000118148757407
-0.000497798054143
-0.00270502388433
-0.00169441762281
-0.0036534547429
-0.0020892263444
-0.00433948589774
-0.00281129148415
-0.00484595894955
-0.00367821478779
-0.000568475925328
-0.00266989186478
-0.00216093129419
-0.00290772247213
-0.00446721973867
-0.00490954043014
-0.0023294610078
-0.00232971487095
-0.00272867136593
-0.00454273853791
-0.00471086246302
-0.00176215635023
-0.00210035271261
-0.00223102765408
-0.0026984079249
0.00038961621322
-0.00283366231375
-0.00291600658596
-0.00373176054882
-0.00408748183774
-0.00376051949977
-0.00129307688441
-0.00469626569912
-0.00120824376452
-0.00575529133476
-0.00216041294264
-0.00592932006016
-0.00327129460835
-0.00341547699552
-0.0037022749734
-0.0041556167225
-0.00372693601073
-0.0041912573225
-0.0015945850254
-0.00418900985035
-0.00197526320646
-0.00232230566815
-0.0039212980345
-0.00187599726526
-0.00123382975178
-0.00256530446106
-0.00192352014675
-0.00134676963287
-0.00250814240659
-0.0019018012685
-0.00430236292315
