-3.82819290671e-05
0.00124245880065
0.001636561393
-0.000311103031179
0.000932752523233
0.00209037299608
0.00335095411333
0.00145404340114
0.00183982774136
0.00130572621201
-0.00190415269967
-0.000738064481978
-0.00255565486886
-0.00138543236505
-0.000805676216178
-0.00197884738264
-0.00147664125449
-0.000957134427959
-0.00204542160468
-0.00339987932321
-0.00494986521818
-0.00289880439556
-0.00412635033905
-0.000617732279406
-0.00211104528442
-0.00425430826239
-0.00112688645156
0.00121269053176
-0.00148201974376
0.00341656481084
0.000699438071187
-0.00119449646443
0.000697777091842
-0.0016022123112
-0.000980475595074
0.000292128332815
0.000325248313731
0.0013014812905
0.00115580960557
0.000801172834383
0.000728265846915
0.00179449299416
0.000324144818391
0.00128832255333
-0.00149675780923
-0.00388412041312
-0.00485830240641
-0.00574628207001
-0.00189976646285
-0.00581870880618
-0.00586648172762
-0.0030242263857
-0.00309995103443
-0.00440815839418
-0.00291908280227
-0.000543238778684
-0.00532458041309
-0.00392451475786
-0.00160021454621
-0.00635412063483
-0.00387335734395
-0.00157438135654
-0.00276847324297
