0.00216962608423
-0.000423126296624
0.000557024280816
-0.00115758985754
0.00021449780046
0.00118146565955
-0.000454804943992
0.000834908715043
0.00184893957035
-0.00320107340601
-0.00192513524914
-0.000742144577764
-0.00254264781093
-0.00147457841239
-0.000288329464043
-0.00205747604174
-0.000760710486005
0.000480433320122
-0.00704151639413
-0.00339764696113
-0.00139000117423
-0.00195725984212
-0.00462757035016
-0.00117821886638
-0.00304763252268
-0.00583713939237
-0.00246824484545
3.57044654975e-05
-0.00148541844382
-0.00353063690757
-0.00060490107242
-5.07139504051e-05
-0.00218573875304
0.000676332176329
0.00128578546888
-0.000897256026927
-0.000620676717274
-0.00389809670972
-0.00312224277921
-0.00133307438963
-0.00464875207313
-0.00196548740063
-0.00392728818962
-0.00336500904893
-0.00270361816812
-0.0052254064181
-0.00606657115637
-0.00347180337501
-0.00514538362931
-0.00612696714916
-0.00353651055311
-0.00513991330661
-0.00268734301665
-0.00353215461106
-0.00226814156084
-0.00391424469127
-0.00179064077272
-0.00204742287778
-0.00395265164295
-0.00169570338588
-0.00202552919843
-0.00380022697466
-0.00166557168631
