-0.00295726767969
-0.000876276844967
-0.0033060638206
-0.00279348228277
-0.000821108936864
-0.00261196531181
-0.00182901091894
-0.00461598559295
-0.00250761607885
-0.00198837708221
-0.00188689639643
-0.00168255971513
-0.00643263234244
-0.00481201541707
-0.00590008114833
-0.00484947695365
-0.00591040015133
-0.00410962702254
-0.00392211123964
-0.00455575864355
-0.0056986899989
-0.00615794546192
-0.00110379746318
-0.00466491921488
-0.00524219818896
-0.00291478353092
-0.00486959730079
-0.00435587584963
-0.00258743227931
-0.00512371022434
-0.00513429081454
-0.00339588540113
-0.00356915690371
-0.00263438132419
-0.00180554729406
-0.00441177343921
-0.000923961299779
-0.00219609778989
-0.0013956942215
-0.00181916507109
-0.00109804677108
-0.00244557852081
0.000137551958381
-0.00616924021791
-0.00545435503221
-0.00422208891684
-0.00395292832457
-0.00148739893306
-0.00631214300022
-0.00385696361217
-0.00369096529918
-0.00196465824667
-0.00594900134491
-0.0035798941373
-0.00406660510249
-0.00697792982522
-0.00398282324462
-0.00402206767836
-0.00133409510074
-0.00388911145738
-0.00513448936955
-0.003357329743
-0.00166164280684
