-0.000112666470368
-0.00223199355488
-0.00137299926656
-0.000351217418729
-0.00222901501903
-0.00111542561112
0.0002842838059
-0.0016070985143
0.000943270932939
-0.0043247047827
-0.00423131410465
-0.00436299571838
-0.00325348656304
-0.00355259360546
-0.00360649556778
-0.00260115169625
-0.00281588488828
-0.00279308477777
-0.0047867692453
-0.0025910062099
-0.00572480914002
-0.00691181137828
-0.00484832636121
-0.00635972457639
-0.00313911938329
-0.00362874985122
-0.00487448032765
-0.00258263236953
-0.000372429873711
-0.00266621216768
-0.00229851042772
0.000262094827039
-0.00184142189604
-0.000109440914325
-0.000363924387305
-0.00236400976207
5.4432592012e-05
-0.00222049608296
-0.00527382479832
-0.00506124127239
-0.0041085393746
-0.00394447368919
-0.00388265233054
-0.00292425411876
-0.00395951286934
-0.00546166094455
-0.00323317526789
-0.00297474057486
-0.000614565727854
-0.00465852626282
-0.00235251939406
-0.00256926507437
-0.00464847111593
-0.00430579683307
-0.00199177568144
-6.71702098441e-05
-0.00480464949031
-0.00366390041222
-0.0018435227803
-0.0049829640208
-0.0036352979485
-0.00225680535476
-0.00219715711118
