-0.00510372084468
-0.00184699331684
-0.00211548678417
-0.00270452456009
-0.00337367311135
0.000163284821676
-0.000483167903709
-0.00345877676692
-0.0041053592928
-0.00202977859948
-0.00322596719468
-0.00338224040973
-0.00378307297592
-0.00352605158636
-0.00519343899127
-0.00389275112145
-0.00129788356617
-0.00518773145926
-0.00312308284571
-0.0068955843027
-0.00196012600524
-0.0046860552137
-0.00209890809757
-0.00408211091266
-0.00567427441321
-0.000707646321154
-0.00434376753805
-0.00144883222373
-0.00137757163211
-0.00542450463562
-0.00236351409311
-0.0025339566049
-0.0028601673486
-0.00257492940941
6.41334533898e-05
-0.000248503808064
-0.0037828940477
-0.000551772607834
-0.00490551885557
-0.00115195296738
-0.0050184206022
-0.0021536806431
-0.00547743319271
-0.00238386144415
-0.00352243354558
-0.00481565429751
-0.00361350188975
-0.00326226700542
-0.00543099544734
-0.00339429225363
-0.00394290829888
-0.00337251403774
-0.00406965975662
-0.00143452541728
-0.00378242408522
-0.00324546694671
-0.00111033309042
-0.00408368370534
-0.00311941852806
-0.00098353143239
-0.00390678673282
-0.00198033761456
-0.00141941012139
