-0.00472224794223
0.000646106995855
-0.000375292833606
-0.00311858654405
-0.00365451803028
0.00073757762071
-0.00267380930575
-0.00295611911474
-0.00388213047235
-0.00442331654247
-0.0023277481098
-0.000443401729351
-0.00330667482226
-0.00197774836946
-0.00501457975227
-0.00289625886661
-0.000802922485969
-0.00397734357753
-0.00446496764892
-0.00507872256563
-0.002219274318
-0.0026328076631
-0.00381336054821
-0.0014138904541
-0.00188743405217
-0.00633475803207
-0.00452670334245
-0.00513850596697
-0.00483135697495
-0.00194240444846
-0.00367145097803
-0.005205641178
-0.00458059123777
-0.00398643021033
-0.00332863955969
-0.00499039715251
-0.00329438405568
-0.00163633396473
-0.0045001233773
-0.00382623695754
-0.00654403763986
-0.00387653816627
-0.00222356233206
-0.00498055821047
-0.00248380345265
-0.00204870009146
-0.00328953279883
-0.00319294519305
-0.00264678898011
-0.00330377413534
-0.00317204801955
-0.0025867354069
-0.00251033209001
-0.00343180670917
-0.00183374844013
-0.00328213870691
-0.00311024301007
-0.00185184488684
-0.00330031796153
-0.00209077702987
-0.00326297622396
-0.00223803825088
-0.00201885032248
