-5.71505743654e-05
0.00147625936863
-0.000705557482418
0.000360375699139
-0.00206593622068
-0.000707321690152
0.00087231844077
-0.00141712699515
-6.84763163986e-05
0.000353483445657
-0.0007252998005
0.00130957629593
0.000978545962136
-0.00115209969558
0.000569372521896
0.000521419874539
0.00340326127568
0.0013438142872
-0.00255702875473
-0.00163396305569
-0.00379752865705
-0.000654964122934
-0.00123207474632
-0.000874407564734
-0.00421470373474
-0.00312684110079
-0.000581774081951
-0.00151482516647
-0.00325540751122
-0.00211283728439
-0.000633393762371
-0.00263140202109
-0.00164190687553
-0.00112881944875
0.000592423988663
-0.00104805354699
-0.00367339827868
-0.00106260724356
-0.00387066837841
3.04917973649e-05
-0.00177679316326
0.000744846457928
0.000267808063263
-0.00174060716072
-0.00169644425616
-0.00275273346614
-0.000243778026671
-0.00209888755962
-0.000498012805743
-0.00221282776345
0.000309814543514
-0.000557458298523
4.37943859403e-05
-0.00356232978106
-0.00120972912157
-0.00107142546094
-0.00386215841392
-0.00127685249732
-0.00105924811039
-0.00163082711446
0.000790993848726
0.000168407899738
-0.00157754735834
