0.000998201534717
0.000881683784148
-0.00124890029763
0.00145424603711
0.00135638404825
0.00167592173349
0.002435967887
0.00222871820987
0.00223487228515
-2.77118917417e-05
0.000517642860063
0.000804531610491
0.000369459774793
0.000648260006594
0.00140728570419
0.0010066622758
0.00125915854777
0.000264498449119
0.000220401796058
-0.00241680188021
0.000249610669474
0.000162895716175
-0.00120116462178
-0.000632809694603
0.00079412670638
-0.00132212697152
0.00112295565241
0.000841114906934
0.000787416467289
0.000691959760603
0.000411642977276
0.000274193254806
0.000205995261657
-1.87456835198e-06
0.00141876208249
0.00126919400391
0.000205031366708
0.000587564619002
-0.000238966848338
-0.000376647464218
-4.92862647137e-05
0.000276147738637
0.000337515909587
-0.00282678697604
-0.00352262215674
-0.0014833302712
-0.00299205916474
-0.00179665800512
-0.00155044478965
-0.000255236558384
0.000950534362959
0.00113604708889
-0.000279428737695
-0.00503339857788
-5.10586069185e-05
0.000371370604077
-0.000668368094977
-3.65704952677e-05
-0.00320967693813
-0.000696856801566
-0.00195266472105
-0.000623169511344
0.00198417864405
