0.00199911441456
0.00105968620136
0.00225910203012
-0.000619328126814
0.00394080275824
0.00315343663989
0.00345031909477
0.00447875008105
0.00386550646492
0.0047167283965
-0.00109605303145
0.0023256730816
0.00192762800104
0.00479207085456
-0.000627316037835
0.00243361283608
0.00213296207392
0.00214706217563
-0.00205577719257
-0.0028284033079
0.00128301296792
-0.00396017003795
0.00115186774313
-0.00158442127228
0.000154405201472
-0.000441112120527
-0.00176216232631
0.000258659097723
0.0043010536279
0.00315809277351
0.00253967215171
0.00399202969242
0.00248632342347
0.00261616297125
0.00157313826409
0.000116393131705
7.75733903527e-05
-0.00083675117602
0.00177406283035
0.00271649672771
0.00175970816567
-0.000145529213652
0.000282768347789
0.00302386285443
0.0023022563188
-0.00390819217252
-0.000995520828093
-0.00169538597157
-0.00329301379272
-0.00111799690549
-0.00386258168288
-0.00356278737505
-0.00096800986721
-0.00338012699327
-0.00308111723851
-0.00467170122346
-0.00292249295923
-0.00333251483012
-0.00168477470186
-0.00287338133226
-0.0031976329133
-0.00169578354813
-0.00301027865782
