-0.000423066733856
0.000680525428955
0.00386663308905
0.000574038426926
0.00098069318795
9.07776115372e-06
0.00101542762317
0.00413030632768
0.000743654986927
-0.000958668466897
0.00197985154341
-0.00222447921131
0.00234158898318
0.00219895115127
-0.00173720047752
0.00276461873954
-0.00147571008766
0.00173299434582
-0.00242341403054
-0.00168333770472
-0.00321506234543
0.000603932806142
0.00149074695956
0.000441986089011
-0.00107007099064
-0.000115588593519
-0.000674055663685
-0.00103469506884
0.00272355129534
-0.00058170357582
0.00270778379456
-0.00152579658576
-0.000823171693458
-0.00167205806894
-0.000258429924957
0.000435123331119
0.0024816372705
-0.00270343760519
0.000513174214074
-0.00156910304505
-0.00187835169214
0.0012901718227
-0.000681259033294
-0.0022268447727
0.000909905240175
-0.000172405226001
-0.00266957538206
-0.00102235569318
-0.00343334248812
-0.00128047925487
0.000277328007815
-0.00361473689217
-0.00140085129459
0.000289925732523
-0.00212187337446
-0.00311776689892
-0.00243353719762
-0.000299215735631
-0.00132996135866
-0.00250485807448
-0.00020440857934
0.00044145432582
-0.00170424518335
