0.000776054363767
0.00152780531814
-0.000848369491379
0.00221146688996
0.00302084660556
-0.000375175956829
0.00258710676374
0.000174649345964
0.0010589778636
-0.000728174600287
1.0272032253e-05
0.000288887687686
0.000521106348018
-0.00277069079852
0.000583811411368
0.000981014690458
-0.00230957921477
0.00154077102566
-0.00155099295195
-0.000746732197867
-0.00195993848453
-0.00293399922737
-0.00247573223946
0.000413710139257
-0.00154967971354
-0.00243774710319
-0.00143357851078
-0.00021462325892
-0.00154996207613
0.000848411803002
-0.000673606646914
0.000283489238454
0.000543797917781
-0.00281003468666
-1.61778155379e-05
0.00235476239332
0.00160781637754
-0.00267221507837
-0.00193573927595
-0.00236992393563
-0.00115892627218
-0.000512203745386
-0.000802306417018
0.000332517011394
-0.0042243936471
-0.00338477496262
-0.00256179686777
-0.00144685389769
-0.00351436502737
-0.00217878858459
-0.00151664380741
-0.00311469584456
-0.00276182522332
-0.0014948214312
-0.00264714112189
-0.00326410686657
-0.00466134814853
-0.0018498992186
-0.0032824426881
-0.00399089916563
-0.00184758163768
-0.0025325313271
-0.00392842330412
