-6.57768211285e-05
0.00273968390032
0.00337137366413
0.00161405598423
0.00316922658635
-5.82069542649e-05
0.00291929988916
-0.000374976456811
0.00118147968766
0.00269519902759
0.00274317733208
0.000609564736026
0.0029494263757
-0.00111913658227
0.00129052774328
0.00372956319121
0.00143406756666
0.0016724896626
0.000822040010323
0.00271765813724
0.00101226396043
0.000572952745015
0.00187098066806
0.00014881622343
-0.000703823994298
-0.00271185806318
0.00236491957191
0.00162911113829
-0.0014952181408
-7.47577104022e-05
0.00323601569359
-0.00168747473832
0.00147074483819
-0.00144643271246
-0.000143585046389
0.00296214360805
0.00127903936236
-0.000258394573585
0.000362375986253
-0.00163067113485
0.00108024822192
0.00165392598863
-0.00030923208752
0.000933648966765
0.00151312024166
-0.00150977249023
0.000152480239172
-0.00220310441074
-6.1005523916e-05
-0.00311331211546
0.00066530825865
0.00140820182703
-0.00198773166183
0.000265121932801
-0.00197554896781
-0.00110401086515
0.00104999912634
-0.000522964872784
-0.00185479666397
-0.00202874835306
-0.00127455581654
-0.000229840831448
-0.00255362518703
