0.000536449400501
-0.00164575004274
0.000662556589699
-0.000292711173233
-0.00219960301414
-0.000139885064811
0.00020130999914
0.000980028394898
0.00158596020528
-0.000909152526182
8.54883808669e-05
0.00111685574003
0.00172956143876
0.000568872204706
-0.00386866266708
0.00140864542937
-0.00236383585319
-0.00337825035396
-0.00405317870886
-0.00466442220752
-0.000832107116514
-0.00358081876444
-0.00547373601885
-0.0018399315557
-0.00471747031615
-0.000455484306886
-0.00196649902641
-0.000110174287306
-0.00255355412581
-0.000893416949275
-0.000587371954991
0.000591113939304
0.00171268586816
0.0026369866504
0.000247723935134
0.00140742256368
-0.000351126463795
-0.00306288778198
-0.00186125834909
-0.000226842971811
-0.00348699612294
-0.00215526141794
-0.00170900981599
-0.000748971874519
-0.00152992887296
-0.00391241363066
-0.00343751273539
-0.00376079564245
-0.00404325175438
-0.00337825889476
-0.00369693708115
-0.00603671846772
-0.00542502730945
-0.00524652651936
-0.00485511970503
-0.00288452852856
-0.00223335069769
-0.00675981990502
-0.00288533303337
-0.00412402213352
-0.00347768947644
-0.00491931580252
-0.00403281455558
