-0.00222605854647
-0.000497453646985
-0.000986125087653
-0.00171704988089
5.20064950745e-05
-0.000324873945503
-0.00112560940325
0.000637942170152
0.000189448837046
-0.0037323522623
-0.000312825952686
-0.0015311007107
-0.0030704718344
0.000398367255359
-0.000592697812117
-0.00268437498135
-0.00376422415272
-0.000386731771855
-0.00581924817057
-0.00141928674745
-0.00295899216146
-0.00562141643698
-0.000977051677672
-0.0037307840163
-0.0031048952233
-0.00539706767161
-0.00152819338726
-0.00128473496471
0.000119949692403
-0.00233862474827
0.000319709184695
-0.00045226935799
-0.00257908101658
-0.000809239165419
-0.00298767144644
-0.00107850272152
-0.00233838299994
-0.00409223323523
-0.00366439659187
-0.00273904567099
-0.0027823536118
-0.00370839396511
-0.00173732945961
-0.00335418309571
-0.00312860292463
-0.000907312853099
-0.00297424464954
-0.00236432694956
-0.000949480905882
-0.00292224207419
-0.00229943977324
-0.000792972879739
-0.000155154186271
-0.00634432640853
-0.00437215287794
-0.00415301871883
-0.0017069544762
-0.00389313233214
-0.00409921463693
-0.00592904315175
-0.00347613668944
-0.00373278712461
-0.00587631844666
