0.00148912247174
0.00419480729445
0.00240068554526
0.00322732061318
0.00200112627229
0.00424238021824
0.000759655499495
0.00150081251695
0.0042066281556
0.00241263028579
0.00323938144556
0.00201329456533
0.0042546465186
0.000772009568345
0.00151312982122
0.00421908327159
0.00242521590525
0.00325208936391
0.00202611568934
0.00426757088906
0.000785026398712
0.00152607422278
0.00423217247515
0.00243844223109
0.0032654441906
0.0020395894619
0.00428115314276
0.000798705799701
0.00583062863255
0.00424589559059
0.000828887174584
0.00327944573901
0.00205371569138
0.00279184729251
0.000813047570782
0.00584482671067
0.00426025243374
0.000843394360606
0.00329409381358
0.00206849417693
0.0028067447144
0.000828051501801
0.00585965135175
0.00427524281203
0.0051051006771
0.00330938820979
0.00208392470854
0.00282229940239
0.000843717372997
0.00587510236137
0.00429086652447
0.0051208879286
0.00332532871418
0.00210000706703
0.00283851113199
0.000860044955015
0.005891179537
0.00430712336167
0.00513731489313
0.00334191510439
0.00629582569756
0.00285537966929
0.000877034008928
0.00590788266798
0.00432401310584
0.00515438134601
0.00335914714916
0.00631321101561
0.00287290477106
0.000894684286249
0.00411837496029
0.00434153553083
0.00517208705394
0.00172786280758
0.0063312474481
0.00289108618471
0.00342158738949
0.00413632933762
0.00435969040213
0.00519043177498
0.00174638543213
0.00634993473933
0.00290992364832
0.00344055933003
0.0041549089898
0.00437847747688
0.0052094152586
0.00176555296418
0.00636927262449
0.00292941689068
0.00346019169136
0.00417411367383
0.00439789650391
0.00522903724568
0.00178536513702
0.00638926082972
0.00294956563131
0.00348048418696
0.00419394313872
0.00441794722373
0.00524929746853
0.00180582167514
0.00640989907212
0.00297036958043
0.00350143652083
0.00421439712543
0.00249031371832
0.00527019565093
0.00182692229421
0.00643118705974
0.00299182843904
0.00352304838755
0.00423547536689
0.000729720079494
0.00529173150809
0.00184866670114
0.00475218301839
0.00301394189891
0.00354531947227
0.00425717758809
0.0007516642379
0.00531390474675
0.00187105459407
0.00477476958464
0.00303670964263
0.00356824945076
0.004279503506
0.000774238968396
0.00533671506512
0.00189408566243
0.00479800496633
0.00306013134358
0.00359183798941
0.00430245282965
0.000797443970215
0.00536016215297
0.00191775958689
0.00482188883562
0.003084206666
0.00361608474525
0.00432602526015
0.000821278934395
0.00538424569159
0.00194207603947
0.00484642085576
0.00310893526501
0.00364098936603
0.00101683582734
0.00287177440084
0.00344273597092
0.00398321553728
0.00547521453081
0.00202838073083
-0.000627786086708
0.00102895430485
0.00288131011613
0.00345255076145
0.00398225228204
0.00547422019448
-0.0010253306378
-0.000628847029084
0.00502729295106
0.00289160158814
0.0034631433745
0.00398209090058
0.00547405360572
-0.00102550268062
-0.000629024776997
0.00504087954803
0.00290264862076
0.00347451359623
0.00398273139637
0.00547471476833
-0.00102481987189
-0.000628319325826
0.00505519984472
0.00291445100353
0.0034866611972
0.00398417375568
0.00547620366721
0.0027523637505
-0.000626730693912
0.00507025358366
0.00164185041397
0.00349958593239
0.0039864179476
0.00547852026836
0.0027547561916
-0.00062425892256
0.00508604049435
0.00165516280855
0.00351328754122
0.00398946392404
0.00427807258354
0.00275800337189
-0.00062090407603
0.00510256029323
0.00166922983624
0.00352776574756
0.00399331161971
0.00126354599092
0.0027621052123
-0.00061666624153
0.00511981268376
0.00168405122952
0.00354302025977
0.00399796095218
0.0012683453059
0.00276706161294
-0.000611545529204
0.0051377973564
0.00169962670665
0.00355905077076
0.00400341182185
0.00127397199821
0.00277287245314
-0.00060554207212
0.00515469440774
0.00171595597175
0.00357585695796
0.00400966411196
0.00128042593944
0.00277953759147
-0.000598656026248
0.00517129773703
0.00564161422719
0.00226348563246
0.00401671768862
0.00128770698233
0.00278705686573
-0.000590887570445
0.00518863322398
0.00565945012387
0.00228184214278
0.00402457240081
0.00129581496077
0.0015834525292
-0.00058223690643
0.00520670055792
0.00567803883596
0.00230097326928
0.00103577009931
0.00130474968987
0.00159267950582
0.00311863374393
0.00522549941527
0.00569738001111
0.00232087862795
0.00104522656112
0.00131451096592
0.00160276000746
0.0031290481279
0.00524502945952
0.00571747328296
0.0023415578195
0.00105548360284
0.00132509856646
0.00161369378914
0.00314034397804
0.00526529034133
0.00573831827112
0.00236301042941
0.00106654100515
0.00133651225028
0.00162548058521
0.00315252100148
0.00380449346556
0.00575991458126
0.00238523602799
0.0010783985317
0.00134875175746
0.00163812010946
0.00316557888264
0.00382621492306
0.00578226180514
0.00240823417038
-0.000249164753195
0.00136181680939
0.00165161205509
0.00192283437325
0.00384866609313
0.00580535952061
-0.000466109405464
-0.000235707755215
0.00137570710881
0.00166595609478
0.00193765293253
0.00387184657524
0.0058292072917
0.00331558420467
-0.00022145144395
0.00139042233985
0.00168115188073
0.00195335126702
-0.00360699729186
-0.00308782944003
-0.00218643531981
-0.00341577311105
-0.00235581865086
-0.00173785898028
-0.00078280374969
-0.00197469140203
-0.00503315974891
-0.00626535571276
-0.00355678817373
-0.00251960877367
-0.00377122151131
-0.00284950735427
-0.00235123002628
-0.00142650409384
-0.00221944916434
-0.00598483163726
-0.00529324177564
-0.00458205735117
-0.00482950719929
-0.00339122063636
-0.00479493942152
-0.00196339725212
-0.00318930072973
-0.00218345533204
-0.00350104782106
-0.000597431564041
-0.00183979510773
-0.00490435831339
-0.00386342884146
-0.00508651708919
-0.0023240311819
-0.00354440040156
-0.0026188093934
-0.00365552506878
-0.001188922747
-0.00197896443978
-0.00574186825935
-0.00626677484691
-0.00433558127359
-0.00383892827209
-0.00314921732466
-0.00454882479493
-0.00363711097239
-0.00293537193762
-0.0020263522287
-0.00334127255659
-0.00233883889925
-0.00135363340943
-0.00474528019333
-0.0037133251478
-0.00488493719683
-0.00379170817256
-0.00328572778507
-0.00235574740223
-0.00338838401788
-0.00249811319325
-0.00170482908062
-0.000848911220441
-0.00490734500457
-0.00529261033536
-0.00480834528461
-0.0028812132357
-0.00427629592051
-0.00336019650804
-0.00235994049899
-0.00184106342531
-0.000930913561799
-0.00214740630286
-0.00118296869987
-0.00642064292359
-0.00353258835286
-0.0047012412835
-0.00353343478379
-0.00469031486957
-0.00206069594844
-0.0030887957878
-0.00219439980736
-0.00150058741967
-0.000538433713874
-0.00459434368622
-0.00497772219896
-0.00449224348838
-0.00462736207
-0.00175292674009
-0.00305674026958
-0.0021503757171
-0.00354907080731
-0.00263304542936
-0.00192709523871
-0.00100184325839
-0.00624073317827
-0.00512287269165
-0.00448666119694
-0.00330284906262
-0.00232432343985
-0.00346172569939
-0.000954695852213
-0.00185827407779
-0.00116046178361
-0.0018106343544
-0.00578270805032
-0.00462935455405
-0.00414254708289
-0.00430811798607
-0.00346209633232
-0.00272703611522
-0.0019135083801
-0.00330803182593
-0.00238796973706
-0.00363610828826
-0.000799562350679
-0.00203721635775
-0.00488158829189
-0.00378062663732
-0.00310351970055
-0.0021388227916
-0.00310501317064
-0.00236358171415
-0.00149022413958
-0.00078807891848
-0.00143455698216
-0.00540363829819
-0.00578271461746
-0.00375980332656
-0.00396367386302
-0.00311196494892
-0.00443220077838
-0.00367717039791
-0.00303948241543
-0.00211495237638
-0.00118535876934
-0.00251673637604
0.000468386410929
-0.00467023843301
-0.00350514171932
-0.0046878953637
-0.00194014901505
-0.00290356030478
-0.00199044323911
-0.00286280823085
-0.0021940901953
-0.00102649635695
-0.00499236987336
-0.00465545916245
-0.00489532798114
-0.00583089846733
-0.00273657867516
-0.00414664865742
-0.00338643987389
-0.00254099172835
-0.00181428418025
-0.000960398729055
-0.00228783479347
-0.00125296743079
-0.00443397874217
-0.00327940614764
-0.00446122972272
-0.00352939430281
-0.00267022119008
-0.00175422414354
-0.00103500717497
-0.00175884895342
-0.0012979506124
3.46468783139e-05
-0.00421004826911
-0.00444827998415
-0.00543698320506
-0.00456870492657
-0.00160441641303
-0.00306919557885
-0.00221827656819
-0.00354098678901
-0.000707079823001
-0.0020301055523
-0.00099101055923
-0.00607985869341
-0.00302620545892
-0.00420384946567
-0.00326809625441
-0.00251095564882
-0.00334983196511
-0.0007640197443
-0.00135483127916
-0.000827722188479
-0.00133186007696
-0.0037335343505
-0.00397003924944
-0.00278383055336
-0.00419040816896
-0.00349506800355
-0.00272574513046
-0.00186895226506
-0.00326460887838
-0.0024444760911
-0.00174383988772
-0.000700083367125
-0.00358300348743
-0.00475776597286
-0.00393549885619
-0.00297598496768
-0.0022148447466
-0.00305012264548
-0.00236285854854
-0.00104933553158
-0.000409535537389
-0.00082772853841
-0.00505163942439
-0.00346128129407
-0.00234178683166
-0.00383404755822
-0.00313216397487
-0.00458449278782
-0.00149336294792
-0.00296090749466
-0.002135296421
-0.00121731876683
-0.000380520170903
0.000740233473241
-0.00449380960276
-0.00365997775041
-0.00467822375116
-0.00188792239698
-0.00271926335133
-0.00202855988989
-0.00261384086117
-7.00569871921e-05
0.000346440602507
-0.00451494761431
-0.00439742020919
-0.00437133388406
-0.00345292994324
-0.00274411018543
-0.00418963172585
-0.00336862706472
-0.000400220551743
-0.00179866626276
-0.00087496294731
-0.00208606789467
-0.00109051871506
-0.00420021273746
-0.00336184525724
-0.00436801140364
-0.00360220801445
-0.00235769752213
-0.00166327339794
-0.0011762505468
-0.00163088397644
0.000719117358407
-0.00407155724707
-0.00382973790907
-0.00397456523261
-0.00324875996195
-0.00233125249838
-0.00153470998269
-0.00301772934657
-0.00226146881329
-0.00143493714593
-0.000505103588934
-0.00171034175734
-0.000772872993311
-0.00598792261944
-0.00303401568968
-0.00403558672486
-0.00325733303518
-0.00267645833062
-0.00126748828519
-0.000777118095674
-0.00122909791327
-0.000829718015401
0.000931397350266
-0.00337548284317
8.66495855752e-05
-0.00281912849316
-0.00433028063786
-0.00108989062858
-0.0026409243153
-0.00187775436785
-0.00326312166505
-0.00232626965032
-0.00130713689362
-0.000426740478019
-0.00373585911979
-0.00484038794487
-0.00200656258605
-0.00289073227092
-0.00229719459067
-0.00295319152515
-0.000347794868422
-0.000796954829165
-0.000395539425193
-0.000585744608336
-0.00486610360569
0.000530590470333
-0.00236576828816
-0.00386891206648
-0.00312994527517
-0.00223856690618
-0.00146809057512
-0.00284633381461
-0.00190259808113
-0.000999212851656
-5.25112568648e-05
-0.00335557356596
-0.00445438972235
-0.00382602699739
-0.00249460236424
-0.00189677620077
-0.00254006326464
-0.00203177362325
-0.000335022811848
6.85401351462e-05
0.000243471353176
-0.00440034269437
-0.00174429714581
-0.00189029210866
-0.0033838626548
-0.00271023108558
-0.00201457420964
-0.00347123338017
-0.000172286943342
-0.00145265687232
-0.000604038286404
-0.00189697710338
0.00115163191615
-0.00403997274216
-0.00340597900872
-0.00428019620959
-0.00146705436324
-0.00210643060828
-0.00158555209045
-0.00128660348823
-0.00160279183353
0.000738198218147
-0.0039051988206
-0.00132967096961
-0.00411995954957
-0.00336755646838
-0.00226609242227
-0.00156224311037
-0.00301086092217
-0.00215174171291
-0.000976893142471
-0.000181996905456
-0.00146781743524
-0.000713213509987
-0.00359761197477
-0.00295767816978
-0.00250558914347
-0.00325945116802
-0.000606098051508
-0.00111954765022
-0.000808294884248
-0.00108072892125
-0.000914187384158
-0.00338129791006
0.00133254225664
-0.0036981139553
-0.00294166039302
-0.00443110391484
-0.00108551997272
-0.00252575916665
-0.00165848439843
-0.00296416774628
0.000266477382677
-0.00101186513893
-0.000250125139961
-0.00378849888199
-0.00248163876863
-0.00202388545751
-0.00277272264286
-0.00239752295563
-0.00290742788985
-0.000310986134304
-0.000571554112679
-0.000362623631334
-0.000419655380907
-0.00104785495172
0.000263140327898
-0.00249400508533
-0.00398953182517
-0.00321363270794
-0.00201636204324
-0.00114062852476
-0.000383968897838
-0.00174660191947
0.00141342766153
0.000239602135537
-0.00329175472961
-0.00425876181624
-0.00383402255969
-0.00225833094669
-0.0018786334146
-0.00238484566752
-0.00208984345604
-4.42116503223e-05
0.000176009245302
0.000159816425619
-0.000610969356178
-0.00211872224452
-0.00208602645325
-0.003574478396
-0.00277488127676
-0.00194362716471
-0.000609204058976
0.000107564330191
-0.00124662957587
-0.000626393142446
0.000755459655979
-0.00276860459233
-0.00372885863572
-0.00329798593904
-0.00403614855461
-0.00133249513814
-0.00115645546634
-0.00153694007719
-0.00145200530944
0.000731940073382
0.000726344802479
-0.000175678282846
-0.00167472713035
-0.0044105497186
-0.000907814061088
-0.00236573902235
-0.00152909557576
-0.00287470112031
0.00061905448826
-0.00072162020008
-9.29555814764e-05
-0.00125100074536
-0.000704814123352
-0.00317285920024
-0.0027356451932
-0.00249258786876
-0.00310954481395
-0.000579723821974
-0.000957177552367
-0.000870180435158
-0.00100058243017
0.00130927707056
0.00582286362604
0.00438002014516
0.00595813632501
0.00277650607991
0.00617444033397
0.00289136510958
-0.000128049308427
0.00574476274273
0.00429090671264
0.00586815798084
0.00268571781376
0.0060829025623
0.00279914351536
0.0042947508235
0.0056672229444
0.00420234747945
0.00577873816844
0.00259549210885
0.00599193105684
0.00270749154741
0.00420248872814
0.00559024510434
0.00411434344059
0.0056898779102
0.0025058300136
0.00590152689044
0.0027946356396
0.00411080037108
0.00551383009132
0.00402689558718
0.00560157822454
0.00241673257244
0.00581169113194
0.00270412620643
0.00401968686417
0.00543797876953
0.00394000490639
0.00551384012596
0.00232820082581
0.00572242484612
0.00261418967364
0.00392914931515
0.00536269199851
0.00385367238145
0.00542666462489
0.00224023581005
0.00563372909367
0.00252482712441
0.00383918882757
0.00528797063316
0.00209535168095
0.00534005272769
0.00215283855738
0.00554560493108
0.00243603963768
0.00374980650074
0.00521381552366
0.0020101384012
0.00525400543662
0.00206601009586
0.00545805341063
0.00234782828813
0.00366100342968
0.00514022751543
0.0019254862026
0.00516852374974
0.00197975144929
0.00537107558032
0.00226019414612
0.00375416508968
0.00488521408543
0.00184139605198
0.00508360866087
0.00189406363721
0.00528467248383
0.00217313827765
0.00366652379771
0.00480255394045
0.00175786891194
0.00499926115956
0.00180894767482
0.00519884516042
0.00208666174428
0.00357946502019
0.00472045286929
0.00167490574084
0.00491548223105
0.0017244045729
0.00511359464495
0.00200076560305
0.00349298983434
0.00463891179814
0.00159250749269
0.00483227285615
0.00164043533784
0.00299353324471
0.0019154509065
0.00340709931282
0.00455793164887
0.00151067511716
0.00474963401129
0.00155704097148
0.00290943943155
0.00183071870253
0.00332179452364
0.00447751333903
0.00142940955948
0.00466756666837
0.00147422247114
0.0028259255036
0.00174657003439
0.00323707653007
0.00439765778178
0.00117703548234
0.00458607179477
0.00139198082953
0.00274299247739
0.00166300594063
0.00315294639065
0.00431836588585
0.00109690637822
0.00450515035331
0.00131031703471
0.00266064136472
0.00158002745499
0.00306940515909
0.0042396385555
0.00568645998541
0.00442480330212
0.00122923207002
0.0025788731726
0.00149763560642
0.0029864538842
0.00416147669045
0.00560747106165
0.0043450315947
0.00114872691406
0.00249768890322
0.00141583141894
0.00290409360986
0.00408388118586
0.00552905361406
0.00426583617976
0.00565743445366
0.0024170895539
0.00133461591166
0.00282232537496
0.00119074647749
0.00239123759503
0.00107893186163
0.00139841582785
0.00257264393953
-0.000279675074709
-4.87127286628e-05
0.00166410209719
0.00228360582785
0.000968629296326
0.00128537656337
0.00245680786156
-0.000398360468117
-0.000170290229786
0.00155967409104
0.00217658778547
0.000858951055936
0.00200594145448
0.0023416169758
-0.000516390519466
-0.000291202513973
0.0014558506122
-0.000378375658686
0.000749898789667
0.00189417361704
0.00222707316248
-0.000633763223508
0.000696588931563
0.00573972680886
-0.000484161624912
0.000641474143082
0.00178304413185
0.00211317829851
-0.00075047657804
0.000577013487289
0.00563711670157
-0.000589329247364
0.000533678757997
0.00167255475326
0.00199993425736
-0.000866528584037
0.000458109660432
0.00553511543069
-0.000693876994108
0.000426514272379
0.00156270723192
0.00188734290897
0.00311544759711
0.000339879578688
0.00543372442465
-0.000797803337213
0.00031998232025
0.00145350331461
0.00177540611961
0.00300072427191
0.000222325366618
0.00533294510775
-0.000314016834301
0.000214084531585
0.0013449447442
0.00166412575174
0.00288666827194
0.000105449145505
0.00277271639628
-0.000416695802842
0.000108822532211
0.00123703325949
0.00241614212999
0.00277328158223
-1.07469667966e-05
0.00267316471369
-0.000518748808933
4.19794370582e-06
0.00112977059509
0.00230618017676
0.00266056618394
-0.000126260856
0.00257422896763
-0.000620174341598
-9.97876167032e-05
0.00102315848137
0.0021968802085
0.00254852405427
-0.000241090411538
0.00247591056511
-0.00072097089433
-0.000203132536241
0.000917198644279
0.00208824407128
0.0024371571663
-0.000355233526709
0.00237821090863
0.00343158924696
-0.000305835206686
0.000811892805267
0.0019802736068
0.00232646748889
-0.000468688098827
0.00228113139603
0.00333205515528
0.000199365547077
0.00070724268117
0.00187297065222
0.00221645698649
-0.000581452029371
0.00218467342051
0.00323315453532
9.79521807465e-05
0.00060324998409
0.00176633704004
0.00300149624524
0.0033739294003
0.00208883837044
0.00313488887478
-2.81414018598e-06
0.000499916421282
0.00166037459798
0.00289284996807
0.00326255303106
0.00199362762933
0.00303725965644
-0.000102931826748
0.000397243695042
0.00155508514887
0.00278488873165
0.00315187357244
0.00189904257576
0.00294026835803
-0.00020239929504
0.000295233502589
0.00145047051049
0.00267761448154
0.0030418931048
0.00180508458326
0.00284391645218
-0.000301214966335
0.00019388753595
0.00134653249547
0.00257102915823
0.00293261370355
0.00210465580006
0.0027482054063
-0.000399377267191
9.32074818461e-05
0.00124327291113
0.00246513469698
0.00282403743902
-0.00518396251633
-0.00735457229778
-0.0057890516578
-0.0063615410414
-0.0069210295278
-0.00540123519802
-0.00700672102539
-0.00514190220505
-0.0058946066039
-0.00573909115824
-0.00629737629337
-0.00685521816587
-0.00532685746574
-0.00693057062415
-0.00509872056392
-0.00585041143913
-0.00568795541615
-0.0062320275536
-0.00678819553854
-0.00525125631632
-0.0068531717024
-0.00505441943802
-0.00580506625156
-0.00563564685125
-0.00616549801914
-0.00671996508595
-0.00517443576416
-0.00610978572192
-0.00500900071609
-0.00575857308334
-0.00780409497867
-0.00609779093297
-0.00665053029687
-0.00509639987043
-0.00604722301295
-0.00496246633009
-0.00571093402328
-0.00774944822127
-0.00602890958331
-0.00657989470785
-0.00725198326315
-0.00598338768038
-0.00491481825482
-0.00566215120643
-0.00769363618975
-0.00597160833983
-0.00650806190244
-0.00717152905205
-0.00591828332358
-0.00486605850752
-0.00561222681361
-0.00763666149498
-0.00591316721509
-0.00643503551029
-0.00710115740292
-0.00585191359954
-0.00481618914746
-0.00556116307093
-0.00757852679414
-0.00585353862028
-0.00636081920636
-0.00703513337055
-0.00578428222185
-0.00477534154517
-0.00550896224932
-0.00751923479022
-0.00579272546621
-0.00628541671002
-0.00696787817397
-0.00571539295977
-0.00696726619106
-0.00545562666405
-0.00608581572804
-0.00573073071173
-0.00620883178426
-0.00689939538069
-0.00564524963725
-0.00693270311868
-0.00540115867423
-0.0060242174069
-0.00789178570791
-0.0061310682348
-0.00682968860921
-0.00557385613195
-0.00689701751613
-0.00534556068232
-0.00596147016016
-0.00782743681791
-0.00605212990921
-0.00675876152811
-0.00773096746194
-0.00686021090172
-0.00529235336978
-0.00589757686779
-0.00776191548545
-0.00597202069611
-0.00668661785514
-0.00765708543386
-0.00682228483863
-0.00525702502688
-0.00583681208826
-0.00769522485465
-0.00589074452425
-0.00661326135638
-0.00758196516823
-0.0067832409345
-0.00522054623459
-0.00577628746157
-0.00762736811423
-0.00580830536169
-0.00653869584528
-0.00750561074756
-0.00674308084119
-0.00740484380823
-0.00573235003489
-0.00755834849677
-0.0057258923496
-0.00646292518176
-0.00742802630307
-0.00670180625434
-0.00736606905887
-0.0056925853753
-0.007488169278
-0.00788486763916
-0.00638595327135
-0.00734921601365
-0.00665941891309
-0.00732614889774
-0.00565164713995
-0.00741683377608
-0.00784192543003
-0.00633571898293
-0.00726918410487
-0.00661592059972
-0.00728508509935
-0.00560953724081
-0.00614500129422
-0.0078041605868
-0.00629703423304
-0.00718793484794
-0.00657131313924
-0.00724287948521
-0.00556625764024
-0.00612005976895
-0.00776516521895
-0.00625709003463
-0.00710547255872
-0.00655926478437
-0.00518268949604
-0.00884343528852
-0.0061871351674
-0.0097425753413
-0.00710665107799
-0.00823585829017
-0.00653082457808
-0.00515415897653
-0.00881488915336
-0.00615601353609
-0.00971156157652
-0.00707484595308
-0.00820421801571
-0.00650133196141
-0.00512457276898
-0.0087852867635
-0.00612383949658
-0.00728514771412
-0.00704199456202
-0.00817153676961
-0.00647078803264
-0.0050939319821
-0.00875462922946
-0.00609061424914
-0.00725203543557
-0.00700809811666
-0.00813781574513
-0.00643919392765
-0.00729584452571
-0.00872291769974
-0.00605633903134
-0.00721787572256
-0.00697315786543
-0.0081030561716
-0.00640655081959
-0.00726309805771
-0.00869015336053
-0.00602166371094
-0.00718266983922
-0.00693717509315
-0.00806725931417
-0.00637285991878
-0.00722930056302
-0.00865633743557
-0.00598696476488
-0.00714641908623
-0.00690015112075
-0.00803042647362
-0.00633812247241
-0.00719445330062
-0.0108512194796
-0.00595121833133
-0.00710912480067
-0.00686208730507
-0.00799255898608
-0.00630233976434
-0.00715855756648
-0.0108153042032
-0.00591442573486
-0.00707078835569
-0.0068229850386
-0.00795365822283
-0.00627410171432
-0.00712161469332
-0.00716765204203
-0.00587658833643
-0.00703141116032
-0.00678284574922
-0.00791372559005
-0.00626102146349
-0.00708362605039
-0.00712964275353
-0.00806186509755
-0.00700966426112
-0.00674167089996
-0.00787276252857
-0.00624688444985
-0.00704459304322
-0.00709058855249
-0.00802705849838
-0.0069919387937
-0.00669946198875
-0.0078307705136
-0.00623169120058
-0.00700451711335
-0.00705049088278
-0.00800750273321
-0.00697315971353
-0.00665622054813
-0.00778775105449
-0.0062154422818
-0.00696412975159
-0.00700935122408
-0.00798689213396
-0.00917658841847
-0.00661194814499
-0.00774370569446
-0.00619813829858
-0.00694679318818
-0.00435117818044
-0.00796522746814
-0.00915570424269
-0.00656664638031
-0.00769863601033
-0.00617977989471
-0.00692840023339
-0.00430795912468
-0.00794250954167
-0.00913376866075
-0.00653542146821
-0.00765254361226
-0.00616036775267
-0.00690895157353
-0.00426370273113
-0.00791873919881
-0.00911078248466
-0.0087357967344
-0.00760543014345
-0.00613990259348
-0.00688844793369
-0.00421841061999
-0.00789391732194
-0.00908674656441
-0.00871186609871
-0.00755729727985
-0.00611838517654
-0.00686689007754
-0.00418974022721
-0.00786804483141
-0.00906166178785
-0.00636922040539
-0.00750814672992
-0.00833345866426
-0.00684427880725
-0.00416714521468
-0.00784112268541
-0.00903552908048
-0.00634320203337
-0.00969014810408
-0.00831452375241
-0.00682123982518
-0.00414349837604
-0.00781315187976
-0.00900834940533
-0.00631614120041
-0.00963896743523
