-0.000801461307826
-0.000806083307746
-0.00396690405836
-0.000656673828292
-0.00125345096189
-0.00169198118626
-0.000401694185125
-0.000882276019248
-0.000848633496473
-0.00400927422619
-0.000698716088654
-0.0012950276105
-0.00173296826684
-0.000441983997604
-0.000961916849253
-0.000909045624451
-0.00405042066503
-0.00073954372591
-0.00133540258051
-0.00177277008374
-0.000481107994529
-0.00104037984912
-0.000986798166784
-0.00409034127802
0.00145075937822
-0.00137457388938
-0.00181138473668
-0.00051906436997
-0.0011176611112
-0.00106337815637
-0.00412903402619
0.00141236707782
-0.00141253960952
-0.00409775416153
-0.000555851368331
-0.00119375676976
-0.00113878182694
-0.00194258430246
0.00137519537738
-0.00144929786875
-0.00413398899735
-0.00059146728474
-0.0012686630019
-0.00121300545431
-0.00197881543817
-0.00141448284613
-0.00148484685072
-0.00416903128688
-0.000625910465442
-0.0013423760284
-0.00414117955378
-0.00201381294449
-0.00144920777172
-0.00151918479536
-0.00420287934357
-0.000659179308169
-0.00141489211458
-0.00199110784183
-0.00204757501897
-0.00148270663904
-0.00155230999934
-0.00423553153533
-0.000691272262513
-0.00148620757121
-0.00206176942773
-0.00208009991944
-0.001514977746
-0.00158422081644
-0.00426698628492
-0.000722187830276
-0.00155631875532
-0.0021312365111
-0.00211138596448
-0.00154601944995
-0.00161491565798
-0.0042972420703
-0.000751924565819
0.000596703113054
-0.00219950559061
-0.00214143153383
-0.001575830168
-0.00164439299321
-0.00432629742502
-0.000803295106619
0.000529011213496
-0.00226657321197
-0.00217023506881
-0.00160440837752
-0.00167265134965
-0.00435415093858
-0.000855104760087
0.000462534229142
-0.00233243596873
-0.00219779507273
-0.00163175261645
-0.0016996893135
-0.00438080125671
0.00132460593006
0.000397275609332
-0.0023970905031
-0.00222411011127
-0.0016578614837
-0.00172550552999
-0.00440624708177
0.00127511522958
0.000333238752895
-0.00246053350675
-0.00224917881282
-0.00168273363949
-0.00175009870366
-0.00443048717301
0.00122678746274
0.000270427007331
-0.00252276172156
-0.00227299986888
-0.00170636780571
-0.00177346759873
-0.00221867026807
0.00117962487052
0.000208843667987
-0.00258377194046
-0.00229557203436
-0.00172876276624
-0.00179561103941
-0.00224049539853
0.00113362964543
0.000148491977247
-0.00264356100819
-0.00233640516874
-0.00174991736724
0.000417293057217
-0.00226111141731
0.00108880393099
8.68398258858e-05
-0.00270212582205
-0.00239421983161
-0.00176983051746
0.000397603811379
-0.00228051731414
0.0010451498213
2.52396061292e-05
-0.00275946333267
-0.00245082172801
-0.00178850118853
0.000379143184627
-0.00229871213704
0.0010026693605
-0.00233300618171
-0.00191453211216
-0.00318952947836
-0.00252726910402
-0.00455373005789
-0.00245720277426
-0.00266466931742
-0.00239911917401
-0.00379086451513
-0.00323583468806
-0.00260694692601
-0.00463593920673
-0.00254178516887
-0.00275139478468
-0.00246400532368
-0.00384967128532
-0.00328082854066
-0.00454196609648
-0.00248999722075
-0.0026250293783
-0.00283675409837
-0.00252766120601
-0.0039146902146
-0.00332450839236
-0.00461909424813
-0.00256958797522
-0.0027069299974
-0.00292074145581
-0.00259008344886
-0.00397845158599
-0.00336687166981
-0.00469494077937
-0.00264786211155
-0.00278748167983
-0.00300335111544
-0.00265126873342
-0.00404095186942
-0.00340791587076
-0.00476950123855
-0.00272481475855
-0.0028666791396
-0.00308457739863
-0.00271121379512
-0.00410218759183
-0.00344763856486
-0.00484277122936
-0.00280044110382
-0.0029445171526
-0.00316441469134
-0.000547979995717
-0.00416215533805
-0.0034860373943
-0.00491474641209
-0.0028747363951
-0.00302099055822
-0.00324285744591
-0.000605435038835
-0.0042208517517
-0.00353396176679
-0.00276347124353
-0.00294769594164
-0.00309609426083
-0.00331990018276
-0.000661640398706
-0.00427827353605
-0.00359243427014
-0.00283284402291
-0.00301931511554
-0.00316982323134
-0.00116412585626
-0.000716593035667
-0.00433441745496
-0.00364960729241
-0.00290090932598
-0.00308958935313
-0.00324217250876
-0.00123835239995
-0.000770289968265
-0.00438928033367
-0.00561259980699
-0.0029676630509
-0.00315851415627
-0.00331313720169
-0.00131116291299
-0.000822728274031
-0.00444285905971
-0.00566716388817
-0.00303310115818
-0.00322608509369
-0.00338271248985
-0.00138255220537
-0.000873905090237
-0.00449515058373
-0.00572041864059
-0.00309721967181
-0.0032922978023
-0.00345089362559
-0.00145251516373
-0.000923817614646
-0.00454615192031
-0.00355042548582
-0.00316001468041
-0.00335714798851
-0.00128409804321
-0.00152104675305
-0.000972463106248
-0.00459586014879
-0.00360105219931
-0.00322148233837
-0.00342063142954
-0.00134947692917
-0.00158814201834
-0.00101983888598
-0.00464427241407
-0.00365036033927
-0.00328161886688
-0.00348274397466
-0.00141344787047
-0.00165379608624
-0.00106594233746
-0.00469138592742
-0.00369834696219
-0.00334042055509
-0.00354348154652
-0.00147600642481
-0.00171800416673
-0.00111077090764
-0.00473719796722
-0.00374500919506
-0.00339788376118
-0.00360284014237
-0.00153714822991
-0.00178076155474
-0.00115432210753
-0.00255977045106
-0.00379034423615
-0.00345400491339
-0.00366081583529
-0.00159686900488
-0.003164313048
-0.00119659351286
-0.00451011073642
-0.00383434935584
-0.00350878051114
-0.00149074102207
-0.00165516455169
-0.00322415528362
-0.00376243827649
-0.00526815337011
-0.00454054450638
-0.00798887239189
-0.00797541220957
-0.00708369945418
-0.00831992246906
-0.00723502236289
-0.006941017646
-0.0056398929791
-0.00712402212804
-0.00637195675774
-0.00660568797332
-0.00564339784466
-0.00457062523727
-0.00561487299027
-0.00430366263457
-0.00426524557707
-0.00269484769568
-0.00339602278659
-0.00268833875326
-0.00403355320045
-0.00561387104511
-0.00350844579946
-0.00492494878509
-0.00831808040752
-0.00965454556694
-0.00867411640618
-0.00626687501092
-0.00730558411083
-0.00600907044846
-0.00721963326957
-0.00532728180773
-0.00670524167187
-0.00574481674592
-0.0069073172261
-0.00488635543794
-0.00357682569388
-0.00437288591817
-0.00280361530181
-0.00342668547185
-0.00242441033901
-0.00434755784705
-0.00454972400839
-0.00383434467968
-0.00525662453064
-0.00437303451588
-0.00997552672454
-0.00767770074986
-0.00882526647923
-0.00764145426423
-0.00634922975735
-0.00614884271786
-0.00539307975073
-0.00677235241282
-0.00581318797017
-0.00614336539905
-0.00495702907367
-0.00588166309014
-0.00444546280001
-0.00238790157431
-0.00311446678722
-0.0026062292124
-0.00325184596193
-0.00484369681047
-0.00413378290067
-0.0055614126427
-0.00332893399265
-0.00465885697024
-0.00797559965339
-0.00912775204099
-0.00794823461841
-0.0077586411565
-0.00635008402758
-0.00542697563359
-0.00680692557146
-0.00501489546124
-0.006179204452
-0.00499344063709
-0.00591859568527
-0.0039867634132
-0.00470529743822
-0.00339894675682
-0.00275145550902
-0.00573637190491
-0.00511136866391
-0.00440646612779
-0.00449405605154
-0.00361128943703
-0.00492369537601
-0.00395403769292
-0.00392537388686
-0.00709731338085
-0.00803956815155
-0.00663425676973
-0.00766271361419
-0.00597523606016
-0.00501691953765
-0.00618126392038
-0.00499553302359
-0.00541758125439
-0.00409284974452
-0.00509603182181
-0.00381311363222
-0.00478147012396
-0.00597288145084
-0.00535248211468
-0.00553347777283
-0.00474416261997
-0.00386571852529
-0.00516000890958
-0.00300930709552
-0.00416939029643
-0.00299170260434
-0.00829034036426
-0.0068879480973
-0.00679888536648
-0.00594463345978
-0.00721923528928
-0.00614954067138
-0.00446016617143
-0.00553767337916
-0.00444428463322
-0.00545312063031
-0.00388936360676
-0.00485278588137
-0.00618308727264
-0.00422622871628
-0.00575185926263
-0.00496652368321
-0.00631810426618
-0.00418951445856
-0.00545329371156
-0.00438371943964
-0.00320914048872
-0.00326292687206
-0.00627700586934
-0.00701295446921
-0.00607300164762
-0.00725845481706
-0.0055862218806
-0.00681988285539
-0.00584976174315
-0.0047619801039
-0.00546795064832
-0.00423516142031
-0.00515738681123
-0.00503073243043
-0.00441354474564
-0.00594274277921
-0.00516090394019
-0.0053448463546
-0.00437241804549
-0.00563480771465
-0.00456810201312
-0.00473602128384
-0.0034524762844
-0.00205454019352
-0.00731532335161
-0.00638107076502
-0.00705470831707
-0.00590476860614
-0.00709291057921
-0.00612815619327
-0.00695932799635
-0.00575604923111
-0.00454586884025
-0.00547288547713
-0.00518775646884
-0.00457367029059
-0.00610593134158
-0.00415605889195
-0.0055139572479
-0.0045443388982
-0.00578660826219
-0.0038293380869
-0.00489249151973
-0.0036110289071
-0.0044492463166
-0.0026066561188
-0.0061403683021
-0.00733614128614
-0.0061907870988
-0.0073324228529
-0.00606020834414
-0.00720805396526
-0.00600889558782
-0.00704287233649
-0.00547099521621
-0.00547248698065
-0.00693289525019
-0.00507720148768
-0.00429388242023
-0.00565421142505
-0.00468693314882
-0.00501704897794
-0.00395318619839
-0.00501816147467
-0.00373837800338
-0.00400535966689
-0.00284666315302
-0.00415580850711
-0.0031287458023
-0.00612729113904
-0.0072214854489
-0.00626993663236
-0.00742164638885
-0.00622605329727
-0.00700057846789
-0.00571370532495
-0.00469320226101
-0.00588111124685
-0.00518451841069
-0.00663647345453
-0.00576545096108
-0.00390857012498
-0.00510891246667
-0.00404651789082
-0.00511287026627
-0.00326160584514
-0.00410248299295
-0.00305498114022
-0.0043681435962
-0.00300985901988
-0.00409861625304
-0.00739289877483
-0.00644479136488
-0.00759974285811
-0.00613165617553
-0.00720298349951
-0.00591931397244
-0.00504531040036
-0.00612706005305
-0.00526371529375
-0.0058284641292
-0.00495751553027
-0.00622661661634
-0.00517062261605
-0.00634370047498
-0.00459677740732
-0.00332608618012
-0.00416773442481
-0.00323132316304
-0.00420758265333
-0.00319287549042
-0.00428467904983
-0.00305949224842
-0.00852516625307
-0.00746078820028
-0.006294229045
-0.00736846647953
-0.00608743266244
-0.00537140624373
-0.00645752921981
-0.00442603085585
-0.00588040580633
-0.00501038011798
-0.00628037006633
-0.0052367013973
-0.00578904043322
-0.00462923758756
-0.00558639460168
-0.00420102519035
-0.00303512066912
-0.00435451159947
-0.0033424776849
-0.00443678418496
-0.00290642272675
-0.00415912526291
-0.00756703374441
-0.00864215411283
-0.00749672047534
-0.00593648866243
-0.00790474126107
-0.00587396095858
-0.00464722539128
-0.00590356385
-0.00508534008012
-0.00582271744472
-0.00482813659788
-0.00595878246062
-0.00475448127438
-0.00566570454486
-0.00394375502028
-0.0053687421863
-0.00446839289549
-0.00345843918808
-0.00427344087599
-0.00302611996604
-0.0042278465937
-0.00316670861186
-0.00397974033322
-0.00730625608995
-0.00825066154011
-0.00729172761947
-0.00615083428709
-0.00717190406618
-0.00603706203502
-0.00463502880793
-0.00596837220144
-0.00497621989751
-0.00610916467956
-0.00490700653114
-0.00546899418497
-0.00408371220479
-0.00544785620652
-0.00454905894171
-0.00548125910078
-0.00435696898511
-0.00311091847207
-0.00426087838406
-0.00291910826359
-0.00403193999759
-0.00288906226302
-0.00830466185348
-0.00753799637968
-0.0064004776335
-0.00743437262659
-0.00562580832633
-0.00697707382153
-0.00608433611097
-0.00732190741643
-0.00587213602851
-0.00467726471039
-0.00559201575917
-0.00429926349772
-0.00552641478637
-0.00431513836863
-0.00552945933152
-0.00440598308065
-0.00538260384117
-0.00397691526265
-0.00291634328722
-0.00404706893578
-0.00290446529173
-0.00356872785649
-0.0077571330888
-0.00662263481794
-0.00706287826665
-0.00586361433447
-0.00706170226851
-0.00617047144152
-0.00704706197598
-0.0059610851798
-0.00698947198216
-0.0057129521306
-0.00448317209596
-0.00543237339975
-0.00432957598456
-0.00554364162515
-0.00442040507525
-0.00511599668697
-0.00393846019724
-0.00509910249741
-0.00402509941167
-0.00260085048217
-0.00354599968909
-0.00794891620951
-0.00621088101968
-0.00726955972466
-0.00607304692048
-0.00711692109373
-0.00586424929487
-0.00710421075818
-0.00601912877355
-0.00707218746615
-0.00556564507
-0.00657586282159
-0.00558712791435
-0.00448690972485
-0.00552378408854
-0.00411896277454
-0.00509549551773
-0.00386432941752
-0.00506065646773
-0.00381195258915
-0.00494141735045
-0.00371668499716
-0.00305508574963
-0.00860627799887
-0.00744800063232
-0.00625387498466
-0.0068159564685
-0.00589045438716
-0.00713085690108
-0.00606442319588
-0.00689169693376
-0.00566788004717
-0.00669577401527
-0.00570920899969
-0.00655171183011
-0.00533623181872
-0.00406418675244
-0.00503988488489
-0.00381671055369
-0.00491036621592
-0.00394563061242
-0.00507764023231
-0.0038552367401
-0.00319160074095
-0.00429873953633
-0.00759800723137
-0.00826043029838
-0.00696983781827
-0.00588662919592
-0.00713972016523
-0.00585146648731
-0.00696110075372
-0.00573826869939
-0.00678341502628
-0.00551718979157
-0.00664244179359
-0.00543821666287
-0.00634668921041
-0.00494925605113
-0.00362810820152
-0.00500508202042
-0.00404231905094
-0.00517617657764
-0.00367421580139
-0.00330025534304
-0.00400782423507
-0.0028775716456
-0.00391559213815
-0.0070943932414
-0.00808257909115
-0.00689493794397
-0.00811072614674
-0.00699900868678
-0.0057767153686
-0.0065574122787
-0.00557344304573
-0.00671123156673
-0.0055212772239
-0.0061496619516
-0.00470982562224
-0.00590706235172
-0.00506338555791
-0.00410183998208
-0.00495558846449
-0.00373592148524
-0.000533936744945
-0.00101652806327
-0.00387352226216
-0.00261255090112
-0.00314577544788
-0.00330422428028
-0.000153428626806
-0.000558323158641
-0.0034157006073
-0.00389733569612
-0.00263598852682
-0.00316878899479
-0.00337345665317
-0.000221638969321
-0.000581544975628
-0.00343868033709
-0.00392001157005
-0.0026583063381
-0.000968302605417
-0.00344166159871
-0.000288835419931
-0.000603601138778
-0.00346050643143
-0.00394154889936
-0.00267950339612
-0.000989115708107
-0.00350883657993
-0.000355015548671
-0.000624490642845
-0.0034811779161
-0.00396194674787
-0.00269957880822
-0.00100882729903
-0.00357497909002
-0.000420176954733
-0.000644212534689
-0.0035006938674
-0.00398120422794
-0.000488006711287
-0.00102743657692
-0.00364008665271
-0.000484317266874
-0.00066276591349
-0.00351905341236
-0.00399932050074
-0.000505836339135
-0.00104494278464
-0.00370415682279
-0.00460031436393
-0.000680149930958
-0.00353625572892
-0.00178576975962
-0.000522541921914
-0.00106134520925
-0.00376718718643
-0.00466240549475
-0.000696363791522
-0.00355230004615
-0.00180160129738
-0.000538122753427
-0.00107664318225
-0.00382917536169
-0.00472346859931
-0.00071140675251
-0.0035671856444
-0.0018162894058
-0.000552578174488
-0.00109083607964
-0.00389011899893
-0.0047835014286
-0.000725278124324
-0.00134647714648
-0.00182983344284
-0.000565907573067
-0.00110392332208
-0.00395001578117
-0.00484250176519
-0.000737977270592
-0.00135904335368
-0.00184223281608
-0.000578110384413
-0.00111590437502
-0.00400886342458
-0.00490046742354
-0.000749503608315
-0.00137044899213
-0.00185348698279
-0.000589186091177
-0.00112677874876
-0.00406665967886
-0.00495739625047
0.00147123092762
-0.0013806935488
-0.00186359545007
-0.00059913422352
-0.0011365459986
-0.00412340232762
-0.00501328612546
0.00146205174183
-0.00138977656261
-0.00187255777497
-0.000607954359213
-0.00117113494413
-0.00417908918883
-0.00506813496108
0.00145404679206
-0.00139769762455
-0.00188037356456
-0.000615646123726
-0.00122646746926
-0.0042337181152
-0.0029000108626
0.00144721644661
-0.00140445637779
-0.00188704247604
-0.000622209190309
-0.00128072722147
-0.00428728699455
-0.00295277149131
0.00144156101984
-0.00141005251772
-0.00189256421679
-0.000627643280058
-0.00133391204458
-0.00211786670349
-0.00300448502047
0.00143708077214
-0.00141448579208
-0.00189693854447
-0.000631948161978
-0.00138601981951
-0.00216930929481
-0.0049622923091
0.00142184818897
-0.00141775600096
-0.00190016526702
-0.00063512365303
-0.0014370484647
-0.00221968571729
-0.00501190581957
0.00139648580626
-0.00141986299686
-0.00190224424277
-0.000637169618168
-0.00121569608255
-0.00226899400316
-0.00506046648101
-0.00396840014508
-0.00393342515391
-0.00395683936996
-0.00267927226042
-0.00279869806617
-0.0029116013312
-0.00496380214012
-0.00405763043886
-0.00402421754984
-0.00404899550541
-0.00277256149297
-0.00284295610971
-0.00295641900434
-0.0050090481459
-0.00414584489755
-0.00411397981005
-0.00414010916897
-0.00286479811067
-0.00288606012614
-0.00300006869408
-0.00505311550254
-0.00423304018873
-0.00420270843538
-0.00314792120692
-0.00295597833782
-0.00292800815833
-0.0030425483691
-0.00509600212071
-0.00431921300414
-0.00429039995137
-0.0032369390058
-0.00304609842417
-0.00296879829739
-0.000861929932578
-0.00513770596235
-0.00440436006025
-0.00437705090886
-0.00332490346279
-0.00313515464565
-0.00300842868308
-0.000902063684386
-0.00517822504108
-0.00448847809877
-0.00446265788459
-0.00341181100655
-0.00322314330495
-0.00304689750422
-0.000941021628869
-0.00521755742271
-0.00457156388724
-0.00454721748176
-0.00349765809276
-0.00331006073227
-0.00311164344299
-0.000978801937063
-0.00525570122564
-0.00465361421954
-0.00463072633066
-0.00358244120476
-0.00339590328595
-0.00319830322647
-0.00101540283167
-0.00529265462135
-0.0047346259165
-0.00247855918446
-0.00366615685421
-0.00348066735313
-0.00106144984315
-0.00105082258745
-0.00532841583481
-0.00481459582637
-0.00255995653896
-0.00374880158172
-0.00356434935046
-0.00114593208361
-0.00108505953166
-0.00620229663705
-0.00489352082544
-0.00264029320446
-0.00383037195746
-0.00364694572473
-0.00122932006197
-0.00111811204438
-0.0062356683769
-0.00497139781855
-0.00414669856179
-0.00391086458181
-0.00372845295356
-0.00131161015933
-0.00114997855895
-0.00626784293442
-0.00504822373965
-0.00422490411292
-0.00399027608601
-0.00380886754605
-0.00139279878877
-0.00118065756229
-0.00629881875258
-0.00289054059472
-0.00430203929935
-0.00406860313276
-0.00388818604349
-0.00147288239606
-0.00121014759528
-0.00632859432979
-0.00296525529277
-0.00437810095753
-0.00414584241686
-0.00173832006834
-0.00155185746034
-0.0012384472531
-0.00635716822032
-0.00303890990072
-0.00445308595568
-0.00422199066587
-0.00181543613146
-0.00162972049482
-0.00127615013484
-0.00416261385044
-0.00311150147439
-0.00452699119444
-0.00429704464068
-0.00189144592298
-0.00170646804748
-0.00135339679375
-0.00418878025531
-0.00318302710138
-0.00459981360743
-0.0043710011362
-0.00196634611948
-0.00178209670177
-0.00142951828457
-0.00427810433211
-0.00325348390168
-0.00467155016181
-0.00444385698193
-0.00204013343301
-0.00185660307727
-0.00234427355307
-0.00437192848031
-0.00332286902815
-0.0047421978589
-0.00451560904261
-0.00211280461176
-0.0019299838304
-0.00241813441337
-0.00446465280887
-0.00721123096955
-0.00668610130475
-0.00820087017664
-0.0073004626208
-0.00496905573854
-0.00668672559426
-0.00599464480563
-0.00704502771994
-0.00651626598788
-0.00802761644207
-0.0071240637782
-0.00483950801757
-0.00655407772307
-0.00585908926143
-0.00687811432766
-0.0085676472758
-0.0078536510186
-0.0069469536922
-0.00470905910801
-0.00642051744747
-0.00572261145801
-0.00671049483339
-0.0083963934376
-0.00767897830402
-0.00676913691765
-0.00679964225316
-0.00628604936652
-0.00558521624888
-0.00654217326409
-0.00822443666056
-0.00750360267761
-0.00659061798855
-0.00666740396978
-0.00615067807939
-0.00544690848586
-0.00637315363284
-0.00805178113761
-0.0073275285
-0.00881146439611
-0.0065342775042
-0.0060144081848
-0.00530769301847
-0.00620343993866
-0.00787843104521
-0.00715076011295
-0.00863155467557
-0.00640026719413
-0.00587724428051
-0.00516757469344
-0.00604527978378
-0.00770439054324
-0.00697330183924
-0.00845095627565
-0.00626537737756
-0.00573919096283
-0.00502655835413
-0.0081220572995
-0.00752966377476
-0.0067951579825
-0.00826967364532
-0.00612961239237
-0.00560025282612
-0.00488464884005
-0.00797613105484
-0.00735425486592
-0.00661633282705
-0.00652774776214
-0.0059929765758
-0.0054604344623
-0.00474185098632
-0.007829433766
-0.00717816792576
-0.00643683063776
-0.00634510993141
-0.00585547426404
-0.00531974046035
-0.00682174976749
-0.00768196923478
-0.00700140704606
-0.00625665565994
-0.00616180108712
-0.00571710979174
-0.00517817540584
-0.00667718971971
-0.00753374125774
-0.00682397630125
-0.00607581211918
-0.0059957326969
-0.00557788749164
-0.00503574388049
-0.00653175580625
-0.00738475362587
-0.00667027852701
-0.00589430422125
-0.00585390652185
-0.00543781169403
-0.00489245046168
-0.00638545283971
-0.00723501012435
-0.00651766735524
-0.00811219726758
-0.00571125686031
-0.00529688672644
-0.00474829972201
-0.00623828562583
-0.00708451453225
-0.00636429959775
-0.01015795169
-0.00556778785785
-0.00515511691311
-0.00682522420696
-0.00609025896306
-0.0069332706223
-0.00621017919568
-0.0100163151644
-0.00542350365581
-0.00501250657467
-0.00667937252208
-0.00594137764212
-0.0067812821606
-0.00605531008198
-0.00987387367283
-0.00527840839098
-0.00486906002767
-0.00653267720111
-0.00579164644554
-0.00662855290638
-0.00589969618115
-0.00973063116777
-0.00513250619522
-0.00472478158422
-0.0063851427932
-0.00564107014722
-0.00647508661175
-0.005743341409
-0.00958659159794
-0.00498580119512
-0.00457967555157
-0.0062367738406
-0.00548965351201
-0.00632088702142
-0.00558624967236
-0.00944175890789
-0.00483829751165
-0.00443374623175
-0.00608757487825
-0.00533740129533
-0.00654751278498
-0.00521812231009
-0.0078940364645
-0.00418088539471
-0.00441611584241
-0.00623773191132
-0.0068770985695
-0.00639247822708
-0.00506370878779
-0.00774058941329
-0.00402873086965
-0.00647913260858
-0.00607125761805
-0.00671171521926
-0.00623670934076
-0.00490856173263
-0.00758641011848
-0.00387584592202
-0.00631124529688
-0.00590411026112
-0.00654565930584
-0.00608020993945
-0.00475268492363
-0.00743150230567
-0.00372223420618
-0.00614268830043
-0.00573629348096
-0.00637893441974
-0.0059229838279
-0.0045960821315
-0.00727586969262
-0.00356789936932
-0.00597346528128
-0.00556781090622
-0.00621154414025
-0.00576503480201
-0.00443875711838
-0.0071195159891
-0.00341284505128
-0.00580357988917
-0.00539866615359
-0.00604349203531
-0.0078300091915
-0.00428071363767
-0.00696244489658
-0.00325707488431
-0.00563303576134
-0.00522886282769
-0.00587478166134
-0.00767062568786
-0.00412195543371
-0.00680466010808
-0.00533588774387
-0.00546183652237
-0.00505840452091
-0.00570541656311
-0.00751053060193
-0.00396248624169
-0.0066461653079
-0.00517869674436
-0.00528998578412
-0.00488729481326
-0.00775801370511
-0.00734972769178
-0.00380230978731
-0.00648696417144
-0.00502080074496
-0.00511748714549
-0.00471553727222
-0.00758734974536
-0.00718822070555
-0.00364142978669
-0.00632706036499
-0.00486220334544
-0.00494434419238
-0.00454313545267
-0.00741604162434
-0.00702601338116
-0.00347984994607
-0.00616645754553
-0.00470290813691
-0.00477056049749
-0.00437009289667
-0.00724409283882
-0.00686310944618
-0.00331757396168
-0.00600515936051
-0.00454291870164
-0.00726288588645
-0.00419641313342
-0.00707150687324
-0.00669951261761
-0.00315460551952
-0.00807642323962
-0.00438223861289
-0.00708783137289
-0.00402209967909
-0.00689828719959
-0.00653522660167
-0.00299094829517
-0.00791374522686
-0.00422087143471
-0.0069121467555
-0.00607764007529
-0.00672443727729
-0.00637025509369
-0.00601898043637
-0.00775038273196
-0.00405882072172
-0.00673583555313
-0.00590206973463
-0.00654996055308
-0.00620460177783
-0.00585395663183
-0.00758633936245
-0.003896090019
-0.0065589012709
-0.00572587617213
-0.0063748604609
-0.00603827032699
-0.00568825500756
-0.00742161871543
-0.00373268286187
-0.00638134740007
-0.00554906285076
-0.0061991404218
-0.0058712644026
-0.00774560648902
-0.00725622437741
-0.00356860277573
-0.00620317741797
-0.00537163321993
-0.00602280384379
-0.00570358765448
-0.00757856011044
-0.00709015992414
-0.00340385327587
-0.00602439478789
-0.00519359071538
-0.00584585412182
-0.00553524372065
-0.00741084677454
-0.00692342892042
-0.00323843786737
-0.00807960809996
-0.0050149387591
-0.00566829463758
