-0.000883319604485
0.00145675133467
-0.000181617797389
-0.000969853398865
-0.0010648792365
0.000752594298603
0.000869188648493
-0.00103224590304
0.00130454888853
-0.000336222358688
0.00230728212112
-0.00122116360547
0.000639593056846
0.000756444139293
-0.00117990186814
0.00115362607381
-0.000489541247735
0.00215257721774
-0.00137615847468
0.000528103468782
0.000645208958564
-0.00132627693085
0.00100399401516
-0.000641562928044
0.00199917295164
0.00040419204531
0.000410928690208
0.000535492963203
-0.00147136049791
0.00306990098602
-0.000792275824057
0.00184708114199
0.000251811698601
0.000259368818188
0.000427305959744
-0.0016151419539
-0.000610620496435
-0.000941668323528
0.00169631364864
0.00010075646009
0.000109131776825
0.000320657700874
-0.00175761066363
-0.000756313225451
-0.00108972877998
0.00154688236963
-4.89617193878e-05
-3.97706330512e-05
0.000215557881917
-0.00189875597446
-0.000900670398191
-0.00123644551525
0.00139879923857
-0.000197330852555
-0.000187326576539
0.000112016137278
-0.00203856721872
-0.00104368075139
-0.0013818068221
0.00125207622205
-0.000344338918369
-0.00033352418732
1.00420368455e-05
0.000501958510448
-0.00118533300164
-0.00152580096698
0.00110672531679
-0.000489973864792
-0.000478351570402
0.00141534222843
0.0025870026705
-0.00132561584811
-0.00166841619277
-0.000195382052872
-0.000634223611649
0.00272867015051
0.00131653184988
0.00245125774392
-0.00146451797528
-0.00180964072168
-0.000337952639036
-0.000777076053575
0.00258661900828
0.00121931740173
0.00231688965348
-0.00160202805589
-0.00194946275825
-0.000479114971629
-0.000918519063063
0.00244597392203
0.00112370815927
0.00218390910296
-0.00173813475378
-0.00208787049238
-0.000618856962619
-0.0010585404936
0.0023067468723
0.00102971331489
0.00205232679515
-0.00187282672698
-0.00222485210245
-0.000757166508953
-0.00119712818288
0.00216894985321
0.000937341974284
0.00191637575179
-0.00200609263077
-0.00236039575861
-0.000894031495866
-0.00133426995615
0.000462959168839
0.000846603152722
0.00177068254887
-0.00213792112084
-0.000548532550244
-0.00102943980027
-0.00146995362962
0.000328058231565
0.000714100838556
0.00162633013333
-0.00226830085657
-0.000681164792583
-0.00116337929426
-0.00160416701392
0.000194623355996
0.000582443285525
0.00148332985662
-0.00239722050433
0.0023157500685
-0.00129583784867
-0.00173689791778
6.26665571766e-05
0.000452253480521
0.00134169309054
-0.00252466874085
0.00218607657414
-0.00142680333674
-0.00186813415166
-6.78001534793e-05
0.000323543032479
0.00120143122449
-0.00265063425676
0.00205790018801
-0.00155626363792
-0.00199786353155
-0.000196764771907
0.000196323539076
0.000557566187349
-0.00227083216559
-0.00244331088646
-0.00272349122127
-0.00294488412295
-0.000986807740644
-9.5453673963e-05
0.000411172011293
-0.00238538046787
-0.00256740968264
-0.00285763139443
-0.00157326832097
-0.00113997649921
-0.000227067554749
0.000266442561044
-0.00249792800663
-0.00268940353526
-0.00298957345632
-0.00171512423465
-0.00129082157691
-0.000356011485946
-0.00284159104242
-0.00260845715062
-0.00280927063398
-0.00311929074197
-0.00185467547769
-0.00143930606177
-0.000482247350068
-0.00298293817327
-0.00271695038263
-0.0029269892542
-0.00181984004445
-0.00199189008378
-0.00158539285201
-0.000605737124125
-0.00312256763677
-0.00282339031041
-0.00304253777181
-0.00194502791177
-0.00212673604289
-0.00172904468237
-0.000726442920458
-0.00326046172324
-0.00292775967784
-0.00315589467822
-0.00206791124965
-0.00225918132542
-0.00187022415194
-0.00084432702905
-0.00339660270337
-0.00303004137622
-0.00193247430106
-0.00218846361955
-0.00238919390744
-0.00200889375355
-0.000959351961259
-0.00353097283556
-0.00313021845575
-0.0020413839985
-0.00230665869004
-0.00251674179688
-0.00214501590469
-0.00108984011938
-0.00366355437346
-0.00322827413703
-0.00214803840727
-0.00242247025816
-0.00264179306077
-0.00227855298
-0.0012299352099
-0.00379432957378
-0.00208364361078
-0.00225241663756
-0.00253587227136
-0.00276431585346
-0.00240946734529
-0.00136734524897
-0.00392328070432
-0.0021774068979
-0.00235449799486
-0.00264683884992
-0.00288427844578
-0.00253772139311
-0.00150202778908
-0.00289599988854
-0.0022689995889
-0.0024542619967
-0.00275534430998
-0.00300164925517
-0.00266327757985
-0.00163394035269
-0.00302124976886
-0.0023584057042
-0.00255168838964
-0.00286136318691
-0.00311639687672
-0.00278609846426
-0.00176304047664
-0.00314462253312
-0.00244560949406
-0.00264675716636
-0.00296487025926
-0.00322849011502
-0.0029061467475
-0.000967621930462
0.000648867532259
-0.00253059545067
-0.00273944858306
-0.00306584057298
-0.0033378980169
-0.00302338531458
-0.00109097007772
0.000529301754341
-0.00261334832022
-0.00282974317681
-0.00316424946613
-0.00344458990491
-0.00313777727712
-0.00121137895735
0.000411665728067
-0.00269385311501
-0.00291762178318
-0.00326007259386
-0.00354853541154
-0.00240208282607
-0.00375255967945
0.000295976864187
0.00103723492812
-0.00300306555383
-0.00335328595365
-0.00364970451407
-0.00251067204251
-0.00386696452901
0.000182252490122
0.000961270121194
-0.00308605597422
-0.00344386591083
-0.00374806757004
-0.0026163057959
-0.00397830520555
7.0509840014e-05
0.000861947714409
0.000786856851656
-0.00353178922427
-0.00305713860815
-0.00271894855701
-0.00408654075842
-0.00468056881754
-0.00361625957551
-0.00575571765625
-0.00594634722518
-0.00390913372821
-0.00399082812438
-0.0061887010278
-0.00629903260452
-0.00376625738421
-0.00396039681727
-0.00462690912444
-0.00633410277878
-0.00240853566767
-0.00283710015111
-0.00391350814669
-0.00472745779916
-0.00116641867369
-0.00139649637349
-0.00290991770633
-0.00252894143619
-0.00410314941818
-0.0039916747209
-0.00391440038874
-0.00605924778979
-0.00626433318359
-0.00424258343933
-0.00434076624971
-0.00655613402317
-0.00668489633703
-0.0041713423044
-0.00436139205735
-0.00549917916351
-0.00600520506777
-0.00198708491533
-0.003319814435
-0.00441335401106
-0.00524109492761
-0.00168945153532
-0.00192371894651
-0.00343573723238
-0.00304789644994
-0.000483897834075
-0.00424088315555
-0.00417335118505
-0.00632205954907
-0.00653980505107
-0.0045316206072
-0.00464429449122
-0.00623620118298
-0.00636400984774
-0.00380149212662
-0.00395735956546
-0.00586278509751
-0.00638733695705
-0.00238745205005
-0.00373739057101
-0.00484620428283
-0.00568627673595
-0.00214305332057
-0.00238108033234
-0.00345623477913
-0.0030622375036
-0.000489068004463
-0.00445177500369
-0.00662656323232
-0.00596009312632
-0.00619364177203
-0.00413860161346
-0.00426161761503
-0.00650556978233
-0.00664732038794
-0.00409941220735
-0.00424548400028
-0.00616643538163
-0.0067067735753
-0.00343479528844
-0.00408716590091
-0.00520911231493
-0.00562955020134
-0.00206527342008
-0.00230655157367
-0.00383920716666
-0.00343988858594
-0.000857673103757
-0.00403392892884
-0.0062155529037
-0.0061397300279
-0.00638208896887
-0.00433651411637
-0.004469671601
-0.00672444279304
-0.00687766023145
-0.00434179075906
-0.00449652200666
-0.00640857441505
-0.00656752093492
-0.00328090402753
-0.00393653305088
-0.00506921301399
-0.0059286148562
-0.00237030286665
-0.00261425024243
-0.00414601131391
-0.00374232568674
-0.00115269663741
-0.00416698404878
-0.00635392150473
-0.00633400992214
-0.00875229688188
-0.00448794507358
-0.00462892367441
-0.00689204875396
-0.00668389401795
-0.00415867015685
-0.00430952593768
-0.00620545955675
-0.00675647396689
-0.00347938246422
-0.0041440699694
-0.00528484928902
-0.00615083278888
-0.00259703747648
-0.00284300769563
-0.00437409074842
-0.00396709669197
-0.000970171673659
-0.00426066959536
-0.00645136419791
-0.00652208331822
-0.00441232881129
-0.00424131740616
-0.00438091923092
-0.00664984826185
-0.00680579774045
-0.00428706486518
-0.0044446636011
-0.00632104731319
-0.00687830841914
-0.00360742105975
-0.00427801719423
-0.00542408696738
-0.00629437494911
-0.00137006012741
-0.00247214698305
-0.00402954857572
-0.00362038790442
-0.00111171378827
-0.003975945347
-0.00616881640291
-0.00633215573922
-0.00421216805448
-0.00429858561531
-0.00665169406734
-0.00671329653156
-0.0068726416892
-0.00435748592985
-0.00451880360368
-0.00637223823657
-0.00693228022003
-0.00310950765936
-0.00377084553084
-0.00491927628332
-0.00579148638104
-0.00143503541565
-0.00253771455026
-0.00409491758425
-0.00368478858308
-0.00117447447235
-0.00399038782281
-0.00625347220419
-0.00643480029499
-0.00431966887695
-0.00437293822416
-0.00666206955054
-0.00672422295686
-0.00442619440649
-0.00436961558445
-0.0039689367983
-0.00579610945059
-0.00633768488525
-0.00309455424798
-0.00375519671743
-0.00490300420542
-0.00577470674776
-0.00141790689196
-0.00252042961593
-0.00243787888686
-0.00366781179673
-0.0011579307218
-0.00401698813069
-0.0063973451196
-0.00649429742456
-0.00438199032983
-0.0044382644239
-0.00623788583632
-0.00616428257999
-0.0039432057227
-0.00378826230708
-0.00392027605493
-0.00571801307584
-0.0062553531343
-0.00300801364911
-0.003664645483
-0.00480885997915
-0.00567763772919
-0.00131882801118
-0.00242044986391
-0.00176977964761
-0.00315928045367
0.00183330206483
-0.00411534659527
-0.00621877760143
-0.00624992882033
-0.00410101276075
-0.00405690063178
-0.00625654511368
-0.00607023787458
-0.00384413952331
-0.0036839082765
-0.00561421329537
-0.00558965439405
-0.00125399614139
-0.00285047362926
-0.00349986473132
-0.00402011388841
-0.00489400101082
-0.000694001975602
-0.00198199537103
-0.00206800623684
-0.00349374908274
0.00150560094233
-0.0038927671418
-0.00628003523707
-0.00631928906199
-0.00417278075082
-0.00414326292868
-0.00635880013269
-0.00614906913075
-0.00376154129066
-0.00352188534872
-0.00544372148929
-0.0048259343464
-0.000433174724948
-0.00204139631862
-0.0028186387042
-0.00411099589544
-0.000210627880562
-0.000946738150089
-0.00223864140444
-0.00234093750311
-0.00380412011914
0.00116250425409
-0.00615318619201
-0.00629972710516
-0.0063463437782
-0.00426326735191
-0.00423816599303
-0.00645838936649
-0.00574940148704
-0.00342013709317
-0.00298321920789
-0.00472350622387
-0.00467903650037
-0.00190295162536
-0.0021883966067
-0.00299123019167
-0.00432867738314
-0.000475182271393
-0.001258440715
-0.00259589828137
-0.00272473787686
-0.00407316866985
0.00093003794592
-0.00626232428339
-0.00627780780325
-0.00635146863223
-0.0040141592609
-0.00389624325784
-0.00611880674543
-0.00580144715353
-0.00347476065644
-0.00304050070781
-0.00488312169603
-0.00507157576304
-0.00226708304035
-0.0025188740809
-0.00401030751505
-0.00460552561397
-0.000640914303519
-0.00143263162859
-0.0027790628349
-0.00290939397053
8.53245428826e-05
0.000635668958158
-0.00605041245947
-0.00600763079208
-0.00843065143654
-0.00408650748954
-0.00397009802889
-0.00619418462054
-0.00587833523545
-0.00355310453574
-0.00315212985291
-0.00532433076505
-0.00553866841963
-0.00276103880283
-0.00295141257033
-0.00446935314779
-0.00499910040104
-0.00104230420777
-0.00174106453509
-0.00299714280581
-0.00312857484236
-0.000132053393447
0.000422790933646
-0.00607980087835
-0.00603820423762
-0.00847968947284
-0.00413791439453
-0.00644686426856
-0.00625080330092
-0.00593778636981
-0.00361551649872
-0.00345260998087
-0.00564660549544
-0.00588117668871
-0.00310755105353
-0.00340733820378
-0.00494927491258
-0.00550129399788
-0.00156352025431
-0.00227639202056
-0.00352962126989
-0.00355485404506
-0.000447162627598
0.000219183163948
-0.00606917819903
-0.0060430531982
-0.00848514676491
-0.00414363560967
-0.00618831655475
-0.00609226030103
-0.00587986023134
-0.00369915294766
-0.00375927516991
-0.00597206562299
-0.00622663105904
-0.00347392791816
-0.00379507668358
-0.00535804245697
-0.00592966780366
-0.00200870615898
-0.00273410156948
-0.00399223313855
-0.00401793624948
-0.000908576006825
-0.000230433764749
-0.00573731930003
-0.00588587768771
-0.00831228168387
-0.00397010996846
-0.0062601101691
-0.00614274386184
-0.00827614069362
-0.00393425421985
-0.00400878858018
-0.00623711800573
-0.0065082631933
-0.00377296749907
-0.00411195425683
-0.00568580625086
-0.00627378626262
-0.00237186043394
-0.00310786790697
-0.0034971774785
-0.00440002155482
-0.00128554522983
-0.000597403419636
-0.00580126944022
-0.00597495599602
-0.00393521707207
-0.00406788970897
-0.00636268125457
-0.00625039656681
-0.00844593150853
-0.00411431318099
-0.00420001122725
-0.00642170171599
-0.00671324924174
-0.00399625769484
-0.00434893878899
-0.00594337327901
-0.00654434993739
-0.00265364430495
-0.00339805757959
-0.00379202064183
-0.00469518210734
0.00040882829476
-0.000880580594484
-0.00596695446186
-0.00602232583742
-0.00398482935438
-0.00411990029817
-0.00641724881501
-0.00630767732702
-0.0083944046556
-0.0041268282845
-0.00647487717197
-0.00656214788931
-0.0068627041518
-0.00415521610382
-0.0045176869467
-0.00612185074657
-0.00673198638251
-0.00284920629296
-0.00359956882368
-0.00399682986738
-0.00467974416163
0.00042701193284
-0.000873645190634
-0.0060928857975
-0.00603420066832
-0.00370939206038
-0.0038576371586
-0.00615528573262
-0.00614573170825
-0.00398960601736
-0.00419478384646
-0.00654710385494
-0.00663900131507
-0.00877324855227
-0.00424227533461
-0.00461015450858
-0.00621970160238
-0.006834913022
-0.00272911912742
-0.00348278786232
-0.00388188331488
-0.0047923355065
0.00031602149455
-0.00098151807404
-0.00364886408989
-0.00130925358375
-0.00282268480443
-0.000189773344295
-0.00376064116548
-0.00219570453408
-0.00216753519535
-0.00039288335053
-0.00147863504897
-0.00299267127927
-0.000367330453796
-0.00393079098256
0.00107419141796
-0.00236195496093
-0.000560406151792
-0.00164724678898
-0.00316188784892
-0.000544148599534
-0.00410016826404
0.000880363469503
-0.00255571358729
-0.0007271547884
-0.00181508390527
-0.00333032957838
-0.000720222816718
-0.00426876803184
0.000687201438296
-0.00274880619518
-0.000893124409635
-0.00198214148046
-0.00350017268752
-0.000895548117153
-0.00443658528821
0.000494710237481
-0.00294122787427
-0.00105831014712
7.35189874101e-05
-0.003674189467
-0.00107011948945
-0.0023816814499
0.00030289481133
-0.00313297368315
-0.00122270711509
-9.19646794774e-05
-0.00384744725407
-0.00124393189925
-0.00255213828245
0.000111760135209
-0.00332403864936
-0.00138631041076
-0.000256653942875
-0.00401994102374
-0.00141698028946
-0.00274352841758
-7.86887844747e-05
-0.0035144177695
-0.00154911511453
-0.00042054381289
-0.00419166572905
-0.00158925958046
-0.00293423404599
-0.000268446910328
-0.0037041060092
-0.00171111629042
-0.000583629282279
-0.00436261630127
-0.0017607646704
-0.00312425013262
-0.000457509174042
-0.00389309830328
-0.00187230898634
-0.000745905326777
-0.00108151666756
-0.00193149043545
-0.00331357161143
-0.000645870476464
-0.0018576194216
0.000192454669194
-0.000907366905438
-0.00125090368176
0.000120499973365
-0.00350219338539
-0.000833525687685
-0.00204520450581
3.28938521897e-05
-0.00106800896099
-0.00141950122886
-4.86516837281e-05
-0.00369011032661
-0.00102046964713
-0.00223207826447
-0.000125843535428
-0.00122782642019
-0.00158730415587
-0.000231879684546
-0.00387731727642
-0.00120669716365
-0.00241823550982
-0.000283752480686
-0.0013868141942
-0.00176514804795
-0.000421609908285
-0.00406380904544
-0.00139220301565
-0.00260367102372
-0.000440827956316
-0.00154496717897
-0.00195348368171
-0.000610637346842
-0.00424958041373
-0.00157698195121
-0.00278837955772
-0.000597064921153
-0.00170228025563
-0.00214111054795
-0.000798956800955
-0.00443462613089
-0.00176102868819
-0.0029723558333
-0.00075245832053
-0.00185874829089
-0.000106089882507
-0.000986563039714
-0.00461894091616
0.000277590063708
-0.00315559454188
-0.000907003086694
-0.00201436613747
-0.000292283588471
-0.00117345080066
-0.00135125685788
9.50236903988e-05
-0.00333809034507
-0.00106069413923
-0.00217047585898
-0.000477752840042
-0.00135961478987
-0.0015340938165
-8.67944581522e-05
-0.00351983787481
-0.00121352638548
-0.00235394108907
-0.000662492346809
-0.00154504968212
-0.0017161838204
-0.000267858980494
-0.00370083173348
-0.0015449512082
-0.00164532539938
-0.00344178795124
-0.00314649246561
-0.00315498962158
-0.00292308858942
-0.00041297059956
-0.00172632859686
-0.0018319345814
-0.00363332853635
-0.00334414619707
-0.0033585190113
-0.00313205074068
-0.000631729891548
-0.00190690864564
-0.0020177509064
-0.00382408264697
-0.0035410301086
-0.00356129217912
-0.0033402721123
-0.00084979741241
-0.0020866853079
-0.00220276800657
-0.00401404362494
-0.00373713730737
-0.00376330194088
-0.00132581823487
-0.00106716570715
-0.00226565250303
-0.00238697947353
-0.0042032047649
-0.0039324608457
-0.0039645410487
-0.00153253570704
-0.00128382723769
-0.00244380411667
-0.00257037885861
-0.00439155931439
-0.00412699372106
-0.00416500219084
-0.00173848991452
-0.00149977438226
-0.00262113400103
-0.00275295967297
-0.00457910047402
-0.00432072887612
-0.00214275187612
-0.00194367321694
-0.00171499943476
-0.00279763597517
-0.00293471538792
-0.0047658213976
-0.00451365919874
-0.00234163489563
-0.00214807790078
-0.0019294946042
-0.00297330382529
-0.00311563943511
-0.00495171519237
-0.00248499624855
-0.00253971762995
-0.00235169617914
-0.0021432520141
-0.00314813130504
-0.00329572520683
-0.00513677491917
-0.00268378981724
-0.00273775052986
-0.0025545201915
-0.00235626370192
-0.0033221121359
-0.00347496605628
-0.00532099359263
-0.00288180193871
-0.00294196233364
-0.0027568833462
-0.0025685216185
-0.00349524000752
-0.00556581316637
-0.00328243713471
-0.00307902540509
-0.00314540049534
-0.00296609265478
-0.00278001762754
-0.00366750857806
-0.00574334407617
-0.00346495256199
-0.00327545294879
-0.00334805742711
-0.00317453771238
-0.00299074350503
-0.00383891147462
-0.005920009892
-0.00364660570531
-0.00347107724253
-0.00354992547127
-0.00338221059146
-0.0032006909388
-0.00400944229363
-0.00387259433605
-0.00382738939722
-0.00366589089935
-0.00375099690012
-0.00358910328447
-0.003409851528
-0.00417909460124
-0.004047509527
-0.00400729642546
-0.00386037718886
-0.00395126391582
-0.00379520770342
-0.00361821678261
-0.00434786193383
-0.0042215391127
-0.00418631953336
-0.00406549122947
-0.0041507186502
-0.00400051567964
-0.00382577812303
-0.00229252832045
-0.00439467618244
-0.00436445142017
-0.00426984704985
-0.00434935316471
-0.00420501896341
-0.00403252687965
-0.00245950619517
-0.00456691378938
-0.00454168474148
-0.00447343727255
-0.0045471594503
-0.00440870922368
-0.00201424876494
0.00140088093152
-0.00473824495109
-0.00471801210961
-0.0046762544523
-0.00474412942734
-0.00461157804784
-0.00221934598295
0.00123571871507
-0.00490866264999
-0.00489342609407
-0.00487829107577
-0.00494092004913
-0.00481361694142
-0.00242360406417
-0.00570390165814
-0.00531777340965
-0.00518687866396
-0.00496199937446
-0.00790134364714
-0.00771424468744
-0.00754682439866
-0.00562259534877
-0.00523289777536
-0.0050983586747
-0.00487125115943
-0.00780583879995
-0.00761381798361
-0.00744140372181
-0.00554004907187
-0.00514673715657
-0.00500850898665
-0.00477911958515
-0.0077088942167
-0.00751189580284
-0.00733443384266
-0.00511201237983
-0.0050592967011
-0.00491733539167
-0.00760062189783
-0.00761051733802
-0.00740848668553
-0.0072259245036
-0.00502699989388
-0.00497058160515
-0.00482484373261
-0.00750574303649
-0.00751071566216
-0.00730359923034
-0.00711588550393
-0.00494076125611
-0.00488059711195
-0.0047310399017
-0.00740950035636
-0.00740949674258
-0.00719724209127
-0.007004329956
-0.0048533011596
-0.00478934851045
-0.00463592983897
-0.00731190047669
-0.00730686818559
-0.00708942397475
-0.00689126124316
-0.00476462433948
-0.0046968411339
-0.00453951953059
-0.00721295006644
-0.00720283764792
-0.00698015689638
-0.00677669257406
-0.00467473557176
-0.00460308035857
-0.00444181500732
-0.00711265584228
-0.00709741283445
-0.00686944313958
-0.0066606339408
-0.00458363967229
-0.00450807160237
-0.00434282234287
-0.00701102456676
-0.00699060149581
-0.00675729481052
-0.0065430953751
-0.00449134149557
-0.00441182032351
-0.00424254765235
-0.00690806304636
-0.00688241328875
-0.00664372079683
-0.00642408694505
-0.00439784593368
-0.00431433201919
-0.00414099709064
-0.00680377812962
-0.00677285232324
-0.00652873002443
-0.00630361875182
-0.00430315791511
-0.00421561222425
-0.00403817685086
-0.00669817670527
-0.0066619283361
-0.00641233145489
-0.00618170092642
-0.00420728240372
-0.00411566650985
-0.0039340931628
-0.00659126663171
-0.00654964923814
-0.00629453408264
-0.00605834362658
-0.00411022439756
-0.00401450048215
-0.00382875229136
-0.00648305300984
-0.0064360229746
-0.00617534693239
-0.00593355703356
-0.00401198892781
-0.00391211978101
-0.00372216053499
-0.00637354376921
-0.00632105752293
-0.00605477905648
-0.00580735134919
-0.00391258105767
-0.00380853007867
-0.00361432515552
-0.00626274594087
-0.00620476089065
-0.0059328395323
-0.00567973679275
-0.00381200588125
-0.00370373707848
-0.00350525065134
-0.00615066658694
-0.00608714111316
-0.00580953745977
-0.00555072359812
-0.00371026852249
-0.00359774651359
-0.00339494434381
-0.00603731279881
-0.00596820625166
-0.00568488195882
-0.00542032201081
-0.00360737413408
-0.00349056600831
-0.0032834126505
-0.0059226916954
-0.00584796439099
-0.00555888216694
-0.00528854228518
-0.00350332789636
-0.00338219762632
-0.00317066201502
-0.0058068104214
-0.00572642363766
-0.00543154723677
-0.0051553946816
-0.00427008467316
-0.0055634733321
-0.00608300644933
-0.00333275984793
-0.00755864026571
-0.0048497779372
-0.00500891855826
-0.0041833248629
-0.00547532333807
-0.00599366320229
-0.00324244828146
-0.00746760957455
-0.00475829625805
-0.00491726631995
-0.00409556049906
-0.00538615575563
-0.00590329129458
-0.00315109914913
-0.00737553475086
-0.00436233586595
-0.00482456430587
-0.00400679479977
-0.00529597394957
-0.00581189421997
-0.00305871605142
-0.00728241947559
-0.00426876145835
-0.00473081626737
-0.0077660475084
-0.00520478130786
-0.00571947549574
-0.00296530261264
-0.00718826745373
-0.00417414630858
-0.00433264485733
-0.00767528888306
-0.00511258124116
-0.00562603866217
-0.00287086248031
-0.00709308241363
-0.00407849419622
-0.0042368161201
-0.00758353871109
-0.00501937718218
-0.00553158728193
-0.00277539932456
-0.00699686810642
-0.00398180892371
-0.00413995275494
-0.00749080029852
-0.00492517258521
-0.00543612493949
-0.00267891683753
-0.00689962830535
-0.00388409431564
-0.00404205860601
-0.00739708069736
-0.00482997092552
-0.00533965524056
-0.00258141873276
-0.00680136680516
-0.00378535421822
-0.00394578008276
-0.00730237580395
-0.00473377569884
-0.0052421818115
-0.00248290874455
-0.00670208742148
-0.00368559249854
-0.00385876028559
-0.00720669271014
-0.0046365941461
-0.00514370829874
-0.00598757080694
-0.0066017939902
-0.00714638335311
-0.00377069020504
-0.00711003480166
-0.0045384223517
-0.0050442383682
-0.00934484788884
-0.00650049036682
-0.00704459007078
-0.00368157337288
-0.00701240548288
-0.00443926759474
-0.00494377570475
-0.0092433248551
-0.00639818042588
-0.00694178688674
-0.00359141334679
-0.00691380817633
-0.00751924334309
-0.00484232680556
-0.00914080507108
-0.00629486806032
-0.00683797774547
-0.00350021370968
-0.00681424632215
-0.00741813339503
-0.00473988980371
-0.00903729236605
-0.00619055718088
-0.00673316660926
-0.00340797806912
-0.00671372337763
-0.00731605125336
-0.00463647123139
-0.00893279338046
-0.00608525171546
-0.00662735745753
-0.00331471005669
-0.00661224281669
-0.00721300054179
-0.00453207484349
-0.00882730638949
-0.00597895560857
-0.00652055428626
-0.00676754347997
-0.00650980812937
-0.00710898490016
-0.00442670441101
-0.00872083806627
-0.0058716728207
-0.00641276110737
-0.00667222171159
-0.00640642282136
-0.00700400798391
-0.00432036372047
-0.00861339230541
-0.00576340919036
-0.00630398194811
-0.0065758786041
-0.00630209041349
-0.00689807346359
-0.00421305657343
-0.00850497301644
-0.00565416498292
-0.00619422085044
-0.00647851787905
-0.00619681444123
-0.00679118502429
-0.00410478678586
-0.00839558412318
-0.00554394606588
-0.00608348280177
-0.00638014327895
