0.00241367928411
0.00400128829156
0.00353559190559
0.00297751663694
0.00254836935568
0.000480177163809
0.00217204921922
0.0025497704362
0.00413830529492
0.00368305493643
0.00312680989822
0.00269993194369
0.000632361481395
0.0023234202837
0.00268739497244
0.00427686056082
0.00383201248857
0.00327760400784
0.0028529881981
0.00223861581103
0.0024762844375
0.00282653935223
0.00441694032208
0.00398244998661
0.00342988396738
0.00300752288828
0.00239377576665
0.00263062649387
0.00296719004703
0.00455853082652
0.00413435290209
0.00358363483272
0.00316352084583
0.00255040054635
0.00278643132745
0.00310933354452
0.00470161834122
0.00428770675729
0.00373884171802
0.00332096696843
0.00270847491066
0.00294368387818
0.00325295635267
0.00484618915665
0.00444249712903
0.00389548979952
0.00347984622357
0.00458918608849
0.0031023691549
0.00339804500366
0.0049922295906
0.00459870965222
0.00405356431909
0.00364014365206
0.00475011419726
0.00326247223899
0.00354458605768
0.00513972599214
0.00475633002332
0.00421305058782
0.00380184437143
0.00491244662144
0.00342397828767
0.00369256610665
0.00528866474527
0.00491534400362
0.00437393398926
0.00396493357913
0.00507616843233
0.00358687253728
0.00079080768342
0.000922833507095
0.000541217213569
0.00453619998261
0.00412939655567
0.00524126478703
0.00375114030632
0.00251268533529
0.00107461627325
0.000702975971166
0.000165313896992
-0.00022133586325
0.000762696505056
-0.000558176039656
0.00266490229061
0.00122780078833
0.000866086041814
0.000330301769584
-5.41691610415e-05
0.000930497776223
-0.000391204933008
0.00281850499532
0.00138237361113
0.00103053347643
0.000496629095427
0.000114327678108
0.00109962960563
-0.000222903829775
0.00297348025113
0.00153832135223
0.00119630440523
0.0018965546107
0.000284140294585
0.00127007752123
-5.32870548973e-05
0.00312981491108
0.001695630677
0.00136338504024
0.00206551830498
0.000455254424999
0.00144182714993
0.00011763116208
0.00328749588248
0.00185428830856
0.00153176167765
0.00223577909568
0.000627655904407
0.00161486421977
0.000289449288091
0.00344651012963
0.00201428103044
0.00294800810095
0.00240732304886
0.000801330668409
0.00178917456201
0.000459806411535
0.00360684467649
0.00217559568934
0.00311569953344
0.00258013632667
0.000976264755112
0.00196474411309
0.0016794456889
0.00376848660918
0.0023382191976
0.00328466918959
0.00275420518933
0.00115244430697
0.00214155891643
0.00185235316286
0.00393142307846
0.00250213853566
0.00345490373217
0.00292951599696
0.00132985557251
0.00231960512412
0.00202651516554
-0.000654579367489
0.00242697744057
0.000775876640165
-0.000686809749961
0.00197851006931
9.48207931197e-05
-0.00129685576398
-0.000478512698041
0.00260253550644
0.000961584853597
-0.000489498221838
0.00216833782219
0.000298245185024
-0.00111226760087
-0.00030119961009
0.00277980860697
0.00114901355114
-0.000290506929127
0.00236006800616
0.00050350354388
-0.000925439744048
-0.000122294078147
-0.00146106250943
0.00133813292579
-8.98686385569e-05
0.00255366230831
0.000710553601913
-0.000736422084512
5.8180769891e-05
-0.00128043793428
0.00152891359544
0.000112384469082
-0.00168014016885
0.00091935402805
-0.00054526360153
0.000989896238263
-0.00109817633033
0.00172132660565
0.00031622079691
-0.00148292991064
0.00112986441916
-0.000352012354845
0.001173441333
-0.000914303102932
0.00191534343172
0.000521609329227
-0.00128396648196
0.00134204529022
-0.000156715479287
0.00313742318098
-0.000728843352229
0.00211093598016
0.000728519628145
-0.00108328553289
0.00166582188097
4.05808183822e-05
0.00332394903845
0.00123711344537
0.00230807658954
0.000936921829615
-0.000880922048831
0.00188122887412
0.000239831260561
0.00351193236743
0.00142567217973
0.00250673803074
0.00113320266162
-0.000676910353011
0.00209819328803
0.000440991497996
0.00370135157738
0.00161574399995
-0.000118574573375
0.0013302196683
-0.0004712841097
0.00231667919341
0.000644018107224
0.00389218534206
0.00180730505604
8.30485717676e-05
0.00332442769281
-0.000264076328312
-0.00190865497391
0.000848868586424
0.00408441260087
0.0020003318156
0.000286113450524
0.00352459254988
0.00167315735546
-0.00168723046287
0.0010555013498
0.00427801255996
0.00219480106498
0.000490594555881
0.00372628803442
0.00188343177958
-0.00146438716839
0.00126387572066
0.00447296469307
0.00281593878261
0.000696466807302
0.00392948593319
0.00209519259154
0.000465788253116
0.00147395192329
0.00466924874201
0.0030132246495
0.000903705548315
0.00413415851957
0.00230840934712
0.000691372136977
0.00370693160986
0.000104876210428
0.00321188528427
0.00111228654376
0.00434027855115
0.002523052227
0.000918279405385
0.00381672560459
0.000303764389889
0.00341189875303
0.00132218597673
-0.000245226077091
0.00273909202926
0.00114647981133
0.00403069576439
0.000503925320612
0.00361324344136
0.00153338044517
-3.62909607446e-05
0.00295650016139
0.00137594385796
-0.000497402416757
0.000705339817058
0.00381589805353
0.00174584695832
0.000174012747318
0.00317524863213
0.00160664278269
-0.000280334642573
0.000907988960791
0.00401984161145
0.00195956293276
0.000385659708186
0.0033953100429
0.00183854854144
-6.17706548767e-05
-0.0065065741385
-0.00565395393093
-0.00705119763918
-0.00886582605082
-0.00674187709513
-0.00592700636359
-0.00728545664433
-0.00637991248466
-0.0103818017127
-0.00600093533913
-0.00716683208848
-0.00614144116437
-0.0103066032849
-0.00600277488443
-0.00673938547098
-0.00597898672803
-0.0101008081028
-0.00625759144938
-0.00679101902119
-0.00635690533298
-0.00656995223491
-0.00749583375565
-0.00664987986164
-0.00809856725924
-0.00738122887618
-0.00517110373058
-0.00695240791973
-0.00833903981673
-0.00745523458602
-0.00868967091528
-0.00714153704442
-0.00832937462502
-0.00724811451344
-0.00827189507919
-0.00713580669368
-0.00788709162617
-0.00709753168062
-0.00780467564091
-0.00373944182524
-0.00786197597513
-0.0074353009881
-0.00765262224471
-0.00383858373993
-0.00525429346819
-0.00690635173085
-0.00834502783779
-0.00393088377221
-0.00539119790009
-0.00714273092237
-0.00851325741599
-0.00400849698771
-0.0053214787298
-0.00733530591121
-0.0084163801588
-0.00747343169977
-0.00500160666069
-0.00745491324869
-0.00819791050707
-0.00772117091129
-0.00486560987173
-0.00441676350926
-0.00849314631908
-0.00871483082075
-0.00480672613862
-0.00624720716177
-0.00551572576204
-0.00933398616812
-0.00489742367475
-0.00637943962431
-0.00559652929294
-0.00955309804534
-0.00507367941321
-0.00642990038157
-0.0054772844938
-0.00956917364139
-0.00863608372949
-0.0060993985139
-0.00523316600688
-0.0059440727779
-0.00881693723872
-0.00597311071582
-0.00552193004406
-0.00584269170378
-0.00934680383433
-0.00579220079014
-0.00722205352559
-0.00651179091947
-0.00793882086748
-0.00584389128035
-0.00734780011294
-0.00659453810062
-0.00801020456659
-0.00613989804981
-0.00752084824592
-0.0065917476562
-0.00771609919849
-0.00322852608104
-0.00724300652417
-0.00632747024449
-0.00700471160694
-0.00648946721127
-0.00706074035653
-0.00661825926432
-0.00686184295187
-0.00665144573257
-0.00437025349712
-0.00817806700397
-0.00748921510315
-0.00892955396345
-0.00440144924104
-0.00829536420931
-0.00757218919425
-0.00901085371099
-0.00447815369414
-0.00859332581027
-0.00768824333703
-0.00883502119817
-0.00436784461015
-0.00522130640386
-0.00744768717556
-0.00805405228856
-0.0075436729202
-0.00464831951286
-0.0076936316065
-0.00794247787236
-0.00764438538776
-0.0053186545704
-0.00451923933876
-0.00844717670863
-0.00767886519967
-0.00539522674121
-0.00458756350899
-0.00852849811142
-0.00775174342113
-0.00551272751202
-0.00472043907352
-0.00602578282986
-0.00795528814341
-0.00548914311232
-0.00462054719962
-0.00533140353697
-0.00914592562109
-0.00508037666348
-0.00569226606604
-0.00521259381866
-0.00900089160119
-0.0086362789239
-0.006247354732
-0.00546764415178
-0.00699380035127
-0.00867303400716
-0.00636883599368
-0.00558413817054
-0.00707992761256
-0.00873935840395
-0.00652650713656
-0.00575275106648
-0.00708305516378
-0.00622656970262
-0.00659124986912
-0.00574154953871
-0.00646830361321
-0.00568250380834
-0.0060876020384
-0.00579713216648
-0.00624181894436
-0.00603813913574
-0.00967251701177
-0.00715554265687
-0.00639564194371
-0.00795604792193
-0.007261869385
-0.00733058101629
-0.00657513269459
-0.00806038907315
-0.00722892371768
-0.00499163622289
-0.00676324530471
-0.00811893642606
-0.00728634187573
-0.00468546913468
-0.00684257799643
-0.00758565964492
-0.00681267459353
-0.00368843334683
-0.00679156045124
-0.00724566806075
-0.00704757427515
-0.00712083916611
-0.00575476154567
-0.00730236245238
-0.00889825405126
-0.00822726271772
-0.00589421746797
-0.00754470715397
-0.00901852358979
-0.00817163176248
-0.00596036746672
-0.00517158943737
-0.00913214637188
-0.00832387548909
-0.00574534916432
-0.00484006379796
-0.00868210399809
-0.00792228551808
-0.0047898469118
-0.00431722768197
-0.00822247829145
-0.00803005637
-0.00462402069453
-0.0043894898331
-0.00589308084889
-0.00759518876019
-0.0091711128014
-0.00465756610827
-0.00609346646028
-0.00528314887313
-0.00913316730959
-0.0046424379721
-0.00613466164437
-0.00540968267492
-0.00933777692173
-0.00678202055163
-0.00589698164213
-0.00667395479376
-0.00900985625579
-0.00588682742416
-0.00525557339016
-0.00572890257641
-0.0055104968717
-0.00557937221264
-0.00523102057061
-0.00675452310383
-0.00619303617113
-0.00779601300568
-0.00563610760269
-0.0070722223493
-0.00620495935274
-0.00774303785377
-0.00563742030918
-0.00707200100148
-0.00637341741063
-0.00766454462725
-0.005958724608
-0.00692956756689
-0.00630342605097
-0.00691226709619
-0.00598439522723
-0.00620136307742
-0.00615113797662
-0.00643364462319
-0.00293557319908
-0.00604854694035
-0.00759191091256
-0.00706718182058
-0.00872716857778
-0.00421868652235
-0.00805276816989
-0.00722501048214
-0.00870399470506
-0.00414751442321
-0.00806086088191
-0.00731020054291
-0.00862666757595
-0.00412864154513
-0.00793616739138
-0.00732789178429
-0.00795086416731
-0.00365568873233
-0.00387788775045
-0.00703588228266
-0.00732421213238
-0.00382776330743
-0.00477858102494
-0.00634170777757
-0.00792603052288
-0.00963464975798
-0.00515133565406
-0.0066364441871
-0.00822259910615
-0.00968365776514
-0.00511102025883
-0.00656704174693
-0.00823983992657
-0.00956047544352
-0.00508619994974
-0.00609933263132
-0.00542801164446
-0.00896228861276
-0.00467719399492
-0.00490473873778
-0.00447310047859
-0.00818012998976
-0.00468530556659
-0.00556905252031
-0.00490116857395
-0.00671592445687
-0.00828781125363
-0.00605929727957
-0.00534219728255
-0.00686761297822
-0.0106851906596
-0.00604806421683
-0.00751753693981
-0.00664060795012
-0.0104642393298
-0.0060139077564
-0.00704857313075
-0.00639567249917
-0.00704768111264
-0.00566975011261
-0.00590274207734
-0.00538849694378
-0.00558636794194
-0.00550603440593
-0.00634034881131
-0.00568975845927
-0.0075472346409
-0.00707233582099
-0.00694134952566
-0.00627620408237
-0.00784032004719
-0.0070781704382
-0.00696997130826
-0.00620614291123
-0.00758996155264
-0.00692762112263
-0.00422357618873
-0.00646437559258
-0.00733193514358
-0.0069715287618
-0.00347154721198
-0.00633895180213
-0.00635591539067
-0.00636643628238
-0.00281776477074
-0.00532100679752
-0.00646891595022
-0.00835149405209
-0.00790192303074
-0.00558188322778
-0.00720051274049
-0.00879299224957
-0.00802876086803
-0.00563585512493
-0.00721842477042
-0.00860898720342
-0.00794527659809
-0.00512499201376
-0.00457516240403
-0.00823464593896
-0.00788918505575
-0.00439972079112
-0.00407461203173
-0.00729008578656
-0.00710516291818
-0.00355806652735
-0.00605764456281
-0.00546142813
-0.00912755495663
-0.00870313624853
-0.00640827964212
-0.00587820147285
-0.00971882571309
-0.00895343171828
-0.00664494269957
-0.00584680867305
-0.00726840076377
-0.00899081764264
-0.00619689582526
-0.00549703034333
-0.00632833737776
-0.00877107976409
-0.0052921930571
-0.00497271943495
-0.00499048719155
-0.00797405817531
-0.00425464007948
-0.00457665235387
-0.00618358120061
-0.0058860457813
-0.00947471912202
-0.00720996376522
-0.0067470230185
-0.00839671055125
-0.00987897683908
-0.00762726933531
-0.00680918404805
-0.00825660585439
-0.00756641177097
-0.00724177784776
-0.0065652144481
-0.00726818982883
-0.00677869876325
-0.0061464521434
-0.00583262241183
-0.00585079455347
-0.00563139876298
-0.00490509899698
-0.00529660830589
-0.00692069899356
-0.00660218256467
-0.00846157852146
-0.00578791214518
-0.0075858994296
-0.00703268502998
-0.00859890277063
-0.00408151725081
-0.0077944430967
-0.00723618975615
-0.0085546068906
-0.00403226620918
-0.00760481147137
-0.0072368782455
-0.0077328012756
-0.00345421558768
-0.00665165582211
-0.00667023016281
-0.00644599999637
-0.00277783676792
-0.00449200549101
-0.00771900238753
-0.00728656388177
-0.00917003884662
-0.00465925363822
-0.00648573369809
-0.00786864428271
-0.00948984861491
-0.00500497639196
-0.00650658587771
-0.00816191375691
-0.00951089068973
-0.00501654998114
-0.00597698246419
-0.00826518057715
-0.00877505441298
-0.00441740080451
-0.00449062219146
-0.00744601829708
-0.00721701089877
-0.00353917541649
-0.000744561190385
0.00195759146975
0.0012734359814
0.000681881571131
-0.000138314261523
0.00287629935618
-0.00090886853566
-0.000915565853375
0.00179033931522
0.00110279617851
0.00050910565543
-0.000308019962263
0.00270236151535
-0.00108220317968
-0.00108535125855
0.00162436201636
0.000933433319128
0.00033760726227
-0.000476411772863
0.00252971155386
-0.00125424996092
0.00183217587365
0.00145967266438
0.000765361059195
0.000167400402381
-0.000643475392419
0.0023583639039
-0.00142499454856
0.00559297192462
0.00129628442667
0.000598593143751
-1.50081572368e-06
-0.000809196427002
0.00218833310284
-0.00159442250929
0.00542691963637
0.00113421054456
0.000433143404759
-0.000169082187895
-0.000973560392143
0.00201963379094
-0.00176251930948
0.00526213709211
0.000973464330955
0.000269025758781
-0.000335329416626
-0.00113655271546
0.00185228070911
-0.00192927031752
0.00509863710145
0.000814059167881
0.000106254204541
-0.000500228113465
-0.00129815873941
0.00168628869638
-0.00209466080632
0.00493643254516
0.000656008503912
-5.51571796488e-05
0.00271421349142
-0.00145836372423
0.00152167268732
-0.00225867595596
0.00477553637295
0.000499325851464
-0.000215194238592
0.00255205537464
-0.00161715285095
0.00135844770924
-0.00242130085639
0.00461596160114
0.000344024783978
0.00312046232745
0.0023912894746
-0.00177451122466
0.00119662887932
-0.00258252051043
0.00445772131028
0.000190118932983
0.00296321667783
0.00223193051667
-0.00193042387781
0.00103623140147
0.000232817601797
0.00430082864251
3.7621985029e-05
0.00280738825132
0.00207399330298
-0.00208487577378
0.000877270563155
7.44537651557e-05
0.00414529679901
-0.000113452321494
0.00265299148096
0.00191749270919
-0.00223785181051
0.000719761731957
-8.24593421754e-05
0.00399113903717
-0.000263090199677
0.00250004086107
0.00176244368103
-0.00238933682437
0.000563720352027
-0.000237906406749
0.00383836866772
-0.000411277817527
0.00234855094382
0.00160886123076
-0.00253931559413
0.000409161940356
-0.000391872044946
0.00368699905176
-0.000558000835883
0.00219853633543
0.00145676043339
-0.00268777284513
0.000256102082868
-0.000544340806865
0.00353704359762
-0.000703246274754
0.00205001169246
0.00130615642283
0.000852814667856
0.000104556896014
-0.000695296714715
0.0033885157576
-0.000846999723188
0.00190299171774
0.0011570643878
0.000703662892485
-4.54588401246e-05
-0.000844725129689
0.00324142902468
-0.000989247205874
0.00175749115628
0.00100949956762
0.000556053693212
-0.000193928892291
-0.000992609962398
0.003095796929
0.0026493565006
0.00161352479102
0.000863477247831
0.000410002673949
-0.000340837441302
-0.00113893554009
-0.00435674122044
-0.00349018136471
-0.00266173220391
-0.00344614914066
-0.00316824149556
-0.00380771804266
-0.00509951021238
-0.00456546765247
-0.00370894855151
-0.00288667053793
-0.0036862066382
-0.00341562705139
-0.00405947790181
-0.00535217598352
-0.00477305797252
-0.00392665035073
-0.00311058412256
-0.00392540541004
-0.00366222484626
-0.00431049657968
-0.00560411062139
-0.00387059320598
-0.00414326907457
-0.0033334549513
-0.00416372900627
-0.00390801883198
-0.00456075842498
-0.00585529857281
-0.00407585884642
-0.00435878673248
-0.00355526468013
-0.00257406451575
-0.00415299257596
-0.00481024739185
-0.00610572388838
-0.00427993540285
-0.00457318502777
-0.00377599462268
-0.00281058696213
-0.00439712925173
-0.00505894702928
-0.0041058923149
-0.0044828046992
-0.00478644535434
-0.00399562574544
-0.00304618269074
-0.00464041162932
-0.00530684047037
-0.00435474287168
-0.00246564118175
-0.00499854879349
-0.00421413866307
-0.0032808337645
-0.0048828220654
-0.00555391042127
-0.00460278045825
-0.00266604038271
-0.00520947611095
-0.00443151363375
-0.00351452185516
-0.00512434249339
-0.00580013914986
-0.00484998743018
-0.00286517622248
-0.0054192077539
-0.0046477305547
-0.00374722823543
-0.00536495441321
-0.00495816515406
-0.00509634569037
-0.00306302947354
-0.00446225048029
-0.00486276895775
-0.00397893377103
-0.00560463888101
-0.00520265643101
-0.0053418366771
-0.00325958064387
-0.00466953082824
-0.00507660800509
-0.00420961891274
-0.0039631260932
-0.00544625054358
-0.00558644135161
0.000933983860569
-0.0048755549056
-0.00528922648512
-0.00443926368839
-0.00420089699786
-0.00568892788916
-0.00583014018563
0.00074009638678
-0.0006915080225
-0.00550060280851
-0.00466784769483
-0.0044376808509
-0.00593066836692
-0.0060729131485
0.000547571058165
-0.000894956670441
-0.00571071500442
-0.00489535008986
-0.00467345682724
-0.00617145136516
-0.00631473969412
0.00035642842495
-0.00109708549685
-0.00158315007256
-0.00512174958426
-0.00490820360426
-0.00641125574836
-0.00655559874767
0.000166689300736
0.000771860452927
-0.00179066655712
-0.000970880285329
-0.00514189935071
-0.00665005984413
-0.00679546869209
-2.16252385152e-05
0.000572437151815
-0.000628765289619
-0.00119500828255
-0.00537452171544
-0.00688784142981
-0.00703432735427
-0.00020849385578
0.000374400225577
-0.000833593515701
-0.00141796674923
-0.00110916654352
-0.00517783786665
-0.00639037670882
-0.000393894954586
0.000177772531135
-0.00103704191963
-0.00163973252829
-0.00133957295538
-0.00087717852112
-0.00662714399318
-0.000577806680944
-1.74227374482e-05
-0.0012390861744
-0.00186028197609
-0.00156883569957
-0.00111175353508
-0.0024840008479
-0.00756657455985
-0.00531282702469
-0.00726452025374
-0.00731287692179
-0.00503785587435
-0.00513024696277
-0.00521190630355
-0.00750585505855
-0.0075831031912
-0.00922943434617
-0.00723716919587
-0.00496455582158
-0.00505434617068
-0.00513323373271
-0.00744448121026
-0.00751981604214
-0.00915547925312
-0.00716075907348
-0.0072204504046
-0.00497769350231
-0.00505378585072
-0.00738245392792
-0.00745585698199
-0.00908356175099
-0.00917482004708
-0.00714569273143
-0.0049002904998
-0.00497834175777
-0.00731977413246
-0.00739122701759
-0.00901686899594
-0.00909700916416
-0.00920973756505
-0.00482213871613
-0.00490918804717
-0.00725644275273
-0.00732592716428
-0.0050657863692
-0.00902237144741
-0.00913352789467
-0.00474323971493
-0.00483924756976
-0.00719246072546
-0.00725995844585
-0.00499771662766
-0.00895710773468
-0.0090565943593
-0.00685315120712
-0.00476852184863
-0.00712782899517
-0.00719332189445
-0.00492896008372
-0.00889113149623
-0.00898125151971
-0.00677276250382
-0.00690185901073
-0.00706254851413
-0.00712601855055
-0.00718169645441
-0.00882444390338
-0.00891230252262
-0.00669163133659
-0.00682956742371
-0.00699662024227
-0.00705804946281
-0.00711500186883
-0.00875704613751
-0.00884262194478
-0.0089025682277
-0.0067609449271
-0.00693004514712
-0.00698941568805
-0.00704762011398
-0.00868893938989
-0.00877221109783
-0.00883970285719
-0.00669464216535
-0.00686282420376
-0.00692011829114
-0.00697955230497
-0.00862012486162
-0.00870107130399
-0.00877607406173
-0.00662755209914
-0.00679495839474
-0.00685015834496
-0.00691079956584
-0.00855060376355
-0.00862920389593
-0.00871168313349
-0.00655967618493
-0.00672644871
-0.0067795369303
-0.00684136302943
-0.00848037731613
-0.00855661021666
-0.00864653137715
-0.00649101589259
-0.00893767113576
-0.00670825513577
-0.00677220794609
-0.00455060945032
-0.00848329161939
-0.00858062010975
-0.00642157270524
-0.00886787669874
-0.00663631405775
-0.00670284621791
-0.00675192742032
-0.00841276151641
-0.00851395066064
-0.00635152608843
-0.00879744139962
-0.00656401583033
-0.00663280250749
-0.00667959234248
-0.00834641324815
-0.00844652437125
-0.00852225308149
-0.00872636625731
-0.00649407138973
-0.00656207796142
-0.00660655689148
-0.00827933391345
-0.00837834259508
-0.00845159365404
-0.00865465229776
-0.00642346728938
-0.00649067373484
-0.00653282233443
-0.00821152476807
-0.00830940669748
-0.00838015590331
-0.00858230055394
-0.00635220461168
-0.0064185909913
-0.00645838994748
-0.00814298707852
-0.00823971805556
-0.00830794135552
-0.00850931206576
-0.0062802844467
-0.00634583090276
-0.00638326101571
-0.00807372212192
-0.00816927805806
-0.00823495154948
-0.00818534239951
-0.00554492112611
-0.00791901955581
-0.00537100918151
-0.0076555226985
-0.00526399106594
-0.00736182493806
-0.00813927473846
-0.00549813629987
-0.00787151998158
-0.00531372902916
-0.00759737491756
-0.00520498523737
-0.00730197435161
-0.00809265878527
-0.00545079507536
-0.00782345595009
-0.0052580266561
-0.00753865304817
-0.00514539753502
-0.00724153425605
-0.0080454950182
-0.00540289795314
-0.00777482798475
-0.00520867287912
-0.00747935776035
-0.00508522865816
-0.00718050538025
-0.00799778392059
-0.00535444543903
-0.00772563661447
-0.00515874776003
-0.00741948972961
-0.00502447931176
-0.00711888845893
-0.00794952598078
-0.0053054380441
-0.00767588237359
-0.005108251857
-0.00735904963694
-0.00496315020642
-0.00705668423269
-0.00790072169214
-0.0052558762846
-0.00762556580192
-0.00505718573384
-0.00729803816869
-0.00490124205836
-0.00699389344788
-0.007851371553
-0.00520576068202
-0.00757468744462
-0.00500554995997
-0.00723645601664
-0.00483875558936
-0.00693051685665
-0.00780147606667
-0.00515509176298
-0.00752324785227
-0.00718912464914
-0.00717430387786
-0.00700912785787
-0.00686655521684
-0.00775103574138
-0.0073382433009
-0.00747124758075
-0.00713635130439
-0.00711158245474
-0.0069454869344
-0.00680200929196
-0.00770005109028
-0.00728646934933
-0.00741868719127
-0.00708301005055
-0.00704829245496
-0.00688126988832
-0.00673687985117
-0.00764852263138
-0.00723414369189
-0.00736556725034
-0.00702910147917
-0.00698443459139
-0.00681647746329
-0.00859687825789
-0.00759645088757
-0.00718126687559
-0.0073118883297
-0.00697462618728
-0.00692833608168
-0.00675111040832
-0.00853058411499
-0.00754383638657
-0.00712783945245
-0.00725765100632
-0.00691958477731
-0.00687249945415
-0.00668516947774
-0.00846370879696
-0.00749067966089
-0.00707386197953
-0.00720285586237
-0.0068639778571
-0.00854721351194
-0.0066186554312
-0.00839625309501
-0.00316592545544
-0.00701933501882
-0.0071475034852
-0.00680780603984
-0.00849023134403
-0.00655156903354
-0.00832821780579
-0.00311793626288
-0.00696425913728
-0.00709159446728
-0.00675106994407
-0.00843267737067
-0.00648391105486
-0.0082596037313
-0.00306940245006
-0.00690863490677
-0.00441868852886
-0.0066937701936
-0.00837455224235
-0.00641568227038
-0.00819041167889
-0.00302038175666
-0.00685422880945
-0.00436166802724
-0.00663590741753
-0.0105504757258
-0.00634688346046
-0.0103501579243
-0.00661974062874
-0.00680613346662
-0.00653987781949
-0.00657748225017
-0.00640766065705
-0.00627751541054
-0.0102798123591
-0.00657182362666
-0.00675748576024
-0.00648174826493
-0.00651849533104
-0.00634782602117
-0.00620757891109
-0.0102088912695
