0.00319314135716
0.000520432909819
7.24999611937e-05
0.00360998493123
0.00113945336256
-0.00116187280372
0.00119263520821
0.00312937314998
0.000456163164636
7.88832369618e-06
0.00354519895235
0.00107466471072
0.00129452610113
0.00113002644171
0.00306661290677
0.00239982862438
-5.57032745389e-05
-0.000306164001396
0.00101089862617
0.00123092666127
0.00106843741887
0.00300486285518
0.00233759145899
-0.000118272518998
-0.000368902589296
0.0009481574419
0.00116834968967
0.00100787037333
0.00294412519339
0.00227637397207
-0.000179817125539
-0.00043061401317
0.000886443460376
0.00110679747129
0.000948327508038
0.00288440208979
0.00221617838228
-0.000240334840781
-0.000491296001806
0.000825758953079
0.00317201231161
0.000889810994853
0.00282569568258
0.00215700687756
0.00192661120554
-0.000550946315346
0.000766106160138
0.00311251633111
0.000832322974191
0.00276800807942
0.00209886161468
0.00186815390805
-0.000609562745674
0.000707487289936
0.00305163824035
0.000775865554647
0.00271134135709
0.00204174471892
0.00181073007356
-0.000667143116805
0.000649904518723
0.00299109631309
0.000720440812625
-0.00141451550347
0.00198565828371
0.00175434182854
-0.000723685285264
0.000593359990235
0.00293158581686
0.000666050791983
-0.00146913435923
0.00193060437023
0.00169899126682
-0.000779187140467
0.000537855815314
0.00287310895312
0.000612697503666
-0.0015227262928
0.00187658500704
0.00164468044917
-0.000833646605095
0.0026091341228
0.00281566789119
0.000560382925356
-0.0015752893545
0.00405189855166
0.00159141140296
-0.000887061635465
0.0025557168541
0.0027592647679
0.000509109001117
-0.00162682162732
0.00399995424267
0.00153918612179
-0.000939430221893
0.00250334607039
0.00270390168718
0.000458877641055
-0.00167732122718
0.00394905037062
0.00148800656516
-0.00099075038906
0.00245202374726
0.00264958071969
0.000409690720969
-0.00172678630333
0.00389918883019
0.00143787465807
-0.00104102019637
-0.00143815541086
0.00259630390248
0.000361550082023
-0.00177521503862
0.00385037148172
0.00138879229071
-0.00109023773828
-0.00148737502542
0.00254407323858
0.000314457530407
-0.00182260564986
0.0038026001509
0.00134076131811
-0.0011384011447
0.000944581798286
0.00249289069668
0.00208800960023
0.00217677406859
0.0037558766284
0.00129378355978
0.000900979017444
0.000897472373331
0.00244275821075
0.00204301850033
0.00213146491767
0.00371020266959
0.00124786079941
0.000854929348967
0.000851420758938
0.00239367767972
0.00199908069325
0.00208719903357
0.00366557999419
0.00120299478454
0.000809939210407
0.000806428717146
0.00234565096707
0.00195619784208
-0.00212572526523
0.000366238507912
0.00123877019565
-0.000977148924608
-0.00198389820004
-0.000852312543225
0.000417120420163
-0.00216818661661
0.000322280176411
0.00119332239021
-0.00102472154256
-0.00203300183058
-0.00090286648905
0.00160176724855
-0.00220946076687
0.00027954917296
0.0011491416601
-0.00107098815295
-0.00208075960428
-0.000952037020506
0.00155130217812
-0.00224954573621
0.000238047691459
0.0011062304267
0.000365290834295
-0.00212716855616
-0.000999820906698
0.00150225825177
-0.00228843959762
0.000197777867689
0.00106459104772
0.000321644270162
-0.00217222579666
-0.0010462149982
0.00145463886994
-0.000674322544681
0.000158741778779
0.0010242258166
0.000279311605505
-0.00221592851245
-0.00109121622805
-0.0015378814927
-0.00071082862284
0.000120941442679
0.000985136961853
0.000238295330511
-0.00225827396734
-0.00113482161274
-0.00158264193872
-0.000746138133529
8.43788176582e-05
-0.00227826811251
0.000198597863932
-0.00229925950307
-0.00117702825317
-0.00162596817355
0.00239036010871
4.90558018001e-05
-0.00231479779162
0.000160221552399
-0.00233888254012
-3.80776702176e-05
-0.00166785715683
0.00235744881181
1.49742325255e-05
-0.00235004480421
0.00012316866974
-0.00237714057854
-7.7478467115e-05
-0.00170830594088
0.0023257390509
-1.78641138786e-05
-0.000970985019273
8.74414163219e-05
-0.00241403119868
-0.000115472338143
-0.00174731167173
0.00229523237115
-4.94575227135e-05
-0.00100366087751
5.30419184115e-05
0.00117662036885
-0.000152056730958
-0.00178487159005
0.00226593026162
-7.98043413089e-05
-0.00103504838394
1.9972227555e-05
0.00114247151921
-0.000187229182064
-0.00182098303215
0.00223783415489
-0.000108902979449
-0.00106514578036
-1.17656800232e-05
0.00110969685751
-0.000220987317624
-0.00185564343092
0.0022109454267
-0.000136751909784
-0.00109395137779
-4.21699040012e-05
0.00107829847488
-0.000253328854251
-0.00188885031664
0.00218526539564
-0.000163349668223
-0.00112146355701
-7.12386205199e-05
0.00223988745204
-0.000284251599762
-0.00192060131795
0.00216079532283
-0.000188694854319
-0.00114768076897
-9.89700827224e-05
0.00221124756496
-0.00031375345391
-0.0019508941626
0.00213753641158
0.00120023603635
-0.00117260153524
-0.000125362621272
0.00218398972483
-0.00339545426372
-0.0019797266783
0.00211548980714
0.00117739993991
-0.00119622444839
-0.00015041464485
0.00215811568377
-0.00342210840564
-0.00200726716097
0.00209465659638
0.00115582023174
-0.00121854817242
-0.000174124640627
0.00213362710768
-0.00344733591397
-0.00123527990607
0.00207503780758
-0.00230079819271
-0.00123957144312
-0.000196491174721
0.00211052557571
-0.00347113506295
-0.00126076000267
-0.00499200108688
-0.00538720215643
-0.00679002444115
-0.00658746337407
-0.00781719395079
-0.0034669883635
-0.0045222658844
-0.00459906669303
-0.00545053761419
-0.00619483757134
-0.00712784675897
-0.00269935991133
-0.00325395132246
-0.00354227831132
-0.0046562102948
-0.00470654799634
-0.0058790903946
-0.000653463508398
-0.00206451167818
-0.0017593268544
-0.00324373597822
-0.00547159634903
-0.00518520295862
-0.00659616579452
-0.00709142255488
-0.00343015816966
-0.00399838129092
-0.00448132344859
-0.00514409984979
-0.00600156176571
-0.0067512079819
-0.00242155801779
-0.00277746687339
-0.00318608818245
-0.00411239073457
-0.00522761852566
-0.00502097159822
-0.0014133308279
-0.001321332773
-0.00275752577669
-0.00244953159419
-0.00383146305092
-0.00524610742158
-0.0067456963392
-0.00706824984345
-0.00758123059061
-0.00392965014708
-0.00392571586757
-0.00499490079289
-0.00566402609044
-0.0065272825711
-0.00728210198856
-0.00246818892041
-0.00331659529309
-0.00372816977274
-0.00465659174733
-0.00456841956028
-0.00556680161542
-0.000736175046011
-0.00199223157058
-0.00342671969231
-0.00301490827167
-0.00449411432338
-0.00567863235902
-0.00718588927604
-0.00752405605997
-0.00401634878533
-0.00382894759363
-0.00500216300861
-0.0054830996642
-0.00615833882026
-0.00654597192128
-0.00232993882159
-0.00297739804973
-0.0038294173765
-0.00424384092756
-0.00491385062812
-0.00508734751259
-0.00133061006674
-0.00138318252424
-0.00263862806589
-0.00234320569548
-0.00365692442563
-0.00514266982471
-0.00608707728545
-0.00760777372554
-0.00795916725685
-0.00388929332787
-0.00427830428864
-0.00545820144294
-0.00594544239983
-0.00644606734378
-0.00701953192952
-0.00280828367664
-0.00345989747046
-0.00431538627626
-0.00446996750667
-0.00540452094679
-0.00569160218569
-0.00195200059649
-0.00189996966602
-0.00315665154269
-0.00296281291213
-0.0043027132962
-0.00396758033425
-0.00647528508256
-0.00745868440401
-0.00293664147753
-0.00430626732115
-0.00470194443863
-0.00588821154366
-0.00590198620369
-0.00688768431449
-0.00249042255628
-0.00325958249462
-0.00391516534732
-0.00419047469589
-0.00493116680138
-0.00534657326012
-0.00136006865045
-0.00244253171802
-0.0024959905238
-0.0037520901195
-0.00360452389579
-0.00501612673426
-3.97030799011e-05
-0.00765454456654
-0.00302505432733
-0.00448649088983
-0.00469746026626
-0.00509945566057
-0.00581568318835
-0.00631124242417
-0.00730224976936
-0.00290984213332
-0.00341968329663
-0.0040790374797
-0.00462115740106
-0.00548546283985
-0.00591192701526
-0.00182129989557
-0.00200052016267
-0.0030655481921
-0.00438833692717
-0.00429579973806
-0.00571423969644
-0.000725679654752
-0.00800067308833
-0.00337761223494
-0.00484536590899
-0.00506249479735
-0.00588378719381
-0.00619236403895
-0.00729152838513
-0.00273258706061
-0.00303783279923
-0.00381543106979
-0.00447857531385
-0.00514856157259
-0.00602066803892
-0.00137419043899
-0.00236198477891
-0.00254256744936
-0.00369488966071
-0.00372826340801
-0.00497122775963
1.39579897671e-06
-0.00138680230911
-0.00358448352816
-0.00370446251819
-0.0047133921358
-0.00492989700094
-0.00622787469679
-0.00654178146981
-0.00272681330148
-0.0028291569074
-0.00372219214225
-0.00418691411079
-0.00497780365917
-0.0056524295775
-0.00642447072203
-0.00188500903209
-0.00287522335355
-0.00316353183451
-0.00434537127426
-0.00437904938976
-0.00561189781024
-0.000637281333348
-0.00202237648367
-0.00387974929123
-0.00354056929266
-0.00501970728658
-0.00524155847909
-0.0065447074341
-0.0068635644004
-0.00279281960963
-0.00316000131818
-0.00406608484561
-0.00465335783795
-0.00544935023866
-0.00602404025771
-0.00158865878367
-0.00238701929493
-0.00348612326002
-0.00378634506654
-0.00496021133442
-0.00499418655887
-0.00147326832234
-0.00124964257792
-0.00292614096869
-0.00369206466206
-0.00525749617541
-0.00529928008666
-0.00669762962494
-0.00684151137691
-0.00199415130586
-0.00311645063158
-0.00349696167293
-0.00449817549115
-0.00498744215512
-0.00578829203778
-0.0014774175468
-0.00207827897589
-0.00296746781931
-0.00339765511912
-0.0043727235569
-0.00453695510562
-0.00558223514414
-0.00206050887892
-0.00213655291428
-0.00350854612397
-0.00394145569558
-0.00551984140368
-0.00557480790768
-0.00698652402006
-0.00689378735383
-0.00324098420981
-0.00342046470956
-0.00451124794884
-0.00479907293946
-0.00539741350663
-0.00620285947921
-0.001953565134
-0.00262687126529
-0.0035298534902
-0.00395392711581
-0.00493136865558
-0.00509693800538
-0.00129931417233
-0.00151029019429
-0.0026942009384
-0.00233746856953
-0.0041896897451
-0.00577287632046
-0.00559332956245
-0.00700966981313
-0.00228144820909
-0.00351215299738
-0.00374139743769
-0.00477907484374
-0.00517525127085
-0.00609975353159
-0.00167037994833
-0.00246911110294
-0.00315694125653
-0.00405454810462
-0.00448186933747
-0.00546159899565
-0.00102657939795
-0.00213875953112
-0.00204132574651
-0.00322346985375
-0.00286398912594
-0.00611158806603
-0.00576376292669
-0.0058237529198
-0.00724425277794
-0.00252006377926
-0.003778230356
-0.00397523751728
-0.00512125007964
-0.00552231520602
-0.00654612853386
-0.00215192729413
-0.00296570694743
-0.00364879551936
-0.00420709456446
-0.00498082207396
-0.00625446431329
-0.00152896545605
-0.00264140465949
-0.00254324649162
-0.00372369543807
-0.00394655759996
-0.00607607039363
-0.00596284419222
-0.00747294657825
-0.0026424668293
-0.00273217046899
-0.00397945799109
-0.00428342639156
-0.00544274133052
-0.00595264014443
-0.00203027879729
-0.00261418329309
-0.0034236929634
-0.00411134577155
-0.00467344358954
-0.00574457306946
-0.00110460402804
-0.00200156247329
-0.00203688286924
-0.00301539943287
-0.00477921027907
-0.0044145772909
-0.0062445534442
-0.00613463666268
-0.00764800220675
-0.00272041509513
-0.0041472648373
-0.00425389001818
-0.00553765993039
-0.0058479489055
-0.00636990488283
-0.0024480583569
-0.00303752706434
-0.0038520176911
-0.00454399496052
-0.00540550926058
-0.00618364024434
-0.00154565764256
-0.00244373659007
-0.00308514477632
-0.00405379020209
-0.00381982728153
-0.00485241080829
-0.00638609227449
-0.00627896642527
-0.00297275488691
-0.00293806581289
-0.00438836325584
-0.00454364986264
-0.00590760681911
-0.00622984080764
-0.0024659233497
-0.00283624935192
-0.00377424081411
-0.00425012391943
-0.0052419858559
-0.00581107284406
-0.00164965708728
-0.00195574418579
-0.00346073164565
-0.00349650742683
-0.00446453531815
-0.004229127713
-0.000570486257344
-0.00650054795575
-0.00157335660714
-0.00313779925558
-0.00314642495908
-0.00466209263289
-0.00487852953192
-0.00625416337973
-0.00657694385138
-0.00281871465831
-0.00319435811719
-0.0044316577992
-0.00491329716013
-0.00561314042653
-0.00618539109579
-0.00165969472079
-0.00294652588671
-0.00384025974359
-0.00387624186141
-0.00484369286078
-0.00460693577342
-0.00166046440153
-0.00649359392091
-0.00348964460793
-0.00331415983696
-0.00493679139205
-0.00496230723262
-0.00519009914592
-0.00656603441116
-0.0019691688662
-0.00314136520645
-0.00381634964358
-0.00476372602608
-0.00524940486391
-0.0059527590972
-0.00156088419158
-0.00262004099157
-0.00329297851581
-0.00346633105768
-0.00422379762534
-0.00412256414076
-0.00089464779674
-0.00200429699
-0.0019278355579
-0.00363486823493
-0.0035560279089
-0.00520818447005
-0.00523929074673
-0.00671439255935
-0.00198568160451
-0.00326748589185
-0.00372517596148
-0.00411292962705
-0.00506442420952
-0.00555379547323
-0.00626036005649
-0.00248667150089
-0.00293241445166
-0.00360683107504
-0.00378101835223
-0.00526350057298
-0.00516177854133
-0.00120787865029
-0.00083280088393
-0.00205780453591
-0.00386108491174
-0.00379408569884
-0.00544597148258
-0.00548201431581
-0.0069619651362
-0.00223797372851
-0.00381210551312
-0.00398633169887
-0.00505720115993
-0.0053333359216
-0.00616794369574
-0.0021839579447
-0.0027642248998
-0.00321185998578
-0.00388761185607
-0.00479490292427
-0.00554519275361
-0.00059405208051
-0.00148809816969
-0.00114993643725
0.000318115990889
0.00141810307328
-0.00117221613062
-0.00159865969624
-0.00130710625036
-0.000650968178195
-0.00117403405204
0.000246187525837
0.00134625837461
-0.00125225842384
-0.00168509514436
-0.00139328002129
-0.000746509256924
-0.00127930167335
0.0001751472148
0.00127530091925
-0.00133142757788
-0.00177067025565
-0.00147859559756
-0.000841213708477
-0.00138375693923
0.000104997041083
0.00119181320095
0.000819491358374
0.00100062505154
-0.00156305069434
0.0012986552829
-0.00148739722649
3.57389689371e-05
0.00110215677186
0.000742074969294
0.000916777512338
-0.00164664304182
0.00120563145756
-0.00159021992128
-3.26250566914e-05
-0.00259530184703
0.00066553817192
0.0008337971779
-0.00172937038553
0.00110649461983
-0.00169222241928
-0.000100093110415
-0.00268323684487
0.000589883082575
0.00075168630658
-0.00181903863822
0.00100483005143
-0.00179340212603
-0.000166663286657
-0.00277030753657
0.000513729716406
0.000670447140794
-0.00190991613621
0.00090399380379
-0.00189375645714
-0.000232333699898
-0.00285651154808
0.000427680848884
0.000590081906747
-0.00199993946671
0.000803988484992
-0.00199328283864
-0.000297102484929
-0.0029418465204
0.000342499733051
0.000510592814157
0.000144799500821
0.00070481669245
-0.00209197870718
-0.000380462898685
-0.000804247089985
0.000258188700654
0.000431982055991
5.64917297396e-05
0.000606481012632
-0.00219118717217
-0.000464030104525
-0.000887836968552
0.000174750067858
0.000354251808183
-3.09546776719e-05
-0.00268103794115
-0.00229602897168
-0.0005467214856
-0.0009705508241
9.21861349596e-05
0.00027740422937
-0.000117537351417
-0.00277769368132
-0.00240004889689
-0.000628534747746
-0.0010523863607
1.04991861108e-05
0.000196225203689
-0.000203253936337
-0.00287350561787
-0.00250324427702
-0.000709467613268
-0.00113334129889
-7.03085109664e-05
0.000111178115398
-0.000288102092386
-0.00296847121095
-0.00260561245099
-0.000789517821228
-0.00121341337598
-0.00015023470526
2.70034713699e-05
-0.00037207949492
-0.00306258793309
-0.000478060919034
0.00135506837998
-0.00129260034632
-0.000229277162747
0.00217264443303
-0.000455183834974
-0.00315585326945
-0.000578766737763
0.00127679020154
-0.00137089998159
-0.000307433666679
0.00209022163454
-0.000537412819543
-0.00324826471815
0.00258597136469
0.00119940136014
-0.00144831007107
-0.00127521776254
0.002008678205
-0.000618764171866
-0.00333981979053
0.00248693842174
0.00112290404688
-0.00152482842195
-0.00135159577959
0.00192801641983
-0.000703689231201
-0.00343051601144
0.00238874583457
0.00104730043471
-0.00160045285956
-0.00142708129925
0.00184823853761
-0.000793782078455
-0.00352035091955
0.00229139619994
0.000102508093688
-0.00547807092045
-0.0026569420563
-0.00208704398572
0.000599039689369
-0.00499076487023
-0.00444929296041
-1.2403370974e-05
-0.00336320601776
-0.00276868607454
-0.0022011351362
0.000458277148305
-0.00513424949536
-0.00459524160709
-0.000126471065964
-0.00348035034528
-0.00288057840522
-0.00231432315677
0.000318355233995
-0.00527688660046
-0.00474033695927
-0.000239691814882
-0.00359663645216
-0.00299948353557
-0.00243075516742
0.000179278179802
-0.00541867174978
-0.00266264734852
-0.000352062449124
-0.0037120609654
-0.003117514685
-0.00256341056431
4.10502217405e-05
-0.00555960050333
-0.00280602224088
-0.000463579808232
-0.00382662051952
-0.00323466828339
-0.00269521275722
-9.63244019311e-05
-0.00569966841728
-0.00294852995676
-0.00057424074024
-0.00394031175689
-0.00335094076788
-0.00059218499151
-0.000232841451126
-0.00583887104447
-0.00309016585837
-0.000684042102021
-0.00405313132811
-0.00346632858334
-0.000722268832774
-0.00251533957384
-0.00597720393478
-0.0032309253035
0.0014289523102
-0.00060428230637
-0.00358082818274
-0.000851487529452
-0.00265012874863
-0.00611466263564
-0.00337080364596
0.00131222658688
-0.000715348532069
-0.00369443602759
-0.000981125646466
-0.00278404762198
-0.00625124269244
-0.00350979623603
-0.00161536470909
-0.000825533096801
-0.00380782235347
-0.00111132146833
-0.00291709195078
-0.00416225402478
-0.00364789842099
-0.00173039201537
-0.000934832688029
-0.00393162989442
-0.00124064848797
-0.00304925749229
-0.000290757714432
-0.00378510554559
-0.00184465272246
-0.00104324400341
-0.00405456777429
-0.00136910269023
-0.00318054000457
-0.000424675098292
-0.00392141295256
-0.00196164007199
-0.00115076375117
-0.0019417486458
-0.00149668006258
-0.00331093524693
-0.000557696008934
-0.00405681598313
-0.00207777616021
-0.00125738865055
-0.00206293598633
-0.00162337659544
-0.00344043898045
-0.000689815988807
-0.00419130997752
-0.00219305767452
-0.00136311543216
-0.00218324245969
-0.00174918828273
-0.00356904696841
-0.000821030581247
-0.00432489027551
-0.0023074813097
-0.00146794083841
-0.00230266434228
-0.00187411112225
-0.00369675497679
-0.00095133533099
-0.00445755221694
-0.00242104376824
-0.00157186162391
-0.0024211979171
-0.00199814111617
-0.00158969962313
-0.00108072578469
-0.00458929114228
-0.00253374176072
-0.00167886934724
-0.00253883947418
-0.00212127427146
-0.00171559498349
-0.00120919749145
-0.00472010239318
-0.00264557200616
-0.0017928125178
-0.00265558531101
-0.00224350660041
-0.00184057768327
-0.00133674600334
-0.00484998131302
-0.00275677700476
0.000320736422492
-0.00277143173299
-0.00472667003289
-0.00196464350418
-0.00146336687595
-0.00497892324747
-0.00618854101366
-0.0056271448894
-0.00501513180315
-0.00609513408413
-0.00546590319819
-0.00657745761474
-0.00396506250542
-0.00617540344246
-0.00561362723015
-0.00500121777762
-0.00608080711136
-0.0054511465486
-0.00656225461427
-0.00394939680028
-0.00616154835551
-0.00559937138666
-0.00498654402237
-0.00439951625052
-0.00543558439539
-0.00654622187966
-0.00393287625534
-0.00614697599103
-0.00558437761835
-0.00497111082031
-0.00438362525195
-0.00541921707591
-0.00652935977974
-0.00391550127406
-0.00440743971005
-0.00556864619797
-0.00495491846879
-0.00436695271947
-0.00540204494475
-0.00651166870217
-0.00389727228048
-0.00439143355391
-0.00555217741152
-0.00493796727968
-0.00434949899341
-0.00538406837372
-0.00865358366454
-0.00387818971916
-0.00437471090803
-0.00553497155825
-0.00492025757922
-0.00433126442986
-0.00536528775178
-0.00712748353525
-0.00385825405518
-0.00435727205935
-0.00551702895064
-0.0049017897081
-0.00431224940062
-0.00534570348505
-0.00710730803843
-0.00383746577403
-0.00433911730691
-0.00785526658038
-0.00488256402135
-0.00429245429313
-0.00532531599672
-0.00708630530211
-0.00381582538158
-0.00432024696188
-0.00783585145424
-0.00322830162233
-0.00427187951046
-0.00530412572702
-0.00706447580746
-0.00379333340401
-0.0043006613475
-0.00781570059022
-0.00320756142673
-0.00425052547127
-0.00528213313319
-0.00704182005418
-0.00376999038774
-0.00428036079904
-0.00779481435337
-0.00318606456647
-0.00422839260975
-0.00525933868939
-0.00701833856049
-0.00374579689937
-0.00425934566379
-0.00777319312183
-0.0031638114537
-0.00420548137558
-0.0052357428867
-0.00699403186302
-0.00372075352563
-0.00423761630104
-0.00775083728675
-0.00727154130211
-0.0041817922339
-0.00370459389848
-0.00696890051676
-0.00369486087327
-0.00421517308204
-0.00772774725229
-0.00724777697747
-0.00415732566526
-0.0036793969185
-0.00694294509502
-0.00366811956902
-0.00419201638994
-0.00770392343559
-0.00722325772173
-0.00413208216556
-0.00365340015366
-0.00691616618935
-0.00364053025952
-0.00416814661981
-0.00612721847589
-0.00719798400351
-0.00410606224598
-0.00362660416205
-0.00688856440948
-0.00788404232128
-0.00414356417857
-0.0061019283977
-0.00717195630549
-0.00407926643299
-0.00593390506216
-0.00686014038323
-0.00785475902032
-0.00411826948497
-0.00607590586603
-0.00714517512428
-0.00405169526825
-0.00590551235773
-0.00683089475647
-0.00649170786524
-0.00409226296954
-0.00604915134945
-0.00711764097043
-0.00402334930855
-0.00587632220028
-0.00680082819302
-0.00646073339607
-0.00652319359028
-0.00602166532931
-0.00708935436835
-0.00251698388439
-0.00584633521401
-0.00676994137461
-0.0064289144504
-0.00495794147313
-0.00306869966082
-0.00466222165726
-0.00118380803609
-0.00631208624934
-0.00488403919136
-0.0033871111715
-0.00494484196331
-0.00648622709538
-0.00277000295043
-0.00408164082073
-0.00629475315093
-0.00486654312167
-0.00336946501666
-0.00493112332624
-0.00647238718063
-0.00275605137402
-0.00406384778031
-0.00627677904324
-0.00484840005898
-0.00335116635928
-0.00491678573752
-0.00645792286731
-0.00274147038459
-0.0040454203842
-0.00625816417325
-0.00482961025727
-0.00333221545994
-0.0049018293806
-0.00460176421331
-0.00272626017506
-0.00402635888041
-0.0062389087966
-0.00481017397944
-0.00331261258832
-0.00488625444678
-0.00458605167595
-0.00271042094663
-0.00400666352535
-0.00621901317758
-0.00479009149727
-0.00150551321838
-0.00487006113518
-0.00456971532922
-0.00269395290871
-0.00398633458383
-0.00619847758913
-0.00476936309145
-0.0014846072478
-0.00485324965274
-0.00455275538557
-0.00267685627892
-0.00396537232901
-0.00617730231279
-0.0047479890515
-0.00146305016871
-0.00299139545983
-0.00453517206548
-0.00265913128311
-0.00394377704238
-0.00615548763871
-0.00472596967578
-0.00144084228717
-0.00297334828773
-0.0045169655974
-0.00264077815528
-0.00392154901378
-0.0061330338656
-0.00295020414612
-0.00528150670121
-0.00295468361236
-0.00449813621778
-0.00262179713763
-0.00389868854135
-0.00610994130076
-0.00292689502921
-0.00525799816912
-0.0029354016718
-0.00447868417102
-0.00260218848049
-0.00387519593152
-0.00608621026
-0.00290294152443
-0.00523383980693
-0.00291550271185
-0.00445860970947
-0.00560815476339
-0.00385107149897
-0.00434188198742
-0.00287834396529
-0.00520903195675
-0.00289498698605
-0.00443791309343
-0.00558729161084
-0.00382631556664
-0.0043168749763
-0.00285310269401
-0.0051835749696
-0.00287385475565
-0.00441659459108
-0.00556580161859
-0.00380092846571
-0.0042912304877
-0.00282721806153
-0.00786010771234
-0.00285210628959
-0.00439465447853
-0.00554368506944
-0.00377491053553
-0.00426494887137
-0.00280069042745
-0.00783335354004
-0.0028297418645
-0.00437209303975
-0.00552094225423
-0.00569314491887
-0.00423803048548
-0.00277352016004
-0.00780595133733
-0.00280676176468
-0.00434891056659
-0.00549757347188
-0.005665866381
-0.00421047569659
-0.00274570763619
-0.00777790149077
-0.00278316628204
-0.00432510735872
-0.00547357902932
-0.00563795808098
-0.00418228487965
-0.0027172532414
-0.00774920439577
-0.00275895571616
-0.00430068372365
-0.00544895924149
-0.00560942039076
-0.00415345841793
-0.00268815736975
-0.00771986045651
-0.00273413037419
-0.0042756399767
-0.00372997580688
-0.00558025369036
-0.00412399670307
-0.00265842042387
-0.00768987008592
