-0.00260804188826
-0.00417374386172
-0.00380749171245
-0.00322503572609
-0.000668090817818
-0.00427169086272
-0.00172688947995
-0.00263690442326
-0.00420253144501
-0.00381454946188
-0.00323205925217
-0.000689471934884
-0.00429297391702
-0.00174803485305
-0.00266483558679
-0.0042303900326
-0.00382067408382
-0.0032381541715
-0.000709934544593
-0.00431334263662
-0.00176827175083
-0.00269183456346
-0.00425731881541
-0.00160015439
-0.00324332030879
-0.000729478068445
-0.00433279645092
-0.00178759961367
-0.00271790056416
-0.00428331701043
-0.0016136001152
-0.00324755751543
-0.000748101953474
-0.00435133481451
-0.00180601790666
-0.00274303282623
-0.00430838386091
-0.00163855145504
-0.00325086566949
-0.000765805672318
-0.00436895720724
-0.00182352611965
-0.00276723061353
-0.002106807626
-0.00166257495832
-0.00325324467579
-0.0007825887233
-0.00438566313431
-0.00184012376738
-0.00279049321655
-0.00213000962252
-0.0016856699307
-0.00325469446584
-0.00270559437234
-0.00440145212629
-0.00185581038949
-0.00281281995255
-0.00215227816261
-0.00170783570402
-0.00325521499792
-0.00272053468564
-0.00442862054528
-0.00190403706832
-0.000599904910484
-0.00217361259546
-0.00172907163639
-0.00325480625704
-0.00275947042379
-0.0044764593145
0.00027048094496
-0.00062035797162
-0.00425809320586
-0.00174937711232
-0.00327206972424
-0.0028066185209
-0.00452340056656
0.000223834624193
-0.000639873278893
-0.00427755757879
-0.00176875154275
-0.00333230760267
-0.00285286404075
-0.00456944300754
0.000178081740072
-0.000658450257476
-0.00429608605276
-0.00178719436517
-0.00339165240997
-0.00289820569515
-0.00239265925041
0.000133223540698
-0.000676088359743
-0.00431367808444
-0.00180470504372
-0.00345010250115
-0.00294714258177
-0.00243690027706
8.92612520241e-05
-0.000692787065352
-0.00433033315753
-0.00182128306922
-0.00350765625206
-0.003004398216
-0.00248023874568
4.61960776919e-05
-0.000708545881318
-0.0043460507829
-0.00183692795927
-0.0035643120596
-0.000838832235457
-0.0025226734528
4.02919887266e-06
-0.000723364342088
-0.00436083049862
-0.00185163925833
-0.00362006834196
-0.000894299038396
-0.00256420321797
-3.72382258902e-05
-0.00073724200961
-0.00437467187007
-0.00187314442747
-0.0036749235388
-0.000948869110002
-0.0026048268839
-0.00413584690501
-0.000750178473395
-0.00438757448996
-0.00192727178801
-0.0015069481334
-0.00100254093496
-0.00264454331667
-0.00417531203732
-0.000762173350578
-0.00439953797843
-0.00198049227039
-0.00155999656521
-0.00105531301957
-0.00268335140583
-0.00611563228064
-0.000773226285978
-0.00441056198307
-0.00203280436572
-0.00161213936151
-0.00110718389194
-0.00272125006459
-0.00615329076167
-0.0030066115718
-0.00169045720554
-0.0026922226297
-0.00143876050731
-0.00308220360534
-0.00383999558989
-0.00280281333434
-0.000808794179216
-0.00172880327396
-0.00273146546835
-0.0023380152222
-0.00312310249867
-0.0039077987474
-0.00287236072785
-0.000845230218645
-0.0017661407526
-0.00276967690962
-0.00237706057803
-0.00316292801927
-0.00397454282432
-0.00294082477244
-0.000880680052266
-0.00180246835384
-0.00280685557438
-0.00241505135541
-0.00320167860798
-0.00404022518873
-0.00300820263515
-0.000915142513146
-0.00183778482279
-0.00284300011841
-0.0024519861211
-0.00323935274481
-0.00410484324208
-0.00307449151833
-0.00521395278489
-0.0018720889375
-0.00287810923265
-0.0024878634792
-0.00327594894927
-0.00416839441962
-0.00313968866017
-0.00524643712262
-0.00190537950916
-0.000686950264144
-0.00252268207139
-0.00331146578061
-0.00200894169356
-0.00320379133521
-0.00527793077196
-0.0019376553823
-0.000719984733369
-0.00255644057725
-0.00334590183813
-0.00207035156294
-0.0032667968549
-0.00530843269
-0.00196891543499
-0.000751980058814
-0.00258913771443
-0.00337925576144
-0.00213068706999
-0.00332870256813
-0.0053379418653
-0.00199915857904
-0.000782935074291
-0.00262077223896
-0.0034115262307
-0.00218994578998
-0.00338950586172
-0.005366457318
-0.00202838376018
-0.00181115287537
-0.00265134294541
-0.00344271196692
-0.00224812533437
-0.00344920416096
-0.00539397810003
-0.00639447164999
-0.00184002391757
-0.00268084866718
-0.00347281173219
-0.00230522335123
-0.00350779493016
-0.00542050329525
-0.00642165787906
-0.00186785136958
-0.00270928827668
-0.0012798916952
-0.00236123752568
-0.00356527567307
-0.00544603201958
-0.00421783926934
-0.00189463421143
-0.00273666068556
-0.00130781597032
-0.00241616558041
-0.00362164393349
-0.00547056342117
-0.00424298274071
-0.00192037146018
-0.00276296484491
-0.00136255819978
-0.00247651591725
-0.00367689729568
-0.00549409668055
-0.00426710349276
-0.00194506217012
-0.00278819974545
-0.00144434630944
-0.00256030514802
-0.00373103338489
-0.00551663101071
-0.00429020067833
-0.00630845163244
-0.00281236441775
-0.00152511477143
-0.00264305386069
-0.00378404986786
-0.00553816565732
-0.00431227348536
-0.00633104657727
-0.00283545793239
-0.00160486055893
-0.00272475881294
-0.00467525794546
-0.00555869989877
-0.00433332113698
-0.00635259237105
-0.000632446392576
-0.00168358067172
-0.00280541679014
-0.00250410133766
-0.00334328424733
-0.00552744356639
-0.00637308821858
-0.000653394964557
-0.00176127213661
-0.00288502460589
-0.00255374542421
-0.00336181564528
-0.00554643871816
-0.00639253336263
-0.000673269832433
-0.00183793200801
-0.00296357910256
-0.00260359033573
-0.0085994840873
-0.005323162306
-0.0063860611828
-0.0054317066369
-0.00666809975985
-0.00378806239804
-0.00503954224062
-0.00805044136368
-0.00916657406049
-0.00816911775104
-0.0055803206533
-0.00676420160452
-0.0056213106045
-0.00660204781876
-0.00409859521173
-0.00527120440252
-0.00416371215032
-0.00949528476198
-0.00691444259603
-0.00787437268936
-0.00683870862413
-0.00665294933126
-0.00556130935356
-0.00661605049987
-0.00552740544683
-0.00474630807927
-0.00384996666306
-0.00510237465824
-0.00816783399172
-0.00934530329857
-0.00660273509265
-0.00788283032734
-0.00684024198665
-0.00569843042485
-0.00523779313409
-0.004171527798
-0.00530420659537
-0.00416696122612
-0.00814850597312
-0.00695235361384
-0.00786283706026
-0.00679601491551
-0.00686381974398
-0.00800835679705
-0.00683217298513
-0.0058498593927
-0.00481046688017
-0.00388534314261
-0.00519631626436
-0.00667064599882
-0.00785028538874
-0.00670670794401
-0.00792917278296
-0.00688729367222
-0.00652610583806
-0.00528613547763
-0.00643636378462
-0.00534754793434
-0.0070275446875
-0.00815415868257
-0.00695808927505
-0.00786864841664
-0.00535012385868
-0.00705023670365
-0.00819716946752
-0.00504234876582
-0.00601135265253
-0.00491066909728
-0.00619281180975
-0.00356422455151
-0.00679261304206
-0.00797403306482
-0.00683213883757
-0.00794691121689
-0.00545791583251
-0.00654437226877
-0.00530464007083
-0.00644873866341
-0.00397590771231
-0.00926222315553
-0.00812809345641
-0.00693164166225
-0.00645770908625
-0.00526154957916
-0.00721204833235
-0.00638190960231
-0.00520822525158
-0.00617907957913
-0.00508967594814
-0.0046185086709
-0.00784112084703
-0.00911537736328
-0.00807008613949
-0.00547699740166
-0.00648352160841
-0.00544686414295
-0.00653316328986
-0.00529328493255
-0.00504636286274
-0.00395768414946
-0.00927316246853
-0.00810537665004
-0.00771083152213
-0.00639834259003
-0.00736197607572
-0.00760522524111
-0.00652075756626
-0.00534875399169
-0.00632118156235
-0.00348672876805
-0.00477392358323
-0.00792504633122
-0.00918265008538
-0.00668062837405
-0.00776884057391
-0.00653484958689
-0.00762926008728
-0.0064924918783
-0.0038676529889
-0.0049981194915
-0.00392520706526
-0.00934836821624
-0.006797560577
-0.00774000158417
-0.00634307716819
-0.00720772505974
-0.00771744721235
-0.00663443644744
-0.00769903836715
-0.00467785526946
-0.00361374474325
-0.00490288249398
-0.00805586896
-0.00775944230458
-0.00672102368939
-0.00780978877964
-0.00657631339317
-0.00617474904716
-0.00503756936648
-0.00601858129974
-0.00494471342069
-0.00397515340602
-0.00800821686833
-0.00684220436028
-0.00778524718615
-0.00640216747428
-0.00582407799296
-0.0078047244431
-0.00672284931489
-0.00602537885195
-0.00476835119124
-0.00594612309668
-0.00500526362015
-0.00669671550524
-0.0078063349182
-0.00673351291189
-0.00782244905654
-0.00520372753219
-0.00608965235839
-0.0049381479321
-0.00591786919269
-0.00359273685883
-0.00910561991384
-0.00803317642843
-0.00907704074851
-0.00782323254957
-0.00514428333322
-0.00595182832265
-0.00610052871573
-0.00502277220375
-0.00608921879204
-0.00483291093726
-0.00602068316957
-0.00354938090005
-0.00899646338097
-0.00788418431841
-0.00894087903963
-0.00642067859448
-0.00518788929345
-0.00607363338247
-0.00480950599283
-0.00446529463738
-0.0035946224418
-0.00910753784513
-0.00803512502938
-0.00909435633524
-0.00653164555388
-0.00746001058824
-0.00604674362943
-0.00613771860276
-0.00506044737096
-0.00612735374086
-0.0033334437084
-0.00453086721036
-0.00784221661629
-0.00904613447554
-0.00793453144695
-0.00756246452927
-0.00637675268126
-0.00736533739591
-0.00602864726552
-0.00334531593096
-0.00453443115551
-0.00362595574097
-0.0090996974661
-0.00662163616858
-0.00776972248962
-0.00659204503917
-0.00752122518392
-0.00610868638173
-0.00626868531285
-0.00730464965591
-0.00459524561447
-0.00334598002695
-0.00460300610656
-0.00786438152855
-0.00906862208099
-0.00657032809601
-0.00758554561163
-0.00630458882974
-0.00729226634487
-0.00475274324931
-0.00574292336722
-0.00461108204485
-0.00370396388232
-0.00779486148037
-0.00668322240192
-0.00779746635625
-0.00662020461335
-0.00754976527331
-0.00476198527291
-0.00640207301364
-0.00586113995022
-0.00459875305993
-0.00567472867283
-0.00471504384854
-0.00874506769673
-0.00767589717824
-0.00656554575184
-0.00758070300901
-0.00639398121456
-0.0060352489161
-0.00489750876419
-0.00588956423481
-0.00465798167216
-0.00458947961498
-0.00784338838449
-0.00895443232263
-0.00779340777507
-0.00524282398522
-0.00617232896069
-0.00475776042625
-0.00495943809164
-0.00597441436125
-0.00472559592762
-0.00575916365944
-0.00339349540917
-0.00883196512696
-0.00769644800135
-0.00880199177451
-0.00761281855786
-0.00510979953936
-0.00613954078486
-0.0050134367094
-0.00600699912203
-0.00329093268577
-0.00886683478205
-0.00786107485414
-0.00897239253615
-0.00638689032506
-0.00743096325799
-0.00613544462826
-0.00472043687483
-0.00504269756557
-0.00607449650311
-0.00482679972545
-0.00443234857347
-0.00345276389801
-0.00889206809108
-0.00775734131839
-0.00747273526343
-0.00628426538202
-0.00740345659286
-0.00622528457448
-0.00510039721267
-0.00471095026277
-0.00337731954638
-0.00885387455938
-0.00784789844505
-0.00759120571815
-0.00636775884749
-0.00736234778571
-0.00606590361393
-0.00565812796879
-0.00732639385903
-0.0061491336516
-0.00572504882502
-0.00456052785118
-0.00774549738688
-0.0089253188476
-0.00640688889566
-0.00750004125687
-0.00631986310998
-0.00744688077502
-0.00628236817085
-0.00599607846453
-0.004769601428
-0.00565858981814
-0.00881057372392
-0.00643606942327
-0.00754650229386
-0.00632242353777
-0.00730332691649
-0.00479683663005
-0.00563661087793
-0.00735924381602
-0.00478413341238
-0.00582024887506
-0.0046626998471
-0.00997370243582
-0.00754754538862
-0.00641333928452
-0.0074997411081
-0.00636647955312
-0.00607780984973
-0.00492658605304
-0.00602484277389
-0.00479874179285
-0.00568807443088
-0.00737226810368
-0.00858627179958
-0.00747053421651
-0.00624538348741
-0.00601633421755
-0.00474295103998
-0.00558206095667
-0.0059598690291
-0.00480770834415
-0.00588965472928
-0.00473877167257
-0.00861964853698
-0.00752702156291
-0.00861447967728
-0.00747183512205
-0.00500547510067
-0.00610069304603
-0.00495097916567
-0.00602444367562
-0.00342062360841
-0.00430995146822
-0.00726848215639
-0.00848076298533
-0.00736340041467
-0.00713442396485
-0.00593107704271
-0.00688776433273
-0.0054945574644
-0.00595789494643
-0.00482024943235
-0.00593320454546
-0.00340453016265
-0.00867014245003
-0.0074796271516
-0.00856646164384
-0.00603690716855
-0.00722255794653
-0.00610721710609
-0.00717951971974
-0.00461909000548
-0.00339067507821
-0.00855590988417
-0.00713462486249
-0.00834469090119
-0.00599813372671
-0.00699432549209
-0.00581382657614
-0.00676889194942
-0.00441892381296
-0.00593065668681
-0.00567546420339
-0.00456671663251
-0.00342821706206
-0.00869411045743
-0.00740540774233
-0.00710712430436
-0.00600454953891
-0.00718972323728
-0.00608536289274
-0.00578377410351
-0.00456039848763
-0.00555506831552
-0.00849575041339
-0.00582947748781
-0.00695787994666
-0.00582912387987
-0.00682973091692
-0.00566474297797
-0.00566588838039
-0.00426593945483
-0.00450134924269
-0.00566731283305
-0.00455846076889
-0.00990753979979
-0.00869153005194
-0.00599603765224
-0.00700482725151
-0.00594464726975
-0.00712893879141
-0.0046615620209
-0.00573287745417
-0.00447842771105
-0.00546616997053
-0.00719223696193
-0.0080468807817
-0.00676122725368
-0.0056294805549
-0.00665171153097
-0.00453216266406
-0.00548269551354
-0.00408051945398
-0.00451212042645
-0.00563358576092
-0.00452430155565
-0.00849461032396
-0.00727825994033
-0.00818851832185
-0.00687552796752
-0.00807919540932
-0.00569279237905
-0.00461073178795
-0.00565479096866
-0.00439784701829
-0.00408841699598
-0.00707261243476
-0.00800211976031
-0.00668716676196
-0.0066856701242
-0.00549413193153
-0.00655483062468
-0.00526770037396
-0.00386292575169
-0.00240772104864
-0.00400015399963
-0.00358746453419
-0.00297174845591
-0.00219511924059
-0.0037392208389
-0.00144083344615
-0.00241240169971
-0.0059490102548
-0.00362901186109
-0.00301305149854
-0.00223610838116
-0.00377983128296
-0.00146805818661
-0.00241618150612
-0.0059898489345
-0.00144774780101
-0.00305348353982
-0.00227623289503
-0.00381958479827
-0.00149442480655
-0.0024190603656
-0.00602980711865
-0.00148754215032
-0.00309304353715
-0.00231549176293
-0.00385848039322
-0.00151993265323
-0.00242103820024
-0.00606888375474
-0.00152645844055
-0.00313173046881
-0.002353883986
-0.00389651709613
-0.00154458109458
-0.00242211495653
-0.00388514331449
-0.00156449565329
-0.00316954333405
-0.00239140858598
-0.00393369395536
-0.00158327038815
-0.0024222906053
-0.00392245378342
-0.00160165279158
-0.0032064811533
-0.00242806460525
-0.00397001003939
-0.00164435673
-0.00242156514181
-0.00395887967685
-0.00163792888009
-0.00324254296821
-0.00246385110703
-0.00400546443702
-0.00170461202093
-0.000197868115249
-0.00399442002944
-0.00167332296523
-0.00327772784181
-0.00249876717544
-0.0040400562574
0.000471081624136
-0.000203856323266
-0.00402907389795
-0.00170783411526
-0.00331203485864
-0.00253281191566
-0.00407378463016
-0.00387494104821
-0.000237699772162
-0.0040628403614
-0.00174146142042
-0.00334546312485
-0.002565984454
-0.00410664870555
-0.00527446776247
-0.000270652942196
-0.00409571852115
-0.00177420399304
-0.00337801176831
-0.00259828393802
-0.0019185389597
-0.00533138453769
-0.000302714951246
-0.00412770750105
-0.00180606096768
-0.00340967993873
-0.00262970953668
-0.00197505743955
-0.00538746319073
-0.000333884939927
-0.00415880644752
-0.00183703150121
-0.00529236170054
-0.00266026044038
-0.00203073032193
-0.00544270235877
-0.000364162071705
-0.0041890145297
-0.00186711477292
-0.00532226646194
-0.000463006680792
-0.00208555623034
-0.00549710069649
-0.000393545533006
-0.00421833093952
-0.00189630998469
-0.00535128833157
-0.000491805852224
-0.00213953380631
-0.00555065687624
-0.000422034533325
-0.00424675489184
-0.00192461636098
-0.00537942654757
-0.000519728029789
-0.00219266170955
-0.00560336958819
-0.00238896973122
-0.00427428562455
-0.00195203314906
-0.00318418521689
-0.000546772490791
-0.00224493861809
-0.00565523754048
-0.00241566753086
-0.00430092239865
-0.00197855961901
-0.00321055392958
-0.000572938534495
-0.00229636322849
-0.00570625945939
-0.00244146863743
-0.00432666449836
-0.00200419506386
-0.00323603683759
-0.000598225482216
-0.00234693425593
-0.00575643408947
-0.00246637235375
-0.00435151123121
0.000192990109743
-0.00326063326908
-0.00473500112697
-0.00239665043441
-0.00580576019368
-0.00601070440134
-0.00464412078513
-0.00570407643096
-0.00742276667301
-0.00179622271012
-0.00290999940827
-0.00410746721336
-0.00604438897303
-0.00468669164208
-0.00656404174297
-0.00746591894357
-0.0018619971547
-0.00297693411833
-0.00417546263755
-0.00607717206667
-0.00472835207981
-0.00660652556378
-0.00750945576318
-0.00192683530836
-0.00304291769734
-0.00424249344085
-0.00610905278258
-0.00476910092314
-0.00664808047924
-0.00757214627315
-0.00199073517937
-0.00310794804981
-0.00430855743
-0.00614003024471
-0.00480893702066
-0.00668870526917
-0.00763391271959
-0.00205369479931
-0.0031720231045
-0.00214042565327
-0.00617010360071
-0.00484785924487
-0.00672839873862
-0.00546967089531
-0.00654932828783
-0.00323514081475
-0.00220454953513
-0.00397734497533
-0.00488586649235
-0.00676715971807
-0.00552958371889
-0.00661040159496
-0.00329729915872
-0.00226770017509
-0.00400560765762
-0.0049229576839
-0.00680498706358
-0.005588567029
-0.00667052888833
-0.00335849613976
-0.00232987548236
-0.00403296382034
-0.00495913176468
-0.00684187965696
-0.00564661905526
-0.0067297082955
-0.00341872978667
-0.00259542326059
-0.00408094195108
-0.0049943877044
-0.00687783640594
-0.00570373805086
-0.00678793796873
-0.00347799815403
-0.00265564173617
-0.00416178237952
-0.00590946231225
-0.00691285624429
-0.0057599222928
-0.00684521608523
-0.00575944919578
-0.00271487876659
-0.00424177278176
-0.00599090225214
-0.00472501015393
-0.00581517008212
-0.00690154084745
-0.00581678127227
-0.00277313236872
-0.00432091107871
-0.00607147703509
-0.00475815307746
-0.00586947974418
-0.00695691048334
-0.00587314239045
-0.00283040058714
-0.00439919520679
-0.00615118448905
-0.00480085051713
-0.00592284962888
-0.00701132324662
-0.00592853071088
-0.00288668149446
-0.0044766231181
-0.00623002245819
-0.00485220196001
-0.00597527811089
-0.00706477741703
-0.00598294442135
-0.00294197319162
-0.00455319278072
-0.00630798880316
-0.00490262862055
-0.00602676358989
-0.0071172713006
-0.00603638173714
-0.00299627380817
-0.00462890217891
-0.00638508140135
-0.00495212901707
-0.00607730449085
-0.00716880322991
-0.00608884090132
-0.00750780404085
-0.00470374931337
-0.00646129814717
-0.00500070169201
-0.00612689926418
-0.00498805957998
-0.00614032018501
-0.00756011700093
-0.00477773220148
-0.00431470990549
-0.00506783885101
-0.00617820431077
-0.00503766270595
-0.00664346207934
-0.0076114334439
-0.00569465600112
-0.00438916869907
-0.00514355597898
-0.00623945014916
-0.00509244109641
-0.00669297652902
-0.00766175161683
-0.00576690451654
-0.00446274542811
-0.00521837810728
-0.0062997610589
-0.00515393330098
-0.00675125695413
-0.00771106979692
-0.00728046253607
-0.00785239130303
-0.00650696247632
-0.00497110050603
-0.00862199111037
-0.00664031697543
-0.00481246761073
-0.00712380425131
-0.00769281838981
-0.00636014986573
-0.0048214859663
-0.00846982376482
-0.00648589625985
-0.00466843039596
-0.00696641593928
-0.0075325124099
-0.00621254417906
-0.00690356320795
-0.00831685379612
-0.00633066951956
-0.0067571401777
-0.00885630864999
-0.00737147736052
-0.00606414947848
-0.0067523562618
-0.00816308561873
-0.00617464131912
-0.0066113936188
-0.00869747178637
-0.00720971722784
-0.00591496981996
-0.00660035947302
-0.00800852363757
-0.00601781621201
-0.0064647992837
-0.00853791637957
-0.0070472359868
-0.00576500925293
-0.00644757707119
-0.00785317224773
-0.00586019874025
-0.00631736176105
-0.00837764623836
-0.00688614273266
-0.00561427182001
-0.00629401327737
-0.00769703583409
-0.00570179343411
-0.00616908563258
-0.00821666516154
-0.00673766810871
-0.00546276155669
-0.00613967230378
-0.00754011877103
-0.0055426048118
-0.00601997547267
-0.00805497693768
-0.00658842977383
-0.00531048249104
-0.00598455835351
-0.00738242542212
-0.00761126529179
-0.00587003584791
-0.00789258534498
-0.00643843156423
-0.00744240970922
-0.00903056915102
-0.00722396013981
-0.00745052354179
-0.00571927131677
-0.007729494151
-0.00628767730981
-0.00728860509194
-0.00887392181867
-0.00706472726515
-0.00728901195458
-0.00556768642917
-0.00756570711252
-0.0061361708339
-0.00713404370906
-0.0087165140612
-0.00690473112749
-0.00712673499698
-0.0054152857261
-0.00740122797533
-0.00598391595297
-0.00697872955611
-0.00855835004224
-0.0067439760442
-0.00696369712223
-0.0052620737393
-0.00723606047401
-0.00583091647636
-0.00682266661977
-0.0083994339149
-0.00658246632041
-0.00679990276973
-0.00510805499084
-0.00707020833182
-0.00567717620606
-0.00666585887762
-0.00823976982146
-0.00864388976986
-0.00663535636477
-0.0049532339928
-0.00690367526046
-0.00783280174195
-0.00650831029795
-0.0080793618931
-0.00848088363008
-0.00647006231828
-0.00480379719467
-0.00673646495993
-0.00767759125952
-0.0063500248394
-0.0079182142497
-0.00831713568901
-0.00630402502656
-0.00467872248667
-0.00656858111836
-0.00752165134267
-0.00619100645081
-0.00775633099952
-0.00815265020017
-0.00613724887105
-0.00455275209105
-0.00640002741183
-0.00736498576145
-0.00910810857624
-0.00759371623905
-0.00798743140355
-0.00596973821809
-0.00442589007898
-0.00623080750424
-0.00720759827735
-0.00894763613353
-0.00743037405267
-0.0078214835254
-0.00580149741868
-0.00429814052555
-0.00606092504713
-0.00704949264305
-0.0087864425459
-0.00726630851253
-0.00765481077798
-0.00563253080828
-0.00640323441311
-0.00717084830212
-0.0067525568109
-0.00638774516577
-0.00480479248616
-0.0085789043486
-0.00408859957738
-0.00661441904641
-0.00703662123483
-0.00661856545424
-0.00625427942764
-0.00467213212422
-0.00844731397547
-0.00396388290321
-0.00646130477011
-0.00690161686175
-0.00648379746936
-0.00612003858521
-0.00453869902771
-0.00831495408066
-0.003839355998
-0.00632090044509
-0.00676583857745
-0.00634825623601
-0.00598502598532
-0.00440449649329
-0.00818182789466
-0.00371404919381
-0.00619641880422
-0.00662928977604
-0.0062119451336
-0.00584924497466
-0.00426952781776
-0.00804793864843
-0.00358796555601
-0.00607116328443
-0.00774032421787
-0.00607486754091
-0.00571269889949
-0.0056490758218
-0.00791328957317
-0.00346110815279
-0.00764097379649
-0.00760224456142
-0.0059370268358
-0.00557539110535
-0.00551258475359
-0.00777788390005
-0.00333348005485
-0.00751417957131
-0.00746340456478
-0.00579842639494
-0.00543732493679
-0.00537533743272
-0.00764172485993
-0.0032050843352
-0.00738662052493
-0.00732380761751
-0.00565906959357
-0.00529850373714
-0.00523733715381
-0.00750481568313
-0.00307592406885
-0.00725829968144
-0.00718345710741
-0.00551895980522
-0.00515893084821
-0.00509858721029
-0.00736715959917
-0.00294600233261
-0.00712922006691
-0.00704235642018
-0.00537810040145
-0.00501860961007
-0.00495909089415
-0.00722875983653
-0.00281532220474
-0.00699938470916
-0.00690050893924
-0.0052364947516
-0.00637750821639
-0.00481885149569
-0.00708961962241
-0.00443205746845
-0.00686879663751
-0.0067579180454
-0.00509414622255
-0.00623570029172
-0.00467787230326
-0.00694974218246
-0.00429986979698
-0.00673745888255
-0.00661458711668
-0.00495105817843
-0.00609315402499
-0.00453615660302
-0.00680913074058
-0.00416693297529
-0.00660537447585
-0.00647051952804
-0.00480723398043
-0.00594987274673
-0.00439370767875
-0.00666778851866
-0.007512119881
-0.00647254644977
-0.00632571865112
-0.00466267698654
-0.00580585978451
-0.00800272688183
-0.00652571873637
-0.00737769400459
-0.0063389778372
-0.00618018785402
-0.00451739055129
-0.00566111846267
-0.0078588213499
-0.0063829246109
-0.00724252822401
-0.00620467167134
-0.00603393050108
-0.00982654971496
-0.00551565210212
-0.00771419242836
-0.00792838612892
-0.00710662562117
-0.00606963098545
-0.00588694995264
-0.00967981444574
-0.00536946402008
-0.00756884338898
-0.00481481905578
-0.00696998927757
-0.00593385881264
-0.00573924956481
-0.00953235977585
-0.00522255752988
-0.00742277749997
-0.0046698711761
-0.00683262227404
-0.00579735818564
-0.00559083268922
-0.00938418904381
-0.00507493594074
-0.00727599802576
-0.00452421179307
-0.00669452769054
-0.00566013213655
