-0.00307884943813
-0.00237407066691
-0.00131158143248
-0.00064422725282
-0.00267392307592
-0.000626057710361
-0.00248402956887
-0.00307837269093
-0.00237829049936
-0.00132027654064
-0.000652769078814
-0.00268229149708
-0.000634236783296
-0.00249200738306
-0.00307660991976
-0.0023858529439
-0.0013277283626
-0.000660089507394
-0.00268946328497
-0.000641246266178
-0.00249884435394
-0.00307356122177
-0.0023921532734
-0.00133393651406
-0.000666188174212
-0.00269543809698
0.00158771767356
-0.00250454018468
-0.000847300649569
-0.00239719115309
-0.00133890067473
-0.000671064775622
-0.00270021564758
0.00158304827712
-0.0025090946279
-0.000841680672911
-0.0024009663152
-0.0013426205884
-0.000674719068748
-0.00270379570841
0.0015795492704
-0.00251250748574
-0.000834775485954
-0.00240347855901
-0.00134509606307
-0.00067715087155
-0.00270617810828
0.00157722081322
-0.0025147786099
-0.000826585468975
-0.0001828016355
-0.00134632697091
-0.000678360062865
-0.00270736273326
0.00157606301193
-0.000281665976502
-0.000817111072815
-0.00018278770913
-0.00134631324838
-0.000678346582441
-0.00270734952672
0.00157607591943
-0.000305053981074
-0.000806352818751
-0.000181510665192
-0.00134505489618
-0.00067711043095
-0.00270613848927
0.00157725953514
-0.000375139128575
-0.000794311298357
-0.000178970571598
-0.00134255197929
-0.000674651669988
-0.00270372967883
0.00157961380497
-0.0004441424699
-0.000780987173342
-0.000175167563416
0.00088312148852
-0.000670970422059
-0.0027001232106
0.00158313862139
-0.000512061155384
-0.000766381175365
-0.000170101842832
-0.00256322588626
-0.000666066870546
-0.002695319257
0.00158783382341
-0.000578892370373
-0.000750494105835
-0.000163773679096
-0.00255699030745
-0.000659941259665
-0.00268931804768
-0.00226404560006
-0.000644633335767
-0.000733326835696
-0.000156183408452
-0.00254951106591
0.00157317672064
-0.00268211986942
-0.00233005729638
-0.000709281308554
-0.000714880305184
-0.000147331434046
-0.00254078854737
0.0015817454746
-0.00267372506609
-0.00239495244467
-0.000772833582348
-0.000695155523576
-0.000137218225823
-0.00253082320148
0.00159153519097
-0.00266413403855
-0.00245872820858
-0.000835287487916
-0.000674153568911
-0.0001258443204
-0.00251961554166
0.00160254538296
-0.00267527657999
-0.00252138179135
-0.000896640393703
-0.000651875587697
-0.000113210320924
-0.00250716614502
0.0016147755034
-0.000507526383155
-0.00258291043633
-0.000956889706354
-0.000628322794604
-9.93168969107e-05
-0.0024934756522
0.0016282249449
-0.000569062972846
-0.00264331142757
-0.00101603287123
-0.000603496472132
-8.41647840722e-05
-0.00247854476718
0.00164289303994
-0.000629449778038
-0.0027025820904
-0.00107406737293
-0.00370349994797
-0.00293870132524
-0.00394279013641
-0.0011699777044
-0.000475702673049
-0.00404906605928
-0.0035095265769
-0.00373865153845
-0.00297440655681
-0.00175396735278
-0.00120372475374
-0.000509989497969
-0.00408377859315
-0.00354453658963
-0.00377259770287
-0.00078695525565
-0.00178583370814
-0.00123620494985
-0.0047017585119
-0.00411718894524
-0.00357823355088
-0.00158340320742
-0.000820210943981
-0.00181645490434
-0.00126741653211
-0.00473347026323
-0.00414929520059
-0.00361061549643
-0.00161493357274
-0.000852239298836
-0.00184582934016
-0.00129735780557
-0.00476389177772
-0.00418009551546
-0.00364168053501
-0.00164525367817
-0.00279017963921
-0.00187395547698
-0.00132602714143
-0.00479302134749
-0.00420958811784
-0.00367142684885
-0.00167436202624
-0.00281974850025
-0.0019008318392
-0.00135342297748
-0.00482085733436
-0.00423777130793
-0.00369985269422
-0.00170225717699
-0.00284808532091
-0.0019264570146
-0.00137954381849
-0.00484739817032
-0.00426464345867
-0.00372695640192
-0.00172893774835
-0.00287518865283
-0.00195082965474
-0.00140438823665
-0.00487264235794
-0.00429020301616
-0.00375273637775
-0.00175440241645
-0.00290105710856
-0.00197394847529
-0.00550479429663
-0.00489658847082
-0.00431444850014
-0.00377719110301
-0.00177864991597
-0.00292568936192
-0.00199581225636
-0.00552708185723
-0.00491923515395
-0.00433737850436
-0.00380031913491
-0.00180167904041
-0.00294908414836
-0.00201641984283
-0.00554808911977
-0.00494058112413
-0.00435899169707
-0.00382211910702
-0.00182348864246
-0.00297124026525
-0.00203577014464
-0.00556781492977
-0.00496062517032
-0.00437928682131
-0.00384258972965
-0.0018440776342
-0.00299215657219
-0.0020538621371
-0.00558625820187
-0.00497936615396
-0.00439826269534
-0.00386172979022
-0.00186344498742
-0.00301183199132
-0.00207069486114
-0.00560341792021
-0.00499680300931
-0.00441591821297
-0.00387953815364
-0.00188158973388
-0.00303026550758
-0.00208626742358
-0.00561929313865
-0.00501293474375
-0.00443225234383
-0.0016688070482
-0.00189851096552
-0.00304745616897
-0.00615345456085
-0.00563388298103
-0.00502776043805
-0.00221313210463
-0.00168394892364
-0.00191420783469
-0.00306340308682
-0.00616650438519
-0.00564718664145
-0.00280868762509
-0.00222682067586
-0.0016977561648
-0.00192867955439
-0.00307810543598
-0.00617829176591
-0.00343353987152
-0.00282089877634
-0.00223918522733
-0.00171022794962
-0.00194192539845
-0.00309156245505
-0.00396689368536
-0.00344426903232
-0.0028318015727
-0.00225022503491
-0.001721363535
-0.0019539447017
-0.000881847331134
-0.00397615436327
-0.00345371001697
-0.00284139539092
-0.00225993945162
-0.00173116225696
-0.00753642422354
-0.00792441574131
-0.00605473538827
-0.00492658425859
-0.00712095080554
-0.00734159976512
-0.00580159069927
-0.00416478127678
-0.00465115795894
-0.00707517696604
-0.0073594412902
-0.00560394528258
-0.0060119951387
-0.00835514811203
-0.00855626148898
-0.00507954488224
-0.00507080182196
-0.00326445969732
-0.00572799179981
-0.00602517295184
-0.00398989699655
-0.00674456923895
-0.00713511763359
-0.00520926645463
-0.00546680379287
-0.00766211755395
-0.00792184176459
-0.00638631780166
-0.00475341262309
-0.00524307474221
-0.00766972737699
-0.00795594634554
-0.00613330766849
-0.00517779114517
-0.00326003229928
-0.0077441303411
-0.005615197616
-0.00560639949575
-0.00385001148068
-0.00631633885731
-0.00661560436079
-0.00458167855433
-0.00733078535451
-0.00770872750872
-0.0057804036467
-0.00598497004442
-0.0039212443456
-0.00848042398495
-0.00694927401357
-0.00754210261417
-0.00443678520423
-0.00687925149491
-0.00716737836785
-0.0052735563621
-0.00568656951372
-0.00377065196174
-0.0082559709797
-0.00612762536734
-0.00612664922667
-0.00441286302493
-0.00688191430065
-0.00718321128192
-0.00515060153464
-0.007907204931
-0.00826068989327
-0.0063341981766
-0.00652860129172
-0.00303612722326
-0.00764501575731
-0.00611582982931
-0.00671236371104
-0.00498437324838
-0.00742934115584
-0.00771932527286
-0.00575645658155
-0.00617182550548
-0.00425768485197
-0.00874418227027
-0.00661640333354
-0.00666305207183
-0.00375052136612
-0.00627408828846
-0.00657735940541
-0.00453912017023
-0.00281812155746
-0.00741104895866
-0.00548511969292
-0.00568070102548
-0.00355106225882
-0.00815904473244
-0.0066339843602
-0.00723411247669
-0.00550914873853
-0.00368154646384
-0.00824833106282
-0.00621551890787
-0.00663315242856
-0.00347876889783
-0.00801994671091
-0.00588589074745
-0.00598072199577
-0.00426660223201
-0.00244684503887
-0.00709791577925
-0.00506091567566
-0.00335081114606
-0.00792391903757
-0.00599430017563
-0.00619102332744
-0.00406193081738
-0.008650194233
-0.00712912199196
-0.00773272553079
-0.00601068912918
-0.00290858548817
-0.00752502319624
-0.00548100047089
-0.00583469590936
-0.0039174071266
-0.00845966995179
-0.00632613581745
-0.00646967493638
-0.00475862856263
-0.00517370680285
-0.0075942618569
-0.00555845800392
-0.00386102790441
-0.00843594279349
-0.00648057641202
-0.00667840255116
-0.00454983775026
-0.00484830064803
-0.00633615209674
-0.00694310448225
-0.00521778553679
-0.00338874092285
-0.0080068600441
-0.00596391751893
-0.00624699134936
-0.00433126164799
-0.00453928753549
-0.00674152204258
-0.00698451466998
-0.00522616740284
-0.00470339248029
-0.00717978579537
-0.00514390953656
-0.00434837653386
-0.00892503732334
-0.00564788643513
-0.00584677430197
-0.00371314818924
-0.00399128515075
-0.00678406835421
-0.0073942352892
-0.00567162512264
-0.00607453245514
-0.00846448831687
-0.00642258332114
-0.00663421139271
-0.004719960143
-0.00492896688904
-0.00623655813744
-0.00654258072344
-0.00472856606117
-0.00514829979498
-0.00762639268145
-0.00559161808153
-0.00571282498778
-0.00379968448754
-0.00608720523934
-0.00628711116467
-0.00415397218105
-0.0044114955081
-0.00720780200322
-0.00782104155159
-0.00610102109162
-0.00650600707058
-0.00457460029603
-0.00586760543442
-0.00600701425375
-0.00409030408538
-0.00430023571717
-0.00670595889673
-0.00701374364072
-0.00514588015846
-0.00556778363429
-0.00364486899361
-0.00601377163025
-0.00615328881543
-0.00424176054345
-0.00652566407164
-0.00670337088687
-0.00462593552634
-0.0048073309811
-0.00760698863472
-0.00718799003062
-0.00546553318172
-0.0058724974159
-0.00393741034938
-0.00627657223209
-0.00635907009554
-0.00442763829296
-0.00463843634871
-0.00715041534551
-0.00745988744847
-0.00553748562658
-0.00596144573293
-0.00404006657511
-0.00580377056776
-0.00656975788745
-0.00465976934378
-0.00694471144156
-0.00607183077146
-0.00407155993829
-0.00420003149773
-0.00257385358021
-0.0075650459907
-0.00584492163349
-0.00625375865626
-0.00432006331484
-0.00666011961817
-0.00674300399272
-0.00473880026738
-0.00499125884392
-0.00317671860997
-0.00721584961984
-0.00524279406115
-0.00566869203152
-0.00375353569591
-0.0084024922992
-0.00582858785366
-0.00391338898906
-0.00625452156549
-0.00658357614513
-0.00458472906641
-0.00471398474127
-0.00292291186383
-0.0079167067241
-0.00619877703745
-0.0066093764507
-0.00467699094517
-0.00701788910953
-0.00638388108065
-0.00430939437208
-0.00468394370389
-0.00285930422618
-0.00761072480277
-0.00558187358228
-0.00600958518217
-0.00409578324728
-0.00874561810193
-0.00619602734992
-0.00428221222847
-0.00236713922706
-0.00707163757883
-0.00507416460103
-0.00520417710367
-0.00324642169997
-0.00824264822191
-0.00652676952229
-0.00616939913674
-0.00424003360622
-0.00443410474594
-0.00671587230854
-0.00469627346725
-0.00508704071997
-0.00322652504321
-0.00797938258309
-0.00595107571655
-0.00632356992229
-0.00441102584097
-0.00461605927748
-0.00653846182452
-0.00463498906636
-0.0050629557234
-0.00753559972825
-0.00553944795998
-0.00484837706632
-0.00272271097196
-0.00777124480839
-0.00605897119865
-0.00647274538669
-0.00454451538425
-0.00473931646123
-0.00702139949631
-0.00507150732581
-0.00546410297029
-0.0035672557025
-0.00832145843739
-0.00588661186247
-0.00620291379427
-0.00429784629333
-0.00453148091171
-0.00697878669399
-0.00423125663537
-0.00462676677052
-0.00715282939681
-0.00515836089668
-0.00528979804714
-0.00309739969747
-0.0036225358469
-0.00633432567619
-0.00674950339716
-0.0048223168394
-0.00501778870518
-0.00730016166007
-0.00542045021999
-0.00536876240282
-0.00344185559408
-0.00375849221889
-0.00620257154311
-0.0064621428391
-0.00455812907541
-0.00482049331276
-0.00654965541017
-0.00467700629813
-0.00503959837191
-0.00756739428828
-0.00557413161549
-0.00570623305574
-0.00356262812748
-0.00386956977995
-0.00658294716541
-0.00699940038244
-0.00458344295118
-0.00477952450282
-0.00709916056061
-0.00529675855608
-0.00569266813252
-0.00375182681054
-0.00404639312298
-0.00649121814127
-0.00669357275761
-0.00479050564437
-0.00508169777433
-0.00696883511365
-0.00509801620665
-0.00542724930362
-0.00354292466912
-0.00596456942852
-0.006097300831
-0.00346441654512
-0.00365542003233
-0.00630792299249
-0.00672551993993
-0.00480707982361
-0.00500370815003
-0.00286236659687
-0.00781736287483
-0.00598949281481
-0.00404972023198
-0.00430674619245
-0.00675225027023
-0.00689695715076
-0.00470783362817
-0.00502792082284
-0.00736298872778
-0.00549390775442
-0.00578936347056
-0.00331470839077
-0.00578370765959
-0.00591703302075
-0.00387947251434
-0.00407145319672
-0.00650236524505
-0.00692097076095
-0.00500328063188
-0.00520039117446
-0.00311472278702
-0.00808545176303
-0.0062589310182
-0.00402296543083
-0.00424408694206
-0.00669648131553
-0.00692028853731
-0.00492619788165
-0.00523269491678
-0.00712758637557
-0.00526613587505
-0.00552742017633
-0.00365239797272
-0.00834955123217
-0.00625628861191
-0.00426885104582
-0.00446175761407
-0.00687171225726
-0.00711068349521
-0.00517184359249
-0.00505249340095
-0.00304096559843
-0.0080223692435
-0.00620039840212
-0.00426561843179
-0.00454386425831
-0.00696433053661
-0.00725662274272
-0.00526352143281
-0.00540890185148
-0.00747062896378
-0.00561071842169
-0.00587079052625
-0.00396378978994
-0.00866188156802
-0.0065691361037
-0.00463217983868
-0.00482595845097
-0.00247235416404
-0.00718284524194
-0.00508891788546
-0.00519359243635
-0.00325235943933
-0.00823513233278
-0.00641424552408
-0.00452838309263
-0.00481589806251
-0.00276663327693
-0.00756533437056
-0.00557314875731
-0.00540539786951
-0.00778762179362
-0.00592914582007
-0.00619023732668
-0.0042485803642
-0.00859870437821
-0.00654645124535
-0.00463047702555
-0.00482507139301
-0.00283820337786
-0.00754979875131
-0.00545646274171
-0.00547185333662
-0.0034359134498
-0.0084198812511
-0.00659994053244
-0.00477148138827
-0.00505989669744
-0.00274830829015
-0.00756484054822
-0.00557349317844
-0.00568741070134
-9.33987032124e-06
-0.00242118836664
0.00155150133181
-0.000965506391483
-0.00044956285179
-0.00129189794597
-0.000766564193079
-3.59909822814e-06
-0.00241552752328
0.00153733678069
-0.000979498206811
-0.000463345123706
-0.001305439062
-0.000779838004119
-0.00288829758231
-0.00240866042074
0.00152435907605
-0.000992317593433
-0.000475972459678
-0.00131784537754
-0.000791999337994
-0.00288011060882
-0.00240058739216
0.0015125688287
-0.00100396396261
-0.000487444296995
-0.0013291163589
-0.000803047691956
-0.00287070111666
-0.00239130882905
0.00150196659391
-0.00101443677911
-0.000497760124123
0.000888195474778
-0.000812982609006
-0.000634003730569
-0.00238082518114
0.0014925528713
-0.00102373556139
-0.000506919480816
0.000879196568632
-0.000821803677987
-0.000622150668818
-0.00236913695633
-0.001966934496
-0.00103185988165
-0.000514921958221
-0.00270463704398
-0.000829510533668
-0.000609076677276
-0.00235624472052
-0.00482910504649
-0.00103880936594
-0.000521767198966
-0.00271136232399
0.00136786093557
-0.000594782406461
-0.00012021366885
-0.00483495079307
-0.00104458369428
-0.000527454897242
-0.00271695033145
0.00131792560187
-0.000579268567078
-0.000104915340189
-0.0048396065877
-0.00104918260071
-0.000531984798874
-0.00272140082531
0.00126907638386
-0.000562535929845
-9.73142891263e-05
-0.00484307221053
-0.00105260587334
-0.000535356701369
-0.00272471361355
0.00122131525829
-0.000544585325301
-0.000152427512313
-0.00488091563652
-0.00105485335442
-0.000537570453971
-0.00272688855319
0.00117464416247
-0.000525417643601
-0.000206374465031
-0.00271225223086
-0.00105592494036
-0.00334353392782
-0.00272792555037
0.00112906499397
-0.000521178955145
-0.000259152614144
-0.00276436914509
-0.00105582058178
-0.00334343113545
-0.00272782456032
0.00108457961021
-0.000592292049016
-0.000310759474294
-0.00281532855553
-0.00105454028347
-0.00334217005159
-0.0027265855874
0.00104118982811
-0.000662250181192
-0.000361192608459
-0.00286512811394
0.0011698503929
-0.00333975073264
-0.00272420868509
0.000998897423694
-0.000731050052764
-0.00041044962851
-0.0029137655194
0.00112341359525
-0.00333617328678
-0.00272673847138
0.000957704131794
-0.000798688407176
-0.000458528195753
-0.00296123851881
0.00107667466519
-0.00333143787394
-0.00276742423804
-0.00159710459212
-0.00086516203094
-0.000505426021459
-0.00300754490739
0.00103108517894
-0.0033255447058
-0.00280699181544
-0.00163609462115
-0.000930467754344
-0.000551140867397
-0.00305268252915
0.000986647195407
-0.00109572694597
-0.00284543952276
-0.00167398058396
-0.000994602452156
-0.000595670546345
-0.00309664927744
0.000943362726254
-0.00110079424686
-0.00288276572354
-0.00171076091401
-0.00221268791105
-0.00154179239132
-0.000786046268751
-0.00606792856171
-0.00545277104977
-0.00509672203694
-0.00478883667368
-0.00220425997048
-0.00153322708551
-0.000780453945374
-0.00606224366828
-0.00547477905571
-0.0051190893592
-0.00481149475515
-0.00219466554486
-0.00152347631981
-0.000773657251639
-0.0060553344876
-0.00549554851848
-0.00514019812271
-0.00483287808853
-0.00221424147893
-0.0015125405513
-0.000765656516245
-0.00604720136497
-0.00551507837003
-0.0051600472064
-0.00262314035732
-0.00225952205257
-0.00155682096562
-0.000756452125964
-0.00603784470665
-0.00553336760497
-0.00294381434708
-0.00264197076712
-0.00230366020006
-0.00160166063221
-0.000746044525555
-0.00602726497984
-0.00331957920224
-0.002961140971
-0.00265952313818
-0.00234665395534
-0.00164533851034
-0.00480000743313
-0.00379113751009
-0.0033353844395
-0.00297720494715
-0.00267579651084
-0.00238850139899
-0.00168785258885
-0.00259745251132
-0.00377811329082
-0.00334994642216
-0.00299200541882
-0.00269078999452
-0.00242920065863
-0.0017292009057
-0.00263934028512
-0.00376386776875
-0.00336326439774
-0.003005541596
-0.00270450276795
-0.00246874990935
0.000452546429674
-0.00268004572692
-0.00375132073187
-0.00337533767748
-0.00301781275558
-0.00271693407938
-0.000285219395999
0.000413535323546
-0.00271956690125
-0.00376194243469
-0.00338616563659
-0.00302881824156
-0.00272808324684
-0.000322463345963
0.000375695566064
-0.0027579019249
-0.00377134193813
-0.00339574771433
-0.00303855746521
-0.00273794965825
-0.000358552100967
0.000339028918448
-0.00279504896738
-0.00377951877355
-0.00340408341424
-0.00304702990525
-0.00274653277164
-0.000393484029833
-0.00374935151133
-0.00472666864844
-0.00378647253305
-0.00341117230418
-0.00305423510794
-0.00275383211528
-0.000427257550744
-0.00378366686088
-0.00476143444999
-0.0037922028696
-0.00341701401652
-0.00306017268725
-0.00275984728783
-0.000459871131597
-0.00381680412584
-0.00479500709929
-0.00379670949715
-0.00342160824819
-0.00306484232496
-0.00276457795841
-0.00049132329034
-0.00384876175222
-0.00482738498082
-0.00379999219064
-0.00342495476077
-0.00306824377072
-0.00276802386673
-0.000521612595312
-0.00387953823877
-0.00485856653378
-0.00380205078612
-0.00342705338055
-0.00307037684212
-0.00277018482315
-0.000550737665553
-0.0039091321373
-0.00488855025248
-0.00380288518076
-0.00342790399859
-0.00307124142476
-0.00277106070872
-0.00463158670447
-0.00393754205303
-0.00491733468668
-0.00380249533287
-0.00342750657072
-0.00307083747227
-0.00277065147521
-0.00465837936674
-0.00396476664493
-0.00494491844193
-0.00380088126193
-0.00342586111757
-0.00306916500632
-0.00276895714517
-0.00477820977561
-0.00473039584006
-0.00478332211404
-0.00734876133397
-0.0074023592893
-0.0075439562569
-0.00764359598292
-0.00470498625611
-0.00465563826312
-0.00715631621466
-0.00728053051749
-0.00733262442285
-0.00748487795128
-0.00758312917882
-0.00463106607913
-0.0045801713684
-0.00708885448219
-0.00721155062029
-0.00726212585543
-0.00742500537049
-0.00752185102329
-0.0045564505155
-0.00450399650448
-0.00702065967913
-0.00714182300211
-0.00719086503497
-0.00736433982366
-0.00589980412386
-0.00448114084488
-0.00442711502915
-0.00695173309134
-0.0070713490341
-0.00711884342136
-0.00952481526903
-0.00583690748295
-0.00440513835564
-0.00434952830926
-0.00688207601545
-0.00700013009868
-0.00704606248627
-0.009462567775
-0.00577320373839
-0.00432844434478
-0.00427123772063
-0.00681168975871
-0.0069281675894
-0.00919593900731
-0.00939953132821
-0.00570869433614
-0.00425106011782
-0.00419224464792
-0.0067405756389
-0.00907816202404
-0.00913360092685
-0.00933570729459
-0.00564338073694
-0.00417298698871
-0.00411255048457
-0.00889502900251
-0.0090047165917
-0.00907049323731
-0.00927109705392
-0.00557726441616
-0.00409422627969
-0.00625845065096
-0.00882246315136
-0.00893053183182
-0.00900661724014
-0.00542381057179
-0.00551034686361
-0.00624610341279
-0.00617735852101
-0.00874917345242
-0.00885560918129
-0.00894197424961
-0.00535763211113
-0.0054426295834
-0.00616597154352
-0.00609556953205
-0.00867516126438
-0.00877995008752
-0.00887656559275
-0.00529067166452
-0.00537795923901
-0.00608515611003
-0.00601308511136
-0.00860042795589
-0.00870355600831
-0.00881039260919
-0.00522293066577
-0.00533043966753
-0.00600365846685
-0.00592990669445
-0.00852497490544
-0.0086264284117
-0.00874345665101
-0.00515441056184
-0.00528210084004
-0.00592147997631
-0.00584603572487
-0.00844880350121
-0.0085485687759
-0.00867575908267
-0.00508511281268
-0.0052329438653
-0.00583862200846
-0.00576147365417
-0.00837191514098
-0.00846997858909
-0.00860730128084
-0.00501503889111
-0.00518296986885
-0.00575508594097
-0.00567622194173
-0.00829431123204
-0.00839065934933
-0.00478172052837
-0.00494640151021
-0.00513217999276
-0.00567087315899
-0.00559028205469
-0.00821599319101
-0.00834039620538
-0.00474268616409
-0.00489601126638
-0.0050805753956
-0.0055859850551
-0.00550365546782
-0.00813696244377
-0.00830147054484
-0.00470286519669
-0.00484482546724
-0.00502815725227
-0.00550042302916
-0.00542011860858
-0.00805722042535
-0.00826177615221
-0.00466225846129
-0.00479284522349
-0.00497492675388
-0.00541418848825
-0.00788584584343
-0.00797757920835
-0.00822131382252
-0.0046208668083
-0.00474007166093
-0.00492088510762
-0.00888716455748
-0.00601777885279
-0.00829381895106
-0.00851328378401
-0.00547223838735
-0.0077942962988
-0.00771269423284
-0.00879800597588
-0.00592834990176
-0.00820421653991
-0.00843604519922
-0.00539487624052
-0.00771689650365
-0.0076353430798
-0.00870822107391
-0.00806021642615
-0.00504736731014
-0.00835816075729
-0.00531686735225
-0.00763884969776
-0.00755734526396
-0.00861781113844
-0.0079695330808
-0.00495650855762
-0.00827963161733
-0.00523821288694
-0.00756015704715
-0.00747870194926
-0.00852677746173
-0.00787822449044
-0.00486502359716
-0.00820045894525
-0.00515891401581
-0.00748081972465
-0.00739941430645
-0.00843512134138
-0.00778629196365
-0.00478092897471
-0.00812064391365
-0.00730328687466
-0.00740083890986
-0.007319483513
-0.00527662841605
-0.00769373681425
-0.00470732405563
-0.00804018770178
-0.00722270273238
-0.00732021578898
-0.00723891075302
-0.00518373132204
-0.00760056036125
-0.00463307234008
-0.00795909149544
-0.00714147773799
-0.00723895155485
-0.0071576972172
-0.00731214275502
-0.00750776414354
-0.00455817492918
-0.00787735648689
-0.00705961308916
-0.00715704740675
-0.00707584410274
-0.00721800993952
-0.00743240379925
-0.00448263293109
-0.00779498387482
-0.00697710998995
-0.00707450455041
-0.00699335261322
-0.00712326124528
-0.00735640131881
-0.00440644746094
-0.00993425208825
-0.00689396965077
-0.00699132419791
-0.00691022395856
-0.00702789800013
-0.00727975781655
-0.00432961964075
-0.00985060789031
-0.0068101932883
-0.00690750756756
-0.00682645935495
-0.00694493098164
-0.0072024744136
-0.00425215059939
-0.00976632972244
-0.00672578212538
-0.00682305588387
-0.00674206002476
-0.00686727829015
-0.00712455223779
-0.00417404147243
-0.00968141880811
-0.00664073739095
-0.00673797037746
-0.0088894539739
-0.00678898984414
-0.00704599242359
-0.00409529340215
-0.0095958763768
-0.00655506031996
-0.00665225228495
-0.00880378888189
-0.00671006677343
-0.00696679611204
-0.00623784017211
-0.00950970366391
-0.00646875215331
-0.00656590284892
-0.00871749276661
-0.00663051021431
-0.00688696445068
-0.00615781766825
-0.00942290191068
-0.00638181413776
-0.00647892331781
-0.00863056687434
-0.00655032130944
-0.00680649859344
-0.00607715968712
-0.00933547236414
-0.00629424752585
-0.00639131494584
-0.00854301245712
-0.00646950120777
-0.00672539970062
-0.00599586739689
-0.00924741627698
-0.00620605357581
-0.00853550577041
-0.0084548307727
-0.00638805106449
-0.00664366893877
-0.00591394197205
-0.00915873490752
-0.00611723355151
-0.00521918237271
-0.00836602308443
-0.00630597204096
-0.00656130748064
-0.00583138459328
-0.00906967061085
-0.00602778872235
-0.00512969506015
-0.00827659066124
