0.00404254273012
0.00148719195909
0.00264467434634
3.85258413379e-05
0.00132529658928
-0.000632008372365
0.000560951687219
0.00399938013717
0.00144312742735
0.0025605970609
-4.7166186775e-05
0.00123911150377
-0.00071750600865
0.000505940178875
0.00395844690088
0.00140133696064
0.000583176808583
-0.000130619077327
0.0011551762202
-0.000800768722392
0.000453264128605
0.00391974995248
0.00136182792889
0.00249742735213
-0.000211817611236
0.00107350620804
-0.000881781392544
0.000402933459898
0.00388329587101
0.00132460732904
0.00242000488495
-0.000290746847882
0.000994116655678
0.00129256690956
0.000354957706986
0.00384909087778
0.00126905675913
0.00234482879281
-0.000367392137394
0.000917022457807
0.00121609856789
0.000309346006169
0.00381714083122
0.00119840165908
0.00227191264919
-0.000441739132903
0.000842238202877
0.00114192391979
0.000266107087423
0.00378745122195
0.00112995733923
0.00220126972418
-0.000513773802714
0.000769778160582
0.00107005690383
0.000225249266307
0.00376002716811
0.00106373562528
0.00213291297343
-0.000583482442392
0.000699656269451
0.00100051113287
0.000186780436199
0.00516896488961
0.000999748039337
0.00206685502722
-0.000650851686728
0.000631886124556
0.000933299882194
0.000150708060859
0.00333133669787
0.000938005790533
0.00200310817959
0.00127803699849
0.000566480965349
-0.00167296068909
0.00240398326702
0.00331073623103
0.000878519765877
0.00194168437774
0.00121538522452
0.000503453663658
-0.00173546448199
0.00231829921442
0.00329241798503
0.000821300521206
0.00188259521151
0.0011551107886
0.000442816711866
-0.00180336270646
0.00223486581076
0.00327638515653
0.000766358272332
0.00182585190307
0.00109722558234
0.000384582211298
-0.00188035878154
0.00215369842833
0.00326264054825
0.000713702886387
0.00177146529689
0.00104174110077
0.000325670509464
-0.00196020012778
0.00207481215652
0.00325118656658
0.000663343873372
0.00171944584986
0.000988668431476
0.000258419627124
-0.00203772179617
0.00199822178929
0.00324202521942
0.00197991217737
0.00166980362167
0.000938018244062
0.00226952099657
-0.00211290879143
0.00192394181271
0.00323515811448
0.00193417297083
0.00162254826553
0.000877667669023
0.00220706640703
-0.00218574644616
0.00185198639245
0.00323058645782
0.00189075644344
0.00157768901914
-0.00151698434722
0.00214702913443
0.00134041673126
0.00178236936156
0.00322831105285
0.00184967059695
0.0015279891798
-0.00157418748102
0.00208942142203
0.00127232038314
0.00171510420816
0.00322833229956
0.00181092303745
0.00147436197121
-0.0016289651572
0.0020342550955
0.00120661528069
0.00165020406342
-0.000972363840708
-0.00373428004955
-0.00301176600558
-0.00227093018043
-0.00189095591437
-0.00183836083993
-0.00543192783153
-0.00442584009953
-0.00377758681994
-0.0030589989481
-0.00234007459114
-0.00196005109001
-0.00186606906707
-0.00546195430375
-0.00452473667552
-0.00381742258047
-0.00310245968962
-0.00240522562504
-0.00204214517338
-0.00188874779286
-0.00548653656007
-0.00462071070336
-0.00388870525031
-0.00314212705761
-0.00246634660531
-0.00211995564646
-0.0019063777137
-0.00328372229798
-0.00248969679446
-0.00398958426703
-0.00317798158904
-0.00252340271447
-0.00219343087509
-0.00191894375514
-0.00329734781189
-0.00257973398277
-0.00408728547457
-0.00321000557695
-0.0025763610878
-0.00226252133751
-0.00192643513595
-0.00330547161723
-0.00266675798837
-0.00418177165468
-0.00323818311334
-0.00262519090319
-0.00232717977702
-0.00192884541423
-0.00330808550052
-0.00275073977884
-0.00205107944513
-0.00330433024499
-0.00266986346691
-0.00238736135135
-0.00192617251504
-0.00330518681557
-0.00283165098203
-0.00213902665571
-0.00337612875974
-0.00271035229485
-0.00244302377802
-0.00191841873934
-0.00330179668843
-0.00290946392853
-0.00222365144538
-0.00344422639103
-0.00276671151013
-0.00249412747447
-0.00190559075407
-0.00329842056172
-0.00298415169398
-0.002304919639
-0.00128355403528
-0.00283706688876
-0.00254063569195
-0.00188769956357
-0.00328953742645
-0.00305568814123
-0.0023827979744
-0.00134415214213
-0.00290334154701
-0.00258251464236
-0.00188745009576
-0.00331628791357
-0.00312404796197
-0.0024572541633
-0.00140095458098
-0.00296549644375
-0.0026197336168
-0.00196339029934
-0.00340370490348
-0.0031892067179
-0.00252825695173
-0.001462141938
-0.000795148556207
-0.00265226509514
-0.00207941234169
-0.00165387145254
-0.00325114088124
-0.00259577617984
-0.00154757396506
-0.000848954802941
-0.00268008484549
-0.00219104563417
-0.00173100738387
-0.00330982787436
-0.00265978284094
-0.00162933290139
-0.00089853641517
-0.000507610495909
-0.00229820538818
-0.00180288866567
-0.00336524610847
-0.00272024913928
-0.00170737859749
-0.000943862851476
-0.000602042229111
-0.00240080814651
-0.00186944417218
-0.00341737502125
-0.00277714854657
-0.00178167217973
-0.000984905933504
-0.000692123934109
-0.00249877204487
-0.00193781650144
-0.00346619511312
-0.00283045585688
-0.00185217613767
-0.00102163993076
-0.000777792258289
-0.000370089568201
-0.00200102443198
-0.00351168798224
-0.00288014723961
-0.00191885441056
-0.0010806404111
-0.000858985806793
-0.000458537875029
-0.00205876805948
-0.00355383635791
-0.0029262002905
-0.00198167247225
-0.00115405805221
-0.00093564533637
-0.000542114001424
-0.00211098705289
-0.0103755652593
-0.00842375044026
-0.00861145877808
-0.00658367715226
-0.0097941446486
-0.00787591700402
-0.00802501447793
-0.00605376592105
-0.00626199978564
-0.00730651427401
-0.00752304195578
-0.00548776972231
-0.00351249027379
-0.0100536879255
-0.00804310184579
-0.00820252466875
-0.00600745672151
-0.00909506864874
-0.00724606184762
-0.00754722992213
-0.00544963290663
-0.00818943269509
-0.00625068808128
-0.00642401779559
-0.00444210088079
-0.00797075348093
-0.00900557670669
-0.00917258453985
-0.00715908149178
-0.00742307990351
-0.00847236897542
-0.00646670582239
-0.00659639424212
-0.00465817289826
-0.00799039432315
-0.0059639097014
-0.00610153680673
-0.00395900795685
-0.010249914217
-0.00827508311967
-0.0085823080707
-0.00648734334433
-0.0064107181305
-0.00740122620958
-0.00760179164915
-0.00561666264719
-0.00580423347444
-0.00690781512319
-0.00709214028854
-0.0050095132639
-0.00634393228936
-0.0096210222829
-0.00761710442716
-0.00772316422346
-0.0058005378419
-0.00912349273337
-0.00706418608984
-0.00718314576364
-0.00509652862172
-0.00832831837573
-0.00621680389503
-0.00653018753264
-0.00750159296139
-0.00753753485592
-0.00853407152052
-0.00876838548472
-0.0067744525848
-0.00694755421934
-0.00804512662806
-0.0082456619163
-0.00612802039345
-0.00421598597275
-0.00757541367084
-0.00556758350601
-0.00885757550541
-0.00692401555381
-0.0102511609387
-0.00814355827062
-0.0082981240291
-0.00621470507251
-0.00944568039292
-0.00731306928952
-0.00528392756657
-0.00542173539565
-0.0053922451012
-0.00641575629685
-0.00666884875485
-0.00791432315039
-0.00809433421078
-0.00917526576229
-0.00715655938174
-0.00722657752452
-0.00533770781405
-0.00869391233153
-0.00667997204283
-0.00679086801061
-0.00484022629752
-0.00833274000268
-0.00616981388617
-0.00939233146401
-0.00731219477162
-0.00830921025252
-0.00841639812124
-0.00635866965416
-0.00638461261333
-0.00655801634894
-0.00758731511443
-0.00781052362257
-0.00579312123963
-0.00599666263978
-0.00713089980796
-0.00827213705929
-0.00831808610349
-0.00643903833574
-0.00979982650398
-0.00777136455516
-0.0078847753944
-0.0059219318235
-0.0094188586846
-0.00720311223525
-0.00743350825402
-0.00535183559764
-0.0065607261225
-0.00667484687151
-0.00744413692576
-0.00743218590636
-0.00770565917115
-0.00874092573863
-0.00895210099091
-0.00692357905353
-0.00490734229562
-0.00822015837725
-0.00620592804334
-0.00625292720099
-0.00435178310042
-0.00789366585717
-0.00884597730039
-0.00895629080828
-0.0069805564666
-0.0104820011082
-0.00825915881123
-0.00624844473612
-0.00640352443243
-0.00761153856942
-0.0077328540632
-0.00568465049749
-0.00567242325998
-0.00569171086627
-0.0098752876413
-0.0078667523305
-0.00803781220712
-0.00602218564671
-0.00928682751957
-0.00727808091728
-0.00732615627526
-0.00540797959633
-0.00895467363565
-0.00690485976861
-0.00700940122749
-0.00501595182606
-0.00874357133004
-0.00929795991448
-0.00727129689016
-0.00742988724729
-0.00515650906744
-0.00876578129304
-0.00672179385277
-0.00670928429217
-0.00679909630886
-0.00787067947632
-0.0058376080285
-0.0060127609141
-0.00397237983566
-0.0103293374393
-0.00832621080225
-0.00843161247787
-0.00643922459169
-0.00999083341418
-0.0079328855093
-0.00803132978341
-0.00602350071681
-0.00752510953183
-0.00753628007225
-0.00549557207441
-0.0056577362933
-0.00615487001293
-0.00977186571239
-0.00773217597829
-0.00771937855546
-0.00548228173779
-0.00896222076791
-0.00692240817418
-0.00710176551233
-0.00504191643698
-0.00843281635392
-0.0063944502517
-0.00656311194916
-0.0044865519262
-0.0110003995719
-0.00893383564385
-0.00679240169968
-0.00700283412929
-0.00498711951888
-0.00853686667148
-0.00646224581426
-0.00662803756817
-0.00435552890112
-0.00818131780389
-0.00615256973671
-0.00613947963633
-0.00654336487975
-0.010029962742
-0.00798298028777
-0.0081666484208
-0.00608629261289
-0.00947776380851
-0.00742939011818
-0.00762419760118
-0.0054625734587
-0.00925270930419
-0.0071809954734
-0.00503680025624
-0.00795201651705
-0.00594114659364
-0.00951854852674
-0.00739791214585
-0.00756737338122
-0.00529392916502
-0.009127960381
-0.00710363783334
-0.00709025114303
-0.00452114364065
-0.00818628520726
-0.00610797109325
-0.00920562106337
-0.00710367320315
-0.0104957276441
-0.00845932320056
-0.00865884744854
-0.00641404583786
-0.00441742556949
-0.00812201956483
-0.0059706595848
-0.0061482038017
-0.00414632815189
-0.00794030812346
-0.00580141914599
-0.00847363421935
-0.00619924718793
-0.0100417682825
-0.00802191184753
-0.00578355270678
-0.00552894378251
-0.0092010362519
-0.00711461439052
-0.00730719207535
-0.00518081919296
-0.00521120418486
-0.0067855946208
-0.00966508557446
-0.00742000305579
-0.00541404083335
-0.00906388187963
-0.00687105278681
-0.00703082818719
-0.00503572878932
-0.00885795905161
-0.00673639973303
-0.00682199582956
-0.00455299040672
-0.00852982977794
-0.00648390655711
-0.00668831829428
-0.00650717129233
-0.0101863351051
-0.00809129627535
-0.00828845078905
-0.00614507041988
-0.00623653638162
-0.00775641464648
-0.00573788562051
-0.00572572230691
-0.00371544198162
-0.00753678615101
-0.0077678545873
-0.0079204770078
-0.0059303415035
-0.009744680879
-0.00765216401465
-0.00765534012833
-0.00541642476941
-0.00726476407591
-0.00734994582827
-0.00523462412032
-0.00466607909526
-0.00497995602315
-0.00903584079394
-0.00925189910744
-0.0071342996609
-0.00499965533427
-0.00869438919438
-0.00668081438455
-0.00666836161011
-0.00464744782892
-0.00847090747281
-0.00626335095165
-0.00641980957536
-0.00434047977497
-0.00825143570555
-0.00855670974835
-0.008560539483
-0.00633150839894
-0.00818691220115
-0.00829333081084
-0.00616492320315
-0.00557865146092
-0.00589976573305
-0.00730706222754
-0.00756687974813
-0.00547174935092
-0.00334958977981
-0.00963726785927
-0.00758856430965
-0.00760333457105
-0.00554735406229
-0.00936916661118
-0.00722033435276
-0.00737443798728
-0.00519530159703
-0.00916397319426
-0.0070198002255
-0.00480177122565
-0.00480066299013
-0.00907179064351
-0.00920037708677
-0.00705814914599
-0.00645488554273
-0.00678327153065
-0.00822724264512
-0.00627282988837
-0.00639339644145
-0.00427773721033
-0.00810225518004
-0.00599863974661
-0.0060629577365
-0.00647113060578
-0.0102889112884
-0.00815469198415
-0.00829313936028
-0.00605626025261
-0.00782047688347
-0.00787475587443
-0.0056355233001
-0.00563848216935
-0.00753801589928
-0.00767997176962
-0.00559532459869
-0.00729227944343
-0.00762793078768
-0.00918541586824
-0.00718665587466
-0.00728762456511
-0.00516847455141
-0.00899478911622
-0.00685243097096
-0.00694445207699
-0.00490193179774
-0.00879442968716
-0.00666140230174
-0.00680136142406
-0.00689117847021
-0.00873692707962
-0.00879258345194
-0.00642636739932
-0.00643357259375
-0.00836491625093
-0.00850608963665
-0.00650385463015
-0.00559739717845
-0.00360537043741
-0.00770804340772
-0.00569245974604
-0.00819594907303
-0.00601904662309
-0.00989496056035
-0.0078053590404
-0.00778505956213
-0.00574675127373
-0.0096483077314
-0.00751746832099
-0.00543911676266
-0.0053603592743
-0.00727479637442
-0.0073318371229
-0.00490654468289
-0.007183063315
-0.00914717794076
-0.00935509551351
-0.007371260181
-0.00639146525223
-0.00453735061392
-0.0086486519284
-0.00658052545013
-0.00664265788011
-0.00440664470932
-0.00847978691793
-0.00638821650563
-0.00860081343805
-0.00654772600323
-0.0104586401202
-0.00832997637867
-0.00625772734163
-0.00618004467569
-0.00810824239501
-0.00816666504233
-0.00573660089946
-0.00556303146261
-0.00373864810641
-0.00793481077209
-0.00595015003937
-0.00726952203999
-0.00542997030481
-0.00954997124515
-0.00743060844526
-0.00746755837864
-0.0051681036735
-0.00934969763062
-0.00726159852815
-0.00713933447716
-0.00496435939802
-0.00683428052909
-0.00687179643864
-0.00702974080523
-0.00703340984065
-0.00889546596268
-0.00895525685556
-0.00652046954032
-0.00623872141054
-0.00442241787351
-0.0087046044218
-0.00672567332828
0.000659428860215
0.00305366863148
0.00396885852992
0.00189912908969
0.00382775165352
0.0006143566118
0.00250017450221
0.000533065970081
0.00291736003629
0.00382489532904
0.00176157331903
0.00368765237819
0.00048624447529
0.00237047443888
0.00484141759249
0.0027707034327
0.00590923875104
0.00162527556064
0.00354882181879
0.00258646098425
0.00224213373
0.00467497825919
0.00262521074821
0.00576768546457
0.00149024494041
0.00341126952542
0.00246105849926
0.0021151621208
0.00450957464349
0.00248089063711
0.00562735054513
0.00135527489222
0.003275005055
0.00233702498773
0.0019895693444
0.00434521531297
0.00233775176891
0.0054882429469
0.00120908851969
0.00314003796913
0.00221436985968
0.00186536511921
0.00418190887504
0.00219580282678
0.00535037163255
0.00106412900152
0.00300637783191
0.00209310250552
0.00174255914622
0.00401966397585
0.00205505250595
0.00521374557141
0.00092040589984
0.00287403420772
0.00197323229348
0.00162116110625
0.00608042146845
0.0019155095121
0.00507837373759
0.0030113981867
0.0027382918033
0.00185476856689
0.00150118065718
0.00592032573546
0.00177718255962
0.00409667300172
0.0028701766697
0.0025944888613
0.0017377206415
0.00360606787704
0.00576131770233
0.00164008036996
0.00395652042733
0.00273022034865
0.00245196089102
0.00162209780268
0.0034889514773
0.00560340616001
0.00150421166982
0.00381761400857
0.0025915388411
0.0023107179452
0.00150790930264
0.00337328147573
0.00544659993284
0.00136958518938
0.00367996296552
0.00245414177342
0.00217077009047
0.00139516435759
0.00325906740952
0.00529090787731
0.00123620966043
0.00354357652489
0.0023180387786
0.0020321274051
0.00128387214485
0.0031463187783
0.00513633888088
0.00332968701261
0.00340846391797
0.00218323949414
0.00412158759606
0.00117404179995
0.003035045041
0.00498290186061
0.0031850797534
0.00327463437869
0.00204975355975
0.00398558551948
0.00106568241366
0.00292525561284
0.00483060576189
0.00303858759267
0.00314209714144
0.00191759061511
0.003850918894
0.000944015485941
0.00281695986213
0.00410236692066
0.00289330024881
0.00299407673534
0.00178676029753
0.00371759782118
-0.000800566218671
0.00271016710712
0.0039523796075
0.00274922697609
0.00284675173814
0.00165727223954
0.00358563240222
-0.000934242414572
0.00260488661279
0.0038035602079
0.00260637704531
0.00270066078977
0.00152913606647
0.00345503273543
-0.00106654368142
0.0025011275876
0.00365591776628
0.00246475974198
0.00478905863291
0.00140236139399
0.00332580891361
-0.00119745959112
0.00239889918026
0.00261468306817
0.0033498086031
0.00133731969411
-0.00153264541553
-0.000563335354385
-0.00239038614989
-0.00201985772959
0.00253690277453
0.00327611928579
0.00125754974276
-0.00161895237362
-0.000656405895046
-0.00245325854557
-0.00209115056235
0.00239155431054
0.00320449488613
0.00117999145305
-0.00170289622445
-0.00074696408747
-0.00251322027016
-0.00215928806012
0.00224777611444
0.000634930479253
0.0011046584596
-0.00178445989326
-0.000834988792801
-0.000340221232044
-0.00222424619996
0.00210558367832
0.000567468228487
0.00103156411334
-0.00186362663149
-0.000920459235688
-0.000394309113565
-0.00228600185229
-0.000350563174686
0.000502102718254
0.000960721470701
-0.00194038003222
-0.00100335502572
-0.000445435312269
-0.00234453281938
-0.00048953749894
0.000394013370909
0.000892143282989
-0.00201470404537
-0.00108365617889
-0.00049358435279
-0.000174925727822
-0.000626879426663
0.000247197218188
0.000825841985783
-0.002086582993
-0.00116134313901
-0.000538741562194
-0.000226944645088
0.00146489550494
0.000102077207395
0.000761829688499
-0.00215600158434
-0.00123639679907
-0.000580893091536
-0.000275678244639
0.00133086512177
-4.13282974324e-05
0.000700118164092
-0.00222294493076
-0.00130879852248
-0.000620025936436
-0.000321108419899
0.00119851389751
-0.000183000887883
0.000630353612053
-0.00230368546965
-0.00140160687438
-0.000656157047811
-0.000363218171637
0.00106785742051
0.00190088247477
0.000520016291792
-0.00242348354755
-0.00153130750849
-0.000691331614331
-0.000401991638769
0.000938911269354
0.00176273107979
0.000411779637531
-0.00254106288402
-0.00165868235303
-0.000723458248184
-0.000437414127415
0.000811691006439
0.00162636801786
0.00253029767869
-0.00265640044751
-0.00178370304969
-0.000752526852717
-0.000469472138096
0.000686212171457
0.00149181180075
0.00242631759688
-0.00276947333483
-0.00190634131427
-0.00087247621451
-0.000498153390967
0.000562490274653
0.00135908094623
0.00232449310704
-0.00288025878869
-0.00202656895962
-0.0010020484453
-0.000523446848956
0.000440540789961
0.00122819396959
0.00222484218188
0.00275470043719
-0.00214435791941
-0.00112907127157
-0.000545342738736
0.000320379147964
0.00109916937494
0.00210537266593
0.00264855744912
-0.00225968027253
-0.00125351071743
-0.000626341553176
0.000202020728715
0.000972025646197
0.00196911104833
0.00254476911106
-0.00237250826813
-0.0013753329101
-0.000736791884213
8.54808543969e-05
0.000846781237872
0.00183482017664
0.00244335741508
-0.000253287246641
-0.00149450411319
-0.000844250170921
-2.9225218154e-05
0.000723454565587
0.00170252203491
0.00234434411496
-0.000361044084626
-0.00161099076118
-0.000948679171
-0.00778790759985
-0.00765190779661
-0.00752085744939
-0.00739519586882
-0.00317249587692
-0.00714330694014
-0.00701514339574
-0.0077351733491
-0.00759742081837
-0.00746450879547
-0.00733686753259
-0.00312290442296
-0.00710016449734
-0.00697030410301
-0.00768173810489
-0.00754221113958
-0.00740741455552
-0.00727776947398
-0.00308514881892
-0.00705617928963
-0.00692459042563
-0.00762760277001
-0.00748627975375
-0.00734957582564
-0.00542811325845
-0.00528117803917
-0.00701135237991
-0.00687800355467
-0.00757276825745
-0.00742962766553
-0.00729099371404
-0.00537401746123
-0.0052417919838
-0.00696704930201
-0.00683054470174
-0.00751723549042
-0.00737225589062
-0.00551564323592
-0.00533524030511
-0.00520159202309
-0.0069253291325
-0.0067822150988
-0.00746100540219
-0.00731416545567
-0.00545557773336
-0.00529567789375
-0.00516057905994
-0.00911736692539
-0.00673301599806
-0.00740407893608
-0.00725535739821
-0.00539730603166
-0.00525533105386
-0.00511875401414
-0.00907396273847
-0.00668294867178
-0.00734645704536
-0.00554917715484
-0.00535758714886
-0.00521420062732
-0.00507611782223
-0.00902971810121
-0.00663326558109
-0.00728814069316
-0.00548893700797
-0.00531711139377
-0.00517228747113
-0.00503267143747
-0.00898463407718
-0.00881947250757
-0.00788235678096
-0.0054279824155
-0.0052758795528
-0.00512959245731
-0.00498841582969
-0.00893871174826
-0.0087717678193
-0.00782265443433
-0.00538619621044
-0.00523389242591
-0.00508611647282
-0.00494335198517
-0.00889195221456
-0.00872319512886
-0.00776226057412
-0.00534487666017
-0.00519115082659
-0.00504186041947
-0.00489748090659
-0.00884435659425
-0.00867375568716
-0.00770117620218
-0.00753810787456
-0.00514765558171
-0.00499682521381
-0.00485080361286
-0.00879592602347
-0.00862345076494
-0.00765510104526
-0.00749532991414
-0.00510340753149
-0.00495101178707
-0.00480332113906
-0.00466083683128
-0.00857228165266
-0.00761300005092
-0.0074518239011
-0.00505840752942
-0.00490442108504
-0.00475503453628
-0.00461073983907
-0.00852024966028
-0.00757019429028
-0.00740759061981
-0.00724825437302
-0.00485705406799
-0.00470594487157
-0.00455981141115
-0.00846735611719
-0.00752668448606
-0.00736263086656
-0.00720175308035
-0.00480891171056
-0.00465605322778
-0.00450805275412
-0.00841360237195
-0.00748247137182
-0.00731694544958
-0.00715450247506
-0.0047599950017
-0.00460536070343
-0.00445546509185
-0.00835898979219
-0.00743755569195
-0.00727053518887
-0.00710650346286
-0.00694573430596
-0.00455386841265
-0.00440204966538
-0.00830351976442
-0.0073919382016
-0.00722340091622
-0.00705775696233
-0.00689527191764
-0.00450157748504
-0.00434780773271
-0.00824719369387
-0.00566301714705
-0.0088619163162
-0.00664274717636
-0.00557031568321
-0.00335443944998
-0.00666361246255
-0.00662855250364
-0.00559698009788
-0.00879492747427
-0.00658771480667
-0.00551048086692
-0.00329528309426
-0.0088323729351
-0.00656738698442
-0.00553037804957
-0.0087273663481
-0.00653209208257
-0.00545005089011
-0.00323552222223
-0.00877146919593
-0.00650560081072
-0.00546321174658
-0.00865923371363
-0.0064758796725
-0.00538902649552
-0.00317515759099
-0.00870995370296
-0.00644319480993
-0.00539548193835
-0.0085905303519
-0.00641907825094
-0.00532740843196
-0.00533829816825
-0.00864782725622
-0.00638016981627
-0.00532718937926
-0.00422551924669
-0.00636168849842
-0.00526519745424
-0.0052767283153
-0.00858509066226
-0.00631652667069
-0.0052583348286
-0.00416886166724
-0.00630371110142
-0.00742626783411
-0.00521455701244
-0.0085217447341
-0.00625226622085
-0.00518891905053
-0.00411162448831
-0.00624514675239
-0.00736287331634
-0.00515178504197
-0.00845779029123
-0.00618738932106
-0.00511894281403
-0.00405380837429
-0.0061859961497
-0.0072988881845
-0.00508841319234
-0.00839322815949
-0.00612189683224
-0.00504840689286
-0.0029098774408
-0.00837123355274
-0.0072353262747
-0.00502444225817
-0.00832805917105
-0.00605578962183
-0.00497731206555
-0.00285090547247
-0.00831091256117
-0.00717414260415
-0.00495987304014
-0.00826228416439
-0.00598906856378
-0.00491060198337
-0.00502110488994
-0.00825000744601
-0.0059935991792
-0.004894706345
-0.00819590398419
-0.00592173453848
-0.00485135266386
-0.00496097979261
-0.00818851892885
-0.005931232765
-0.00482894298546
-0.00691439102501
-0.0058580073942
-0.00703426457041
-0.0049002791667
-0.00812644773697
-0.00586827611292
-0.00476258378022
-0.00685162109379
-0.0058013774204
-0.00697388023617
-0.00483900371018
-0.00806379460332
-0.00580472998673
-0.00469562955385
-0.00679518338081
-0.00574412635092
-0.00691292940296
-0.00477715412646
-0.00800056026648
-0.00574059515603
-0.00462808113678
-0.00673813348548
-0.00568625494882
-0.00685141275006
-0.00471473112441
-0.00793674547061
-0.00567587239621
-0.00456948717983
-0.00668047214632
-0.00562776398414
-0.00678933096194
-0.00465173541827
-0.00787235096542
-0.00561056248837
-0.0045134356778
-0.00662220010857
-0.00779954246649
-0.00672668472824
-0.00458816772764
-0.0078073775061
-0.00554466621928
-0.0044567813843
-0.00656331812413
-0.00773981471458
-0.00666347474374
-0.00452402877742
-0.00774182585334
-0.00547818438137
-0.00439952501004
-0.00650382695151
-0.00767946975176
-0.00659970170832
-0.00445931929779
-0.00767598818473
-0.00541385389769
-0.00434166727217
-0.00866798457166
-0.0076185083756
