0.0028731769433
-0.000554933401304
0.00341324039358
0.00055708119304
0.000467131540046
0.00104423772959
0.00159000412045
0.00282763211412
-0.000600655026585
0.00336756330014
0.000520472150608
0.000430686597283
0.00100812569806
0.00155438016781
0.00278349856068
-0.000644960145873
0.00332330139555
-0.000318546308853
0.000395658933393
0.000973418359607
0.00152014243833
0.00274077928414
-0.000687845723383
0.00328045770686
-0.000352305979488
0.00036205093007
0.00094011803175
0.00148729315755
0.00269947719761
-0.000729308812327
0.00323903517235
-0.000384637436289
0.0003298648775
0.00090822694287
0.00145583446526
0.00265959512518
-0.000769346555899
0.00235476059604
-0.000415538451661
0.000299102973589
0.000877747231454
0.00142576841474
0.00262113580095
-0.000807956188239
0.0023161888248
-0.000445006892234
0.000269767323227
0.000848680945395
0.00139709697221
0.00258410186815
0.00234189225883
0.00227904648033
-0.000473040719587
0.00356931996581
0.000821030041309
0.0013698220161
0.00254849587825
0.00230614677814
0.00224333613634
-0.000499637990946
0.00354284276164
0.000794796383891
0.00134394533649
0.00251432029005
0.00143763242925
0.0022090602731
-0.000524796859847
0.00351779756064
0.000769981745289
0.000130597183793
0.00248157746891
0.00140476104957
0.00217622127668
-0.000548515576769
0.00349418608884
0.000746587804513
0.000107522071107
0.00245026968592
0.00137333021465
0.00214482143807
-0.000570792489742
0.00347200997599
0.000724616146871
8.58500693299e-05
0.00158619439491
0.00134334212609
0.00211486295242
-0.000591626044911
0.00345127075504
0.00070406826344
6.55826095698e-05
0.00155776312054
0.00131479888862
0.00208634791826
-0.000611014787077
0.00343196986156
0.00279221095592
4.67210319463e-05
0.00153077312435
0.00128770250937
0.00205927833683
-0.000628957360202
0.00341410863329
0.00277451471472
2.92665851519e-05
0.0015052262929
0.00126205489717
0.00203365611133
-0.000645452507881
0.00339768830967
0.00275824615068
1.32204260404e-05
0.00148112441489
0.00123785786188
0.00200948304627
-0.000660499073778
0.00212164664565
0.00274340637325
-1.41638075442e-06
0.00145846918059
0.00121511311377
0.00198676084687
-0.00067409600203
0.00210811145431
0.00272999639541
-1.46428631707e-05
0.00143726218121
0.0011938222629
0.00196549111843
0.00307449502936
0.00209602029199
0.00271801713337
-2.64581420402e-05
0.00141419993518
0.00117398681859
0.00194567536578
0.00306380014028
0.00208537400096
0.00270746940628
-3.68614313799e-05
0.00138791835723
0.00115560818885
0.00192731499277
0.00179349406432
0.00207617332338
0.00269835393588
-4.58520386526e-05
-0.00022879192895
0.00032423802956
0.00110910897639
0.00216780003495
0.00255280358156
-0.00131773469737
-0.00325127457678
-0.00025786362216
0.000293916743452
0.00107758534038
0.00214942306045
0.00253344358194
-0.00133806351861
-0.0032725157985
-0.000285344563079
0.00026525331526
0.00104778397944
0.00213284725561
0.00251598042708
-0.00135640130541
-0.00329167737958
-0.000311232410675
0.000238250399421
0.00101970787463
0.00211807442018
0.00250041622082
-0.00137274562259
-0.00330875654266
-0.000335524955422
0.000212910501784
0.000993359840731
0.00210510616019
0.00248675284084
-0.00138709429637
-0.00332375080807
-0.000358220120238
0.000189235978456
0.000968742524837
0.00209394388705
0.00247499193756
-0.00139944541574
-0.00333665799555
-0.000379315961359
0.000167229034722
0.00094585840506
0.00208458881681
0.00246513493311
0.0027899682888
-0.00334747622593
-0.000398810669172
0.000146891724027
0.00092470978928
0.00207704196946
0.00245718302049
0.00278161695375
-0.00335620392239
-0.000416702568979
0.000128225947019
0.000905298813997
0.0020713041684
0.00245113716288
0.00277526731733
-0.00124307140076
-0.00043299012172
0.000111233450673
0.000887627443253
0.00206737603999
0.00244699809299
0.00277092022834
-0.00124761451411
-0.00176367961699
9.59158274742e-05
0.000871697467651
0.00206525801322
0.00244476631268
0.00276857626813
-0.00125006418792
-0.00177675440418
-0.00130246105841
0.000857510503448
0.00206495031944
0.00244444209262
0.00276823575027
-0.00125042006426
-0.00178822104721
-0.00131442477945
-0.000615125664646
0.0020620831443
0.00244602547213
0.00276989872033
-0.00124868209112
-0.00179807855558
-0.00132470978391
-0.000625822458659
0.000502172729184
0.00244951625917
0.00277356495581
0.00304321612177
-0.00180632607712
-0.00133331510395
-0.000634772446305
0.000492904327324
0.000808690086768
0.00277923396636
0.00304914072621
-0.00181296289837
-0.00134023992924
-0.000641974716
0.000485445737288
0.00081599418799
0.00278690499404
0.00305715750132
-0.00181798844493
-0.00134548360734
-0.000647428533711
0.000479797774265
0.000825203734268
0.0010534331238
0.00306726527725
-0.00182140228164
-0.00134904564395
-0.000651133343326
0.000475961055877
0.000836317610651
0.00106510484438
0.001244147092
0.00182825139758
-0.00135092570319
-0.000653088766943
0.000473936001841
0.000849334472796
0.00107877470887
0.00125843214556
0.00182806172801
-0.00135112360774
-0.000653294605057
0.00047372283374
0.000864252747783
0.0010944408959
0.0012748028716
0.00182948423648
-0.00134963933894
-0.000651750836666
0.000475321574902
0.000881070635062
0.00111210132087
0.00129325689201
-0.00456580453082
-0.00440909230289
-0.00667829385418
-0.00655770605909
-0.00655890785175
-0.00408702852862
-0.00409324139775
-0.00599098556425
-0.00615719523091
-0.0030881342085
-0.00329287086366
-0.00472873302584
-0.00512409860496
-0.00579063465607
-0.00178582613371
-0.00257729153438
-0.00318151736016
-0.00419422499526
0.000318905674351
-0.00100618906942
-0.000994002433835
-0.00459991296045
-0.00461921180174
-0.00467224637654
-0.00689459554353
-0.0024247351106
-0.00450809623985
-0.00452884865392
-0.0064414463257
-0.00662270068091
-0.00356871521493
-0.00378835646118
-0.00523870702063
-0.00561643396198
-0.00131275394007
-0.00229343045019
-0.00309456187511
-0.00374670190369
-0.00467937664807
-3.2790788958e-05
-0.00135945188311
-0.00134716602752
-0.00486108162201
-0.00495556437854
-0.0050202839579
-0.00725482356963
-0.00276371391035
-0.00486020203137
-0.00489914250583
-0.00685483269104
-0.00705012055375
-0.00401022022266
-0.00424381012806
-0.00570774275871
-0.00609841412431
-0.00180673457264
-0.0027981375793
-0.00360838569313
-0.00422741341981
-0.00516550938136
-0.00045937057277
-0.00161331165768
-0.00165097445151
-0.00512841024355
-0.00526032964572
-0.0053357425322
-0.00758144965818
-0.0031019659042
-0.00521050765755
-0.00526187984742
-0.00720104763812
-0.00740848647491
-0.00438649716149
-0.00463236017465
-0.00520654308834
-0.00653732645913
-0.00225679802321
-0.0032581825434
-0.00407692495928
-0.00470265786319
-0.00564540970573
-0.000941684934119
-0.0020810083341
-0.00187636978983
-0.00519952219614
-0.00533761587799
-0.00561814833329
-0.00787394970194
-0.00340498537704
-0.00552444570122
-0.00558709235571
-0.00753782568038
-0.00300435958025
-0.00474688397538
-0.00500451091485
-0.00556396739643
-0.00690573451142
-0.00264009222564
-0.00365063048302
-0.0044987149033
-0.00513061035383
-0.00115715117623
-0.00137614115564
-0.0025155275036
-0.00395669981947
-0.00543168572871
-0.00557795933794
-0.00568051525885
-0.00794529091105
-0.00348513577713
-0.00561432203667
-0.00587412842501
-0.00783518692098
-0.00331223726516
-0.00506536114981
-0.00533353042824
-0.0059032974363
-0.00725493412111
-0.00299848055969
-0.00401726472809
-0.0048508390938
-0.00548829706181
-0.00152382448817
-0.00176124665726
-0.00290068989728
-0.0043399660307
-0.0034041071796
-0.00578554780683
-0.00589556463179
-0.00368853246703
-0.00371615219648
-0.00585381909938
-0.00593458751911
-0.00790466695363
-0.00338294269484
-0.00514534771694
-0.00561854437153
-0.00619736094878
-0.0026282239308
-0.00330930100308
-0.00433534765878
-0.00517512259395
-0.00581748852975
-0.00185643098938
-0.00207920133468
-0.00321910740633
-0.00465727313184
-0.003628803329
-0.00596007577792
-0.00607640315262
-0.00387598270727
-0.00391050964182
-0.00605536491001
-0.00614357722565
-0.00812131605579
-0.00360740883393
-0.0053777093302
-0.00565805611994
-0.00624108112278
-0.00267518909914
-0.00357155370099
-0.00460381002264
-0.00544889120058
-0.00609546024706
-0.00213732889738
-0.00236161895738
-0.00350156811112
-0.00493829826809
-0.00376512644753
-0.00615746176345
-0.00627321328343
-0.00408587678419
-0.00406785056393
-0.00621856130031
-0.00631284141472
-0.00367747020818
-0.00378930276223
-0.00419732209207
-0.00585283694344
-0.00644217595661
-0.00288234678089
-0.00357372567792
-0.00461107736279
-0.00546051621953
-0.00113113133671
-0.00236545982937
-0.00259099950924
-0.00373098409186
-0.00516653380675
-0.00386906379391
-0.0062651369535
-0.00638481668964
-0.00420159991069
-0.00424263362275
-0.00639783329909
-0.00649741355514
-0.00387374719421
-0.00392817383263
-0.00434115065122
-0.00600161473291
-0.00659581266949
-0.00304065241495
-0.0037363943561
-0.00477767514505
-0.0056304758632
-0.00130375686636
-0.00232766421307
-0.00369320875242
-0.00369959484172
-0.0051416297915
-0.00396201771838
-0.00633911664264
-0.00198958825806
-0.00428112590146
-0.00432513027543
-0.00648342624725
-0.006586218131
-0.00396586218881
-0.00408796196733
-0.00450599184785
-0.00616987752556
-0.00184575464936
-0.00314959150813
-0.00384835444787
-0.00489235707338
-0.00574748768069
-0.00142261690821
-0.00244781241761
-0.00381402643363
-0.0038204315065
-0.000692722639339
-0.00447687187101
-0.00682947280517
-0.00246586916339
-0.00432431493765
-0.00436993600851
-0.00652991744731
-0.00663445802415
-0.00401590505789
-0.00413984889963
-0.00455974558984
-0.00622549650407
-0.00190320637687
-0.00328664249107
-0.0039879055913
-0.00503339388953
-0.00588979750972
-0.00148724676324
-0.00251314587419
-0.00387972560258
-0.00388614104594
-0.000758086704979
-0.00456096359066
-0.00691654982423
-0.00255607501317
-0.00479767025475
-0.00481928945357
-0.00697953557372
-0.0025182936698
-0.00402375727813
-0.00414799080355
-0.00456818078742
-0.0062342247864
-0.00191222267772
-0.00329593581962
-0.00399745804693
-0.00504317991125
-0.000935103129806
-0.0015908078174
-0.00261556308245
-0.00397983616158
-0.00389645557888
-0.000768346907511
-0.00461233850056
-0.00696975236748
-0.00261119348886
-0.00485479223264
-0.00485583998633
-0.00695843172239
-0.00248517513127
-0.00272144829851
-0.00461652860024
-0.00504803217473
-0.00619603678198
-0.00187277534632
-0.00325527729184
-0.00395566665447
-0.00500036746089
-0.000891416363334
-0.00154642728946
-0.00257069891761
-0.00393472060965
-0.0039411305553
-0.000826452009379
-0.00532619073778
-0.00255635685725
-0.00263113378169
-0.00487545823399
-0.00487726246721
-0.00698063937989
-0.00245822611672
-0.00264496341359
-0.00453722970068
-0.00496588503844
-0.00183744902925
-0.00235292349691
-0.00373273770726
-0.00443671255509
-0.00490511402388
-0.000794224113432
-0.00202733529373
-0.00247089638143
-0.00383436084293
0.000900440136074
-0.000726602833716
-0.00531195825551
-0.00326361506537
-0.00334474674306
-0.00558851538517
-0.00560340786065
-0.00696363200179
-0.0024405979998
-0.00261180282455
-0.00443720259031
-0.00483872085083
-0.00170589971923
-0.00221706815626
-0.00359274382913
-0.00429285045788
-0.00533180238262
-0.00126141235622
-0.00248404506966
-0.00292595823342
-0.003679163788
0.001055661473
-0.000572190461085
-0.00526492916723
-0.00321491260841
-0.00329429003361
-0.00553622420033
-0.00554920462717
-0.00320048301754
-0.00315770710179
-0.00335076307925
-0.00519721660274
-0.00478751779693
-0.00161771474857
-0.00208966965385
-0.00342407904206
-0.00409861088052
-0.000211698335923
-0.00105851385979
-0.00227798202821
-0.00271769069235
-0.00406384110291
0.000635874571421
-0.000965703106212
-0.00532320798999
-0.00319582526039
-0.00330087281793
-0.00557037241618
-0.00561293986311
-0.00123519914907
-0.003287132417
-0.00351646216231
-0.00537834201737
-0.00579378389415
-0.00262447638204
-0.00311913449135
-0.0044594392041
-0.00429249202401
-0.000370759686986
-0.00118052927045
-0.00236107294293
-0.00276044856469
-0.00406542945264
0.000675654380915
-0.000885012515368
-0.00173328945033
-0.00407377382673
-0.00407667512248
-0.00635026417187
-0.00573224224199
-0.00135894760695
-0.00341548379762
-0.00364954730465
-0.00551625430168
-0.00593656556193
-0.00277210287776
-0.00327149750771
-0.00461632969374
-0.00529173491495
-0.00135513343072
-0.00216807267398
-0.00253155329375
-0.00293258572934
-0.00423833923541
0.000502892535008
-0.00105671289766
-0.00176087426465
-0.00414693597545
-0.00415251237448
-0.00642890556094
-0.00644417298844
-0.00205766366254
-0.00411735959981
-0.00374058091082
-0.00561060450046
-0.00123808815537
-0.00287313227914
-0.00337578605691
-0.0047237351202
-0.00540203497909
-0.0014680147161
-0.00228314307546
-0.00345741206515
-0.00385958733318
-0.000409955451123
-0.000374674681288
-0.00117432531273
-0.0017986824532
-0.00418610979395
-0.00419312111703
-0.00647101873923
-0.00648785881965
-0.00210298702961
-0.00416437937343
-0.00442200140297
-0.00629380659259
-0.00191169969272
-0.0035485347803
-0.00343167519479
-0.00478130066246
-0.00546115787416
-0.00152852874693
-0.00234483351586
-0.0035200180831
-0.00392280877355
-0.000473463949937
-0.000438128212195
-0.00196456255401
0.00354573095182
0.000276487107098
0.000328179113938
0.000277024632038
0.000193678545309
-0.000827726052326
0.00255212222995
0.0033434489819
7.30186022855e-05
0.000124047332302
7.27684289789e-05
-1.01602678887e-05
-0.00101233122977
0.00236803708283
0.00314174755121
-0.000129871661401
-7.95075366345e-05
-0.000130911114084
0.00187305763907
-0.00119627293636
0.00218461579368
0.00294063082464
-0.000332179486332
-0.000282481277303
-0.000334009778247
0.00167037804024
-0.00139290882843
0.0020018626936
0.00274010299478
-0.000533900646375
-0.000484869645175
-0.000536523315557
0.00146828438887
-0.0015940476202
0.00181978213547
0.00254016828193
-0.000735030886847
-0.000686668366704
0.00135534171874
0.0012667809502
-0.00179459440725
0.00163837849384
0.00234083093416
-0.000935565924468
-0.000887873139279
0.00115401129545
0.00106587201833
-0.00199454492337
0.00145765616479
0.00214209522732
-0.00113550144732
-0.00108847963117
0.000953278917693
0.000865561916287
-0.00219389487416
0.00127761956584
0.00194396546509
-0.00133483311483
-0.00128848348151
0.000753148950121
0.000665854996001
-0.00239263993695
0.00109827313577
0.00174644597898
-0.00153355655768
0.000605908867491
0.000553625786682
0.000466755638403
-0.00259077576078
0.000919621334555
0.00154954112833
-0.00173166737788
0.000407123499722
0.000354713850638
0.000268268253421
-0.00278829796641
0.000741668643159
0.00135325530036
-0.00192916114865
0.000208954031435
0.000156417594599
7.03972800139e-05
-0.00298520214629
0.000564419563416
0.00115759291015
-3.91965697623e-05
1.14049404548e-05
-4.12584994574e-05
-0.00012685281381
-0.00318148386452
0.000387878617861
0.000962558400633
-0.00023544284629
-0.000185519266106
-0.000238309920166
-0.000323477530982
-0.00337713865691
0.00205435355113
0.00076815624261
-0.000431058620459
0.00275297489348
-0.000434732126763
-0.000519472345364
-0.00011252032098
0.00187924252355
0.000574390934715
-0.000626039350405
0.00255731409431
-0.00063052054908
-0.000714832701745
-0.000306907755732
0.00170485332033
0.00251377031922
-0.000820380465494
0.00236229187671
-0.000825670587543
-0.000909554015847
0.00134896217566
0.00153119054509
0.00232129231877
-0.00101407736633
0.002167912865
-0.00102017761318
-0.00110363167433
0.00115586029518
0.00135825882129
0.00212946483122
-0.0012071254248
0.0019741817128
-0.00121403696763
-0.00129706103483
0.000963408086274
0.00118606279197
0.00193829246633
-0.00139951998404
0.00178110310297
-0.00140724396317
-0.00148983742593
0.0007716101829
0.0010146071196
0.00174777986155
-0.00159125635856
0.00158868174762
-0.00159979388271
0.000167660730483
0.000580471247197
0.000843896485809
-0.00118751189134
-0.000263325349499
0.000382042798817
-0.0037406624348
-0.00294791156006
-0.00216829331747
-0.00540107428694
-0.00139977103023
-0.00045937011607
0.000168018558352
-0.00177218151773
-0.00317285035294
-0.00239803722439
-0.00161553489514
-0.00161146281937
-0.000663180183922
-4.5418159979e-05
-0.00199126948278
-0.00118364385453
-0.0026272496622
-0.00184896740605
-0.00182258269847
-0.000870120832455
-0.000258262340748
-0.00220978254002
-0.00140747587315
-0.00285592539507
-0.0020818817223
-0.00203312607074
-0.00107644838893
-0.000470508925438
-0.00242771551535
-0.00163074665356
-0.000860833820256
-0.00231427254193
-0.00224308830278
-0.00128215790828
-0.000682152812237
-0.00264506318633
-0.00185345089124
-0.00108842020931
-0.000323402793109
0.00123369512479
-0.00148724440713
-0.000893188855828
-0.00286182028197
-0.00207558322837
-0.00131545384491
-0.0005547304714
0.00102490922079
-0.00169170286375
-0.00110361186719
-0.00307798148234
-0.00229713825335
-0.00154192926213
-0.000785518382274
0.000816718578588
-0.00189552821792
-0.00131341661341
-0.00329354141835
-0.00251811050045
-0.00176784093749
-0.00101576097841
0.000609127979622
-0.00209871537083
-0.00152259781747
-0.00350849467139
-0.00273849444933
-0.00199318328838
-0.00124545264958
0.000402142242663
-0.002301259185
-0.00173115015809
-0.00372283577309
-0.00295828452475
-0.00221795067261
-0.00147458772205
0.000195766223952
-0.00250315448417
-0.00193906826955
-0.00139294682169
-0.00317747509604
-0.00244213738788
-0.00170316045793
-9.99518268369e-06
-0.00270439605328
-0.00214634674149
-0.00160604701503
-0.00339606047683
-0.00266573767123
-0.00193116505459
-0.00021513704571
0.00065853906628
-0.00235298011879
-0.00181851835043
-0.00361403492459
-0.0028887456986
-0.00215859564398
-0.000419654395782
0.000458620758253
-0.00255896290137
-0.0020303551576
-0.00383139264024
-0.00311115558425
-0.00238544629206
-0.000623542225638
0.000259372059227
-0.00276428954407
-0.00224155171516
-0.00404812776783
-0.00333296138034
-0.00261171099815
0.0011426667706
6.07983402549e-05
-0.00296895445651
-0.00245210225033
-0.00426423439412
-0.00355415707635
-0.00283738369434
0.000940053155092
0.00189504435005
-0.00317295200293
-0.00266200093868
-0.0044797065482
-0.00377473659863
-0.00306245824483
0.000738084310009
0.00169783686081
-0.00136416432418
-0.00287124190393
-0.0046945382012
-0.00399469380991
-0.00328692844535
0.000536765395172
0.00150132069953
0.00210562489914
-0.00100952545593
-0.00490872326585
-0.00421402250881
-0.00351078802254
0.000336101608734
0.00130550139385
0.00190366372073
-0.00121743313755
-0.00512225559617
-0.00443271642933
-0.00373403063332
-0.00563368539984
-0.0058234820127
-0.00590976939916
-0.00605938384807
-0.00637584401936
-0.00409408778298
-0.00472726752299
-0.00550049171335
-0.0056856017217
-0.00576716795985
-0.00591208923958
-0.00622705582612
-0.00395048754166
-0.00457835699296
-0.00536638257209
-0.0055467905946
-0.0056236219484
-0.00576383821221
-0.00607728662723
-0.00380585121927
-0.00442839637727
-0.00523136263421
-0.00540705370487
-0.00547913686928
-0.00561463670968
-0.00592654278056
-0.00366018551483
-0.00427739297279
-0.00509543655764
-0.00526639612262
-0.00533371821989
-0.00546449066419
-0.00577483062998
-0.00351349711679
-0.00412535405897
-0.00613662216036
-0.00512482291403
-0.00518737148989
-0.00531340599576
-0.00562215650466
-0.00336579270213
-0.00397228689689
-0.00599889777658
-0.00619567084766
-0.00504010216061
-0.0051613886116
-0.00546852671834
-0.0032170789355
-0.00381819872832
-0.00586028122119
-0.00605228156651
-0.00614188377871
-0.00500844440546
-0.00531394756863
-0.00755191908365
-0.00366309677482
-0.00572077714594
-0.00590799182849
-0.00599278565857
-0.0061395333951
-0.00515842533634
-0.00740120655325
-0.00350698823684
-0.00558039019977
-0.00576280667854
-0.00584278132723
-0.00598475316933
-0.00631926618723
-0.00724950458214
-0.00334988029288
-0.00543912502832
-0.00561673115495
-0.00569187622683
-0.00582906371601
-0.00616187656166
-0.00841411967957
-0.00319178009865
-0.00529698627346
-0.00546977028882
-0.00554007578832
-0.00567247086904
-0.00600356258856
-0.00826045863101
-0.00446664936042
-0.0051539785728
-0.0053219291036
-0.00538738543091
-0.00551498044597
-0.00584433047507
-0.00810582791204
-0.00430658603756
-0.00501010655924
-0.00517321261451
-0.00523381056153
-0.00535659824739
-0.0056841864084
-0.00795023407785
-0.00414555178684
-0.00486537486049
-0.00502362582813
-0.00507935657437
-0.00519733005647
-0.00552313655526
-0.00779368366495
-0.00846842134202
-0.00471978809865
-0.00487317374189
-0.00492402885033
-0.0050371816384
-0.00536118706128
-0.00763618319047
-0.00830546637903
-0.00457335088977
-0.00472186134362
-0.00476783275657
-0.0048761587399
-0.00519834405049
-0.00747773915151
-0.00814156157779
-0.00442606784339
-0.00456969361107
-0.00461077364598
-0.00471426708877
-0.0050346136248
-0.00731835802442
-0.00797671391317
-0.00844526935684
-0.00441667551147
-0.00445285685682
-0.00455151239337
-0.00487000186349
-0.00715804626423
-0.00781093033146
-0.00829630843602
-0.0042628120011
-0.00429408771214
-0.00438790034221
-0.00470451482269
-0.0053640416432
-0.00764421774975
-0.00814651546321
-0.0041081080249
-0.00413447151946
-0.00422343660349
-0.00453815853495
-0.00520188789335
-0.00747658305532
-0.00827135578932
-0.00756057192303
-0.00527876410614
-0.00692161959143
-0.00711815417516
-0.00728284173436
-0.00487189636961
-0.00813047048798
-0.00741840636883
-0.00513562115991
-0.00677782189847
-0.00697403804307
-0.00714746537999
-0.00473597044867
-0.00798881363664
-0.00880377503491
-0.00499170152375
-0.00663324608896
-0.00682914311105
-0.00701127920702
-0.00459923312827
-0.00784638883584
-0.00866006414756
-0.00484700893865
-0.0064878959449
-0.00668347318113
-0.00687428694795
-0.00446168817845
-0.00770319968312
-0.00851558610998
-0.00862026289417
-0.00634177524392
-0.00377329785165
-0.00803631410593
-0.004323339368
-0.00755924977268
-0.00837034459463
-0.0084740356175
-0.00619488775891
-0.00362608931343
-0.00789772086775
-0.0041841904641
-0.00741454269517
-0.00822434326976
-0.00832704658915
-0.00604723725781
-0.00347811715481
-0.00775833273355
-0.00404424523202
-0.00726908203736
-0.0080775857992
-0.00969196762758
-0.00589882750326
-0.00332938515781
-0.00761815342981
-0.0039035074348
-0.00712287138191
-0.00793007584203
-0.00954346625945
-0.0057496622524
-0.00703704032204
-0.00747718668071
-0.00376198083288
-0.00697591430712
-0.00778181705235
-0.00939421429252
-0.00559974525651
-0.00688679997127
-0.00733543620783
-0.00495774223633
-0.00682821438663
-0.00478279929394
-0.00924421543328
-0.00544908026083
-0.00673581109287
-0.0071929057298
-0.00481464929463
-0.00667977518921
-0.00463305378027
-0.00909347338224
-0.00529767100426
-0.00658407744445
-0.00704959896206
-0.00467077881115
-0.0065306002785
-0.00448257036386
-0.00894199183365
-0.00669990045878
-0.00643160277683
-0.00690551961651
-0.00855717523878
-0.00638069321277
-0.00433135267629
-0.00878977447525
-0.00654701387048
-0.00627839083385
-0.00676067140126
-0.00841176090909
-0.00623005754466
-0.00417940434289
-0.00863682498805
-0.00639339419741
-0.00612444535207
-0.00661505802031
-0.0082655802665
-0.00783240516864
-0.00402672898251
-0.00848314704606
-0.00623904515063
-0.00596977006055
-0.00646868317331
-0.00811863704505
-0.00768032293009
-0.0038733302073
-0.00832874431608
-0.00608397043361
-0.00581436868064
-0.00632155055523
-0.00797093497384
-0.00752752271111
-0.00371921162244
-0.00817362045747
-0.00592817374203
-0.00719535744486
-0.00617366385614
-0.00782247777679
-0.00737400803958
-0.00356437682596
-0.0080177791219
-0.00577165876356
-0.00703851502007
-0.0060250267609
-0.0076732691723
-0.00721978243667
-0.0034088294085
-0.00786122395315
-0.00561442917762
-0.0068809576222
-0.00587564294893
-0.00752331287308
-0.00706484941658
-0.00505736527532
-0.0077039585869
-0.00545648865516
-0.00672268893937
-0.00572551609392
-0.00737261258581
