-0.00355029891133
-0.00171755426611
-0.00545952679213
-0.000599030998344
-0.00256303587048
-0.000129554151564
-0.00369149592407
-0.00369035399673
-0.00185799151981
-0.00559896631243
-0.000736178433676
-0.00271581060445
-0.00028054475789
-0.00385430232702
-0.00382878850819
-0.0019968062096
-0.00351486099356
-0.000871721084768
-0.00286708776397
-0.000430043423307
-0.00401571414276
-0.00396558690081
-0.00213398268548
-0.00365105048424
-0.0010056441975
-0.00301685202889
-0.00248375080249
-0.0041757164867
-0.0041007336175
-4.75787026884e-05
-0.00378559188596
-0.00113793301588
-0.00316508802573
-0.00263022082816
-0.00433429439444
-0.00423421309474
-0.000181431751974
-0.00391846980844
-0.00127996627396
-0.0033117803321
-0.00277515406743
-0.00449143282505
-0.0043660097685
-0.000313599578851
-0.00404966886305
-0.00142547686422
-0.00345691348127
-0.00292684467152
-0.00464711666454
-0.00226936888977
-0.000444066514196
-0.00417917366877
-0.00156941116738
-0.00360047196689
-0.00308260910881
-0.00480133072945
-0.00239775329295
-0.000572816899449
-0.00430696885844
-0.00171175354443
-0.00374244024792
-0.00323688432307
-0.00272883491061
-0.00252440825913
-0.000699835093075
-0.00443303908502
-0.00185248832519
-0.0038828027537
-0.00338965464598
-0.00288006361709
-0.00264931828471
-0.000825105477216
-0.00455736902813
-0.00199159981361
-0.0040215438892
-0.00354090434473
-0.00302977662029
-0.00277246789771
-0.000948612464491
-0.00467994340067
-0.00212907229326
-0.00415864804047
-0.00146868871689
-0.00317795849817
-0.00289384166461
-0.00107034050496
-0.00480074695564
-0.00226489003293
-0.0042940995802
-0.00161684973264
-0.00332459377972
-0.00301342419741
-0.00119027409327
-0.00491976449308
-0.00239903729244
-0.00443317226915
-0.00176344258288
-0.00346966694957
-0.00313120016087
-0.0013083977759
-0.00503698086715
-0.00253149832866
-0.00235771413526
-0.00190845132182
-0.00361316245271
-0.00324715427984
-0.00142469615861
-0.00515238099338
-0.00266225740165
-0.0025025778955
-0.00205185996257
-0.00375506469949
-0.00336127134678
-0.00153915391403
-0.00526594985607
-0.00057191468159
-0.00264581821226
-0.00219365248237
-0.0038953580707
-0.00347353622938
-0.00165175578936
-0.00537767251575
-0.000713755592773
-0.00278741862055
-0.00233381282803
-0.0040340269229
-0.00358393387833
-0.00176248661424
-0.00548753411684
-0.000853938874814
-0.00292736262433
-0.00247232492153
-0.00417105559386
-0.00369244933521
-0.00187133130871
-0.00337359424562
-0.000992447937462
-0.00306563370242
-0.00260917266578
-0.00430642840821
-0.00379906774056
-0.00197827489135
-0.00347968953723
-0.00112926617047
-0.00320221531469
-0.00274433995064
-0.00444012968324
-0.00431285244302
-0.0049515905594
-0.00633578984515
-0.00271471481073
-0.00329583693364
-0.00409046493811
-0.00529819816181
-0.00446990237729
-0.00511426534571
-0.00209611101535
-0.00286697338327
-0.00345481126137
-0.00425738483507
-0.00547331833783
-0.00462523055897
-0.00527519737457
-0.00225443521505
-0.00301723600122
-0.0036117655496
-0.00442226934041
-0.00564639783688
-0.00477881575967
-0.00543436346661
-0.00241090003456
-0.00317972178197
-0.00376666997073
-0.00458508529908
-0.00581740000116
-0.00493063664476
-0.00559174029077
-0.00256548037117
-0.00334179945683
-0.00391949450814
-0.00474579926164
-0.00598628774557
-0.00508067178107
-0.0065866192616
-0.00271815097878
-0.00350194540859
-0.00407020897125
-0.00490437749954
-0.0061530235721
-0.00522889964518
-0.00674034699125
-0.00286888647869
-0.00366013137204
-0.0042187830114
-0.00506078602146
-0.00408866670007
-0.00537529863189
-0.00689221463361
-0.00301766137076
-0.003816328884
-0.00436518613862
-0.00521499059099
-0.00425098462628
-0.00551984706327
-0.00704219833729
-0.00316445004536
-0.00397050929572
-0.00450938773939
-0.00315094767479
-0.00441103582984
-0.00566252319798
-0.00719027414485
-0.00330922679579
-0.00412264378622
-0.00465135709533
-0.0033145549643
-0.00456878133559
-0.00580330524104
-0.00733641800351
-0.00345196583131
-0.00427270337626
-0.00256912867257
-0.00347600015414
-0.00472418185068
-0.005942171354
-0.00748060577625
-0.0035926412909
-0.00219872654139
-0.00270654106312
-0.00363524724354
-0.00487719778856
-0.00607909966546
-0.00762281325347
-0.00373122725747
-0.00234454883508
-0.00284162862525
-0.0037922599347
-0.00502778929479
-0.00621406828211
-0.00776301616522
-0.00164576653507
-0.00248820849406
-0.00297436042665
-0.00394700165245
-0.00517591627463
-0.0063470553
-0.00790119019387
-0.00178009561532
-0.00262967606313
-0.00310470553771
-0.00409943556552
-0.00532153842239
-0.00647803881639
-0.00581537742132
-0.00191225726718
-0.00276892201156
-0.00323263305586
-0.00424952460915
-0.00546461525279
-0.00438506337579
-0.0059494206069
-0.00204222550458
-0.00290591675211
-0.0033581121308
-0.00439723150924
-0.00560510613405
-0.0045119742467
-0.00608136180543
-0.00216997436606
-0.00304063066101
-0.00348111199069
-0.00454251880807
-0.00575764259113
-0.00463681603834
-0.00621117664616
-0.0022954779327
-0.00317303409869
-0.00360160196923
-0.00468534889152
-0.00590823222515
-0.00477811336172
-0.00633884078206
-0.00241871034665
-0.00330309743145
-0.00371955153359
-0.00482568401787
-0.0060562752354
-0.00495390900359
-0.00206477883779
-0.00253964583024
-0.00343079105391
-0.00383627634195
-0.00499248482767
-0.00620172860368
-0.00550408741903
-0.00496022746957
-0.0066610347226
-0.00643988378242
-0.00836388383204
-0.00798217406061
-0.00750916844526
-0.00915880120921
-0.00872808439336
-0.00805210027519
-0.0074722961598
-0.00699891222052
-0.00484968431191
-0.00446543573097
-0.00638441413841
-0.00596517302684
-0.00541538753951
-0.00698951069434
-0.00660974105504
-0.00843650521333
-0.00774144229724
-0.00609304165886
-0.00556326958915
-0.0071658369455
-0.0068244133045
-0.00875984237364
-0.00598965735898
-0.00552831525911
-0.00724020218724
-0.00685935638184
-0.00859984440166
-0.00804501092987
-0.00759073935246
-0.00924245574428
-0.00482702130277
-0.00677321092838
-0.00638243297703
-0.00586214675708
-0.00741858708157
-0.00449044120653
-0.00633008565479
-0.00560734596715
-0.00665528988928
-0.00373912632387
-0.00535527442839
-0.00477716776671
-0.00672320530791
-0.00636385292872
-0.00591335797597
-0.00772151970416
-0.00735620048542
-0.00911232121708
-0.0085818672341
-0.00814590129138
-0.00981589469843
-0.00535414278069
-0.00491566538962
-0.00454705560677
-0.00404907156899
-0.00563587896727
-0.00513510504966
-0.00675024177496
-0.00599414381899
-0.00479013048798
-0.00428725035078
-0.00591654181434
-0.00529728892111
-0.00705355029784
-0.00670409549729
-0.0062635818589
-0.0081683107922
-0.00781764452164
-0.00958854186828
-0.00668171389332
-0.0062631440858
-0.00795054234261
-0.00728784379569
-0.00541579636448
-0.0050681127951
-0.00681317296224
-0.00621856332742
-0.00574413936801
-0.0073855164598
-0.00640447363603
-0.0052970684008
-0.0048069086002
-0.00644886223666
-0.00589312737979
-0.00747505075126
-0.00700982477452
-0.00420395317301
-0.00617971264358
-0.00584275039411
-0.00762748829939
-0.00714362643255
-0.00896336601178
-0.00844526205246
-0.00779878097606
-0.009654050421
-0.00554398331187
-0.00730879067832
-0.00675390245975
-0.00630440530827
-0.00561005054416
-0.00476578038318
-0.00955732325626
-0.00529744857059
-0.00698806295269
-0.00405957465527
-0.00565571437405
-0.00498874260311
-0.00456691183684
-0.00655510094994
-0.00623082035903
-0.00802838442882
-0.0075665328428
-0.00940154022723
-0.00889877059376
-0.00826746031792
-0.0100652970535
-0.00357311656533
-0.00535612987929
-0.00483992761716
-0.00445309563377
-0.0061427306357
-0.0053212327616
-0.00760645003544
-0.00335817385884
-0.00511059795406
-0.0045959789901
-0.00620582015138
-0.00561589132582
-0.00732206996807
-0.00689370144897
-0.00658100952642
-0.00839030971364
-0.00794947866961
-0.00979853803737
-0.00690984474277
-0.00629254505244
-0.00806889896411
-0.00779162584173
-0.00582729635562
-0.00527828176345
-0.00490944557246
-0.00662056530936
-0.00582010894292
-0.00802590203112
-0.00979616047132
-0.00560291677122
-0.00510151548494
-0.00672448954082
-0.0062122172879
-0.00793577675571
-0.00733136289176
-0.00449253349737
-0.00631240788935
-0.00589151196715
-0.00775331097047
-0.00727751656053
-0.00668781718353
-0.00851341953619
-0.00825649238699
-0.0100948519573
-0.00578479044771
-0.0053108515015
-0.00704133715834
-0.0062599114258
-0.00849843224116
-0.0102571632025
-0.00984615820779
-0.00557544236237
-0.00481086481049
-0.00437672995848
-0.00611707941592
-0.00552936009173
-0.00482601936263
-0.0065940792187
-0.00619193528715
-0.00806507052544
-0.00760071678779
-0.00725886874829
-0.00910269536676
-0.00867297454841
-0.0105303740283
-0.00388051950319
-0.00548627340951
-0.00501182252697
-0.00435831657462
-0.00659269068728
-0.0083644620174
-0.00787852304578
-0.00361698045045
-0.00527708795066
-0.00490865378372
-0.00666512876764
-0.00609347236565
-0.00540593028205
-0.00683461302602
-0.00644995083948
-0.00834867524921
-0.00809526272298
-0.00539082298178
-0.00725714508131
-0.00676738367922
-0.00859194241426
-0.00815091918309
-0.00598892704956
-0.0053125204036
-0.00467322309321
-0.00705344149199
-0.00883764099481
-0.00830787243194
-0.00780925207593
-0.00576020410766
-0.0054070336696
-0.00717889506923
-0.00662259056817
-0.00595017314639
-0.00498147710187
-0.00436527190165
-0.00645454409496
-0.00622065361421
-0.00809847517457
-0.0077625713181
-0.00729415105527
-0.00900576576769
-0.00858438638917
-0.00644197139758
-0.00567720311142
-0.00492281228803
-0.00748378666725
-0.00927975488633
-0.00876176832881
-0.00818416911048
-0.00999343017913
-0.00587100778771
-0.00526954769977
-0.00472581933224
-0.00628969688193
-0.00550291590932
-0.00480395428809
-0.00691227991094
-0.00669814735174
-0.00859507936953
-0.00822086132
-0.00777226135941
-0.00939626616014
-0.00896230524193
-0.00830834017398
-0.00370473863868
-0.0027451993851
-0.00788313709468
-0.00969016809933
-0.0068538351251
-0.00847138744176
-0.00807381398209
-0.00391185323258
-0.00571197088332
-0.00518193783845
-0.00675935059099
-0.00598573829147
-0.00520130678444
-0.00732719993557
-0.00713132692586
-0.00904704326422
-0.00863046941962
-0.00589401913972
-0.00753606448066
-0.00697068548332
-0.00864412284399
-0.00790400775342
-0.00310936615097
-0.0059269947984
-0.00774433740838
-0.0072422863771
-0.00887012265294
-0.0084539622336
-0.00813531592818
-0.00611740780949
-0.00560012581906
-0.00719015887553
-0.00642884317327
-0.00555633305723
-0.0054115888101
-0.00522581619038
-0.00715866531831
-0.00673475118972
-0.00626971109135
-0.00792794389933
-0.00723258127951
-0.00891858065015
-0.00819070413948
-0.0035738933785
-0.00626270688195
-0.00808956634616
-0.00759707121228
-0.00923441662696
-0.00879837554361
-0.00849126134336
-0.0103157915218
-0.00370607442566
-0.00530773492753
-0.00455115766895
-0.00365539338668
-0.0057375831309
-0.0055666428442
-0.00751481854926
-0.00710653032059
-0.00659189390678
-0.00826427068133
-0.0075359333432
-0.00913025717664
-0.00842462965521
-0.00817304581037
-0.00656584337779
-0.00840138351486
-0.00791761210874
-0.00743825910246
-0.00697514970751
-0.00667243338474
-0.00850755407377
-0.00404579001927
-0.00565801019958
-0.00491174897801
-0.00402586585574
-0.00601765211292
-0.00585963159577
-0.00782118277815
-0.00742655887519
-0.00911757739983
-0.00654267004429
-0.00582381497267
-0.00727494994954
-0.0068617089031
-0.00864021379498
-0.00471631112029
-0.00655965692062
-0.00607798880097
-0.0077318480502
-0.00724625773214
-0.00695282109311
-0.00879736950476
-0.00830203580336
-0.00596673022801
-0.00522968347462
-0.00658286163042
-0.00625096535723
-0.00410773654445
-0.00608058049412
-0.00569505711745
-0.00739769397888
-0.00677838711726
-0.00605411203009
-0.00750223342306
-0.00724020176046
-0.00904075055109
-0.00495297888863
-0.00680321956833
-0.00632849074463
-0.00798927188676
-0.00747990827889
-0.00719454229196
-0.00904729773699
-0.00856022751884
-0.00623313957348
-0.00351326819092
-0.00487416936955
-0.00444328393247
-0.00430234600555
-0.00628428505518
-0.00590808309422
-0.00762010545176
-0.00704398212751
-0.006330886868
-0.00779674372915
-0.00755281942924
-0.00937200433526
-0.00515584105876
-0.00701203354645
-0.00654329853389
-0.00821006222284
-0.00767564810266
-0.00780217106401
-0.00743067487491
-0.0069536038036
-0.00859041830543
-0.0037435159226
-0.00518512448347
-0.00476990527318
-0.00444670405963
-0.00643544534824
-0.00606622286969
-0.00778528124068
-0.00725027047025
-0.00654605922545
-0.0064323732172
-0.00620908910131
-0.00804314699978
-0.00755892984074
-0.00535180812829
-0.00490246294609
-0.0065999857657
-0.00603443154803
-0.00796513089771
-0.00759925224382
-0.00712784605043
-0.00877030296577
-0.00805361009918
-0.00553075886201
-0.00512931606458
-0.00459935287788
-0.00653349349328
-0.00456134649577
-0.00631328462961
-0.00579516561507
-0.00510362833864
-0.00659732680795
-0.00638449035018
-0.0082293600696
-0.00598017341399
-0.00564103532519
-0.00521300074378
-0.00691944429075
-0.00628837806717
-0.00820236628524
-0.00779062256134
-0.00726980782339
-0.00890617409038
-0.00819368796757
-0.00420414524473
-0.00382141379709
-0.00331017914033
-0.00496411805107
-0.00460798800734
-0.00639444197173
-0.00588011409875
-0.00741739908992
-0.00669587618851
-0.00648933543507
-0.00834073085188
-0.00489426027732
-0.00267260140378
-0.00246602017902
-0.0020572866153
-0.00385011940378
-0.00186061339169
-0.00546960856735
-0.00500247006118
-0.000580063832439
-0.00259516342971
-0.00218564685391
-0.00400443261535
-0.00200597654605
-0.00561364344112
-0.00510950205081
-0.000708361321259
-0.00272321028068
-0.00231291438187
-0.00415776749581
-0.00215032743807
-0.00575666976257
-0.00299341791312
-0.000835554894155
-0.00285015442212
-0.00243908298715
-0.00431011737811
-0.00229365961103
-0.00589868121651
-0.0031242649632
-0.000961638215995
-0.00297598955071
-0.0025641464648
-0.00446147557788
-0.0024359665993
-0.00603967148031
-0.00325527065894
-0.00108660495902
-0.00310070937066
-0.00268809861802
-0.00461183539424
-0.0025772419293
-0.00394487169024
-0.00338517233276
-0.00121044880397
-0.0032243075949
-0.00281093325928
-0.00476119011061
-0.00271747912034
-0.00408380058035
-0.00351396345061
-0.00133316344124
-0.00334677794617
-0.00295724569627
-0.00490953299552
-0.00062250147219
-0.00422168927639
-0.00364163748333
-0.00145474257203
-0.00346811415822
-0.00310514684494
-0.00505685730348
-0.000760642919452
-0.00435853143472
-0.00376818790777
-0.00158210710852
-0.00358978175223
-0.00325202118342
-0.00520315627585
-0.000897726752414
-0.00449432070874
-0.00389360820795
-0.00174601262058
-0.00375334357155
-0.00339786187743
-0.00312069023
-0.00103374647141
-0.00462905074985
-0.0040178918763
-0.00190895488447
-0.00391594246411
-0.00354266208067
-0.00326491820709
-0.0011686955745
-0.00476271520845
-0.00414103241484
-0.00207092669854
-0.00407757126108
-0.00368641493572
-0.00340810050275
-0.00130256755845
-0.00489530773489
-0.00429964326565
-0.0022319208327
-0.0042382227657
-0.00160718094032
-0.00355023031486
-0.0014353559198
-0.00502682198051
-0.00447598832581
-0.00239193002914
-0.004397889754
-0.00174971640922
-0.00369130083281
-0.0015670541559
-0.00515725159866
-0.00465142311321
-0.00255094700311
-0.00233463234087
-0.00190735856756
-0.00383130523855
-0.00169765576599
-0.00528659024574
-0.00482594020424
-0.0027089644437
-0.00249230851964
-0.00206400323134
-0.00397023670758
-0.00182715425232
-0.00541483158228
-0.00499953213376
-0.0028659750146
-0.00264897835469
-0.00221964320636
-0.00410808840997
-0.00195554312122
-0.00554196927398
-0.00517219139571
-0.00080003778897
-0.00280463452104
-0.00237427127587
-0.0042448535115
-0.00208281588424
-0.00566799699286
-0.00534391044358
-0.000955012514365
-0.00295926967054
-0.00252788020143
-0.00438052517467
-0.00220896605935
-0.00579290841836
-0.00329274812495
-0.00111701859639
-0.00311287643276
-0.00268046272379
-0.00451509655986
-0.00233398717202
-0.00591669723843
-0.00299490372878
-0.00384078462384
-0.00483526852215
-0.00636265353856
-0.00259412690246
-0.00332675441574
-0.00409378853621
-0.00315283138648
-0.00400311467879
-0.00500229627818
-0.00653391979632
-0.00276902123035
-0.00350451937003
-0.00427353803632
-0.00330975879457
-0.00416443999281
-0.00516831512021
-0.00670417521243
-0.00294290448689
-0.00368127401958
-0.00445227825967
-0.00346567869583
-0.00432475287037
-0.00533331686276
-0.00687341116006
-0.00311576766996
-0.0038570090682
-0.00462999970872
-0.00362058380996
-0.00448404558621
-0.00549729328248
-0.00704161896643
-0.00328760172403
-0.0040317151599
-0.00480669282154
-0.0037744668344
-0.00464231038618
-0.00566023611909
-0.00720878991375
-0.00345839754092
-0.00420538287966
-0.00498234797255
-0.00392732044526
-0.00479953948815
-0.00582213707627
-0.00737491523999
-0.00362814596068
-0.00437800275426
-0.00515695547326
-0.00407913729817
-0.00495572508294
-0.00598298782252
-0.00753998613989
-0.00379683777245
-0.00454956525309
-0.00310659667189
-0.0042299100293
-0.00511085933527
-0.00614277999225
-0.00770399376587
-0.00396446371541
-0.00248917209078
-0.00327907955908
-0.00437963125624
-0.00526493438476
-0.00630150518668
-0.00344995450198
-0.00413101447973
-0.00265859102122
-0.00345048536152
-0.00452829357907
-0.00541794234696
-0.00645915497492
-0.00361180887317
-0.00206325113007
-0.00282692364895
-0.00362080414776
-0.00467588958135
-0.00556987531438
-0.00661572089507
-0.00377257318404
-0.00222762341682
-0.0029941602233
-0.00379002592805
-0.00482241183112
-0.00572072535761
-0.00756289314953
-0.001705988182
-0.00239089231194
-0.00316029094115
-0.00395814065536
-0.00496785288208
-0.0058704845264
-0.00549533738551
-0.00186454531607
-0.00255304832029
-0.00332530594815
-0.00412513822657
-0.00511220527457
-0.00601914485083
-0.00564860063661
-0.00202198526109
-0.00271408190335
-0.00348919533987
-0.00429100848359
-0.00525546153681
-0.00394476989873
-0.00580074588456
-0.00217829890362
-0.00287398348041
-0.00365194916305
-0.00445574121464
-0.00539761418597
-0.00409120855195
-0.00595176452983
-0.00233347709711
-0.00303274342993
-0.00381355741696
-0.00461932615553
-0.00331672728565
-0.00423652434502
-0.00610164794908
-0.00248751066322
-0.00319035209089
-0.00397401005471
-0.00478175299104
-0.00345665022212
-0.00438070924148
-0.00625038749659
-0.00264039039323
-0.0033467997642
-0.00413329698468
-0.0049430113563
-0.00359544704297
-0.00452375519143
-0.00639797450561
-0.00279210704945
-0.00350207671417
-0.00429140807204
-0.0051030908383
-0.00373311023347
-0.00466565413292
-0.00654440028977
-0.00294265136676
-0.00365617317005
-0.00444833314024
-0.00526198097744
-0.00471003416086
-0.0037681216522
-0.00488623945674
-0.00760751294204
-0.00640902505837
-0.0077605459787
-0.00701971192893
-0.00454385565783
-0.00359631826503
-0.0047086641076
-0.00742405551882
-0.00625599031828
-0.00758913433157
-0.00684184065526
-0.00437699045328
-0.00556159384849
-0.00453040131123
-0.00727062055583
-0.00853118191702
-0.00742418664432
-0.00666318410292
-0.00628502227289
-0.00538841814446
-0.0043514553812
-0.00712095168472
-0.00837647969143
-0.0072644126522
-0.00648374792141
-0.00611679498383
-0.00521456233206
-0.00417183061136
-0.00697046451317
-0.0082209509687
-0.00710380583518
-0.00630353773046
-0.00594789228689
-0.0050400304235
-0.00401494806262
-0.00681916350501
-0.00806460056361
-0.00694237136588
-0.0061225591198
-0.00578946942437
-0.00486482641489
-0.00386781406056
-0.00666705311554
-0.00790743327878
-0.00678011440053
-0.00594081764899
-0.00563378935809
-0.00468895428612
-0.00759080704779
-0.00651413779117
-0.00774945390426
-0.00661704007856
-0.00575831884716
-0.00547739308358
-0.00452905961051
-0.00744208498776
-0.00636042196908
-0.00759066721719
-0.00645315352224
-0.00557506821284
-0.00532028425423
-0.00438443943297
-0.00729257505375
-0.00620591007685
-0.00743107798144
-0.0062884598363
-0.00539107121381
-0.00516246651511
-0.00423904486116
-0.00714228134019
-0.00605060653218
-0.00727069094727
-0.00612296410763
-0.0074390711261
-0.00500394350271
-0.00409287967512
-0.00699120793443
-0.0058945157425
-0.00710951085098
-0.00595667140493
-0.00725359767699
-0.00484471884483
-0.00394594765018
-0.00683935891641
-0.00573764210468
-0.00694754241461
-0.00802460822053
-0.00706739408018
-0.00468479616029
-0.00379825255665
-0.00668673835842
-0.00557999000472
-0.00678479034559
-0.00785673670144
-0.00688046567874
-0.00452417905877
-0.00364979815957
-0.00653335032473
-0.00542156381744
-0.00885571360321
-0.00768808330202
-0.00669281778426
-0.00436287114062
-0.00350058821839
-0.00637919887136
-0.00748753874948
-0.00869140833133
-0.00751865301506
-0.00650445567669
-0.00421260034405
-0.00335062648675
-0.00622428804577
-0.0073275774658
-0.00852633345854
-0.00734845081361
-0.00631538460423
-0.0040667184623
-0.00319991671218
-0.00830490620216
-0.00716685514922
-0.00836049363091
-0.00717748165075
-0.00612560978329
-0.00392010067395
-0.00304846263587
-0.00814848873889
-0.00700537612691
-0.00819389347846
-0.00700575045932
-0.00593513639832
-0.00377275043994
-0.00513255230795
-0.00799132399169
-0.00684314471347
-0.00802653761489
-0.00683326215162
-0.0057439696018
-0.00585877344344
-0.00497962082496
-0.00783341597107
-0.00668016521061
-0.00785843063732
-0.00666002161923
-0.00555211451415
-0.00388990800779
-0.00500249933984
-0.00354901712336
-0.00643472396011
-0.00487769077613
-0.00528640908842
-0.00390627199102
-0.00374544464489
-0.00485649725835
-0.00340168531895
-0.00628629053053
-0.0047284003655
-0.00514486621921
-0.0037636432375
-0.00541487246943
-0.00652438370075
-0.00325369471422
-0.00613719656242
-0.00457844811323
-0.00500263663716
-0.00362032557692
-0.00526910390636
-0.00637707116051
-0.00495957400568
-0.00780655446703
-0.00628286199309
-0.00671474828209
-0.00536884484322
-0.00512268677454
-0.0062291075245
-0.00481027424909
-0.00765614801913
-0.00613159477077
-0.00657115388772
-0.00522415814148
-0.00497562375771
-0.00790413038456
-0.00466032413349
-0.00750508962175
-0.00597967441124
-0.00642688138911
-0.00507879130017
-0.00913914105092
-0.00775487280734
-0.00450972646493
-0.00735338212944
-0.00582710380691
-0.00628193365069
-0.004932747236
-0.00899079430293
-0.0076049723775
-0.00435848404535
-0.00720102839229
-0.00567388584539
-0.00613631353413
-0.00478602886251
-0.00884180970229
-0.00745443183529
-0.00420659967244
-0.00704803125572
-0.00552002340941
-0.00599002389808
-0.00463863908988
-0.0086921899197
-0.00730325391706
-0.0040540761395
-0.00689439356043
-0.00536551937656
-0.00584306759805
-0.00449058082478
-0.0085419376223
-0.00715144135503
-0.00390091623531
-0.00674011814217
-0.00521037661929
-0.00569544748624
-0.00434185697018
-0.00839105547345
-0.00699899687724
-0.00792702698136
-0.00658520783167
-0.00505459800463
-0.00554716641138
-0.00419247042522
-0.00823954613269
-0.00684592320733
-0.00777260268218
-0.00642966545445
-0.00489818639416
-0.00539822721854
-0.00404242408503
-0.00808741225554
-0.0066922230645
-0.00761755034953
-0.00627349383075
-0.00474114464384
-0.00524863274905
-0.00389172084056
-0.00793465649342
-0.00653789916329
-0.00746187275272
-0.00611669577533
-0.00458347560386
-0.00509838584026
-0.00374036357845
-0.00778128149352
-0.00638295421355
-0.00730557265589
-0.0059592740974
-0.00442518211855
-0.00494748932546
-0.00358835518089
-0.00762728989863
-0.00622739092022
-0.00714865281783
-0.00580123160046
-0.00843404823763
-0.00479594603367
-0.00343569852541
-0.0074726843471
-0.0060712119833
-0.00699111599193
-0.00564257108219
-0.00827451437043
-0.00464375878957
-0.0032823964848
-0.00731746747265
-0.00591442009764
-0.00683296492601
-0.00548329533433
-0.00811436455431
-0.00449093041328
-0.00312845192694
-0.00909453578399
-0.00773175708721
-0.0066742023622
-0.00532340714256
-0.00795360160882
-0.00433746372027
-0.00297386771464
-0.0089381041459
-0.00757374736771
-0.00848957017119
-0.00717407430923
-0.00976765386609
-0.00623314104062
-0.00490835574904
