0.00134473139992
0.00475101203734
0.00166354248687
0.00288032770254
0.0022475602814
0.00338195873637
0.000357833621382
0.00133772709195
0.00474393968894
0.00165641054288
0.00287314532155
0.0022403372518
0.00337470537171
0.000350560637545
0.00133150298924
0.00473765511774
0.00165007300808
0.00286676296241
0.00223391876738
0.00336825992781
0.000344097757614
0.00132605921817
0.00473215845384
0.00164453001586
0.00286118076137
0.00222830496669
0.003362622545
0.000338445123056
0.00132139588927
0.00472744981102
0.00163978168293
0.00285639883763
0.00222349597098
0.00335779334605
0.000333602857634
0.00131751309727
0.0047235292868
0.00163582810928
0.00285241729329
0.00221949188411
0.00335377243613
0.000329571067384
0.00131441092103
0.00472039696235
0.00163266937816
0.00284923621341
0.00221629279257
0.00335055990284
0.00032634984061
0.00131208942358
0.00471805290257
0.00163030555611
0.00284685566595
0.00153150660787
0.00265569978681
-0.000351578817817
0.000654316414265
0.00403335248976
0.000958573732042
0.00216288354414
0.00152991769696
0.00265410419913
-0.000353178723708
0.000653556400029
0.00403258508864
0.000957799860774
0.00216210419698
0.00152913393657
0.00265331714523
-0.000353967907702
0.000653577158497
0.00403260604887
0.000957820997726
0.00216212548349
0.00152915534363
0.00265333864224
-0.000353946352507
0.000654378689248
0.00403341537001
0.000958637142451
0.00216294740324
0.00152998191767
0.00265416868971
0.00374825174608
0.000655960975995
0.00403501303529
0.000960248277756
0.00216456993865
0.00153161364084
0.00265580726954
0.00374989476047
0.000658323986588
0.00403739901162
0.000962654369699
0.00216699305505
0.00153405047788
0.00265825434603
0.00375234845934
0.000661467673016
0.00404057324958
0.000965855367596
0.00217021670069
0.00153729237613
0.00266150986585
0.00375561278895
0.000665391971412
0.00404453568341
0.000969851204025
0.00217424080669
0.00154133926556
0.00266557375809
0.00375968767779
0.000670096802062
0.00404928623106
0.00097464179483
0.0021790652871
0.00154619105874
0.00267044593422
0.0037645730366
0.00067558206941
0.00405482479415
0.000980227039137
0.0021846900389
0.00578734625804
0.00267612628811
0.00377026875842
0.00068184766207
0.00406115125803
0.000986606819357
0.00219111494198
0.00579380752699
0.00268261469607
0.00377677471853
0.000688893452834
0.00406826549175
0.000993781001204
0.00219833985918
0.00580107333326
0.00268991101685
0.00378409077453
0.00069671929869
0.00407616734807
0.00100174943371
0.00220636463631
0.00580914352002
0.00269801509163
0.00379221676632
0.00183678265791
0.0024668655944
0.00311503196773
9.32173597374e-05
0.00140788131217
0.00214742261786
0.00274299839512
0.00182807928577
0.00245787182842
0.00310573682629
8.36106359536e-05
0.000817420589972
0.00213716742205
0.00273234719886
0.00182027971024
0.00244981196948
0.00309740683625
7.50013608945e-05
0.000808523949484
0.00212797687504
0.00272279716855
0.00181338414388
0.00244268625212
0.00309004225653
6.7389820389e-05
0.000800658298479
0.00151460806633
0.0027143486907
0.00180739277467
0.00243649488378
0.00308364331614
6.07762672323e-05
0.000793823915914
0.00150754781979
0.00270700210741
0.00180230576597
0.00243123804474
0.00307821021408
5.51609211436e-05
0.000788021044252
0.00150155314453
0.00206962182787
0.00179812325655
0.0024269158881
0.00307374311938
5.05439687295e-05
0.000783249889421
0.00149662426759
0.0020644798819
0.00179484536048
0.00242352853977
0.00307024217105
4.69255634537e-05
0.000779510620778
0.00149276137567
0.00206044058952
0.00179247216721
0.00242107609845
0.00306770747804
4.43058256108e-05
0.000776803371077
0.00148996461514
0.00205750411449
0.00179100374149
0.00241955863559
0.00306613911926
4.26848423064e-05
0.000775128236448
0.00148823409196
0.00205567057587
0.00179044012338
0.00241897619542
0.00306553714351
4.20626674431e-05
0.000774485276377
0.00148756987174
0.00205494004803
0.00179078132828
0.00241932879491
0.00306590156954
4.2439321711e-05
0.000774874513698
0.00148797197964
0.00205531256059
0.00102718333908
0.00242061642378
0.003067232386
4.38147925846e-05
0.000776295934588
0.00148944040043
0.00205678809843
0.00102933413736
0.00162692518432
0.00306952955147
4.61890343247e-05
0.00077874948857
0.00149197507845
0.00205936660173
0.00103238965664
0.00163008273215
0.00307279299445
4.95619679861e-05
0.000782235088519
0.00149557591764
0.00206304796593
0.00103634981354
0.00163417511507
0.00224808777995
5.39334814306e-05
0.000786752610681
0.00150024278158
0.00206783204176
0.00104121450005
0.00163920221387
0.00225328344317
0.0037046117451
0.000792301894696
0.00150597549346
0.0020737186353
0.00104698358346
0.00164516388212
0.00225944498906
0.00284741854229
0.00079888274362
0.00151277383617
0.002080707508
0.00105365690647
0.00165205994622
0.00226657222597
0.00285478479064
-5.70664827633e-05
0.0015206375523
0.00208879837674
0.00106123428712
0.00165989020541
0.00227466493227
0.00286314883875
-4.84232409819e-05
0.00152956634423
0.00209799091384
0.00106971551892
0.0016686544318
0.00228372285639
0.00287251040889
-3.87492442128e-05
0.000639890159862
0.00210828474721
-0.0046754937894
-0.00409267267512
-0.00577272907921
-0.00514025553198
-0.00665906274543
-0.00605895383104
-0.00529838335575
-0.00684849352585
-0.00639747182379
-0.00310954291821
-0.00263122678976
-0.00235843473594
-0.00338718660186
-0.00321248717307
-0.00399360845148
-0.00391272984715
-0.0040593982548
-0.00443623894703
-0.00467229850402
-0.00475193255753
-0.00507116963762
-0.00475926315126
-0.00419941189613
-0.00588169521164
-0.00525143327325
-0.00677242203681
-0.00623742278748
-0.00575105723739
-0.00730506661242
-0.00223511456358
-0.00359781658764
-0.00282862230313
-0.00255918797915
-0.00359105696477
-0.00341918881911
-0.00420281097675
-0.00412406058332
-0.00427244633503
-0.00465056113109
-0.00488742661437
-0.00498144147558
-0.00530043283635
-0.00538258174708
-0.00427888949948
-0.00596283484283
-0.00533422374969
-0.00466067749425
-0.00638653051682
-0.00590347523352
-0.00746075787958
-0.00239401481316
-0.00375983103269
-0.00329518592361
-0.00303466534829
-0.00406915477912
-0.00390448510805
-0.00437773796162
-0.00430077787551
-0.00445060854241
-0.00482979546595
-0.00506733917844
-0.00516162466443
-0.00548047349954
-0.0054331296791
-0.00488365447994
-0.00656869190636
-0.00594769516206
-0.00533207028056
-0.00650610292535
-0.00602571198213
-0.00306580681938
-0.00252147082873
-0.00216392148418
-0.00342755594191
-0.00316930939957
-0.00420591093366
-0.00404316055678
-0.00483058211888
-0.00475840835486
-0.0049111171457
-0.00497364099317
-0.00521173184358
-0.00530623565571
-0.00562496950783
-0.00545683230611
-0.00491750730616
-0.00659395456573
-0.00600559293591
-0.00541995086794
-0.0071504939684
-0.00667130348778
-0.00371982381186
-0.00318863604136
-0.00226165544769
-0.00352710508402
-0.00327057471402
-0.00430877048955
-0.00414746905245
-0.00420849625672
-0.00486508769338
-0.00501867663713
-0.00539938159657
-0.00563788478611
-0.00573255351214
-0.00604948873992
-0.00548572678356
-0.00494631185373
-0.00662861733159
-0.00604727346601
-0.00547871449284
-0.00721060822971
-0.00221937907093
-0.00378261597476
-0.00325273459583
-0.00291200206602
-0.00417866868239
-0.0039349473596
-0.00437757442253
-0.00421724478117
-0.00427913094426
-0.00493645376814
-0.00509063318817
-0.00547177639225
-0.00571055686507
-0.00580533624244
-0.00118907900747
-0.00627845472268
-0.0057184622203
-0.00740741914891
-0.0060603713753
-0.00550829448723
-0.0028038497874
-0.00225031819295
-0.00381422639629
-0.00328500356132
-0.00294491053839
-0.00421219072706
-0.00396904963116
-0.00500885364172
-0.00485822857163
-0.00492693400451
-0.00558462570289
-0.00512686452109
-0.00550822877202
-0.00574714910776
-0.0062087419228
-0.00122569766896
-0.00629797854017
-0.00572656907945
-0.0051376562506
-0.00678357040281
-0.00617359129475
-0.00350323526864
-0.00292042283365
-0.00381461403337
-0.00328539927779
-0.00294531410091
-0.00421260181765
-0.00396946784089
-0.00500927846627
-0.00485865940938
-0.0049273701577
-0.00558506638243
-0.00574281901338
-0.00612418597678
-0.0063631080288
-0.00189938858871
-0.00122614675595
-0.00629060780375
-0.00571904935032
-0.00511654061595
-0.00684765016032
-0.00184305701057
-0.00347371630845
-0.00289024204214
-0.00246775439173
-0.00393809964365
-0.00361348387359
-0.00488017304179
-0.00393620135627
-0.00497548607077
-0.00482438894602
-0.00489267710843
-0.00555001348878
-0.00570747559
-0.00608862691753
-0.00632741253026
-0.00186363864257
-0.00181375689051
-0.00709490873996
-0.00651811049541
-0.00513012282926
-0.00251500582011
-0.0018793168713
-0.00353393547648
-0.00287530285591
-0.00240573549122
-0.00387479038214
-0.00354892165231
-0.00481440876744
-0.00458329889423
-0.00562152759187
-0.00548031397272
-0.00555526202657
-0.0054795258193
-0.00563640467932
-0.00601712313148
-0.00130549099538
-0.0017917516744
-0.00174192748418
-0.00703379610033
-0.00645576460151
-0.00593215150597
-0.00334816737071
-0.00273007303712
-0.00439100996453
-0.00291691128337
-0.00243458374687
-0.00385298894501
-0.00347446556171
-0.00471567642564
-0.00448286433505
-0.0044622026504
-0.00537686096179
-0.00545053884952
-0.0061060713801
-0.00626591893646
-0.00171624624809
-0.00119775556727
-0.00168385267027
-0.00163411462889
-0.00694588772815
-0.00640131397923
-0.00157369475284
-0.00332638298751
-0.00274066337063
-0.00440183427071
-0.00377592465888
-0.0033262434151
-0.00474543099501
-0.00351497486269
-0.00472664645986
-0.00443996590761
-0.00436376921373
-0.00523903623383
-0.00531102833009
-0.00596512575324
-0.00612381490522
-0.00157328258575
-0.00181084148038
-0.00229214691429
-0.00224252316414
-0.00461271400078
-0.00196488696009
-0.00152439387115
-0.00330330785814
-0.00272197517616
-0.00439932089319
-0.00378352826121
-0.00333400678241
-0.00475335032201
-0.00439535224705
-0.00560716739908
-0.00533733135704
-0.00527444157018
-0.0052300453036
-0.00524570704448
-0.00584238820389
-0.00101677947928
-0.00139492335936
-0.00163180724047
-0.00211284333242
-0.00206336143235
-0.00545399351133
-0.00278031427544
-0.00235008930333
-0.00415936016072
-0.00269005258241
-0.00437683851865
-0.00376055604294
-0.00331055198167
-0.00472942443921
-0.00437097147631
-0.00558235302682
-0.00531211007186
-0.00524884564846
-0.00610631275386
-0.00613080339579
-0.00189282604201
-0.00197158520972
-0.00130704464314
-0.00148600858491
-0.00190920453513
-0.00184895179198
-0.00102894907954
-0.00272922934545
-0.00227216432575
-0.00409937828259
-0.00360697044198
-0.00312493150899
-0.00472690654413
-0.00430209111834
-0.00467368566627
-0.00431417420462
-0.00552454685319
-0.00525335715339
-0.00518922113177
-0.00604590483464
-0.00606971293778
-0.00183116570464
-0.00190947806375
-0.00222969987418
-0.00240848643374
-0.00282585124444
-0.00271911151017
-0.000952167852678
-0.00265086364131
-0.00218548620805
-0.00402076391744
-0.00352655567482
-0.00304271750928
-0.00464290641622
-0.00421633166322
-0.00563239078352
-0.00529468158338
-0.00515425148795
-0.00625075023398
-0.00509565994901
-0.00595111725794
-0.00113944343026
-0.00173441773961
-0.00181203078816
-0.00213175928623
-0.00231026824191
-0.00272757673699
-0.00262100311755
-0.00189616980051
-0.00359273570925
-0.00313440363888
-0.00391370264705
-0.00341704849001
-0.00293076640285
-0.0045285295963
-0.00409956593399
-0.00551329390177
-0.00517333447588
-0.00503076018971
-0.0061252473865
-0.00607361049395
-0.00216605098479
-0.00214886391593
-0.00122152119304
-0.00167940555036
-0.00199846509588
-0.00217659762507
-0.00259382975849
-0.00248748138532
-0.00176617141324
-0.00346006820217
-0.00300208006543
-0.00483185477863
-0.00436269445161
-0.00390897948882
-0.00438391694266
-0.00395194375984
-0.0053627356176
-0.00501994262989
-0.00487466888203
-0.0059666241291
-0.0059126573016
-0.00200300448654
-0.00198399430374
-0.00220155769845
-0.00265824929146
-0.00297646755712
-0.0031541267159
-0.00242483500263
-0.00231876988048
-0.00160973610206
-0.00330043219605
-0.00284219588833
-0.004668276241
-0.00419540521609
-0.00373798435244
-0.00532901448493
-0.00492138346184
-0.00632864561374
-0.00600742052826
-0.00468619959429
-0.00577511338338
-0.000956995294633
-0.00180618221889
-0.00178498348576
-0.00200072046719
-0.00245598065316
-0.00277318942562
-0.0029502806026
-0.00336076221499
-0.00399817648497
-0.0027371773121
-0.00311398333967
-0.00265491390125
-0.00225093025655
-0.00399948892414
-0.0035377489754
-0.00512449564435
-0.00471264956869
-0.00611580191092
-0.00579061287213
-0.00565951832657
-0.0020793870521
-0.00196755946837
-0.00281382418837
-0.0015521433415
-0.00176575775579
-0.00221935470341
-0.00253539062947
-0.00271182196844
-0.00312216973834
-0.00375997881902
-0.00252833104006
-0.00421106881558
-0.00374865943959
-0.0033435321223
-0.00508716328894
-0.00330850388868
-0.00489037504524
-0.00447373308108
-0.00424413899106
-0.00554251504848
-0.00540713085331
-0.00182297968912
-0.00170745604607
-0.00255040264614
-0.00253725304019
-0.00275536705017
-0.00320707669949
-0.00352178196916
-0.00243913712981
-0.00284933306825
-0.00348759002962
0.000874695398424
0.00418883655943
0.00118349542961
0.00225226689682
0.00165330349052
0.00266532364964
-0.000250256467473
0.000753487699034
0.00406665946614
0.00105753886767
0.00212555014878
0.00152597041941
0.00253752470975
-0.000378365725167
0.00063287646895
0.00394508174281
0.000932178395253
0.00199943154508
0.00139923713813
0.00241032679123
-0.000505873146993
0.00051286341918
0.00382410513646
0.000807415816703
0.00187391291829
0.00127310550225
0.00228373176717
-0.000632776848191
0.000393450258748
0.00370373139223
0.00210921676146
0.00319650048598
0.00259508175246
0.00362306395929
0.00067462165271
0.00167548381992
0.00503525153455
0.00198565537807
0.00307218730544
0.00247015896921
0.00349768033867
0.000548931042536
0.00155727555685
0.00491438447923
0.00186269729296
0.00294847959141
0.00234584339049
0.00337290522445
0.000423849800255
0.00143967229737
0.00479291239895
0.00174034430442
0.00282537917075
0.00222213686648
0.00324874048454
0.000299379805623
0.00132267574165
0.00467204455432
0.00161859820899
0.00270288786865
0.00209904124578
0.0031251879853
0.000175522936887
0.00120628758744
0.00455178270644
0.00149746080139
0.00258100750855
0.00197655837528
0.00300224959146
5.2281070692e-05
0.00109050952991
0.00443212861441
0.00137693387436
0.00245973991203
0.00185469010006
0.00287992716599
-7.03439180267e-05
0.000975343261636
0.00431308403519
0.00125701921862
0.00233908689868
0.00173343826334
0.00275822257002
-0.000192350156147
0.000860790472442
0.00419465072352
0.00113771862275
0.00221905028604
0.0016128047063
0.00263713766273
-0.000313735772466
0.0027446720197
0.0040768304318
0.00101903387308
0.0020996318895
0.00149279126803
0.00251667430123
-0.000434498897801
0.00263135124678
0.00395962491005
0.000900966753626
0.00198083352215
0.00137339978541
0.0023968343405
-0.000554637665102
0.00251864900513
0.00384303590574
0.000783519045929
0.00186265699472
0.00125463209302
0.00227761963322
-0.000674150209555
0.00240656697271
0.00372706516375
0.000666692529011
0.00174510411548
0.001136490023
0.0021590320297
-0.000793034668689
0.00229348151473
0.00361171442622
0.000550488979242
0.00162817669009
0.00101897540496
0.00204107337778
-0.000911289182489
0.00217972201009
0.0034969854325
0.000434910170247
0.00151187652155
0.00090209006591
0.0019237455227
-0.0010289118935
0.00206658248484
0.00338287991902
0.0003199578728
0.00139620541006
0.000785835830087
0.001807050307
-0.00114590094694
0.00195406463353
0.00326939961917
0.000205633854719
0.00128116515293
0.000670214518894
0.00169098957041
-0.00126225449082
-0.000733698801616
4.85738801209e-05
0.000879166710273
0.00172286550464
0.000571422411016
0.00132268602651
-0.00430784371615
-0.000870853286931
-9.21779501176e-05
0.000734753400791
0.00157474246404
0.00240215132232
0.00116708204183
-0.00446716628703
-0.00100737849679
-0.000232293007427
0.000590983774971
0.00142726934819
0.00225094546913
0.00101213815767
-0.00462582493859
-0.00114327215019
-0.000371768860413
0.000447860420736
0.00128044890676
0.00210039795045
0.00290324299707
-0.00478381641862
-0.00127853196573
-0.000510603076466
0.000305385928176
0.00113428389267
0.00195051168614
0.00274962857039
-0.00494113746746
-0.00141315566169
-0.00064879322189
0.000163562889402
0.000988777061944
0.00180128960044
0.00259668351231
-0.00311703213396
-0.00154714095625
-0.000786336862044
2.23938984044e-05
0.000843931173579
0.00165273462178
0.00244441092361
-0.000160425610455
-0.0016804855675
-0.000923231561476
-0.000118118449096
0.000699748989367
0.00150484968262
0.00229281391046
-0.000315715735533
-0.00181318721368
-0.00105947488407
-0.000257971555795
0.00055623327375
0.0013576377193
0.0021418955843
-0.000470322319425
-0.00194524361324
-0.00119506439316
-0.000397162822952
0.000413386793657
0.00121110167183
0.00199165906162
-0.000624242067668
-0.00207665248499
-0.00132999765171
-0.000535689650548
0.000271212318348
0.00106524448379
0.00184210746385
-0.000777471679369
-0.00220741154826
-0.00146427222245
-0.000673549437434
0.000129712619244
0.000920069102117
0.00169324391711
-0.000930007847393
-0.000793815965319
-0.00159788566799
-0.000810739581491
-1.11095302335e-05
0.000775578476912
0.00154507155208
0.00231428011443
-0.00092326857225
-0.000135009662771
-0.000947257479786
-0.000151251354835
0.000631775561301
0.00139759350377
0.00216314077918
-0.00105206453301
-0.000267293546107
-0.00108310052873
-0.000290710077649
0.000488663311236
0.00125081291138
0.00201270484457
-0.00118020157027
-0.00039890899299
0.000432606516064
-0.00042948292028
0.000346244685314
0.00110473291807
0.00186297564076
-0.0013076774079
-0.000529853567139
0.000298120978384
-0.000567567103016
0.00020452264459
0.00095935667077
0.00171395650321
-0.00143448977111
-0.000660124832924
0.000164318103109
0.00100338750534
6.35001523938e-05
0.000814687320004
0.0015656507724
-0.00156063638657
-0.000789720355527
3.12004948039e-05
0.000866688985883
0.00169092914095
0.000670728019662
0.00141806179368
-0.00168611498258
-0.000918637701099
-0.000101229242141
0.000730687471531
0.00155131464391
0.000527481926808
0.00127119291702
0.00191825621235
-0.00104687443691
-0.000232968503681
0.000595385745448
0.0014124085971
0.00221375029437
0.0011250474968
-0.00546145491284
-0.00841447285923
-0.00875142314909
-0.00907362419273
-0.00515212917742
-0.00540439274943
-0.00573453404105
-0.00537230340803
-0.00832244331952
-0.00865644560184
-0.00897564629939
-0.00505112179742
-0.00530715918832
-0.00563433908941
-0.00528228376932
-0.0082295233984
-0.00856055545464
-0.00887673380401
-0.00494915824436
-0.00520893030304
-0.00553312605825
-0.0066832803818
-0.00813571580364
-0.00846375566283
-0.00877688992663
-0.00484624201859
-0.00510970971361
-0.00543089887829
-0.00659153192391
-0.00804102325779
-0.00836604919684
-0.00867611790264
-0.00474672163984
-0.00500950105884
-0.00532766149916
-0.00649892280901
-0.00697270442033
-0.00826743904185
-0.00857442098232
-0.00464859013428
-0.00490830799568
-0.00522341788874
-0.00640545555715
-0.00687625019716
-0.00969759199854
-0.00847180243041
-0.00454950018317
-0.00480613419874
-0.00511817203249
-0.00631113270176
-0.00677891927555
-0.00959718347798
-0.00836826552569
-0.00444945518022
-0.00470298335972
-0.0050119279329
-0.00621595678938
-0.00668071443365
-0.00949588030839
-0.00983141944341
-0.00850900057661
-0.00459885918683
-0.00490468960882
-0.00611993037933
-0.00658163846264
-0.00939368553001
-0.00972605572335
-0.00840705571638
-0.00449376540427
-0.00479646109487
-0.00602305604346
-0.00648169416643
-0.00929060219586
-0.00961978356669
-0.00991069938608
-0.00438770575168
-0.00468724644082
-0.0059253363658
-0.00638088436134
-0.00918663337144
-0.00951260630403
-0.00980686843468
-0.00600490479594
-0.00457704971097
-0.00582677394233
-0.00627921187574
-0.00908178213428
-0.00940452727787
-0.00970209963727
-0.00589692468129
-0.00446587498357
-0.00572737138064
-0.00617667954974
-0.00897605157364
-0.0092955498422
-0.00959639647915
-0.00578799000278
-0.00611931092338
-0.00562713129969
-0.00607329023488
-0.00886944479007
-0.00918567736207
-0.00948976245922
-0.00567810455644
-0.00600619248845
-0.00552605632947
-0.00596904679373
-0.00876196489509
-0.00907491321315
-0.00938220108954
-0.00556727215104
-0.00589210836843
-0.00542414911074
-0.00586395209967
-0.00865361501082
-0.00896326078138
-0.0092737158948
-0.00545549660763
-0.00577706269141
-0.00532141229476
-0.00575800903647
-0.00854439826957
-0.0088507234625
-0.00916431041192
-0.00534278175896
-0.0056610595965
-0.00521784854297
-0.00565122049804
-0.00843431781355
-0.00873730466168
-0.00905398818955
-0.00522913144898
-0.00554410323321
-0.00511346052672
-0.00554358938806
-0.00832337679444
-0.00862300779311
-0.00894275278764
-0.00511454953236
-0.00542619776092
-0.00672147095706
-0.0054351186197
-0.00821157837307
-0.0085078362796
-0.00883060777695
-0.00499903987393
-0.0053073473483
-0.00818933284745
-0.00554169937661
-0.00641964875564
-0.00714883012593
-0.00651609040382
-0.0039544147631
-0.00805372445993
-0.00809423663021
-0.00544830114311
-0.006336378148
-0.00706483002148
-0.00643149889277
-0.00386936527982
-0.00796835723554
-0.00799839432958
-0.00535414827259
-0.00625233011175
-0.00698004830704
-0.00790162550552
-0.00378352613841
-0.00788219792867
-0.00790180792078
-0.00525924274238
-0.00616750648006
-0.00689448685443
-0.0078154635966
-0.00369689927737
-0.00779524849831
-0.00780447938729
-0.00517196059627
-0.00608190909716
-0.00680814754665
-0.0077285193639
-0.00520916262233
-0.00770751091485
-0.00770641072073
-0.00508628546588
-0.00599553981819
-0.00672103227766
-0.00764079473901
-0.00512096618286
-0.00761898715992
-0.00760760392065
-0.00499984537398
-0.00590840050901
-0.00663314295224
-0.00755229166443
-0.00503198790671
-0.00752967922619
-0.00750806099437
-0.00491264215488
-0.00582049304603
-0.00654448148576
-0.00746301209338
-0.0049422297767
-0.00898715759482
-0.00740778395682
-0.00482467765312
-0.00573181931602
-0.00645504980403
-0.00737295798959
-0.00485169378621
-0.00889628732458
-0.00901093495444
-0.00473595372335
-0.00564238121595
-0.00636484984311
-0.00728213132713
-0.00476038193906
-0.00880463891772
-0.0089091957687
-0.00464647223011
-0.0055521806528
-0.00627388354913
-0.00719053409022
-0.00466829624923
-0.00871221440907
-0.00880672856039
-0.00631161418809
-0.00546121954339
-0.00618215287807
-0.00709816827302
-0.00457543874076
-0.00861901584348
-0.00870353537314
-0.00622062320039
-0.00536949981421
-0.00608965979566
-0.00700503587949
-0.00448181144747
-0.00852504527571
-0.00859961825736
-0.00612888030066
-0.00527702340121
-0.00599640627711
-0.00691113892314
-0.00438741641285
-0.00843030477013
-0.00849497927001
-0.0060363873914
-0.00693852505218
-0.00590239430698
-0.00681647942691
-0.0042922556898
-0.00833479640062
-0.00838962047451
-0.00594314638418
-0.0068445411165
-0.005807625879
-0.00672105942294
-0.0041963313405
-0.00823852225032
-0.00828354394052
-0.00584915919945
-0.00674980636006
-0.00746683579838
-0.00662488095238
-0.00409964543617
-0.00814148441144
-0.00817675174378
-0.00575442776639
-0.00665432275499
-0.00737056047157
-0.00652794606523
-0.0040022000569
-0.00804368498511
-0.00806924596599
-0.00565895402273
-0.00655809228204
-0.00727353472121
-0.00643025682015
-0.00756139696821
-0.00794512608113
-0.00796102869458
-0.00556273991458
-0.00646111693039
-0.00717576057584
-0.00808378205874
-0.00746243891389
-0.00784580981784
-0.00785210202259
-0.00546578739627
-0.0063633986975
-0.00707724007225
-0.00798459030746
-0.00736272767626
-0.00490263215634
