0.00193692443387
0.00452028504505
0.00220750012475
0.00211503797281
0.00441643295333
0.00219686615938
1.66120272586e-05
0.00185351496436
0.00445089914206
0.00213780224887
0.00204525473195
0.00434679345892
0.0021275953165
-5.20758385239e-05
0.00177119726469
0.00438263622486
0.00206923184722
0.0019766001922
0.00427828059937
0.00205944580209
-0.000119650788633
0.00202725149103
0.00431549932782
0.00397473088165
0.0019090774385
0.00421089744128
0.00199242063598
-0.000186109876288
0.00194712794418
0.00424949144593
0.00390842461087
0.00184268951596
0.0041446488742
0.00192652279876
-0.00025145019321
0.00186810671537
0.0041846155342
0.00384325491653
0.00177743942913
0.00407953415942
0.00186175523117
-0.000315668870222
0.0017901912546
0.00412087450699
0.00377922475147
0.00171333014141
0.00401555810518
0.00179812083349
-0.000378763077826
0.0017133849777
0.00405827123747
0.00371633702685
0.00165036457445
0.00395272361553
0.00173562246492
0.00238500045346
0.00614642501505
0.00399680855693
0.00365459461156
0.00158854560748
0.00389103355229
0.00167426294299
0.0023241635115
0.00607184721334
0.00393648925426
0.00359400033161
0.00152787700801
0.00383049073448
0.00161404504296
0.00226445928351
0.00599838863123
0.00387731607528
0.00353455696947
0.00146835970599
0.00377109793772
0.00155497149724
0.00220589043446
0.00592605254115
0.00381929172222
0.00347626726354
0.00140999738106
0.0037128578936
0.00149704499477
0.00214845958678
0.00585484217799
0.00376241885308
0.00341913390749
0.00135279273673
0.00365577328909
0.0014402681805
0.00209216931978
0.00578476073846
0.00370670008108
0.00336316048103
0.00129674843105
0.00359984676598
0.00138464365474
0.00203702216911
0.0057158113804
0.00365213797409
0.00330834772403
0.00574620963952
0.00354508092027
0.00133017397266
0.0016456080454
0.00564799722217
0.00562705969535
0.00325469912387
0.00569249380069
0.00349147830161
0.00127686164372
0.00159275455706
0.00558132134195
0.00557481843775
0.00320221718958
0.00563994599628
0.00343904141274
0.00122470913108
0.0015410515247
0.00551578677712
0.00552374313368
0.00315090438263
0.00558856869683
0.00338777270892
0.00117371885108
0.00149050130399
0.0054513965236
0.00547383243873
0.00310076311633
0.00553836432459
0.00333767459738
0.000786480591893
0.00144110620431
0.00538458443464
0.00542509054833
0.00305179575534
0.00548933525297
0.00328874943677
0.00334763449087
0.00550397965231
0.00531701222127
0.00537751974666
0.00300400461507
0.00544148380601
0.00324099953665
0.00330014493075
0.00545690153505
0.00174007938829
0.000146587645193
0.00166729454608
0.00352569193461
0.00223432428608
0.000282771198947
0.00225131060721
0.00167453536978
8.54351631892e-05
0.00160394644277
0.00346021697776
0.00217533694441
0.000221791404504
0.00218849965043
0.00161024161884
2.55867544226e-05
0.00154194508886
0.00339612969087
0.00211779956697
0.000162306560644
0.00212722463782
0.00154720165667
-3.2954038306e-05
0.00148129441142
0.00333343439763
0.00206171635204
0.000104321294316
0.00206749061412
0.00148541894865
-9.01837371756e-05
0.00142199826679
0.00327213534522
0.00200709140739
4.78401342216e-05
0.00200930251846
0.00142489690345
-0.000146098930323
0.00136406043939
0.00321223670296
0.00195392874887
-7.1324908602e-06
0.00195266518249
0.00136563887214
-0.000200696272811
0.00130748464056
0.00315374256095
0.00190223229901
-0.000493335013312
0.00143575583051
0.00130764814733
-0.000253972487575
0.000852331531974
0.00266994168893
0.00141926312601
-0.000545277689957
0.00138223406931
0.000878494858677
-0.000682933523462
0.000798490626465
0.00261426849442
0.00137051048077
-0.000595699161171
0.00133027689878
0.00479446675233
-0.000733557927778
0.000746022434006
0.00256001158221
0.00132323523804
-0.000644595414103
0.00127988870182
0.00474029710504
0.00237619065805
0.000694930362588
0.00250717471262
0.00127744093342
-0.000691962543799
0.00123107374461
0.00468740733282
0.00232823033473
0.000645217741664
0.00245576156032
0.00123313100251
-0.000737796754701
0.0011838361749
0.00463580042317
0.00228160647397
0.000596887821113
0.00240577571317
0.00119030877969
-0.000782094362118
0.0011381800203
0.00458547930008
0.00223632192639
0.000549943770214
0.002357220671
0.00428691850346
-0.000824851793657
0.00109410918663
0.00453644682327
0.00219237946849
0.00050438867665
0.0023100998444
0.00424708128895
-0.000866065590627
0.0010516274563
0.00448870578737
0.00214978180184
0.000460225545518
0.00226441655361
0.00420874116622
0.00271805630129
0.00101073848672
0.00444225892118
0.00210853155223
0.000417457298376
0.00222017402735
0.00417190105282
0.00267993968799
0.000971445808784
0.00439710888693
0.00206863126894
0.000376086772303
0.00217737540176
0.00413656375934
0.00264337638976
0.000933752825393
0.00435325827949
0.00203008342393
0.000336116718984
0.00213602371928
0.00410273198828
0.00260836939727
0.00089766280999
0.0043107096257
0.00199289041111
0.000297549803816
0.0020961219276
0.0040704083331
0.00257492158114
0.00086317890519
0.00426946538363
0.0019570545456
0.000260388605046
0.00205767287869
0.00403959527722
0.00254303569069
0.000830304121429
-0.00307208752036
-0.00529415611749
-0.000918670436791
-0.00302745054195
-0.00307505612055
-0.00504941459806
-0.00523550800453
-0.00243695850047
-0.00266489092606
-0.00314681419774
-0.00466868565678
-0.00530179401007
-0.000623248852983
-0.00134741631364
-0.002364412166
-0.00323503421568
-0.00438361095246
-0.000150271627594
-0.0014717050669
-0.0016959901224
-0.00311372702837
-0.0042790964934
-0.00650828343295
-0.00117937744802
-0.00329573294022
-0.00335111608727
-0.0053334268045
-0.00552761042411
-0.00273724179352
-0.00297338646995
-0.00346348098151
-0.00499339645298
-0.00563432147471
-0.00206878498566
-0.00280807476388
-0.0038314854825
-0.00359414782037
-0.00474754590372
-0.000518045046092
-0.00184223174829
-0.00206810786609
-0.00348622773273
-0.00449756835277
-0.00235473614884
-0.00236836709789
-0.00449149264809
-0.00457621412707
-0.00656564047501
-0.00117341516494
-0.00300405095201
-0.00324755921072
-0.00374498594807
-0.00528212490463
-0.00107101356882
-0.00237126167347
-0.00311686167011
-0.00414604964757
-0.00502747782328
-0.0013354646934
-0.00190022335467
-0.00320921857792
-0.00239952455061
-0.00381799012164
-0.00468804561905
-0.00255078381157
-0.00257017497733
-0.00469924093445
-0.00479006829535
-0.0067857451373
-0.00240999923817
-0.00424708178202
-0.00451961672778
-0.00399084157574
-0.00553434600723
-0.00132942907999
-0.00263561011239
-0.00338678185749
-0.00442107411895
-0.000427419088372
-0.00161886196185
-0.00218668440871
-0.00349787871403
-0.00372646233408
-0.000509851539066
-0.000471950824264
-0.00271783077378
-0.00274215447557
-0.00487630950061
-0.00497237012402
-0.002477644518
-0.00260312342801
-0.00444573995286
-0.00472384079075
-0.00525120988071
-0.00205945056969
-0.00267158331475
-0.00398287203104
-0.00361726543176
-0.00465595684757
-0.000666206115724
-0.00139967990858
-0.00243143225223
-0.00374452483879
-0.00397420613939
-0.000757859627168
-0.00175614678505
-0.00400597662831
-0.00404677825069
-0.00502247136752
-0.000627109838602
-0.00263259348308
-0.00276260653064
-0.00460981861154
-0.00489254370305
-0.00068378793066
-0.0022373180998
-0.00285388545147
-0.00416942617138
-0.00493730910429
-0.00117836997392
-0.00207148403565
-0.00280772380627
-0.0026338755107
-0.00394855197834
0.000553160536763
-0.000963023354233
-0.00186153319673
-0.00411448161758
-0.00415851146031
-0.00630021828272
-0.00201047591427
-0.00401947495834
-0.00418566895519
-0.00473905102565
-0.0050254357521
-0.000820331782773
-0.00237746739025
-0.00299754855834
-0.00431645977413
-0.00508751258977
-0.00133148137003
-0.00222717821132
-0.00296561363934
-0.00399131240954
-0.00528795020597
-0.000880075168925
-0.00112482504
-0.00193828524457
-0.00419351042703
-0.00423989758837
-0.00206558443356
-0.00209680206939
-0.00410837002333
-0.00427718493741
-0.0061306907024
-0.0018893841207
-0.00236954162752
-0.00392931582563
-0.00310228193387
-0.00442366134483
-0.000395739987655
-0.00144313563558
-0.00234072545014
-0.00308077049868
-0.00410775332501
-0.000766113640244
-0.000997972155261
-0.00247963153776
-0.00342283986703
-0.00424297098118
-0.00429083609217
-0.00211804940959
-0.00215083853932
-0.00416401791652
-0.00433447718555
-0.00173222288479
-0.001950024386
-0.00243185912678
-0.00399329013705
-0.0046368320074
-0.00131680874031
-0.00206842415684
-0.00151307397287
-0.00241185362951
-0.0031529105804
0.000539700734991
-0.000839641112771
-0.00107183519486
-0.00255357538707
-0.00344210150211
-0.00569932675825
-0.00154155890929
-0.00368783930635
-0.00217250994878
-0.00418633632617
-0.00435745588473
-0.00175587146117
-0.00197434769654
-0.00245685615227
-0.00401895275185
-0.00466314371796
-0.00134374347169
-0.00209594519291
-0.00314521803507
-0.00404447548445
-0.0047859392063
-0.00121849252142
-0.000869143113939
-0.00110147211205
-0.00258324479468
-0.00565890796421
-0.00151572741364
-0.00153145048034
-0.00367742760733
-0.0037470153025
-0.00576052146361
-0.00161518357082
-0.00347069571869
-0.00196231122914
-0.00244448622592
-0.00400625338283
-7.16989965094e-06
-0.00133041443503
-0.00208232594203
-0.0031313323923
-0.00403035310207
-0.000150173992255
-0.00120400811901
-0.0025520872807
-0.00278434949243
-0.00422208340477
-0.00562059420273
-0.00147627477787
-0.00149081845756
-0.00363557743182
-0.00370391099666
-0.00571613110812
-0.00156948082577
-0.00342366160783
-0.00368119015226
-0.00419453507197
-0.0057549796407
-0.00188836763402
-0.00127685041317
-0.0020275971068
-0.00307553443949
-0.00397360510297
-9.26179946891e-05
-0.00114580744213
-0.00249342341256
-0.00272541765636
0.000156916054876
-0.00315775673503
-0.00318835138842
-0.00141971325939
-0.00356234386568
-0.00362848651403
-0.0013923343565
-0.00148951801899
-0.00334137406258
-0.00359656156423
-0.00410756954481
-0.00119280388732
-0.00179684350308
-0.00311669071616
-0.00387984583388
-0.004925918665
-0.00127528856983
8.02715406049e-06
-0.00104403845302
-0.00239084703444
-0.0026223742106
0.000260071975534
-0.00312159578596
-0.00308979600115
-0.00312408153692
-0.00526368168111
-0.00113061114271
-0.00313738792083
-0.0013754201586
-0.00322396928502
-0.00347582756171
0.000489388981087
-0.00106546672966
-0.00166630866395
-0.00298308826598
-0.00374335803268
-0.000239739051918
-0.00113380216147
-0.00187084866213
-0.0029036641127
-0.00421536191689
0.00196590192832
0.000407119710258
-0.00312348950712
-0.00309002188544
-0.00305944798805
-0.00513038630997
-0.000990905199408
-0.00299354794702
-0.00313261865514
-0.0049768944802
-0.00526692885571
-0.000587197280866
-0.000900312213312
-0.00149702810525
-0.00280985097872
-0.0035664004568
-5.93694602604e-05
-0.000950402713238
-0.00168487398974
-0.00274704284549
-0.00409324884576
0.000105532572954
-0.00143345333501
-0.00309664680251
-0.00306240702212
-0.00303103709062
-0.000963236178562
-0.00089463411056
-0.0028488369909
-0.0030115425282
-0.00488100732775
-0.000748256027471
-0.00243326563455
-0.00281417979507
-0.00346900277368
-0.00481498594437
0.000891916107395
-0.000183861359695
-0.00111163449181
-0.00188353077653
-0.00295206288896
0.000164995185434
-0.000102322191043
-0.00164168053078
-0.00487304037003
-0.00475959449575
-0.00473020853978
-0.00091868408119
-0.000943704117684
-0.00297206118809
-0.00313841456236
-0.0050115844551
-0.000882570461763
-0.00257131833428
-0.00295593374222
-0.00361437601441
-0.0049638448002
-0.0011494335868
-0.00222825129276
-0.00315874629749
-0.00393298068062
0.00143165378306
1.45028591813e-06
-0.000266727483864
-0.00180638256713
-0.00478982876605
-0.0046807951549
-0.00053483406674
-0.00269575315683
-0.00275600735076
-0.00478698721378
-0.00499963712083
-0.000758405194236
-0.000980950620742
-0.00267244731774
-0.00305978520054
-0.00372089052637
-0.000484044254922
-0.00126093897341
-0.00234199576334
-0.00327449559609
-0.00405045285711
-0.000495646938559
-0.00189304405136
-0.00216185613275
-0.00365435548181
-0.00476116405433
-0.000630523887669
-0.000587083100279
-0.00274957409725
-0.00281144834297
-0.00484409155892
-0.000649113726319
-0.00252673380427
-0.00279222428189
-0.00448546568996
-0.00490746909712
0.000800550931054
-0.000553112829357
-0.00133154831706
-0.0024140278391
-0.00334780180248
0.000526221033495
-0.000570935856906
-0.0019689881238
-0.00223820353793
-0.00373084200756
-0.00649553203566
-0.000651747919124
-0.000608943915977
-0.00277209328239
-0.00283464612649
-0.00486798614842
-0.000673720506342
-0.0025520643894
-0.00281828542388
-0.00451225805064
-0.0049349859166
-0.0010274607795
-0.00238180770675
-0.00317467655579
-0.00244417941709
-0.00337848775652
0.000495075732308
-0.000602453478855
-0.00104617215347
-0.0022701652083
-0.00376286204367
-0.00249244556277
-0.00230849855096
-0.00226636081536
-0.00442925250717
-0.00453664929512
-0.000562115082478
-0.000664091410979
-0.00254215198807
-0.00280808706792
-0.00450177347485
-0.00039153598267
-0.00101641513029
-0.0023704946288
-0.0031631105685
-0.004245953161
-0.000621998970313
-0.00139933088285
-0.00247956915081
-0.00103373021661
-0.00225765702682
0.000632178260561
0.00050982412347
0.0021239421903
-0.000450910743272
-0.000788580343489
0.00297936069197
0.000571855816119
-0.00166934878434
0.000317229613917
0.00195031117435
0.00160689865569
0.00151765218337
0.00280526104217
0.000387736067987
-0.00185318466835
0.000125168438866
0.00177728516405
0.00143338359818
0.00134398000746
0.00263176638787
0.000204184618048
0.000218549026591
-6.63562979664e-05
0.00160486733939
0.0012604767334
0.00117091602348
0.00245887992631
2.12046422547e-05
3.58532568217e-05
-0.000257341477502
0.00143306089141
0.00108818127061
0.000998463446519
0.00228660486596
-0.000161200669731
-0.000146267691625
-0.000447783965325
0.00349704413247
0.000916500430192
0.000826625502892
0.00211494442645
-0.000343028114596
-0.000327810624569
-0.000637680611705
0.00332647005453
0.000745437443587
0.000655405430028
0.00194390183844
0.00174325384988
-0.000508772334368
-0.000827028251625
0.00315651699151
0.000574995553177
0.000484806476369
0.00177348034353
0.0015625918035
-0.000689149599989
-0.0010158237048
0.00298718817752
0.000405178012172
0.000314831901261
0.00160368319413
0.00138251731547
-0.00086893918707
0.00102742702256
0.00280672267749
0.0002359880845
0.000145484974838
0.00143451365336
0.00120303364306
-0.001048137848
0.000839745544575
0.00261875430743
6.74290446908e-05
-2.32310220877e-05
0.00350238969568
0.00102414405687
-0.00122674232197
0.000652625885401
0.00243134751288
-0.000100495822247
-0.000191312798154
0.00333448520379
0.000845851840726
-0.00140474933509
0.000466071286015
0.00224450554338
-0.000267783220944
-0.000358757051567
0.00315699143448
0.000668160291631
-0.00158215560044
0.000280085002471
0.00205823166371
0.0018653306225
-0.000525560470225
0.00297997248282
0.000491072719647
-0.00175895781815
9.46703058538e-05
0.00187252915379
0.00169932808718
0.00152503568066
0.00280356084626
0.000314592447833
-0.00193515267551
-9.01695177689e-05
0.00168740130869
0.00153397296707
0.00135952390838
0.00262775985824
0.000138722812148
-0.00211073684704
-0.000274431167398
0.00150285143852
0.00136926859765
0.00119466296765
0.00245257286498
-3.65328386408e-05
-0.00228570699459
-0.000458111327159
0.00131888286843
0.00120521832413
0.00102957191465
0.00227800322537
-0.000211171143055
-5.36153669052e-05
-0.000641206666355
0.00113549893852
0.00102332573748
0.000835457326967
0.00210405431088
-0.000385188727006
-0.00022734740188
-0.000823713839533
0.000952703003799
0.00305904606949
0.000641889780556
0.00193072950545
-0.000558582203893
-0.000400455323413
-0.00100562948654
0.000770498434101
0.00286624114409
0.000448872603596
0.0017466362998
-0.000731348174716
0.00152638268614
-4.5526361551e-05
0.00142779634034
0.00300807506591
-0.00167085907347
3.69324580962e-06
0.0015675289453
-0.000520674234133
-0.000246757700702
0.00122195499479
0.00279778862713
-0.00188536402143
-0.000214737564842
0.00136331982817
-0.000728944516721
-0.000447456778267
0.00101663754469
0.00258801668815
-0.00209936461935
-0.000432674571883
0.00115968482865
-0.00093664948957
-0.000647620141267
0.000811847547477
0.00237876289643
-0.00231285714558
-0.000650113995707
0.000956628125899
-0.00114378487088
-0.000847244316127
0.000607588583642
0.00217003092481
-0.00252583785075
-0.000867052026798
0.00075415392768
-0.0013503463474
-0.00104632580866
0.000403864256728
0.00196182447167
-0.00273830295765
-0.00108348482557
0.000552266470445
-0.00155632957438
-0.00124486110404
0.000200678193399
0.00175414726097
-0.00295024866106
-0.00129940852222
0.000350970019367
-0.00176173017544
-0.00144284666678
-1.96595651929e-06
0.00154700304232
-0.00316167112768
-0.00151481921656
0.00015026886839
-0.00196654374249
-0.00164027894077
-0.000204064519993
0.0013403955911
-0.00337256649599
-0.00172971297786
-4.98326597283e-05
-0.00217076583564
-0.00183715434917
-0.000405613800744
0.00113432870848
-0.000337019315206
-0.00194408584474
-0.000252290749735
-0.00237439198315
-0.00203346929452
-0.000606610079213
0.000928806221552
-0.000546848788972
-0.00215793382496
-0.000469796310763
-0.00257741768133
-0.00222922015865
-0.000807049612525
0.000723831983338
-0.000756139409534
-0.00237125289531
-0.000686783019325
-0.00277983839446
0.000342750712896
-0.00100692863446
0.000519409872895
-0.000964887201453
-0.00258403900148
-0.000903246759707
-0.00298164955478
0.00014813894843
-0.00120624335543
0.000315543795359
-0.00117308816055
-0.00279628805788
-0.00111918338263
-0.00318284656235
-4.58977562577e-05
-0.00140498996245
0.000112237682008
-0.00138073825382
-0.00300799594754
-0.00133458870507
-0.00338342478508
-0.00023935570032
-0.00160316461911
-9.05045096833e-05
0.00148080834013
-0.00100266853637
0.000676598021003
-0.00132985832482
-0.000432231162268
-0.0018007634656
0.00191931103891
0.00350436321381
-0.00121328161536
0.000462267984475
-0.00152918495254
0.00159087807554
0.000180608823075
0.001717708668
0.00329839020582
-0.001423340987
0.000248482001726
-0.00172787870551
0.00139917882477
-1.58267297808e-05
0.00151668224883
0.00309298448585
-0.00163284240739
3.52443924926e-05
0.00145065154029
0.00120807334423
-0.000211674752285
0.00131623584414
0.00288815023243
-0.00184178160066
-0.000177440488895
0.00125323785305
0.00101756543778
-0.000406931290807
0.00111637354307
0.00268389165341
-0.00205015425873
-0.000389568253351
0.00105647142156
-0.00383018459252
-0.00545158749778
-0.00309115489205
-0.0047789296033
-0.00654289391408
-0.00305539802089
-0.00485063383787
-0.00371724699576
-0.00533998294092
-0.00297590205764
-0.00466003965218
-0.00642043003352
-0.0029294855895
-0.00408022536631
-0.00360338000703
-0.00522741570348
-0.00285966582007
-0.00454014666766
-0.00629694486208
-0.00280253524823
-0.00395000870121
-0.00348858744091
-0.00511388981574
-0.0027424505685
-0.00441925541193
-0.00617244354279
-0.00267455252047
-0.00449498697532
-0.00337287312184
-0.00499940931952
-0.00262426070262
-0.00429737065636
-0.00667154413122
-0.00321600391906
-0.00436268267792
-0.00325624088371
-0.00546490748738
-0.00312101684698
-0.00479571262113
-0.00654502597429
-0.00308597300895
-0.00422934341035
-0.00371337461458
-0.00534852994317
-0.00300089099074
-0.00467185521322
-0.00641750714011
-0.0029549263111
-0.00409497507173
-0.00359491807519
-0.00523120997983
-0.00287980377645
-0.00454701866769
-0.00628899279683
-0.00282286936517
-0.00395958356145
-0.00347555517002
-0.0051129516799
-0.00275775963983
-0.00442120778573
-0.00615948811698
-0.00268980771289
-0.00382317477831
-0.00335528976577
-0.00499375913478
-0.00263476302411
-0.00429442737427
-0.00602899827681
-0.00255574689719
-0.00368575461966
-0.00323412573618
-0.00487363644416
-0.00738256490455
-0.00416668224537
-0.00589752845548
-0.00242069246149
-0.00354732898058
-0.00311206696153
-0.00475258771546
-0.00725767668723
-0.00403797721553
-0.00576508383443
-0.00228464994892
-0.00340790375303
-0.00298911732823
-0.00463061706337
-0.00713184935944
-0.0039083171051
-0.00563166959664
-0.00214762490153
-0.00326748482511
-0.0028652807283
-0.00450772860927
-0.00700508738846
-0.00377770673761
-0.00549729092595
-0.00690624687337
-0.00312607808021
-0.00274056105898
-0.00438392648077
-0.00687739524614
-0.00364615093914
-0.00536195300638
-0.00676727337465
-0.00298368939628
-0.00261496222224
-0.00425921481117
-0.00674877740836
-0.00351365453775
-0.00522566102149
-0.00662733395367
-0.00284032464507
-0.00248848812437
-0.00413359773896
-0.00661923835445
-0.00338022236284
-0.00508842015369
-0.00648643414101
-0.00269598969135
-0.00236114267553
-0.00400707940736
-0.00648878256667
-0.00324585924456
-0.00495023558363
-0.00634457946267
-0.00255069039223
-0.00223292978932
-0.00387966396376
-0.00635741452965
-0.00311057001323
-0.00481111248953
-0.00620177543931
-0.00240443259644
-0.00210385338236
-0.00375135555933
-0.00622513872988
-0.00297435949876
-0.00467105604659
-0.00605802758566
-0.00225722214361
-0.00197391737386
-0.00362215834845
-0.00609195965519
-0.00283723253009
-0.00453007142639
-0.00591334140985
-0.0021090648636
-0.00331109422601
-0.0066029358074
-0.00601049439666
-0.0045804843585
-0.00304714507874
-0.00631888700326
-0.00487266898813
-0.00318719673873
-0.00647855712146
-0.00589326178833
-0.00446274872521
-0.00292916885591
-0.00620093749355
-0.00475501295115
-0.00306248966434
-0.00635336701758
-0.00654189925326
-0.00434417890798
-0.00281035737374
-0.0060821528437
-0.00463652308686
-0.00293697628321
-0.00622736880897
-0.00642300600923
-0.00422477815354
-0.00269071389636
-0.00596253631593
-0.00451720263625
-0.00281065987902
-0.00610056581209
-0.00630328726888
-0.00410454971437
-0.00257024169363
-0.00584209117815
-0.00439705484605
-0.0026835437385
-0.00597296134625
-0.00618274625406
-0.00398349684836
-0.00244894404076
-0.00572082070365
-0.00427608296843
-0.0025556311511
-0.00584455873336
-0.00606138619181
-0.00464280688087
-0.00702793195837
-0.00559872817075
-0.0041542902607
-0.0024269254087
-0.00571536129758
-0.00593921031409
-0.00452011495491
-0.0069049932506
-0.00547581686246
-0.00403167998491
-0.00229742980529
-0.00558537236507
-0.00581622185742
-0.00439660840503
-0.00678123894716
-0.00535209006619
-0.00390825540759
-0.00216714763671
-0.00545459526364
-0.00569242406257
-0.00427229050754
-0.0074144159459
-0.00522755107342
-0.00378401979943
-0.00666914844476
-0.0053230333225
-0.00556782017426
-0.00414716454255
-0.00728904033495
-0.00510220317935
-0.00365897643492
-0.00653730303923
-0.00519068987192
-0.00544241344086
-0.00402123379368
-0.00716285901931
-0.00497604968261
-0.00353312859208
-0.00640468096414
-0.00505756824299
-0.00531620711406
-0.00389450154769
-0.0070358753026
-0.00484909388498
-0.00340647955213
-0.00726729217248
-0.00492367176732
-0.00518920444857
-0.00376697109425
-0.00690809249126
-0.00548997823828
-0.0032790325992
-0.00713312665953
-0.00478900377674
-0.00506140870185
-0.0036386457256
-0.0067795138942
-0.00536142775502
-0.00315079101999
-0.00699819437884
-0.00465356760305
-0.00493282313378
-0.00350952873624
-0.00665014282253
-0.00523208489175
-0.00302175810353
-0.00686249863109
-0.00553042015884
-0.00480345100639
-0.00337962342264
-0.00651998258927
-0.00510195295965
-0.00367025086701
-0.00672604271658
-0.00539345761278
-0.00467329558354
-0.00324893308297
-0.00638903650902
-0.00497103527148
-0.0035396451508
-0.00658882993495
-0.00525573687603
-0.00454236013068
-0.00311746101678
-0.00625730789769
-0.00483933514135
-0.00340825797522
-0.0064508635849
-0.00511726127751
-0.00260399201584
-0.007569985831
-0.00612480007223
-0.00470685588438
-0.00327609263556
-0.00631214696394
-0.00497803414478
-0.0035033418676
-0.00743696021456
-0.00599151635029
-0.00457360081645
-0.00314315242793
