0.000717943773497
0.00323205356339
0.00116085308782
0.00131258210255
0.00245407499316
-0.00306701521542
-0.00185031869415
0.000720854561335
0.00323492816754
0.0011597878559
0.00212710456198
0.000337694999709
-0.00306807084252
-0.00185136784047
0.000724625075413
0.00323865181371
0.00115956151035
1.15590531126e-05
0.000337469657408
-0.00306829514716
-0.00185159076803
0.000729255222831
0.0032432244124
-0.000939204909315
1.21707341537e-05
0.000338079488515
-0.00306768812419
-0.00185098747177
0.000734744889525
0.0010817990867
-0.000937753485875
1.36201078111e-05
0.000339524478852
-0.00306624978759
-0.00184955796541
-0.00140132516697
0.0010880692405
-0.000935463219171
1.59071401833e-05
0.000341804594823
-0.00306398017048
-0.00184730228148
-0.00139411688849
0.00109518795616
-0.00093233416292
1.90317777793e-05
0.000344919783421
-0.00306087932515
-0.00184422047129
-0.00138604955974
0.00110315506273
-0.000928366390509
2.29939475248e-05
0.000348869972233
-0.00305694732302
-0.00184031260497
-0.00137712337926
0.001111970369
-0.000923559994978
2.77935567706e-05
0.000353655069448
-0.00305218425463
-0.0018355787714
-0.00136733856667
0.00112163366341
0.00345081014376
3.3430493304e-05
0.000359274963867
0.00142911230199
-0.00183001907825
-0.00135669536261
0.00113214471418
0.00345729342783
3.99046253613e-05
0.000365729524917
0.00143553715477
-0.00182363365193
-0.00134519402875
0.00114350326926
0.00346461493806
4.72158016433e-05
0.000373018602668
0.00144279268749
-0.00181642263762
-0.00133283484771
0.0011557090564
0.00347277450291
5.53638513334e-05
0.000381142027846
0.0014508787332
-0.00180838619921
-0.00131961812308
0.00116876178318
0.00348177193127
6.43485841169e-05
0.000390099611857
0.00145979510589
-0.0017995245193
-0.00130554417934
0.00118266113703
0.00349160701244
7.41697902039e-05
0.000399891146803
0.00146954160053
-0.00178983779918
-0.00129061336184
0.00119740678527
0.00350227951622
8.4827240353e-05
0.000410516405516
0.00148011799306
-0.00177932625882
-0.00127482603675
0.00121299837516
0.00351378919289
9.63206858986e-05
0.000421975141573
0.00149152404043
-0.00176799013682
-0.00125818259102
0.00122943553395
0.00352613577325
0.00010864985878
0.000434267089332
0.00150375948066
-0.00175582969038
-0.00124068343234
0.00124671786889
0.00353931896866
0.000121814471571
0.000447391963961
0.00151682403282
-0.00397702472188
-0.00122232898907
0.00126484496731
0.00355333847105
0.000135814217517
0.000461349461469
-0.000783873451909
-0.00396321647253
-0.0012031197102
0.00128381639665
0.00356819395301
0.000150648770565
-0.00182639748215
-0.000769151594235
-0.00394858478178
-0.00065034963808
-0.00253499228477
-0.00272243817547
-0.000359814293515
-0.00227101980706
-0.00416552134077
-0.0038388614212
-0.000652767043354
-0.00254027301389
-0.00272783918589
-0.000365332702946
-0.0022766514017
-0.00417126045075
-0.00384470082491
-0.000654298216564
-0.00254464830529
-0.00273231414508
-0.000369904942254
-0.00228131743008
-0.00417601557052
-0.00384953905251
-0.000654943117619
-0.00254811803935
-0.00273586292508
-0.000373530874948
-0.00228501774714
-0.00417978654657
-0.0057025802441
-0.000654701729636
-0.00255068212122
-0.00472104487435
-0.000376210392766
-0.0022877522378
-0.00418257325711
-0.00570541566774
-0.000653574058934
-0.00255234048077
-0.00472274101794
-0.000377943415693
-0.00228952081704
-0.00418437561213
-0.00570724953046
-0.000651560135038
-0.00255309307265
-0.0047235107573
-0.000378729891974
-0.00229032342984
-0.00418519355342
-0.00570808177094
-0.000648660010675
-0.0025529398763
-0.00472335407041
-0.000378569798121
-0.00229016005124
-0.00418502705456
-0.00570791236133
-0.000644873761767
-0.00255188089588
-0.00472227096175
-0.00245010755888
-0.00228903068632
-0.00418387612092
-0.00113440940195
-0.000640201487417
-0.00254991616038
-0.00472026146231
-0.00244805436738
-0.00228693537021
-0.00418174078968
-0.00113223674267
-0.000634643309903
-0.0025470457235
-0.000199800195073
-0.00244505470488
-0.00228387416808
-0.00417862112981
-0.0011290625508
-0.000628199374656
-0.00254326966375
-0.000195938113006
-0.00244110866097
-0.00227984717512
-0.00417451724208
-0.00112488693247
-0.000620869850244
-0.00253858808435
-0.000191149892066
-0.00243621635345
-0.00434749893652
-0.00416942925899
-0.00111971002725
-0.00279096441367
-0.00253300111327
-0.000185435669168
-0.00243037792837
-0.00448722942053
-0.00416335734482
-0.00111353200819
-0.00278186430906
-0.00252650890321
-0.000178795607667
-0.00242359355996
-0.00448030592632
-0.00415630169555
-0.00110635308172
-0.00277187925958
-0.00251911163155
-0.000171229897343
-0.00241586345064
-0.00447241732201
-0.00414826253886
-0.00109817348764
-0.00276100952609
-0.00251080950034
-0.000162738754363
-0.00240718783098
-0.00446356385261
-0.00413924013406
-0.00108899349912
-0.00274925539244
-0.00250160273628
-0.000153322421258
-0.00239756695964
-0.00445374579305
-0.00619871548927
-0.00107881342256
-0.00273661716546
-0.00467582580174
-0.000142981166886
-0.00238700112337
-0.00444296344804
-0.00172089860247
-0.00106763359766
-0.00272309517487
-0.00466481055051
-0.000131715286393
-0.00237549063697
-0.0044312171521
-0.00170892832514
-0.00105545439725
-0.00270868977331
-0.000236361473546
-0.000119525101172
-0.00236303584317
-0.00441850726946
-0.00169597615258
-0.0010422762273
-0.00400127816285
-0.00582717658217
-0.00620330829664
-0.00791367174817
-0.00388602909074
-0.00546837485282
-0.00598946349501
-0.00207535828875
-0.00344077853413
-0.00589477820058
-0.00709846994421
-0.0032196011839
-0.00424802551799
-0.00518395133969
-0.00602432180778
-0.00233505010103
-0.00297598241261
-0.0040885956929
-0.0045207843921
-0.00110121480433
-0.00131805728303
-0.00405834849174
-0.00585536763336
-0.00623199469428
-0.00794285373117
-0.00391570505324
-0.00450620667835
-0.00602011412722
-0.00671097530112
-0.00347236981757
-0.00423087058328
-0.00543499588285
-0.00628790490123
-0.00266615212766
-0.00521759239999
-0.00605829533105
-0.00236932266592
-0.00301051757193
-0.00412335422124
-0.00455572460916
-0.00113629296954
-0.00254247016986
-0.00241529853201
-0.00416271640928
-0.00443384731049
-0.00677403186764
-0.00392227416918
-0.00451288437164
-0.00602689908185
-0.00671786564722
-0.00347936308532
-0.00423796366049
-0.00544218497813
-0.00629518551477
-0.00267351903173
-0.00360988879957
-0.00445066536477
-0.00547194893066
-0.00301816283128
-0.00413104895433
-0.00541898833417
-0.00574430773035
-0.0025502562111
-0.00701310042133
-0.00287211877909
-0.00456259216364
-0.00499518868173
-0.00657288035903
-0.00260364531492
-0.00600981320564
-0.00670051440384
-0.0034617526949
-0.00422010196049
-0.00542408151607
-0.00627685162173
-0.00265496787147
-0.0035911353879
-0.00471068467385
-0.00545284335742
-0.0019946526482
-0.00253236908204
-0.00383582448767
-0.00416106695384
-0.00253064973749
-0.00711608525937
-0.00297686735037
-0.00466910330059
-0.00510345467932
-0.0066683532605
-0.00261291793074
-0.00407644621545
-0.00475196836824
-0.00611707653515
-0.00228378367554
-0.00538070092867
-0.0062329192507
-0.00726108384144
-0.00354619848714
-0.0046653038551
-0.0054070632507
-0.00194852192223
-0.0024859401137
-0.00378915293027
-0.00411421121046
-0.000898593787633
-0.00719749901113
-0.00305967794628
-0.00475330994546
-0.00518905140114
-0.00675532832648
-0.00270125326068
-0.00412737576682
-0.00471319901963
-0.00605032123579
-0.00221607753593
-0.00314789602814
-0.00426446468259
-0.00529180648963
-0.00163822506029
-0.00459352329829
-0.00533465200535
-0.0065301841746
-0.00241250401936
-0.0037153336928
-0.004040101077
-0.00540475073095
-0.00574080904158
-0.00611608688877
-0.00321242614833
-0.00363046117938
-0.00681921070042
-0.00735142478943
-0.00419324119904
-0.00478002300069
-0.00554018900833
-0.00212651123316
-0.00305409331342
-0.00416947257569
-0.00519569309514
-0.00154106801268
-0.00266435219878
-0.00340462058644
-0.00461090199088
-0.000577378116746
-0.00361443928464
-0.00393880992175
-0.00530319325012
-0.00577894168304
-0.00615487533321
-0.00325187010155
-0.00367055791718
-0.00523849611366
-0.00575588360275
-0.00174174521351
-0.00309442736167
-0.00558340458912
-0.00677601413295
-0.00300726825179
-0.00404906326511
-0.00507386600552
-0.00600641828941
-0.00253999629448
-0.00327917713299
-0.00448450369059
-0.00501999622417
-0.00176965101232
-0.00326453355641
-0.00348051567452
-0.00579539118289
-0.00617160788338
-0.00326888558285
-0.00368785516169
-0.00427398940543
-0.00577373607901
-0.00175986846594
-0.00311281484556
-0.00386452431727
-0.00505738005988
-0.00119518978947
-0.00404608014606
-0.00497449132627
-0.00585739331305
-0.00238951255998
-0.00312738163361
-0.00433155657931
-0.00570957696637
-0.00161492802313
-0.0031092059089
-0.00332478216093
-0.00448366835879
-0.00484293228875
-0.00669949851295
-0.00368234091786
-0.00426838607112
-0.0057680448089
-0.00645310685257
-0.00310695299531
-0.00385858082232
-0.00505135806657
-0.00589665295325
-0.0022087101051
-0.00313705566897
-0.00397118661731
-0.00032505768284
-0.00351620989206
-0.00415220509172
-0.00552908158457
-0.00143350242256
-0.00292707417123
-0.00314217646014
-0.00306141650545
-0.00481553479568
-0.00533373523388
-0.00225448332477
-0.00282631635483
-0.0057388139975
-0.00642343279289
-0.00307684640544
-0.00382805506945
-0.00502042931039
-0.00586534025814
-0.00217703551272
-0.0031050442235
-0.00421499882252
-0.00495188679432
-0.00150923604948
-0.00204832853949
-0.00344220777034
-0.0038699202588
-0.0027183142361
-0.00293287582736
-0.00301280909499
-0.00476609178425
-0.00528345701408
-0.00691554989468
-0.002774381632
-0.00427277483778
-0.00494600719099
-0.00152778783251
-0.0022699157208
-0.00496461935453
-0.00580883817381
-0.0021198819888
-0.00304728256321
-0.00415668047741
-0.0048930674753
-0.00144997637702
-0.0019853343063
-0.00327893120177
-0.00363563463558
-0.000615184244381
-0.000829139938284
-0.00294255883082
-0.00469463527867
-0.00521079490615
-0.00684168729361
-0.00269932862227
-0.00419654698657
-0.00486862604578
-0.00621915054265
-0.00219031887372
-0.00311420057637
-0.00421992432195
-0.00523758690734
-0.00137669345533
-0.00407241659052
-0.00480808094085
-0.00136435466465
-0.00189917137747
-0.00319232675865
-0.00351859519671
-0.000397262973199
-0.000567076270912
-0.00173037137412
-0.00348087323534
-0.00398285099391
-0.00674512301757
-0.00260121081274
-0.00409689608835
-0.00476747030338
-0.00561103266072
-0.00208627239192
-0.0030087866266
-0.00411320781764
-0.00512964283015
-0.00126760693523
-0.0023800719173
-0.00311479390435
-0.00430978389853
-0.00178656127342
-0.00307914098311
-0.00340497005733
-0.00476068693589
-0.00186917271246
-0.00629317800264
-0.00336554225997
-0.00386558145619
-0.0045315773961
-0.00609376637329
-0.00203130804067
-0.00345347103226
-0.00548437093159
-0.00195785931215
-0.00287869018514
-0.00398150808145
-0.00499643223594
-0.00113299038425
-0.00224416664318
-0.00297772908911
-0.00417170001952
1.05724862163e-05
-0.00129795385097
-0.00278073482318
-0.00300003810278
-0.00172841626316
-0.00615831551314
-0.00203892645172
-0.00372611758892
-0.00438982426888
-0.00594974393506
-0.00188504668008
-0.0033050125116
-0.0041384567947
-0.0054054204224
-0.00146321790285
-0.00382493506604
-0.00483806888361
-0.00576037924059
-0.00208261064647
-0.00281479947241
-0.00400756329568
-0.000702732453098
-0.00113194998568
-0.00261409083652
-0.00283295976813
0.000116950204497
-0.00600206480388
-0.00188001669242
-0.00356455139536
-0.00422561411706
-0.00578291325427
-0.00171563094812
-0.00313306032546
-0.00396403088449
-0.00522859857191
-0.00128409373553
-0.00238281929669
-0.00339388776968
-0.0043142766311
-0.00057003606003
-0.00318560977584
-0.00381752318591
-0.0051812530402
-0.000939757142208
-0.00242116003105
-0.00263952824648
-0.00417708634266
-0.00453031681697
-0.00511873104227
-0.00213069944446
-0.00277700335432
-0.00559339088526
-0.00635248900802
-0.00293774199302
-0.00376591377287
-0.00502777113714
-0.00108066230975
-0.00217690969552
-0.0031856419907
-0.00437420567506
-0.000357627538211
-0.00165429539991
-0.00228463581137
-0.00365932488838
0.000655394614859
-0.00220212188773
-0.0024199244036
-0.00395719120854
-0.00433158976505
-0.00491664557838
-0.00192526005133
-0.00256822697265
-0.00411925349574
-0.00486604539158
-0.00150133958521
-0.00231991637374
-0.00454625499166
-0.00572400249584
-0.00194657311967
-0.00295270597233
-0.00413885199619
-0.00496148528962
-0.00141473475032
-0.00204332520041
-0.00341652388358
-0.00384246633988
-0.000598848881914
-0.000816022259053
-0.00237520882528
-0.00411179901612
-0.0046931556365
-0.0016980766128
-0.00233736945804
-0.00388475653573
-0.00462796031088
-0.000741597327295
-0.00207488294532
-0.00307028616946
-0.00424484515437
-0.00050970039122
-0.0015129758738
-0.00387876112957
-0.00469896051975
-0.00115002138915
-0.001776689447
-0.00314825107512
-0.00357285870954
-0.000328222855691
-0.000544705347072
-0.00210353618491
-0.00245043528113
-0.00301238712298
-0.00611885296867
-0.00208458345311
-0.00289200971822
-0.0043673002223
-0.00527766604154
-0.00180665643585
-0.00279844557439
-0.00396953435473
-0.00505668537077
-0.00123125471713
-0.00241534885478
-0.00323290140878
0.000274028696461
-0.00148496180198
-0.00285474393993
-0.00327790077056
-3.21581281823e-05
-0.00169568663639
-0.00180633408756
-0.00067793053975
-0.00311492812028
-0.00186719083433
0.000383869516432
-0.00332607740962
-0.00218864064792
-0.00104766606756
-0.000803120550332
0.00159197776572
-0.00198987170885
0.000256982799403
0.00147510145298
-0.00231478188458
-0.00117319097788
-0.000927661681316
0.00146861995536
-0.00211191236126
0.000130722403386
0.00134913000024
-0.00244029890246
-0.00129809342857
-0.00105155181394
0.00134590761464
-0.00223330891877
5.0903411844e-06
0.00122378605571
-0.00256518971913
-0.0014223714621
-0.00117479162534
0.00122384653381
-0.0023540603048
-0.000119911375849
0.00109907161889
-0.00268945235366
-0.00154602312259
-0.00129737341275
0.001102436913
-0.00247416451381
-0.000244280737924
0.000974988687663
-0.00281308482682
-0.00166904645586
-0.00141929785754
0.000981680812628
-0.00259361954278
-0.000368015736927
0.000851539258215
-0.00293608516114
-0.00179143950963
-0.00154056284938
0.000861580290663
-0.00271242339129
-0.000491114366541
0.00072872532488
-0.00305845138104
-0.00191320033357
-0.0016611662804
0.000742137402477
-0.00283057406166
-0.000613574622366
0.000606548880048
-0.00318018151297
-0.00203432697942
-0.00178110604531
0.000623354200718
-0.00294806955911
-0.000735394502032
0.000485011914038
-0.00330127358547
-0.00215481750113
-0.00190038004154
0.000505232735178
-0.00306490789182
-0.000856572005325
0.000364116414981
-0.00342172562935
-0.00227466995497
-0.00201898616936
0.000387775052661
-0.00318108707112
-0.000977105134304
0.000243864368699
-0.00354153567778
-0.00239388239962
-0.00213692233205
0.000270983196845
-0.00329660511159
-0.00109699189343
0.000124257758585
-0.00366070176638
-0.00251245289632
-0.00225418643602
0.000154859208151
-0.0034114600312
-0.00121623028967
5.298565481e-06
-0.00377922193341
-0.00263037950897
-0.00237077639093
3.94051236073e-05
0.00250460421456
-0.00133481833264
-0.000113011232447
0.00106078287968
-0.00274766030425
-0.00248669010989
-7.53770232902e-05
0.0023910814686
-0.00145275403474
-0.000230669659828
0.000943560430061
-0.00286429335175
-0.00260192550954
-0.000189485202713
0.00227822776798
-0.00157003541123
-0.000347674744215
0.00082698977047
-0.00298027672408
-0.00271648051022
-0.000302917388639
0.0021660450799
-0.00168666048043
-0.000464024516207
0.000711072851042
-0.00330277468447
-0.00283035303614
-0.000415671558993
0.00205453536748
-0.00180262726376
-0.000579717009578
0.000380812077056
-0.00341745293701
-0.00294354101548
-0.000527745695784
0.00194370058969
-0.00191793378596
-0.000908391003405
0.000266208475373
-0.00353147575159
-0.00305604238054
-0.000639137785251
0.00183354270117
-0.00224450332096
-0.00102276305418
0.000152264444469
-0.00364484121413
-0.00406981518945
-0.000286361155603
-0.00227984367484
-0.00385418754279
-0.00550602254615
-0.00223889754893
-0.004241864148
-0.00420552209821
-0.000424071367574
-0.00242228168714
-0.00399902587486
-0.0056531459609
-0.00238816619761
-0.00439311300043
-0.00434060106607
-0.000561149211198
-0.0025640891202
-0.00414322930224
-0.00579963064737
-0.00253679279378
-0.00454371696328
-0.00447504985821
-0.000697592368668
-0.00270526354434
-0.00428679529504
-0.00594547397911
-0.00268477461939
-0.00423241430769
-0.00460886623967
-0.000833398521645
-0.00262457430127
-0.00442972132118
-0.00609067332687
-0.00283210895291
-0.0043817200772
-0.00474204797552
-0.000968565351388
-0.00276447541235
-0.00457200484657
-0.00623522605868
-0.0029787930695
-0.0045303725349
-0.00487459283096
-0.00110309053888
-0.00290373621656
-0.00471364333515
-0.00637912954003
-0.00312482424111
-0.00467836886555
-0.00500649857142
-0.00123697176498
-0.0027817469393
-0.00485463424913
-0.00153708217263
-0.00327019973667
-0.00482570625025
-0.00513776296276
-0.00137020671051
-0.00291971982323
-0.00499497504906
-0.00167967924012
-0.00341491682222
-0.00497238186658
-0.00030535273266
-0.00150279305644
-0.00305704509179
-0.00491292180824
-0.00182161913982
-0.00355897276106
-0.00511839288877
-0.000435327725411
-0.00163472848401
-0.00319372030712
-0.00505195475589
-0.00196289922851
-0.00370236481393
-0.00526373648785
-0.000564654670133
-0.00176601067482
-0.0033297430307
-0.00519032996278
-0.00210351686114
-0.00384509023911
-0.00540840983183
-0.0006933313355
-0.00189663731106
-0.00346511082356
-0.00532804488434
-0.00224346939104
-0.00398714629265
-0.00555241008581
-0.000821355491228
-0.00202660607555
-0.00359982124637
-0.00546509697513
-0.00215066020251
-0.00412853022846
-0.00569573441222
-0.000948725839529
-0.00215591465196
-0.00373387185962
-0.00560148368893
-0.00228927458101
-0.00426923929854
-0.00583837997092
-0.00107543828997
-0.00228456072492
-0.00386726022373
-0.00573720247895
-0.00242721590833
-0.0044092707531
-0.00598034391942
-0.00120149154751
-0.00241254198014
-0.00399998389923
-0.00587225079791
-0.00256448153274
-0.00454862184073
-0.00612162341302
-0.00132688338742
-0.00253985610462
-0.00413204044692
-0.00101285862071
-0.00270106880165
-0.00468728980859
-0.006262215605
-0.00145161158666
-0.00266650078672
-0.00426342742798
-0.0011465583548
-0.00283697506178
-0.00459356163999
-0.0064021176468
-0.00157567392408
-0.00279247371638
-0.00439414240414
-0.00127957997499
-0.00297219765932
-0.00473085510492
-0.0065413266882
-0.00169906818053
-0.00291777258522
-0.00452418293785
-0.0014119209338
-0.00310673394011
-0.00486745718467
-0.0066798398775
-0.0048247460703
-0.00512465111364
-0.00334538527316
-0.00448173966056
-0.00287491359223
-0.00499374391488
-0.00429282318535
-0.00468135276939
-0.00497914212058
-0.00319794810096
-0.00433258961346
-0.00275008433046
-0.00486608980758
-0.00416243178442
-0.00453727788682
-0.00483294762067
-0.00304982207845
-0.00418274793539
-0.00262448459312
-0.00473765540987
-0.004031251069
-0.00439252431011
-0.00468607060395
-0.00290101029
-0.00403221779518
-0.00249811738202
-0.00586066950046
-0.00389928439305
-0.004247094924
-0.00595434881912
-0.00275151581576
-0.00388100235675
-0.00237098570158
-0.00573068405936
-0.0037665351115
-0.00410099261027
-0.0058061157247
-0.00260134173147
-0.00372910477893
-0.0022430925586
-0.00559992786866
-0.00363300657991
-0.00395422024754
-0.00565720906179
-0.00245049110827
-0.00357652821529
-0.0060251668983
-0.00546840411159
-0.00349870215425
-0.00380678071112
-0.00550763180531
-0.00229896701254
-0.00342327581395
-0.00589575985889
-0.00533611597239
-0.00465017654685
-0.00708648411455
-0.00535738692596
-0.00360484833456
-0.000334750490843
-0.00576560038907
-0.00520306663609
-0.00451433040094
-0.00693771884269
-0.00520647739004
-0.00345198647298
-0.000180155835857
-0.00563469150265
-0.00506925928818
-0.00437771842823
-0.00678829500165
-0.00505490615933
-0.00329846030769
-2.48947531795e-05
-0.00550303621456
-0.00493469711445
-0.00424034398335
-0.00663821545192
-0.00490267619092
-0.00314427288435
0.000131029632539
-0.00537063754065
-0.00479938330063
-0.00410221041995
-0.00648748304988
-0.00474979043702
-0.00298942724298
0.000287614202925
-0.00523749849741
-0.00466332103223
-0.0039633210904
-0.00633610064766
-0.00459625184484
-0.00283392641788
-0.00105571530056
-0.00510362210178
-0.00452651349425
-0.00382367934555
-0.00618407109302
-0.00444206335642
-0.00267777343744
-0.000897819690054
-0.00496901137092
-0.00438896387093
-0.00368328853445
-0.00603139722915
-0.00428722790851
-0.00252097132401
-0.000739273210755
-0.00483366932193
-0.00425067534553
-0.00354215200412
-0.00587808189456
-0.00413174843238
-0.00236352309373
-0.0044346992248
-0.00469759897168
-0.00411165110007
-0.00340027309928
-0.00572412792293
-0.00397562785372
-0.00220543175639
-0.00427486027601
-0.00600526881732
-0.00397189431513
-0.00325765516212
-0.00715132061809
-0.00381886909246
-0.00204670031531
-0.00411437971229
-0.00586775091308
-0.00383140816958
-0.00311430153204
-0.00699609785344
-0.00366147506268
-0.00188733176718
-0.0039532606038
-0.00572951375448
-0.00369019584038
-0.00297021554545
-0.00684024492246
-0.00350344867241
-0.00172732910192
-0.00379150601328
-0.00559056035524
-0.00354826050235
-0.00282540053546
-0.0086046805236
-0.00463192395151
-0.00478943807474
-0.007402795265
-0.00696089994006
-0.00470557658776
-0.00748545212096
-0.00844053207552
-0.00446849489123
-0.00665347354232
-0.0072583981329
-0.00681690252506
-0.00456221369412
-0.0073429492728
-0.00827578000201
-0.00430446259245
-0.00649042758983
-0.00711334813499
-0.00667225295876
-0.00441819980202
-0.00719979702506
-0.00811042715458
-0.00413982988009
-0.00632678176566
-0.00696764794981
-0.00652695390205
-0.0042735375444
-0.00705599797292
-0.00794447637715
-0.00679428204314
-0.00616253885124
-0.00682130025318
-0.00638100801323
-0.00591411136913
-0.00691155470943
-0.00995059058844
-0.00662845694878
-0.00599770162089
-0.00667430771806
-0.00623441794782
-0.00576816026949
-0.00676646982528
-0.00978345245162
-0.00646203987095
-0.00583227284171
-0.00652667301439
-0.00608718635848
-0.00562156868806
-0.00662074590874
-0.00961572486966
-0.00629503360451
-0.00566625527349
-0.00637839880898
-0.00593931589483
-0.00547433924727
-0.00647438554546
-0.00944741065494
-0.00612744093651
-0.00549965166862
-0.00820287275661
-0.00579080920332
-0.00532647456654
-0.00632739131837
-0.0092785126117
-0.00595926464619
-0.00533847176323
-0.00805332753477
-0.00564166892709
-0.0051779772622
-0.00617976580754
-0.00910903353598
-0.0057905075048
-0.0051861243354
-0.00790315079129
-0.00549189770584
-0.00502884994732
-0.00603151159005
-0.0055021081365
-0.00562117227557
-0.00503315275545
-0.00775234517898
-0.00534149817573
-0.00824936257064
-0.00761594362313
-0.00533147535064
-0.00766076398593
-0.00487955969624
-0.00760091334684
-0.00519047296918
-0.00809898306026
-0.00746643971091
-0.00516026987026
-0.00749028083816
-0.00472534782614
-0.00744885793994
-0.00503882471482
-0.00794798135778
-0.007316314804
-0.00498849445772
-0.00731922784317
-0.00457051980896
-0.00729618159925
-0.0048865560373
-0.00779636006201
-0.00716557146625
-0.0048161518667
-0.00714760773121
-0.00737589991742
-0.00714288696154
-0.0067095998531
-0.00764412176789
-0.00701421225785
-0.0046432448422
-0.00697542322407
-0.00721984757842
-0.00365490889739
-0.00655609818686
-0.00749126906632
-0.00686223973528
-0.00446977612046
-0.00680267703501
-0.00706318705493
-0.0035003855586
-0.00640198394653
-0.00733780454413
-0.00670965645116
-0.00429574842882
-0.00662937186871
-0.00690592099118
-0.00334525180675
-0.00624725973977
-0.00718373078389
-0.00655646495412
-0.00412116448572
-0.00645551042116
-0.00890172896075
-0.00318951026061
-0.00609192816967
-0.00702905036382
-0.00640266778874
-0.00394602700061
-0.00628109537964
-0.00874325972833
-0.0030331635342
-0.00593599183469
-0.00687376585769
-0.00624826749536
