-0.00143008963797
0.00357520689966
0.000394649168362
0.00146800145052
0.00210717464387
0.00105661190018
0.000461652534172
0.00253974465166
0.00345145799555
0.000264076791662
-0.000855306697849
0.00197996211194
0.000931399337672
0.000338610217422
0.00241555516285
0.003328562911
0.000134328880071
-0.000983497330384
0.00185356227571
0.000806992112118
0.000216364960344
0.00229222846674
0.00320652524974
5.40906576407e-06
-0.00111086535618
0.00172797853271
0.00068339348478
9.49198792572e-05
0.00216976826163
0.00308534861047
-0.0001226790211
-0.00123740725561
0.00160321427736
0.000560606713186
-0.00263297343129
0.00204817824074
0.00296503658641
-0.00024993175274
-0.00136311951198
0.00147927290057
0.000438635050817
-0.0027528088289
0.00192746209189
0.00284559276498
-0.000376345504114
-0.00148799861187
0.00135615778943
0.000317481746788
-0.00287183472849
0.00180762349699
0.00272702072736
-0.00050191665328
-0.00161204104545
0.0012338723269
0.000197150045532
-0.0029900480327
0.00391076826712
0.00260932404812
-0.00062664158177
-0.00173524330687
0.00111241989144
7.76431864787e-05
-0.00310744564963
0.0037926958004
0.000523578613302
0.00148436320618
0.00193966566901
0.000991803856651
-4.10355962711e-05
-0.00322402449318
0.00367551189407
0.000407643345884
0.00136134155869
0.00181815425174
0.00310289254052
-0.000158883074272
-0.00333978148336
0.00355922020241
0.000292594116624
0.00123917696268
0.00169749349672
0.0029839594069
-0.000275896025065
-0.00123276135408
0.00344382437171
0.000178434469454
0.00111787301896
0.00157768689028
0.00286587276235
-0.000392071232512
-0.00134686542347
0.00332932803983
6.51679396115e-05
0.000997433322951
0.00145873791294
0.000239097873392
-0.00050740548713
-0.00146013843919
0.00321573483578
-4.72019467898e-05
0.000877861464293
0.00134065003904
0.000122714252763
-0.000621895586432
-0.00157257734878
0.00310304837925
-0.000158671673182
0.000759161026457
0.00122342673638
7.18715342662e-06
-0.000735538335266
-0.00168417910743
0.00299127228018
-0.000269237732977
0.000641335586336
0.00110707146576
-0.000107480094705
-0.000848330546163
0.00182878609938
0.00288041013829
-0.000378896629997
0.000524388713843
0.000991587680691
-0.000221284169416
-0.000960269039683
0.00171886774467
0.00277046554265
-0.000487644878913
0.000408323971501
0.000876978826934
-0.000334221756553
-0.00107135064476
0.00160979562601
0.0026614420712
0.00161325237383
0.00029314491403
0.000763248342129
-0.000446289550405
-0.00118157219907
0.00150157275424
0.00255334329031
0.00149776288193
0.000178855087929
0.00288098334551
-0.000557484254076
-0.00129093054936
0.0013942021309
0.000669586195058
6.87708224726e-05
6.45461548533e-05
-0.00116461427156
-0.00105787396443
0.0012160652785
3.75660146365e-05
0.000563113772806
-3.96089427897e-05
-4.55761980595e-05
-0.00125967896329
0.00106910725773
0.00111958433841
-5.25148617673e-05
0.000457512082621
-0.000147106938828
-0.00015480691077
-0.00136912099787
0.000975114097163
0.00102406987644
-0.000141601071387
0.000352784181457
-0.000253719957557
-0.000263142633663
-0.00147898616644
0.000882078639155
0.000929525213361
0.00339366766098
0.000248933115122
-0.000359444801914
0.0018513470188
-0.00158794416082
0.000790004041113
0.000835953651198
0.0033065804601
-0.00248683205249
-0.000464278286246
0.00174481128056
-0.00169599152478
0.000698893441513
0.000743358472779
0.0032160156234
-0.00258892035813
-0.000568217236695
0.00163918051422
-0.00180312481362
0.000608749959441
0.000651742941226
0.00312311394014
-0.00046819664655
-0.000671258491593
0.0015344580235
-0.00190934059458
0.00051957669413
0.000561110299465
0.000347825213693
-0.000568510151066
-0.000773398901857
0.00143064709961
-0.00201463544734
0.000415882834967
0.000469791608579
0.000223309695533
-0.00066793177159
-0.000874635331378
0.00132775102082
-0.00211900596441
0.000297605562771
0.000350314074995
9.9707022489e-05
-0.000766458536831
-0.000974964657425
0.00122577305205
-0.00222244875163
0.000180232658666
0.00245367834075
-2.29786514811e-05
-0.000864087489205
-0.00107438377104
0.00112471644443
-0.00232496042857
6.37679167295e-05
0.00233603611892
-0.000144743178278
-0.000960815685208
-0.00117288957744
0.00102458443487
-0.00242653762902
-5.17848773155e-05
0.00221931746073
-0.000265582416171
-0.00105664019579
-0.00127047899642
0.000925380245637
0.00331848334235
-0.000166421946563
-0.000531279333853
-0.00038549223032
-0.00115155810674
-0.00136714896276
0.000827107083939
0.00321878513443
-0.000280139523404
-0.00064613909255
-0.000504468493299
-0.00124556651903
-0.00146289642662
0.00072976814146
0.00312003141184
-0.000392933849996
-0.000760063534268
-0.000622507085627
-0.00133866254924
0.000664206830175
0.000633366593943
0.0030222254794
-0.000504801178757
-0.00087304876094
-0.000739603896302
-0.0014308433299
0.000570313457204
0.000537905600752
0.00292537062542
-0.000615737772839
-0.000985090885215
-0.000855754823343
-0.00152210600987
0.000477351639829
0.000443388304431
0.00282947012125
-0.00335853853365
-0.00109618603097
-0.000970955774338
-0.00161662158041
0.000385324362257
0.000349817830266
0.00273452722078
-0.00346760249325
-0.00120633033386
-0.00108520266699
-0.00174520238819
0.000294234591268
0.000257197285844
0.00264054516002
-0.00357572457699
-0.00131551994181
0.00102716463268
-0.00209517183061
0.000115895276596
0.00177297117792
-0.00248136193268
-0.000957693884258
-0.00155325588397
-0.000571885417448
-0.00113791948124
-0.00166944347452
-0.00351708478993
-0.00382937430441
0.000314140711749
-0.00048341991086
-0.00282532542214
-0.00340519695554
0.000396249287191
-0.0039942936846
-0.00219257916621
-0.00274620512846
-0.00501456565595
-0.00342736177573
-0.00199359967682
-0.00263689791148
-0.000956524581912
-0.00234179169009
-0.000816947389648
-0.00141149166518
-0.00315242414933
-0.00105629682961
0.000643760429643
0.00022142309223
-0.00151217059881
-0.00209160880508
0.00174140241258
-0.00283471195317
-0.00341465386797
-0.00165082193252
-0.00596513059207
-0.00218960088762
-0.00274320502646
-0.000958779607171
-0.00533147222872
-0.00186590638157
-0.00250823948229
-0.00082704228641
-0.00502782824653
-0.000649367551822
-0.00124270461713
-0.00303357344642
-0.0036702464793
0.000753679058621
0.00033191908302
-0.00140124422207
-0.00207248596069
-0.000635769302886
-0.00281522402522
-0.00116403660874
-0.00163106860962
-0.00371825378743
-0.00411370055781
-0.00271043218786
-0.000925815851177
-0.00529836754057
-0.00171220842262
-0.000131453847842
-0.000671198199908
-0.00261326324081
-0.00330822298542
-0.00104706014011
0.00057676332454
-0.00353357752234
-0.00183810944362
-0.00225914907226
-0.00126242286425
-0.0020250500624
-0.000587852573867
-0.00502404785307
-0.00111533377022
-0.00158207012921
0.000296638410495
-0.00405164758688
-0.00237784548567
-0.000862945300594
-0.00305414460396
-0.00438778207257
-0.00280568104125
-0.000489137475727
-0.0024048949292
-0.00309661275223
-0.00146360215649
0.000739495392529
-0.001144736675
-0.00167304057721
0.000131357578498
-0.0037042536523
-0.00194935176248
-0.000511388169187
-0.00120035364916
-0.00329078985968
-0.00150388231012
0.000375185206664
-0.00396014822382
-0.00228567817775
-0.00272236948317
-0.0031055135881
-0.00419360709597
-0.00259888046778
-0.00313616626123
0.00125573307497
-0.00288552830064
-0.00125102277453
-0.00192465668048
-0.000953572389925
-0.00148063439478
0.000324763051359
-0.003554758905
-0.00222500142371
-0.000406459136185
0.00113957173781
-0.00318414622505
-0.00141485064628
-0.00176597880518
-0.00383930824613
-0.00216395854697
-0.00268658903436
-0.00505360811149
-0.00175851556259
-0.00236637706139
-0.000748151015838
-0.00141169541034
-0.00264817832617
-0.00101200092438
-0.00170818607634
-0.00356873268561
-0.00409438468233
0.000545447494335
0.000100975834327
-0.00209304956591
-0.00288688542834
0.00127402312287
-0.00304869485571
-0.00127858293947
-0.00162908896004
-0.00357399957477
-0.00203291724624
-0.000494444579047
-0.00106817891626
0.00193133170341
-0.00210837893363
-0.000569843898
-0.00123199306747
-0.00302614249309
-0.000793607442984
0.00075678587155
-0.00332383149084
-0.00162597406319
-0.00204275254051
0.000259085026989
-0.00193316497703
-0.00272539723995
-0.00118218040166
-0.00288458604654
-0.00111348891861
-0.00146324414647
-0.00339492748791
-0.00414870114487
-0.000498821052986
-0.00107258899096
-0.000663173290154
-0.00468300198026
-0.000365639434696
-0.00102619795472
-0.00286501732368
-0.00348641994571
0.00102615738405
0.000398866620304
-0.00135281627837
-0.00176820035179
-0.000169353204744
-0.00174551486288
-0.00030720071493
-0.000991004824483
-0.00293478511279
-0.00339745334763
-0.00126863080556
0.000511690269222
-0.00412343323468
-0.00257804992539
-0.00104689459922
-0.000374394208489
-0.00445510053742
-0.00299085838429
-0.000794499064019
-0.0026775942706
-0.00329760979894
-0.00159238314751
0.000696553516461
-0.00105324138525
-0.00146710691722
4.34999537047e-05
-0.00430771934117
-8.98414515364e-05
-0.00077176112674
-0.0027139329353
-0.00317528844703
-0.00129059164918
0.000565963516749
-0.00183547969216
-0.00252270640982
-0.00309585431164
-6.08788211991e-05
-0.00197997549614
-0.00273543448875
-0.00117031601128
0.000987225137925
-0.000860557726465
-0.0013759351272
-0.00183491589899
-0.0035826735031
-0.0011397636298
0.000283417191099
-0.00406514816654
-0.00262754785947
-0.000524682637423
0.00113272943622
-0.00292493767397
-0.00103912062491
-0.00183053301387
-0.00175112515015
-0.00243758371642
-0.000777144924563
-0.00262140224058
-0.00170170319594
-0.0024547299379
-0.000911171544621
-0.00162843485885
-0.000619330120675
-0.00113322582204
0.000679503562733
-0.00323114612371
-0.00141969055004
0.000550160204885
-0.00157204845009
-0.00235522617001
-0.00303270279552
0.00140937253416
-0.00264667115028
-0.000814373302794
-0.0017179421486
-0.00397294654006
-0.00232278245842
-0.000661467483327
-0.00225922438553
-0.000844261484601
-0.00214899017224
-0.000648201136708
-0.00136325324058
-0.00320735164583
-0.000864482395333
0.000949559814966
-0.00285412270033
-0.00117936238634
-0.00206934382358
0.00218275353352
-0.00205582800863
-0.000507444818447
-0.00107432357503
-0.00279420413659
-0.000674436191686
0.000656010126446
-0.00382989648348
-0.00451402699125
-0.00051602478515
0.000326256355253
-0.000516574415469
-0.00245473149665
-0.000359958157592
0.0011493304161
-0.00291459799643
-0.00342508752831
-0.00160961712389
-0.0025066772338
-0.00110286717487
-0.00199201893098
-0.000558162279261
-0.0018453474299
-0.00019934317732
-0.000743052804569
-0.00246101932415
-0.00319199373001
0.000826409881831
-0.00365772844667
-0.00210553712508
-0.00267474390619
0.000674915176393
-0.000164582595473
-0.00209972971111
-0.00290487452795
0.00146519233423
-0.00259646737647
-0.000883107970875
-0.0012880295303
0.000582594492524
-0.000999345223196
0.000334551343393
-0.000452506547198
-0.00458690059822
-9.20239384364e-05
-0.000559664875367
-0.00217986749811
-0.00299524161173
-0.00166668953154
0.000234549763863
-0.00190264336907
-0.00247032122009
-0.00195088159885
0.00021142411956
-0.00176269390599
-0.00256686141193
-0.00105129831467
-0.00225324258663
-0.000537832826093
-0.000941104349612
0.000694198194503
-0.00372403536383
0.000466406832829
-0.000319377791921
-0.00223072050589
-0.0028062985865
-0.0010512180238
-0.00204324535788
-0.00277038612174
-0.00143923963481
-0.00222779864349
-0.0016708083625
-0.00223674925448
-0.00155488649183
-0.000155394123859
-0.00140352615991
-0.00220438585035
-0.000685862878985
-0.00129123675026
-0.000167634157222
-0.000569151446605
0.000815447928577
-0.00358723446413
-0.00222979110212
-0.000158910369047
-0.00206890172915
-0.00264332151502
-0.000887289227714
-0.00124275687352
-0.000369046551882
-0.00118362293844
0.000256301558013
-0.00396925174958
0.000206855934902
-0.00113568124429
0.000267715103866
-0.00391776713169
0.000405074631819
-0.000296098312916
0.00132394294131
-0.00262797025693
-0.00106503315
0.000874216966915
-0.00343302891903
-0.00206752926978
-0.00282640112258
-0.00187968300009
-0.00245275428295
-0.00069561407881
-0.00113832849429
-0.00312187654047
-0.000947582706531
0.00050558422048
-0.00379251526276
-0.0022004833243
-0.000693587900184
0.000697394747682
-0.000189544574498
-0.00207807062703
0.000117669962721
0.00174058338818
-0.00220890656424
-0.000980561992272
-0.00189553324848
-0.00108700427401
-0.00188483558587
-0.000416607469794
-0.00106712608129
-1.28631473085e-05
-0.000476391128224
-0.00104340603115
-0.00302604886152
-0.00367120759529
0.000687652956693
-0.00360867451978
-0.00201510560445
-0.00112818004068
0.00112329652733
0.000240585507955
-0.00164408519596
-0.00233851829808
0.00218102294531
-0.00208348215553
-0.000869834937897
-0.00178360754716
-0.000377854584837
-0.00168967801588
-0.00020528598776
-0.000853638767236
-0.00262541895917
-0.00308498120765
0.00130149897256
-0.00290190890609
-0.00132378806421
-0.00192567838576
0.00237847948208
-0.00180077298078
-0.000641320190111
-0.00155896162034
0.00292523529301
-0.00118693406194
0.000348505663689
-0.000290526819202
-0.00258346613678
-0.000732953907815
-0.00164524910425
-0.000238149327443
-0.00440390979212
3.27740837579e-05
-0.000613692825803
-0.00238387213117
-0.00281697167705
-0.00140274870683
-0.00274958961646
-0.00117022159721
-0.00170314316405
-0.000207727171703
-0.00155772794434
0.00137020437224
0.000694243101694
0.00212024645871
0.00305082294868
0.000106184661435
-0.000487447726577
0.00253769749296
-0.000435251217296
0.000539055520524
0.00196662924003
0.00290267735527
-4.07546893209e-05
-0.000636183434535
0.00238624243846
-0.000591216764732
0.000384463939635
0.00181360630575
0.00275513573425
-0.00018709187135
-0.000784327129549
0.00223536683422
0.00147534281897
0.00023047086172
0.00166118010084
0.0026082004613
-0.000332824554649
-0.000931876513897
0.00208507294938
0.00132057972364
7.70787937345e-05
0.00373128477753
0.000812981266216
-0.000477950406877
-0.00107882928724
0.00193536305615
0.00116642169606
-7.57097532123e-05
0.00358005938156
0.000667265826889
0.0015994636786
0.00293945391971
0.00178623942967
0.00101287130335
-0.000227892263965
0.00342943807246
0.000522163878054
0.00145555849433
0.00279370127936
0.0038596304634
0.000859931116927
-0.000379466219433
0.00327942330984
0.000377677805264
0.00131226715106
0.0026485521657
0.00371168620718
0.000707603712474
-0.000530429096701
0.00313001755674
0.000233809996252
0.00116959198937
0.00250400888849
0.00191427267023
0.00055589166976
-0.000680778369148
0.00298122327942
9.05628408121e-05
0.00102753535161
0.00236007375958
0.00176751691785
0.000404797572551
-0.000830511506555
0.00283304294735
-5.20612693176e-05
0.00088609958178
0.0022167490928
0.0016213588488
0.000254324008486
0.00318501109119
0.00268547903301
-0.000194059940578
0.000745287025415
0.00207403720383
0.00147580075386
0.000104473568955
0.0030365178283
0.00253853401181
-0.000335430777709
0.000605100029473
0.00193194041012
0.00133084492605
-4.47511510249e-05
0.00123975286898
0.00239221036198
-0.000476171383879
0.000461106984069
0.00179046103074
0.00118649366054
-0.000193347552932
0.00331443668839
0.00224651056443
-0.000616279360805
0.000316279418902
0.00164793039503
0.00104274925453
-0.000341313034869
0.00316782229686
0.00210143710263
0.00146618032583
0.000172069574949
0.00150346903034
0.000899614007124
-0.000488644991691
0.00302183929041
0.00195699246248
0.00132734480739
2.84798469171e-05
0.00358155499189
0.00075479196088
-0.00063534081514
0.00287649022101
0.00181317913221
0.00118914912046
-0.00176338094831
0.00343832350213
0.000608208788081
-0.000781397893972
0.00273177764324
0.00166999960222
0.00105159566782
0.00225891288266
0.0032957104835
0.000462229855039
-0.000926813614096
0.00258770411413
0.00152745636497
0.000914686853053
0.00211719789018
0.00315371829419
0.000316857498497
-0.00107158535871
0.00244427219306
0.00138555191484
0.000764601817107
0.0019761126114
0.00301234929404
0.000172094057476
0.000187013025445
0.00273084558036
0.0009527256964
-0.000904375629788
0.00116668139131
0.000993296854339
0.00304768968032
3.64770582242e-05
0.00257817578064
0.0007916936014
-0.001040185434
0.00102848128049
0.000868164083403
0.00292040804245
-0.00011345334567
0.00242611426257
0.000631254495921
0.00273552904382
0.000890960345426
0.000743755701971
0.00279385790409
-0.000262775733525
0.000347154587981
0.00270677705707
0.00260106891022
0.000754121273772
0.000620074347614
0.00266804202138
-0.000411487649396
0.000196317240271
0.00254753187324
0.00246728747241
0.000617966753937
0.000497122655198
0.0025429631482
-0.000559586634211
4.19263607906e-05
0.00238888763312
0.00233418730413
0.000482499474932
0.000374903256681
0.00241862403597
0.00151957955766
-0.00011376968669
0.00223084699956
0.00220177097888
0.000347722126188
0.000253418780904
0.00229502743342
0.00137271382408
-0.00026886173603
0.0020734126409
0.00207004106988
0.000213637397383
0.000125909001095
0.00217217608637
-0.000607497585529
-0.000423347202329
0.00191658723094
0.00193900014978
8.02479782655e-05
-9.71415912092e-06
0.00205007273756
-0.000753120197028
-0.00057722349611
0.00176037344876
0.00180865079058
-5.24434415283e-05
-0.000144633491373
0.00192872012632
-0.000898117539366
-0.000730488023435
0.00160477397865
0.00167899556341
-0.000184434172655
0.00195485370359
0.00180812098846
0.00297187544387
-0.000883138186021
0.00144979151001
0.00155003703838
-0.000315721526249
0.00182135043881
-0.000821933374533
0.00282813606813
-0.00103517138135
0.00129542873715
0.00365693799362
-0.000446302814109
0.00168855941356
-0.000941017373724
0.00268502939427
-0.0011865850028
0.00114168835927
0.00352938057814
-0.000576175348883
0.0015564834314
-0.00105933971591
0.00254255790408
-0.00133737643974
0.00098857308026
0.00340252756713
0.0031466323508
0.00142512529539
-0.00117689768189
0.00240072408124
0.000746870210846
0.000836085608625
0.00325995472727
0.00301818537988
0.00129448780793
-0.00129368855721
0.00225953041122
0.000597330990121
0.000684228657326
0.00310593461068
0.00289045521708
-0.00124963692899
-0.00140970963238
0.00211897938107
0.000448421808474
0.000533004943667
0.00295255044294
0.00276344454441
-0.00137882471596
-0.0015249582031
0.00197907347938
0.000300145291246
0.00038241718916
0.00279980503603
0.00263715604206
-0.00150728345338
-0.00163943157056
0.00183981519608
0.000152504067137
0.00023246811939
0.00264770120673
0.00251159238821
-0.00163501034367
0.000471538093533
0.00170120702229
5.5007680739e-06
8.31604638801e-05
0.00249624177648
0.00238675625879
-0.00176200259097
0.000347373676935
-0.00481772604797
-0.0037976522453
-0.00148138149874
-0.00383922417624
-0.00378491666619
-0.00487870368762
-0.00434464343007
-0.0048508799917
-0.00376309397512
-0.00146153595879
-0.00382715642351
-0.00377263161717
-0.00486623374431
-0.00433202616881
-0.00488291220029
-0.0059607783089
-0.00144854015024
-0.00381389236129
-0.00375912880022
-0.00485252777786
-0.00435311001084
-0.00491382131307
-0.00147945105487
-0.00143437274265
-0.00379943262323
-0.00374440888378
-0.00483758648732
-0.0043832142279
-0.00494360601501
-0.00151187284041
-0.00141903438533
-0.0037837778996
-0.003728472596
-0.0048395059163
-0.00441207665468
-0.00497226503695
-0.00158020423969
-0.00140252578071
-0.00376692893714
-0.00371132072454
-0.00486676204779
-0.00666162283874
-0.00499979715593
-0.00164744226993
-0.00138484768421
-0.00374888653883
-0.00369459412595
-0.00489278955672
-0.00668799724962
-0.00506023225301
-0.00235626932245
-0.001366000904
-0.00372965156374
-0.00371898920697
-0.00491758712211
-0.00671312555989
-0.000679872770623
-0.00242131216621
-0.0013459863009
-0.00370922492682
-0.00596410265969
-0.00494115348365
-0.00673700645837
-0.00074292398038
-0.00248525326627
-0.00132480478812
-0.00371650706694
-0.00598607366054
-0.00496348744203
-0.00675963869727
-0.000804884705019
-0.00254808990568
-0.00130245733108
-0.00373686951566
-0.00600683096662
-0.00582390414532
-0.00238118689178
-0.000865752373036
-0.00260981940576
-0.00351740471128
-0.00375604015431
-0.00602637355293
-0.00584376994477
-0.00240131832331
-0.000925524450414
-0.00267043912655
-0.00354361696627
-0.0037740180708
-0.00604470045344
-0.00586240011188
-0.00242019773537
-0.000984198441118
-0.00272994646738
-0.00360380148313
-0.00379080240894
-0.00606181076124
-0.0058797936941
-0.00243782413676
-0.00327464011197
-0.00278833886742
-0.00366285939911
-0.00380639236866
-0.00607770362884
-0.00589594980125
-0.00245419660115
-0.00333111059561
-0.00284561380613
-0.00372078810887
-0.00382078720617
-0.00609237826833
-0.00591086760569
-0.00246931426728
-0.00338647573728
-0.00290176880386
-0.00377758504909
-0.00383398623414
-0.00610583395159
-0.00152471214183
-0.00248317633919
-0.00344073319773
-0.0029568014223
-0.00383324769899
-0.0038459888219
-0.00611807001049
-0.00375907815604
-0.00249578208646
-0.00349388067813
-0.00301070926501
-0.00388777358086
-0.00385679439555
-0.00612908583701
-0.00377027671532
-0.00250713084435
-0.00354591592051
-0.00306348997789
-0.00475261230663
-0.00386640243811
-0.00613888088344
-0.00378023429104
-0.00251722201401
-0.00359683670819
-0.00311514124972
-0.00480485739425
-0.00609674605567
-0.00614745466247
-0.00378895037125
-0.00252605506265
-0.00416553477214
-0.00682422951329
-0.00529862010121
-0.00410002913037
-0.00703460843716
-0.00532393209388
-0.0078768620789
-0.00424476612445
-0.00682529415806
-0.00530903728107
-0.00411028252962
-0.00706029798996
-0.00534915619991
-0.00790157331661
-0.00432284670168
-0.00683533802113
-0.00531825634328
-0.00411935661117
-0.00708483387418
-0.00537324725916
-0.00792517424819
-0.00439977279481
-0.00691103623754
-0.00532627684612
-0.00384877814387
-0.00710821499293
-0.00539620423307
-0.00794766389692
-0.00447554073406
-0.00254965910831
-0.00533309840514
-0.00387135670873
-0.00713044029962
-0.00541802613076
-0.007969041331
-0.00455014688966
-0.00262306955772
-0.00533872069323
-0.00389276027063
-0.00715150879826
-0.00543871200931
-0.00351840968793
-0.00462358767268
-0.0026953309644
-0.00534314344069
-0.00391298783867
-0.00717141954363
-0.0054582609739
-0.00353756007799
-0.00469585953581
-0.00276643994234
-0.00536373189331
-0.0039320384754
-0.00719017164149
-0.00547667217803
-0.00355559572944
-0.00476695897409
-0.00283639314653
-0.00543236199077
-0.00394991129699
-0.00720776424881
-0.0054939448237
-0.00357251589201
-0.00483688252577
-0.00290518727365
-0.00549985254488
-0.00396660547344
-0.00722419657395
-0.00551007816159
-0.00358831986122
-0.0071403585739
-0.00297281906286
-0.00556620047024
-0.0039821202288
-0.00723946787682
-0.0055250714912
-0.00360300697854
-0.00720792014366
-0.00303928529646
-0.00563140272283
-0.00399645484131
-0.00278324308074
-0.005538924161
-0.00361657663148
-0.00727429570831
-0.00533664263704
-0.00569545630065
-0.00400960864361
-0.00279619032586
-0.00555163556862
-0.00362902825378
-0.00733948198647
-0.00540076828256
-0.0079828827498
-0.00402158102285
-0.00280797463941
-0.00556320516092
-0.0036403613255
-0.0074034757438
-0.00546371898545
-0.00804463014338
-0.00403237142087
-0.0025373425908
-0.00557363243413
-0.00365057537312
-0.00746627379368
-0.00552549170772
-0.00810522011474
-0.00626390731239
-0.00254679949658
-0.00558291693399
-0.00365966996963
-0.00678063471216
-0.00558608345804
-0.00816464983634
-0.00627233229279
-0.00255509203081
-0.00559105825579
-0.00366764473467
-0.00684103198203
-0.0056454912924
-0.00375953911719
-0.00627957394675
-0.00478414965908
-0.00559805604453
-0.00367449933454
-0.00690022427853
-0.00570371231484
-0.00381664003812
-0.0063353270118
-0.00479011237732
-0.00560390999492
-0.00368023348233
-0.00695820861341
-0.00576074367806
-0.00387257250033
-0.00639004258307
-0.00479490975629
-0.00783054782962
-0.00368484693795
-0.00701498204983
-0.0058165825841
-0.00392733386075
-0.00644361081136
-0.00479854157876
-0.00783411338684
-0.00368833950817
