-0.00354266380001
-0.0039945785344
-0.00421667952685
-0.00264288938914
-0.00123832572213
-0.0040362716093
-0.00418731756663
-0.00355129445384
-0.00400324134864
-0.00422536370124
-0.00265870567637
-0.00125419681311
-0.00564718547476
-0.00419043428854
-0.00355918632244
-0.00178922720003
-0.00423330451572
-0.00267377796332
-0.00126932133928
-0.00566234296997
-0.00419280001359
-0.00356633926209
-0.00179640680063
-0.00424050182391
-0.00268810597109
-0.00128369901884
-0.00567675199828
-0.00195959628345
-0.00357275314252
-0.00180284459
-0.00424695549308
-0.00270168943441
-0.00129732958374
-0.00569041228989
-0.00196591229534
-0.00135979573512
-0.00180854044999
-0.00425266540419
-0.00271452810168
-0.00131021277977
-0.00570332358892
-0.00197883494513
-0.00137436427846
-0.00181349427603
-0.00425763145191
-0.00272662173501
-0.00132234836654
-0.00348451080782
-0.00199100770393
-0.00138819485942
-0.00182627798788
-0.00426185354461
-0.00273797011018
-0.00546524510864
-0.00349592340975
-0.00200243034314
-0.00140128722633
-0.00183941767035
-0.00426950104302
-0.00274857301675
-0.00547588481117
-0.00350658633507
-0.00201310264813
-0.00141364114082
-0.00185181624104
-0.00428192876888
-0.002758430258
-0.00548577626649
-0.00351649938372
-0.00202302441832
-0.00142525637789
-0.0018634734725
-0.0042936134177
-0.00276754165101
-0.00326394444417
-0.00352566236965
-0.00203219546716
-0.00334435587061
-0.00187438915079
-0.00430455477405
-0.00277590702662
-0.00327233886447
-0.00353407512081
-0.00204061562216
-0.00335449313132
-0.00188456307551
-0.00431475263611
-0.0027835262295
-0.00327998452484
-0.00354173747921
-0.00204828472491
-0.00336389111988
-0.00189399505981
-0.0043242068157
-0.000566886028991
-0.00505726402933
-0.00354864930092
-0.00205520263108
-0.00337254966488
-0.0019026849304
-0.00433291713832
-0.000573012475655
-0.00506341175481
-0.00355481045605
-0.00206136921046
-0.00338046860834
-0.00596350902242
-0.00434088344314
-0.00057839236652
-0.00506881033329
-0.00356022082882
-0.00206678434696
-0.00338764780576
-0.00597071420012
-0.00434810558304
-0.000583025601592
-0.00507345966374
-0.00356488031752
-0.00207144793859
-0.00339408712606
-0.00597717682585
-0.00213264892724
-0.000599933702807
-0.00507735965912
-0.00356878883455
-0.00207535989753
-0.00339978645169
-0.00598289678076
-0.00213838235076
-0.000619006343712
-0.00508051024642
-0.00357194630642
-0.00210446575429
-0.00340474567855
-0.00598787395962
-0.00214337125029
-0.000637334772052
-0.00508291136664
-0.00357435267374
-0.00213449160167
-0.00340896471607
-0.00377017470485
-0.00214761553361
-0.000654918648029
-0.00508456297483
-0.00357600789126
-0.0021637726157
-0.00243383771602
-0.00425881243639
-0.00384757114308
-0.00568092552197
-0.003932698151
-0.00359086038491
-0.00545334557152
-0.00243873904182
-0.00426383973787
-0.0038552915363
-0.00568885018809
-0.0039422324629
-0.00361099508118
-0.00547405789572
-0.00244281541459
-0.00426802089203
-0.00386214442888
-0.00569588442698
-0.00172892461935
-0.00363019268505
-0.00549380648046
-0.00244606674184
-0.00427135579907
-0.00386812964879
-0.00570202805259
-0.00173663033616
-0.00364845263194
-0.00551259071128
-0.00244849294978
-0.00205130824762
-0.00387324704573
-0.00654659346326
-0.00174342142027
-0.00366577438442
-0.00553041000324
-0.00682302693151
-0.00205295044173
-0.00387749649119
-0.00655095539827
-0.00174929768216
-0.00368215743229
-0.00554726380101
-0.00682380275435
-0.00205374621044
-0.00388087787842
-0.00655442630302
-0.00175425895783
-0.00369760129264
-0.00333737910127
-0.00682375334886
-0.00205934858022
-0.00388339112247
-0.00655700608565
-0.0017625054876
-0.00371210550999
-0.00335230036353
-0.00684036048773
-0.00210395882848
-0.00392354134421
-0.00655869467786
-0.00177568481165
-0.00372566965624
-0.00336625464412
-0.00688303075507
-0.00214774061034
-0.00396844750649
-0.00433756219418
-0.00618778445242
-0.00373829333086
-0.00337924150695
-0.00692489173307
-0.00219069290108
-0.0040125038111
-0.00433746829501
-0.00619913566628
-0.00374997616085
-0.00339126054597
-0.00474005825222
-0.00223281469375
-0.00405570917263
-0.00438114709793
-0.00620957233714
-0.00376071780084
-0.00340763504023
-0.00478029786886
-0.00227410499927
-0.0040980625248
-0.00442456978349
-0.00621909417361
-0.00377051793314
-0.00344806709459
-0.00481972544693
-0.00231456284658
-0.00413956282067
-0.00446711875707
-0.0062277009097
-0.00155744735837
-0.00429580467289
-0.0048583401036
-0.00235418728273
-0.0041802090327
-0.00450879291234
-0.0062353923049
-0.00156536363315
-0.00433432947543
-0.00489614097303
-0.00239297737297
-0.00422000015289
-0.00454959116393
-0.00624216814423
-0.00157233761367
-0.00437189885275
-0.00493312720641
-0.00243093220091
-0.00287686087409
-0.00458951244753
-0.0062480282382
-0.00159278571201
-0.00440851164206
-0.00496929797211
-0.00246805086856
-0.00291493886543
-0.00462855572005
-0.00625297242293
-0.00162738831012
-0.00444416670839
-0.0050046524557
-0.00250433249649
-0.00295215885944
-0.00466671995973
-0.00625700056011
-0.00166105963656
-0.00447886294471
-0.00503918986012
-0.0025397762239
-0.00298851992753
-0.00470400416629
-0.00629520614612
-0.00169379870449
-0.00451259927211
-0.00507290940571
-0.00257438120874
-0.00302402116122
-0.00474040736104
-0.00411058378467
-0.00172560455302
-0.00454537464001
-0.00812740360398
-0.00436035829575
-0.00314210287485
-0.00828629802821
-0.00732015114635
-0.00618655835002
-0.00501793595579
-0.00597401480201
-0.00459182353825
-0.00924036248211
-0.00578397857616
-0.00668358496786
-0.00545882522972
-0.00651255886635
-0.00525635871064
-0.00861772966534
-0.00715537361998
-0.00590626409722
-0.00676009157955
-0.00384803310347
-0.00458797641089
-0.00558569840766
-0.00421596384572
-0.00902654939347
-0.00814959054984
-0.00711598014434
-0.00604557165782
-0.00487498710669
-0.00582925042423
-0.00835948744357
-0.00711499183372
-0.0054972817034
-0.00643710443824
-0.00520792929039
-0.00629656677748
-0.00753859536551
-0.00839591602525
-0.00690441162369
-0.00779296076674
-0.00500037196174
-0.00572234944462
-0.00850615808763
-0.00541595433147
-0.00404445968213
-0.00887662481296
-0.00569574577363
-0.00694870229799
-0.0058757899052
-0.00693242998644
-0.00565493842097
-0.00844059247317
-0.00693695536099
-0.00531774556495
-0.00629148403977
-0.00333963867759
-0.00433818455183
-0.00728777274173
-0.00814195279834
-0.00664769372444
-0.00600161621265
-0.00462433937621
-0.00534216571263
-0.00813138643737
-0.00521953721831
-0.00764256544532
-0.006556090735
-0.00550332902768
-0.00675322655768
-0.00567740194668
-0.00673130561402
-0.0073934072397
-0.00823464088623
-0.00672897095824
-0.00734284620451
-0.00439851300573
-0.00539000220922
-0.00826387670667
-0.00700552271533
-0.00785619623122
-0.00493878076227
-0.00559899317438
-0.00421660438518
-0.00918993025629
-0.00634003951011
-0.00879511914345
-0.00745725533983
-0.00649106994547
-0.00543275824293
-0.00652976213799
-0.0033579445457
-0.00440873766922
-0.00716064467829
-0.00799926930394
-0.00649129003699
-0.00538127566377
-0.00419159071356
-0.0051802178498
-0.00803031047503
-0.00891862047661
-0.0061146454274
-0.00684016636542
-0.00521857292605
-0.00377774605557
-0.00736220394631
-0.00594382594808
-0.00631753029842
-0.00736605702064
-0.00639845511481
-0.00756899616858
-0.00432509633667
-0.00533781525003
-0.00819052407136
-0.00689904185743
-0.00773475354861
-0.00450228627278
-0.00511197297208
-0.00395438948308
-0.00914116648303
-0.00635802548789
-0.00714583094646
-0.00576652168055
-0.00648836609758
-0.00486367145815
-0.00840610396029
-0.00688784529779
-0.00563362581775
-0.00633889166843
-0.00728477289751
-0.00627834029163
-0.0053639929548
-0.00420158061194
-0.00921411123112
-0.00790391457734
-0.00884384367061
-0.00571445456696
-0.0064359520328
-0.00482670341921
-0.00368720375743
-0.0074368674014
-0.00608388079808
-0.00683592137197
-0.00538789286524
-0.00610578088683
-0.00309360813854
-0.00790684670892
-0.00639450404371
-0.00751277145487
-0.00633337101053
-0.00721172726714
-0.00404770825227
-0.00521435799405
-0.00404992531012
-0.00906057688026
-0.005960183186
-0.00679376569369
-0.00539259646283
-0.00611100636492
-0.00457854765168
-0.00838036371968
-0.00713600444282
-0.00800131735436
-0.00652817766549
-0.00497925250799
-0.00430877916764
-0.00693713463676
-0.00759159745555
-0.00617046346969
-0.00585885697718
-0.00853173800886
-0.00503288571738
-0.00614709002653
-0.00503710724149
-0.00791069081295
-0.00714249911479
-0.00577630728056
-0.00653338040551
-0.00504259511094
-0.00575767746802
-0.00714128378052
-0.0080828218835
-0.00680548323059
-0.00766682185478
-0.00619016519865
-0.00543159377182
-0.00392671354366
-0.0067233679696
-0.00742347115223
-0.00452978391166
-0.00559818925503
-0.00639798245364
-0.00490578691473
-0.00601826276974
-0.00483242225288
-0.00819781314817
-0.00693252868928
-0.00779450230899
-0.00631900200527
-0.00476284376174
-0.00387695262491
-0.00691401431107
-0.00785266077028
-0.00645821015482
-0.00591859639408
-0.00443816993685
-0.00518643622053
-0.00796837951631
-0.00874680768753
-0.00583881870735
-0.00646304302862
-0.00530491230948
-0.0063119509038
-0.00477121827142
-0.00586222355117
-0.00694193334033
-0.00796281538658
-0.00669466214279
-0.00755401481557
-0.00607617101902
-0.00526281274206
-0.00791208823334
-0.00887973716216
-0.00759290881839
-0.00481136755541
-0.00561109433989
-0.00414480307637
-0.00919939958101
-0.00771878322261
-0.00713238775405
-0.00560620490475
-0.00617711541112
-0.00497945272112
-0.00619921302966
-0.00465754072792
-0.00383035876237
-0.00675655097221
-0.00770048582434
-0.00642915032941
-0.00577375150145
-0.00430304513011
-0.00500964603
-0.00772288228327
-0.0085942853901
-0.00591958725883
-0.00674103557646
-0.00531449034521
-0.00384509398369
-0.00892173520219
-0.0060567851153
-0.00687063075124
-0.00534181294374
-0.00591052138751
-0.00323815478579
-0.00605987620011
-0.00490182476605
-0.00776536698154
-0.00877500234376
-0.00745447975737
-0.00462442491316
-0.00547768742332
-0.00402415118601
-0.0089788946091
-0.00750518656174
-0.00689562961516
-0.00560161136379
-0.00641953227453
-0.00498836869415
-0.00861332336637
-0.0072296064167
-0.00798919008009
-0.00657774836331
-0.00504600595293
-0.0042282882171
-0.00711318906016
-0.00404387895637
-0.00473464815715
-0.00752872143458
-0.0085354327087
-0.00569408489766
-0.00652896905818
-0.0051542881264
-0.00371752104228
-0.00870659820987
-0.00587422349991
-0.00659720447817
-0.00525506012616
-0.00606917116218
-0.00324897703407
-0.00831183410709
-0.00689410287134
-0.00766925266015
-0.00625412891424
-0.00555745781926
-0.00389879055805
-0.00891733317399
-0.00385176386118
-0.00868366118574
-0.00726563181755
-0.00674467031406
-0.00542478219048
-0.00622762397929
-0.00480388733291
-0.00847103815044
-0.00703987886055
-0.00782137194545
-0.00631982557345
-0.00488032656641
-0.004306213206
-0.00712497553986
-0.00798553995727
-0.00657110343535
-0.00734751740212
-0.00451654202995
-0.00520005409134
-0.00780308033622
-0.00846812473034
-0.01000774067
-0.00846362355615
-0.00545190690277
-0.00645185870032
-0.00512871440522
-0.00592860591415
-0.0030481725935
-0.00810993189534
-0.0067304510099
-0.00751849329995
-0.00601410137274
-0.00531561651824
-0.00389937775473
-0.00894283445733
-0.00763007395078
-0.00622744093741
-0.00561700225115
-0.00413274399113
-0.00481253411221
-0.00741245303058
-0.00671714684727
-0.00822637839446
-0.00670113844501
-0.00737818674801
-0.00613283775627
-0.00480617255041
-0.00420366680934
-0.0069340210724
-0.00777197008492
-0.00639358280405
-0.00718784218435
-0.00429622666753
-0.00489949172436
-0.00772492290997
-0.00856328865321
-0.00586338796888
-0.00669404729032
-0.00524016276691
-0.00594199967791
-0.00866127376806
-0.00571977562473
-0.00625949789502
-0.00795649249287
-0.00645812914566
-0.00713321439156
-0.00578790993839
-0.00528018992558
-0.0081114922968
-0.0088007977506
-0.00741186390869
-0.00602962578605
-0.0054456295537
-0.00393484944459
-0.00453527481854
-0.00726341995071
-0.00677408818358
-0.00545086648892
-0.00629244762158
-0.00483431563877
-0.00549994184347
-0.00694913572295
-0.00749992079111
-0.00589225955826
-0.00766114214824
-0.00618926634174
-0.00686219295799
-0.0040751682165
-0.00496462521318
-0.00779139965527
-0.00847650592941
-0.00564114409786
-0.00647673917731
-0.00506051448015
-0.00576813938591
-0.00840356131037
-0.00539366806701
-0.00633896846283
-0.00506380363421
-0.00590544387044
-0.00441097843458
-0.00805139423221
-0.00647433003241
-0.00703215967047
-0.00549504339392
-0.00734965515049
-0.00589479521375
-0.00516038020878
-0.00377540201137
-0.00892157909083
-0.00748548864876
-0.0067838725849
-0.00522847561975
-0.00605999231421
-0.00464875121603
-0.00961259569809
-0.00660424814504
-0.00714021311252
-0.00596923091961
-0.00691594670345
-0.00423154814041
-0.00272760383318
-0.00764825918211
-0.00597152642249
-0.00660959216077
-0.00405605334331
-0.00562451650047
-0.00639574180222
-0.00486844252454
-0.00567180216859
-0.00859257672949
-0.00576920020286
-0.00644894428162
-0.00480122150963
-0.00562642727056
-0.00421075476996
-0.00779133491211
-0.00615896474153
-0.00675187604242
-0.00557554579368
-0.00522408782901
-0.00382844872871
-0.00886371291702
-0.00723783070069
-0.00772379422715
-0.00515096607871
-0.00360041585231
-0.00443888126647
-0.000564393765533
-0.00307865876575
-0.00338911955086
-0.0021192509374
-0.00519492079089
-0.00180988233173
-0.00445292954835
-0.000578464866197
-0.00309273520952
-0.0034150545573
-0.00640772216532
-0.00522090783313
-0.00183584644115
-0.00224352866624
-0.000591804292115
-0.00310607970185
-0.00344025949106
-0.00643296822378
-0.00524616335908
-0.00186107967048
-0.00225611572464
-0.000604411804698
-0.00311869200387
-0.00346473390088
-0.00645748258262
-0.00303790530338
-0.00188558156694
-0.00226797182808
-0.00061628717835
-0.00313618673309
-0.0034884773482
-0.00648126480115
-0.0030616964476
-0.00190935169051
-0.00227909676501
-0.000627430200495
-0.00315913268623
-0.00351148940723
-0.00650431445149
-0.00308475475203
-0.00193238961397
-0.00228949033688
-0.000637840671588
-0.0031813489167
-0.00353376966499
-0.00652663111865
-0.00310707980118
-0.00195469492294
-0.00229915235807
-0.000647518405139
-0.00320283502779
-0.00355531772132
-0.00431275803068
-0.00312867119249
-0.00197626721592
-0.00230808265603
-0.00476888290004
-0.00322359063553
-0.00357613318896
-0.00433360753807
-0.00314952853636
-0.00199710610433
-0.00231628107119
-0.00477709465132
-0.00324361536877
-0.00359621569352
-0.00435372289478
-0.00316965145615
-0.00201721121254
-0.00232374745704
-0.00478457318407
-0.00326290886917
-0.00138153063333
-0.00437310373761
-0.00318903958826
-0.00203658217791
-0.00233048168009
-0.00479131836416
-0.00492621812301
-0.00140014614043
-0.0043917497164
-0.00320769258213
-0.0020552186508
-0.00233648361993
-0.00479733007058
-0.00494404813424
-0.00141802763912
-0.00440966049404
-0.00322561010028
-0.0031175017045
-0.00234175316923
-0.00480260819547
-0.00496114591495
-0.00143517480698
-0.00442683574655
-0.00324279181834
-0.00313466819576
-0.00234629023373
-0.00480715264411
-0.00274814470695
-0.00145158733465
-0.00444327516303
-0.00325923742509
-0.00315109922404
-0.00235009473224
-0.00481096333494
-0.00276377711951
-0.00146726492588
-0.00445897844579
-0.00327494662247
-0.00316679449208
-0.00235316659672
-0.00481404019954
-0.00277867642043
-0.0014822072975
-0.00447394531026
-0.00328991912563
-0.00751408938161
-0.00235550577217
-0.00258701673118
-0.00279284234203
-0.00149641417953
-0.00448817548514
-0.00330415466292
-0.00752831229007
-0.00235711221673
-0.00258862579078
-0.00280627462968
-0.00150988531512
-0.0045016687123
-0.00331765297596
-0.00531041120407
-0.00235798590167
-0.00258950089797
-0.00281897304184
-0.00152262046063
-0.00451442474692
-0.00333041381962
-0.00532316072213
-0.00235812681133
-0.00258964203702
-0.00283093735007
-0.00153461938563
-0.00452644335742
-0.00334243696207
-0.00533517319154
-0.00531682084392
-0.00272953610857
-0.00315453944282
-0.00511243755061
-0.00717823978057
-0.00263900925293
-0.00486086237123
-0.00534748115877
-0.00275127906217
-0.00318612157361
-0.00514324817137
-0.00720978796752
-0.0026712913706
-0.00489386878476
-0.00537735959325
-0.00277221778839
-0.00321688453561
-0.00517321914885
-0.00724047683727
-0.00270269462419
-0.00493613811665
-0.00540645553193
-0.00279235183334
-0.0032468276328
-0.00520234977101
-0.00727030562578
-0.00273321819543
-0.00498502166932
-0.00543476837486
-0.00282065766056
-0.00327595018697
-0.00523063934502
-0.00506380604387
-0.00296201717004
-0.00503301927342
-0.00546229753765
-0.00726547085573
-0.00330425153779
-0.00525808719734
-0.00509191246003
-0.00299077900976
-0.00508012963831
-0.00548904245154
-0.00506509675217
-0.00333173104285
-0.00528469267377
-0.00511915662645
-0.0030186588445
-0.00512635149476
-0.00551500256343
-0.0058677246493
-0.00335838807776
-0.00531045513953
-0.0051455378618
-0.00304702791105
-0.00517168359513
-0.00554017733596
-0.00589293497648
-0.0033842220362
-0.00533537397936
-0.00517105550564
-0.00755054505689
-0.00521612471352
-0.00556456624757
-0.00591734124945
-0.00340923233004
-0.00535944859758
-0.00519570891852
-0.00759309145341
-0.00302612928138
-0.00559454638692
-0.00594094293837
-0.00343341838933
-0.00538267841814
-0.00521949748204
-0.00763476421927
-0.00306878484591
-0.00563027636616
-0.00596373953048
-0.00345677966242
-0.00317233249608
-0.00524242059894
-0.00767556227207
-0.00311054588286
-0.00566522544641
-0.00598573053006
-0.003479315616
-0.00319387107215
-0.00526447769317
-0.00771548455041
-0.00315141125488
-0.00347686608831
-0.00600691545853
-0.00350102573516
-0.00321456324101
-0.00529554295289
-0.00775453001401
-0.00319137984718
-0.00351025122331
-0.00602729385451
-0.00352190952347
-0.00323440850588
-0.00533280157272
-0.00779269764383
-0.00323045056762
-0.00354285334267
-0.00604686527383
-0.00354196650301
-0.00325340638995
-0.00536920165008
-0.00782998644223
-0.00326862234691
-0.00357467177155
-0.00606562928962
-0.00356119621443
-0.00327190874861
-0.00582190773451
-0.00563095862103
-0.00330589413869
-0.00360570585058
-0.00609641822249
-0.00357959821702
-0.00330188935508
-0.00585658802114
-0.00566648684981
-0.00334226491972
-0.00363595493595
-0.0061331760142
-0.00137912818153
-0.00334294986292
-0.00589040710007
-0.0057011333838
-0.00337773369
-0.0045039225723
-0.00617198843375
-0.00141889634388
-0.00338317418317
-0.0059233641236
-0.00573489731211
-0.00341229947289
-0.00453259980138
-0.00621000253234
-0.00145784719982
-0.00342256136007
-0.00595643488933
-0.0057677777459
-0.00344596131528
-0.00713964921556
-0.00499462290273
-0.00607960284034
-0.00890091044828
-0.0063620855644
-0.00384802419511
-0.00982678211148
-0.00697526169744
-0.00485925558019
-0.00594202432445
-0.00876162165774
-0.00622848443382
-0.00371285817584
-0.00663030172741
-0.00680996016001
-0.0047228286137
-0.00580337802969
-0.00862125910046
-0.00609377347738
-0.00906794610132
-0.00649887691196
-0.00664375116592
-0.00458534840185
-0.00566367061461
-0.00847982963858
-0.00595795957978
-0.00893681261855
-0.00636631028865
-0.00648587116207
-0.00444682134062
-0.00774712124518
-0.0083373401274
-0.00582104962451
-0.00880455077643
-0.0062326089717
-0.00635687864298
-0.00765390840892
-0.00760531154435
-0.0081937974143
-0.0056830504928
-0.00867116749955
-0.00609778007651
-0.00622683032711
-0.00751330682166
-0.00746246066529
-0.00804920833781
-0.00554396906242
-0.00853666971397
-0.00596183071837
-0.00609573213142
-0.0073716775478
-0.00731857524095
-0.00790357972658
-0.00540381220665
-0.00840106434596
-0.0058247680112
-0.005963589976
-0.00722902696346
-0.00717366189546
-0.0077569183984
-0.00526258679313
-0.00826435832089
-0.00568659906635
-0.00583040978312
-0.00708536143753
-0.00702772724325
-0.00760923115933
-0.00734222766098
-0.008126558562
-0.00554733099141
-0.00569619747633
-0.00694068733083
-0.00688077788814
-0.00746052480271
-0.00719888570731
-0.00798767198927
-0.00540697088902
-0.00556095897957
-0.00902442587548
-0.00673282042247
-0.0073108061083
-0.00705449575481
-0.00784770551836
-0.00526552585575
-0.00542470021632
-0.00887775365302
-0.00658386142624
-0.0071600818414
-0.00690906463841
-0.00770666605941
-0.00512300298092
-0.00528742710874
-0.00873009187522
-0.00643390746625
-0.00700835875199
-0.00676259918234
-0.00756456051608
-0.00720134104895
-0.00514914557679
-0.00858144686219
-0.00628296509533
-0.00378947726986
-0.00989630778176
-0.00742139578442
-0.00705668372471
-0.00500986153748
-0.00843182492188
-0.0061310408515
-0.00363577672
-0.0097668639352
-0.00727717875187
-0.00691096977279
-0.00486958090397
-0.00828123234935
-0.00597814125724
-0.00570320149555
-0.00963632616251
-0.00713191629626
-0.00676420624291
-0.00818452123373
-0.00812967542596
-0.00582427281866
-0.00554755028103
-0.00950470084929
-0.00698561528481
-0.00661640017235
-0.0102760665418
-0.00797716041873
-0.00566944202487
-0.00539093373587
-0.00937199438416
-0.00683828257319
-0.00646755858491
-0.0101328315549
-0.00782369357958
-0.00551365534716
-0.00524579824732
-0.00923821315764
-0.00668992500457
-0.00631768849
-0.00998862357276
-0.00766928114467
-0.00535691923835
-0.00511277469766
-0.00910336356111
-0.00877071967775
-0.0061667968817
-0.0042521967181
-0.00737259141089
-0.00637860312308
-0.00712208927822
-0.00658009517338
-0.00754460733444
-0.00619620925719
-0.00808665697699
-0.00719993090814
-0.00620853380271
-0.00695544580907
-0.00641664692116
-0.00738017763401
-0.00603488699001
-0.00791888288641
-0.00702635028712
-0.00603754469152
-0.00678788237062
-0.00625228091688
-0.00721485062343
-0.00587267009899
-0.00775014833523
-0.00685185685313
-0.00586564287659
-0.00661940578255
-0.00608700370755
-0.00704863263024
-0.00793214642498
-0.00980524612904
-0.00667645787212
-0.00569283540966
-0.00891602624446
-0.00592082181383
-0.0047066803343
-0.0077681584871
-0.00963461320952
-0.00448793663366
-0.00551912930657
-0.00874574369321
-0.00575374172949
-0.00453869925511
-0.00760329408162
-0.00946304230836
-0.00431074819687
-0.0053445315468
-0.00857456826558
-0.00558576992092
-0.00436984601962
-0.0074375592152
-0.00929054084365
-0.00413267577036
-0.00516904907304
-0.00840250665568
-0.00925770016281
-0.00420012684958
-0.00727095987106
-0.00911711619505
-0.00395372645824
-0.00499268879069
-0.00822956552502
-0.00908796419278
-0.00402954793917
-0.00710350200846
-0.00894277570328
-0.00377390732311
-0.00481545756751
-0.00805575150202
-0.00891735572828
-0.00385811545455
-0.00693519156233
-0.00876752666958
-0.00359322538574
-0.00700024681426
-0.00788107118166
-0.00874588112126
-0.00592386794153
-0.00676603444278
-0.00859137635525
-0.00341168762466
-0.00682129415999
-0.00770553112499
-0.0085735466939
-0.00575074669295
-0.00659603653479
-0.00841433198114
-0.00322930097588
-0.00664149093823
-0.0075291378588
-0.00840035873827
-0.00557679019665
-0.00642520369774
-0.00823640072727
-0.00304607233258
-0.00646084386229
-0.00735189787521
-0.00822632351589
-0.00540200450288
-0.00625354176508
-0.00805758973235
-0.00680724184514
-0.00627935960601
-0.00717381763134
-0.00805144725738
-0.00522639563204
-0.00608105654396
-0.00787790609342
-0.00662234971956
-0.0060970448035
-0.00699490354897
-0.00787573616207
-0.00504996957431
-0.00590775381489
-0.00769735686547
-0.00643663601921
-0.00591390604883
-0.00681516201422
-0.0100215768287
-0.00487273228936
-0.0057336393314
-0.00751594906108
-0.00848079453017
-0.0057299498958
-0.00663459937725
-0.00984421453105
-0.00469468970609
-0.00555871881974
-0.00733368965009
-0.00829345779371
-0.00554518285765
-0.00645901965124
-0.00966603580362
-0.00451584772228
-0.00538299797855
-0.00715058555931
-0.0081053195076
-0.00535961140689
-0.00629792112407
-0.00734263977862
-0.00433621220435
-0.00520648247859
-0.00488470372161
-0.00791638625826
-0.00517324197502
-0.00613591748218
-0.00718349611981
-0.0080809243463
-0.00502917796245
