-0.00304564237534
0.00178780933016
-0.00176017833629
-0.00288937032923
-0.00100027001005
-0.0007418221308
-0.00168949008891
-0.00319960467134
0.00163821230785
-0.00190518601335
-0.00302966568366
-0.00111252098351
-0.000850356750343
-0.00182113874403
-0.00335254305307
0.00148962985267
-0.00204919078846
-0.00316897201355
-0.00122372036321
-0.000957863965558
-0.00195186275778
-0.00350445024778
0.00134206876496
-0.00219218634858
-0.00330728349402
-0.00135582182944
-0.00106433941804
-0.00208165750857
-0.00071574687133
0.00119553585858
-0.00233416637238
-0.00344459429643
-0.00148843114224
-0.00116977876688
-0.00221051837712
-0.000865569797614
0.00105003796003
-0.000239597380746
-0.00358089858922
-0.0016200512633
-0.0012741776894
-0.00233844074709
-0.00101433960672
0.000905581907495
-0.000379527338996
-0.00371619053865
-0.00175067684761
0.000888139386297
-0.00246542000559
-0.0011620489545
0.000762174549938
-0.000518422755753
-0.00385046430964
-0.00188030255237
0.000761652059615
-0.00259145154381
-0.00130869048143
0.000619822746101
-0.000656277285184
-0.00398371406661
-0.0020089230378
0.000632654726931
-0.00271653075757
-0.00145425681367
0.000478533363521
-0.000793084577592
-0.00411593397431
-0.00213653296789
0.000504631229584
-0.00284065304797
-0.00159874056416
0.000338313277515
-0.000928838280356
-0.00424711819869
-0.00226312701115
0.00037758654099
-0.00296381382198
0.000481676312968
0.000199169370142
-0.00106353203889
-0.00152212577986
-0.00238869984141
0.000251525630073
-0.00308600849303
0.000339379934554
6.11085291456e-05
-0.00119715949761
0.000705910656946
-0.00251324613864
0.000126453460582
-0.000905958614172
0.000198188367309
-7.586235313e-05
-0.00132971430095
0.000577868461713
-0.00263676058972
2.37499038755e-06
-0.00102620734867
5.81090399182e-05
-0.00363838738554
-0.00146119009436
0.000450885256385
-0.00275923788928
-0.000120704829224
-0.00114547626569
-8.0850611493e-05
-0.00377315766048
-0.00159158052532
0.000324966855656
-0.00288067274053
-0.000242781054264
-0.00126376081089
-0.000218683144599
-0.00390681728321
-0.00172087924443
0.000200119067573
-0.00300105985607
-0.00377950688746
-0.00138105643962
-0.000355381112142
-0.00403935935424
-0.00184907990645
7.63476925796e-05
-0.00312039395881
-0.00389956112423
-0.00149735861754
-0.000490937063225
-0.00190752761148
-0.00197617617137
-4.63414774597e-05
-0.000802522711317
-0.00401859698555
-0.0016126628213
-0.000625343544632
-0.00203781388643
-0.00210216170554
-0.000167942660239
-0.000919735002453
-0.00413660956399
0.0010490035132
-0.00075859310218
-0.00216696192296
-0.00222703018276
-0.000288450084012
-0.00103587851968
-0.00425359396308
0.000935708780415
-0.000722211718825
-0.00222055890756
-0.00250791514333
-0.00276532840199
-0.000693458903066
-0.00247163284265
-0.0040928256982
-0.000869302654436
-0.00236777438316
-0.00259507753448
-0.00285260845046
-0.000780594099647
-0.00255836456639
-0.00417890597963
-0.00101552969922
-0.00251412569598
-0.00268119554205
-0.0029388429614
-0.00491956446831
-0.00264405613928
-0.004263952539
0.00107263023207
-0.00265960803861
-0.000691515602328
-0.00302402849831
-0.00500460801108
-0.00272870418551
-0.00434796207176
0.000928145368833
-0.00280421659679
-0.000775534599461
-0.00310816165171
-0.00508860062329
-0.00281230535604
-0.00443093129982
0.000784538809392
-0.00294794654986
-0.000858499024219
-0.000965554106348
-0.00517153893901
-0.00289485632915
-0.00451285697211
-0.00308125838038
-0.00309079307126
-0.000940405535827
-0.00104757237526
-0.00525341962043
-0.00297635381105
-0.00268659584859
-0.00322309387707
-0.003232751329
-0.00102125082225
-0.00112852820022
-0.0053342393585
-0.00305679453647
-0.000556025716659
-0.00336403660462
-0.00337381648616
-0.00112724475742
-0.00120841828574
-0.00541399487348
-0.00313617526923
-0.000666214328481
-0.00350408173192
-0.0035139837014
-0.0012671041558
-0.00128723936638
-0.00549268291553
-0.00321449280281
-0.000775420566135
-0.00364322442402
-0.00142113986433
-0.0014060616566
-0.00136498820727
-0.00557030026536
-0.00329174396096
-0.000883640363246
-0.00378145984269
-0.00155949665664
-0.00154411243736
-0.00144166160478
-0.00564684373478
-0.00336792559829
-0.000990869668001
-0.00391878314694
-0.00169694096172
-0.00168125167299
-0.00151725638706
-0.00350038125786
-0.0034430346008
-0.00109710444375
-0.00405518949355
-0.00183346792582
-0.0018174745363
-0.00159176941467
-0.00357476752925
-0.00351706788652
-0.00120234066964
-0.00419067403765
-0.00196907269342
-0.00195277619855
-0.00166519758114
-0.00364807054821
-0.00359002240603
-0.00130657434119
-0.00432523193324
-0.00210375040784
-0.00208715183003
0.000199445503521
-0.00372028725689
-0.00366189514306
-0.00140980147095
-0.00445885833382
-0.0022374962118
-0.0022205966006
0.000128196243753
-0.00379141463149
-0.00373268311509
-0.0015120180891
-0.00459154839291
-0.00237030524796
-0.000127610736705
4.91407563558e-07
-0.00386144968284
-0.00380238337385
-0.00161322024409
-0.00472329726468
-0.00250217265956
-0.000259179296241
-0.00418324862545
-0.00393038945697
-0.00387859137011
-0.00171340400326
-0.00485410010453
-0.002633093591
-0.000389802507755
-0.00431316673061
-0.00399823103573
-0.0017635392587
-0.00181256545349
-0.00498395206968
-0.00276306318846
-0.0005194755453
-0.00444213743655
-0.00406497153729
-0.00186940480229
-0.0019107007018
-0.00298462153375
-0.00355834101259
-0.00578131868665
-0.00638813960652
-0.00486492038987
-0.00550485756086
-0.00349953984772
-0.00399334355802
-0.0066424599047
-0.00475096478333
-0.00518713135559
-0.00335846958715
-0.0038079454108
-0.0021028428935
-0.00712806115536
-0.0053721712527
-0.00597208427258
-0.00445248367433
-0.00508284037027
-0.00341076500558
-0.00860720366898
-0.00347623609469
-0.00408391357752
-0.00684102387049
-0.00691592541759
-0.00539585752688
-0.00380417437473
-0.00437413672252
-0.00263576041296
-0.00271768473579
-0.00529311760273
-0.00585270241041
-0.00414513635163
-0.00447914962208
-0.00280448054286
-0.00336026250911
-0.00608016617964
-0.00654265319125
-0.00512988096267
-0.00576405978209
-0.00409537584709
-0.00234828395943
-0.00396044680981
-0.00236367096445
-0.00292460821642
-0.00572883365885
-0.0059102013893
-0.00432132077141
-0.00489379379798
-0.00315762259536
-0.00358072609738
-0.00589661458569
-0.00650261995662
-0.00479803930683
-0.00525270440138
-0.00349068139207
-0.00404982900851
-0.00677266126083
-0.00496785102847
-0.0056822802852
-0.00420370657829
-0.00476386380851
-0.00301967810503
-0.00518220536919
-0.0028562735417
-0.00344667468502
-0.00182664435018
-0.00694392183429
-0.00482158895149
-0.00539651190531
-0.00366249270821
-0.00408743814507
-0.00240233247283
-0.00713661816435
-0.00543498259236
-0.00365677750425
-0.00427613649061
-0.00260322771477
-0.00297649993684
-0.00562394941294
-0.00632731525499
-0.0047371719789
-0.00541593451507
-0.00367461793063
-0.00565549838547
-0.00406923663213
-0.00396639336981
-0.00234903946474
-0.00742443233481
-0.00584558885858
-0.00588207159193
-0.00415014871012
-0.00234251535631
-0.00301686712073
-0.00584522991978
-0.00605569789151
-0.00428814754732
-0.0049306213903
-0.00326100000016
-0.00374888490677
-0.00628700097351
-0.00695573969161
-0.0053692699166
-0.00593599707418
-0.00431280606034
-0.00611186669105
-0.00452804919804
-0.0052065431029
-0.00285464719748
-0.00123167430405
-0.00631145489657
-0.00466146304947
-0.00516601385022
-0.00292411464979
-0.00361500652613
-0.00199654582642
-0.00698615461661
-0.0049227103397
-0.00556882716889
-0.00390244870832
-0.0043931568071
-0.00256916451814
-0.00756726840224
-0.00598441408905
-0.00432268772196
-0.0048123411411
-0.004327097218
-0.00500290837871
-0.00346876667991
-0.00408576041624
-0.00167751412335
-0.00675980514324
-0.00511206344915
-0.00561859144964
-0.00405272178611
-0.00419649177289
-0.0025811998326
-0.00757361348623
-0.00586786868525
-0.00619047375598
-0.00452729011821
-0.00278542139914
-0.00319913888697
-0.00602791749513
-0.006582316289
-0.00492374557979
-0.00541613693391
-0.00565932342939
-0.00550036029002
-0.00393767558167
-0.00455714583626
-0.00287885017336
-0.00276424803561
-0.0055448719524
-0.00607291053755
-0.00461384964717
-0.00531170199254
-0.00314888200943
-0.0014597681494
-0.00646914762779
-0.0048878897333
-0.00546323375116
-0.00339610985708
-0.00381214109266
-0.00213867938288
-0.00726081610319
-0.00550721622378
-0.00600229491574
-0.00614835440365
-0.00682189741063
-0.00438923014809
-0.0050111041789
-0.00333494598212
-0.00392476045771
-0.00670620932807
-0.00442132373895
-0.00515788388678
-0.00362999916766
-0.00425515852201
-0.00201291507288
-0.00705337392387
-0.00547558240763
-0.00605401381954
-0.00431849885823
-0.00440788373044
-0.00269782585973
-0.00335725164747
-0.00616731839078
-0.00657052341504
-0.00222048351399
-0.00729657265706
-0.00567757320529
-0.00544743072358
-0.0037733428629
-0.00210243522849
-0.00285808956019
-0.00572113547417
-0.00568457693549
-0.00415999019794
-0.0047881248812
-0.00310973128355
-0.00317054837635
-0.00604588385281
-0.00662734322488
-0.00489446599309
-0.00531500108769
-0.00323895443394
-0.00166641176186
-0.00671475293806
-0.00497979078523
-0.00267516949715
-0.00553196781159
-0.00613726994728
-0.00447562404589
-0.00419383833455
-0.00264032568592
-0.00339856690248
-0.00626487576825
-0.006932604253
-0.00467231538425
-0.00530335334391
-0.00362753119043
-0.00428107312347
-0.0027159452391
-0.00494851406094
-0.00545265079285
-0.00364100539656
-0.00409167832949
-0.00219250750702
-0.00277759478557
-0.00551129688147
-0.00399761510841
-0.00157189793797
-0.00657933444548
-0.004890001653
-0.00551346994502
-0.00319422022783
-0.00392171802978
-0.00238624107418
-0.00742388593782
-0.00591103654927
-0.00357175611837
-0.00412727790716
-0.00258396926066
-0.00325064805517
-0.00603364444711
-0.005992775853
-0.00418326590682
-0.00459595504448
-0.00303084994769
-0.00328786575897
-0.00602401728881
-0.00448011428882
-0.00283321600486
-0.00700356372758
-0.00531620124426
-0.00604672297907
-0.00456579528953
-0.00526214903885
-0.00289493399919
-0.00128613605429
-0.00638730032005
-0.00480039383329
-0.00460872382015
-0.00309730010947
-0.00376714994877
-0.0021290507126
-0.00706209735472
-0.00470714087564
-0.00513094124478
-0.00351938485773
-0.00411003472722
-0.00238343892839
-0.00494521153744
-0.00326408909564
-0.0038492421563
-0.0057924815757
-0.00434071136673
-0.00508510995482
-0.00353215024136
-0.00422187800825
-0.00177966342608
-0.00684517751164
-0.00526093531348
-0.00582125228012
-0.00359225224438
-0.00426518838279
-0.00262984036631
-0.00756528510323
-0.00576936823289
-0.00350560002789
-0.0039887403028
-0.00234782051036
-0.00285776156227
-0.00317077047737
-0.00371367966203
-0.00201528551686
-0.00276916698484
-0.00485222902212
-0.00558677019898
-0.00403687472649
-0.00469455640015
-0.00309218467671
-0.00288020392474
-0.00570277256083
-0.00629196176696
-0.00482345280748
-0.00327631634185
-0.00311182958751
-0.00139776090842
-0.00635745321843
-0.00465503452926
-0.0045393123891
-0.00293013317507
-0.00348248825445
-0.00444603495685
-0.00414538421422
-0.00246702517131
-0.00328903453301
-0.00621485174108
-0.00607053814776
-0.00452401790797
-0.00514887588967
-0.00354906828388
-0.00413781992994
-0.00612567715634
-0.00452290074394
-0.00528089190698
-0.00373665913253
-0.00433481957782
-0.00189251894716
-0.00692735457779
-0.00522781458294
-0.00570801109012
-0.00355492279457
-0.00411064396224
-0.00485768426449
-0.00540459684274
-0.00296567597869
-0.00379132438014
-0.00232066685509
-0.00739589748074
-0.00583226718266
-0.00339613832728
-0.00398728060551
-0.00231725027159
-0.00296398236151
-0.00495812523639
-0.00571920748142
-0.0041777805847
-0.00477844344765
-0.00320587088824
-0.00305596302611
-0.00578204943936
-0.00631088863466
-0.00472575819586
-0.0030566706521
-0.00525112075584
-0.00579992587653
-0.00429070446642
-0.00205386585561
-0.00280841013726
-0.00566468616564
-0.00628276292254
-0.00468852086295
-0.00440659627545
-0.00273220549073
-0.00334836207832
-0.00620986776422
-0.00697392813333
-0.00459943986537
-0.00525767316295
-0.00373536999376
-0.00213118324891
-0.00631744004215
-0.00466692030528
-0.00531392474802
-0.00364808229879
-0.00562615564622
-0.00395334499174
-0.00475369739345
-0.00336309742725
-0.0032780130787
-0.00173734444439
-0.00674056270069
-0.00512283510779
-0.00567367716882
-0.00313443499731
-0.00371316369733
-0.00220653679021
-0.00737329379401
-0.00583831087818
-0.00354193677443
-0.00424588316659
-0.00264475752848
-0.0032054685026
-0.00523267854708
-0.00588329592707
-0.00422063106473
-0.00691075982828
-0.00431153338257
-0.00519852542918
-0.00381125500469
-0.0045720456472
-0.00303311236375
-0.0071971028483
-0.00553817053235
-0.00609112955681
-0.00435656609125
-0.00183626000471
-0.00258335168651
-0.0055309201545
-0.00630114677085
-0.00486766189039
-0.00473712880887
-0.00313897758282
-0.00373718397554
-0.00213401073691
-0.00719027785756
-0.0047739935834
-0.0028942387073
-0.00563512103793
-0.00562497145379
-0.00424091817352
-0.00500467925529
-0.00346845219147
-0.00185402318752
-0.00594148794212
-0.00426737312211
-0.00480374220186
-0.00323346513885
-0.00296480540415
-0.00149461563063
-0.00676608335561
-0.00533614025914
-0.00604663635066
-0.00362883142374
-0.00424952028975
-0.00266139734238
-0.00772110626916
-0.00606978481989
-0.00102012059027
0.000647327378098
0.0010569945622
4.47971527605e-05
-0.000988823941696
-0.00124386567661
0.000957454498844
-0.0011838586635
0.000502751890685
0.000915048932017
-9.40035704481e-05
-0.00114812930926
-0.00140412640042
0.000800606961746
-0.00134688273691
0.000358942396213
0.00299951397101
-0.000232048993799
-0.00131103772318
-0.00156372727784
0.000644416017369
-0.00150918885761
0.000215902563961
0.00285909223984
-0.000382130242614
-0.00147328042261
0.000512281874091
0.000488884759402
-0.00167077306104
7.36360668533e-05
0.00271943772493
-0.000546866061919
-0.00163485400274
0.000354010436943
0.000334016287807
-0.00183163137125
-6.78534188246e-05
0.0025805539405
-0.00071092719136
-0.0017957550497
0.000196408608931
0.000179813708666
-0.00199175980107
-0.000208562213719
0.00244244440265
-0.00087431006062
-0.0019559801407
3.94796592946e-05
2.62801340176e-05
-0.00215115435241
-0.000348486635703
0.00228860817971
-0.00103701108906
-0.00211552584423
0.00314583517657
-0.000126581318303
-8.78849009521e-05
-0.00312848419959
0.0021236190196
-0.0011990266859
-0.00227438872019
0.00299026182012
-0.000278767524835
-0.000245799658282
-0.0032956341328
0.0019593209028
0.000871001574825
-0.0024325653201
-0.000353358093779
0.00180185153495
-0.000402968479366
-0.00346208691872
0.00179571758536
0.000710367653253
-0.00259005218728
-0.000507562695649
0.00165102521204
-0.000559387324634
-0.0036278386395
0.00163281283459
0.000550429994735
-0.002746845857
-0.000661077968073
0.00150088353735
-0.00071505214478
-0.00379288536451
0.00147061042879
0.000391192228838
-0.0029029428567
-0.000813900601104
0.00135142965512
-0.000869958881026
-0.000360677022236
0.0013091141571
0.000232657994352
-0.00305833970617
-0.000966027278647
0.00120266671435
-0.00102410346539
-0.00052430191399
0.0011483278193
7.4830939088e-05
-0.00321303291775
-0.00111745467865
0.00105459786857
-0.00117748182097
0.00153808662807
0.000988255225571
-8.22852803196e-05
-0.00113212421421
-0.00126817947331
0.000907226275715
-0.00133008986221
0.00137589943976
0.000828900196345
-0.000238686998624
-0.0012853996582
-0.00141819832925
0.000760555097875
-0.0014819234952
0.00121443708416
0.000670266562041
-0.000394370542177
-0.00143796095861
-0.00156750790775
0.000614587501136
-0.00163297861795
0.00105370356397
0.000512358162866
-0.000549332229145
-0.00158980460001
-0.00171610486491
0.000469326655367
-0.00178325112072
0.000893702893158
0.000355178848589
-0.000703568369732
-0.00174092706056
-0.00186398585192
0.000324775734021
-0.00193273688632
0.000734439096719
0.000198732478309
-0.000857075266404
-0.00189132481222
-0.00201114751522
0.00018093791393
-0.00438375008241
-0.00196875463657
0.000568740685211
-0.00204528750318
-0.0030429678229
-0.00285744145402
-0.000521746321924
-0.00451254556124
-0.00209812021304
0.000437083500482
-0.00216544773751
-0.00316142502269
-0.000744270496903
-0.0006266353749
-0.00464060506521
-0.0022267480263
0.000306160437588
-0.00228484174444
-0.00327910907113
-0.000862300042097
-0.000730716641034
-0.00254599125874
-0.0023546352059
0.000175974413352
-0.0024034667376
-0.00339601718688
-0.000979552200662
-0.000833987538501
-0.00268032895206
-0.00248177888308
4.65283435175e-05
0.000318914116615
-0.00351214659372
-0.00109602417475
-0.000936445494693
-0.00281483979833
-0.0026081761911
-8.21748574733e-05
0.00241359349458
-0.0036274945208
-0.00121171317183
-0.00103808794648
-0.00294862590628
-0.0027338242654
-0.000210132276712
0.00228593371456
-0.00374205820288
-0.00132661640492
-0.00113891234047
-0.00308168434025
-0.00285872024384
-0.000337341003052
-0.00132410169162
-0.00385583488058
-0.00144073109286
-0.0012389161333
-0.00321401216479
-0.00298286126698
-0.000463798127344
-0.00145025419241
-0.00396882180069
-0.0015540544606
0.000888733385158
-0.0033456064449
-0.00310624447826
-0.000589500742665
-0.00157564866646
-0.00408101621633
-0.0016665837394
0.000776091126368
-0.00347646424625
-0.00100693438955
-0.000714445944566
-0.0017002821924
-0.0041944997377
-0.00177831616713
0.000664246259079
-0.00360658263538
-0.00112879342023
-0.000838630831304
-0.00182415185167
-0.00430727244219
-0.00188924898855
0.000553201545975
-0.00373595867992
-0.00124988608919
-0.000962052504088
-0.00194725472881
-0.00219305687999
-0.00199937945554
0.000442959742614
-0.00386458944887
-0.00137020955389
-0.00108470806732
-0.0020695879117
-0.00230423530375
-0.00210870482738
0.00033352359716
-0.00113733874752
-0.00148976097589
-0.00120659462886
-0.00219114849178
-0.00241461246063
-0.00221722237105
0.000224895850113
-0.00126447017874
-0.00160853752112
-0.00132770930025
-0.00231193356433
-0.00252418560931
-0.00232492936145
0.000116189568624
-0.00139084755165
-0.00172653636015
-0.00144804919697
-0.00243194022873
7.74164682275e-05
-0.00243182308173
-1.88159988264e-05
-0.00151646794293
-0.0018437546684
0.000654320264679
-0.0025511655887
-3.05404706387e-05
-0.00253790082351
-0.0001530750027
-0.00164132843175
-0.00196018962641
0.000535538553763
-0.00266960675258
-0.000137685223886
-0.0026431598872
-0.000286584310894
-0.00176542610006
-0.0020758384201
0.000417540244813
-0.00278726083357
-0.00025248360544
-0.000515811554704
-0.000419340791397
-0.00188875803279
-0.00219069824106
0.00030032820399
-0.00290412495002
-0.000369560962206
-0.000634301062555
-0.00432733094931
-0.00639079247711
-0.00508641067051
-0.00667101185924
-0.00596661691764
-0.00743080925619
-0.00591463116969
-0.00522881064939
-0.00860252549983
-0.00505636541147
-0.00664037786036
-0.00593538475247
-0.00739897063644
-0.00588217917743
-0.00519270596999
-0.00859175482703
-0.00504356272195
-0.00660915613538
-0.00590355364131
-0.00736652171052
-0.00584910540505
-0.00515596868281
-0.00858041321061
-0.00503200574433
-0.00657734704749
-0.00587112396887
-0.0073334628858
-0.00581541028371
-0.005118599285
-0.00856850077397
-0.00363572063024
-0.00654495096642
-0.00806001572298
-0.00729979457693
-0.00578109425228
-0.00508059828171
-0.00855601764666
-0.00362300053985
-0.00651196826839
-0.00802639010971
-0.00726551720584
-0.00574615775728
-0.00504196618607
-0.00854296396441
-0.0036096991052
-0.00647839933613
-0.0079921671306
-0.00723063120168
-0.00571060125286
-0.00723041780444
-0.00852933986909
-0.00359581647639
-0.00646119987981
-0.00795734719781
-0.00719513700079
-0.00439301764515
-0.00719052509532
-0.00851514550875
-0.00580328730738
-0.00644646301428
-0.0079219307303
-0.00288759111347
-0.00439228886014
-0.00715230660127
-0.00850038103754
-0.00578824276655
-0.00643113435815
-0.00788591815381
-0.00286422830191
-0.00439093158901
-0.0071509226563
-0.00848504661577
-0.00577261752086
-0.00641521409079
-0.00784930990082
-0.00286228113038
-0.00438894584963
-0.00714889789302
-0.00420919844777
-0.00575641174635
-0.00639870239838
-0.00781210641054
-0.00508314605977
-0.00438633166814
-0.00714623233915
-0.00419272463029
-0.00573962562556
-0.00638159947398
-0.00780793111236
-0.00507996644503
-0.00438308907897
-0.00714292603116
-0.00417568137988
-0.00572225934747
-0.00636390551745
-0.00780420944432
-0.00507617066515
-0.00437921812479
-0.00713897901432
-0.00415806888127
-0.00570431310751
-0.00634562073545
-0.00779988368406
-0.00507175876818
-0.00437471885656
-0.00713439134262
-0.00413988732532
-0.00568578710755
-0.00854867983882
-0.00779495388419
-0.00506673080994
-0.00436959133349
-0.00712916307885
-0.00412113690893
-0.00566668155586
-0.00852921405311
-0.00778942010468
-0.00506108685407
-0.00436383562306
-0.00712329429454
-0.00410181783507
-0.00564699666714
-0.0071250171791
-0.00778328241284
-0.00505482697196
-0.00435745180099
-0.00711678506996
-0.00408193031277
-0.0056267326625
-0.00710437129781
-0.00777654088331
-0.00504795124279
-0.00657840383097
-0.00710963549415
-0.00406147455712
-0.00560588976941
-0.00708313572618
-0.00776919559804
-0.00504045975353
-0.00657076404581
-0.00593382186996
-0.00626238342392
-0.00558446822173
-0.00706131071149
-0.00776124664634
-0.0050323525989
-0.00656249642568
-0.00592539189368
-0.00774283666508
-0.00606565146282
-0.0083554280981
-0.00674032180412
-0.00489079313814
-0.00740797187107
-0.00588311568198
-0.00773879653379
-0.00606159730774
-0.00835136248165
-0.00673552719211
-0.00711266378705
-0.00739400278289
-0.00586913298616
-0.00773422397901
-0.00605700888187
-0.00834676108465
-0.0067309157998
-0.00709818058492
-0.00737949575576
-0.0058546118298
-0.00772911904394
-0.00605188622888
-0.00437501120981
-0.00672576750788
-0.00708316046295
-0.00736445092993
-0.00583955235352
-0.00772348177684
-0.0060462293975
-0.00436933838896
-0.00672008236583
-0.00706760356578
-0.00734886845074
-0.00582395470313
-0.00771731223095
-0.00604003844156
-0.00436312993505
-0.00671386042829
-0.0070515100432
-0.00956729866168
-0.00580781902957
-0.0099369333539
-0.00603331341995
-0.00435638590746
-0.00670710175505
-0.00703488005008
-0.00955064133247
-0.00579114548894
-0.00992969943032
-0.00602605439664
-0.0043491063707
-0.00669980641101
-0.00701771374641
-0.00953344681685
-0.00577393424248
-0.00992193341787
-0.00601826144064
-0.00434129139438
-0.00669197446627
-0.00700001129725
-0.00951571528069
-0.00798794726974
-0.00991363538987
-0.00824065708324
-0.00433294105324
-0.00668360599602
-0.00698177287277
-0.009497446895
-0.00796966111586
-0.00990480542466
-0.00823179648923
-0.00432405542709
-0.00667470108062
-0.00696299864821
-0.00537452676696
-0.00795083777064
-0.00989544360557
-0.00822240220002
-0.00431463460087
-0.00666525980554
-0.00694368880386
-0.00535518521559
-0.00793147741578
-0.00988555002097
-0.00821247430485
-0.0043046786646
-0.00665528226141
-0.00506099534753
-0.00533530735825
-0.0079115802381
-0.00761773667905
-0.00820201289804
-0.00652800961208
-0.00664476854394
-0.00504061482475
-0.00531489338628
-0.00789114642952
-0.00760677984841
-0.00819101807896
-0.00651698374614
-0.00663371875401
-0.00502328367614
-0.00529394349612
-0.00787017618702
-0.00759529154723
-0.008179489952
-0.00650542307074
-0.00662213299758
-0.00501168045447
-0.00527245788922
-0.00784866971265
-0.00758327188382
-0.00816742862658
-0.00649332769625
-0.00884583004002
-0.00499954057218
-0.0052504367721
-0.00782662721354
-0.00757072097147
-0.00815483421719
-0.00648069773811
-0.00883317268893
-0.00498686414597
-0.00522788035634
-0.00780404890187
-0.0036803325714
-0.00814170684329
-0.00646753331681
-0.00881997971988
-0.00497365129769
-0.0052047888585
-0.00778093499483
-0.00366671952087
-0.00812804662939
-0.0064538345579
-0.00880625125926
-0.00495990215428
-0.00518116250019
-0.00775728571468
-0.00365257559106
-0.00811385370502
-0.00643960159202
-0.00879198743852
-0.00718090464823
-0.00515700150802
-0.00773310128869
