0.00105422282216
0.00151621721193
0.00199353833724
-0.000511212013997
0.00417087874832
-3.35575702948e-05
-0.000203589143037
0.00100638735132
0.00146883409077
0.00194695296804
-0.000556705384867
0.00413959723485
-6.46261658373e-05
-0.000234244059066
0.0009603661223
0.00142324888818
0.00190213667232
-0.000600469284332
0.00411002319631
-9.39986758346e-05
-0.000263225031662
0.000916164320726
0.00137946664607
0.00185909424494
-0.000642499242708
0.00305215355959
-0.00012167225176
-0.000290529323993
0.000873786945835
0.00133749222472
0.0018178303073
-0.000682790952888
0.00302600303033
-0.000147644204009
-0.000316154352107
0.000833238807727
0.00129733030011
0.00177834930494
-0.000721340272495
0.00300156820991
-0.000171912003193
-0.000340097686136
0.00079452452472
0.00125898536143
0.00174065550518
-0.000758143225959
0.00297885151529
-0.000194473281356
-0.000362357051442
0.000757648520775
0.00122246170863
0.0017047529949
-0.00175607085864
0.00295785519756
-0.000215325833122
-0.00038293032968
0.0040325307966
0.00118776345003
0.00167064567835
0.00183514298372
0.00293858134082
-0.000234467616762
0.00352742367229
0.00399934383301
0.00115489450008
0.00163833727508
0.00180360128447
0.00292103186118
-0.000251896755191
0.00351022829309
0.00396800723004
0.00112385857718
0.000571900729099
0.00177382014666
0.00290520850578
-0.000267611536878
0.00349472440855
0.00393852461054
0.00109465920165
0.000543200562337
0.00174580268332
0.00289111285194
-0.000281610416686
0.00348091350255
0.00391089939164
0.00106729969368
0.000516309339804
0.00171955182984
0.00287874630639
-0.000293892016629
0.00346879689839
0.00388513478283
0.00104178317156
0.000491230023232
0.0016950703424
0.00286811010453
-0.000304455126545
0.00345837575814
0.0038612337841
-2.55163513674e-05
0.000467965380623
0.00167236079661
0.00285920530987
-0.000313298704694
0.00195816359028
0.0038391991842
-4.73383634009e-05
0.000446517984739
0.00165142558612
0.00285203281345
-0.000320421878271
0.00195113621665
0.00381903355906
-6.7309263434e-05
0.000426890211684
0.00163226692137
0.00284659333342
-0.000325823943831
0.00194580682082
0.00268062596824
-8.54267574308e-05
0.000409084239606
0.00161488682846
0.00284288741468
-0.000329504367643
0.00194217591528
0.00266420516167
-0.000101688760974
0.00039310204749
0.00159928714806
0.00284091542859
-0.00173876290803
0.0019402438493
0.00264965976624
-0.000116093400458
0.000378945414062
0.00158546953443
0.00284067757281
-0.00173899912723
0.00194001080879
0.00263699149279
-0.000128639014163
0.000366615916811
0.00157343545459
0.00283996225072
-0.00173751312397
0.00194147681615
-0.00285969428735
-0.00254821703145
-0.00214339947256
-0.00122082910793
0.00109376840525
0.00156647379837
0.000484622081935
-0.00287965460014
-0.00256911716784
-0.00216515162776
-0.00124328845174
-0.000209300406667
0.00154365032413
0.000461128428987
-0.00289765969281
-0.00258797077607
-0.00218477456713
-0.0012635500151
-0.000228968650488
0.00152318753448
0.000440064062043
-0.00291370726003
-0.00260477521021
-0.00220226530844
-0.00128161051598
-0.000246363521713
0.000155944639209
0.000421433152309
0.00106310964968
-0.00261952810809
-0.00221762118881
-0.00129746702337
-0.000261482009651
0.000140214258718
-0.000943905218159
0.00105098305775
-0.00263222739288
-0.00223083986672
-0.00131111695967
-0.000274321493288
0.000126854729438
-0.000957658599171
0.00104081941669
-0.00264287127464
-0.0022419193238
-0.00132255810274
-0.000284879743549
0.000115868562024
-0.000968968866988
0.00103262003427
-0.00265145825152
-0.00225085786636
-0.00133178858771
-0.000293154925226
0.000107257823759
-0.000977833766109
0.00102638596633
-0.00265798711082
-0.00225765412669
-0.00133880690854
-0.000299145598573
0.000101024136618
-0.000984251526751
0.00102211801617
-0.00266245692989
-0.00226230706408
-0.00134361191919
-0.000302850720556
9.71686757396e-05
-0.000988220866608
0.00101981673399
-0.0026648670767
-0.00226481596566
-0.00134620283459
-0.000304269645759
9.56921683221e-05
-0.000989740992136
0.00101948241652
0.00153454841222
-0.00226518044689
-0.00134657923125
-0.000303402126946
9.65948929348e-05
-0.000988811599343
0.0010211151069
0.00153625834119
-0.00226340045191
-0.00134474104766
-0.000300248315281
9.98766792572e-05
-0.000985432874093
0.00102471459456
0.00154002809096
-0.00225947625355
-0.00134068858427
-0.000294808760188
0.000105536908239
-0.000979605491922
0.00103028041544
0.00154585712843
-0.00225340845311
-0.0013344225033
-0.00028708440888
0.000113574512685
-0.000971330617359
-0.000608412091453
0.00155374462969
-0.00224519797996
-0.00132594382818
-0.00027707660553
0.000123987978258
-0.000960609902769
-0.000598916008829
-0.000179454409522
-0.00223484609075
-0.00131525394272
-0.000264787090108
0.000136775344906
-0.000947445486701
-0.000587456502583
-0.000167453612755
0.000230396787457
-0.00130235458995
-0.000250217996864
0.000151934208702
0.000763132635105
-0.000574035046287
-0.000153398562219
0.000245026434596
-0.00303718249937
-0.000233371852485
0.000169461724098
0.000781176104862
-0.000558653363926
-0.000137291237365
0.000261791774756
-0.00301987087075
-0.000214251573909
0.000189354606586
0.000801653967001
-0.000541313428792
-0.000119133903551
0.000280690254078
-0.00300035714384
-0.00204053274201
0.000211609135763
0.000824562164252
-0.00508809484606
-0.00540876505734
-0.00762399022744
-0.00310609835332
-0.00519697779709
-0.00513686463498
-0.00707824062046
-0.00712663382656
-0.00261693650367
-0.00434397262937
-0.00478323792919
-0.00632972310495
-0.00199018751644
-0.00385940208495
-0.00454899815599
-0.0055347367449
-0.00635560645041
-0.00208921188114
-0.00305176049441
-0.00430971976519
-0.00440219805125
-0.00547990377917
-0.00533733696876
-0.00756358244407
-0.00304065965847
-0.00558357942184
-0.00553556446894
-0.00748930866198
-0.00755026636608
-0.00305323426505
-0.00479130167496
-0.00524395014501
-0.00680363757148
-0.00247692754888
-0.00377573644044
-0.00447188144663
-0.00546786898542
-0.00629759424925
-0.00262585306676
-0.00359372208567
-0.00485493854118
-0.00494849549548
-0.00584370202571
-0.00569772629074
-0.00789695205967
-0.00338460401944
-0.00549817933592
-0.00543420334791
-0.0073994463421
-0.00280663279824
-0.00345433284911
-0.00520251895766
-0.00566766478528
-0.00723969776104
-0.00292499784793
-0.00423526864925
-0.00494208970542
-0.0059477128116
-0.00182013663164
-0.00298336043122
-0.00346089813296
-0.00473728326902
-0.00483185805845
-0.0061790793746
-0.00604312904832
-0.00819984467107
-0.00369719593781
-0.00582079857063
-0.00576714716827
-0.00774296753802
-0.00316092320382
-0.00335382044257
-0.00511115107816
-0.00557840290649
-0.00716185222081
-0.00333339238583
-0.00465429015056
-0.0053710220356
-0.00638560065941
-0.0022657799126
-0.00343532348792
-0.00391753614603
-0.00519678627346
-0.00529231034828
-0.0061568361306
-0.00584917197052
-0.00362701934122
-0.00397800128997
-0.00611069438563
-0.00606641121715
-0.0080518381941
-0.00347958436405
-0.00368238381527
-0.00544782629269
-0.00592559706574
-0.00268840283432
-0.00324719787908
-0.00457781611186
-0.00529980095969
-0.00632258981993
-0.00266767500411
-0.00384302315806
-0.00432953257295
-0.00561141715308
-0.000908728200442
-0.00654165896375
-0.00624544515759
-0.0039900986492
-0.00367324906181
-0.00581405702621
-0.0057446409063
-0.00590294355096
-0.00376204249914
-0.00397371228418
-0.00574617931647
-0.00623338292958
-0.00300554055879
-0.00357346654254
-0.00491283047227
-0.00564298996658
-0.00667318112383
-0.00259988661894
-0.00378475041908
-0.00427514276902
-0.00597993803523
-0.00127803861538
-0.00689784663414
-0.00661234298852
-0.00436802579846
-0.00399954637005
-0.0060372426216
-0.00597515855806
-0.00149811881362
-0.00341513248887
-0.00361898082253
-0.00539733526183
-0.00650108398365
-0.00328146660142
-0.00385743125251
-0.00520450230796
-0.00594187261987
-0.00204594654051
-0.00291097989443
-0.00410047916011
-0.00459430691303
-0.00588885599896
-0.00121696331442
-0.00695248075593
-0.00694940959324
-0.00471533016028
-0.00435736171668
-0.00631434765672
-0.00617070687787
-0.00170010089159
-0.00362368715328
-0.00383419973026
-0.00561726010489
-0.00610728933333
-0.00290354048226
-0.00347606652728
-0.00482974800859
-0.00619561941172
-0.00230530799816
-0.00317522045611
-0.00436870744184
-0.00486549200423
-0.00616185609841
-0.00149056529887
-0.00731391248037
-0.00264796140944
-0.00472179783374
-0.00431490564762
-0.00628177825291
-0.0063946156059
-0.00186565647725
-0.00379466424924
-0.00401067732374
-0.00579722411635
-0.00147086491411
-0.0030951615211
-0.00367337587138
-0.00503251977096
-0.00577583423152
-0.00189907648767
-0.00277302879327
-0.00397622029396
-0.00508782233034
-0.00161591275185
-0.00171489934403
-0.00764605030952
-0.0029902143672
-0.00507446794081
-0.00466634795813
-0.0066030547047
-0.0064364164097
-0.00183308583666
-0.00365663795237
-0.00374869894027
-0.00593683485318
-0.00161503862375
-0.0032438732526
-0.00382653257097
-0.00518994745577
-0.00593726640209
-0.00206414541404
-0.0029412615464
-0.00414704133594
-0.00464819704956
-0.00120561580842
-0.00130499367257
-0.00797576743116
-0.00330194878651
-0.00539578351977
-0.00504571735233
-0.00498470969073
-0.00246308676351
-0.00241517146856
-0.00425706743827
-0.00436756657482
-0.00599983106475
-0.00139811886409
-0.00287061623822
-0.00344821022979
-0.00530159064349
-0.00605176577866
-0.002181239768
-0.00306061427134
-0.00426824220559
-0.0047707696757
-0.00132903107004
-0.00142868846614
-0.00819331838594
-0.00352856008734
-0.00566981222065
-0.00551506482343
-0.0055000789994
-0.00299545639695
-0.00296493637381
-0.00482450533251
-0.00495280160953
-0.00660279303639
-0.00201849942778
-0.0034175635113
-0.00374713777829
-0.00441034069232
-0.000653694801534
-0.00170844022901
-0.00313070151659
-0.00433941936693
-0.0048427559487
-0.00140151441913
-0.00150133672295
-0.00855563828691
-0.00390181009254
-0.00612255693667
-0.00598301123939
-0.00596455322635
-0.00347237528021
-0.00345774545598
-0.0053579620696
-0.00550332998726
-0.00717035772246
-0.00260283624714
-0.00401813488553
-0.00436309091834
-0.0050115908346
-0.000990714868728
-0.00177753632942
-0.0026097398167
-0.00382449642372
-0.00432807125016
-0.000854761180583
-0.00152268433418
-0.00446169935308
-0.00427976909486
-0.00654456011191
-0.00641937981025
-0.00641581581535
-0.00393901225841
-0.00394016498232
-0.00583274504123
-0.00599372977396
-0.00291943897365
-0.00311901111917
-0.00458074334947
-0.00494045886081
-0.00560258890885
-0.00159385211747
-0.00238198633901
-0.00298359037562
-0.00406740487313
0.000446865526661
-0.00087766556883
-0.000924604021989
-0.00450599329388
-0.00450015412451
-0.00693523337814
-0.00682352390485
-0.00683394492847
-0.00437159790292
-0.00438761335823
-0.00629536929178
-0.00647171693425
-0.00341281191768
-0.00362758658861
-0.00507320369966
-0.00544642435196
-0.00612126558707
-0.00211552103092
-0.00295378908506
-0.00356313451585
-0.00449408022031
7.90333443426e-05
-0.00124712696563
-0.00123487283316
-0.00477747011133
-0.00484693433846
-0.00490786678303
-0.0071384539921
-0.00264323270217
-0.00473546127095
-0.00479927117484
-0.00672120940577
-0.00691193696499
-0.0038674571217
-0.00409650940667
-0.00555602122367
-0.00594247700784
-0.00164688721611
-0.00263479336386
-0.00344206810656
-0.00405875036283
-0.0049952185549
-0.000288236039986
-0.00156760174966
-0.00155525667157
-0.00503365459451
-0.00516227814138
-0.00523423963782
-0.00747634109507
-0.00299310229657
-0.00509774932064
-0.00514510292233
-0.00708015175448
-0.00728340405312
-0.00425720433208
-0.00452465969792
-0.00506899494813
-0.00639588455764
-0.0021117389998
-0.00310988427586
-0.00392586893573
-0.00454942418061
-0.00549066351996
-0.000786154397298
-0.00192545557354
-0.00177553386606
-0.00511514659527
-0.0054457448106
-0.00552771315582
-0.00778027199277
-0.00330792742806
-0.00542387799424
-0.00548289909272
-0.00742991173404
-0.00289265898375
-0.0046313699508
-0.00488520723748
-0.0054409605944
-0.00677918601011
-0.00253179199212
-0.00353937599518
-0.00436339948601
-0.00499330463629
-0.00101846206752
-0.00123673431814
-0.0023761003267
-0.00217004143238
-0.00535780368034
-0.00550146793178
-0.00560128693543
-0.00786319831398
-0.00340005458725
-0.0057132407083
-0.00578272921887
-0.00774048787702
-0.00321417593843
-0.00496390959815
-0.0052287054979
-0.00579517187509
-0.00714364772437
-0.00288425014052
-0.00390039131878
-0.00473171056659
-0.00536738447127
-0.00141809582391
-0.00163844912438
-0.00277787410984
-0.00421775863131
-0.00334081943429
-0.00572001087314
-0.00582766697978
-0.00361816245234
-0.00364320048153
-0.00577818189407
-0.00585617080696
-0.00782339186033
-0.00349453754083
-0.00525399965247
-0.00552847929443
-0.00610442420738
-0.00253253399279
-0.00321104385407
-0.00423478338048
-0.00507258791391
-0.005713393795
-0.00175125052812
-0.0019734571259
-0.00311334721723
-0.00455204547122
-0.00352001890896
-0.00590559017569
-0.00601994373676
-0.00381745485068
-0.00384982041931
-0.00599242579772
-0.00607830763769
-0.00805364785641
-0.00353729193113
-0.0053051183829
-0.0055829982584
-0.00616360437851
-0.00280377299177
-0.00348958889863
-0.0045198962881
-0.00536331162353
-0.00600856084223
-0.00204951047274
-0.00227332318808
-0.00341325880914
-0.00485043988225
-0.00239741225967
-0.000789321312627
-0.000702977650026
-0.000683675210875
-0.000725445157135
-8.2074366293e-05
0.001700872384
-0.00260840995425
-0.00100079566704
0.00201614455238
-0.000893939791401
-0.000934059835038
-0.000300418688326
0.00150575658048
-0.0028187916326
-0.00121165533542
0.00180553246176
-0.00110358634589
-0.0011420521229
-0.000518200942221
0.00129964157318
-0.000798857736528
-0.00142189502397
0.00159554103572
-0.00131260961308
-0.00134941680597
-0.000735416237292
0.0010837373055
-0.00100799149434
-0.00163150939375
0.00138617560644
-0.00152100428777
-0.00155614862705
0.00138443777968
0.000868408987875
-0.0012164932583
-0.0018404930605
0.00117744155114
-0.00172876502058
-0.00176224228643
0.00116837125038
0.000653661573515
0.001523561458
-0.00204884059446
0.000969344292352
-0.00193588641782
-0.00196769244163
0.000952886616719
0.000439500059003
0.00131633997406
-0.00225654652016
0.000761889298023
-0.00214236304131
0.0001640037112
0.000737988946736
0.000225929484521
0.00110976686689
-0.00246360531629
0.000555082081724
-0.00234818940825
-4.01432368507e-05
0.000523683353461
1.29549340791e-05
0.000903847688334
-0.00267001141548
0.000348928202798
-0.00255335999106
-0.000243630395871
0.000309974995146
-0.000199418464261
0.000698588035919
-0.00287575920417
0.000143433266523
-0.00275786921724
-0.00044645225134
9.68690755077e-05
-0.000411185538167
0.000493993553003
-0.00308084302249
-6.1397075747e-05
-0.000597593817074
-0.000648603245446
-0.000115629156033
-0.000622341070819
0.000290069928908
-0.00328525716404
-0.000265557126441
-0.000800763432203
-0.00085007777699
-0.000327514404122
-0.000832879800706
8.68228990496e-05
-0.00348899587582
-0.000469041141641
-0.00100325470246
-0.0010508702013
-0.000538781327244
-0.00104279642142
-0.000130428424422
-0.00369205335807
0.00168837301095
-0.00120506187448
-0.00125097483018
-0.000749424537503
-0.00125208558146
-0.000354177416584
-0.000491785515094
0.00148625848448
-0.0014061791494
0.0020890170374
-0.00095943860041
-0.00146074188405
-0.000577363075601
-0.000693462951486
0.0012848375045
-0.00160660068282
0.00189030523856
-0.00116881803467
-0.00166875988693
-0.000799980064271
0.00132619848148
0.00108411600145
-0.00180632058468
0.00169229856168
-0.00137755731199
-0.00187613410222
-0.00102202299162
0.00112592485367
0.000884099952597
-0.00200533291922
0.00149500286973
-0.00158565085688
-5.0719657656e-05
-0.00124348641247
0.000926362159089
0.000684795382162
-0.00220363170494
0.00129842406944
-0.00179309304644
-0.00025678965066
-0.00146436482707
0.000727516480091
0.000486208361344
-0.00240121091453
0.00110256811132
-0.00199987821025
-0.000462199116871
-0.0016185549655
-0.000925479849961
-0.00605285903132
-0.00490246058029
-0.00374843141247
-0.00283584619353
-0.00203458082444
-0.00184651519285
-0.00115788885297
-0.00628903576614
-0.00514160583072
-0.00398983923189
-0.00308069347225
-0.0022652935026
-0.00207393655068
-0.00138977795439
-0.00452605451043
-0.00538026318804
-0.00423076934642
-0.00332508171238
-0.00249543595923
-7.75885028642e-05
-0.00162114191143
-0.00476122102537
-0.00561842743928
-0.00447121653762
-0.0035690057536
-0.00272500206746
-0.000303916389568
0.000370756286796
-0.00499587451661
-0.00585609330795
-0.00471117552144
-0.00381246036796
-0.002953985628
-0.000529689564108
0.000140458581915
0.00101080157325
-0.00609325545331
-0.00495064094743
-0.00405544025899
-0.0031823803684
-0.000754902634244
-8.92978962112e-05
0.000777190267572
-0.00632990846956
-0.00518960739792
-0.00429794006081
-0.00341017994234
-0.00097955015126
-0.000318507666845
0.00054410825002
-0.00423345822742
-0.0054280693872
-0.00453995433723
-0.00363737792884
-0.00120362660949
-0.000547165188305
0.000311561069472
-0.00446907650429
-0.00321406881385
-0.00478147758077
-0.00386396783157
-0.00142712644583
-0.000775264857383
7.9554339638e-05
-0.00470416903707
-0.00345150514724
-0.00256704896076
-0.00408994307807
-0.00165004403929
-0.00100280100876
-0.000151906260258
-0.00493873015232
-0.00368842014572
-0.00280757332652
-0.00199568913537
-0.00187237371051
-0.00122976791444
-0.00038281498479
-0.00517275410781
-0.00392480804306
-0.00304758970017
-0.00222041504399
-0.00209410972131
-0.00145615978313
-0.000613166021649
-0.00149801255049
-0.0041606630008
-0.00328709227986
-0.00244450611506
-0.00231524627419
-0.00168197075971
-0.000842953490954
-0.00173094468058
-0.00439597910741
-0.00352607518775
-0.00266795546439
-0.00253577751193
-0.00190719492461
-0.00107217144457
-0.00196332200353
-0.00463075037739
-0.00376453246906
-0.00289075612804
-0.00275569751706
-0.00213182629329
-0.0013008138654
-0.00219513849406
-0.00486497075044
-0.00400245809107
-0.00311290106158
-0.00297500031151
-0.00235585881558
-0.00152887466674
-0.0024263880542
-0.00509863409059
-0.00423984594216
-0.0033343831394
-0.00319367985604
-0.00257928637519
-0.00175634769156
-0.0026570645125
-0.00533173418534
-0.00447668983081
-0.00355519515403
-0.00341173004992
-0.00280210278912
-0.00198322671181
-0.00288716162323
-0.00556426474474
-0.00471298348458
-0.00377532981537
-0.00362914473041
-0.00302430180706
-0.00220950542776
-0.00311667306561
-0.00193474273335
-0.00494872054917
-0.00399477975008
-0.00384591767237
-0.00324587711087
-0.00243517746731
-0.00128163260605
-0.00216611503823
-0.00518389458735
-0.00422825865461
-0.00800953913869
-0.00723358060409
-0.00753906106434
-0.00355877482361
-0.0039136028829
-0.00668156517549
-0.00681246440245
-0.00788606238741
-0.00814428685306
-0.00740737028849
-0.00342286741154
-0.0037832545797
-0.00654657641484
-0.00667276928478
-0.00776177068807
-0.00801591894796
-0.00834049336185
-0.00328610206544
-0.00365200098409
-0.00641066610623
-0.00653213783877
-0.00763666734892
-0.00788672447709
-0.00820711737081
-0.00429483026234
-0.00351984650889
-0.00627383906529
-0.00639057530215
-0.00751075568176
-0.00775670703684
-0.00807290461855
-0.00415636169184
-0.00456480872915
-0.0061361001063
-0.00624808690795
-0.00738403900161
-0.0076258702255
-0.007937859003
-0.00401704782753
-0.00443086573828
-0.00717546720247
-0.00610467788389
-0.00725652062641
-0.00749421764288
-0.0078019844219
-0.00387689287869
-0.00429603511251
-0.00703591884207
-0.00717368515864
-0.00712820387671
-0.00736175288997
-0.00766528477237
-0.007980777146
-0.00416032126717
-0.0068954729929
-0.00702845053393
-0.00699909207537
-0.00722847956863
-0.00752776395063
-0.00783895264455
-0.00402372861696
-0.00675413445842
-0.00688231092493
-0.00686918854726
-0.00709440128125
-0.00738942585156
-0.00769629966836
-0.0038862615755
-0.00661190803808
-0.00673527153243
-0.00673849661893
-0.00695952163041
-0.00725027436838
-0.00755282241341
-0.00374792455492
-0.00401541919379
-0.00658733754907
-0.00660701961837
-0.00682384421856
-0.00711031339229
-0.00740852507135
-0.0036087219653
-0.00387143138152
-0.00643851415887
-0.00647476087467
-0.00668737264771
-0.00696954681216
-0.00726341182921
-0.00346865821432
-0.00372657005267
-0.00628880653665
-0.00634172371774
-0.00655011051911
-0.00682797851411
-0.00711748686899
-0.00332773770675
-0.00358083998568
-0.00613821984758
-0.00620791147808
-0.00641206143294
-0.00668561238127
-0.0069707543673
-0.00735329063876
-0.00343424595256
-0.00598675924663
-0.0060733274864
-0.00627322898802
-0.00654245229337
-0.00682321849503
-0.00721066981866
-0.0032867927184
-0.00583442987814
-0.00593797507344
-0.00613361678147
-0.00639850212649
-0.006674883417
-0.00706720543469
-0.00313848504094
-0.00568123687528
-0.00580185756963
-0.00599322840846
-0.00625376575267
-0.00652575329162
-0.00692290187581
-0.00298932767011
-0.00552718535965
-0.00691354939526
-0.00585206746188
-0.00610824703965
-0.00637583227054
-0.00677776352599
-0.00283932534764
-0.00537228044077
-0.00677591169859
-0.00699249421152
-0.00596194985054
-0.0062255150768
-0.00663179476382
-0.00268848280658
-0.00521652721569
-0.006637518898
-0.00684979888602
-0.00713026314673
-0.00608352308535
-0.00648499996211
-0.00253680477091
-0.0050599307685
-0.00516159347509
-0.00981905131187
-0.00625014636425
-0.00764259783171
-0.00541183672785
-0.00599811219915
-0.00640090388859
-0.00504147619346
-0.00636841798159
-0.00612728511496
-0.0075186203453
-0.00528693545448
-0.00976715877195
-0.00627478529097
-0.00492065169109
-0.00624613693392
-0.00735313652693
-0.00739392209097
-0.00516131029905
-0.00964081380026
-0.00614793878425
-0.00479912236423
-0.00612314594412
-0.00722884394126
-0.00726850566968
-0.00503496391267
-0.00951374525294
-0.00602036708627
-0.0046768906122
-0.00599944748732
-0.00710383950142
-0.00714237368476
-0.00490789894863
-0.00938595582234
-0.00704399041907
-0.00455395883719
-0.00587504404126
-0.00697812575338
-0.00701552874174
-0.0047801180622
-0.00925744820267
-0.00691497649955
-0.00443032944415
-0.00574993808619
-0.00685170524531
-0.0068879734481
-0.00465162391043
-0.00912822508974
-0.00678524555295
-0.00430600484056
-0.00562413210461
-0.00672458052741
-0.00810369643265
-0.00452241915196
-0.00899828918077
-0.00665480030353
-0.00418098743628
-0.00549762858116
-0.00659675415173
-0.0079747282673
-0.00439250644683
-0.00886764317424
-0.00652364347666
-0.00405527964339
-0.00537043000239
-0.00646822867199
-0.00784505758386
-0.00426188845628
-0.00873628976963
-0.00639177779861
-0.005483668241
-0.00524253885662
-0.00633900664341
-0.0077146869959
-0.00413056784257
-0.00860423166726
-0.00625920599636
-0.00535658691512
-0.00511395763375
-0.00620909062249
-0.00758361911804
-0.0039985472688
-0.00847147156814
-0.00612593079741
-0.00522882244844
-0.00498468882513
-0.0060784831669
-0.00745185656576
-0.00524665108866
-0.00833801217369
-0.00599195492961
-0.00843846926697
-0.0048547349233
-0.00594718683524
-0.00731940195525
-0.00511323858644
-0.00820385618563
-0.00585728112094
-0.00830934577787
-0.00472409842194
-0.0058152041869
-0.0071862579032
-0.00497913411658
-0.00806900630579
-0.00572191209932
-0.00817954640976
-0.00614682857313
-0.00568253778191
-0.00705242702666
-0.00484434034366
-0.00793346523589
-0.00558585059247
-0.00804907358559
-0.00601483435716
-0.00554919018072
-0.00691791194285
-0.00470885993221
-0.00779723567739
-0.00544909932769
-0.00791792972921
-0.00588216502745
-0.00896229595931
-0.00678271526896
-0.00457269554649
-0.00899363246276
-0.00531166103171
-0.00778611726524
-0.00574882308034
-0.00882759364808
-0.00664683962204
-0.00443584985035
-0.00885603402948
-0.00517353843048
-0.00765363861891
-0.00561481101245
-0.00869221782305
-0.00651028761879
-0.00429832550705
-0.00871775520861
-0.00503473424902
-0.0075204962159
-0.0054801313205
-0.0100630668031
-0.00637306187541
-0.0041601251791
-0.00857879869879
-0.00489525121123
