-0.000262179376947
0.0014137587948
0.00297022954866
-0.000766674141456
0.000879431977443
0.0023033292396
-0.000369420882615
-0.000208627657428
0.00146746528691
0.00302505622956
-0.000711915401003
0.000938463853361
0.00236233887462
-0.00311221214777
-0.000153966439696
0.00152228426522
0.00308099563624
-0.000656045215614
0.000998599797843
-0.000483733378164
-0.00305230421048
-9.81980388185e-05
0.00157821339504
0.00313804538195
-0.000599065963396
-0.00179584919985
-0.000422518906176
-0.00299129856368
-4.1324810122e-05
0.00163525030109
0.00319620303961
-0.00334174737265
-0.0017335127764
-0.000360205859828
-0.00292919775742
1.66508512799e-05
0.00169339256805
0.000316990682451
-0.00328255728151
-0.00167008001907
-0.000296796852681
-0.00286600437944
7.57265109676e-05
-0.00112373526689
0.000377356723775
-0.00322226549725
-0.00160555358177
-0.000232294535758
-0.00280172105466
-0.00267339759773
-0.00106338968197
0.000438823158596
-0.00316087455595
-0.0015399361554
-0.000166701597026
-0.00273635044461
-0.00261212939952
-0.00100194621769
0.000501387403382
-0.00309838703189
-0.00147323046729
-0.000100020760873
-0.00266989524701
0.000993047529151
-0.000939407444765
0.000565046836754
0.000661322257566
-0.0014054392807
-3.22547875796e-05
0.00128470190319
0.00105649806872
-0.000875775971493
0.00062979880001
0.000725995073797
-0.00133656539429
3.65935272118e-05
0.00135331804088
0.00112103586201
-0.000811054443259
0.000695640597635
0.000791756525524
-0.00126661164156
0.000106521353034
0.00142301046142
0.00118665824912
-0.000745245542012
0.000762569497835
0.000858603890604
-0.00119558089032
0.000177525825134
0.00149377632781
0.00125336253433
-0.000678351985745
0.000830582733058
0.000926534411237
-0.00112347604217
0.000249604045012
0.00156561276953
0.00132114598661
-0.000610376527975
0.000899677500531
0.000995545294495
-0.00105030003193
0.000322753080969
0.00163851688309
0.00139000584019
-0.000541321957211
0.000969850962793
0.00106563371285
-0.000976055827087
0.000396969968652
0.00171248573256
0.00145993929501
-0.000471191096428
0.00104110024824
0.00113679680473
-0.000900746427267
0.000472251711606
0.00178751635016
0.0015309435173
-0.000399986802532
0.00111342245164
0.00120903167503
-0.000824374863663
0.000548595281825
0.00186360573673
0.00160301564011
-0.00032771196582
0.00118681463475
0.00128233539567
-0.000746944198487
0.000625997620309
0.00194075086233
0.0016761527638
-0.000254369509445
0.00126127382675
0.00135670500613
-0.000668457524413
0.000704455637615
-0.0011297123283
0.00175035195663
-0.000179962388869
0.00133679702491
0.00143213751402
-0.000588917964016
-0.00232438713962
-0.00105046493491
-0.00263604958985
-0.00156261297787
0.000798320296903
-0.00104806575377
-0.00277621823558
-0.00467032915204
0.000234329833636
-0.00257305898481
-0.00433463430785
0.000865500332311
-0.000978937226862
-0.0027091763556
-0.0046012925153
0.000302705250245
-0.00250883795994
-0.00426824863141
0.000933984059573
-0.000908471485333
-0.00264075471997
-0.00453083971997
0.00037254008917
-0.0024433899024
-0.00420059885935
0.00100376739838
-0.000836672959757
-0.0025709578936
-0.00445897573319
0.000443829127107
-0.00237671825125
-0.00413168877665
0.00107484620848
-0.000763546144399
-0.00249979051242
-0.00438570559771
-0.00242156707243
-0.00230882649669
-0.00406152222329
-0.00187615480958
-0.000689095595926
-0.00242725728197
-0.000316895053212
-0.00234738563693
-0.00223971817914
-0.00399010309324
-0.00180249771167
-0.000613325932099
-0.00235336297594
-0.000240828042783
-0.00227176616358
-0.00216939688841
1.41485031821e-05
-0.00172755791143
-0.000536241830473
-0.00227811243479
-0.000163370449119
-0.00219471419712
-0.00209786626282
8.80608936385e-05
-0.00165133977742
-0.000457848027082
-0.00220151056421
-8.45276009763e-05
-0.002116235358
-0.00202512998838
0.000163213864818
-0.00157384773243
-0.00340152041555
-0.00212356233376
-4.30489448799e-06
-0.00203633534059
-0.00195119179786
0.000239603316754
-0.00149508625223
-0.00332052164405
-0.00204427277533
7.7292208502e-05
-0.0019550199113
-0.00187605546993
0.000317225100517
-0.0014150598645
-0.00321271320332
-0.00196364698173
0.000160258182106
-0.0018722949067
-0.00179972482831
0.000396075019239
-0.00133377314758
-0.00312912907659
-0.00188169010519
0.000244587438064
-0.00178816623164
-0.00172220374082
0.000476148829135
-0.00125123072932
-0.00304425975919
-0.00179840735588
0.000330274327418
-0.0017026398574
-0.00164349611857
0.000557442240538
-0.00116743728594
-0.00295811031024
-0.00473837604132
0.000417313142189
-0.00161572181982
-0.00460612966416
0.000639950918925
-0.00108239754076
-0.00287068583804
-0.000845300123334
0.000505698117049
-0.00152741821735
-0.00452506087414
0.000723670485954
-0.00099611626313
-0.00278199149874
-0.000758071574068
0.000595423431002
-0.00143773520927
-0.000674431213891
0.000808596520497
-0.000908598267146
-0.00269203249503
-0.000669538542641
0.000686483209054
-0.00134667901373
-0.000591017397084
0.000894724559676
-0.00081984841054
-0.00260081407477
-0.00057970650678
-0.0024299300921
-0.00125425590595
-0.000506437218336
-0.00225085274733
-0.000729871593465
-0.0025083415297
-0.000488580993282
-0.00233621921847
-0.00116047221628
-0.000420694829403
-0.00216233424932
-0.000638672757328
-0.00241462019411
-0.00039616757654
-0.00224119181302
-0.00106533432838
-0.00743227027299
-0.00901349555323
-0.00535536815653
-0.00677184296139
-0.0066421979217
-0.00787562424996
-0.00434987762514
-0.00559874966685
-0.00580771982239
-0.00621746106641
-0.00358083480182
-0.00761426077084
-0.0083116379198
-0.00888650280723
-0.00600328019441
-0.00674134806767
-0.00701789496091
-0.00782367432547
-0.00462743120295
-0.00553172999835
-0.00528280592898
-0.00510227905336
-0.00968606994341
-0.00954885111386
-0.00746923446917
-0.00735149832881
-0.00859636393344
-0.00503381471439
-0.00525325403884
-0.00641031151494
-0.00682877593785
-0.00420016462582
-0.00469059695886
-0.00539426095944
-0.00597440435404
-0.00292113615082
-0.0072940241734
-0.00757282388613
-0.008379797415
-0.00518366909406
-0.00608700132514
-0.00583604612294
-0.00574025334533
-0.00734670104717
-0.00716509364959
-0.00496942158853
-0.00480692123489
-0.00811052556168
-0.00926713760199
-0.00585605265699
-0.00698684957217
-0.00741379889075
-0.0083608484904
-0.00529043534176
-0.00600022603436
-0.00658551599926
-0.00353633229263
-0.00421294591088
-0.00441547550699
-0.00525717724822
-0.00197689717778
-0.00661340452136
-0.00770171112478
-0.00635584208119
-0.0079745396987
-0.0078050307546
-0.00410782704907
-0.00547024820573
-0.00550631385582
-0.00667347564177
-0.00314223776875
-0.00412803018454
-0.00797187834355
-0.00892649260547
-0.00586288490343
-0.00657862339284
-0.00716891206806
-0.00763044789565
-0.00480318254176
-0.00499993505326
-0.00575581883629
-0.0067973541737
-0.00343053434054
-0.00458591211901
-0.00694853954727
-0.00687161542883
-0.0084215388302
-0.00843681246652
-0.00610967050159
-0.00615661901548
-0.00733413866053
-0.00381262022798
-0.00477432768773
-0.00506510955214
-0.00602702823807
-0.00292887702456
-0.00365036530898
-0.00772387035422
-0.00852232710926
-0.00536476021087
-0.00625686139105
-0.00631959632005
-0.00727449305065
-0.00389717162324
-0.00505076333368
-0.00471518831158
-0.0045930688109
-0.00615453956035
-0.0090406767126
-0.00672457764339
-0.00678217110567
-0.00796983075094
-0.00811548434004
-0.00542833280126
-0.00562253610487
-0.00653632847649
-0.00705405922877
-0.00417152138248
-0.00477129860924
-0.00558959771195
-0.00592517391837
-0.00679065553683
-0.00685390116019
-0.00780820097608
-0.00435133262592
-0.00548485275254
-0.00526060494988
-0.00514982633147
-0.0067225273339
-0.00671005068177
-0.00426816125806
-0.00428776596004
-0.00548532097657
-0.00873484481552
-0.0060562848816
-0.0062582567183
-0.00668399239792
-0.00754027354943
-0.00466303131059
-0.00526726525808
-0.00608910681164
-0.00642724862455
-0.00379439081636
-0.00385812594807
-0.00486327565892
-0.00465099852383
-0.00591469599183
-0.00955506377994
-0.00568184975044
-0.00726543564192
-0.00726366768593
-0.00866963472632
-0.0048619139662
-0.00606909227824
-0.00619527069269
-0.00652666363962
-0.00354708495023
-0.00728290563204
-0.00799643852233
-0.00512423562546
-0.00573271243692
-0.00655792764965
-0.00689851348745
-0.00426712481635
-0.00433132638749
-0.00533593091423
-0.00512210739963
-0.00286965977187
-0.0100512497079
-0.00618863256075
-0.0077827294545
-0.0077913109292
-0.00920738107806
-0.00540942384565
-0.00565223323032
-0.00676088022178
-0.0071003926492
-0.00412816567149
-0.00453513055638
-0.00516314534172
-0.0058287246238
-0.00272165596795
-0.00699539378779
-0.00733829236065
-0.00823613009402
-0.0047729372215
-0.0057770257167
-0.00697589703151
-0.00330690800407
-0.00785663292336
-0.007800547097
-0.00554392867716
-0.00551124200879
-0.00849902192144
-0.00592968436668
-0.00618148856825
-0.00729860918814
-0.00764596657196
-0.00468084745233
-0.0050940770687
-0.00572741358405
-0.00622925010102
-0.00312413153391
-0.00397314615439
-0.00431821662163
-0.00525178762895
-0.00289839347316
-0.00618590566929
-0.00738340234341
-0.0070275515732
-0.00830172011412
-0.00825537554203
-0.0044580432526
-0.00598529166409
-0.0061580890098
-0.00749552849957
-0.00374625060056
-0.00487151449539
-0.00816270493258
-0.00905418633541
-0.00562368739737
-0.00626215063104
-0.00676812072458
-0.00349421259598
-0.00434601592247
-0.00542094046132
-0.00562789506384
-0.00327488704653
-0.00319838237872
-0.00446444937451
-0.00410651547625
-0.0071086427627
-0.00876859193975
-0.00493392419965
-0.00643175026748
-0.00661344937675
-0.00795951133306
-0.00421848572835
-0.00535153491132
-0.0056872427694
-0.00658527183474
-0.00299062978396
-0.0036340059094
-0.00727655964777
-0.00799775875838
-0.00468571040291
-0.00576249760537
-0.0059705726051
-0.00711396007804
-0.00354099985367
-0.00480588759128
-0.00444603451276
-0.00503933614041
-0.00671143693601
-0.00944625219341
-0.00701358288596
-0.00715629107773
-0.00846107400977
-0.00467648946607
-0.00580176208904
-0.00614433450682
-0.00704859477028
-0.00345945408538
-0.00410751042598
-0.00462121998677
-0.00536103718486
-0.00171936801945
-0.00607017811748
-0.0062792728444
-0.0074229841983
-0.0038496454211
-0.00511345986806
-0.00475186031048
-0.00556998616329
-0.00725385689112
-0.00732735288728
-0.0048468988982
-0.00495533258067
-0.00904870601112
-0.00929762220711
-0.00637135450107
-0.00666801551978
-0.0071804298795
-0.00792080458901
-0.00454935596074
-0.00506664067355
-0.00580911240223
-0.00216912553355
-0.00308602112805
-0.00329603008749
-0.00449249369959
-0.000811043795486
-0.00538666813478
-0.00502350298869
-0.00607492120565
-0.00777014814036
-0.00785492201872
-0.00538558116283
-0.00550486565272
-0.00583508047217
-0.00705420980313
-0.00340068798719
-0.00438846373778
-0.00777622247083
-0.00851108689297
-0.00508857491228
-0.0055527323229
-0.00624028789194
-0.00646380384967
-0.00344609671786
-0.0035353133672
-0.00473203246756
-0.00465409532538
-0.00238810019913
-0.00392212740111
-0.0065536292721
-0.00825976654816
-0.00835538515792
-0.0086458759454
-0.00602647758273
-0.00636679743744
-0.00759556988578
-0.00395110781769
-0.00494723390878
-0.00546078774941
-0.00620220595815
-0.00272403967779
-0.00319249747182
-0.0068259429587
-0.00700900652254
-0.00393353245111
-0.00382613921205
-0.00493619472393
-0.00633570190903
-0.00259127949098
-0.00412412470244
-0.00457770653985
-0.00472038114626
-0.00635315319784
-0.00912891514322
-0.00651953779424
-0.0068695535907
-0.00810758661178
-0.00856031669085
-0.00547598996067
-0.0059967763121
-0.00674450693397
-0.00735668628019
-0.0037442240214
-0.00445396466692
-0.00463868322064
-0.00543037005239
-0.00253756321918
-0.0052575993326
-0.00650392446037
-0.00275889898485
-0.00429076330543
-0.00908303442444
-0.00515508015395
-0.00679773194209
-0.00706849187948
-0.00434406168676
-0.00466690373218
-0.00591378156876
-0.00905063254828
-0.00597398889491
-0.00650169848385
-0.00725547536168
-0.00787271420581
-0.00426422724646
-0.00497677874377
-0.00591645878654
-0.00595510229166
-0.00306136169952
-0.0028049108478
-0.00394798035035
-0.00350518530251
-0.00442175978106
-0.00948014031109
-0.0055615680159
-0.00721356841335
-0.00749357178857
-0.00895976715904
-0.00510981642378
-0.00636509026635
-0.00680891009659
-0.0078280551206
-0.00415399460276
-0.00773433607439
-0.00835639338657
-0.00513162188851
-0.00546692442143
-0.00640811793599
-0.00644707654031
-0.00355244576008
-0.00329391890734
-0.0044337712903
-0.00388522687654
-0.00153579780978
-0.00753733988182
-0.00593937147909
-0.00760015782712
-0.00788885489387
-0.00936357427614
-0.00552189078688
-0.00678507921714
-0.00723635782804
-0.00791159833201
-0.00459455832867
-0.00535952987282
-0.00598614353967
-0.00684288501667
-0.00307368643818
-0.00686622794455
-0.00690548480835
-0.00790883134595
-0.00374951986669
-0.00488632835686
-0.00433372550191
-0.00194338048027
-0.00787779945455
-0.00809140948213
-0.00558040424802
-0.00583653830485
-0.0097365090875
-0.00590255124304
-0.00647665977131
-0.00763139940748
-0.00831309623981
-0.00500188514587
-0.00577195598987
-0.00640284310532
-0.0072629463907
-0.00349612708383
-0.00447370732313
-0.00451324419557
-0.0055640562017
-0.0013824766234
-0.00530490202105
-0.00474849190109
-0.00593176051159
-0.0014784045226
-0.00184314083657
-0.00454064028112
-0.00289704632076
-0.00131921462721
-0.00456091791957
-0.00434612835199
-0.00160437758391
-0.00196870283588
-6.88874531513e-05
-0.00301922112026
-0.0014417291725
0.000112987614576
-0.00446834238519
-0.00172947430476
-0.00209338348086
-0.00019381926873
-0.00314050006868
-0.00156334635939
-8.64269707042e-06
-0.00458966039283
-0.00185369079157
-0.00221717885177
-0.00031786476588
-0.00326087927095
-0.0016840622644
-0.00012937166742
-0.00471007847656
-0.00197702315529
-0.00234008503373
-0.000441020009185
-0.00338035483854
-0.00180387297052
-0.000249195378331
-0.00482959274457
-0.00209946751185
-0.00246209811706
-0.00056328106839
-0.00349892288994
-0.00192277456759
-0.000368109918552
-0.00494819931203
-0.00222101998261
-0.00258321419782
-0.000684644018859
-0.00361657955107
-0.00204076315285
-0.000486111384205
-0.00506589430158
-0.00234167669481
-0.00270342937823
-0.00080510494204
-0.00373332095586
-0.0021578348314
-0.000603195879259
-0.0051826738438
-0.00246143378202
-0.00282273976711
-0.000924659925928
-0.00384914324661
-0.00227398571666
-0.000719359516022
-0.00529853407769
-0.0025802873846
-0.00294114148042
-0.00104330506554
-0.00396404257459
-0.00238921193091
-0.00083459841563
-0.00541347115116
-0.00269823365019
-0.00305863064167
-0.0011610364634
-0.00407801510046
-0.00250350960572
-0.000948908708541
-0.00552748122151
-0.00281526873412
-0.00317520338243
-0.00127785023
-0.00419105699476
-0.00261687488251
-0.00106228653504
-0.00564056045594
-0.00293138879996
-0.00122170388248
-0.00139374248431
-0.00430316443848
-0.00272930391304
-0.00117472804573
-0.00575270503206
-0.00304659001994
-0.00133643221157
-0.00150870935426
-0.00441433362346
-0.00284079285987
-0.00128622940206
-0.00462296478586
0.00129774139297
-0.00145023256802
-0.00162274697723
0.00010270521443
-0.00295133789695
-0.00139678677681
0.000112016187776
0.00118438931088
-0.00156310112047
-0.00173585150055
-6.57607485413e-06
-0.00306093521007
-0.00150639635466
2.69840954949e-06
0.00107196750103
-0.00167503404808
-0.00184801908201
-0.000114907751523
-0.00316958099742
-0.00161505433263
-0.000105669534794
0.000960479751592
-0.00178602754102
-0.00195924589038
-0.000222286056166
-0.0032772714701
-0.00172275692067
-0.000213083882447
0.000849929839613
-0.00189607780099
-0.0020695281059
-0.000328707242851
-0.00338400285263
-0.00182950034218
-0.00062282794314
0.000740321530498
-0.0020051810417
-0.0021788619208
-0.000434167579646
-0.00348977138353
-0.00223390476143
-0.000728323863398
0.000631658577507
-0.00211333348944
-0.00228724353983
-0.000538663349149
-0.00388773037922
-0.00233871857643
-0.000832854981479
-0.00153828472842
-0.00393611495255
-0.00512279948006
-0.00621185501465
-0.00241627110736
-0.00361433292429
-0.00551170281529
-0.00167815198154
-0.00376485807493
-0.00527021451945
-0.00636270546482
-0.00257022398832
-0.00377097167691
-0.00567482546303
-0.00181710910554
-0.00390766574474
-0.00541669956602
-0.00651261840012
-0.0027232334048
-0.00392666247417
-0.00583701355315
-0.00195515118931
-0.00404954731109
-0.00556224904135
-0.00666158792991
-0.00287529318056
-0.00408139889029
-0.00599826036586
-0.00209227331904
-0.00348770380952
-0.00570685735837
-0.00186004683139
-0.00302639712416
-0.00423517448119
-0.00615855915635
-0.00222847057877
-0.00362771740045
-0.00585051892202
-0.00200711183125
-0.00317653902965
-0.0043879827852
-0.00563602601923
-0.00236373805097
-0.00376678911017
-0.00567543106507
-0.00215321568484
-0.00332571267727
-0.00453981732379
-0.00579440843409
-0.00249807081712
-0.00390491367118
-0.00581718230792
-0.00229835245788
-0.00347391183415
-0.00469067160228
-0.0059518224488
-0.00263146395827
-0.00404208581293
-0.00595796997061
-0.00244251620689
-0.00362113025507
-0.00484053911058
-0.0061082612252
-0.00276391255568
-0.00417830026241
-0.00609778843258
-0.00258570097995
-0.00376736168317
-0.004989413324
-0.00626371790352
-0.00289541169143
-0.00431355174486
-0.00623663206864
-0.00238599460511
-0.00391259985075
-0.00513728770401
-0.00652567419814
-0.003025956449
-0.0044478349844
-0.00637449524966
-0.00252720354028
-0.00405683848005
-0.00528415569905
-0.00667914601858
-0.00315554191391
-0.00458114470473
-0.00651137234328
-0.00266741560032
-0.00420007128403
-0.00543001074538
-0.00186758189821
-0.0032841631744
-0.00471347562982
-0.00664725771468
-0.00280662480698
-0.00434229196721
-0.00557484626793
-0.00201904118224
-0.00341181532202
-0.00484482248459
-0.00182783466195
-0.00294482517735
-0.00448349422654
-0.00571865568113
-0.00216948377314
-0.0035384934523
-0.00497517999565
-0.00196171967834
-0.00308201072473
-0.0042803797319
-0.00586143238985
-0.00231890269838
-0.00366419266545
-0.005104542892
-0.00209459606079
-0.00321817545942
-0.00441952620815
-0.00600316979029
-0.00246729096965
-0.00378890806697
-0.00523290590579
-0.00222645817227
-0.00335331338961
-0.00455763531433
-0.00614386127091
-0.00261464158374
-0.00391263476839
-0.00536026377305
-0.00235730037715
-0.00348741852221
-0.00469470072572
-0.00628350021338
-0.00276094752348
-0.00403536788795
-0.00548661123444
-0.00248711704206
-0.00362048486374
-0.00483071611442
-0.00607874233849
-0.00290620175873
-0.00415710255126
-0.00561194303602
-0.0026159025367
-0.00375250642124
-0.00496567515037
-0.00621625632741
-0.00305039724733
-0.00766157159602
-0.00535605625074
-0.00586029397018
-0.00485221704788
-0.00834213362932
-0.0061390061978
-0.00698242852713
-0.00759441244149
-0.0052869227946
-0.00579726526759
-0.00478719444026
-0.00827502216803
-0.00607011797016
-0.0069112631697
-0.00752655723261
-0.00521707511228
-0.00573349323675
-0.00472140730551
-0.00820712420319
-0.00711813087747
-0.0068392644075
-0.0074580071224
-0.00634521601783
-0.00566897910575
-0.00465485698777
-0.00813844120763
-0.00704762461619
-0.00677129269892
-0.00738876327308
-0.00628076566646
-0.00560372411422
-0.00458754484355
-0.00806897466748
-0.00697631176342
-0.00670325063732
-0.00731882685603
-0.00621675404874
-0.00553772951324
-0.00451947224164
-0.00799872608204
-0.00690419395498
-0.00663437258545
-0.00724819905165
-0.0061520240774
-0.00547099656518
-0.00445064056297
-0.00792769696356
-0.00683127284062
-0.00770803471405
-0.0071768810493
-0.00608657691834
-0.00663221855368
-0.00438105120043
-0.00785588883716
-0.00675755008394
-0.00763748976878
-0.0071048740472
-0.0060204137478
-0.00656401274332
-0.00431070555883
-0.00778333784016
-0.00858298781293
-0.00756611395189
-0.00703217925232
-0.00595353575228
-0.0064950724398
-0.0042396050547
-0.00771037363835
-0.00850766681658
-0.00749390900073
-0.0069587978803
-0.00739082822989
-0.00642539894964
-0.00416775111615
-0.00763663454157
-0.00843154924964
-0.00742087666795
-0.00688473115538
-0.00732252418445
-0.00635499359011
-0.00537120146504
-0.00304487142313
-0.00835463682911
-0.00734701872124
-0.00680998031025
-0.00725350893408
-0.00628385768909
-0.00529784498787
-0.00296958725149
-0.00827693128492
-0.00727233694316
-0.00673454658603
-0.0071837837053
-0.00621199258502
-0.00522373942903
-0.00289353292408
-0.00820371947916
-0.00719683313094
-0.0066584312321
-0.0071133497344
-0.0061393996267
-0.00514888626176
-0.00281671004454
-0.00812983284741
-0.00712050909627
-0.00658163550607
-0.00704220826731
-0.00606608017325
-0.00507328697025
-0.00273912022817
-0.00805515045278
-0.00704336666514
-0.00650416067364
-0.00697036055953
-0.00599203559393
-0.00499694304949
-0.00398751979104
-0.00797967397226
-0.0069654076776
-0.00776172574621
-0.00689780787599
-0.00591726726808
-0.00491985600515
-0.00390840099294
-0.00790340509588
-0.00688663398757
-0.00768289653006
-0.00682455149099
-0.00584177658496
-0.00484202735344
-0.00382852017254
-0.00782634552656
-0.00680704746267
-0.00760339205233
-0.00675059268805
-0.00576556494363
-0.00476345862099
-0.00562603438575
-0.00774849697991
-0.00672664998397
-0.00752321361022
-0.00667593275985
-0.00568863375289
-0.00468415134466
-0.00554463451324
-0.00897481081785
-0.00664544344584
-0.00312410258612
-0.00550120763636
-0.00792961318596
-0.00316861233059
-0.00557751047895
-0.00653145432421
-0.00427999558134
-0.00305852968763
-0.00543486453944
-0.00786253587038
-0.00406805628242
-0.00550899007504
-0.00646227157629
-0.00421020266656
-0.00299236149554
-0.00536791988057
-0.00779485104091
-0.00399963227982
-0.0054398508754
-0.00778495216472
-0.00413978078229
-0.00292559883031
-0.00530037450841
-0.00772655957363
-0.003930596088
-0.00537009381059
-0.00771452217319
-0.00406873090979
-0.00454970499029
-0.00523222927758
-0.00765766235076
-0.00386094861627
-0.0052997198176
-0.00764347000151
-0.00399705403699
-0.00448175586342
-0.00516348504868
-0.00758816026063
-0.00379069078015
-0.00522872983978
-0.0075717966195
-0.00392475115846
-0.00511176629522
-0.00509414268818
-0.00751805419759
-0.00371982350136
-0.0051571248268
-0.00749950300337
-0.00385182327531
-0.00504263405799
-0.00502420306843
-0.00744734506199
-0.00521000802728
-0.00508490573458
-0.00742659013575
-0.00377827139514
-0.00497291153655
-0.00495366706755
-0.00737603376011
-0.00513792465267
-0.00501207352522
-0.00735305900557
-0.003704096532
-0.00490259958566
-0.00488253556941
-0.0073041212041
-0.00506523463697
-0.00493862916697
-0.00727891060799
-0.00362929970627
-0.00483169906568
-0.00481080946357
-0.00723160831196
-0.00499193892601
-0.00486457363414
-0.00720414594441
-0.00498041294659
-0.00476021084247
-0.00642195019378
-0.00715849600743
-0.00491803847153
-0.00478990790707
-0.00712876602232
-0.00490437528204
-0.00468813578732
-0.00634903756379
-0.00708478522
-0.00484353423108
-0.00574190598623
-0.0070527718553
-0.00482771875366
-0.00461547477697
-0.00627553302846
-0.00701047688479
-0.004768427168
-0.00566602283544
-0.00697616446293
-0.00475044440667
-0.00454222869349
-0.00620143749962
-0.00693557194257
-0.00469271825135
-0.0071401957295
-0.00689894487074
-0.00467255329232
-0.00446839842428
-0.00612675189455
-0.00686007133964
-0.00461640845585
-0.00706309914701
-0.00682111411013
-0.00459404646786
-0.00439398486199
-0.00605147713589
-0.0067839760278
-0.00453949876184
-0.00698539736009
-0.00674267321833
-0.00451492499644
-0.00431898890448
-0.0068374488863
-0.0067072869643
-0.0044619901552
-0.00690709138393
-0.00666362323833
-0.00443621772599
-0.0042434114548
-0.0067609986097
-0.00830369794914
-0.0043838836273
-0.00682818223928
-0.00658396521881
-0.00435902820942
-0.00416725342108
-0.00668396197925
-0.0082258242756
-0.00430518017495
-0.00674867095247
-0.00650370021409
-0.00428122359609
-0.00409051571654
-0.00660633993864
-0.00814735975429
-0.00422588080033
-0.00666855855528
-0.00642282928404
-0.0042028049362
