0.00174857861765
-0.00221256771708
-6.7053483879e-05
-0.00128478522284
-0.00211871725729
-0.000992961771868
-0.00130292797992
0.00174808217035
-0.00222743631766
-7.47514227949e-05
-0.00129261942597
-0.0021266564496
-0.00100097048083
-0.00132055503455
0.00174893650665
-0.0022409319325
-8.10477757339e-05
-0.00431832149392
9.30618866258e-05
-0.00100752107984
-0.00133672017426
0.00175114157459
-0.00225305371135
-8.5942130103e-05
-0.00432330252007
8.80140801266e-05
-0.00102009536201
-0.0013514222432
0.00175469724007
-0.00226380088991
-8.94341650689e-05
-0.00432685640212
8.44125447994e-05
-0.0010429477054
-0.00136466018907
-0.00184629471711
-0.00227317279008
-9.9468239737e-05
-0.00209674145441
8.22575318322e-05
-0.00106434802806
-0.00137643306348
-0.00184003858714
-0.00228116882017
-0.000110430475138
-0.0020974404211
6.33217367491e-05
-0.00108429481674
-0.00138674002236
-0.00183243275419
-0.00228778847509
-0.000119991223261
-0.00209671181041
4.50045736571e-05
-0.00110278665909
-0.00139558032617
-0.00182347768026
-0.00229303133651
0.00210603898256
-0.00210440834722
2.81300031817e-05
-0.00111982224415
-0.0014059357742
-0.00182344862636
-0.00229689707296
0.00209928299797
-0.00211962350317
1.26992005554e-05
-0.00113540036279
-0.00142158664246
-0.00182588743015
-0.00229938544
0.00209393010619
-0.00213341391666
-1.28675842333e-06
-0.00114951990817
-0.00143577215797
-0.0018269761435
-7.01272599873e-05
0.00208998065869
-0.00214577865201
-1.38268977634e-05
-0.0011621798761
-0.00144849130244
-0.00182671470028
-6.98605031557e-05
0.00208743491485
-0.00215671686957
-2.49203416208e-05
-0.00117337936542
-0.0014620102496
-0.00182510311637
-6.82161661293e-05
0.00208629304191
-0.00216622782602
-3.45663146034e-05
-0.00118550616873
-0.00148406331028
0.000399806511855
-6.51943529187e-05
0.00208655511489
-0.00217431087461
-4.52608853573e-05
-0.00406248638926
0.00071728258047
0.000404118001393
-6.07952546387e-05
0.00208822111657
-0.00218355616202
-6.41092950136e-05
-0.00408151892485
0.000698157111506
0.000409779091912
-5.5019149447e-05
0.0020912909375
-0.00220071259817
-8.15128809865e-05
-0.00409909262338
-0.00278643428909
0.000416789439672
-4.78664024566e-05
-0.00130091798568
-0.00221644341058
-9.74704271697e-05
-0.00189261655005
-0.0028101100633
0.000425148619169
-3.93374656205e-05
-0.0013149597573
-0.0022307475298
-0.000111980817302
-0.00190726892114
-0.00283232199038
0.000410654761393
-2.94328775891e-05
-0.0013275999475
-0.00224362398245
-0.000125043035355
-0.0019204590078
-0.0028530684733
0.000386679776725
-4.56062566068e-05
-0.00133883772664
-0.00225507189156
0.00208908278418
-0.00193218586745
-0.00287234801831
-0.000741050438714
-0.0013740151454
-0.0020677595917
-0.00268160519248
-0.00128732200433
-0.002619061013
-0.00491739679711
-0.000771984329159
-0.00140683634153
-0.00210252343582
-0.00271212836219
-0.00131126319146
-0.00264465913931
-0.00495296628052
-0.000801125573353
-0.00143775787173
-0.0021352778932
-0.00274051555574
-0.00133292378518
-0.00266782076395
-0.00498595258888
-0.000828471014477
-0.00146677596909
-0.00216601849248
-0.00276676240821
-0.00135230000434
-0.00268854126753
-0.00501634827424
-0.00488787750268
-0.00149388708952
-0.00219474102514
-0.00279086487321
-0.00136938845951
-0.0027068165076
-0.00281629525856
-0.00491162261997
-0.0015190879139
-0.00222144154833
-0.000587199019515
-0.00140558013019
-0.00274555305859
-0.00284148960004
-0.00271120348499
-0.00154237535004
-0.00224611638756
-0.000607001859674
-0.00145406352031
-0.00400525602667
-0.00286407436228
-0.00470414130515
-0.00156374653462
-0.0022687621392
-0.000628064784258
-0.00150030206518
-0.00405472706299
-0.00288601368311
-0.00472246700509
-0.00158319883488
-0.00228937567277
-0.000679750930703
-0.00154428778071
-0.00410179565564
-0.00291034198546
-0.00473898195706
-0.00160072985028
-0.00230795413315
-0.000729331999006
-0.00158601303659
-0.00414645248481
-0.00293205426285
-0.00475368434879
-0.0056527774623
-0.00232449494249
-0.000776800432965
-0.00162547056281
-0.00418868866357
-0.00295689081795
-0.0047665725649
-0.00566645964232
-0.00233899580201
-0.000822148964425
-0.00166265345572
-0.00199735000326
-0.00299926970314
-0.00477764518778
-0.00567821474302
-0.000129527181156
-0.000865370618647
-0.00169755518402
-0.00203471999476
-0.00303905969008
-0.0047869009983
-0.00568804130595
-0.00013994236874
-0.000906458719509
-0.00173753605307
-0.00206964535664
-0.00307625169859
-0.00479433897655
-0.00569593811081
-0.000148312399533
-0.000945406894512
-0.00178137859619
-0.00210211901577
-0.00311083720293
-0.00479995830239
-0.00570190417619
-0.000154636105017
-0.000982209079596
-0.00349188682143
-0.00213213437103
-0.00314280824135
-0.00480375835586
-0.00570593876019
-0.00421183100611
-0.0010200006914
-0.00353117279967
-0.00215968529993
-0.00317215742509
-0.00480573871756
-0.00570804136088
-0.0042432655321
-0.00105683267544
-0.00134294920107
-0.00218476616477
-0.00319887794682
-0.00480589916889
-0.00348611470348
-0.00430617968067
-0.00109150906576
-0.00137765078426
-0.00220737181832
-0.00322296358838
-0.00480423969212
-0.00353580248695
-0.00436712884392
-0.0011240244051
-0.00141005068597
-0.00222749760907
-0.00325950694831
-0.00481601898742
-0.00359130301219
-0.00442610480558
-0.00115437355956
-0.00144014310273
-0.00224513938598
-0.00332248903278
-0.00674884684884
-0.0084411081472
-0.00799576492311
-0.00639486407526
-0.00577612548587
-0.00517994207782
-0.00680295854272
-0.00908357275649
-0.00751476457172
-0.00692534898664
-0.00830198136921
-0.00778756745223
-0.00556529234108
-0.00505934428353
-0.00596009670633
-0.00571913801493
-0.0023555888389
-0.00649335100893
-0.00663776665732
-0.00657784130897
-0.00680586484994
-0.00735919937953
-0.00901406213439
-0.00521619275632
-0.00693826464811
-0.00633437326316
-0.00802272684066
-0.00733574438281
-0.00649668529822
-0.00815104313182
-0.0075806281344
-0.00897558845644
-0.00518339559108
-0.00627198599768
-0.00586502029973
-0.00679846018046
-0.00319427317125
-0.00374935428304
-0.00736322055227
-0.0075105504933
-0.00744941319905
-0.00477313453542
-0.00801444028508
-0.00630864973615
-0.00581473053611
-0.00744897943551
-0.00685929843875
-0.00529534034798
-0.00464483785541
-0.00936854277778
-0.00875150510931
-0.0103003269899
-0.00641843879824
-0.00583679434423
-0.00695637709431
-0.00665165542957
-0.00429270971244
-0.00401142738134
-0.00832875275647
-0.00819787542685
-0.00536253612603
-0.00530018930347
-0.00528165866179
-0.00755273113147
-0.00690390995041
-0.00641142658614
-0.00805662819343
-0.00417720479727
-0.0058097145575
-0.00519937518374
-0.00991402120789
-0.00931488468462
-0.00774152987419
-0.00701658395563
-0.00829722210773
-0.00768761405604
-0.00409243686838
-0.00505895018904
-0.00479139720271
-0.00911922784412
-0.00600961928449
-0.00616274622737
-0.00615803460709
-0.0062833592021
-0.00815036824406
-0.00751672902726
-0.00919994529174
-0.00536850467834
-0.00477796631012
-0.0064077909131
-0.00886158169544
-0.0073232593535
-0.00670010412247
-0.00828341433439
-0.00757480599416
-0.00889788956195
-0.00516638888504
-0.00632886690977
-0.00578615620149
-0.00657627391906
-0.00691515937814
-0.00676742310943
-0.0069234001597
-0.00712584986501
-0.00438504130026
-0.00871795195251
-0.00809900837906
-0.00646490897312
-0.00591670627515
-0.00756717004699
-0.00697132908812
-0.00848579583174
-0.00790752350578
-0.00724122145444
-0.00878482889452
-0.00497787588922
-0.0064177648869
-0.005819150804
-0.00699930018962
-0.00647229690996
-0.00418875123606
-0.00762459692271
-0.0080053905614
-0.00770351405302
-0.00519132931976
-0.00532269793652
-0.00925466295853
-0.00537929679106
-0.00703464570467
-0.00649763033633
-0.00809994153052
-0.00423540633129
-0.00903050820969
-0.00846824445924
-0.0100521684134
-0.00618407031549
-0.0054900368877
-0.00701022663819
-0.00642996491798
-0.00762715065467
-0.00402848293904
-0.00484453955571
-0.00829019834586
-0.00867741121028
-0.00572516719345
-0.00609033987489
-0.00622477210768
-0.00654708651929
-0.00591624990067
-0.00762416582144
-0.007050411734
-0.00537781392079
-0.00472666790923
-0.00953770264044
-0.00900674181301
-0.00748952510212
-0.00672499088673
-0.00820552716478
-0.00755981830397
-0.00604307036857
-0.00522404697122
-0.00462635469722
-0.0093210764082
-0.00890973337931
-0.00653030084436
-0.00657779917398
-0.00695120446598
-0.00708870804683
-0.00708530928937
-0.00869463433123
-0.00819699468097
-0.00655245483377
-0.00591116083656
-0.00518025372445
-0.0100089028549
-0.00640669824955
-0.00800506938402
-0.00723371810061
-0.00869350422469
-0.00516454358261
-0.00656465367392
-0.0057609955499
-0.006802792303
-0.00988337831998
-0.0066449289606
-0.00732928686013
-0.00738966197717
-0.00777126061821
-0.00517232337589
-0.00759130895851
-0.00595767448319
-0.0054744956221
-0.00710745862579
-0.00640831656143
-0.0110167468171
-0.00735874349797
-0.00686539524172
-0.00847909750087
-0.00772268441286
-0.00626657680802
-0.00562361357126
-0.00703904695392
-0.00624971100196
-0.00458507869693
-0.00762259359904
-0.00832039941826
-0.00808496780515
-0.00815804314698
-0.00580823609823
-0.00595182439189
-0.00483537540368
-0.00644770679543
-0.00597949012677
-0.00762735457024
-0.00693527938329
-0.0084022433028
-0.00785918270144
-0.00951466472827
-0.00891036343751
-0.00529771412265
-0.00670805083512
-0.00603516876605
-0.00746463235779
-0.00396916562858
-0.00503560908583
-0.00808312269403
-0.00901386556796
-0.00879465589442
-0.00673131694268
-0.00653827079898
-0.00668482537545
-0.00754627768151
-0.00690324205553
-0.0064491705641
-0.00489744440859
-0.00421488791616
-0.00887214053437
-0.00832968832873
-0.00999662427088
-0.00642927627196
-0.00797220756023
-0.0071666783139
-0.00861223705445
-0.00520805520504
-0.00435625110783
-0.00543333455608
-0.00855501782672
-0.00702268514379
-0.00675179165092
-0.00740430181138
-0.007218942354
-0.00736837498742
-0.00809367496883
-0.00732346545238
-0.00589670541113
-0.00534416467437
-0.00467466590306
-0.00934459056995
-0.00875941432906
-0.00757229386617
-0.00688855485162
-0.00837099706848
-0.00757851356335
-0.00637382066471
-0.005531607055
-0.00681008911275
-0.00958793908152
-0.00649547873673
-0.00761723955133
-0.00736129313051
-0.00802529808843
-0.00531940385409
-0.00547159577725
-0.00869832200634
-0.00471543794322
-0.00629313751744
-0.00575289534648
-0.00732291787666
-0.00690884701502
-0.00627834471553
-0.00797385458673
-0.00730360059156
-0.00872298547847
-0.00534218421964
-0.00670460792572
-0.0058248524688
-0.00714908997876
-0.00747331570543
-0.00870118489436
-0.00815850729949
-0.00907406094971
-0.00610074459396
-0.00589251632183
-0.00604731551901
-0.00606727104291
-0.00534232482715
-0.0067233317982
-0.00613752207909
-0.00808619373681
-0.00730073400651
-0.00885640674219
-0.00833125901718
-0.00729500980082
-0.00649619027269
-0.0056565384132
-0.00702799053156
-0.00610134515177
-0.0050284876452
-0.00784801337203
-0.00917146886327
-0.00864402537108
-0.00715155706346
-0.00660929185329
-0.00703536217484
-0.00656473118385
-0.00664550100618
-0.00593606305807
-0.00733207413187
-0.00358805301614
-0.0086161004326
-0.00784003840545
-0.00915770377966
-0.00603253772156
-0.0076180731291
-0.00682973492182
-0.00814857850779
-0.00732950545388
-0.00394526215789
-0.00533645825616
-0.00821225328298
-0.00958514994439
-0.00665043797694
-0.00759073825164
-0.00705756716191
-0.00748948891346
-0.00461081333964
-0.00719011986743
-0.00872367747139
-0.00484772022977
-0.00406452659396
-0.00910739269141
-0.0083457783451
-0.00705791898582
-0.00629871044978
-0.00789359161301
-0.00711431661307
-0.00599463937176
-0.00521420963797
-0.00653044690307
-0.00563312608806
-0.0106936359924
-0.00760797029806
-0.00701760749938
-0.00796824716603
-0.00744309049699
-0.00551005596948
-0.00500344100204
-0.00770015568161
-0.00619487048784
-0.0053857997473
-0.00673534030987
-0.00955894494299
-0.00842016375192
-0.00753596219398
-0.00651802419145
-0.00812069049165
-0.00492750792266
-0.006336900887
-0.00547878824004
-0.00676352321555
-0.00963678699143
-0.00867907423529
-0.00790271791935
-0.00909226492062
-0.00828197186651
-0.00539349969561
-0.00583497312597
-0.00533000890571
-0.00512158973161
-0.00668286156867
-0.00588689601738
-0.00719004112317
-0.00734573552028
-0.00884343836538
-0.00797124977949
-0.00917021032495
-0.00601250138727
-0.00527236454776
-0.00668531906687
-0.00580021830764
-0.00471339641028
-0.00769939257368
-0.00902627215788
-0.00825630939446
-0.00944121961783
-0.00632799305013
-0.00702633081328
-0.00615245589822
-0.00563079770028
-0.00555966068985
-0.00713359326848
-0.0063499513604
-0.00847625007712
-0.00771465077818
-0.00922379754699
-0.00836259150676
-0.00712634027967
-0.00640093078237
-0.00780933559282
-0.0069904439816
-0.00370497006329
-0.00501432229715
-0.00801208322014
-0.00931422898788
-0.00855588454471
-0.00754067785843
-0.00664731321013
-0.00735268323473
-0.00648327265361
-0.00458157480014
-0.0081939537515
-0.0047207406978
-0.0061819063123
-0.00891122143473
-0.00804080653974
-0.00956021978225
-0.00626340181021
-0.00752016258342
-0.00674147817825
-0.00816118182474
-0.00490934261462
-0.00626777828425
-0.00536805279998
-0.0105670940748
-0.00737699423384
-0.00658172774544
-0.00778581001938
-0.00689977058087
-0.00761080257173
-0.00469542135638
-0.00484454597611
-0.00107434766701
-0.00190118266607
0.000140578478585
-0.0039616210519
-0.00175914755488
-0.000837464802958
-0.000893666842548
-0.00109851822663
-0.0019257627903
0.000117761452244
-0.00398472176193
0.000559110485142
-0.00084764132275
-0.000903852294619
-0.00112136924217
-0.00194900128663
9.63068361241e-05
-0.0040064433061
0.000537211759532
-0.000856414910689
-0.000912633585717
-0.00114289937829
-0.00197089675092
7.62159657832e-05
-0.00402678429855
0.000516704737786
-0.00086378499044
-0.000920010137987
-0.00116310737518
-0.00199144785836
5.74900934704e-05
-0.00177183089826
0.000497590751341
-0.000882391655403
-0.000945337251117
-0.00118199204892
-0.00201065336392
4.01303877358e-05
-0.00178940697571
0.000479871042716
-0.00336759114993
-0.000977820766991
-0.00119955229188
-0.00202851210269
2.41379330686e-05
-0.00180559886388
0.000463546765113
-0.00338978751343
-0.00100891289079
-0.00121578707298
-0.00204502299023
0.00236729140331
-0.00182040552489
0.000448618982049
-0.00341058499694
-0.00103861159134
-0.001230695438
-0.00206018502293
-0.000696995945875
-0.0018338260087
0.000435088667004
-0.00342998223599
-0.00106691492481
-0.00124427650989
-0.00207399727827
-0.000708880985921
-0.0018458594535
0.000422956703105
-0.00344797795639
-0.00494946855454
-0.00125652948902
0.000220663192443
-0.000719395283914
-0.00185650508593
0.000412223882846
-0.00346457097463
-0.00497497567477
-0.00126745365339
0.000209552933498
-0.000729155465662
-0.00187106186828
0.000392834533497
-0.00347976019827
-0.00499908212656
-0.00127704835887
0.000199794730075
-0.000749273440592
-0.0018914328049
0.000372295093486
-0.00350089505552
-0.00502178632142
0.0010054541125
0.000191389177676
-0.000768023678127
-0.00191041894886
0.000353151804075
-0.00352215319399
-0.00281166581197
0.000998519944877
0.000184336789541
-0.000785405003481
-0.00192801908058
0.000335405915279
-0.00354200893476
-0.00283156108881
0.000992916699629
0.000178637996481
-0.000801416326432
-0.00194423206825
0.000319058587201
-0.0035604609692
-0.00285004988643
0.000988644707799
0.000174293146758
-0.000816056641667
-0.00195905686817
0.000304110889652
-0.00134853092106
-0.00286713097997
0.000985704221851
0.000171302505969
-0.000829325029095
-0.00197249252507
0.000290563801802
-0.00136417198158
-0.0028828032366
0.000978324593711
0.000161345135871
-0.000841220654133
-0.00198453817247
0.000278418211862
-0.00137840595779
-0.00289706561582
0.000971775407126
0.000148514156048
-0.000851742767969
-0.00199519303288
0.000267674916793
-0.00139123190757
-0.00290991716986
0.00096241479225
0.000137035889131
-0.000860890707798
-0.00200445641813
-0.00110062147651
-0.00140264898125
-0.00292135704399
-0.00536454057606
-0.00639441871809
-0.00535408597272
-0.00647072494651
-0.00315868502455
-0.00266869242273
-0.0039205592347
-0.0053938102094
-0.00644369906532
-0.00540550797337
-0.0065241710217
-0.00322293149418
-0.00273539980468
-0.0039893611049
-0.00542573283324
-0.00649132823958
-0.00545521107618
-0.00657583466598
-0.00328535774997
-0.00280022404588
-0.00405622688135
-0.00545734877155
-0.00653730178855
-0.00550319023321
-0.00662571022305
-0.00334595655708
-0.00286315707405
-0.00412114773262
-0.00548735853798
-0.00658161539947
-0.0055494405528
-0.00667379220967
-0.00562376173384
-0.0029241910082
-0.00418411503268
-0.00552442880659
-0.00439227491393
-0.00559395730204
-0.00672007531851
-0.00568068464318
-0.0029833181633
-0.00424512036627
-0.0055635797976
-0.00443325627853
-0.0056367359091
-0.00676455442103
-0.00629334787852
-0.00304053105481
-0.00430415553419
-0.00560113095513
-0.00447256562355
-0.00567777196547
-0.00680722457018
-0.00634656810158
-0.00309582240316
-0.00436121255847
-0.0056370790179
-0.00451019921358
-0.00571706122822
-0.0068480810031
-0.00639792740433
-0.00314918513819
-0.00441628368748
-0.00567142085556
-0.00454615346198
-0.0057545996221
-0.00688711914371
-0.00644741965917
-0.00320061240338
-0.00224091230219
-0.00570415346999
-0.00458042493263
-0.00579038324163
-0.00469733185038
-0.00649503893575
-0.00770183949025
-0.00229198931606
-0.00350279273677
-0.00461301034146
-0.00582440835306
-0.00473272043754
-0.00654077950444
-0.00774937612201
-0.00234105858732
-0.00353270156397
-0.00464390655806
-0.00585667139629
-0.00476627814925
-0.00658463583963
-0.00779495803819
-0.00238811331861
-0.00357290435406
-0.00467311060714
-0.00588716898675
-0.00479800118052
-0.00662660262294
-0.00783857927811
-0.00243314696281
-0.00361150176962
-0.00470061966992
-0.00591589791705
-0.00484204772678
-0.00666667474642
-0.0078802341148
-0.00247615322741
-0.00364849043195
-0.00473554157459
-0.00594285515872
-0.00571968165991
-0.00670484731549
-0.0079199170586
-0.00251712607876
-0.00368386709433
-0.00477257389991
-0.00597277339559
-0.00578334587865
-0.00674111565192
-0.00572440911564
-0.00703565188116
-0.00371762864333
-0.00480791765294
-0.00380744934728
-0.0058452271916
-0.00677547529661
-0.00576722456722
-0.00711904330985
-0.00374977210017
-0.0048415694204
-0.00386510088599
-0.00590531872425
-0.00682556718781
-0.00584319778963
-0.00720050964087
-0.00378029462204
-0.00487352594387
-0.00392102340426
-0.00596361376707
-0.00689675800779
-0.00591727956233
-0.00728003994778
-0.00380919350332
-0.00490378412132
-0.00397521110956
-0.00602010577902
-0.00696611337408
-0.00598946043036
-0.00736383237233
-0.00411978967348
-0.00345181585018
-0.00731130029274
-0.00586810960394
-0.00513463257419
-0.00438549398619
-0.00301775578259
-0.00408546902892
-0.00341591139378
-0.00727398957023
-0.00582929480219
-0.0050942078963
-0.00434334536802
-0.00297376083256
-0.00405031298934
-0.00337914091266
-0.00723577998603
-0.0057895461559
-0.0050528120948
-0.00430018590224
-0.00740980947747
-0.00401432238311
-0.00334150533909
-0.00719667258496
-0.00574886483968
-0.00501044649446
-0.00370839196325
-0.00736370991448
-0.00397749805716
-0.0078630948883
-0.00644548630231
-0.00570725205366
-0.00496711244858
-0.00366321533081
-0.00731656063264
-0.00393984087685
-0.00782401087839
-0.00640458649322
-0.00566470902332
-0.00492281133879
-0.00361703244304
-0.00726836340462
-0.00390135172587
-0.0077840644774
-0.00636279213831
-0.00562123699932
-0.00487754457486
-0.003569844894
-0.00721912003834
-0.00386203150613
-0.00774325669233
-0.00632010437302
-0.00557683725731
-0.00483131359443
-0.00352165430893
-0.0071688323767
-0.00382188113769
-0.00770158855027
-0.00627652435506
-0.00553151109774
-0.00478411986284
-0.00347246234402
-0.00711750229719
-0.00378090155862
-0.00765906109827
-0.00623205326427
-0.00548525984572
-0.00421396602038
-0.00342227068609
-0.00706513171159
-0.00373909372491
-0.00693406276261
-0.00618669230251
-0.00543808485078
-0.00416485129204
-0.00337108105236
-0.00701172256563
-0.00369645861036
-0.00688981991113
-0.00614044269342
-0.0053899874867
-0.00411477837235
-0.00781378576078
-0.00695727683862
-0.00365299720646
-0.00684472100941
-0.00609330568233
-0.00534096915131
-0.00406374883507
-0.00776060544719
-0.00690179654311
-0.00820535553479
-0.00679876718308
-0.00604528253605
-0.00529103126634
-0.00401176428049
-0.00770643248886
-0.00684528372454
-0.00816024459692
-0.00675195957708
-0.00599637454275
-0.00524017527713
-0.00395882633518
-0.00765126872166
-0.00678774046089
-0.00811431044924
-0.00670429935552
-0.00594658301175
-0.00518840265252
-0.00390493665176
-0.00759511601037
-0.00645411950368
-0.00741335499228
-0.00665578770156
-0.00589590927339
-0.00463722540784
-0.00385009690861
-0.00753797624841
-0.00639452171205
-0.00736577762556
-0.00660642581723
-0.00584435467882
-0.00458362401173
-0.00379430880969
-0.00747985135754
-0.00633389990074
-0.00731738028374
-0.00655621492331
-0.00579192059986
-0.00452911052541
-0.00373757408422
-0.0074207432875
-0.00627225627417
-0.00726816407895
-0.00650515625918
-0.00573860842881
-0.00447368650949
-0.00367989448645
-0.00736065401576
-0.00620959306742
-0.00721813014011
-0.00645325108267
-0.00568441957828
-0.00441735354701
-0.00815055517743
-0.00729958554718
-0.00614591254585
-0.00329288328886
-0.00644811904595
-0.00375482225021
-0.00566331170676
-0.00412994577214
-0.00591168113086
-0.00332828896329
-0.00326611291909
-0.00642090214543
-0.00372716774275
-0.00563523132736
-0.00409940305181
-0.0058806919235
-0.00329687399587
-0.0032386644503
-0.00639299602844
-0.00369881313286
-0.00560644026048
-0.00406814027764
-0.0058489723696
-0.00326471887651
-0.00321053830648
-0.00636440114042
-0.00366975888767
-0.00557693899499
-0.00403615799544
-0.00581652303909
-0.00323182419871
-0.00318173492173
-0.00633511793739
-0.00364000548539
-0.0055467280314
-0.00400345676303
-0.00578334451436
-0.00319819056901
-0.00315225474022
-0.00630514688594
-0.0036095534153
-0.00551580788174
-0.00397003715015
-0.00574943739027
-0.00316381860686
-0.00312209821613
-0.00627448846319
-0.00242972667796
-0.00548417906955
-0.00393589973845
-0.00473265928921
-0.00312870894461
-0.00309126581369
-0.00624314315673
-0.0023978787841
-0.00545184212985
-0.00390104512142
-0.00469729680049
-0.00309286222742
-0.00305975800704
-0.00621111146461
-0.00236533375618
-0.00541879760908
-0.00386547390435
-0.00466120757114
-0.00305627911323
-0.00302757528028
-0.00617839389528
-0.0023320921273
-0.00538504606505
-0.00382918670426
-0.00462439224525
-0.00301896027269
-0.0029947181274
-0.00614499096757
-0.00229815444141
-0.0053505880669
-0.00379218414988
-0.00458685147912
-0.00298090638909
-0.00296118705224
-0.00611090321062
-0.00226352125326
-0.00531542419506
-0.00375446688156
-0.00454858594114
-0.0029421181583
-0.00292698256845
-0.00496787406389
-0.00222819312835
-0.00527955504119
-0.00273389256637
-0.00450959631178
-0.0075944029106
-0.00289210519947
-0.00493241827703
-0.00219217064291
-0.00524298120813
-0.00740513900133
-0.00446988328351
-0.00755414812314
-0.00285655547847
-0.00489627930995
-0.00215545438384
-0.00520570330986
-0.0073666116518
-0.00442944756071
-0.00751316115104
-0.00282033394833
-0.00485945773268
-0.00690067694196
-0.00516772197146
-0.00732807838741
-0.00438828985968
-0.00747144273991
-0.00278344116158
-0.0048219541254
-0.00686257493876
-0.00512903782902
-0.00728883245568
-0.00434641090852
-0.0074289936476
-0.00750947902816
-0.00478376907833
-0.00682378098616
-0.00508965152963
-0.00724887453198
-0.00430381144707
-0.00738581464418
-0.00639312219744
-0.00474490319173
-0.00678429571327
-0.00409286075388
-0.00589487656006
-0.00426049222689
-0.00734190651185
-0.00635421905199
-0.00470535707584
-0.0067441197596
-0.00405207212551
-0.00585349672391
-0.00421645401114
-0.00651497863996
-0.0063146469558
-0.00466513135082
-0.00670325377507
-0.00401058334679
-0.00581140698987
-0.00417169757456
-0.00646961464457
