-0.00303487071322
-0.00620717188656
-0.0033549953223
-0.00266865716406
-0.00225823044022
-0.00638118837401
-0.00372829080214
-0.00311107655827
-0.00628302095257
-0.00343031961079
-0.00280624661862
-0.00239580614647
-0.00651843672642
-0.00386490485456
-0.00318634090371
-0.00635793233418
-0.00350471184178
-0.00294304970947
-0.00253259552609
-0.0044233073263
-0.00400073520484
-0.0032606613703
-0.00643190368401
-0.00357816971426
-0.0030790628603
-0.00266859500366
-0.00455898124425
-0.00413577833939
-0.00333403560078
-0.00427923004796
-0.00367323633634
-0.00321428249392
-0.00280380100288
-0.00469386261274
-0.00427003074413
-0.00340646126021
-0.00435131437948
-0.00380736210206
-0.00334870503257
-0.00293820994688
-0.00482794787625
-0.00440348890481
-0.00347793603627
-0.00442245176899
-0.00394068808522
-0.00348232689822
-0.00307181825855
-0.00496123347918
-0.00453614930728
-0.00354845763965
-0.00449263995814
-0.00407321072766
-0.00361514451292
-0.000969386714458
-0.00509371586607
-0.00466800843783
-0.00361802380433
-0.00537219347552
-0.00420492647175
-0.00374715429905
-0.00110138303067
-0.00522539148199
-0.0047990627835
-0.00368663228798
-0.00544047658165
-0.00433583176064
-0.00387835267976
-0.00123256798485
-0.00535625677285
-0.00492930883239
-0.00153235289415
-0.00550780385227
-0.00446592303865
-0.00400873607918
-0.00136293800207
-0.00560677941734
-0.00505874307397
-0.001599039385
-0.00557417312338
-0.00459519675156
-0.00413830092282
-0.00149248950877
-0.00573601340073
-0.00518736199946
-0.00166476161306
-0.00563958225534
-0.00472364934698
-0.00203476680336
-0.00162121893312
-0.00586442640504
-0.00531516210208
-0.00172951743393
-0.00570402913326
-0.00485127727463
-0.00216268381916
-0.0017491227053
-0.00599201488279
-0.00544213987746
-0.00179330472854
-0.00576751166726
-0.00497807698677
-0.00228977156732
-0.00187619725793
-0.00611877528903
-0.00556829182393
-0.00185612140343
-0.00583002779283
-0.00510404493847
-0.00241602648224
-0.00646542062293
-0.00624470408167
-0.00346223819727
-0.00191796539111
-0.00589157547111
-0.00522917758801
-0.00254144500143
-0.00659082604558
-0.00636979772179
-0.00358672799351
-0.00197883465036
-0.00595215268923
-0.00312792429959
-0.00266602356582
-0.00671539156438
-0.00649405267409
-0.00371038147559
-0.00203872716653
-0.00601175746059
-0.00325137573417
-0.00278975862019
-0.00683911362505
-0.00661746540713
-0.00383319515618
-0.00293695630674
-0.00607038782521
-0.00337398126416
-0.00291264661348
-0.00696198867751
-0.00674003239379
-0.00395516555239
-0.00303731153168
-0.0062040361248
-0.00349573736418
-0.00303468399921
-0.00708401317624
-0.00462650794597
-0.00407628918619
-0.00568523271086
-0.00767206898365
-0.00310359387724
-0.00544947314779
-0.00732245610594
-0.00480433804906
-0.00441938077755
-0.00580136114447
-0.0077910285287
-0.00324165434282
-0.00559120837814
-0.00746769857817
-0.00272941997699
-0.00457085395279
-0.00591657181131
-0.00790905601455
-0.00337882245323
-0.00573204065268
-0.00761202894702
-0.00287701327885
-0.004721401185
-0.00574961079704
-0.00802614737989
-0.00351509358142
-0.00587196503519
-0.00775544197477
-0.00302368129798
-0.00487101668763
-0.00586297450983
-0.00592036780021
-0.00365046309883
-0.0060109765856
-0.00789793241723
-0.00316941850121
-0.00501969466204
-0.00597540905505
-0.00603557477657
-0.00378492637597
-0.0061490703605
-0.00803949502423
-0.0033142193467
-0.00516742929818
-0.00608691065295
-0.00614983350379
-0.00391847878292
-0.00628624141371
-0.00595819469957
-0.00345807828454
-0.00531421477521
-0.00619747553488
-0.00626313995924
-0.00405111568981
-0.00642248479687
-0.00609788586453
-0.00360098975743
-0.00546004526218
-0.00630709994379
-0.00637549013129
-0.00418283246745
-0.00655779555998
-0.00623663341403
-0.0037429482013
-0.00560491491866
-0.00419385029398
-0.00648688001991
-0.0043136244878
-0.00669216875201
-0.00637443208025
-0.00388394804594
-0.00574881789547
-0.00430158253456
-0.0065973056372
-0.00444348712456
-0.0068255994215
-0.00651127659253
-0.00402398371572
-0.00590251455831
-0.00440836310554
-0.00670676300794
-0.0045724157537
-0.00695808261717
-0.006647161678
-0.00416304963027
-0.00606305319893
-0.00451418830133
-0.0068152481702
-0.00470040575409
-0.00458643437477
-0.00678208206222
-0.00430114020515
-0.00622268617971
-0.00461905443044
-0.00692275717587
-0.00482745250801
-0.00471700777267
-0.00691603246991
-0.00443824985258
-0.00638140737116
-0.0047323259216
-0.00702928609125
-0.00495355140179
-0.0048466188501
-0.00704900762557
-0.00457437298217
-0.00430983951571
-0.00487164034288
-0.00713483099761
-0.00507869782637
-0.00497526266273
-0.00718100225422
-0.00470950400165
-0.00446671866079
-0.00501009150567
-0.00723938799182
-0.00520288717791
-0.00510293426954
-0.00731201108208
-0.00484363731762
-0.00462266751066
-0.00514767501784
-0.00734295318688
-0.00310418594897
-0.00522962873356
-0.0074420288373
-0.00497676733631
-0.00477767985954
-0.00528438648521
-0.00744552271253
-0.00322644736685
-0.00535534112248
-0.00757105025067
-0.00510888846439
-0.0049317494841
-0.005420221512
-0.00754709271587
-0.00334773793763
-0.00548006650938
-0.00769907005639
-0.00301689459651
-0.00508487014409
-0.00555517570132
-0.00764765936191
-0.00346805308453
-0.00560379997338
-0.00782608299278
-0.00314698116897
-0.005237035583
-0.00825560765538
-0.00786642437569
-0.00714485785309
-0.00679690570176
-0.00638276801968
-0.00812413959586
-0.00512799245692
-0.00671313726711
-0.00613436565173
-0.0079494662436
-0.00746340702716
-0.00671429380075
-0.00608164866972
-0.00544296064859
-0.00729486146424
-0.00685436199396
-0.00614165354865
-0.00551864197444
-0.00723311273978
-0.00656782992893
-0.00321130256369
-0.00572840281362
-0.0053459525443
-0.00712544960156
-0.00671579655168
-0.00852635318303
-0.00559995211205
-0.00504152369022
-0.00662489776211
-0.00599804138593
-0.00780979807297
-0.00492031705894
-0.00664016561569
-0.00609386103855
-0.00767739393214
-0.00473965392778
-0.00429482319875
-0.00597784741856
-0.00533702458448
-0.00702755282843
-0.00397286121511
-0.0054598123838
-0.00575604255973
-0.00537417315411
-0.00715425419633
-0.00670215036782
-0.00600764059659
-0.00548749504387
-0.0071490472719
-0.00650772999232
-0.00585315805247
-0.00524089352761
-0.00485937421885
-0.00662019827116
-0.00607340803788
-0.00525639863036
-0.00455066731055
-0.00632252308542
-0.00577837091711
-0.0051323576831
-0.00438457196811
-0.00372317521823
-0.00520350077591
-0.00575857996932
-0.00537676390721
-0.00715689858075
-0.00422054333882
-0.00596870091926
-0.00542078430179
-0.00701714358188
-0.00396136568986
-0.0057145103183
-0.00522757635791
-0.00480880513464
-0.00656836827941
-0.00362025762323
-0.00520206171079
-0.0044632254183
-0.0099207767029
-0.00932545658503
-0.00627331429316
-0.00788664405489
-0.00713584052764
-0.00860860965005
-0.00573601291063
-0.00758076533628
-0.00468578824748
-0.00417356977392
-0.0059025268164
-0.00535324042823
-0.00454741901935
-0.00391213848234
-0.00950635165166
-0.00901964950377
-0.010731031636
-0.00786657509405
-0.00731649782089
-0.00889629327973
-0.00827139744283
-0.00758833901134
-0.00698652586694
-0.00850204918394
-0.00768306736139
-0.00681100306429
-0.00596870807306
-0.00323651675228
-0.00885923736393
-0.00841595831354
-0.0101253919547
-0.00958973960176
-0.00663904213811
-0.00823212802409
-0.00767480039959
-0.00948666314209
-0.00899950051039
-0.00825157105633
-0.00775127257602
-0.0071984075156
-0.00877544202676
-0.0059030724942
-0.00762092425289
-0.00701995600032
-0.00853631032031
-0.00771813547354
-0.00660108313673
-0.00559791536772
-0.00694278754983
-0.00878501460216
-0.00834020293641
-0.0100481027789
-0.00706925637347
-0.0087380678793
-0.00810676475995
-0.00762664493219
-0.00703729721223
-0.00654898252304
-0.00819996675926
-0.00760444452549
-0.00926997009004
-0.00631527733534
-0.00590063244203
-0.00761841881538
-0.00701738556849
-0.00853367596019
-0.00531537558729
-0.00659832733637
-0.00550715573592
-0.00684510463537
-0.00868528709397
-0.00823842036541
-0.00754420363126
-0.00695461798947
-0.0085876620568
-0.00795335644633
-0.00514955512974
-0.00695843555217
-0.00646828135948
-0.0081174322226
-0.00745628665348
-0.00668748079845
-0.00627964362007
-0.00808595446649
-0.00758082681068
-0.00697881901147
-0.00609408883605
-0.00527491971561
-0.00655698155694
-0.00546497532804
-0.00898189183403
-0.00616008122759
-0.00571064243312
-0.00741391256761
-0.00682176555648
-0.0084099040925
-0.00538741914781
-0.00726566863505
-0.00685010793022
-0.00635743334848
-0.0080040726633
-0.00494038290554
-0.00654575506699
-0.0062108035242
-0.008015228361
-0.00510814874104
-0.00672619717271
-0.00601774465156
-0.0051967811977
-0.00647712775472
-0.00300677592724
-0.006609281591
-0.00606096627178
-0.00555710435941
-0.00725729129961
-0.00666207602104
-0.00581087687884
-0.00525609316393
-0.00713118444498
-0.00671243984894
-0.00843849903665
-0.00545997163439
-0.00479319725658
-0.00644656868085
-0.0061088581378
-0.00551043432449
-0.00500062545808
-0.00661589947466
-0.00590471915323
-0.00730303526085
-0.003958861515
-0.00288619900478
-0.00661171449833
-0.00606344532436
-0.00766552040694
-0.00707448536788
-0.00407564246043
-0.00568657793744
-0.00525136065925
-0.00696817832517
-0.00414552773034
-0.00586773382469
-0.00528543085921
-0.00683678997882
-0.00631530565957
-0.00357389343502
-0.00537185976514
-0.00485837050509
-0.00646998870258
-0.00575521508173
-0.00474998069488
-0.00380253869357
-0.0049486795317
-0.00658912554722
-0.00604042802469
-0.00764207758161
-0.0045461180658
-0.00609522757646
-0.00573045185566
-0.00529621519632
-0.00460960844773
-0.00402876429897
-0.00566981242516
-0.00508060799984
-0.0066275391942
-0.00375208156712
-0.00562815629175
-0.0051996537627
-0.00468161317354
-0.00388864824737
-0.00695132770524
-0.00834184950789
-0.00739029371213
-0.00853258015397
-0.00654153358217
-0.00359187598763
-0.00519262977725
-0.00449584377887
-0.00612495721155
-0.00574680832862
-0.00513480159725
-0.00462669714736
-0.00406136585267
-0.00948502053581
-0.00881885957993
-0.00788298021532
-0.00733914266958
-0.00920986869924
-0.00877597160245
-0.00807439664968
-0.00745420142001
-0.00672972496769
-0.00811514230561
-0.00715871354709
-0.00594686323375
-0.0040689161973
-0.00351794779153
-0.00889922750209
-0.00820109744727
-0.00991106708751
-0.00712252424393
-0.00890526735958
-0.00839691159714
-0.0100684009677
-0.00708824469839
-0.00642215439381
-0.00788640544858
-0.00711289851335
-0.00897745219264
-0.00613726812823
-0.00782953147229
-0.00720315978739
-0.00647262096632
-0.0078521633879
-0.00450331562734
-0.00605403600122
-0.00775335011862
-0.00942246268549
-0.00879810064273
-0.00809816536248
-0.00748829287322
-0.0070993054867
-0.00886570203785
-0.00835647995612
-0.00764216601321
-0.00706149927685
-0.0086167661402
-0.00785853682914
-0.00700303290199
-0.00631306172177
-0.00586592019102
-0.00755115949061
-0.00691782450005
-0.00840238969128
-0.00516887017509
-0.0043323239571
-0.00612243625974
-0.00763106923608
-0.00929787832995
-0.00627116493311
-0.00779090078666
-0.00743867854752
-0.00704857927922
-0.00880985316334
-0.00588727613105
-0.00758663553237
-0.00700475342652
-0.0085588184864
-0.00779941070857
-0.00676462382732
-0.00601719482183
-0.00556225820027
-0.00723970667934
-0.00421675779269
-0.00569375715022
-0.00483481090262
-0.00658515428279
-0.0061519261794
-0.00748406661532
-0.00674805483544
-0.00611866061174
-0.00768797282244
-0.00736220711518
-0.00919233031894
-0.00632988871762
-0.00579219648044
-0.00750181030074
-0.00691807517373
-0.00847030811959
-0.00530903825201
-0.00667257322714
-0.0057112706768
-0.00522671696491
-0.00451664931877
-0.00386425360281
-0.00533298713083
-0.004690833739
-0.00657595947681
-0.00387766102044
-0.00491240241884
-0.00657323977709
-0.00594065803671
-0.00758700247393
-0.00725895209975
-0.0066867042608
-0.00622201293071
-0.00790393609185
-0.00738778734936
-0.00440150319028
-0.00595128039656
-0.00518766802842
-0.00654886629116
-0.0055853219646
-0.00470586965956
-0.00414047791363
-0.00347895985669
-0.00493876507077
-0.00464529964657
-0.00427086760974
-0.00382923019299
-0.0069382635634
-0.00637352037444
-0.0057373127418
-0.00745993010464
-0.00472894657861
-0.00655387180964
-0.00608627549363
-0.00776529673162
-0.0048446651214
-0.00425530554266
-0.00580201227843
-0.00503539062375
-0.00639366853711
-0.00305150060593
-0.00430801779539
-0.0037327429104
-0.00528629471521
-0.00256919982916
-0.00230510841711
-0.00418620161916
-0.00374194637545
-0.0067178938707
-0.00614906361926
-0.00533066586081
-0.0049068056788
-0.00457244580226
-0.00639389929859
-0.00592281731767
-0.00519848254475
-0.0046726679937
-0.00630154947557
-0.00562262238253
-0.00485240073312
-0.00383477397875
-0.00286166892138
-0.00400574622121
-0.00329401836336
-0.00264406426072
-0.00245439410451
-0.0083838221261
-0.00802700401798
-0.00757583167248
-0.00647339646312
-0.00349999243221
-0.00507834978315
-0.00472789923912
-0.00438953197867
-0.00620694469488
-0.00333193198259
-0.00500342255969
-0.00447195749517
-0.00609652120074
-0.00304454379434
-0.00834687644119
-0.00746839733028
-0.00648772500405
-0.00762813081376
-0.00454888425962
-0.00646750224367
-0.00627043994606
-0.00822916827003
-0.00786750593077
-0.00780730593832
-0.00516731918122
-0.00462966755748
-0.00414251185082
-0.00590125176842
-0.00504808053813
-0.0043244266946
-0.00790990829079
-0.00529372845757
-0.00475563969887
-0.00426784330383
-0.00602574829015
-0.00517321990466
-0.00444841236451
-0.00803258156477
-0.00541943538929
-0.0048809108899
-0.00439247586946
-0.00614954864748
-0.00529767009245
-0.00457171259134
-0.00593264575571
-0.00554443746021
-0.00500547863681
-0.00451640708662
-0.00627265042158
-0.00542142871339
-0.00469432504369
-0.00605395455211
-0.00566873215633
-0.00512934044808
-0.00241316632093
-0.00639505119616
-0.00554449338169
-0.00481624739266
-0.00617457771093
-0.00579231696598
-0.00525249383463
-0.0025356874675
-0.00651674855759
-0.00566686171404
-0.00493747731204
-0.00629451297006
-0.00591518938009
-0.00537493631
-0.00265749989727
-0.00663774009516
-0.00578853132978
-0.00505801247843
-0.00641375807044
-0.00603734689225
-0.00549666539055
-0.00277860115969
-0.00675802340117
-0.00590949985107
-0.00295592259335
-0.00653231075618
-0.00615878699902
-0.00561767859561
-0.00289898880735
-0.00665099783818
-0.00602976490307
-0.00307506129578
-0.00665016877473
-0.00627950720004
-0.00350474666412
-0.00301866039608
-0.00677056102302
-0.00614932411411
-0.00319349829371
-0.00676732987705
-0.00639950499823
-0.00362432068911
-0.0031376134852
-0.00689036220646
-0.00626817511584
-0.00331123127676
-0.00688379181776
-0.00651877790002
-0.00374317141643
-0.00325584563768
-0.00700944925646
-0.00638631554345
-0.00342825793821
-0.00699955235532
-0.00663732341551
-0.00386129637927
-0.0033733544203
-0.00712781976182
-0.00428179549994
-0.00354457597516
-0.00711460925218
-0.00675513905866
-0.00397869311472
-0.00349013740388
-0.00724547131508
-0.00439850769979
-0.00366018308876
-0.00722896027494
-0.00687222234751
-0.00409535916403
-0.00360619216348
-0.00736240151271
-0.00451450225393
-0.00377507698431
-0.00734260319454
-0.00475308649487
-0.00421129207277
-0.00372151627853
-0.00747860795528
-0.00462977681338
-0.00388925537152
-0.00745553578641
-0.0048686976465
-0.00432648939102
-0.00383610733308
-0.00759408824767
-0.00474432903357
-0.00400271596458
-0.00757826108925
-0.00498356902435
-0.00444094867359
-0.00394996291597
-0.00548249941476
-0.00485815657455
-0.00411545648244
-0.0077106329618
-0.00509769816473
-0.00455466748022
-0.00406308062103
-0.00559652023951
-0.00497125710113
-0.00422747464892
-0.007842334576
-0.00521108260902
-0.00466764337575
-0.00411458214721
-0.00570980775637
-0.0050836282831
-0.00433876819292
-0.00797336347985
-0.00532371990387
-0.00477987393036
-0.00422621689909
-0.00582235958928
-0.00519526779538
-0.00444933484859
-0.00588179203789
-0.00756538444198
-0.00315418531157
-0.00580800671925
-0.0076506467939
-0.00363791749373
-0.00632666742685
-0.00767070161925
-0.00545937777978
-0.00327898121063
-0.00593526782406
-0.00778027647827
-0.00376979122374
-0.00646063134425
-0.00780657186932
-0.00557744089517
-0.00340305253628
-0.00606179615796
-0.00790916585442
-0.00390091781658
-0.00659384204166
-0.00794168358913
-0.00569477580686
-0.00352639665974
-0.00552590941236
-0.00580205495661
-0.00403129424393
-0.0067262963681
-0.00807603351403
-0.00581138005802
-0.00364901095504
-0.00565096391159
-0.00592945502121
-0.00416091747854
-0.00685799117299
-0.00820961837922
-0.00592725119616
-0.00377089279917
-0.00577527735177
-0.0060561060861
-0.00428978449448
-0.00698892330649
-0.00611599002737
-0.00604238677333
-0.00389203957233
-0.00589884697532
-0.00618200525814
-0.00441789226741
-0.00711908961969
-0.00624803497922
-0.0061567843463
-0.00401244865815
-0.00602167002757
-0.00630714964654
-0.00454523777477
-0.00724848696487
-0.00637930507839
-0.00627044147677
-0.00413211744383
-0.00614374375697
-0.00643153636318
-0.00467181799609
-0.00737711219584
-0.00650979706195
-0.00638335573159
-0.00425104332043
-0.00403360628206
-0.00655516252278
-0.00479762991319
-0.00750496216809
-0.00663950766814
-0.00649552468293
-0.00436922368302
-0.00415417312492
-0.00667802524316
-0.00492267051049
-0.00763203373915
-0.00676843363662
-0.00660694590851
-0.00448665593094
-0.00427398241151
-0.00680012164551
-0.00504693677523
-0.00553187887626
-0.0068965717088
-0.00671761699179
-0.004603337468
-0.00439303140517
-0.00692144885462
-0.00517042569773
-0.0044803275344
-0.00702391862808
-0.00682753552217
-0.00471926570267
-0.00451131737351
-0.00704200399911
-0.00529313427167
-0.00460504507126
-0.00715047114017
-0.00693669909523
-0.00260297891503
-0.00462883758872
-0.00716178421173
-0.00541505949438
-0.00472897166262
-0.00727622599336
-0.00704510531289
-0.00228534665994
-0.0047455893277
-0.00728078662954
-0.00553619836704
-0.00485210418018
-0.00740117993887
-0.00715275178367
-0.00239899948855
-0.0048615698724
-0.00739900839425
-0.00342344590867
-0.00497443949935
-0.00752532973107
-0.00725963612287
-0.00251188869999
-0.00497677651
-0.0075164466524
-0.00354300310177
-0.00509597449949
-0.00764867212785
-0.00736575595277
-0.0026240117295
-0.00509120653318
-0.00763309855569
-0.0036617649745
-0.00521670606424
-0.0077712038909
-0.00524648660857
-0.00273536601834
-0.00520485724033
-0.00774896126119
-0.00377972854636
-0.0053366310818
-0.00789292178602
-0.00535107031583
-0.00284594901404
-0.00531772593586
-0.00786403193161
-0.00389689084214
-0.00545574644522
-0.00801382258344
-0.00576222462504
-0.00957152089268
-0.00697727718104
-0.00426623875294
-0.00670479338024
-0.00795938288872
-0.00561658987103
-0.00558374603231
-0.00938934729095
-0.00679183595627
-0.00626482258229
-0.00651258791535
-0.00776369310506
-0.00541802777059
-0.00540449785267
-0.00920640628658
-0.00660563018294
-0.00607586694984
-0.00631963149082
-0.00756725833594
-0.00521872639797
-0.00522448555051
-0.00902270355439
-0.00641866571762
-0.00588615586285
-0.00612593024257
-0.00737008488895
-0.0072428357901
-0.00504371456156
-0.00883824473673
-0.00623094838069
-0.00569569528772
-0.00593149026315
-0.00717217902401
-0.00704207514905
-0.00486219029268
-0.00865303544318
-0.00604248395624
-0.0055044911514
-0.0057363176017
-0.00697354695335
-0.00684059440911
-0.00467991812172
-0.00846708125049
-0.00585327819193
-0.00531254934128
-0.00899544899576
-0.00677419484158
-0.00663839985885
-0.00449690339727
-0.00828038770238
-0.00779758075658
-0.00511987570512
-0.00879882894387
-0.00657412880569
-0.00643549773573
-0.00431315143856
-0.0080929603094
-0.00760690940924
-0.00492647605098
-0.00860149409663
-0.00637335491509
-0.00623189422619
-0.00812743418845
-0.00790480454883
-0.00741551374535
-0.00473235614716
-0.00840345032936
-0.00840111805205
-0.00602759546578
-0.00794222360041
-0.00543549406496
-0.0072233993658
-0.00453752172215
-0.00820470347389
-0.00819894647047
-0.00582260753927
-0.00775629155774
-0.00524589786731
-0.00703057183462
-0.00434197846462
-0.00800525931864
-0.00799608495784
-0.00561693648082
-0.00756964326054
-0.0071602844881
-0.00683703667888
-0.00414573202336
-0.00780512360865
-0.0077925393941
-0.0054105882741
-0.00738228387879
-0.00696926936029
-0.00664279938864
-0.00394878800732
-0.00760430204561
-0.00758831561208
-0.00520356885245
-0.00719421855223
-0.00677755274823
-0.00644786541694
-0.00375115198554
-0.00963288944572
-0.00738341939755
-0.00499588409907
-0.0070054523903
-0.00658513992736
-0.00625224017975
-0.00355282948723
-0.00943071310854
-0.00717785648941
-0.00478753984719
-0.00681599047199
-0.00639203613923
-0.00605592905596
-0.00335382600172
-0.0092278677639
-0.0069716325798
-0.00457854188022
-0.00865542815448
-0.00619824659148
-0.00585893738736
-0.00315414697854
-0.00902435894078
-0.00676475331422
-0.004368895932
-0.00846458983833
-0.00600377645772
-0.00566127047865
-0.00667362871296
-0.00882019212518
-0.00655722429172
-0.00415860768698
-0.00827307081948
-0.00580863087758
-0.00546293359743
-0.00869840497673
-0.00861537276022
-0.00634905106501
-0.00394768278042
-0.00808087605445
-0.00561281495662
-0.00526393197426
-0.00849673164005
-0.00840990624628
-0.00614023914069
-0.00373612679859
-0.0045469630873
-0.00238136802159
-0.00447056579864
-0.00631423640953
-0.0092211070726
-0.0042380365469
-0.00550943578855
-0.00437368937601
-0.002207999548
-0.00430003175745
-0.00614422527287
-0.00905212404871
-0.00407055964046
-0.00534390471441
-0.00419965124013
-0.00203386665344
-0.0041287226266
-0.00743471500219
-0.00888236629974
-0.00390230853762
-0.00517760037917
-0.00402485375527
-0.00185897441899
-0.00395664346325
-0.00726315891682
-0.00871183878963
-0.00373328811154
-0.00501052753847
-0.00384930197404
-0.00168332790267
-0.00528129522255
-0.00709083787475
-0.00854054646224
-0.00356350321659
-0.00484269093075
-0.00367300092585
-0.0015069321392
-0.00510769107957
-0.0069177568595
-0.00836849424105
-0.00339295868803
-0.00467409527695
-0.00349595561666
-0.00706044625278
-0.0049333319458
-0.00674392083308
-0.00819568702893
-0.00322165934183
-0.00450474528029
-0.0033181710288
-0.00688256700489
-0.00475822279104
-0.00656933473577
-0.00802212970793
-0.00304960997436
-0.00433464562598
-0.00313965212077
-0.00670395347206
-0.0045823685627
-0.00639400348587
-0.00784782713898
-0.00287681536217
-0.00416380098102
-0.00445904341058
-0.00652461059373
-0.00440577418554
-0.00621793197952
-0.00767278416174
-0.00270328026178
-0.0039922159939
-0.0042790706413
-0.00634454328501
-0.00422844456144
-0.00604112509042
-0.00749700559432
-0.00252900940942
-0.00381989529445
-0.00409837828234
-0.00616375643655
-0.00405038456927
-0.00586358766969
-0.0073204962331
-0.00662535925318
-0.00364684349356
-0.00391697119497
-0.00598225491433
-0.00387159906462
-0.00568532454567
-0.00714326085256
-0.00644963102351
-0.00519729251456
-0.00373485421573
-0.00580004355958
-0.00369209287969
-0.0055063405237
-0.00696530420505
-0.0062731811269
-0.00502279226673
-0.00355203215631
-0.00561712718852
-0.00351187082307
-0.00532664038596
-0.0067866310206
-0.0060960142165
-0.00484757463453
-0.00336850980338
-0.00543351059232
-0.00333093767957
-0.00514622889133
-0.0066072460068
-0.00760282761246
-0.00467164415113
-0.00318429191847
-0.00524919853693
-0.00314929821011
-0.00496511077518
-0.00642715384858
-0.00742424054865
-0.00449500532982
-0.00299938323784
-0.00506419576293
-0.00296695715153
-0.00478329074928
-0.00793105189637
-0.00724495030222
-0.00431766266377
-0.00281378847236
-0.00487850698545
-0.00278391921645
-0.00460077350157
-0.00774955941279
-0.00706496144028
-0.00413962062594
-0.00262751230742
-0.00469213689404
-0.00677333285999
-0.00441756369612
-0.00756737370224
-0.00688427850804
-0.00396088366887
-0.0024405594028
-0.0045050901526
-0.00658891521232
-0.00595517384259
-0.0073844993576
-0.00670290602867
-0.00378145622455
