-0.0022761340634
-0.000817634335198
-0.00119694568371
-0.00152412741193
0.000212821222864
-0.00316022624877
-1.35272945245e-05
-0.00232158808913
-0.000872790842141
-0.00125247137408
-0.00157987420299
0.00015700683359
-0.00321714653435
-7.02997280811e-05
-0.00236854996568
-0.000926899555824
-0.00130694273954
-0.00163456276202
0.000102251870207
-0.00327300980589
-0.000126017694621
-0.00242111844503
-0.000979958425527
-0.0013603576888
-0.00168819097318
4.85584560763e-05
-0.00332781390379
-0.000180679050937
0.00260578517112
-0.00103196543512
-0.00141271416578
0.000354576544331
-4.07132109237e-06
-0.00338155670364
0.00160618494462
0.0025553040981
-0.00108291860343
-0.00146401014992
0.000303075233801
-5.56354096301e-05
-0.00343423611669
0.00155364309801
0.00250586958544
-0.00113281598459
-0.00151424365664
0.000252640403807
-0.000106131794291
-0.00348585009016
0.00150216407972
0.00245748349165
-0.00118165566842
-0.00156341273763
0.000203274025707
-0.00015555849663
-0.00353639660769
0.00145174989068
0.00241014764004
-0.00122943578078
-0.00161151548126
0.000154978033805
-0.000203913575376
-0.00358587368966
0.00140240249529
0.0023638638185
-0.00127615448386
-0.00165855001293
0.000107754324986
-0.000251195126798
-0.00363427939361
0.00135412382106
0.00231863377906
-0.0013218099766
0.000390818805121
6.16047583546e-05
-0.000297401285068
-0.00190575102813
0.00130691575826
0.00227445923764
-0.00136640049498
0.000345926171323
1.65311548843e-05
-0.000342530222613
-0.00195200829902
0.00126078015954
0.00223134187372
-0.00140992431235
0.000302107147648
-2.74647029323e-05
-0.000386580150469
-0.00199718859097
0.00121571883963
0.00218928333002
-0.00145237973978
0.000259363457129
-7.03810714238e-05
-0.000429549318624
-0.00204129011369
0.00117173357491
0.00214828521219
-0.00149376512634
0.000217696784071
-0.000112216246076
-0.000471436016352
-0.00208431111579
0.00112882610317
0.00210834908855
-0.00153407885946
0.000177108773728
-0.000152968561861
-0.000512238572547
-0.00212624988517
0.00108699812317
0.00206947648974
0.000518990862261
0.000137601031982
-0.000192636393559
-0.000551955356049
-0.00216710474927
0.00104625129442
0.00203166890849
0.000480825118924
9.91751250394e-05
-0.000231218156076
0.00126164539292
-0.0022068740755
-0.00199080927704
0.00199492779929
0.000443735633749
6.18325791249e-05
-0.00026871230475
0.00122410488694
-0.00224555627144
-0.00202938898364
0.00195925457815
0.000407723862989
2.55748801845e-05
-0.000305117335657
-0.00197890900459
-0.00228314978524
-0.00206688279951
0.00192465062233
0.000372791223094
-9.59652640266e-06
-0.000340431785902
-0.00201426719555
-0.0023196531059
-0.0021032892255
-0.00139801549985
-0.00150889254539
-0.000109504578984
-0.00218282441746
-0.00192570338112
-0.000561779586515
-0.000387798265513
-0.00144814951843
-0.00156077631522
-0.000163118356786
-0.00223811583781
-0.00197704670287
-0.000614576540741
-0.00041962145431
-0.00149708558153
-0.00161142275896
-0.000215456129313
-0.00229209398705
-0.00202703079752
-0.00066597811213
-0.000449982069402
-0.00154482127941
-0.00166082921047
-0.000266514960157
-0.00234475565037
-0.00207565249163
-0.000715980855213
-0.000478877920303
-0.00159135425522
-0.00170899306147
-0.00259509954899
-0.00239609768124
-0.00212290868877
-0.00076458140739
-0.000506306918144
-0.00163668220551
-0.00175591176228
-0.00264359194028
-0.00244611700234
-0.00216879637049
-0.00081177649002
-0.000532267076416
-0.00168080288087
-0.00180158282238
-0.00269079696215
-0.00249481060639
-0.00107232183704
-0.000857562909489
-0.000556756511688
-0.00172371408639
-0.000446907709599
-0.00273671193505
-0.00254217555707
-0.00111546374902
-0.000901937558249
-0.000579773444274
-0.00176541368222
-0.000490076256785
-0.00278133424553
-0.00258820898985
-0.00115722856718
-0.000944897415844
-0.000601316198881
-0.00180589958411
-0.000531990053311
-0.00282466134697
-0.00263290811284
-0.00119761359403
-0.000986439549903
-0.000637710859941
-0.00184516976389
-0.000572646851753
-0.00286669076021
-0.0026762702076
-0.00123661621448
-0.00102656111712
-0.000678841864379
-0.00188322224997
-0.000612044466957
-0.00290742007435
-0.00271829262992
-0.00127423389668
-0.00106525936418
-0.00179574790388
-0.00192005512782
-0.000650180776609
-0.00294684694734
-0.00165510875925
-0.00131046419283
-0.00110253162872
-0.00183396034747
-0.000601584052929
-0.00308572437282
-0.00298496910665
-0.00169444420504
-0.00134530473995
-0.00113837534019
-0.00187070930973
-0.000635972201364
-0.00312133195857
-0.00302178434995
-0.00173243249907
-0.00137875326064
-0.00117278802072
-0.00190599212226
-0.000669135345048
-0.0031556722544
-0.00305729054568
-0.0017690713018
-0.00141080756379
-0.001205767286
-0.00193980621702
-0.000701071802307
-0.00318874339479
-0.0030914856337
-0.00180435835166
-0.00144293171582
-0.00123731084603
-0.00197214912723
-0.000731779950761
-0.00322054357971
-0.00312436762583
-0.00183829146575
-0.00147786089205
-0.00126741650597
-0.00200301848827
-0.000761258227729
-0.0032510710751
-0.00315593460648
-0.00187086854047
-0.00151139523806
-0.000499537335573
-0.00203241203852
-0.00078950513062
-0.00328032421334
-0.00211843830248
-0.00190208755221
-0.00154353254809
-0.000526760994963
-0.00206032762019
-0.000816519217314
-0.00330830139366
-0.00214736980624
-0.00193194655791
-0.00157427070396
-0.00257114657236
-0.00208676318008
-0.00545841653226
-0.00691249622979
-0.00720831185563
-0.00574415228237
-0.00694338047323
-0.00748956052637
-0.00849925117529
-0.0027959992932
-0.00373746142928
-0.00457437361578
-0.00530332356517
-0.00447634020418
-0.00498046211034
-0.00598508576782
-0.00717147952004
-0.00732257164516
-0.00698110397243
-0.00233831388513
-0.00372860443832
-0.00340170331654
-0.00350798430206
-0.00592742690527
-0.00738943856775
-0.00577446445084
-0.0070701151437
-0.00744274873799
-0.00799575116354
-0.00732990998439
-0.00343400077228
-0.00438317816294
-0.00522710786042
-0.00420736955338
-0.00514069511649
-0.00564927423514
-0.0066573701508
-0.00693002667357
-0.00639643728427
-0.00642796834343
-0.00301388650385
-0.00440229024531
-0.0027140037906
-0.00417477935203
-0.00447716461831
-0.00594679482462
-0.00623519350035
-0.00753805072737
-0.00791760081615
-0.00735096996525
-0.00793618875384
-0.00435187943049
-0.00500515537139
-0.00410103087039
-0.00484233139494
-0.00578093308242
-0.00629388308823
-0.00568476086573
-0.00595981070417
-0.00704819157781
-0.00245240978175
-0.0036651278614
-0.00206606207609
-0.00336050974701
-0.0048174100059
-0.00489913603165
-0.00637605382641
-0.00667157238826
-0.0079813301799
-0.00666525604396
-0.00792487387256
-0.00851853276294
-0.00494216954318
-0.003847888475
-0.00470540100246
-0.0054526729349
-0.00639643141832
-0.00528040958765
-0.0063078642059
-0.00658525539114
-0.00767495328279
-0.00307944456084
-0.00290437921034
-0.00269051048343
-0.00398213711113
-0.00352656719919
-0.00665359422649
-0.006780916743
-0.00531600955939
-0.00669839389156
-0.00720633228452
-0.00847454683691
-0.00443327837144
-0.00375943910273
-0.00442065723702
-0.00528470146713
-0.00603778857258
-0.00503685477601
-0.00587471454086
-0.00627624058775
-0.00718509132153
-0.00691558556833
-0.00226962988285
-0.00350501011355
-0.00328937483958
-0.00457825080317
-0.00287872297952
-0.00702713528446
-0.00541548959439
-0.00687468874825
-0.00720638630858
-0.00857352275768
-0.00899948146829
-0.00321782416204
-0.00429980029038
-0.00496796871533
-0.00583834853651
-0.0049574119863
-0.00560102285253
-0.00644292798157
-0.00684760931663
-0.00638199111734
-0.00653965080797
-0.00284472444394
-0.00407937005351
-0.00259473107818
-0.00390795765864
-0.00344510503504
-0.00565642573173
-0.00580592232999
-0.00734953029983
-0.00768975608758
-0.00737254522888
-0.00778979413153
-0.00434173832367
-0.00481438461735
-0.00548926549567
-0.0047261003127
-0.00549028633653
-0.00613861463999
-0.00698443362743
-0.0060043526486
-0.0069286979634
-0.0070875662098
-0.00339289047853
-0.00200933996332
-0.00314052394444
-0.00445116369249
-0.0039848386713
-0.00600083274501
-0.00624772347453
-0.00779965553444
-0.00645540392447
-0.00783882052796
-0.00826376996716
-0.00482307353457
-0.00366941941525
-0.00466080532475
-0.00522672695275
-0.00599616491086
-0.00664903639062
-0.00611081005433
-0.00652148767095
-0.0074479029983
-0.00286926739277
-0.0026232758444
-0.00252926601896
-0.0036588479712
-0.00331279896583
-0.00340217255192
-0.0064098666335
-0.00804731017321
-0.00655356233017
-0.00688821011743
-0.00827924123896
-0.0087115502135
-0.00365726611237
-0.00413088208693
-0.00512844786871
-0.00570001131133
-0.00647448153756
-0.00573822487037
-0.0062749591348
-0.00701059714793
-0.00793899831877
-0.00205320702545
-0.0031157208478
-0.00302105312253
-0.00414909806478
-0.00272314922486
-0.0040333831518
-0.00679419436731
-0.00679398610373
-0.00695304083624
-0.00843822263184
-0.00869337060651
-0.00287487786246
-0.00408508837107
-0.00456502939173
-0.00556848047735
-0.00475193630516
-0.00553120322274
-0.00619258216075
-0.00673276514163
-0.00747109607644
-0.0064662306917
-0.00251666793972
-0.00357940305482
-0.00350383211943
-0.00357721620812
-0.0033313179605
-0.00463837052894
-0.00550821241783
-0.0071604496407
-0.00732661958559
-0.00881880364828
-0.00755986186727
-0.00420348369098
-0.00448545501972
-0.00497138174573
-0.00459258912586
-0.00516895259449
-0.00595276491445
-0.00661808032192
-0.00716153355437
-0.00660756181381
-0.0068993511456
-0.00295080064976
-0.00304796651672
-0.00290746138352
-0.00278860645284
-0.00391249426146
-0.00521645518264
-0.00584212637528
-0.00750109482534
-0.00767393744641
-0.0076718550299
-0.0079201683976
-0.00457000373607
-0.00485792592598
-0.00460196702186
-0.00497592846235
-0.00587922101539
-0.00634517409734
-0.00571385764364
-0.0062603912357
-0.00700916463271
-0.00730266378406
-0.0034625828938
-0.00240667975301
-0.00346391768098
-0.00334410233553
-0.00446599718998
-0.00323830780686
-0.00781166764491
-0.00781559849009
-0.00649381605407
-0.00799868915428
-0.00825298320236
-0.00490861088643
-0.0038253946598
-0.00495137497138
-0.00533022873397
-0.00623799542183
-0.00540760694263
-0.00608009308479
-0.00662950602818
-0.00742423841586
-0.00302129157148
-0.00279175462302
-0.00293460078201
-0.00399192383407
-0.00387118272788
-0.00414025716823
-0.00377711192969
-0.00664450184351
-0.00662684714963
-0.00821999109155
-0.00829813046286
-0.0085579490092
-0.00385844145455
-0.00414084455229
-0.00527168135515
-0.00565506191055
-0.00527211310331
-0.00574028261327
-0.00641597715776
-0.00705538039854
-0.00642759831893
-0.00230760740611
-0.00258339234274
-0.00343340964272
-0.00449081434429
-0.00349982828048
-0.00465314087362
-0.00428727397342
-0.00690055828659
-0.00688817962625
-0.00848656061765
-0.00856986339463
-0.00405489496228
-0.00414012156421
-0.00537799221073
-0.00556250227978
-0.00465517125027
-0.00557087303149
-0.00606585209291
-0.00685161986746
-0.00635327072783
-0.00689095873799
-0.00277374786232
-0.00305143998629
-0.00301451333343
-0.00302931755134
-0.00398499353543
-0.00513661887782
-0.00476814884147
-0.00713014578766
-0.00712252647401
-0.00742863911701
-0.0074948110883
-0.00430319043444
-0.00439284026062
-0.00563495418232
-0.00453938786442
-0.00557096548932
-0.00590503015701
-0.00648676331433
-0.00611546950561
-0.0067831260952
-0.00732423016173
-0.00320965356215
-0.00259219460823
-0.00345469114551
-0.00348506486676
-0.00444003511506
-0.00420170720332
-0.00462179478142
-0.00733304293361
-0.00603265818728
-0.00763996565207
-0.00771028203698
-0.00452271849105
-0.00334785731947
-0.00459374782092
-0.00477385218441
-0.00591285045671
-0.00629094295501
-0.00604855140588
-0.00651096267005
-0.00718251378206
-0.00772683106812
-0.00271777433834
-0.00299897501607
-0.00387946274473
-0.00391003087697
-0.00425529780736
-0.00401545399945
-0.00504224019519
-0.00623683462136
-0.00792579388577
-0.00782332289312
-0.00935142915591
-0.00346478506758
-0.00354180254351
-0.00483577467199
-0.00511895272775
-0.00626349798906
-0.00548994788135
-0.00640908874179
-0.00687570885895
-0.007550892414
-0.00231483876509
-0.00273112676672
-0.00339084198211
-0.00427287029856
-0.00368532870181
-0.00464826245381
-0.00440699742824
-0.00543159209385
-0.00638578247866
-0.00807787368009
-0.00797851536772
-0.00829961488459
-0.00362606004233
-0.0050609949779
-0.00514574151496
-0.0042874247452
-0.00543708696021
-0.00581520401085
-0.00673870423154
-0.00720921163818
-0.00704556832849
-0.00265446813549
-0.00308740915725
-0.00375140479996
-0.00329451289081
-0.00404697769471
-0.0050093303891
-0.00476674460356
-0.00530737799305
-0.00650752147517
-0.00820218122189
-0.00689529667553
-0.00389669396974
-0.0038812560082
-0.00533618161111
-0.004293565768
-0.00555349480355
-0.00572699991754
-0.00610946979268
-0.00703695004053
-0.00666882480838
-0.00735043039691
-0.00297426655565
-0.00341407249826
-0.00345488070568
-0.00362353433126
-0.00437615497702
-0.00426945656799
-0.0046026364328
-0.00422325285825
-0.00857040550659
-0.00711228807497
-0.00705642751579
-0.00413280586877
-0.00412221428453
-0.00446778482359
-0.00454389078495
-0.0058082525749
-0.00598595925642
-0.00620227958218
-0.00646499312189
-0.00727492260745
-0.00763313088602
-0.00326623425751
-0.00308001660769
-0.00375018518623
-0.0039196048543
-0.00467236708392
-0.00406604916068
-0.00489725945742
-0.00451617499129
-0.00159032919466
-0.00278867835847
9.52010534294e-05
-0.00340707096636
-0.00219609432599
-0.00181988817899
-0.00301172667189
-0.00166380444747
-0.0028621260568
3.83861750299e-06
-0.00349836540389
-0.00229016409121
-0.00191359024307
-0.00311938725316
-0.00173639311627
-0.00293468746195
-8.66688945992e-05
-0.00358880542577
-0.00238338655406
-0.0020069215031
-0.00322623644924
-0.00180809317629
-0.00300636055134
-0.000176319050141
-0.00367838860433
-0.00247575923801
-0.00210910666052
-0.00333227156578
0.000343141771954
-0.0030771433211
-0.000265109430324
-0.00153550344957
-0.00256727967958
-0.00221046264207
-0.00343748991714
0.000273224928664
-0.00314703378632
-0.000353037630569
-0.0016233657145
-0.00265794542861
-0.0023109868173
-0.00131389700732
0.00020420265508
-0.00321602998133
-0.000440101260803
-0.0017103639378
-0.00274775404859
-0.00241067656632
-0.00141747380771
0.000136076899516
-0.00328412995994
-0.000526297945742
-0.00179791783773
-0.00283670311685
-0.00250952928013
-0.00152022584112
6.88495905315e-05
-0.00335133179569
-0.000611625325172
-0.00188617422185
-0.00292479022494
-0.00260754236088
-0.00162215045958
2.52263667892e-06
-0.00341763358214
-0.000696081054241
-0.0019735649005
-0.00301201297886
-0.00270471322214
-0.00172324502521
-6.29020737491e-05
-0.00348303343307
0.00144775904623
-0.00206448764681
-0.00310688526349
-0.00280523267095
-0.00182350691056
-0.00012742267297
-0.00354752948273
0.00136108615091
-0.00215492680956
-0.00320267150052
-0.000669994906629
-0.00405594997338
-0.000205213319238
-0.00361683163245
0.00127146062572
-0.002244501909
-0.00329760570469
-0.000769057787496
-0.00415453865874
-0.000290426648324
-0.00369855115122
0.00118270201181
-0.00233321049078
-0.00582368800139
-0.000867277101631
-0.0042522868466
-0.000374765024434
-0.00378630562044
-0.00170851196889
-0.00242105011507
-0.00226346239594
-0.000964650231462
-0.00434919195391
-0.00045822610448
-0.00387318939615
-0.00179552944409
-0.00250801835695
-0.00235582518998
-0.00106117457127
-0.00444525140945
-0.00341489696644
-0.00173617686171
-0.00188167272192
-0.00259411280664
-0.00244732578749
-0.00115684752746
-0.00454046265409
-0.0034965964899
-0.00182131205625
-0.00196693940422
-0.00267933106981
-0.000306566809269
-0.00125166651892
-0.00463482314111
-0.00357741178596
-0.00191513507263
-0.00205132710858
-0.00276367076787
-0.000396335506399
-0.00134562897722
-0.00472833033647
-0.00365734057777
-0.00201715736014
-0.00213483346867
-0.00284712953828
-0.000485234528167
-0.001438732347
-0.00482098171911
-0.00373638060579
-0.00211833340924
-0.00221745613446
-0.00292970503483
-0.000577680715702
-0.00153097408621
-0.00491277478125
-0.0029556617369
-0.00335930428037
-0.00531619243476
-0.00346811718948
-0.00401022812961
-0.00464401869777
-0.00293450185977
-0.00307468421283
-0.00347645514009
-0.00543598786215
-0.00359042537052
-0.00415482203227
-0.0047913698889
-0.00308433676493
-0.00319286934393
-0.00359274441063
-0.0055549094097
-0.0037118484389
-0.00429858407908
-0.00493788315374
-0.00323332875218
-0.00331021384778
-0.00370816869229
-0.005672953471
-0.00383238258626
-0.00444150994317
-0.00508355396498
-0.00422173003333
-0.00342671444833
-0.00545820340243
-0.00579011644663
-0.00396726685481
-0.00458359529301
-0.003005797885
-0.00436902204629
-0.00354236787624
-0.00557188753795
-0.00367211463513
-0.00410541388955
-0.00472483579284
-0.00314977018199
-0.00451545698717
-0.0036571708692
-0.0056846965325
-0.00378750467106
-0.00424271919972
-0.0048652271031
-0.00329288640687
-0.00466103012294
-0.0037711201723
-0.00579662701902
-0.00390200286896
-0.00437917866328
-0.00500476488078
-0.00343514200941
-0.00480573671381
-0.00388421253842
-0.00590767563956
-0.00401560566142
-0.00451478815691
-0.00514344477992
-0.00357653243469
-0.00494957201371
-0.00399644472851
-0.00601783904571
-0.00414481832562
-0.00464954355635
-0.00528126245197
-0.00371705312362
-0.00509253127072
-0.00410781351204
-0.0061374652617
-0.00427574477599
-0.00478344073688
-0.00541821354625
-0.00385669951336
-0.00523460972757
-0.00422258000925
-0.00626380133939
-0.00440581890053
-0.00491647557365
-0.00332617150587
-0.00399546703775
-0.00537594962199
-0.0043452037876
-0.004160980576
-0.00453503680252
-0.00504864394221
-0.00346137638632
-0.00505090875482
-0.00551826305382
-0.00629254231527
-0.00428561811548
-0.00466339458734
-0.00517994171885
-0.00359570162867
-0.00518790483936
-0.00565968857362
-0.00641348355966
-0.00440940090461
-0.00479088836285
-0.00531036478109
-0.00372914287824
-0.0053240083452
-0.00580022137699
-0.00653357838249
-0.00453232529488
-0.00491751423986
-0.00543990900809
-0.00386169578046
-0.00545921469786
-0.00593985665545
-0.00665282335463
-0.00465438764249
-0.0050432683325
-0.00556857028112
-0.00399335598144
-0.005593519322
-0.00385616988058
-0.00677121505289
-0.00477558430876
-0.00516814675865
-0.00346185762101
-0.00412411912836
-0.00572691764196
-0.00399399567014
-0.0046705409025
-0.00489591166055
-0.00529214564041
-0.00358874064064
-0.00425398087001
-0.00585940508224
-0.00413090949018
-0.00479566452992
-0.00501536607061
-0.00541526110448
-0.00371472836733
-0.0043829368573
-0.00599097706807
-0.00426880622351
-0.00491994754057
-0.00513394391803
-0.00553748928262
-0.00383981669538
-0.00451098274372
-0.0061216290259
-0.0044062790322
-0.00553776716605
-0.00554489864859
-0.00399011077119
-0.0040061438713
-0.00397327527215
-0.00564642727228
-0.0054892300562
-0.0055239585145
-0.00552887088761
-0.00397362677721
-0.00398918612474
-0.00244385489227
-0.00562847014794
-0.00547074838211
-0.00550943695737
-0.00394056537264
-0.00395638969254
-0.00397145378986
-0.00242560911558
-0.00560969312735
-0.00545142305395
-0.00549420274118
-0.0039230731589
-0.00393839984399
-0.00395294722237
-0.00240656686328
-0.0055900966327
-0.00543125453187
-0.00547825612438
-0.00390484918243
-0.00391965757241
-0.00393366679328
-0.00572138489721
-0.00556968110428
-0.00541024329575
-0.00546159737743
-0.00388589376958
-0.00390016323273
-0.00391361288888
-0.00570075092253
-0.00554844700047
-0.00538838984513
-0.00544422678267
-0.00386620725958
-0.00387991719385
-0.00389278591067
-0.00567932173425
-0.00552639479764
-0.00536569469913
-0.00542614463439
-0.00384579000453
-0.00385891983867
-0.00387118627534
-0.00565709778614
-0.00550352499015
-0.00399142215095
-0.00540735123873
-0.00382464236935
-0.00383717156398
-0.002378924759
-0.00563407954841
-0.00547983809025
-0.00396704524975
-0.00385787205076
-0.00380276473177
-0.00381467278052
-0.00235578112001
-0.0056102675077
-0.00545533462805
-0.00394182832762
-0.0038376571262
-0.00378015748228
-0.00379142391286
-0.00233186616464
-0.00558566216701
-0.00543001515143
-0.00391577198148
-0.00381673194374
-0.0037568210241
-0.00376742539937
-0.00230718036987
-0.00556026404566
-0.00540388022603
-0.00388887682752
-0.0037950968568
-0.00373275577315
-0.00374267769224
-0.00228172422767
-0.0055340736792
-0.00537693043515
-0.00386114350116
-0.00377275223053
-0.00370796215798
-0.00371718125736
-0.00560765135988
-0.00550709161942
-0.00403718712312
-0.00383257265693
-0.0037496984418
-0.00368244061981
-0.0022610677123
-0.00558065605828
-0.00547931843423
-0.00400860942151
-0.00380316496843
-0.00372593587916
-0.0036561916124
-0.00223407527437
-0.00555289197439
-0.00545075470761
-0.00397921870966
-0.0037729211282
-0.0037014649428
-0.00362921560207
-0.00220633558837
-0.00552435965952
-0.00542140103961
-0.00394901564089
-0.00374184184773
-0.00367628604455
-0.00360151306762
-0.00217784917471
-0.00549505967968
-0.00539125804618
-0.00391800088583
-0.00370992785728
-0.00365039960778
-0.00357308450034
-0.00214861656728
-0.00546499261552
-0.00536032635923
-0.00388617513237
-0.00367717990585
-0.00362380606745
-0.00354393040391
-0.00211863831345
-0.0054341590623
-0.00532860662646
-0.00385353908559
-0.00364359876109
-0.00359650587
-0.00351405129439
-0.00208791497398
-0.00540255962981
-0.00402150633688
-0.00382009346766
-0.00360918520918
-0.00753033264727
-0.00509431291321
-0.0052191016094
-0.00481443197866
-0.00501695526313
-0.00239473329969
-0.00634635947044
-0.00751291137948
-0.00507670465036
-0.00520131679603
-0.00479648226008
-0.00499885346796
-0.00237649340248
-0.0063279965331
-0.00749487123117
-0.00505847091225
-0.00347409099605
-0.0047778950281
-0.00498010879958
-0.00235760576567
-0.00630898152125
-0.00747621243341
-0.00503961193744
-0.00345504302797
-0.00475867053541
-0.00496072151713
-0.00233807065434
-0.00628931470536
-0.00745693522507
-0.00502012797254
-0.00343536385952
-0.00473880904322
-0.00494069188847
-0.0059960853837
-0.00626899636504
-0.00743703985281
-0.0033063309392
-0.00341505375307
-0.00471831082122
-0.00492002019022
-0.00597525615437
-0.00624802678896
-0.00741652657106
-0.00328559776616
-0.00339411297925
-0.00469717614762
-0.00489870670765
-0.00595378029936
-0.00622640627489
-0.00739539564202
-0.00326424039106
-0.00727100037227
-0.00467540530907
-0.00487675173474
-0.00593165811938
-0.00620413512966
-0.00572461964532
-0.00324225909258
-0.00724879910853
-0.00465299860069
-0.00485415557413
-0.00887352996025
-0.00460807759278
-0.00570225423919
-0.00321965415734
-0.00722596803869
-0.00462995632601
-0.00483091853709
-0.00885011606791
-0.00458450614177
-0.00567927201869
-0.00319642587995
-0.00720250746621
-0.00460627879698
-0.00480704094351
-0.00882605680581
-0.00456028503414
-0.00565567327687
-0.00317257456291
-0.00717841770274
-0.00458196633393
-0.00478252312188
-0.00726723884952
-0.0045354146127
-0.00563145831444
-0.00314810051666
-0.00715369906808
-0.00455701926557
-0.00475736540927
-0.00724188986472
-0.0045098952292
-0.00560662743975
-0.0031230040595
-0.00712835189013
-0.00453143792894
-0.00473156815129
-0.00721589654446
-0.00448372724429
-0.00558118096879
-0.00309728551762
-0.0071023765049
-0.00450522266941
-0.00313919661189
-0.007189259251
-0.00445691102754
-0.00555511922516
-0.00307094522507
-0.0070757732565
-0.00447837384063
-0.00311212133409
-0.00716197835525
-0.00442944695734
-0.00552844254005
-0.0030439835237
-0.00704854249707
-0.00445089180456
-0.00308440759883
-0.00713405423681
-0.00440133542096
-0.0055011512522
-0.00301640076319
-0.00702068458679
-0.0028674943088
-0.00305605578568
-0.00710548728393
-0.00437257681445
-0.00547324570793
-0.00298819730098
-0.00699219989386
-0.00283874697693
-0.00302706628266
-0.00707627789344
-0.00434317154265
-0.00544472626106
-0.00295937350229
-0.00696308879446
-0.00561532141836
-0.00679314894714
-0.00704642647079
-0.00431312001916
-0.00541559327292
-0.00292992974008
-0.00541908822163
-0.00558531033712
-0.00676288526195
-0.00701593342998
-0.00428242266631
