0.00126649593168
-9.47329627929e-05
0.0044872966992
0.00341174234885
-0.000119818063259
0.00266162339523
0.00110289141509
0.00111627397511
-0.000242787758114
0.00433976274511
0.00326491788883
-0.000277855413734
0.00250419814831
0.000945656173249
0.000966624501834
-0.000390266011582
0.00254390729112
0.00311866820861
-0.00043534820363
0.00234731695531
0.000788963534096
0.000817549696591
-0.000537165560316
0.00239752709238
0.00297299542861
0.00163176177483
0.00219098195509
0.000632815620562
0.000669051746774
-0.000683484239157
0.0022517269908
0.00282487540167
0.00147536458273
0.0020351952902
0.000477214559228
0.00052113284237
-0.000829219880754
0.00210650913551
0.00266862069042
0.0013195184355
0.00187995910686
0.000322162480257
0.000373795175858
-0.000974370315663
0.00196187567762
0.0025129195727
0.00116422550212
0.00395723015178
0.000167661517314
0.000227040942122
-0.00111893337244
0.00181782877011
0.00235777423407
0.00100948795516
0.00380310138438
1.37138074908e-05
0.00240330958003
-0.00126290687773
0.00167437056778
0.00220318686374
0.000855307970806
0.00364952955828
-0.000139678508768
0.00225772880563
-0.00140628865639
0.0015315032271
0.00204915965451
0.000701687728681
0.00349651683353
-0.000292513287743
0.00211273806212
-0.00154907653155
0.00138922890617
0.00189569480265
0.000548629411832
0.00334406537341
0.00179038486523
0.00196833955303
0.000606945216768
0.00124754976456
0.00174279450787
0.000396135206618
0.00319217734441
0.00163867160468
0.00182453548383
0.000465351685523
0.00110646796325
0.00159046097321
0.000244207302634
0.00304085491608
0.00148752233141
0.00168132806177
0.000324358597603
0.000965985664525
0.00143869640495
9.28478926304e-05
0.00289010026102
0.00133693920143
0.00153871949586
0.000183968135689
0.00304803021598
0.00128750301253
-5.79408275796e-05
0.00273991555473
0.00118692437362
0.00139671199668
4.41824836546e-05
0.0029087534139
0.00113688300847
-0.000208156659201
0.00259030297555
0.00103748000963
0.00125530777634
-9.60893879217e-05
0.00277008260799
0.000986838608278
-0.000357797400548
0.0024412647046
0.000888608273823
0.00111450904836
-0.000236497405392
0.00263201996464
0.00305929721448
-0.000506860847132
0.00229280292563
0.000740311333147
0.00097431802754
-0.000376298459399
0.00249456765107
0.00291041068001
-0.000655344791753
0.00214491982499
0.000592591357079
0.000834736929859
-0.000515490348986
0.00235772783511
0.00276210641293
-0.00080324702459
0.00199723953356
0.000445450517519
0.000695767972385
-0.000654070872201
0.00222150268518
0.00261438663978
0.00127329793311
0.0018501368486
0.000298890988706
0.000753062100959
-0.00017774946195
0.00158468472701
-0.000134334989447
-0.00106244641529
0.000716185241305
0.000423363972596
0.000642980920615
-0.000289807698615
0.00147071829491
-0.000250122430955
-0.00118489433937
0.000591560962626
0.000296671500441
0.000533588624735
-0.000401168596043
0.00135745716357
-0.000365197159128
-0.00130663153564
0.000467654903069
0.00239263022954
0.00265262850854
-0.000511830054369
0.00124490353005
-0.000479556882036
-0.00142765554176
0.000344469640547
0.00226739061901
0.00254461998146
-0.000621789978552
0.00113305958673
-0.000593199312244
-0.00154796389851
0.000222007750221
0.00214288147201
0.00243730632867
-0.000731046278541
0.00102192752114
-0.000706122166988
-0.00166755415001
0.000100271804301
0.00201910547371
0.00233068953648
0.00138233483396
0.00091150951581
-0.000818323168354
-0.00178642384389
-2.07356281453e-05
0.0018960653065
0.0022247715858
0.00127449203179
0.000801807748097
-0.000929800043457
-0.00190457053146
-0.000141011981401
0.0017727219921
0.00211955445201
0.00116735909248
0.0029147523681
-0.00104055052462
-0.00202199176795
-0.000260554693295
0.0016380642299
0.0019742656276
0.00106093808456
0.0028064895861
-0.00115057234956
-0.00213868511262
-0.000381375182631
0.00150411733475
0.00181149978136
0.000955231070771
0.00269894954099
-0.00125986326156
-0.00225464812905
-0.000512353458329
0.00137088413589
0.00164930125076
0.000850240107916
0.00259213438769
0.000853506968429
-0.00237283266809
-0.000642621574163
0.00123836746242
0.00148767250535
0.000745967246694
0.00248604627511
0.000745684629229
-0.00250003680876
-0.000772176821058
0.00110657014306
0.0013266160203
0.000642414531533
0.00238068734591
0.000638599937827
-0.00262653261389
-0.000901016491081
0.000975495005946
0.00116613427631
0.00053958400043
0.00227605973639
0.000522224496932
-0.000530390454261
-0.00102913787763
0.000845144878473
0.00100622975948
0.000417930870694
0.00217216557629
0.000399564115316
-0.000655461843044
-0.00115653827566
0.000715522587032
0.000846904961267
0.000256207662152
0.00206900698859
0.000277611598706
-0.000779817155316
0.000938710202296
0.000586630956824
0.00068816237838
9.50684289542e-05
0.00196658608937
0.000156369395667
-0.000903453815363
0.000812759889354
0.000458472811644
0.000530004512675
-6.54842429646e-05
0.00186490498761
3.58399517107e-05
-0.00102636925009
0.000687538668883
0.000331050973659
0.000372433871071
-0.000225447761875
0.00176396578503
-8.3974290889e-05
-0.00114856088924
0.00056304923777
0.00242629437865
0.00244299495603
-0.000384819530352
0.00166377057586
-0.000203070893279
-0.00127002616555
0.000439294290341
0.00230035361397
0.000157876439739
-0.00473721833713
-0.00361920512616
-0.00466110270445
-0.00339006167318
0.00027991329683
-0.00106725603219
-0.00010686901685
-0.00130500576049
-0.000189943881881
-0.00287976149372
-0.00383323755486
-0.00246810539808
-0.00372699263357
-0.00270994558585
-0.00384037584069
-0.00265224074518
-0.00137396038088
-0.000283167866908
-0.00331038664728
-0.0044349446813
0.000343232320286
-0.000844947689331
-0.00342974065255
-0.00446972290091
-0.00319687456557
-0.00191760135074
-0.00326248985094
-0.00229918990304
-0.00349519137166
-1.23019217608e-05
0.00118620592588
-0.00365184163803
-0.00231110742904
-0.00360464538982
-0.00258596247924
-0.00371483030112
-0.00252521806334
-0.00124555786051
-0.0022565100311
-0.00123867359054
-0.00632878416282
0.000549371937409
-0.000636484866879
0.000484208911204
-0.00202166195975
-0.0029820596433
-0.00172670923309
-0.00306903030426
-0.00210323801549
-0.00329683658184
-0.00217670218282
-0.00097524790931
-0.00192486280266
-0.00216654209726
-0.00345805164449
-0.00243741451211
-0.00133311524025
-0.00237303959991
-0.00109173157457
-0.00216550497842
-0.00114637864864
-0.00226882824482
-0.0018592620725
-0.00304257332608
0.000715999230082
0.00191408060189
-0.00274575281423
-0.00151401719544
-0.00285348923483
-0.00188493168103
-0.00307586463309
-0.00195318073593
-0.00074930993557
-0.00169665829025
-0.000472753763251
-0.00553388178757
-0.00450736877743
-0.00339711902421
-0.00219583440715
-0.000912614781729
-0.0020487016838
-0.00102792384819
8.17311053972e-05
-0.00161192687024
-0.00279247462561
-0.00167165363396
-0.000476190854447
-0.00143201693111
-0.00381639646436
-0.00261600878892
-0.00164441850583
-0.000597295321436
-0.00170694948371
-0.000500429752856
-0.00144712048885
-0.000280706360574
-0.00156718662627
-0.00431007015467
-0.00319736074452
-0.00423291375347
-0.00294354776536
-0.00414139028178
-0.00311442120147
0.000228149304479
-0.00134420142911
-0.000293007638726
-0.00139809703646
-0.000199918178486
-0.00115318270571
2.53385529029e-05
-0.00489347873885
-0.00392160979934
-0.00287446192796
-0.00398108101365
-0.000228785551831
-0.00126262234046
-6.51270164978e-05
0.000886377477028
-0.000316784945866
-0.00297316548478
-0.00400612209867
-0.00272604270174
-0.00397332413952
-0.00294399458069
-0.00182577629154
-0.00105623788775
-1.85915305383e-06
-0.00110389498266
9.71889641184e-05
-0.000853336188197
0.000302560446596
-0.00102673200798
-0.0036371792996
-0.00258661177586
-0.00368996196068
-0.00252708375242
-0.00360105839734
-0.00237580585046
-0.00142460468478
-7.13634791788e-05
0.00104697899118
-0.00376038956385
-0.00253246610454
-0.00154485097324
-0.002747801429
-0.00162700838945
-0.00351847121585
-0.0024657402724
-0.00356452856773
-0.00236530179238
-0.000532659628588
0.000600961883842
0.00150365655024
0.000250712531486
-0.00227683797793
-0.00337884109023
-0.00229879525185
-0.00337020352303
-0.00212691202428
-0.00115886377568
-0.00235538885371
-0.00123751680722
-0.00232967358828
-0.00231399175315
-0.00132611127539
-0.00252601721367
-0.00140232793075
-0.00319052672258
-0.00213421052596
-0.00322956273905
-0.00202706813725
-0.00297160054352
-0.00186474658576
-0.000962636571187
0.000578314708777
0.0016323120405
-0.00313080752656
-0.00204781220598
-0.000884799439461
-0.001870475882
-0.000869829179087
-0.00206261054114
-0.000999531698485
-0.00208919558195
-0.000860229625374
-0.00351692261965
-0.00471345342274
-0.00358748353811
0.000621926775415
-0.0017827646357
-0.00287449785725
-0.00167911101898
-0.00270475197945
-0.00152454923924
-0.000618030782893
-0.00186266209189
-0.000854434428976
-0.00207734259402
-0.00448397587565
-0.000608255387951
-0.0015910649932
-0.000557716031225
-0.00179816533198
-0.000737950806536
0.000406461558517
-0.000592527695907
0.000392603010143
-0.00444109653872
-0.00331161115549
-0.00186581262373
0.00201865927471
-0.0026151831333
-0.00149003647256
-0.000290413099961
-0.00130902701728
-0.000365954539969
-0.00157329817192
-0.000565625208708
-0.00178495017057
-0.00070400042828
-0.00302442915153
-0.00400415687997
-0.00298888512557
-0.0042373735429
-0.000452591715651
0.000695239994807
-0.000300532354518
0.000685892223154
-0.00050293149358
-0.00301050011143
-0.00161440807021
-0.000630830554033
-0.00179928027208
-0.00412485205067
-0.00292465816489
-0.00111317707828
-0.00016765620649
-0.00137263416899
-0.000278936709229
0.000752461657467
-0.000386043552714
0.000778182946613
-0.0037529190802
-0.00268786792747
-0.00393232524
-0.00287043528509
-0.00172481502781
-0.00274955518669
-0.00174886095088
-0.000180944140493
0.000952832725994
-0.00139096083364
-0.000404826739181
-0.00157081003265
-0.000442745599875
-0.00269157739033
-0.00374235422606
-0.00279552215576
-0.00399788832521
-0.00290298116276
0.00108842981518
-4.61756184057e-05
0.00112175960768
-7.35112814538e-05
-0.0024661605926
-0.00137884124673
-0.00253819826338
-0.00138865102953
-0.0025234569416
-0.00151965203732
-0.00265501751385
-0.00147704012734
-0.00114745899529
-0.0001585509281
0.000900067658513
-0.000191230426775
0.0010136478523
-0.00350406246975
-0.00255427670308
-0.00375378986105
-0.00265614658814
-0.00148072009025
-0.00253482081224
-0.00148967252644
0.000147752230716
0.00123611691945
-0.00106920135077
-0.00218289100818
-0.00102917579181
-0.00227304230687
-0.00126581071477
-0.00239790446361
-0.00121683603676
-0.00373916996067
-0.00274727504468
-0.00168577487332
8.08197843997e-05
0.00128832112758
0.00020651161384
-0.00229177695309
-0.00126627319608
-0.00238759604091
-0.00120935268001
-0.00220562197614
-0.00124858908551
-0.00245941139307
-0.00136910868953
-0.000196753192212
-0.00463832770692
-0.000702930018896
-0.0019985126561
-0.000987546569559
0.000108372594665
-0.000931639972992
-0.00346132889864
-0.00246633328593
-0.00140184509516
-0.00248752397986
-0.00127730522088
-0.0023684651915
0.00144308716104
-0.000979361788222
-0.00209750256274
-0.000916233448742
-0.00201510936037
-0.000985085318939
-0.00219260357186
-0.00109913723662
7.6220208072e-05
-0.00100028280284
-0.00331281320642
-0.00453185165961
-0.00351959203235
-0.0024223410272
-0.000621695914387
-0.000961251293894
-0.0021850681361
-0.00111756990438
-0.00220036629498
-0.00098740838574
-0.00206762418072
-0.00110753167087
-7.51680104436e-05
-0.00464118428286
-0.00348449353067
-0.00180227392762
-0.000740731960575
0.000318630226928
-0.000806421063525
0.000372171788699
-0.000790022540862
0.000351221669743
-0.00420976265579
-0.00319317989063
-0.00209180439194
-0.00312428819052
-0.000663503349076
-0.0018839957504
-0.000813292896914
-0.00189302097537
-0.000691170200905
0.000426652781493
-0.000782284265805
0.000253840871871
-0.000857298884963
-0.0032522191267
-0.00442239138452
-0.00334233147557
-0.00225815737049
-0.00334630138976
0.000604333671106
-0.000556233209116
0.000587737071261
0.00180897852137
-0.00284307477324
-0.00173730910225
-0.00278077200359
0.000169312401108
-0.00446621226264
-0.00335867305786
-0.00442079782934
-0.000486947015071
0.000633014047057
-0.000436494909261
0.000603603122145
-0.00052678888397
0.000453106551828
-0.00416535395417
-0.00306661686861
-0.00197922246106
-0.00303367898551
-0.00199679045407
-0.00315422173838
-0.0020072680763
0.00208016688575
0.000981720398771
-0.00143841607283
-0.00259600293225
0.00042074464533
-0.000760812918157
-0.00310193961352
-0.00416729805908
-0.00311717975914
-0.00199487277949
-0.00302003167885
-0.00188122662128
-0.000254463248972
0.000728777366931
0.00178673974326
-0.00276890609163
-0.00167805499463
-0.00272922616249
-0.00171988400168
-0.00287391637547
-0.00172373046629
-0.000488384787248
-0.00161809100124
-0.000635226359144
-0.00524138530061
0.000691775115453
-0.000486882011005
0.000626040264051
-0.0017025733088
-0.00287172481925
-0.00174687000187
-0.00276960554512
-0.00150903881774
-0.00281607307268
-0.00182924990116
-0.000767837826396
0.0010018746605
-0.00135485986335
-0.00241263929803
-0.0014202770449
-0.000348727371593
-0.00141699349004
-0.000178377884579
-0.00138968434261
-0.000403678604279
-0.0015555573853
0.00149278732754
9.74252113273e-05
0.000342722610119
0.00308223534419
0.0016648636956
-0.00184318363876
0.00110854193008
0.00137357980462
-2.15687798182e-05
0.000219555014913
0.00293768834661
0.00152055202495
0.000234804523433
0.000956854935239
0.00347684738916
-0.000140026490613
-0.00155197232365
0.00279362857041
0.00137672725851
9.13464555913e-05
0.000805636742987
0.003358714991
-0.000257946572315
-0.00167408204859
0.00265005750164
0.00123339087655
-5.162373638e-05
0.000654888843191
0.00324112218629
-0.000375327677807
-0.00179566077983
0.00250697662737
0.00109054436026
-0.000194104580384
0.00273060034057
0.00312407032688
0.00172976789835
-0.00191670714663
0.00236438743556
0.000948189191741
-0.000336094603463
0.00258079750186
0.00300756076288
0.00161346877983
-0.00204258216696
0.00222229141507
0.000806326853962
-0.000477592331849
0.00243146943497
0.00289159484262
0.00149771266854
0.00198035196109
0.00208069005562
0.000664958830691
-0.000618596291005
0.00228261763615
0.00277617391256
0.00138203703793
0.00406107889158
0.00193958484767
0.000524086606458
-0.000759105005678
0.00213424360312
0.00266129931727
0.00126295439898
0.00392037098402
0.00179897728247
0.000383711666504
-0.000899116999945
0.00198634883508
0.00254697239935
0.00114441146899
0.00378016236761
0.00165886885192
0.000243835496739
-0.00103863079726
0.00183893483262
0.00243319449936
0.00102640961539
0.00364045453753
0.0037411936833
0.000104459583682
-0.0011776449205
0.00169200309769
0.00231996695578
0.000908950203922
0.00350124898954
0.00360208800034
-3.44145855787e-05
0.00284754692049
0.00154555513355
0.00220729110493
0.000792034598657
0.00336254721998
0.00346348593143
-0.000172785523443
0.00270953657879
0.00139959244477
0.00209516828093
0.000675664161878
0.00322435072566
0.00332538897077
0.00191127903022
0.00257203034545
0.0012541165371
0.0019835998156
0.000553339820673
0.00308666100386
0.00318779861298
0.00177391901976
0.00243502969939
0.00110912891752
0.00187258703845
0.000388406997293
0.00294947955226
0.00305071635306
0.00163706670607
0.00229853611984
0.0009646310941
0.00176213127658
0.000223924134654
0.00281280786887
0.00291414368636
0.00150072357832
0.00216255108629
0.000820624576044
0.00161776198301
5.98928255543e-05
0.00267664745201
0.00277808210851
0.00136489112589
0.00424940359396
0.000677110873574
0.00367600572119
-0.000103685334083
0.00254099980023
0.00264253311536
0.0012295708384
0.00411444009175
0.000534091497916
0.00351277534497
-0.000266808745247
0.00240586641227
0.00250749820294
0.00109476420561
0.00397998957515
0.000391567961243
0.00267389159881
-0.00182458446302
-0.000206714027072
0.0014679244958
0.000607535369208
0.00226424003661
0.000404443609209
0.0047781106602
-0.0019581139163
-0.000342498323565
0.0013299206593
0.000482110879781
0.00213684405946
0.000275138012373
0.00464739244255
-0.00209110552454
-0.000477740267194
0.00119246338803
0.000357267571624
0.00201003446449
0.000146423659544
0.0045172088182
-0.00222355768698
-0.000612438188586
0.00105555442
0.00023144690386
0.00188381302663
1.83023946518e-05
0.00437512475183
-0.00012019962902
-0.000746590418268
0.000919195493596
9.29287199138e-05
0.00175818151976
-0.00010922393925
0.00421585975999
-0.000251568098255
-0.000880195286736
0.000783388347532
-4.50335772113e-05
0.0016331417165
-0.000236153500074
0.00405707027098
-0.000382392320641
-0.00101325112452
0.000648134720786
-0.000182438179463
0.00150869538822
-0.000362484446793
0.00389875795314
-0.000512670696483
0.00108827611535
0.000513436352516
-0.000319283278297
0.0013848443049
-0.000488214939537
0.0037409244776
-0.000642401626527
0.000956323346849
0.000379294981988
-0.000455567064751
0.00126159023504
-0.000613343139687
0.00358357151822
-0.000771583512024
0.000824924616523
0.00247755984334
-0.000591287729526
0.00112993295659
-0.000737867209969
0.0034267007515
-0.0009002147548
0.000694081592989
0.00234453768616
-0.00072644346306
0.000992703172521
-0.000861785314556
0.00327031385662
-0.00102829375732
0.000563795944475
0.00221207774443
-0.000861032455614
0.000856044322751
-0.000985095619162
0.00311441251531
-0.00115581892278
0.000434069338743
0.00208018175709
0.00122867718994
0.000719958287119
-0.00110779629114
0.00295899841188
-0.00129534151609
0.000304903443015
0.00194885146282
0.00109522710889
0.000584446945793
-0.00122988549959
0.00280407323311
-0.00145270536793
0.000176299923901
0.00181808859997
0.000962349198326
0.000449512179184
-0.00135264663061
0.00264963866825
-0.00160957660658
4.82604473229e-05
0.00168789490642
0.000830045267905
0.0025373865258
-0.00148898262701
0.000328421233489
-0.00176595347937
-7.92133215603e-05
0.00155827211958
0.000698317127053
0.00240361055041
-0.00162473409442
0.000174972973742
-0.0019218342309
-0.00020611971843
0.00142922197625
0.00056716658489
0.00227041679158
0.00046233157574
0.00225727095739
-0.00207721710302
-0.000332457079884
0.00130074621259
0.000436595450138
0.00213780712984
0.000327755018488
0.00210481578796
0.00161498646718
-0.000458223743513
0.00117284656397
0.000306605531038
0.00200578344552
0.00019376884274
0.00195285971374
0.00146060463887
-0.00058341804798
0.00104552476498
0.000177198635266
0.00187434761866
6.03749995021e-05
-0.00404561499042
-0.00343984410098
-0.00529870505845
-0.00277093887897
-0.0036066330564
-0.00549634071646
-0.00320249868261
-0.00395878336618
-0.00335213911827
-0.00519256225214
-0.00266359037649
-0.0034982886931
-0.00539202060409
-0.00309667293189
-0.00387107441743
-0.0054885426105
-0.00508556417185
-0.00255537974689
-0.00338907661515
-0.0052868128719
-0.00298995039733
-0.00378249059791
-0.00539907117992
-0.00497771379635
-0.00244631006112
-0.00327899997075
-0.00518072065919
-0.00288233434244
-0.00369303437657
-0.00530872032622
-0.00486901411416
-0.00233638439977
-0.00316806191768
-0.00507374711669
-0.00277382804208
-0.00360270823724
-0.0052174926035
-0.00698139516997
-0.00222560585272
-0.00305626562284
-0.00496589540615
-0.00266443478198
-0.00351151467837
-0.00512539058061
-0.00687100587724
-0.0021139775188
-0.002943614262
-0.00485716869998
-0.00255415785842
-0.00341945621269
-0.00503241684085
-0.00675977629851
-0.00422342862089
-0.00283011101935
-0.00474757018091
-0.00244300057776
-0.00332653536692
-0.00493857398165
-0.00664770945799
-0.0041101100438
-0.0027157590872
-0.00463710304156
-0.00233096625611
-0.0032327546815
-0.00484386461428
-0.00653480838795
-0.00399595102659
-0.00260056166563
-0.0045257704841
-0.0022180582189
-0.00313811671026
-0.00474829136354
-0.00642107612851
-0.00388095470049
-0.00470644807758
-0.0044135757199
-0.00210427980051
-0.00304262402012
-0.0046518568674
-0.00630651572719
-0.00376512420398
-0.00461143771849
-0.00430052196913
-0.00198963434388
-0.00294627919084
-0.00455456377675
-0.00619113023869
-0.00364846268246
-0.00455999509071
-0.0042460062427
-0.00187412520013
-0.00284908481466
-0.00445641475507
-0.00607492272456
-0.00353097328794
-0.0053469128627
-0.00641491324923
-0.0017577557282
-0.00275104349605
-0.00435741247812
-0.00595789625283
-0.00341265917872
-0.00529355824605
-0.00636092746978
-0.00164052929444
-0.00265215785139
-0.00425755963361
-0.00584005389778
-0.00329352351903
-0.00523925013089
-0.00630597768252
-0.00152244927226
-0.00478407963183
-0.00415685892097
-0.00132156267618
-0.00317356947877
-0.00518399021577
-0.00625006564549
-0.00362544329458
-0.00468351323045
-0.00405531305094
-0.00120209780058
-0.00305280023313
-0.00512778022487
-0.00619319314315
-0.00350566624219
-0.00458211042077
-0.00395292474535
-0.001098518405
-0.00297629611328
-0.00507062190773
-0.00613536198608
-0.00344252890004
-0.00447987386395
-0.00607486664879
-0.000994491695973
-0.00291897631968
-0.00501251703903
-0.00607657401072
-0.0033831722498
-0.0043768062316
-0.00597080168032
-0.000889623332318
-0.00286072354003
-0.00495346741828
-0.00601683107908
-0.00332285217252
-0.0069117818319
-0.00523280818055
-0.00785020889761
-0.00676030165982
-0.00353728375826
-0.00655498884754
-0.00497324621644
-0.00684574711678
-0.00516778809806
-0.00777824067336
-0.00666245108035
-0.00566239726395
-0.0064626227577
-0.00488216404429
-0.00677875692684
-0.00510182572906
-0.0077134027674
-0.00656374007777
-0.00556659504005
-0.00859133276144
-0.0070165669126
-0.00671081340282
-0.00503492312056
-0.00764763902899
-0.00646417137514
-0.00547136942407
-0.0084972653912
-0.006923802123
-0.00664191870941
-0.00496708234266
-0.00758095142779
-0.00636374770753
-0.00537528883349
-0.0084023511266
-0.00683019962767
-0.00657207503491
-0.0048983054883
-0.00304300942975
-0.00626247182173
-0.00527835586903
-0.00830659248172
-0.00673576184523
-0.00650128459093
-0.00482859467295
-0.00297448009953
-0.00616034647593
-0.00489932397086
-0.00373964455611
-0.0066404912065
-0.00642954961205
-0.00475795203431
-0.0029050329462
-0.00605737443944
-0.00480069411015
-0.00364220474181
-0.00654439015415
-0.00635687235547
-0.00468637973199
-0.00283467002561
-0.00595422321872
-0.00470121975096
-0.0035439281621
-0.00644746114251
-0.00628325510075
-0.00461387994723
-0.00276339341449
-0.00585287196951
-0.00460090354181
-0.00344481737854
-0.00634970663725
-0.00620870014942
-0.00454045488259
-0.00269120521012
-0.00575067511322
-0.00449974814246
-0.00334487496386
-0.00625112911512
-0.00613320982467
-0.00446610676164
-0.00261810753009
-0.00564763539654
-0.00439775622355
-0.00324410350167
-0.00615173106373
-0.00605678647105
-0.00439083782863
-0.00254415136458
-0.00554375557679
-0.00429493046637
-0.00314250558618
-0.00605151498123
-0.00597943245409
-0.00431465034821
-0.00249348603249
-0.00543903842159
-0.00419127356254
-0.00304008382193
-0.00595048337608
-0.00590115016
-0.00423754660513
-0.00244188463177
-0.00533348670859
-0.00408678821372
-0.00293684082355
-0.0058486387668
-0.00582194199533
-0.00415952890388
-0.00238934871293
-0.00522710322516
-0.00398147713132
-0.00283277921539
-0.00574598368166
-0.00796399820371
-0.00630252382124
-0.00233587985106
-0.00511989076809
-0.00387534303624
-0.00272790163135
-0.00564252065847
-0.00788294559718
-0.00622268519468
-0.00450340296705
-0.00723378198402
-0.00376838865854
-0.00262221071456
-0.00553825224432
-0.00780097445839
-0.00614193963897
-0.00444807304146
-0.00716425669925
-0.00588254471529
-0.00251570911708
-0.00543318099527
-0.00771808727188
-0.00606028953454
-0.00439181504319
-0.00710886956848
-0.00577395799787
-0.0046303274778
-0.00755374691817
-0.00763428654088
-0.00597773728006
-0.00433463064328
-0.00705256933005
-0.00566455924029
-0.0045222125097
-0.00744707770234
