-0.00213985732562
-0.00123725820746
0.000641676492108
-0.00390877378971
0.000135055025148
-0.00139613070847
-0.00222297852242
-0.00220862148896
-0.00130659365601
0.000571818185851
-0.00396725610256
7.61453951107e-05
-0.00147023160729
-0.00229751542773
-4.15650121915e-05
-0.00137534354239
0.000502549359826
-0.00402513416703
7.3728121778e-06
-0.00154373433503
-0.0023714510982
-0.000109165827757
-0.00144350703611
0.000433870862769
-0.00185943153461
-6.50410773763e-05
-0.0016166379576
-0.00244478458384
-0.000176183758576
-0.00151108331221
0.000365783537793
-0.00191670955244
-0.000136858469397
-0.00454407294918
-0.00251751494042
-0.0002426180047
-0.00157807155128
0.000298288222338
-0.0019873916439
-0.000208078458958
-0.00461577558189
-0.000367710457445
-0.000308467771701
-0.00164447093957
0.000231385748125
-0.0020574794255
-0.00027870014685
-0.00468687634148
-0.000439231746515
-0.000373732270715
-0.00171028066898
0.000165076941107
-0.00212697202313
-0.000348722639639
-0.00475737431692
-0.000510147108939
-0.000438410718493
-0.00177549993713
-0.0028690027051
-0.00219586856842
-0.000418145049709
-0.00482726860311
-0.000580455624079
-0.000502502337434
-0.00184012794741
-0.000703885416386
-0.0022641681988
-0.000486966495324
-0.0048965583009
-0.000650156377332
-0.00056600635564
-0.00190416390902
-0.000768408324477
-0.00233187005749
-0.000555186100672
-0.00274331360775
-0.000719248460186
-0.000628922006949
-0.00196760703699
-0.000832334320175
-0.00239897329363
-0.00062280299592
-0.00281139145543
-0.000787730970275
-0.000691248530989
-0.00203045655228
-0.00089566260707
-0.00246547706225
-0.000689816317267
-0.00287886205357
-0.000855603011433
-0.000752985173209
-0.00209271168176
-0.000958392394801
-0.0025313805244
-0.00075622520699
-0.00294572452741
-0.000922863693749
-0.000814131184935
7.58646484778e-05
-0.0010205228991
-0.00259668284712
-0.000822028813502
-0.0030119780084
-0.00098951213362
-0.000874685823402
1.48005859488e-05
-0.00108205334184
-0.00266138320355
-0.000887226291395
-0.00307762163427
-0.00105576162541
-0.000934648351801
-4.56668075388e-05
-0.00114298295109
-0.00272548077295
0.00127011769586
-0.0031426545491
-0.0011218681501
-0.000994018039324
-0.000105536783087
-0.00120331096114
-0.00278897474076
0.00120613498643
-0.00320707590332
-0.00118736045938
-0.0010527941612
-0.000164808597961
-0.00126303661256
-0.00285186429862
0.00114276090424
-0.00327088485383
-0.00125588079763
-0.00111097599874
-0.000223481515635
-0.00132215915225
-0.00291414864449
0.00107999626945
-0.00333408056399
-0.00132517173402
0.00106665045525
-0.000281554805832
-0.00138067783347
-0.00297582698259
-0.00184181759718
-0.00339666220371
-0.00139385064118
-0.0023727577948
-0.00296268027193
-0.00360448523737
0.0014351945537
0.000490445260816
-0.00288392219252
-0.00161878809337
-0.00244091957499
-0.00303269769855
-0.00367642574735
0.00134833360924
0.000400960791847
-0.00297614101839
-0.00171385248541
-0.00250841094358
-0.00310202850067
-0.00374766300428
0.00126217645549
0.000312197351572
-0.00306762123194
-0.00180816039379
-0.00257523083384
-0.00317067152534
-0.0015855249774
0.00117672464624
0.000224156629736
-0.0031583609945
-0.00190170981697
-0.00264137818743
-0.00323862562851
-0.00165535199738
0.0010919797271
0.000136840307545
-0.00101287230412
-0.00199449876255
-0.00270685195445
-0.0033058896751
-0.00172447205241
0.00100794323537
-0.00244238079672
-0.00110212568426
-0.00208652524741
-0.00277165109354
-0.00337246253912
-0.00180145751633
0.000924616699882
-0.00252824331086
-0.00119063315116
-0.00217778729792
-0.00283577457198
-0.00343834310373
-0.00188166121254
0.000842001640904
-0.00261337643436
-0.00127839290249
-0.00226828295011
-0.00290376226845
-0.00350353026132
-0.00196116950636
0.000760099570014
-0.00269777852159
-0.00136540314543
-0.00235801024983
-0.00298378163825
-0.00134022853463
-0.0020399810166
0.000678911989976
-0.00278144793613
-0.0014516620968
-0.00244696725301
-0.00306314152392
-0.0014040255928
-0.00211809437057
0.000598440394612
-0.000630779081731
-0.00153716798325
-0.00253515202573
-0.00314184068607
-0.0014840247055
-0.00219550820416
0.000518686268685
-0.000712978279331
-0.00162191904137
-0.00262256264451
-0.00321987789254
-0.00156418686634
-0.002272221162
0.00043965108777
-0.000794439951866
-0.0017059135179
-0.00270919719642
-0.00329725191855
-0.00164367048296
-0.0023482318975
0.000361336318139
-0.000875162501293
-0.00178914966986
-0.0027950537793
-0.0033739615467
-0.00172247424084
-0.00242353907301
-0.00235535747025
-0.000955144339514
-0.00187162576472
-0.00288013050193
-0.00122662845109
-0.00180059683339
-0.00249814135992
-0.00243222705635
-0.00103438388851
-0.00195334008057
-0.00296442548422
-0.0013020056615
-0.00187803696198
-0.00257203743872
-0.000279382623562
-0.00111287958048
-0.00203429090627
-0.000813774094623
-0.00137671486731
-0.00195479333606
-0.00264522599918
-0.000354801275791
-0.001190629858
-0.0021144765416
-0.000896500001383
-0.00145075488169
-0.00203086467329
-0.00271770574041
-0.000429492329276
-0.00126763317413
-0.00219389529744
-0.000978438596124
-0.00152412452568
-0.00210624969958
-0.00278947537094
-0.000503454376153
-0.00134388799258
-0.00227254549592
-0.0010595880451
-0.00159682262825
-0.00218094714923
-0.00286053360891
-0.000576686018723
-0.00141939278782
-0.00235042547057
-0.0011399465266
-0.00272378588328
-0.00442568736776
-0.00356175260116
-0.00288246350215
-0.00434231887674
-0.0034874202963
-0.00476152710932
-0.003560722958
-0.00462933613727
-0.00346898690659
-0.00500713957777
-0.00433912197998
-0.00346276357532
-0.00506386411648
-0.00432972787157
-0.00619622645489
-0.00524516352016
-0.00645384220841
-0.00545594445322
-0.0066004515588
-0.00631727132578
-0.00222346645797
-0.0036500032025
-0.00304085760507
-0.00457604147907
-0.00380133841467
-0.00293676577697
-0.00405763171856
-0.00299188915738
-0.0040521859399
-0.00300578635709
-0.00465938777461
-0.00385590439705
-0.00518433211933
-0.00439459972911
-0.0041188391068
-0.00549637487755
-0.00453090384619
-0.00573663266479
-0.00473077668332
-0.00661977375488
-0.00559323806608
-0.00590661468837
-0.00758753237712
-0.00249567381432
-0.00402038871273
-0.00309810096247
-0.00444791823471
-0.00347214709481
-0.00239727971709
-0.0034490214982
-0.00264003997533
-0.00415747761644
-0.00334365184456
-0.00466209318491
-0.00416637836526
-0.00563551298755
-0.00476903326097
-0.00601754560848
-0.00574380101779
-0.00473572745496
-0.00585166715434
-0.00483947019757
-0.00547997314464
-0.00702946253838
-0.00639871853838
-0.00330992969174
-0.00250778684097
-0.00384735668186
-0.00286173326955
-0.00400817870307
-0.00295054928586
-0.00212117192504
-0.0036275838961
-0.00280300169007
-0.00457338119793
-0.00354434917584
-0.00489713145053
-0.00401512729962
-0.00600596930608
-0.00497123252574
-0.00617655655968
-0.00505591480468
-0.00410226624495
-0.00730139735347
-0.00647500516873
-0.00567580204558
-0.00717869062506
-0.00189361550763
-0.00322268901836
-0.00236130101323
-0.00349817267055
-0.00229726124737
-0.00381018807224
-0.0030703246858
-0.00269692161412
-0.00399425300327
-0.00295501348357
-0.0041332657713
-0.00399287954325
-0.00530700079691
-0.00428340567164
-0.00538334964638
-0.00508495946457
-0.00653243223347
-0.00687343657038
-0.00591593639146
-0.00729219112705
-0.00655226649856
-0.00572822579952
-0.00271282268
-0.00170280779905
-0.00282991634873
-0.0017564893903
-0.0032379846417
-0.00294328020054
-0.00433086394986
-0.00338772226986
-0.00233797838158
-0.00417235758533
-0.00335934367311
-0.004660635426
-0.00362487865401
-0.00559942349376
-0.00443863488841
-0.00587053523818
-0.00630414208912
-0.00545667973981
-0.00675635631392
-0.00590329847287
-0.00743065383862
-0.00650294204702
-0.00102117022314
-0.00213834885369
-0.00169754049884
-0.00309190986437
-0.00233319120993
-0.00370898224066
-0.00275449608072
-0.00465686214858
-0.0035248189556
-0.00269815350743
-0.00398632278997
-0.003781793387
-0.00494688448266
-0.00376702693772
-0.00517881832414
-0.00582874381258
-0.00497359074079
-0.00626581722748
-0.00536966469582
-0.00674820433645
-0.00580939411549
-0.00701325107878
-0.00640296624877
-0.00116071864924
-0.00248963097128
-0.00169765454148
-0.0037888927048
-0.00282914397415
-0.00398665086544
-0.00285071710752
-0.0042325836551
-0.00412374047664
-0.00533482735978
-0.00426579639325
-0.00307465058768
-0.00529760355177
-0.00533019693692
-0.00446707065124
-0.00588667708576
-0.00484801874006
-0.00604409852403
-0.00509403500796
-0.00670330538085
-0.0058508824473
-0.0072624267812
-0.00191751390345
-0.00176484023361
-0.00311624204763
-0.00214466692169
-0.00329096884409
-0.00215082351104
-0.00435680873303
-0.00339609028017
-0.00463851713192
-0.0035570619358
-0.00541567320758
-0.00454925989033
-0.00494750750093
-0.00630786853308
-0.00534916534556
-0.00430286298966
-0.00540035190207
-0.00485052114119
-0.00610634580856
-0.00527420940813
-0.00667527943215
-0.00644842371029
-0.00330377659399
-0.00241923339912
-0.00143563694543
-0.00340804740752
-0.0022641959832
-0.00361752319724
-0.00267359114349
-0.00391565120492
-0.00366089308505
-0.00471224957295
-0.00388013378359
-0.00440385263314
-0.00575572804927
-0.00478881843455
-0.00596984786856
-0.00523746869819
-0.00430955596911
-0.00555700020704
-0.00467348073896
-0.00675268104595
-0.00582655850314
-0.00702857554088
-0.00169855015132
-0.00376218446021
-0.00266365259316
-0.0015150236002
-0.00285381696139
-0.00193860582013
-0.0040063996358
-0.00290393766755
-0.00409811456176
-0.0032110811141
-0.00383825407034
-0.00518141385149
-0.00461562936581
-0.00578859015947
-0.00464919441163
-0.0059767113447
-0.00498378820578
-0.00473811204413
-0.00611744470178
-0.00518070229851
-0.00637256870928
-0.00619106117974
-0.00740603137926
-0.00189600587898
-0.002964286499
-0.00291865235928
-0.00201822861049
-0.0032590722032
-0.0022738635219
-0.0034554068522
-0.003394332781
-0.00325112707169
-0.0049918276721
-0.00401094946659
-0.00517565432963
-0.00407067041082
-0.00538898577733
-0.00506944641476
-0.00631577063129
-0.00545901513552
-0.00451144840447
-0.00652062394127
-0.00542506339307
-0.00662759663465
-0.0055056797707
-0.00300817960932
-0.00214958040211
-0.00350311851249
-0.00261334911146
-0.00383821899464
-0.0036242717403
-0.00271023549841
-0.00528169455919
-0.00437446815069
-0.00338478166869
-0.00454105963217
-0.0041452904555
-0.00545418259663
-0.00445000445144
-0.00569594781973
-0.00477796283412
-0.00686896502987
-0.00581806511048
-0.00466776636163
-0.00582742283701
-0.0055330142124
-0.0065906000582
-0.00142330191297
-0.00284361770203
-0.00278048151943
-0.00399325744293
-0.00292691591009
-0.0042209082009
-0.00465277452302
-0.00373624494294
-0.00496974139399
-0.00455417713174
-0.00352236943457
-0.00482163618143
-0.00380820868916
-0.00505388740976
-0.00489978107131
-0.00615469807495
-0.00509315495438
-0.00615476116909
-0.00584550880022
-0.00469992770283
-0.00598790684105
-0.00515314432053
-0.00299796966377
-0.00208260652605
-0.00328307849493
-0.00220348492716
-0.0043226861034
-0.0040035961149
-0.003077600703
-0.00496416666004
-0.00387768465781
-0.00510323847628
-0.00416741692987
-0.0039743989561
-0.00521163753301
-0.00417519356148
-0.00541881266897
-0.00434650612801
-0.00625904871057
-0.00505170891679
-0.00622865669195
-0.00538602401327
-0.00537918774854
-0.00668812305105
-0.00137251760679
-0.00258886865254
-0.00231254119517
-0.00355973269722
-0.00333458715958
-0.00306117564681
-0.00427628257941
-0.0031809549787
-0.00443781373425
-0.00431084174522
-0.00552046271162
-0.00452577267083
-0.0034401585607
-0.00551872655814
-0.00449853635486
-0.005604474168
-0.00438861024618
-0.00563906904418
-0.00559838943692
-0.00696250976417
-0.00600641882809
-0.00729035270709
-0.00711189186833
-0.00158493810809
-0.00277221890124
-0.00330165483962
-0.00236302082259
-0.00356874463901
-0.00246446180411
-0.00456732797058
-0.00361476029153
-0.00482363154012
-0.00381879781477
-0.00579917342553
-0.00486035416222
-0.00383035870811
-0.00492701236278
-0.00370297249157
-0.00586417379167
-0.00494699481146
-0.00629920640927
-0.00533167029379
-0.00740139788358
-0.00637126347354
-0.00745447651538
-0.00196098890885
-0.00259426958642
-0.00387139173797
-0.0028420105582
-0.00254415328082
-0.0038613050103
-0.00289848899305
-0.00410633981445
-0.00393055295205
-0.00513995134453
-0.0041799781142
-0.0053619428119
-0.00506655700254
-0.00391468654378
-0.00522592620125
-0.00427177780234
-0.00561186459021
-0.00547199828438
-0.00664953516095
-0.00560690393522
-0.00667839479536
-0.00639793090742
-0.00186833700974
-0.00313549769974
-0.00290848703521
-0.00402686083862
-0.00313569622331
-0.00216251979122
-0.00420840719969
-0.00320043574044
-0.00446889269021
-0.00347813777342
-0.00548931182261
-0.0043450572612
-0.00548577325124
-0.00456422552167
-0.00357336228897
-0.00574044610962
-0.0047494590472
-0.00587872160506
-0.00481956386553
-0.00675465316185
-0.00554174105112
-0.00193254045031
-0.00318965205377
-0.00214472396338
-0.00329296915273
-0.00239097436847
-0.00446858684848
-0.00345170971926
-0.00251840519709
-0.00377670661317
-0.00359468562991
-0.0047563191565
-0.0036024028174
-0.00481225718744
-0.00471897074861
-0.00591425194109
-0.00500698109847
-0.00400404018591
-0.00512199022426
-0.00488539248088
-0.00593319947719
-0.00466427303558
-0.00339971865154
0.000656850936052
-0.00370132073533
-0.00163964086786
-0.000863518368268
-0.00155339035272
-0.00312983249745
-0.0034627460218
0.00059341060402
-0.00376513232281
-0.00170351587651
-0.000927730132526
-0.00161789225556
-0.00321453161203
-0.00352522487681
0.000530522050342
-0.00382838920391
-0.00176683337495
-0.000991381725025
-0.00168183169703
-0.00329868534866
-0.0035871545608
0.000468185943395
-0.00389109069881
-0.00182959267577
-0.00105447244773
-0.00174520796989
-0.00338229280021
-0.00142625906127
0.00040640294675
-0.00395323613257
-0.00189179309645
-0.00111700160762
-0.00181236763136
-0.00346535306348
-0.00148708845477
0.000345173719139
-0.00401482483513
-0.00195343395951
-0.00117896851672
-0.00189423181254
-0.00354786523918
-0.00154736673839
0.000284498914423
-0.00407585614139
0.000207414317
-0.0012403724921
-0.00197554913138
-0.00362982843201
-0.00160709327546
0.000224379181557
-0.00413632939124
0.000146894581669
-0.00130121285598
-0.00205631871156
-0.0014783809769
-0.00166626743417
0.00016481516456
-0.00419624392953
8.6936406289e-05
-0.00136148893572
-0.00213653968085
-0.00155924353426
-0.00172488858759
0.000105807502478
-0.00425559910619
2.75404481102e-05
-0.00142120006384
-0.00221621117107
-0.00163955444719
-0.00178295611375
4.73568293592e-05
-0.00431439427622
-3.12926407696e-05
-0.00148034557811
-0.00229533231819
-0.00171931283675
-0.00184046939558
-1.05362257874e-05
-0.00215070175293
-8.95622134376e-05
-0.0043566692107
-0.00237390226236
-0.0017985178282
-0.00189742782106
-6.78710390171e-05
-0.00220837499512
-0.000147434342553
-0.00441468153156
-0.00245192014794
-0.00187716855105
-0.00195383078312
-0.000124646991485
-0.00226548632644
-0.000204841252005
-0.00447777625147
-0.000303568873691
-0.00195526413908
-0.00200967767978
-0.00303648847305
-0.00232203512249
-0.000261682932222
-0.0045542491948
-0.000380480092239
-0.0020328037304
-0.00206496791414
-0.00309214486801
-0.00237802076414
-0.000317958754633
-0.0046301702626
-0.000456836710995
-0.00210978646751
-0.00211970089437
-0.00314724057658
-0.00243344263751
-0.000373668096007
-0.00470553863013
-0.000532637891607
-0.00218621149728
-0.00217387603382
-0.000979592771467
-0.00248830013404
-0.000428810338482
-0.00478035347702
-0.000607882800147
-0.00226207797109
-0.00222749275098
-0.00103356531811
-0.00254259265049
-0.000483384869603
-0.00263191580547
-0.000682570607156
-0.00233738504478
-0.00228055046955
-0.00108697539975
-0.00259631958899
-0.000537391082349
-0.00270562116773
-0.000756700487686
-0.00241213187873
-0.00233304861846
-0.00113982243411
-0.00264948035708
-0.000590828375171
-0.00277877057495
-0.000830271621338
-0.00248631763794
-0.00457316269166
-0.00338686088702
-0.000514746147961
-0.00162641652219
-0.00243934484536
-0.00348167966823
-0.00445355161043
-0.00465341238008
-0.00346899582201
-0.00059881848648
-0.00171247654744
-0.00252744012541
-0.0035718540694
-0.00454584415324
-0.00473306898805
-0.00355052594311
-0.000682274112927
-0.00179790782601
-0.00261489452141
-0.00366137538564
-0.00463747139205
-0.00481213150904
-0.00363145017501
-0.000765111878388
-0.00188270913041
-0.00270170672213
-0.0037502422168
-0.00472843183255
-0.00265859534324
-0.00371176744787
-0.000847330639632
-0.00196687923903
-0.00278787542245
-0.003838453169
-0.00481872398686
-0.00275173731635
-0.0037914766974
-0.00092892925918
0.000173462162673
-0.0028733993234
-0.00392600685472
-0.00490834637364
-0.00284430065537
-0.00387057686486
-0.00100990660538
-0.00190073064995
-0.00295827713229
-0.00401290189293
-0.00277536395218
-0.00293628421628
-0.00394906689722
-0.00109026155246
-0.0019829999016
-0.00304250756278
-0.00409913690913
-0.00286364238665
-0.00302768685926
-0.00402694574714
-0.00116999298062
-0.00206463313147
-0.00312608933494
-0.00418471053551
-0.00295124664994
-0.0031185074487
-0.00410421237307
-0.0012490997761
-0.00214562914855
-0.00320902117537
-0.00426962141097
-0.003038175288
-0.0032087448533
-0.00418086573933
-0.00132758083123
-0.00222598676822
-0.0032913018173
-0.0043538681813
-0.00312442685382
-0.00329839794614
-0.000347455949186
0.000823281343836
-0.00230570481226
-0.00337293000061
-0.00221551593318
-0.00320999990759
-0.00338746560467
-0.000438576373006
0.000746055067653
-0.00238478210896
-0.00345390447199
-0.00229843045842
-0.00329489301678
-0.00347594671087
-0.000529099404102
0.00066945781751
-0.00246321749324
-0.00353422398498
-0.00238067685788
-0.00337910475627
-0.00356384015124
-0.000619023855399
0.000593490675965
-0.00254100980663
-0.00361388730006
-0.00246225380567
-0.00346263370842
-0.00365114481689
-0.000708348544554
-0.00160599649583
-0.00261815789745
-0.00369289318478
-0.00254315998324
-0.00354547846322
-0.00373785960358
-0.000797072294027
-0.00168070019837
-0.0026946606208
-0.00377124041376
-0.00262339407944
-0.00362763761835
-0.00382398341182
0.00134806917401
-0.00175477058361
-0.00277051683871
-0.00162522562127
-0.00270295479064
-0.00370910977932
-0.00390951514688
0.00126055081699
-0.00184192380725
-0.00284572542017
-0.00170225189165
-0.00278184082084
-0.00378989355956
-0.0039944537189
0.00117363690279
-0.00193086328851
-0.00292028524121
-0.00177861587382
-0.00286005088172
-0.00386998758054
-0.00407879804292
0.00108732858908
-0.00201918570513
-0.00299419518501
-0.00185431637178
-0.00293758369276
-0.00394939047184
-0.00779539605014
-0.00574776692042
-0.00411532398158
-0.00625812719151
-0.00873383099551
-0.00706025553083
-0.0050462920359
-0.00761865449955
-0.00559382497611
-0.00395739369709
-0.0061005058275
-0.00854552515241
-0.00687316363562
-0.00707287857971
-0.00744059852327
-0.005438394155
-0.00379799699203
-0.00594141868775
-0.0083560017862
-0.00668485186
-0.00692895264732
-0.00726124376377
-0.00528148999226
-0.00363714961484
-0.00578088145302
-0.00816527628428
-0.00649533542589
-0.00679254763865
-0.00708060572768
-0.00512312795183
-0.00528156084681
-0.0056189097211
-0.00797336387099
-0.00630462939799
-0.00665458895541
-0.00689869978409
-0.00496332342273
-0.00511785902949
-0.00545551900329
-0.00778027960705
-0.00611274868304
-0.00651509054867
-0.00671554116296
-0.00480209171537
-0.0071854938981
-0.00529072472102
-0.00758603838908
-0.00591970802933
-0.00637406635585
-0.00653114495366
-0.0046394480581
-0.0070189995765
-0.00512454220267
-0.00739065494932
-0.00794744814166
-0.0062315302964
-0.00634552610374
-0.00447540759392
-0.00685113199066
-0.00495698668057
-0.00722218742248
-0.00775213121926
-0.00608749626744
-0.00615869941772
-0.00430998537735
-0.00668190633295
-0.00478807328812
-0.00705508653267
-0.00758550955506
-0.00594197813971
-0.00597067955609
-0.00414319637143
-0.00651133769271
-0.00461781705708
-0.0068866438926
-0.00743770216103
-0.0057949897535
-0.00578148103441
-0.00397505544489
-0.00633944105366
-0.00444623291505
-0.00671687410343
-0.00728843544607
-0.00564654491476
-0.00559111822253
-0.00603831800271
-0.00616623129151
-0.00427333568302
-0.00654579166775
-0.00713772335763
-0.006880799712
-0.00539960534398
-0.00586751745078
-0.00599172317176
-0.00409914007319
-0.00859533617149
-0.00698557979848
-0.00672948323022
-0.00520695647537
-0.00786521689988
-0.00581593134755
-0.00811400085928
-0.00842167154513
-0.00683201862319
-0.00657675147102
-0.005013185546
-0.00769181500189
-0.00565024761034
-0.00793725218461
-0.00824673716654
-0.00667705363471
-0.00642261806685
-0.00481830633753
-0.00751713402406
-0.00548440066215
-0.00775924859527
-0.0080705471225
-0.00652069858111
-0.00626709659835
-0.00463286368252
-0.00734118821822
-0.00531722078937
-0.00758626205461
-0.0078931153911
-0.00636296715247
-0.0061102005912
-0.0066835847398
-0.00716399172621
-0.00514872219921
-0.00964527422455
-0.00771445584002
-0.00620387297782
-0.00595194351317
-0.00650694239384
-0.00698555857808
-0.00497891900737
-0.00947586889446
-0.00753580547749
-0.0060434296223
-0.00801426535234
-0.00632907620875
-0.00680590269059
-0.00480782523577
-0.00930517313518
-0.00736690308925
-0.00588165058432
-0.00785332628984
-0.0088667764549
-0.00404298315573
-0.00615816377289
-0.00604279599082
-0.00445585082946
-0.0061381384627
-0.00780156499223
-0.0086538608622
-0.00383936433856
-0.00595761336112
-0.00584807283546
-0.00426854400449
-0.00832932742933
-0.00760226544648
-0.00843971409894
-0.0036344650694
-0.00575579065634
-0.00815267962452
-0.00630364204831
-0.00813201746271
-0.00740187013171
-0.00822435783744
-0.00342830599878
-0.00555271524515
-0.00795538914565
-0.00611372852461
-0.00795050659569
-0.00720039334167
-0.00800781336246
-0.00639819637816
-0.00534840643206
-0.00775684293975
-0.0059225379458
-0.00776770379155
-0.00699784919774
-0.00779010157562
-0.00618957838312
-0.00514288324062
-0.00978693891567
-0.00573008757712
-0.00758362502707
-0.00679425164938
-0.00757124299993
-0.0059797606336
-0.00493616441481
-0.00958593590845
-0.00553639448469
-0.00739828612547
-0.00658961447469
-0.00735125778446
-0.00576876251748
-0.00696101696997
-0.00938373134135
-0.00534147553501
-0.00721170275507
-0.00638395128108
-0.00713016570915
-0.0055566031127
-0.00675196199679
-0.00918034278549
-0.00514534739462
-0.0070238904281
-0.00617727550597
-0.00690798618966
-0.00534330118994
-0.00654176595971
-0.00897578757098
-0.00494802652989
-0.00683486449973
-0.00598248879819
-0.00668473828243
-0.00735279994907
-0.00633044650124
-0.00877008278786
-0.00474952920704
-0.00664464016712
-0.00580111779116
-0.00646044068965
-0.00713726808726
-0.00611802099342
-0.0085632452873
-0.00454987149217
-0.00645323246873
-0.00561854883428
-0.00623511176446
-0.00692064820416
-0.00590450654012
-0.00835529168278
-0.00434906925156
-0.00626065628365
-0.00543479563883
-0.0082326942498
-0.00670295787029
-0.00568991997937
-0.00814623835154
-0.00414713815207
-0.00606692633117
-0.00526209052369
-0.00800535634884
-0.00648421436389
-0.00547427788579
-0.00793610143606
-0.00771850284392
-0.00587205717035
-0.00509307557681
-0.00777704013241
-0.0062644346743
-0.00525759657314
-0.00772489684567
-0.00751436023195
-0.0056760631998
-0.00716863613519
-0.0075477626095
-0.00604363550529
-0.00503989209693
-0.00751264025825
-0.00730913457046
-0.00547895865755
-0.00699709409068
-0.00731754046625
-0.00582183327854
-0.00482118025715
-0.00729934712204
-0.00710284073462
-0.00528075762097
-0.00682430846117
-0.00708639007122
-0.00559904413716
-0.004601476601
-0.00708503265757
-0.00689549340376
-0.00730341083252
-0.0066502924336
-0.00685432748073
-0.00537528394925
-0.00438079642576
-0.00686971185956
-0.00668710706239
-0.00710305839728
-0.00647505910106
-0.00662136844409
-0.0051505683115
-0.00416006269337
-0.00665339949902
-0.00869963282696
-0.00690165073712
-0.00629862146115
