0.00397381912185
0.00408711903739
0.00119854329861
0.00393919841049
0.00308267381754
0.00167900205459
-0.00148200342492
0.00392223801082
0.00398804654853
0.0010997886075
0.00384102853141
0.00298534166245
0.0015827411004
-0.00157698327631
0.00385435510938
0.00388995325535
0.00100201072503
0.00374383104931
0.00288897554212
0.00148743797296
-0.00167101522315
0.00375720225114
0.00379284268092
0.000905213143072
0.00364760939909
0.00279357881074
0.00139309592488
-0.00176409613196
0.00366103594643
0.00369671832966
0.000809399334905
0.0035523669971
0.00269915480407
0.00129971819047
-0.00185622288735
0.00453338556182
0.00169093165289
0.000714572754687
0.00345810724065
0.00260570683894
0.0012073079853
0.00184379549743
0.00443920281299
0.00159679018415
0.00186249902798
0.00336483350749
0.00251323821276
0.0011158685057
0.00175358632052
0.00434601702654
0.0015036453348
0.001769657187
0.00327254915528
0.00399042538158
0.00102540292833
0.0016643405303
0.00425383163125
0.00141150052943
0.00167781281642
0.00318125752111
0.00389992524537
0.000935914409628
0.00339646059128
0.00416265003456
0.00132035917129
0.00158696928861
0.00309096192093
0.00143301963201
0.000847406085404
0.00330915066992
0.00407247562207
0.0012302246418
0.00149712995415
0.00300166564908
0.00134450092985
0.000759881070321
0.00322281318966
0.00398331175696
0.00114110029998
0.00585590453354
0.00291337197771
0.00125697774489
0.000673342457433
0.0031374511268
0.00389516177945
0.0010529894819
0.00576808354779
0.00282608415631
0.00117045324749
0.000587793317703
0.00305306743597
0.00380802900629
0.000965895500154
0.00568127667116
0.00273980541118
0.00108493058512
0.000503236699522
0.00296966504967
0.00372191673016
0.000879821643311
0.00559548716176
0.00265453894487
0.00100041288178
0.000419675628233
0.00288724687784
0.00363682821917
0.000794771175364
0.00551071825328
0.00257028793572
0.000916903237556
0.000337113105648
0.00280581580737
0.0035527667163
0.00165488211447
0.00542697315437
0.00248705553727
0.000834404728084
0.000255552109575
0.00272537470169
0.00346973543884
0.0015718881153
0.00318332031682
0.00368260641162
0.000752920404061
0.000174995593334
0.00264592640029
0.00338773757785
0.00148992714413
0.00310163236041
0.00360142059353
0.000672453290741
0.00566538878084
0.0025674737183
0.00330677629765
0.00140900236123
0.00302097768426
0.00352126269293
0.00059300638743
0.00558684998389
0.00249001944602
0.00322685473522
0.00132911689957
0.00294135939169
0.0034421357591
0.000514582666985
0.00550932437506
0.00241356634848
-0.000324925286796
-0.000701702154333
-0.000789579784004
-0.00201410473665
0.00026406624928
0.000373651201682
0.0027288186417
-0.00290399558982
-0.000812750944627
0.00138213286283
-0.00213064608076
0.000157062558123
0.000264757478592
0.00263303398823
-0.00301201537644
-0.00092280697784
0.00127460297294
0.00137755386938
5.11154228287e-05
0.000156933470091
0.00253837481602
-0.00311905115337
-0.0010318660585
0.00116809432253
0.00126303687746
-5.37706332743e-05
5.01839198994e-05
-0.000262244647424
-0.00081085285629
-0.00113992400578
0.00106261116596
0.00114953899748
-0.000157591106691
-5.54864478622e-05
-0.000354639518241
-0.000915908705725
-0.00124697665415
0.000958157739914
0.00103706483576
-0.000260341514545
-0.000160072929517
-0.000445895629931
-0.00101996866907
-0.00135301985402
0.000854738262778
0.000925618984455
-0.000362017395374
-0.000263570842682
-0.00053600861905
-0.00112302882022
-0.00145804947237
0.000752356933896
0.00081520602088
-0.000462614309925
0.00185594965701
-0.000624974154907
-0.00122508525044
-0.00156206139342
0.000651017932888
0.000705830506757
-0.000562127841954
-0.000889821535062
-0.000712787940474
-0.00132613406894
-0.00166505151928
0.00055072541895
0.000597496987468
-0.000660553599035
-0.000990025874235
-0.000799445713283
-0.00142617140353
-0.00176701577062
0.000451483530139
0.00271213983205
-0.000757887213367
-0.00108912314549
-0.000884943246337
-0.00152519340118
-0.00186795008731
0.000353296382669
0.00260590386945
-0.000854124342588
-0.00118710878582
-0.000969276349012
0.00200027071003
-0.00196785042912
0.000256168070192
0.00250072343225
-0.000953865452066
-0.00128397825874
-0.00105244086796
0.0019032908654
0.000404947487487
0.000160102663086
0.0023966029929
-0.00105973837452
-0.00137972705514
-0.00113443268804
0.0018073377954
0.000307127133293
6.51042077316e-05
0.0022935470037
-0.000185265893981
-0.00147435069414
-0.00121810592895
0.00171241527005
0.000210352748689
-2.88232742072e-05
0.00219155989602
-0.000288979356269
-0.00156784472408
-0.00131302367078
0.00161852703707
0.000114628287645
-0.000122205239701
0.00209064607953
-0.000391606152591
-0.00166020472329
0.000821816372637
0.00152567682127
1.99576808634e-05
-0.000218488660675
0.00199080994138
-0.000493141688721
-0.00175142630107
0.000729198346249
0.00143386832385
-7.3655164905e-05
-0.000316135802456
0.00189205584543
-0.000593581393765
-0.00184150509858
0.000637737015407
0.00134310522184
-0.00016620636755
-0.000427761219452
-0.000838405838932
0.00153084382521
-0.00193043678968
0.000547436894612
0.00125339116739
-0.000257692070291
-0.000538354143341
-0.000936917000279
0.00143260939744
-0.00201821708192
0.000458302464122
-0.000298586948878
-0.000949536039234
-0.00299461342974
-0.00345051009596
-0.00193367125374
-0.000235122310513
-0.00243331928033
-0.00279266462524
-0.000916323573851
-0.00541478134263
-0.00163833891157
-0.00187864302185
-0.00405331979607
-0.00439982413808
-0.00271672505514
-0.000692677696994
-0.00495710448806
-0.00310287690915
-0.00334100374975
-0.00345307953851
-0.00383852882119
-0.00279989374345
-0.00344319012864
0.000890231864641
-0.00330443221987
-0.00178616536608
-0.00238613720317
-0.00228360656543
-0.00264220478966
-0.000859401023884
-0.00535746600866
-0.00349932097936
-0.00182083426979
-3.07078912594e-05
-0.00443025137589
-0.00249742930471
-0.00269558110921
-0.00277788376968
-0.00314581283167
-0.00116215550209
-0.00533981886279
-0.0038845096121
-0.00260293041829
-0.00101160113422
-0.00157851707752
-0.000893539372464
-0.00160838853666
-0.00220689977967
-0.00425560355326
-0.00246088400996
-0.000771114939065
-0.00526857196868
-0.00340996733235
-0.00369669033664
-2.88645774062e-05
-0.00445544085633
-0.00256059227207
-0.00275892510295
-0.00469515664502
-0.00315599998558
-0.00117237812984
-0.00535262001461
-0.00351601991027
-0.00237697551028
-0.000777583382165
-0.00134273257356
-0.00322280142496
-0.0014005594267
0.000237381024384
-0.00404469569598
-0.00218795693755
-0.00279770869423
0.00108708971793
-0.00328899230214
-0.00366295710884
-0.00191153118699
-0.0044860445602
-0.00259134040587
-0.00278976148146
-0.00468922986768
-0.00504056381636
-0.00114972334322
-0.00144159808691
-0.00358030947663
-0.00212228577918
-0.000514645258155
-0.00107782249937
-0.00301185493658
-0.00369802923265
0.000476939635174
-0.00380356872001
-0.00204106387874
-0.0026470828228
-0.000900904415958
-0.00313655736553
-0.00137347333264
-0.00189387004983
-0.00416955665401
-0.00258963056377
-0.000566120614731
-0.00468751341489
-0.00498525657082
-0.00303360195204
-0.00156462963651
-0.003703899506
-0.00242662622807
-0.00303732684787
0.00139028675285
-0.00289172753613
-0.00349983041215
-0.001792924052
0.000235255108315
-0.00198948190698
-0.00252487008731
-0.000718145569301
-0.00497839324185
-0.00128160343419
-0.0018600853614
-0.00413555170292
-0.00446260702604
-0.00243899810334
-0.000600329234931
-0.00267536546274
-0.00312315541468
-0.00133997079885
-0.00379444091843
-0.00211535171959
-0.00271747375033
-0.00127942742836
-0.00274179725527
-0.00111798421235
-0.00160801435546
8.23710838668e-06
-0.00190696468125
-0.000207985504195
-0.000621147526242
-0.00480758831678
-0.00323565229145
-0.00179425310741
-0.00406929086409
-0.00439603396192
-0.00237223427717
-0.00244064023939
-0.00261281769107
-0.00317988813963
-0.00139707018003
-0.00575860934429
-0.00177628059842
-0.00249421769003
-0.00110157737511
-0.00182078942763
-0.000936968602473
-0.00142580185782
0.000120575238725
-0.00418209568716
-0.00248197010236
-0.00050630439805
-0.00246220070761
-0.00313866006487
-0.0014860198263
7.42610050456e-05
-0.0020752193227
-0.00227306400431
-0.00236843888157
-0.00461087932768
-0.00320371834312
-0.00142105457845
-0.00578270332967
-0.00426389423462
-6.70070501337e-05
-0.000894583480887
-0.00161182147126
-0.00346272059852
-0.00121375726869
0.00026333089512
-0.00403806217932
-0.00233687416845
-0.00274854779981
-0.00231568494236
-0.00301009964249
-0.00135640568361
-0.00180849410421
-0.00198493807694
-0.00225892865066
-0.000181853136315
-0.00476259577435
-0.00303847822811
-0.00149991202782
-0.00356807835433
-0.000527330554442
-0.00268826751385
-0.000658682725354
0.000848583703222
-0.00322266769997
-0.00154112069101
0.000436327428134
-0.00386352381851
-0.00216105404347
-0.00257172449619
-0.000641895549615
-0.00285014214033
-0.0012490714938
-0.00177613709304
-0.00392832884758
-0.0042023305453
-0.000203574761938
-0.00488180876671
-0.00315856352967
-0.00352779146569
0.000363633936997
-0.000268718279383
-0.00242654466815
-0.00324877427545
0.00111561579133
-0.00295350200472
-0.0013401746939
-0.00210320612263
-0.00404227303364
-0.00195473243001
-0.0001619206757
-0.000518846650829
-0.00280169592994
-0.00121995055639
-0.00174679696898
-0.003898819476
-0.00417270458253
-0.00222604791568
-0.0009154607966
-0.00324573838595
-0.00361544263474
-0.00163146657661
1.76492182194e-05
-0.00213675705195
-0.00295588917293
-0.00144372663207
-0.00265553439404
-0.00110973782397
-0.00187039888086
-0.000292435779401
-0.00439446815473
-1.34089322649e-05
-0.000459067504114
-0.00274127191089
-0.00339017102096
0.000544211591721
-0.00383702738556
-0.00188487663855
-0.00227930274105
-0.000680330195015
-0.00329987602263
-0.00366987669362
-0.00168609314402
-0.000305020014693
-0.00181921721499
-0.000413047541749
-0.00111984359754
-0.00302600602123
-0.000958158654888
-0.00163196335077
-0.000112893743405
-0.00421643826111
-0.00245738740533
-0.000388253509622
-0.00264935927974
-0.00329741486509
-0.00158845266772
-0.00198901613462
-0.0017905175636
-0.00229998093921
-0.000701197909563
-0.00523097758407
-0.00146908623405
-0.00170730456586
3.59283178902e-05
-0.00432939746286
-6.44660437693e-05
-0.000768057839224
0.000575325730549
-0.00364562764599
0.000760575932694
9.37337963075e-05
-0.00177973767936
-0.00224775976338
-0.000684115027945
-0.00252607950966
-0.00317300715265
-0.00146311472449
-0.00186295999697
-0.00374798352424
-0.00228805322594
-0.000689160864348
-0.00521885190084
-0.00336601687793
-0.00169506923503
0.000403655976371
-0.00395738766898
-0.00254371554395
-0.000590224264531
0.000754635376886
-0.00346448816477
-0.00189785287692
-0.00251102676561
-0.00154145266069
-0.0020079492085
-0.000553995801449
-0.00125249219917
-0.000782459795727
-0.00130606086906
0.000529561762906
-0.0035894160369
-0.00209522244609
-0.000644236424193
-0.00517359692591
-0.00332051401831
-0.00355852819053
0.000614024609842
0.00192399419095
-0.00233336905348
-0.00323937883673
0.000962979640076
-0.00325402872438
-0.00168555413297
-0.00224513973131
-0.00406251119646
-0.00182738484815
-0.00039306541759
-0.00107026152474
-0.00307213548288
-0.00111750260887
0.000719190797859
-0.00351147212011
-0.00201817965943
-0.00264376517717
-0.00287239435094
-0.00324176768708
-0.0012567906896
-0.00214515474772
0.00206838736053
-0.00218748559437
-0.000782986740236
-0.00165501154098
-0.000792566258838
-0.00144393787983
0.00024152922244
-0.000308747114186
-0.00442696955429
-0.000201528536989
-0.000876923309658
-0.00285393212489
-0.00337453820231
-0.00162182852088
-0.0034357567726
-0.00190871938886
-0.00253330692152
-0.000799299833675
-0.00312989380383
-0.00114452284972
-0.00197460841
-0.000656971716161
-0.00201320631241
-0.0005202920406
-0.00138933804037
-0.00337936346495
-0.00402841980322
0.000514118493901
1.76674173066e-05
-0.00198430347098
-0.00277368910781
0.0015749393944
-0.00260498007436
-0.000945078033651
-0.0015147515492
-0.00565159140737
-0.00176699506456
-0.00239029519214
-0.000655244606422
-0.00496271589147
-0.00099917707763
0.000450531198058
-0.000456535749629
-0.00467009435114
-0.000284715750461
-0.00109542769319
0.000368734380427
-0.00372904256579
-0.00203951217481
0.00037273633057
-0.00173500245818
-0.00252169800741
-0.000969667849718
-0.00235018694426
-0.000807413796104
-0.00137597707815
0.000411049546795
-0.00391446768215
1.7146797008e-05
-0.000478608436753
-0.00255709670012
-0.00284632619523
0.000676120111642
-0.00022838050591
-0.00221660479951
-0.00291047679506
0.00144832444157
0.000693737287678
-0.00117935130328
-0.00170944037352
-0.0021826892926
-0.00145621861323
-0.0022399276881
-0.000685299415527
-0.00487514290971
-0.00333713430254
-0.00120569147657
0.000582411699925
-0.00370884934815
-0.00209416397086
-0.000269642826736
-0.00234700783576
-0.0027054583497
-0.00208192429912
2.72568277938e-05
0.00145570358258
-0.00264997202291
-0.0010596223489
0.00104655173076
-0.00082356694045
-0.00135117276695
0.000343518720519
-0.00399951659877
0.00029428976884
-0.000391896186308
0.00102829994673
-0.00313716161912
-0.00370277109388
0.000785249331385
-0.00347168431154
-0.00185487995635
-0.00234742005603
-0.00210472006578
-0.0025318326217
0.00154273747662
0.00413104116417
0.00106111698616
0.000296929470802
-0.000911843225549
0.00258018838708
0.00148052558874
0.00136994177205
0.00397560211296
0.00313068973899
0.000143848305832
-0.00105432940718
0.00243901988072
0.00134841794439
0.00119774018307
0.00382080954434
0.00297695135521
-8.58919283211e-06
0.00102578525013
0.00229851599676
0.00121699104487
0.0010261357468
0.00366666641061
0.00282386114014
-0.000160380174711
0.000884636335962
0.00215867939589
0.00330643753567
0.000855131510426
0.00351317566957
0.00267142200553
-0.000311521784668
0.000740449798763
0.00201951274028
0.00151987527011
0.000684730531171
0.00336034028438
0.00251963686809
-0.000462011163051
0.000591482391105
0.00188101869342
0.00138288047722
0.000514935876143
0.0032081632234
0.00236850864939
-0.000611845445845
0.000443167813
0.00174319991995
0.00124655751466
0.000345750622254
0.00305664746005
0.00221804027563
-0.000761021764815
0.00446014313741
0.00160605908555
0.00111090897712
0.000177177856116
0.00290579597264
0.00206823467755
-0.000909537247666
0.00431314262347
0.00146959885669
0.000975937459723
9.22067393468e-06
0.00121236646591
0.00191909479024
-0.0010573890182
0.00416680335109
0.00133382190051
0.0008416455579
-0.000158117818603
0.00106285248408
0.00177062355299
-0.00120457419645
0.00402112813099
0.00119873088468
0.00070803586718
-0.00032483450644
0.00313773624023
0.00162282390911
-0.00135108989889
0.00387611977696
0.00106432847714
0.000559573195379
-0.000490926265263
0.00298957173194
0.0014756988058
0.000724991014264
0.00373178110571
0.000930617346025
0.000403427199402
0.0035835873758
0.00284208645889
0.00132925119396
0.000579822927619
0.0019392213569
0.00301953279412
0.000247905969596
0.00341875488437
0.00269528342534
0.00118348402799
0.000435332987305
0.00179623051231
0.0028872122199
9.30122854159e-05
0.00325455674923
0.00254916563924
0.00103840026568
0.000291524089563
0.00165391781661
0.00275559092556
-6.1251068486e-05
0.00309099613049
0.00240366014103
0.000894002867991
0.00014839913338
0.00151228609661
0.00262467157803
-0.000214881302391
0.00292807619692
0.00224214993758
0.000750294798873
5.96102031807e-06
0.00137133818118
0.00249445684348
-0.000367875621644
0.00276580012575
0.00208128259822
0.000607279025104
-0.00013578734567
0.00123107690114
0.00236494938716
-0.00052023122679
0.00260417110261
0.00192106124851
0.000464958516093
-0.000276843058417
0.00109150508903
0.00223615187316
-0.000671945313705
0.00244319232133
0.00176148902163
0.000323336243697
-0.00041720320973
0.000952625578957
0.00210806696428
-0.000823015073741
-0.0009702779404
-0.000192773297661
0.00237732003142
0.0028408564487
0.000600651265837
0.000282225941202
0.00229670846585
0.00304431791414
-0.000345220386231
0.00222250087117
0.00268386217623
0.000477953468964
0.000156768852449
0.00216858730258
0.0028950710368
-0.000497000844776
0.00206835137035
0.00252754004129
0.000356044073721
3.21106003763e-05
0.002041274588
0.00496852703936
-0.000648111637689
0.00191487467453
0.00237189329091
0.00424432940559
-9.17455970804e-05
0.00191477371923
0.00313505148424
-0.000798549724419
0.00176207393515
0.00221692517892
0.0041240059207
-0.000214796525549
0.00178908809061
0.00298781119093
-0.000948312059638
0.00160995230933
0.00206263896577
0.00400447993576
-0.000337038974525
0.00166422109336
0.00284124561511
-0.00109739559341
0.00145851295974
0.00190903791833
0.00388575447428
0.00177596403995
-0.000716262020825
0.00269535769085
-0.00124579727138
0.00130775905441
0.00175612530971
0.00376783255469
0.00165534816447
-0.000839481595733
0.00255015035558
-0.00139351403492
0.00115769376652
0.00160390441913
0.00365071719001
0.00153555037373
-0.000961872387542
0.00240562654993
-0.00154054282133
0.00100832027426
0.00368461438801
0.00353441138761
0.00141657385965
-0.00108343102078
0.0022617892175
-0.00168688056401
0.000859641760588
0.00353378679442
0.00341891814884
0.00129842180878
-0.00120415412474
0.00211864130474
-0.00183252419266
0.000711661413105
0.00338366079099
0.00330424046883
0.00118109740187
-0.00132403833388
0.00197618576073
0.000248469482295
0.000564382423816
0.00323423967929
0.00319038133611
-0.00107558105077
-0.00144308028808
0.001834425537
0.00421385366772
0.000417807988946
0.00308552676601
0.00307734373235
-0.00119124065202
-0.0015612766331
0.00169336358738
0.00407031083726
0.000271941308744
0.0029375253627
0.00296513063205
-0.00130606310471
-0.00167862402085
0.00155300286775
0.00392747443536
0.000126785587274
0.00279023878562
0.00285374500223
-0.00142004525431
0.000437499520138
0.00141334633589
0.00378534754798
-1.76559677859e-05
0.0026436703555
0.00274318980213
0.00229877444453
0.000321860064645
0.00127439695127
0.00364393326366
-0.00016138014536
0.00249782339734
0.000493283118489
0.00218648233478
0.000207079569973
0.00113615767487
0.00350323467323
-0.000304383731184
0.00235270124015
0.00261914059959
0.00207503994599
9.31613558651e-05
0.000998631468956
0.00336325486966
-0.000446663508023
0.00220830721678
0.0024754998675
0.00196445040111
-1.98912659431e-05
0.000861821296872
0.00322399694784
-0.000588216255889
0.00205721803999
0.00231303203391
0.0018547168143
-0.00013207499209
-0.00715667851081
-0.00642417527244
-0.00789165895624
-0.00276338411611
-0.00462207720951
-0.00602458614052
-0.00519461969257
-0.00718212422984
-0.00645477717522
-0.00792296669484
-0.00279572133288
-0.00465524079247
-0.00605851614634
-0.00520180107132
-0.00720645464183
-0.00648423976784
-0.00348276102717
-0.00504879069982
-0.00468718155772
-0.00609119575881
-0.00522655812454
-0.00725355948615
-0.00651256176165
-0.00351173729021
-0.00507874035307
-0.00471789789287
-0.00612262325197
-0.00525862364986
-0.00730028348857
-0.00653974191606
-0.00353954579782
-0.00510749403621
-0.00474738824469
-0.00615279696301
-0.00528941048696
-0.00690708607614
-0.00879068072991
-0.00356618527361
-0.00513505036401
-0.00477565111945
-0.00618171529268
-0.00531891693781
-0.00695161209786
-0.00881557367735
-0.00359165449312
-0.00516140800692
-0.00480268508332
-0.00620937670571
-0.00534714137218
-0.00699503634989
-0.00437697678268
-0.00361595228407
-0.00518656569138
-0.00482848876273
-0.00623577973121
-0.00537408222809
-0.00703735703464
-0.004399578144
-0.00363907752665
-0.00521052220014
-0.00461264551
-0.00626092296307
-0.00763325443712
-0.00707857239641
-0.0044210321929
-0.00366102915376
-0.00523327637252
-0.0046359847425
-0.00628480506033
-0.00765762372523
-0.00711868072179
-0.00444133798241
-0.00368180615124
-0.00525482710471
-0.00465808993473
-0.00630742474751
-0.00768070516255
-0.00715768034001
-0.00446049461529
-0.00370140755815
-0.00527517335005
-0.00690555479295
-0.00632878081498
-0.00770249746414
-0.00273322505127
-0.00447850124422
-0.00371983246693
-0.00529431411924
-0.00692518857872
-0.00634887211927
-0.00772299941526
-0.00277000241493
-0.00449535707199
-0.00373708002367
-0.00531224848063
-0.00694358512224
-0.00636769758335
-0.00774220987172
-0.00280566631814
-0.00451106135166
-0.00597507461238
-0.0053289755604
-0.00696074348057
-0.00638525619695
-0.00776012776016
-0.00284021526388
-0.00453783756313
-0.0059899651187
-0.00534449454279
-0.00697666277335
-0.00640154701681
-0.00330801770224
-0.00287364779942
-0.00457199914935
-0.00600367603483
-0.00535880467032
-0.00699134218308
-0.00641656916695
-0.00332334751945
-0.00513168097753
-0.00429843147692
-0.00601620672317
-0.00537190524393
-0.00700478095526
-0.00643032183889
-0.00333738197656
-0.00516287651286
-0.00433030842453
-0.0060275566006
-0.0053837956232
-0.00701697839864
-0.00644280429186
-0.00335012028641
-0.00519295154813
-0.00436104092003
-0.00603772513862
-0.00539447522645
-0.00702793388537
-0.00645401585302
-0.00336156173397
-0.00522190481047
-0.00439062760585
-0.00604671186348
-0.00540394353094
-0.00703764685117
-0.00418453087774
-0.00337170567657
-0.00498427425209
-0.0071425630777
-0.00693579044885
-0.00935782166238
-0.00742776165468
-0.00320486547406
-0.00689335056469
-0.00506930546363
-0.00722741329651
-0.00696346830096
-0.00938539286294
-0.00745515480485
-0.00546826462417
-0.00571354772787
-0.00515333849667
-0.00731126709796
-0.0054852146997
-0.00516221576543
-0.00748148907924
-0.00550662166617
-0.0057516406995
-0.00523637031348
-0.00739412146264
-0.00551075212058
-0.00518765465764
-0.00750676348509
-0.00554393535788
-0.0080207543195
-0.0053183979004
-0.0074759733951
-0.00556809212131
-0.00521202591692
-0.00753097706839
-0.00558020432224
-0.00805677315396
-0.00539941826835
-0.00755681992438
-0.00564854729612
-0.00523532861035
-0.00755412891413
-0.00561542721843
-0.00809175293177
-0.00547942845327
-0.00763665810449
-0.00572799825809
-0.00525756184488
-0.0075762181464
-0.00564960274213
-0.00812569237516
-0.00555842551666
-0.00771548501487
-0.00580644212682
-0.00531795726497
-0.00759724392864
-0.00568272962569
-0.00815859024238
-0.00563640654602
-0.00363691780038
-0.00588387604759
-0.00539445672683
-0.00761720546372
-0.00571480663845
-0.00819044532788
-0.00571336865535
-0.00371371351374
-0.00596029719188
-0.00546994764034
-0.00768046376191
-0.00574583258687
-0.00822125646255
-0.00578930898563
-0.00378948935309
-0.00603570275776
-0.00554442726547
-0.00775436397154
-0.00577580631483
-0.00392295882477
-0.00586422470533
-0.00386424250442
-0.00611008997043
-0.0056178928892
-0.00782725706482
-0.00580472670379
-0.0039516786973
-0.00593811301082
-0.00393797018151
-0.00618345608262
-0.00569034182591
-0.00789914041585
-0.00583259267302
-0.00397935133241
-0.00824608756401
-0.00401066962648
-0.0062557983751
-0.00576177141785
-0.00797001142612
-0.00585940317981
-0.00400597570881
-0.00831791274445
-0.0040823381102
-0.00632711415714
-0.00443632766192
-0.00803986752502
-0.00588515721962
-0.00403155084263
-0.0083887022723
-0.00638597061099
-0.00639740076691
-0.00450571070481
-0.00810870617021
-0.00592025339005
-0.00405607578764
-0.00845845346049
-0.00645556910224
-0.00646665557203
-0.00457406660137
-0.00391656505348
-0.00599237919756
-0.00407954963537
-0.00852716365227
-0.00652412862217
-0.00875924121921
-0.0046413928098
-0.00398336127951
-0.00606349946774
-0.0041019715153
-0.00859483022165
-0.00659164656139
-0.00882642463767
-0.00470768681837
-0.0040491325988
-0.00613361165443
-0.00412334059505
-0.00866145057392
-0.00665812034164
-0.0088925685352
-0.00699487412397
-0.00411387658641
-0.00620271323916
-0.00414365608049
-0.00872702214605
-0.0067235474162
-0.00895767040152
-0.00705909632013
-0.00640377051164
-0.00627080173151
-0.0041629172159
