-0.000369552407708
-0.00423605892118
-0.00202890385298
-0.00374651681362
-0.00315098252032
-0.00466232130892
-0.00299137612701
-0.000480528245732
-0.00437555350913
-0.00216311504205
-0.00387971411157
-0.00328276999472
-0.00479199344702
-0.000898726263321
-0.000590082753605
-0.004525869059
-0.00230968814346
-0.00401161030119
-0.0034132635745
-0.0049203829079
-0.00103553825552
-0.000698207367612
-0.00467495062778
-0.00245793103693
-0.00414219609051
-0.00354245421535
-0.00504748101343
-0.00117110546839
-0.000804893568223
-0.00482278808475
-0.00260493232292
-0.00427146219246
-0.00367033288003
-0.00293976918984
-0.0013054190407
-0.000910132882785
-0.0049693712739
-0.00275068198068
-0.00439939932724
-0.00379689054059
-0.00306425859238
-0.00143847011006
-0.00293569303434
-0.00511469001599
-0.00289516996803
-0.00452599822455
-0.00169830241167
-0.00318743067365
-0.00157024981481
-0.00307964853028
-0.00525873411054
-0.0030383862234
-0.00465124962602
-0.00182219102855
-0.00335297339582
-0.00172943128768
-0.00322231948262
-0.00540149333802
-0.00318032066794
-0.00477514428758
-0.00194473163582
-0.00353255221241
-0.00190800509886
-0.00336369567017
-0.00554295746194
-0.00332096320765
-0.00267385721297
-0.0020659152655
-0.00371110035034
-0.0020855476669
-0.00350376685726
-0.00568311623117
-0.00346030373559
-0.00279501073206
-0.00218573297053
-0.00388860792557
-0.00226204921394
-0.00364252279602
-0.00582195938218
-0.00137640648438
-0.00291477988963
-0.00230417582719
-0.00406506498599
-0.00243749989657
-0.00377995322873
-0.00595947664142
-0.00151311262766
-0.0030331555238
-0.00242123493761
-0.00424046151222
-0.00261188980659
-0.00391604789028
-0.00609565772776
-0.00164848638375
-0.00507405032967
-0.00253690143226
-0.00441478741842
-0.00278520897191
-0.0040507965106
-0.00400856623948
-0.00178251761724
-0.005238078276
-0.00268804017849
-0.00458803255319
-0.00295744735742
-0.0041841888172
-0.00414204411865
-0.00191519619173
-0.00540093393662
-0.00284894962767
-0.00476049832751
-0.00312859486598
-0.00209429028499
-0.00427415496099
-0.00204651197233
-0.00556260663822
-0.00300867877996
-0.00493421070921
-0.00329864133945
-0.00222493915013
-0.00440488848037
-0.00217645482836
-0.00572308565649
-0.00316721719203
-0.00510682814885
-0.00346757655972
-0.00235420089593
-0.00453423439606
-0.00230501463593
-0.0058823602177
-0.00332455437621
-0.00527834023585
-0.00140510877397
-0.00248488537675
-0.0046621824355
-0.00243218128075
-0.00604041950041
-0.00348067980217
-0.00544873649523
-0.00287593557061
-0.00266641452161
-0.00478872233716
-0.00255794466087
-0.00619725263723
-0.00363558289866
-0.0033846864728
-0.00304147514069
-0.00436619744239
-0.00497119908961
-0.00543084664594
-0.00634250215669
-0.00734406285981
-0.00439047160586
-0.00327975067362
-0.0045351003747
-0.00514480989109
-0.00560910844587
-0.00648088807633
-0.00748723837232
-0.00231398158311
-0.00344016018284
-0.00470279961031
-0.00531721422783
-0.00578616498552
-0.00661775590228
-0.00539655095608
-0.00246826172057
-0.00359905044858
-0.00486928325261
-0.00548839947972
-0.00596200296401
-0.00675309223969
-0.00555931765215
-0.00262101724058
-0.00375640428845
-0.00503453933563
-0.00565835294114
-0.00613660897759
-0.00466018361321
-0.00127052902682
-0.0027796253652
-0.00391220442989
-0.00519855582584
-0.00582706182266
-0.0063099695212
-0.00479241677128
-0.00203670633612
-0.00294513900879
-0.00406643351488
-0.00536132062391
-0.00599451325277
-0.00426013835541
-0.00493353641406
-0.00219517119626
-0.00310919437792
-0.00421907410483
-0.00552282156673
-0.00393875978245
-0.00443096704704
-0.00511319946611
-0.00235217110808
-0.0032717746915
-0.00437010868573
-0.00568304642936
-0.00410365737656
-0.00460050916278
-0.00529160139094
-0.00250769043956
-0.00343286306435
-0.00451951967355
-0.00362004796414
-0.00426725843179
-0.00476875081003
-0.00546872738447
-0.00266171348605
-0.00359244251112
-0.00466728941975
-0.00377768375496
-0.00442954976834
-0.00493567800435
-0.0056445625184
-0.00281422447435
-0.0037504959504
-0.00481340021723
-0.00393400644147
-0.00459051813479
-0.00510127667169
-0.00581909174199
-0.00296520756689
-0.00390700620904
-0.00495783430634
-0.00408900357354
-0.00475015021061
-0.00526553265076
-0.00599229988401
-0.00311464686616
-0.00406195602673
-0.00510057388121
-0.00424266265074
-0.00490843260864
-0.00542843169562
-0.00616417165486
-0.00326252641931
-0.00421532806074
-0.00524160109634
-0.0043949711249
-0.00506535187778
-0.00558995947823
-0.00633469164879
-0.00342194455425
-0.00436710489096
-0.00538855456032
-0.00454591640286
-0.00522089450576
-0.00575010159134
-0.00650384434633
-0.00358073371368
-0.00451726902507
-0.00554303232695
-0.00469548584922
-0.00537504692203
-0.00590884355134
-0.00667161411686
-0.00373801300744
-0.00466580290404
-0.00346739557296
-0.00484366678926
-0.0055277955008
-0.00606617080138
-0.00683798522133
-0.00389376577227
-0.0025948915867
-0.00361856464542
-0.00499044651194
-0.00567912656415
-0.00622206871455
-0.00700294181516
-0.00404797526413
-0.0027548825724
-0.00376805104905
-0.00513581227301
-0.0058290263853
-0.00637652259727
-0.00716646795134
-0.00197526988327
-0.00291329872233
-0.00391583580412
-0.00527975129821
-0.00597748119204
-0.00653055316508
-0.00732854758367
-0.00212634229703
-0.00307012166493
-0.00407691790818
-0.00836070423959
-0.00628798279042
-0.00355795883744
-0.00545863885761
-0.00506787859774
-0.00460257306442
-0.00639384594871
-0.00595242834855
-0.00765021697534
-0.00704165267728
-0.00895125289246
-0.00855672508266
-0.00806095245405
-0.0098234319314
-0.00694337448583
-0.00861735736079
-0.00405643431536
-0.00327696509126
-0.00509167182173
-0.00461005555904
-0.00619151530847
-0.0065016550285
-0.00819881239704
-0.00393689119639
-0.00584668911735
-0.00546513927578
-0.00723102250368
-0.0068164182014
-0.00638548155517
-0.00809376174218
-0.00749121130772
-0.00936615751035
-0.00658729353964
-0.00612555643824
-0.00789934806642
-0.00742127724684
-0.00910911715707
-0.00834405111278
-0.00360219677556
-0.00540106248972
-0.00492974561877
-0.00652140074073
-0.0070193116292
-0.00877389424677
-0.00825572948165
-0.00620803311801
-0.0058351445261
-0.00760973893031
-0.00721067831154
-0.00438956792215
-0.00610775858845
-0.005540184214
-0.00742912458832
-0.00706956848691
-0.00662141663081
-0.00832990237997
-0.00786488792066
-0.00956580052384
-0.00881367760414
-0.00408446235685
-0.00570421166783
-0.00527608745459
-0.00475518180826
-0.00975907065717
-0.00932542647192
-0.00881903692077
-0.00427508806364
-0.00377743554817
-0.00556016794481
-0.0051761015306
-0.00476432547124
-0.0064918104057
-0.00609398980082
-0.00787517664725
-0.00752021616284
-0.00708495229344
-0.00878989334919
-0.00827342719819
-0.00998656210626
-0.00700042792325
-0.00624860269521
-0.00403193948475
-0.00360986704648
-0.00526332032196
-0.00787570932925
-0.0074531089515
-0.00695794653166
-0.00860732395718
-0.00417019776319
-0.00588203623178
-0.00551238225976
-0.00510922071577
-0.00696114491085
-0.00661875266527
-0.0084142890774
-0.0079459990148
-0.00515307611134
-0.00688725787762
-0.00629620788047
-0.00801515041179
-0.00739568880198
-0.00889018728665
-0.00833449841747
-0.00406120436954
-0.00573013231735
-0.00836770638603
-0.00795610710682
-0.00747197548045
-0.00913235110972
-0.00848800913848
-0.00619574190823
-0.0058271843884
-0.00556672471337
-0.00505474983747
-0.00471501610899
-0.00652430563754
-0.00601995110892
-0.00782568092262
-0.00735067130189
-0.00677271836104
-0.0083617083348
-0.00775251326132
-0.00925707479305
-0.00873015228221
-0.00447116519651
-0.0061544068229
-0.00883516000949
-0.00843413978849
-0.00796062432522
-0.009631593474
-0.00899775316882
-0.00431989177758
-0.00389406848947
-0.00364570749263
-0.0055449701271
-0.00517964767955
-0.00700204154165
-0.00651083740365
-0.00824219230685
-0.00777953310436
-0.0072138922408
-0.00875800940645
-0.00807014181195
-0.00723628938539
-0.00674962818138
-0.00644450711207
-0.00426409377569
-0.00927764726731
-0.00652498341391
-0.00605773530612
-0.0077388641644
-0.00711137275462
-0.00862125098985
-0.0043294184225
-0.00631634368818
-0.00600535043566
-0.00561323231583
-0.00744802974253
-0.00696928765056
-0.00862425708573
-0.0081730837565
-0.00526407509319
-0.00681949914866
-0.0060260499033
-0.0075220549896
-0.0070621677724
-0.00676868381067
-0.00847665188799
-0.00733705704804
-0.0069517488469
-0.00872022720808
-0.00818502910854
-0.00756716588414
-0.00908653099349
-0.00854165167765
-0.00673433003716
-0.00643527502837
-0.00605492112815
-0.00552154954357
-0.00504944928846
-0.00670604221496
-0.00618054583283
-0.00563215299735
-0.00719799941821
-0.00641469148702
-0.00776621044275
-0.00733193607817
-0.00704861950893
-0.00876680572222
-0.0077283987965
-0.00735224213773
-0.00912992474031
-0.00860393235656
-0.00799521637041
-0.00952360127283
-0.00668016839089
-0.00479247835653
-0.00449930919923
-0.00412511072898
-0.00590206048354
-0.00544088532133
-0.00710838103079
-0.00650137282401
-0.005962567809
-0.00753789155399
-0.0067638152711
-0.0082344902016
-0.00755824240532
-0.00722533728876
-0.00678828960918
-0.00809359354059
-0.00772606040264
-0.00729417375646
-0.00677031976328
-0.00616357485033
-0.00770048302094
-0.00702677885643
-0.00904664628357
-0.00486658012136
-0.00450296842329
-0.00627886823764
-0.00579781417093
-0.00747537915869
-0.00681804761866
-0.00625465130317
-0.00567490140396
-0.00495769715646
-0.00656615094545
-0.00581277158276
-0.00741459175641
-0.00698516992769
-0.00622043620336
-0.00585457180541
-0.00764906133578
-0.00713334753107
-0.00653470229656
-0.00807960849066
-0.00734287622063
-0.00937216176175
-0.00909532176349
-0.00484787081027
-0.00663362164772
-0.00396909980536
-0.00565584967579
-0.005001188725
-0.00657777587766
-0.00593547040361
-0.00540601078658
-0.0070286856278
-0.00628920888152
-0.00764062523611
-0.00722688162363
-0.00653228108881
-0.00617391063982
-0.00797595176989
-0.00746780569832
-0.00687669528906
-0.0084290465037
-0.00765435109518
-0.00966590327367
-0.00739656513255
-0.00524898898671
-0.00480973209137
-0.00427447262232
-0.0059502309789
-0.00530374016816
-0.00679145518128
-0.00629433431755
-0.00581483898132
-0.00745070694838
-0.00672414861284
-0.0080879620459
-0.00555922746559
-0.00681696498358
-0.006465489143
-0.00827448179831
-0.00777330610348
-0.00742814980357
-0.00675250056922
-0.00598190666602
-0.00792897301029
-0.00766598645158
-0.00955697936635
-0.00509524538132
-0.00456808712939
-0.00620744279591
-0.00556816103948
-0.00704535035021
-0.00665061616908
-0.00434387311507
-0.00599181784513
-0.0052792784949
-0.00665447391566
-0.00570480993911
-0.00508540058936
-0.00473796916433
-0.00655329085854
-0.00605611405863
-0.00771066079713
-0.00704127235623
-0.00627681627671
-0.00815795668014
-0.00790191314978
-0.00979997299712
-0.00937532483631
-0.00482538699187
-0.00645708365356
-0.00397070287965
-0.00547258167387
-0.00512486938764
-0.00467097899344
-0.0063297996577
-0.0056279402616
-0.00701341400302
-0.00611353354999
-0.00531490644151
-0.00497310869003
-0.00679411612233
-0.00630264622472
-0.00796288424872
-0.00729912850451
-0.00654019726176
-0.00835403806411
-0.008103979507
-0.00828931566065
-0.00787645762291
-0.00319935944013
-0.00485875480328
-0.00422595345072
-0.00573848846795
-0.0054002751418
-0.00495599185845
-0.00662440861217
-0.00593198396552
-0.00733627105723
-0.00650830340213
-0.00551644591669
-0.00517962349784
-0.00700565433169
-0.0065192286967
-0.00818449938984
-0.00579611169804
-0.005047376064
-0.00682152169829
-0.00655304890785
-0.00846229896824
-0.00805459732024
-0.00755106418976
-0.00506890345381
-0.00444211097053
-0.00596430942971
-0.00563424001099
-0.00742895021382
-0.00687486258572
-0.00466971269673
-0.00615294616824
-0.00532386757861
-0.00568980336886
-0.0053572817924
-0.00544824964656
-0.00497094207262
-0.00664056807479
-0.00599114702978
-0.00533350599801
-0.00713679574203
-0.00668649283543
-0.00859981218691
-0.00819623086656
-0.00992558808682
-0.00524057039107
-0.0046187205624
-0.00460830616908
-0.00429178955216
-0.00609332279622
-0.00555286461681
-0.00491353889007
-0.00644368846579
-0.00562360176353
-0.00418582697698
-0.00382567954004
-0.00562213543301
-0.0051268593068
-0.00680014678947
-0.00615435379104
-0.00560867965558
-0.00741948544358
-0.00691203465437
-0.00870162121373
-0.00682572747771
-0.0085730471317
-0.00807240296861
-0.00321416797797
-0.0047525361421
-0.00444129632548
-0.00624818012475
-0.00571308062998
-0.00514869503511
-0.0066867608201
-0.00587428418297
-0.00445205532576
-0.00404384014903
-0.00584557199597
-0.00533779377258
-0.00697506120374
-0.00629135057173
-0.00808116037207
-0.00618164451791
-0.0056870121877
-0.00731907425279
-0.00689364661996
-0.00866404319918
-0.00816614270989
-0.00755976841906
-0.00488726765684
-0.00454797614112
-0.00635869762472
-0.00587947265063
-0.0053369322867
-0.00544942005476
-0.00455314370247
-0.00469538696881
-0.00646346137162
-0.00603930677918
-0.0040362402253
-0.0056780996165
-0.00500513707869
-0.00679794091555
-0.00639794804406
-0.00590917400001
-0.00754706703495
-0.00692448885701
-0.00871689358107
-0.00822059069126
-0.00774563503903
-0.00515646412456
-0.004611565278
-0.00505765310532
-0.0046331904424
-0.00404570773866
-0.00559498927913
-0.0047033529692
-0.0019841992174
-0.0036880360956
-0.00329348917996
-0.0052346835908
-0.00319164373901
-0.00433998130504
-0.00218952976388
-0.00213332210841
-0.00382189294757
-0.00342667218827
-0.00535987747573
-0.00331571669808
-0.00446260760736
-0.00231041848262
-0.00228156872318
-0.00581719426192
-0.00355893163521
-0.00548412855652
-0.00343885182168
-0.00458430262555
-0.00243038399037
-0.00242893401248
-0.00594919446908
-0.00369026282944
-0.00560743236839
-0.00132780772007
-0.0047050621294
-0.00254942221222
-0.00257541291857
-0.00609285000505
-0.00382066108109
-0.00572978445272
-0.00144905409445
-0.00482488189585
-0.00266752908098
-0.00272100037572
-0.00623743057307
-0.00395012170227
-0.00361647370244
-0.00156934956886
-0.00494375770955
-0.00282280318975
-0.00286569131069
-0.00638111707371
-0.00407864000771
-0.00373690898323
-0.00168868980316
-0.00506168536341
-0.00300594163837
-0.00300948064328
-0.00652390451095
-0.00420621131528
-0.00385637920325
-0.00180707046558
-0.00517866065914
-0.00318838217017
-0.00315236328685
-0.00666578788311
-0.00210644659003
-0.00397721722514
-0.003252692923
-0.00529467940786
-0.00337012005273
-0.00329433414885
-0.00680676218337
-0.00223210987124
-0.00410185146766
-0.00336914148251
-0.00540973743062
-0.00355115052924
-0.00343538813141
-0.00472484133681
-0.00235681213331
-0.00422552929048
-0.00348461753063
-0.0055275057371
-0.00373146881864
-0.00357552013185
-0.0048639824549
-0.0024805487129
-0.00434824612869
-0.00359911677482
-0.00570892707783
-0.00391107011572
-0.0037147250433
-0.0050021994552
-0.00260331495289
-0.00446999742408
-0.00371263493388
-0.00588962752991
-0.00408994959134
-0.00163106418922
-0.00513948731583
-0.00272510620306
-0.00459077862578
-0.00382516773857
-0.00606960214715
-0.00426810239255
-0.00176839958814
-0.00122296358643
-0.00284591782069
-0.00471058519089
-0.00393671093219
-0.00624884595814
-0.00222071042735
-0.00190479255809
-0.00135837809336
-0.00296574517125
-0.00482941258507
-0.00404726027128
-0.00642735396643
-0.0023973952266
-0.0020402379813
-0.00149284838341
-0.00308458362905
-0.00494725628325
-0.00419416610452
-0.00660512115072
-0.00257333865162
-0.00217473073882
-0.001626369429
-0.0032024285779
-0.00506411177021
-0.00437251397589
-0.00455075876884
-0.00274853575612
-0.00230826571117
-0.00175893620267
-0.00331927541179
-0.000974237278331
-0.00455011132087
-0.00472702914275
-0.00292298157096
-0.00244083777896
-0.0018905436777
-0.00343511953555
-0.00108910284006
-0.00472695297036
-0.00490254348154
-0.00309667110439
-0.00257244182358
-0.00202118682877
-0.00354995636557
-0.00120296671083
-0.00266841089385
-0.00507729666648
-0.00326959934228
-0.00368987166762
-0.0042828437685
-0.00498661972964
-0.00577516238403
-0.00663940212597
-0.00777144518261
-0.00203479799847
-0.00385508939923
-0.00445115572202
-0.00512437730161
-0.00591526905454
-0.00678147427742
-0.00573161934895
-0.00222198999374
-0.00401949839751
-0.0046186572583
-0.00526118446296
-0.00605441790032
-0.00692258274451
-0.00591551706873
-0.0024084012631
-0.0041830935068
-0.00478534301412
-0.0053970359844
-0.00619260346883
-0.00483151793433
-0.0060986254606
-0.00259402558792
-0.00434586955338
-0.0049512076053
-0.00553192663516
-0.00409493949175
-0.00497068210189
-0.00628093841709
-0.00277885671001
-0.00450782134582
-0.00511624562705
-0.0056658511836
-0.0042311821356
-0.00510886564516
-0.0064624497945
-0.00296288833184
-0.00466894367535
-0.00528045165432
-0.00356926099515
-0.00436644512757
-0.00528258052319
-0.00664315341313
-0.0031461141167
-0.00482923131624
-0.00544382024222
-0.0037119506206
-0.00450072300617
-0.00545939999404
-0.00682304305752
-0.00332852768893
-0.00498867902616
-0.00338305728597
-0.00387716969221
-0.00463401030944
-0.00563539802677
-0.0070021124767
-0.00351012263414
-0.00292535449987
-0.00354473458287
-0.00404153819785
-0.0047663015757
-0.00581056854078
-0.0071803553845
-0.00369089249948
-0.00308310655665
-0.00370555799038
-0.00420505043547
-0.00489759134432
-0.00598490542434
-0.00735776545976
-0.00387083079386
-0.00324000286016
-0.00386552198814
-0.00436770068203
-0.00502787415649
-0.00615840253491
-0.00753433634675
-0.00404993098827
-0.00339603810588
-0.00402462103794
-0.00452948319396
-0.00515714455596
-0.00633105369946
-0.00310129920485
-0.00422818651607
-0.00355120697488
-0.00418284958426
-0.00469039220759
-0.00528539708985
-0.00650285271486
-0.00327617251107
-0.00440559077328
-0.0037055041342
-0.00434020205465
-0.00485042193963
-0.00541262630946
-0.00667379334827
-0.00345018735722
-0.00458213711894
-0.00385892423736
-0.00449667286027
-0.00500956658765
-0.00554295910113
-0.00684386933748
-0.0036233372524
-0.00475781887544
-0.00401146192483
-0.00465225639635
-0.00516782033056
-0.00570343546421
-0.00701307439138
-0.00379561567286
-0.00270853695716
-0.00416311182455
-0.0048069470427
-0.00532517732915
-0.00586301232256
-0.00718140219038
-0.00396701606241
-0.00288246935788
-0.00431386855237
-0.00496073916423
-0.00548163172657
-0.00602168363385
-0.00734884638682
-0.00190668271579
-0.00305551692062
-0.00446372671264
-0.00511362711147
-0.00563717764891
-0.00617944333623
-0.00751540060546
-0.00207630724735
-0.00322767282514
-0.00461968659465
-0.00526560522114
-0.00579180920572
-0.00633628534892
-0.0054501422717
-0.00224503388917
-0.00339893021659
-0.00714485578974
-0.00595447097037
-0.00754692056432
-0.00641888657992
-0.005714999666
-0.0049165746951
-0.00392110293787
-0.00699323606936
-0.00579861541009
-0.00738679430868
-0.00627173609564
-0.00556670177733
-0.00476376833236
-0.00599330283055
-0.00684094303183
-0.00564208126194
-0.00722598528041
-0.00612713790562
-0.00541764012576
-0.00461019081542
-0.00922588086824
-0.00668797976332
-0.00548487181151
-0.00706449696791
-0.0059817881704
-0.00526781854055
-0.00660011496166
-0.00906700141836
-0.00653434934467
-0.00532699033722
-0.00690233285043
-0.00583569044901
-0.00720028534387
-0.006445007438
-0.00890735357524
-0.00638005485114
-0.00516844011021
-0.00673949639792
-0.00568884829616
-0.00704895535393
-0.00628914104396
-0.00874694169735
-0.00622509935232
-0.00500922439413
-0.00657599107086
-0.00756150416073
-0.00689687687965
-0.00613251985584
-0.00858577013089
-0.00606948591193
-0.00484934644499
-0.00641182032008
-0.00741318379072
-0.00674405372376
-0.00597514794031
-0.00842384320951
-0.00591321758767
-0.00468880951102
-0.00819888976008
-0.00726412962515
-0.0065904896817
-0.00581702935417
-0.00826116525403
-0.00575629743107
-0.00646108533822
-0.00803339847502
-0.00711434519909
-0.00643618854137
-0.00565816814409
-0.0080977405722
-0.00559872848735
-0.00629924014729
-0.00786725205934
-0.00696383404207
-0.00628115408292
-0.00549856834632
-0.00793357345844
-0.00730448980444
-0.00613674566787
-0.00770045392378
-0.0068125996779
-0.00612539007843
-0.00533823398652
-0.00776866819357
-0.00714563239612
-0.00597360511549
-0.00753300746866
-0.00666064562438
-0.00596890029177
-0.00517716907945
-0.0076030290446
-0.00698613529694
-0.00580982169713
-0.00736491608379
-0.00650797539314
-0.00581168847828
-0.00501537762875
-0.00743666026449
-0.00682600152541
-0.00564539861108
-0.00719618314829
-0.00635459248936
-0.00565375838461
-0.00485286362674
-0.00726956609193
-0.00666523409301
-0.00548033904684
-0.0070268120305
-0.00620050041162
-0.00549511374846
-0.00468963105418
-0.00710175075107
-0.00650383600403
-0.00531464618495
-0.0068568060878
-0.00604570265162
-0.00533575829839
-0.00452568388003
-0.00693321845139
-0.00634181025552
-0.00514832319688
-0.00668616866653
-0.00589020269403
-0.00517569575358
-0.00436102606127
-0.00676397338742
-0.00617915983707
-0.00763669032044
-0.00651490310186
-0.00573400401627
-0.00501492982366
-0.00419566154268
-0.00884138399884
-0.00601588773077
-0.00746911655749
-0.00634301271763
-0.0055771100883
-0.00485346420847
-0.00627695851691
-0.00867072592922
-0.005851996911
-0.00730092212706
-0.00617050082631
-0.00541952437243
-0.00469130259788
-0.00611019238323
-0.00849936758741
-0.0065198501103
-0.00492649568725
-0.00534356841672
-0.00382244171709
-0.00669156438803
-0.00576461793565
-0.00643877218782
-0.00638489157352
-0.00479084003965
-0.00520740852744
-0.00369309252375
-0.0065615344403
-0.00562135496437
-0.00629512071157
-0.0062492996541
-0.0046545494226
-0.00507061253708
-0.00356308720931
-0.00643084651997
-0.00547746323934
-0.0061508376414
-0.00611307662255
-0.00451762613575
-0.0049331827665
-0.00343242806264
-0.00629950294649
-0.00533294521368
-0.00600592546331
-0.00597622474903
-0.00438007247829
-0.00479512153596
-0.00330111737341
-0.00616750604
-0.00518780333833
-0.00586038666105
-0.00583874630323
-0.00424189074879
-0.00465643116498
-0.00316915743197
-0.00603485812114
-0.00504204006197
-0.00571422371595
-0.00570064355426
-0.00410308324506
-0.00451711397224
-0.00303655052915
-0.00590156151095
-0.0048956578309
-0.0055674391068
-0.00556191877049
-0.00396365226405
-0.00437717227543
-0.00290329895621
-0.00576761853072
-0.00474865908888
-0.00542003530978
-0.0054225742195
-0.00382360010175
-0.00423660839116
-0.00276940500464
-0.00563303150184
-0.00460104627703
-0.00527201479826
-0.00528261216787
-0.003682929053
-0.00409542463479
-0.00263487096605
-0.00549780274569
-0.00445282183374
-0.00512338004274
-0.00680292110178
-0.00523286173967
-0.00765087894668
-0.00422243914149
-0.00705165455105
-0.0043039881945
-0.00497413351071
-0.00666173084431
-0.00509095979762
-0.00750846238678
-0.00408663180356
-0.00691514930377
-0.00586642578609
-0.00653615566077
-0.00651992987914
-0.0049484458459
-0.00736605229608
-0.0039501912529
-0.00677800929191
-0.00571638104946
-0.00638569296557
-0.00637752046793
-0.0048053221738
-0.00722986906725
-0.0038131197803
-0.00664023683545
-0.00556573440505
-0.00623462587713
-0.0062345048708
-0.0046615910689
-0.00709305913695
-0.00367541967604
-0.00650183425372
-0.00541448827579
-0.00608295684976
-0.00609088534623
-0.00874303321044
-0.00695562475841
-0.00353709322978
-0.00636280386521
-0.00526264508114
-0.00593068833419
-0.00594666415098
-0.00859809409542
-0.00681756818432
-0.00339814273038
-0.00622314798752
-0.00511125016053
-0.00577782277751
-0.00580184353996
-0.00845255439918
-0.00667889166664
-0.00325857046583
-0.0060828689372
-0.00497046228225
-0.00562436262299
-0.00565642576612
-0.00830641640147
-0.00653959745652
-0.00311837872311
-0.00594196902964
-0.00482905257035
-0.00547031031002
-0.00551041308036
-0.00815968237985
-0.00639968780419
-0.00297756978806
-0.00580045057894
-0.00468702335933
-0.00531566827402
-0.00536380773142
-0.00801235460952
-0.00625916495882
-0.00698996756266
-0.00565831589778
-0.0045443769822
-0.00516043894629
