-0.000368559968832
-0.00112852564635
-0.00142496696589
0.000181505232824
-0.00245009399517
-0.000985831205831
-0.00117407374621
-0.000364362808414
-0.00304930219573
-0.00142073773064
0.000185739137262
-0.00245491725099
-0.000990672313932
-0.00117892390278
-0.000359286002763
-0.00304420149031
-0.00141562213144
0.000190860383702
-0.00245885202994
-0.000994621657926
0.000447433996699
-0.000353329682838
-0.00303821713323
-0.00140962030228
0.000196868837714
-0.00246189822847
-0.000997679133091
0.000444370805937
-0.000346494002256
0.00113727198411
0.000315689997658
0.000203764341613
-0.00246405576639
-0.000999844658347
0.000442201232271
-0.000338779137269
0.00114502315418
-0.00163359138916
0.000211546714484
-0.00246532458688
-0.00100111817626
0.00044092533346
-0.000330185286738
0.00115365743968
-0.00162493190567
0.000220215752198
-0.00246570465656
-0.00100149965305
0.000440543143472
-0.000320712672114
0.00116317461602
-0.00161538695972
0.000229771227446
-0.00246519596541
-0.00100098907859
0.000441054672481
-0.000310361537404
0.00117357443575
-0.00160495680093
-0.0017168422915
-0.00246379852682
-0.000999586466443
0.00044245990687
-0.000299132149144
0.00118485662855
-0.00159364170199
-0.00170551471569
-0.00246151237758
-0.000997291853795
0.000444758809226
-0.00028702479636
0.00119702090129
-0.00158144195859
-0.00169330152306
-0.00245833757789
-0.000994105301508
0.00044795131835
-0.000274039790536
0.0012100669381
-0.00156835788938
-0.00168020303333
0.00180936989537
-0.000990026894087
0.000452037349265
-0.000260177465569
0.00122399440034
-0.00155438983595
-0.00166621958921
-0.000176509735198
-0.000985056739669
0.000457016793222
-0.00024543817773
0.00123880292672
-0.00153953816278
-0.00165135155638
-0.000170669579056
-0.000979194970017
0.000462889517721
-0.000229822305616
0.00125449213327
-0.00152380325718
-0.00163559932342
-0.000163941246938
-0.000972441740493
0.000469655366527
-0.000213330250104
0.00127106161345
-0.00150718552924
9.67265957408e-05
-0.000156324915819
-0.00290910912452
0.000477314159686
-0.00236489256996
0.0012885109382
-0.00148968541179
0.000114245971782
-0.000147820785976
-0.00290057353566
0.000485865693556
-0.00234664943914
0.00130683965595
-0.00147130336034
0.00013264824523
-0.000138429080959
-0.00289114709441
0.000495309740829
-0.00232753146069
0.00132604729272
-0.00145203985302
0.000151932936384
-0.000128150047563
-0.00288083005033
0.000505646050564
-0.00230753912406
0.00134613335215
-0.0014318953905
0.000172099542914
-0.000116983955796
-0.00286962267643
-0.0014584468627
-0.0022866729407
-0.00084321707
-0.00141087049595
0.000193147539925
-0.000104931098843
-0.00285752526914
-0.00144632687524
-0.0029559526781
-0.000897764544221
-0.000799365153131
-0.0018686112578
-0.00319706015032
9.23590447795e-05
-0.00170715660788
-0.00296263845587
-0.000904647133694
-0.000806444682838
-0.00187588575806
-0.00322126133884
6.73181996506e-05
-0.0017330451703
-0.00296832817653
-0.000910504368746
-0.000812469543755
-0.00188207657045
-0.00324435385874
4.34239936572e-05
-0.0017577488099
-0.00297302165184
-0.000915336043991
-0.002257210196
-0.00188718345249
-0.00326633675745
2.06774816349e-05
-0.00178126636151
-0.00297671872644
-0.000919141989963
-0.00226112508786
-0.00189120620408
-0.00328720912712
-9.20331044221e-07
-0.00180359671445
-0.00297941927796
-0.000921922073148
-0.00226398475766
-0.00189414466755
-0.00330697010489
-2.13684886925e-05
-0.00182473881284
-0.00298112321699
-0.000923676196004
-0.00226578909923
-0.00189599872774
-0.00332561887298
-0.00131393678192
-0.00184469165582
-0.0029818304871
-0.000924404296979
-0.0022665380456
-0.00189676831196
0.00137809200082
-0.00133208296222
-0.00186345429781
-0.00457594389221
0.000175146722812
-0.00226623156895
-0.00189645339004
0.00136166992403
-0.00134907692057
-0.00188102584872
-0.00457465778725
0.000176470706244
-0.00226486968066
-0.00189505397433
0.00134636223783
-0.00136491790203
-0.00189740547413
-0.00457237504213
0.000178820680192
-0.0022624524313
-0.00335261103916
0.0013321695779
-0.000638320861639
-0.00191259239557
-1.02102623931e-05
0.000182196562201
-0.0022589799106
-0.00334904284295
0.00131909253404
-0.000651853827088
-0.00192658589061
-5.93449666825e-06
0.000186598233835
-0.00225445224748
-0.00334439044502
0.00130713165008
-0.000664231855138
-0.00193938529309
-6.62416447264e-07
0.000192025540696
-0.00224886960996
-0.00333865402768
0.00129628742373
-0.000675454394232
-0.00323649361167
5.60580380449e-06
0.000198478292455
-0.00224223220518
-0.00333183381565
0.00128656030648
-0.000685520943996
-0.00324690305632
1.28699567099e-05
-0.00149110997713
-0.00223454027935
-0.00332393007606
0.00127795070354
-0.000694431055353
-0.00325611674895
2.11298020149e-05
-0.00148260705013
-0.0022257941177
-0.00331494311832
0.00127045897371
-0.000702184330619
-0.00326413424985
3.03850666273e-05
-0.00147307946446
-0.00221599404442
-0.00330487329413
-0.000299273622616
-0.000708780423598
-0.00327095517624
4.06354446627e-05
-0.00146252755378
-0.00220514042261
-0.0032937209974
-0.000304528715722
-0.000714219039652
-0.0032765792023
5.18805974947e-05
-0.00145095168748
-0.00219323365422
-0.00328148666413
-0.00030866513832
-0.000718499935773
-0.00328100605935
6.41201538107e-05
-0.00143835227055
-0.000983753776914
-0.00326817077237
-0.000311682717806
-0.000721622920632
-0.0032842355358
-0.00475729458659
-0.00653230262576
-0.00673537298957
-0.00836743942516
-0.00332129312993
-0.00291324046801
-0.00573258362538
-0.00517967172844
-0.00677199433261
-0.00604719326561
-0.00337266270193
-0.00404482288605
-0.00561071728327
-0.0050321363871
-0.00661955013709
-0.00713761435822
-0.00424696827992
-0.00379456151462
-0.00356771587766
-0.00479586069946
-0.00609771682953
-0.00481347294335
-0.0043570322768
-0.00606387190639
-0.00619192159013
-0.00788162486748
-0.00309715341171
-0.00485501146785
-0.00537190951878
-0.00696835960242
-0.00624762215495
-0.00766072888652
-0.00271018440268
-0.00558681132887
-0.00500762479804
-0.00448559718142
-0.00600925791304
-0.00575990906074
-0.00384571874434
-0.00362004764103
-0.00484930675447
-0.0047348683346
-0.00484405733035
-0.00438824814757
-0.00609571968497
-0.00549714634795
-0.00803396505392
-0.00325302228113
-0.00501442586501
-0.00446311047198
-0.00606307632584
-0.00641755708922
-0.00560594292233
-0.002654675293
-0.00206356906391
-0.00498502386962
-0.00443082850983
-0.00602243436767
-0.00577342241287
-0.00724363365503
-0.00363420886505
-0.00486376986251
-0.00474961186079
-0.00484902100001
-0.0043933143462
-0.00610088848403
-0.00552613584087
-0.00743147149403
-0.00776086046337
-0.00514499910449
-0.00459659643943
-0.00396486926772
-0.00547877916046
-0.00574794954369
-0.00718330898822
-0.00227604287915
-0.00393273256756
-0.0046538358325
-0.00610974102
-0.00575048508035
-0.00722013679981
-0.00244023343189
-0.00483922070317
-0.00472458681543
-0.00435348847158
-0.00390415563463
-0.00607937339807
-0.00562094497067
-0.00529628640367
-0.00713580766386
-0.00301192073524
-0.00470045503412
-0.00407098500749
-0.00558711883932
-0.00477405648555
-0.00746719331677
-0.00681259365074
-0.00411714388231
-0.00356347363677
-0.00502374238592
-0.0058244227937
-0.00566104029784
-0.00701308541467
-0.0023710499713
-0.00465984589556
-0.00654334981118
-0.00385693247091
-0.00333748585225
-0.00568858297623
-0.00536552555064
-0.00720666433739
-0.00674285196102
-0.00477456363566
-0.00414670813417
-0.00566443298772
-0.00499630596182
-0.00663520417604
-0.00707077276917
-0.00426791448171
-0.00371791099535
-0.0033193709666
-0.00467163734384
-0.00572077475101
-0.00691286632994
-0.00226870409499
-0.00336205188425
-0.00647151487122
-0.00378361720878
-0.00329415228619
-0.00526769705474
-0.00540688321882
-0.00724898955413
-0.0067861500143
-0.00847728268004
-0.00342109663424
-0.00571484894171
-0.00521176735952
-0.00464760456853
-0.00619784208049
-0.00671632305262
-0.00383766451756
-0.0034419187629
-0.00479688494832
-0.00450385598089
-0.00695760190661
-0.00685104986401
-0.00321836869368
-0.00639280647839
-0.00816574033422
-0.00330696746744
-0.00528081902857
-0.00496579936824
-0.00726273727218
-0.00680021395389
-0.00625985348421
-0.00343579079516
-0.00289115378296
-0.00539582827755
-0.00483608008126
-0.00639067907874
-0.00578886139705
-0.00392253986106
-0.00352878109322
-0.0048856675229
-0.00459446542645
-0.00570518181379
-0.00688005683973
-0.00219819006303
-0.00608496976871
-0.00785778869473
-0.00775563906523
-0.00304118479897
-0.00495129418947
-0.00456810121382
-0.0067850277466
-0.00624432587687
-0.00788368132243
-0.0030398807495
-0.00477941574729
-0.00499216669889
-0.00655039651324
-0.00595213133689
-0.00730227133861
-0.00236008835556
-0.00493782646901
-0.00464770018954
-0.00458869415499
-0.00556618988662
-0.00699589519954
-0.00605382190237
-0.00560407562244
-0.00741605592625
-0.00299973871098
-0.00490886568786
-0.00452468015288
-0.00629284836842
-0.00575789056095
-0.0079983980786
-0.003157512118
-0.0048999736289
-0.00434248525561
-0.00667675647385
-0.00608131431207
-0.00565955088965
-0.00237519498481
-0.00217539231594
-0.00466346076265
-0.00460475234297
-0.00558251920107
-0.00562650221431
-0.00599714414399
-0.0055462344546
-0.00734897657662
-0.00709799786094
-0.00483855793081
-0.00445273001791
-0.00621924705032
-0.00574731054328
-0.00764161582618
-0.00767834417313
-0.00277598152205
-0.00443317254236
-0.00392433674756
-0.00617620754683
-0.00575645651491
-0.0069967014801
-0.00215408902444
-0.00339260356662
-0.00458259865371
-0.00555999150858
-0.00560364434084
-0.00563373654367
-0.0055008245315
-0.0073264278278
-0.00700214782441
-0.00443704864547
-0.00435232884186
-0.00397523001697
-0.00579857852934
-0.00547104656967
-0.00729822543825
-0.0028323775384
-0.00449094060595
-0.00398346172828
-0.00544731489065
-0.00500847636672
-0.00705966551516
-0.00209658731797
-0.0033333974324
-0.00324966763818
-0.00549865210306
-0.005541407233
-0.00557166392253
-0.00524000395111
-0.00512537056669
-0.00696099680665
-0.00662676292839
-0.00402537052725
-0.00399610975238
-0.00581996437343
-0.00549404460567
-0.00732181121242
-0.00689994375467
-0.00451570566082
-0.004008809221
-0.00547323268855
-0.00503494590947
-0.00627694229362
-0.00684988631352
-0.00205619158478
-0.00315129331584
-0.00331696480002
-0.00543991933152
-0.00334423681423
-0.0052343825601
-0.00483837765113
-0.00696162052549
-0.00662740138746
-0.00402008026791
-0.00364866905073
-0.0054723219655
-0.00548636113187
-0.00731393133705
-0.00689186658532
-0.00404546310792
-0.00400034062118
-0.00366956751513
-0.00502610233111
-0.00481837863985
-0.0060417218268
-0.00685692740621
-0.00304212683006
-0.00317844733694
-0.00401036021136
-0.00331324755392
-0.00520271533909
-0.0048060267331
-0.00665379112104
-0.00660019414774
-0.00844318795933
-0.00361115861895
-0.00543390271657
-0.00502417951005
-0.0051061457045
-0.00685154727061
-0.00653122308764
-0.00348850437292
-0.00362634513442
-0.00498196032608
-0.00480102254202
-0.00602401904784
-0.00599781180807
-0.00302380635141
-0.00304261078724
-0.00383107316095
-0.00297554674414
-0.00514503090847
-0.00474709822157
-0.00660003500564
-0.00621392423604
-0.00609239409492
-0.00354450040269
-0.00305670612581
-0.00495520035182
-0.00455914741705
-0.00677904162681
-0.00645695515856
-0.00801922587898
-0.0030667182369
-0.00442068304649
-0.00474767325695
-0.00596960537352
-0.0059424056119
-0.00690775502371
-0.00298550272248
-0.00325977181127
-0.00736403171514
-0.00255820321262
-0.00466164757795
-0.00422757021529
-0.006152158028
-0.00558735798407
-0.00785697012256
-0.00295866446975
-0.00485568355471
-0.00445709837177
-0.0061981899658
-0.00634982774731
-0.00790959158247
-0.00295463012195
-0.00430927260463
-0.00416590309269
-0.0047542699756
-0.00584972234098
-0.00605328506566
-0.00197119617591
-0.00316312097314
-0.00725682614095
-0.0024486636156
-0.00429486246048
-0.00421909584715
-0.00611404309748
-0.00554834281059
-0.00734435163157
-0.00669789020521
-0.00472575287531
-0.00432387224198
-0.00606165536082
-0.0057191983547
-0.00607332097423
-0.00752925310486
-0.00270579327303
-0.00404090467072
-0.00412583851443
-0.0057199335284
-0.00592139246208
-0.00674526062557
-0.00210276554737
-0.00714886941499
-0.00678561328179
-0.00427513166597
-0.00391366316181
-0.00607448251542
-0.0054809208686
-0.00727536464525
-0.00660655918936
-0.00176643884321
-0.00415964206015
-0.00390052950768
-0.00554686038226
-0.00539470693603
-0.00684672707941
-0.00254859695482
-0.00388037142546
-0.00396213605601
-0.00505232386082
-0.00575204870635
-0.00657354452886
-0.00192904044294
-0.00684556668644
-0.00681388224572
-0.00870118525586
-0.0038663393639
-0.00574082376673
-0.00539823186778
-0.00479057921194
-0.00650636300444
-0.00608621134641
-0.00338637329029
-0.00370070935222
-0.0053422612089
-0.00518538718135
-0.00663279112155
-0.00666341469037
-0.00368457460388
-0.00376249633289
-0.00484910403993
-0.00503874834011
-0.00598071825654
-0.00665639516057
-0.00683117634568
-0.00655502229367
-0.00631108084261
-0.00379193096855
-0.00321528895126
-0.00501878261417
-0.00434534277852
-0.00637664307245
-0.00586614463165
-0.00316080680712
-0.00287323548315
-0.00510568750442
-0.00494339123724
-0.0063977798358
-0.00643742014297
-0.00182189454617
-0.00352726584593
-0.00384353721363
-0.00479552102869
-0.00522429457289
-0.00589712789446
-0.00387969888861
-0.00162394981791
0.000560046980226
-0.00182030477779
-0.00178143355084
-0.00421323343158
-0.00198609920298
-0.00400225585514
-0.00174659731659
0.000431133100163
-0.00194936684771
-0.00191045080819
-0.00434201347539
-0.00211445279761
-0.0041241433735
-0.00186857506932
0.0003028749243
-0.00207777279906
-0.00203881207215
-0.00447013819022
-0.00224215226525
-0.00424535925575
-0.00198988088392
0.000399497138735
-0.00220552036822
-0.0021665150811
-0.00459760532508
-0.00236919537394
-0.00436590131651
-0.00211051257079
0.000272557140985
-0.00233260729279
-0.00229355757467
-0.00472441263026
-0.00249557989308
-0.00448576737315
-0.00223046794304
0.000146279614433
-0.00245903131181
-0.00241993729392
-0.000222744272412
-0.00262130359362
-0.00460495524592
-0.00234974481667
2.06668117893e-05
-0.00236501200806
-0.00254565198143
-0.000348225175095
-0.00274636424818
-0.0047234627581
-0.00246834101069
-0.000104279015945
-0.00249010343934
-0.00267069938152
-0.000473039508287
-0.00287075963116
-0.00484128773616
-0.00258625434729
-0.000228555619629
-0.00261452519199
-0.00279507724031
-0.00059718502895
-0.00299448751892
-0.00495842800988
-0.00270348265197
-0.000352160752126
-0.00273827501206
-0.00092898375427
-0.000720659496071
-0.00311754568991
-0.00507488141254
-0.00282002375368
-0.00047509216845
-0.00286135064775
-0.000828321407794
-0.000843460670811
-0.00323993192481
-0.00285213204908
-0.00293587548504
-0.000597347625913
-0.00298374984956
-0.000950677140157
-0.000965586316646
-0.0033616440067
-0.00296720522412
-0.00305103568241
-0.000718924884279
-0.00310547037037
-0.00107235433714
-0.00108703419953
-0.00348267972116
0.00131472316314
-0.00316550218611
-0.00083982170591
-0.00322650996568
-0.00119335075631
-0.000984107718816
-0.00360303685648
0.00120104069967
-0.00327927284051
-0.000960035855918
-0.00334686639369
-0.00131366415796
-0.00110419338425
-0.00372271320375
0.00108805402066
-0.00339234549426
-0.00107956510232
-0.00346653741551
-0.00143329230529
-0.00122359460088
-0.00384170655705
0.00097576713137
-0.00350471800041
-0.0011984072162
-0.00358552079528
-0.00155223296454
-0.00134230914605
-0.0039600147136
0.000864182169828
-0.00361638821656
-0.00131655997184
-0.00370381430032
-0.00167048390515
-0.00146033480033
-0.0038631187388
0.000753301269342
-0.00372735214238
-0.00143402114692
-0.00382141570133
-0.00178804289991
-0.00157766934766
-0.00398836414047
0.000643126558328
-0.00383761137037
-0.00155078852261
-0.0039383227725
-0.00190490772515
-0.00169431057554
-0.00411293588212
0.000533660160156
-0.00394716191015
-0.00166685988381
-0.00405453329172
-0.00202107616084
-0.00181025627518
-0.004236831679
-0.000471300001529
-0.0011385541855
-0.00419975902622
-0.004817164426
-0.00074678678342
-0.00260349792177
-0.00407301199196
-0.000622327704799
-0.0012928775165
-0.00435731069122
-0.00497784515271
-0.000910462256531
-0.00276999628058
-0.00424212215235
-0.000772714046184
-0.00144655524408
-0.00451421321208
-0.00513787389589
-0.00107348358574
-0.00293583896742
-0.00441057567403
-0.000922456259718
-0.00159958446049
-0.00467046354085
-0.00529724747074
-0.00123584745476
-0.0031010225419
-0.00457836900187
-0.00107155157545
-0.00175196225288
-0.00386858264806
-0.00545596268482
-0.00139755053834
-0.00326554355333
-0.00474549856917
-0.00121999721961
-0.00190368570345
-0.00402351942358
-0.00561401633827
-0.00155858950246
-0.00342939854088
-0.00491196079771
-0.00136779041472
-0.00205475188956
-0.00417779482574
-0.00577140522391
-0.00171896100445
-0.00230761126917
-0.00507775209797
-0.00151492837976
-0.00220515788394
-0.0043314057822
-0.0059281261274
-0.00187866169317
-0.00247012378665
-0.00524286886925
-0.000948338407112
-0.00235490075483
-0.00448434921492
-0.00608417582745
-0.00203768820917
-0.00263195983846
-0.00540730749986
-0.00109415755556
-0.00250397756608
-0.00328321476164
-0.00623955109592
-0.00219603718485
-0.00279311592479
-0.00557106436726
-0.00123931311117
-0.0026523853774
-0.00343481389069
-0.00639424869806
-0.00235370524463
-0.00295358853648
-0.00573413583826
-0.00138380228025
-0.00280012124447
-0.00358573622926
-0.00557827802998
-0.00251068900514
-0.00311337415524
-0.00589651826914
-0.00152762226639
-0.00294718221909
-0.00373597867811
-0.000978452141629
-0.00266698507539
-0.00327246925382
-0.00489462661971
-0.00167077027053
-0.00309356534941
-0.00388553813318
-0.00113109727225
-0.00282259005693
-0.00343087029617
-0.00375497773137
-0.00181324349121
-0.00323926768005
-0.0040344114857
-0.00128305173447
-0.00297750054409
-0.00358857373761
-0.00391527107757
-0.00195503912464
-0.00266035245122
-0.00418259562241
-0.00143431226293
-0.0031317131241
-0.00374557602511
-0.00407486070762
-0.00209615436497
-0.00280468430316
-0.00433008742572
-0.0015848755867
-0.00328522437735
-0.00390187359737
-0.00423374292815
-0.00223658640437
-0.00294832646993
-0.00447688377392
-0.00173473842951
-0.00343803087753
-0.00405746288513
-0.00439191403643
-0.00237633243328
-0.00309127598388
-0.00462298154134
-0.00188389750987
-0.00256121891261
-0.00421234031129
-0.00454937032061
-0.00251538964052
-0.0032335298747
-0.00476837759858
-0.00203234954136
-0.0027126056021
-0.00436650229117
-0.00470610805989
-0.00265375521354
-0.00337508516969
-0.00491306881265
-0.00218009123277
-0.00286327722163
-0.00451994523271
-0.00486212352478
-0.00707207747302
-0.00390717656224
-0.00697050342364
-0.00887515086913
-0.00591928501954
-0.00516374229443
-0.00823111944049
-0.00695768605386
-0.00380052034256
-0.00686111444132
-0.00876314217154
-0.00580481597929
-0.0050369078507
-0.00810141570005
-0.00684239593755
-0.00592784291437
-0.00675076849997
-0.00865016097523
-0.00568936032136
-0.00490910493804
-0.00797073155662
-0.00672621075103
-0.00581930990874
-0.00663946947918
-0.00853621141294
-0.00557292242375
-0.00478033841355
-0.00783907215076
-0.00660913412966
-0.00570984395948
-0.00652722127083
-0.00842129762914
-0.00545550667549
-0.00843250363478
-0.00770644262512
-0.00649116971682
-0.00559944871597
-0.00641402777856
-0.00830542377946
-0.00755958189594
-0.00830182447263
-0.00757284812377
-0.00637232116349
-0.00548812783927
-0.00629989291723
-0.00574574609275
-0.00744022365456
-0.00817019629039
-0.00743829379147
-0.00625259212775
-0.00537588500174
-0.00618482061241
-0.00562796461992
-0.00731990078968
-0.00803762395668
-0.00730278477307
-0.00613198627445
-0.00880688312004
-0.00606881479985
-0.00550923560924
-0.0071986177283
-0.00790411234142
-0.00716632621282
-0.0060105072747
-0.00869280742045
-0.00817861209621
-0.00538956325523
-0.00707637890535
-0.00776966631528
-0.00702892325374
-0.00588815880554
-0.00857782083977
-0.00806075111351
-0.00526895176069
-0.00695318876316
-0.007634290749
-0.00689058103698
-0.00576494454947
-0.0084619270906
-0.00794196848622
-0.00514740533621
-0.00682905175079
-0.00749799051289
-0.00675130470121
-0.00564086819406
-0.00834512989445
-0.00782226818563
-0.00502492819956
-0.00670397232348
-0.00958270217959
-0.00661109938199
-0.00551593343156
-0.00822743298127
-0.00770165419072
-0.00490152457522
-0.00657795494209
-0.00944456720996
-0.00646997021119
-0.00762459822521
-0.008108840089
-0.00758013048757
-0.00477719869377
-0.0064510040725
-0.00930552217285
-0.00632792231641
-0.00749795774195
-0.00798935496313
-0.00745770106893
-0.00465195479144
-0.00632312418502
-0.0091699499204
-0.00618496082034
-0.00449667763935
-0.00786898135624
-0.00733436993369
-0.00674840774707
-0.0061943197539
-0.00903873038591
-0.00604109084029
-0.00436834625047
-0.00774772302755
-0.00721014108646
-0.00662134053143
-0.00606459525673
-0.00890658163765
-0.00589631748754
-0.00423917497199
-0.00762558374253
-0.00708501853704
-0.00649336803201
-0.00353276063871
-0.00877350837082
-0.00575064586686
-0.00410916751595
-0.00750256727242
-0.00695900629998
-0.00636449450231
-0.0034012094529
-0.00863951528157
-0.00782601371064
-0.00397832759639
-0.00737867739381
-0.00683210839412
-0.00623472419888
-0.00705064214513
-0.00850460706644
-0.00767856083954
-0.00768866544156
-0.00793891200707
-0.00708382611411
-0.00648780860542
-0.006734382217
-0.00912577877865
-0.00828344681308
-0.00759141704397
-0.00784216013111
-0.00697689493765
-0.00638294905769
-0.00663084430601
-0.0090230074561
-0.00816970090119
-0.00749325640794
-0.00774449957357
-0.00686908480965
-0.00627721146394
-0.0065264310768
-0.00565419050374
-0.00805511657157
-0.00739418657267
-0.00764593333108
-0.0067603989066
-0.00617059891603
-0.00642114555306
-0.00554968095894
-0.00793969695591
-0.00729421059184
-0.00754646441474
-0.00665568200471
-0.00606311451668
-0.00631499076969
-0.00544430675898
-0.00782344519301
-0.00719333153322
-0.00967213282298
-0.00655604986172
-0.00902096493615
-0.00620796977238
-0.00533807088913
-0.0077063644284
-0.00709155247826
-0.00957086764802
-0.00645552602521
-0.00891174618399
-0.00832201173274
-0.00523097634515
-0.00758845781405
-0.0069888765217
-0.00946870891526
-0.00635411348637
-0.00880166495044
-0.00822636574471
-0.00512302613299
-0.00746972850803
-0.00688530677123
-0.00606648951602
-0.00625181524925
-0.00869072437823
-0.00813136551189
-0.00502644047613
-0.00735017967421
-0.00678084634703
-0.00596255287526
-0.00614863433047
-0.00857892761922
-0.00803547822774
-0.00493126636852
-0.00722981448191
-0.00668265707149
-0.00585773190899
-0.0060445737588
-0.00846627783401
-0.00793870668458
-0.00483521307815
-0.00710863610561
-0.00659806177155
-0.00575202971868
-0.00593963657482
-0.00835277819158
-0.00784105368863
-0.00473828335391
-0.00698664772463
-0.00651253848082
-0.00564544941722
-0.00805575846525
-0.008238431869
-0.00774252205962
-0.00686240793628
-0.00686385252284
-0.00642608986378
-0.00553799412855
-0.00794907722376
-0.00812324205102
-0.00764311463052
-0.0067637336446
-0.00674025368831
-0.00633871860336
-0.00542966698724
-0.00784152855888
-0.00802168617147
-0.0075428342471
-0.00666419124529
-0.00663454988692
-0.00625042740061
-0.00532047113817
-0.00773311555479
-0.00792000576346
-0.00744168376767
-0.00656378353918
-0.00653508369918
-0.00616121897433
-0.00521040973616
-0.00762384130567
-0.00781745477632
-0.00407449102564
-0.00646251333925
-0.00643476106725
-0.00607109606069
-0.0050994859456
-0.00751370891535
-0.0077140361338
-0.00397160897749
-0.0063603834703
-0.00633358474396
-0.00821172264317
-0.00498770294006
-0.00740272149698
-0.00983168726849
-0.00386786547993
-0.00625739676863
-0.00845432459336
-0.0110433253899
-0.00487506390198
-0.00729088217264
-0.00972654213206
-0.00376326343797
-0.00615355608173
-0.00835144919147
-0.0109504755994
-0.00476230298067
-0.00717819407304
-0.00962053817906
-0.0036578057674
-0.00604886426793
-0.00824772842439
