0.0034495936006
0.00164254118972
0.00111768681958
-0.00041462818968
0.00217392929432
0.00106950031434
-0.000108188425774
0.00344111144858
0.00163392819135
0.00110894905734
0.00332508431112
0.00193871969095
0.00106043653865
-0.000120910907424
0.00343338536492
0.00162608290788
0.00110099011443
0.0033170183147
0.00193055433324
0.00105218059534
-0.000132817587626
0.00342641549694
0.00161900549358
0.00109381015193
0.00330974176362
0.00192318813338
0.00104473266418
-0.000143908201735
0.0034202019776
0.00161269608763
0.000651028809614
0.00330325480915
0.00191662124831
0.00103809290739
0.00327373649724
0.00341474492546
0.00160715481417
0.000645407228198
0.00329755758619
0.00191085381797
0.00103226146963
0.00326427873708
0.00341004444465
0.00160238178224
0.000640565015968
0.00329265021324
0.0019058859653
0.00102723847797
0.00325563772863
0.00275861350605
0.00159837708577
0.000636502271001
0.00328853279239
-0.00150201755088
0.00102302404189
0.00324781366422
0.00275542642264
0.00159514080358
0.000633219075602
0.00328520540932
-0.00150538594752
0.00101961825325
0.00324080671809
0.00275299613641
0.00159267299939
0.000630715496291
0.00328266813326
-0.00150795449987
0.000790507703671
0.00323461704628
0.00275132269377
0.00159097372178
0.000628991583796
0.00328092101702
-0.00150972315314
0.000788719415051
0.00322924478668
0.00275040612667
0.00159004300421
0.000628047373051
0.00327996409696
-0.00151069186962
0.00078773994375
0.00322469005902
0.00275024645262
0.001589880865
0.000627882883191
0.0028286870896
-0.00151086062864
0.000785142253096
0.00322095296479
0.00275084367467
0.00546784861241
0.00062849811755
0.00282931060522
-0.0015102294266
0.000782254850001
0.00321578583084
0.00275219778141
0.00546922362437
0.000629893063659
0.00283072432742
-0.00150879827696
0.00078017627302
0.00321087610087
0.00275430874699
0.00480152273031
0.00063206769325
0.0028329282268
-0.00150656721025
0.000778906567484
0.00320678407908
0.00275717653109
0.00480443478516
0.000635021962258
0.00283592225747
0.00203024150677
0.000778445761086
0.00320350985671
0.00276080107897
0.0016605290342
0.000638755810825
0.00283970635714
0.0020340722478
0.000778793863875
0.00320105350676
0.00276518232142
0.00166497790262
0.000643269163306
0.00284428044705
0.00203870271199
0.00077995086826
-0.000719550263103
0.00277032017482
0.00167019505404
0.000648561928276
0.00284964443206
0.00204413280061
0.000779269445484
-0.000720370722112
0.00277621454112
0.00167618038579
0.000654633998542
0.00285579820057
0.00159872403461
0.000779266996009
-0.000720373199084
-0.000723344205611
-0.000422347677349
-0.000601256872955
-0.000853267910769
-0.00168012758568
0.00210672137686
-0.00100569680399
-0.000484636532534
0.00278559086201
-0.000621801170735
-0.000874604704278
-0.00170229551146
0.00208368517383
-0.0010479082515
-0.000502782089272
0.00276676497963
-0.000641344117914
-0.000894901877739
-0.00172338372567
0.00206177051605
-0.00108896836391
-0.000519996780694
0.0027489046128
-0.000659885058088
-0.00091415869603
-0.00115046768097
-0.00194461104206
0.00175612362824
-0.00053628010767
0.00273201031879
-0.00067742336798
-0.000932374461065
-0.00116939404099
-0.00196427988211
0.00171737169345
-0.000551631597744
0.00271608262516
-0.000693958457541
-0.000949548511923
-0.00118723834146
-0.00198282454273
0.00167977650436
-0.000566050805205
0.00270112202959
-0.000709489770049
-0.000965680224968
-0.00120399988302
-0.00200024423914
0.00164333976705
-0.00057953731115
-0.000958589097793
-0.000724016782204
-0.000980769013961
-0.0012196780082
-0.00201653823354
0.00160806313822
-0.000592090723547
-0.000971614123804
-0.000737539004216
-0.000994814330164
-0.00123427210155
-0.00141738683856
0.00157394822485
-0.000603710677289
-0.000983670738364
-0.000750055979883
-0.00100781566244
-0.00124778158975
-0.00143142740404
0.0015409965838
-0.000614396834248
-0.000994758563819
0.00230978648412
-0.00101977253736
-0.00126020594174
-0.00144434033723
0.00150920972151
-0.000624148883325
-0.00100487725269
0.002299281235
-0.00103068451924
-0.00127154466879
-0.00146698057631
0.00147858909362
-0.000632966540495
-0.00101402648772
0.00257752102722
-0.00104055121031
-0.00128179732462
-0.00149520837302
0.00144913610468
-0.000640849548846
-0.00102220598193
0.00256902892454
-0.00104937225069
-0.00129096350552
-0.00152231496963
0.00209206560052
-0.00064779767862
-0.00102941547867
0.00256154384285
-0.00105714731851
-0.00129904285034
-0.00154829921977
0.00206495189702
-0.000653810727243
-0.00103565475164
0.00255506603538
-0.00106387612996
-0.00130603504066
-0.00157316002308
-0.00209805925062
-0.000658888519357
-0.00104092360494
0.00254959572137
-0.00106955843933
-0.00131193980079
-0.00159689632543
-0.00212282867161
-0.000663030906845
-0.00104522187311
0.002545133086
-0.000786455410401
-0.00131675689784
-0.00161950711913
-0.00214642420841
-0.000666237768851
-0.00104854942112
0.00254167828036
-0.000790044131172
-0.00132048614178
-0.00164099144316
-0.00216884476943
-0.000668509011801
-0.00105090614444
-0.00145214704979
0.00221385567684
-0.00132312738546
-0.00166134838335
-0.00219008931622
-0.000669844569412
-0.00105229196901
-0.00145358587907
0.0022123610692
-0.00132468052463
-0.00168057707261
-0.00221015686362
-0.00626026107352
-0.00463858751127
-0.00464591843708
-0.00291215800511
-0.00791416688533
-0.00614173428293
-0.00426647437265
-0.00477822280061
-0.00303608479355
-0.00782298609568
-0.00590920530816
-0.00652870283665
-0.00464030450684
-0.00480603280397
-0.00295025612464
-0.00797818736395
-0.00598178510656
-0.00628163160215
-0.00417987696021
-0.00504249633584
-0.00749905978464
-0.00368078888546
-0.00421502821212
-0.00250608509772
-0.00259549616916
-0.00535678855305
-0.00581571705326
-0.00406093800971
-0.00460108242275
-0.00278340269786
-0.00756876397442
-0.00576308303331
-0.00617181501434
-0.00451366733942
-0.00467897914657
-0.0073286107813
-0.00760494532072
-0.00592464970585
-0.00617244610797
-0.00410054968081
-0.0044957180183
-0.0069923074138
-0.00329144439097
-0.00375456904141
-0.00213697840201
-0.00718328782492
-0.00548584386506
-0.00549493330808
-0.00375313915771
-0.00430930870772
-0.00255626498454
-0.00727251912564
-0.00557366498562
-0.00600226280025
-0.00411536453652
-0.0045228464598
-0.00722086103173
-0.00754220107586
-0.00556876892544
-0.00601790849354
-0.00400361208473
-0.00666868331209
-0.00690959553492
-0.00364542364428
-0.00336412826397
-0.00174713025949
-0.00678903725055
-0.00511183801663
-0.00564192283189
-0.00340520681904
-0.00397678867221
-0.00668012950888
-0.00706165287061
-0.00534142677763
-0.00578937688843
-0.00390105455673
-0.00865079844889
-0.00711760622488
-0.00521247693168
-0.00546043916319
-0.00330582071996
-0.00363132368044
-0.00658555287476
-0.00682605284953
-0.00318327364213
-0.00377202050968
-0.00650358229095
-0.00635718583127
-0.00472029104304
-0.00525810025962
-0.00351577927309
-0.00360428173566
-0.00630426777946
-0.00679010628245
-0.00511584816593
-0.00330603494385
-0.00364367730474
-0.00627692824806
-0.00673828839007
-0.00482296029716
-0.00530713458757
-0.00321189062405
-0.00802355942857
-0.00620305226135
-0.00670603160091
-0.00270339003586
-0.00336291896132
-0.00604724395981
-0.0066637354583
-0.00435471203332
-0.00487977285598
-0.00312967350901
-0.00591392079377
-0.00588894962594
-0.00424341193004
-0.00479978190949
-0.00305095108588
-0.0033991455987
-0.00608680685651
-0.0065464314455
-0.00462606839909
-0.00487229722213
-0.00316199363024
-0.00799846283454
-0.00617774984074
-0.00639722114498
-0.00321951166597
-0.00731552900932
-0.00559811300465
-0.00406702753028
-0.00474303322473
-0.00226894617448
-0.00277944992123
-0.00555989427713
-0.00598798239915
-0.00390646517316
-0.0044466143067
-0.00271166378808
-0.0076254856297
-0.00587892326919
-0.00631096851144
-0.00438534843592
-0.0046321452586
-0.00282471738893
-0.00792782736376
-0.006106536198
-0.0063256872111
-0.00274442842269
-0.00551747274191
-0.00511349041622
-0.00365521025103
-0.00432627048784
-0.00262191055573
-0.00681405630466
-0.00516697874639
-0.00563690313785
-0.00402449559567
-0.00407508346854
-0.0023620583502
-0.0073062444916
-0.00560293096667
-0.00605796993085
-0.00410142396436
-0.00449338391671
-0.00715696828659
-0.00757145671374
-0.00598961096238
-0.00620823811869
-0.00223524952215
-0.00500266684976
-0.00552052979876
-0.00320714624086
-0.00387290775972
-0.00216437506506
-0.00713776469723
-0.00473600637676
-0.00531791943514
-0.00362998128125
-0.00414239591909
-0.00690835386816
-0.00694599365221
-0.00528497818764
-0.00573720091913
-0.0037941018852
-0.00431047315564
-0.00697253022575
-0.00518347858324
-0.00558186237775
-0.00382327739158
-0.00604435699833
-0.00445437404543
-0.00504375509852
-0.00362243590889
-0.00338381473483
-0.00167085554704
-0.00667443138985
-0.00511197282633
-0.00497659027754
-0.00321088808655
-0.00377477628473
-0.00652186588688
-0.00480164667379
-0.00492583187195
-0.00314119586617
-0.00351562939257
-0.00633176704741
-0.00674407065013
-0.00497788173859
-0.00537461093414
-0.00336480039831
-0.00662244817814
-0.00387351428936
-0.004532811884
-0.00310444057144
-0.00375865792784
-0.00554219770322
-0.00618891100461
-0.00473622264156
-0.00313114445167
-0.00359037628696
-0.00563447151731
-0.00616178711067
-0.00445836416765
-0.00497634502027
-0.00278827505026
-0.00324902334451
-0.00606209324572
-0.00650088058649
-0.00472824257879
-0.00512298118823
-0.00311206846352
-0.00601628883753
-0.00443330151036
-0.00403025591966
-0.00255282898757
-0.000973445535555
-0.00584407871097
-0.00441998052577
-0.00432297262418
-0.0027133129098
-0.00321764568948
-0.00600311761882
-0.00576244748426
-0.00407520217301
-0.00462925541965
-0.00288905649638
-0.00740298283953
-0.00575000749551
-0.00621476314322
-0.00443152090257
-0.004827642479
-0.00282820486645
-0.00314534089506
-0.00391052125194
-0.00241302938429
-0.00196853529298
-0.00475391307258
-0.00529952621337
-0.00397603039775
-0.0047337914611
-0.00225847193533
-0.00280799790414
-0.00561084692142
-0.00610707714717
-0.0036889347388
-0.00424684182417
-0.00251733436953
-0.00746976655949
-0.00539627767896
-0.00588629938056
-0.00409585603598
-0.00448566927672
-0.00709930001675
-0.00248982920717
-0.00335561087941
-0.00185139603339
-0.00249204207048
-0.00518036477409
-0.00482748574645
-0.00349663845766
-0.00424804724081
-0.00262462687737
-0.00676144416589
-0.00518105528767
-0.00577503875036
-0.00409665441359
-0.00382526322864
-0.00218540115501
-0.00712868629222
-0.00543923573502
-0.00593768059162
-0.00375446680503
-0.00197048656352
-0.00687276988032
-0.00340462141412
-0.00276943137463
-0.00126483471653
-0.00617012409851
-0.00461588380412
-0.00537038950329
-0.002982676678
-0.00372739310782
-0.00209848327248
-0.00714331265106
-0.00474164544207
-0.00541273334924
-0.00371444425254
-0.00416852988753
-0.00623957036102
-0.00453536986312
-0.00504056737714
-0.00336188403284
-0.00385912253461
-0.00616643748848
-0.00660268415333
-0.00279636520714
-0.00364577344366
-0.00216205199222
-0.00565465800495
-0.00410070629039
-0.00483087434953
-0.00347717559088
-0.00317276491711
-0.00601064774965
-0.00452167114709
-0.00518818531799
-0.00279020142065
-0.0033007504661
-0.00154018903834
-0.00657819862775
-0.00491396262875
-0.00463382755614
-0.00300227936088
-0.00349606611309
-0.00625080853461
-0.00628973733963
-0.00215883099995
-0.0030197052778
-0.00153235933599
-0.00649446997186
-0.00355307074044
-0.00202615680219
-0.00289680918809
-0.0013947052661
-0.00558138250548
-0.00408690262865
-0.00475550330328
-0.00319361316952
-0.00285888493157
-0.00562045553484
-0.00622898503443
-0.00452316179871
-0.00498536996371
-0.00263775389885
-0.00315542727374
-0.00589877008541
-0.00632936982526
-0.00327829459332
-0.000144255868034
-0.00511919146557
-0.00368839457725
-0.00435519155758
-0.00142272767094
-0.00228465153219
-0.00090809889335
-0.00608713878449
-0.00361644065257
-0.0042866767921
-0.00271929375208
-0.003221515823
-0.00612097065709
-0.00586044747767
-0.00416242088614
-0.00460382601761
-0.00299652988764
-0.00722199429002
-0.00551539116566
-0.00596521523109
-0.00265495756696
-0.00129502963826
-0.00452329033678
-0.00308490537415
-0.0037452479223
-0.00218070465952
-0.00178838872051
-0.00473232815362
-0.00558804201117
-0.00407481492714
-0.00379122527078
-0.00222094744703
-0.00724175757742
-0.00574433165174
-0.0063228233206
-0.00379047839267
-0.00420328754121
-0.00263263798565
-0.00754979062339
-0.00515534871886
-0.00337295933351
-0.00202147621263
-0.00473537799915
-0.00559035818049
-0.0024517779721
-0.00310548275198
-0.00166572481487
-0.00264634575142
-0.00420405768937
-0.00505531488184
-0.00353559312758
-0.0042761818306
-0.00269379948974
-0.00683275127547
-0.00533003334976
-0.00591018792983
-0.00421916896175
-0.00158560245219
-0.00664176896134
-0.00493507562355
-0.00546552731308
-0.00296928164113
-0.00136477438456
-0.00407014588673
-0.00494953338381
-0.00348926698323
-0.00243679517438
-0.00111910273943
-0.00630159000064
-0.0049147625471
-0.00575811916508
-0.00297652270871
-0.00376296372332
-0.00217484672678
-0.00506968764666
-0.00487890492343
-0.00323838766342
-0.00377111033755
-0.00199919900185
-0.00621093736075
-0.00451796844007
-0.0050415723774
-0.00324021017899
0.00229666506139
-0.000194969456153
0.00270965193658
0.00163461891026
0.000751350820711
-0.000491971953685
0.00253682557625
0.00218878995272
-0.000303955837465
0.00259965083806
0.00152370912842
0.000639647293663
0.00102548821212
0.00240898469398
0.00208152851811
-0.000412324113469
0.00249027184023
0.00141342498358
0.00052857246021
0.000909960393664
0.00228174849619
0.00197488230528
-0.000520072692891
0.00238151657471
0.00273746474175
0.000418128020849
0.000795058798089
0.00215511887971
0.00186885285823
-0.00062719998814
0.00227338666946
0.00262843687189
0.000308315672515
0.000680785190529
0.00202909774021
0.00176344171716
-0.000733704415395
0.00216588374872
0.0025200396327
0.000199137108473
0.00056714133306
0.0019036869721
0.00165865041838
0.000348927565503
0.00205900943287
0.00241227468126
9.05940182171e-05
0.000454128984594
0.00177888846843
0.0015544804942
0.00435500736032
0.00195276533838
0.00230514367075
-1.73119126356e-05
0.000341749900766
0.00165470412079
0.00145093347288
0.00425038100081
0.00184715307767
0.00219864825032
-0.000124579002447
0.000230005833837
0.0015311358192
0.00134801087848
0.00414638380494
0.00174217425902
0.00209279006505
-0.000231205573666
0.000118898532579
0.00309330002942
0.00124571423084
0.00404301733625
-0.000998923467502
0.00198757075577
0.00360020533661
8.42974217215e-06
0.00297096948321
0.0011440450454
0.00394028315392
-0.00110263059418
0.00188299195901
0.00349486481836
-0.000101398795904
0.00284926064267
0.0010430048332
0.0038381828127
-0.00120569947971
0.00177905530689
0.00487195619607
-0.00021058534398
0.00272817539051
0.000942595100722
0.00373671786279
-0.00130812853335
0.00167576242698
0.00476790838933
-0.000319128168304
0.00260771560733
0.000842817349811
0.00363588984976
-0.0002076727887
0.00157311494226
0.00466155959638
-0.000427025539155
0.00248788317156
0.000743673077602
0.00353570031445
-0.00030881742488
0.00147111447095
0.00455504579502
-0.000534275730948
0.00236867995927
0.000645163776405
0.00343615079288
-0.000409317485084
0.00136976262643
0.00444917771923
-0.000640877022348
0.00225010784415
0.00154637840141
0.00333724281611
-0.000509171397691
0.00126906101716
0.00434395705414
-0.00074682769638
0.00213216869734
0.00144914349943
0.00323897791021
-0.000608377596126
0.00116901124655
0.00423938548038
-0.000852126040541
0.00201486438733
0.00135254801556
0.0031413575961
-0.000706934518954
0.00106961491283
0.00413546467398
-0.000956770346913
0.00189819677987
0.00125659342188
0.00304438338948
-0.000804840609984
0.000970873608999
0.00403219630626
0.00038686747729
0.00178216773782
0.00340319081095
-0.001826470588
-0.00129965836885
-0.000784366925676
-0.000295941685855
0.000957565049561
-0.00175968198519
0.0032584409127
-0.00197524634206
-0.00143998353608
-0.000928652040744
-0.000438997398795
0.000810318193464
-0.00191118837739
0.000263448991453
-0.00212339360838
-0.00157963936474
-0.00107225988324
-0.000581353172202
0.00066377926793
-0.0020619798321
0.000119945638664
0.0034383937463
-0.0017186231816
-0.00121518759267
-0.000723005992849
0.000517951502741
-0.00221205289504
-2.2930799892e-05
0.00329151122947
-0.00186516780358
-0.00135743230606
-0.0008639528452
0.00260810916816
-0.00236140410627
-0.000165177893952
0.00314526498053
-0.00201551236494
-0.00149899115817
-0.0010067600105
0.00246371342824
0.000669747413216
-0.000306793211463
0.00299965759877
-0.00216521171634
-0.0016398612816
-0.00115162611434
0.00232003856031
0.000521850306821
-0.000447774318711
0.0028546916862
-0.00231426307983
-0.00178003980706
-0.00129579249347
0.00217708780833
0.00037468546377
-0.000588118780447
0.00271036984745
-0.00023747513519
-0.00191952386347
-0.00143925607507
0.00203486441923
0.00022825636444
-0.000727824160022
0.00256669468958
-0.000385222173789
-0.00206079682399
-0.00158201378345
-0.00125176895301
0.0023158258736
-0.000866888019515
0.00242366882197
-0.000532312868162
-0.00221204114284
-0.00172406254018
-0.00139252786467
0.00217087872071
-0.00100530791987
0.00228129485617
-0.000678744425876
-0.00236261991586
-0.00186539926435
-0.00153254965692
0.00202667777886
-0.00114308142104
0.00213957540576
0.00258604137105
-0.00251253015767
-0.00200602087273
-0.00167183107312
0.00188322654506
-0.0012802060821
0.00199851308619
0.00244093647677
-0.000428020554158
-0.00214592428002
-0.00181036885477
0.00174052851986
-0.00141667946142
-0.00106280206406
0.00229649911528
-0.00057658475953
-0.00228510639903
-0.0019481597418
0.00159858720707
-0.00155249911677
-0.00120254226882
0.00215273209104
-0.000724471451156
-0.00243350338387
-0.00208520047276
0.00145740611353
-0.00168766260549
-0.0013416174866
0.00200963821112
-0.000871677626628
-0.00258489762401
-0.00222148778512
0.00131698874882
0.000227042065389
-0.00148002509596
0.00186722028503
-0.00101820027971
-0.00273560167291
-0.00235701841548
0.00117733862499
9.31982389386e-05
-0.00161776247432
0.00172548112454
-0.0011640364005
-0.000650304956776
-0.00249178909985
0.00103845925629
-3.99820917153e-05
-0.00175482699816
0.00158442354356
-0.00130918297565
-0.00079961897133
-0.00262579657388
0.000900354158898
-0.000172496483611
-0.00189121604315
0.0014440503579
-0.00145363698852
-0.000948233132808
-0.00275903757317
0.000763026850631
-0.00576283848531
-0.00885785926744
-0.00816010142826
-0.00518908887107
-0.00439958010802
-0.00987568439099
-0.00912863045214
-0.0057774273088
-0.00887078870335
-0.0081736208047
-0.00743514251702
-0.00441433009435
-0.00989160419727
-0.00914095985633
-0.0057907498085
-0.00888239340819
-0.00818575521052
-0.00744782419232
-0.00442756954064
-0.00665414223401
-0.00915164027115
-0.0058028052705
-0.00889267270176
-0.00819650386816
-0.00745905780414
-0.0044392974373
-0.00666872761667
-0.00916067072677
-0.00343773223606
-0.00890162598116
-0.00820586608838
-0.00746884256578
-0.00444951288925
-0.00669090898007
-0.00916805040257
-0.00568148459784
-0.00890925272096
-0.00821384127047
-0.00747717779152
-0.00445985927795
-0.00671151801032
-0.00917752375448
-0.00569631741854
-0.00891555247336
-0.00822042890244
-0.0074840628969
-0.00447809996688
-0.0067305529992
-0.00918592564766
-0.00570988272033
-0.00892052486833
-0.00822562856119
-0.0074894973989
-0.00672164869713
-0.00674801236675
-0.00919267581312
-0.00572217977485
-0.00892572115446
-0.00822943991265
-0.00749348091611
-0.00673686748568
-0.00676389466194
-0.00919777363647
-0.00573320792134
-0.00527987027428
-0.00823186271188
-0.00749601316888
-0.00675057352249
-0.00677819856324
-0.00920121865351
-0.00574296656684
-0.00752483740004
-0.00823289680312
-0.00749709397939
-0.00676276575916
-0.00679092287922
-0.00920301055044
-0.00575145518634
-0.00753370836273
-0.00823254211991
-0.00749672327175
-0.00677344326227
-0.00680206654899
-0.00603302537455
-0.0057586733229
-0.00754125169468
-0.00823079868505
-0.00750469790633
-0.00678260521371
-0.00595669919923
-0.00603151069214
-0.00576462058784
-0.00754746695226
-0.00822766661061
-0.00751201229312
-0.00679025091107
-0.00596467891834
-0.00602834285173
-0.00576929666076
-0.00755235376981
-0.00822372225571
-0.00751787551072
-0.0067963797678
-0.00597107559613
-0.00604606370696
-0.00577270128967
-0.00755591185972
-0.0104622089462
-0.00752684553345
-0.00680099131354
-0.00597588869784
-0.00608187443544
-0.00577483429107
-0.00755814101254
-0.0104876863683
-0.00755785574975
-0.00681089268863
-0.00598489455628
-0.0061160528907
-0.00577569554998
-0.00502282714025
-0.0105159605739
-0.00758742783477
-0.00684179300437
-0.00601603523673
-0.00837860272744
-0.00577528501995
-0.00502239810339
-0.00700315665708
-0.00761555972687
-0.00687118969971
-0.0060456067659
-0.00840950753323
-0.00577360272312
-0.00502848684699
-0.00702867302159
-0.00764224946113
-0.00689908053446
-0.00607360668911
-0.0084387712445
-0.00577064875019
-0.00505155074515
-0.00705280797334
-0.00766749517007
-0.00692546337907
-0.00610003267739
-0.00846639120467
-0.00592087518446
-0.00720286091927
-0.00516968747799
-0.00751967408756
-0.00577404356695
-0.00663333983384
-0.00502780556422
-0.00591826954602
-0.00720017088928
-0.00517267345044
-0.00753040342194
-0.00578468227927
-0.00663949014147
-0.00503400412958
-0.00591463213438
-0.00719643370225
-0.00517459739917
-0.00754005758151
-0.00579445018598
-0.00664454035102
-0.00504739955244
-0.00590996307862
-0.00719164949475
-0.00517545925182
-0.00754863619374
-0.00580312989548
-0.00665191385229
-0.005061968176
-0.00590426254438
-0.00718581844164
-0.00517525897599
-0.00755613892747
-0.00581072106478
-0.0066652679959
-0.00730403341998
-0.00589753073387
-0.00717894075596
-0.00517399657922
-0.00756256549295
-0.00581722339377
-0.0089127012208
-0.00731638733642
-0.0058897678858
-0.00717101668891
-0.00517167210896
-0.00756791564193
-0.00805781452967
-0.00892385722395
-0.00732763311732
-0.00588097427535
-0.00716204652981
-0.00516828565263
-0.00980242454312
-0.00652108922994
-0.00893391345953
-0.00733777030155
-0.00587115021413
-0.00502849499533
-0.00738799583318
-0.00980562128043
-0.00652657982264
-0.0089428695215
-0.0073467984732
-0.00808471159081
-0.00501743367234
-0.00738670131968
-0.00980774110574
-0.0065343520922
-0.00895072504808
-0.00735591528711
-0.00807282770826
-0.00502928684197
-0.00738772957275
-0.00555342673867
-0.00654103516374
-0.00895747972181
-0.00736609912514
-0.00805991452769
-0.00504157831839
-0.00738818975523
-0.00555339253573
-0.00654662877277
-0.00896364309129
-0.00737517357392
-0.00804597250577
-0.00505282455569
-0.00739959862417
-0.00555228129984
-0.00655113269787
-0.00484154128094
-0.00738313826074
-0.00705096859602
-0.00506302514356
-0.00740994676019
-0.00555009307396
-0.00655454676071
-0.00484834045638
-0.00739162729837
-0.00703497040567
-0.00507217970968
-0.00741923377456
-0.00554682794269
-0.00656001638991
-0.00485403823142
-0.00740474036657
-0.0070243158125
-0.00508028791974
-0.00742745931828
-0.00554248603225
-0.00656456337324
-0.00486282774653
-0.00741674431871
-0.00703126226019
-0.00508734947754
-0.00743462308209
-0.00553706751045
-0.00656802032112
-0.00487363233335
-0.00742763866155
-0.00703717884862
-0.005093364125
-0.00744072479656
-0.00553057258668
-0.00657708059066
-0.00488333598817
-0.00743742294722
-0.0070420653685
-0.00509833164225
-0.00744576423215
-0.00552300151184
-0.00658558961095
-0.00489193831841
-0.00744609677326
-0.00704592164692
-0.00510225184767
-0.0074497411992
-0.00552924229957
-0.00659300889258
-0.00489943897586
-0.00745365978274
-0.00704874754742
-0.00510512459786
-0.00745346938036
-0.00554414422817
-0.0065993381416
-0.00490583765682
-0.0074601116643
