0.000252410940984
0.00290958287255
0.000896068754653
-0.000992962342693
0.0033963775153
0.00165414499992
-0.000104932126612
0.000202676962283
0.0028557455569
0.000842154213496
-0.00104685147902
0.00334261598047
0.00160061110143
-0.000158142143407
0.000153824947383
0.00280278545756
0.000789118065062
-0.00109986260959
0.00328973050719
0.00154794979373
-0.000210484512854
0.000105856199372
0.00275070397891
0.000736961719655
-0.00115199432606
0.00323772249405
0.00149616245807
-0.000263722466116
0.00184091642013
0.00269950250493
0.00068568656713
-0.00120324524048
0.00102132421269
0.00144525045561
-0.000318498718282
0.00179471803075
0.00448019424576
0.0024308149827
0.000506631315284
0.000971075234163
0.00139521512725
-0.000372407608632
0.00174940669049
0.0044307568508
0.00238130630283
0.000457146086138
0.00271821506559
0.0031425650701
-0.000425447737924
0.00170498361722
0.00438220348853
0.00233268286094
0.000408545698505
0.00266973047011
0.00309428703085
0.0012758903868
0.00166145000707
0.00433453545973
0.00228494596334
0.000360831456867
0.00262213001967
0.00304688956526
0.00122459189874
0.00161880703435
0.00428775404391
0.00223809689503
0.000314004644414
0.00257541498845
0.00300037393157
0.00117416625112
0.00157705585131
0.00424186049922
0.00219213691949
0.000268066522881
0.00252958662933
0.00295474136692
0.00112461476372
0.00153619758804
0.00419685606222
0.0021470672786
0.00022301833238
0.00248464617368
0.00290999308723
0.00107593873603
0.00149623335233
0.00415274194775
0.00210288919239
0.000178861291246
0.00244059483127
0.00286613028704
0.00102813944708
0.00145716422947
0.00410951934875
0.00205960385894
0.000135596595867
0.00239743379002
0.00282217319911
0.000981218155324
0.00141899128217
0.00406718943616
0.00201721245421
9.32254205339e-05
0.00235516421594
0.00277586716601
0.000935176098404
0.00138171555037
0.00402575335868
0.00197571613185
5.17489172844e-05
0.0023137872529
0.0027304463938
0.000890014493052
0.00134533805114
0.00398521224269
0.0019351160231
1.11682157485e-05
0.00227330402252
0.0026859120985
0.000845734534912
0.0013098597785
0.00394556719208
0.00189541323659
-2.85155769998e-05
0.00223371562402
0.00264226547456
0.000802337398388
0.00127528170333
0.00390681928806
0.00185660885824
-6.73013765899e-05
0.00219502313406
0.00259950769471
0.000759824236497
0.00124160477322
0.0038689695891
0.00181870395109
-0.000105188121499
0.0021572276066
0.00255763990979
0.000718196180714
0.00120882991233
0.00383201913072
0.00178169955513
-0.000142174773196
0.00212033007278
0.00251666324863
0.000677454340831
-0.00177989833857
0.00127313387762
-0.000406434515432
0.00085202437384
0.00211610038391
-0.00305764790014
-0.00158445328365
3.38365015687e-05
0.0012149616791
-0.000466144189778
0.000790805495398
0.00205342029636
-0.00312171903895
-0.0016498211652
-2.18497978328e-05
0.00115775041364
-0.000524869546956
0.000730593734836
0.00199176925384
-0.00318474039739
-0.00171412006161
-7.65971822862e-05
0.00110150191211
-0.000582608610851
0.000671391217798
0.00193114953344
-0.00324670954792
-0.00177734739957
-0.00013040398465
0.00104621797912
-0.00063935943338
0.000613200040136
0.00187156338074
-0.00330762409624
-0.00183950064061
-0.000183268562576
0.000991900392728
-0.000695120094798
0.000556022267555
0.0018130130094
-0.00336748168171
-0.00190057728157
-0.00023518929875
0.000938550904171
-0.000749888704008
0.000499859935274
0.00175550060074
-0.00342627997778
-0.00196057485504
-0.00028616460113
0.000886171237592
-0.000803663398868
0.000444715047672
0.00169902830339
-0.00348401669241
-0.00201949092988
-0.000336192903177
0.000834763089782
-0.000856442346494
0.000390589577954
0.0016435982329
-0.00354068956852
-0.00207732311166
-0.000385272664088
0.000784328129908
-0.000908223743554
0.000337485467813
0.00158921247134
-0.00359629638438
-0.0021340690431
-0.000433402369023
0.000734867999258
-0.000959005816566
0.000285404627099
-0.00172611777824
-0.00365083495404
-0.00218972640458
-0.000480580529334
0.000686384310981
-0.00100878682219
0.000234348933484
-0.00177840881138
-0.00370430312774
-0.000392062745642
-0.000526805682781
0.000638878649839
-0.00105756504752
0.000184320232146
-0.0018296494938
-0.00197344144198
-0.000445536161022
-0.000572076393757
0.00059235257195
-0.00110533881034
0.000135320335443
-0.00187983788095
-0.0020247625212
-0.000497914277763
-0.000616391253499
0.000546807604547
-0.00115210645946
8.73510226009e-05
-0.000143684430001
-0.00207500697629
-0.000549194931191
-0.000659748880302
0.000502245245735
-0.00119786637493
0.00182570167294
-0.000191762534379
-0.00212417280621
-0.000599375996457
-0.00070214791973
0.000458666964252
0.000472059650228
0.0017797987314
-0.000238782722863
-0.00217225804807
-0.00065188620532
-0.000743587044819
0.0021181220837
0.000428319935463
0.00173493150951
-0.000284743194082
-0.00221926077753
-0.000704729673984
0.000849690906433
0.00207651624444
0.00038559262388
0.00169110165089
-0.000329642183306
-0.00226517910914
-0.000756473428183
0.000810175480018
0.0020358987102
0.000343879207684
0.00164831076452
-0.000373477962781
-0.00231001119673
-0.00080711531385
0.000771623781995
0.00199627082992
0.000303181146501
0.00160656042446
-0.000416248842043
-0.00235375523373
-0.000856653217337
-0.00505642189962
-0.00622700448964
-0.00509347729506
-0.0039024976463
-0.00492368347442
-0.00382310578235
-0.00500780391596
-0.0038973515412
-0.00493258373418
-0.00365587561153
-0.00232917725471
-0.00328846727966
-0.00646290351355
-0.00753551167457
-0.0064499148242
-0.00548799724655
-0.00628663106
-0.0053688731104
-0.00597153726486
-0.00510111044731
-0.00438681036166
-0.00549811909573
-0.00667378043562
-0.00554511175169
-0.00656691761194
-0.00536573985177
-0.00427027253794
-0.00540947115399
-0.00429733978328
-0.00533712278984
-0.00405792198267
-0.00278657451923
-0.00375066866499
-0.00244174798368
-0.00352005014269
-0.00693520644852
-0.00597824348624
-0.00678139599499
-0.00586767858655
-0.00647386553245
-0.0056064077839
-0.00513526833857
-0.00593725041234
-0.00710032877397
-0.00597633925305
-0.00700703562501
-0.00578538742179
-0.00468862959142
-0.00579713465521
-0.00468958838107
-0.00573371866737
-0.00445859588986
-0.00322175279016
-0.00419046280858
-0.00289348541389
-0.0039772681137
-0.00282742919214
-0.00177979747257
-0.00282959941845
-0.0065773427506
-0.00718692577282
-0.00632587648195
-0.00561921271632
-0.00637704828532
-0.00751654177161
-0.00639134622034
-0.00742185488811
-0.00618533814584
-0.00509328512073
-0.00616283686865
-0.00505965063338
-0.00610791595393
-0.00483667312555
-0.00363439486043
-0.0046075229455
-0.00332236850071
-0.00464553549948
-0.00350361419259
-0.00246574926364
-0.00327743457788
-0.00228932875221
-0.00290217329908
-0.00678346221574
-0.00607900737849
-0.00231684308308
-0.00790187410036
-0.00678097511647
-0.00781556262699
-0.00656384011136
-0.00547627578101
-0.00654386434428
-0.00540726490432
-0.00645944454036
-0.00542888164146
-0.00425858309616
-0.00523592205437
-0.00396219621982
-0.00505625302918
-0.00391904923555
-0.0028855602774
-0.00370124024249
-0.00271670937882
-0.00333267313961
-0.002401506901
-0.00163609532134
-0.00270562462763
-0.00379669155162
-0.00267982473819
-0.00371829940349
-0.00692064248519
-0.00607479679221
-0.00714476270754
-0.00596866216623
-0.00702452720767
-0.00579128944947
-0.00462524546413
-0.00560657893326
-0.00434439279114
-0.00544322034828
-0.00431050243105
-0.00328117584924
-0.00410065656403
-0.00311952801635
-0.00373846104216
-0.00335011185917
-0.00375945372042
-0.0030736116992
-0.00439329374518
-0.00327970758858
-0.00432187047466
-0.0030472339032
-0.0019580560461
-0.00748749199471
-0.00629350815432
-0.00732995851078
-0.00613051943124
-0.00496848901432
-0.00595359173185
-0.00470278223697
-0.00580612156568
-0.00467764732024
-0.0061074987082
-0.00499666982399
-0.00402886083099
-0.00465060570061
-0.00373319850093
-0.00414444683021
-0.00367401783929
-0.00471503426638
-0.00360511367636
-0.00465075883542
-0.003379397867
-0.00227454042273
-0.00335194904665
-0.00215820869028
-0.00315969999753
-0.00644631267734
-0.0075230524254
-0.00677157764599
-0.00553801084784
-0.0066455923195
-0.00553041973567
-0.00645372920225
-0.00534628567464
-0.0043815086126
-0.00500590064458
-0.00409072724866
-0.00450377098586
-0.00399974132777
-0.00503271150445
-0.00390866691676
-0.00495758165343
-0.00368929683662
-0.00256839155866
-0.00364917118174
-0.00245519362379
-0.00398336630693
-0.00279994161534
-0.00388018648014
-0.00707048812031
-0.00584792920304
-0.0069594729538
-0.00584802931326
-0.00677480167251
-0.00567052261785
-0.00470858028989
-0.00533544780143
-0.00442236369219
-0.00483708692105
-0.00430401627844
-0.00534255621506
-0.00419016392207
-0.00524212909339
-0.00447945460723
-0.00557525294766
-0.00442925282077
-0.00324002415957
-0.00427233074951
-0.00306814319426
-0.00415162654651
-0.00291761130625
-0.00169857466087
-0.00281379107223
-0.00614044521808
-0.00707042895668
-0.00596908520002
-0.00566462301016
-0.00629378762301
-0.00539344217722
-0.00580972433331
-0.00730886305259
-0.00612210800934
-0.00494903884784
-0.00600034112602
-0.00477659544733
-0.00582321975602
-0.00468009750545
-0.00349010546172
-0.00453756377307
-0.00333089980701
-0.00439866886826
-0.00319848186741
-0.00195898648397
-0.00307757672581
-0.00255286089304
-0.00348579607824
-0.00688425492307
-0.00593965318399
-0.00657093017709
-0.0056723681145
-0.00609008422631
-0.00756966351954
-0.00638808213839
-0.00519407544984
-0.0062397603519
-0.00505103858248
-0.00607276351065
-0.00492051191625
-0.00371643934794
-0.00477885801475
-0.00358547632517
-0.0053784209238
-0.00417459595708
-0.00285877978753
-0.00398043642175
-0.00279412935982
-0.00372974818087
-0.00254651147862
-0.0015123124739
-0.0021455111816
-0.00592451795155
-0.00634353891409
-0.00781316752636
-0.0066318459275
-0.00544189836355
-0.00649107980364
-0.00530258729752
-0.00634780726089
-0.00589506544492
-0.00469028381618
-0.00575576364388
-0.00457395103774
-0.00562443831853
-0.00440744626396
-0.00312456592534
-0.00419319978037
-0.00300948407707
-0.00394751144237
-0.00276647749128
-0.001734253159
-0.00236917741354
-0.00139282842225
-0.00259383842323
-0.00360551505042
-0.00244931892727
-0.00126717005
-0.00744701727635
-0.00625482847335
-0.00732232336357
-0.00613753264271
-0.0049481396913
-0.00598102644506
-0.0048280691839
-0.00585297505659
-0.00463868159426
-0.00340951573296
-0.00443942781814
-0.0032247494293
-0.00414376280149
-0.00371100177321
-0.00270748292417
-0.00335996885559
-0.00241502778739
-0.0028526293276
-0.00458993058598
-0.00342742384442
-0.00223733163206
-0.00327685100082
-0.00206782382803
-0.00755076375669
-0.00638267615076
-0.00518930035277
-0.00618288272854
-0.00505770982829
-0.00608175167715
-0.00484474057726
-0.00442245606002
-0.00546063035125
-0.00424282364388
-0.00516497550701
-0.00401539164594
-0.00477457907202
-0.00367428150346
-0.00273147661986
-0.00317081094854
-0.00483911435673
-0.00367465262494
-0.00246085401308
-0.00353956276471
-0.0023117648793
-0.0033600600146
-0.00222731789677
-0.00104923043496
-0.00644962824951
-0.00609811729203
-0.00712454262829
-0.00586917419051
-0.00699619862369
-0.00571569555596
-0.00450098587006
-0.00543837589301
-0.00429805668911
-0.00505988450358
-0.00396190500199
-0.00302106965988
-0.0034620018244
-0.00506602076245
-0.00390519813601
-0.00271009111209
-0.00378458309837
-0.00255406890285
-0.00444245182659
-0.00330971573584
-0.00434894092812
-0.00312616470051
-0.00187840653021
-0.00730678301034
-0.00607521418224
-0.00720494794903
-0.00594493847189
-0.00473302849358
-0.00569182439402
-0.00455418116818
-0.00531841743982
-0.00422255275652
-0.00432429080023
-0.00476668111053
-0.00527049509157
-0.0049458016681
-0.00377315296315
-0.00485023573882
-0.00362180129369
-0.00467740290414
-0.00354745791913
-0.0045748204257
-0.00334422581999
-0.00203369938978
-0.00306390265115
-0.00189893497052
-0.00303105384235
-0.00614814874774
-0.004951261712
-0.00689819400287
-0.00578564697386
-0.00655205279834
-0.00547862725947
-0.00455931888574
-0.00500302324668
-0.00629988825506
-0.00513087771288
-0.00620075811461
-0.00505825420766
-0.00383202717101
-0.00488864022524
-0.00376121695127
-0.00477980397377
-0.00353766768945
-0.0022291320383
-0.00319546015865
-0.00291840965755
-0.00405258306598
-0.00290811454812
-0.00172197527523
-0.00709837334208
-0.00598796359852
-0.00675629368787
-0.00568455831774
-0.00476668658997
-0.00521155686903
-0.00649120610946
-0.00529301491333
-0.00638331883304
-0.00524290167126
-0.00401864231752
-0.00507600111415
-0.0039508243441
-0.00583451132361
-0.00457249730281
-0.00326059466915
-0.0042059854229
-0.00304755685305
-0.0041992314018
-0.00307137302053
-0.00189319061713
-0.00286502903071
-0.00165664250491
-0.00242664582736
-0.00586279879968
-0.00494617659298
-0.00539206102114
-0.00665981054907
-0.00543209760465
-0.00654263032522
-0.00540404080173
-0.00505311118701
-0.00611094620661
-0.00498405490748
-0.00599670566604
-0.00472753403611
-0.00340582813369
-0.00438738454615
-0.00320209104069
-0.00432166730372
-0.0032139505246
-0.00203760502594
-0.00301115710033
-0.00180434418945
-0.00368231091601
-0.00254152737846
-0.00156255643251
-0.00667941615481
0.00202618713376
0.000307625285844
-0.0013465825714
0.0009751427294
-0.00087175937691
-0.000562138898634
0.00144560385213
0.00415916102638
0.00243735640684
0.000783770829503
0.000884675615439
-0.000962080650638
-0.000665977018941
0.00134211969281
0.00406854387592
0.00234133948377
0.000690133827624
0.00302782545538
0.00118376219165
-0.000769117405855
0.00123933152612
0.00397865051467
0.00224603804288
0.000597216183998
0.00293880723331
0.00109488792911
0.00136388331254
0.00336972855106
0.00388948267135
0.00215145389749
0.00050501967582
0.00285051603509
0.00100673973839
0.00126214409613
0.00326833802024
0.00380104206615
0.00205758885332
0.000413546072286
0.00276295356779
0.000919319318817
0.00116110830459
0.00316764912039
0.00371333041062
0.00196444470839
0.000322797134442
0.00267612152971
0.000832628360926
0.00106077782259
0.00306766371848
0.00362594292129
0.0018720232528
0.00023277461504
0.00259002161017
0.000735244905617
0.000961154528292
0.00296838367498
0.00353434195984
0.00178032626864
0.000143480258392
0.00250465548941
0.00063613240529
0.000862240293252
0.00286981084372
0.00344346663788
0.00168935552985
5.49158002199e-05
0.00241732191711
0.000537731909058
0.00076403698223
0.00277194707179
0.00335331871584
0.00159911280201
-3.29170324862e-05
0.0023207472803
0.000440045285066
0.00066654645306
0.00267479419934
0.00326389994568
0.00150959984225
-0.00012001652162
0.00222489122697
0.000343074394377
0.0005697705565
0.00257835405945
0.00317521207075
0.00142081839908
-0.000206380958101
0.0021297555993
0.000246821090823
0.000473711136084
0.00248262847802
0.00308725682565
0.00133277021224
-0.000292008642029
0.00203534223186
0.000151287220852
0.000378370027973
0.00238761927355
0.00300003593607
0.00124545701255
-0.000384765055281
0.00194165295143
5.64746233833e-05
0.000283749060808
0.00229332825707
0.00291355111864
0.00115218291393
-0.000478233075609
0.00184868957692
-3.7614870349e-05
0.000189850055558
0.00219975723197
0.00282592774236
0.00105941091974
-0.000570973935183
0.00175645391914
-0.000130979436942
9.66748253744e-05
0.0021069079938
0.00495810522539
0.000967368091705
-0.000662985822192
0.00166494778069
-0.000223617260977
4.22517543712e-06
0.00201478233021
0.00486690014053
0.00309798980108
0.00147026688555
0.0015741729558
-0.000315526535169
-8.74970971922e-05
0.00192338202073
0.00477004866844
0.00300741071257
0.00137971834579
0.00371688955851
0.0018287099311
-0.000178490203722
0.00183270883667
0.00466952429359
0.00291756618038
0.0012899041637
0.00362758270921
0.00173826314515
0.00196666302784
0.00016132758649
0.000667588511229
-0.00148147928521
-0.000703913153445
0.000645816006372
0.00202881792352
-0.00287703765943
-0.00141174074499
0.000584871547126
0.000647610668164
-0.000792834789471
0.000555174077293
0.0019365274199
-0.00297088544576
-0.00150703407608
0.000502928972689
0.000551401774252
-0.000880960370627
0.000465340591065
0.00184505706791
-0.00306390216903
-0.00160148634733
0.00264782747497
0.000455961049556
-0.000973835955783
0.000376317703298
0.00175440913491
-0.00315608545328
-0.00169509507929
-0.00102535483909
0.000361290588425
-0.00107041956297
0.000288107557719
0.00166458587612
-0.00324743293486
-0.00178785780502
-0.00110658568889
0.000267392475834
-0.00116621872813
0.000200712285943
0.00157558953441
-0.00333794226276
-0.00187977207038
-0.00119777922087
0.000174268787187
-0.00126123125704
0.000104691912339
0.00148742234
-0.00342761109883
-0.00197083543429
-0.00128820907282
8.19215881231e-05
-0.00135545496537
8.65059605494e-06
0.00140008651025
-0.00351643711802
-0.00206104546905
-0.00137787330616
-9.64706568339e-06
-0.00144888767896
-8.65878610375e-05
0.00131057578255
-0.0036044180087
-0.00215039976057
-0.00146676999226
-0.000100435128717
-0.001541527234
-0.000181021176833
0.00121442591958
-0.00369155147289
-0.00223889590871
-0.00155489721256
-0.000190440565818
-0.00163337147723
-0.00027464707997
0.00111909487124
-0.00377783522652
-0.00232653152749
-0.00164225305882
-0.000279661352382
-0.00172441826621
-0.000367463310067
0.00102458501422
-0.00388258782123
-0.00242538223761
-0.00173985930692
-0.000368095474558
-0.00181466546946
-0.000459467617953
0.00092602261845
-0.00399119859802
-0.000311504008426
-0.00184531478298
-0.000455740929443
-0.00190411096675
-0.000550657765905
0.000820042489146
-0.00409900033352
-0.000420997169863
-0.00195002820846
-0.000542595725282
-0.00199275264925
-0.000651577077108
0.000714864314332
-0.00197659033878
-0.000529669666544
-0.00205399738829
-0.000628657881666
-0.00208392984851
-0.000754044583702
0.00284422502741
-0.00208276587066
-0.000637518680694
-0.00215722013441
-0.000713925429732
-0.00218362529571
0.00137964834576
0.00274065848986
-0.00218812425733
-0.000744541403122
-0.00225969426596
-0.000807213537555
-4.821354053e-05
0.00127877580853
0.00263790161727
-0.0022926628151
-0.000850735033514
-0.00236141760951
0.00132246043033
-0.000146332597497
0.00117870439924
0.00253595696152
-0.0023963788695
-0.00095609678073
-0.000239470025224
0.00122713081065
-0.00024366002182
0.00107943653404
0.00243482706495
-0.0024992697556
-0.0010606238631
-0.000339685303024
0.00113258247722
-0.000340193534694
0.000980974619341
0.00233451446006
-0.0026013328183
-0.00116431350871
-0.00806004194014
-0.00470390506041
-0.00766495100294
-0.00859757555701
-0.00516727616353
-0.00614600034638
-0.00718715877687
-0.00799006786554
-0.00463222998705
-0.00759153727553
-0.00852238981921
-0.00509029055146
-0.00606719384077
-0.00709991078712
-0.00791942962231
-0.00455987655332
-0.00751743082716
-0.00844649687915
-0.00501258319195
-0.00598765104463
-0.00701192137025
-0.00784812830827
-0.00448684593557
-0.00744263291794
-0.008369898086
-0.00493415552843
-0.00590737350081
-0.00692319228613
-0.00777616502908
-0.00441313931837
-0.00736714481661
-0.00829259479795
-0.00485500901385
-0.00582636276203
-0.00683372530375
-0.00770354089817
-0.00433875789448
-0.0072909678005
-0.00821458838221
-0.0047751451105
-0.00574462039078
-0.00842456876157
-0.00763025703668
-0.00426370286472
-0.00721410315538
-0.00813588021479
-0.0046945652899
-0.00566214795916
-0.00833363132562
-0.00755631457335
-0.00418797543792
-0.00713655217539
-0.00805647168048
-0.0046132710327
-0.00723708959307
-0.0082419613519
-0.00748171464446
-0.00411157683077
-0.00705831616296
-0.00797636417267
-0.00616636917766
-0.00715316179476
-0.00814956064451
-0.00740645839376
-0.00403450826782
-0.00697939642866
-0.00945205057257
-0.00608365052503
-0.00706850870871
-0.00805643101595
-0.00733054697235
-0.00395677098131
-0.00843321877289
-0.00937054933197
-0.00600022193121
-0.0069831319441
-0.00796257428698
-0.00725398153865
-0.00541179069288
-0.00835293555876
-0.00928835334879
-0.00591608491206
-0.0068970331191
-0.00786799228642
-0.00863889499695
-0.00533271968644
-0.00827197260252
-0.00920546404986
-0.00583124099198
-0.00681021386063
-0.00777268685103
-0.00856102504268
-0.00525298369863
-0.00819033124642
-0.0091218828701
-0.00574569170374
-0.00672267580431
-0.00767665982535
-0.00848250459432
-0.0051725839917
-0.0081080128404
-0.0090376112524
-0.00565943858837
-0.00663442059429
-0.00757991306155
-0.00840333483865
-0.00509152183515
-0.00802501874194
-0.0089526506475
-0.00557248319503
-0.00654544988311
-0.00748244841928
-0.00832351696937
-0.00500979850569
-0.00794135031603
-0.0088670025139
-0.0054848270809
-0.00645576533157
-0.00738426776552
-0.00824305218696
-0.00492741528711
-0.007857008935
-0.00878066831772
-0.00539647181106
-0.00636536860862
-0.00728622225316
-0.00816194169865
-0.00484437347023
-0.00777199597847
-0.00869364953265
-0.00530741895836
-0.00627426139117
-0.00719304996546
-0.00808018671832
-0.00476067435274
-0.00768631283323
-0.00860594763975
-0.00521767010327
-0.006182445364
-0.00709915621763
-0.0079977884664
-0.0046763192392
-0.00759996089313
-0.00851756412742
-0.00512722683382
-0.00608992221963
-0.00700454281112
-0.00782134633311
-0.00592965256398
-0.00688378536875
-0.00501139595725
-0.0083337712274
-0.00646701037492
-0.00457650640399
-0.00775840576493
-0.00586629711796
-0.00681260079073
-0.00493974186253
-0.00826170772327
-0.00639460089162
-0.0045038172603
-0.00769486488035
-0.00580233777179
-0.00674081575263
-0.00606621146809
-0.00818903725762
-0.00632158189677
-0.00443051654765
-0.00763072447746
-0.00573777533891
-0.0066684311682
-0.00599335043006
-0.00811576077701
-0.00624795435003
-0.00435660523638
-0.00756598536043
-0.00567261063897
-0.00659544795695
-0.00591988732296
-0.00804187923389
-0.00617371921702
-0.00428208430282
-0.00750064833949
-0.00560684449774
-0.00769813490639
-0.00584582308959
-0.00796739358654
-0.00609887746925
-0.00420695472926
-0.00743471423087
-0.00554047774709
-0.00762395722274
-0.00577115867847
-0.00789230479905
-0.00602343008407
-0.00413121750387
-0.00736818385673
-0.00664977908725
-0.00754918370476
-0.00569589504377
-0.00781661384123
-0.00594737804465
-0.00405487362065
-0.00730105804518
-0.00658221363749
-0.00747381529443
-0.00562003314529
-0.00774032168856
-0.00587072233983
-0.00397792407937
-0.00838773431314
-0.00651405010998
-0.00739785293923
-0.00554357394838
-0.00766342932217
-0.00579346396417
-0.00390036988551
-0.00831942013439
-0.00644528936045
-0.00732129759205
-0.00546651842387
-0.00758593772869
-0.00571560391782
-0.00382221205021
-0.00825051303745
-0.0063759322505
-0.00724415021119
-0.00538886754808
-0.00750784790031
-0.00563714320646
-0.00374345159017
-0.00818101387352
-0.00630597964751
-0.00716641176023
-0.00531062230267
-0.00742916083463
-0.0055580828413
-0.00366408952766
-0.00421861726111
-0.0062354324246
-0.00708808320805
-0.00523178367467
-0.00734987753465
-0.00547842383896
-0.00497639639745
-0.00414793653953
-0.00616429146059
-0.00700916552873
-0.00515235265635
-0.0072699990087
-0.00539816722145
-0.00489583421856
-0.00407666633846
-0.00609255763995
-0.00692965970153
-0.00507233024524
-0.00718952627038
-0.00668658171818
-0.00481467353654
-0.00400480753148
-0.00602023185274
-0.00684956671079
-0.00499171744401
-0.0071084603385
-0.00660513295752
-0.00473291539516
-0.00393236099765
-0.00594731499455
-0.00676888754592
-0.00491051526043
-0.00837282226504
-0.00652308967935
-0.00465056084343
-0.00385932762146
-0.00587380796647
-0.00668762320129
-0.00482872470734
-0.00829057302307
-0.00644045292657
-0.00456761093553
-0.00378570829275
-0.00579971167503
-0.00660577467626
-0.00610442932055
-0.00820773367469
-0.00635722374719
-0.00448406673074
-0.00371150390669
-0.00572502703215
-0.00652870938521
-0.00602146508684
-0.008124305259
-0.0062734031942
-0.00680215294005
