-0.00311993060401
-0.00406226516696
-0.00133766564247
-0.0043651315893
-0.00137917235176
-0.00278647272047
-6.06876655406e-05
-0.000945033155343
-0.0041085323891
-0.00130628497426
-0.00436260153345
-0.0014211944959
-0.00282771176258
-0.00116021414089
-0.000990856170401
-0.00415360540169
-0.00132949643017
-0.00440414418478
-0.00146206690336
-0.00286782169405
-0.00119948668228
-0.0010354637773
-0.00197554751121
-0.00137041535952
-0.00444451707879
-0.0015017877362
-0.00290680077666
-0.0012376511862
-0.00107885372574
-0.00201822556932
-0.00141014737776
-0.00448371833707
-0.0015403552045
-0.00294464731778
-0.00127470606279
-0.00112102382151
-0.00205970298923
-0.00144869058279
-0.00452174613187
-0.00157776756677
-0.00298135967075
-0.00131064976554
-0.00116197192702
-0.00209997773564
0.000737629219736
-0.00455859868651
-0.0016140231303
-0.00301693623518
-0.00566432066194
-0.00120169596187
-0.00213904782786
0.00070146913487
-0.0045942742758
-0.00585187728232
-0.00305137545733
-0.00569803755225
-0.00124019390331
-0.00217691134029
-0.00341278275945
-0.00240272121461
-0.00588581436742
-0.00308467583043
-0.00573063889214
-0.00127746378677
-0.00221356640286
-0.00344655275764
-0.00243603790554
-0.00591858987226
-0.003116835895
-0.00576212331141
-0.00536638020118
-0.00224901120153
-0.00347912523604
-0.00246817276836
-0.00595020230302
-0.00314785423916
-0.00579248948469
-0.00540118831014
-0.00228324397868
-0.00351049861699
-0.00249912428767
-0.00374608698501
-0.00317772949897
-0.00582173613167
-0.00543476282133
-0.00231626303357
-0.00354067137828
-0.00252889100141
-0.00377536898884
-0.00320646035868
-0.00584986201742
-0.00546710200768
-0.00234806672274
-0.00356964205353
-0.00255747150122
-0.00380348374194
-0.00100077406398
-0.00587686595261
-0.00549820420258
-0.00237865346041
-0.00359740923254
-0.00258486443277
-0.00383042995472
-0.00102721237051
-0.00590274679376
-0.00552806780037
-0.00240802171889
-0.00362397156161
-0.00261106849607
-0.00385620638942
-0.00105250262177
-0.00369585059507
-0.00555669125672
-0.00243617002892
-0.00364932774387
-0.00263608244575
-0.00388081186037
-0.00107664369761
-0.00371948200235
-0.005584073089
-0.00246309698008
-0.00367347653963
-0.00265990509141
-0.00390424523427
-0.00109963452742
-0.00374198716267
-0.00561021187668
-0.00248880122109
-0.00369641676663
-0.00268253529785
-0.00392650543044
-0.00112147409038
-0.00376336511831
-0.00341317269569
-0.00251328146019
-0.00371814730034
-0.00270397198535
-0.00394759142108
-0.00114216141565
-0.00378361495849
-0.00343682138284
-0.00253653646542
-0.00373866707427
-0.00272421412995
-0.0039675022315
-0.00116169558259
-0.00380273581959
-0.00223361820186
-0.00304817965407
-0.0014458960396
-0.0020093130228
-0.00295590947705
-0.00333579310775
-0.00378852322346
-0.00665478602153
-0.00306998159939
-0.00146813066247
-0.00203192228562
-0.00297882460917
-0.00335893582945
-0.00385479794451
-0.00667491735042
-0.0030905659027
-0.00148912372078
-0.00205326928176
-0.00300046058075
-0.0033807868251
-0.0039198274372
-0.006693856608
-0.00528784614555
-0.0015088741296
-0.00207335287068
-0.00302081620446
-0.00340134487173
-0.00398360816468
-0.00671160289291
-0.00530599215541
-0.00152738086708
-0.00209217197809
-0.00303989036191
-0.00342060881737
-0.00404613664499
-0.00450622272501
-0.00532291763312
-0.00154464297468
-0.00274122563175
-0.00305768200392
-0.00343857758129
-0.00410740945197
-0.00452158058446
-0.00533862173496
-0.00597586616861
-0.00275751281965
-0.00307419015081
-0.00345525015435
-0.00416742321612
-0.00453574310361
-0.00535310367739
-0.00599063639539
-0.00277253270342
-0.00308941389271
-0.00347062559926
-0.00199947734449
-0.00454870960605
-0.00536636273726
-0.00600415949906
-0.00720149108759
-0.00310335238977
-0.00348470305084
-0.00205696314553
-0.00456047947204
-0.005378398252
-0.00601643477671
-0.00721397401072
-0.00311600487238
-0.00350319763441
-0.00211318014393
-0.00457105213867
-0.00538920961974
-0.00602746158984
-0.00722518741256
-0.00312737064143
-0.00132375584221
-0.00216812520551
-0.00458042709996
-0.0053987962995
-0.00603723936451
-0.00723513068956
-0.00758383822207
-0.00137679665002
-0.00222179525698
-0.00458860390705
-0.00540715781133
-0.0060457675915
-0.00724380330623
-0.00759262874947
-0.00142857348117
-0.00227418728684
-0.00459558216823
-0.0054142937364
-0.00605304582644
-0.00725120479525
-0.00536654927316
-0.00594732146847
-0.00232529834612
-0.00460136154908
-0.0054202037171
-0.00605907368993
-0.00725733475762
-0.00537276261258
-0.00599656186257
-0.00237512554921
-0.00463772419797
-0.00542488745719
-0.00606385086761
-0.00503568091496
-0.005377686806
-0.0060445299199
-0.00242366607464
-0.00467631686101
-0.0054283447218
-0.00606737711031
-0.00503926690081
-0.00538132158052
-0.0060912229786
-0.00694324179049
-0.00471372807626
-0.00543057533753
-0.00606965223403
-0.00504158057386
-0.00538366673464
-0.00613663844042
-0.00698920075654
-0.00474995607294
-0.00543157919249
-0.00384416417224
-0.00504262180926
-0.00539320663768
-0.00618077377142
-0.00703386497293
-0.0047849991329
-0.00543135623632
-0.00384393676712
-0.0050423905508
-0.00543539924533
-0.00622362650266
-0.00707723188225
-0.00481885559104
-0.0054299064802
-0.00384245808274
-0.00504088681097
-0.005476325875
-0.00626519423089
-0.00711929899496
-0.00479405057403
-0.00688328452601
-0.0073156933323
-0.00542790833787
-0.00592790608564
-0.00803777555872
-0.00848904874868
-0.00662517611047
-0.00696768222903
-0.00498644088095
-0.00706626218189
-0.00773561996417
-0.00618036729187
-0.00442726310958
-0.00653592629469
-0.00697703932978
-0.00508968903559
-0.00547823816333
-0.00737789315364
-0.00759167644499
-0.00547208603732
-0.00527611601608
-0.00736818444723
-0.00780293389382
-0.00591697318695
-0.00650035325546
-0.00861379552806
-0.00906803428762
-0.00723367339409
-0.00757857726236
-0.00698086347972
-0.00724975639973
-0.00570001133669
-0.00422429795334
-0.00487466250806
-0.00698623579743
-0.00742973202756
-0.00554421160161
-0.00586224547055
-0.00776339992205
-0.00797818637491
-0.00585909101752
-0.00576652475216
-0.00783058191782
-0.008267587168
-0.00639606888947
-0.00705098039194
-0.00676783772775
-0.00722496635778
-0.00542041851218
-0.00576766674343
-0.00757167472336
-0.0077116289385
-0.00611179975753
-0.00464401392774
-0.00529763127769
-0.00741198457944
-0.0078577578891
-0.00597398611276
-0.00622071215885
-0.00585648459532
-0.00607221606685
-0.00398855795627
-0.00633004270402
-0.00819720997385
-0.006361659166
-0.00452047963274
-0.00517931296252
-0.00729961512267
-0.00775955204391
-0.00598509402349
-0.00633462854502
-0.00814025444132
-0.00828114069737
-0.00650336680837
-0.00726102450263
-0.00948245431359
-0.0054782621993
-0.00592620073581
-0.00403917642906
-0.004271480304
-0.00619039729749
-0.00640701307947
-0.00451190215345
-0.00447177182719
-0.0087419726398
-0.00690881171146
-0.00502244097084
-0.00568507219973
-0.00780865014716
-0.00829412166071
-0.00652719879466
-0.00687895678475
-0.00868615635285
-0.00645408995528
-0.004493126885
-0.00525410038226
-0.0075259581045
-0.00808182071722
-0.00630375652762
-0.00441830520921
-0.0085335466148
-0.00649802390714
-0.00673993448926
-0.00501073253965
-0.00499143499218
-0.00926452134322
-0.00743368085007
-0.00772342938983
-0.00616779848839
-0.00829453908236
-0.00881046188231
-0.00465064621012
-0.00500456005483
-0.00683508138362
-0.00697775352652
-0.00483477593833
-0.00559886446684
-0.00787346880491
-0.00843168023141
-0.00665554090591
-0.00477156835806
-0.00888782498248
-0.0067806460025
-0.00515012770214
-0.00341981108395
-0.00548857878679
-0.00976445782287
-0.0079358634882
-0.00591476592488
-0.00422704158913
-0.00858564439341
-0.00690900086177
-0.00514632268135
-0.00550231995298
-0.00733431622142
-0.00747783825949
-0.0052890237218
-0.00591799179729
-0.00819515905844
-0.00875556260183
-0.00481462282454
-0.00515984470492
-0.00715897389438
-0.00504843918796
-0.00559574804711
-0.00386825305441
-0.00356275621139
-0.00784141013986
-0.00610421024975
-0.00648764766181
-0.00466255088668
-0.00903520540483
-0.00737826747533
-0.00561815889032
-0.00597616234912
-0.00780957905282
-0.00795391964606
-0.00576531237198
-0.00395181245226
-0.00632998369964
-0.00689241662757
-0.00511388237259
-0.00546038258695
-0.00746038954038
-0.00539670454581
-0.00601565387792
-0.00429084680798
-0.00401469487302
-0.00838580015007
-0.0066521671669
-0.00703806068021
-0.00509814660623
-0.00947735662504
-0.00782339579538
-0.00828886210899
-0.00409593177951
-0.00600747154415
-0.0061525973813
-0.00395780193318
-0.00421879754404
-0.0065991438316
-0.00716343770891
-0.00538642915339
-0.00573410187698
-0.00773491399188
-0.00802248749896
-0.00640943719991
-0.00468717692058
-0.00831524923529
-0.00890793877496
-0.00717729152911
-0.00756556857746
-0.00325287944702
-0.00757581622073
-0.00591942972151
-0.00638724870979
-0.00452072668652
-0.00643356769061
-0.00657944350983
-0.00438483797563
-0.00445931846041
-0.00684163641913
-0.0074076174823
-0.00563199233085
-0.00598072831017
-0.00619583781268
-0.00656072832455
-0.00495264520536
-0.00546777498296
-0.00881079046617
-0.00703924016553
-0.00530796210981
-0.00569854487825
-0.00375875195302
-0.00796882639271
-0.00631513951492
-0.00678519380497
-0.00492041777672
-0.00906618645418
-0.00698108404248
-0.00478665901325
-0.00471399962004
-0.00517927165024
-0.00579710765957
-0.00407278089349
-0.00447367081321
-0.00663862445812
-0.00689843274189
-0.00529303128751
-0.0058104041062
-0.00691521146839
-0.00751465416238
-0.00578615929539
-0.00617896471524
-0.00808481730975
-0.00833673425607
-0.00668559784157
-0.00715776429449
-0.00529463830872
-0.0073998410346
-0.00531197858337
-0.00534918796446
-0.00304111948182
-0.00558674488752
-0.00620771339931
-0.00448601104098
-0.00488898601524
-0.00705545975598
-0.00723375281084
-0.00560618285007
-0.0061256366218
-0.00958932330682
-0.00796610382558
-0.00624028111193
-0.00663522088234
-0.00854264629839
-0.00872396788972
-0.00487972341723
-0.00535387330563
-0.00348651535427
-0.00774933896153
-0.00566210938365
-0.0056994790391
-0.00341564313154
-0.00596836004646
-0.00659229132839
-0.00487307169504
-0.00527801949834
-0.00744593170803
-0.00603897327183
-0.00431246429686
-0.00483383056325
-0.0100133818262
-0.00839320296994
-0.00665673437591
-0.00482175389748
-0.00683077826716
-0.0070130499813
-0.00519867715182
-0.00567467637445
-0.00781376630229
-0.00807261094451
-0.00598597161633
-0.00602349075599
-0.00376782828806
-0.00855853591529
-0.00695046430533
-0.00354242637328
-0.00394922916204
-0.00622350908816
-0.00640352110124
-0.00457018812647
-0.00509329245123
-0.0081804537631
-0.00655685046087
-0.00706154086051
-0.00522850266312
-0.00723895868144
-0.00742213481289
-0.00549141510403
-0.00596912443755
-0.0081095508201
-0.00836934240292
-0.00628324903127
-0.00450982955432
-0.00654852257005
-0.00718522393815
-0.00558509883679
-0.00387601518227
-0.00428454969174
-0.00656009259276
-0.00674088250985
-0.0047997687553
-0.00532443116561
-0.00855500985587
-0.00693414407491
-0.00744113537272
-0.00560993587695
-0.00985600697751
-0.00780577984724
-0.00575765544741
-0.00431366496796
-0.00656510152365
-0.00682576044162
-0.0047425699689
-0.00478035403522
-0.00695716271924
-0.00748712916686
-0.0058894093888
-0.00641143882676
-0.00459248024005
-0.00686919256487
-0.00705070281943
-0.00500095575469
-0.00410646725822
-0.00890430381798
-0.00728601329392
-0.00779516948718
-0.00393252622397
-0.008290651023
-0.00624080522159
-0.0040808734596
-0.00455456535658
-0.00680710990914
-0.00706855401615
-0.00498581628841
-0.00502371502341
-0.00733968477469
-0.0078680656258
-0.00616630597597
-0.006690184147
-0.00765015457562
-0.00794770243232
-0.00590793779325
-0.00375300324918
-0.00428022225153
-0.00720104512412
-0.00558213677663
-0.00609331606668
-0.00426228632986
-0.00862160353595
-0.00657251119252
-0.00664749741985
-0.00476831895664
-0.00702185222049
-0.00728399703075
-0.0052016633506
-0.00523966442256
-0.00620568924634
-0.00673645492201
-0.00493248830656
-0.00545693315973
-0.00790235395797
-0.0082008735396
-0.00616170754021
-0.00400597432829
-0.00442497604327
-0.00749887884598
-0.00588220109678
-0.00639525614583
-0.00456572598789
-0.0089261490122
-0.0068777554613
-0.0069530249396
-0.00495470971096
-0.00944199721374
-0.00589468194097
-0.00381947589154
-0.00388056378414
-0.00653486239479
-0.00706785231788
-0.00526566540015
-0.00567965268887
-0.00812626326912
-0.00842565091868
-0.00638701973103
-0.00649195111624
-0.00880052367175
-0.00777055278213
-0.00615592389211
-0.0066707021191
-0.00484254972241
-0.00920398882788
-0.00547070186843
-0.00554623163767
-0.00343381301869
-0.00801759881138
-0.00605478674918
-0.00397988380396
-0.00418010443518
-0.00683684555024
-0.00737189251135
-0.00557135174342
-0.00588046153041
-0.00832163604535
-0.00862178527328
-0.00523302804934
-0.00538692430217
-0.00750267123591
-0.00801580814325
-0.00460460270322
-0.00512094661794
-0.00329687648734
-0.00776375014422
-0.00572214323356
-0.00579790957159
-0.00356493399264
-0.0081493341765
-0.00618695760254
-0.00633825429658
-0.00445234767283
-0.00711132493909
-0.00764825545981
-0.00445952502595
-0.00476974692089
-0.00713703699145
-0.00743338320587
-0.00548311957884
-0.00563752104504
-0.0077119799896
-0.00109100676269
-0.00627811838092
-0.0033298739255
-0.00452031275672
-0.0033321976071
-0.00491042855694
-0.00237068451665
-0.00108784732049
-0.006275005803
-0.00333030747313
-0.00452073991149
-0.00333043608933
-0.00490869366181
-0.00236898019186
-0.00108344225795
-0.00404873809633
-0.00332953083619
-0.00451997472635
-0.00332750081372
-0.00490580274574
-0.00236614021327
-0.0010777918029
-0.00404317143496
-0.0033275440526
-0.00451801723753
-0.00332339191506
-0.00490175593751
-0.00236216470295
-0.0010708962475
-0.00403637812015
-0.00110168070245
-0.00451486753781
-0.00331810958201
-0.00489655341734
-0.00235705383179
-0.00106275594816
-0.00402835849271
-0.00109727397556
-0.0045105257764
-0.00331165405705
-0.00489019541689
-0.0023508078194
-0.00105337132547
-0.00401911295479
-0.00109165757007
-0.00450499215897
-0.00330402563641
-0.00488268221918
-0.00234342693412
-0.00104274286406
-0.00400864196981
-0.00108483175995
-0.00226713750244
-0.00329522467002
-0.00487401415851
-0.00234387117866
-0.00103087111249
-0.00399694606234
-0.00107679687808
-0.00225922101544
-0.00330388090205
-0.00489207436219
-0.00236202155391
-0.00101775668312
-0.00398402581794
-0.00106755331613
-0.00225011362747
-0.00109033678816
-0.00490939616564
-0.00237904021159
-0.00100340025194
-0.00396988188305
-0.00105710152451
-0.00223981576932
-0.00110675219595
-0.00492556547106
-0.00239492642231
-0.000987802558369
-0.0039545149648
-0.00104544201219
-0.00222832792784
-0.00112199692863
-0.00270604999351
-0.00240967950465
-0.00097096440513
-0.00393792583086
-0.00103257534665
-0.00221565064582
-0.00113607028756
-0.00271991219829
-0.00242329882532
-0.000952886657987
-0.00392011530923
-0.00101850215369
-0.00220178452187
-0.00114897162729
-0.00273261990201
-0.00680193206247
-0.00093357024555
-0.00390108428804
-0.0010032231173
-0.00218673021027
-0.00533260173822
-0.00274417253881
-0.00458673108963
-0.000913016159029
-0.00388083371533
-0.005052312195
-0.00217048842085
-0.0053431573167
-0.00275456959391
-0.00459694580856
-0.000891225451983
-0.00385936459881
-0.00503462375566
-0.00215305991875
-0.00535253926019
-0.00276381060378
-0.0046060247163
-0.00492107852885
-0.00383667800563
-0.00501573187229
-0.00213444552433
-0.00536074713735
-0.00277189515622
-0.00461396742195
-0.00268579220148
-0.00381277506207
-0.00499563745982
-0.00213376120161
-0.00536778057064
-0.00277882289045
-0.00462077358338
-0.0027212022648
-0.00383240237275
-0.00497434149044
-0.00213969251887
-0.00537363923642
-0.00278459349719
-0.00462644290731
-0.00275538662328
-0.00164414227175
-0.00495184499331
-0.00214443423583
-0.00537832286502
-0.00278920671874
-0.00463097514937
-0.00277423712402
-0.00310434282021
-0.0035004387989
-0.00394704748328
-0.00223876417189
-0.00328667865069
-0.00437161935394
-0.00278377961716
-0.00312986982671
-0.00352633688191
-0.00173852496189
-0.00226516868505
-0.00333039153334
-0.00441588326514
-0.00279214250397
-0.00315420603843
-0.00355102710026
-0.00176349696462
-0.00229034205409
-0.0033728716046
-0.0044588994828
-0.00279932539612
-0.00317735029637
-0.00357450824386
-0.00178724627128
-0.00231428299682
-0.00341411666446
-0.00450066572374
-0.0072051621607
-0.00319930149687
-0.00136522968873
-0.00180977168975
-0.00233699029216
-0.00345412457187
-0.00454117976582
-0.0072099841173
-0.0032200585919
-0.00138628928381
-0.00183107208793
-0.00235846278046
-0.00349289324525
-0.00458043944844
-0.00721362524252
-0.00765099853339
-0.00140613652146
-0.001851146394
-0.00238865948544
-0.00353042066306
-0.0046184426732
-0.00721608536709
-0.00544380715504
-0.00142477042426
-0.00186999359667
-0.00242437149979
-0.00356670486427
-0.00465518740434
-0.0072173643766
-0.00546097620556
-0.00144219007355
-0.00188761274548
-0.00245885749227
-0.00360174394892
-0.00469067166938
-0.00721746221159
-0.00547694751965
-0.00589719441566
-0.001904002951
-0.00249211570935
-0.00363553607854
-0.00472489355957
-0.00499870042442
-0.00549172033091
-0.00591218303831
-0.00191916338508
-0.00252414445677
-0.00366807947667
-0.00475785123041
-0.00501204061677
-0.00550529392989
-0.00592595500649
-0.00639770562345
-0.00255494209994
-0.0036993724293
-0.00256752831105
-0.00502420150505
-0.00551766766422
-0.00593850963886
-0.00641040427625
-0.00264277991787
-0.00372941328533
-0.00259795226913
-0.0050351825243
-0.0055288409388
-0.00594984631386
-0.00642187104273
-0.00267111068959
-0.00375820045697
-0.00262710686469
-0.00504498316406
-0.00553881321592
-0.00595996446987
-0.00643210534173
-0.00716281815789
-0.0015577936862
-0.00265499051497
-0.00505360296851
-0.0055475840154
-0.00596886360533
-0.00644110665425
-0.00718867624605
-0.0015840689811
-0.00268160170374
-0.00506104153654
-0.00555515291468
-0.00597654327889
-0.00644887452356
-0.00721329596621
-0.00608083900492
-0.00270693898171
-0.00506729852187
-0.00556151954898
-0.00598300310951
-0.00645540855535
-0.00500199733458
-0.00610459684197
-0.00273100096694
-0.0050723736331
-0.00556668361133
-0.00598824277655
-0.00646070841781
-0.00502413657598
-0.0061270940196
-0.00275378634518
-0.00507626663384
-0.00557064485265
-0.00599226201984
-0.00646477384169
-0.00504503383145
-0.00614832933816
-0.00724567296205
-0.00507897734268
-0.00557340308187
-0.00599506063978
-0.00423292590498
-0.00506468802032
-0.00616830166386
-0.00726590145616
-0.00498864604538
-0.00742128828249
-0.00640381043596
-0.00531907568653
-0.00451193664288
-0.00580674616943
-0.00483669120244
-0.00492974735724
-0.00736114247117
-0.0063424259831
-0.005270975515
-0.00668466370826
-0.0057564603003
-0.00474857396982
-0.00487011147791
-0.00730024517524
-0.0062802759312
-0.00522208113991
-0.00663465616314
-0.00570534622534
-0.00465966139335
-0.00480973953043
-0.00723859758842
-0.00621736154691
-0.00517239361592
-0.00658383845594
-0.00565340514644
-0.00459408722066
-0.00474863264937
-0.00717620091655
-0.00615368410961
-0.00734433372931
-0.00653221172971
-0.00560063828253
-0.00454019592116
-0.00468679198074
-0.00711305637751
-0.00608924491127
-0.00729306313219
-0.00647977714351
-0.00554704686946
-0.00448546368702
-0.00462421868189
-0.00704916520106
-0.00602404525637
-0.0072410026409
-0.00642653587226
-0.0054926321599
-0.00442989185071
-0.00797269962083
-0.0069845286288
-0.00818266964051
-0.00718815337023
-0.00637248910662
-0.00543739542313
-0.00437348176226
-0.00790866457842
-0.00691914791397
-0.00811595303524
-0.00713451644968
-0.00631763805289
-0.00538133794496
-0.00431623478909
-0.00784390044484
-0.00908159076683
-0.00804847996052
-0.00708009302344
-0.00626198393283
-0.00532446102758
-0.00425815231591
-0.00777840842176
-0.00901472557284
-0.00798025176954
-0.00702488425015
-0.00620552798359
-0.00526676598937
-0.00419923574448
-0.00771218972168
-0.00894712006506
-0.00791126982733
-0.00696889130289
-0.00614827145752
-0.0052082541648
-0.0041394864935
-0.00987761739725
-0.00887877554233
-0.00784153551069
-0.00691211536901
-0.0060902156221
-0.00514892690427
-0.00407890599845
-0.0098099490234
-0.00880969331465
-0.00777105020801
-0.00685455764999
-0.00603136175974
-0.00508878557397
-0.0040174957114
-0.0097415576739
-0.00873987470297
-0.00769981531917
-0.00679621936139
-0.0059717111677
-0.0050278315557
-0.00617718507895
-0.0096724446035
-0.00866932103915
-0.0076278322554
-0.00673710173264
-0.00591126515792
-0.00496606624677
-0.00611411962969
-0.0096026110772
-0.0085980336658
-0.00755510243916
-0.00667720600699
-0.00585002505692
-0.00490349105981
-0.00605022884263
-0.00953205837021
-0.00852601393616
-0.00748162730401
-0.00661653344135
-0.00578799220563
-0.00706203540071
-0.0059855142346
-0.00946078776783
-0.00845326321401
-0.00740740829447
-0.00655508530617
-0.00572516795924
-0.00699784475613
-0.00591997733819
-0.00938880056531
-0.00837978287354
-0.0073324468659
-0.00649286288533
-0.00566155368712
-0.00693284856188
-0.00585361970163
-0.00931609806776
-0.00830557429922
-0.00725674448437
-0.00642986747598
-0.0078190787507
-0.00686704829038
-0.00578644288855
-0.00810805162368
-0.00637930897146
-0.00850313651511
-0.00441538069124
-0.00860147106839
-0.0067364322538
-0.00620890195677
-0.0080102308207
-0.00627232434611
-0.00839618120277
-0.0043003819094
-0.00848668343475
-0.00662199256185
-0.00609494327955
-0.00791176258156
-0.00616470761525
-0.00828859390721
-0.00418476639582
-0.00837127980957
-0.00650693810282
-0.00601174798828
-0.00565479452827
-0.00605825126047
-0.00818037626792
-0.00407114652394
-0.00825526190126
-0.00639127057143
-0.00818265883596
-0.00555503603686
-0.0059585338007
-0.00807152992829
-0.00618482525005
-0.00813863142093
-0.00390159804012
-0.00811951925282
-0.00767656923696
-0.00585817373313
-0.00796205653548
-0.00607551373133
-0.00802139008237
-0.00378470945907
-0.00805569582092
-0.00757552668735
-0.00575717260952
-0.00785195774036
-0.00596557744914
-0.00790353960187
-0.00366721290597
-0.00799118958072
-0.00747384444379
-0.00565553198651
-0.00774123519739
-0.00585501805137
-0.00778508169819
-0.003549110086
-0.00792600158169
-0.00737152406943
-0.0055532534255
-0.00762989056452
-0.00574383718943
-0.00766601809242
-0.00343040270669
-0.0078601328822
-0.00726856713211
-0.00545033849257
-0.00751792550308
-0.00563203651812
-0.00754635050791
-0.0033110924779
-0.00779358454945
-0.00716497520422
-0.00534678875837
-0.00962727058714
-0.00551961769553
-0.00742608067018
-0.00543291151065
-0.00772635765938
-0.00706074986265
-0.00524260579803
-0.00951406966571
-0.00540658238299
-0.00730521030681
-0.00536496172832
-0.0076584532966
-0.00695589268866
-0.00513779119106
-0.00724239567756
-0.00529293224493
-0.00718374114736
-0.00529633516371
-0.00758987255432
-0.00685040526779
-0.00503234652124
-0.0071279655798
-0.00517866894878
-0.00706167492326
-0.00522703292064
-0.00752061653422
-0.00674428918975
-0.00492627337655
-0.00701292340773
-0.00506379416494
-0.00693901336774
-0.00515705611139
-0.00745068634643
-0.00663754604835
-0.00481957334903
-0.00689727084103
-0.00494830956658
-0.00685735450495
-0.00508640585655
-0.00738008310941
-0.00653017744137
-0.00471224803472
-0.00678100956209
-0.00483221682966
-0.00900246796134
-0.00501508328501
-0.00730880794987
-0.00642218497051
-0.00682622794299
-0.00666414125596
-0.00472439020316
-0.0089211195073
-0.00494308953384
-0.00723686200271
-0.00631357024123
-0.00671765685873
-0.00654666761021
-0.00464223853601
-0.00883911176613
-0.00487042574819
-0.0071642464109
-0.00620433486271
-0.00660846529877
-0.00642859031485
-0.00455942789782
-0.00875644601949
-0.00479709308126
-0.00709096232543
-0.00609448044773
-0.00649865487417
-0.00631499019847
-0.00447595958359
-0.00647728099182
-0.00472309269416
-0.0070170109052
