0.0010057408016
0.00449793879911
-0.000186915345296
0.00209526928764
0.000782329733102
0.00121644553715
-2.65281660982e-05
0.00101634513623
0.00321947006214
-0.000181552583563
0.0021006994803
0.000787813189901
0.00122196673096
-2.09857698827e-05
0.00102803720796
0.00323133390856
-0.000175069371917
0.00210726419906
0.00079444229136
0.00122864144661
-1.42854261133e-05
0.00104081655517
0.0032443009474
-0.000167465981719
0.0021149631622
0.000802216747389
0.00123646938799
-6.42743433005e-06
0.0010546826736
-0.000239553072475
0.00312050645273
0.00212379603945
0.000811136217902
0.00124545020796
2.587854306e-06
0.00106963501645
-0.000224381273537
0.00313034919892
0.00213376245203
0.000821200312892
0.000284746779583
1.27600370909e-05
0.00108567299454
-0.00020810799563
0.00185659530968
-0.001500674517
0.000832408592515
0.000296032111523
2.40886598676e-05
0.00110279597633
-0.000190733898419
0.00186867576603
-0.00148844236355
0.000844760567187
0.00326234105984
3.65732171273e-05
0.00112100328813
-0.000172259685611
0.00188187434398
-0.00147507810112
0.000858255697689
-0.000610915126608
5.02131521222e-05
0.0011402942142
-0.000152686104812
0.00189619049272
-0.00146058230149
0.000872893395288
-0.000596176901119
6.50078569887e-05
0.00116066799687
-0.000132013947379
0.00191162361519
-0.00144495558444
0.000888673021859
-0.000580288946543
-0.000878226416552
0.00118212383672
-0.000110244048259
0.00192817306823
-0.00142819861759
0.000905593890031
-0.00056325196448
-0.000861124199307
0.00120466089272
-8.73772858234e-05
0.00194583816273
-0.00263798060279
0.000923655263331
-0.000545066706634
-0.000842869341066
-0.000289287638554
-6.341458169e-05
0.00196461816371
-0.00261896532984
0.000942856356344
-0.000525733974653
-0.000823462652692
-0.000264590838942
-3.83569005401e-05
0.00198451229054
-0.00259882209556
0.000963196334885
-0.000505254619947
-0.000802904995379
-0.000238815594235
-1.22052499257e-05
0.00200551971707
-0.00257755175742
0.000984674316179
-0.000483629543508
-0.000781197280456
0.00312297750097
1.22177775095e-05
0.0020276395718
-0.00255515521993
0.00100728936905
-0.000460859695707
-0.000758340469196
0.00315090657793
3.51046150077e-05
0.00205087093806
-0.00253163343448
-0.000244852786654
-0.00043694607609
-0.000735141689501
0.00317991096081
5.90857410504e-05
0.0020752128542
-0.00250698739906
-0.00021996657675
-0.000411889733161
-0.000722571463611
0.00320998952236
-0.00143161013791
0.00210066431381
-0.00248121815812
-0.000193946377147
-0.000385691764151
-0.000708848853292
0.00324114109522
-0.00140544336502
0.00212722426587
0.000600298552379
-0.00016679331052
-0.000358353314783
-0.00069397446694
-0.00309361516334
-0.00328199552231
0.000708705486545
0.000241678449805
-0.00223746401424
-0.0025227513732
-0.00326265026838
-0.00310285366686
-0.00329166010199
0.000698602531047
0.000225561101043
-0.00225430611192
-0.0025403066978
-0.00330141663543
-0.00311072723539
-0.00329989689737
0.000689992009198
0.000211001833475
-0.00226951997308
-0.00256289480219
-0.00333842186872
-0.00311723537945
-0.00368288702507
0.000682874561082
0.000198001828907
-0.00228310518072
-0.00259638885674
-0.00337366207477
-0.00312237769428
-0.00368826666774
0.000677250716068
0.000186562143585
-0.000340489185695
-0.00262819970222
-0.00340713353515
-0.00312615385996
-0.00369221713606
0.000673120892613
0.000176683707771
-0.00035081268305
-0.00265832429483
-0.00343883270837
-0.00312856364148
-0.00369473816099
0.000670485398108
0.000168367325361
-0.000359503877061
-0.00268675974533
-0.00346875623174
-0.00312960688884
-0.00369582957078
0.000669344428762
0.000161613673562
-0.000366561994829
-0.00271350332042
-0.00349690092314
-0.00312928353712
-0.00369549129107
0.000669698069529
0.000156423302614
-0.000371986408322
-0.00273855244407
-0.00352326378264
-0.00312759360644
-0.00369372334491
0.00025318222372
0.000152796635569
-0.000375776634656
-0.00276190469868
-0.00354784199413
-0.00312453720198
-0.00369052585274
0.00025652489444
0.000150733968116
-0.00037793233631
-0.00278355782632
-0.00357063292681
-0.000780133948973
-0.00368589903238
0.000261361762499
0.000150235468461
-0.000378453321279
-0.00280350972974
-0.00359163413653
-0.000774345252636
-0.00367984319889
0.000265758786132
0.000151301177259
-0.000377339543152
-0.00282175847343
-0.00361084336715
-0.000767190908045
-0.00367235876456
0.000268271039636
0.000153931007598
-0.000374591101142
-0.00099587707969
-0.0036282585517
-0.000758671360066
-0.00366344623866
0.000272277300425
-0.00027586878077
-0.000370208240035
-0.00101071434879
-0.00364387781354
-0.00149485382024
-0.00365310622735
0.000277777270438
-0.000270111478128
-0.000364191350083
-0.00102384363084
-0.00365769946728
-0.00148360553846
-0.00364133943346
0.000284770540607
-0.000262791079475
-0.000356540966832
-0.00103526364575
-0.00366972201979
-0.00147099389503
-0.00362814665622
0.000293256591019
-0.00025390818112
-0.000347257770881
-0.00104497327905
-0.00367994417092
-0.00145701967227
-0.00361352879099
0.0003032347911
-0.000243463506244
-0.000336342587582
-0.00105297158241
-0.00368836481424
-0.00144168373633
-0.00359748682902
-0.00410987224772
-0.000231457904608
-0.000323796386672
-0.00105925777412
-0.00369498303764
-0.00142498703691
-0.00132340909793
-0.00409691208144
-0.000217892352203
-0.000758797625243
-0.00106383123948
-0.0036997981238
-0.00871434643654
-0.00718678028203
-0.00789060312377
-0.00645092616615
-0.00854525333834
-0.00704489823436
-0.00560779331056
-0.00630824471813
-0.00640932014168
-0.00698598734871
-0.00534713928442
-0.00589461611568
-0.00455996113328
-0.00722755487142
-0.0056151975708
-0.00613804176565
-0.00450654162541
-0.00522989764297
-0.00582943329887
-0.00806012797725
-0.00857898593046
-0.00772973262737
-0.00752644837745
-0.00828377688899
-0.0068487752676
-0.0052988191451
-0.00747619228723
-0.00600709347581
-0.00672375057536
-0.00521558600215
-0.00582990334967
-0.00586542223197
-0.00643833551383
-0.00507853153269
-0.00361232345031
-0.00614165627669
-0.00440440760204
-0.0050672197809
-0.00758975466819
-0.0102677226804
-0.00870146291113
-0.00922644009429
-0.00806125704393
-0.00650687183127
-0.00642444605351
-0.00725301703946
-0.00573098472027
-0.00644020887128
-0.0064109035673
-0.00714243623435
-0.0056132311906
-0.0063101881356
-0.00474383602374
-0.00472351676175
-0.00556350895155
-0.00410368842483
-0.00473079891075
-0.00488178382018
-0.00960153493568
-0.00813204087913
-0.00877633313866
-0.00930892193253
-0.00985504913419
-0.00613478941769
-0.00680964727584
-0.00545994943236
-0.00764877538681
-0.00613105139162
-0.00686533001539
-0.00535288839768
-0.00611533378021
-0.00600240236684
-0.00453070491612
-0.00519573505564
-0.00360837102748
-0.00601480781086
-0.00456026879872
-0.00519239107216
-0.00758788519563
-0.0101013898709
-0.00863883165445
-0.00934151163009
-0.00780419639998
-0.00616225444728
-0.00640235242893
-0.00708154184551
-0.00581868541377
-0.00665686397049
-0.00649841650516
-0.00728259217228
-0.00577489252081
-0.00427276295784
-0.00494188032884
-0.00494489139463
-0.00564377422357
-0.00408067093174
-0.00487169956863
-0.00498123361838
-0.00976306786302
-0.00804493972066
-0.00880646270217
-0.00910913951461
-0.00763658680837
-0.00834047432166
-0.00673486874918
-0.00546764000327
-0.0074029555239
-0.0061448510329
-0.00698728090371
-0.00547336443397
-0.00408198977941
-0.00616349073951
-0.00461778720483
-0.00532220445535
-0.00391195211699
-0.00606883981913
-0.00452207881138
-0.00529333230486
-0.00800956741414
-0.0102004781038
-0.00851017480809
-0.00700369605001
-0.00778820286306
-0.00638012429608
-0.00883949215284
-0.00727052848597
-0.00566969872738
-0.0065220537014
-0.00643795487043
-0.00505839720319
-0.00580121803279
-0.00443246766811
-0.0051551998809
-0.00492789788927
-0.00567015952536
-0.00429729296703
-0.00504733622129
-0.00917844640174
-0.00769209391572
-0.00842591632299
-0.00690034405755
-0.00893862265522
-0.00739256839634
-0.00819498502217
-0.0068346313244
-0.0075512800278
-0.00776808128986
-0.00583853300238
-0.00454471397382
-0.00552081612581
-0.00413767052571
-0.00611312337753
-0.00474867727176
-0.00547513358781
-0.00383663907989
-0.00599173303486
-0.00465752410736
-0.00745914748418
-0.00822105217241
-0.0080997902137
-0.00883214955187
-0.00729005614753
-0.00789471807592
-0.00638372202116
-0.00866083125646
-0.00725022142435
-0.00797261897782
-0.0064734800026
-0.00512028372073
-0.00476701763454
-0.00574649080325
-0.00436636430543
-0.00520690683263
-0.00503009265224
-0.00575989590804
-0.00412416421037
-0.00271960852034
-0.00924161750094
-0.00785921944936
-0.00861865692829
-0.00709645778871
-0.00923593480107
-0.00766547691156
-0.00838462628928
-0.00688013428352
-0.00759980199162
-0.00767279274467
-0.00614045541055
-0.00689152702084
-0.00523264275327
-0.00410146690816
-0.00593789036485
-0.00456034141114
-0.00544964020174
-0.00408543830238
-0.00378359994006
-0.004375699508
-0.00728844985193
-0.00819396180281
-0.00822297967766
-0.00898604275526
-0.00747306709113
-0.008250332381
-0.00672429034934
-0.00883723313857
-0.00733885717077
-0.0058091708975
-0.0065727348833
-0.0065097780105
-0.00726828402142
-0.00538316419693
-0.00425591406665
-0.00524063430091
-0.00471928198778
-0.00342448863806
-0.00429588641603
-0.00715392120993
-0.00887807963987
-0.00753489223522
-0.00851562105136
-0.00720133547725
-0.00796881300586
-0.00783385420081
-0.00861622177806
-0.00716047666021
-0.00564145946456
-0.00775890758196
-0.00622018387724
-0.00698185225261
-0.00536462217103
-0.00764034821594
-0.00552299789363
-0.00437604268481
-0.0031292393157
-0.0039883524639
-0.00359642357975
-0.00882686129538
-0.00733042649572
-0.00796029862803
-0.00774472180931
-0.00880017904015
-0.00749045096795
-0.00603549270408
-0.006803523993
-0.00673816109158
-0.00755836024631
-0.00603620436576
-0.00677213608011
-0.00666373660849
-0.00735813517731
-0.00581246385963
-0.00653850563597
-0.002955037713
-0.00446166189559
-0.00321618226161
-0.00410380743632
-0.00730112995717
-0.00896487178716
-0.00749662511968
-0.00824600861995
-0.0068502464757
-0.00567660136098
-0.00774134993324
-0.0063050150161
-0.00718848351999
-0.00574760515152
-0.00791708549242
-0.00639407877561
-0.00713507547833
-0.00568263812059
-0.00776072277968
-0.00623555709241
-0.00474194827262
-0.00310282647931
-0.00409344837123
-0.00334170974734
-0.00862511253699
-0.00740108348904
-0.00829745146736
-0.00774263322279
-0.00626142216551
-0.00708579497067
-0.00588537191075
-0.00686637242306
-0.00663886838198
-0.00754432743964
-0.00612717874109
-0.00687875439637
-0.00671145780208
-0.00752513997147
-0.00608580310243
-0.00446359906787
-0.00661669633036
-0.00515345465348
-0.00321660314894
-0.00424045947621
-0.00744235661435
-0.00881030958282
-0.00756526917891
-0.00627161413458
-0.00716577827909
-0.00568905191548
-0.00738402395937
-0.00615284901395
-0.00715703753417
-0.0057995276701
-0.00786109654961
-0.00646739563701
-0.00719461616015
-0.005733323622
-0.00569012138195
-0.00649109636799
-0.00489915445526
-0.00558509660256
-0.00408279853514
-0.0077833932778
-0.00881248884888
-0.00755646681083
-0.00627167041515
-0.00771867159299
-0.00644146529967
-0.00733817560876
-0.00586365990425
-0.0068604789522
-0.00640031282402
-0.00740894697499
-0.00607194850014
-0.00475406498991
-0.00676750116982
-0.0052729219056
-0.00611286550348
-0.00469517037471
-0.00685469268906
-0.00529506194256
-0.00598659174286
-0.0044459610194
-0.00760300211407
-0.00668576979693
-0.00763525190202
-0.00640238123624
-0.00737123593188
-0.00611697441079
-0.00747325321986
-0.00600047874476
-0.007083520075
-0.00582667260648
-0.00538821665008
-0.00630462640379
-0.00499069766287
-0.00586895375337
-0.00553586505305
-0.00645135408337
-0.00501162876354
-0.00582285769134
-0.00434893121689
-0.00634476792034
-0.0047645628714
-0.00769374361758
-0.00647621858206
-0.00741180580136
-0.00649765327435
-0.00745186398414
-0.00621302490844
-0.00711319313804
-0.00617441203801
-0.0050366786987
-0.00599647054299
-0.00478071985181
-0.00649705304284
-0.00519094270331
-0.00608687140566
-0.00463114561087
-0.00674797228831
-0.00531288802025
-0.00610040070005
-0.00465832060594
-0.00312684820158
-0.00503770329745
-0.00775006595351
-0.00653342284833
-0.00748019980699
-0.00626892855311
-0.00749585678196
-0.0062718763107
-0.00494803444387
-0.00587553016796
-0.0051827739999
-0.00614090034075
-0.00491350933686
-0.00586840994624
-0.00536400187294
-0.0062628795881
-0.00488048409392
-0.00583716942612
-0.0043991546716
-0.00407598550287
-0.0049231456616
-0.00339556887744
-0.00839537395617
-0.00757029598358
-0.00655557871306
-0.00751303610033
-0.00630512287534
-0.00509758083857
-0.00630158094363
-0.00505542461351
-0.00605170071295
-0.00484631563956
-0.00624986586496
-0.00500590460897
-0.00597913915695
-0.00471729244322
-0.00561842280291
-0.00508733744772
-0.00381528147596
-0.00461328793541
-0.00311820032701
-0.00514267096912
-0.00801553565406
-0.00857533656565
-0.00755756671915
-0.00633523127668
-0.00530680078852
-0.00638492508169
-0.00519713033889
-0.00610764743657
-0.0051910736702
-0.00618967525055
-0.00491428389024
-0.00591565126356
-0.00505770294987
-0.00381771158887
-0.0048067731876
-0.00351049603624
-0.00447550348492
-0.00398225982016
-0.00480882813163
-0.00332834914537
-0.00853592985762
-0.00819174092022
-0.00879534782524
0.00112446799613
-0.000185513554348
0.00256193574664
-0.00130118204304
-3.26872008439e-05
-0.00371895659049
-0.000694330512924
0.000986465214018
-0.000334966531068
0.00241517764972
-0.00144919870109
0.00147306171097
-0.000662563248937
-0.000844235050202
0.000849214889719
0.000856067687291
0.00226915945595
-0.00159647312425
0.00132483369353
-0.000811423677045
-0.000993394048626
0.000712720313577
0.000708065754844
0.00212388467373
-0.00174300173211
0.00117735324739
-0.000959535402198
-0.00114180381898
0.000576984776875
0.000560794539529
0.00197935681563
-0.0018887809395
0.00103062401312
-0.00110689474696
-0.00128946066639
0.000442011571574
0.000414257511124
0.00183557939818
-0.00203380715674
0.000884649636238
-0.00125349802864
-0.00143636089057
0.00030780399005
0.000268458143945
0.00169255594156
-0.0021780767899
0.000739433766958
0.000253650770959
-0.00158250078609
0.000174365324826
0.00012339991661
0.00155028996938
-0.00232158624109
0.000594980059912
0.000108570683251
-0.00172787664267
4.16988683056e-05
-2.09136882067e-05
0.00280446595005
-0.00246433190869
0.000451292173884
-3.57422644048e-05
-0.00187248474541
-9.01920875001e-05
-0.000164479184022
0.00266372552993
-0.00260631018766
0.000308373771529
-0.000179284370978
-0.00201632137514
0.0036160967961
-0.000307293080797
0.00252375318294
-0.00274751746978
0.000166228519093
-0.000322051931552
-0.00215938280861
0.0034857667148
-0.000449351885192
0.00238455244366
-0.00288795014397
2.48600861279e-05
-0.000464041237613
-0.00230166531888
0.00335622200511
-0.000590652100825
0.00224612684876
-0.00302760459656
-0.000115727854802
-0.000605248577346
-0.000790172845056
0.00322746595468
-0.000731190228541
0.00210847993667
0.00174854321704
-0.000255531628412
-0.00074567023593
-0.000930886314571
0.00309950184934
-0.000870962766677
0.0019716152473
0.0016104560576
-0.000394547557001
-0.000885302495842
-0.00107080966056
0.00409529565628
-0.00100996621134
0.00183553632174
0.0014731579734
-0.000532771960753
-0.00102414163717
-0.00121027180422
0.00396892528994
-0.00114819705666
0.001700246702
0.00133665258555
-0.000670201158048
-0.00116218393791
-0.00135497687809
0.00384335671242
-0.00128565179513
0.00156574993066
0.00120094351621
-0.000806831465777
-0.00129942567431
0.00169884918861
0.00371859319935
-0.0014223269178
0.00143204955058
0.00106603438833
-0.000942659199658
-0.00143586312117
0.0015557100629
0.00359463802308
-0.00155821891467
0.00129758719083
0.00093192882534
0.000324903230001
-0.00157149255218
0.00141335964566
0.00347149445233
-0.000607395633626
0.00116111662479
0.00079863045079
0.000190691699721
-0.00170631024025
0.00127180176476
-0.00300166947156
-0.00229975699845
-0.00160310557285
-0.00327109701379
-0.00172067758648
-0.00123159850332
-0.00300686504605
-0.00317614075995
-0.00247286762725
-0.00177459142092
-0.00345585542872
-0.0018888011367
-0.00140433948221
-0.000953049486669
-0.00105256035818
-0.00264524079329
-0.00194531392516
-0.00140528636802
-0.00205610424424
-0.00157625882379
-0.00112933824901
-0.0012255999969
-0.00281687180197
-0.00211526814971
-0.00158859494481
-0.00222258142437
-0.00174735072697
-0.00130479975029
-0.00139791709325
-0.00298775593923
-0.00228444913859
-0.00177117082053
-0.00238822717082
-0.00191760936428
-0.00147942786175
-0.00156950714417
-0.00315788847181
-0.00245285191592
-0.00195300876904
-0.00255303595616
-0.00208702888215
-0.00165321642351
-0.00174036562837
-0.0033272646474
-0.00262047148624
-0.00213410353583
-0.000212167326852
-0.00225560340132
-0.00182615924484
-0.0019104880065
-0.00349587969499
-0.00278730283475
-0.00231444983816
-0.000375285524771
-0.00242332701721
-0.00199825010461
-0.00207986972136
-0.00139893951939
-0.00295334092767
-0.00249404236523
0.0016972245857
-0.00259019380034
-0.0021694827516
-0.00224850619816
-0.00156601792411
-0.00311858071246
-0.00267287577841
0.00152233710151
-0.00275619779671
-0.00233985090493
-0.00241639284473
-0.00173232077776
-0.00328301711821
-0.00285094471142
0.00133948109871
-0.00292133302823
-0.00250934825444
-0.00258352505178
-0.00189784323691
-0.00344664505595
-0.00302824377054
0.00115739238119
-0.0030855934932
-0.00267796846117
-0.0027498981931
-0.00206258044073
-0.00360945941896
-0.00320476753484
0.000976076648613
-0.00324897316674
-0.00284570515772
-0.00018305189544
-0.00222652751128
-0.00377145508313
-0.00338051055642
0.00079553963264
-0.00117669135956
-0.00301255194881
-0.000347892960477
-0.00239158328203
-0.00170336760021
-0.00355546736066
0.000615787096775
-0.00133829128525
-0.00317850241166
-0.00051196098249
-0.00255988347658
-0.0018704841851
-0.00372963244647
0.000436824836121
0.000762877398752
-0.00334355009659
-0.00067525127038
-0.00272740354141
-0.00203888762059
-0.00390300028656
0.000258658677143
0.00060308158641
-0.00350768852744
-0.000837759117523
-0.00289413850685
-0.00220648933049
-0.00407556532771
8.12944774187e-05
0.000444197020417
-0.00367091120219
-0.000999479802064
-0.00306008338453
-0.00237328406035
-0.00424732199111
-9.52618746212e-05
0.000286229854194
-0.00383321159344
-0.00116040858723
-0.00322523316765
-0.00253926653532
-0.00441826467262
-0.00409536605996
0.000129186260678
-0.001763993871
-0.00132054072165
-0.00338958283133
-0.00270443146052
-0.00235387294041
-0.00427028892934
-2.69275682657e-05
-0.00192443001461
-0.00712758863808
-0.00446615510202
-0.00629959222142
-0.00976529492653
-0.00714195061877
-0.00674308444171
-0.00633964284963
-0.0071021384973
-0.00444238302889
-0.00627499049804
-0.00974688663508
-0.00712287145058
-0.00672330122446
-0.00631912271626
-0.0070758554393
-0.0044177492455
-0.00625354798211
-0.00972755220707
-0.00710283268334
-0.00670252332457
-0.00629757121694
-0.00704874007611
-0.00439225436525
-0.00623398965608
-0.00970729219725
-0.00931440420433
-0.00668075143013
-0.00627498911921
-0.00702079303853
-0.0065881939416
-0.00621353806766
-0.00968610718647
-0.00929244812028
-0.00665798626144
-0.0062513772265
-0.00699636172186
-0.00656097879117
-0.006192193763
-0.00966399778156
-0.00926953437633
-0.00663422857092
-0.006226736378
-0.00697675926743
-0.00653290450881
-0.00616995731162
-0.00964096461529
-0.00924566367654
-0.006609479143
-0.00620106744847
-0.00695632236971
-0.0065039717908
-0.00614682930635
-0.00961700834623
-0.00922083675367
-0.00658373879397
-0.00617437134813
-0.00693505150496
-0.00647673085156
-0.00612281036321
-0.0057978264948
-0.009195054369
-0.00655700837185
-0.00614664902249
-0.00691294716852
-0.00645266828743
-0.00609790112135
-0.00577202609873
-0.00916831731229
-0.00876408295572
-0.00611790145216
-0.0068900098747
-0.00642774590569
-0.0083013131636
-0.00574530472959
-0.00914062640161
-0.00873537505771
-0.00608812965271
-0.00686624015676
-0.0064034581406
-0.00827462533387
-0.00571766314829
-0.00911198248321
-0.00870567981965
-0.00605733467447
-0.00684163856682
-0.0063897462131
-0.00824704926082
-0.00568910214106
-0.00908238643145
-0.00867499821506
-0.00602551760237
-0.00681620567581
-0.0063751711448
-0.00821858567524
-0.00565962251933
-0.0090518391486
-0.00864333124847
-0.00599267955573
-0.00678994207342
-0.00635973329833
-0.00593572992931
-0.00562922511964
-0.00902034156475
-0.0086106799552
-0.00595882168808
-0.00676284836798
-0.00634343305762
-0.00590549360171
-0.0055979108035
-0.00898789463765
-0.00857704540126
-0.00815915661892
-0.00895691835715
-0.00632627082775
-0.00588091526221
-0.00779839780741
-0.00895449935256
-0.00854242868317
-0.00812326270563
-0.00892816634505
-0.00630824703497
-0.00586227063006
-0.00776525234223
-0.00519991139806
-0.00850683092772
-0.00808635263511
-0.00890716824448
-0.00628936212664
-0.00584273546336
-0.00773119269381
-0.00516462246218
-0.00847025329188
-0.00804842769565
-0.00888806970408
-0.00626961657113
-0.0058223102804
-0.00769621982233
-0.00512838828777
-0.00843269696255
-0.00800948920872
-0.00886813894238
-0.00624901085781
-0.00580099562268
-0.00766033471236
-0.00509120996867
-0.0083941631564
-0.00796953852869
-0.00807556315138
-0.00646679248231
-0.00803328710424
-0.00436163569716
-0.00725695979656
-0.00436240556225
-0.00725612359783
-0.00805577148367
-0.00644675715758
-0.00802436228148
-0.00658648018826
-0.00724181671343
-0.00434251052485
-0.00723604311484
-0.00803527746653
-0.00642601091788
-0.0080147148823
-0.00657671656772
-0.00723194512469
-0.00432187112888
-0.00721521140065
-0.00801408143837
-0.00640455411422
-0.00800434507474
-0.00656622185647
-0.00945697608312
-0.00430048775712
-0.00719362884882
-0.00799218374896
-0.0063823871094
-0.00799325303935
-0.00655499624166
-0.00944562637613
-0.00427836080592
-0.00717129586682
-0.00796958475939
-0.0063690283096
-0.0079814389692
-0.00654303992341
-0.00943353791356
-0.00425549068507
-0.00714821287597
-0.00794628484208
-0.00635665270055
-0.00796890306986
-0.00653035311479
-0.00942071091561
-0.00647343195696
-0.00712438031141
-0.00792228438069
-0.00634356467278
-0.00795564555936
-0.00651693604181
-0.00940714561584
-0.00645973116833
-0.00709979862206
-0.00789758377016
-0.00632976444806
-0.0079416666682
-0.00650278894335
-0.00939284226116
-0.00644528498636
-0.00707446827056
-0.00787218341662
-0.0051393010475
-0.0079269666393
-0.00648791207122
-0.00937780111177
-0.00643009367914
-0.00928152524723
-0.00351001346802
-0.00512407714207
-0.00791154572801
-0.00647230569006
-0.00936202244118
-0.00641415752843
-0.00925469901414
-0.00570606022236
-0.00510814177675
-0.00789540420205
-0.00645597007738
-0.00934550653615
-0.00639747682965
-0.00923472620062
-0.00567856318818
-0.00509149522107
-0.00358447285766
-0.00643890552347
-0.0093282536967
-0.00638005189185
-0.00921714707493
-0.00565036814695
-0.00507413775644
-0.00356689095504
-0.00642111233143
-0.00931026423604
-0.00636188303771
-0.0091988174983
-0.00562147556035
-0.00727891500697
-0.00354858931508
-0.00640259081714
-0.00514096065974
-0.00634297060347
-0.00917973781595
-0.00559188590106
-0.00726013661609
-0.00352956825484
-0.00638334130918
-0.00512149894904
-0.00632331493891
-0.009159908387
-0.0055723614147
-0.00724064823155
-0.00573909956025
-0.00636336414886
-0.00510130163577
-0.00630291640734
-0.00508946033023
-0.00556273906302
-0.00722045018205
-0.00571864065968
-0.00634265969016
-0.00508036908572
-0.00628177538554
-0.00506813254092
-0.00555241405318
-0.00719971877478
-0.00569746336349
-0.0063212282997
-0.00505870167773
-0.00625989226374
-0.00504605616547
-0.00554138655526
-0.00718485943118
-0.00567556803764
-0.00853301891529
-0.00503629980364
-0.00623726744558
-0.00502323161826
-0.00552965675084
-0.00716928945149
-0.00565295506022
-0.00851013481161
-0.00501316386831
-0.00621390134806
-0.0049996593274
