-0.00195069350642
-0.000791215463504
-0.000865502877758
-9.3464343942e-05
-0.00234704125704
-0.00200861441443
-0.00137578206212
-0.0020581184787
-0.000920154534753
-0.000993541278285
-0.000220216361334
-0.0024306504134
0.000333515039158
-0.00146535885337
-0.00216449630284
0.00117380644602
-0.00112061045699
-0.000346004670713
-0.00251319037673
0.000244489100413
-0.00155389002206
-0.00226982251253
0.00104681834694
-0.00124670554069
-0.000470824524051
-0.00264517440048
0.000156517085744
-0.00164137202202
-0.00237409266056
-0.00253044849743
-0.00137182166122
-0.000594671178998
-0.00278626943907
6.96025708341e-05
-0.00172780133329
-0.00247730231956
-0.00265546579633
-0.00149595395608
-0.000717539899525
-0.00292645683399
-1.62508957159e-05
-0.00344207068433
-0.0025794470828
-0.00277949027308
-0.00161909756913
-0.000839425956587
-0.00306573163333
-0.000101039793022
-0.00352638416655
-0.00268834793848
-0.00290251698822
-0.00174124765131
-0.000960324628785
-0.00320408888168
-0.000184760628552
-0.00360963456402
-0.00281792485647
-0.00302454100957
-0.00186239936127
-0.00108023120304
-0.00110983904245
-0.000267409938763
-0.00369181846802
-0.00294651439007
-0.003145557413
-0.00198254786611
-0.00120556487208
-0.00125365466233
-0.000363101486705
-0.00377293249921
-0.000218975333992
-0.00326556128317
0.000121878763703
-0.00134259732433
-0.00139656442212
-0.000504730717372
-0.00385297330822
-0.000345574664927
-0.0033845477142
3.75113036521e-06
-0.00147868750459
-0.00153856323709
-0.000645452483318
-0.00393193757627
-0.000471171186947
-0.0035025118105
-0.000113358857074
-0.00161383031418
-0.00167964601714
-0.000785261804936
-0.00400982201582
0.0016263470229
-0.00361944868747
-0.000229446406742
0.0010207296491
-0.00181980766739
-0.000924153698759
-0.00408662337112
0.00150277150495
-0.00373535347231
-0.000344506738864
0.000887496880275
-0.00195904308872
-0.00106212317803
-0.0041623384189
0.00138021416831
-0.00385022130472
-0.000458535086518
-0.00286659544152
-0.00209734717841
-0.00119916525325
-0.00423696396894
0.00125868012201
-0.00396404733778
-0.000571526696392
-0.0029978977714
-0.00223471483067
0.000899224037423
-0.00431049686468
0.00113817446622
-0.00407682673865
-0.000683476829552
-0.0031282272353
-0.00237114093728
0.000764051746764
-0.00231991979294
0.00101870229148
-0.00418855468943
-0.000794380762218
-0.00325757873844
-0.0025066203882
0.000629821839139
-0.0024525134968
0.000900268677895
-0.00429922638791
-0.000904233786547
-0.00115257884437
-0.00264114807218
0.000496539309054
-0.00258416575571
0.000782878694312
-0.0044100059623
-0.0010211043932
-0.0012799591542
-0.0027747188774
0.000364209150746
-0.00271487172768
-0.00467396197765
-0.0043388381261
-0.000496271329627
-0.00277706337645
-0.00260626501265
-0.00422117725453
-0.000362526603083
-0.00477330989109
-0.00444042647623
-0.000579029271244
-0.00286229997632
-0.00269381242847
-0.00431530672695
-0.000459883208894
-0.00487153210744
-0.00454087010125
-0.000660555824411
-0.00294627451757
-0.00278006968856
-0.00440813149703
-0.00467242632145
-0.00496862396043
-0.00464016403848
-0.000740846523781
-0.00302898214413
-0.00286503155464
-0.00449964571407
-0.00476709776626
-0.0031574380016
-0.00473830335385
-0.000831045159759
-0.000888484482793
-0.00294869283933
-0.00458984357562
-0.0048604170392
-0.00325225524334
-0.00483528314286
-0.00092594343993
-0.000968643908562
-0.00303104840759
-0.00467871932918
-0.00495237781423
-0.00334592829661
-0.00493109853163
-0.00507251049198
-0.00104752214972
-0.00311209317806
-0.00295964583395
-0.00504297381869
-0.00343845261409
-0.00502574467796
-0.00516499199842
-0.00113255832766
-0.00319182212448
-0.0030458603215
-0.00513219883525
-0.00130789011445
-0.00511921677232
-0.0052562575759
-0.00122185407739
-0.00328026861507
-0.0031307357588
-0.00522004670366
-0.00139810344752
-0.00521151003893
-0.00534630224764
-0.00130988729841
-0.00114766834364
-0.00321426660886
-0.00530651132267
-0.00148715459901
-0.00530261973679
-0.00543512107677
-0.00139665285178
-0.00123682803371
-0.00329644739255
-0.00539158665182
-0.00157503915556
-0.00539254116073
-0.00552270916752
-0.00148214564524
-0.00132468637824
-0.0033772726902
-0.00547526671336
-0.00166175273973
-0.00548126964247
-0.00560906166642
-0.00156636063451
-0.00141123792967
-0.00345673714324
-0.00555754559409
-0.00174729101088
-0.0014397251064
-0.00569417376343
-0.00164929282461
-0.00149647729175
-0.0035348354557
-0.00563841744715
-0.00183164966618
-0.00152605385163
-0.00577804069315
-0.00173345274273
-0.00158039912091
-0.00140558837515
-0.00571787649398
-0.00191482444153
-0.0016111758816
-0.00586065773599
-0.00181852463455
-0.00166933632803
-0.00151387481987
-0.00425461448666
-0.00199681111253
-0.00169508668607
-0.00594202021934
-0.00190231093878
-0.00176315630558
-0.00162087685127
-0.00433123086745
-0.00207760549545
-0.00177778179696
-0.00602212351877
-0.0019848066295
-0.00185567752456
-0.00172658769207
-0.00440641753415
-0.00215720344813
-0.0018592567894
-0.00387903135578
-0.00206600673261
-0.00194689421059
-0.00183100059989
-0.00448016899959
-0.00223560087099
-0.00193950728277
-0.00395660261257
-0.00619940538019
-0.00203680063716
-0.00193410886897
-0.004552479854
-0.00231279370794
-0.00201852894177
-0.00403290111283
-0.00628581241697
-0.00212539112718
-0.00203590583192
-0.00238910004774
-0.00546009856021
-0.00357738046569
-0.00376485099105
-0.00684585577999
-0.00712605968237
-0.00513739935027
-0.00522119591154
-0.00290919071708
-0.00815783925228
-0.00639717835999
-0.00680097481221
-0.00481060144948
-0.00610521556593
-0.0080731425345
-0.00781990086719
-0.00544007798273
-0.0071207376635
-0.00510204811559
-0.00514011508107
-0.00708766253665
-0.0051511413009
-0.00534399875841
-0.00346057354219
-0.0081023891809
-0.00617961338461
-0.00650158410663
-0.00507556377052
-0.0051592670298
-0.00284734905145
-0.0074176392419
-0.00651848953861
-0.00690606609551
-0.0049161592343
-0.00499296016336
-0.00817867693523
-0.00792494601471
-0.00574798651644
-0.00368545237356
-0.00395762079845
-0.00746542540056
-0.0074057294362
-0.00529176689021
-0.0048303661217
-0.00330440599207
-0.00808977283104
-0.00616692869271
-0.00639987045273
-0.0044172665707
-0.00505695261869
-0.00715757511895
-0.00750294395351
-0.00573768292861
-0.00697008856141
-0.00498046678387
-0.00282602539978
-0.0070849455442
-0.00576290564222
-0.00601619626567
-0.00396193537789
-0.00423550083705
-0.00640641411893
-0.00768385231364
-0.00539098953288
-0.00463633020015
-0.00724261139309
-0.00770312912538
-0.00611423398806
-0.00625932412057
-0.0042750019456
-0.00435833842473
-0.00701529659441
-0.00531473609812
-0.00578281798042
-0.00389334422864
-0.00500337746627
-0.00719686339385
-0.00710785112718
-0.00478161772976
-0.00507910002058
-0.00419807814086
-0.00876362921888
-0.00664423727845
-0.00658396611175
-0.00547174548527
-0.00440387716526
-0.00715125859929
-0.00761103367872
-0.00569268488792
-0.0039394214053
-0.00409293880602
-0.00640716993487
-0.00642282974934
-0.00531883997573
-0.00578695687735
-0.00387488795772
-0.00411696451203
-0.00717829849685
-0.00708931666114
-0.00496771024497
-0.00526621972404
-0.00322134519637
-0.0089599038071
-0.00684090850067
-0.00678041528143
-0.00432484423139
-0.00170834781859
-0.00702072891084
-0.00525751949982
-0.00556039090151
-0.00348297522957
-0.00387146347465
-0.00623264082896
-0.00651887700529
-0.00478561225726
-0.00575009034579
-0.00382406761146
-0.00848158825491
-0.00632685579694
-0.00623797221887
-0.0051127974081
-0.00541211268348
-0.00337529610411
-0.0080167848253
-0.00699597110151
-0.00693530165185
-0.0044790683447
-0.0060273007912
-0.0065700399211
-0.00508671535172
-0.00538867354125
-0.003310818698
-0.00341834296839
-0.00634011272162
-0.00662690075212
-0.00470847923865
-0.00517562795853
-0.00374584170214
-0.0083803726908
-0.00622549725167
-0.00620431735639
-0.0044269637581
-0.00551644252584
-0.0078524879406
-0.00589579991599
-0.00600449537173
-0.00482125606933
-0.00459154290115
-0.00600102271267
-0.00652128857582
-0.00473315548602
-0.00529269605245
-0.00322114886945
-0.00798789668815
-0.00610099623035
-0.00669470683654
-0.00459512630597
-0.00508628018627
-0.00765740435319
-0.00782823119667
-0.00608304105599
-0.004056485254
-0.00448913969231
-0.00255856953942
-0.00792282263444
-0.0059665017795
-0.00607534228213
-0.00378078723642
-0.00466200346675
-0.00600207261419
-0.00652706336918
-0.00473897421489
-0.005017294148
-0.00328020861236
-0.0080472677134
-0.00612829677251
-0.00641557315168
-0.00432006954424
-0.00278943845146
-0.00758583536969
-0.00553188921193
-0.00567572975895
-0.00409850611366
-0.00450959663737
-0.00701604293048
-0.00723542772656
-0.00599487858676
-0.00610377741426
-0.00380918971508
-0.00357904870883
-0.00571796973419
-0.00649368420291
-0.00470534121814
-0.00498349626936
-0.00748858985695
-0.00584473248428
-0.00611538046803
-0.00418065568653
-0.0043511518787
-0.00238036869949
-0.00747336683429
-0.00546696149607
-0.00570564824138
-0.00366166846502
-0.00450261486198
-0.00699461391576
-0.00722148453547
-0.00526990290624
-0.00608973246383
-0.00379516089753
-0.00794597487111
-0.00564150125543
-0.00394836870325
-0.00463232618039
-0.00268819691021
-0.00746808052723
-0.00554286527001
-0.00578102550542
-0.00412727660229
-0.00434923635322
-0.00684878025078
-0.00702897683988
-0.00545561770944
-0.00569425473966
-0.00362080418664
-0.00402402809368
-0.00693123459852
-0.00716540201379
-0.00521352737909
-0.00532228164037
-0.00303261775463
-0.00788979190279
-0.00552646401579
-0.00383696520264
-0.0042691563716
-0.00704573841923
-0.00740780957743
-0.00548227667463
-0.00568784530397
-0.00376804701964
-0.00430679106599
-0.00680614215037
-0.0069356503908
-0.00511451732907
-0.00564157515597
-0.00353859008091
-0.00840823004135
-0.00642668223195
-0.00706731265983
-0.00511492704132
-0.00522347944792
-0.00737980922244
-0.00506889237964
-0.00537308609727
-0.00368684828554
-0.00411790888959
-0.00664045230962
-0.00705459943927
-0.00538184587655
-0.00555478946049
-0.00369202757494
-0.00841299681831
-0.00672288424423
-0.00688831717216
-0.00502107907067
-0.00525907857854
-0.00341521321823
-0.00828393527265
-0.0062984334638
-0.00430559502292
-0.00458166283863
-0.00285376945423
-0.00723909197713
-0.00524581163555
-0.00515044342905
-0.00349831851333
-0.00392796763898
-0.00646432655958
-0.00691526786923
-0.00498430103641
-0.00539550411379
-0.00357590734673
-0.00828985797071
-0.00632066042875
-0.00467677935413
-0.00488686151337
-0.00290234906289
-0.00744627496119
-0.00589556354089
-0.00613223001981
-0.00412427846624
-0.00439941161287
-0.00228514610749
-0.00727710816454
-0.00538081659215
-0.00492135840933
-0.00323355449875
-0.00812856453459
-0.00628725872559
-0.0067367995398
-0.00480490403017
-0.00275726361722
-0.00789027234828
-0.00591121987541
-0.00629045413882
-0.00436516061172
-0.00478102730899
-0.00272689467675
-0.00742786403547
-0.00556383651967
-0.00575760917931
-0.00390192826171
-0.00417592384047
-0.00653150757971
-0.00700771403367
-0.00547358611432
-0.00465504408555
-0.002969387182
-0.00562911508597
-0.00602120071159
-0.00429344816687
-0.0045865425208
-0.00256315296636
-0.00743529784644
-0.00576427168285
-0.00621977397646
-0.00429410126339
-0.00442854443254
-0.00717376180644
-0.00744922231821
-0.00558533555381
-0.00577918519549
-0.00358515127601
-0.00391171110791
-0.00655908048115
-0.00705771091868
-0.00516843834565
-0.00246472998784
-0.00713517379901
-0.00532565812928
-0.00576760628641
-0.00398033773468
-0.00432966278551
-0.00233019518923
-0.00720069348471
-0.00539093004925
-0.00610877401835
-0.00418250776903
-0.00431667948993
-0.00691931022955
-0.00715238627667
-0.00556541317778
-0.00575919148091
-0.00356514725443
-0.00789722760031
-0.00656669278918
-0.00706539465947
-0.0051761704932
-0.00212551882924
-0.00711551990602
-0.00498543737479
-0.00547646046588
-0.00368694519682
-0.00399476868762
-0.00666209357491
-0.00704641183008
-0.00524107049063
-0.00569445261047
-0.00376387450793
-0.00426178068311
-0.00690514550647
-0.00713816119477
-0.00522286573449
-0.00569767404178
-0.00350359815005
-0.00561390396441
-0.00625111595195
-0.00480881241491
-0.00514130458056
-0.00618973317966
-0.0067444139712
-0.00492850585686
-0.00514832341065
-0.00339008099331
-0.00373756074643
-0.00641870403237
-0.00687086767608
-0.00505176736527
-0.00550361799472
-0.00357203053803
-0.00841254539997
-0.00685004919041
-0.00486090381839
-0.00512033119861
-0.00309159685592
-0.00787099413324
-0.00551615347758
-0.00617493239374
-0.00445066570798
-0.00506392480927
-0.00580400524906
-0.00635842974247
-0.00453449834978
-0.00515276388784
-0.00309697962894
-0.0079106077597
-0.00620572066542
-0.00435468528442
-0.00474733305016
-0.0030479963116
-0.00334063681935
-0.00609207986097
-0.00648595068216
-0.0047645917103
-0.00497679255625
-0.00294754886642
-0.00744562198731
-0.00539971388875
-0.00605706868515
-0.00433170287709
-0.00466296715743
-0.00604466602034
-0.00593760103853
-0.00419352061811
-0.00259379579038
-0.00308780099065
-0.00542235972561
-0.00595454763955
-0.004101840986
-0.00448040200965
-0.00269579827731
-0.00763115843112
-0.00595654543375
-0.00634944947272
-0.00435628968363
-0.00479257189216
-0.00276267842402
-0.00726065767348
-0.00496110607078
-0.00589779762825
-0.00417095428476
-0.00450121757392
-0.00306054963771
0.000301452763839
-0.00215755900717
-0.00216897987408
0.000922919918025
-0.00165758770877
-0.00123550526182
-0.00319473294893
0.000167408491865
-0.0022964313269
-0.00230786873747
0.000784297087304
-0.00178730988121
-0.00136466131536
-0.0033281640215
3.41160650734e-05
-0.0002072838403
-0.00244601897441
0.000646412231803
-0.0019162711556
-0.0014930582875
-0.00346083970485
-9.84213741688e-05
-0.000344675786513
-0.0025834273826
0.000509268538711
-0.00204446846672
-0.00162069314707
0.00190479839965
-0.000230200683908
-0.000481322742714
-0.00272009075852
0.000372869196315
-0.00217189875114
-0.00174756286488
0.00177364294472
-0.000361218722853
-0.000617221505393
-0.00285600589771
0.000237217393765
-0.0022985589475
-0.00187366441397
0.00163856021604
-0.000491472350632
-0.000752368870336
-0.002991169595
0.000102316320823
-0.00242444599678
-0.00199899476983
0.00148125314171
-0.000620958428052
-0.000886761632876
-0.000217664535212
-3.18308323769e-05
-0.000327624207864
-0.00212355091076
0.00132463395072
-0.000749673817357
-0.00102039658814
-0.000351315731579
-0.00361053139373
-0.000451955796613
-0.002247329818
0.00116870605577
-0.000877615382492
-0.00115327053132
-0.000484205868773
-0.00374316113681
-0.000575505077892
-0.00237032847609
0.00101347287697
-0.00102492951842
-0.00128538025789
0.00160681440672
-0.00387502739005
-0.000698269004681
0.000362590323455
0.000858937841612
-0.00117914343545
-0.00141672256392
0.00147545600379
-0.00400612696436
-0.000820244533633
0.00024116119561
0.000705104384033
-0.00133265618988
-0.00154729424629
0.00134486827455
-0.00413645667157
-0.000941428625354
0.000120521340991
0.000551975945373
0.000749501205845
-0.001677092103
0.001215054422
-0.00426601332467
-0.00106181824468
6.73759287126e-07
0.000399555973386
0.000597401057305
-0.00180611293341
0.0010860176478
-0.00439479373813
-0.00118141036096
-0.000118378554444
0.000247847922241
0.000446012364795
-0.00193435353852
0.000957761151932
-0.00452279472811
-0.00130020194832
0.00198530095598
9.68552523026e-05
0.000295338571842
-0.00206181072127
0.00083028813249
-0.00465001311277
-0.00141818998601
0.00186784814345
-5.34185700764e-05
0.000145383127814
-0.00218848128678
0.000703601785362
-0.00477644571254
-0.00153537145861
0.00175119955348
-0.000202970072776
-0.00319257979849
-0.00231436204265
0.00057770530396
-0.00268015485305
-0.00165912519439
0.0016353581598
-0.000351795778131
-0.000337604536135
-0.00243944979927
0.000452601878929
-0.00280500635482
-0.00178346199405
-0.00193093567066
-0.000499892203154
-0.000485384182073
-0.00256374137007
0.000328294697864
-0.00292906254945
-0.00190700541312
-0.00204515377511
-0.00435016097641
-0.000565645231128
-0.000216749028126
9.21012451566e-05
-0.0019118858896
-0.0041846708936
-0.000488635487107
-0.00446250779751
-0.00421390969104
-0.000342102102118
-3.66524928876e-05
-0.0020360275713
-0.00429680610359
-0.000577541684226
-0.00457398908853
-0.00432861695384
-0.000466575896024
-0.000164513493687
-0.00215923866965
-0.00442359340656
-0.000665361475548
-0.00468460160753
-0.00444547975835
-0.000590166517811
-0.000291477587144
-0.00228151488663
-0.00454943005973
-0.000752091069032
-0.00257061389718
-0.00456477978065
-0.000712870080299
-0.000417540606674
-0.00240285193063
-0.00467431144065
-0.000837726702371
-0.00267947918367
-0.00468320415895
-0.000834682701611
-0.00054269838969
-0.00029248024368
-0.00479823293225
-0.000922264643708
-2.91990922858e-05
-0.00480074929309
-0.000955600505618
-0.000666946778095
-0.000419972172791
-0.00492118992352
-0.00102733336727
-0.00015728045702
-0.0049174115901
-0.0010756196224
-0.000790281618775
-0.00054653685937
-0.00504317781009
-0.00114274697852
-0.000284532087482
-0.0050331874646
-0.00119473618868
-0.000912698764106
-0.000672169869707
-0.00305323855213
-0.00125713784709
-0.000410950407399
-0.00291889687752
-0.00131294634835
-0.00103419407246
-0.000796866774731
-0.00317327444598
-0.00533980741087
-0.000536531843535
-0.00303288918337
-0.00143024625286
-0.00115476340872
-0.000920623150569
-0.00106586767454
-0.00545213874284
-0.000661272826055
-0.0031459843604
-0.00154663206174
-0.00127440264479
-0.00104343457911
-0.00118393325393
-0.00556343330926
-0.000785169788888
-0.00325817885789
-0.00166209994306
-0.00139310766015
-0.00116529664859
-0.00130100682889
-0.00567368646541
-0.000908219170092
-0.00336946913485
-0.00543101895231
-0.00151087434233
-0.00128620495414
-0.00141708384846
-0.00578289358267
-0.00103041741223
-0.00347985166046
-0.0033103407835
-0.00162769858753
-0.00140615509841
-0.0015321597729
-0.00589105004925
-0.00115176096273
-0.00358932291454
-0.00342303198335
-0.00174357630107
-0.00152514269215
-0.00164623007435
-0.00600056009647
-0.0012722462743
-0.00108846813341
-0.00353479002311
-0.001858503398
-0.0016431633548
-0.00175929023753
-0.00389040772481
-0.00139186980527
-0.00119610632852
-0.0036456111209
-0.00197247580363
-0.00176021271509
-0.00187133576045
-0.00205684969581
-0.00151062802001
-0.00130282275966
-0.00375549150635
-0.00208548945409
-0.00187628641167
-0.00198236215507
-0.00217108458066
-0.0016285173893
-0.00140861395358
-0.00386442742107
3.73377216339e-05
-0.00199138009373
-0.00209236494803
-0.00228427594928
-0.00174553439072
-0.00151347644991
-0.00397241511921
-7.37462729238e-05
-0.0021054894216
-0.00220133968137
-0.00239641898907
-0.00773702195782
-0.00488692477241
-0.007432802029
-0.00971434336597
-0.00889975591078
-0.00581075867042
-0.00513605400134
-0.00774545701787
-0.00489566141949
-0.00744184313682
-0.00666595911278
-0.00891821831019
-0.00581969769731
-0.00514534335053
-0.00775274351274
-0.00490320849076
-0.00744965327332
-0.00668250887176
-0.00893536386099
-0.0058272686612
-0.00515321110103
-0.00775888112176
-0.0049095656299
-0.00745623204363
-0.00669778632823
-0.00895119156813
-0.00583347108932
-0.00515965672227
-0.0077638695747
-0.0071384523794
-0.00746157911498
-0.00671179065517
-0.00896570051215
-0.00583830459417
-0.00516467977938
-0.00776770865188
-0.00714242880967
-0.00418987602538
-0.00672452109383
-0.00897888984944
-0.00806628220326
-0.00516827993337
-0.00777039818419
-0.00714521457554
-0.0041927589495
-0.006735976954
-0.00899075881251
-0.00806837704089
-0.00517045694118
-0.00777193805314
-0.00714680954533
-0.00419440954993
-0.0067461576141
-0.00900130671016
-0.00806910230568
-0.00517121065583
-0.00777232819088
-0.00714721364367
-0.00419482774312
-0.00675506252143
-0.00901053292777
-0.00806845795226
-0.00517054102641
-0.00777156858022
-0.00714642685143
-0.00641593962335
-0.00676269119228
-0.00901843692737
-0.00806644402092
-0.00516844809815
-0.00776965925463
-0.00714444920581
-0.00641389300092
-0.00676904321207
-0.00902501824788
-0.00806306063759
-0.00516493201236
-0.00776660029824
-0.0071412808003
-0.00641061409491
-0.00677411823547
-0.00903027650522
-0.00805830801376
-0.00739048263294
-0.00776239184581
-0.00713692178464
-0.00640610307128
-0.00677791598647
-0.00903421139241
-0.00805345450044
-0.00738412104019
-0.00775703408269
-0.00713137236481
-0.00640036015832
-0.00678043625848
-0.0059705204025
-0.00805615561537
-0.00737633728982
-0.00775052724483
-0.00712463280297
-0.00639338564655
-0.00573842254217
-0.00597180793729
-0.00805748744373
-0.00736713190675
-0.00774287161865
-0.0071167034174
-0.00638517988871
-0.00573838751435
-0.0059717716444
-0.00805744990228
-0.00735650551144
-0.00773406754107
-0.00710758458242
-0.00637574329963
-0.00573707480471
-0.00597041152597
-0.00805604299336
-0.00735246393934
-0.00772411539934
-0.0070972767283
-0.00636980900938
-0.00573448448468
-0.00596772766143
-0.00805326680491
-0.00736043824491
-0.0070876297282
-0.0070857803412
-0.00636608041201
-0.00573061669518
-0.00596372020756
-0.00804912151043
-0.00736699096842
-0.00707538282106
-0.00707309596297
-0.00636112049854
-0.00572547164663
-0.00818031365116
-0.00804360736891
-0.00737212166811
-0.00706198931292
-0.00705922419111
-0.00635492951963
-0.00571904961882
-0.00817365979785
-0.00803672472479
-0.00737582999796
-0.00598835814666
-0.00447591485781
-0.00496561097929
-0.00564967433902
-0.00832693609081
-0.00690099356439
-0.00704370983189
-0.00602478487931
-0.00449955093353
-0.00718817012529
-0.00566670715094
-0.00834407000261
-0.00691333250585
-0.00705606900217
-0.00606022020899
-0.00676326534686
-0.00722405843821
-0.00568272063962
-0.00836017857691
-0.006925378859
-0.00706739592697
-0.00832977008079
-0.00679796760226
-0.0072589418316
-0.00569771424859
-0.00837526124725
-0.00694051465867
-0.00707769020327
-0.00836321909944
-0.00683166883478
-0.0072928191137
-0.00571168745641
-0.00838931748288
-0.00695462042455
-0.00708695146457
-0.00839567327267
-0.00686436790306
-0.00732568912533
-0.00573100200303
-0.00840234678884
-0.00478441663387
-0.00709517938104
-0.00842713151595
-0.00689606369802
-0.00735755074008
-0.00576295420969
-0.00841434870604
-0.00479646086782
-0.00710237365952
-0.0084575927765
-0.00692675514305
-0.00738840286449
-0.00579389411841
-0.00842532281136
-0.00480747367622
-0.00710853404358
-0.00848705603353
-0.00695644119421
-0.00741824443823
-0.00582382065985
-0.0084352687177
-0.00481745466786
-0.00711366031358
-0.00851552029835
-0.00698512084034
-0.00744707443429
-0.00585273279826
-0.00844418607407
-0.00482640348803
-0.0071177522867
-0.00854298461453
-0.00701279310329
-0.00747489185915
-0.00588062953165
-0.00845207456563
-0.00483431981855
-0.00712080981699
-0.00856944805813
-0.00512782618407
-0.00750169575296
-0.005907509892
-0.00845893391377
-0.00484120337785
-0.00712283279535
-0.00859490973775
-0.00515348087902
-0.0075274851897
-0.00593337294537
-0.00846476387615
-0.00484705392101
-0.00712382114962
-0.00861936879478
-0.00517812545592
-0.0075522592773
-0.00595821779207
-0.00846956424671
-0.00485187123978
-0.00712752592875
-0.00864282440348
-0.00520175907018
-0.00757601715785
-0.00598204356687
-0.00847333485577
-0.00485565516269
-0.00713131387044
-0.00866527577111
-0.00522438091097
-0.00759875800773
-0.00600484943908
-0.00847607557001
-0.004858405555
-0.00713406718406
-0.00457442633171
-0.00524599020136
-0.00762048103773
-0.00602663461273
-0.00847778629252
-0.00486012231875
-0.00713578577137
-0.00459486697183
-0.00526658619847
-0.00764118549321
-0.0060473983267
-0.00847846696279
-0.0048608053928
-0.00936164320827
-0.00461430119219
-0.00528616819355
-0.00368406738123
-0.00606713985486
-0.00847811755675
-0.00708239204415
-0.00936129219584
-0.00463272833344
-0.00530473551214
-0.0037027325626
-0.00830778462163
-0.0106986642022
-0.00708100770265
-0.00935990638386
-0.00465014776987
-0.00532228751419
-0.0059456951064
-0.00832547974032
-0.00461326264763
-0.0070785897089
-0.00935748582181
