0.0030670629286
0.00206211547693
0.00120451153764
0.00150402880651
0.000596509822413
0.00200061873068
0.000502144137551
0.00324064761231
0.0022372987815
0.00326532146155
0.0016658585691
0.000754384704812
0.00215654463594
0.000654394362826
0.004417375445
0.00241402224793
0.00344142040083
0.00182932789769
0.00091392642165
0.00231413251814
0.000808295827893
0.00459402068308
0.0025922647705
0.00361903877698
0.00199441622051
0.00107511462294
0.0024733625776
0.000963829765367
0.00477216529144
0.00277200545087
0.00379815583156
0.00216110310986
0.0012379290837
0.00263421512643
0.00112097749662
0.00495178892932
0.00295322360143
0.00397875101215
0.00342225204564
0.00140234970975
0.00279667059436
0.00127972043749
0.00513287145786
0.00313589874832
0.0041608039754
0.00359207538737
0.00156835654323
0.00296070953426
0.00144004010374
0.00531539294304
0.00332001063413
0.00434429458985
0.00376343692835
0.0017359297678
0.00312631262733
0.00160191811625
0.00549933365824
0.00350553922029
0.00452920293837
0.00393631686702
0.00403520749336
0.00329346068798
0.00288772985124
0.000931841621669
-0.000867617995967
0.00471550932039
0.00411069556927
0.00420585464104
0.0034621346685
0.00305266986362
0.0011185624579
-0.000679315238984
0.000241029301191
-0.0002845848433
-0.000193128788586
-0.000805963533259
0.00321911376342
0.00130664461043
-0.000489654564296
0.000430073524014
-0.000107266827947
-1.94851692274e-05
-0.00063429428332
-0.000914096911929
0.00149606920268
-0.000298655116493
0.000620457995824
7.1492089491e-05
0.000155628041842
-0.0004611553875
-0.000744698846231
0.00168681757445
-0.000106335813342
0.000812163898905
0.000251672979463
0.000332191969146
-0.000286565301398
-0.000573850243976
0.00187887128294
8.72846550776e-05
0.0010051726392
0.000433257095889
0.000510187906685
-0.000110542323721
-0.000401568624794
0.00207221210364
0.000282187827004
0.00119867944374
0.000616225878577
0.000689597320848
6.68954067582e-05
0.00175470577437
0.00226682203098
0.000478355469422
0.00138355026267
0.000800560955397
0.000870401853071
0.000245729914003
0.00192980142185
0.00246268327872
0.00146513624079
0.00156976828567
0.000986244144222
0.00105258332226
0.000425943387289
0.00210627836468
0.00265977828026
0.00292295137632
0.00175731543144
0.00117325745464
0.00123612372698
0.000607518183561
0.00228411965082
0.0028580896887
0.00312280532181
0.00194617381515
0.00136158308948
0.00142100524743
0.00079043682956
0.00246330847658
0.00305760037674
0.00332385309489
0.00213632574974
0.00155120344606
0.00160721024717
0.000974682023761
0.0026438281889
0.000879004614734
0.00362226696091
0.00325622283212
0.00127600939936
0.00377113899328
0.00257464421751
0.000916186537039
0.00103239655969
0.00378248382026
0.00338776107591
0.0014188142911
0.00392436257917
0.00269454403132
0.00104475391048
0.00118778245022
-0.000212178106254
0.00352165974158
0.00156407000976
0.00408009640692
0.0028175034067
0.00117650509987
0.0013451345359
-4.79631195399e-05
0.0036578881797
0.00171173914796
0.000150490970664
0.00294347691744
0.00131138589294
0.00150442523744
0.00011820537384
0.00379641574963
0.00186178445304
0.000311113659421
0.0030724189515
0.00144934205696
0.00166562715857
0.000906445029553
0.00393721184209
0.00201416885398
0.000474115695443
0.00320428377001
0.00159031941103
0.00182871309734
0.0010764307414
0.00408024590073
0.00216885548687
0.000639454221897
0.00333902556388
0.00173426389439
0.0019936560566
0.00124828072558
0.00422548744285
0.0023258077188
0.000807086812601
0.003476598508
0.00205511015018
0.00216042925388
0.00142196581414
0.00437290607907
0.00248498917034
0.00097697149481
0.00361695681288
0.00220482750914
0.00232900613056
0.00159745714261
0.000271153712648
0.0026463637365
0.00114906676998
0.00376005477384
0.0023573511618
0.00249936036045
0.00177472615787
0.000422835835629
0.00280989560628
0.00132333163255
-0.0002636398783
0.00251262813457
0.00267146585762
0.00195374462526
0.0005766046284
0.00297554928088
0.0014997255869
-0.000115199149539
0.0026706058582
0.0028452967838
0.00213448463501
0.000732430254078
0.00314328959048
0.00167820866244
3.58450834877e-05
0.0028312322134
0.00302082755503
0.00231691860797
0.00089028305413
0.00331308170977
0.00185874142699
0.000189447896135
0.00299445557287
0.00319803284781
0.00250101930061
0.00142979722196
0.00348489117221
0.00201800628104
0.00034556465643
0.00316022483978
-0.000991992693263
0.00268675980954
0.00159161617933
0.00365868388297
0.00216491960857
0.000504151059212
0.00332848948299
-0.000811513258513
0.00287411357528
0.00175537454456
-0.000476855824039
0.00231420665928
0.000665163157885
0.00349919956897
-0.000629433656551
0.00306305438551
0.00192104350728
-0.000299197356034
0.00246583074332
0.000828557393839
-0.000525085425208
-0.00044577811826
0.00325355637783
0.00208859449872
-0.000119655580997
0.00261975536628
0.000994290623604
-0.000349631723162
-0.000260570591198
0.0034455940419
0.0022579992019
6.17370003623e-05
0.00277594425312
0.00116232014379
-0.000171878520631
-7.38347364534e-05
0.00363914222119
0.00242922956113
0.000244948307267
0.00293436137048
0.00133260371392
8.12689755833e-06
-0.00675975191406
-0.00634084234627
-0.00806024141892
-0.00486525719091
-0.00672086401019
-0.00626665968429
-0.00800098153861
-0.00479869718043
-0.00670325560834
-0.00628361446566
-0.00798656805013
-0.00500797014201
-0.00646849725867
-0.00555873484015
-0.00695684496208
-0.00260207766002
-0.00659785559646
-0.00616916007456
-0.00753283760656
-0.00306267875884
-0.00636032700111
-0.00738907822846
-0.00698640615665
-0.00873143619892
-0.00420655346709
-0.00746723681933
-0.00703413733817
-0.00872751288481
-0.00406817185476
-0.00746068077983
-0.00706583775877
-0.00879368464158
-0.00400039954004
-0.00732439292398
-0.00643770424693
-0.00772295197014
-0.00337099193704
-0.00506543617036
-0.00699540106997
-0.0083863253582
-0.00394145318895
-0.00496298588651
-0.00438625324236
-0.0076054932847
-0.00718832637146
-0.00490565906655
-0.00458090500559
-0.00777471698189
-0.00726704478672
-0.00477174474937
-0.00450248012927
-0.00781798171897
-0.00734260904547
-0.00480168939683
-0.00407989185974
-0.00544882481709
-0.00634239961359
-0.00411355706072
-0.0038047760297
-0.00538366516165
-0.00767040190275
-0.00478259183966
-0.0046769277542
-0.00496274156417
-0.00681324475769
-0.00786178176167
-0.0055781304074
-0.00527309365335
-0.00710327790445
-0.00800034108177
-0.00544484801326
-0.00519920755945
-0.00708111625772
-0.00808770807413
-0.00557101309152
-0.00487300023389
-0.00626483641191
-0.00531507505792
-0.00489104348008
-0.00452644399517
-0.00613298550767
-0.00596547438539
-0.00558362673329
-0.0055003067235
-0.00552135527121
-0.00737723707343
-0.00716256484264
-0.00627512098628
-0.0059697048799
-0.0078044579468
-0.00735121902261
-0.00614152281902
-0.00586382600928
-0.007769299088
-0.00734780435499
-0.00477926538064
-0.00563234419203
-0.00704684944266
-0.0061184402011
-0.00359877649938
-0.00528803342635
-0.00684057625955
-0.00669925938684
-0.00387229394314
-0.00628075021671
-0.00614011491891
-0.00798385177736
-0.00783871928052
-0.00558159861581
-0.00666546719075
-0.00851027680978
-0.00807861171024
-0.00550566189433
-0.00655453399158
-0.00846112953078
-0.00805575546581
-0.00550893202356
-0.0048624019037
-0.00781804708352
-0.00690849029869
-0.00429900414433
-0.0039291315672
-0.00757031723579
-0.00738835831841
-0.00458538936628
-0.00447553321506
-0.00544307978375
-0.0063902467712
-0.00848718618131
-0.00402883435815
-0.00597163535091
-0.00698793233324
-0.00877588825787
-0.00400221589625
-0.00584936140351
-0.00552232777102
-0.00877726642552
-0.004032392233
-0.00563482588601
-0.00489451118109
-0.00772880746446
-0.00288079275774
-0.00461546300668
-0.00450790026891
-0.00807950216374
-0.00403066245061
-0.00516164259327
-0.00610402996807
-0.00560642299052
-0.00910712583502
-0.00466897091637
-0.00663244828614
-0.00628562834018
-0.00806356670354
-0.00468903324156
-0.00649478190322
-0.00619218790764
-0.00804290188658
-0.00474377396633
-0.00637110901814
-0.00565505332205
-0.00698015518625
-0.00371434369351
-0.00525727361403
-0.00517614376762
-0.0066093793565
-0.00467526005625
-0.0057962606797
-0.0067380545252
-0.00617796934565
-0.00831356158475
-0.00527917377571
-0.00726278147403
-0.00693647329016
-0.00873514035929
-0.00397449166963
-0.00710516542566
-0.00682627154135
-0.00870117984733
-0.00398583759306
-0.00706947992557
-0.00637720442031
-0.00772496956412
-0.00288184042878
-0.00602268402027
-0.00579658619817
-0.00725431426229
-0.00293557335009
-0.0039778048873
-0.00734438614745
-0.00671998673749
-0.00887395132334
-0.00447440054036
-0.00647751371275
-0.00757162924599
-0.00946140453746
-0.0047673500955
-0.006442630592
-0.00742500432348
-0.00932149347321
-0.00462089460791
-0.00629617490374
-0.00705902469333
-0.00842892251377
-0.00368118022911
-0.00518196699765
-0.00474854395028
-0.00784783924253
-0.00355083563302
-0.00461228548678
-0.00432273904131
-0.00724414058637
-0.00292145295159
-0.00502678994696
-0.00489349725937
-0.00689964798617
-0.0079598163468
-0.00552933827027
-0.0049407467222
-0.0067934818513
-0.00768516442804
-0.00523680169919
-0.00462367880701
-0.00617663092366
-0.00711271427471
-0.00443932354133
-0.00421864403595
-0.00556559975172
-0.00549403088346
-0.00411077962251
-0.00519035673812
-0.00494850684173
-0.00659433899084
-0.00209184793106
-0.00566089396197
-0.0055505842911
-0.00758044555896
-0.00729733660936
-0.00625909406259
-0.00569527267584
-0.00754244240243
-0.00693757016911
-0.00604469518721
-0.0053401280028
-0.00677193513811
-0.00619503543887
-0.00365323287541
-0.00496282421542
-0.006338023137
-0.00629214775524
-0.00265478234384
-0.00504479709372
-0.00565626289586
-0.00732053210655
-0.00267320687189
-0.00487969862592
-0.0061757573515
-0.00822871361113
-0.00370937910725
-0.00557109499201
-0.00641573883453
-0.00825584715739
-0.00767988486912
-0.00534547312474
-0.00614052909499
-0.00759758045879
-0.00683423435553
-0.00432162635605
-0.00409940737064
-0.00706283788021
-0.00704216587833
-0.00341109756226
-0.00350648242028
-0.00508281581986
-0.00801914441735
-0.00322309936919
-0.00545030965062
-0.00538381837451
-0.00884328751654
-0.00434699384687
-0.00623223332335
-0.00575324376332
-0.00893207167958
-0.00838437719639
-0.00607859472761
-0.00527886796963
-0.00676363292529
-0.00761287413174
-0.00494141502276
-0.00474693127574
-0.00617635432797
-0.00774079165561
-0.00413073830594
-0.00415102821466
-0.00573515623966
-0.00520505480377
-0.00388676434516
-0.00376571133431
-0.00594199165507
-0.00581693589479
-0.00494896307083
-0.00460475032801
-0.00640104382447
-0.00584645784624
-0.00496048311183
-0.00432912257234
-0.00599952537093
-0.00532584669573
-0.00666049482753
-0.00371036332372
-0.00534197812621
-0.00679681413797
-0.00677560855366
-0.00479484220529
-0.00483084277697
-0.00635847448792
-0.00584569753926
-0.00333781048332
-0.00434444812554
-0.00646511045701
-0.00636067024194
-0.00412988593685
-0.00519170741665
-0.00701022972541
-0.00644343001282
-0.00422780437978
-0.00361612462841
-0.00667701720398
-0.00602988357243
-0.00745680127709
-0.00281428986815
-0.00588182239987
-0.0060988574911
-0.00736141978931
-0.00306564074633
-0.00545072181162
-0.00695189924109
-0.00645595195806
-0.0040694417968
-0.00378583232584
-0.00695217140601
-0.00686730097558
-0.00465681268597
-0.00438566368006
-0.00622544414411
-0.00699835495919
-0.00480799181275
-0.00422218130746
-0.00594570608253
-0.00668762652887
-0.00402740172062
-0.00362439037859
-0.0049140390345
-0.00660285881788
-0.00788587089453
-0.00360787105252
-0.00437365369735
-0.00655172973854
-0.0070348903886
-0.00477146171286
-0.00451224141351
-0.00638611857213
-0.00733574822423
-0.00514439844396
-0.00489298591332
-0.0067529105881
-0.00628078017674
-0.00534317164363
-0.00478189298906
-0.00653020981475
-0.00586512050484
-0.00475878715951
-0.00438774448127
-0.00570739616276
-0.0054761211538
-0.0083458115753
-0.00408393144358
-0.00486236314214
-0.00484840181846
-0.00671159931133
-0.0032148477732
-0.00520747291051
-0.00487801162551
-0.00667153996576
-0.00200893993685
-0.0053585317803
-0.00498667523387
-0.00674694988411
-0.00222837683646
-0.00529332069367
-0.00706493736394
-0.00648172372391
-0.00388910472324
-0.00510114717656
-0.00645015574979
-0.00624503574684
-0.00260018384289
-0.00272061461032
-0.00528016074072
-0.00534703293006
-0.00732849206597
-0.00280181425576
-0.00587033573158
-0.00556475794757
-0.00738250016752
-0.00256256503654
-0.00442045376139
-0.00542669391382
-0.00719894128783
-0.00266845846154
-0.00460090405601
-0.00529401503339
-0.00708168453904
-0.00253834999536
-0.00412327704519
-0.00581755302512
-0.00695901819891
-0.00256091567742
-0.0031513025439
-0.00385390460241
-0.00581242469742
-0.00791321434597
-0.00340845849586
-0.0054470772935
-0.00515851052248
-0.00805868219953
-0.0032624892245
-0.00485924727965
-0.00448516910121
-0.00760941127794
-0.00305861864043
-0.00501026165784
-0.00460772356659
-0.00762843418872
-0.0031136804715
-0.00472696698545
-0.00474938131589
-0.00591518482558
-0.00323603981713
-0.00384062453375
-0.00413256796126
0.00193072886385
-0.00238959464026
0.000316453830011
-0.00131689071809
-0.00473737780622
-0.000988997788508
-0.00433350651889
0.00173366456973
-0.00258858450788
0.000117720169127
-0.00151321127761
-0.00492935474922
-0.00117507295101
-0.00452837704581
0.00153784154981
-0.00278633948076
-7.97777168811e-05
-0.0017082882437
-0.000758889969012
-0.00135988059551
-0.00266161790477
0.00134327757828
-0.00298284152287
-0.000276021826355
-0.00190210394536
-0.000948338770942
-0.00154340456916
-0.00285414209131
0.00114999065276
-0.00317807236287
-0.000470993923933
-0.00209464049269
-0.00113649773756
-0.00172562855853
-0.00304547007645
0.000957998993941
-0.0033720134941
-0.000664675540582
-0.00228587977733
-0.00132334943571
-0.00190653609113
-0.0032355862778
0.000767321045209
-0.00356464617477
-0.000857047973809
-0.002475803473
-0.00150887624108
-0.00208611053704
-0.00342447494242
0.000577975471925
-0.00375595142835
-0.0010480922881
-0.00266439303626
-0.00169306033948
-0.00226433511072
-0.00361212014755
0.000389981160565
-0.00394591004418
-0.00123778931555
-0.0028516297075
-0.00187588372836
-0.002441192873
-0.00379850580138
0.000203357217606
-0.0041345025783
-0.00142611965675
-0.00303749451216
-0.00205732821847
-0.00261666673333
0.000532998025595
1.81229681893e-05
-0.00432170935451
-0.00161306368188
-0.00322196826213
-0.00223737543584
-0.00279073945213
0.000349180420687
-0.000165702045467
-0.00185433729472
-0.00179860153209
-0.00340503155746
-0.00241600682388
-0.00296339364339
0.00016667164585
-0.00034809806591
0.00211469317734
-0.0019827131211
-0.00358666478829
-0.0025932036458
-0.0031346117775
-1.45115425834e-05
-0.00052904512256
0.00193176403288
-0.00216537813713
-0.00376684813702
-0.00276894698721
-0.00330437618425
-0.00019435222587
-0.000708523034101
0.0017503016429
-0.00234657604502
-0.00394556158083
-0.000632878397621
-0.00347266905611
-0.000372833324715
-0.000251466761907
0.00225608896781
-0.00252628608879
-0.0041227848944
-0.00080565733925
-0.0036460939934
-0.000549937601315
-0.000427945009997
0.00207762274307
-0.002089389712
-0.00371436375226
-0.000359135917332
-0.00326694328745
-0.000725647661602
-0.000602892332859
0.00190068636623
-0.00226606089029
-0.00388854533497
-0.000528872747832
-0.00344477522582
-0.000311565691714
-0.000776287736037
0.00172530130007
-0.00244118064075
-0.00406117492859
-0.00069705897252
-0.00362117879291
-0.000484434524584
-0.000948110030828
0.00155148921727
-0.00261472735505
0.00025030690783
-0.000863674681577
-0.00379613541352
-0.000655856046934
-0.00111833783857
0.00137927199622
-0.00278667922129
8.08444813234e-05
-0.00102869981359
-0.00396962634532
-0.000825812266306
-0.00116188390803
-0.00213283518017
-0.00119686358665
-0.00680026786833
-0.00544909015203
-0.00414922564106
-0.00674664577567
-0.00138986343032
-0.0023660616751
-0.00143313058232
-0.00262987630307
-0.0056839372322
-0.00436552536888
-0.00696363315865
9.75451863837e-05
-0.00259843945525
-0.00166857208835
-0.00286587998364
-0.00159896963814
-0.00458079424176
-0.00717959348886
-0.000128648851984
-0.0028299543391
-0.00190317394206
-0.000958160397714
-0.00183212953722
-0.00479501629766
-0.00739451076002
-0.000353928711391
-0.00306059188188
-0.00213692170719
-0.00119247917122
-0.00206442431256
-0.000767341169138
-0.00760836871122
-0.000578279771288
-0.00329033737118
-0.00236980066902
-0.00142593356519
-0.00229583924563
-0.000979420697754
-0.00111643108732
-0.000801687159918
-0.00351917582264
-0.00260179582947
-0.00165850858343
-0.00252635933976
-0.00119040400664
-0.00132812058519
-0.00102413575091
-0.00226826534843
-0.00283289190216
-0.00189018893932
-0.00275596931554
-0.00140027411505
-0.0015387004284
-0.00124561015988
-0.00249524366149
-0.00306307330746
-0.00212095905074
-0.00298465360611
-0.00160901378215
-0.00174815331366
-0.00146609474114
-0.000950226650541
-0.00329232416752
-0.00235080303498
-0.00321239635249
-0.00181660550496
-0.00113642981632
-0.00168557358433
-0.00117528151543
-0.0035206283013
-0.00257970470366
-0.00343918139895
-0.00202303151661
-0.00134357580941
-0.00190403051124
-0.00139935018902
-0.00374796921961
-0.00280764755763
-0.00144245569088
-0.00222827378454
-0.00155660517785
-0.00212144907255
-0.00162241596404
-0.00397433012012
-0.00303461478186
-0.00166727565981
-0.00243231400903
-0.00181410675811
-0.00233781254478
-0.00184446183099
-0.0041996938824
-0.00326058924036
-0.00189108763438
-0.00263513362168
-0.00207100653804
-0.00255310392714
-0.00206547047404
-0.00442404306301
-0.00348555347109
-0.00211387422531
-0.00283671378427
-0.00232729265985
-0.00276730593867
-0.00228542426678
-0.00464735989057
-0.00370948968092
-0.00233561772349
-0.00303703538763
-0.00258295298162
-0.00298040101525
-0.00250430526817
-0.00201416423879
-0.00393237974063
-0.00255630009548
-0.00323607905076
-0.00283797506981
-0.00319237130691
-0.00272209521854
-0.00223536171013
-0.00415420517992
-0.00277590297905
-0.00345713800438
-0.00309234619164
-0.00340319867509
-0.00293877553561
-0.0024554714983
-0.00437494718248
-0.00299440767884
-0.00134866945455
-0.00334605330714
-0.00361286469011
-0.00315432731065
-0.00267447447207
-0.00459458658119
-0.00321179516202
-0.00159867202687
-0.00359908306118
-0.00382135062876
-0.00336873130477
-0.00289235114852
-0.00481310385329
-0.00342804605416
-0.00184795197461
-0.00385142177518
-0.00559325358622
-0.00692608513258
-0.00721808064665
-0.00744667402025
-0.00540342080092
-0.00559446737623
-0.00887913443984
-0.00546700106784
-0.00682870233747
-0.00711722989462
-0.00734216834558
-0.00529827183814
-0.0054853629532
-0.00876587855861
-0.00534462343225
-0.00895247361774
-0.00701558077981
-0.00723684324475
-0.005192274741
-0.00537538805161
-0.00865172988424
-0.00524901585555
-0.00885353777613
-0.00691313573452
-0.00713070139778
-0.00730967751237
-0.00526454586863
-0.00853669194894
-0.00515265498687
-0.00875382873456
-0.00680989720013
-0.00702374549363
-0.00720199283886
-0.00515283961078
-0.00842076829363
-0.00505554285305
-0.00538817088929
-0.0067058676268
-0.00691597822998
-0.00709346874255
-0.00504027249363
-0.00830396246749
-0.00495768148943
-0.00528692213829
-0.00660104947331
-0.0068074023129
-0.00698410814598
-0.0049268477414
-0.00818627802757
-0.00485907293958
-0.00518490689476
-0.00649544520675
-0.00669881840623
-0.00687391398052
-0.00481256858661
-0.00501214137197
-0.0047597192552
-0.00508212741113
-0.00638905730233
-0.0065917030772
-0.00676288918601
-0.00469743826974
-0.00489271040497
-0.00465962249588
-0.00497858594775
-0.00850381994654
-0.00648378034512
-0.00665103671054
-0.00458146003882
-0.00477241153833
-0.00455878472894
-0.00487428477276
-0.0083958722233
-0.00637505289481
-0.00653835951004
-0.00669394772129
-0.00465124835643
-0.00445720802929
-0.00476922616184
-0.00828714833413
-0.00626552341907
-0.00642486054804
-0.00657628343504
-0.00452922444946
-0.00435489447918
-0.00466341239799
-0.00817765078432
-0.00615519461842
-0.00631054279535
-0.0064577810209
-0.00440634341308
-0.0042518461681
-0.0045568457714
-0.00806738208612
-0.00604406920086
-0.00619540922976
-0.00633844375378
-0.00428260884796
-0.00721426968082
-0.00444952857918
-0.00469169591864
-0.0059321498816
-0.0060794628357
-0.00621827491443
-0.00415802435946
-0.0093316889162
-0.00740823572022
-0.00458058572543
-0.00581943938276
-0.00596270660403
-0.00609727778912
-0.00403259355719
-0.00922644892843
-0.00729942431484
-0.00447095720997
-0.00792818319829
-0.00584514353164
-0.00597545566928
-0.00390632005469
-0.0091204826061
-0.00718986927484
-0.00744771018624
-0.00781389853318
-0.00572677662123
-0.00585281185122
-0.00601315975287
-0.00901379207208
-0.00707957292312
-0.00733654914996
-0.0107859798956
-0.00560760888101
-0.00572934963574
-0.00588521170423
-0.0089063794554
-0.00696853758852
-0.00722462560819
-0.0106701320296
-0.00548764332437
-0.00560507232786
-0.00575643181563
-0.00879824689107
-0.00685676560568
-0.0071119420725
-0.0105535066898
-0.00851865271947
-0.00547998323644
-0.00562682371251
-0.008581700991
-0.00784653305412
-0.00831441289525
-0.0073088667789
-0.00787569197594
-0.00690673236408
-0.00780431707776
-0.00849665584494
-0.00776046787782
-0.00822739709722
-0.00722097841696
-0.00778701752231
-0.00679463459636
-0.00769114941891
-0.0084109573113
-0.00767374288767
-0.00813971554167
-0.00713241888082
-0.00769766704683
-0.00668189309965
-0.00757733392724
-0.00832460671528
-0.00396216235847
-0.00805136964205
-0.00704318962407
-0.0076076420398
-0.00656850968223
-0.00746287245736
-0.00823760538853
-0.00387412185852
-0.00796236081844
-0.00695329210703
-0.00751694399838
-0.00645448615588
-0.00734776686726
-0.00814995466909
-0.00378542567566
-0.00787269049752
-0.00340371007289
-0.0074255744264
-0.00633982433572
-0.00723201901822
-0.00806165590127
-0.00369607519978
-0.00778236011241
-0.00331248044275
-0.00733353483435
-0.00622452604012
-0.00711563077469
-0.00797271043556
-0.003606071827
-0.0076913711026
-0.00322058697278
-0.00724082673919
-0.00587002441483
-0.00699860400414
-0.00788311962856
-0.00351541695969
-0.00759972491386
-0.00312803114926
-0.00714745166426
-0.00799386010863
-0.006880940577
-0.00779288484288
-0.00342411200628
-0.00750742299811
-0.00526587778597
-0.00705341113922
-0.00789510759268
-0.0067626423665
-0.00770200744706
-0.00556773116633
-0.00741446681337
-0.00810724737219
-0.00695870669988
-0.00779569274326
-0.00664371124857
-0.00761048881544
-0.00547513028991
-0.00732085782359
-0.0080127134676
-0.00686333988813
-0.00769561718942
-0.00652414910176
-0.00751833032812
-0.0053818835883
-0.00722659749862
-0.00791752321592
-0.00676731225182
-0.00759488256565
-0.00640395780706
-0.00742553337086
-0.00801189495729
-0.00713168731406
-0.00782167813356
-0.00667062534466
-0.00749349051173
-0.00629013208855
-0.00733209933495
-0.00791736090654
-0.00703612875121
-0.00772517974266
-0.00657328072611
-0.00739144267269
-0.00618722198486
-0.00723802961719
-0.00782218534297
-0.00693992329692
-0.00762802957095
-0.00647527996128
-0.00728874069864
-0.0060836536979
-0.00714332561972
-0.00772636971502
-0.00684307244353
-0.0075302291517
-0.00637662462079
-0.0071853862447
-0.00597942892119
-0.00704798875
-0.0076299154765
-0.00674557768874
-0.00743178002356
-0.00627731628073
-0.00708138097085
-0.00587454935314
-0.00695202042069
-0.00753282408642
-0.00664744053557
-0.00733268373052
-0.00617735652248
-0.00697672654186
-0.00799094094972
-0.00685542204954
-0.00743509700899
-0.00878263153984
-0.00723294182174
-0.00830313687723
-0.00687142462717
-0.00788475691313
-0.0090060796428
-0.00733673571343
-0.0086832141195
-0.00713255585151
-0.00820187904759
-0.00676547690076
-0.00777792320852
