-0.000880750474504
-0.00121531912968
-0.00252661518854
-0.00302609599651
-0.000471821048375
-0.00319436707629
0.0028338052392
-0.000987237518674
-0.00135263070138
-0.00266418821532
-0.00316359218058
-0.000608903784924
-0.00333070878385
0.00269851632719
-0.00110829594161
-0.00148912677184
-0.00280094500609
-0.0033002723441
-0.00074517166715
-0.00125379809278
-0.0005668831564
-0.00124338207868
-0.00162480350737
-0.00293688170901
0.00221023305413
-0.000880620877233
-0.00138851056389
-0.000700549054541
-0.00137764681552
0.000469375964592
-0.00307199447127
0.00207519647213
-0.00101524759662
-0.00152240276646
-0.000833397904293
-0.00151108635878
0.000335349403003
-0.00320627943945
0.00194098745262
-0.00114904800636
-0.0016554709334
-0.000965426011749
0.00161019701147
0.000202153681019
-0.00333973275993
0.00180760984378
-0.00128201828751
-0.00178771129793
-0.00109662968373
0.00147841923449
6.97926335235e-05
-0.00347235057918
0.00167506749366
-0.00141415462145
-0.00191912009393
-0.00122700522813
0.00134747802884
-6.17299052127e-05
-0.00360412904419
0.00154336424974
-0.00154545319028
-0.00204969355627
-0.00135654895428
0.00121737718514
-0.000192410101914
-0.00373506430285
-0.0014617409772
-0.00167591017718
-0.00217942792125
-0.00148525717332
0.00108812049239
-0.000322244124678
-0.0038651525043
-0.00159175447026
-0.0018055217668
-0.0023083194269
-0.00161312619851
0.000959711737589
-0.000451228143364
-0.00399438979934
-0.00172091732166
-0.00193428414566
0.000788088644132
-0.00174015234569
0.000832154705359
-0.000579358329983
-0.00412277234081
-0.00184922568988
-0.00206219350249
0.000660894134111
0.000119450823844
0.00070545317755
-0.000706630859095
-0.00425029628402
-0.00197667573589
4.93954643433e-05
0.000534553754948
-5.8785267109e-06
0.000579610932847
-0.000833041908209
-0.00437695778711
-0.00210326362353
-7.67964256155e-05
0.000409071257736
-0.000130353965609
0.000454631746366
-0.000958587658189
0.00110035368094
-0.00222898551994
-0.000202123877197
0.000284450389871
-0.000253971822556
-0.000644073363503
-0.00108326429367
0.000975428570176
-0.00235383759594
-0.000326583092101
0.00016069489465
-0.000376728431698
-0.000767315124489
-0.00120706800345
0.000851377403864
-0.00247781602649
-0.000450170276285
3.78085108649e-05
-0.000498620132015
-0.000889682527382
-0.00132999498097
0.000728204008311
-0.00260091699108
-0.000572881640388
-8.4205027609e-05
-0.000619643267724
-0.00101117181543
-0.00145204142466
0.000605912204883
-0.00272313667418
-0.000694713400147
-0.000205341992225
-0.000739794188679
-0.00113177923752
-0.00157320353841
0.000484505809574
-0.00284447126564
-0.000815661776826
-0.000325598660187
-0.000859069250781
0.000893143545733
0.00104541920004
-0.000839004448076
-0.000416883182904
-0.00140222638887
-0.000746726015978
-0.000134010170947
0.000776241379923
0.00096308670395
-0.000924269938021
-0.000505107191166
-0.00149339543166
-0.00084077783982
0.000902290160776
0.000660286320376
0.000881818973021
-0.00100843912003
-0.00354767771488
-0.00158340673955
-0.000933642980564
0.000806690138323
0.000545282460724
0.000801619331973
-0.00109150832168
-0.00363364279069
-0.00167225587625
-0.00102531659748
0.00071230910887
0.000431233884349
0.00235728070619
-0.00117347390245
-0.00371847236711
-0.00175993844048
-0.00111579388608
0.000619152282896
0.000318144663832
0.00227922709801
-0.00125433225441
-0.00380216246759
-0.00184645006694
-0.00120507007923
0.000527224832455
0.000206018860386
0.00218862515894
0.00235761023968
-0.00388470915079
-0.00193178642724
-0.00129314044821
0.000436531889946
9.48605232886e-05
0.00207416112675
0.00227897703517
-0.00264705492854
-0.00201594323088
-0.00138000030383
0.000347078546879
-1.53263106933e-05
0.00196068800364
0.00220146168055
-0.00272730309804
-0.00209891622619
-0.00146564499749
0.000258869852633
-0.000124537617877
0.00184821014265
0.00212506764626
-0.00280639624563
-0.00218070120127
-0.0015500699223
0.000171910813224
-0.000232769388248
0.00173673188386
0.00204979836659
-0.002884330579
-0.00226129398495
-0.000542785842875
8.62063900574e-05
-0.000340017626047
0.00162625755371
0.00197565723903
0.000798760509956
-0.00234069044775
-0.000624757581583
1.76149868723e-06
-0.000446278350359
0.00151679146432
0.00190264762351
0.000723155023978
-0.00241888650281
-0.000705495991893
-0.00269037762418
-0.000551547595706
0.00140833791289
0.00183077284174
0.000648719490103
-0.00249587810685
-0.000784996644633
-0.00277228889491
0.000923503302189
0.00130090118095
-0.00110375838868
0.000575457538541
-0.00257166126111
-0.000863255157785
-0.0028529261747
0.000820228846446
0.00119448553375
-0.00117335369418
0.000503372756948
-0.00264623201228
-0.000940267197572
-0.00293228474382
0.000717957667459
0.00108909521953
9.19128197342e-05
0.000432468689622
0.00108539525507
-0.00101602847954
-0.00301035993461
0.000616693662927
0.000984734468873
2.46098013989e-05
0.000362748836699
0.00101326098347
-0.00109053476964
-0.00308714713266
0.000516440712082
0.000881407493979
-4.15423721325e-05
0.00029421665336
0.000942350692755
-0.0011637818853
-0.00316264177811
0.000417202675074
0.000779118488004
-0.000106540622917
0.000226875549039
0.00197911289133
-0.0012357656965
-0.00323683936684
0.000318983392349
0.000677871624346
-0.000170381916002
0.00016072888664
0.0019106617987
-0.00130648212683
-0.00330973545171
-0.00173212616745
-0.00318585211795
-0.00425464070873
-0.00149057356868
-0.00267042828653
-0.00374997763282
-0.000146645598525
-0.00101278378569
-0.00307484267633
-0.00371222205177
-0.000377757649562
-0.000774136166871
-0.00241261823663
0.00163044000112
0.00160913004306
-5.68788163547e-05
0.00469967916382
0.00197045194211
0.00244774926635
0.000142535400174
0.00433259359013
-0.00175558506414
-0.00320973319499
-0.00514622050639
-0.00151526235247
-0.00269549559644
-0.00377540160426
-0.000172400497129
-0.00168994810315
-0.00244372666071
-0.00373877717717
0.000637061528289
-0.00131484427453
-0.00158750747086
0.00160338792019
0.00158206987514
-8.38992537091e-05
0.00376444536593
0.00194365117722
0.00194759561004
-0.000534473584202
0.00365650386462
-0.00175168570634
-0.00407000398575
-0.00543732897502
-0.00151115850926
-0.00269132695389
-0.00377117552233
-0.000488356521315
-0.00168561689626
-0.00243935090358
0.00115983676725
0.000120261071374
-0.00131037381072
-0.00158301994901
0.00160788471651
0.00158656801616
-0.000930888940691
0.00376892244755
0.00144846850185
0.00129595924195
0.00290587587246
0.00185032457235
-0.00317190380475
-0.00403818791251
-0.000516036830391
-0.00147826657375
-0.00334541452875
-0.00442478803706
-0.000454044559022
-0.00165090359662
-0.00240428073842
0.000673968232767
0.000155892992702
-0.00127454502636
-0.00154705452922
0.00164392442474
0.000749770871326
0.000854567344266
0.00327983995777
0.00299968504536
-0.000520903270957
0.00369775877485
0.00119371197165
-0.00311332687255
-0.00397855818127
-0.000455382021859
-0.00210410655478
-0.00328282706712
-0.00436131140104
-0.000389742955966
-0.00158585088214
-0.0028494073679
0.00074026451416
0.00022266479473
-0.000173271707442
0.0033083451897
0.00227003769897
0.000817325890899
0.000372706404162
0.00268422805566
0.0011731476972
-0.00112020258714
0.00309683617747
0.000563049429178
-0.00302748499316
-0.00389117624875
-0.00105130967004
-0.0020137789428
-0.0031911193149
0.000677188014
-0.000295528748924
-0.00167273687686
-0.00275311864124
0.00153514917335
0.000320490233403
-0.00092015382033
0.00251593189679
0.00236897849131
0.000343777615617
-0.000192515489261
0.000887157016363
0.000602322190336
-0.00169230198226
0.00249256908752
-4.09566145835e-05
-0.00291446324959
-0.00507802860603
-0.000934296314269
-0.00220545142896
-0.00307039496081
0.000799619178357
-0.000684583667638
-0.00154728122167
-0.00262638171767
0.00166299043722
-0.000396002488048
-0.000790694056118
0.00264588194797
0.0019047817487
-0.000189702730432
0.00259497645848
0.000346393239728
5.93307855733e-05
-9.83431561003e-05
0.000875089905128
0.000905628604926
-0.00348903840436
-0.00493543928696
-0.000789274556871
-0.00205808396135
-0.00344183586163
0.000438261711474
-0.000530916142267
-0.00139183453222
0.00245476125315
0.000967963196952
-0.000236485848421
-0.00063030565267
0.00328532725772
0.0014041820104
-0.00049358481096
0.00208568848877
0.00166776724164
-0.000455165844639
-0.00178677827177
0.000326245524083
0.000357029359465
-0.00332201723938
-0.00476544982334
-0.000616396657122
-0.00240147703186
-0.00326351684861
0.000619081981375
-0.000347774567507
-0.00120658404281
0.00213574463631
0.0011567062075
0.000638718955741
-0.00107299086738
0.00156915219244
-0.00029783870676
-0.000970188985655
0.00160531669945
0.00118446195734
-0.00208773194154
0.00214999585392
-0.000193859857657
-0.000162840063945
-0.00399440133065
0.000320175468449
-0.00154859542901
-0.00219770771931
-0.00336527613197
0.000828803951965
-0.000135376377998
-0.00179406010953
0.00235274158192
0.00134881585406
0.000212454063203
0.00204656699249
0.00113119591718
-0.000740782790166
-0.00141745179337
0.00115447028324
-0.000447195159652
-0.00256076617692
0.0016600347139
0.00155770128039
-0.00065331451206
-0.00377403009021
2.92823700967e-05
-0.00132057233601
-0.00196604883634
-0.00313015112645
0.000264881197583
-0.000696275167632
-0.0015498979105
0.00255082709809
0.000957470316857
-0.00137004261719
0.00164328187477
0.000722639057139
-0.00115404986036
-0.00183479881714
0.00103299387416
-0.000870567105432
-0.00121618262165
0.00120009043815
0.000220379666584
-0.00196187222887
-0.0040548838651
0.000280342996633
-0.00106531292849
-0.00170674431231
0.0012675323322
0.000531668668177
-0.000426126029797
-0.00134635132794
0.00219441093566
-0.000248383775289
-0.00173834656219
0.00199487336744
0.000343999016553
-0.000463183380497
0.00120117772828
0.000642935325515
-0.00127222313974
-0.00164396465887
-0.0001058880673
-0.000209591095194
-0.00239163949319
-0.00378200349191
0.000557968715996
-0.000783074708682
-0.00277896776996
0.00155844525694
0.000501336787247
-0.000217628274195
-0.00166805058632
0.000676203697369
-0.00058164553864
-0.00207697770745
0.0016512304327
-0.00127817131982
-0.00208945798577
0.000845283011797
0.000284085741316
-0.00166665399811
-0.00296827497296
-0.00050395725183
-0.000608285333231
-0.00279014267049
-0.00348323961177
-5.01114167408e-05
-0.0012193457025
-0.0024652054042
0.00187680437819
0.000714288331477
-0.000505028742173
0.00173999504578
0.000377809931363
-0.000885243384342
-0.00238551125452
5.09088950025e-05
-0.00159553637759
-0.00241060024522
0.000520865569292
-4.37195146712e-05
-0.00150008019874
0.00127352066929
0.00103232038798
-0.000975133447631
-0.00094310015599
-0.00315886713377
-0.000457242596666
-0.000884014845767
-0.00212467821846
0.00209373109479
-0.00065067634149
-0.0018797965336
0.00147607979732
0.000108977901656
-0.00115880126612
-0.00364961227229
-0.000231321609411
-0.00116955571836
-0.0027001048901
0.00135808921145
-0.00131982536905
-0.0018308900424
0.000940817322836
0.000698390912136
-0.00236899618339
-0.00233679900444
0.00130878741874
-0.000101611668067
-0.000522613014547
-0.00190423131195
0.000124471920728
-0.000876080073509
-0.0024303963748
0.00124153640099
-0.00012996430813
-0.0027296730045
0.000933452963991
-0.000482262905719
-0.00142393714623
-0.00398784579777
0.000134128085184
-0.00161578115306
-0.0021291455125
0.000640838215727
-0.000692711383101
-0.00267057971929
0.0017140591905
0.000377039707883
0.000103936832519
-0.00127575899026
-0.00313113302948
-6.82952914216e-05
-0.00107294362924
-0.00263131200482
0.00103664398018
-0.00166642183778
-0.00294215187546
0.000717442597196
-0.000701574404078
-0.00268689303802
-0.00421289519707
-0.000118702065001
-0.00187897492997
-0.00239440192756
-0.00071597133834
-0.000960515552595
-0.00106688771553
0.00144595092278
0.000488521677065
0.000217368974648
-0.00238761185615
0.00149095868868
-0.000232885487115
-0.00124104782662
-0.00414890024162
-0.000466048847208
-0.00184473674015
-0.00312366123242
0.000532899359986
-0.00192957139072
-0.00287687519616
0.00116672482536
-0.000346501902339
-0.000995311891912
-0.00368581522233
0.000587579622701
-0.00119461475053
-0.00130137275704
-0.00026610052796
0.000626256201426
-0.000669631358022
-0.00251799287116
0.00135765355258
-0.000369121230426
-0.00272621071366
0.000529313911506
-0.000946499638293
-0.00199238200409
-0.00327396282459
-0.000665832511666
-0.00173128485374
-0.00303422889796
0.000990609872715
-0.000541111510665
-0.00226879153548
-0.00388391189237
0.00038831157644
-0.00139464166996
-0.00292494708192
-0.00046635789404
-0.000222748249078
-0.00192563113892
-0.00262108282331
0.000305919479535
-0.00181216993101
-0.00346282095356
0.000416970648825
-0.00106109531065
-0.0021091695391
-0.00451182094997
-0.000786734468893
-0.00185406196139
-0.00315872677735
-0.000257661965285
-0.00177918276467
-0.00243152013194
0.000607984453086
0.000223306975356
-0.00298349372007
-0.00309086005262
0.00132526835437
-6.24309944303e-05
-0.00199963306585
-0.00269677847941
-0.00109122825499
-0.00189128301273
-0.00354363944083
0.000334463659944
-0.00114526093911
-0.00331391026537
0.000304154983295
-0.000875545370983
-0.00194425453519
-0.00429844772724
-0.000383568952585
-0.00116575765681
-0.00256019005747
0.00165540243714
-0.00136365312949
-0.00161097242806
-0.00322205944024
0.00119413609714
-0.00121022399635
-0.00142372657075
-0.00232585775514
-0.00228444249993
-0.000651467040744
-0.00180606296005
-0.00144611101388
-0.00135342182245
-0.00156642933122
-0.00248728922732
-0.000198781618549
-0.000799359616689
-0.00195708578489
-0.00159664708169
-0.00149598873971
0.000513434268032
-0.00264814374469
-0.000334466313593
-0.000950038950104
-0.00210750419539
-0.001746579375
-0.00163792229522
0.000371993939395
-0.00280841879136
-0.000484181528205
-0.00110011106434
-0.00225731573482
-0.00189590545555
-0.0017792200343
0.000231188476894
-0.00296811184592
-0.000643726956819
-0.00124957348931
0.00117171000158
-0.00204462288187
-0.00191987950068
9.10203160473e-05
-0.00312722038154
-0.000802687982483
-0.00418258930541
0.00102311958776
-0.0021927292094
-0.00205989823659
-4.85081062595e-05
-0.00328574186607
-0.00096106207826
-0.00433082492858
0.000875143434801
-0.00234022199057
-0.0021992737829
-0.000190533603856
7.648443201e-06
-0.00111884671203
-0.00447844343295
0.000727784012119
-0.00248709877498
-0.00233800367928
-0.000351754694438
-0.000149691321957
-0.00127603934661
-0.00462544233595
0.000581043792002
-0.00263335710945
-0.0024760854643
-0.000512391279071
-0.000306436408667
-0.00143263743981
-0.00477181915217
0.000434925249499
-0.00277899453819
-0.00261351667561
-0.000672440781758
-0.000462584264491
-0.00158863844458
-0.00491757139351
0.0002894308623
-0.000692206742843
-0.00275029485004
-0.000831900620845
-0.000618132332173
-0.00174403980909
-0.00283934739293
0.000144563110608
-0.000836594982786
-0.00288641752377
-0.00384590054304
0.00144885551629
-0.00189883897684
-0.00298384300996
3.2447701892e-07
-0.000980354935019
-0.00302188223249
-0.0040041732878
0.00129451471541
-0.00205303338678
-0.00312770657278
-0.000143282553608
-0.00112967955719
-0.000934753876769
-0.00416184859101
0.00114078140228
-0.00220662047338
-0.00327093558369
-0.000286255494278
-0.00128875130348
-0.00106889526113
-0.00431892384936
0.000987658152372
-0.0023595976668
-0.00341352754294
-0.000428591855987
-0.00144723274228
-0.00120237128587
-0.00447539645439
0.000835147545408
-0.00251196239296
-9.56836393345e-05
-0.000570289147858
-0.0016051213091
-0.0013353099059
-0.00463126379261
0.000683252165274
-0.00266371207365
-0.000236993988317
-0.000711344877274
-0.00176241443423
-0.00149079276261
-0.00478652324556
0.000531974599895
-0.00281484412669
-0.000377659775231
-0.00364056940341
-0.0019191095429
-0.00164566487265
-0.00494117218998
0.000381317441115
-0.00296535596601
-0.000517678493358
-0.00378033452377
-0.00207520405529
-0.0017999235994
-0.00164394819115
0.000231283284579
-0.00311524500179
-0.000657047634589
-0.00391945059475
-0.00223069538675
-0.000350957806505
-0.00448241664112
-0.00417389728284
-0.00402812287468
-0.00150017644087
-0.00105357756028
-0.00302697036367
-0.00052940891705
-0.00466443198897
-0.00435935815235
-0.00421687295002
-0.00169201946574
-0.00124133686226
-0.00321865983576
-0.000707305517037
-0.00079727197584
-0.00454426789553
-0.00440507448663
-0.00188331698196
-0.00333566908177
-0.00340978326459
-0.000884644779934
-0.000978178094281
-0.00472862347659
-0.00459272435415
-0.00207406577288
-0.00352228525983
-0.00124373531452
-0.00106142386891
-0.00115852518524
-0.00491242184664
-0.00477981940762
-0.00226426260588
-0.00370859867182
-0.00143371626917
-0.00123763993691
-0.00331262939917
-0.00509565994368
-0.00496635648757
-0.00245390423233
-0.00390110840521
-0.00162312075738
-0.0014132901267
-0.00126422932975
-0.00527833469268
-0.00515233241999
-0.00264298738767
-0.00409306267069
-0.00181194526931
-0.00158837157096
-0.00144288154767
-0.0014108261398
-0.00533774401645
-0.00283150879142
-0.00428445810528
-0.00200018627743
-0.00176288139234
-0.0016209628393
-0.00159236491572
-0.00552258807406
-0.00301946514721
-0.00447529132871
-0.00218784023657
-0.00193681670353
-0.0017984702013
-0.00177333104081
-0.00348493432881
-0.00320685314283
-0.00466555894343
-0.00237490358401
-0.00211017460736
-0.00197540061901
-0.00195372138842
-0.0036686336427
-0.00339366945027
-0.00485525753465
-0.00256137273945
-0.00228295219684
-0.00215175106651
-0.00213353281919
-0.00385175572313
-0.00357991072576
-0.00504438367039
-0.00274724410514
-0.00245514655529
-0.00232751850671
-0.00231276218106
1.85763907586e-05
-0.00376557360981
-0.00288602988445
-0.00293251406587
-0.00262675475638
-0.00250269989144
-0.00249140630935
-0.000163381428574
-0.00395065472725
-0.0030740007446
-0.00311717898908
-0.00279777386423
-0.00267729216149
-0.00266946202687
-0.000344752192029
-0.00413515068734
-0.00326138875042
-0.0033012352249
-0.00296820093351
-0.00285129224674
-0.00284692614395
-0.000525532597352
-0.00622619903162
-0.00344819040146
-0.00348467910621
-0.000910412787826
-0.0030246970662
-0.00302379545854
-0.000705719328342
-0.00640951444253
-0.00363440218028
-0.00366750694872
-0.00319615010054
-0.00319750352813
-0.0032000667563
-0.000885309054929
-0.00253936072982
-0.00382002055249
-0.00384971505108
-0.00336478328886
-0.00336970853012
-0.00115292966406
-0.00106429843325
-0.00272148184261
-0.00400504196681
-0.00403129969487
-0.00353281256452
-0.00354130895919
-0.00132799523632
-0.00124268410572
-0.00290300061211
-0.00418946285511
-0.0042122571448
-0.0037002349363
-0.00371230169189
-0.00150245307577
-0.00142046270112
-0.00308391355518
-0.00437327963251
-0.00439258364869
0.00235887389203
9.25541341683e-05
0.000274706326148
-0.00197626261765
-0.00416492184589
0.00039593875955
-0.00128199403395
0.00234883989759
-0.00052684157821
0.00026405902098
-0.00198722331954
-0.00417619733224
-0.00374759284869
-0.00129389049055
0.00233972468235
-0.000536232797917
0.000254386534572
-0.00199718057503
-0.00140454004628
-0.00375812068234
-0.00130469805758
0.0023315285031
-0.000544677199577
0.000245689173723
-0.00200613404944
-0.00141375077817
-0.0037675873333
-0.00131441630718
0.00232425159083
-0.000552174530587
0.000237967214409
-0.0020140834417
-0.00142192862291
-0.00377599244577
-0.00132304485442
0.00231789415068
-0.000558724566598
0.000231220901745
-0.00202102848441
-0.00142907328939
-0.00378333570369
0.00139788351848
0.00231245636193
-0.000564327111551
0.00022545044994
-0.00202696894388
-0.00143518452318
-0.00378961683082
-0.00284259920942
0.00230793837796
-0.000568981997704
0.000220656042273
-0.00203190462014
-0.00144026210658
-0.00379483559083
-0.00284795677042
-0.00166325961706
0.00235144959444
0.000216837831051
-0.00203583534703
-0.00144430585868
-0.00379899178727
-0.00285222352007
-0.00166593763504
0.00234869041572
0.000213995937596
-0.00203876099219
-0.00144731563537
-0.00380208526369
-0.00285539928908
-0.0016676955437
0.00234687922888
0.000212130452221
-0.00204068145707
-0.00177129145293
-0.0038041159036
-0.00285748395143
-0.00166853329341
0.00234601608819
0.000211241434214
0.000730543639667
-0.00177223299381
-0.00380508363053
-0.00285847742438
-0.00166845086053
0.00234610101951
0.000211328911832
0.000730633695526
-0.00177214034799
-0.00380498840803
-0.0028583796685
-0.00249820009114
-0.00174055438105
0.000212392882294
0.000731729024136
-0.0017710135188
-0.00380383023969
-0.00285719068766
-0.00249627732604
-0.00173857334175
0.000214433311783
0.000733829588604
-0.00176885254638
-0.00122090127636
-0.00285491052907
-0.00249343446323
-0.00173564432329
0.000217450135451
0.000736935318176
-0.00176565750779
-0.00121761738722
-0.0028515392832
-0.00248967158296
-0.0017317674134
0.00022144325743
0.000741046108256
-0.0017614285169
-0.00121327080315
-0.00284707708385
0.000295173006625
-0.0017269427282
0.000226412550845
0.000746161820421
-0.00175616572441
-0.00120786168777
-0.00284152410805
0.000300775577407
-0.00172117041218
0.000232357857835
0.000752282282446
-0.00174986931784
-0.00120139024468
-0.00283488057606
0.00030729776937
-0.00171445063814
-0.00387515140817
0.00075940728833
-0.00174253952146
-0.00119385671736
-0.00282714675132
0.000314739398604
-0.00170678360722
-0.00122873679247
0.000767536598332
-0.00173417659628
-0.00118526138919
-0.00281832294038
-0.000177306131763
0.00164044874353
-0.000124276716433
-0.000198640601647
-0.00264861953057
-0.00147704428211
0.00310029873899
-0.000215814234902
0.00160208833135
-0.000142933808377
-0.000217311046664
-0.00266727090309
-0.00149564445318
-0.000729216942419
-0.000253464255704
-0.00192160996873
-0.000160728517404
-0.000235118496018
-0.00268506015514
0.00160466170597
-0.000746878588802
-0.000290255254294
-0.00195825965709
-0.000177660400597
-0.000252062505843
-0.00270198684423
0.00158778151543
-0.000763683819437
-0.000326186310913
-0.00199405260963
-0.000193729036236
-0.000268142653512
0.000373354596816
0.00157176195248
-0.000779632221974
-0.000361256526036
-0.00202898793704
-0.00156597066657
0.00288629726218
0.000358154276451
0.00155660341394
-0.000794723404844
-0.000395465020474
-0.00206306477017
-0.00158031162697
0.00287194602148
0.000343817719329
0.00154230627553
-0.000808956997304
-0.000428810935492
-0.00209628226005
0.00153383235314
0.00285845978288
0.000330345282958
0.00152887089183
-0.0018875822043
-0.000461293432906
-0.00212863957808
0.00152122049928
-0.000914109653224
0.000317737303475
0.0015162975962
-0.00190009958724
-0.000492911695191
0.00096748463938
0.00150513194583
-0.000925864897616
0.000305994095608
0.00150458670079
-0.00191175839295
-0.000523664925584
0.000936850069071
0.00147969039531
-0.000936754192873
0.000295115952635
0.00149373849646
-0.00192255833442
0.00263849430903
0.000907078033471
0.00145510963107
-0.000946777266367
0.000285103146348
0.00148375325277
-0.00193249914567
0.00260947344918
0.00087816927888
0.00143139026477
-0.000955933867056
0.00027595592702
0.00147463121794
-0.00194158058178
0.00258131988599
0.00085012453078
0.00140853288715
-0.000964223765516
0.000267674523372
0.0014663726188
-0.00194980241894
0.00255403433221
0.000822944493747
0.00138653806801
-0.000971646753966
0.000260259142544
-0.00242286609983
-0.00195716445442
0.00252761747938
0.000796629851366
0.00136540635613
-0.0009782026463
0.000253709970073
-0.00242939723271
-0.00196366650668
-0.0011689092935
0.000771181266142
0.00134513827917
-0.000983891278107
0.000248027169865
-0.00243506437789
-0.00196930841532
-0.0011935867552
-0.000794205833733
0.00132571975468
-0.000988712506689
0.000243210884179
-0.00243986739431
-0.00197409004113
-0.00121739356959
-0.000817920401849
0.00130213768494
-0.000992666211085
0.000239261233604
-0.00337435387658
-0.00197801126609
-0.00124032913091
-0.000840767052572
0.00127941874054
-0.000995752292082
0.000236178317049
-0.00337742829815
-0.00198107199343
-0.00126239285501
-0.000862745208512
0.00125756348929
-0.000997970672228
0.000233962211728
-0.00337963829668
-0.00198327214758
