0.000922955357767
0.00347505287945
0.00151739098474
0.0016594748507
0.000731457826664
0.00270319027824
0.00162888011364
0.000813442179978
0.00336395120859
0.0014048461769
0.00154565318458
0.000616545365163
0.00260309992706
0.00152765436467
0.000704697495232
0.00325362571191
0.00129308439145
0.00143262049544
0.000502426888859
0.00250384550372
0.00142727164017
0.000596723776034
0.00314407895986
0.00118210828961
0.00132037952616
0.000389105211438
0.00240542961235
0.00132773462652
0.000489523487863
0.00303531351603
0.00107192052584
0.00120893301303
0.000276583140113
0.00230785484578
0.00122904599873
0.000383099088947
0.00475244758027
0.000962523747588
0.00109828368545
0.00173663982072
0.00221112378521
0.00113120842019
0.000277453030041
0.00464525241475
0.000853920595025
0.000988434265671
0.00162572535597
0.002115239
0.00103422454231
0.000172587754191
0.00453884620433
0.000746113700819
0.000879387468556
0.00151561887739
0.00202020304729
0.000938097004275
6.85056965121e-05
0.00443323148259
0.000639105689859
0.00340734023041
0.00140632316356
0.00192601847179
0.000842828432686
-3.47907160456e-05
0.00432841077497
0.000532899179004
0.00329990679223
0.00129784098523
0.00183268780546
0.000748421441294
-0.000137299064928
0.00422438659859
0.000427496776827
0.00319328407417
0.00119017510502
0.0017402135672
0.000654878630684
-0.000239016940208
0.00412116146194
0.000322901083353
0.00470429731445
0.00108332827714
0.00164859826259
0.00191353115464
0.0014113505561
0.00401873786469
0.000219114689803
0.00459930407555
0.000977303247116
0.00155784438357
0.00182172445315
0.00131122082213
0.0039171182974
0.000116140178325
0.00449512957791
0.000872102751486
0.00146795440818
0.00173078965213
0.00121188873743
0.0038163052413
1.39801217397e-05
0.00439177647701
0.000767729517545
0.00137893080024
0.00164072929643
0.00111335667508
0.00371630116802
-8.73629167314e-05
0.00428924741873
0.000664186263031
0.00129077600906
0.00155154591622
0.00321472174089
0.00361710853933
-0.000187886383726
0.00418754503913
0.000561475695851
0.00375341270027
0.00146324202662
0.00311779680301
0.00351872980693
-0.00028758773601
0.00408667196411
0.000459600513783
0.00505692819922
0.00137582012748
0.00302167894692
0.00342116741214
0.0011648069755
0.00398663080916
0.000358563404188
0.00497139440479
0.00128928270297
0.00292637050506
0.0033244237857
0.00106675744049
0.00388742417908
0.000258367043715
0.00488673907349
0.00120363222137
0.00283187379908
0.00322850134747
0.000969537586454
0.00378905466769
0.000159014098012
0.00480296457768
0.00111887113469
0.00204552551005
0.00238718975262
-0.00100367383738
-0.000536552848042
-9.46864565162e-05
0.00185582495587
0.00227291233389
0.00193714636988
0.00228518681341
-0.00111031223911
-0.000648108674774
-0.000211435217554
0.00173362732572
0.0021450477039
0.00182972929738
0.00218420554175
-0.00121589533037
-0.000758575372153
-0.000327061323818
0.00161258499715
0.00201836944941
0.00172327810904
0.00208424991547
-0.00132041861851
-0.000867947863678
0.00103741566636
0.0014927044385
0.00189288484763
0.001617796607
0.00198532389238
-0.00142387763079
-0.000976221092005
0.000924052054977
0.00137399210373
0.00176860116603
0.00151328857844
0.0018874314096
-0.00152626791522
-0.00108339001988
0.000811828247761
0.0012564544311
0.00164552566076
0.00140975779509
0.0017905763829
-0.0016275850413
0.000213738701858
0.000700749923401
0.00114009784185
0.00152366557518
0.00130720801266
0.00169476270602
-0.00172782460084
0.000108793401637
0.000590822739827
0.00102492873888
0.00140302813825
0.00120564297023
0.00159999425006
-0.000494677768299
4.96738372144e-06
0.000482052333078
0.0009109535054
0.001283620563
0.00110506638975
0.00150627486278
-0.000592749063343
-9.77344044203e-05
0.000374444316155
0.000798178503563
0.0011654500449
0.00100548197546
0.00141360836793
-0.000689729709016
-0.000199307040163
0.000268004277865
0.000686610073105
0.00104852376024
0.000906893413311
0.00265430300505
-0.000785615394299
-0.000299745626698
0.000162737781655
0.00057625452994
0.000932848864474
0.000809304370387
-0.00128721954421
-0.000880401834481
-0.000399045294004
5.86503644408e-05
0.000467118164759
0.000818432490587
0.000712718494362
-0.00137670466921
-0.000974084771972
-0.000497201199836
-4.42524645811e-05
0.000359207241611
0.000705281747374
0.0018849311386
-0.0014651218601
-0.00106665997712
-0.000594208530707
-0.000145965225123
0.000252527996474
0.000593403717746
0.00179036245881
-0.00155840041658
-0.00115812324901
-0.000690062502883
-0.000246482467006
0.000147086635803
0.000482805457006
0.00169680776663
-0.00165604571299
-0.00124847041633
-0.000784758363376
-0.000345798771369
4.28893350829e-05
0.00163543747669
0.00160427062627
-0.00175263902495
-0.00133769733812
-0.000878291390946
-0.000443908751879
-6.00577626501e-05
0.00152741980044
0.00151275457961
-0.00184817636203
-0.00142579990468
-0.000970656897101
-0.000540807055957
0.00103313365834
0.00142070287577
0.00142226314567
-0.00194265375758
-0.0015127740383
-0.00106185022711
-0.000636488366002
0.000932705258511
0.0013152936299
0.00133279981994
-0.00203606726939
-0.00159861569418
-0.001151866761
-0.000730947400623
0.000833545281275
0.00121119895355
-0.00622583260312
-0.00194183874183
-0.00421544870524
-0.00503400087794
-0.00715610672313
-0.00282391583898
-0.00503225549883
-0.0047846143058
-0.00679204954063
-0.00197121554866
-0.00371343352359
-0.0032410391141
-0.00344438661569
-0.000962020782052
-0.00129512361642
-0.00296518498195
-0.00486645232228
-0.00122997549615
-0.00210936481398
-0.00265652809134
-0.00374090309251
-0.00237222532225
-0.00247620283528
-0.0047373040715
-0.00470957341041
-0.00690375588427
-0.0025597163339
-0.00475552687991
-0.00449472342965
-0.00648845662644
-0.00165353587799
-0.00338151594788
-0.00322962238618
-0.00651938709417
-0.00214582415807
-0.00253397473305
-0.00420511673162
-0.00488731075312
-0.00125176845456
-0.0021319107169
-0.00267956932575
-0.00376412416096
-0.00211604434914
-0.00444929173527
-0.00450582860473
-0.00449106606426
-0.00661775025331
-0.00225107324296
-0.00443243005861
-0.00415646950934
-0.00705968413871
-0.00227912896436
-0.00427241389301
-0.00431634620429
-0.00647086599636
-0.00209428618664
-0.00247930784578
-0.00414730118206
-0.00482646611414
-0.00118820199398
-0.00206615169884
-0.00261236811538
-0.00369639939166
-0.00194894612091
-0.00420977656128
-0.00425655280403
-0.00645348122361
-0.00194769600493
-0.00273813397322
-0.00490323081797
-0.00469616781706
-0.00665651149396
-0.00195994326146
-0.00417184031396
-0.00420958211238
-0.00635746793519
-0.00197387346504
-0.00382622405534
-0.00401231338297
-0.00468445648029
-0.00205349752363
-0.0029263747571
-0.00346925686469
-0.00452149003183
-0.00174519857395
-0.00482726896981
-0.00480765037598
-0.00699285586556
-0.0024748440986
-0.00234319370908
-0.00449035249742
-0.00433514792704
-0.00207748525909
-0.00178144670572
-0.00401414790926
-0.00404225326327
-0.00617982612476
-0.00178534331704
-0.00459819593984
-0.00481483634557
-0.00623854420551
-0.00182184685928
-0.00268691916907
-0.00322467742954
-0.00427505248174
-0.00234448403885
-0.0045780615431
-0.0045186665274
-0.00665316519695
-0.00212147938514
-0.00417263932506
-0.00421792566829
-0.00412408850091
-0.00185629790883
-0.00154973292218
-0.00471313439711
-0.00480793795632
-0.00693167754606
-0.00250162464711
-0.00432767193106
-0.00452925840997
-0.00593856438559
-0.00150899608208
-0.00236375008334
-0.0028947461894
-0.00394267134366
-0.00206860080266
-0.00429172291094
-0.00422142329634
-0.00629311857788
-0.00172774515168
-0.00393647658082
-0.00481187006723
-0.00476014605035
-0.00244171587284
-0.00217879576733
-0.00444348652007
-0.00452219849569
-0.0021852880133
-0.00218072201465
-0.00398823256303
-0.00417132482482
-0.00556299616158
-0.00111771832792
-0.00195991993789
-0.003882848906
-0.00488882735666
-0.0017573459897
-0.00396879127
-0.0038863271528
-0.00678496830166
-0.00218143635818
-0.00449939814848
-0.00451943531784
-0.00667680725911
-0.0021212362691
-0.00184346311422
-0.00411943857013
-0.0041791249571
-0.00182199965662
-0.00179626318314
-0.00358206893698
-0.00496394887011
-0.00633513027164
-0.00205145742472
-0.00287917043357
-0.00339249848805
-0.0043950616263
-0.00225124906964
-0.00444985641768
-0.00435359415157
-0.00639885538465
-0.00187343177105
-0.00417740782002
-0.00418265044653
-0.006324456474
-0.00175263037351
-0.00368623284474
-0.00374229864663
-0.00482502759726
-0.00253481959255
-0.00252329869558
-0.00428459366197
-0.00446930576197
-0.00124057955605
-0.00151360406377
-0.00232522492457
-0.00282808511282
-0.00300493272649
-0.00187090109715
-0.00405557376131
-0.00394483312761
-0.00597513028433
-0.00152528459838
-0.00381365844023
-0.00380242607782
-0.00592693226477
-0.00237009485318
-0.00431315808309
-0.00434119880604
-0.00437209653999
-0.00205638843025
-0.00201836979426
-0.00375272864486
-0.00391090902233
-0.000657212895587
-0.000908270643344
-0.00170252305712
-0.00219411877275
0.00021709880039
-0.00367950235733
-0.00362663030868
-0.00350036483558
-0.00551464167248
-0.00211205810615
-0.00438331753655
-0.00434721290807
-0.00645282051044
-0.0019088843127
-0.00385918359166
-0.00386242170749
-0.00599275546474
-0.00152357950039
-0.00145691956186
-0.00316230242601
-0.00329208504281
-1.1797862041e-05
-0.00216491984801
-0.00294084128759
-0.00342058538415
0.000842991816457
-0.0041726165341
-0.0040975512344
-0.00394857677731
-0.00594586136181
-0.00168601530244
-0.00393875808561
-0.0038831806147
-0.00596843178212
-0.00140338694762
-0.00335880473135
-0.00333534521593
-0.00543742864975
-0.000938693397269
-0.0025204174475
-0.00419516271121
-0.00435766510973
-0.00118516525046
-0.00143703070558
-0.00219394868331
-0.00273466542812
0.0013997286094
-0.00369339408423
-0.0036015179682
-0.00566373960458
-0.00549155535758
-0.00122233998945
-0.00345527782154
-0.00337891961302
-0.0054425005823
-0.000855044800443
-0.00425392909332
-0.00420712295593
-0.00627932451877
-0.00192244053972
-0.00372963105603
-0.003496745908
-0.00362827945981
-0.000427087391567
-0.00065408168371
-0.00146024491835
-0.00236971735476
0.00151396772074
-0.00320578359891
-0.0030731201809
-0.00511714456447
-0.00501113576976
-0.000721975624105
-0.00423808139163
-0.00413657274091
-0.00617731468448
-0.00171407756897
-0.00371252478029
-0.0035889053881
-0.00562985965382
-0.00124057733971
-0.00301473651134
-0.00274895021502
-0.00417146062089
0.00038167549954
-0.000116228051116
-0.00324628941074
-0.00415030776115
-0.000159025354998
-0.00270133263421
-0.00251317880683
-0.00574076378002
-0.00146126216742
-0.00372337018003
-0.00367997887765
-0.00355546446882
-0.0055871694231
-0.00116869258435
-0.00318441001106
-0.00292794037154
-0.00493653723729
-0.000513864043635
-0.00225491623005
-0.00389752794382
-0.00537434036763
-0.00118605259461
-0.00183972569266
-0.00299286819293
-0.0038892494688
0.000107556033758
-0.00337436433626
-0.00312502489463
-0.00513053271904
-0.000912442555263
-0.00315260856332
-0.00308624615262
-0.00519151359846
-0.00498941403869
-0.000621783748866
-0.00261366126006
-0.00241149087595
-0.00620268371472
-0.00182720071885
-0.00354983098742
-0.00333921518741
-0.00508858825201
-0.000886860891423
-0.00225741358939
-0.00266936051877
-0.00355618081073
0.000447528951435
-0.00280931441712
-0.00250453022169
-0.0045130859389
-0.000330813169957
-0.00254819421179
-0.00248384209806
-0.00458093495716
-0.00197663912843
-0.00182104206217
-0.00380435302099
-0.00366933543004
-0.00563473223369
-0.00123337736931
-0.00292995197357
-0.00300880934852
-0.00474196706958
-0.000524246768089
-0.00187961691385
-0.00227791795328
-0.00315344256507
-0.000966447957389
-0.00221510606887
-0.00185504930414
-0.00392208806312
-0.00138208732658
-0.00360641874685
-0.0035339186398
-0.00560668642101
-0.00137632506121
-0.00341905528787
-0.00324415075483
-0.00308349738717
-0.00502236917289
-0.000593928671318
-0.00256114905028
-0.00262168592443
-0.00433623209601
-0.00186113487712
-0.00319918037625
-0.00361794784822
-0.00448065618234
-0.00048751410145
-0.00313088102111
-0.00294050350892
-0.00490950315745
-0.000772398322055
-0.00297612023595
-0.00287949905711
-0.00493659687605
-0.000739755485982
-0.00275653496033
-0.00264360337845
-0.00245617750025
-0.000283759975018
-0.00185261545037
-0.00383285517947
-0.00393692018691
-0.00563070509492
-0.00137790521751
-0.00269675032605
-0.00309836298183
-0.00394694616671
5.63350050108e-05
-0.00269543160055
-0.0024982631318
-0.00445350500919
-0.000148271423272
-0.00231446144868
-0.00219310408279
-0.00429086248666
-6.8241472215e-05
-0.00410213132355
-0.0038556838478
-0.00582801436133
-0.00149981422992
-0.00140196908394
-0.00336018798553
-0.00344169297381
-0.000690987338428
-0.000837897983458
-0.00213594055786
-0.00251902936516
-0.00335240561318
0.000661765288533
-0.00223613006362
-0.00202475919272
-0.00396548547174
0.000291278654785
-0.00184368337883
-0.00354705310341
-0.00551883708235
-0.00144040395151
-0.00355995139045
-0.0032908993891
-0.00528630077697
-0.00102447040652
-0.00307579837937
-0.00283813173298
-0.00289536583035
-0.000120377723621
-0.000243658338118
-0.00352266948629
-0.00392292757416
-0.00474023230153
-0.000957445780005
0.00107409303729
1.77699744842e-05
0.00211602223812
0.00114411904929
0.000937147547115
-0.000559038200538
0.00207085166099
0.000919740617931
-0.000142972282238
0.00195380966628
0.000982852033428
0.000788978400882
-0.000708516630522
0.00192023274735
0.000765922393625
-0.00030319208804
0.00179212044122
0.000819862339323
0.00064137842143
-0.000857424133983
0.00177018622262
0.000612640356741
-0.000462887395464
0.00163095665178
0.000657398821622
0.000494349719418
-0.00100575855599
0.00162071428049
0.00045989650257
-0.000622056153094
0.00147032039109
0.000495463610418
0.000347894407724
-0.0011535177391
0.00147181911743
0.000307692829256
-0.000780696305617
0.00131021375649
0.000334058840329
0.000202014601356
-0.00130069952348
0.00132350293254
0.00015603133773
-0.000938805793892
0.0011506388495
0.000173186650444
0.00227946368462
-0.00144730174695
0.00117576792754
4.91403163445e-06
0.00112554542309
0.000991597775737
1.28491842516e-05
0.00213474124201
-0.00159332224511
0.00102861630659
-0.00113811632777
0.000968503455745
0.000833092644847
-0.000146951410424
0.00199060066165
0.000931717361676
0.000882050276286
-0.00128813924158
0.000811998352416
0.000675125570439
-0.000306212981488
0.00184704406616
0.000786866815799
0.00073607204548
-0.00143761194346
0.000656032186917
0.000517698670023
-0.000464933372648
0.00168791646705
0.000642604500888
0.000590683825241
-0.00158653241965
0.00050060703656
0.000360814064935
-0.000623110423479
0.00152493785445
0.000496294011898
0.000445887828733
-0.00173489865403
0.000345724982084
0.000204473880266
0.00144118693992
0.00136249661531
0.000332424896052
0.002531769841
0.000339752997724
0.000191388107585
-0.00357505305219
0.00128410306719
0.00120059497099
0.000169096150833
0.00237835033202
0.000192501304309
3.75985004463e-05
-0.00373029800607
0.00112756904013
0.00103923514764
6.31004516517e-06
0.00221432921677
4.58099143465e-05
-0.000115641748741
-0.00388499214243
0.000971587034965
0.000878419376185
-0.000155931146912
0.00205085367687
-0.000100319147448
-0.000268330546246
-0.00403913332187
0.00081615923169
0.000718149892213
-0.000317625146309
0.00188792602909
-0.000245883854411
-0.00042046579528
-0.00155991891196
0.00066128781398
0.00055842893593
-0.000478769668962
0.00172554859553
-0.00039088217801
-0.000572045396067
-0.00171294774592
0.000506974969121
-0.00322199070761
0.00158328732719
0.00156372370351
-0.00053531208793
-0.000723067245927
0.000356511724638
0.00035322288793
-0.00338060786984
0.00142324862976
0.0014024536855
-0.000679171552158
-0.000873529239352
0.000204603833349
0.000200033764668
-0.00353866975686
0.00126376629039
0.00124174087908
0.000688103238299
0.000781537452477
0.000876451851181
-0.001822954553
-0.00161694396993
-0.00143959616984
-0.00114695495325
0.000512350053288
0.00060088251872
0.000690799121234
-0.00201367731215
-0.00178509075682
-0.00162237294175
-0.00133399146711
0.000337148777203
0.000420778196597
0.000505694256847
-0.00220385650126
-0.00196103702833
-0.00180454338516
0.000700619250852
0.000162502122946
0.000241227346635
0.000321140264968
-0.00239348897068
-0.0021374861272
-0.00198610394295
0.000513903557491
-1.15871874446e-05
6.22328403296e-05
0.000137140165541
-0.00258257155551
-0.00232269821142
5.48843865398e-05
0.000327797844197
-0.000185116422861
-0.000116202439916
-4.63030085387e-05
-0.00277110107569
-0.00251636274361
-0.00012544566536
0.000142305886324
-0.000358082843195
-0.000294075600853
-0.000229186211473
-0.00295907433599
-0.0027094763703
-0.000305155065595
-4.25685221582e-05
-0.000530483699409
-0.000471383738446
-0.000411506384612
-0.00314648812604
-0.000680101237867
-0.00048424019422
-0.000226821568733
-0.00070231623361
-0.000648123937945
-0.000593260456512
-0.00333333922042
-0.000872102967193
-0.000662697415803
-0.000410449422409
-0.000873577679126
-0.000824293273947
-0.000774445342987
-0.00351962437863
-0.00106354366955
-0.000840523079528
-0.000593448233796
-0.00104426526058
-0.000999888810474
-0.000955057947171
-0.00148227987883
-0.00125441993603
-0.00101771351929
-0.00077581413519
-0.00121437619398
-0.00117490760104
-0.00113509515958
-0.00166742338329
-0.00144472834023
-0.0011942650538
-0.000957543240653
-0.00138390768677
-0.00134934668872
-0.00131455385817
-0.0018519911403
-0.00163446543829
-0.00137017398671
-0.00113863164611
-0.00155285693798
-0.00152320310625
0.000729629557918
-0.00203597984967
-0.00182362776889
-0.0015454366067
-0.00131907542943
-0.00172122113824
-0.00169647387609
0.000551337302939
-0.00221938619639
-0.00201221185331
-0.00172004918761
-0.00149887065055
-0.00188899746989
0.000357848606949
0.000373633002521
-0.00240220685072
-0.00220021419547
-0.00189400798857
-0.00167801335157
-0.00205618310712
0.000185758105799
0.000196519828213
-0.00258443846825
-0.00238763128197
-0.00206730925412
-0.00185649955684
-0.00222277521598
1.42622457618e-05
2.00009637522e-05
-0.00276607768995
-0.0025744595821
-0.00225842649414
-0.00203432527312
-0.00015682008292
-0.000156635955387
-0.000155920395019
-0.00294712114225
-0.00276069554796
-0.00244988917074
-0.00221148648965
-0.000322216601388
-0.00032693347004
-0.00323159187914
-0.00312756543711
-0.00294633561446
-0.00264076098617
-0.00238797917832
-0.000487011042111
-0.000496627260859
-0.00340630859101
-0.00330740717207
-0.00313137619937
-0.00283103818483
-0.000341874109643
-0.0037445123447
-0.0041347607641
-0.00605699406316
-0.00576834705091
-0.00537686525474
-0.00526326651826
-0.00513541970263
-0.00424542685938
-0.003984154684
-0.00589713329368
-0.00560094116967
-0.00520471749194
-0.00507943549494
-0.00494275961005
-0.00409798920556
-0.003831530119
-0.00573522321492
-0.00543147300649
-0.00503050512087
-0.00489360640424
-0.0047481312289
-0.00394860359465
-0.00367691465231
-0.00557129531537
-0.00525997725108
-0.00485426482446
-0.00470581857999
-0.00609196337339
-0.00379729483087
-0.00352033571688
-0.00540538082219
-0.00508648822072
-0.00467603283375
-0.00451611072882
-0.00589352499488
-0.00364408761034
-0.00336182058285
-0.00523751068833
-0.00491103984809
-0.00449584491682
-0.00432452092456
-0.00569324328688
-0.00348900651011
-0.00320139634559
-0.00506771558063
-0.0047336656704
-0.004313736369
-0.00561108483487
-0.00549115828335
-0.00333207597773
-0.00303908991454
-0.00489602586883
-0.00455439881946
-0.00412974200431
-0.00541584279449
-0.00528730921236
-0.00317332032129
-0.00287492800268
-0.00472247161545
-0.00437327201294
-0.00394389614803
-0.00521882918907
-0.00508173450017
-0.0030127637001
-0.00270893711667
-0.00454708256659
-0.00419031754659
-0.00518512639772
-0.00502007953071
-0.0048744717764
-0.00285043011583
-0.00254114354762
-0.00436988814349
-0.0040055672875
-0.00499567854882
-0.00481962868924
-0.00466555788026
-0.00268634340416
-0.00237157336257
-0.00419091743496
-0.00520107064201
-0.00480447919415
-0.00461751089353
-0.00445502886761
-0.00252052722693
-0.00220025239648
-0.00401019919055
-0.00501282265554
-0.00461156065148
-0.00441375973366
-0.00424292001891
-0.00235300506479
-0.00202720624486
-0.00382776181446
-0.0048228718513
-0.00441695472835
-0.00420840816396
-0.0040292658479
-0.00218380021034
-0.00366177321902
-0.00496480337355
-0.00463124833174
-0.00422069272054
-0.00400148850671
-0.0038141001109
-0.00657142635097
-0.00348535249183
-0.00477901153907
-0.00443798174977
-0.00402280541124
-0.0037930324567
-0.00359745581675
-0.00639892520585
-0.00330728186402
-0.00459158366299
-0.00424310130688
-0.00382332307101
-0.00358307108618
-0.00337936523723
-0.00622481005595
-0.00881938571186
-0.00440254672095
-0.00404663575196
-0.00362227545839
-0.00337163485063
-0.00315985991793
-0.00604910338194
-0.00863808874115
-0.00421192732285
-0.00384861338073
-0.00341969182111
-0.00315875359488
-0.00293897068953
-0.00587182744876
-0.00845521478806
-0.00401975171054
-0.00364906203574
-0.003215600898
-0.00294445655976
-0.0027167276794
-0.00682631351286
-0.00827078761209
-0.00821370524244
-0.00344800910693
-0.00301003092134
-0.00272877238919
-0.00249316032346
-0.00785588682123
-0.00462102609699
-0.00590766923267
-0.00563969720914
-0.0065897663796
-0.00385938112117
-0.00686484515303
-0.00769583171762
-0.00446585601297
-0.0057515596061
-0.00548468600504
-0.00643776699957
-0.00371429524544
-0.00672226716006
-0.00753406907204
-0.00430896027341
-0.0055937217056
-0.00532794960202
-0.00628405182762
-0.00356745705747
-0.00711123108717
-0.00737062076648
-0.00415036005214
-0.00543417699101
-0.0051695091256
-0.00612864107664
-0.0076471576447
-0.00696519110549
-0.00720550853287
-0.00399007640242
-0.00527294679466
-0.00500938558188
-0.00597155486102
-0.00749687339864
-0.00681744821004
-0.00703875394675
-0.00382813025021
-0.00511005231464
-0.00895505371115
-0.00581281319002
-0.00734489527144
-0.00666802104811
-0.00796237369784
-0.00763668904785
-0.00494551460841
-0.00879162654013
-0.00565243596139
-0.00719124259307
-0.00651692820369
-0.00779239847848
-0.00747148012768
-0.00477935458677
-0.00862657853799
-0.0054904429554
-0.00703593460865
-0.00636418819097
-0.00762084463747
-0.0073046706569
-0.00461159300822
-0.00845993016931
-0.00532685382915
-0.00687899047214
-0.00620981944818
-0.00744773306921
-0.0081997656904
-0.00444225047357
-0.00829170174906
-0.00516168811117
-0.00672042924024
-0.00605384033159
-0.00727308448573
-0.00802981603171
-0.00427134742106
-0.00812191343757
-0.00499496519637
-0.0065602698667
-0.00589626910989
-0.00709691941255
-0.00785832641948
-0.00523175372551
-0.00795058523589
-0.0048267043412
-0.00639853119678
-0.00573712395874
-0.00691925818483
-0.00768531672903
-0.00505779027852
-0.00777773698135
-0.00465692465921
-0.00623523196209
-0.00557642295564
-0.00674012094392
-0.00751080666677
-0.00488232660773
-0.00760338834352
-0.0044856451168
-0.00607039077567
-0.00541418407499
-0.00655952763412
-0.00733481576647
-0.00470538245761
-0.00846498837294
-0.00431288452929
-0.00590402612733
-0.00525042518346
-0.00637749799978
-0.00715736338573
-0.00452697738991
-0.00828769728754
-0.00413866155727
-0.00573615637924
-0.00508516403557
-0.00619405158273
-0.00697846870283
-0.00434713078055
-0.00810896378458
-0.00505418066035
-0.00556679976182
-0.00491841826947
-0.00600920771986
-0.00679815071378
-0.00416586181675
-0.0079288068276
-0.00487708826521
-0.00539597436986
-0.00475020540306
-0.00582298554112
-0.00661642822966
-0.0039831894945
-0.00774724519625
-0.00469858850592
-0.00627256481825
-0.00458054283021
-0.00563540396765
-0.00643331987418
-0.00379913261616
-0.00756429748389
-0.00451869939241
-0.00609885560099
-0.00440944781731
-0.0054464817102
-0.00624884408156
-0.00361370978846
-0.00737998209541
-0.00433743876525
-0.00592373104447
-0.00423693749996
