-0.000673710699309
-0.000569780303055
-0.0017511243853
0.000912829598434
-0.00272882429563
0.00210846461537
-0.00148564345322
-0.000729809432385
-0.000618704029538
-0.00179805790047
0.000859646501803
-0.00279330306299
0.00204346931421
-0.00155092077067
-0.000784742972783
-0.000666438545383
-0.00184420433887
0.000807672378324
-0.00285657964056
0.00197968491559
-0.00161498243787
-0.000838508742521
-0.000712981537429
-0.00189439213563
0.000756909844188
-0.00291865082959
0.00191711469346
-0.00167782513937
-0.00089110421105
-0.000758330744472
-0.00194337875898
0.000707361461888
-0.00297951348121
0.00185576187091
-0.00173944561108
-0.000942526895825
-0.000802483957802
0.000708252484567
0.000659029739601
-0.00303916449721
0.0017956296194
-0.00179984064107
-0.000992774362862
0.00141500473277
0.000661675430818
0.000611917130576
-0.000879413975454
0.00173672105802
-0.00185900707035
-0.00104184422729
0.00137324992045
0.00061630666611
0.000566026032533
-0.000936632631886
0.00167903925267
-0.00191694179367
-0.00108973415391
0.00133269740786
0.000572148454225
0.000521358787077
-0.000992630669357
0.00162258721536
-0.00197364176027
-0.00113644185771
0.00129334918865
0.000529203003974
0.000477917679112
-0.00104740519961
0.00156736790342
-0.00202910397463
-0.00118196510439
0.00125520720148
0.000487472468662
0.000435704936283
-0.00110095338866
0.0015133842188
-0.00208332549727
-0.00122630171091
0.00121827332954
0.000446958945566
0.000394722728417
-0.00115327245753
0.00146063900731
-0.00213630344544
0.0010003782148
0.00118254940011
0.000407664475418
0.00258301527778
-0.0012043596829
0.00140913505792
-0.00218803499387
0.00095842123029
0.00114803718412
0.000369591041906
0.00254450041534
-0.00125421239778
0.00135887510207
-0.000152291478449
0.000917657122651
0.00111473839572
0.000332740571184
0.00250518519778
-0.00130282799224
0.00130986181294
-0.000201521985174
0.000878087865013
0.00108265469185
0.000297114931394
0.00245836075273
-0.00135020391401
-0.00192498397177
-0.000249497968446
0.000839715376835
0.00105178767185
0.000262715932207
0.00241276471337
-0.00139633766913
-0.00197149614426
-0.000296216840036
0.000802541523452
0.00102213887705
0.000229545324367
-0.00110799118324
-0.00144122682261
-0.00201675398671
-0.000341676072688
0.000766568115629
0.000993709790414
0.00249532660244
-0.00115112341246
-0.00148486899905
-0.00206075506559
-0.000385873200777
0.000731796909131
-0.00258471495989
0.00246461779166
-0.00119302035326
-0.0015272618832
-1.89381792712e-05
-0.000428805820963
0.000698229604303
-0.00261070041668
0.0024351422666
-0.00123367982836
-0.00156840322064
-6.04186772823e-05
-0.000470471592819
-0.00447300671598
-0.00231365447504
-0.0026188223305
-0.00299301592541
-0.00133427674366
-0.00341645922812
-0.00340499567385
-0.00455165174776
-0.00237706230799
-0.00268546902399
-0.00306297102987
-0.00140753173601
-0.00349289786172
-0.00193467898091
-0.0046289046292
-0.00243898019513
-0.00275055707072
-0.00129900278228
-0.00147909140949
-0.00356757711812
-0.00200471628918
-0.00275287784454
-0.00249940333542
-0.00281408091992
-0.00136569614321
-0.00154894846364
-0.00364048874448
-0.00207289504917
-0.0028273303983
-0.00255832702387
-0.00287603512879
-0.00143074916926
-0.00161709573122
-0.00371162463346
-0.00213920694639
-0.00290037491681
-0.00261574665316
-0.00293641436464
-0.00149415571509
-0.00386835911589
-0.0037809768273
-0.00220364384638
-0.00297200624998
-0.00267165771542
-0.00299521340711
-0.00155590976135
-0.0039330658584
-0.00384853752193
-0.00226619779933
-0.00304221932292
-0.00273363985409
-0.00305242715025
-0.00161600541729
-0.00399604214568
-0.00243390549369
-0.0023268610447
-0.00311100913764
-0.00280534284259
-0.00134642042713
-0.00167443692348
-0.00405728137697
-0.00249786041279
-0.00238562601574
-0.00317837077464
-0.00287556409701
-0.00140044872192
-0.00173119865436
-0.00411677710132
-0.00256000138307
-0.00244248534392
-0.00324429939457
-0.0029442981604
-0.00145287710691
-0.00178628512083
-0.00417452302082
-0.00262032125544
-0.00249743186331
-0.00330879023983
-0.00301153966539
-0.00150370095451
-0.00183969097277
-0.00423051299376
-0.0026788130543
-0.00255045861488
-0.00337183863619
-0.00307728333617
-0.00155291576171
-0.00189141100151
-0.0042847410377
-0.00273546998145
-0.0026015588507
-0.00343343999435
-0.00314152399034
-0.00160051715198
-0.00194144014227
-0.00433720133253
-0.00279028541971
-0.00265072603803
-0.00349358981151
-0.00320425654091
-0.00164650087715
-0.00428533833663
-0.00296960920519
-0.0028432529367
-0.00269795386337
-0.00355228367295
-0.00157923032941
-0.00169086281926
-0.00433197109444
-0.00301851720562
-0.00289436628838
-0.00274323623632
-0.00360951725352
-0.00163893180254
-0.00173359899231
-0.00437689865673
-0.00306564100007
-0.00294361942259
-0.00278656729339
-0.00366528631916
-0.0016971105019
-0.00177470554403
-0.00442011655749
-0.00311097544691
-0.0029910064825
-0.00282794140169
-0.00371958672841
-0.00175376174055
-0.00181417875755
-0.00446162048592
-0.00315451558107
-0.00303652180994
-0.00286735316246
-0.00377241443385
-0.00180888093608
-0.00185201505304
-0.00450140628854
-0.00319625661672
-0.00308015994866
-0.00184845130354
-0.00382376548353
-0.00186246361241
-0.0018882109893
-0.0031808645156
-0.00323619394974
-0.00312191564754
-0.00188392312661
-0.00691495222515
-0.00710322905056
-0.00749385795986
-0.00904759764901
-0.00955247778574
-0.00423632441669
-0.00478125583675
-0.00591361519502
-0.00657143722649
-0.00529250904841
-0.006045339247
-0.00666128735391
-0.00750106330787
-0.0067066924204
-0.00232657885299
-0.00354166199457
-0.00355100480158
-0.00498063176654
-0.00303029215456
-0.00455049828947
-0.0040048765553
-0.00740697747658
-0.00760692449483
-0.00926215754319
-0.00957442537431
-0.00341884035134
-0.00478534517816
-0.00534072634961
-0.0064829262402
-0.00498603242395
-0.00587910300321
-0.00663909006644
-0.00726102560157
-0.00623656177713
-0.00657049511034
-0.00298160026242
-0.00434999084183
-0.00438915416101
-0.00412408010522
-0.00386333181836
-0.00537799902237
-0.00482499192038
-0.00792513445617
-0.00811796758335
-0.00755652454796
-0.00782813465022
-0.00496846169143
-0.00530494872352
-0.00657254804566
-0.00486939478105
-0.00553392704245
-0.00643490137912
-0.00720179706157
-0.00595032215155
-0.00680959448534
-0.0072679886583
-0.00379038055824
-0.00221391270612
-0.00346616871484
-0.00335343174035
-0.00467015651362
-0.00617931243016
-0.00408172046232
-0.00842130412588
-0.006417490422
-0.00807659133061
-0.00835560809667
-0.00548647215533
-0.00368138283615
-0.00494076499629
-0.00537758110917
-0.00641535477862
-0.00695906760795
-0.00585340172075
-0.00652955428236
-0.00754789240125
-0.00804490337475
-0.00280354590387
-0.00299795382014
-0.00425074459214
-0.00413649102765
-0.00386515011229
-0.00344581482916
-0.00484849894967
-0.00672404556752
-0.0068976979923
-0.00856823517038
-0.00885857395448
-0.00390110512943
-0.00420622078351
-0.00547214291386
-0.00589623898227
-0.00691981021362
-0.00557159186781
-0.00646924759004
-0.0072636759095
-0.00829007934475
-0.00238315482267
-0.00355659070245
-0.00375354491124
-0.00500686485735
-0.00326542979886
-0.00461627516034
-0.00419153368888
-0.00558702328632
-0.00716483950879
-0.00893130213945
-0.00903085023163
-0.00735419238199
-0.00438513342794
-0.00470054604818
-0.00597632966675
-0.00454077681197
-0.00557292663917
-0.00622195140943
-0.00716466434962
-0.0079685370189
-0.00686308200746
-0.00310221245728
-0.00345820228324
-0.00447954992993
-0.00410771078408
-0.00399047705346
-0.00533787802846
-0.00490781041785
-0.00499840273938
-0.00757716841737
-0.00935396815678
-0.00751947261446
-0.00474071110885
-0.00483845598425
-0.0062356282147
-0.00459989008251
-0.00502211161631
-0.00616504985395
-0.00687670582565
-0.00782994560158
-0.00687836808401
-0.00754539282609
-0.00379066273663
-0.00415100754424
-0.00351608478115
-0.00355788474262
-0.00468480635099
-0.00602882609418
-0.00425394453669
-0.00567717876721
-0.00796054222612
-0.0078421765436
-0.00792229561557
-0.00515319087555
-0.00526043271151
-0.00484675952674
-0.00503996298084
-0.00629620337785
-0.00677761571619
-0.00573586217753
-0.00669935491904
-0.00752149428402
-0.00819611119661
-0.0044473763583
-0.00313005045962
-0.00417946217965
-0.00422176296973
-0.00534726451165
-0.003689725671
-0.00490799345806
-0.00632444710931
-0.0064096079955
-0.00820520127425
-0.00829440482832
-0.00553432596364
-0.00383037079077
-0.00524542504397
-0.00550796729098
-0.00686551186593
-0.00560413497362
-0.00671310722169
-0.00730125778115
-0.00813214598803
-0.00881413345822
-0.00338929801505
-0.00375803436075
-0.00480978857787
-0.00485257649594
-0.0046006226132
-0.00431594508268
-0.00552925130604
-0.00492702907648
-0.00863583242953
-0.00853768308487
-0.0102566775876
-0.00409993525644
-0.0041878522491
-0.00565169285174
-0.00603341065321
-0.00566813798304
-0.00615270937113
-0.00727220426954
-0.00786993144329
-0.00707240756438
-0.00301881765866
-0.00355203046911
-0.00435189100969
-0.00540591047004
-0.00404368594531
-0.00519587989876
-0.00490809580978
-0.0061166068781
-0.00429538551034
-0.00892965604233
-0.00883918087439
-0.00886503703162
-0.00441678678348
-0.00597418342483
-0.00613310732444
-0.00479184439351
-0.00617255655493
-0.00666790711323
-0.00779746971769
-0.00676751770076
-0.00761493486725
-0.00356817329182
-0.00410678942069
-0.00348431945217
-0.00369544136509
-0.00460491531356
-0.00575582564174
-0.00546505691926
-0.00545632511926
-0.00484163625911
-0.00753339433198
-0.00740845290709
-0.00481932763105
-0.00470275628753
-0.00641181492519
-0.00487589088887
-0.00638118825023
-0.00664325740484
-0.00791263305885
-0.00666104675922
-0.00726673490928
-0.00812185213004
-0.00408159492534
-0.00318849782642
-0.00400655441063
-0.00421975276786
-0.00512965870985
-0.00500432698916
-0.0047384908961
-0.00427933993488
-0.00539708852058
-0.00776557953173
-0.00764679689112
-0.00506385539364
-0.00342705132211
-0.005146758489
-0.00529157673842
-0.00680727317486
-0.0070794303027
-0.00675085404489
-0.00711586340838
-0.00812499045696
-0.00859216507851
-0.0031211894107
-0.00366982477056
-0.0044913458447
-0.00470650873738
-0.00434159976729
-0.00421510928273
-0.00522180378672
-0.00486095388799
-0.00606454474285
-0.00796646603699
-0.00982592793426
-0.0037714813485
-0.00378911020622
-0.00551871037599
-0.00567336758982
-0.00719874417957
-0.00587271869164
-0.00716070718071
-0.00753413100404
-0.00855094537345
-0.00763375385671
-0.00355969341169
-0.00411288744739
-0.00493765407671
-0.00385969577658
-0.00479013203746
-0.00468314780185
-0.0058285349957
-0.00550036877586
-0.00564716216078
-0.00819338833522
-0.00853370430291
-0.00409154066933
-0.00592063466728
-0.00585691735776
-0.00444079702688
-0.00597508762588
-0.00623755545842
-0.00753383046974
-0.0079150237768
-0.00755663078198
-0.00323964287377
-0.00395929893159
-0.00451671453028
-0.00360148861346
-0.00426823521516
-0.0043927513732
-0.00529290099348
-0.0053543933682
-0.00502239843637
-0.0062459783905
-0.00686236368071
-0.00879136780104
-0.00437899091984
-0.00621629488019
-0.00461586247752
-0.00626464055733
-0.00629532429606
-0.00772279695386
-0.00786949450903
-0.00687545663992
-0.00790585365621
-0.00359460322742
-0.00431911921979
-0.0035752103538
-0.00396791399411
-0.00477479842869
-0.00496552937963
-0.00475855672659
-0.00459729996409
-0.00558987700009
-0.0068298035966
-0.00707025930854
-0.00480034292986
-0.00463340356184
-0.00497356311833
-0.00488497617276
-0.00654110428165
-0.00657903769654
-0.00667311630298
-0.00680192464539
-0.00797967811155
-0.00821554837528
-0.00390944981999
-0.00333315064531
-0.00395047353991
-0.0044909708903
-0.00530750937547
-0.00437511640248
-0.00529343557483
-0.00513047652338
-0.00613953873094
-0.00497761744058
-0.00949620647004
-0.00501500577016
-0.00334991963947
-0.00520096704269
-0.00511883644912
-0.00678140590835
-0.00548524540265
-0.00692596918299
-0.00706071481627
-0.00824404741521
-0.00848502959365
-0.00332631996559
-0.00372146881241
-0.00443524458418
-0.00498092013701
-0.00467591856567
-0.00487056208932
-0.00578902956781
-0.00564203276049
-0.00597835917693
-0.00079777883678
-0.00968748356705
-0.00374616177501
-0.00568542977918
-0.00539366351267
-0.00715994655576
-0.00567553997898
-0.0056943808783
-0.00714039855533
-0.0072802220689
-0.00722034135511
-0.00747435584468
-0.00372594217654
-0.0041602967972
-0.00488025098054
-0.00429637948562
-0.00467183923291
-0.00532555377503
-0.00625916315099
-0.00542789628309
-0.0064519529676
-0.00126675534447
-0.00853091874378
-0.00392940169834
-0.00583860180926
-0.00555133504536
-0.00604767398457
-0.00584227298825
-0.00740817889822
-0.00731596877451
-0.0062119919408
-0.00748444044602
-0.00307321034003
-0.00411764953176
-0.00342438940705
-0.00415004802828
-0.00470503988935
-0.00508360830169
-0.00575128177975
-0.00509032975832
-0.00586342235935
-0.00688466356262
-0.00169517125675
-0.00873470310368
-0.00413912438022
-0.00601041738962
-0.00439924128897
-0.00617359317582
-0.00597172438515
-0.00754112185453
-0.00622782043137
-0.0076904491512
-0.00782087900477
-0.00430276107926
-0.00334353736194
-0.00378157362574
-0.00451242343266
-0.00507148893528
-0.00546242518163
-0.00544316909968
-0.00548480810567
-0.00625675602131
-0.00593092191644
-0.00154915416453
-0.0020224660772
0.000641070722583
-0.000857290633526
-0.00158128766413
-0.0014781742478
0.000109786548151
-0.00348256612431
-0.00210708075763
0.000557800396013
-0.000940898568185
-0.00166501456301
-0.00156179865565
6.07557040838e-06
-0.00358610219839
-0.00219071972493
0.000475512969878
-0.00102352027493
-0.00174775406336
-0.00164443667343
-9.66962166648e-05
-0.00368870024262
-0.00227338009272
0.00039421131804
-0.00110515284665
-0.0018295032463
-0.00172608539241
-0.000198525377029
-0.00379035683684
-0.0023550589972
0.000313898290945
-0.00118579339983
-0.00191025921661
-0.00180674192744
-0.000299408489608
-0.00389106857582
-0.00243575359759
0.000234576715178
-0.00126543907496
-0.00199001910312
-0.0018864034174
-0.000399342148767
-0.0039908320698
-0.00251546107655
0.00238483353356
-0.00134408703702
-0.00206878005922
0.000259325231952
-0.000498322964788
-0.0040896439449
-0.00259417864067
0.00230750324253
-0.00142173447592
-0.00214653926329
0.00018166231705
-0.000596347564347
-0.00418750084365
-0.00267190352086
0.00223117273496
-0.00149837860697
-0.00222329391916
0.000105002881805
-0.000693412590999
-0.00428439942544
-0.0027486329728
0.00215584473753
-0.0015740166713
-0.00229904125659
2.93496866557e-05
-0.00341087389749
-0.00438254497563
-0.0028243642774
0.00208152195086
-0.00164864593633
-0.00237377853167
-4.52945342585e-05
-0.00350600977891
-0.0044809162627
-0.00289909474123
0.00200820704902
-0.00172226369624
-0.00528267991246
-0.000118927073546
-0.00360017612419
-0.00457832707158
-0.000739230766208
0.00193590267913
-0.00179486727236
-0.00313345630416
-0.000191545251013
-0.00369336964924
-0.00467477404209
-0.000811951572921
-0.00118782249177
-0.00186645401369
-0.00320514719922
-0.000263146414104
-0.00378558708927
-0.00253511131775
-0.000883663616787
-0.00125809796643
-0.00193702129727
-0.00327581732898
-0.000333727938352
-0.00387682519929
-0.00262962060266
-0.00095436431131
-0.00132735513391
-0.00200656652868
-0.0033454640881
-0.000403287227819
-0.00396708075463
-0.00272315607738
-0.00102405109781
-0.00139559145931
-0.00207508714244
-0.00341408490028
-0.000471821715533
-0.00405635055136
0.000918195233057
-0.00109272144585
-0.00146280443683
-0.00214258060248
-0.0034816772187
-0.000543402302078
-0.00414463140685
0.000826617217188
-0.00116037285366
-0.00152899159024
1.46232861411e-05
-0.00354823852649
-0.000630606128972
-0.00423192016024
0.000736022809967
-0.00122700284854
-0.00161065518145
-5.08083779385e-05
-0.00361376633711
-0.000716815507663
-0.00208960997461
0.00064641523671
-0.00129260898732
-0.00170040033308
-0.000115205460744
-0.00367825819482
-0.000802027330866
-0.00217490513075
0.000557797701486
-0.00201114876798
-0.00620287533632
-0.00440423616422
-0.00498889288489
-0.00456523785498
-0.00506162242991
-0.00566529589806
-0.00212582519323
-0.00410238049507
-0.00452373300202
-0.00511727422526
-0.00469695479097
-0.00519640101678
-0.00581289609215
-0.00223950927155
-0.00423100604702
-0.00464219747747
-0.00524462525376
-0.00482762697202
-0.00533012242931
-0.00595946948808
-0.00235219662635
-0.00026883495714
-0.00475962458039
-0.00537094044414
-0.00495724849746
-0.00546278041396
-0.00610500927471
-0.00246388289395
-0.00039550451601
-0.00487850731014
-0.00549621427594
-0.00508581347011
-0.00559436871809
-0.00624950862917
-0.00257456372427
-0.000521188628859
-0.00499962442385
-0.00562044123544
-0.00521331599714
-0.00572904321165
-0.00639296071783
-0.0026842347815
-0.000645882336389
-0.0051197077603
-0.00713270020032
-0.0053397501911
-0.0058681660067
-0.0043134316505
-0.00279289174477
-0.000769580685443
-0.0052387522004
-0.00502113470487
-0.0054651101708
-0.00600623868985
-0.0044547686685
-0.00067860233069
-0.000892278729716
-0.00535675263592
-0.00514218804521
-0.00558939006235
-0.00614325478218
-0.00459503786503
-0.000785218206488
-0.00101397153047
-0.00129396643969
-0.00526217254291
-0.00571258400012
-0.00628115226814
-0.00473423237329
-0.000902101079605
-0.00113465415727
-0.00140986358901
-0.00538108273106
-0.00583468612771
-0.00642431863611
-0.00487234532076
-0.00101844365506
-0.0012543216887
-0.00152470148259
-0.00549891315483
-0.00595569059904
-0.00656644318411
-0.00500936983031
-0.00113378441428
-0.00137296921315
-0.00163847506403
-0.00561565837245
-0.00608153842862
-0.00448081264545
-0.00514529902123
-0.00124811880875
-0.00149059182952
0.000480066568484
-0.00573131295614
-0.0062180412887
-0.00462083352891
-0.00528012601043
-0.00136144230242
-0.001607184648
0.000368436719415
-0.00584587149307
-0.00635349482879
-0.00475979255429
-0.00541384391352
-0.00147375037244
-0.00172364882676
-0.00150772625503
-0.00178202739555
-0.00648789276707
-0.00489768303036
-0.00554644584599
-0.0015850385098
-0.00184153169923
-0.00161719233831
-0.00189437766519
-0.006621228821
-0.00503449826169
-0.00567792492443
-0.00169530222006
-0.00195838069324
-0.00172857986297
-0.00200851931049
-0.00675349670835
-0.00517023154962
-0.00580827426769
-0.00180453702409
-0.00207419087749
-0.00184762109443
-0.00213601554846
-0.00688469014813
-0.0053048761934
-0.00593748699814
-0.00191273845877
-0.00218895733354
-0.00196559996577
-0.0022624478884
-0.004781090859
-0.00543842549123
-0.00606555624293
-0.00201990207771
-7.81106042853e-05
-0.00209168998207
-0.00238781049813
-0.00491011657087
-0.00557087274138
-0.00619247513521
-0.00599270434708
-0.00436141212862
-0.00434873285287
-0.0063191916081
-0.0061945377413
-0.00610435698079
-0.0046901416227
-0.00433054421842
-0.00434596904922
-0.00433278266431
-0.00630270869988
-0.00617749571065
-0.0060867288769
-0.00466952153878
-0.00431481152229
-0.00432972914074
-0.0043160096384
-0.00628537564899
-0.00615957489741
-0.00606819199128
-0.00464796112515
-0.00429830706795
-0.00431269274774
-0.00789206200723
-0.00626719287418
-0.00614077576429
-0.0060487468359
-0.00462546102013
-0.00428103118393
-0.00429486023149
-0.00787364446364
-0.00624816081447
-0.00612109879636
-0.00602839394742
-0.00460202188927
-0.00426298421391
-0.00427623196988
-0.00785440527641
-0.00622827992904
-0.00610054450093
-0.00456537576106
-0.00457764442521
-0.00424416651669
-0.00425680835744
-0.00632865518454
-0.00620755069719
-0.00607911340752
-0.00454320911463
-0.00455232934761
-0.00422457846618
-0.00423658980522
-0.00630777403173
-0.00618597361831
-0.00605680606779
-0.00452013649232
-0.00452607740301
-0.00420422045131
-0.00421557674085
-0.00628607259339
-0.00616354921177
-0.00603362305547
-0.0044961585287
-0.00449888936477
-0.00418309287603
-0.0041937696084
-0.00626355135851
-0.00614027801692
-0.00600956496625
-0.00447127588261
-0.00447076603291
-0.00416119615927
-0.00417116886837
-0.00624021083418
-0.00611616059297
-0.00598463241778
-0.00444548923707
-0.00785296494222
-0.00413853073489
-0.00414777499767
-0.00621605154546
-0.00609119751895
-0.00595882604951
-0.0044187992992
-0.00782297352933
-0.00411509705162
-0.00773988238179
-0.00619107403537
-0.00606538939364
-0.00453740435418
-0.00439120680011
-0.00779204938178
-0.00409089557304
-0.00625492801879
-0.00616527886483
-0.00603873683549
-0.00450985235163
-0.00436271249479
-0.00776019340512
-0.00406592677755
-0.00622915778051
-0.00613866661257
-0.00601124048257
-0.00448142857787
-0.00433331716204
-0.00772740653094
-0.00404019115827
-0.00620259648193
-0.00611123787507
-0.00598290099245
-0.00445213375886
-0.00430302160433
-0.00769368971679
-0.00401368922304
-0.00617524468109
-0.00608299326652
-0.00595371904218
-0.00442196864198
-0.00427182664773
-0.00765904394597
-0.00398642149434
-0.00614710295208
-0.00605393341872
-0.00592369532813
-0.0043909339959
-0.00423973314176
-0.00640645513986
-0.00395838850928
-0.00611817188499
-0.00602405898105
-0.00454337861434
-0.00435903061052
-0.0042067419593
-0.00636995450812
-0.00246961509258
-0.00608845208585
-0.00599337062035
-0.00451167353905
-0.00432625929686
-0.00770341498912
-0.00633252802298
-0.00244005326419
-0.00605794417655
-0.00596186902089
-0.00447912890458
-0.00429262088693
-0.00766863116515
-0.00629417676948
-0.0027683604189
-0.00259986543386
-0.00434284919465
-0.00433797559082
-0.0083453742047
-0.00587865860251
-0.00435177304932
-0.00275115882359
-0.00258203534741
-0.00432478908246
-0.00431969561313
-0.00832645319787
-0.00585951886541
-0.00433242866826
-0.00273331015582
-0.00256355000481
-0.00430606532517
-0.00430074397426
-0.00830685285938
-0.00583969201075
-0.00431238988724
-0.00271481466549
-0.00254440967152
-0.00428667819862
-0.0042811209602
-0.0082865734919
-0.00415814963879
-0.00429165702965
-0.00269567261143
-0.00664090766515
-0.00665435653036
-0.00426082686692
-0.00826561540838
-0.00413694949941
-0.00427023042985
-0.00267588426135
-0.00662045818386
-0.00663364353123
-0.00423986200034
-0.00824397893208
-0.00411506321414
-0.00424811043317
-0.00265544989185
-0.00659935456372
-0.00661226804796
-0.00421822667628
-0.00660825606936
-0.00409249112813
-0.00422529739586
-0.00263436978841
-0.00657759710709
-0.00659023039468
-0.00419592122044
-0.00658526381816
-0.00406923359708
-0.00420179168511
-0.00261264424533
-0.00655518612551
-0.00656753089509
-0.00417294596842
-0.00656159420525
-0.00404529098722
-0.00417759367894
-0.00259027356575
-0.00653212193965
-0.00654416988238
-0.00250669783846
-0.00653724759473
-0.00402066367531
-0.00415270376627
-0.00256725806162
-0.00650840487935
-0.00652014769919
-0.00248238404015
-0.00651222436081
-0.00399535204862
-0.0041271223468
-0.00254359805365
-0.0064840352835
-0.00649546469764
-0.00245740151136
-0.0064865248878
-0.00396935650484
-0.00410084983102
-0.00251929387134
-0.00645901350012
-0.00487459244295
-0.00243175062687
-0.00646014957013
-0.00394267745209
-0.0079507142974
-0.00249434585289
-0.00643333988626
-0.00484858889869
-0.00240543177122
-0.00643309881225
-0.00391531530891
-0.00792306086346
-0.00246875434523
-0.006407014808
-0.00482192564885
-0.00237844533865
-0.00640537302865
-0.00388727050417
-0.00789471762907
-0.00462405342807
-0.00480393909567
-0.00479460308308
-0.00235079173308
-0.00637697264381
-0.00385854347709
-0.00786568504752
-0.00459717601754
-0.00477631222286
-0.00476662160036
-0.00638714492594
-0.00634789809217
-0.00382913467717
-0.00783596358273
-0.00456965621064
-0.00474803503784
-0.00473798160895
-0.00635815822466
-0.00631814981808
-0.00379904456418
-0.00780555370918
-0.00296539484416
-0.00471910794255
-0.00470868352635
-0.0063285056199
-0.0062877282758
-0.0037682736081
-0.0063095376561
-0.00715241488418
-0.00468953134781
-0.00467872777932
-0.00629818755396
-0.00625663392944
-0.00373682228911
-0.00627775243061
-0.00712297021176
-0.00465930567335
-0.0046481148038
-0.0062672044787
-0.00622486725295
-0.00370469109753
-0.0062452802829
