0.0029949876565
0.000952195123843
-0.00116777335808
0.00303125980747
0.00108577120991
-0.000818320198486
-0.00267515073409
0.00297186929529
0.000929166439076
-0.00123508991614
-0.000663911726509
0.00102470856214
-0.00086345971065
-0.00271995504692
0.00294963775406
0.000883655945466
-0.00130156560054
-0.000730015941599
0.000964484207596
-0.000907750767839
-0.00276889458255
0.0029282936192
0.000817770366982
-0.0013671987604
-0.000795281867205
0.000905099618826
-0.000951192282182
-0.00282123663949
0.00290783745421
0.000752731871822
-0.00143198776149
-0.000859707895492
0.000846556251217
-0.00100610007397
-0.000650817216628
0.00288826979958
0.000688542095462
-0.00149593098649
-0.000923292435284
0.000788855542835
-0.00106336593686
-0.000701485443161
0.00285575047637
0.000625202656169
-0.00155902683512
-0.000986033912243
0.000731998914254
0.00110213250698
-0.000751314913669
0.00279313568566
0.000562715154806
-0.00162127372433
-0.00104793076905
0.000675987768393
0.00104654439881
-0.00080030442476
-0.00110871284447
0.000501081174644
-0.00168267008855
-0.00110898146561
0.0028427496058
0.000991797208774
-0.000848452791082
-0.00116961585059
0.000440302281173
-0.00174321437978
-0.00116918447917
0.0027884335627
0.000937892273917
-0.000895758845461
-0.00122966062027
0.000380380021919
-0.00180290506785
-0.00122853830458
0.00273496710349
0.000884830913485
-0.000942221439037
-0.00128884561499
0.000321315926248
-0.00186174064057
0.000935902596606
0.00268235155886
0.000832614428768
-0.000987839441401
-0.00134716931467
0.000263111505195
-0.0019197196039
0.000878251591852
0.00262807646708
0.000781244102954
-0.00103261174072
-0.00140463021786
0.00020576825127
0.000246103568843
0.000821454183597
0.00257169847299
0.000730721200972
-0.00107653724389
-0.00146122684188
0.000149287638282
0.00018984223278
0.000765511804991
-0.00110755712922
0.000681046969345
-0.00111961487664
-0.00151695772304
9.36711211586e-05
0.00013444187739
0.000710425870749
-0.00116223539978
0.000632222636043
-0.00116184358365
-0.00157182141681
0.00226633174119
7.99039222564e-05
0.000656197776976
-0.0012160617504
0.000584249410333
-0.00120322232874
-0.001625816498
0.00221244770416
2.62297679121e-05
0.000602828901005
-0.00126903483344
0.000537128482642
-0.00124375009491
0.000556028658514
0.00215943201271
-2.65792043283e-05
0.000550320601222
-0.00132115331988
0.000490861024406
-0.00128342588453
0.000503774999853
0.00210728604448
-7.85216325409e-05
0.000498674216909
-0.00137241589943
0.000445448187934
-0.0013222487194
0.000452394111584
0.00205601115735
-0.000129596174359
0.000447891068074
-0.00142282128072
0.000400891106269
-0.00136021764093
-0.00107425065728
0.000136659082511
0.000960720588855
-0.00447518679196
-0.00125539437375
-8.78778223301e-05
-0.00218564374746
-0.00112483426719
7.17564566817e-05
0.000894290688065
-0.00454310177666
-0.00132473336558
-0.000158559160341
-0.00225756397734
-0.00117451486998
7.75803371024e-06
0.000828784148688
-0.00238692876459
-0.00139311291605
-0.000228264596243
-0.00232849322099
-0.00122329107507
-5.53343554206e-05
0.000764202929756
-0.00245295796295
-0.00146053080688
-0.000296991785262
-0.00525356507217
-0.00127116151445
-0.000117518900807
0.000700548968058
-0.00251804115828
-0.00152698484432
-0.000364738408174
-0.00310057792671
-0.0013181248428
-0.000178793813868
0.000637824177868
-0.00258217630883
-0.00159247285943
-0.000431502171662
-0.00316851952537
-0.00136417973771
-0.000239157327586
-0.00243078080305
-0.00264536139683
-0.00165699270844
-0.000497280808678
-0.00323546043664
-0.00140932489987
-0.000298607696751
-0.000259569655235
-0.0027075944288
-0.00172054227305
-0.000562072078803
-0.00330139830347
-0.00145355905321
-0.000357143198192
-0.000319495674451
-0.00276887343585
-0.00178311946078
-0.000625873768601
-0.00336633079691
-0.0014968809451
-0.00041476213102
-0.000378485095586
-0.00282919647396
-0.00184472220529
0.00153324521745
-0.00343025561646
-0.00153928934652
-0.000471462816857
-0.00043653612095
-0.00288856162427
-0.00190534846668
0.00147142921892
-0.00349730674899
-0.00159119025292
-0.00052724360007
-0.000493646976957
-0.00294696699338
-0.00196499623184
0.0014106092756
-0.00357442678698
-0.00166699478539
0.00164996909558
-0.00054981591438
-0.00300441071364
-0.00202366351473
0.00135078748949
-0.00365055692618
-0.00174192410104
0.00159603299239
-0.000605041208608
-0.00306089094338
-0.00208134835672
0.00129196593386
-0.00372569450163
-0.00181597615461
0.00154302161996
-0.000659321159895
-0.00311640586728
-0.00213804882688
0.00123414665292
-0.00379983687375
-0.00188914891854
0.00149093654068
-0.000712654093613
-0.00317095369657
2.81658871095e-05
0.00117733166148
-0.00387298142869
-0.00196144038316
0.00143039938737
-0.000765038360493
-0.00322453266935
-2.65601590025e-05
-0.00173361125197
-0.00394512557884
-0.00203284855703
0.0013574874619
-0.000816472336876
-0.00327714105083
-8.02962098274e-05
-0.00178841173925
-0.00401626676319
0.000131652769009
-0.00185074414472
-0.000866954424948
-0.00332877713363
-0.000133040448315
-0.00184220207232
-0.00408640244778
6.20170770132e-05
-0.0019218507182
-0.000916483052982
-0.00337943923801
-0.000184791086625
-0.00189498035726
-0.00415553012608
-6.72946148571e-06
-0.00199205152235
-0.000965056675571
-0.00120610343005
-0.000235546366417
-0.00194674473118
-0.00422364731946
-0.00567521403886
-0.00473095115335
-0.00371196547999
-0.00521559835147
-0.00404061422801
-0.00511432416501
-0.00407511482279
-0.00585438228794
-0.00495066924014
-0.00619260092302
-0.00512432942254
-0.00412084088914
-0.00611307100493
-0.00498989503543
-0.00599611661951
-0.0049839637537
-0.00701840747816
-0.00597020061324
-0.00706153968126
-0.00583154464095
-0.00479657172991
-0.00588730557169
-0.00530885594117
-0.0065278802255
-0.00543568099427
-0.00426313072738
-0.00534716832492
-0.00493105883447
-0.0060608565164
-0.00511558527791
-0.00635979837891
-0.0052937115771
-0.00721906574195
-0.00618591864533
-0.00506368211764
-0.00607078555107
-0.00586057760315
-0.00707453410728
-0.0060403881186
-0.00713269035758
-0.0059116830483
-0.00797964181356
-0.00643872425518
-0.00550143249502
-0.00672285914329
-0.00563296422259
-0.00669604438903
-0.00616999750586
-0.00514333521103
-0.00627172415077
-0.00525603874249
-0.00729830257242
-0.00623832056426
-0.00731269060111
-0.00623273790334
-0.00733303026271
-0.00255825819446
-0.00147095113983
-0.00271640434248
-0.00168287220215
-0.00282090471167
-0.00253559924322
-0.00373367998844
-0.00660668868223
-0.00567160146778
-0.00689515889227
-0.00580730805792
-0.00747877233344
-0.00635616800888
-0.00314330331911
-0.00204407975066
-0.00178018812613
-0.0030159616527
-0.00195752574368
-0.00303336112233
-0.00185365497643
-0.0037935299238
-0.00257952658427
-0.00367599076121
-0.00273060375391
-0.00177850031218
-0.00381414881907
-0.00269168925453
-0.00385864242415
-0.00230746875075
-0.00137482001062
-0.0032280898851
-0.00214939469366
-0.0032161116798
-0.00210374143523
-0.00330802553833
-0.00301320181701
-0.00416689693522
-0.0031084412915
-0.00205122453445
-0.00312821618729
-0.00273158652346
-0.00378811976393
-0.00257405160733
-0.00370693783929
-0.00367277090377
-0.00274174205124
-0.00393994903201
-0.00281926138304
-0.00395455215341
-0.00248659080443
-0.00435400058201
-0.00335468544258
-0.0022775015291
-0.0033456561808
-0.00224268271131
-0.00425120541933
-0.00315294782741
-0.00430710226352
-0.00317583242494
-0.00434143274795
-0.00403665596627
-0.00280259809701
-0.00375628783591
-0.00258832802474
-0.00473756163641
-0.00378436433837
-0.00505975596193
-0.00403748549763
-0.00292422012144
-0.00486061297073
-0.00329250224805
-0.00445631001609
-0.00345828681405
-0.00460851188152
-0.00345167678365
-0.00316027706286
-0.00436786554247
-0.00327104089895
-0.0044226129756
-0.00411104799806
-0.00525254102339
-0.00415694991837
-0.00297136314997
-0.00391441920458
-0.00364335737902
-0.00490208513372
-0.00395145309383
-0.00513345637194
-0.00413366620829
-0.00609862866274
-0.00490161487924
-0.00345508985584
-0.00453583744386
-0.00353882038667
-0.00469001103086
-0.00433241687678
-0.00547350229488
-0.00446034884055
-0.00336466279468
-0.00535265052583
-0.00420285897454
-0.00539190153347
-0.00429811775819
-0.0053361647665
-0.00489819395344
-0.00383274744278
-0.00503966063579
-0.00409118171954
-0.00611172275467
-0.00505616494315
-0.00618301909975
-0.00498713255725
-0.00359527230598
-0.00465012753719
-0.00439030508175
-0.00554218503329
-0.00439117038263
-0.0055408555258
-0.00452858275323
-0.00427305453517
-0.00541850752116
-0.00434406484489
-0.00550587149233
-0.00441357010847
-0.0062923281826
-0.00501634727048
-0.0062175597175
-0.00515075971457
-0.00504272138899
-0.00622560827494
-0.00511089038668
-0.00623853820459
-0.005043394618
-0.00593943763067
-0.00555878483345
-0.00442454711566
-0.00557683861009
-0.00442621554865
-0.00558421865075
-0.00541182612035
-0.00653945952164
-0.00546340267045
-0.00446330562251
-0.0064388686906
-0.00534251673322
-0.0063830506247
-0.00510808343095
-0.00635378296609
-0.00612820947567
-0.00734926721243
-0.00631147303148
-0.00517715411254
-0.00626512406742
-0.00592600508406
-0.00681976733655
-0.0056549117169
-0.00443559831077
-0.00558802268876
-0.00443752607011
-0.00644287274795
-0.00543141914922
-0.00655929466326
-0.00555618904548
-0.00761860437613
-0.0065341505999
-0.00540625232408
-0.00644756151855
-0.00521401429077
-0.00730252879339
-0.00183934808197
-0.00300634198849
-0.00196939143097
-0.00305780418753
-0.00274267733559
-0.00154350411669
-0.00689222367645
-0.00572815036151
-0.00670474467468
-0.00641504533927
-0.0052644078726
-0.00643817407871
-0.00542665891627
-0.00655447559808
-0.00206353503867
-0.00328757414733
-0.00220401280757
-0.0032661213427
-0.00208596547048
-0.00173481245259
-0.00298523311591
-0.00192304722356
-0.00303549018828
-0.00288323924353
-0.00397206124708
-0.00273379093188
-0.00373802889077
-0.00254206952764
-0.00137860679642
-0.0031950244099
-0.00197944602569
-0.00305032963931
-0.00200960369095
-0.000997714052664
-0.00302148391519
-0.00210643123774
-0.00333106230425
-0.00224806634667
-0.00331316047255
-0.00304400264509
-0.00406532907039
-0.00304078936366
-0.00197938918622
-0.00393421294398
-0.0028846168512
-0.00397345792106
-0.00273520537221
-0.00367695999392
-0.00264211789752
-0.00224524709142
-0.00322262406665
-0.00196388293717
-0.00314508457495
-0.00202308884683
-0.00400552394546
-0.00303911478959
-0.0021243183943
-0.00334919646989
-0.00310607309968
-0.00424498085102
-0.00313738972715
-0.0041598480158
-0.00306931390781
-0.00512391381063
-0.00396352243561
-0.0028577893633
-0.00394625925731
-0.00270766084432
-0.00464967548723
-0.00358721041107
-0.00234843552824
-0.00324858944022
-0.00215183360226
-0.00333538395616
-0.00305494136066
-0.00407281889775
-0.00303208024416
-0.00433911421739
-0.00418199729037
-0.00310712105527
-0.00431119848582
-0.003204473383
-0.00422774629307
-0.00396444160686
-0.00512539957433
-0.00396502778091
-0.00280278521121
-0.00495616818961
-0.00370988209459
-0.00459255394709
-0.00367028604165
-0.00465427557746
-0.00333328225273
-0.00315591448792
-0.00434153159443
-0.00322374736763
-0.00424348785701
-0.00300038598321
-0.00514754507302
-0.00414939857549
-0.00536908635284
-0.00435139026496
-0.00324519146745
-0.0051674966954
-0.00393884566338
-0.00509944123529
-0.00393872742841
-0.00601888768997
-0.00487189872049
-0.0036245441246
-0.0045062373458
-0.00378190634954
-0.00476378308588
-0.0042798542438
-0.00551930739706
-0.00448477584559
-0.00336869033572
-0.00439003590378
-0.00394269819122
-0.00509039905243
-0.0040931296478
-0.00538302135471
-0.0052690386893
-0.00638518677502
-0.00518198555959
-0.00388621373289
-0.00504606484058
-0.00495730203706
-0.00592422810422
-0.0047592154323
-0.005743849672
-0.00439082375619
-0.00387858490117
-0.00570074933259
-0.0043784160391
-0.00563736420716
-0.00460432246326
-0.00571158478866
-0.00535367194068
-0.00406626502
-0.00500830939446
-0.00408151980657
-0.00627983680562
-0.00525709321593
-0.00637308477301
-0.00516973630842
-0.00387105136668
-0.00604495488359
-0.00487550005979
-0.00584143867937
-0.00461823976932
-0.00560109686872
-0.00558210548455
-0.00479179152987
-0.00577538838074
-0.00446318740321
-0.00573192673399
-0.00554239617478
-0.00665079997365
-0.00545165072511
-0.00638792369197
-0.00501130153398
-0.00495317393702
-0.00624235020607
-0.00521908353895
-0.00633457732652
-0.00513076061213
-0.00714506153507
-0.00593692988514
-0.000472632934404
-0.00143725363687
-0.00158086709535
-0.00256160080192
-0.00120518785014
-0.00712052306626
-0.00587045682218
-0.00453677245029
-0.00664649454081
-0.00561429393278
-0.00672355633381
-0.00552521855428
-0.00646224965563
-0.00600009235945
-0.000532059833
-0.00182032008909
-0.000794228548489
-0.0019088846939
-0.00186006253978
-0.00278709280681
-0.00150924943634
-0.00257028231872
-0.002723641358
-0.00138378829736
-0.00236205914911
-0.00100339166494
-0.00722471685112
-0.00597569276797
-0.00332087471036
-0.00230359020997
-0.00127076508795
-0.00238060123586
-0.001181533545
-0.00307609092891
-0.00169332252696
-0.0026742500892
-0.00173154374508
-0.00186762338392
-0.00298110430968
-0.0017677704599
-0.0026937751702
-0.00134700465733
-0.00382982195947
-0.00255731807805
-0.00341687570765
-0.00213443155941
-0.000773206406688
-0.00147051646495
0.00017901717713
0.000573519121821
0.00138201567366
-0.000397465132241
0.00140938695789
-0.000333130187093
-0.00152913222142
0.000120746505805
0.000515679166312
0.00134999127132
-0.000429239665191
0.0013779040271
-0.000364283386446
-0.00158694240728
0.00228520407477
0.000458634931983
0.00131877749049
-0.000460209762813
0.00134721830815
-0.000394647547291
-0.00164394572169
0.00222853706902
0.000402387669919
0.00128837502292
-0.000490374749303
0.00131733045851
-0.000424222032453
0.000524436711583
-0.00145105670432
0.000346938616293
0.00125878454316
-0.0005197339657
0.00128824111928
-0.000453006220671
0.000469050980785
-0.00150611499116
0.00029228899224
0.00123000670843
-0.000548286769953
0.00125995091507
-0.000480999506658
0.000414475930924
-0.00156036706194
0.000238440003728
0.00120204215863
-0.000576032536992
0.00123246045397
-0.000508201301167
0.000360712800368
-0.00161381169965
0.00018539284143
0.00115916105035
-0.000602970658796
0.00120577032746
-0.000562820238132
0.00030776281153
-0.00166644770301
0.000133148680601
0.00110738127943
-0.000629100544458
0.00117988111036
0.00158730356492
0.000255627170732
-0.00171827388657
8.17086809488e-05
0.00105639895266
-0.000654421620248
0.00115479336078
0.00150311390505
0.000204307068077
-0.00176928908087
3.10739865157e-05
0.00100621518443
-0.000678933329679
-0.000125943390684
0.00141966181756
0.00015380367732
-0.00181949213255
-1.87542744467e-05
0.000956831073673
-0.000702635133564
-0.000149426598132
0.00133694894634
0.000104118155731
-0.00186888190444
-6.77749895974e-05
0.000908247703799
-0.000725526510077
-0.000172106764694
0.00125497692552
5.52516439799e-05
-0.00191745727578
-0.000115987062626
0.000860466142557
0.00147577295519
-0.000193983399739
0.00117374737935
7.20526599887e-06
-0.00196521714222
-0.000163389413369
0.000813487441928
0.00145450392918
-0.000215249973821
0.00109326192206
-4.00198711348e-05
-0.00201216041605
-0.000209980977929
0.00298923968479
0.0014340467913
-0.000295521209392
0.00101352215771
-8.64226773245e-05
-0.00205828602623
-0.000255760708788
0.00294386979769
0.00141440199339
-0.0003750409317
0.000934529680047
-0.000132002079576
-0.0021035929186
-0.00170252916853
0.00289930583141
0.00139556996966
-0.000453807527149
0.000856286072368
-0.000176757022116
-0.0021480800559
-0.00174668215552
0.00285554877376
0.00135443760806
-0.000531819392864
0.000778792907369
-0.000220686466512
-0.00219174641795
-0.00179002026568
0.00281259959622
0.00131193295809
-0.000609074936845
0.000702051747006
-0.000263789391789
-1.26648862998e-05
-0.00183254251812
0.00277045925384
0.00127022910702
-0.00068557257811
0.000626064142352
-0.00050213107927
-0.00251389807035
0.000693399816995
-0.0016262157866
-0.000379701592281
-0.00533594833723
-0.00199968392498
-0.000567565700744
-0.00258057760032
0.000625519882474
-0.00169523891581
-0.000449797320952
-0.00317622788807
-0.00205825419308
-0.00063220434522
-0.00264644753773
0.000558462587425
-0.00176342705653
-0.000519046543369
-0.0032464547941
-0.00211593805433
-0.00069604557854
-0.00271150636774
0.000492229527152
-0.00183077853439
-0.000587447508762
-0.00331582281871
-0.0021727339372
-0.000759087980855
-0.000553679326024
0.000426822281399
-0.00189729169116
-0.000654998483063
-0.00338433015606
-0.0022286402907
-0.000821330146773
-0.000617111456628
0.00036224241418
-0.00196296488494
-0.000721697749111
-0.00345197501775
-0.00228365558459
-0.000882770685504
-0.000679728025594
0.000298491473602
-0.00202779649036
-0.00137434760938
-0.00351875563303
-0.00233777830962
-0.00094340822101
-0.000741527578809
0.000235570991689
-0.00209178489877
-0.00143933837608
-0.00358467024902
-0.00239100697769
-0.00101481188442
-0.000802508677744
0.000173482484214
-0.0021549285184
-0.00150347238651
-0.00364971713089
-0.00244334012203
-0.00175877012853
-0.000862669899605
0.000112227450525
-0.00221722577458
-0.00156674799314
-0.00371389456215
-0.002513773698
-0.00185100332465
-0.000922009837498
5.18073733766e-05
-0.00227867510991
-0.00162916356638
-0.00377720084477
-0.00260317850878
-0.00194247511809
-0.000980527100578
-7.77628124222e-06
-0.000116499502793
-0.00169071749471
-0.00383963429946
-0.00269173865201
-0.00203318355504
-0.0010382203142
-6.65220642729e-05
-0.000176248394195
-0.00175140818494
-0.00390119326586
-0.00277945181417
-0.00212312669139
-0.0010950881201
-0.000124428543755
-0.00023514479797
-0.00181123406236
-0.00397717857314
-0.00286631569554
-0.00221230259289
-0.00115112917648
-0.000181494304992
-0.000293187227606
-0.00187019357094
-0.00406190383706
-0.000717646501018
-0.00230070933537
-0.00120634215825
-0.000237717950713
-0.000350374214763
-0.00192828517356
-0.00414578583544
-0.000802804978121
-0.00238834500488
-0.0012607257571
-0.000293098101238
-0.000406704309447
-0.00198550735214
-0.00422882240585
-0.000887107360649
-0.00247520769791
-0.00131427868168
0.00187429458346
-0.000462176080185
-0.00204185860786
-0.00431101140039
-0.000970551406681
-0.00256129552155
-0.00136699965775
0.0018206054912
-0.00336963498253
-0.00209733746136
-0.00439235068587
-0.00105313488941
-0.00264660659365
-0.00144268402238
0.00176776392604
-0.00342338588591
-0.00215194245289
-0.00224226004198
-0.0011348555974
-0.00273113904306
-0.00152856572776
0.00171577119571
-0.00347627428377
-0.00220567214253
-0.00232189357015
-0.00121571133486
-0.00513780954284
-0.0055373961003
-0.00511350631027
-0.0056288385633
-0.0063985044205
-0.00283085633913
-0.00657509646348
-0.00500103005467
-0.00539841875917
-0.00498559329288
-0.00548863028161
-0.00625554985691
-0.00492038856497
-0.00642714003693
-0.00486354802416
-0.00525873370179
-0.00485693056457
-0.00534769267655
-0.00611185996888
-0.00477409825879
-0.00627843859716
-0.00472536630289
-0.00511834389333
-0.00472752106764
-0.00520602894067
-0.00596743810187
-0.00462707089077
-0.00612899577368
-0.0045864877414
-0.00719440910979
-0.00459736774593
-0.00506364226421
-0.00582228759797
-0.00447930994842
-0.0059788151904
-0.00444691518902
-0.00705261868763
-0.00446647354464
-0.00492053583489
-0.00567641179567
-0.00433081891455
-0.00582790046535
-0.00430665149371
-0.00691067482901
-0.00433484141004
-0.00477671283769
-0.00776449088245
-0.00507190280748
-0.00567625521048
-0.00416569950184
-0.00678054366717
-0.00420247428932
-0.00463217645462
-0.00761717448324
-0.00492196201886
-0.00552388303137
-0.00402406205803
-0.00664968695594
-0.00406937513028
-0.00448692986455
-0.00746914277718
-0.0047713015564
-0.00537078752705
-0.00388174200496
-0.00776737617103
-0.00393554688118
-0.00434097624294
-0.0073203990861
-0.00461992488165
-0.00521697228972
-0.00600211215323
-0.00763507683591
-0.00380099249047
-0.00419431876168
-0.00717094672709
-0.00446783545031
-0.00506244090457
-0.00585843540109
-0.00750206042774
-0.00366571490661
-0.00404696058887
-0.00702078901237
-0.00431503671199
-0.00490719694954
-0.00571408455438
-0.00736832977306
-0.00352971707782
-0.00612838309886
-0.00686992924899
-0.00416153211002
-0.00475124399512
-0.00556906244634
-0.00723388769868
-0.00339300195189
-0.00597963303117
-0.00671837073871
-0.00400732508122
-0.00459458560411
-0.00542337190736
-0.00709873703138
-0.00325557247598
-0.00583019175156
-0.00656611677775
-0.00385241905572
-0.0066723529444
-0.00527701576492
-0.0069628805978
-0.00311743159639
-0.00568006241105
-0.00641317065662
-0.00369681745673
-0.00651429433694
-0.00512999684338
-0.0068263212242
-0.00297858225836
-0.00552924815591
-0.00625953565992
-0.00354052370038
-0.00635554093327
-0.00498231796379
-0.00668906173626
-0.00506281337251
-0.00537775212745
-0.00610521506616
-0.00338354119551
-0.00619609626348
-0.00483398194381
-0.00655110495894
-0.00492255594811
-0.00522557746191
-0.00595021214755
-0.00322587334349
-0.00603596384903
-0.0046849915975
-0.00641245371623
-0.00478159889268
-0.00507272729021
-0.00686983800849
-0.00530149537967
-0.00587514720253
-0.00453534973517
-0.006273110831
-0.00463994514527
-0.00491920473783
-0.00671348023087
-0.00514246700664
-0.00571364982756
-0.00530892083749
-0.00437001647831
-0.00635849502224
-0.00433110477802
-0.00552657210215
-0.00764292723184
-0.00542946874292
-0.00517436188528
-0.00423335618262
-0.00621458453827
-0.00418779132508
-0.00538408690636
-0.00750648037832
-0.0052937285252
-0.00663088883997
-0.00409601412795
-0.0060700153696
-0.00404382028552
-0.00524094568094
-0.00736936497876
-0.00515732141846
-0.00649495139432
-0.0039579929958
-0.00592479022819
-0.00548895732271
-0.00509715107393
-0.00723158360543
-0.0050202499622
-0.00635832873368
-0.00381929546676
-0.00577891182333
-0.00534367916278
-0.00495270573113
-0.00709313882983
-0.00488251669535
-0.00622102354518
-0.00367992422039
-0.0056348974732
-0.00698098366862
-0.00480761229593
-0.00695403322253
-0.00474412415606
-0.00608303851526
-0.00353988193502
-0.00549564377978
-0.0068344091082
-0.00466187340921
-0.006814269353
-0.00460507488157
-0.00594437632949
-0.00339917128758
-0.00535572339337
-0.00668719036046
-0.00452076362686
-0.00667384978948
-0.00446537140809
-0.00580503967236
-0.00325779495347
-0.00521513895286
-0.00653933009664
-0.00439319031419
-0.00653277709882
-0.00630782717766
-0.00566503122715
-0.00311575560639
-0.00507389309564
-0.00639083098476
-0.00426492938399
-0.00639105384633
-0.00616682290981
-0.00552435367577
-0.00297305591817
-0.00671522066209
-0.00624169568952
-0.00413598330099
-0.00624868259564
-0.00602517204376
-0.00538300969859
-0.00282979738455
-0.00657265987695
-0.00609192687213
-0.00400635453123
-0.00610566590857
-0.00588287711003
-0.00524100197426
-0.00268850084558
-0.00642944557687
-0.00594152719019
-0.00387604554192
-0.00596200634497
-0.00573994063737
-0.00509833317959
-0.00254654463592
-0.00628558039179
-0.00579049929757
-0.00374505880121
-0.00777219771279
-0.00559636515262
-0.00495500598937
-0.00240393139813
-0.00786950013374
-0.00565531748967
-0.00361339677809
-0.00762726006711
-0.00545215318059
-0.00481102307622
-0.00408504925939
-0.00772434105938
-0.00552239488039
-0.00348106194221
-0.00748168721126
-0.00693732477779
-0.00466638711045
-0.00394112988513
-0.00757853897586
-0.00538880041033
-0.0033480567637
-0.00733548169588
-0.00679184739674
-0.0045211007599
-0.00379656139813
-0.00743209650329
-0.00525453657752
-0.00321438371305
-0.00718864606893
-0.0066457410892
-0.00437516668979
-0.00365134643224
-0.00728501625903
-0.00511960588006
-0.00508023557857
-0.00704776466058
-0.00649900837046
-0.00422858756259
-0.00350548761876
-0.00713730085747
-0.00498401081593
-0.00494523419571
-0.00691356138702
-0.00635165175312
-0.00587297083243
-0.0033589875863
-0.00698895290993
-0.00484775388285
-0.0048095723527
-0.006778699578
-0.00620367374697
