0.000151842190514
-0.00470388566993
-0.00293110797524
-0.00117793644862
-0.00425513458201
-0.00371614054321
-0.00188433609501
5.70567313855e-05
-0.00480029735519
-0.00302769326878
-0.00127442331859
-0.0043512534756
-0.00274104409359
-0.0019789530304
-3.67395671989e-05
-0.00489571955108
-0.00312328769641
-0.00136992010279
-0.00444638520633
-0.00283555245959
-0.00207259483456
-0.00012954330303
-0.00499014878069
-0.00321788776378
-0.00146442331676
-0.00454052632659
-0.00292907529149
-0.00216525820789
-0.000221351094529
-0.00508358158724
-0.00331148999669
-0.00155792949617
-0.00463367340883
-0.00302160922403
-0.00225693987062
-0.000312159581275
-0.0051760145346
-0.00340409094164
-0.00165043519738
-0.00472582304613
-0.00311315091245
-0.00234763656328
-0.000401965424537
-0.00526744420785
-0.00349568716637
-0.00174193699798
-0.00481697185269
-0.00320369703299
-0.00243734504721
-0.000490765307804
-0.00535786721383
-0.00358627526041
-0.00183243149729
-0.00490711646443
-0.00329324428342
-0.00252606210505
3.39348731363e-05
-0.00486701778892
-0.00367585183563
-0.001921915317
-0.00499625353945
-0.00338178938354
-0.00261378454124
-5.28432321494e-05
-0.00495541737058
-0.00317088537527
-0.00140480936128
-0.00508437975863
-0.00346932907576
-0.00270050918254
-0.000138605566552
-0.00504280024142
-0.00325842884056
-0.00149226177874
-0.00458987715299
-0.00355586012556
-0.00278623287852
-0.000223348907768
-0.00512916310072
-0.00334495076215
-0.0015786935209
-0.0046759717968
-0.00305240626924
-0.00228197944926
-0.000307070058378
-0.00521450267222
-0.00343044784678
-0.00166410130417
-0.00476104576929
-0.00313691042564
-0.00236569189706
-0.000389765846381
-0.00529881570472
-0.00351491682624
-0.00174848186998
-0.00484509584774
-0.00322039637989
-0.00244839409012
-0.000471433125728
-0.00538209897255
-0.00359835445798
-0.00183183198535
-0.00492811883488
-0.00330286099508
-0.0025300829743
-0.000552068776855
-0.00546434927618
-0.00368075752563
-0.00191414844348
-0.00501011155941
-0.00338430116003
-0.00261075552075
-0.000631669707213
-0.00554556344273
-0.00376212283958
-0.00199542806423
-0.00509107087659
-0.00346471378979
-0.00269040872646
-0.000710232851803
-0.00107597981774
-0.00384244723748
-0.00207566769474
-0.000350056377931
-0.00354409582617
-0.00276903961474
-0.000787755173704
-0.00115511230088
-0.00392172758486
-0.00215486420991
-0.000428939554919
-0.00362244423826
-0.00284664523573
-0.000864233664601
-0.00123319929375
-0.0039999607756
-0.002233014513
-0.000506780054815
-0.00369975602295
-0.0029232226669
-0.000939665345318
-0.00131023773555
-0.00407714373254
-0.00231011553613
-0.000583574844346
-0.00377602820544
-0.00299876901353
-0.00158675872768
-0.0037650268108
-0.00513796969363
-0.00143856515443
-0.00297695508744
-0.00462913502694
-0.00315812937329
-0.00169464907978
-0.00387612456026
-0.00525215542226
-0.00155938748471
-0.00310185037367
-0.00475797212929
-0.00329068255757
-0.00180149942069
-0.00398616084292
-0.00536525981515
-0.00167912244524
-0.00322563635528
-0.00488568009744
-0.0019031854482
-0.000928938847747
-0.00409513086218
-0.00547727770896
-0.00179776439372
-0.00334830687902
-0.00501225226377
-0.00203343840745
-0.00103369589221
-0.00420302983942
-0.00558820395755
-0.00191530770083
-0.00346985580207
-0.00513768196806
-0.00216253050388
-0.00113739968908
-0.00430985301481
-0.00569803343281
-0.00203174675116
-0.00359027699323
-0.00526196255873
-0.00229045457712
-0.00124004586518
-0.00343722917631
-0.00580676102568
-0.00214707594428
-0.00370956433403
-0.00538508739413
-0.00241720347336
-0.00134163006804
-0.00354188654787
-0.00591438164703
-0.00226128969573
-0.00382771171992
-0.00550704984379
-0.00254277004676
-0.00144214796667
-0.00364545395927
-0.00503464849311
-0.00237438243811
-0.00394471306139
-0.00562784328975
-0.00266714716093
-0.00154159525236
-0.00374792673432
-0.00514003998862
-0.00248634862207
-0.00406056228518
-0.00574746112787
-0.00279032769033
-0.00163996763937
-0.0032329090305
-0.0052443093745
-0.00259718271739
-0.00417525333549
-0.00586589676917
-0.00291230452176
-0.0017372608658
-0.00333317859741
-0.00534745165102
-0.00164292047237
-0.00428878017519
-0.00598314364121
-0.00303307055589
-0.00183347069427
-0.00343233964126
-0.00544946184324
-0.00175147388175
-0.00440113678703
-0.00609919518941
-0.00315261870874
-0.00192859291278
-0.00353038758334
-0.00555033500198
-0.00185887873747
-0.00451231717488
-0.0062140448785
-0.00327094191323
-0.00202262333543
-0.00362731787153
-0.00565006620481
-0.00196512959671
-0.00354719099695
-0.0063276861939
-0.00338803312077
-0.00211555780322
-0.00372312598115
-0.00574865055706
-0.0020702210412
-0.00365600103927
-0.00644011264314
-0.0035038853028
-0.00220739218487
-0.00381780741588
-0.00584608319281
-0.0021741476784
-0.00376361700861
-0.00655131775732
-0.00356715788346
-0.00229812237756
-0.00391135770864
-0.00594235927591
-0.0022769041426
-0.00387003300599
-0.00557986473933
-0.00368051101711
-0.00238774430774
-0.00400377242249
-0.00603747400098
-0.00237848509604
-0.00397524315997
-0.0056886078782
-0.0037926041761
-0.00247625393194
-0.00409504715155
-0.00613142259443
-0.0024788852301
-0.0040792416279
-0.00579611043129
-0.00273963576924
-0.00190435933034
-0.00418517752188
-0.00622420031547
-0.00257809926637
-0.00418202259727
-0.00590236603862
-0.00284918821087
-0.00408855768644
-0.00363900462874
-0.0053551907176
-0.00653955093148
-0.0081095602463
-0.00736488480947
-0.00653636872061
-0.00834891654517
-0.00794211169478
-0.00566900959651
-0.00510751222116
-0.00446016377685
-0.00601814163599
-0.00528368104013
-0.00671515778396
-0.0060136115262
-0.0074433707008
-0.00867993326074
-0.00391902406737
-0.00559773834719
-0.00507673245283
-0.00840911361515
-0.00371903633213
-0.0054368032952
-0.00485156440658
-0.00642313480439
-0.00568339876632
-0.00485996644699
-0.00850846765711
-0.00810544886442
-0.0098625465862
-0.0052784514031
-0.00463486949041
-0.00617846217468
-0.00544748746649
-0.00685092092123
-0.00614799096544
-0.00536745168351
-0.00682426356442
-0.00593717740204
-0.00348915093752
-0.00294498378561
-0.00853645321752
-0.00801987570523
-0.00549257463471
-0.00490841398575
-0.00424925580927
-0.00574236940625
-0.00506292329643
-0.00687557311146
-0.00647945555763
-0.00823969615462
-0.00768849680728
-0.00477869004526
-0.00630715768184
-0.00557899310603
-0.00698516327239
-0.00633199739809
-0.00566594152058
-0.00712967459238
-0.00624927234549
-0.00757066959456
-0.00308103678625
-0.00714852893656
-0.00812440168599
-0.00976944834777
-0.00493887254238
-0.00428028751392
-0.00580458137856
-0.00526014362908
-0.00697847402474
-0.00658481515773
-0.00611645534976
-0.0077987968428
-0.00716432691043
-0.00455943678099
-0.00380684863022
-0.00528206075053
-0.0065903985721
-0.00593067067105
-0.00740059802199
-0.00652618138147
-0.00776477859302
-0.00717254577354
-0.00722618114736
-0.00671881523128
-0.00836536493234
-0.00771438353895
-0.00274537637681
-0.00597072915143
-0.00542978683674
-0.00705286751402
-0.00666099034138
-0.006194421664
-0.00787855302626
-0.00725254313933
-0.00882177795115
-0.00391741157771
-0.0032684309636
-0.00494533048576
-0.00429233288888
-0.00576769810833
-0.00676742496924
-0.00801102617216
-0.00728052309612
-0.00727888282686
-0.00677254215789
-0.00619654366449
-0.00777014494534
-0.00709340324373
-0.00457065888978
-0.00403914811462
-0.00565450220062
-0.00670789413538
-0.00624243015451
-0.00792766556321
-0.00733598860294
-0.00890709344693
-0.00815236215768
-0.00345487930311
-0.0051365753395
-0.00448832832287
-0.00596834854509
-0.00510363033372
-0.00635151918091
-0.00548286473885
-0.00730659010565
-0.00680078894426
-0.00622532812323
-0.00779946240525
-0.0072260903449
-0.00892466838482
-0.00415313863932
-0.00354597654471
-0.00519941323247
-0.00474080279648
-0.00643773716233
-0.00587485748144
-0.0089603485049
-0.00821328726887
-0.00775878423107
-0.00529377126821
-0.00464945076091
-0.00613332005348
-0.00527232656694
-0.00433752480035
-0.00554014124104
-0.00591563201419
-0.00541177289897
-0.00622812250438
-0.00782919255217
-0.00733194967721
-0.0090088512676
-0.00848350497535
-0.00363372507352
-0.00518764662955
-0.00472875879874
-0.00645792523948
-0.00589551454932
-0.00746825325247
-0.00682311350362
-0.0063780453048
-0.00806681537418
-0.00477543394853
-0.00626232700997
-0.00540426056635
-0.0044801944446
-0.00566612082368
-0.0036713740588
-0.00538900806571
-0.00481480986469
-0.00651640204612
-0.00602214270282
-0.00767677029705
-0.00854136549196
-0.00793915140925
-0.00523025492118
-0.00470234583533
-0.00644737182474
-0.00588471593401
-0.00523309528795
-0.0069070321326
-0.00646420843381
-0.00815522353693
-0.00752552833832
-0.00477633423836
-0.00394991758736
-0.00306708309116
-0.0058403571706
-0.00362404295661
-0.0053407559679
-0.00476911292115
-0.00656726661473
-0.00607406481942
-0.00550700858046
-0.00718345376004
-0.00659243363624
-0.00818197496978
-0.00326450189092
-0.00640976156666
-0.00587357268105
-0.00524966713056
-0.00695807123455
-0.0065166154446
-0.0082089990048
-0.0075806607027
-0.00688661277617
-0.00408001773563
-0.00320008927984
-0.00439225925912
-0.00781169876594
-0.00526705836705
-0.00479296475084
-0.0065916242184
-0.00609892931628
-0.00553237848635
-0.00720785097131
-0.00665799115136
-0.00824889507631
-0.00760217667722
-0.00511488350367
-0.004583578025
-0.00396426958597
-0.006976157008
-0.00653518644948
-0.0082280554762
-0.00765036957832
-0.00697738156858
-0.00841568132955
-0.00329511064105
-0.00448924751011
-0.00633036430338
-0.00810898824074
-0.00343705154257
-0.00520531109259
-0.00609671189734
-0.00553011598231
-0.00724385177464
-0.00669476339665
-0.00828643265446
-0.00767245596801
-0.00722489987955
-0.0046572678927
-0.00403965234747
-0.00557863116072
-0.00515466543162
-0.00688727113997
-0.00627714841473
-0.00703168323792
-0.00847128355645
-0.00764884581471
-0.00456808352046
-0.00641496591873
-0.00820808627676
-0.0077981706131
-0.00306080593783
-0.00475763918074
-0.00416085831301
-0.00586748846705
-0.00670270967215
-0.00829454441187
-0.00771271111423
-0.00726613328007
-0.00895943854135
-0.004106393188
-0.00567199421646
-0.00517872779064
-0.00465326299044
-0.00629445019617
-0.00553180679713
-0.00697183246512
-0.00606831189537
-0.00731129233385
-0.00656544437415
-0.00830295964972
-0.00787341374448
-0.00739754744926
-0.00482630741677
-0.00423089865039
-0.00584703835866
-0.00529767838649
-0.00688907819574
-0.00633875084233
-0.00589497913147
-0.00899387523523
-0.00842542074756
-0.00573242153793
-0.00516890889564
-0.00464318095562
-0.00628096635671
-0.00551294930466
-0.00695252278446
-0.0060492409938
-0.00536040163725
-0.0053069723336
-0.00843111005236
-0.00792265990582
-0.0074478100382
-0.00912784010463
-0.00427331572403
-0.0058209781946
-0.00524797825065
-0.00461641807648
-0.00635197824189
-0.00592662196642
-0.00764497660772
-0.00706806488914
-0.00863564144897
-0.00374108004783
-0.00459832607392
-0.00627089451033
-0.00556067968235
-0.00705574164861
-0.00620973516023
-0.00550803530551
-0.00540773109778
-0.00714971930816
-0.00660061318796
-0.00608735502772
-0.00776315546843
-0.00854801490302
-0.00583601509403
-0.00516952143245
-0.00453633195009
-0.00636953771243
-0.00595115071738
-0.00767395122968
-0.00708808815301
-0.00639943455586
-0.00800798082117
-0.00323245709179
-0.00493731674576
-0.00409306536369
-0.00717534573753
-0.00633216198704
-0.00563314970018
-0.00548349385628
-0.00500505685036
-0.00667937713113
-0.00610927983943
-0.00777319406677
-0.00715094203376
-0.00869863981973
-0.0036800342446
-0.00310438698611
-0.00636705044842
-0.00594860195933
-0.0076713408223
-0.00708541637436
-0.00650935198703
-0.00812056548797
-0.00741691083954
-0.00501543320806
-0.00417322935765
-0.00334337517227
-0.00472759385676
-0.00397427108699
-0.0055341971805
-0.00505676671837
-0.00673209196929
-0.00617038752878
-0.00783552937347
-0.00720204394647
-0.00648728175131
-0.00790848421111
-0.00307260554455
-0.00495032509953
-0.00453107337666
-0.00625300513909
-0.00714818714361
-0.00658626423366
-0.00819934940307
-0.00745817260916
-0.00916621632063
-0.00421672551495
-0.00338796411148
-0.00477324112891
-0.00405691783059
-0.0041784301254
-0.0037006673531
-0.00675870986973
-0.00620489398376
-0.00787072985136
-0.00723793301537
-0.00652384956267
-0.00794571600009
-0.00727145311778
-0.0048876921227
-0.00446689468458
-0.00401504549443
-0.00580676430992
-0.00527165418007
-0.00688580706662
-0.00617123130609
-0.00917279357475
-0.00833980687826
-0.0033948839802
-0.00478032538978
-0.00411497339451
-0.00844920631951
-0.00370115463677
-0.00537699727465
-0.00482986712482
-0.00649586141491
-0.00586267694259
-0.00653219272827
-0.00795421074388
-0.00718110429427
-0.00905502897867
-0.00437589121942
-0.00402513752297
-0.00581711661044
-0.00528226713051
-0.00689667897674
-0.00614276540207
-0.00785020938761
-0.0070338822562
-0.00630041738507
-0.00333972384132
-0.00413356246908
-0.00842456017151
-0.00794479913296
-0.00535137245337
-0.00481109844608
-0.00425423577862
-0.00584315593796
-0.00512846414092
-0.00655012084359
-0.00567754339118
-0.00754848483398
-0.0086149121585
-0.00400366147887
-0.00579508679412
-0.00525968274487
-0.00687354362513
-0.00607947656409
-0.00536088886775
-0.00696717003061
-0.00623203108471
-0.00761512082993
-0.00265597409236
-0.00447799227035
-0.00264524764529
-0.00510687110747
-0.00356829851284
-0.00341481030732
-0.00603013020838
-0.0044383565994
-0.0046572147837
-0.00283704914928
-0.00529853725711
-0.00376000225082
-0.0036062402798
-0.00622097904068
-0.00462832526409
-0.00256733339406
-0.00302835468461
-0.00548970633553
-0.00395120895408
-0.00379717295352
-0.00641133002763
-0.00481779529141
-0.00274547518084
-0.0009955218445
-0.00568037567763
-0.00414191595666
-0.00398760566878
-0.00660118052285
-0.00500676405528
-0.00292307255166
-0.00118582745715
-0.00363895308777
-0.00209694640147
-0.00417753575389
-0.00679052786816
-0.00519522891819
-0.00310450135159
-0.00137562909176
-0.00382861491375
-0.00228664595661
-0.00213178634617
-0.00697936939368
-0.00538318723121
-0.00330034741482
-0.00156492405454
-0.0040177689359
-0.00247583774091
-0.00232070310822
-0.00493393267317
-0.00334273950948
-0.00349570833285
-0.00175370963975
-0.00420641244107
-0.00266451904031
-0.00250910915353
-0.00512175450261
-0.00352967673026
-0.00369058142976
-0.00194672753747
-0.00439454270411
-0.00285268712874
-0.00269700176278
-0.00530906243238
-0.00371609938597
-0.00388496401666
-0.00214039245096
-0.00458215698797
-0.00304033926822
-0.00288437820479
-0.0054958537459
-0.00390200478222
-0.0040788533917
-0.00233356101778
-0.00476925254367
-0.00322747270881
-0.0030712357366
-0.00568212571495
-0.00408739021332
-0.0042722468401
-0.00252623051329
-0.00495582661036
-0.0034140846887
-0.0032575716034
-0.00586787559974
-0.00427225296233
-0.00446514163411
-0.00271839819997
-0.00514187641533
-0.0036001724342
-0.00344338303867
-0.00605310064894
-0.00445659030106
-0.00465753503308
-0.00291006132748
-0.00532761667608
-0.0037857331598
-0.00362866726412
-0.0062377980997
-0.00464039949018
-0.00484942428342
-0.00310121713261
-0.00137593443846
-0.00397076406819
-0.00245580928972
-0.00642196517771
-0.00482367777918
-0.00504080661865
-0.00329186283936
-0.0015607796443
-0.0041552623503
-0.002640030714
-0.0023039821752
-0.00500642240646
-0.00523167925939
-0.00348199565892
-0.00174509073274
-0.00433922518533
-0.00282371652366
-0.00248708013905
-0.00518863059936
-0.0054220394134
-0.00367161278969
-0.00192886487354
-0.00452264974082
-0.00300686389388
-0.00266963933877
-0.00537029957419
-0.00561188427557
-0.00386071141733
-0.00211209922476
-0.00470553317266
-0.00318946998833
-0.00285165695453
-0.00555142653631
-0.00347508388626
-0.00404928871474
-0.0022947909328
-0.00488787262514
-0.00337153195918
-0.00303313015528
-0.00573200868015
-0.00366388969815
-0.00200627665824
-0.00247693713245
-0.00506966523102
-0.00355304694717
-0.00321405609874
-0.00591204318926
-0.00440450619341
-0.00517928806235
-0.00603027678204
-0.00250518851371
-0.00430599923652
-0.00526318085909
-0.00183490566951
-0.0023714029933
-0.00537464884318
-0.00620232881704
-0.00269435866486
-0.00449037438734
-0.0054475041845
-0.0020223601738
-0.00255970861776
-0.00556950019907
-0.0063737775149
-0.00288297762766
-0.00467416957806
-0.0056312368258
-0.00220922638295
-0.00274748569163
-0.00576383919777
-0.00654461977038
-0.0030710422251
-0.00485738149093
-0.00581437534365
-0.00239550075334
-0.00293473132423
-0.00373572746362
-0.00671485246802
-0.00325854926514
-0.00504000679352
-0.00599691628321
-0.00258117972419
-0.003121442612
-0.00392903289228
-0.0068935232706
-0.00344549554075
-0.00522204213875
-0.0061788561742
-0.00276625971761
-0.00330761663861
-0.0041218170786
-0.0070893756712
-0.00363187782999
-0.00541055293887
-0.00636019153099
-0.00295073713869
-0.00349325047492
-0.00431407703143
-0.00506277203816
-0.00381769289599
-0.00559982354924
-0.00654151673833
-0.00313460837551
-0.00367834117906
-0.0045058097449
-0.00525758014733
-0.00400293748705
-0.00578852659174
-0.00672507058283
-0.00331786979925
-0.00386288579648
-0.00469701219845
-0.00545186147254
-0.00196512622161
-0.00521285869848
-0.00690802265797
-0.00350051776426
-0.00404688135994
-0.00488768135687
-0.00564561290028
-0.00214922004849
-0.00540041647066
-0.00709036942707
-0.00368254860809
-0.00423032488961
-0.00507781417028
-0.00583883130105
-0.00233273355667
-0.00558739650753
-0.00727210733755
-0.00386395865164
-0.0044132133931
-0.00526740757419
-0.00603151352937
-0.00251566343555
-0.00354615467639
-0.00745323282094
-0.00404474419918
-0.00459554386549
-0.00545645848952
-0.0062236564238
-0.00269800635996
-0.00373196896053
-0.00763374229302
-0.00422490153846
-0.00477731328941
-0.00564496382262
-0.00641525680696
-0.00287975899018
-0.00391719519466
-0.00781363215387
-0.00440442694081
-0.00495851863506
-0.00583292046529
-0.0066063114855
-0.00306091797207
-0.00410182990808
-0.00576525807721
-0.00458331666123
-0.00513915686033
-0.00602032529483
-0.00239696907964
-0.00324147993709
-0.00428586961389
-0.00594389785355
-0.00476156693849
-0.00531922491077
-0.00620717517408
-0.0025869227054
-0.0034214415024
-0.00446931080915
-0.00612190712567
-0.00493917399522
-0.00325543465237
-0.00639346695145
-0.00277632095123
-0.00360079927093
-0.00465214997487
-0.00630411908361
-0.0028824667389
-0.00343435314106
-0.00657919746094
-0.00296516056034
-0.00377954983148
-0.0048343835761
-0.0064896333423
-0.00305877595853
-0.00361269221855
-0.00676436352225
-0.00315343826012
-0.00395768975876
-0.00501600806201
-0.00667454062834
-0.00323443052991
-0.00619323636079
-0.00634836733813
-0.00817088121806
-0.00698166519788
-0.00568256088842
-0.00748164671928
-0.00929914235735
-0.00605516519895
-0.00843946201399
-0.00802570594214
-0.00683304597782
-0.00555044066217
-0.00734638121815
-0.00916088297563
-0.00591634538839
-0.00829705893792
-0.00787976600345
-0.00668365553631
-0.00541747747748
-0.00721026279076
-0.00902892780149
-0.00577678021473
-0.00815390223927
-0.00773306511013
-0.00653349779178
-0.00528367523542
-0.00707329557342
-0.00890002458422
-0.00563647296189
-0.00800999541103
-0.00980911167274
-0.00638257665608
-0.00514903783744
-0.0069354837013
-0.0087702319437
-0.00549542691185
-0.00786534194279
-0.00966089997513
-0.0062308960342
-0.00501356918493
-0.00679683130796
-0.00863955407074
-0.00535364534437
-0.00429745406803
-0.00951193841748
-0.00608485287157
-0.00487727317893
-0.00665734252504
-0.00850799515816
-0.0052111315368
-0.00415131777356
-0.00936223068716
-0.00818007092639
-0.00474015371967
-0.00651702148181
-0.00837555940037
-0.00506788876379
-0.00400444528477
-0.0092117804657
-0.00805252376293
-0.00460221470627
-0.00637587230478
-0.00824225099286
-0.00494025376765
-0.00385684007506
-0.0090605914285
-0.00792414852118
-0.00668539267105
-0.00623389911736
-0.0081080741318
-0.00483183376814
-0.00370850561317
-0.00893116718907
-0.00779494877766
-0.00654582624037
-0.00609110603947
-0.00797303301357
-0.00472259825874
-0.00355944536296
-0.00880418946977
-0.00766492811106
-0.00640545194249
-0.00595011825973
-0.00783713183431
-0.00461255002163
-0.00344171849165
-0.00867640491518
-0.00753409010198
-0.00626427366848
-0.00803831435569
-0.00443519882112
-0.00450169184693
-0.00332820249879
-0.00854781689855
-0.0074024383325
-0.00612229530647
-0.00790373438772
-0.00429759010524
-0.00439002653236
-0.00620741844049
-0.0084184287954
-0.00726997638591
-0.00597952074142
-0.00776831588949
-0.00415913391117
-0.00427755688305
-0.00609226527607
-0.0082882439832
-0.00713670784632
-0.00583595385475
-0.00763206282821
-0.00624176799597
-0.00639716790539
-0.00597629801425
-0.00815726584106
-0.00700263629839
-0.00569662584354
-0.00749497917035
-0.00610162941626
-0.00628309802994
-0.00585951965592
-0.00802549774941
-0.00686776532696
-0.00555875691823
-0.00735706888121
-0.00596065592405
-0.00616823227643
-0.00796551428372
-0.00789294308974
-0.00673209851677
-0.0054200838084
-0.00721833592461
-0.00581885170224
-0.00605257347666
-0.00784712275913
-0.00775960524426
-0.0065956394521
-0.00834682689331
-0.00707878426244
-0.00567622093021
-0.00593612446841
-0.00772792917613
-0.00762548759564
-0.00645839171649
-0.00820655676374
-0.00693841785439
-0.00553276778346
-0.0078308548981
-0.008170288437
-0.00435725041961
-0.00650938010766
-0.00858609682562
-0.00691283214833
-0.00680707860557
-0.00767787549437
-0.00803644333383
-0.00422317234787
-0.00637530955699
-0.00845290266282
-0.00677953636507
-0.00667392052427
-0.00754208594905
-0.00790189542268
-0.00408839085927
-0.00624053560906
-0.00831900336206
-0.00664553517243
-0.00654005740152
-0.00740731016441
-0.00776664746572
-0.0061748348434
-0.00610506103764
-0.00818440168379
-0.00651083133613
-0.00640549199593
-0.00727183828521
-0.00763070222491
-0.00603865484325
-0.00596888861623
-0.00804910038848
-0.00637542762186
-0.00627022706607
-0.00713567304922
-0.00749406246184
-0.00590177974772
-0.00583202111787
-0.00791310223634
-0.00623932679504
-0.00613426537033
-0.00700918598084
-0.00735673093754
-0.0057642123296
-0.00791638836178
-0.00779523178899
-0.00610253162068
-0.00599760966671
-0.00690974472932
-0.00937474079897
-0.00562595536089
-0.00777813902602
-0.00768226114986
-0.00596504486319
-0.00586026271265
-0.00680953065013
-0.00923603403208
-0.00548701161258
-0.00763920292798
-0.0075685422716
-0.00582686928618
-0.00572222726481
-0.0067085459825
-0.00909664378182
-0.0053473838545
-0.00750140395468
-0.00745407762434
-0.00568800765229
-0.00558350607895
-0.00660679297412
-0.00895657280514
-0.00520707485512
-0.00738712674214
-0.00956079673025
-0.005548462723
-0.0054441019097
-0.00650427388095
-0.00881582385755
-0.0050660873814
-0.00727210676083
-0.00944484797617
-0.0054082372585
-0.00530401751043
-0.00640099096702
-0.00867439969293
-0.0049244241986
-0.00715634648224
-0.0093281608941
-0.00527634678372
-0.00516325563304
-0.00629694650421
-0.00853230306337
-0.00478208807011
-0.00703984838271
-0.00921073797388
-0.00738336771167
-0.00502181902783
-0.00841480742631
-0.00839989452216
-0.0046390817573
-0.00692261494323
-0.00909258170976
-0.00726530064344
-0.00713948271419
-0.00830924671177
-0.00829664286287
-0.00449540801936
-0.00680464864922
-0.00897369460021
-0.00714650307723
-0.00699670489684
-0.00820293130909
-0.00819263149139
-0.00437373653456
-0.00668595199035
-0.00885407914769
-0.00702697751058
-0.00908304241249
-0.00809586351951
-0.0103097925161
-0.0042544884871
-0.00656652746035
-0.00873373785849
-0.00690672644484
-0.00893893436053
-0.00798804565116
-0.0102042685306
-0.0041345157315
-0.00644637755678
-0.00861267324252
-0.006785752385
-0.00879416530204
-0.00787948001876
-0.0100979916578
-0.00401382075935
-0.00632550478085
-0.00849088781312
-0.00666405783947
-0.00867211766506
-0.0077701689435
-0.00999096418707
-0.0061143340438
-0.00620391163725
-0.00836838408683
-0.00654164531993
-0.00855000497507
