-0.000834223955869
0.00080920438826
-0.00397234920356
-0.00228220255119
-0.000708652760795
-0.00303111322276
-0.0015234544657
-0.000872084521508
0.000771078960622
-0.00401071912804
-0.00232243013276
-0.000749153192204
-0.00307186342188
-0.00156442992167
-0.00090942017912
0.000733481995494
-0.00404855731102
-0.00236212337365
-0.000789115790096
-0.00311207259245
-0.00160486146956
-0.000946230580179
0.000696413848692
-0.00408586338985
-0.00240128188907
-0.000828540161898
-0.0031517403347
-0.00164474870299
-0.000982515380758
0.000659874871342
-0.00412263700668
-0.00243990529908
-0.000867425919949
-0.00137802637324
0.00015563966796
-0.00101827424155
0.000623865409861
-0.00415887780846
-0.00247799322853
0.000921668474387
-0.00141661007946
-0.00231554133461
-0.00105350682788
0.00058838580594
-0.00242625160952
-0.000717707170633
0.00088386108707
-0.00145465118802
-0.00235379323719
0.00068957581445
-0.00048463623423
-0.00246142574123
-0.000754723033091
0.00084659344682
-0.00149214931924
-0.00239149925071
0.000655396762469
-0.000519055116928
-0.0024960660276
-0.000791202318859
0.000809865921461
-0.00152910409849
-0.00242865899437
0.000621744961033
-0.000552943145491
-0.00253017213492
-0.000827144672351
0.000773678873814
-0.00156551515626
-0.0024652720925
0.000588620726136
-0.000586299997282
-0.00256374373432
-0.000862549742906
0.000738032661679
-0.00160138212811
-0.00250133817467
0.000556024369066
-0.000619125354463
-0.00259678050186
-0.000897417184808
0.000702927637817
-0.00163670465477
-0.00253685687561
0.000523956196389
-0.000651418904015
-0.00262928211846
-0.0009317466573
0.000668364149931
-0.00167148238208
-0.0025718278353
0.000492416509935
-0.000683180337749
-0.00266124826999
-0.000965537824602
0.000634342540655
-0.00170571496106
-0.00260625069896
0.000461405606783
-0.000714409352323
-0.00269267864726
-0.000998790355925
0.000600863147532
-0.0017394020479
-0.00264012511708
0.000430923779251
-0.000745105649255
-0.00272357294601
-0.00103150392549
0.000567926302998
-0.00177254330399
-0.00267345074541
0.000400971314878
-0.000775268934935
-0.00275393086696
-0.00106367821253
0.000535532334368
-0.00180513839594
-0.002706227245
0.000371548496412
-0.000804898920645
-0.0027837521158
-0.00109531290135
0.000503681563819
-0.00183718699559
-0.00273845428223
0.0003426556018
-0.000833995322564
-0.00281303640321
-0.00112640768127
-0.00340408640775
-0.00186868878
-0.0027701315288
0.000314292904169
-0.00459837210534
-0.0028417834449
-0.0011569622467
-0.00343484983624
-0.00189964343152
-0.00280125866174
0.000286460671819
-0.0046264005079
-0.00286999296157
-0.00118697629713
-0.0034650691311
-0.00193005063776
-0.00283183536346
-0.00193935665344
-0.00314695019466
-0.00237362338299
-0.00358173211606
-0.00290830695256
-2.99794941571e-05
-0.00157714479472
-0.00198560010724
-0.00319425351735
-0.00242188894064
-0.00169557387806
-0.00295888642754
-8.02449531681e-05
-0.00162869867687
-0.00203125515674
-0.00324095561622
-0.00246953996203
-0.00174435135191
-0.00300882355276
-0.000129852395303
-0.00167957866798
-0.00207632126208
-0.00328705591403
-0.00251657583117
-0.00179249989618
-0.00305811762106
-0.000178801083633
-0.00172978397411
-0.00212079788968
-0.00333255384025
-0.00065561750407
-0.00184001885856
-0.00310676793334
-0.00447060758446
-0.00177931381062
-0.00216468451234
-0.0033774488311
-0.000701421249328
-0.0018869075944
-0.00315477379867
-0.00451823658928
-0.00182816740225
-0.00220798060923
-0.00156722562641
-0.000746608037363
-0.00193316546671
-0.00320213453428
-0.00456520468196
-0.00187634398312
-0.00225068566592
-0.00161091308233
-0.000791177280986
-0.00197879184628
-0.00324884946562
-0.00461151116071
-0.00192384279688
-0.00229279917441
-0.00165399595236
-0.000835128400299
-0.00202378611161
-0.00329491792645
-0.00465715533265
-0.00197066309667
-0.000506333722244
-0.00169647370003
-0.00501452398125
-0.00206814764905
-0.00334033925881
-0.00470213651388
-0.00201680414527
-0.000547262636275
-0.00173834579582
-0.00505723714162
-0.00211187585279
-0.00338511281316
-0.00474645402949
-0.000144048047814
-0.000587598517058
-0.00177961171711
-0.00509933048213
-0.00215497012492
-0.00342923794831
-0.00479010721364
-0.000188828420942
-0.000627340882642
-0.0018202709483
-0.00514080345242
-0.00219742987545
-0.00347271403159
-0.0048330954096
-0.000232927389266
-0.000666489257656
-0.00186032298076
-0.0051816555096
-0.00223925452236
-0.00351554043879
-0.00304246710955
-0.000276344254479
-0.000705043173337
-0.00189976731293
-0.00522188611832
-0.00228044349165
-0.00355771655425
-0.00308457140811
-0.000319078328136
-0.000743002167561
-0.00193860345031
-0.00526149475073
-0.00232099621736
-0.00179069342475
-0.00312709696442
-0.000361128931721
-0.000780365784862
-0.00197683090549
-0.00530048088658
-0.00236091214163
-0.00183156714417
-0.00316895594958
-0.00220481878276
-0.000817133576468
-0.0020144491982
-0.00533884401323
-0.00240019071469
-0.0018717887766
-0.00321014773073
-0.00224550045058
-0.000853305100321
-0.00205145785534
-0.00537658362567
-0.000655896282252
-0.00191135774098
-0.00325067168431
-0.00228549667283
-0.000888879921105
-0.00208785641097
-0.00541369922658
-0.00069389853635
-0.00195027346502
-0.00329052719612
-0.00232480681117
-0.000923857610273
-0.00212364440639
-0.00545019032634
-0.00073126183911
-0.00198853538521
-0.00332971366133
-0.00236343023748
-0.00435601121775
-0.00523950536819
-0.00819194746969
-0.00667565960615
-0.00747571244282
-0.00618578667001
-0.00719675670327
-0.00589919368745
-0.0060620625877
-0.00470622396684
-0.00333062596906
-0.00412435931783
-0.00723526050847
-0.00805220099097
-0.00663058337999
-0.00522013469865
-0.00609524276803
-0.00475187162146
-0.0054361537557
-0.004098801661
-0.00290147032089
-0.00392093599454
-0.00918723797421
-0.00774957927872
-0.00628543060545
-0.00708232810956
-0.00504716096658
-0.00602107030505
-0.00472160373262
-0.00558850388415
-0.00422826476761
-0.00284271010828
-0.00806369578352
-0.00672926915412
-0.00755025053623
-0.00612992210932
-0.00473438513527
-0.00559522761602
-0.00424740451373
-0.00439684192058
-0.00305047153887
-0.00819159634932
-0.00785238514238
-0.00799514497954
-0.00655604848914
-0.00737890116944
-0.00593931881042
-0.00461356448198
-0.00555053774895
-0.00424652371818
-0.00509378415394
-0.00372899504183
-0.0067686458864
-0.00757538488921
-0.00620168864715
-0.00703218285804
-0.0056072229368
-0.00598419912814
-0.00456460726722
-0.00319305464282
-0.0038774654695
-0.00718201946759
-0.00766819894972
-0.00664441475819
-0.00751611230536
-0.00607428408665
-0.00694703495097
-0.00550401824379
-0.00415911820817
-0.00507541406278
-0.0037505903808
-0.00459011715859
-0.00764322879682
-0.00847013011941
-0.00662197403717
-0.00522940184878
-0.00605541721934
-0.00460440134832
-0.00545401242347
-0.00402952339392
-0.00265775979026
-0.0078963818962
-0.00663895446453
-0.00712210122625
-0.00614991088248
-0.00701741310379
-0.00562586641916
-0.00649474386987
-0.00504816223634
-0.00368410816266
-0.00459598384477
-0.00275116938238
-0.00804640470151
-0.00665222259128
-0.00748127025899
-0.00609108800073
-0.00468849159027
-0.00551265940515
-0.00409035970744
-0.00490623564027
-0.00349394490404
-0.00666615915491
-0.00733483850371
-0.00607369742927
-0.00655372757651
-0.00563802521501
-0.00651498800588
-0.00515743309298
-0.00551867335645
-0.00407555111388
-0.00492539975428
-0.00360663966967
-0.00667467887662
-0.00750511901279
-0.00609719918212
-0.00695375594345
-0.00555052514711
-0.00414919367065
-0.00499273045858
-0.00355480683356
-0.00436430606132
-0.00741627468301
-0.00774758150141
-0.00633975381758
-0.00505658298049
-0.00552363411339
-0.00685812458751
-0.00553407294875
-0.00416562997251
-0.00502635858538
-0.00357942850263
-0.00441014896286
-0.00754661863534
-0.00614378720365
-0.00695799898559
-0.00555401984161
-0.00641199947771
-0.00500704355583
-0.00583304529261
-0.00414763130625
-0.00264641110541
-0.0078532944194
-0.00642258157174
-0.00717441074293
-0.0057623580594
-0.00447552915349
-0.00493952406865
-0.0063882539314
-0.00504417121446
-0.00365799192331
-0.00451445826778
-0.0030636080904
-0.00834329938039
-0.00700687647366
-0.0056194667503
-0.00642933915343
-0.00499080713006
-0.00557059740547
-0.00416452200298
-0.00499976036994
-0.00361239023567
-0.00647282827996
-0.00726925450057
-0.00583317655073
-0.00658014008238
-0.00516376363121
-0.00387319213829
-0.00433406093637
-0.00589916247247
-0.00453507391932
-0.0031436342592
-0.00398326428646
-0.00698852804277
-0.00785136545836
-0.00613133307196
-0.0069851205786
-0.00556816630956
-0.00412177622595
-0.00501797789208
-0.00362330486152
-0.00445142021863
-0.0074947579614
-0.00590472885742
-0.00666474504083
-0.0052231856846
-0.00596517977844
-0.00454438867125
-0.00488363081199
-0.00348838258342
-0.00539111603837
-0.00401137438702
-0.00449791337795
-0.00756877616362
-0.00612866548376
-0.00701953067821
-0.00560914547606
-0.00644033372698
-0.00499999560738
-0.00355447451314
-0.00446510282901
-0.00311269737322
-0.00836678322218
-0.00692117835049
-0.00532663428927
-0.00604016141657
-0.00438254045333
-0.00511946994024
-0.00368961195775
-0.00424000536615
-0.00284150847226
-0.00451979903611
-0.00314358400886
-0.00841753858256
-0.0070012244287
-0.00560219886715
-0.00648848624221
-0.00509005190618
-0.00591695984654
-0.00443834909023
-0.00299080460501
-0.00393877996245
-0.00705201458565
-0.00755090179264
-0.00606153247556
-0.00679706305802
-0.00516623084673
-0.00373259460464
-0.00446437276781
-0.00302994139943
-0.00357637940301
-0.00687391824688
-0.0039746600891
-0.00707464762544
-0.00786472435351
-0.00648559492716
-0.00505674031846
-0.00593833430456
-0.00455157166545
-0.00537408596269
-0.0036117679525
-0.00439208756384
-0.00758301649503
-0.0062203585018
-0.00699538766617
-0.0054482710451
-0.00617909401505
-0.00452260781098
-0.00306328333099
-0.00378983170516
-0.0023507587559
-0.00750546820705
-0.00618737328428
-0.00789932758534
-0.00651749505616
-0.00733448012353
-0.00595110579126
-0.00671438124074
-0.00509117466332
-0.00371495650483
-0.00453297059213
-0.00304559599778
-0.00830256552317
-0.00701711352594
-0.00564951925962
-0.00642002576646
-0.00485843681427
-0.00554175577625
-0.00388100037007
-0.00237501563712
-0.00309626378681
-0.00617588938848
-0.00671424924684
-0.00539116113722
-0.00735412130654
-0.00566809278151
-0.0065115687881
-0.00512154444212
-0.00587612029144
-0.00451833305659
-0.0031386216242
-0.00395203565372
-0.00693152766133
-0.00772280332506
-0.00643191798707
-0.00505927866137
-0.00582516418407
-0.00425941261965
-0.0046952182296
-0.00308823079359
-0.00379108946331
-0.00681541327509
-0.00545895441373
-0.00599320382243
-0.00468573402131
-0.00651901566308
-0.00507512169197
-0.0059446666009
-0.00455019767549
-0.00530069037386
-0.00394222298552
-0.00255348734707
-0.0078237718216
-0.00632775531793
-0.00712419572127
-0.00582776642324
-0.00646948690519
-0.00500286400907
-0.00345094766611
-0.00403904723592
-0.00240890029632
-0.0075382162926
-0.0060850396432
-0.00472827967987
-0.00532010023195
-0.00406461277594
-0.00593819323007
-0.00448928770642
-0.00535986434915
-0.00396086008266
-0.00470718726128
-0.00334789882748
-0.00864904331013
-0.00701338868097
-0.0055077242895
-0.00630912502276
-0.00500183941396
-0.00584147897216
-0.00437005972674
-0.00281382515087
-0.00339811722489
-0.00626597525414
-0.00685189713704
-0.00543373017666
-0.00414111849919
-0.00474130664932
-0.00348268810319
-0.00533998120046
-0.00389329592256
-0.00475745185695
-0.00317025911899
-0.00391234394295
-0.00701972585258
-0.00784467142999
-0.00637776016933
-0.00486766210496
-0.00568372614873
-0.00436079569236
-0.00519510958607
-0.00371881670858
-0.00215819553371
-0.00721442549009
-0.00564680261222
-0.00623370455516
-0.00483952290093
-0.00552510635428
-0.00413907394854
-0.00287719480022
-0.00455220684966
-0.0053315107594
-0.00395968023506
-0.00254582939003
-0.00775677353828
-0.00638989532488
-0.00720992705672
-0.00572454882212
-0.00420995094857
-0.00504936167869
-0.00370181923112
-0.00453072872807
-0.00304949167648
-0.00816579685622
-0.00655898253581
-0.00499633606948
-0.00561574917358
-0.00422921831203
-0.00491048648226
-0.00352064998974
-0.00225550889978
-0.0039200637821
-0.00470130031089
-0.00332292510087
-0.00637747515448
-0.00711086648933
-0.00574277611683
-0.00655781995231
-0.00506518094274
-0.00578695971503
-0.00439293002741
-0.00301493623352
-0.00383836973349
-0.00681637646362
-0.00747424177174
-0.00590682391506
-0.00433982436614
-0.00499121870838
-0.00359980682333
-0.00427668134153
-0.00288297265837
-0.00161451196535
-0.00327138227035
-0.00405441288794
-0.00714268522516
-0.00571915091268
-0.00644810173309
-0.00507867937336
-0.00589563926601
-0.00439283741157
-0.00512418524223
-0.00372339602258
-0.00232112458349
-0.00760946264963
-0.00611195846101
-0.00676526812982
-0.00523660098885
-0.00366518692169
-0.00434802722944
-0.00295165314841
-0.00362406222168
-0.00244177532153
-0.0075749960626
-0.00260644825232
-0.00786444242069
-0.0064901684724
-0.00729104699333
-0.00578107349282
-0.00440488857023
-0.0052097588143
-0.00370226882936
-0.00444294824473
-0.00303677477593
-0.00608085533724
-0.00689314963638
-0.00539052839333
-0.00604668745979
-0.00454867087138
-0.00520082793222
-0.00389557639014
-0.00249630620811
-0.00316418447335
-0.00640423968012
-0.00689652438671
-0.0024983766956
-0.000870638358553
-0.00335052978952
-0.00181770558803
-0.000278004629585
-0.00248252012308
-0.0010016695546
-0.00256895962738
0.00128534404649
-0.0034191006676
-0.00188673651626
-0.000347462119203
-0.00255236857769
-0.00107187138299
-0.000416755116156
0.00121726387011
-0.003487188678
-0.00195528169417
-0.000416431192087
-0.00262172617712
-0.00114158015669
-0.000486387832584
0.00114966386388
-0.00355479326218
-0.00202334055228
-0.000484911268528
-0.00269059233217
-0.00121079527787
-0.000555544607278
0.00108254457575
-0.00362439255705
-0.00209091252428
-0.000552901772016
-0.00275896645688
-0.00127951615195
-0.000624224888113
0.0010159065506
-0.0036952508437
-0.00215799704703
-0.000620402129267
-0.00282684796858
-0.00134774218768
-0.00069242812592
0.000949750330211
-0.00376562730868
-0.00222459356059
-0.000687411770247
-0.00289423628786
-0.0014154727971
-0.000761058013328
0.000882760323609
-0.00383552137497
-0.00229070150826
-0.000753930128186
-0.00296113083864
-0.00148270739563
-0.000830904353795
0.000814348773273
-0.00390493246862
-0.00235632033658
-0.000819956639609
-0.00302753104817
-0.00154944540204
-0.000900274000566
0.00074434133183
-0.00397386001873
-0.00242144949535
-0.000885490744355
-0.00309343634704
-0.00161568623851
-0.000969166397869
0.000674813845527
-0.00404230345748
-0.00248608843767
-0.000950531885599
-0.00315884616925
-0.00168142933062
-0.0010375809929
0.000605766879199
-0.00411026222017
-0.00255023661994
-0.00101507950987
-0.00322375995216
-0.0017466741074
-0.00110551723584
0.000537200994658
-0.00417773574523
-0.00261804896325
-0.00107913306709
-0.0032881771366
-0.00181142000135
-0.00117297457989
0.000469116750668
-0.00424472347423
-0.00268547787732
-0.00114269201056
-0.00335209716681
-0.00187566644846
-0.00123995248126
0.000401514702925
-0.00431122485191
-0.00275241757276
-0.00120575579703
-0.00341551949051
-0.00193941288821
-0.00130645039923
0.000334395404032
-0.00437723932623
-0.00281886748691
-0.00126832388668
-0.00124260627818
0.000232623448867
-0.00137246779615
0.000265537622484
-0.00444276634834
-0.00288759106354
0.000903467133723
-0.00130503154603
0.000162790518938
-0.00144263420847
0.000195586169752
-0.00228329931443
-0.000729863901756
0.000830243051928
-0.00138077439642
8.50609557425e-05
-0.00151426980619
0.00235045351599
-0.00235567400933
-0.000802720414079
-0.00292494427037
-0.00145761642108
7.82107495886e-06
0.000636802360691
-0.00122049539779
-0.00242756567899
-0.000875091082934
-0.00299775807056
-0.00153397027448
-6.89284613141e-05
0.000566121549116
-0.00128900068167
-0.0024989737295
-0.000946975302961
-0.00307288793888
-0.00160983530721
-0.000145186993998
-0.00204839416584
-0.00339406194815
-0.00475137826375
-0.001698725573
-0.00295732395962
-0.00419834353902
-0.00143400169917
-0.00211436935889
-0.00346142694069
-0.00482017063271
-0.00176898241633
-0.00302908153796
-0.00427163685443
-0.00151364866931
-0.00217981285205
-0.00352825019337
-0.004888411026
-0.0018386768635
-0.00310026612894
-0.00434434643772
-0.00159270585736
-0.00224472399699
-0.00359453101745
-0.00273416980236
-0.00190780813673
-0.00317087690587
-0.00441647141018
-0.00167117227662
-0.00231223724995
-0.00366026872867
-0.00280130405347
-0.00197637546312
-0.00324091304713
-0.00448801089843
-0.00174904694558
-0.00237933204294
-0.00150196539058
-0.00286788414741
-0.00204437807465
-0.00331037373627
-0.00455950429611
-0.00182632888799
-0.00244589518272
-0.00156661484114
-0.00293390936641
-0.00211181520828
-0.00337925816198
-0.00463452122972
-0.0019030171329
-0.00251595461449
-0.00163071915295
-0.00299937899745
-0.00217868610592
-0.00344756551821
-0.00470895472715
-0.00197911071472
-0.000363777167973
-0.00169427765981
-0.00306429233232
-0.00224499001455
-0.00351529500415
-0.00478280388703
-0.00205460867328
-0.000438735053779
-0.00175728970012
-0.00313017419499
-0.00231393088635
-0.00358740144072
-0.00485606781326
9.97111113047e-05
-0.000513167267982
-0.00182744609348
-0.00511766671578
-0.00238721279645
-0.0036622628092
-0.004928745615
2.54072578393e-05
-0.000587073078998
-0.00189714574948
-0.0051888567532
-0.00245993287351
-0.00373655180403
-0.00500083640677
-4.82981249029e-05
-0.000660451759074
-0.00197022869374
-0.00525949456657
-0.00253209030343
-0.00381026755966
-0.00284636845908
-0.000121404098967
-0.000733302584317
-0.00204460345677
-0.00532957939466
-0.00260368427686
-0.00388340921546
-0.00292011831928
-0.000193909732089
-0.000805624834734
-0.00211844000199
-0.00539911048082
-0.00267471398924
-0.00173352360312
-0.00299425920414
-0.000265814097751
-0.000877417794256
-0.0021917375694
-0.005468087073
-0.00274517864083
-0.00180551449747
-0.00306781337651
-0.000337116275232
-0.000948680750777
-0.00226449540314
-0.00553650842383
-0.00281507743675
-0.00187692874034
-0.00314077993704
-0.00454123541471
-0.00101941299618
-0.00233671275149
-0.00560437379061
-0.000662152852086
-0.00194776549138
-0.00321315799175
-0.00461133047714
-0.00108961382639
-0.00240838886695
-0.00567168243535
-0.000730917571753
-0.00201802391542
-0.00328637003463
-0.00468401919125
-0.00115928254136
-0.00247952300626
-0.00573843362485
-0.000799114080769
-0.00208770318254
-0.00336017089644
-0.00475627681318
-0.00122841844516
-0.00255011443042
-0.00358128211096
-0.000866741604148
-0.00215826367023
-0.00343338320263
-0.00482793107768
-0.00431278758751
-0.00887248941378
-0.00688040456342
-0.00474581797181
-0.00840300376665
-0.00647237993002
-0.00703706751316
-0.00420739684658
-0.00876531401011
-0.00677167024307
-0.00684311269968
-0.0082835471506
-0.00636908078825
-0.00693594804389
-0.00410105335853
-0.00865717444764
-0.00666196198972
-0.00674511859091
-0.00816312390136
-0.0062690678578
-0.00683519891891
-0.0039937607893
-0.00854807456235
-0.00875838325128
-0.00664611168698
-0.00804173846944
-0.00616802504998
-0.00673341428206
-0.00388552281851
-0.00843801820366
-0.00864673910871
-0.00654609577265
-0.00794008942704
-0.00872859551216
-0.00663059822837
-0.00377634313895
-0.00832700923397
-0.00853413303581
-0.00644507465215
-0.00784094602966
-0.00862550501041
-0.00652675487251
-0.0036662254561
-0.0103985577933
-0.00842056905841
-0.00634305214854
-0.00774078480667
-0.00852139673066
-0.00642188834805
-0.00355517348758
-0.0102856552377
-0.00830605121386
-0.00624003210314
-0.00763960963594
-0.00841627474346
-0.00631600280684
-0.00344319096271
-0.0101718117305
-0.00819058355048
-0.00613601837491
-0.00753742441461
-0.00831014313704
-0.00620910241829
-0.0056005536236
-0.0100570311803
-0.00807417012703
-0.00603209955161
-0.00743423305849
-0.00820300601661
-0.00610119136874
-0.00874543473924
-0.00994131750634
-0.00795681501209
-0.00592910583708
-0.00733003950142
-0.00809486750371
-0.00822185824178
-0.00863068303051
-0.00982467463731
-0.00783852228361
-0.00582512222401
-0.00722484769467
-0.00798573173563
-0.00811193849363
-0.00851501578957
-0.00970710651133
-0.00772629516865
-0.00572015255759
-0.00711866160634
-0.0101101074229
-0.00800102073843
-0.00839843679676
-0.00958861707523
-0.00761883391249
-0.00561420069932
-0.00354819458894
-0.00999898961592
-0.00788910922363
-0.0082809498412
-0.00946921028409
-0.00751041156218
-0.00550727052639
-0.00344003190591
-0.00988688705357
-0.00777620821037
-0.0081625587203
-0.00934889010075
-0.00740103194231
-0.00539936593113
-0.00556578358531
-0.00977380392965
-0.00766232197277
-0.0080432672393
-0.00922766049529
-0.00729069889069
-0.00529049082046
-0.00545566036655
-0.00965974445058
-0.00755411920714
-0.00792307921082
-0.00910552544457
-0.00717941625781
-0.00518064911527
-0.00534456293769
-0.00954471283477
-0.00745120714516
-0.00780199845439
-0.00588666652297
-0.00706718790636
-0.00730141471062
-0.00523249535504
-0.00942871331201
-0.00734728641865
-0.00768753478457
-0.00576273253703
-0.00695401771064
-0.00718965163229
-0.00511946168758
-0.00931175012285
-0.0072423610166
-0.00757751516011
-0.00563790507227
-0.00908785309898
-0.00707693380055
-0.00500546601634
-0.00919382751803
-0.00713643494528
-0.00729159164753
-0.00877226522502
-0.00804113764476
-0.00550591741157
-0.00688170018617
-0.00837347636933
-0.00807876040535
-0.00718322174187
-0.00866473800527
-0.00792964526549
-0.00539556892123
-0.00677275210246
-0.0101145910575
-0.00796568592205
-0.00707388442201
-0.0085562486323
-0.00781720993408
-0.00528428406117
-0.00666287583736
-0.00999904689001
-0.00785171782277
-0.00696358360539
-0.0084468009422
-0.00770383551165
-0.00517206658764
-0.00655207502078
-0.00988260461696
-0.00773685963876
-0.00685232322257
-0.00833639878426
-0.00758952587024
-0.00505892026804
-0.008346824621
-0.00976526790924
-0.00762111491007
-0.0067401072167
-0.00822504602051
-0.00747428489231
-0.00494484888047
-0.00823418563639
-0.00964704044581
-0.00750448718512
-0.0066269395429
-0.00811274652516
-0.00735811647023
-0.00482985621316
-0.0081206330566
-0.00952792591314
-0.00738698002023
-0.00651282416778
-0.00799950418406
-0.00724102450578
-0.00471394606408
-0.00800617055435
-0.00940792800485
-0.00449391415199
-0.0063977650689
-0.00788532289416
-0.00712301290964
-0.00655516276092
-0.00789080181189
-0.00928705042122
-0.00437465880599
-0.00628176623417
-0.00777020656305
-0.00700408560088
-0.00643742907846
-0.00777453052054
-0.0091652968688
-0.00425453473264
-0.00616483166139
-0.00765415910836
-0.00688424650651
-0.00631878936137
-0.00765736038025
-0.00904267105998
-0.00413354551596
-0.00604696535767
-0.00753718445731
-0.00868570372016
-0.00619924744156
-0.00753929509914
-0.00891917671259
-0.00401169474587
-0.00592817133894
-0.00741928654619
-0.0085640528648
-0.00607880715827
-0.00742033839304
-0.00879481754944
-0.00388898601782
-0.00580845362943
-0.00730046931981
-0.00844150204745
-0.00595747235757
-0.0073004939851
-0.00866959729797
-0.00376542293239
-0.00568781626112
-0.00910294089027
-0.00831805522196
-0.00583524689194
-0.00717976560528
-0.00854351968979
-0.00364100909488
-0.00556626327329
-0.00691370838946
-0.00819371634769
-0.0057121346198
-0.00705815698999
-0.00841658846033
-0.00564948543319
-0.00544379871198
-0.0067921569644
-0.00806848938906
-0.00558813940508
-0.0069356718816
-0.00830001163532
-0.00553534939598
-0.00728780552148
-0.00666970207906
-0.0079423783151
-0.00546326511676
-0.00681231402803
-0.00819191210076
-0.0054286637116
-0.00716352997589
-0.00654634771365
-0.00781538709901
-0.00533751562842
-0.00668808718237
-0.0101538260625
-0.00532108763504
-0.00703835503059
-0.006422097854
-0.00768751971768
-0.00521089481784
-0.00656299510242
-0.0100439325684
-0.00521262441675
-0.00691228475376
-0.00629695649115
-0.00755878015127
-0.00508340656658
-0.00643704155028
-0.00993314715679
-0.00510327731796
