0.00270514522353
-0.000215308474705
0.000208003816702
0.00129963227645
0.00285736763583
-0.000334832028097
-0.000477038979557
0.00266035590065
-0.000259744990839
0.000164187547925
0.00125667072253
0.00281545374145
-0.000402592696972
-0.000544015449695
0.0026172072629
-0.000302553194863
0.000121977807364
0.00121528561291
0.00277507931515
-0.000468873393299
-0.00060952732434
0.00257570327321
0.00305645872378
8.13783082184e-05
0.00117548045013
0.00227984087726
-0.000533669012067
-0.000673569668236
0.0025358477555
0.00301691862141
4.23926328352e-05
0.00113725861279
0.00222090770819
-0.000596974539924
-0.000736137635373
0.00249764439299
0.00297901803492
5.02423117312e-06
0.00436217135552
0.00215870947959
-0.000658785056991
-0.00079722647071
0.0024610967265
0.00294276042251
-3.07235806908e-05
0.0043271258023
0.00209801968261
-0.00114722100092
-0.000856831511866
0.00242620815289
0.0029081491016
-6.48476220013e-05
0.00429367295308
0.00203884313198
0.00196406314222
-0.000914948190802
0.00239298192348
0.00287518724731
-9.73448487126e-05
0.00426181567727
0.00198118454212
0.00190676621527
-0.00139379923187
0.0023614211426
0.00284387789103
-0.000128212354822
0.00423155671383
0.00192504852538
0.00185098300834
-0.00144892586785
0.0023315287661
0.00281422391908
-0.000157447373649
0.0042028986701
0.00187043959027
0.00179671794748
-0.00150255101996
0.00133248065014
0.00278622807134
-0.000185047279058
0.00417584402071
0.00181736213977
0.00174397535488
-0.00155467051382
0.00130593334953
0.00275989294008
-0.000211009586619
0.00415039510652
0.00176582046959
0.00169275944718
-0.00160528027741
0.00128106241698
0.00176339470965
-0.000235331954719
0.00412655413362
0.00171581876656
0.00164307433389
-0.00165437634261
0.0012578702016
0.00174038819161
-0.000258012185602
0.00410432317236
0.00166736110696
0.0015949240158
0.00228092949703
0.00123635889792
0.00171904926933
-0.000279048226355
0.00408370415651
0.00162045145492
0.0015483123834
0.00223487230998
0.00121653054483
0.00169937993326
-0.00120489676001
0.00406469888237
0.0015750936609
0.00150324321544
0.00219034008756
0.00119838702463
0.00168138202089
-0.00122263884568
0.00404730900804
0.0015312914601
0.00145972017736
0.0021473363677
0.00118193006212
0.00166505721595
-0.00123873146045
0.00403153605265
0.00148904847102
0.00141774681989
0.00210586457731
0.00116716122384
0.00165040704759
-0.00125317313935
0.00305450654362
0.00144836819399
0.00137732657766
0.0020659280309
0.00115408191726
0.0016374328897
-0.00126596256624
0.00304197142454
0.00140925400977
0.00133846276778
0.00202752992935
-0.00263779123776
-0.0020329214463
-0.00193443618224
-0.00327483151389
-0.00202247631467
-0.00129984081109
-0.000113635713246
-0.00273207354587
-0.00213101965032
-0.00203600512583
-0.00337934164591
-0.0021292118145
-0.00143166727353
-0.000248554143516
-0.00282477244105
-0.00222748489622
-0.00213589755482
-0.00348213951637
-0.002234208736
-0.00156186482091
-0.000381824040373
-0.00291587931192
-0.00232230756473
-0.00223410287694
-0.00358321366658
-0.00233745493951
-0.00169041914124
-0.000513430224626
0.00106341601111
-0.00241547812659
-0.00233061059164
-0.00368255273007
-0.00243893837732
-0.000720793036967
-0.000643357523158
0.000975518671681
-0.00250698714667
-0.00191949212358
-0.00378014543793
-0.00253864709947
-0.000846018035406
-0.000771590774888
0.000889238655172
-0.00259682528802
-0.00201257351239
-0.00165859796585
-0.00263656925952
-0.000969556987164
-0.000898114836898
0.000804584204448
-0.002684983316
-0.00210392638988
-0.00175266457258
-0.0027326931205
-0.00109139567681
-0.00102291459071
0.000721563461609
-0.0027714521024
-0.00219354066991
-0.00184495165576
-0.00282700706075
-0.00121151992761
-0.00114597494871
0.000640184464519
-0.00285622262958
-0.00228140638188
-0.00193544839039
-0.00291949957992
-0.00132991560761
-0.00126728086072
0.000560455143346
-0.0029392859946
-0.00236751367558
-0.00202414407606
-0.00301015930494
-0.00144656863583
-0.000233680251538
0.000482386576738
-0.00302063341334
-0.00245185282605
-0.00158124110489
-0.00309897499601
-0.00156146498857
-0.000351432304561
0.000405979949861
-0.00310025622464
-0.00253441423836
-0.00166630311714
-0.00318593555269
-0.00167459070586
-0.000467385053629
0.000331246108738
-0.00317814589443
-0.00261518845246
-0.00174953278153
-0.0032710300199
-0.00178593189797
-0.000581523666937
0.000258192518318
-0.00325429401983
-0.00269416614805
-0.00183091995086
-0.00335424759399
-0.00189547475205
-0.000693833385102
0.000186826518708
-0.00332869233325
-0.00277133814932
-0.00191045463001
-0.00103588717956
-0.00200320553891
-0.000804299528555
0.000117155321787
-0.00340133270647
-0.00284669542982
-0.00198812698136
-0.00111531919245
-0.00210911061982
-0.000912907505047
4.91860078662e-05
-0.00347220436071
-0.00292022911721
-0.00206392733034
-0.000634450259993
-0.00221317645347
-0.00101964281727
-1.70744776466e-05
-0.00354130504655
-0.002991930498
-0.0021378461708
-0.000710055465545
-0.00231538960294
-0.0011244910706
-8.16193275316e-05
-0.00360862428407
-0.0030617910223
-0.0022098741705
-0.000783732242863
-0.00241573674283
-0.00122743798089
-0.000144441876017
-0.00367415454272
-0.00312980230848
-0.00228000217643
-0.00085547082366
-0.00251420466643
-0.00132846938246
-0.00434776668324
-0.00589456535549
-0.00513270196145
-0.00443293733486
-0.00573536117368
-0.00474864154511
-0.00589602607549
-0.00499701315013
-0.00647881845878
-0.00579520597277
-0.00724481957894
-0.00659075577455
-0.0062364039282
-0.00773028471161
-0.0024334321698
-0.00388122305135
-0.00341302876981
-0.00477949652368
-0.00381115293133
-0.00525612235413
-0.004666827524
-0.00470166628521
-0.00402351432005
-0.00549915053459
-0.00466216444413
-0.00611378039165
-0.00512665627148
-0.00627946473108
-0.00511089690362
-0.00689874734251
-0.00627258246151
-0.0055594941112
-0.00698892346266
-0.00189185333995
-0.00367569603345
-0.00285766400823
-0.00441885130451
-0.00368152480186
-0.00534099316538
-0.00438388018642
-0.00580299456282
-0.00492523937571
-0.005153059932
-0.00435913832816
-0.00584062059425
-0.00500934792909
-0.00632320226261
-0.00547857708485
-0.00663648169924
-0.0055579616468
-0.00502490913456
-0.00663393709626
-0.00621047928445
-0.00316943933221
-0.00246825523932
-0.00398507865611
-0.00346227300451
-0.00492689116987
-0.00420120431643
-0.0055907160904
-0.00492566383406
-0.00407333406369
-0.00546240127689
-0.00545825396058
-0.00478765300875
-0.00615680895344
-0.00533086897757
-0.00664989534302
-0.00565433370009
-0.00474261925655
-0.0061451620385
-0.00562514288002
-0.0072471251389
-0.00208701376146
-0.00380790759378
-0.00311087510139
-0.00464192372982
-0.00385175245434
-0.00323705141297
-0.00469008633965
-0.00386847206799
-0.00515443753715
-0.00460094465405
-0.00603681128959
-0.00573870103212
-0.00507322602001
-0.00656521112381
-0.00562642826712
-0.00471946984175
-0.00595305960301
-0.00507075858133
-0.00655159658012
-0.00620037426252
-0.00336351868004
-0.00268731690854
-0.00414130843114
-0.00372703098504
-0.00305004674437
-0.0044953795074
-0.00361253748893
-0.00514746340823
-0.0043361062742
-0.00568230624119
-0.00489897413215
-0.00627981204995
-0.00599416159006
-0.00533338541023
-0.00459483695435
-0.00600939768226
-0.00499318416107
-0.00640572131204
-0.00562030726839
-0.00708896053206
-0.0021154729059
-0.0039254127592
-0.0032613112507
-0.00250415761508
-0.00403583600461
-0.00365255093015
-0.00511111190376
-0.00424105741984
-0.00547940235684
-0.00478937240796
-0.00623493555343
-0.00546551505718
-0.00684859007079
-0.00438156576703
-0.00556789811508
-0.00483354764032
-0.0062522169358
-0.00548995070033
-0.00702993753838
-0.00167262236357
-0.00312843844874
-0.00263898370471
-0.00206789860322
-0.0038083613178
-0.00306269287619
-0.00459693951147
-0.00394588712044
-0.00569815979393
-0.00484052909169
-0.00609072735527
-0.00513518757364
-0.00658856450611
-0.00599907381328
-0.00495678457327
-0.00468633888438
-0.00620167896878
-0.00549831942953
-0.00657530079145
-0.00597022675636
-0.00305719959551
-0.00228609135998
-0.00138373226306
-0.00313579655928
-0.00257609965342
-0.00415834157952
-0.00359324988569
-0.00512947253491
-0.00449106822609
-0.00597486734429
-0.00541012724728
-0.0044498791529
-0.00573168355709
-0.00495843338819
-0.0063081736144
-0.00546877448224
-0.00505035550953
-0.00662919023639
-0.00593371543609
-0.00741631137352
-0.00196277301057
-0.00128618761117
-0.00275891207593
-0.00195212905359
-0.00360537048644
-0.00305658377665
-0.00464964211679
-0.00391932700546
-0.00563275628654
-0.0050064962119
-0.00427997583309
-0.00566785271033
-0.00471859765501
-0.00629670338664
-0.00553757884252
-0.00690094797965
-0.0058115219248
-0.00607010258095
-0.00703209750922
-0.00634412916604
-0.00116769045524
-0.00281552878074
-0.0017239946224
-0.00320516912587
-0.00238353729152
-0.0041569277025
-0.00350879157783
-0.00511216731226
-0.00439200159265
-0.00370134271679
-0.00530930486744
-0.00477633900715
-0.00617528025824
-0.00523661612943
-0.00654810360845
-0.00608379903155
-0.00746027997459
-0.00638329935831
-0.00643630351676
-0.00583956161486
-0.00229130818076
-0.00156248632004
-0.00321856492848
-0.00256272801005
-0.00362439383994
-0.00278755127997
-0.00457046792074
-0.00403682429545
-0.00331598456885
-0.00483480815006
-0.00414416470872
-0.00576312970086
-0.00505256992279
-0.00665044828871
-0.0057218645597
-0.00704750825112
-0.00633422319037
-0.00798517222993
-0.00692010352466
-0.00237060438598
-0.00178133233829
-0.00333952576416
-0.00193117692269
-0.00359502649875
-0.00294689179764
-0.00444367064899
-0.00318668582441
-0.00272039473417
-0.00443088042949
-0.00381847740586
-0.00534638063577
-0.00455581988975
-0.00618515096024
-0.00548479774102
-0.00690419029484
-0.00617354834063
-0.00751281957889
-0.00681181089637
-0.00598843697633
-0.00742404341779
-0.00269130962806
-0.00210835908712
-0.00367281155093
-0.00296889018265
-0.00394452978508
-0.0033036141852
-0.00257678686973
-0.00398920200063
-0.00307596377936
-0.00479510779723
-0.00419131702412
-0.00572771297519
-0.00502918103212
-0.00657473848389
-0.00588393152763
-0.0050844301349
-0.00639628331953
-0.00572128815409
-0.00725374908714
-0.00644156512339
-0.00786636450447
-0.00380852415802
-0.00240945998626
-0.00397972034625
-0.00328430593079
-0.00273779410813
-0.00363251028293
-0.00291229622994
-0.00433116980194
-0.0038380971884
-0.00556525581176
-0.0045332269998
-0.00607749552094
-0.00537677280485
-0.00479014969536
-0.00624933207578
-0.00545845080644
-0.00682703743403
-0.00600831546831
-0.00765919867022
-0.00685744121003
-0.00843413499389
-0.00407802576123
-0.00350927351753
-0.0020353005019
-0.00357259356878
-0.00303231480076
-0.00463529727765
-0.00321910287818
-0.004643934798
-0.00413395723365
-0.00586845710965
-0.00528469284865
-0.00416053516461
-0.00569153595272
-0.00511311768257
-0.00666775030371
-0.00582092892089
-0.00726957055692
-0.00646172730644
-0.0078266013225
-0.00735978044592
-0.00449737961679
-0.00209961324284
-0.00375769117786
-0.00311622280098
-0.00383345620218
-0.00329885801664
-0.00490748246456
-0.00420549041229
-0.00563576009158
-0.00439938419932
-0.00391048436768
-0.00556337768
-0.00489174421592
-0.00597299054546
-0.00540197928661
-0.00697940057282
-0.00626146681736
-0.00767688182316
-0.0068792028016
-0.00818439429893
-0.00316275307912
-0.00255502569755
-0.00231691919261
-0.00397939485349
-0.00334228752344
-0.00489426825079
-0.00436726236962
-0.00515083574064
-0.00445385219161
-0.00366515759265
-0.00534920604113
-0.00415104937287
-0.005809839229
-0.00517178147222
-0.0067085384008
-0.00566397346203
-0.00729520764707
-0.00659705855385
-0.00812926499747
-0.00725994573631
-0.00187468012594
-0.0036038734782
-0.00300992926043
-0.00343681861693
-0.00417416715904
-0.00354091122444
-0.00509948955303
-0.00457700747518
-0.00397327174698
-0.00467253090345
-0.00396382760791
-0.00562366644564
-0.00508144829829
-0.00604290036681
-0.00541959320112
-0.00701262612772
-0.00638838127096
-0.00534110659625
-0.0069121625947
-0.00176999921767
-0.00321836895362
-0.00232524308668
-0.00400625786493
-0.0034250958827
-0.00371423497909
-0.00525092852477
-0.00455120573307
-0.00305462232635
-0.00475798808181
-0.00415815270361
-0.00569360805021
-0.00428472557147
-0.00595214776678
-0.00530537574736
-0.00697375370402
-0.00566250650644
-0.0050535932698
-0.00662644473906
-0.00604253985205
-0.00322339099821
-0.00206738509507
-0.00352346248861
-0.00267627572826
-0.00444964338351
-0.00379955625918
-0.00396539706982
-0.00328491610305
-0.00474329179339
-0.00404264207451
-0.00491000018455
-0.00431345556618
-0.00587298103944
-0.00540991128453
-0.00624999304797
-0.00561009144001
-0.0049267105096
-0.00662068959782
-0.00528952056167
-0.00682909502879
-0.0018366748965
-0.00347354372761
-0.00282557934704
-0.00378975775567
-0.00305691607415
-0.00477195878959
-0.00420726211036
-0.00502937969455
-0.00351385904648
-0.00497643183866
-0.00416282916356
-0.00587218722584
-0.00443899610917
-0.00612726757013
-0.00567046600377
-0.00512916015389
-0.00588311406304
-0.00515248854418
-0.00681689580681
-0.00622531599725
-0.00335278108858
-0.00203518299435
-0.00368866392936
-0.00304667727761
-0.00451538809384
-0.00341177397612
-0.00283915833688
-0.00449768329349
-0.000536007953818
0.000615975042793
-0.00112210281477
-4.74496094205e-05
-0.00231554868483
0.00155037060021
-0.000946026138114
-0.000738809327622
0.000395413936806
0.000888324966287
-0.000264636381402
-0.00253016741428
0.00134458283726
-0.00114953843132
-0.000940982111274
0.00017538269695
0.000669674665618
-0.000481282826081
-0.00274423843423
0.00113938231717
-0.00135245867377
-0.00114252138837
-4.41141825509e-05
0.000451563078257
0.00153666277777
-0.00295775734836
0.0009347735063
-0.00155478246242
-0.00134342220673
-0.000263072167603
0.000233994717476
0.00132111035256
-0.00317071972473
0.000730760903345
-0.00175650536359
-0.00155985024071
-0.000481486683995
1.69741356722e-05
0.00110611169467
-0.00338312109555
0.000527349039417
-0.00195762291292
-0.00177844708267
-0.000699353117146
-0.000199494075402
0.000891671359617
-0.00136890042597
0.000324542478112
-0.0021581306153
-0.00199649347411
0.00181995938107
-0.000415405284414
0.00067779394097
-0.00158016623823
0.000122345815577
-0.00235802394486
-0.0022139847067
0.00160320312083
-0.000630754820231
0.000464484070585
-0.00179085742501
0.00214489051128
-0.00255729834489
-0.00243091603043
0.00138700903223
-0.000845537971698
0.000251746418776
-0.0020009693736
0.00194392756526
-0.00275594922782
-0.00264728265341
0.00117138189374
-0.00105974998743
3.9585694504e-05
-0.00221049743469
0.00174358850238
-0.00295397197524
-0.00286307974159
0.000956326525398
-0.00127338607558
-0.00017199335444
-0.0024194369222
0.0015438780496
-0.000897840703982
-0.00307830241855
0.000741847789041
-0.00148644140366
-0.00038298594126
-0.00262778311315
0.00134480096666
-0.00109459320139
-0.00110523457851
0.000527950588524
-0.00169891109833
-0.00059338723998
-0.0028355312475
0.00114636204618
-0.00129070352247
-0.00131929363297
0.00031463986994
-0.00191079024519
-0.000803192385277
-0.00304267652807
0.000948566113651
-0.00148616692511
-0.00153276339022
0.000101920621837
-0.00212207388857
-0.00101239647232
-0.00324921412035
0.00075141802745
-0.00168097863623
0.00182780493866
0.00209381186381
-0.00233275703138
-0.0012209945566
-0.00345513915244
0.000554922678884
-0.00187513385186
0.00161552896431
0.00188229069319
-0.0025428346349
-0.00142898165379
-0.00366044671488
0.00035908499218
-0.00206862773713
0.00140385756293
0.00167137621553
0.00066119305773
-0.0016363527396
-0.00386513186059
0.000163909924486
-0.00226145542627
0.00119279591405
0.00146107359127
0.00266874984552
-0.00184310274961
-0.00110897614468
-3.05975341273e-05
-0.00245361202266
0.000982349241382
0.00125138802431
0.00246051951106
-0.00204922657918
-0.00131240146452
-0.000224432360688
-0.00264509259888
0.000159484152218
-0.000298826249931
-0.00186872434822
-0.00255829605265
-0.00283867472187
-0.00151725614238
-0.000370415347482
-5.213731216e-05
-0.000506383248442
-0.00207869695901
-0.00278249372325
-0.00306696997583
-0.00169458789083
-0.000550234757694
-0.000263195543412
-0.000713347796306
-0.00228808305354
-0.00300617907724
-0.00329477234494
-0.00187114765027
-0.000729283151101
-0.000473686087612
-0.000919715236649
-0.00249687791262
-0.00322934766925
-0.00352207743345
-0.00204693001703
-0.000907554977081
-0.000683604455919
-0.00112548087732
0.000796941969855
-0.00345199501279
-0.00151536251545
-0.00222192956104
-0.00108504465603
-0.000892946124436
0.000891287056021
0.000589343888221
-0.00367411657994
-0.00174165968462
-0.00239614082603
-0.00126174657961
-0.00110170653408
0.000686739232851
0.000382351423437
-0.00389570780104
-0.00196744612868
-0.00256955832985
-0.00143765511095
-0.00130988109044
0.000482807498578
0.000175969444371
-0.00411676406445
-0.00219271727922
-0.00275160203305
-0.00161276458498
-0.00151746516365
0.000279496687506
-2.97971423721e-05
-0.00168833388709
-0.00241746852375
-0.00297863133132
-0.00178706930866
-0.00172445408829
7.68116696974e-05
-0.000234943392331
-0.00190830623072
-0.00264169520544
-0.00320514451345
-0.00196056356127
-0.00193084316324
-0.000125242648947
0.00178410278275
-0.0021277295268
-0.00286539262274
-0.00119663788811
-0.00213324159472
-0.00213662765157
-0.000326661326621
0.0015802121917
-0.00234659899282
-0.00308855602902
-0.00142210462792
-0.00230509763387
-0.00234180278045
-0.000527439385547
0.00137695699901
-0.0025649098028
-0.00331118063229
-0.00164704094778
-0.00247612587686
-0.00254636374103
-0.000727571811914
0.00117434230159
-0.00278265708709
-0.0035332615948
-0.00187144198533
-0.00264632049541
-0.00275030568834
-0.000927053555834
0.000972373234695
-0.00299983593208
-0.00375479403276
-0.00209530283042
-0.00281567563524
-0.00295362374125
-0.00112587953129
0.00076161280699
-0.00321644137988
-0.00397577301598
-0.00231861852468
-0.00298418541639
-0.0031563129823
-0.00132404461611
0.000548168797323
-0.00119910008353
-0.00419619356754
-0.00254138406115
-0.000922908684481
-0.00105709459019
-0.00152154365192
0.000335315954826
-0.00141454368511
-0.00198286426654
-0.00276359438397
-0.0010992207028
-0.00125851130966
-0.00171837144415
0.00012305931517
-0.00162939874784
-0.00220215283555
-0.00298524438793
-0.00132249874719
-0.00145928424646
-0.00192016949863
-8.85960429661e-05
-0.0018436601343
-0.00242086775861
-0.00320632891818
-0.00154521722194
-0.00165940833731
-0.0021229809532
-0.000299644997688
-0.00205732266153
-0.00263900386867
-0.00342684276984
-0.00176737089974
-0.00737437679829
-0.00820376304987
-0.0050415975505
-0.00594011302364
-0.00629789424799
-0.00732235452297
-0.00837704081417
-0.00950102495974
-0.00809572037555
-0.00493062518693
-0.0058261698148
-0.00619103152635
-0.00721256235755
-0.00826430899018
-0.00939513601802
-0.00798694252301
-0.00481890395856
-0.00571146437338
-0.0060833705163
-0.00710195671828
-0.00815074899889
-0.00928852789448
-0.00787743174175
-0.00470643628228
-0.00559599929234
-0.00597491383427
-0.00699054041891
-0.00803636385967
-0.00918120268663
-0.0077671902872
-0.0045932245806
-0.00547977716996
-0.00586566410443
-0.00687831628072
-0.00792115659902
-0.00907316249787
-0.00765622042047
-0.00447927128151
-0.00536280060958
-0.00575562395852
-0.00676528713223
-0.00780513025025
-0.00896440943729
-0.00754452440822
-0.00436457881823
-0.00524507221943
-0.00787808614907
-0.00665145580892
-0.00768828785315
-0.00885494561955
-0.00966721537158
-0.00424914962903
-0.00512659461235
-0.0077664730951
-0.00653682515294
-0.00757063245374
-0.00874484467414
-0.00955407388943
-0.00413298615704
-0.00500737040561
-0.00604877267356
-0.00642139801286
-0.00745216710391
-0.00865994706808
-0.00944021309306
-0.00401609085001
-0.0048874022207
-0.00593559732258
-0.00630517724336
-0.00733289486117
-0.00857429861839
-0.00932563526941
-0.00389846616018
-0.00476669268306
-0.00582164481843
-0.006188165705
-0.00721281878831
-0.00848790107334
-0.00921034271006
-0.003780114544
-0.00464524442193
-0.00570691783281
-0.00607036626393
-0.00709194195312
-0.00840075619099
-0.00911631558206
-0.00366103846201
-0.0045230600701
-0.0055914190432
-0.00817892703878
-0.00697026742812
-0.00831286573905
-0.00902614708792
-0.00577672841341
-0.0044001422637
-0.00547515113266
-0.00805956041177
-0.00684779829024
-0.0082242314947
-0.00893521933259
-0.00565621079669
-0.004276493642
-0.0053583906961
-0.00793941451139
-0.00672453762054
-0.00605798448264
-0.00884353423522
-0.00555266138637
-0.00418669468569
-0.00526761685948
-0.00783495901688
-0.00660552889592
-0.00596786802215
-0.00875109372437
-0.00545786819831
-0.00409749969874
-0.00517602518763
-0.00774095324309
-0.00650910905879
-0.00587701315612
-0.0086578997379
-0.0053623065875
-0.00400750619031
-0.00508361792631
-0.00620040531234
-0.00641184031557
-0.00578542169809
-0.00856395422275
-0.00526597864154
-0.00615012837356
-0.00499039733297
-0.00610473710672
-0.00853625115646
-0.00792824077835
-0.00846925913477
-0.00516888645711
-0.00605854412247
-0.00489636567648
-0.00600824133691
-0.00843729242193
-0.00783518161155
-0.00837381643857
-0.00507103213979
-0.00596616767222
-0.00480152523691
-0.00591092045272
-0.00833749262564
-0.00921538690817
-0.00705175240587
-0.00651907270318
-0.00698396514524
-0.00878476929397
-0.00458073711606
-0.00869096764542
-0.00913386342253
-0.0069699238112
-0.00644761338573
-0.00691223037163
-0.00869899794257
-0.00449466647198
-0.00860025826402
-0.00905165692063
-0.00688741005911
-0.0063754532781
-0.00683979243817
-0.00861253951847
-0.00440790679194
-0.0085088648672
-0.00896876878179
-0.00680421254359
-0.00630259363186
-0.00676665261034
-0.00852539550218
-0.00654238848046
-0.00842782594679
-0.00888520039301
-0.00672033266637
-0.00622903570769
-0.00669281216281
-0.00843756738163
-0.00645425522126
-0.00834728100578
-0.00880095314889
-0.00663577183681
-0.00837731038778
-0.00661827237933
-0.0083490566521
-0.0063654374337
-0.00826603890454
-0.00609766346171
-0.00655053147177
-0.00830235972578
-0.00654303455264
-0.00825986481609
-0.00627593663494
-0.00818410106054
-0.00601206272043
-0.00646461299552
-0.00822671462159
-0.00646709998433
-0.00816999338319
-0.00618575434929
-0.00810146889951
-0.00592578735197
-0.00637801783965
-0.00815037637133
-0.00639046998481
-0.00807980474211
-0.0060948921081
-0.00801814385534
-0.00583883878018
-0.00629074744293
-0.00807334627974
-0.00631314587312
-0.00800228307418
-0.0060033514496
-0.010156058142
-0.00575121843598
-0.00620280325125
-0.00799562566008
-0.00605562493252
-0.00792406710799
-0.00591113391883
-0.0100713516651
-0.00566292775724
-0.00611418671746
-0.00791721583399
-0.00597691658783
-0.00784515818938
-0.00581824106751
-0.00998595665446
-0.00780352835528
-0.00602489930133
-0.00783811813142
-0.00589751813914
-0.00776555767259
-0.00572467445394
-0.00989987457529
-0.00771390134837
-0.00593494246938
-0.00775833389054
-0.00581743093915
-0.00768526692017
-0.00563043564288
-0.00741659505525
-0.00763216235515
-0.00584431769483
-0.00767786445761
-0.00573665634873
-0.00760428730285
-0.00553552620543
-0.00732914326527
-0.0075699829198
-0.00575302645744
-0.00759671118689
-0.00565519573681
-0.00752262019945
-0.00543994771892
-0.00724100884783
-0.00750710431146
-0.00566107024348
-0.00751487544053
-0.00557305048024
-0.00966219311222
-0.00535824879493
-0.00715219329789
-0.00744352760015
-0.00780368016973
-0.00743235858847
-0.00549022196373
-0.00957915520494
-0.00528267553158
-0.0070626981176
-0.00737925386555
-0.00773921817878
-0.00734916200837
-0.00540671157973
-0.00949543399551
-0.00520640732865
-0.00697252481612
-0.00731428419695
-0.00767405841565
-0.00726528708546
-0.00532252072833
-0.00941103089403
-0.00512944549626
-0.00688167490952
-0.00724861969308
-0.00760820198843
-0.00718073521244
-0.00523765081713
-0.00932594731819
-0.00505179135311
-0.00679014992069
