0.000451954613007
-0.00122560633014
-0.00212554432845
-0.00248282245188
-0.000774482368161
-0.00307759769401
-0.0016083915005
0.000384628565294
-0.00129401009959
-0.00219460436372
-0.0025456197433
-0.000844988000929
-0.00314901228296
-0.00168042277483
0.000318532613115
-0.00136116616361
-0.00226313029191
-0.00261425432624
-0.000914199218864
-0.00321911770425
-0.00175113491474
0.000253670270265
-0.00142707084267
-0.00233910389127
-0.000434761638782
-0.000982111926316
-0.00328790970765
-0.00182052356307
0.000190044997976
-0.00149172051175
-0.00241382651025
-0.000500830680338
-0.00104872208766
-0.00335538410465
-0.00188858442554
0.00012766020406
-0.00155511160125
-0.00248729397932
-0.000565611174473
-0.00111402572843
-0.00342153676964
-0.00195531327199
6.65192420528e-05
-0.00161802858603
-0.0025595021809
-0.00062909934958
-0.00117801893637
-0.00348636364112
-0.00202070593757
6.62541036371e-06
-0.00168799201171
-0.0026304470504
-0.000691291494997
-0.00273165729457
-0.00354986072279
-0.00208475832397
-5.20180485585e-05
-0.00175670364715
-0.00270012457731
-0.000752183962023
-0.00279301815461
-0.00361202408477
-0.0021474664006
-0.000109407949057
-0.00182415969322
-0.00276853080622
-0.000811773164927
-0.00285305722948
-0.00367284986468
-0.00220882620582
-0.000165541163086
-0.00189035640521
-0.00283566183785
-0.00087005558194
-0.00291177086676
-0.00373233426884
-0.00226883384807
-0.00149046014734
-0.00195529009385
-0.00290151383011
-0.00092702775624
-0.00296915548164
-0.00156055158788
-0.00232748550704
-0.00154407083877
-0.00201895712625
-0.00296608299907
-0.000982686296924
-0.00302520755794
-0.0016173421396
-0.00238477743485
-0.0015964158133
-0.00208135392684
-0.00302936562004
-0.00103702787997
-0.00307992364915
-0.00167278035748
-0.00244070595714
-0.0016474921813
2.39972597302e-05
-0.00309135802852
-0.00109004924916
-0.00313330037945
-0.00172686273347
-0.000239898962102
-0.00169729711471
-3.58485845194e-05
-0.00315205662123
-0.00114174721707
-0.00318533444466
-0.00177958583361
-0.000293089950046
-0.00174582784774
-9.4413823566e-05
-0.00321145785706
-0.0011921186659
-0.00323602261326
-0.00183094629908
-0.000344906961769
-0.0017941027781
-0.000151695120459
-0.00326955825809
-0.00124116054845
-0.00328536172734
-0.00188094084722
-0.00039534662811
-0.00184910710091
-0.00020768920018
-0.00115988017247
-0.00128886988897
-0.00333334870352
-0.00192956627252
-0.00044440565887
-0.00190284225597
-0.000262392850532
-0.00121536872755
-0.00134285370226
-0.00337998053394
-0.00197681944765
-0.000492080843852
-0.00195530525547
-0.000315802923018
-0.00126954640258
-0.0049893782344
-0.00342525428708
-0.00202269732439
-0.000538369053869
-0.00325214613065
-0.000366696624318
-0.00337694194599
-0.00482850498275
-0.00223100627299
-0.00393850545964
-0.00542641981397
-0.00330507329987
-0.000433380753928
-0.00342289136634
-0.00487739749757
-0.00226530650042
-0.00397507061119
-0.00546518481946
-0.00335635361368
-0.00469648861668
-0.00346697088677
-0.00492430628356
-0.00229746155902
-0.00401668318657
-0.00550152728696
-0.00340598228275
-0.00475974190983
-0.00212883504553
-0.00496922501338
-0.0023343124131
-0.0040567617133
-0.00553543997987
-0.00345395465432
-0.00482126989838
-0.00216915917494
-0.00501214760287
-0.00236974896157
-0.00409455910294
-0.00556691611936
-0.00350331840568
-0.00488106618578
-0.00220759822709
-0.00505306821508
-0.00678721171917
-0.00413006867434
-0.00559594939107
-0.00355805731679
-0.00493912452517
-0.00226966156119
-0.00509198126407
-0.00681834560064
-0.00416760901348
-0.00563187746523
-0.00361114511116
-0.00499738898184
-0.00233540990644
-0.00512888141865
-0.00684732067084
-0.00420720494993
-0.00567395219167
-0.0036625767936
-0.00505754478498
-0.00239932319554
-0.00516376360597
-0.00687618289938
-0.00424450989123
-0.00571359760127
-0.00371234750554
-0.00511595730811
-0.0024613938825
-0.0051966230149
-0.00690896984879
-0.00427951718913
-0.00575080573064
-0.00376045252717
-0.00517262037916
-0.00252161459925
-0.00522745509932
-0.00693959571368
-0.00431222058145
-0.00578556907426
-0.00380688727966
-0.00522752798303
-0.00257997815972
-0.00527775540896
-0.00696805566546
-0.00212068761644
-0.00359120566262
-0.00385164732721
-0.00528067426465
-0.00263647756389
-0.00310739322371
-0.00477092617862
-0.00214876598243
-0.00362105878631
-0.00389472837914
-0.00309871871495
-0.000460760730269
-0.00316539881319
-0.00479504113634
-0.00217452402601
-0.00364844742696
-0.00170915380502
-0.00314832544174
-0.000513511585854
-0.00322141902007
-0.00481697768056
-0.002197957081
-0.00367336598045
-0.00174925697946
-0.00319615427062
-0.000564378440836
-0.0032754461886
-0.00483673231714
-0.00221906089154
-0.00369580933331
-0.0018021956814
-0.00325212520251
-0.000613355078422
-0.00332747289808
-0.00485430189309
-0.00223783161588
-0.0037157728679
-0.00187195690048
-0.00331600591763
-0.00066490056265
-0.00337749196772
-0.00486968359905
-0.00225426582993
-0.00374188995527
-0.0019400852701
-0.00337813516203
-0.000730968448464
-0.00342549646137
-0.00488287497156
-0.00226836053027
-0.00380460157328
-0.00200657438128
-0.00343850627286
-0.00512946356645
-0.0034919502047
-0.0049221145805
-0.00228011313696
-0.00386491849349
-0.00207141794685
-0.00349711274341
-0.00519180548997
-0.00355817460435
-0.00498351811074
-0.00229625372279
-0.00392282864029
-0.00794789548431
-0.00827277145505
-0.00895236834422
-0.00732822090118
-0.0078728305895
-0.00617767063311
-0.00883138304692
-0.00713164807541
-0.00759102220176
-0.00585037947926
-0.00418053734106
-0.00693962186909
-0.00526603429744
-0.00953209190861
-0.00779637393823
-0.00846739807878
-0.00901074022578
-0.00729915027195
-0.00780994005578
-0.0060220500845
-0.00653322938433
-0.00481607612004
-0.00522804650324
-0.00582311343142
-0.00421149487567
-0.00868213179964
-0.00696853777491
-0.00963060563695
-0.00789983928539
-0.0084146549546
-0.00668076678712
-0.00499179624597
-0.00776052423025
-0.00604838968128
-0.00644392144766
-0.00467633793173
-0.00777504979093
-0.00602542155678
-0.0102759199304
-0.00854076765694
-0.00676065985086
-0.00971807936783
-0.00776900642261
-0.00610319262997
-0.00661048395824
-0.0050087320853
-0.00552631610311
-0.00597172999483
-0.00650085494667
-0.00867407606728
-0.00922330089066
-0.00749806003246
-0.00802887626848
-0.00854611591796
-0.00679365441597
-0.00719591936647
-0.00539847332454
-0.0085087437525
-0.00676752725193
-0.00725031537755
-0.00549441042598
-0.00371869212346
-0.00690216342823
-0.00863614114932
-0.00694807927067
-0.00745636568109
-0.00577233397381
-0.00851205500064
-0.00676022897406
-0.00725309365544
-0.00560709421505
-0.00609899095648
-0.00672613436864
-0.00505282820151
-0.00929607478168
-0.0074999208713
-0.0079087827209
-0.00853233881007
-0.00920162376862
-0.00746862597813
-0.00791427041731
-0.0061397774735
-0.00710132245531
-0.00756765686842
-0.00555862432761
-0.0077611167643
-0.0082780603068
-0.00650067102568
-0.00927407625188
-0.00759199392275
-0.00808663690737
-0.0064033427301
-0.00685544648397
-0.00747109585536
-0.00582237449839
-0.0062915353087
-0.00437889787165
-0.00479417634142
-0.00573067292108
-0.00985163607509
-0.00812660378301
-0.0085334132293
-0.00673923005635
-0.00770781953819
-0.00818679336218
-0.00636268490906
-0.00464555736443
-0.00515116435135
-0.00556500935704
-0.00618006637821
-0.00838939807751
-0.0088855052003
-0.00716315128283
-0.00997642851606
-0.00817704852983
-0.0065532275631
-0.00703047709972
-0.00506745346392
-0.00810957920093
-0.0064555352034
-0.00688972375714
-0.00517435112742
-0.0056265989179
-0.00665977658364
-0.0082659351664
-0.00875733261801
-0.0071327510575
-0.00767411782368
-0.00593576399853
-0.00632351844701
-0.00693091294081
-0.00532592632549
-0.00583831681494
-0.00405551925281
-0.00707325333191
-0.00884206240608
-0.00724337574145
-0.00772852529889
-0.00840939386195
-0.00883895478192
-0.00713774682191
-0.00754113751174
-0.00575343000829
-0.00918324876316
-0.00724969612915
-0.00542077015953
-0.00592429014887
-0.00794367084583
-0.00844488015947
-0.00903907513448
-0.00713693901864
-0.00764386398579
-0.00604903891066
-0.00658736191763
-0.00729488027624
-0.00776194023722
-0.00583149986204
-0.00425770339714
-0.00475050675216
-0.009080321309
-0.00952567665458
-0.00777511552955
-0.00818502980029
-0.00638247282482
-0.00976595042278
-0.00783683240322
-0.0059991715799
-0.00639113232761
-0.00488247841093
-0.00781989455123
-0.00981085233447
-0.00791444624973
-0.00837592599091
-0.00673215083575
-0.00984950711026
-0.00801080136644
-0.00840816593983
-0.00648728075097
-0.00486035451449
-0.00821931888539
-0.00630720332654
-0.0067596860016
-0.00496349385412
-0.00537964246334
-0.00988903637788
-0.0102983308687
-0.00837338482084
-0.00657220395579
-0.00693475225916
-0.00564487385786
-0.00854512981746
-0.00685216897549
-0.00495883060877
-0.00542716173622
-0.00367558141863
-0.0105172729034
-0.00868489954071
-0.00902875966431
-0.00717254526754
-0.00541660150277
-0.00878435809252
-0.00689516415466
-0.0073544568568
-0.00550465215186
-0.00593187920118
-0.00713557828353
-0.00749460939705
-0.00557609782866
-0.00381431186207
-0.00748003325647
-0.00884117149314
-0.00924290712825
-0.00754652392832
-0.0056586985518
-0.00613367483103
-0.00707643131326
-0.00767274366454
-0.00585088285108
-0.00619954393886
-0.00435378860021
-0.00883380379185
-0.00934997743796
-0.00743424483345
-0.0078999651682
-0.00599453839449
-0.00946785974831
-0.00761306529885
-0.00792002523715
-0.00607064760284
-0.00431540236354
-0.00778673795684
-0.0095259403738
-0.00993407356963
-0.00819925986665
-0.00631678333486
-0.00679814608888
-0.00770595154798
-0.00825117826179
-0.00643514612722
-0.00678835401068
-0.00795455378037
-0.00828129288548
-0.00656307886356
-0.00468134324616
-0.00509463032734
-0.00946621900423
-0.00991516221202
-0.00803581761713
-0.00834186735772
-0.00665171358456
-0.00790550672238
-0.00824919958092
-0.00664701332232
-0.00705508726061
-0.00528360991289
-0.00340930385708
-0.0101962791536
-0.00828992683473
-0.00878601257611
-0.00697604148902
-0.00732889578789
-0.00850046433555
-0.0088619377174
-0.00702707562809
-0.00521454289232
-0.00553534613169
-0.00672722099376
-0.0070454859016
-0.00513919161808
-0.0088614219697
-0.007179027249
-0.00837272005868
-0.00865945722703
-0.00727577109473
-0.00766055646031
-0.00584728998876
-0.0069406116085
-0.00743374616096
-0.00550823157204
-0.00599728599439
-0.00748141204086
-0.010820313914
-0.00901811456407
-0.0093924362958
-0.00753242879798
-0.0057105745155
-0.00913948618304
-0.00729370475901
-0.00742817709482
-0.0054754781294
-0.00606269075822
-0.00750558688783
-0.00557464052733
-0.00585532644663
-0.00785986029289
-0.00822026702196
-0.00636359374391
-0.00746152093462
-0.00795992294172
-0.00603836857704
-0.00649052066669
-0.00460827031196
-0.0080313653167
-0.00625355928552
-0.00661371836144
-0.00806372025424
-0.0062269967683
-0.00966894087429
-0.00780679850577
-0.00794318617678
-0.00575337212047
-0.0095927092193
-0.00791826832461
-0.00599087045757
-0.00620671328883
-0.00501143941598
-0.00873560007203
-0.00987014215062
-0.00800796792659
-0.0084462782126
-0.0065409799911
-0.00693193362126
-0.00822365683209
-0.0085821161875
-0.0067448187789
-0.00705143566279
-0.00528326572875
-0.00659326366728
-0.00697867212521
-0.00506954726551
-0.00844744241062
-0.00626123991753
-0.00993924913887
-0.00827038430196
-0.00857301578643
-0.00654785580721
-0.00550051995587
-0.00591073888018
-0.00716209470615
-0.00528080702889
-0.00570361829213
-0.00708861175326
-0.0104451014455
-0.00872975891333
-0.00909945918957
-0.00727232366546
-0.00751022424539
-0.00894192762156
-0.00706477614557
-0.00742153537562
-0.00548405711753
-0.00577761171181
-0.00689502777318
-0.00726341745002
-0.00554042741694
-0.00886528444217
-0.00698111200829
-0.00600535720665
-0.00950642234188
-0.00765985313589
-0.00576877472725
-0.00617592965331
-0.00432816539367
-0.00773659378877
-0.00604071964018
-0.00640876568818
-0.00774585735943
-0.00798685958488
-0.00941157312451
-0.00753908255569
-0.00780599110539
-0.00594769914855
-0.00624519562109
-0.0073631216574
-0.00776106312025
-0.00586558456526
-0.0060733345856
-0.00432794096703
-0.00961003671905
-0.0100072879205
-0.00815215928381
-0.00627563369856
-0.00660756922311
-0.00794611105217
-0.00812842230368
-0.006473287575
-0.0068367179243
-0.00499632485235
-0.00859617590899
-0.00685787460635
-0.00498684333587
-0.00813010733996
-0.00635216464003
-0.00996522227417
-0.00777157019748
-0.0081991538236
-0.00630809812534
-0.00638048149056
-0.00816664874679
-0.00696820178326
-0.00736309171824
-0.00547495638309
-0.00672989456822
-0.00699157870666
-0.00833412191092
-0.00856003949955
-0.00684932487843
-0.00721653522046
-0.00535607013045
-0.00895802673693
-0.00721076167334
-0.00534340074609
-0.00551914894466
-0.00729917442835
-0.00760325634429
-0.00811820668997
-0.00857533724963
-0.00668817379013
-0.0102921342357
-0.00840652016109
-0.00739430741345
-0.00778654418034
-0.00587099048032
-0.00622697591568
-0.00758712157653
-0.00576787959764
-0.00899870041834
-0.00716706992197
-0.00753753644744
-0.00902193757165
-0.00925968594861
-0.00750244850688
-0.00563817853911
-0.00586438571836
-0.00757920529295
-0.00788582980849
-0.00569732678247
-0.00618371120067
-0.00430430706794
-0.00810445865146
-0.0085785296652
-0.00193258477006
-0.000156953528453
-0.000576075188981
-0.00207213654838
-0.000532084820096
-0.0017746677282
-1.40043867481e-05
-0.00203138091644
-0.000261113263659
-0.000657105335861
-0.00215176451306
-0.000624851408571
-0.00185454006088
-9.50337624395e-05
-0.00213249109059
-0.00036431347841
-0.000762228873872
-0.00223034117246
-0.000716576700243
-0.00193332570246
-0.000174963109719
-0.00223265263729
-0.000466550566991
0.001368584685
-0.00231808394389
-0.00080725702511
-0.00201102131175
-0.000253788947302
-0.00233186216305
-0.000567820939502
0.00126541730446
-0.00240612026271
-0.000896888738006
-0.00209299589035
-0.000331507827566
0.00104532530675
-0.000668121022378
0.00116323365049
-0.00249311956792
-0.00098546821924
-0.0021829567136
-0.00040811633723
0.000948029937768
-0.000767447258911
0.00106203746602
-0.00257907844335
-0.00107299187523
-0.00227184840851
-0.00396708255867
0.000851696670611
-0.000865796109774
0.000961832476565
-0.000435632875803
-0.00115945613913
0.000500906802444
-0.00404157311921
0.000756328830769
-0.000963164053549
0.000862622389602
-0.000523963958445
-0.00124485747148
0.0004141645136
-0.00411524685475
0.000661929725512
-0.00105954758726
0.000764410894056
-0.000623809792116
-0.00132919236084
0.000328502445887
-0.00418779772181
0.000568502643411
-0.00115494322689
-0.00245281278429
-0.000722640728168
0.000811042726183
0.000243924239184
-0.0042592224725
0.000476050853845
-0.00124934750794
-0.0025490161074
-0.000820452945946
0.000728851141879
0.00016043350338
-0.00432951789707
0.000380501805685
-0.00134275698593
-0.00264420988951
-0.000917242645274
0.000647736360423
7.80338176843e-05
-0.00439868082461
0.000278595170161
-0.00143516823697
-0.00273839052176
-0.00101300604707
0.000567701774821
-3.2712700456e-06
-0.00446670812372
0.00241014028523
-0.00152657785827
-0.00283155441672
-0.00110773939399
0.00048875074688
0.00213944624926
-0.00454490538956
0.00231015484955
-0.00161698246869
-0.00292369800904
-0.00120143895101
0.000410886606578
0.00206034087221
-0.00462504388208
0.00221113524936
-0.00170637870929
-0.00301481775599
-0.0012941010061
0.000334112651425
0.00198234054174
-0.0047040650496
0.00211308495248
0.00043772965753
-0.00310491013804
-0.00138572187083
0.000258432145835
0.00190544867351
-0.0047819653474
0.00201600740913
0.000350360141947
-0.00319397165949
-0.00147629788101
0.0001838483205
0.0018296686484
-0.00263285702995
0.00191990605149
0.000264008934474
-0.00328199884902
-0.0015658253973
0.000110364371756
-0.00172550790563
-0.0027085050972
0.00182478429311
0.000173735135013
-0.00336898826029
-0.00165430080588
3.7983460966e-05
-0.0017990542442
-0.00278302187696
-0.000234614885388
-0.00364233027423
-0.00490424215947
-0.0020961973191
-0.0032813177265
-0.00641881075932
-0.00367510656025
-0.000300463602475
-0.00370071868735
-0.00496599976623
-0.00216156177668
-0.00335050390789
-0.0064783826985
-0.0037267889851
-0.000364973029262
-0.00375767748865
-0.0050262520805
-0.00222534119761
-0.00341802208103
-0.00430680643161
-0.00154374048612
-0.00438264652006
-0.00381320264132
-0.00508499434519
-6.44713644192e-05
-0.00125451966159
-0.00285508044778
-0.0015915327372
-0.00221753422323
-0.00163657984553
-0.00291807085805
-0.00012506398522
-0.00131868208289
-0.00290922627326
-0.00163760609066
-0.00227800171736
-0.00168922593967
-0.00297377915373
-0.000184055073735
-0.00138115702448
-0.00296155082399
-0.00169340991296
-0.00233711411254
-0.00174042680182
-0.00302796373502
-0.00431067128261
-0.00144193826467
-0.00301204811354
-0.00174727294029
-0.00239486763391
-0.00179260903238
-0.00308062025483
-0.00436644363704
-0.00150101972106
-0.00306071233961
-0.00179918815943
-0.00245125857984
-0.00185214123008
-0.00313174447283
-0.0044205990343
-0.0015583954534
-0.00310753788728
-0.00184914877879
-0.00250628332305
-0.00191023695299
-0.00318133225705
-0.00447313258097
-0.00161405966644
-0.00315251933209
-0.00614935057582
-0.00255993831171
-0.0019668920375
-0.0032293795855
-0.00452403951131
-0.00166800671266
-0.00321386404714
-0.00619538252838
-0.00261222007055
-0.00202210240774
-0.00327588254773
-0.00457331518932
-0.00172023109503
-0.00328145052825
-0.00623944087799
-0.00266312520192
-0.00207586407696
-0.00332083734636
-0.00462095511074
-0.00177072746969
-0.00334723542529
-0.00628151976089
-0.00271265038686
-0.00212817314892
-0.0033642402986
-0.00466695490507
-0.00181949064855
-0.00341121123045
-0.00634942881792
-0.00279237904745
-0.00217902581921
-0.0034060878377
-0.00471131033749
-0.00186651560188
-0.00347337060231
-0.00641570582452
-0.00287713286932
-0.00222841837662
-0.00344637651436
-0.00475401731073
-0.00191179746078
-0.0035337063698
-0.00648004984614
-0.00296057410125
-0.00228638673086
-0.00348917701256
-0.00479507186694
-0.00195533151963
-0.00359221153609
-0.00654245244595
-0.00304269752887
-0.00237302577773
-0.00353831162465
-0.00483447018945
-0.00200220700558
-0.00364887928241
-0.00660290539476
-0.00312349799313
-0.00245828158801
-0.00358589526339
-0.00487220860449
-0.00205358724576
-0.00370370297182
-0.00666140067604
-0.00320297039179
-0.0025421482212
-0.00366032540069
-0.00490828358289
-0.00210322628311
-0.0037566761529
-0.00671793049099
-0.00328110968087
-0.00262461980036
-0.00374742066402
-0.00494269174168
-0.00215111894468
-0.0015749699738
-0.00453966467387
-0.00627456041067
-0.00532449852906
-0.00445479919371
-0.00350601103491
-0.0025223386157
-0.00614601561235
-0.00741793635552
-0.00618849789481
-0.00523209409316
-0.00436791202408
-0.00567557054785
-0.00466288721236
-0.00828767531076
-0.00732607123713
-0.00610162888849
-0.00747450941206
-0.00656258185581
-0.00558126343317
-0.00456342960221
-0.00819864098948
-0.00723530194831
-0.00829388432762
-0.00738252510294
-0.00647396886149
-0.00548930004582
-0.00446306761431
-0.00810864163091
-0.00714495189963
-0.00820540850389
-0.00729092199594
-0.00638449654206
-0.00539645150605
-0.0043618043192
-0.00801768029549
-0.00705359936541
-0.00811613237692
-0.0071984960534
-0.0062735366504
-0.0053027204875
-0.00427069292518
-0.00792576006323
-0.00696124770733
-0.00802605803243
-0.00710524957357
-0.00618235292636
-0.0052081096783
-0.00418767921749
-0.00783288403326
-0.00686790030856
-0.00793518756748
-0.00701118486641
-0.00609031715045
-0.00511262178079
-0.00410373104827
-0.00774206958426
-0.00677403872369
-0.0078435230902
-0.00691630425338
-0.00599743177421
-0.00501625951111
-0.00401885106109
-0.00753750465682
-0.00667930862822
-0.00775106671964
-0.0068206100672
-0.00590369926232
-0.00491902559893
-0.00393304191874
-0.00744569639945
-0.00658359165966
-0.00765782058548
-0.00672410465159
-0.00580912209226
-0.00483496278359
-0.00384630630287
-0.00735293618942
-0.00648689126542
-0.00756378682791
-0.00662679036101
-0.00571370275407
-0.00475060044673
-0.00375864691359
-0.00725922711489
-0.00638921091205
-0.00305527904197
-0.00652866956047
-0.00561744375003
-0.00466534549277
-0.00367006646912
-0.00716457228207
-0.0062905540847
-0.00295967649887
-0.00642974462522
-0.00552034759443
-0.00457920037813
-0.00358056770543
-0.00706897481476
-0.00619092428662
-0.00286329281354
-0.00633415484915
-0.00542241681326
-0.00449216757571
-0.00349015337586
-0.0069724378539
-0.00609032503861
-0.0027661301659
-0.00623885096635
-0.00532365394394
-0.00440424957463
-0.00339882625072
-0.0068749645572
-0.00598875987853
-0.00266819074529
-0.00614273981551
-0.00522406153503
-0.00431544887985
-0.003306589117
-0.00677655809861
-0.00588623236075
-0.00256947675026
-0.00604582371653
-0.00513044803129
-0.00422576801193
-0.00321344477792
-0.00667722166797
-0.00579422446226
-0.00246999038836
-0.00594810499975
-0.00504319306698
-0.00413520950666
-0.00311939605261
-0.00434127668786
-0.00793910858556
-0.00236973387593
-0.0058495860057
-0.00495508879533
-0.00626750600205
-0.00524839472384
-0.00425816222812
-0.00785252455264
-0.00232098271136
-0.00806066153169
-0.00712202990942
-0.00617519988892
-0.00515254574526
-0.00417408842746
-0.00776494833528
-0.00335576922616
-0.00420545692694
-0.00516887336043
-0.00346618745636
-0.00508586074566
-0.00617865942502
-0.00277701709527
-0.00328055139961
-0.00412917878712
-0.00509216046553
-0.00338835230946
-0.00500695895469
-0.00609705561184
-0.00269438369076
-0.0032046599703
-0.0040522186191
-0.00677896878881
-0.00330981699568
-0.00492734883453
-0.00601473786683
-0.00261102883288
-0.00312809616229
-0.00397457769785
-0.00670087417956
-0.00323058289009
-0.00484703181455
-0.00593170769927
-0.00462636564751
-0.00305086120751
-0.0038962573064
-0.00662209070042
-0.00315065137634
-0.00476600933296
-0.00584796662714
-0.00454157258317
-0.00297295634564
-0.00381725873573
-0.0065426196873
-0.00307002384656
-0.00468428283663
-0.00576351617708
-0.00445606278348
-0.002894382824
-0.00549050466483
-0.00646246248428
-0.00298870170126
-0.00460185378099
-0.00567835788424
-0.00436983783859
-0.0028151418975
-0.00541015364011
-0.00638162044349
-0.00355529571176
-0.00451872362994
-0.0076125328878
-0.00428289934724
-0.00273523482854
-0.00532912835598
-0.00630009492501
-0.00347258856987
-0.00443489385571
-0.00752596354823
-0.00419524891654
-0.00265466288688
-0.00524743013434
-0.0062178872968
-0.00338919106312
-0.00435036593873
-0.00743869102113
-0.00410688816191
-0.00257342734961
-0.00516506030456
-0.00613499893454
-0.0033051046244
-0.00426514136755
-0.00735071687443
-0.0040178187069
-0.00423185381196
-0.00508202020339
-0.00605143122158
-0.00322033069443
-0.00417922163872
-0.00726204268396
-0.00392804218308
-0.00414929494343
-0.00499831117487
-0.00596718554881
-0.00313487072166
-0.00610541892647
-0.00717267003333
-0.00383756022991
-0.0040660763534
-0.00491393457024
-0.00131125295593
-0.00304872616212
-0.00601811340328
-0.00708260051379
-0.00374637449462
-0.00398219934725
-0.00482889174784
-0.00122565556587
-0.00296189847936
-0.00593011725881
-0.00699183572409
-0.00365448663205
-0.00389766523718
-0.004743184073
-0.00113938443291
-0.00287438914431
-0.00584143202036
-0.00690037727041
-0.00356189830454
-0.00381247534217
-0.00465681291796
-0.00105244097709
-0.00478863909682
-0.00575205922267
-0.00680822676618
-0.0034686111818
-0.00372663098784
-0.00456977966174
-0.000964826625508
-0.00469977089898
-0.00566200040777
-0.006715385832
-0.0033746269408
-0.0036401335064
-0.00448208569011
-0.00172242864774
-0.00461022550487
-0.00557125712484
-0.00211592376439
-0.00327994726558
-0.00355298423654
-0.00439373239541
-0.00163347681345
-0.00452000441387
-0.00547983093014
-0.00202170686006
-0.00318457384721
-0.00346518452332
-0.00430472117652
-0.00353292686923
-0.0044291091322
-0.00538772338689
-0.00192680442923
-0.00308850838356
