0.000965105912302
-0.00249804960797
0.000417039478004
-0.00280830360791
-0.00295510630258
-0.00266500078663
-0.000804578991029
0.00081229641643
-0.00265748391487
0.000257549715514
-0.00296736233708
-0.00311325921764
-0.00281285047679
-0.000951991989712
0.000660337695388
-0.00281609138624
9.88868514002e-05
-0.00312559466247
-0.00327058681455
-0.000737912095237
-0.00109854396603
0.000509234709578
-0.0029738669748
-5.89440631497e-05
-0.00328299556338
-0.00342708413652
-0.000884033055959
-0.00124423013686
0.000358992429779
-0.00313080561893
-0.000215937962534
-0.00343956000503
-0.00358274621346
-0.00102928241936
-0.00138904571215
0.000209615836701
-0.00328690224301
-0.000372089767135
-0.003595282939
-0.00151564194695
-0.00117365535451
-0.00153298589539
6.11099205236e-05
-0.00344215175789
-0.000527394383728
-0.0037501593036
-0.0016696185724
-0.00131714702421
-0.00167604588409
-8.6520319568e-05
-0.00359654906126
-0.0006818467059
-0.00390418402435
-0.0018227449668
-0.00145975258545
-0.00181822087026
-0.000236792227158
-0.0037500890381
-0.000835441614478
-0.00183542496757
-0.00197501611094
-0.00160146718987
-0.00195950604089
-0.000388935413658
-0.00390276656113
-0.000988173977973
-0.00198773112795
-0.00212642697438
-0.00174228598434
-0.00209989657846
-0.000540211950114
-0.00405457649124
-0.00114003865303
-0.00213917034837
-0.00227697251591
-0.00188220411142
-0.00223938766144
-0.000690616727851
-0.00096271552837
0.000932825330946
-0.0022897375074
-0.002426647684
-0.00202121670988
-0.00237797446484
-0.000840144627751
-0.00111277481034
0.000782711507987
-0.00243942747306
-0.00257544741728
-0.00215931891526
-0.00251565216069
-0.000988790520735
-0.00126195101581
0.000633480870064
-0.00258823510326
0.000727895955714
-0.00229650586039
-0.00265241591859
-0.00113654926825
0.000823654647424
0.000485138603272
-0.0027361552463
0.000580862313166
-0.00243277267594
-0.00278826090631
-0.00128341572279
0.00067626014935
0.000337689903151
-0.00288318274141
0.000434719343809
-0.002568114491
-0.00292318229025
-0.00142938472837
0.000529764300457
0.000191139974172
-0.0030293124192
0.000289472143529
-0.00270252643362
-0.000835249120634
0.000659442489444
0.000384172309053
4.54940292078e-05
-0.00317453910225
0.000145125815568
-0.00283600363141
-0.000968308793851
0.000515283880867
0.000239489391261
-9.92427110093e-05
-0.00331885760561
1.68546999116e-06
-0.00296854121212
-0.00110043036034
0.000372038234577
9.57207704738e-05
-0.000243065018436
-0.00346226273734
-0.000140843776854
-0.000878210051429
-0.00123160898697
0.000229710735003
-4.71283232129e-05
-0.000385967658279
-0.00360474929911
-0.000282456802886
-0.00100885378478
-0.00136183984221
-0.00398067281679
-0.00373481503991
-0.00350891142095
-0.00109746896748
-0.000922936442276
-0.000905753993933
-0.00280646663493
-0.00413477559283
-0.00389447129563
-0.00143947177144
-0.00126794595509
-0.00109844240478
-0.00104794100461
-0.00295325799628
-0.00428794533729
-0.00405318609437
-0.00160367521511
-0.00143747288072
-0.00127299797955
-0.00118897376572
-0.00309888018068
-0.00444017599935
-0.00197994636846
-0.00176692444954
-0.00160604219139
-0.00144659515423
-0.00132884418082
-0.00324332444253
-0.00459146151332
-0.0021367585606
-0.0019292123834
-0.00177364629722
-0.00161922587085
-0.00146754414524
-0.00338658202058
-0.00251716977972
-0.00229260956119
-0.0020905318973
-0.00194027757201
-0.00179088202651
-0.00160506554757
-0.00352864413955
-0.00266654674432
-0.00244749275119
-0.0022508758445
-0.00210592835402
-0.00196155547397
-0.00174140027115
-0.00366950201173
-0.00281496028124
-0.00260140149235
-0.00241023705161
-0.00227059094661
-0.00213123802235
-0.00187654019561
-0.00380914683865
-0.00296240427206
-0.0027543291279
-0.00256860831936
-0.00243425761902
-0.00229992143785
-0.00201234534467
-0.00394756981283
-0.00310887258689
-0.00290626898332
-0.00272598242337
-0.00259692060716
-0.00246759744448
-0.00218460885664
-0.00186283600403
-0.00325435908516
-0.0030572143671
-0.00288235211496
-0.00275857211434
-0.00263425772485
-0.00235585491624
-0.00199878882288
-0.00339885761634
-0.00320715857156
-0.00303771012192
-0.00291920431219
-0.00279989392096
-0.000304148566748
-0.00213349333001
-0.0035423620207
-0.00335609487365
-0.00319204914945
-0.00307880934143
-0.00296449763509
-0.000473333148951
-0.00226694069971
-0.00368486613013
-0.00350401653578
-0.00334536188096
-0.00323737931286
-0.000904545944532
-0.000641473609318
-0.00239912210642
-0.00382636376889
-0.0036509168067
-0.003497640979
-0.00339490630819
-0.00106705934698
-0.000808560962695
-0.00253002872668
-0.00396684875447
-0.00379678892236
-0.00364887908619
-0.00355138238108
-0.0012285148448
-0.000974586177787
-0.00265965174112
-0.00410631489841
-0.00394162610684
-0.00379906882618
-0.00147705359259
-0.00138890389051
-0.00113954017813
-0.00278798233652
-0.00424475600715
-0.00408542157325
-0.00394820280462
-0.00163140387409
-0.00154821790166
-0.00130341384313
-0.00291501170785
-0.00438216588291
-0.00422816852468
-0.00186178302187
-0.00178467923554
-0.0017064482619
-0.00337909732446
-0.00304073106046
-0.00451853832455
-0.00436986015517
-0.00200878322724
-0.00193687162841
-0.00186358632213
-0.00354078278575
-0.00316513161214
-0.00465386712853
-0.00227980817172
-0.00215470539025
-0.00208797298133
-0.00201962340161
-0.00370136029591
-0.00328820459542
-0.00572212912714
-0.00756492884824
-0.00279970128623
-0.00465441742704
-0.0042092495161
-0.00368014934038
-0.00528279665236
-0.00456680640487
-0.00629388991486
-0.00594837520062
-0.00551321757965
-0.00720226676969
-0.00643406676858
-0.00386062547343
-0.00343555831119
-0.00512208443123
-0.0044653595653
-0.0036757626483
-0.00496335730275
-0.00454503384165
-0.0062871460533
-0.00580461315199
-0.00771213426885
-0.00295069699149
-0.00480925039268
-0.00436794613289
-0.0038427110727
-0.0054491953922
-0.00473697966235
-0.00600576594354
-0.00566004724522
-0.0074466098613
-0.00691352601423
-0.00656144704837
-0.0039923424462
-0.00357166504877
-0.00526258655205
-0.0046102030871
-0.00382482134582
-0.00511642058945
-0.00436799911137
-0.0058219635176
-0.00585856127107
-0.0078302634983
-0.00307187878428
-0.00493352343455
-0.00421408060657
-0.00369196290367
-0.00530154098973
-0.00459237142803
-0.00600154685856
-0.00561724522949
-0.00740255872846
-0.00690515360453
-0.00664998444634
-0.00408390602167
-0.00366629305777
-0.00536028419031
-0.00471093394683
-0.00364724746842
-0.00494164700682
-0.00386215675366
-0.00571389526469
-0.00563488006153
-0.00316759559649
-0.00288184945921
-0.00474582800443
-0.00430998828844
-0.00601215555956
-0.00540213935139
-0.00469527037849
-0.00610668566268
-0.00553879455493
-0.00732182317516
-0.00706165846235
-0.00230101899807
-0.00385764934091
-0.00343834668589
-0.00513405976326
-0.00448609206394
-0.00370525534484
-0.00500122703773
-0.00391797655325
-0.00571823957982
-0.00791489400494
-0.00322720142082
-0.00294300299559
-0.00480854945093
-0.00437428948868
-0.00607803820459
-0.00546959304872
-0.0047642706457
-0.00617719192977
-0.00514886778982
-0.00710505763325
-0.00690275859365
-0.00214384052097
-0.00398464286254
-0.00349815563344
-0.00514553098887
-0.00449792100343
-0.00593942039938
-0.00501373408373
-0.00393078916348
-0.00567240651728
-0.00347401317455
-0.00325742607441
-0.00297401341419
-0.00484035596421
-0.0044068981887
-0.00611145003101
-0.0052325094713
-0.00452549067185
-0.00593917700659
-0.0050817651967
-0.00718346933168
-0.00698385054836
-0.00445083949336
-0.00407126674577
-0.00358758450185
-0.0052115426963
-0.00448708875485
-0.0059057314896
-0.00480510284627
-0.00371453150985
-0.00539573976835
-0.00347480115672
-0.00325823471983
-0.00270931929992
-0.00457568315873
-0.00413923682125
-0.00584381016205
-0.00523342478838
-0.00452642701918
-0.00594013383539
-0.00512206783474
-0.00722515781948
-0.00255557553158
-0.00449541817578
-0.00411733131384
-0.00347474835129
-0.00510019343208
-0.00437036824071
-0.00573996665775
-0.00474745257837
-0.00363093294482
-0.00525017776661
-0.00318807742286
-0.00296733525364
-0.00267996722793
-0.00454557753005
-0.00410837186665
-0.00581218498932
-0.00520104431271
-0.00671771940247
-0.00590628556187
-0.00512679528169
-0.00723004794663
-0.0024139416047
-0.00435395592594
-0.00396918387349
-0.00348032785139
-0.00510594754767
-0.00437629339321
-0.00575582043606
-0.00476371619978
-0.0036116026635
-0.00505538988116
-0.00313156490537
-0.00290934299428
-0.00484563055192
-0.00448455371385
-0.00404581090541
-0.00574808522645
-0.00513541584917
-0.00652358252124
-0.00570385293697
-0.00495529029401
-0.00258671509597
-0.00238093093565
-0.00431982532317
-0.00393391520083
-0.00344391379317
-0.00506839456536
-0.00434164172236
-0.00572582272906
-0.00473294324086
-0.00580883596833
-0.00497818917052
-0.00304647912321
-0.00282203346853
-0.00475605823341
-0.00427939028999
-0.00383148026864
-0.00553144352374
-0.00490963247991
-0.00642254330097
-0.0056006139601
-0.00488890342715
-0.0025180484168
-0.00230991552633
-0.004246405067
-0.00385805160927
-0.00559513969831
-0.00498762820941
-0.00444227986824
-0.00582438614999
-0.00482538112352
-0.00589948928256
-0.00468698675609
-0.00283336174706
-0.00259907703061
-0.00453009011539
-0.00415680196439
-0.00370582015815
-0.00540270951641
-0.00477784596902
-0.00628775304339
-0.00546289990892
-0.00701802155303
-0.00241275557594
-0.00220103191022
-0.00431975754697
-0.00392408263059
-0.00565741564105
-0.00504244507418
-0.00432426759512
-0.00570306439829
-0.00470094397184
-0.00577220726247
-0.00444006898073
-0.00269143762031
-0.00245346584665
-0.00438072887974
-0.00400364413655
-0.00354883956095
-0.00524190463299
-0.00461324454155
-0.0061194168342
-0.00546667092257
-0.00260245589856
-0.00246027141737
-0.00224039970315
-0.00416828943972
-0.00376761522669
-0.00549592184853
-0.00488510978286
-0.00416224231213
-0.00553652144831
-0.00453015024994
-0.00559753359753
0.000133149528119
-0.00252130850333
-0.0022789350579
-0.0042017226396
-0.00382010840185
-0.00559253814205
-0.0052312717809
-0.00459504439647
-0.00609676725291
-0.00526071443643
-0.00243037820324
-0.0022823540666
-0.00205647345906
-0.00397821864935
-0.0035713100075
-0.00529335221634
-0.00468540151753
-0.00395662323439
-0.00591969638687
-0.00491477866914
-0.00597728083024
-0.000480039887232
-0.00234587008736
-0.00226327596058
-0.0041808779964
-0.00379131027546
-0.00555846164403
-0.00500703083396
-0.00436556938312
-0.00586214738164
-0.00502109210419
-0.00222356137466
-0.00206856239217
-0.0018355093415
-0.00374992508428
-0.00333558502331
-0.00563632939677
-0.00503145837485
-0.00652879114952
-0.00566418939072
-0.00465286453398
-0.00584185391873
-0.000402062537748
-0.00266277655041
-0.00203152374703
-0.00394324763852
-0.00354773573227
-0.00530890912004
-0.00475150533986
-0.00410412171402
-0.00559488129298
-0.000293919994105
-0.00198234127515
-0.00238634780256
-0.0043787767008
-0.00405781257453
-0.00364174785523
-0.00536180044152
-0.00474853839397
-0.00623765630628
-0.00542694571027
-0.00460217837592
-0.00144305561197
-0.000311060463463
-0.00276125492618
-0.00210992757165
-0.00393074342146
-0.00349766335371
-0.00521946621619
-0.00462089912632
-0.00444968603283
-0.00589584505173
-0.000589816343581
-0.00226729751501
-0.00210197406577
-0.00408502233044
-0.00375448827384
-0.00333042592477
-0.00504771039739
-0.00442495560149
-0.00608440204547
-0.00539475576922
-0.00456906380388
-0.00223878435386
-0.00110871743796
-0.00283135313264
-0.00218146045332
-0.0044656604996
-0.00403966608978
-0.00576232799666
-0.00517104969721
-0.00671617263365
-0.00151473443172
-0.000629951432088
-0.00195847718381
-0.00178299933256
-0.00375563183261
-0.00341448237111
-0.00298807278964
-0.00480526991825
-0.00515954788162
-0.00681844561443
-0.00613096358327
-0.00530729399682
-0.0021575460638
-0.00102557267231
-0.00336687683093
-0.00495264863947
-0.00447099546515
-0.00404513140071
-0.00576792397333
-0.00517677576237
-0.00672202716354
-0.00152071460603
-0.000636053090071
-0.00186749040347
-0.00142994866293
-0.00418544325198
-0.00388523739951
-0.00362751409988
-0.00549872902888
-0.00504528241278
-0.00670052898429
-0.00600945591004
-0.0030044176909
-0.00202929814326
-0.000894328739716
-0.00338001837902
-0.00496605973645
-0.00444656421738
-0.00402010339819
-0.00574229776064
-0.0051505539939
-0.00669521728459
-0.0014933295393
-0.00139725410776
-0.00262816107385
-0.00183765259673
-0.00392244375372
-0.00374404989036
-0.00570341953864
-0.00534778239559
-0.00488936719341
-0.00653965801484
-0.00584371319157
-0.00283397247881
-0.00185441802111
-0.0015547043987
-0.00336464483077
-0.0049503708675
-0.00439239559265
-0.00396461308236
-0.00643715960293
-0.00584997458562
-0.00299317920334
-0.00221651125083
-0.00133531318214
-0.00256504610021
-0.00163588012939
-0.00374969613212
-0.00356536865397
-0.00551865387858
-0.0051568238034
-0.00469216348249
-0.00633622921114
-0.00207364567927
-0.00345783927993
-0.0024727264474
-0.00132861481408
-0.00406050187428
-0.00564532876634
-0.00505428759375
-0.00463040600415
-0.00634922916666
-0.00576000728833
-0.00290120095692
-0.00212256668263
-0.00346140050221
-0.00246738855208
-0.00156225359041
-0.0036317290437
-0.00340015930153
-0.00614253033969
-0.005765576224
-0.00529343388064
-0.00693004865129
-0.00182083918839
-0.00319798261551
-0.00220623002603
-0.00105605001596
-0.000711918602973
-0.00110987464037
-0.0042217682776
-0.000841458152604
-0.00381746024936
-0.00186515057042
-0.00135513843669
-0.000843924198856
-0.001241679102
-0.00435312489491
-0.000972127705697
-0.00173390493874
-0.00200307399119
-0.0014923702608
-0.000975198612398
-0.00137275296605
-0.00448375222533
-0.00110207000604
-0.00187157144507
-0.00214029510294
-0.00162890143833
-0.00110573893865
-0.00150309333875
-0.00461364739999
-0.00123128222276
-0.00200853169658
-0.00227681104106
-0.00176472914017
-0.00123554227363
-0.00163269732739
-0.00474280755118
0.000862164589162
-0.00214478280477
-0.00241261894017
-0.00189985053666
-0.00136460571455
-0.00176156204048
-0.00487122981251
0.000734421026857
-0.00228032188043
-0.00254771593435
-0.00203426279776
-0.00149292636001
-0.00188968458799
-0.00154764778715
0.000607416032053
-0.00241514603385
-0.00268209915729
-0.00216796309328
-0.00162050131027
-0.00201706208161
0.000547341370568
0.000481152429057
-0.00254925237504
-0.00281576574253
-0.00230094859306
-0.00174732766746
-0.00214369163491
0.000421149960099
0.000355633039982
-0.00268263801392
0.000502558158962
-0.00243321646716
-0.00187340253581
-0.00226957036365
0.000295707886915
0.00023086068452
-0.00281530006054
0.00037033344813
-0.00256476388608
-0.00199872302188
-0.000172768339164
0.000171018007223
0.000106838179719
-0.00294723562526
0.000238833973312
-0.00269558802096
-0.00212328623481
-0.000297136775765
4.70831745066e-05
-1.64316602507e-05
-0.00307844181901
0.000108062599566
-0.00282568604379
-0.00224708928655
-0.000420745750278
-7.60937607086e-05
-0.000138946024325
-0.00320891575346
-2.19778089302e-05
-0.000733122492887
-0.00014354376981
-0.00054359238941
-0.000198509951094
-0.000260702104782
-0.00333865454125
-0.000151284389091
-0.000861759811994
-0.000265817847482
-0.000665673823207
-0.000320162552759
-0.000381697097475
-0.00346765529625
-0.000279854279144
-0.000989662542194
-0.000387323119124
-0.000786987185307
-0.00044104872549
-0.000501928202074
-0.00359591513373
0.00181424801587
-0.00111682786098
-0.000508056710379
-0.000907529613178
-0.000561165633
-0.000621392622303
-0.00372343117059
0.001687160085
-0.00124325294777
-0.000628015750938
-0.00102729824838
-0.00068051044317
-0.000740087566183
-0.00385020052562
0.00156081741948
-0.00136893498412
-0.000747197374789
-0.0011462902368
-0.000799080328302
-0.000858010246277
-0.00176470165212
0.00143522287361
-0.00149387115395
-0.000865598720473
-0.00126450272892
-0.000916872465367
-0.000975157879936
-0.00191644332534
0.00131037929925
-0.00161805864377
-0.000983216931346
-0.00138193288007
-0.00103388403626
-0.00109152768955
-0.00206750379099
0.00118628954559
-0.00174149464292
-0.0011495836964
-0.00322599711351
-0.00296965999991
-0.000495280939012
-0.0042273660823
-0.00380697072776
-0.00335572910662
-0.00128833673779
-0.00336785266522
-0.000885614058692
-0.00064296657265
-0.0043732128165
-0.00396497899384
-0.0035200794849
-0.00142634351757
-0.00350895458275
-0.00102970037083
-0.00078988640556
-0.00452708731029
-0.00412223054905
-0.0036836841988
-0.00156360077195
-0.00141496995074
-0.00117302290342
-0.000936036640827
-0.00468088473285
-0.00427872123205
-0.00384653890744
-0.00170010523599
-0.00155455425995
-0.00131557802816
-0.00108141347648
-0.00483392075821
-0.00443444687135
-0.00400863925634
0.000398475825699
-0.00169337459053
-0.00145736211337
-0.00122601310579
-0.00498619136774
-0.0045894032855
-0.00416998087766
0.000263486740656
-0.00183142749027
-0.00159837152422
-0.00136983171754
-0.0051376925348
-0.0047435862834
-0.00433055939043
0.000129260245349
-0.00196870950541
-0.00173860262307
-0.00151286549636
-0.00528842022499
-0.00489699166461
-0.00449037040086
-4.2003931013e-06
-0.00210521718087
-0.00187805176971
-0.00165511062301
-0.0054383703965
-0.00504961521962
-0.0046494095026
-0.00013689190769
-0.00224094706057
-0.00201671532171
-0.00179656327467
-0.00558753900037
-0.00520145273017
-0.00258573871102
-0.000268811031789
-0.0023758956877
-0.00215458963468
-0.0019372196253
-0.00168304548597
-0.00535249996958
-0.0027432207276
-0.000399954499425
-0.002510059605
-0.00229167106259
-0.00207707584594
-0.00183063878062
-0.00328082099962
-0.00289991754405
-0.00289460526711
-0.00264343535506
-0.00242795595808
-0.00221612810502
-0.00197743832097
-0.00343027498447
-0.00305582470676
-0.00302418762788
-0.00277601948065
-0.00256344067277
-0.00235437256871
9.84907395011e-05
-0.00357892597066
-0.00321093775108
-0.00315298454095
-0.00290780852495
-0.00269812155758
-0.00249180540126
-4.67090633624e-05
-0.00372676970098
-0.00336525220161
-0.00328099274571
-0.00303879903193
-0.00283199496307
-0.000405166721211
-0.00019110287227
-0.00387380191144
-0.00351876357258
-0.00340820898367
-0.00316898754659
-0.00296505723975
-0.000540964778163
-0.000334686597113
-0.00402001833162
-0.00367146736818
-0.00353462999863
-0.00329837061533
-0.0030973047384
-0.000675939688537
-0.000477456143244
-0.00416541468504
-0.00382335908288
-0.00366025253709
-0.00342694478625
-0.00100009565321
-0.00081008761231
-0.000619407411823
-0.00430998668948
-0.00397443420179
-0.00378507334845
-0.00355470660944
-0.00113070265103
-0.000943404709286
-0.000760536300184
-0.00445373005744
-0.00412468820106
-0.0039090891854
-0.00144740698686
-0.00126048392832
-0.00107588713946
-0.000900838702193
-0.00459664049641
-0.0042741165482
-0.00597844021945
-0.00573604992339
-0.00137410288548
-0.00338495149382
-0.00409374245572
-0.00598867934649
-0.00625421441326
-0.00576149191868
-0.00551375406666
-0.0033794005986
-0.00321648153551
-0.0039198422863
-0.00580961982008
-0.00607040780552
-0.00554395349513
-0.00529088675012
-0.003151685625
-0.00304710604179
-0.00515585447582
-0.00562965575825
-0.00588570049096
-0.00532583022652
-0.00730223263514
-0.00292342368065
-0.00287683175777
-0.00498014889563
-0.00544879476374
-0.00570010044267
-0.00510712734171
-0.00707823843463
-0.00685335725663
-0.00270566539697
-0.00480355135397
-0.00526704439155
-0.00551361557776
-0.00712035037307
-0.0068536887033
-0.00662401737311
-0.00253361364087
-0.00462606896043
-0.00508441214864
-0.00532625375708
-0.00690050374887
-0.00662858864488
-0.00639414640735
-0.00236068313844
-0.00444770878427
-0.0049009054935
-0.00513802278497
-0.0066800929054
-0.0064029434108
-0.00616374954258
-0.0021868805057
-0.0042684778541
-0.00471653183588
-0.00494893040897
-0.00645912287947
-0.00617675810066
-0.00593283190641
-0.00201221232526
-0.00408838315742
-0.00453129853645
-0.00475898431967
-0.00623759866062
-0.00595003776263
-0.00570139857138
-0.00183668514598
-0.00390743164032
-0.00434521290656
-0.00679011640328
-0.00603366893336
-0.00572278739389
-0.0054694545555
-0.00166030548252
-0.00372563020712
-0.00415828220792
-0.00659848573024
-0.0058419034938
-0.00549501194102
-0.0052370048227
-0.001483079815
-0.0035429857201
-0.00619243976788
-0.00640602407197
-0.00564942724013
-0.00526671630048
-0.00500405428343
-0.00130501458862
-0.00335950499912
-0.00600384051737
-0.00621273888946
-0.00545624563957
-0.005037905319
-0.00477457443315
-0.00112611621337
-0.00540099244485
-0.00581441768343
-0.00601863758599
-0.00526236412313
-0.00480858379404
-0.00464732802567
-0.00521881805828
-0.00521585954485
-0.00562417832724
-0.00583762244997
-0.00506778808557
-0.00466423473892
-0.00451906080008
-0.00508678528694
-0.00502991061373
-0.0054331294594
-0.00566284704017
-0.00488487261101
-0.00452762678212
-0.00438977817952
-0.00717725218887
-0.00484315229939
-0.00524127803981
-0.00548715742021
-0.00475025777693
-0.00439005680322
-0.00425948559124
-0.00704316303299
-0.00465559120616
-0.00504863097754
-0.00531056097936
-0.00461469610926
-0.00425153014637
-0.00635786597906
-0.00690805444148
-0.00450627613261
-0.00485519513075
-0.00513306506498
-0.00447819267117
-0.00411205215297
-0.00622556974964
-0.00677193225188
-0.00436653195925
-0.00466097730661
-0.0049546769821
-0.00434075252458
-0.00620647637718
-0.00609227985115
-0.00663480230056
-0.00422576783165
-0.00446598426124
-0.00477540399297
-0.00451889707571
-0.0080009137282
-0.00523877753933
-0.00617846627196
-0.0059115473519
-0.00703486748342
-0.00413410331518
-0.00435329877545
-0.00783591993399
-0.00503504857249
-0.00601360944935
-0.00572886844236
-0.00685280140657
-0.00395321262427
-0.00418687277325
-0.00767009880581
-0.00483068416556
-0.00584793335851
-0.0055454539405
-0.0066699992937
-0.00755347655593
-0.00401962452308
-0.00750345575577
-0.00462568940969
-0.00568144329822
-0.00536130909144
-0.00648646635823
-0.00737111740652
-0.00385155945768
-0.00733599617536
-0.0044407454876
-0.00551414454737
-0.00517643911113
-0.00630220778498
-0.00718803172876
-0.00368268298822
-0.00716772543509
-0.00427196885456
-0.00534604236459
-0.00499084918625
-0.00611722873011
-0.00700422461984
-0.00351300050396
-0.00699864888414
-0.00410239379526
-0.00517714198795
-0.00480454447399
-0.00593153432087
-0.00681970114915
-0.00334251737192
-0.00682877185005
-0.00393202557005
-0.00500744863465
-0.00683945621749
-0.00796705763364
-0.008856390611
-0.00539643865088
-0.00888086673813
-0.00598279739553
-0.00705889361612
-0.00665173728381
-0.0077799477814
-0.00867044951325
-0.00522437023382
-0.00870940463218
-0.00581085853193
-0.00688762987597
-0.0102452112159
-0.00759213778219
-0.00848380709401
-0.00505151713351
-0.00853715789267
-0.00563814215132
-0.00671558868238
-0.0100560983335
-0.00740363264666
-0.00829646831034
-0.00487788462496
-0.00836413175746
-0.00546465342502
-0.00654277516603
-0.00986629600423
-0.00721443735601
-0.0081084380909
-0.00470347795947
-0.00819033144127
-0.0052903975014
-0.00636919443527
-0.00967580920646
-0.00702455686195
-0.0079197213359
-0.00452830236438
-0.00801576213544
-0.00511537950566
-0.0061948515759
-0.00948464288836
-0.00683399608662
-0.007730322917
-0.0043523630428
-0.00784042900766
-0.00493960453954
-0.00601975165089
-0.00929280196793
-0.00664275992251
-0.00754024767721
-0.00417566517339
-0.00766433720173
-0.00476307768113
-0.00584389970016
-0.00910029133293
-0.00645085323238
-0.00734950043083
-0.00399821391013
-0.00748749183731
-0.00836769727521
-0.00566730074034
-0.00891379988334
-0.00625828084926
-0.00715808596341
-0.00382001438206
-0.00730989800972
-0.00818968177071
-0.0054899597646
-0.00873764878105
-0.00606504757632
-0.00696600903165
-0.00364107169313
-0.00713156078975
-0.008010929464
-0.00531188174238
-0.00856076028522
-0.00587115818693
-0.00677327436339
-0.00346139092197
-0.00695248522338
-0.00783144533639
-0.00513307161923
-0.00838313927807
-0.00567661742454
-0.00657988665752
-0.00328097712169
-0.00677267633167
-0.00765196144036
-0.00495353431662
-0.00820479061875
-0.00548143000272
-0.00638585058401
