0.00280065664207
0.00115680184652
0.00158308152601
0.00171399468206
0.000115122093585
-0.00141488454288
-0.000154211837944
0.00265348694061
0.00102073219081
0.00144769465122
0.00381218552509
-1.79168898111e-05
-0.00154630922515
-0.00291568601314
0.00250712957304
0.000875089558133
0.00131315277118
0.00367865823653
-0.000150118299646
-0.00167690165762
-0.00304441858133
0.00236158878626
0.00072998109531
0.00117945991336
0.0035459767249
-0.000281478281843
-0.00180665810356
-0.00317232167275
0.00221686883291
0.000585692509311
0.00104662010518
0.00341414494161
0.00181433456254
-0.00193557482799
0.000324334159603
0.00207297397095
0.00044222802776
0.000914637373638
0.00328316683721
0.00168466899318
-0.00206364809802
0.000198100820678
0.00192990846331
0.000299591883
0.000773877190547
0.00315304636091
0.00155585640568
-0.00219087418324
7.27077515265e-05
0.00178767657754
0.000157788311719
0.000632872971612
0.00302378746027
0.00142790064751
-9.48724805391e-05
-5.18414567283e-05
0.00164628258537
1.68215545618e-05
0.000492703517177
0.0028953940807
0.00130080556345
-0.000220393016777
-0.000175543216843
0.00373283409999
-0.000123304144259
0.000353373013182
0.00276787016508
0.00117457499524
-0.00034505519573
-0.000298393945831
0.00359312872509
-0.00026258453736
0.000214885648295
0.00263238963159
0.00104921278114
-0.000468855300786
-0.000420390065334
0.00345427408027
-0.000401015374593
7.7245613517e-05
0.00249588869598
0.000924722755556
-0.00059178961977
0.00168039811344
0.0033162744501
0.00169507303305
-5.95428982309e-05
0.00236023591303
0.000801108748552
-0.000713854445346
0.00156012192754
0.00317913412131
0.001558354067
-0.00231237935519
0.00222543539131
0.000678374585484
-0.00083504607543
0.00144071105457
0.00304285738237
0.00142249741971
-0.00244745223648
0.00209149123992
0.00054852252786
-0.0009553608136
0.00132216905051
0.00290744852306
0.00128750734823
-0.00034692734507
0.00195840756806
0.00041688181466
-0.00107479496951
0.00120449946476
0.00277291183404
0.00115338811023
-0.000480267811523
0.0018261884846
0.000286100790476
-0.00119334485932
0.00108770583975
0.00263925160637
0.00102014396359
-0.000612735776097
0.00169483809767
0.000156183451579
-0.00131100680611
0.000971791710522
0.00250647213109
0.000887779165939
-0.000744327043192
0.00379672396177
2.71337924122e-05
-0.00143493777457
0.000856760604334
0.00237457769874
0.000756297974207
-0.000875037418299
0.00366712328713
-0.000101044194839
-0.00156141158959
0.000742616040244
0.00224357259889
0.000625704644141
-0.00100486270845
0.00353840362458
-0.000228346520672
-0.00168701634127
0.000629361528695
0.00118750798712
-0.000546476338321
-0.00126002902823
0.000723994239303
0.00263319407073
-0.00167597751753
-0.00184820217335
0.0010677791483
-0.000668756011607
-0.00138589401008
0.000607971477165
0.00251470825751
0.00144550184838
-0.00197084021959
0.000933626699995
-0.000790112193288
-0.00151082682365
0.000492930519796
0.00239721762037
0.0013257999197
-0.00209246162278
0.000795596689774
-0.000910540739998
-0.00163482307047
0.000374207412239
0.0022807267618
0.0012071096635
2.09188796483e-05
0.00288035054532
-0.0010300375155
-0.0017578783576
0.000248631554089
0.00216524027319
0.00108943590333
-9.86541297421e-05
0.00274404031021
-0.00114859839122
-0.00187998829827
0.000124012421895
0.00205076273414
0.000972783451714
-0.00021719540795
0.00260859637572
-0.00126621924679
-0.00200114851239
3.5463295113e-07
0.00193729871176
0.000857157109459
-0.000334699946471
0.00247402301855
-0.00179376289419
-0.00212135462717
-0.000122337201653
0.00182485275998
0.000742561664874
-0.000451162748562
0.00234032451583
-0.00192218554319
-0.00224060227768
-0.000244058477655
0.0017134294188
0.000629001893018
-0.000566578830043
0.00220750514467
-0.00205769683514
-0.000136513025833
-0.000364804598257
0.0016030332136
0.000516482554932
-0.000680943220113
0.00207556918171
-0.00219231572301
-0.000253830687425
-0.000484570974759
0.00149366865444
0.000405008396859
-0.000794250962171
0.00194452090267
-0.00232603770967
-0.000370176843082
-0.000603353027212
-0.00151600991275
0.000294584149467
-0.000906497114649
0.00181436458184
-0.00245885829796
-0.000485547165303
0.00150358786795
-0.00162329771475
0.000185214527056
-0.00101767675185
0.00168510449163
-0.00259077299126
-0.000599937337466
0.00138678816517
-0.00172954043997
7.69042267626e-05
-0.00112778496479
0.00155674490206
-0.00272177729394
-0.00071334305445
0.00127098646721
-0.0018347336471
-3.03420722413e-05
-0.00123681686205
0.00142929008032
-0.00285186671192
-0.000825760023262
0.00115618731243
0.000295600910648
-0.000136519709558
-0.00134476757067
0.00130274429022
-0.00298103675317
-0.000937183963666
0.00104239522706
0.000192519986732
-0.000241624044381
-0.00145163223694
0.00117711179171
-0.00310928292828
-0.00104761060882
0.000929614724594
9.05017875694e-05
0.00188819472545
-0.00155740602738
0.00105239684036
-0.00323660075099
-0.00115703570593
0.000817850305023
-1.04493262541e-05
0.00178525083558
-0.00166208412951
0.000928603686866
-0.00336298573872
-0.00126545501688
0.000707106454179
-0.000126274745748
0.00168339404487
-0.00176566175284
0.000805736576492
-0.00348843341317
-0.00137286431888
0.000593564639261
-0.000279768967814
0.00158262890749
0.000365711052081
-0.000334095626761
-0.00145380884281
-0.00435192505919
-0.00529116546941
-0.00408676616159
-0.00288153766154
-0.00380795032176
-0.00240916153948
-0.00313553728722
-0.00153130232556
-0.00114346759322
-0.00438970312734
-0.00333870627708
-0.00442279914065
-0.00316874515213
-0.00404132420731
-0.00264979619696
-0.00150904668275
-0.0024935997064
-0.00113057742414
-0.00611371382316
-0.000353132152932
-0.0014730863978
-0.000279246126704
-0.00531088230941
-0.0041288206121
-0.00292410123375
-0.00385098629445
-0.00245262863585
-0.00317938982409
-0.00157549047214
-0.000645241889817
-0.00192423431576
-0.00498631560221
-0.00607081517814
-0.0031982107799
-0.00407113450764
-0.00278342480931
-0.00164468922648
-0.00263110827131
-0.00126978033799
-0.00202467226176
-0.00222992112129
-0.00334979830471
-0.00215908348836
-0.00309846803386
-0.00414454619207
-0.00294001732267
-0.00386707915581
-0.00246888282744
-0.0031957882538
-0.001717891209
-0.000644918868769
-0.00192390604633
-0.00088187656439
-0.00607047716813
-0.00482284466207
-0.005695764383
-0.00451785883251
-0.0033870187242
-0.0027373887848
-0.00137737496633
-0.00213343001455
-0.00219871883722
-0.00331820106582
-0.0021271136179
-0.000844215555418
-0.00193311812056
-0.00478672108327
-0.00571366355302
-0.00431986682079
-0.00327082860487
-0.00194200795418
-0.000616474841947
-0.00189500003745
-0.000852529325007
-0.00193660802107
-0.00479269463457
-0.00343711992141
-0.00459064600147
-0.00346090918814
-0.0044497978222
-0.00309721236718
-0.00385408945
-0.00230127298574
-0.00338353662665
-0.00215426463957
-0.000832300641081
-0.00189616669501
-0.00069609649206
-0.00567584954632
-0.00432857763169
-0.00532748607001
-0.0040051970513
-0.00258045122891
-0.00370808398209
-0.000794201037183
-0.00187745357613
-0.000631253191451
-0.00342957773806
-0.00463285779269
-0.00350376184318
-0.00449324446275
-0.00314119850681
-0.00167124680586
-0.00432587492188
-0.00540957841581
-0.00227451753553
-0.000953806217605
-0.00183291581356
-0.000632080653588
-0.00156631765764
-0.00449408717762
-0.00327301239981
-0.00417460723125
-0.00275155460241
-0.0036221477564
-0.00258153887102
-0.00366355805616
-0.00242007692584
0.000657996745874
-0.00464444146885
-0.00351552151573
-0.00450516726311
-0.00315326947574
-0.00168344894206
-0.00441828531203
-0.00328119073137
-0.00427626884502
-0.00295654557416
-0.00376295161376
-0.000541508260904
-0.00170300352384
-0.000579610345305
-0.00341322395139
-0.00431639072957
-0.00289476074204
-0.00358907565381
-0.0024654762514
-0.00132392456013
-0.00230085796381
-0.00120536606267
-0.00240852560998
-0.00533902944929
-0.00632840682728
-0.00313340887456
-0.00166337255305
-0.00448556725851
-0.00334930091116
-0.00434515687102
-0.00302615437748
-0.00383321754626
-0.00252780936468
-0.00372004443728
-0.00259811972947
-0.00138020948068
-0.00443040121435
-0.00300991889562
-0.00377543701374
-0.00232072378321
-0.00117713818315
-0.00222354394567
-0.00115648860122
-0.00235884791077
-0.001234850492
-0.00405487990327
-0.00492971456183
-0.00346420885762
-0.000474772484785
-0.00339191638563
-0.004388259654
-0.00306970873516
-0.00387718361845
-0.00260964322018
-0.00158112534456
-0.0026822375707
-0.00146536839548
-0.00237076330002
-0.00502970490986
-0.00585108125694
-0.00437197366647
-0.00139770278716
-0.00245105406118
-0.00117673323993
-0.00227861347159
-0.00115340050484
8.09754385428e-05
-0.00484611494218
-0.00337970362347
-0.00239878998598
-0.00126325062756
-0.00631267891699
-0.00308716913851
-0.00389480919158
-0.00266488324833
-0.00163715797654
-0.00273902196086
-0.00152285679938
-0.00242890102636
-0.00111553232823
-0.00376931741543
-0.00456468899328
-0.00350046721478
-0.00455655066577
-0.00328475386649
-0.00412482714494
-0.00104103662816
0.000194889175304
-0.000677514959649
-0.00326313679161
-0.00239043028705
-0.00125478781363
-0.00225122972096
-0.00498566067443
-0.00579321889836
-0.00460061814201
-0.00357330170046
-0.00276841614447
-0.00155261580248
-0.00252000322735
-0.00122605792985
0.000171885294146
-0.00472883451118
-0.00366710302087
-0.00472552505216
-0.00345588908395
-0.00207599339799
-0.00280504030282
-0.0015671463617
-0.00243776433816
0.000938323718397
-0.00235684236258
-0.00122078578819
-0.00221683876582
-0.000898021635166
-0.0035362137427
-0.00460253890291
-0.00357525005932
-0.00467752976581
-0.00347896868869
-0.00450840355947
-0.00130827300948
8.88042937688e-05
-0.000811338762395
-0.00380455903357
-0.00486491799837
-0.0035970720359
-0.00221879787603
-0.00294817095717
-0.00139104549906
-0.00225950558661
-0.000788646328844
-0.00420519564185
-0.00116127409842
-0.00215664709031
-0.000837199852713
0.000578073909881
-0.00457778465703
-0.00355014023682
-0.00465208267523
-0.00353148314275
-0.0023396682045
-0.00326922920072
-0.00187271877018
-0.00282496867659
-0.0017669275406
-0.00497456456896
-0.00370813139205
-0.0023311372009
-0.00306164090718
-0.00145229757376
-0.00205011135327
-0.0006177439095
-0.00412125797593
-0.00298344436595
-0.00397784810282
-0.00265750275677
0.000665729794323
-0.000473487475755
-0.00349799672569
-0.00468639636547
-0.00357769924375
-0.00237181694052
-0.00329458841768
-0.00192251011514
-0.0029395241778
-0.00184558234052
-0.000686657599797
-0.00569607333835
-0.00432001190123
-0.00505134042317
-0.00153556076591
-0.00234256918989
-0.000927006985093
-0.00401224111513
-0.00287308999761
-0.00164430511108
-0.00254472869057
-0.0011275781124
-0.00230866048704
-0.0013832987713
-0.00664343242954
-0.00362828027479
-0.00242304157624
-0.00333874162663
-0.00205900435928
-0.00307782182075
-0.00189468236124
-0.00073645472346
-0.00169362255452
-0.00437103737507
-0.00510288177009
-0.00359881166772
-0.00452496215281
-0.00311257503437
-0.00387823662041
-0.00273744596905
-0.00150712162633
-0.0024061189878
-0.00117290203876
-0.00233046166528
-0.00140543982941
-0.000391081178616
-0.00555819890919
-0.00435324936402
-0.00526921708395
-0.0040739866202
-0.0031870906341
-0.0019627580663
-0.000756219556448
-0.00171364340467
-0.000338399754329
-0.0051233395753
-0.00384002275709
-0.00254741723834
-0.00335979815325
-0.00565102375778
-0.00450523442395
-0.0013444850603
-0.00232486820453
-0.00124936210367
-0.00232562703618
-0.00140052981306
-0.00038609882331
-0.00150025742508
-0.00434813400042
-0.00526404234767
-0.00415305212974
-0.00517434949943
-0.00395063707624
-0.00266940955049
-0.00170321883851
-0.000327854376424
-0.00117467142428
-0.00405042879685
-0.00276060725048
-0.00357548296878
0.000759967832903
-0.0043193799176
-0.00308227529011
-0.00430014927009
-0.0032226485723
-0.00427868007645
-0.00136857351129
-0.000353671924623
-0.0014673838444
-0.00026195231513
-0.00530229989858
-0.00420325592252
-0.00300328884769
-0.00400174296683
-0.0027211582088
-0.00356950454282
-0.00219366505346
-0.00325853842575
-0.00208401007689
-0.00294232036322
-0.00375933473399
0.000968184478592
-0.00010627346601
-0.00308883695499
-0.00432374006505
-0.00324655597497
-0.00207852131426
-0.00323024439664
-0.00221227929171
-0.00332516787392
-0.000200518584171
-0.00127039341799
-0.00422454207866
-0.00302485857889
-0.0040231604148
-0.00274284529067
-0.003574649291
-0.0022466317423
-0.0011824687992
-0.00223202215403
-0.000946565311061
-0.0058182411779
0.00120082373966
9.81859013155e-06
0.000918933596472
-0.00432135791409
-0.00324414184562
-0.00207607697613
-0.00314431514875
-0.00212508828573
-0.00323677937817
-0.00202751907624
-0.00317935819353
-0.00207883564041
-0.00494825047843
-0.00401486422872
-0.00273444464172
-0.0035661541486
-0.00235960627359
-0.0012972656602
-0.0023485226239
-0.0010646291308
-0.00188481903624
-0.000706768435064
-0.00210528088594
-0.00118980145438
-0.000287583075019
-0.00321540841381
-0.00204698412707
-0.00303151136387
-0.00201063215665
-0.0031207552305
-0.00192406800212
-0.000925878240093
-0.00207663914212
-0.000903837143862
-0.00589681038646
-0.00460311013849
-0.00543438710431
-0.00434900846999
-0.00138085462298
-0.00243335557368
-0.00115060378629
-0.00197181746504
-0.00154865630601
0.00134930415273
0.00161061419858
0.000278346897708
0.00294927714779
-0.000728826228204
-1.86151034228e-05
-0.0016855035803
0.00121240303283
0.00147404500655
0.000140156669265
0.00281173929871
-0.000865505941316
-0.0024576039619
-0.00182168471364
0.00107616553634
0.00133813866612
2.62290968209e-06
0.00267485646513
0.00123373472501
-0.00259842325834
0.000264737338148
0.000940594192425
0.00120289769118
-0.000134251870073
0.00253863112875
0.00109836359151
-0.00273860328653
0.000129896127541
0.000805691530634
0.00106832459601
-0.000270465158337
0.00240306577181
0.000963650413276
-0.00287814159417
-4.27130066062e-06
0.000671460080776
0.000934421894998
-0.000406014442896
0.00226816287696
0.000829597634252
-0.000784652722389
-0.000137762398933
0.00276041987804
0.000801192102599
-0.000540897211137
0.00213392492707
0.000696207698436
-0.000922900227173
-0.00028148454547
0.00261113769113
0.000668637733104
-0.000675110950205
0.00200035440512
0.000563483049725
-0.00106049864757
-0.000434126790201
0.00245903684042
0.000536761300507
-0.000808653147155
0.00186745379402
0.000431426131764
-0.00119744552712
-0.000586139829342
0.00230756450486
0.00262808282363
-0.000941521289107
0.00173522557649
0.000300039387799
-0.00133373840866
-0.000737520952211
0.0021567233729
0.00249756980481
-0.00107371286341
0.00160367223483
0.000169325260519
-0.00146937483449
-0.000888267443901
0.00200651613703
0.00236774226145
-0.0012052253578
0.00147279625087
3.92861919004e-05
-0.00160435234651
-0.00103837658541
0.00185694549366
0.00223860270472
0.000890792826036
0.00134260010571
-9.0075376945e-05
-0.00173866848636
0.00297678116811
0.001708014143
0.000410886689391
0.000760646025926
0.0012130862796
-0.000218757005933
-0.00187232079556
0.00282795489969
0.00155972478891
0.000283130634736
0.000631185838586
0.0010842572518
-0.000346756256167
-0.00200530681568
0.00267977416167
0.00141208013877
0.000154658963895
0.000502414773101
0.00319070108359
-0.000477381226974
-0.00213762408849
0.00253224168807
0.00126508290333
2.6158559869e-05
0.000374335337341
0.00306324908526
-0.000609812263686
-0.00226927015608
0.00238536021629
0.00111873579656
-0.00010164644028
0.000246950037795
0.00293648931525
-0.000741567539266
-0.00240024256108
0.00223913248701
0.00097304153554
-0.000228753510455
0.00422010819694
0.00281042424708
-0.000872644559723
-0.00253053884674
0.00209356124399
0.000828002840271
-0.000355160126203
0.00409411868288
0.00268505635242
0.0012321966773
-0.00266015655715
0.00417058559395
0.000683622433552
-0.000480863764893
0.00396883081445
0.00256038810092
0.00110248364632
-0.00278909323735
-0.000704041006971
-0.0012005481222
0.000673086980981
0.00270285951605
0.000960066157341
0.000195376808615
-3.29635562395e-05
-0.0008562210316
-0.00132964106737
0.000575242405105
0.002572590502
0.000856183947689
9.72103929669e-05
0.00207539520734
0.0012141629315
-0.00148332427508
0.000478185397052
0.00241787324698
0.000698776645869
-1.27823559154e-07
0.0019400026709
0.0010632558107
-0.00163636691598
0.000381918204493
0.00226381476006
-0.00209075914366
-9.66353461014e-05
0.00180536251235
0.000912989266873
-0.00178876614787
0.000286443065268
0.00211041808196
-0.0022468397684
-0.000192309691187
0.00167147792654
0.000763366055508
0.00028140606035
0.000191762207161
0.001957686259
-0.00240225230454
-0.000349009323339
0.00153835210831
0.000614388936036
0.000130302192036
6.70427578508e-05
0.00180562234288
-0.00255699357667
-0.00050625719841
0.0014059882523
0.000466060671671
-2.01497125644e-05
0.00214038514996
0.00165422939053
-0.00271106040311
-0.000662827764451
0.00127438955265
0.000318384029268
-0.000169946792989
0.00199247212937
0.00150351046398
-0.00286444959601
-0.000818717714931
0.00114355920277
0.000171361779178
-0.000319086184575
0.00184523181512
0.00135346863013
-0.00301715796156
-0.000973923736278
0.00101350039508
2.49966950971e-05
-0.000467565018614
0.0016986671458
0.00342603400741
-0.00316918230014
-0.00112844250805
0.000884216320695
-0.000120708446086
-0.000615380422508
0.00155278106357
0.00327735557846
-0.00332051940656
-0.00128227070314
0.000755710169209
-0.000265750864439
-0.000762529519924
0.00140757651392
0.00312936347065
-0.00347116607015
-0.00143540498791
0.000627985128391
-0.000410127777149
-0.000909009430958
0.00126305644556
0.00298206076875
-0.00139919389089
-0.00158784202245
0.000501044383915
-0.000553836398673
-0.00105481727229
0.00111922381019
0.00283545056157
-0.0015484500161
-0.00173957846072
0.000374891119081
-0.000696873940906
-0.00119995015737
0.000976081562372
0.00268953594171
-0.00169700603583
-0.00189061095075
0.000249528514531
-0.000839237613338
-0.00134440519655
0.000833632659298
0.00254432000545
-0.00184485871959
0.000182274274412
0.000124716577902
-0.000980924623224
-0.00148817949729
0.000691880060635
0.00239980585248
-0.00199200483243
3.26597593828e-05
-2.71675914529e-05
-0.00112193217575
-0.00163127016431
0.000550826728328
0.00225599658578
-0.00213844113514
-0.000116240718058
0.00204835658643
0.000959669572576
-0.00177367429978
0.000410475626407
0.00211289531133
-0.00228416438442
-0.000264423784324
0.00189791108264
0.00082002932664
-0.00191538900348
0.000270829720799
0.00197050513801
-0.00242917133316
-0.000411886060953
0.0017481901594
-0.00517749138394
-0.00491445334614
-0.00651506722573
-0.00361204004014
-0.00559695661276
-0.00743219108584
-0.00493164781816
-0.00511971059094
-0.00708039239195
-0.00640815470984
-0.00351807367401
-0.00550056607941
-0.00733706714215
-0.00483428674691
-0.0050639616873
-0.00702347887125
-0.00631741048424
-0.00342320742783
-0.00540325777368
-0.0072409999389
-0.00473596544429
-0.00500730644888
-0.00696564151346
-0.00625844478527
-0.00332744413783
-0.00530503473879
-0.00714399264013
-0.00463668728391
-0.00494974648152
-0.00690688202435
-0.00842046840751
-0.00323078665498
-0.00520590003292
-0.00704604842649
-0.0045364556562
-0.00489128341279
-0.00684720213261
-0.00388929376658
-0.00313323784464
-0.00510585672886
-0.00694717049482
-0.00443527396793
-0.0048319188918
-0.00678660358956
-0.00382751760714
-0.0030348005862
-0.00500490791355
-0.00684736205769
-0.00433314564173
-0.00477165458901
-0.00672508816897
-0.00376480834824
-0.00515740668214
-0.00490476825103
-0.00674662634298
-0.00423007411557
-0.00471049219594
-0.00666265766675
-0.00370116788913
-0.00505720121996
-0.00480554622616
-0.00664496659344
-0.00412606284235
-0.00464843342503
-0.00631806565907
-0.00363659815201
-0.00497263116354
-0.00692734695005
-0.00654238606624
-0.00402111528935
-0.00458548000933
-0.0062538104688
-0.00357110108171
-0.00490596929278
-0.00682631939015
-0.00196855271294
-0.00391523493783
-0.00452163370233
-0.0061886457152
-0.00350467864549
-0.00483836732688
-0.00672439366783
-0.00186414045757
-0.00380842528251
-0.00445689627772
-0.0061225732804
-0.0034373328327
-0.00476982735919
-0.00662157287084
-0.00398074246252
-0.0037006898311
-0.00439126952914
-0.00605559506741
-0.00336906565454
-0.00470035150577
-0.00651786009973
-0.00387451167016
-0.00359203210388
-0.00432475526998
-0.00598771299995
-0.00329987914377
-0.00465431048132
-0.00641325846745
-0.00376737658755
-0.00348245563321
-0.00647930286896
-0.00591892902211
-0.00322977535441
-0.00460785879732
-0.00630777109899
-0.00365934054948
-0.00535731179281
-0.00641101910648
-0.00584924509813
-0.0031587563615
-0.0045604448375
-0.00620140113097
-0.00355040690222
-0.00524590847831
-0.00634185338958
-0.00577866321216
-0.00308682426078
-0.00451207010048
-0.00609415171127
-0.00344057900308
-0.00513359708533
-0.00627180760819
-0.00792911055209
-0.00301398116842
-0.00446273611205
-0.00598602599868
-0.00332986022
-0.00502732502432
-0.0062008836708
-0.00785673877278
-0.00294022922073
-0.00441244442491
-0.00589018613827
-0.00325813256216
-0.00497404659202
-0.00612908350423
-0.0077834751006
-0.00286557057388
-0.00436119661846
-0.0058383541853
-0.00320504662445
-0.00491975059868
-0.00743686495381
-0.00682424362949
-0.00495280992476
-0.00767648802039
-0.00601818272389
-0.0020900252795
-0.00575277435721
-0.0073485615321
-0.00673648123377
-0.0048395536257
-0.00756420035276
-0.00590624388793
-0.00421103204445
-0.00787569044567
-0.00725943166554
-0.0066798717035
-0.00472553031363
-0.00745114464727
-0.0057935386183
-0.00409887887394
-0.00776428217829
-0.00716947757381
-0.00663413396015
-0.00467737454543
-0.00733732348614
-0.00568006947591
-0.00398596433931
-0.00765211596023
-0.00707870148909
-0.0065875183397
-0.00463102397362
-0.00722273945741
-0.00556583902751
-0.00387229097399
-0.00758700557366
-0.00698710565577
-0.00654002606756
-0.00458380148312
-0.00710739515466
-0.00545084984548
-0.00375786131707
-0.00753333033553
-0.00689469233025
-0.00510751932889
-0.0045357082993
-0.00699129317686
-0.00533510450757
-0.00369311556072
-0.00747880547971
-0.00682907391672
-0.00505827751229
-0.00448674566775
-0.00687443612807
-0.00521860559672
-0.00363743955973
-0.00649418291025
-0.00677876537188
-0.00500816284382
-0.00443691485414
-0.00675682661726
-0.00515434570497
-0.00358091237309
-0.00643796290101
-0.00672758211054
-0.00495717663076
-0.00438621714406
-0.0066384672581
-0.00509675688307
-0.00352353541387
-0.00638089739215
-0.00667552547517
-0.00490532020042
-0.00433465384287
-0.00657481364212
-0.00503831683174
-0.00346531011317
-0.00632298779215
-0.00662259682833
-0.00485259490002
-0.00428222627553
-0.00651541198042
-0.00497902701561
-0.00340623791998
-0.00626423552718
-0.00656879755247
-0.00479900209649
-0.00422893578642
-0.00645516056949
-0.00491888891721
-0.00334632030098
-0.00620464204083
-0.00651412904982
-0.00474454317632
-0.00417478373921
-0.0063940609178
-0.00485790403675
-0.00328555874039
-0.00614420879404
-0.00645859274217
-0.00468921954538
-0.00411977151667
-0.00633211455141
-0.00479607389194
-0.00322395473979
-0.00608293726484
-0.00862412736204
-0.00685496712611
-0.0040639005205
-0.00626932301378
-0.00473340001783
-0.00316150981795
-0.00602082894827
-0.00856685978717
-0.00679791836791
-0.00622910666854
-0.00842768755555
-0.00466988396664
-0.00309822551064
-0.00595788535612
-0.00850872878834
-0.00674000923111
-0.00617152240512
-0.00836321037461
-0.00683153820382
-0.00303410337046
-0.00589410801682
-0.00844973586385
-0.00668124119736
-0.0061130836851
-0.00830938427123
-0.00676634252282
-0.00520170026667
-0.00806498092209
-0.00838988253068
-0.00662161576681
-0.0060540704199
-0.00825745152569
-0.0067003094225
-0.005135907185
-0.00799954073938
-0.00832917032428
-0.00656113445793
-0.00600093419109
-0.00820466482441
-0.00663344052187
-0.00506928102747
-0.00793327149275
