0.00463208358546
0.00309592799786
0.00690630638773
0.0076810935523
0.00658579018477
0.00494748177396
0.00746734362182
0.00455257638704
0.00301669146646
0.00682765848069
0.00760333129117
0.00648745586798
0.00484955851889
0.00735659855085
0.00447431416265
0.002938696293
0.00675024404561
0.0075267905804
0.00639028288888
0.00475279288774
0.00724696883473
0.00439729940349
0.00286194678906
0.00667406730303
0.00745147550575
0.00629427614868
0.00465718972508
0.00713845974491
0.00432154013905
0.00278644721686
0.00659913242479
0.00737739010536
0.0061994405169
0.00456275384388
0.0070310765317
0.0042470387601
0.00271220178822
0.00652544353305
0.00730453836876
0.00610578083029
0.00446949002446
0.00692482442327
0.00417379946827
0.00263921233514
0.00645300469925
0.00723292423588
0.00601330189182
0.00437740301347
0.00681970862465
0.00410182641221
0.00256748762201
0.00638181994304
0.00716255159612
0.00592200846962
0.00878107237512
0.00671573431667
0.00403112368663
0.00249702937467
0.00631189136868
0.00709342428732
0.00583190529587
0.00869135308101
0.00661290665491
0.00396169533114
0.00242784159261
0.00624322661452
0.00702554609483
0.00574299706583
0.00860282462282
0.0065112307687
0.00389354532924
0.0023599282196
0.00617582767621
0.00695891888789
0.00565528843668
0.0085154916021
0.00641071176003
0.00382667760725
0.00229329314267
0.00610969835619
0.00689355006928
0.00556878402654
0.00842935858153
0.00631135470249
0.00376109603324
0.00222794019105
0.00604484240012
0.00682944139847
0.00548348841337
0.00834443008386
0.00621316464025
0.00369680441602
0.00691177517834
0.00598126349583
0.0067665964413
0.00539940520256
0.00826071059088
0.00611614658691
0.0036338065041
0.00684899772881
0.0059189652724
0.00670501870639
0.0053165407512
0.00817820454235
0.00602030552453
0.00357210598463
0.0067875135354
0.00585795129913
0.00664471164421
0.00523489857906
0.00809691400668
0.00592564640245
0.00351170648247
0.00672732618607
0.00579822508463
0.00658567864618
0.0051544830928
0.00801684799311
0.00583217413626
0.0034526115591
0.00666843920595
0.00573979007583
0.00652792304379
0.00507529865362
0.00793800848079
0.00573989360671
0.00339482471168
0.00661085605639
0.00568264965708
0.00647144810766
0.00499734957617
0.00786039973101
0.00564880779596
0.00333834937205
0.006554580134
0.00562680714917
0.00641625704673
0.00492064012751
0.00778402595783
0.00555892523706
0.00328318890578
0.00649961476968
0.00557226580846
0.00636235300733
0.00948491043707
0.00770889132707
0.00547024883701
0.00471305274115
0.00224161510614
0.00421179410941
0.00353959497432
-0.000368202405588
0.00123558035489
0.000793257193893
0.00551138767147
0.00210391997961
0.00406840238342
0.00339077306589
-0.000530420006781
0.00106596594192
0.000616738105595
0.00538071840068
0.00196748934639
0.00392629818235
0.00324325730566
-0.000691351807889
0.000897644735143
0.00044151291364
0.00525129499157
0.0018323324408
0.00378549171014
0.00309705885198
0.00291965674743
0.000730630575109
0.000267596631966
0.00512312572628
0.0016984584998
0.00364599318416
0.00295218888932
0.00440475638862
0.000564937390789
9.50043929248e-05
0.00499621887915
0.00156587676092
0.00350781283291
0.00280865862575
0.0042477576723
0.000400579197244
-7.62485548603e-05
0.00487058271494
0.0023648382349
0.00337096089365
0.00266647929037
0.00409209540789
0.000237570093163
-0.000246146848786
0.00474622548684
0.00223486860446
0.00323544760997
0.00252566213066
0.00393778239874
7.59242582745e-05
-0.00041467501472
0.00462315543457
0.00210621887066
0.0031012832293
0.00238404820818
0.00378483149912
-8.43440493732e-05
-0.000581817469613
0.00450138078238
0.00197889825156
0.00296847800037
0.00223990223506
0.0036332556115
0.00140020156344
-0.000747558524275
0.00438090973708
0.0018529159547
0.00283704217057
0.00209711884415
0.00348306768358
0.00124273138325
-0.000911882386319
0.00426175048598
0.00172828117475
0.00371704070574
0.00195570955633
0.00333428070536
0.00108668194507
-0.00107477316328
0.00414391119479
0.0058922455148
0.00358837439771
0.00181568590996
0.00318690770597
0.000932067790226
-0.00123621486591
0.0040274000056
0.00577033328904
0.00346110819611
0.00167705945798
0.00304096175051
0.000778903522679
-0.00139619141164
0.00391222503466
0.00564979606264
0.00333525231577
0.00153984176491
0.00289645593662
0.000627203805429
0.00014258729668
0.0037983943703
0.00553064295433
0.00321081695631
0.00140404440378
0.00275340339114
0.00442380037117
-1.44103328177e-05
0.00368591607069
0.00541288305753
0.00308781229911
0.0023072803345
0.00261181726646
0.00427507396097
-0.000169894035389
0.00357479816164
0.00529652543777
0.00296624850436
0.00217435837445
0.0024717107369
0.0041278564064
-0.000323847393692
0.00346504863441
0.00518157913005
0.00284613570797
0.00204289148444
0.0023330969949
0.00398216256796
-0.000476253917261
0.00382794003294
0.00506805313615
0.00272748401845
0.00191289123909
0.00219598924713
0.00383800734507
-0.000627097047129
0.00372095109331
0.00495595642191
0.00261030351374
0.00178436920495
0.00206040071046
0.00369540567158
-0.000776360160657
0.000550107229563
0.000842934910058
-0.00101023883292
-0.000553867753244
-0.0031713991683
-0.0027254656207
-0.00466648485149
-0.00428330605895
-0.00380123381978
-0.00313062053925
-0.00257974994992
-0.00418803047101
-0.00350900280589
-0.00347081447384
-0.00313050387258
-0.00489030539837
-0.00428782660439
-0.0035303126892
-0.00291404524596
-0.00179580519502
-0.00365588176539
0.000572500388133
0.000977456828511
-0.000872009553622
-0.000411906243607
-0.00208377188215
0.00101391589672
0.00135169296171
-0.000495393109785
-1.3213292132e-05
-0.00165268192698
0.00140666236336
-0.00405908480428
-0.00361686168068
-0.0056141923398
-0.00324747917885
-0.00278849397884
-0.00441411367712
-0.00366111480074
-0.0049587237157
-0.00193473136935
-0.00399241075601
-0.00224859150545
-0.00169883363006
-0.000700680587277
-0.000235973450802
-0.0020258338203
-0.00173027327744
0.00139657245964
-0.000347835097401
0.000152602597561
-0.00148192204199
-0.000940442991833
-2.55533359159e-05
0.000184595823417
0.000417577472656
-0.00147304782549
-0.00100761108784
-0.00046959492337
0.000284011488747
-0.00101609298502
-0.00412917614629
-0.00429232297439
-0.00220463630184
-0.00165381778352
-0.00333247203726
-2.63415943054e-05
0.000226703918901
-0.00170100406135
-0.00131671974991
-0.000316768569192
0.000275052759969
-0.00127091439201
-0.00073191852687
-0.000253100423339
0.000167064594332
0.00039931057468
-0.00149206930312
-0.00102739653056
-0.00265649295899
0.000262725749981
-0.00113212385002
-0.000365453208179
-0.000226272066283
-0.00212903130909
-0.00157639161761
-0.00108762993857
-0.00279087051954
0.000290265958019
-0.00163546675161
-0.00124917935512
-0.00299067103223
-0.00240309780759
0.00105470520728
-0.000482332954298
-0.000226459006268
-0.00232267172291
0.000428241444266
-0.00146194362436
-0.000996061216742
-0.00262395375774
-0.00190864552475
0.000928649541338
-0.000568562815189
-0.000441238059256
0.00020004869726
-0.00154518435662
-0.00111509418274
-0.00281904447315
-0.00245165943836
-0.00153377611165
-0.00114438938953
-0.00288276474026
-0.00229208970884
-0.00158713002736
-0.000226046343691
-0.000156422106231
-0.00224968437572
-0.00201660938206
-0.00138276760775
-0.000913714084214
-0.000306175612852
-0.00201325754601
-0.00133503512353
-0.000733325631135
-0.000594225371394
-0.00252170318224
-0.0043946629896
-0.0011092878004
-0.0028130879969
-0.00231811594405
-0.00423666825582
-0.00100254359662
-0.000512776181975
-0.00214186437559
-0.00143279802645
-0.00285460842849
-4.31651765919e-05
-0.00213167416946
-0.00189367893838
-0.00154641022724
-0.00330489245988
-0.000351949822411
-0.00206286232521
-0.00138660702808
-0.00308042494019
-0.000684432656862
-0.00248464209263
-0.00435660242566
-0.00392535355367
-0.00277301033753
-0.00215899523357
-0.0018413351485
-0.00366658171822
-0.00032887396729
-0.00195273043479
-0.00124114025895
-0.00273702085177
-0.00264896490362
-0.00196895962802
-0.00172422074306
-0.00137004569443
-0.00325509004465
-0.00287413889344
-0.00205725892187
-0.00138078116188
-0.00321328407092
-0.00286085854132
0.00103518475092
-0.000834929343642
-0.000401821731085
-0.00333207425476
-0.00208300820564
-0.00163248847734
-0.00345946987357
-0.00306152131321
-0.00478637099141
-0.00133435686261
-0.0028328118454
-0.00245021592267
-0.00230043175321
-0.00150872479664
-0.00123267312321
-0.00319917843562
-0.00281579642673
-0.00452403670998
-0.00131758308635
-0.00105485115955
-0.00290427811631
-0.00171997269324
0.00148966647096
-0.000296450405955
0.00022726678781
-0.00137611156425
0.00185933400169
-5.66091707784e-05
0.000339840964918
-0.00138651267386
-0.000782584402881
-0.000663481920111
-0.00240137445501
-0.00225260476414
-0.00423010137427
-0.0039046153572
-0.00309269990107
-0.00270470656952
-0.00440830841197
-0.00383726082272
-0.00106749143989
-0.0029175784982
-0.00158871218786
-0.00123069517733
-0.000158134622105
0.0003691264926
-0.00123073523822
-0.00100685206862
-6.80114211847e-05
0.00032808557648
0.000823302890894
-0.000795046920931
-7.33834143011e-05
0.00100654055009
0.00115162731394
-0.000828007850499
-0.000476065377673
-0.00225494354557
0.000978131905144
-0.00200951332617
-0.0037919728656
-0.003553803922
-0.00286738335446
-0.00142634139072
-0.00106399613464
-0.0028422110366
0.000544548355125
-0.00120600315179
-0.000982017159888
-0.000675599889644
-0.0025006371937
0.000850510545289
-0.000767047675479
-6.6414231047e-05
-0.00185981795456
0.00114418442842
-0.000835756064312
-0.000484125945912
-9.06855032321e-06
-0.00165206992093
0.00166315980668
-0.000174739426241
6.45730344688e-05
-0.00177742547468
-0.00123307083996
-0.000865600134276
-0.00263865337189
-0.00210186955768
0.00107473804915
-0.000921336204576
-0.000613008890992
-0.00243611111034
-0.00193815751629
-0.000698647692217
-0.000178793066832
-0.00197605805916
-0.00167361862771
0.00142503489433
-0.000443699287374
3.29386609421e-05
-0.00157391039867
-0.00125091892918
-0.000217899909805
0.000231993689928
-0.00160137848879
-0.00386428100584
-0.000635775330022
-0.00240288703849
-0.00186016487822
-0.00168694549712
-0.000824913003728
-0.000513558540382
-0.00233359467405
-0.00183256274352
-0.00344513299358
-0.000249661582076
0.000172556299202
-0.00159161396911
-0.00134473930412
-0.00321004415624
0.000125187217439
-0.00153730160025
-0.0012629349996
-0.00307794459697
0.000330093218642
0.000860036949143
-0.0036099914003
-0.00322996092283
8.66906697528e-05
-0.00171660042089
-0.00155899245773
-0.00354805099573
-0.000377428847757
-0.00219328499718
-0.001688057926
-0.00122999028925
-0.00313399253805
0.000142353210611
-0.00154400818854
-0.00121312958566
-0.00307317199957
-0.00258776523656
-0.00149660528332
-0.0012203151838
-0.000811433554156
-0.00247276816005
0.000947533851379
-0.00110372113114
-0.00293823584502
-0.00246929263585
-0.00155933665873
-0.00139674541012
-0.00338069459474
-0.0030600031735
-0.00487058850911
-0.00150493519272
-0.00121787100906
-0.00312144517189
-0.00269979950609
-0.00153059298039
-0.00103564333819
-0.00288863670364
-0.00239612525782
-0.00203709276343
-0.00112322861279
-0.000709889892406
-0.0023667658101
-0.00198549385644
0.00266157999659
-0.00261611059886
-0.0021390400876
-0.00422418335253
-0.00120045980202
-0.00317826324263
-0.00285131064873
-0.00243363737805
-0.00424767287122
-0.0011654600117
-0.00306718512859
-0.00264366663117
-0.00432771889641
-0.000812779964135
-0.000435066227762
-0.00215565268691
-0.00189268510403
-0.00382719309518
-0.000551823688898
-0.00237674757668
-0.002004967948
0.000149798440154
0.00118726886205
0.00156551597506
-0.000549883647605
-0.000374313821876
0.00273209595181
0.000844404582907
0.0012694395384
-0.000707009253631
-0.00392800751334
-0.00297133802452
-0.00254452094926
-0.00422527190557
-0.00355796668736
-0.00301215043073
-0.00187745431395
-0.00169710229727
-0.00362252714136
-0.00320254393974
-0.00233581667133
-0.00196193464419
0.000522059566847
-0.00128620173957
0.00181325218123
0.0019275007912
-0.000110915969596
0.000148488117225
-0.00173093524365
0.00149217964378
-0.000578986772189
-0.00034417499196
-0.00223799798335
0.00104865319501
0.00159453790898
4.45478238125e-05
0.000762760812299
-0.00104620452635
-0.00145102940226
-0.00336514947377
-0.00310733844338
-0.00286883404019
-0.00471175151585
0.0006976493905
0.00110876086985
-0.000762990086645
0.00221501673397
0.000185462405806
0.000453929708047
-0.00145936960665
-0.0012022783712
-0.000412598451695
-0.00017190913689
0.000162195763996
-0.00162214567465
0.00178494315039
0.000240931210717
0.00105698820267
-0.000763497773221
-0.00055918035669
0.00259156567894
0.00049504715978
0.000741414707447
-0.00109342884835
0.000672742294123
0.00108322830908
-0.000646916867362
-0.000320943949472
0.000376863511581
0.000485808016304
-0.0015541865889
-0.00129184687616
-0.000940995378553
3.96902793777e-05
0.000381113465884
-0.00139583078988
-0.000836486955638
-0.00237322499416
0.00130499408853
-0.000434072680802
-0.000214806996141
-6.73614114831e-05
0.000701458767477
0.000958462199801
-0.000865475168953
-0.000583240462812
0.00379814302497
0.00259703224537
0.00150000018204
0.00485920924965
0.000809549593868
0.00089763603015
0.00344844731015
0.00358179686148
0.00238145426512
0.00128563546191
0.00465365586143
0.000603759371872
0.000692036702386
0.0032322552729
0.00336591413448
0.00216634161158
0.00107173897674
0.00444860626894
0.00290326829048
0.000486941084341
0.00301652913388
0.0031504980717
0.00195169750249
0.000858313927747
0.00424406374916
0.00269848805194
0.000282352453905
0.00280127214781
0.00293555192382
0.00173752517821
0.000645363538239
0.00404003159932
0.00249421774804
7.82741092604e-05
0.00258648759265
0.00272107896463
0.00152382790183
0.000432891053703
0.00383651313699
0.00229046070128
0.00237950515865
0.00237217876966
0.00250708249104
0.00131060895926
0.000220899741899
0.00362849679702
0.00208722025463
0.00217645736152
0.00215834900353
0.00229356582329
0.00109787165933
9.39289294573e-06
0.00341864810168
0.00188449977156
0.00197392986692
0.00417490546707
0.00208053230494
0.000885619333872
-0.000201626180596
0.00320929080138
0.00168230263609
0.00177192605459
0.00396204388284
0.00186798530304
0.000673855337833
0.00376133980047
0.00300042820306
0.00148063225282
0.00157044932479
0.00374967147098
0.00165592820821
0.000462583049341
0.00355130630561
0.0027920636355
0.00127949204696
0.00136950309826
0.00353779165082
0.00367426825934
0.000251805869805
0.00334177065931
0.00258420044936
0.00107888546436
0.00116909081631
0.00332640786559
0.00346320124519
4.15272239964e-05
0.0031327362647
0.00237684201723
0.000878815971513
0.000969215940791
0.0031155235825
0.00325263445223
0.00205545643303
0.00292420654776
0.00216999173374
0.000679287055635
0.000769881954154
0.00290514229287
0.00304257136623
0.00184618522285
0.00271618495735
0.00196365301559
0.000480302224631
0.000571092359455
0.00269526751214
0.00283301549696
0.00163742296172
0.00480479023709
0.00175782930162
0.000281865007136
0.000372850680375
0.00248590278005
0.00262397037829
0.00142917316867
0.00459779533837
0.00155252405285
8.39789525279e-05
0.00419087159739
0.00227705166066
0.00241543956827
0.00122143938649
0.00439131905095
0.00134774075255
-0.000113352369064
0.00399373640315
0.00206871774243
0.00220742664916
0.00101422518181
0.00418536491603
0.00358173942336
-0.000310125366746
0.00379715981943
0.00186090463835
0.0019999352276
0.000807534145153
0.00397993649801
0.00337801055909
-0.000506336428858
0.00360114545251
0.00165361598595
0.00179296893458
0.000601369891019
0.00377503738462
0.00317481422709
0.00178363607229
0.00340569692933
0.00304581568813
-0.000313017671731
4.83228291137e-06
0.00218915243341
0.00209832560015
0.000270251365669
0.00023575058011
0.00282686287764
0.00362018334816
0.00203454910385
0.0020070397376
0.00191180773567
7.95361376926e-05
4.11192938363e-05
0.00260837739099
0.00342687359658
0.0018377068316
0.00182559650691
0.00172595604452
-0.000110517358824
-0.000152855580115
0.00239036263986
0.00321379443062
0.00164145658694
0.00164482704289
0.00154077501836
-0.000299904457439
-0.000346169219115
0.00217282206173
0.00298008175665
0.00143890890063
0.00146473566787
0.00135626917287
0.00334340964573
0.00169333619878
0.00195575912006
0.00274677258814
0.00120142521877
0.00128532672479
0.00117244304768
0.00315536945172
0.00150135962024
0.00173917730441
0.00251387015481
0.000964332728942
0.00110660457709
0.000989301206281
0.00296800981896
0.00131005892845
0.00152308013056
0.00228137771527
0.000727634679448
0.00315892912464
0.000806848235857
0.00278133552301
0.00111943906852
0.00130747114065
0.00204929855715
0.000491334349175
0.00298159373932
0.000625088747214
0.00259535136648
0.000929505016046
0.00331428560669
0.00181763599743
0.000255435047846
0.00280495836128
0.000444027374637
0.00241006217897
0.000740261777083
0.00309795784513
0.00158639338261
1.99401162982e-05
0.00259887681459
0.000263668775754
0.00222547281692
0.000551714388036
0.00287173074568
0.00135557408897
-0.000215147073242
0.00235926209939
8.40176314e-05
0.00204158816356
0.000363867915601
0.00264594571785
0.00112518152278
-0.000449823116885
0.00212004015983
0.00213966143471
0.00185841312873
0.000176727456672
0.00242060618024
0.000895219120592
0.00340647043343
0.00188121440349
0.00196143933397
0.00167595264878
-9.7018617565e-06
0.00219571557991
0.00289255433715
0.0031726270213
0.00164278827177
0.00178393886796
0.00149421168643
-0.000195414882693
0.00197127739263
0.00266346269469
0.00293920515949
0.00140476524014
0.00160716480876
0.00131319523061
-0.000380406419268
0.00174729512302
0.00243481170962
0.00270620838133
0.00116714881855
0.00143112195083
0.00113290829632
0.00318329581698
0.00152377230477
0.00220660494182
0.00247364025318
0.000929942551698
0.00125581511082
0.00318527326849
0.00299976292863
0.00130071250081
0.00197884598255
0.00224150437477
0.000693150019381
0.00108124912738
0.00300646052569
0.00281696726325
0.00107811930353
0.00175153845475
0.00423984138318
0.000456774836824
0.00090742886095
0.00282839250411
0.00263491412589
0.000855996334933
0.00152468601324
0.0040085809381
0.000220820655008
0.000699761642281
0.00265107432128
0.00245360885076
-0.00448266501081
-0.00503053898279
-0.00339595465612
-0.00510654819913
-0.0053008182798
-0.00333482321548
-0.00569262250362
-0.00435407722236
-0.00489737437808
-0.00325841433427
-0.0049649641989
-0.0073871093247
-0.00320408816549
-0.0055581758896
-0.0042243447925
-0.0047630439752
-0.00311968989861
-0.00482218087319
-0.00725020440252
-0.00307203074805
-0.0054223879999
-0.00409347464814
-0.00685442304939
-0.00297978953911
-0.00467820700787
-0.0071120466574
-0.00293866044203
-0.00528526899769
-0.00396147372039
-0.00671778373589
-0.00283872143884
-0.00453518757761
-0.00697264519644
-0.0028039867288
-0.00514682904185
-0.00382834894337
-0.00658000130676
-0.0026964937725
-0.00439837687476
-0.00683200911948
-0.00266801909002
-0.00500707828454
-0.00369410725292
-0.00644108331735
-0.0025531147049
-0.00426035572296
-0.00669014751723
-0.00475270196835
-0.00486602686877
-0.00355875558539
-0.00630103731805
-0.00240859238956
-0.00496044889907
-0.00654706946941
-0.0046141749133
-0.00472368492615
-0.00342230087647
-0.00615987085292
-0.0044848615484
-0.00482003231523
-0.00640278404298
-0.00447438235717
-0.00458006257459
-0.00328475006
-0.00601759145849
-0.00433807714593
-0.00467843073402
-0.00625730029041
-0.00433333376095
-0.00443516991607
-0.00314611006683
-0.00587420666245
-0.00419017387458
-0.00453565262234
-0.00611062724793
-0.00419103857527
-0.00428901703457
-0.00300638782368
-0.00572972398245
-0.00404115982897
-0.00439170643597
-0.00598304806521
-0.00404750623847
-0.00636354662862
-0.00289267687286
-0.00558415092492
-0.00389104308573
-0.00424660061802
-0.00585830869722
-0.00390274617467
-0.00621490347047
-0.00279598397064
-0.00543749498388
-0.00373983170227
-0.00632226738463
-0.00573229153974
-0.00377144475238
-0.00606503021238
-0.00269806366238
-0.00529983600152
-0.00358753371562
-0.00617486757489
-0.00560500486667
-0.00364057244754
-0.00591393684587
-0.00259892142712
-0.00519754050748
-0.00343415714119
-0.00602633337236
-0.00547645696288
-0.00350841988822
-0.00576163333455
-0.00473255231586
-0.00509400003839
-0.00327970997172
-0.00587667315504
-0.00534665612238
-0.00337499597062
-0.00560812961235
-0.00519719619497
-0.00498922063758
-0.00316400037498
-0.00572589528123
-0.00521561064635
-0.00324030959311
-0.00545343558179
-0.00509442139854
-0.00488320838091
-0.00305495613572
-0.0055740080882
-0.00508332884137
-0.00310436965423
-0.00529756111226
-0.00499044693049
-0.00477596937538
-0.00294466068904
-0.00542101989092
-0.00717174280473
-0.00296718505073
-0.0051405160384
-0.0048852784331
-0.00466750975769
-0.00283312065488
-0.00526693898088
-0.00787632816326
-0.0028287646757
-0.00498231015857
-0.00635067345358
-0.00569706062222
-0.00276218742297
-0.00652641971055
-0.00561371453114
-0.00249181101319
-0.00552279444196
-0.00625465718083
-0.00560712211134
-0.00264311041344
-0.0064099267942
-0.00549830664007
-0.00209666499655
-0.00541078688737
-0.00615741194401
-0.00551594948578
-0.00252289941752
-0.00629229791739
-0.00538176960953
-0.00420357853439
-0.00529767224627
-0.00605894318946
-0.00514210493609
-0.00240156054044
-0.00617353902759
-0.00526410924231
-0.0040874493077
-0.00518345587967
-0.00595925639933
-0.00504847935713
-0.00227909990036
-0.00605365608736
-0.00514533135687
-0.00397021184646
-0.00506814316571
-0.00585835709023
-0.00495363501834
-0.00437744974265
-0.0059326550732
-0.00502544178626
-0.00385187178657
-0.00495173949872
-0.00575625081203
-0.00485757711492
-0.004252763977
-0.0058105419745
-0.004904446377
-0.00373243477823
-0.00483425028822
-0.00565294314656
-0.00476031087845
-0.00412697486899
-0.00568732279238
-0.00478235098807
-0.00361190648495
-0.00693761079874
-0.00554843970633
-0.00466184157576
-0.00400008857721
-0.00556300353864
-0.00465916148983
-0.00349029258254
-0.00681796678584
-0.00544274613333
-0.00456217450766
-0.0038721112676
-0.00543759023468
-0.00453488376299
-0.0033675987581
-0.00669725353968
-0.00533586809774
-0.0044613150078
-0.00374304911242
-0.00753301316325
-0.00440952369757
-0.00324383070905
-0.00657547652111
-0.00522781129673
-0.00435926844143
-0.00361290828919
-0.00740542985619
-0.00428308719191
-0.00311899414216
-0.00645264120149
-0.00511858145321
-0.00425604020427
-0.00351059600246
-0.00727677061024
-0.00415558015167
-0.0029930947726
-0.00606800974922
-0.00723053418186
-0.00415163572127
-0.00340733267678
-0.00714704147479
-0.00402700848884
-0.00286613832299
-0.00594307427906
-0.00711897551902
-0.00404606044549
-0.00302165492893
-0.00701624850374
-0.00389737812079
-0.00273813052245
-0.00581709697594
-0.00700626112484
-0.00393931985692
-0.0029160738745
-0.00688439775446
-0.00598862108472
-0.00260907710575
-0.00569008334432
-0.0068923968132
-0.0038314194613
-0.00280934196017
-0.00675149528684
-0.00585689107499
-0.00247898381231
-0.00556203889474
-0.00677738841778
-0.00372236478904
-0.00270146455572
-0.00661754716239
-0.00572412013485
-0.00234785638541
-0.00543296914299
-0.00666124179087
-0.00583409496005
-0.0025924470547
-0.00648255944325
-0.00559031419373
-0.00221570057123
-0.00530287960926
-0.00654396280226
-0.0057227484185
-0.00248229487328
-0.0063465381913
-0.00545547918183
-0.00208252211803
-0.00517177581736
-0.00642555733809
-0.00561026432793
-0.00237101344924
-0.00620948946725
-0.0053196210292
-0.00417025195944
-0.00508813754681
