0.001691782023
9.74724150546e-05
0.00282151161118
0.00109185972289
0.000527108197841
0.00311740729372
0.00135487672617
0.00159304408672
5.61500630125e-06
0.00272909870812
0.00099897857647
0.000444128923108
0.00303414737141
0.00127142260367
0.0037189478887
0.00214363587384
0.0026372917926
0.000906705845697
0.000361773626209
0.00295151318983
0.00118859543971
0.00362139005472
0.00205298587555
0.0047806665144
0.00305066959254
0.000273172177122
0.00286950591822
0.00110639641128
0.00352442418124
0.00196294141014
0.00469007529642
0.00295961746855
0.00241737594878
0.00502058795625
0.00325155563535
0.00342805153569
0.00187350368955
0.00460009377867
0.00286917752586
0.00232656708962
0.00493983798827
0.00317061638488
0.00333227338136
0.00178467392076
0.00451072318879
0.00277935100973
0.00223637366102
0.00485971840177
0.00309030876458
0.00323709097731
0.00169645330569
0.00442196474939
0.00269013916032
0.0021467969174
0.00477957815284
0.00300686859603
0.00314250557827
0.00160884304119
0.00433381967791
0.00260154321261
0.00205783810795
0.00469034786464
0.00290805050639
0.00304851843461
0.00152184431892
0.00424628918658
0.00251356439634
0.00196949847661
0.00460173828192
0.00280649815609
0.00295513079224
0.00143545832529
0.00415937448233
0.00242620393593
0.00188177926196
0.00451375065392
0.00270555072487
0.00286234389257
0.0013496862414
0.00407307676676
0.00233946305037
0.00179468169714
0.00442638622444
0.00260520960447
0.0027701589724
0.00126452924295
0.003987397236
0.00225334295322
0.00170820700981
0.00433964623174
0.00250547618248
0.00267857726389
0.00117998850019
0.0039023370807
0.00216784485247
0.00162235642203
0.00425353190849
0.00240635184228
0.00258759999445
0.00109505151385
0.0038178974859
0.00208296995047
0.00153713115022
0.00416182129506
0.002307837963
0.00249722838671
0.00100411962147
0.00373407963102
0.00199871944392
0.00145253240505
-0.000201688723798
0.00220993591937
0.0024074636584
0.00091379762065
0.00365088468972
0.00191509452369
0.0013685613914
-0.000298685311019
0.0021126470817
0.00231830702233
0.000824086745412
0.00356831382989
0.00183209637486
0.00128521930827
-0.000395068744752
0.00201597281575
0.00222975968629
0.000734988224718
0.00348636821353
0.00174972617655
0.00120250734867
-0.000490837675139
0.00191991448269
0.00436570567715
0.00286837688296
0.00339986457583
0.00166798510191
0.00111745754945
-0.000585990757003
0.00182447343899
0.0042783805441
0.00276327630097
0.00115571671133
0.00382248528736
0.00324368197761
-0.000680526649928
0.00172965103637
0.00190772163819
0.00331862219087
0.00449766567837
-0.0001402814466
0.00112362388205
0.00247496374736
0.00208475328749
0.00180229420579
0.00321075147769
0.0044063231426
-0.00023404308927
0.0010273898249
0.00237621251912
0.00198345106458
0.0016975161751
0.00310354086669
0.00431568598794
-0.000327084594543
0.000931890667978
0.00227821088148
0.00188291296119
0.001593389228
0.00299699214786
0.00422575587253
-0.000419404178479
0.000837128329362
0.0021809608949
0.00178314118797
0.00148991504166
0.00289110710658
0.00413653444672
-0.000511000065154
0.000743104718943
0.00208446461149
0.00168413794719
0.00138709528849
0.00278588752346
0.00404802335291
-0.000601870486799
0.000649821738248
0.00198872407484
0.00158590543248
0.00128493163595
0.00268133517424
0.00396022422547
-0.000692013683957
0.000557281280283
0.00189374131986
0.00148844582868
0.00118342574648
0.00257745182968
0.00387313869057
-0.000781427905623
0.000465485229363
0.00179951837256
0.00139176131158
0.00108257927739
0.00247423925539
0.00378676836606
-0.000870111409396
0.000374435460953
0.00170605724991
0.00129585404776
0.000982393880749
0.00237169921176
-0.000463524067739
-0.000958062461624
0.000284133841495
0.0016133599596
0.00342832655571
0.000882871203253
0.0022698334538
-0.000548459151875
-0.00104527933755
0.000194582228252
0.0037453569589
0.00331769518385
0.00078401288613
0.00216864373105
-0.000632674223322
-0.00113176032148
0.00232819659761
0.00365419331848
0.00320781552117
0.000685820565019
0.00206813178742
-0.000716167698834
0.00100442054593
0.00224015053102
0.00356379947618
0.00309868996558
0.000588295869863
0.00196829936108
0.00142298904263
0.000919416456219
0.00215285998565
0.00347417740087
0.00299032090865
0.000491440424788
0.00186914818434
0.00134094347267
0.000835153349884
0.00206632678039
0.00338532905122
0.00288271073539
0.000395255847994
0.00399260703032
0.00125962419398
0.000751632904969
0.00198055272408
0.00329725637555
0.00277586182403
0.00252167172974
0.00389482352568
0.00117903275309
0.000668856789733
0.00189553961539
0.00146353590649
0.00266977654584
0.00242683371983
0.00379772643115
0.00109917068702
0.0005868266625
0.00181128924267
0.00137702038137
0.00256445726488
0.00233267139609
0.00370131745435
0.00100118128676
0.000505544171513
0.00172780338371
0.00129128631117
0.00245990633779
0.00223918635188
0.00360559829638
0.000903200813817
0.000425010954787
0.00164508380567
0.00120633560088
0.00235612611361
0.00214638017403
0.00351057065175
0.00080592439665
0.000345228639958
0.00156313226482
0.00112217014424
0.00225311893354
-0.00180128706602
-0.00276300009925
-0.00139514342593
2.44539629604e-05
-0.00346421815479
-0.00237390946625
-0.0034203224558
-0.00213764440829
-0.000753595005304
-0.00170609463235
-0.000387712744164
-0.00119361541652
0.00016778031175
0.00152086966342
0.000628891641259
-0.00186609583445
-0.00285120804701
-0.00149029433822
-0.00291952429129
-0.00397667524662
-0.00269132903807
-0.00145142105342
-0.00494212014161
-0.00357407601519
-0.00220028714006
-0.0031047873345
-0.00198019183133
-0.00301852615249
-0.00173114364697
-0.000342800304264
-0.00134889796497
-2.63521870778e-05
-0.000841132798965
0.000463760872089
0.00182028173
-0.00182599086446
-0.000690808785649
-0.00167177555736
-0.00381891558232
-0.00258410498678
-0.0036361718873
-0.00234616448887
-0.00361025140617
-0.0045639695627
-0.00319634005774
-0.00186000528499
-0.00272529651478
-0.00159566295094
-0.00260261817521
-0.00129903475114
4.00486111556e-05
-0.000965008604999
0.000361969795953
-0.00323715930679
-0.00196235456651
-0.000609288633566
-0.00149593350131
-0.000355894375455
-0.00133236052282
2.64838355491e-05
0.00127924552173
0.000232662241592
-0.00197019429198
0.000362834069035
-0.000586546284461
-0.00283492359552
-0.00149481339879
-0.00232098573626
-0.00118603516335
-0.00218800650995
-0.00359341402643
-0.0022930606946
-0.00329302428816
-0.00198440006781
-0.00286327070244
-0.00161041974867
-0.000260507062853
-0.00113748214218
7.7826574456e-06
-0.000963843195424
0.000399396693308
-0.000549277745079
0.000633568229189
-0.000919180798276
0.000784277374378
-0.000160551569249
0.00112174714976
-0.000348058849767
-0.00461594961294
-0.00347766154088
-0.00447440202489
-0.00314899311431
-0.00186231722025
-0.00285692148721
-0.00158650628076
-0.00248860687549
-0.00123106366422
-0.00210784267646
-0.000751039571555
0.000399802408016
-0.000566659734114
-0.00205176868504
-0.00297131879222
-0.00178388841062
-0.000483125324961
-0.00157192342499
-0.00252041281681
-0.00127369078775
6.59865232208e-05
-0.000721179115821
0.000455477217194
-0.000535798461117
-0.00267977221307
-0.00363088218953
-0.00241645611658
-0.0011624106615
-0.00208720658471
-0.000827569755026
-0.00454455719446
-0.00317960312829
-0.00202470636567
-0.00299457503168
-0.0016473570816
-0.00251859766342
-0.00132460846167
-9.43544217788e-05
-0.00110440538101
-0.00209162532317
-0.000840136154515
0.000503945743472
-0.000279217997722
0.000938147842167
-4.74423117768e-05
0.00128595924238
0.000322041062397
-0.00480808162486
-0.0035510282379
-0.00449797544331
-0.00324217210946
-0.00411372577568
-0.00273847623911
-0.00158816235273
-0.00256693652934
-0.00121464580957
-0.00208537690225
-0.000911089300637
0.000323400627883
-0.000676934666935
-0.00168971342424
-0.000389158183005
-0.00125734786115
0.000186468677597
0.00144437174143
-0.00238911300593
-0.0010508663073
-0.00205218004649
-0.000887182223821
0.00037548262418
-0.000593064321383
-0.00278991376734
-0.00369815912826
-0.00235875604093
-0.00113884023791
-0.00213626980274
-0.000822287596206
-0.00174351219858
-0.00332545407637
-0.00208485899616
-0.000279681260375
-0.0012879688519
-0.00283539937022
-0.00366069448118
-0.00217754580106
-0.000880053655574
-0.00185366397097
-0.000509805959161
-0.00156413992675
-0.000392868270743
0.0008756315658
-0.000118361259831
0.00109046964513
0.000128425998453
-0.00200845438963
-0.0035767691486
-0.00458691116572
-0.00326800295496
-0.0042277866369
-0.00289019971636
-0.00164132968125
-0.00271059092933
-0.00371417082815
-0.00240606804864
-0.00322734917176
-0.0017315565893
-0.000327977015647
-0.00129531972537
5.43137462536e-05
-0.0010520844389
0.000125689695653
0.00140023445388
0.000323195538065
-0.00136740916902
-0.00232459655099
-0.00103465716581
0.000275836289317
-0.000703643910331
-0.00283905204613
-0.00382836786164
-0.00248594894798
-0.00124852116381
-0.00226767315373
-0.00326633897292
-0.00195366603159
-0.00277075969725
-0.00127119985508
0.000246383246728
-0.000714524426552
0.000613764948002
-0.00337158809294
-0.00218709818082
-0.000966197935933
-0.00211407109645
-0.000944020090407
-0.0018960857887
-0.000630034455743
0.000685232052476
-0.000244615750296
0.00103413088936
5.04247426362e-05
-0.00205331763965
-0.00305902769892
0.00164885411943
-0.00279596507211
-0.00147854113564
-0.00229128295518
-0.00364294509275
-0.00204286963225
-0.00296686497809
-0.00168995011249
-0.0028128232771
-0.00162141957879
-0.000529033401176
-0.00167075494587
-0.000494913174377
-0.00144160600471
-0.000198865842335
0.00112143183165
0.000240962481991
0.0014833635202
-0.00234957567741
-0.000996666798152
-0.00202294438151
0.00213612630115
-0.00170726960028
-0.00038492462131
-0.00464442104144
-0.00313689550955
-0.00153325936463
-0.00234252173496
-0.00111604846971
-0.00223138070427
-0.00106234759552
-6.71130864342e-05
-0.00120240639184
-2.05161734593e-05
-0.000964711722238
-0.00259671982935
-0.0034930762137
-0.0021025453913
-0.00089569801719
-0.00186732276749
-0.000520170896045
-0.00155498999085
-0.00021007538043
-0.00119286423654
0.000134563787353
-0.000669017878675
0.000842690269068
0.0024022607862
-0.00194040052235
-0.000520111106529
-0.0016277200037
-0.000583108312019
-0.00465791571206
-0.00356458855092
-0.00237640675005
-0.00334289534747
-0.00211377834585
-0.00300463084687
-0.00156809743201
-0.000393280632143
-0.00135846977491
-3.15794218175e-05
-0.00105955955847
0.000320167264949
-0.000656985944486
0.00067567627966
-0.000123115491336
0.0013928969672
0.000555916484738
0.00189023327594
0.000459325566854
-0.0038579719253
-0.00293534061686
-0.00414772580531
-0.00304746557589
-0.00185276648975
-0.00284098194757
-0.00160564001256
-0.00249077438162
-0.00104909228983
0.000134966296124
-0.000823548258293
0.000483664470563
-0.00339259373431
0.000854338950795
-0.000100005802302
0.00123803189564
-0.00241871023418
-0.000932090306259
-0.00190646018189
-0.000566880672435
0.000866066520783
0.00010766975706
0.00103916614816
-0.000165688377961
-0.00250662296719
-0.00130519553842
-0.00231456836927
-0.00107278146784
-0.00195199828038
-0.000504990178011
-0.00216726692505
-0.0031188861128
-0.00183037333417
-0.00284387077023
-0.00378480788552
-0.00245294189138
-0.00104162375845
-0.00183046189084
-0.000514281433009
-0.00148413093326
-0.000140366865876
0.00129639284146
0.000605693739684
0.00158814056537
0.000391043588663
0.0015067292025
0.00271582279279
-0.00462205302453
-0.00337275361312
-0.00424586822458
-0.00279265130265
-0.0015889472031
-0.0025338038388
-0.00128554963353
-0.00226935708659
-0.00331451243138
-0.00197818598982
-0.000553811115891
-0.00126240807196
-7.37803415998e-05
-0.00103890939523
0.000309223143676
0.00174996183359
0.00106281626207
-0.000738662048447
-0.00192779117247
-0.000800698799185
0.000419165506565
-0.00063080874172
0.000628532083793
-0.000238310339724
-0.00219990944022
-0.00100185556709
-0.0020721148071
-0.000818022232736
-0.00168032118888
-0.00282294648424
-0.00148200553206
-5.34000551419e-05
-0.000787081415373
0.000389086781366
-0.00348170749641
-0.00212475713156
-0.000675743753354
-0.00135919578981
-0.000145342193388
-0.00132630956444
-0.000191468481029
0.00102173261679
-3.3754758236e-05
0.00123259669009
0.000372181977542
0.00183979418832
0.00290539701644
-0.00158446986103
-0.00320731026152
-0.00406405583086
-0.00231043711203
-0.000964736119235
-0.00244674512068
-0.00322259419203
-0.00203659194272
-0.00299171965628
-0.00163006108333
-0.000176761758779
-0.000856388139431
0.00046948855461
-0.00070313931879
0.000439614808204
0.00163365864699
0.000585869181404
0.00185938893294
-0.00198314260483
-0.000642513034842
-0.00179652153597
-0.000622359046121
0.000652589876183
-0.000198390237061
-0.00141373454145
-5.38167756204e-05
-0.00190424217275
-0.00272162798985
-0.00153000971848
-0.00247987666611
-0.00111335421931
0.000344371416543
-0.000331305105166
0.000964947182653
-0.0001170716366
0.00109207353905
-0.000726744910365
-0.0017666789887
-0.000480288219603
-0.00132743744693
-0.000118964948257
-0.00126547589415
-8.4256633478e-05
0.0011972370948
0.000352218947395
0.00220154909739
0.00507136070141
0.00347497155657
0.0018364584977
0.00560866238824
0.00401575883825
0.000155339205545
0.00210262638427
0.0049718210071
0.00337488679055
0.00173590438883
0.00550771804524
0.00391450624523
0.00228619630563
0.00200423263772
0.0048728127725
0.0032753356743
0.00163588580606
0.00540731078169
0.00381379195437
0.00218525894858
0.00190636888805
0.00477433704579
0.0031763192719
0.00153640382726
0.00530744168701
0.00371361706426
0.00208486188491
0.0018090361627
0.00467639487222
0.0030778386445
0.00143745952737
0.00520811184773
0.00361398267058
0.00198500621698
0.00171223548615
0.0045789872941
0.00297989485029
0.0013390539784
0.00510932234738
0.00351488986605
0.0018856930442
0.00161596787991
0.00448211535074
0.0028824889445
0.00124118824933
0.00501107426648
0.00341633974037
0.00178692346297
0.00152023436245
0.00438578007843
0.00278562197925
0.00114386340611
0.00491336868252
0.00331833338017
0.00168869856658
0.00142503594916
0.00428998251036
0.00268929500361
0.00104708051154
0.00481620666983
0.00322087186896
0.00159101944525
0.00133037365234
0.00419472367656
0.00259350906348
0.000950840625312
0.00471958929963
0.00312395628709
0.001493887186
0.00123624848108
0.00410000460392
0.00249826520157
0.000855144803878
0.00462351763988
0.00302758771169
0.00139730287263
0.00114266144128
0.00400582631607
0.00240356445735
0.000759994100452
0.000178703293348
0.00293176721662
0.00130126758567
0.00104961353558
0.00391218983337
0.002309407867
0.000665389564946
8.37262453694e-05
0.00283649587242
0.00120578240235
0.000957105763304
0.00381909617287
0.00221579646336
0.000571332243917
-1.07019079744e-05
0.00274177474628
0.00111084839648
0.000865139120441
0.00372654634823
0.00212273127587
0.000477823180522
-0.000104580112049
0.00264760490194
0.00101646663848
0.00299609613176
0.00363454136971
0.00203021333055
0.000384863414467
-0.000197907315683
0.00255398739969
0.000922638195278
0.00290521472203
0.00134511253923
0.00417088463161
0.00252779021116
-0.000290682471215
0.00246092329629
0.00082936413028
0.00281487740907
0.00125420026978
0.0040794642347
0.00243593214486
0.00185243169466
0.00460356547225
0.000736645503305
0.00272508517501
0.00116383585622
0.0039885941369
0.00234462647381
0.001760763764
0.00451161132248
0.00287670153177
0.00263583899839
0.00107402029464
0.00389827535
0.00225387422343
0.00166965100285
0.00442021372019
0.00278509694573
0.00254359124061
0.000984754577494
0.0038085088821
0.00216367641542
0.0015790944443
0.00432937370755
0.00269405095517
0.00203538951605
0.00321659617028
0.00276972348247
-0.00011556552066
0.00124563685489
0.00070719027943
0.00181131213356
0.00192350446931
0.00311287685871
0.00266367922839
-0.000223976506443
0.00113482345912
0.000624128759214
0.00172620228374
0.00181218090926
0.0030097444106
0.00255823133109
-0.000331781722048
0.00102462512448
0.000541740351479
0.00164177932114
0.00170142019587
0.00290720017171
0.00245338122025
-0.000438979649488
0.000915043461516
0.000460026404702
0.00155804469071
0.00159122368663
0.00280524548418
0.002349130322
-0.000545568774293
0.000806080077344
0.000378988259883
0.00147499982963
0.00148159273643
0.00270388168651
0.00224548005878
-0.000651547585597
0.000697736575557
0.000298627250444
0.00139264616718
0.00137252869753
0.00260311011344
0.00214243184934
-0.000756914576224
0.000590014556123
0.000218944702131
0.00131098512465
0.00126403291947
0.0025029320959
0.0020399871086
-0.000861668242775
0.0004829156153
0.00012961206367
0.00123001811525
0.001156106749
0.00240334896096
0.0019381472476
-0.000965807085717
0.000376441345533
1.99529029942e-05
0.00114974654394
0.00104875153004
0.00230436203171
0.00183691367341
-0.00106932960947
0.000270593335367
-8.90714212499e-05
0.00107017180738
0.000941968603603
0.00220597262723
0.00173628778906
-0.00117223432248
0.000165373169342
-0.000197459217079
0.00322258492642
0.000835759307708
0.00209922069244
0.00163627099343
-0.00127451973735
6.07824279057e-05
0.00192330735757
0.00313247910692
0.000730124977335
0.00199129948724
0.00153686468121
-0.00137618437087
0.00217911667518
0.00181619767876
0.00302279900112
0.000625066944347
0.00188396343818
0.0014380702428
0.000744709615854
0.00207578950739
0.00170972958042
0.00291377125201
0.000520586537424
0.0017772139536
0.00133988906421
0.000644290977319
0.00197309647998
0.00160390473824
0.00280539764644
0.000416685081994
0.00167105243858
0.00346425888701
0.000544497543543
0.00187103915604
0.00149872482358
0.00269767996706
0.000313363900166
0.00378741292967
0.00336730836825
0.000445330779971
0.00176961909409
0.00139419150336
0.00259061999209
0.00243255694537
0.00368243155591
0.00327097524033
0.000346792147387
0.00166883784795
0.00129030643995
0.00248421949533
0.00233040026345
0.00357804234702
0.00317526087097
0.000248883101821
0.00156869696667
0.00118707129105
0.00237848024593
0.00222882780085
0.00347424669453
0.00308016662311
0.000151605094461
0.00146919799443
0.00108448770962
0.00227340400835
0.0021278408657
0.00337104598637
0.00298569385482
5.49595715617e-05
0.00137034247041
0.0009825573437
0.0021689925422
-0.00790346275039
-0.00425446366748
-0.00535025326199
-0.00691847806131
-0.0033865481052
-0.00487824351835
-0.00174747451614
-0.00777995684719
-0.00412922823199
-0.00527230824548
-0.00683928634152
-0.0032650450379
-0.00475540423739
-0.00162381685684
-0.00765537730605
-0.00400291047106
-0.00519312242008
-0.00675883697968
-0.00314239804566
-0.00463141354076
-0.00149900327612
-0.00752972988016
-0.00387551634694
-0.00511270013858
-0.00667713452932
-0.00304684920703
-0.00450627799889
-0.0013730404577
-0.00740302033044
-0.0037470518284
-0.00503104580095
-0.00659418359241
-0.00296290311876
-0.00438000419226
-0.00124593509472
-0.00727525442463
-0.00361752288978
-0.00494816385323
-0.00208850416158
-0.00287770084302
-0.00425259871024
-0.00111769388842
-0.00714643793637
-0.00348693550998
-0.00486405878643
-0.00200307024551
-0.00279124723577
-0.00412406814977
-0.000988323546941
-0.00701657664421
-0.00335529567151
-0.00477873513551
-0.00191640192796
-0.00270354719878
-0.0039944191142
-0.000857830784078
-0.0068856763308
-0.00322260935956
-0.00469219747821
-0.00182850399313
-0.00261460567832
-0.00390167499343
-0.00294815076181
-0.00675374278193
-0.00313414158174
-0.00460445043405
-0.0017393812679
-0.00252442766402
-0.00603272476234
-0.00281543331409
-0.00662078178567
-0.00304685891768
-0.00451549866319
-0.00164903862062
-0.00466049777958
-0.00594061031467
-0.00268161360822
-0.00648679913152
-0.00295839443864
-0.00442534686538
-0.00378496055198
-0.00456786191368
-0.00584726201722
-0.00254669836866
-0.00635180060954
-0.00286875263823
-0.00656865241729
-0.00369219282593
-0.00447400477058
-0.00575268509262
-0.00241732359539
-0.00174396843644
-0.00277793804666
-0.0064761148177
-0.00359822002036
-0.00437893150102
-0.00565688480223
-0.00232119663665
-0.00160695554713
-0.00491711447722
-0.00638239151704
-0.00350304715808
-0.00428264729301
-0.00555986644489
-0.00222384842374
-0.00369333082504
-0.0048239680354
-0.00628748736254
-0.00340667929763
-0.0041851573706
-0.00546163535566
-0.00212528434203
-0.00355432671491
-0.0047296626027
-0.00619140723565
-0.00330912153212
-0.0040864669927
-0.0053621969046
-0.00202550981196
-0.00341433566709
-0.0046342028458
-0.00609415605091
-0.00321037898814
-0.00398658145185
-0.00526155649553
-0.00192453028776
-0.00327336345804
-0.00453759346298
-0.00599573875494
-0.00311045682458
-0.00388550607306
-0.00515971956481
-0.00182235125622
-0.00313141585922
-0.00443983918323
-0.00589616032533
-0.00300936023151
-0.00378324621263
-0.00505669158009
-0.00171897823546
-0.00298849863639
-0.00434094476518
-0.00579542576961
-0.00290709442908
-0.00367980725696
-0.00495247803916
-0.00161441677369
-0.00530300601606
-0.00734228455848
-0.00524481688513
-0.00332448881431
-0.00640627274267
-0.00459128848101
-0.00493157934796
-0.00518079862413
-0.00722174399595
-0.00515008536101
-0.00323136462569
-0.00628243248291
-0.00671753817328
-0.00482330142473
-0.00505745350169
-0.00710007508667
-0.00505415970209
-0.00313706210563
-0.00618136697484
-0.00661840509685
-0.00472633435664
-0.00493297701757
-0.00697728397693
-0.0049570449656
-0.00304158607736
-0.00831004237341
-0.00651815668909
-0.00462827044836
-0.00480737555092
-0.00685337682449
-0.00485874624243
-0.0029449413973
-0.00820671879086
-0.0064167976098
-0.00452911408527
-0.00468065549004
-0.00673895838564
-0.00475926865598
-0.00507899535012
-0.00810603754931
-0.00631433254401
-0.00442886967787
-0.00455282323119
-0.00663695962895
-0.00465861736104
-0.00498002806358
-0.00800903824634
-0.00621076620116
-0.00432754166095
-0.00443283691326
-0.00653378082433
-0.00679129651289
-0.00487990688358
-0.00791090246136
-0.00610610331416
-0.00422513449277
-0.00431888051594
-0.00642942737861
-0.00668831338535
-0.00477863678909
-0.00781163490607
-0.00600034863851
-0.00412165265429
-0.00420377176431
-0.00855202693119
-0.00658417219092
-0.00467622278711
-0.00771124032002
-0.00589350695146
-0.00401710064831
-0.00408751660231
-0.00844534053468
-0.00647887819889
-0.00457266991164
-0.00760972346968
-0.00578558305107
-0.00391148299866
-0.00619204617576
-0.00833749588102
-0.00637243670441
-0.00446798322268
-0.00750708914755
-0.00567658175539
-0.00380480424948
-0.00607351609474
-0.00822849848221
-0.00626485302741
-0.00436216780523
-0.00740334217115
-0.00556650790158
-0.00369706896433
-0.00595385753715
-0.00811835387363
-0.00615613251158
-0.00425522876824
-0.00729848738215
-0.00545536634506
-0.00358828172548
-0.00583307651107
-0.00800706761304
-0.00604628052324
-0.00414717124363
-0.00719252964541
-0.00534316195865
-0.00347844713306
-0.00571117903779
-0.00789464527936
-0.00593530245032
-0.00403800038533
-0.00708547384805
-0.00522989963175
-0.00558949685113
-0.00558817115066
-0.00778109247164
-0.00582320370131
-0.00392772136822
-0.0069773248986
-0.00511558426949
-0.00547758141974
-0.00546405889399
-0.00766641480794
-0.00570998970418
-0.00381633938725
-0.00686808772602
-0.00722474157203
-0.00536463253488
-0.005338848322
-0.00755061792424
-0.00559566590542
-0.00370385965639
-0.00675776727883
-0.0071083349132
-0.00525065486056
-0.00521254549772
-0.00743370747342
-0.00548023776896
-0.0035902874077
-0.00664636852423
-0.00699089002054
-0.00513664961205
-0.00508515649192
-0.00731568912413
-0.0053637107752
-0.00347562789038
-0.0087650529007
-0.00687241185392
-0.00503428909193
