-0.00350057911563
-0.00120636353868
-0.00394677976843
-0.00475956531846
-0.0039722040271
-0.00425745611743
-0.00684192876369
-0.0036108154442
-0.00129796934397
-0.00403845443241
-0.00485046671323
-0.00406155193948
-0.00212216697682
-0.00692681682455
-0.00371929706956
-0.00139711065981
-0.00412830818885
-0.00493955952833
-0.00414911627169
-0.00220705949906
-0.00700998196596
-0.00382652218995
-0.00153211775599
-0.00421633006261
-0.00502683304731
-0.00423488681593
-0.00229019015548
-0.00709141522762
-0.00394837927198
-0.0016655143886
-0.0043025092166
-0.00511227669027
-0.00431885349783
-0.00237154957958
-0.00717110777553
-0.00184660195812
-0.00179728605374
-0.00438683495762
-0.00519588001956
-0.00440100638173
-0.00245112854001
-0.00724905090625
-0.00196503032295
-0.00192741825271
-0.00446929674223
-0.00305276178791
-0.00448133567581
-0.00252891794531
-0.00732523605119
-0.00208172335097
-0.00205589649744
-0.00454988418257
-0.00313265377381
-0.00455983173737
-0.00260490884853
-0.00517772214616
-0.0021966671299
-0.00218270631602
-0.00462858705217
-0.00321067504253
-0.0037849069988
-0.00268182141469
-0.00525036617443
-0.00230984781028
-0.00644273785172
-0.0047053952918
-0.00328681578142
-0.00385970828945
-0.00277359006437
-0.00532122736267
-0.00056324025809
-0.00656616749582
-0.00478029901525
-0.00336106634809
-0.00393264836575
-0.00286360125327
-0.00539461839574
-0.000672853476338
-0.00668788545307
-0.0048532986155
-0.0034334172759
-0.00400371823303
-0.00295184473829
-0.00548094371537
-0.000783685405644
-0.00457767412994
-0.00498515083465
-0.00350385927953
-0.00407290907142
-0.00303831040008
-0.00556552298662
-0.000902864851963
-0.00469592571351
-0.00511534606753
-0.0035723832604
-0.00191828146879
-0.00312298824811
-0.0056483468221
-0.00102028095416
-0.00481242270877
-0.00524386950275
-0.0036389803121
-0.00198368851406
-0.00320586842573
-0.00572940596392
-0.00113591922329
-0.00492715092445
-0.00537070634551
-0.00370364172579
-0.00204719116968
-0.00328694121525
-0.00580869128832
-0.00124976523426
-0.00504902373792
-0.00549584182348
-0.00376635899543
-0.00210878136484
-0.00336619704304
-0.00588619381024
-0.00136180463269
-0.00517346328681
-0.00561926119297
-0.00382712382307
-0.00216845122814
-0.00784346301359
-0.00596190468792
-0.00147202314193
-0.00529616349017
-0.00350964008911
-0.00392754585699
-0.00222619309236
-0.00791905679839
-0.00603581522745
-0.00158040657025
-0.00541710936101
-0.0036295831564
-0.00404534705216
-0.0022819994991
-0.00577087131786
-0.00610791688731
-0.001686940818
-0.00553628595762
-0.00374776611899
-0.00416140818874
-0.00233586320339
-0.00500345312742
-0.00617820128289
-0.00421858379669
-0.00595131744023
-0.00309538246257
-0.00440725698733
-0.00133857820108
-0.0058995050105
-0.00750438218855
-0.00425401183615
-0.00598852159526
-0.00313415308839
-0.00444725323663
-0.00137830887713
-0.00594164708548
-0.00754861836753
-0.00428731857628
-0.00602350105723
-0.00331018829942
-0.00448486314134
-0.00141557823142
-0.00598118375173
-0.0075901247698
-0.00433597139202
-0.00605624996059
-0.0033443212475
-0.00452007942644
-0.00592071345037
-0.00379617975808
-0.00762889084422
-0.00217989054015
-0.00608676279513
-0.0033761258086
-0.00455289525307
-0.0059530376376
-0.00383047876524
-0.00766490668711
-0.0022515484816
-0.00611503441051
-0.00340559615554
-0.00458330422504
-0.00598287894516
-0.00386214666284
-0.00797959849208
-0.00232116500021
-0.0061410600206
-0.00343272687143
-0.00461130039503
-0.00601023116442
-0.0038911760404
-0.00801008681169
-0.00238872982373
-0.00616483520742
-0.0034575129546
-0.00463687827024
-0.00603508858642
-0.00391756008038
-0.00581569798917
-0.00245423291663
-0.00395728470263
-0.00347994982313
-0.00466003281776
-0.00605744600776
-0.00394129256614
-0.00584062723493
-0.00251766448703
-0.00397654727993
-0.00350003331911
-0.00468075946948
-0.00607729873601
-0.00396236788913
-0.00586276684867
-0.00257901499356
-0.00399354842472
-0.0035177597124
-0.00469905412652
-0.00613568631673
-0.00398078105549
-0.00588211104415
-0.00263827515203
-0.00401392062218
-0.00135657388801
-0.00480257530238
-0.00622833108801
-0.00401991664199
-0.00589865475264
-0.00269543594211
-0.00413516904083
-0.00148315165857
-0.00493338651227
-0.00631868188792
-0.00411560787623
-0.00591574755893
-0.00275048861376
-0.00425450500768
-0.0016077671256
-0.00506219897672
-0.00640672115425
-0.00420887955069
-0.00601346129912
-0.00280342469363
-0.00437191108169
-0.001730400767
-0.00518899144196
-0.00649243160125
-0.00429971134804
-0.00610864460757
-0.00285423599127
-0.00448736989633
-0.0063213814757
-0.00337305643652
-0.00657579623444
-0.00438808326322
-0.0062012746922
-0.00290291460519
-0.00460086416931
-0.00643999313832
-0.0034957453066
-0.0066567983655
-0.0044739756225
-0.00629132910874
-0.00294945292874
-0.00471237671253
-0.00655656479569
-0.00361635069491
-0.00677333080055
-0.00455736910264
-0.00637878578415
-0.0029979314887
-0.00482189044216
-0.00667107722212
-0.00373485157668
-0.00467537103053
-0.00463824474997
-0.00646362304005
-0.00309992338064
-0.00492938838895
-0.00678351129557
-0.00385122701761
-0.00479719504801
-0.00471658399959
-0.0065458196163
-0.00319995921081
-0.00503485370868
-0.00689384801005
-0.00396545618779
-0.00491685133264
-0.00479236869442
-0.00662535469451
-0.00777139302855
-0.0057106753449
-0.0058146100196
-0.00674247773505
-0.00990829942828
-0.00740078869106
-0.00769648709205
-0.00587689440471
-0.00611728295595
-0.00723399875242
-0.0071111236693
-0.00777929388224
-0.00570284764037
-0.00569826861003
-0.00722506901902
-0.0075131624852
-0.00538699332995
-0.00533173138605
-0.00937255017678
-0.00970138891833
-0.00772864789761
-0.00505174767189
-0.00626276141831
-0.00941242198348
-0.00727804260077
-0.00717703466189
-0.0046667307439
-0.00834302648172
-0.00641054429791
-0.00661957784608
-0.00448825291723
-0.00854537354242
-0.00848854734741
-0.00641429483719
-0.00637087210149
-0.00440506012003
-0.00796948623962
-0.00589958691602
-0.00902420999078
-0.00667315492628
-0.00690884485823
-0.00820613796416
-0.00556053785513
-0.00658154314247
-0.00990545215884
-0.00777198746013
-0.0077005071546
-0.00527642529088
-0.00568528401877
-0.00702189691026
-0.00798570323497
-0.00812602442099
-0.00585111689404
-0.00916022495046
-0.00708811192717
-0.00704405866769
-0.00481450798551
-0.00517969513274
-0.00955075336813
-0.00961657524407
-0.00729715751283
-0.005117568475
-0.00537266088302
-0.00917903201036
-0.00705982072948
-0.0071075119163
-0.00833088802469
-0.00831857015742
-0.0058918212106
-0.00403046469802
-0.00739362635004
-0.00854004966939
-0.00865573445047
-0.00638021716494
-0.00652749610768
-0.00445745749979
-0.00767797135225
-0.00526657154823
-0.00879224245866
-0.00683507120416
-0.00795346445365
-0.00790306942087
-0.00550271807637
-0.00575998733675
-0.00971827310395
-0.00749453908687
-0.00768290762161
-0.00564338508285
-0.00889606450713
-0.00646675929269
-0.0076218093996
-0.00792217973338
-0.00580462228415
-0.00914212606325
-0.00686603639822
-0.00711907764924
-0.00505102987913
-0.00500577907346
-0.00887145231975
-0.00929519385693
-0.00734099946234
-0.00525263944007
-0.00846678941644
-0.0059929841065
-0.00610266970112
-0.00698881941956
-0.00788446415938
-0.00821629670796
-0.00617891376578
-0.00394433974932
-0.00682714260608
-0.00810351877922
-0.00840709176494
-0.00629065726201
-0.00631861811527
-0.00731290239535
-0.00766816806422
-0.00560201549627
-0.00862241281924
-0.00615371105254
-0.00753135823127
-0.00784281306859
-0.00577315247525
-0.00572151846918
-0.00324476254348
-0.00983726367193
-0.00744130234352
-0.00509279878274
-0.00648407960018
-0.00667081938471
-0.0075287150276
-0.00731663025869
-0.00529879885346
-0.00884694331731
-0.00673154854101
-0.0067142390476
-0.00454871721515
-0.00817318489259
-0.00917502398224
-0.00690676077582
-0.00665717069638
-0.00469320207266
-0.00831625848338
-0.00624825126051
-0.00619605529039
-0.00678275132551
-0.00719899035864
-0.0056224197219
-0.00553399117224
-0.00369616476605
-0.0102131943335
-0.00797542565156
-0.00776122637128
-0.00568954794492
-0.00600110379433
-0.00725554654929
-0.00728690107958
-0.005004394899
-0.00845012255969
-0.00638501120693
-0.00736734884763
-0.00711514080231
-0.0051163710481
-0.00547774334333
-0.00667643646815
-0.00968993072975
-0.00737400829221
-0.00778260165982
-0.00598285054079
-0.00592924046513
-0.00731197223468
-0.00750227804304
-0.00525799908777
-0.00819349694846
-0.00626172861249
-0.00659318737392
-0.00460645397364
-0.0109678007575
-0.00856853162345
-0.00663816333865
-0.0067989002535
-0.00452740386889
-0.0075261846492
-0.00549170172951
-0.00585623189453
-0.00686432443506
-0.0103108109869
-0.00807790293657
-0.00832112645157
-0.00320938138949
-0.0095030168314
-0.00771393254572
-0.0079545749529
-0.005758790139
-0.00560168559307
-0.00683275395129
-0.00714128129152
-0.00834206343936
-0.00614365065136
-0.00911783222006
-0.00700213035096
-0.00716423303964
-0.00489233390991
-0.00463557492789
-0.00581794105771
-0.00932173553491
-0.00751191211279
-0.00771485428966
-0.00548006545093
-0.00659089188267
-0.00691361562114
-0.0070952390875
-0.0081798327619
-0.00842306689219
-0.00622766679076
-0.00612382078674
-0.0042349099864
-0.00860347345016
-0.00884732556286
-0.00664929618742
-0.00647010995194
-0.00437177348207
-0.00771310312121
-0.00546042109493
-0.00521995912338
-0.00612320225196
-0.00993100797615
-0.0081272573223
-0.00610957881723
-0.00609826577442
-0.00377268098246
-0.00712778846684
-0.00750962541375
-0.005728974282
-0.00884413120839
-0.00664908406249
-0.00659978435396
-0.00811192175337
-0.00613910561744
-0.00930506448938
-0.0071073904381
-0.00692625651324
-0.00491927463166
-0.00510565850762
-0.00600996084284
-0.00892249538903
-0.006678628708
-0.0073148355311
-0.00869688996306
-0.00668209037437
-0.00667061844014
-0.00421555610731
-0.00729155420021
-0.0078758402001
-0.00609905962174
-0.00634681156195
-0.00415163989102
-0.00819410366841
-0.00854368180275
-0.00654534444093
-0.0067942466424
-0.00751636079514
-0.00733345199657
-0.0054196661755
-0.00560831189536
-0.00670117990154
-0.00942184948741
-0.00718726092517
-0.00560202482767
-0.00603328653804
-0.00401579330885
-0.00719516697686
-0.00786442306086
-0.00513247302992
-0.0081926483633
-0.00641927039009
-0.00443718488274
-0.00809980095678
-0.00593601123782
-0.00892591375022
-0.00690129009481
-0.00715234103368
-0.00495339347589
-0.00769371080765
-0.00587122194147
-0.00941713503154
-0.00715450009174
-0.00467238356419
-0.00764735959449
-0.00606945812065
-0.00650576348802
-0.00449078463714
-0.00778950444172
-0.00833649047001
-0.00554457920509
-0.00363687183452
-0.00668846915503
-0.00833377681715
-0.00837084302487
-0.00626453983565
-0.00662009832229
-0.00720563831714
-0.00745855624798
-0.00525985988581
-0.00876244689023
-0.00694609838608
-0.00758699321092
-0.00755718969942
-0.00507260415672
-0.00508685195404
-0.00648605293137
-0.0069269544341
-0.00822474825686
-0.00821286130965
-0.00582056844043
-0.00590775709112
-0.00385170896124
-0.00806964768084
-0.00609991473133
-0.0086571987807
-0.00654134166055
-0.0068992959224
-0.00482635226735
-0.00771172046219
-0.00910622497536
-0.00910802059348
-0.00729521125271
-0.0052616792169
-0.0079077216847
-0.00542094688428
-0.0054450550861
-0.00387663279881
-0.0106096867696
-0.00859504410494
-0.00858304420653
-0.00628793804041
-0.00622074420354
-0.00776824888886
-0.0082340445367
-0.00630858626932
-0.00645647929388
-0.00676537445202
-0.00712529163696
-0.00504018581248
-0.00902169546619
-0.00930551006989
-0.00717247342636
-0.00759098420861
-0.00555889876094
-0.00552860948792
-0.00571605686447
-0.00591217045373
-0.00774693774392
-0.00819548974583
-0.00618648425013
-0.00889852540281
-0.00670266437472
-0.00783215862779
-0.00787798552771
-0.00836365071317
-0.00650629050189
-0.00665489496758
-0.00448822342533
-0.00729719880183
-0.0089544358211
-0.00694295720471
-0.00697725221609
-0.00494405933799
-0.00783222453893
-0.00580133505297
-0.00577085995185
-0.00343898267719
-0.00993406715323
-0.00800200685038
-0.00845352243314
-0.00644599708393
-0.0042049967503
-0.0070630353674
-0.00804155336757
-0.00565838326046
-0.00850626365552
-0.00665016958386
-0.0067992961264
-0.00460431996383
-0.00874867005489
-0.00907197837113
-0.00703179064233
-0.00706616142992
-0.00512780912946
-0.00555079617693
-0.00598797420751
-0.00595735448682
-0.00757938321453
-0.0078496217703
-0.00820080516049
-0.00865465798518
-0.00664830032015
-0.00440723547207
-0.00464729192875
-0.0081978800818
-0.00581410636531
-0.0061944342814
-0.00433948788842
-0.00688911015019
-0.00844754155755
-0.00658861643728
-0.00673129243291
-0.00706481953994
-0.00709921858717
-0.00525582440871
-0.00568018689616
-0.00365625224533
-0.00981420530869
-0.00793554373001
-0.0082082768395
-0.00605536284904
-0.00408372241193
-0.00679248110755
-0.00455510754779
-0.00860689080616
-0.00830053900199
-0.00591636643889
-0.00622886542505
-0.00437422737653
-0.00608376458249
-0.00845385966466
-0.00659499118037
-0.00673768971507
-0.00464020294306
-0.00727094745101
-0.00557474359054
-0.00965905720808
-0.00751183869042
-0.00754915677463
-0.00823659508268
-0.00628800703197
-0.00640662182992
-0.00421196295853
-0.00439278426501
-0.00864583417095
-0.00885855096554
-0.00292030545997
-0.00324256511962
-0.0013668666274
-0.00158916429495
-0.00343719469273
-0.00314601400388
-0.00321314253265
-0.00304971910023
-0.00337264743054
-0.00148443537849
-0.00170655878674
-0.00352770236907
-0.00323392753626
-0.00330063265816
-0.00317796189584
-0.0035015555973
-0.00160077921215
-0.00587560649001
-0.00361690391911
-0.00332053373857
-0.00338682060157
-0.00330502663224
-0.00362928230946
-0.00171589124106
-0.00599054662353
-0.00370479375466
-0.00155072763232
-0.00347170103138
-0.00120448961527
-0.00180516839073
-0.00182976459989
-0.00610424930965
-0.00380266016935
-0.00163470301295
-0.00355526866847
-0.00132917662169
-0.00193051029201
-0.00195339170036
-0.00399477975582
-0.00391440698403
-0.00171735500898
-0.00363751828759
-0.00145266397712
-0.00205464885548
-0.00207757629024
-0.00410598712904
-0.0040249081427
-0.00179867837838
-0.00149124126394
-0.00157940148441
-0.00217757680775
-0.00220055000291
-0.00421593668889
-0.00413415699767
-0.00187866793633
-0.00157083939396
-0.00171291156216
-0.00229928688845
-0.00232230557103
-0.00432462170155
-0.00424214692999
-0.0019573185567
-0.0016491041678
-0.00184525129245
-0.00241977185188
-0.00244283574179
-0.0044320354633
-0.0043488713511
-0.00203462517352
-0.00172603059008
-0.00197641312478
-0.000317096956068
-0.0025621332786
-0.00453817130221
-0.00445432370439
-0.00211058278245
-0.00180161372649
-0.00210638951167
-0.000435110014211
-0.00268019096262
-0.00464302257979
-0.00233656390078
-0.00218518644226
-0.00187584870525
-0.00223517291009
-0.000551876321641
-0.00279700159448
-0.00474658269268
-0.00243945258455
-0.00225843127628
-0.00194873071848
-0.00236275578301
-0.000667388707247
-0.00291255799585
-0.0048488450743
-0.00254104973875
-0.00233031247384
-0.00205339345839
-0.00248913060091
-0.00078164002271
-0.0030268530112
-0.00494980319663
-0.00264134895099
-0.00240082529173
-0.000547986047472
-0.00261428984337
-0.000894623144205
-0.00313987950945
-0.00504945057188
-0.00274034384911
-0.00251880355965
-0.000681277410766
-0.00273822600067
-0.00100633097412
-0.00134448757518
-0.0051477807542
-0.00283802810283
-0.00265958323408
-0.000813402646106
-0.00286093157539
-0.00111675644279
0.000766972225605
-0.00524478734149
-0.00293439542548
-0.00279922354982
-0.000944354275649
-0.00298239908408
-0.00122589251026
-0.00339508223464
-0.00534046397708
-0.0030294395757
-0.000710745185216
-0.00107412482476
-0.00310262105888
-0.00133373216804
-0.00350296390369
-0.00543722407513
-0.00312315435909
-0.000848083479038
-0.00120270682345
-0.00322159004928
-0.00144026844095
-0.00360954182815
-0.00554329434301
-0.00321553363002
-0.00098425909887
-0.00133009280793
-0.00487182183122
-0.00615255610325
-0.00278595302155
-0.00435270814797
-0.00382402848705
-0.00532461167113
-0.0025268639275
-0.00496347813816
-0.00624789568695
-0.00288475492288
-0.00445460644775
-0.00388901478934
-0.00539280771442
-0.00260994587267
-0.00505366412739
-0.00634171846984
-0.0029819976909
-0.00455490891461
-0.00395219434432
-0.00545911683346
-0.00715478569652
-0.00514237261955
-0.00643401643462
-0.0030776724711
-0.00465360590455
-0.0017916100655
-0.00552353071803
-0.00723400488397
-0.00522959650722
-0.00652478163905
-0.00317177048615
-0.00391214922016
-0.0018511546294
-0.00559661503521
-0.00731127654192
-0.00531532875741
-0.00661400621893
-0.00326428303939
-0.00400760664167
-0.00190887129425
-0.00566840830978
-0.00738659015052
-0.00539956241405
-0.00670168239097
-0.00335520151822
-0.00410143014009
-0.00199313327598
-0.00573831414288
-0.00745993538346
-0.00548229060047
-0.00678780245586
-0.00344451739756
-0.0041936104083
-0.00209958268539
-0.00357761384681
-0.0075313021144
-0.00333749422865
-0.00687235880112
-0.00353222224331
-0.00428413823322
-0.00220435835899
-0.00364371852756
-0.00760068042339
-0.00341719117469
-0.00695534390414
-0.00361830771581
-0.0043730044998
-0.00230744907915
-0.00370790987534
-0.00766806060319
-0.00349536252179
-0.00703675033508
-0.00370276557332
-0.00448616780614
-0.00240884371063
-0.00378885914743
-0.00550114748348
-0.00357200173574
-0.00489464464442
-0.00378558767549
-0.00460557571726
-0.00250853120543
-0.00389329624231
-0.00556450316543
-0.00364710237413
-0.00497287182773
-0.00386676598681
-0.00472343418991
-0.00260650060786
-0.0039959546288
-0.00562583293525
-0.00285798469811
-0.00504949863584
-0.00394629258012
-0.00483973199039
-0.00270274105952
-0.00409682195981
-0.00568512799861
-0.00292998923754
-0.00512451803965
-0.00402415964003
-0.00495445792705
-0.00279724180436
-0.00419588599209
-0.00574237980449
-0.00300043644938
-0.00519792311758
-0.00187843381663
-0.00506760085442
-0.00729060451453
-0.00429313459242
-0.005797580051
-0.00306932028284
-0.00526970705846
-0.00195295882804
-0.00517914967739
-0.00666618646961
-0.00438855574384
-0.00585072069111
-0.00313663479103
-0.00533986316445
-0.00202580156514
-0.00528909335542
-0.00675540465778
-0.00448213755191
-0.00590785704818
-0.00320237413337
-0.00540838485389
-0.00209695469409
-0.00317499932781
-0.00684284124069
-0.00457386825099
-0.00600355423251
-0.00326653257794
-0.00547526566416
-0.00219654701371
-0.00328169983427
-0.00692848605091
-0.00466373621059
-0.00609732530787
-0.00332910450385
-0.00554049925452
-0.0022975603144
-0.00338676244497
-0.0070248196368
-0.00475172994172
-0.0061891573366
-0.00563737069363
-0.00468612127881
-0.0058193295271
-0.00572114546023
-0.0045604616967
-0.00898196770956
-0.00784830978171
-0.00560667998698
-0.00465428351627
-0.00578628476786
-0.0056868337022
-0.00454972325536
-0.00897077931967
-0.00783664804481
-0.00557505752394
-0.00462147998743
-0.00798341270058
-0.00565148313367
-0.00453789232125
-0.00461999183102
-0.00782380019822
-0.00554250422899
-0.00458771172341
-0.00794836617972
-0.00561509504252
-0.00452496936559
-0.00460652772528
-0.00780976684524
-0.00550902105253
-0.00455297978409
-0.0079123205376
-0.00557767075224
-0.00451095490278
-0.00459192660972
-0.00779454864437
-0.0054746089708
-0.00451728525799
-0.00787527698969
-0.00776287744764
-0.00449584949031
-0.0045761891147
-0.00777814630914
-0.00543926898567
-0.00448062926209
-0.0078372367831
-0.00772338487058
-0.00447965372862
-0.00455931591908
-0.00776056060799
-0.00471000592808
-0.00444301294166
-0.00779820119631
-0.00768286027586
-0.00446236826104
-0.00454130775016
-0.00774179236404
-0.00467281324368
-0.00440443747009
-0.00775817153897
-0.00766054762768
-0.00445241606864
-0.00452216538343
-0.00772184245492
-0.00463469581402
-0.00436490404869
-0.00771714915171
-0.00766132626619
-0.00667571416146
-0.00450188964248
-0.00770071181258
-0.00459565474214
-0.00432441390654
-0.00767513540592
-0.0076610549613
-0.00667543179323
-0.0044913436218
-0.00767840142303
-0.004555691156
-0.00428296830027
-0.00324675814836
-0.00765973372299
-0.00667405667814
-0.00448991176842
-0.00765491232617
-0.0045148062083
-0.00424056851389
-0.00321221913554
-0.0076573625998
-0.00667158887093
-0.0067092757087
-0.00764373781722
-0.00670838107773
-0.0041972158586
-0.00320893028505
-0.00765394167884
-0.00666802846981
-0.00670556842144
-0.00763987645545
-0.00666565696326
-0.00415291167257
-0.00320463227186
-0.0076494710858
-0.00666337561646
-0.0055867966408
-0.0032963730917
-0.00662201509224
-0.00410765732076
-0.00319932524188
-0.00764395098487
-0.00665763049598
-0.00558081455939
-0.00329014246029
-0.00657745671474
-0.00406184514882
-0.00319300937525
-0.00763738157874
-0.0066507933369
-0.00557369544336
-0.00550466210094
-0.00653198310473
-0.00628618870299
-0.00318568488628
-0.0076297631086
-0.00664286441105
-0.00556543959958
-0.00549606336565
-0.00649784023034
-0.00627817186442
-0.00317735202343
-0.00762109585402
-0.00663384403362
-0.00555604738381
-0.00548628115369
-0.00647391977415
-0.00626918510023
-0.00316801106927
-0.00761138013295
-0.00662373256298
-0.00554551920058
-0.00547531592208
-0.00644907019045
-0.00625922869239
-0.00538761738781
-0.00760061630165
-0.00661253040069
-0.00553385550312
-0.00546316818282
-0.00338645937059
-0.00466549567405
-0.0057858535287
-0.00249276406556
-0.0035203680027
-0.00451837425252
-0.00781679033765
-0.00335569783041
-0.00463438621577
-0.00575871051689
-0.00246533034833
-0.00349267734201
-0.00673099399673
-0.00780383008923
-0.00332415783044
-0.00460248969078
-0.00573077020874
-0.0024370909452
-0.00568609969966
-0.0067173355388
-0.00779003554198
-0.00346176074943
-0.00456980676466
-0.00570203320102
-0.00240804647222
-0.00565678347811
-0.00670285129268
-0.0077754070165
-0.0034286657761
-0.00453633811867
-0.00567250010691
-0.00460012367775
-0.00562665544358
-0.00668754158825
-0.00775994485261
-0.00339479431942
-0.00450208444959
-0.00786409767134
-0.00456947098066
-0.00559571626409
-0.00667140677398
-0.0077436494093
-0.00336014706828
-0.0044670464697
-0.00783297430917
-0.00453801516295
-0.00556396662493
-0.00665444721694
-0.00772652106465
-0.00332472472654
-0.00665680553195
-0.00780105679781
-0.00450575690785
-0.0055314072285
-0.00663666330271
-0.00323291915152
-0.00552044163166
-0.00662020112891
-0.00776834581534
-0.00447269691523
-0.00549803879429
-0.00661805543534
-0.00321412621481
-0.00548347127963
-0.00658281464413
-0.00773484205591
-0.00443883590149
-0.00546386205878
-0.00656584800198
-0.00319450162538
-0.00544572803745
-0.00654464685113
-0.00770054622963
-0.00440417459951
-0.00542887777537
-0.00654559351426
-0.00317404583735
-0.00540721266798
-0.00650569853851
-0.00766545906255
-0.00436871375859
-0.00539308671428
-0.00652451639604
-0.00315275932376
-0.00536792594866
-0.00646597050994
-0.00762958129652
-0.00433245414431
-0.0053564896625
-0.00650261712484
-0.00313064257645
-0.00532786867143
-0.00642546358401
-0.00311374198096
-0.00429539653852
-0.00531908742365
-0.00647989619643
-0.00310769610604
-0.00528704164266
-0.00638417859421
-0.00307628530562
-0.00425754173918
-0.00529062257642
-0.00645635412473
-0.00308392044187
-0.00524544568303
-0.00634211638879
-0.00303804035117
-0.00421889056036
-0.00527737160765
-0.00643199144182
-0.00305931613192
-0.00520308162751
-0.00629927783073
-0.00299900792204
-0.0041794438321
-0.00526330529598
-0.00640680869782
-0.00303388374278
-0.00515995032521
-0.00625566379759
-0.00295918883809
-0.00413920240031
-0.00524842395368
-0.00638080646084
-0.00523342613955
-0.00511605263936
-0.00621127518148
-0.00291858393452
-0.00409816712674
-0.00523272791093
-0.00635398531696
-0.00520633936579
-0.00507138944718
-0.00616611288896
-0.00287719406181
-0.00407666570035
-0.00521621751581
-0.00854827291687
-0.00517842632345
-0.00502596163984
-0.0061201778409
-0.00283502008561
-0.0040595185808
-0.00742082018102
-0.00404063290466
-0.00514968765281
