0.00279952041134
0.0023845065854
0.000767702409614
0.00157228276245
0.00359371276924
-0.000996415827347
0.00259601130313
0.00281558739349
0.00240076820352
0.000782143389235
0.00157964621823
0.00360117228803
-0.000988864853471
0.00260364841858
0.0028323060745
0.00241725004993
0.00460079416282
0.00158768690309
0.00360931785857
-0.000980619428819
0.00122462180174
0.00284967621703
0.00243283879814
0.00461657073756
0.00159640469406
0.00361814935301
-0.000971679686014
0.00123366350279
0.00286769757463
0.00244908709613
0.00463301476227
9.04705736937e-05
0.00362766663275
-0.000962045768808
0.00124340727931
0.00122832141097
0.00246599470768
0.00465012599211
0.000100542166608
0.00363786954847
0.00271411683323
0.00125385297108
0.00124764442289
0.00248356138713
0.00466790417244
0.000111290434749
0.00364875794015
0.00272513862352
0.00126500040639
0.0012676178559
0.00250178687935
0.00468634903884
0.000122715213898
0.00366033163706
0.00273685409029
0.00127684940203
0.00128824142722
0.00252067091978
0.0047054603171
0.000134816329553
0.00367259045779
0.00274926304541
0.00128939976338
0.00130951484502
0.00254021323446
0.0047252377233
0.000147593596952
0.0021263856677
0.00276236528965
0.00130265128434
0.00133143780848
0.00256041354005
0.00474568096374
0.00016104682108
0.00214001414922
0.00277616061277
0.00131660374739
0.00135401000776
0.000908111422966
0.00476678973506
0.000175175796686
0.00215432714639
0.00279064879347
0.0013312569236
0.00137723112409
0.000929626822835
0.00478856372419
0.000189980308299
0.00216932443525
0.00280582959946
0.00134661057268
0.00140110082971
0.000951799307414
0.00481100260842
0.000205460130245
0.00218500578118
0.00282170278745
0.00136266444293
0.00531554829116
0.000974628556
0.00483410605538
0.000221615026664
0.00220137093902
0.00283826810316
0.00137941827131
0.00534071415648
0.00099811423861
0.00485787372311
0.000238444751524
0.00221841965303
0.00128831427926
0.00139687178348
0.00536652757443
0.001022256016
0.00316076106882
0.000255949048646
0.00223615165691
0.00130626304382
0.00141502469375
0.00539298818171
0.00104705353971
0.00318585611386
0.000274127651718
0.00225456667385
0.00132490310767
0.0014338767052
0.0054200956062
0.00107250645203
0.00321161429635
0.00398086401157
0.00227366441654
0.00134423417284
0.00145342750959
0.00544784946699
0.00109861438612
0.00323803523612
0.00400039038719
0.00229344458716
0.00136425593053
0.00147367678751
0.00547624937437
0.00112537696595
0.00326511854355
0.00402059020925
0.00231390687746
0.00138496806106
-7.25867938174e-05
-7.31296849528e-05
-0.000522077344724
0.00377892786243
0.00336783876496
-0.000273787844848
-0.000606323390206
0.000106314386056
-6.59663231792e-05
-0.000518701873645
-0.000999775578074
0.00337145946021
-0.000270033544734
-0.000602427625758
0.000110359827142
-5.80107945396e-05
-0.000514506590842
-0.000995432297982
0.00337595950221
0.00298570083046
-0.000597585739673
0.000115387722103
-5.10193548813e-05
-0.000509491590309
-0.000990240398558
0.00338133877497
0.00299127856331
-0.000591797876438
0.000121397909155
-4.53790738693e-05
-0.00050365698439
-0.000984200004454
0.00338759713985
0.00299776779332
-0.000585064208733
0.000128390194951
-3.89465872567e-05
-0.000497002903757
-0.00097731126066
0.00339473443559
0.00300516834073
-0.0005773849374
0.000136364354617
-3.17220296474e-05
-0.000489529497406
-0.000969574332493
0.00214755302782
0.0030134800006
-0.000568760291418
-0.000941406652923
-0.00133647084501
-0.000481236932636
-0.000960989405569
0.00215644761114
0.0030227025428
-0.000559190527866
-0.000931469546079
-0.00132766261535
-0.000472125395026
-0.000951556685788
0.00216622050607
0.00303283571211
-0.000548675931886
-0.000920551428786
0.00196657965518
-0.000462195088424
-0.000941276399305
0.00217687146109
0.0030438792282
-0.000537216816639
-0.000908652651628
0.00197697082022
-0.000451446234914
-0.000930148792505
0.00218840020224
0.00305583278568
-0.00052481352326
-0.000895773596487
0.00198815313551
-0.000439879074798
-0.000918174131973
0.00220080643306
0.00306869605418
0.00263321410157
-0.000881914676484
0.00200012636747
-0.000427493866567
-0.000905352704461
0.00221408983472
0.00178519686785
0.00264750461617
-0.000867076335911
0.00201289026614
-0.00176614844477
-0.000891684816857
0.00222825006598
0.00179987846737
0.00266273811818
-0.000851259050163
0.00202644456514
-0.00175212798839
-0.000877170796143
0.0022432867633
0.00181546863714
0.00267891415513
-0.000834463325657
0.00204078898174
-0.0017372903682
-0.000861810989362
0.00225919954084
0.00183196694719
0.00269603224684
-0.000816689699756
0.00205592321686
-0.00172163591515
-0.000845605763571
0.00227598799054
0.00184937294285
0.00271409188555
-0.000797938740681
0.00207184695513
-0.00170516497819
-0.000828555505803
0.00229365168214
0.00186768614473
0.00273309253596
-0.00077821104742
0.00208855986491
0.00153074122863
-0.000810660623016
0.00231219016328
0.00188690604882
0.00141230910747
-0.000757507249636
0.00210606159832
0.00154884401461
-0.00218442760503
0.0023316029595
0.00190703212657
0.00143319006563
-0.000735828007564
0.00212435179127
0.00156776212985
-0.00216484477254
0.00235188957436
0.00192806382494
0.00145501026519
0.00227367434243
-0.00388016234411
-0.00521557659023
-0.00436443647441
-0.00563731824483
-0.00395804154543
-0.00531073715835
-0.00434270860048
-0.00334724933437
-0.00364365420063
-0.00276283314006
-0.00397988668389
-0.00299828339644
-0.00347127845768
-0.00246229821937
-0.00373026382908
-0.00268630050852
-0.00365061573176
-0.00682620382739
-0.00608131411978
-0.0065237729272
-0.00584788356818
-0.00460032622622
-0.00489458458952
-0.00404287582545
-0.00534282541237
-0.00457274892917
-0.00282074136958
-0.00407878861855
-0.00307974291202
-0.00423280847993
-0.00250947414956
-0.00373874856215
-0.00275168693955
-0.00391154546351
-0.002945262928
-0.00355263215661
-0.00250473294521
-0.0062297318708
-0.00702487873237
-0.00589076114436
-0.00633145541621
-0.00565452978826
-0.00420411777655
-0.00563453885629
-0.00368955510218
-0.00282657604217
-0.00427653270383
-0.00339086287339
-0.00377966246685
-0.002776354852
-0.00394842589793
-0.00305640054325
-0.00345913529019
-0.00250978698167
-0.00376191907871
-0.0027301346902
-0.00629946068844
-0.00680582079748
-0.00600018586853
-0.00679161351473
-0.00605101005957
-0.00609303111808
-0.00541483239909
-0.00379575803417
-0.00302374475109
-0.00438406053186
-0.00250422861982
-0.0039469809858
-0.00305435769253
-0.0043184880523
-0.0024376199313
-0.00362780678325
-0.00272849915997
-0.00178915932748
-0.00316756754079
-0.00130616942606
-0.00686957337747
-0.00603690780079
-0.00714354548204
-0.00572679923463
-0.00651384284125
-0.00576971546464
-0.0062056877566
-0.00512948491916
-0.00339673888587
-0.00261633507016
-0.00396851993415
-0.00322188819008
-0.00358459892378
-0.00268812698529
-0.00395051874231
-0.00293247768168
-0.00196683136116
-0.00239317845807
-0.00158583000025
-0.00295924000412
-0.00623324074355
-0.00665873064458
-0.00573279780947
-0.00683288815609
-0.00603519827414
-0.00619231327113
-0.00544415696676
-0.00495212797405
-0.00520269555148
-0.00435768325089
-0.0021791276909
-0.00357598934043
-0.00283566345144
-0.0042621312297
-0.00229061909934
-0.00132277974229
-0.00255903079063
-0.001737574001
-0.0030231718387
-0.00134420421999
-0.0070591787351
-0.00603754236525
-0.0072086824224
-0.00540593658106
-0.00648060599393
-0.00567636139765
-0.00510927236291
-0.00507520907034
-0.00457991961348
-0.00482857431443
-0.00390060897874
-0.00310210472311
-0.00317929723416
-0.00242258489083
-0.00160235092032
-0.00292599614467
-0.0019713806389
-0.0022995536716
-0.00147209006634
-0.00275194140478
-0.00629550475065
-0.00682282215043
-0.00580723745836
-0.00697339107768
-0.00592625448836
-0.00434437862998
-0.00527609185799
-0.00470284205073
-0.00530416327506
-0.00481622887829
-0.00441152442129
-0.00341531427721
-0.00260698898039
-0.00190847883132
-0.00198644119099
-0.0011448761193
-0.00252460958917
-0.00161873341433
-0.00306328800568
-0.00555396130303
-0.00682735480867
-0.0060213414744
-0.0074444647545
-0.00555661592751
-0.00465248583748
-0.0056877806062
-0.00485114814307
-0.0048353527511
-0.00425543223982
-0.00485140443435
-0.00435960089289
-0.00460388885652
-0.000668825248056
-0.00213124734996
-0.00145200331346
-0.00290978039513
-0.0021084274754
-0.00211557422992
-0.00127382949228
-0.00704904598734
-0.00620221561507
-0.00421890793173
-0.00575127065359
-0.00492910550094
-0.00623535284834
-0.00437835860576
-0.00540835588575
-0.0045670367855
-0.00528763185256
-0.00455616596692
-0.00435836729083
-0.00386242984386
-0.00364139377615
-0.00185874251354
-0.00334892556282
-0.00096648939126
-0.00241955960229
-0.00167695865572
-0.00306477631058
-0.00521064979185
-0.00445490803591
-0.00583110182589
-0.00493773172592
-0.00545838330751
-0.00462891382509
-0.00592816916992
-0.00505433555085
-0.00508861726111
-0.00424199647062
-0.00495811337376
-0.00418493798906
-0.0037131928897
-0.00332590349953
-0.00310230640066
-0.00140163355449
-0.00288239743058
-0.00214253724095
-0.00196759358964
-0.00121506121976
-0.00463276992594
-0.00609738071428
-0.00405855116941
-0.00542595933328
-0.00461659675776
-0.00614761707968
-0.00429129142336
-0.00558277285362
-0.00470165268541
-0.00571899676543
-0.004895687766
-0.00326288665043
-0.00381083169063
-0.00328931325762
-0.00355238240822
-0.00252497171274
-0.000917044699458
-0.0023879536179
-0.00161018636177
-0.00505791104607
-0.00493456845144
-0.00420015336959
-0.00567795539058
-0.00491114699429
-0.0050119311504
-0.00426027153909
-0.00578212290924
-0.00499724647298
-0.00628021643845
-0.00431076948455
-0.00362958726646
-0.00449110311707
-0.0038954676069
-0.00339655083275
-0.00287201802097
-0.00307779435153
-0.00271858514263
-0.00229141324852
0.000329996912289
-0.00526827913246
-0.004547920052
-0.00603651330994
-0.00373687634772
-0.00522700410425
-0.00444990990277
-0.00589019389456
-0.00386936856958
-0.00318972378397
-0.00458677381148
-0.00386228805452
-0.00500437436249
-0.00319344910505
-0.00404803644689
-0.00344655979368
-0.00398562339463
-0.00241525953813
-0.00261924275794
-0.00219582370967
-0.00181362849644
-0.0051083738117
-0.00481522586479
-0.00407845130728
-0.00557897069508
-0.00484279547863
-0.0047451702642
-0.00399056569843
-0.00321976140339
-0.00472308553684
-0.00404602215491
-0.00414098252103
-0.00340665289037
-0.00453953741427
-0.00387407321744
-0.00356742259591
-0.00295971885068
-0.00349387567022
-0.00297937193545
-0.00166601669437
-0.0016984036789
-0.00537800933236
-0.00459399113343
-0.00614918352238
-0.0035859145348
-0.00509217294779
-0.00432843681088
-0.00361905126463
-0.00351647198566
-0.00275479358453
-0.0042650324296
-0.00357665941937
-0.00495243643157
-0.00291590218049
-0.00403904179477
-0.00336470597534
-0.00420408799831
-0.00243596048078
-0.00208059568845
-0.00244678758358
-0.00219940830825
-0.00116348166201
-0.0048873233272
-0.00409059427625
-0.00565103037205
-0.00493688852784
-0.00235396820244
-0.00380201890338
-0.00311593631539
-0.00463436601788
-0.00387955423489
-0.0037744784283
-0.00307418303235
-0.00443842720253
-0.00371704914466
-0.00350381716023
-0.00282016921737
-0.00237583403715
-0.00305602735595
-0.00151554866739
-0.00187792412478
-0.00162843808318
-0.00166016185644
-0.00627199547716
-0.00357646380987
-0.00290360747148
-0.00444127112809
-0.00368093953284
-0.00334185739866
-0.00261098408285
-0.004143406044
-0.00338394775356
-0.00485519749328
-0.00253940009454
-0.00389158279889
-0.00315873846077
-0.00263786030174
-0.0022414674527
-0.00178859887948
-0.0024616204769
-0.00211341876133
-0.0012739108857
-0.00102223601923
-0.00105360754745
-0.00350754023881
-0.00499646427432
-0.00245190942439
-0.00394361303861
-0.00322830337261
-0.00471253724033
-0.00394803278639
-0.00362874021991
-0.00285764360483
-0.00213947684341
-0.00359204232607
-0.00134889507169
-0.00256803524814
-0.00203607616068
-0.00299195795916
-0.00116792597643
-0.0018335310308
-0.00147950092291
-0.00183381320288
-0.00158931404469
-0.00528676660904
-0.00293989817323
-0.00453322872034
-0.00388261208412
-0.005364677929
-0.00274714273198
-0.00423683089767
-0.00347778785413
-0.00264208687588
-0.00230137766039
-0.00155604177453
-0.00299515580328
-0.00240248978442
-0.00194588868949
-0.0014024993797
-0.00234801896432
-0.0019064095936
-0.00117287269829
-0.000812852504516
-0.00556610634796
-0.00575729083497
-0.00578792536958
-0.00239864353423
-0.00404347329078
-0.00338262280022
-0.0048546376316
-0.00416292958132
-0.00147256219948
-0.00297822499541
-0.002131800558
-0.003471586329
-0.000943249252016
-0.00236850361702
-0.00176249646708
-0.00295670479916
-0.000738136089105
-0.00167303042047
-0.00122210808424
-0.00102669377134
-0.00623236685
-0.00486357078496
-0.00505238409014
-0.00508263719794
-0.00381490615309
-0.00544898620214
-0.002856218823
-0.00211200297763
-0.00366857591615
-0.00283537271943
-0.00244997419191
-0.00159238292779
-0.00292137854228
-0.00210401962878
-0.00171295614182
-0.00109327979715
-0.00227455722466
-0.0017506253087
-0.00146302157991
-0.000507622890292
-0.00500995825208
-0.0055036893597
-0.00544964410464
-0.0043169171368
-0.00434678227912
0.00151140592631
0.00166275744307
0.00438962831059
0.000112124667312
0.00303487704924
0.00315490550389
0.00170477142856
0.00142331460453
0.00157367612027
0.0042996083053
2.12236674306e-05
0.00294315906952
0.0030604531638
0.00160957027581
0.00133579564077
0.00148517236539
0.00421017076988
-6.90902958104e-05
0.00285203233176
0.00296659324287
0.00151496520278
0.00124885008154
0.00139724725838
0.00412131681655
-0.000158816079357
0.00276149800802
0.00287332696077
0.0014209574563
0.001162478969
0.0013099018748
0.00403304755311
-0.000247952544657
0.00267155726584
0.00278065553281
0.00170045728819
0.00107668334095
0.00122313728574
0.00394536408283
-0.000336498557729
0.00258221126814
0.0026885801698
0.00160764791743
0.000991464230717
0.00113695455779
0.00385826750441
-0.000244879095668
0.00249346117314
0.00259710207804
0.0015154395868
0.000906822667169
0.00105135475299
0.00377175891191
-0.000332240820908
0.00240530813433
0.00250622245923
0.00142383352496
0.00515989165169
0.000966338928739
0.00368583939472
-0.000419008719993
0.00231775330038
0.00241594251039
0.00133283095591
0.00507640824982
0.000881908137756
0.00360051003745
-0.000505181677834
0.0022307978151
0.00232626342381
0.00124243309882
0.00499350545368
0.000798063428028
0.00351577191992
-0.000590758584221
0.00214444281735
0.002237186387
0.00115264116807
0.00491118427361
0.000714805842742
0.00343162611707
0.00349361215608
0.00224380470384
0.00214871258254
0.00106345637307
0.00482944571518
0.000632136420233
0.00334807369889
0.00340923066339
0.00215865407761
0.00206084318814
0.000974879918264
0.00474829077912
0.000550056193924
0.00326511573039
0.00332544852286
0.00207410732517
0.00197357937644
0.000886913003037
0.00466772046131
0.000468566192269
0.00318275327154
0.00324226682456
0.00199016556496
0.00188692231504
0.000799556821639
0.00458773575268
0.000387667438696
0.00310098737716
0.00315968665333
0.00190682991015
0.00180087316638
0.00470121825271
0.00450833763918
0.000307360951549
0.00301981909694
0.00307770908879
0.00182410146856
0.00171543308769
0.00461508710084
0.00442952710171
0.000227647744031
0.00293924947529
0.00299633520521
0.00174198134263
0.00181744889112
0.00452957023405
0.0043513051161
0.000148528824148
0.00285927955135
0.00291556607148
0.00166047062932
0.00173323040284
0.00444466882535
0.00427367265301
7.00051946483e-05
0.00277991035891
0.00283540275107
0.00157957042007
0.00164962442424
0.00436038404229
0.00419663067789
-7.92214703207e-06
0.00270114292632
0.00275584630191
0.00149928180072
0.001566632091
0.00427671704682
0.000774836226557
0.0012259596543
0.000830973087884
0.00124343783086
0.00120473533738
0.000529990222839
0.000961374715228
0.000658225500135
0.00110605505224
0.000707648013172
0.00111656613644
-0.00214058034337
0.000399162804797
0.000826649922704
0.000542232673152
0.000986779375647
0.000584962743872
0.000990344897894
-0.00226696526472
0.000269015487907
0.000692615622893
0.000426859486165
0.000868134497973
0.000462919296552
0.000864776285425
-0.00239267864986
0.000139550752981
0.000559274487501
0.000312107676922
0.000750122290168
0.00034151968565
0.000739862467622
0.00106102942395
1.07710798035e-05
0.000426629188113
0.000197978980264
0.000632744620551
0.000220765923345
0.000615605611304
0.000936666009572
0.00105848207933
0.000294682396008
8.44751280237e-05
0.000516003354698
0.000963620723112
0.00049200788139
0.000812981025806
0.000931079964075
0.000163436781984
-2.84021510788e-05
0.00039990035533
0.000844164684911
0.000369071440763
0.000689976766592
0.000804370342117
3.28950161697e-05
-0.000140651131534
0.000284437482203
0.000725360517084
0.000246798450131
0.000567655523508
0.000678355687469
-9.69402321612e-05
-0.000252270091151
0.000169616591991
0.000607210221551
0.000125191067887
0.00044601958562
0.00055303847228
-0.000226066294776
-0.000363257311155
5.54395381707e-05
0.000489715797353
4.251449972e-06
0.000325071239324
0.000428421166656
-0.000354480504675
0.00337736772287
-5.80918290908e-05
0.000372879240522
-0.000116018250267
0.000204812768188
0.000304506238492
0.00073430869407
0.00326764912421
-0.000170975663054
0.000256702543952
0.000655792069492
8.5246452788e-05
0.000181296153286
0.000607326184716
0.00378914076949
-0.000283210120525
0.000141187697273
0.000536868653555
-3.36254294458e-05
0.00363474423495
0.000481063519758
0.00368069762363
-0.000394793361969
2.63366867179e-05
0.00041862159834
-0.000151800604397
0.00351295122171
0.000355523359331
0.0035728947563
-0.000505723551633
-8.78485050069e-05
0.000301053045384
-0.000269276801425
0.00339187043178
0.000230708361356
0.00346573386356
-0.00061599885766
-0.000201365898855
0.000184165132909
-0.000386051753528
0.00327150431932
0.000106621181342
0.0033592166373
-0.000725617452211
-0.000314213519573
6.79599956737e-05
-0.000503728119942
0.00315185533516
-1.67355278181e-05
0.00325334476516
-0.000204004142023
-0.00042638939583
-4.75602351751e-05
0.000298187055847
0.00303292592666
-0.000139359116054
0.00314811993039
-0.000312303846779
-0.000537891560359
-0.000162393432251
0.00017989487014
0.0029147185375
-0.000261246936325
0.00304354381177
0.00340715364989
-0.000648718050085
-0.000276537472079
6.23052140363e-05
0.00279723560751
-0.000382396344829
-0.0053691287711
-0.00496322389811
-0.0107967095922
-0.00807798600997
-0.00759995094529
-0.00691921584107
-0.00413357435124
-0.00531871652191
-0.00491080805229
-0.00823936632923
-0.00803138158155
-0.00756097058616
-0.00689904370968
-0.00405501192108
-0.0052669467037
-0.00485698414218
-0.00818351928644
-0.00799217764704
-0.00752040322704
-0.00687721324966
-0.00401050792074
-0.00521382258655
-0.00480175583359
-0.00812621891469
-0.00795144139944
-0.00747825232947
-0.00685372647035
-0.00398287490567
-0.00515934751515
-0.00474512687479
-0.00806746938891
-0.00790917608
-0.00743452147946
-0.00682858552993
-0.00396008654852
-0.00510566162856
-0.00468710109526
-0.00800727497302
-0.0100891738026
-0.00738921438599
-0.00680179273443
-0.00616809241382
-0.00731771318155
-0.00462768240446
-0.00795029915589
-0.0100438605099
-0.00734233487952
-0.00677335053667
-0.0061418997667
-0.00729484983578
-0.00457889678186
-0.00791018160945
-0.00999702853594
-0.00729388691037
-0.00674326153518
-0.00611400870681
-0.00727060252445
-0.00453880777576
-0.00786859182827
-0.00994868156209
-0.00724387454714
-0.00671152847296
-0.00608442193499
-0.00724497280404
-0.00449730053559
-0.00782553286968
-0.00989882337631
-0.00719802766204
-0.00667815423635
-0.00605314231005
-0.00721796231726
-0.00445437789286
-0.00778100789006
-0.00743620598411
-0.0071641699482
-0.00664314185364
-0.0060201728474
-0.00718957279246
-0.00441423614639
-0.00773502014378
-0.00738333715775
-0.00935065670658
-0.00660649449378
-0.00598551671758
-0.00715980604317
-0.00661730037561
-0.007687572982
-0.00732896910869
-0.00931363683851
-0.00656821546493
-0.00594917724482
-0.00712866396746
-0.00658499997882
-0.00763866985154
-0.00727310603678
-0.00927504051105
-0.00652830821304
-0.00591115790541
-0.00709614854736
-0.00655127641104
-0.00758831429361
-0.00721577024889
-0.00923487096863
-0.0064867763203
-0.00587146232611
-0.00706226184827
-0.00651613197446
-0.00753650994261
-0.00715851576397
-0.00919313157849
-0.0064436235036
-0.00583009428246
-0.00702700601825
-0.00647956906301
-0.00748326052488
-0.00710609728786
-0.00914982582925
-0.00639885361287
-0.005787057697
-0.00699038328743
-0.00644159016149
-0.00742902260856
-0.00706320547511
-0.00910495732958
-0.00857833903336
-0.00574235663748
-0.00695239596726
-0.00640219784483
-0.00960884519031
-0.0070188060533
-0.00905852980667
-0.00853034706826
-0.00569599531501
-0.00691304644981
-0.00636139477717
-0.00956331524639
-0.00697290245371
-0.006644139796
-0.00848075036041
-0.00564797808207
-0.00687233720704
-0.00631918371103
-0.00951633470958
-0.00692549821295
-0.00659460587478
-0.00842955327486
-0.00559830943061
-0.00714591421894
-0.00603750571359
-0.00673772392235
-0.00584029564357
-0.00875071091724
-0.00528595432921
-0.00807875160592
-0.00933788036952
-0.00602296327632
-0.00670467562448
-0.00580701483577
-0.00871731304012
-0.00525433367384
-0.00804758490882
-0.00930589535571
-0.00600720485674
-0.00667041235909
-0.00577251073668
-0.00868268768243
-0.00522185946149
-0.00801519182173
-0.00927271664003
-0.00821570103104
-0.00663493583197
-0.00573678508797
-0.00864683660413
-0.00518815750964
-0.00798157398561
-0.00923834581576
-0.00819751304111
-0.00659824780595
-0.00569983968953
-0.00860976162393
-0.00515322953089
-0.00794673310035
-0.00920278453042
-0.00817811158149
-0.00656035010047
-0.00566167639894
-0.00857146461883
-0.00511707729676
-0.00791067092439
-0.00916603448542
-0.00815749760771
-0.00875252746551
-0.00562229713109
-0.00853194752369
-0.00507970263729
-0.00787338927425
-0.00914875022206
-0.00813567213392
-0.00873052492218
-0.00558170385764
-0.00849121233072
-0.00504110744054
-0.00783489002408
-0.00913419596576
-0.00811263623265
-0.00870730224594
-0.00553989860663
-0.008449261089
-0.00500129365217
-0.00779517510522
-0.00911843961244
-0.00808839103452
-0.00868286059503
-0.00773147556434
-0.008406095904
-0.00496026327494
-0.00775424650574
-0.00910148192265
-0.00806293772799
-0.0086572011869
-0.00768725266501
-0.00836171893701
-0.0049180183682
-0.00771210626989
-0.00908332371422
-0.00803627755908
-0.00863032529792
-0.00764182420509
-0.0105500437103
-0.00487456104744
-0.00766875649767
-0.0051363094127
-0.00800841183103
-0.00860223426307
-0.00759519243281
-0.0105032498841
-0.0048298934837
-0.00762626491158
-0.00511575284861
-0.00797934190403
-0.00857292947559
-0.00754735965018
-0.0104552510896
-0.00478401790312
-0.00759439098388
-0.00509399856099
-0.00794906919484
-0.00469559101144
-0.00749832821239
-0.0104060497063
-0.00696650886012
-0.00756129889694
-0.00507104759466
-0.0079175951765
-0.00466386312977
-0.00748104910632
-0.0103556481665
-0.00691822414176
-0.00752699030551
-0.00504690105062
-0.00788492137796
-0.0046481061573
-0.00746577211325
-0.00683946564791
-0.00686873840986
-0.00749146692201
-0.00502156008574
-0.00785684288584
-0.0046316862561
-0.00744926920908
-0.00680184669444
-0.0068261801342
-0.00639766263012
-0.00499502591253
-0.00783935173666
-0.00461404739277
-0.00743154122245
-0.00678249449746
-0.00680682149158
-0.00635971502831
-0.00718928645023
-0.00782065262477
-0.00459519044334
-0.00741258904272
-0.00676191627232
-0.00678623641619
-0.00632055811346
-0.00716036971887
-0.00780074646253
-0.00457511634339
-0.00739241361969
-0.00674011305408
-0.00676442594414
-0.00628019382433
