0.00516657325912
0.00380988785356
0.00578720269242
0.00318453384828
0.00511725154218
0.00208611842395
0.00534473174427
0.00638383112754
0.00381018473348
0.00578750300182
0.00476497585289
0.00513282435986
0.00210189732454
0.00536069409437
0.00638497502468
0.00381134349228
0.0057886751461
0.0047661597237
0.00514928674748
0.00211857749665
0.00537756813008
0.00638696971914
0.00381336410128
0.00579071909557
0.00476822412088
0.00516663826969
0.00213615848746
0.00539535338266
0.00638981516277
0.00381624651044
0.00579363479844
0.00349668757535
0.00518487846796
0.00215463982005
0.00541404935839
0.00639351128694
0.00381999064841
0.00579742218086
0.00350051284248
0.0052040068606
0.00217402099341
0.00543365553866
0.00639805800247
0.0038245964225
0.0058020811469
0.0035052184077
0.00522402294284
0.00219430148256
0.00545417138004
0.00640345519971
0.00383006371873
0.00453313016282
0.00351080414945
0.00524492618688
0.00221548073859
0.00547559631434
0.00640970274851
0.00383639240179
0.00453953192008
0.00351726992346
0.00526671604201
0.00223755818872
0.00549792974871
0.00641680049823
0.00384358231514
0.0045468048409
0.00352461556276
0.00528939193461
0.00226053323644
0.0055211710657
0.00642474827781
0.00385163328093
0.00455494874121
0.00353284087773
0.00531295326828
0.00228440526149
0.00554531962335
0.00643354589572
0.00262572964414
0.00456396341498
0.00354194565609
0.00533739942389
0.00230917362007
0.00397226619545
0.00644319314005
0.00263550209642
0.00457384863422
0.00355192966295
0.00536272975967
0.00233483764479
0.00399822721098
0.00645368977849
0.00264613494035
0.00458460414901
0.00356279264084
0.00538894361131
0.00236139664487
0.00402509339518
0.00521528727623
0.00265762791328
0.00459622968754
0.00357453430972
0.005416040292
0.00238884990617
0.00405286400897
0.00522748192454
0.00266998073149
0.00460872495615
0.00358715436704
0.00544401909257
0.000890143387289
0.00408153828924
0.00524052514802
0.00268319309013
0.00610068902377
0.00360065248778
0.00547287928155
0.002606009981
0.00411111544898
0.00525441663309
0.00269726466332
0.00611492278427
0.00361502832448
0.00550262010528
0.00263614150917
0.00414159467731
0.00526915604601
0.00271219510415
0.00613002526306
0.00363028150727
0.00397929275067
0.00266716421053
0.00417297513967
0.00528474303282
0.00272798404476
0.00614599607944
0.00364641164395
0.00401079249462
0.00269907725572
0.00420525597789
0.00530117721942
0.00274463109635
0.00616283483104
0.00366341832004
0.00404317048013
0.00273187979265
0.00423843631029
0.0029095060434
0.00136170868057
0.00204335111549
0.00276492481449
0.00356129042397
0.00438868204096
0.00345168811203
0.00292677688566
0.00137969096188
0.00206208317244
0.00278444390943
0.00358163120477
0.00441300605916
0.00152064382421
0.00294510246886
0.00139877109639
0.00208195847403
0.00280515384569
0.0036032124613
0.00443862009573
0.00154737332017
0.00296448211134
0.00376397292307
0.00210297615119
0.00282705364042
0.00362603308184
0.00446552272098
0.00157544657511
0.00298491509286
0.00378524641317
0.00212513528588
0.00285014225552
0.00365009189228
0.00449371243558
0.00160486188655
0.00300640065476
0.00380761531892
0.00214843491126
0.00287441859781
0.00367538765641
0.00452318767095
0.00163561747372
0.00302893800008
0.00383107874136
0.00217287401189
0.00289988151934
0.00370191907624
0.00455321946027
0.00166771147807
0.00305252629371
0.00385563573858
0.00219845152399
0.00292652981763
0.00372968479232
0.00458214277684
0.00170114196385
0.00307716466253
0.00388128532595
0.00222516633563
0.00295436223597
0.00375868338409
0.00461234936152
0.00173590691865
0.00310285219561
0.00390802647628
0.00225301728698
0.00298337746369
0.00378891337025
0.00464383754141
0.00177200425401
0.00312958794434
0.00393585812005
0.00473379180464
0.00301357413649
0.00382037320911
0.00467660557571
0.00180943180607
0.0031573709226
0.00396477914559
0.00476391136563
0.00304495083674
0.003853061299
0.00471065165624
0.00184818733612
0.00137908972288
0.00399478839933
0.00479516330202
0.00307750609381
0.00388697597865
0.0047459739079
0.00188826853137
0.00140896405282
0.00212453470192
0.00482754626499
0.00311123838442
0.00392211552764
0.00478257038914
0.00192967300551
0.00143988243084
0.00215671678485
0.00285798796082
0.00314614613299
0.00395847816677
0.00482043909257
0.00197239829949
0.00147184372271
0.00218998338611
0.00289262874457
0.00114068294674
0.00399606205858
0.00485957794542
0.0020164418822
0.00150484675768
0.00222433318682
0.0029283962303
0.00117793667704
0.00403486530775
0.00489998481015
0.00206180115116
0.00153889032866
0.0022597648274
0.00296528888477
0.00364947830744
0.00192260228559
0.00494165748498
0.00569659248943
0.00157397319247
0.00229627690786
0.00300330512943
0.00368907109868
0.00196383833444
0.00271208466605
0.00574457504199
0.00161009407005
0.002333867988
0.00304244334075
0.00372983069837
0.00200628771233
0.0027562821018
0.00339318367654
0.00164725164668
0.00237253658778
0.00308270185052
0.00377175522504
0.00204994829735
0.00280173836291
0.00344377826584
-0.00563023372074
-0.0054306478749
-0.00746383148977
-0.00301338991208
-0.0048502486002
-0.00520331154533
-0.0058652965586
-0.00238894073279
-0.00316610406912
-0.00429542408824
-0.0052425496937
-0.00599507637946
-0.00215019389489
-0.00243201213371
-0.00368699169134
-0.00523853909788
-0.000341727792804
-0.00214612585332
-0.00140210682228
-0.00325618971253
-0.0021944498164
-0.0057900799039
-0.00594358603034
-0.00339398464044
-0.00357864345301
-0.00503520513434
-0.00539480390243
-0.00606326644257
-0.00259320972804
-0.00337635060786
-0.00451116388398
-0.00546312338683
-0.00124681848787
-0.00237776619522
-0.00271337932796
-0.00396766806425
-0.00551678515152
-0.000629781288559
-0.00237084655265
-0.00162286835927
-0.00344216169404
0.00160981174721
-0.00591174348373
-0.00606984802347
-0.00352500556389
-0.00371455469048
-0.00420396687909
-0.00593721272026
-0.00661754225018
-0.00319181628878
-0.00353665823677
-0.00467569649978
-0.00563137621644
-0.00141815020167
-0.00255140923624
-0.00288846302477
-0.00414325368432
-0.00569190954749
-0.000803503761839
-0.00259942334252
-0.00184839638692
-0.00366058580096
0.0013845815796
-0.00599498497992
-0.00615624744286
-0.00361467451887
-0.00380758496271
-0.0043004216929
-0.00603711633632
-0.00183109583361
-0.00329847427872
-0.00409416101521
-0.00523611218975
-0.00619435800095
-0.00202349856121
-0.00267043223142
-0.00300848070784
-0.00426361795793
-0.00125131571744
-0.000922581595668
-0.0027169298932
-0.00196379909799
-0.00377343924724
0.00127462826482
-0.00662447829919
-0.00680104490958
-0.00426877928918
-0.00385750417269
-0.00435218381464
-0.00609073501187
-0.001886557367
-0.00335573074382
-0.00415312345304
-0.005296644753
-0.0062562741543
-0.00208656054993
-0.00321582535287
-0.00468089914553
-0.00479756560239
-0.00177952034912
-0.0009865338136
-0.00278003450385
-0.00202576905434
-0.0038340346716
0.00121559609757
-0.0066304567125
-0.00222579758366
-0.00427522091049
-0.00448910189634
-0.00499944290108
-0.00673824300111
-0.00256313781996
-0.00336339849393
-0.00416102000794
-0.00530475191951
-0.00133197896655
-0.00209500706094
-0.0032243873429
-0.00468953314545
-0.00480622469622
-0.0017881563837
-0.0014588299633
-0.00322787913633
-0.0024734614539
7.14841860583e-05
0.00120769018993
-0.00659774720822
-0.0021918437551
-0.0042399783741
-0.00445253403023
-0.00496152429442
-0.00669896357459
-0.00252250752967
-0.0039906057962
-0.00479406073665
-0.00593664149288
-0.00128661657671
-0.00204880450187
-0.0031775537024
-0.00464230599022
-0.00475886041166
-0.00174091810971
-0.00141197462911
-0.00318164532456
-0.00242805961454
-0.000281857527191
0.000853202354127
-0.00726034364236
-0.00211780303866
-0.00241996926892
-0.00437280533218
-0.0048788575236
-0.00182993350853
-0.00243394472069
-0.00389918315668
-0.00469992056604
-0.00584000068811
-0.00188754326365
-0.00264790692469
-0.00376622944049
-0.00521302053595
7.89212603131e-05
-0.00163800152956
-0.00130988928468
-0.00308090925812
-0.00232912999981
-0.000185116617872
0.000947453588398
-0.00732108421983
-0.0029101859982
-0.00319570381143
-0.00510617177455
-0.00558523628856
-0.00169968986554
-0.00229771996791
-0.00375858152714
-0.00455516177857
-0.00569141825484
-0.00173559346127
-0.00305835041469
-0.00360939972944
-0.00505488636806
-0.000457414580791
-0.00214498667974
-0.0018181438237
-0.00355689802376
-0.00217704929097
-3.63811524907e-05
0.0010923822352
-0.00295640649752
-0.00296761542295
-0.00325526622097
-0.00516791842891
-0.00564919802326
-0.00258317337534
-0.0031540574756
-0.0045669504478
-0.0053212338008
-0.000652985774658
-0.00155088484923
-0.00285014695507
-0.00339840557526
-0.00484215313113
-0.00024407551503
-0.00193220431703
-0.00160705377582
-0.00334855631255
-0.00260321917597
-0.000430903669453
0.00069277554241
-0.00297307793924
-0.00298491015742
-0.00327320420426
-0.00518651522243
-0.00566846303774
-0.00260310781643
-0.00317465205512
-0.00458818299729
-0.00534306701351
-0.00156837848207
-0.00246675179041
-0.00372213948214
-0.00421629452028
-0.00472325674944
-7.04222047409e-05
-0.00170479091384
-0.00134260501124
-0.00308751177422
0.00184181697956
-0.000179959506798
-0.00236632159083
-0.00389809878205
-0.00395175232527
-0.00426838928819
-0.00618082894738
-0.00564297997063
-0.00257673937117
-0.00314741052773
-0.00456009771846
-0.00531418733396
-0.0015387761648
-0.00243652229533
-0.00369140161763
-0.00418518805674
-0.00555285850321
-0.000947181260829
-0.00254440975783
-0.00129675692926
-0.00298932835581
0.00199023996072
1.60623970995e-05
-0.0021257205249
-0.0017975781027
-0.00388875249687
-0.00420305032257
-0.00611309471384
-0.00188326455251
-0.00356874463594
-0.00415749978167
-0.00448278550677
-0.00523469357969
-0.00145729832046
-0.00235332275885
-0.00360680674449
-0.00409958159812
-0.000800598658382
-0.000860864772503
-0.00245842806349
-0.00208241811196
-0.00373295520496
0.00123758998387
-0.00068313985776
-0.00204719024114
-0.00169828605276
-0.0037857649268
-0.00409625083085
-0.00600239317592
-0.00176860747061
-0.00345012721465
-0.00403497934169
-0.00544157935822
-0.00620063474216
-0.00245331828192
-0.00334654578217
-0.00346868087563
-0.00395981295174
-0.000659883494881
-0.000719943252963
-0.00231805012847
-0.00194330810223
-0.00359577974538
0.0013722471033
-0.000551486065229
-0.00264494782269
-0.00268252123815
-0.00476489873913
-0.00394823529705
-0.00584899648031
-0.00160975876065
-0.00328582293219
-0.00386530153587
-0.0052667146605
-0.00119603262339
-0.00226914338199
-0.00315852790962
-0.00439315686429
-0.00488203385175
-0.00158475650756
-0.00164453308571
-0.00212382863505
-0.00175082688957
0.000775127385001
0.00155861357037
-0.000369246346293
-0.00246735898593
-0.00250677445726
-0.00458267570743
-0.00491318566248
-0.00680712422362
-0.00261862032184
-0.0042877774449
-0.00364897029964
-0.00504382643052
-0.000966982628428
-0.00203449836326
-0.00291903494442
-0.00414973985584
-0.00463577481826
-0.00133686082418
-0.00139628066786
-0.00295191649786
-0.00258110759027
-1.67704638928e-05
-0.00207330594917
-0.000137043675477
-0.00224102904359
-0.00229327705521
-0.00436136591915
-0.00468383249411
-0.0019786295374
-0.00237273767021
-0.00403359058357
-0.00462038130578
-0.00600736862152
-0.00197945175356
-0.00304026495462
-0.00262892022713
-0.00385493117232
0.000416840457628
-0.00103669822091
-0.00109569177753
-0.00265245066293
-0.00228426289903
0.000276070741184
-0.00178568396534
-0.000823332927631
-0.00286969538711
-0.00336857104034
-0.00410142469669
-0.00441452798762
-0.00169976867163
-0.00208421955685
-0.00373543482015
-0.00431275891081
-0.00569063361042
-0.00165417022777
-0.00270723746445
-0.00357927069925
-0.00478530721907
-0.000592222853473
-0.00068538266546
-0.000743884997781
-0.00230193808555
-0.00193677178003
0.000618944613977
-0.00144883362487
-0.000493685003538
-0.00254818460206
-0.00308086481139
-0.00512951042846
-0.00546818670484
-0.0028537525597
-0.00326439840163
-0.00339409568041
-0.00396072704126
-6.99690340608e-05
-0.00128222815789
-0.00232657737212
-0.00319107723703
-0.0043910302832
-0.000193547946615
-0.0016061323589
-0.0016640836282
-0.00317436872756
0.00146924052456
0.00101067277056
-0.00106387448952
-0.00011682741145
-0.00218048990309
-0.00275682426258
-0.00479394921817
-0.00512080097521
-0.00249432656432
-0.0028928347467
-0.00452106839831
-0.00510223337355
-0.00135823304061
-0.00086474777185
-0.00189948388144
-0.00275568637855
-0.00394894550619
0.000253372440533
-0.00115643207823
-0.00121377789334
-0.00272565835289
0.00191422382189
0.000137827320291
-0.00186464472221
-0.00092652523396
-0.00292159883542
-0.0023970378381
-0.00442152474772
-0.000255655286502
-0.00209577375709
-0.0024810206187
-0.00409607262615
-0.0046643425288
-0.000907979861919
-0.00209805860921
-0.00312236741222
-0.00396958086707
-0.00056107082665
0.000747063507004
-0.000659736657847
-0.000716428291917
-0.00223003262946
6.97982345022e-05
0.000623255943374
-0.00138728373435
-0.000463770383669
0.000900078690369
0.00149614311812
0.00294608056183
0.00144258248111
0.00246199277905
0.00348569555084
0.00225149154879
0.0042468350504
0.0013785910743
0.00282703764114
0.00584819047071
0.00234252230596
0.00336471584831
0.00307142836745
0.00412326137132
0.0012616973094
0.00270865828729
0.00573102287245
0.00222373263409
0.00324442227166
0.00294976622048
0.00400038268012
0.00114546382013
0.00259094456458
0.00561453230087
0.0021056259469
0.00312481707761
0.00282879726151
0.00387820136214
0.00102989259996
0.00247389853426
0.00549872085831
0.00198820442462
0.00394819234907
0.00270852381206
0.00375671980004
0.000914985638953
0.00235752225428
0.00538359064351
0.00187147024399
0.00382997067791
0.00258894819058
0.00363594037359
0.00542264274776
0.00224181777925
0.00526914375143
0.00175542557819
0.00371244414036
0.00247007271227
0.00351586545952
0.00530907026104
0.00212678716024
0.00515538227314
0.00164007259664
0.0056583994877
0.00235189968897
0.00339649743136
0.00519616798199
0.00373356871661
0.00504230829563
0.00244667216775
0.00554226994386
0.00223443142895
0.00327783865921
0.0050839378858
0.00361989194806
0.00492992390168
0.00233270904721
0.0054268422525
0.00211767023673
0.00315989150962
0.00497238194355
0.00350689516622
0.00481823116973
0.00221944409515
0.00531211864531
0.00200161841295
0.00304265834541
0.00486150212217
0.00339458040668
0.00564555177481
0.00210687946446
0.00519810134979
0.00188627825416
0.00292614152544
0.00475130038423
0.00328294970079
0.00553524858396
0.00199501730346
0.00508479258902
0.00177165205265
0.00281034340448
0.00464177868784
0.00317200507554
0.00542564326275
0.00188385975581
0.00497219458153
0.00165774209631
0.00269526633302
0.00453293898651
0.00397592641074
0.00531673787066
0.0017734089603
0.00486030954113
0.00154455066841
0.00258091265707
0.004424783229
0.00386636000952
0.00520853446207
0.00166366705071
0.00474913967669
0.00143208004745
0.00319429095221
0.00431731335918
0.00375748574223
0.00510103508607
0.00155463615564
0.00463868719205
0.00132033250695
0.0030813910865
0.0042105313159
0.00364930561692
0.00499424178634
0.00144631839833
0.00452895428578
0.00120931031533
0.00296922162565
0.00501861689019
0.00354182163653
0.00488815660097
0.00133871589655
0.00441994315104
0.00109901573567
0.00285778489594
0.00491321629575
0.00343503579877
0.0047827815623
0.00123183076235
0.00431165597539
0.00170172001135
0.00274708321824
0.00480850931285
0.00332895009594
0.00467811869679
0.00112566510198
0.00420409494064
0.00159288742266
0.00263711890782
0.00344714302751
0.00344818462177
0.000516321242232
-0.00129596004123
-0.000466972914088
0.000276889810302
0.000999363734806
0.00330502135778
0.00441156628804
0.00432681490307
-0.00144971754
-0.000616851874933
0.000121517710726
0.000845862417164
0.00316362096896
0.00426569172734
0.00533996978383
-0.00160272103723
-0.000765936922356
-3.30516535804e-05
0.000693201159208
0.00302294502732
0.00412055091827
0.00519251818656
-0.00175496659363
-0.000914223874972
-0.000186813737099
0.000541384834994
0.0028829967013
0.00397614727741
0.00504582023079
-0.000783487578674
-0.0010617085446
-0.000339763983937
0.000390418329062
0.00274377916134
0.00383248422505
0.00489987958441
0.00202903857901
-3.53272805618e-05
-0.000491897828183
0.000240306536018
0.00260529557961
0.00368956518498
0.00475469992009
0.00187909055728
-0.000181194794198
0.000584330201075
9.10543600952e-05
0.00246754912979
0.00354739358424
0.00461028491489
0.00172991630853
-0.000326247422945
0.000433842898006
0.00122883064084
0.00233054298686
0.00340597285283
0.0044666382501
0.00158151980812
-0.000470480954878
0.000284185751718
0.00108131244814
0.00219428032685
0.00326530642353
0.00432376361085
0.00143390503773
-0.000613891173024
0.000135363364493
0.000934668638545
0.00205876432659
0.00312539773156
0.00418166468593
0.0012870759851
-0.000756473855735
-1.26196532559e-05
0.000782822746072
0.00192399816347
0.00298625021438
0.00404034516741
0.00114103664367
0.00213866540186
-0.000159758683397
0.000630106260604
0.00178998501522
0.0028478673114
0.00389980875039
0.000995791012296
0.00199775047178
-0.000306049100486
0.000478249185963
0.00165672805965
0.0027102524637
0.00376005913271
0.000851343094941
0.00185767576636
-0.000451486272187
0.000327256578313
0.00152423047436
0.00257340911379
0.00362110001462
0.000707696900317
0.00171844552212
-0.000596065559702
0.000177133504435
0.00139249543656
0.00243734070528
0.00348293509847
0.00056485644157
0.00158006397831
-0.000739782318207
2.78850412627e-05
0.00126152612275
0.00230205068266
0.00334556808843
0.000422825735941
0.00144253537654
-0.000882631897297
-0.000120483724596
0.00113132570846
0.00216754249097
0.00320900269014
0.000281608804417
0.00130586396027
-0.00102460964144
-0.000267967697341
0.00180654051474
0.00203381957552
0.00307324261038
0.000141209671387
0.00117005397449
0.00188805485353
-0.000414561772484
0.00167788742105
0.00274248992732
0.00293829155678
1.63236427976e-06
0.00103510966522
0.00174783476406
-0.00056026083735
0.00155001274519
0.00261034789993
0.00280415323745
0.00376442028363
0.000901035279102
0.00160850050224
-0.000705059771599
-0.00760560678713
-0.00383269766955
-0.00410248065278
-0.004592009763
-0.00502249011526
-0.00813389924921
-0.00846340918954
-0.0075461316301
-0.00776437572249
-0.00404111879537
-0.0045274734726
-0.00495456506536
-0.00806238057069
-0.0083881163729
-0.00748550485579
-0.00770101770265
-0.00397849983438
-0.00446162136093
-0.00488526256548
-0.00798942033765
-0.00831131613462
-0.00772596577891
-0.00763646394186
-0.00391462720918
-0.00439445740878
-0.00481458723022
-0.00791502390171
-0.00823301467412
-0.00766304417611
-0.00788437871861
-0.00384950441507
-0.00432598565972
-0.00474254374439
-0.00783919669257
-0.0081532182771
-0.00759897944861
-0.00781744317534
-0.00412677999394
-0.00425621021896
-0.00466913686158
-0.00776194421625
-0.00807193331318
-0.00753377451279
-0.00774932168495
-0.00405916756726
-0.00454292237703
-0.00459437140272
-0.00768327205324
-0.00798916623368
-0.00746743232676
-0.00768001760521
-0.00399031578429
-0.00447055210937
-0.00489104484876
-0.00760318585667
-0.00790492356929
-0.00739995588971
-0.00760953433918
-0.00797909884201
-0.00439689082407
-0.00481357696268
-0.00789448394466
-0.00781921192779
-0.00733134824132
-0.00753787533442
-0.00790777952802
-0.00432194286144
-0.00473476535282
-0.00781158692188
-0.0081199324471
-0.00726161246109
-0.00746504408227
-0.00783523214115
-0.00424571261768
-0.00465461509492
-0.00512378377919
-0.00803130297161
-0.00719075166771
-0.00739104411701
-0.00776146054281
-0.00416820454366
-0.0045731313247
-0.00503809936874
-0.00794122478195
-0.00711876901844
-0.0073158790151
-0.00768646864301
-0.00408942314376
-0.00449031923649
-0.00495103021603
-0.00784970477129
-0.00704566770841
-0.00723955239441
-0.00761026039938
-0.00400937297472
-0.00440618408165
-0.00486258237152
-0.00775674989846
-0.00697145097004
-0.00716206791337
-0.00753283981622
-0.0039280586444
-0.00432073116713
-0.00477276194546
-0.0076623671856
-0.00689612207229
-0.00708342927023
-0.00745421094357
-0.00793396949276
-0.00423396585403
-0.00468157510602
-0.00756656371592
-0.00681968432011
-0.00700364020226
-0.00737437787624
-0.00785014086209
-0.00414589355602
-0.00458902807748
-0.00746934663142
-0.00674214105371
-0.00692270448489
-0.00729334475281
-0.00776506218869
-0.00405651973796
-0.00449512713833
-0.00737072313064
-0.00666349564789
-0.00684062593097
-0.00721111575473
-0.00767873827305
-0.00396584991432
-0.00439987861951
-0.0072707004664
-0.00658375151144
-0.00675740838996
-0.00712769510532
-0.00759117396088
-0.00387388964779
-0.00430328890255
-0.00716928594357
-0.0065029120864
-0.00667305574707
-0.00704308706881
-0.00750237414182
-0.00378064454774
-0.00420536441776
-0.00706648691685
-0.00609296674984
-0.00763045486976
-0.00750903692206
-0.00490571495508
-0.00549470341694
-0.00588687039736
-0.0067073363906
-0.00601561631568
-0.0106128263904
-0.00742920282713
-0.00482483576241
-0.00541293636582
-0.00581026214023
-0.0066300344362
-0.00593736295592
-0.00676202421429
-0.00734844122036
-0.00474301883618
-0.00533022295602
-0.00626975093031
-0.00655175904749
-0.00585820894667
-0.00668154380773
-0.00726675459193
-0.00466026676011
-0.00524656585242
-0.00619121335599
-0.00647251287024
-0.00577815658244
-0.00660015234138
-0.00718414545143
-0.00457658213783
-0.0051619677401
-0.00611171501376
-0.0063922985733
-0.00569720817586
-0.0065178522396
-0.0078667520798
-0.00775052465133
-0.00507643132402
-0.00603125852725
-0.00631111884813
-0.00561536605739
-0.00643464594507
-0.00778230552014
-0.00766498282515
-0.00498995932861
-0.00594984654201
-0.00622897640848
-0.00553263257501
-0.00635053591847
-0.00769694409058
-0.00757851637926
-0.00490255449739
-0.00586748172511
-0.00668270974234
-0.00544901009391
-0.00626552463818
-0.00761067037514
-0.00749112799316
-0.00481421959258
-0.00578416676473
-0.00659865010185
-0.00536450099622
-0.00617961459992
-0.00752348697558
-0.0074028203644
-0.00472495739471
-0.00919072024024
-0.00651363601748
-0.00527910768066
-0.00609280831643
-0.00743539651103
-0.00808371802108
-0.00463593801529
-0.00910551313999
-0.00642767028788
-0.00519283256229
-0.0060051083172
-0.00734640161769
-0.00799358007014
-0.0045507383178
-0.00901936408363
-0.0063407557319
-0.00510567807217
-0.00591651714806
-0.00725650494846
-0.00790253107398
-0.00446460792298
-0.00893227583994
-0.00625289518822
-0.00602277282046
-0.00582703737093
-0.0071657091726
-0.00781057379874
-0.0043775495332
-0.00884425119685
-0.0061640915149
-0.00593386694261
-0.00573667156346
-0.00707401697536
-0.00771771102683
-0.00428956586935
-0.00875529296106
-0.00607434758901
-0.0058440890793
-0.00564542231872
-0.0069814310577
-0.00762394555654
-0.00500051488776
-0.00866540395766
-0.0059836663062
-0.00575344172264
-0.00555329224487
-0.00688795413587
-0.00752928020166
-0.00491068891049
-0.00857458702975
-0.00589205058028
-0.00566192737926
-0.00546028396484
-0.00679358894114
-0.00743371779114
-0.00481994592901
-0.008482845038
-0.00579950334287
-0.00556954857
-0.00637871795229
-0.0066983382194
-0.00733726116871
-0.00472828873445
-0.00839018086031
-0.00570602754293
-0.0054763078296
-0.00628396118617
-0.00660220473084
-0.00723991319257
-0.00463572013456
-0.00829659739141
-0.0056116261464
-0.00538220770643
-0.00618833416808
-0.00650519124962
-0.00714167673495
-0.00454224295337
-0.00897335650014
-0.00551630213579
