0.00673719707196
0.00524800223349
0.0036444761898
0.0070379147694
0.00555223760696
0.00389520127331
0.00707592261871
0.00675408783638
0.00526728318716
0.00366379984118
0.00705750421891
0.00557596721395
0.00391929932995
0.00710032646138
0.006771752334
0.0052873471526
0.00368391761393
0.00707789861429
0.00560051095962
0.00394422271149
0.00712556595586
0.00679019021126
0.00530819371813
0.00370482908349
0.00709909751326
0.00562586829842
0.00396997084849
0.00715164051088
0.00680940109934
0.00532982245633
0.00372653380885
0.00712110045645
0.0056520386672
0.00399654315323
0.00717854951619
0.00682938461422
0.00535223292407
0.00374903133262
0.0071439069674
0.00567902148534
0.00402393901975
0.00720629234265
0.00685014035668
0.00537542466257
0.00377232118106
0.0071675165527
0.00570681615475
0.00405215782394
0.00723486834227
0.00687166791239
0.0053993971974
0.00379640286418
0.00719192870195
0.00573542205995
0.00408119892361
0.00726427684829
0.00689396685191
0.0054241500386
0.00382127587572
0.00721714288787
0.00576483856816
0.00411106165853
0.0072945171753
0.00691703673075
0.00544968268067
0.00384693969326
0.00724315856634
0.00579506502936
0.00326870028604
0.00641322125301
0.00694087708943
0.00547599460264
0.00387339377823
0.00639571846129
0.00495184406116
0.00330020423913
0.00644512309137
0.00613035746231
0.00466795527696
0.00306550758483
0.00642333542544
0.00498368840962
0.00333252773949
0.00647785458315
0.00615573734237
0.00469582413424
0.00309354052476
0.00645175214935
0.00501634065823
0.00336567005558
0.00651141496899
0.00618188623419
0.00472447061626
0.00312236202026
0.00648096802213
0.00504980008871
0.00339963043827
0.00654580347129
0.00620880361872
0.00475389414072
0.00315197146882
0.00651098241638
0.00508406596589
0.00343440812085
0.00658101929425
0.00623648896213
0.00478409411016
0.00318236825211
0.00654179468823
0.00511913753784
0.00347000231918
0.00661706162398
0.00626494171588
0.00481506991194
0.00321355173605
0.00657340417741
0.00515501403589
0.00350641223174
0.00665392962861
0.00629416131678
0.0048468209184
0.00324552127083
0.00660581020733
0.00519169467475
0.00354363703972
0.00669162245837
0.00632414718702
0.00487934648684
0.00327827619101
0.00663901208514
0.00522917865258
0.00358167590712
0.00673013924566
0.00635489873424
0.00491264595964
0.00331181581559
0.00667300910181
0.00526746515108
0.00362052798083
0.00676947910518
0.00638641535159
0.00494671866429
0.00334613944806
0.0067078005322
0.00530655333558
0.00366019239076
0.00680964113404
0.00592632621951
0.00237530179883
0.00227887958767
0.00352603693401
0.00481855477866
0.00512818204957
0.00204164119465
0.00595314587031
0.0071614277338
0.00230789437169
0.00355624689352
0.00485002622691
0.00422785184117
0.00207582797902
0.0059809260489
0.00719031101878
0.00233794679677
0.00358753633231
0.00488262119524
0.00426181974415
0.00117810423426
0.00600966589435
0.00722019134189
0.00374453774998
0.00361990402306
0.00491633829751
0.00429695578226
0.00121472500597
0.00603936451702
0.00725106770408
0.00377666215616
0.0036533486981
0.00495117610225
0.00433325833737
0.00125256005523
0.00607002099878
0.00728293907442
0.00380982083071
0.00368786904969
0.00498713313296
0.00437072574079
0.00129160749539
0.00610163439311
0.00731580439026
0.00384401257805
0.00372346373023
0.00502420786845
0.00440935627358
0.00133186538341
0.00613420372524
0.00734966255737
0.00387923616728
0.00376013135255
0.00506239874309
0.00444914816703
0.00572033106016
0.00616772799231
0.00738451245015
0.00391549033242
0.00379787049015
0.0051017041472
0.00449009960297
0.00576300379181
0.00620220616354
0.00742035291181
0.00395277377259
0.00383667967749
0.00514212242736
0.00453220871421
0.0058068808089
0.00623763718034
0.00745718275456
0.00399108515226
0.00387655741026
0.00518365188673
0.00457547358497
0.0058519599478
0.00522790069871
0.0074950007598
0.00403042310151
0.00391750214567
0.0052262907854
0.00658411302843
0.00589823899101
0.00526523412061
0.00753380567829
0.00407078621621
0.00395951230274
0.0052700373408
0.00662968347856
0.00594571566768
0.00530351704726
0.00646771120903
0.00411217305832
0.00400258626259
0.00531488972796
0.0066764036535
0.00599438765413
0.00534274831059
0.00650848608494
0.00304869713473
0.00404672236875
0.00536084608
0.00672427144735
0.00604425257442
0.00538292671558
0.00655024394481
0.00309212698305
0.00294087221181
0.00540790448839
0.00677328470783
0.0060953080009
0.00542405104043
0.00659298341902
0.00313657604358
0.00298712749239
0.00423492401947
0.00682344123674
0.00614755145478
0.00546612003675
0.00663670310838
0.00318204274509
0.00303443972747
0.00428418065062
0.00557550747724
0.00620098040672
0.00550913242974
0.00668140158439
0.00322852548373
0.00308280711336
0.00433453336692
0.00562794376702
0.00625559227738
0.00555308691841
0.00672707738941
0.00327602262328
0.00313222781041
0.00438598009739
0.00568151645979
0.00496711436519
0.00559798217572
0.00677372903693
0.00332453249544
0.00318269994331
0.00443851873143
0.00573622317844
0.00502408413843
-0.00674565026601
-0.00708671447586
-0.0071643861019
-0.00237789159268
-0.00262014706288
-0.00285590143757
-0.003098488705
-0.00334448028311
-0.00358356872506
-0.00382481749214
-0.00406772298734
-0.00430117756704
-0.00454231290537
-0.00478800790517
-0.00497052280857
-0.00509297766632
-0.00508139916895
-0.00518481893662
-0.00548678177187
-0.00508938851774
-0.00546484506607
-0.00241377092284
-0.00271576103809
-0.00276320876799
-0.00297662728004
-0.00321716823359
-0.00345549684587
-0.0036912523256
-0.00394314930349
-0.00418470831453
-0.00442796923524
-0.00466860884023
-0.00490051374289
-0.00514231036318
-0.00539158082341
-0.00556683366345
-0.00566218538833
-0.00559973492388
-0.00569903911331
-0.00599589942278
-0.00559247001967
-0.00596102455967
-0.0030404906665
-0.00333203897787
-0.00335314010205
-0.00358115913036
-0.00381180453003
-0.0040628913738
-0.0042882719205
-0.00454523926941
-0.00478414013745
-0.0050224803527
-0.0052654168033
-0.00551113789681
-0.00575258403056
-0.005992963045
-0.00618656506889
-0.00628245604894
-0.00620487973713
-0.00624968318606
-0.00654430499538
-0.00119927441359
-0.00162774549905
-0.00364032178962
-0.00393236750639
-0.0039582038896
-0.00417465865982
-0.00442230385907
-0.00466263817348
-0.00490336802467
-0.00514555382051
-0.00538658835317
-0.00561542258619
-0.00586535736894
-0.00610751583523
-0.00635351564827
-0.00658589214936
-0.0067778990793
-0.00687431409888
-0.00179884184177
-0.00183893543732
-0.00212856866377
-0.00171509896376
-0.00213944786408
-0.00421256295479
-0.00429732602353
-0.00454001610281
-0.004747390111
-0.00500927328438
-0.00526435933233
-0.00549763865482
-0.00574574718682
-0.0059819786146
-0.00622132442481
-0.00645972586983
-0.00671159966658
-0.00695282688468
-0.00718348207861
-0.00234006732937
-0.00245299807826
-0.00239950552179
-0.00246302450784
-0.00274481786768
-0.00228219287149
-0.00265347944015
-0.00475651742304
-0.0048436472293
-0.00509347606687
-0.00531344173443
-0.00557753996331
-0.00585641671896
-0.00607782954245
-0.00633505068461
-0.00658802791557
-0.00682921314945
-0.00705944283038
-0.00230525679922
-0.00255400127355
-0.00278406054877
-0.00295384627354
-0.00307987232748
-0.00302585999371
-0.00308752672305
-0.00336617051363
-0.00289915717325
-0.00326489558388
-0.00530908078504
-0.00539859564492
-0.00565556896787
-0.00585053580914
-0.00611677077245
-0.00642037108829
-0.00664184530608
-0.00690383571578
-0.00717451338081
-0.00242274486506
-0.00265636204594
-0.00287093201579
-0.00314200422722
-0.0033904848035
-0.00355083598937
-0.00367766342061
-0.00362314593261
-0.00368301084833
-0.00395859470913
-0.00348731938045
-0.00384767179824
-0.0057944252049
-0.00588611740883
-0.00615022901138
-0.00639567056124
-0.00668059645293
-0.00699254730322
-0.00221678645356
-0.00244300652637
-0.00273156846973
-0.00298824120153
-0.00322543636561
-0.00342707411681
-0.00370015290388
-0.00397239308008
-0.00411794264366
-0.00424554354653
-0.00419053735232
-0.00424866390331
-0.00452128844311
-0.00404589263824
-0.00440104203927
-0.00624948176431
-0.00634324449092
-0.00661447567013
-0.00687275099162
-0.00218525586984
-0.00249961369555
-0.00272090905551
-0.00299741299757
-0.00329891928478
-0.00356406107587
-0.00380478391329
-0.00398495842429
-0.00424605692591
-0.0045239430934
-0.00465967716551
-0.00478270264181
-0.00498209737407
-0.0047836768472
-0.00505345384888
-0.0045740945031
-0.00492423939389
-0.00691022649893
-0.00177415748734
-0.0020524765426
-0.00232161717015
-0.0026563100349
-0.00297296122574
-0.00319629813301
-0.00349097833436
-0.0037948190595
-0.00406843821895
-0.00431262913342
-0.00455255662232
-0.0048046406601
-0.00508483190704
-0.00518119804777
-0.00528834544781
-0.00548728997454
-0.00528726578563
-0.0055543183259
-0.00507116794738
-0.00541652811444
-0.00234044033829
-0.00242338405586
-0.00270874586372
-0.00299089687225
-0.00309588595231
-0.00341470771889
-0.00364032337573
-0.00395298258025
-0.00425904154207
-0.00454113082634
-0.00478872071229
-0.00504808695634
-0.00529088191612
-0.00557327171443
-0.00571122042965
-0.0058021743131
-0.00600053797768
-0.00579898892514
-0.00602312792548
-0.00553637461415
-0.00102235555359
-0.00270099143759
-0.00278563799552
-0.00309916910458
-0.00337303526435
-0.00375820856842
-0.00407906908596
-0.00430687949225
-0.00463760630186
-0.00469088480008
-0.0049814206746
-0.00523233076477
-0.00551129425537
-0.00574453042038
-0.00602900281389
-0.00616797587998
-0.00624248925733
-0.00644044875383
-0.00126418890293
-0.00157357773495
-0.00108342505813
-0.00149307169366
-0.0030289288214
-0.00313507262498
-0.00346380488079
-0.0037223281787
-0.00413291466428
-0.00445567330569
-0.00468558717258
-0.00503444055872
-0.00534455031572
-0.00564349231353
-0.0058976341053
-0.00619632252138
-0.00617022322243
-0.00645129317108
-0.00659122911211
-0.0016555384317
-0.00187335999706
-0.00166902415337
-0.00197612523062
-0.00148279194479
-0.00188842881738
-0.00393130225005
-0.0040744801274
-0.00379536836299
-0.00403823578201
-0.00447429614187
-0.00479880380389
-0.00503072270465
-0.00539773051475
-0.00570965482948
-0.0060169450237
-0.00627422029178
-0.00659272846758
-0.00185352477669
-0.00211784428926
-0.00225867712217
-0.00230262563386
-0.00224513648184
-0.00203955163352
-0.00234453236796
-0.001848251978
-0.00225017470812
-0.00419896286066
-0.0043709182129
-0.00470288095584
-0.00493005610315
-0.00539160787599
-0.00571770740003
-0.00534172949993
-0.0057268871577
-0.00604047402204
-0.00635603662824
-0.0016398637813
-0.00197825185275
-0.0022239908761
-0.0024711985576
-0.0026128579445
-0.00264872083925
-0.00285563341755
-0.00264890406395
-0.00294912165502
-0.00217919911364
-0.00257772085463
-0.00445465221189
-0.00463345846052
-0.00496679439603
-0.00519638714317
-0.0056647589012
-0.00599228558899
-0.00622789192122
-0.00170251101703
-0.00201760040073
-0.00168372161514
-0.00195678056855
-0.00230522266313
-0.00255938583312
-0.00278914092464
-0.00293155237759
-0.00296737451365
-0.00315673419104
-0.002948970616
-0.00324743302063
-0.00274601471548
-0.00313712148358
-0.00467618704784
-0.00486168089587
-0.00519621981583
-0.00543295069811
-0.00590309516727
-0.00130322705493
-0.00154050292867
-0.00196181173538
-0.00228073442953
-0.00261004369388
-0.00290409829732
-0.0032542165403
-0.00351674102455
-0.00307110606419
-0.00325771423508
-0.00324997682686
-0.00342166298172
-0.00321298084803
-0.00350988456295
-0.00300630121674
-0.00339468176769
-0.00582545775025
-0.00602054181419
-0.00150341372071
-0.000705900920532
-0.00117756676735
-0.00150742666065
-0.00174624808476
-0.00218548900668
-0.00251897743195
-0.00284574200964
-0.00315787487832
-0.00350947478042
-0.00378027948854
-0.00398466594838
-0.00416095109174
-0.00415318161268
-0.00430428467172
-0.00344045637022
-0.00373600613407
-0.00426505091607
-0.00361655583054
-0.00114139659623
-0.0013263745996
-0.00166278643809
-0.00191174390045
-0.00238467218706
-0.00271542643462
-0.00295566413996
-0.00237315161608
-0.00272111019497
-0.00304896780442
-0.00337527518761
-0.00372815440695
-0.00400713991312
-0.00422058142912
-0.00439423956648
-0.00437275503287
-0.00449547956965
-0.00428532636046
-0.0045730911061
-0.00509031645363
0.000315663438979
-0.00125854163801
-0.0014496304043
-0.00178670292743
-0.00204246102098
-0.00251638639876
-0.0028478470846
-0.00309959825889
-0.00356401009988
-0.00392631450572
-0.00425507340898
-0.00459544647849
-0.0039098525591
-0.00419690120117
-0.00441932895916
-0.0045934275395
-0.00457187040828
-0.00466883803893
-0.00443853860543
0.000111774608918
-0.000485833835579
0.000166270667886
-0.00273818770174
-0.00153740824775
-0.00187495287258
-0.00213737177595
-0.00261202376794
-0.00294399929599
-0.00321342611075
-0.00367870686898
-0.0040552041913
-0.00438466777446
-0.00473896902867
-0.00509377318534
-0.00538874934638
-0.00562007545091
-0.00579383869673
0.000179552918112
6.0454444881e-05
0.000336167647596
-3.13852416993e-06
-0.000599775131745
3.10515009089e-05
0.0068714992639
0.00525925669069
0.00365278360623
0.00703315427044
0.00533935726168
0.00351047663914
0.00651965054789
0.00683946315038
0.00522337732104
0.00361832844351
0.00699768860213
0.00529895030951
0.00346734646087
0.00647599439827
0.00680603743485
0.00518824855857
0.00358463507181
0.0069629947336
0.00525790465319
0.00342500363869
0.00643313480501
0.00676750433465
0.00515387107279
0.00355170415179
0.0069290733637
0.00521763795308
0.00338344906637
0.00639107269455
0.00672971052856
0.00512024551963
0.00351953632992
0.00689592517651
0.00517815103944
0.00334268362237
0.0063498089775
0.00669265671689
0.00508737254145
0.00348627369329
0.00686106541066
0.00513944472757
0.00330270816974
0.00630934454851
0.00665634358709
0.00505482503508
0.00345031424488
0.00682474732469
0.00510151981779
0.00326352355601
0.00626968028622
0.00662077181372
0.00501885225948
0.00341511678689
0.00678920167387
0.0050643770953
0.00322513061314
0.00623081705314
0.00658583495274
0.00498248238509
0.00338068201069
0.00675442917586
0.00502801733012
0.00318753015741
0.00619275569557
0.00655150824143
0.00494660551653
0.00334701059344
0.00671981772498
0.00499244127704
0.00315072298932
0.00615549704349
0.00651792469857
0.00491148101854
0.00331410319811
0.0066858207377
0.00495764967551
0.00311470989357
0.0061190419105
0.00648508495078
0.00487696640671
0.00328196047333
0.00665259852902
0.00492364324957
0.00307949163887
0.00608339109371
0.00645298961151
0.00484302321543
0.00324515865044
0.0066188957224
0.00489042270778
0.00304506897798
0.00604854537367
0.00641817970641
0.00480983418988
0.00320798711771
0.00658274304301
0.00485798874317
0.00301144264755
0.00601450551427
0.00638098789567
0.0047761648886
0.00317157840982
0.00654736453395
0.00482634203312
0.00297861336806
0.00598127226268
0.00634453861611
0.00474031807904
0.00313593324418
0.00651276091262
0.00479420956894
0.00294658184377
0.00594884634924
0.00630883254827
0.00470522497678
0.00310105232407
0.00647893288161
0.00476095189839
0.0029153487626
0.0059172284874
0.00627387035961
0.00467088625615
0.00306693633852
0.00644588112854
0.00472742919627
0.00288491479612
0.00588641937367
0.00623965270448
0.00463730257776
0.00303306530214
0.00641360632606
0.00469469403077
0.0028552805994
0.00585641968747
0.00620589748136
0.00460447458845
0.00299891141037
0.00637885311314
0.00466274708741
0.00282008453328
0.00582239078115
0.00617055497493
0.00457240292123
0.00296552355491
0.00634250445198
0.00463158903594
0.00277600742643
0.00577776998802
0.00155494633127
0.00286369902325
0.00419908032051
0.00391015003074
0.00525605113003
0.00203735055811
0.00137307262688
0.00150054879981
0.00280752121907
0.00416469595981
0.00387915227732
0.00522384304526
0.00202877314512
0.00133827318648
0.00144704070786
0.00275202458767
0.0041071024267
0.00383948395077
0.00519269061656
0.00199639306956
0.00130461221857
0.00139442351516
0.00269744972273
0.00405046294304
0.00378067096332
0.00514735600864
0.00196511055443
0.00129777893713
0.00134269866029
0.00264379822559
0.00399477929414
0.00372284769262
0.00508728561273
0.00191370494515
0.00126639929085
0.00129186756046
0.00259107167409
0.00394005323952
0.0036660161034
0.00502824236779
0.00185234649066
0.0012084990317
0.00124193161128
0.00253927162239
0.00388628651266
0.00361017813177
0.00497022843844
0.00179205435616
0.00114583246617
0.00119289218666
0.00248839960074
0.00383348082071
0.00355533568491
0.00491324595754
0.00173283092828
0.00108427303909
0.00114475063854
0.00243845711522
0.00378163784427
0.00350149064073
0.00485729702572
0.00167467855831
0.00102382338247
0.00109750829678
0.00238944564761
0.00373075923711
0.00344864484759
0.00480238371109
0.00161759956173
0.000964486088985
0.00105116646894
0.0023413666551
0.00368084662592
0.00339680012402
0.00474850804884
0.00156159621776
0.000906263711488
0.00100572644014
0.00229422157012
0.00363190161006
0.00334595825834
0.0046956720409
0.00150667076896
0.000849158762448
0.00096118947284
0.00224801180012
0.00358392576132
0.00329612100847
0.00464387765556
0.00145282542077
0.000793173713452
0.000917556806713
0.00220273872739
0.00353692062367
0.00324729010155
0.00459312682713
0.00140006234113
0.000738310994702
0.000874829658462
0.00215840370882
0.00349088771303
0.0031994672337
0.0045434214556
0.00134838366001
0.000684572994503
0.000833009221653
0.00211500807575
0.00344582851701
0.00315265406972
0.0044947634063
0.00129779146905
0.000631962058775
0.000792096666557
0.00207255313374
0.0034017444947
0.00310685224281
0.00444715450954
0.0012482878211
0.000580480490561
0.00194212408732
0.00203104016239
0.00335863707645
0.00306206335429
0.00440059656033
0.00119987472989
0.000530130549543
0.00190303071248
0.00199047041515
0.00331650766362
0.00301828897337
0.00435509131798
0.00115255416955
0.000480914451567
0.0018648485888
0.00195084511916
0.00327535762835
0.0029755306368
0.00431064050583
0.0011063280743
0.000432834368174
0.00182757879182
0.00191216547502
0.00323518831338
0.0029337898487
0.00426724581094
0.00106119833802
0.000385892426141
-0.00659616390813
-0.00747323027031
-0.00844950200775
-0.00501749458591
-0.00611383106926
-0.00921540393347
-0.00567024502299
-0.00659179079257
-0.00746871399648
-0.00844483609094
-0.00501267254522
-0.00610884654838
-0.00921025085866
-0.00566491780515
-0.00658658516222
-0.00746333797052
-0.00843928195253
-0.00500693258228
-0.00610291319747
-0.00920411689298
-0.00565857657503
-0.00403170724047
-0.00745710232493
-0.00843283973859
-0.00500027485834
-0.00609603119464
-0.00919700223321
-0.00565122155001
-0.00402483696062
-0.00745000721333
-0.00842550961853
-0.00499269956038
-0.00608820074639
-0.00918890710749
-0.00564285298216
-0.00401713458444
-0.00744205281048
-0.00841729178506
-0.00498420690108
-0.00607942208761
-0.00917983177534
-0.00563347115818
-0.00400860028977
-0.00743323931226
-0.00840818645415
-0.00497479711879
-0.00606969548156
-0.00916977652761
-0.00562307639936
-0.0039992342736
-0.00742356693562
-0.00839819386501
-0.00496447047754
-0.00605902121979
-0.00915874168638
-0.0056116690615
-0.00398903675207
-0.00741303591858
-0.00838731428008
-0.00495322726692
-0.00604739962214
-0.00914672760499
-0.00559924953489
-0.00397800796038
-0.00740164652018
-0.00837554798495
-0.00494106780213
-0.00603483103666
-0.00724318709433
-0.00558581824422
-0.00396614815285
-0.00738939902047
-0.00836289528837
-0.00492799242386
-0.00602131583957
-0.00722921571712
-0.0055713756485
-0.00395345760281
-0.00737629372045
-0.00834935652219
-0.00491400149829
-0.00600685443519
-0.0072142663464
-0.00555592224099
-0.00393993660262
-0.00736233094204
-0.00833493204129
-0.00489909541702
-0.00599144725592
-0.00719833945975
-0.00553945854914
-0.00392558546363
-0.00734751102808
-0.00831962222359
-0.00488327459702
-0.00597509476213
-0.00718143556563
-0.00552198513445
-0.00391040451611
-0.00733183434222
-0.00830342746995
-0.00486653948059
-0.00595779744211
-0.00716355520329
-0.00550350259241
-0.00389439410925
-0.00731530126892
-0.00828634820414
-0.00484889053523
-0.00593955581201
-0.00714469894272
-0.00548401155242
-0.00387755461112
-0.0072979122134
-0.0082683848728
-0.00483032825369
-0.00592037041574
-0.00712486738452
-0.0054635126776
-0.0038598864086
-0.00727966760158
-0.00824953794534
-0.00481085315378
-0.00590024182489
-0.00710406115985
-0.00544200666479
-0.00384138990734
-0.00726056788003
-0.00822980791392
-0.00479046577837
-0.00587917063867
-0.00708228093028
-0.00541949424434
-0.00382206553175
-0.00724061351592
-0.00820919529335
-0.00476916669533
-0.00585715748381
-0.00705952738771
-0.00539597618003
-0.00380191372491
-0.00721980499696
-0.00818770062107
-0.00474695649738
-0.00583420301445
-0.00703580125428
-0.00537145326893
-0.00439811021945
-0.00608997138685
-0.00779540561825
-0.00590826804807
-0.00401376884497
-0.00915394068073
-0.00723074527327
-0.00440452700697
-0.0060994428985
-0.00780534110606
-0.00591832067546
-0.00400446386907
-0.00612176961672
-0.00722063726841
-0.00441240893342
-0.00610854414158
-0.00781455798475
-0.00592764623825
-0.00401389020302
-0.00611101100347
-0.00720978013956
-0.0044197811718
-0.00611693561961
-0.0078230560955
-0.00593624457194
-0.00402258146319
-0.00609951024569
-0.00719817409006
-0.00442645463244
-0.00612461719155
-0.00783083529181
-0.00594411552477
-0.00403053749285
-0.00608731026694
-0.00718581933713
-0.00443242734342
-0.00969072176616
-0.00783789543954
-0.00595125895782
-0.00403775814853
-0.00609460135492
-0.00717271611196
-0.00443769920694
-0.00969698315035
-0.00784423641693
-0.00595767474497
-0.00404424329996
-0.00610114977154
-0.00715886465961
-0.00444227013663
-0.00970253427674
-0.0078498581146
-0.00596336277291
-0.00404999283014
-0.00610695539632
-0.00714426523904
-0.00444635502124
-0.00970737505193
-0.00785476043554
-0.00596832294117
-0.0040550066353
-0.00611201812244
-0.00714883681273
-0.004455910474
-0.00971150539447
-0.00785894329517
-0.00597255516213
-0.00405928462494
-0.00611633785672
-0.00715319385125
-0.00446476536498
-0.00971492523486
-0.00786240662129
-0.00597605936102
-0.00406282672184
-0.00611991451965
-0.00715680140347
-0.00447291954915
-0.0097179261189
-0.00786515035411
-0.00597883547589
-0.00406563286203
-0.00612274804538
-0.00715965940181
-0.00448037289295
-0.0097243049354
-0.00786717444628
-0.0059808834577
-0.00406770299484
-0.00612483838176
-0.00716176779276
-0.00448712527423
-0.00972997335192
-0.00786847886284
-0.00598220327025
-0.0040690370829
-0.00612618549028
-0.00716312653681
-0.00449317658235
-0.00973493127305
-0.00786906358128
-0.00598279489021
-0.00406963510211
-0.00612678934614
-0.0071637356085
-0.00449852671809
-0.00974445464315
-0.00787859531242
-0.00598265830712
-0.00406949704166
-0.00612664993822
-0.00716359499644
-0.00450317559375
-0.00975400209099
-0.0078882631726
-0.00598834334969
-0.00796611660921
-0.00612576726909
-0.00716270470325
-0.00451049415204
-0.00976283935303
-0.00789721190662
-0.00599739673135
-0.00796786124387
-0.00612414135501
-0.00716106474561
-0.00451864256365
-0.00977096628054
-0.00790544136006
-0.00600572243452
-0.00797810014822
-0.00612997726999
-0.00715899292611
-0.00452608988436
-0.00977838273671
-0.00791295139085
-0.00601341101774
-0.00799026067041
-0.00614225571254
-0.00717137662038
-0.00453283599206
-0.00978508859665
-0.00791974186932
-0.00602471484752
-0.00800168611088
-0.00615379196698
-0.00718301178418
