-0.00118971686678
-0.000326649685772
-0.000830642869936
-0.000164995576002
-0.000565063000372
8.69356983521e-06
-3.19604785134e-05
-0.00115722194419
-0.000293972697458
-0.000799723767635
-0.000133905986852
-0.000533854128219
3.9968707447e-05
-6.73116608854e-07
-0.00112389092752
-0.000260455047045
-0.00076795888897
-0.000101966062905
-0.00050179173294
7.20991390333e-05
2.45923211694e-05
-0.00108972460241
-0.000226097533328
-0.000735348999254
-6.91765820973e-05
-0.000468876601386
0.000105084072763
2.19508749462e-05
-0.00105472377315
-0.000190903768036
-0.000701894883198
-3.55383420702e-05
-0.000435109540328
0.000138922696763
2.01744848633e-05
-0.00101888926264
-0.000154868999866
-0.000667597344817
-1.05216007536e-06
-0.000400491376362
0.000173614179216
1.92631952348e-05
-0.000982221912233
-0.00011799687819
-0.00063245720734
3.42811271235e-05
-0.000365022955809
0.000204172391928
1.92170287948e-05
-0.000944722581663
-8.0288277085e-05
-0.000596475313108
7.04606633504e-05
-0.000328705144613
0.000222711808369
2.00359866952e-05
-0.00090639214896
0.0026948727905
-0.000559652523475
0.000107485573119
-0.000291538828235
0.000242111209433
2.17200485051e-05
-0.000867231510333
0.00273425165405
-0.000521989718713
0.000145354961734
-0.000253524911554
0.000262370115141
2.42691722133e-05
-0.00082724158007
0.00277446426378
-0.000483487797899
0.000184067915403
-0.000228419942876
0.000283488024626
2.76832942338e-05
-0.00078642329044
0.00281550967196
-0.00044414767882
0.00312765399573
-0.000206502963311
0.000305464416199
3.19623294136e-05
-0.000744777591578
0.00284743364544
-0.000403970297859
0.00316805126226
-0.000183730337095
0.000328298747412
3.71061710433e-05
-0.00070601834458
0.00287216096192
-0.00036295660989
0.00320456811156
-0.000160102622835
0.000351990455125
4.31146908705e-05
-0.000680599173045
0.00289772990036
-0.000321106656843
0.00322894306424
-0.000135620399596
0.00354958476961
4.99877391156e-05
-0.000654340953861
0.00292413985309
-0.000278423292882
0.00325416823746
-0.000110284266836
-0.000392744595253
5.77251444907e-05
-0.000627247097361
0.00295139019304
-0.000234906596354
-0.000866593678555
-8.40948443297e-05
-0.000372194948863
6.63267142208e-05
-0.00059931823889
0.00297948027386
-0.000203928220355
-0.000839669919375
-5.70527720963e-05
-0.000362761707691
7.57922340676e-05
-0.000570555032701
-0.00118380968582
-0.000176322900378
-0.000811897834664
-2.91587103196e-05
-0.000352467690793
8.61214683565e-05
-0.000540958151878
-0.00115404213914
-0.000147874925029
-0.000783278095857
-4.13339269659e-07
-0.000341313152633
9.73141600058e-05
-0.000510528288255
-0.0011234369057
-0.0001185849732
-0.000753811394143
2.91826407797e-05
-0.000329298368833
0.000109370030558
-0.00376974475099
0.000522916591564
0.00110643759114
0.00165340105964
0.0020218274235
-0.000147629691184
0.00047799483933
-9.0152020687e-05
0.000516516675618
0.00109984587715
0.00164661683538
0.00201485194542
-0.000154792800869
5.00978031301e-05
-9.53953254398e-05
0.000511113365512
0.00109428061398
0.00151078138946
0.00200896262832
-0.000160840558809
4.38969927904e-05
-0.000106501668837
0.000506706840226
0.00108974199719
0.00150611018772
0.00200415970395
-0.000165772714065
3.88400003757e-05
-0.00010981027795
0.000503297245752
0.0010862301863
0.00150249577774
-0.000832933277259
-0.000169589061933
3.49270465284e-05
-0.000112151369301
0.000500884695074
0.00108374530476
0.0014999382941
-0.00083556289182
-0.000172289443984
3.21583020142e-05
-0.000113524869832
0.000499469268147
0.00108228743993
0.00149843783207
-0.000837105674789
-0.000173873748097
3.05338876846e-05
-0.000113930736675
0.000499051011884
0.00108185664307
0.00149799444752
-0.000837561565419
-0.000174341908486
3.00538744508e-05
-0.000113368957164
0.000499629940147
0.00108245292933
0.00149860815696
-0.000836930545756
-0.000580702359913
3.0718283268e-05
-0.000111839548833
0.000501206033748
0.000958524681462
0.00150027893755
-0.00083521264065
-0.000578938220881
3.25270851313e-05
-0.000109342559412
0.00050377924045
0.000961175034951
0.00150300672705
-0.000832407917744
-0.000576058018846
3.54802010813e-05
-0.000105878066825
0.000507349474975
0.000964852300336
0.00150679142387
-0.000828516487464
-0.000572061873392
3.95775022221e-05
-0.000101446179172
0.00051191661902
0.000969556348353
0.00151163288708
-0.000823538502999
-0.000566949950406
4.48188097487e-05
-9.60470347174e-05
0.000517480521274
0.000975287013675
-0.00151188910409
-0.000817474160265
-0.000560722462045
5.12038949865e-05
-8.9680801863e-05
0.000524040997447
0.000982044094943
-0.00150493468808
-0.000810323697872
-0.000553379666695
5.87324794412e-05
-8.23476791262e-05
0.000531597830297
0.0009898273548
-0.00149692416419
-0.00119537467579
-0.00054492186891
6.7404234859e-05
-7.40478951072e-05
0.000419085354224
0.000998636519933
-0.00148785783037
-0.00118605286043
-0.000535349419358
7.72187832987e-05
-6.47817084534e-05
0.000428634117082
0.00100847128112
-0.00147773602369
-0.00117564589688
-0.000524662714739
8.81756972134e-05
-5.45494078194e-05
0.000439178387573
0.00101933129329
-0.00146655912032
-0.00116415419397
-0.000512862197713
0.000100274499544
-4.33513118222e-05
0.000450717817064
0.00103121617557
-0.00145432753542
-0.0011515782029
-0.000499948356798
0.000113514663822
-3.11877689913e-05
0.000463252024207
0.00104412551136
-0.00144104172307
-0.00113791841714
-0.000485921726279
0.000127895614286
-0.00603697523846
-0.00195302513324
-0.00312699726396
-0.00385216357592
-0.00510293689429
-0.000792270524249
-0.00246303310763
-0.00310508946029
-0.00484429406467
-0.000476101545198
-0.00234566929405
-0.00257772127839
-0.0044910490643
8.59786100981e-05
-0.00196165368048
-0.00177026117958
-0.0038365970483
0.000871865827391
-0.00132649073103
-0.000722779888416
-0.00291756973948
-0.00600378580448
-0.00191950284331
-0.00309316965685
-0.00381806084274
-0.00509424713094
-0.000993449312188
-0.00266592410337
-0.00330949018409
-0.00504998705413
-0.000682856029076
-0.00255324322735
-0.00278586369855
-0.00469950736753
-0.000122525515759
-0.0021699469702
-0.00197808468596
-0.00404369705523
0.000665735102049
-0.00153141679219
-0.000926278467156
-0.00311943239874
-0.00594606105553
-0.00186119975719
-0.00303433609748
-0.00375874927833
-0.00526850162141
-0.00116937093264
-0.00284334950714
-0.00348824167739
-0.00522987372982
-0.000863675239752
-0.00273478237843
-0.00296790605112
-0.00488181944837
-0.000304881949814
-0.0023521181556
-0.00215984311121
-0.00422481982595
0.000485463878281
-0.00171062975311
-0.0011042375338
-0.00329595089868
-0.00575239778903
-0.00177816358619
-0.00259524791006
-0.0038628706263
-0.00479616805998
-0.00131988277108
-0.00206423255251
-0.00364118391624
-0.00418666526774
-0.00101839359267
-0.00135729541859
-0.00312367196299
-0.00325099503925
-0.000460920892399
-0.000374750506139
-0.00231536830371
-0.00201700470624
0.000331216254818
0.000837354188477
-0.00125649636849
-0.000549814668981
-0.00564576077636
-0.00167046207032
-0.00261239341732
-0.00398535069046
-0.00491994621482
-0.00144485327918
-0.00219027878698
-0.00376817892385
-0.00431447258038
-0.00114687107853
-0.00148628539554
-0.003253019458
-0.00338053827771
-0.000590495880384
-0.000504192888061
-0.00244451523136
-0.00214569666056
0.000203136539058
0.000710028980795
-0.00138292440304
-0.000868048719115
-0.0056019662406
-0.00175393421764
-0.00270136229773
-0.00408268574915
-0.0050183154594
-0.00154417254125
-0.00229045520315
-0.00386911604028
-0.00441605702964
-0.00124898273626
-0.00158880772297
-0.00335582672658
-0.00348350155617
-0.000693484463782
-0.000607075782404
-0.00254716264737
-0.00224797774425
0.000101337431978
0.000608833385718
-0.00166530113645
-0.00127852112445
-0.00566311199634
-0.00181577630891
-0.00277264628323
-0.00415479313999
-0.00509119047684
-0.00161775275267
-0.00236467543622
-0.00394389381389
-0.00449131538571
-0.00132463596539
-0.0016647658548
-0.00343199641822
-0.0035597870818
-0.000769788777886
-0.000683301624405
-0.00262320992778
-0.00232375952899
-1.91286622638e-05
0.000363356916294
-0.00205329306966
-0.00166476663804
-0.00569978721242
-0.00173540192327
-0.00281892920613
-0.00384631369206
-0.00513850781532
-0.00100925911458
-0.00241286502181
-0.00306152718398
-0.00454018243513
-0.000108718262314
-0.00171408795774
-0.00194862859497
-0.00360932209035
0.00106662107981
-0.000732793163515
-0.000604049274831
-0.00254415240587
0.00218646608585
-1.20180678116e-06
0.000284686350847
-0.00202645718532
-0.00571196255827
-0.00174771614889
-0.00284017240299
-0.00386780278513
-0.00516023081984
-0.00103118808531
-0.0024349840489
-0.00308381386549
-0.00456261267713
-0.000131266466265
-0.00173672724938
-0.00197133109023
-0.00363205546633
0.000959612106624
-0.000947087615033
-0.000860426024892
-0.00279993992304
0.00193158589436
-0.000340717910541
-5.36856572354e-05
-0.00236328015777
-0.00569962828644
-0.00173524118472
-0.00283635810114
-0.00386394897951
-0.00515633118558
-0.00102725062492
-0.00243101245575
-0.00307981216267
-0.00455858519162
-0.000127217795356
-0.00173266221951
-0.00207066884762
-0.00383904400663
0.000729180949283
-0.00117757599866
-0.00109067551975
-0.00302965716438
0.00164938649668
-0.000654888596592
-0.000366789482568
-0.00267493965173
-0.00566279427157
-0.00169799004104
-0.00280749414959
-0.00383474626651
-0.00512681698057
-0.000997450245019
-0.00240095384608
-0.00304952576177
-0.00454341429123
-0.000218418096058
-0.00193124599915
-0.00227384913557
-0.00404279763851
0.000525113361924
-0.00138169452936
-0.00129458139086
-0.00323308923402
0.00136021905495
-0.000943429308345
-0.000654343369294
-0.0029611576751
-0.0056014927649
-0.00163598760549
-0.00263612580022
-0.0037802242944
-0.00471641630473
-0.000941813502445
-0.00172242036161
-0.00313226562791
-0.00378643391116
-0.000393493316893
-0.000842217172994
-0.00245058374319
-0.00268720666959
0.000347603411203
0.000326707156297
-0.00147195002668
-0.00127681354384
-0.00333445715772
0.00128014841518
-0.000916084852568
-0.000520355557394
-0.00550924318617
-0.00154928728242
-0.00255724186261
-0.00370042963518
-0.00468740487347
-0.00101592699479
-0.00186774447292
-0.00327887230917
-0.00393416876737
-0.000542201512639
-0.000991722355737
-0.00260070450961
-0.00283775466417
0.000196821459159
0.000175887240753
-0.00162261146773
-0.00156373801211
-0.00364675857516
0.000942944061022
-0.00127762777638
-0.000905590209411
-0.00539916435135
-0.00143795961119
-0.00252188409518
-0.00376589916658
-0.00480436933945
-0.00113416508449
-0.00198715341658
-0.00339933466756
-0.00405556787587
-0.000664399927898
-0.00111457780927
-0.00272406747543
-0.00296146986637
-0.00462373334319
5.1947842981e-05
-0.00189273730559
-0.00195099479015
-0.00403378044931
0.000556660404345
-0.00166267849771
-0.00128892743995
-0.00526481953925
-0.00139860678246
-0.00261115055496
-0.00385629848972
-0.00489583874133
-0.00122663103751
-0.00208053728963
-0.00349354923183
-0.00415051400445
-0.000759972809723
-0.00121066591251
-0.002820553563
-0.00305823218061
-0.00472064692985
-0.000200811806058
-0.00225424629261
-0.00231275939077
-0.00439532361609
0.000195813099695
-0.00202236368728
-0.00164699772878
-0.00525218245196
-0.00146205514693
-0.00267545534069
-0.00392142077689
-0.00496172861591
-0.0012932461381
-0.0021478149039
-0.00290515373558
-0.0042189179247
-0.00477421705627
-0.00127989418858
-0.00162502761504
-0.00312794717583
-0.00342274234758
-0.000535824409707
-0.000703986017579
-0.00264869464832
-0.00259780312919
-0.000139263140311
0.000129871630703
-0.00197947372185
-0.00528200303741
-0.00149394481983
-0.00271474482335
-0.00384373795785
-0.00500199057727
-0.000958491805941
-0.0021889229938
-0.00294662783276
-0.00426071510328
-0.00481629104769
-0.0013221957469
-0.00166750496643
-0.00334464577761
-0.00373063227516
-0.000844754356999
-0.00101355100741
-0.00295848212701
-0.002907397869
-0.000448252230608
-0.00017810613078
-0.00228604638326
-0.00528908841265
-0.00150799616327
-0.00272898336662
-0.00385816066707
-0.00501658462886
-0.00596614057285
-0.00220382394602
-0.00296166154388
-0.00427586600507
-0.00483154235871
-0.00133752960504
-0.00186568586466
-0.00362491934063
-0.00401222559082
-0.00112730574052
-0.0012966874276
-0.00324182352256
-0.00319056169718
-0.00073085809887
-0.000459780356461
-0.00256642633131
-0.00527177510548
-0.0014973217746
-0.00271816463984
-0.00384720415195
-0.00500549794472
-0.00595493242218
-0.00219250410861
-0.00295024084898
-0.00426435627982
-0.004819956352
-0.0015169933006
-0.00211798906386
-0.00387874116133
-0.00426725043838
-0.00138320398901
-0.00155311904041
-0.00349844201183
-0.00344701829776
-0.000986806018898
-0.000714878961555
-0.00282034512369
-0.00523007685022
-0.00646192558288
-0.00268229490395
-0.0038108778177
-0.00496874026915
-0.00591777225024
-0.00215497385345
-0.00291237639953
-0.00425671002998
-0.00499819683518
-0.000755997782516
-0.00234374633909
-0.00284082370493
-0.00449545736955
9.24291830395e-06
-0.00178259233144
-0.00184212738381
-0.00367651408373
0.00103525591596
-0.000943152285632
-0.000561333124385
-0.00518158624385
-0.00640184593236
-0.00261453098893
-0.00374921281402
-0.0047888761576
-0.00585469339984
-0.00171581042073
-0.00291403087976
-0.00375624049525
-0.00517647277027
-0.000953541671245
-0.00254273890339
-0.00304102731075
-0.00469662051423
-0.000192616949924
-0.0019848777112
-0.00204456185846
-0.00387881939917
0.00083335642166
-0.00114437426456
-0.000761614069554
-0.00162747779431
-0.0015469869901
-0.00128242444001
-0.00147950656631
-0.000853791442888
-0.00116582507379
-0.000610679789606
-0.00160910784012
-0.0015428339245
-0.00127828208552
-0.00147538215661
-0.000849691930977
-0.00116175703388
-0.000664586573837
-0.00158985973578
0.00213794250312
-0.00127326257345
-0.00147038438728
-0.000844724328992
-0.00116488438334
-0.000717663080528
-0.00156973397784
0.00214385428801
-0.00126736603257
-0.0014645133854
-0.000838888761731
-0.00121700974518
-0.000769908048734
-0.00154873108505
0.00215064521528
-0.00126059261408
-0.00145776930024
-0.000832185375766
-0.00126829863791
-0.00082132023477
-0.00152685159837
0.00215831510992
-0.00125294249164
0.00245033839799
-0.000824614339429
-0.00131874982752
-0.000871898412353
-0.00150409608084
0.00216686377433
-0.00124441586134
0.00245882811334
-0.000816175842785
-0.00136836209775
-0.000921641372741
-0.00148046511756
0.00217629098832
-0.00123501294165
0.00246819033137
-0.000806870097611
-0.00141713425031
-0.000970547924874
-0.00145595931556
0.00218659650919
-0.00122473397343
0.00247842481434
-0.000796697337369
-0.000351138113123
-0.00101861689551
-0.00143057930377
0.0021977800717
-0.00121357921985
0.00248953130245
-0.000785657817177
-0.000398226507793
-0.00106584712937
-0.00140432573291
0.00220984138814
-0.00120154896641
-0.000755586299841
-0.000773751813776
-0.000444471298801
-0.00111223748924
-0.00137719927542
0.00222278014838
-0.00118864352086
-0.000742736668823
-0.000760979625498
-0.000489871360918
-0.00115778685614
-0.00135636995635
-0.00127505446792
-0.0011748632132
-0.000729015943975
-0.000805481432161
-0.000534425587526
-0.00120249412946
-0.00134166565575
-0.00126036184011
-0.0011602083956
-0.00071442447293
-0.000849303031973
-0.000578132890741
-0.00124635822703
-0.00132608428344
-0.00124479283316
-0.00114467944237
-0.000698962625178
-0.000892274515603
-0.000620992201547
-0.00128937808532
-0.00130962623984
-0.00122834784658
-0.00112827674992
-0.000682630792021
-0.000934394824875
-0.00066300246992
-0.00133155265952
-0.00129229194764
-0.00121102730204
-0.00111100073671
-0.000665429386525
-0.00097566292087
-0.000704162664953
-0.00137288092366
-0.00127408185177
-0.00119283164341
-0.00109285184318
-0.000647358843466
-0.00101607778405
-0.00074447177498
-0.00141336187077
-0.00125499641927
-0.00117376133662
-0.00107383053172
-0.000628419619274
-0.00105563841437
-0.0007839288077
-0.00145299451296
-0.0012350361393
-0.0011538168697
-0.00105393728657
-0.000608612191981
-0.00109434383143
-0.00082253279029
-0.00149177788157
-0.00121420152306
-0.0011329987526
-0.00103317261382
-0.000587937061154
-0.00113219307455
-0.000860282769526
-0.00152971102724
-0.00420422518308
-0.00414703156174
-0.00414410238557
-0.00419813002033
-0.00569197862703
-0.000793069032042
-0.000800482756347
-0.00426682011324
-0.00421092220938
-0.00420923512757
-0.00426443508644
-0.00100361338874
-0.000861441206592
-0.000890306865834
-0.00432853821211
-0.00427391954366
-0.0042734588526
-0.0043298164023
-0.00107006672126
-0.000928863865856
-0.00097920638981
-0.004389377825
-0.00433602180809
-0.00433677170296
0.000361483875072
-0.00113558068716
-0.000995334871023
-0.00106717854284
-0.00444933731667
-0.00439722726662
0.000274782257073
0.000297955907081
-0.00120015325858
-0.00106085210718
-0.00115422055754
-0.00450841507157
-0.0044575342039
0.000213296643354
-0.00146157370638
-0.00126378243108
-0.00113405028069
-0.0012403296849
-0.00456660949404
6.73491617803e-05
0.000152727348087
-0.00152324067996
-0.00132646622394
-0.00121798439866
-0.00132550319474
-0.000135529069428
8.84432930692e-06
9.30761419277e-05
-0.00158397434612
-0.00138820268043
-0.00130099153858
-0.00140973837605
-0.000191952120609
-4.87569621004e-05
3.43447731558e-05
-0.00164377286245
-0.00144898986812
-0.0013830691186
-0.00149303253735
-0.000247487173728
-0.000105453082017
-2.34650325694e-05
-0.00170263441017
-0.00150882587915
-0.00146421457636
-0.00157538300712
-0.000302132714695
-0.000161242421805
-8.03515724475e-05
-0.00176055719439
-0.00156770883053
-0.00154442536934
-0.00165678713415
-0.000355887250313
-0.000216123394834
-0.000136313166776
-0.00181753944437
-0.00162563686439
-0.0016236989752
-0.00173724228792
-0.000408749308465
-0.000270094436693
-0.000191348159186
-0.00187357941376
-0.00168260814828
-0.00170203289214
-0.00181674585901
-0.000460717438315
-0.000323154005401
-0.000245454916873
-0.00192867538088
-0.00173862087544
-0.00177942463929
-0.00189529525943
-0.000511790210491
-0.000375300581623
-0.00222657573106
-0.00198282564896
-0.00180596130714
-0.00185587175699
-0.00197288792304
-0.00056196621728
-0.000426532668876
-0.00227882121631
-0.00203602854639
-0.00188020568171
-0.00193137180724
-0.00204952130591
-0.000611244072809
-0.00047684879373
-0.00233013371213
-0.00208828242697
-0.00195351432067
-0.00200592237396
-0.0021251928867
-0.000659622413232
-0.000526247506019
-0.00238051168226
-0.00213958567013
-0.00202588494297
-0.0020795210634
-0.00219990016704
-0.000707099896913
-0.000574727379037
-0.00242995361514
-0.00218993668122
-0.00209731528946
-0.00215216550448
-0.00227364067189
-0.0007536752046
-0.000622287009738
-0.00247845802414
-0.00223933389171
-0.00216780312323
-0.00222385334914
-0.00234641194996
-0.000799347039608
-0.000668925018931
-0.00252602344773
-0.00228777575941
-0.00223734622993
-0.00229458227265
-0.00241821157399
0.000473432837314
-0.000126403590911
0.00247893995344
0.000621048221139
-0.000200872014255
0.00202288236594
0.000904400439316
0.000425770078983
-0.00017505973355
0.00242933049077
0.00056040319471
0.00290214812532
0.00196608527585
0.00084660555605
0.000379000892065
0.00302693278596
0.00238064914438
0.000500691997526
0.00284127227485
0.00191026278666
0.000789801121809
0.000333126554177
0.00298010045727
0.00112832845937
0.000441916440357
0.00278134880012
0.00185541673262
-0.00321280326742
0.00028814832086
0.00293418204897
0.00108150763443
0.000384078310178
0.00272237959188
-0.00212705654669
-0.00326762104155
0.000244067425409
0.00288917887204
0.00103561916532
0.000327179369903
-0.00123414698773
-0.00217994433836
-0.00332144266256
0.000200885078713
0.00284509221379
0.000990664415561
0.000271221358139
-0.00129120209192
-0.00223185035883
-0.00337426628757
0.00015860246909
0.00280192333763
0.000946644723505
-0.00351496281762
-0.00134729740981
-0.00228277288596
-0.000534259934803
0.000117220762132
0.00275967348292
-0.00278462897905
-0.000564047062247
-0.0014024311532
-0.00233271022628
-0.0005850821585
0.00327818200856
0.0027183438648
-0.00283665605131
-0.00061717210372
-0.00145660156021
-0.0023849943411
-0.000634901037259
0.00323860551201
-0.0010068281226
-0.0028877538778
-0.000669349510376
-0.00150980689555
-0.00243916094054
-0.000683714848972
-0.000430308102171
-0.00104631371984
-0.00293792094136
-0.000720577668896
-0.00156204545079
-0.00249234442685
-0.00114612622357
-0.000468075002551
-0.00248419240705
-0.00298715574923
-0.00077085499175
-0.0016133155446
-0.00254454302786
-0.00119292485883
-0.000504935518618
-0.00252182941771
-0.0030354568333
-0.000820179917427
-0.00166361552306
-0.00259575500003
-0.00123871344735
-0.00054088862434
-0.00255854048526
-0.0030828227503
-0.000868550910673
-0.00171294375984
0.000232685432613
-0.00128349039237
-0.000575933317453
-0.00259432454335
-0.000161351485453
-0.000915966462718
-0.00176129865655
0.000183451832554
-0.00132725412917
-0.000610068619593
-0.002629180551
-0.000206842838923
-0.000962425091505
-0.00180867864288
0.000135209917051
-0.00137000312528
-0.000643293576434
-0.00266310749273
-0.00025139484665
-0.00100792534191
-0.00185508217694
8.79613121687e-05
-0.00141173588081
-0.000675607257818
-0.00269610437868
-0.000295006166799
-0.00105246578597
-0.00190050774544
4.17076139365e-05
-0.00145245092867
-0.000707008757883
-0.00272817024481
-0.000337675483386
-0.0010960450231
-0.00194495386398
-3.54961190843e-06
-0.00149214683479
-0.000737497195188
-0.00275930415296
-0.000379401506479
-0.00113866168028
-0.00198841907723
-0.000742229950168
-0.00153082219845
-0.00147636894183
-0.0013533836547
-0.00163080741392
-0.00161890682183
-0.00190002577044
-0.00163547628515
-0.00202601545094
-0.00151438432038
-0.00139156579978
-0.00166909163337
-0.00165722684418
-0.00438376761152
-0.00167366790588
-0.00206404486008
-0.00155155204245
-0.00142889668798
-0.00170652239298
-0.00169469263413
-0.00442120304314
-0.0017110080652
-0.00210122630978
-0.00158787120302
-0.00146537540243
-0.00174309876858
-0.00173130326494
-0.00445778398735
-0.00174749584558
-0.00213755889401
-0.00162334091648
-0.00441469214938
-0.00177881985578
-0.00176705782971
-0.00449350953946
-0.00178313034912
-0.00217304172619
-0.00165796031673
-0.00444946384444
-0.00181368477015
-0.00180195544152
-0.00452837881467
-0.00181791069772
-0.00220767393927
-0.00169172855731
-0.00448338073349
-0.0044242626738
0.00137402594936
-0.00143831221253
0.00134674943983
0.000931310800088
0.00146188189682
-0.00139865805251
-0.00132960678064
0.00134084482383
-0.00147146635982
0.00131367995577
0.000898382347642
0.00142981843597
-0.00143086283681
-0.00136189807047
0.00130852319114
-0.00150376169646
0.00128146714123
0.000866306997135
0.00139860855541
-0.00146221036262
-0.00139332985088
0.0012770618573
-0.00153519741839
0.00125011179414
0.000835085536418
0.00136825302211
-0.00149269985285
-0.00142390133857
0.00124646160782
-0.00156577274202
0.00121961469218
0.0008047187333
0.00133875258292
-0.00152233055079
-0.00145361177075
0.00121672320763
-0.00159548690427
0.00118997659262
0.000775207335457
0.00131010796448
-0.00155110172021
-0.00148246040524
0.00118784740098
-0.00162433916269
0.00116119823224
0.000746552070338
-0.00112067490858
-0.00157901264539
-0.00151044652059
0.00115983491135
-0.00165232879555
0.00113328032728
-0.00154430991982
-0.00114760578684
-0.00160606263128
-0.00153756941614
0.00113268644138
-0.00167945510193
0.00110622357333
-0.00157125081848
-0.0011736787865
-0.00163225100355
-0.00156382841212
0.00110640267274
-0.00170571740181
0.0010800286452
-0.0015973335243
-0.0011988932626
-0.00165757710868
-0.00158922284973
-0.00168665869385
-0.00173111503615
-0.00206843910901
-0.00162255739159
-0.00122324859079
-0.00168204031402
-0.00161375209123
-0.00171121109895
-0.00175564736694
-0.00209290844433
-0.0016469217953
-0.00124674416743
-0.00170564000791
-0.00163741552001
-0.00173489688416
-0.00177931377736
-0.00211651405457
-0.00167042613112
-0.00126937940964
-0.00172837559972
-0.00166021254065
-0.0017577154524
-0.00180211367178
-0.00213925534865
-0.00169306981552
-0.00444123688002
-0.00175024651995
-0.00168214257904
-0.00177966622791
-0.00182404647585
-0.00216113175665
-0.00171485228584
