0.00300382432334
0.00645465650177
0.00500618346262
0.003545701111
0.00260392779805
0.00620379743016
0.00455746535318
0.00308880376746
0.00158928950495
0.00509349465441
0.00422251374094
0.002691607603
0.00629092238933
0.00464560850918
0.00317448931155
0.00167608523119
0.00518152662226
0.00431173430892
0.00278002591633
0.00637879591855
0.00473450732236
0.00326087940847
0.00176359296509
0.00527027770192
0.00440168128496
0.00286918098189
0.00646741622673
0.0048241599423
0.00334797250299
0.00185181109404
0.00594816327394
0.00449235293488
0.00295907103454
0.00655678151333
0.00491456450897
0.00343576703179
0.00194073799727
0.00603834755093
0.00458374751611
0.00304969430027
0.00664688996855
0.00500571915297
0.0035242614237
0.00259311626112
0.00612924589705
0.00467586327782
0.0031410489964
0.00673773977346
0.00509762199564
0.00361345409974
0.0026834558186
0.00622085661522
0.0047686984611
0.00323313333169
0.00186201118372
0.00519027114923
0.00370334347329
0.00277449924036
0.00631317800049
0.00486225129909
0.00332594550651
0.00195433819554
0.00528366471711
0.0043566721653
0.00286624487427
0.0064062083402
0.00495652001709
0.00341948371299
0.00204740104714
0.0053778007939
0.00444795014395
0.00295869106069
0.00649994591409
0.00505150283275
0.00351374613519
0.0021411978847
0.00547267746563
0.00453992001551
0.00305183613258
0.00659438899446
0.00514719795621
0.00360873094919
0.00223572684609
0.00556829280996
0.00463258016394
0.00314567841563
0.00668953584626
0.00524360359022
0.00370443632331
0.00233098606098
0.00604027802425
0.00472592896618
0.00324021622844
0.0067853847273
0.00534071793029
0.00380086041824
0.00242697365107
0.00613736491386
0.00481996479223
0.00333544788259
0.00190481193913
0.00543853916485
0.00389800138716
0.00252368773018
0.00623518466017
0.00491468600531
0.00343137168276
0.00200205962397
0.00553706547535
0.00399585737593
0.00298083391641
0.00633373530886
0.00500844312793
0.00352798592695
0.00210000406969
0.00563629503648
0.00409442652321
0.00307899528444
0.006433014898
0.00510229018062
0.00362528890648
0.00219864350672
0.00573622601622
0.00455341447259
0.00317787743743
0.00653302145825
0.00519682128997
0.00372327890623
0.00229797615897
0.00583685657605
0.00465340432488
0.00327747845937
0.00663375301302
0.00529203482288
0.0038219542047
0.00239800024398
0.00629835897563
0.00475410171003
0.0033777964272
0.00673520757863
0.00538792913969
0.00392131307417
0.00249871397307
0.00640038315467
0.00485550473943
0.0034788294109
0.00187006431668
0.00490686446524
0.00158070415669
0.00203356202946
0.00361164390182
0.00526454558383
0.000544617160616
0.00220254536895
0.00500600405861
0.0016834195318
0.00213219456754
0.00371394247151
0.00537065897855
0.000654679699217
0.00228471125083
0.00510598188996
0.00178699546115
0.00223172840679
0.00381716714738
0.00547772328268
0.000765717700416
0.00236796029887
0.00520679533336
0.00205983452496
0.00233216052881
0.00392131459409
0.00558573481257
0.000866908253359
0.00245228899721
0.00530844175205
0.00216294017297
0.0024334879016
0.00402638146271
0.0056946898712
0.000949105883621
0.00253769379985
0.0054109184987
0.00226155403049
0.00253570747992
0.00413236439114
0.00583005735248
0.00103234260313
0.00262417113139
0.00551422291567
0.00236103358289
0.00263881620574
0.00423926000453
0.00594088832677
0.00111661517647
0.00271171738763
0.00561835233536
0.00246137604707
0.00274281100852
0.00434706491579
0.00605265166384
0.0012019203416
0.00280032893624
0.00589170955367
0.00256257862785
0.00284768880568
0.00445577572591
0.00142713198659
0.00128825481047
0.00289000211745
0.00599748093736
0.00266463851829
0.00295344650291
0.00456538902449
0.00151920386161
0.00137561526954
0.00298073324469
0.00609860043058
0.00276755290004
0.00306008099457
0.0046999025042
0.00160430745032
0.00146399838037
0.00307251860523
0.00132306391088
0.00287131894365
0.00316758916404
0.0048113105049
0.00169039941951
0.00155340078014
0.00316535446087
0.0014240778508
0.00297593380889
0.00327596788411
0.00492361069852
0.00177747672361
0.00164381908225
0.00325923704857
0.00152591638738
0.00308139464505
0.00338521401734
0.00503679963316
0.00186553629487
0.00173524987685
0.00335416258113
0.00162857692005
0.00318769859129
0.0034953244164
0.00514776433976
0.0019545750439
0.0018276897314
0.00345012724784
0.00173205683827
0.00329484277695
0.00360629592447
0.00523448578019
0.0020445898601
0.00192113519124
0.00354712721508
0.00183635352186
0.00340282432181
0.00374080587423
0.00532215133061
0.00213557761216
0.00201558278015
0.00364515862706
0.00194146434124
0.00351164033649
0.00385349009358
0.00541075815174
0.0022275351485
0.00211102900088
0.00374421760639
0.00204738665771
0.00362128792267
0.00396702589796
0.00550030338539
0.0023204592978
0.0022074703357
0.00384430025476
0.00215411782374
0.00373176417349
0.00408141009606
0.00559078415482
0.0024143468694
0.00230490324699
0.00394540265357
0.0022616551832
0.00384306617376
0.00418337940043
0.00568219756518
0.00250919465383
0.00240332417776
0.00404752086458
-0.00379636026865
-0.00425683612214
-0.00374426433191
-0.00346519334254
-0.003611379548
-0.00350048450763
-0.00358283690951
-0.0036371808148
-0.00371886356302
-0.00380823149973
-0.00388720520353
-0.00397611888028
-0.00405959935269
-0.00413712298653
-0.00421013764564
-0.00429598897551
-0.00436590330325
-0.00444455808238
-0.00444390185341
-0.00438651718229
-0.00418376755654
-0.00429712808713
-0.00477594896283
-0.00429373352614
-0.00402150114431
-0.00422739257876
-0.00410805339911
-0.00419101144982
-0.00425110400597
-0.00431835859695
-0.00441194797285
-0.00448931576494
-0.00458519811383
-0.00466902899044
-0.00475229469978
-0.0048385447006
-0.00486377317788
-0.00492224043869
-0.00499843243508
-0.00503547448469
-0.0049016166464
-0.00470352963955
-0.00477694846599
-0.00529403031405
-0.00481604473446
-0.00515472046506
-0.00482915688043
-0.00471251930663
-0.00480351775965
-0.00486454234792
-0.0049466173647
-0.00502746795316
-0.00510817859275
-0.00519528234247
-0.00527786377241
-0.00534622041503
-0.00544202225145
-0.00546312558173
-0.00548757818212
-0.00556099074442
-0.00556032394631
-0.00542541926879
-0.00519476523438
-0.00529008837932
-0.00580793026182
-0.00538381786463
-0.0057350608173
-0.00543016169077
-0.00553886089162
-0.00541613362557
-0.00546836932906
-0.00555790022894
-0.00564184631588
-0.00572408547762
-0.00580669475162
-0.00588010619121
-0.00595532288856
-0.00602502151638
-0.00603918112038
-0.00607425801889
-0.00605613837143
-0.00605546660713
-0.00591955923621
-0.00592417260137
-0.00578472369912
-0.00631679363288
-0.00594113273921
-0.0063171998763
-0.00602665757705
-0.00613633031566
-0.00602898534532
-0.00610927965201
-0.0061594345467
-0.00624978613775
-0.00632192965645
-0.00641418963833
-0.00646450578883
-0.0065426109424
-0.00662172846745
-0.00662383288402
-0.00659367788009
-0.00654288300758
-0.00652023404494
-0.00662074362192
-0.00638609773101
-0.00744104617457
-0.00685959209166
-0.00650280751545
-0.00688296396036
-0.00659450914945
-0.0067056067043
-0.0066323829204
-0.00671340281973
-0.00677866939134
-0.006856769447
-0.00694367832185
-0.00699296451594
-0.00703901816451
-0.00713846596662
-0.002153895812
-0.00214374568038
-0.00208564025023
-0.00203446607085
-0.0022116561305
-0.00207389067017
-0.00184022174496
-0.00793439542453
-0.00738887338734
-0.00790486948467
-0.00741941475203
-0.00713297258901
-0.00729461933741
-0.0072407335768
-0.00233292479398
-0.00238065444978
-0.00244732140562
-0.00253878130656
-0.00254225646053
-0.00262813365427
-0.00266953101361
-0.00265289689978
-0.00263030513366
-0.00254385700045
-0.0027471955218
-0.00261639888553
-0.00247514874499
-0.00223980375905
-0.0036301248985
-0.00300693339701
-0.00352685078865
-0.00298231886184
-0.00326032664231
-0.00295327717641
-0.00286459426419
-0.002940767079
-0.0029592463015
-0.0030298127283
-0.003104431971
-0.00312477028264
-0.00314646868981
-0.00316716899663
-0.00312082858545
-0.00308562183051
-0.00322534501711
-0.00317347013448
-0.00302383511348
-0.00284423633538
-0.00317680544809
-0.0040946557676
-0.00347605788438
-0.00399971267794
-0.0034652025709
-0.00387205897039
-0.00356755335802
-0.00369710414114
-0.0035192239409
-0.00353021129139
-0.00358240381806
-0.0036803539267
-0.00366002188341
-0.00363379274353
-0.00363346696045
-0.00382819762418
-0.00377186044131
-0.00364555326785
-0.00356753427803
-0.00339890124909
-0.0037903986478
-0.00351173428189
-0.00452835994563
-0.00391411008962
-0.00445190835822
-0.00404387512687
-0.00445442112572
-0.00415237543927
-0.00428311988769
-0.00406749182519
-0.00414848934663
-0.00414481414635
-0.00418477803192
-0.00416428416158
-0.0040893912897
-0.00432260737623
-0.00426205376203
-0.00417538250951
-0.00403568907265
-0.00392879172277
-0.00435082516103
-0.00412936988129
-0.00382864241627
-0.00498801137187
-0.0056683537999
-0.00497163654064
-0.00459249609105
-0.00500659520874
-0.00470692760366
-0.00483882445306
-0.00464308567678
-0.00466611255266
-0.00463527731057
-0.00465745971164
-0.00463681184255
-0.00476744952556
-0.00472418223931
-0.00466324345064
-0.0045458969557
-0.00439272938337
-0.00486647938026
-0.00467239175336
-0.00443695965451
-0.00412212992945
-0.00543807309173
-0.00612317112299
-0.00548494036631
-0.00604099460533
-0.00552778874698
-0.00523040441512
-0.00540375559211
-0.00516757654863
-0.00515197279523
-0.00509355372896
-0.00509767810718
-0.00533175790639
-0.00516710111432
-0.00509243660762
-0.00503114027391
-0.00549277740329
-0.00532590871182
-0.0051604852988
-0.00496549818241
-0.00471070093901
-0.00534753795226
-0.00585647194649
-0.00656249820665
-0.00596684690957
-0.00652717263904
-0.00601722433223
-0.00576236684338
-0.0058964266767
-0.00566015925735
-0.00560532291289
-0.00551892991527
-0.00575961530272
-0.00573868552014
-0.00557295188185
-0.00542678025732
-0.00597495214582
-0.00580637459703
-0.00561511403674
-0.00542013145518
-0.00522434302006
-0.00591588316511
-0.00557299867705
-0.00625586640842
-0.00704872575685
-0.00643447313509
-0.0069810091651
-0.00651415769672
-0.00679459934205
-0.00635641767845
-0.0061200664663
-0.00628298198723
-0.00616559780788
-0.00613286831762
-0.00611181188683
-0.00594507841348
-0.00635470657817
-0.00627453963368
-0.00115678579398
-0.000955889314778
-0.000716341062444
-0.00155939652237
-0.0012658272974
-0.000909041071987
-0.00670449599073
-0.00750299848673
-0.00689354929119
-0.00745873304687
-0.00693784412116
-0.00722022888686
-0.00678298942971
-0.00702555255362
-0.00173191690537
-0.00157735420998
-0.00149521920393
-0.00147404647252
-0.00196401481068
-0.00171297073871
-0.00161054874149
-0.00140326425716
-0.00119916211368
-0.00194558294317
-0.00174850137789
-0.00143559239841
-0.00106872136411
-0.00871935701414
-0.00319715850758
-0.00249885926701
-0.00302821971191
-0.00241311348311
-0.00268026646037
-0.00247287488794
-0.00246144499281
-0.00212090675443
-0.00199691459591
-0.00179904194543
-0.0024353837384
-0.0022669002884
-0.00196463511084
-0.00183983020791
-0.00267132042717
-0.00244667178231
-0.00211770507584
-0.00190223281632
-0.0015700605338
-0.00260581378732
-0.00448726812428
-0.00358546667525
-0.00425847802505
-0.00342415277881
-0.00281156937343
-0.00332496445227
-0.00283053041866
-0.0028190326995
-0.00247512580531
-0.00235040768382
-0.00274112977014
-0.00270358550641
-0.00253436056911
-0.00221850806336
-0.00307288083676
-0.00286417484533
-0.00261897606694
-0.0022719519402
-0.002020329795
-0.00308302411697
-0.00270418294252
-0.00483706212305
-0.00393983337187
-0.00461674229043
-0.00378556393382
-0.00444381567361
-0.00369017474848
-0.00316878413844
-0.00314121216635
-0.00345125368504
-0.00332587482302
-0.00302067083669
-0.00293579966972
-0.00276592745428
-0.00348841963643
-0.00323027538365
-0.00302103521359
-0.00275531967754
-0.00240753374214
-0.0035059935025
-0.00316483774488
-0.00276706725055
-0.00515272957157
-0.00425967230784
-0.00520170947478
-0.00437892951006
-0.00477221383163
-0.00401991297787
-0.0041146127684
-0.00409762029725
-0.00373413438679
-0.00360816340792
-0.00330167323378
-0.00313161077351
-0.0040007320845
-0.00368266340701
-0.00335127825052
-0.00314162555127
-0.00425886753389
-0.00391051992196
-0.00355227519941
-0.00321086765336
-0.00279436066288
-0.00543374989729
-0.00480601393434
-0.00548967861383
-0.00466948296017
-0.00506468324042
-0.00431358834718
-0.00505729431708
-0.00439148604145
-0.00421997091619
-0.0038540588936
-0.00354643849736
-0.00433020670027
-0.00415933572276
-0.00384043562085
-0.00343567315655
-0.0046291352397
-0.00432263614029
-0.00397392992776
-0.00356249824367
-0.00322103503074
-0.00453064683547
-0.00593461983721
-0.00675918829986
-0.00574171361908
-0.0049238003169
-0.00532069304677
-0.00521920077335
-0.00531478393547
-0.004648729485
-0.00444008885793
-0.00510215178922
-0.00482459628453
-0.00445220905587
-0.0042809919889
-0.00396145120246
-0.00489932027619
-0.0046766070284
-0.00434991594009
-0.00400105609557
-0.00353664490784
-0.00493995225264
-0.00448668025729
0.00263981558411
0.00106420407869
-0.000457921690758
0.00216753243767
0.000528242473995
-0.000812377633789
0.0045485272505
0.00259637769773
0.00102015450797
-0.000502436754342
0.0021244181446
0.00048452711746
0.00188291685518
0.00450376141116
0.002553716668
0.000976892267764
-0.000546153991684
0.00208211389733
0.000441632626999
0.00183947949145
0.0044598353012
0.00251183337185
0.00093441827203
-0.000589072453963
0.00204062064105
0.00313912264034
0.00179687395007
0.000242700033366
0.00247072867146
0.000892733419462
-0.000631191208231
0.00199993930422
0.00309787281887
0.00175510123513
0.00020045653294
0.00243040341426
0.000851838593384
-0.000672509337507
0.00196007079854
0.00305744676552
0.00171416233268
0.00015905587554
0.00239085843278
0.00081173466166
-0.000713025940882
0.00466319616631
0.00301784541269
0.00167405821058
0.000118499061726
0.00235209454461
0.000772422476604
-0.000752740133609
0.00462299733479
0.00297906967512
0.00163478981844
7.87870732041e-05
0.0023141125523
0.000733902874894
0.00184665914682
0.00458361259062
0.00294112044979
0.00159635808744
3.99208727024e-05
0.00227691324325
0.000696176677482
0.0018085523645
0.0045450428201
0.00290399861579
0.00155876393028
1.90140386415e-06
0.0022404973897
0.00329755488353
0.00177125054916
0.000243138146242
0.00286770503431
0.00152200824105
-3.52704088674e-05
0.00220486574859
0.00326141789424
0.00173475451996
0.000206200913377
0.00283224054842
0.00148609189513
-7.15936603582e-05
0.0021700190615
0.00322607667692
0.00169906507944
0.000170081210055
0.00279760598307
0.00145101574908
-0.000107067464891
0.0047742682486
0.00319153198877
0.00166418301345
0.000134779853618
0.00276380214496
0.00141678064057
-0.000141690956273
0.00474099363251
0.00315778457087
0.00163010909104
0.000100297643944
0.00273082982243
0.00138338738822
-0.000175463287935
0.00470850610231
0.00312483514808
0.00159684406437
6.66353633541e-05
0.00269868978543
0.00135083679159
-0.000208383633041
0.00467680633741
0.00309268442897
0.00156438866868
3.37937765313e-05
0.00266738278534
0.001319129631
0.00231729681277
0.00464589500152
0.00306133310574
0.00153274362214
1.77363043076e-06
0.00263690955496
0.0012882666675
0.00228608284188
0.000290343764924
0.00303078185414
0.00150190962583
-2.94243458022e-05
0.00260727080841
0.00125824864275
0.00225572321872
0.000261011214896
0.00300103133344
0.00147188736363
-5.97994409141e-05
0.00257846724102
0.00379624646677
0.00222621869023
0.000232468989956
0.00297208218628
0.00144267750215
-8.93509616228e-05
0.00255049952927
0.00376792046652
0.00219756998316
0.00140179555672
0.000547283773254
0.000896824215888
-0.00245646318533
-0.000812906636406
-0.000399963007
-2.99335141797e-05
0.00134530539355
0.000488559832119
0.000835736411865
-0.00252004746088
-0.000879119789475
-0.000468933345905
-0.000101779877476
0.00128975565312
0.000430810674118
0.0007756593935
0.000292593844279
-0.000944245433686
-0.000536775702163
-0.000172456668812
0.00123514803423
0.000374038202446
0.00071659529676
0.000231108751426
-0.00100828086797
-0.000603487035252
-0.000241960466237
0.00118148421086
0.00161829423866
0.000658546227471
0.000170676817789
-0.00107122342776
-0.000669064344673
0.00269060853249
0.0011287658319
0.00156348073952
0.000601514260961
0.000111300377268
-0.00113307048547
-0.000733504670583
0.00262346081294
0.00107699452096
0.001509649471
0.000545501441707
5.29817297199e-05
-0.00119381945105
-0.000796805094411
0.00255749608755
0.00102617187609
0.0014568022251
0.0033656869727
-4.27685946097e-06
-0.00125346777249
-0.000858962739482
0.0024927175987
0.000976299469547
0.00140494076535
0.00331171845626
-6.04731597605e-05
-0.0013120129363
-0.000919974771627
-0.00110351581926
0.000927378847584
0.00135406682645
0.00325877503196
-0.000115604975958
-0.00136945246805
0.00188625746349
-0.00116591229572
0.000879411530202
0.00130418211402
0.00320685861743
-0.000169670148532
-0.00142578393281
0.00182754498665
-0.00122711309206
0.000832399010924
0.00125528830437
-0.000758923438382
-0.000222666554067
-0.0014810049357
0.00176998636415
-0.00128711515738
0.000786342756574
0.00120738704414
-0.000808780210988
-0.00027459210565
-0.00153511312234
0.00171358425412
-0.00134591549042
0.000741244207057
0.00395074194145
-0.000857604417524
-0.00032544475326
-0.00158810617933
0.00165834126921
-0.00140351114034
0.000697104775136
0.00390483060027
-0.000905394272507
-0.000375222484164
-0.00163998183474
0.001604259976
-0.00145989920735
0.000653925846222
0.00385991656814
-0.000952148024293
-0.000423923323293
0.00104252439724
0.00155134289444
-0.00151507684345
0.00061170877816
0.00381600137062
-0.000997863955384
-0.00047154533362
0.000992890192654
0.00149959249732
-0.00156904125311
0.000570454901026
0.00377308650234
-0.00104254038273
-0.000518086616536
0.000944379952094
0.00144901120965
-0.00162178969391
0.00319531549621
0.00373117342676
-0.00108617565805
-0.000563545312207
0.000896995777069
0.00139960140818
-0.00167331947725
0.00315599187905
0.00369026357596
-0.00112876816808
-0.000607919599943
0.000850739725369
0.00135136542083
-0.00172362796899
0.00311763527438
0.00365035835035
-0.00117031633492
0.00201195483838
0.00080561381063
0.00130430552618
-0.00177271259007
-0.00439881246329
-0.00511325808877
-0.00631568001357
-0.00295587019328
-0.00580456413355
-0.00705063250774
-0.00360100556737
-0.00401149889628
-0.00510276145621
-0.00630484468752
-0.00294468384296
-0.0057930152826
-0.00703871098131
-0.00358870303699
-0.00400047942814
-0.00509138900258
-0.00629310536242
-0.00293256429798
-0.00578050309594
-0.00702579514205
-0.00357537453515
-0.00398861152186
-0.00507914101899
-0.00628046235843
-0.0027455809005
-0.00576702796112
-0.00701188541621
-0.00356102053022
-0.00397589546254
-0.00506601781881
-0.00626691602018
-0.00462162580806
-0.00575259029532
-0.00699698226257
-0.00354564152628
-0.00396233155554
-0.00505201973763
-0.00625246671674
-0.00460670890016
-0.00573719054522
-0.00698108617235
-0.00349924575086
-0.00394792012642
-0.00503714713322
-0.00623711484156
-0.00459086036787
-0.00572082918697
-0.00696419766916
-0.0034818184036
-0.00393266152087
-0.0050214003855
-0.00622086081241
-0.00457408067074
-0.00570350672612
-0.00694631730889
-0.00346336778298
-0.00391655610474
-0.00500477989648
-0.00604045167458
-0.00455637029501
-0.00568522369753
-0.00692744567962
-0.00344389453503
-0.00389960426391
-0.0049872860902
-0.00602239468781
-0.00453772975352
-0.00566598066527
-0.00690758340154
-0.00342339934098
-0.00388180640433
-0.00496891941268
-0.00600343694577
-0.00451815958563
-0.00564577822256
-0.00688673112681
-0.00340188291714
-0.0038631629519
-0.00494968033189
-0.00598357896293
-0.00449766035716
-0.00562461699168
-0.00683682413373
-0.00337934601482
-0.00384367435246
-0.00492956933764
-0.00596282127777
-0.0044762326603
-0.00560249762386
-0.00681399394971
-0.00335578942017
-0.00382334107172
-0.00490858694159
-0.00594116445272
-0.00445387711351
-0.00557942079919
-0.00679017591649
-0.00333121395402
-0.00380216359522
-0.00472652477383
-0.00591860907407
-0.00443059436147
-0.0055553872265
-0.00676537081311
-0.00481881662723
-0.00378014242826
-0.00470380119594
-0.0058951557519
-0.00440638507493
-0.00553039764327
-0.00673957945004
-0.00479220601877
-0.00375727809583
-0.00468020788131
-0.00787928048323
-0.00438124995068
-0.0054768605216
-0.00671280266904
-0.00476457920816
-0.00373357114258
-0.00465574542813
-0.00785403319894
-0.00435518971139
-0.00544996124375
-0.006685041343
-0.00473593715361
-0.00370902213273
-0.00463041445604
-0.00782788994322
-0.00432820510556
-0.00542210833854
-0.00665629637584
-0.00470628084724
-0.00799098272511
-0.00460421560608
-0.00780085142042
-0.00430029690737
-0.00539330265685
-0.00662656870232
-0.00467561131498
-0.00796475137267
-0.00457714954055
-0.00777291835824
-0.00427146591659
-0.00536354507764
-0.00659585928792
-0.00464392961633
-0.00284221489566
-0.00806745763171
-0.0062950008113
-0.00379453418124
-0.00606455105453
-0.0071146344634
-0.00477135303585
-0.00282501153593
-0.00805003713414
-0.00556067315438
-0.00377775159683
-0.00604760239952
-0.00709928241869
-0.00475587861839
-0.00280708928092
-0.0080318887324
-0.00554231310816
-0.00376022443195
-0.00602990184623
-0.00708317134299
-0.00473963915421
-0.00278844844035
-0.00801301274807
-0.00552321706165
-0.00374195301148
-0.00601144972925
-0.00706630154648
-0.00472263496093
-0.00276908933616
-0.00799340951538
-0.00550338536089
-0.00372293767386
-0.00599224639714
-0.00651678851213
-0.00470486637095
-0.00274901230251
-0.00797307938125
-0.00548281836504
-0.00370317877114
-0.00597229221246
-0.00649840226217
-0.00468633373141
-0.00272821768571
-0.00795202270524
-0.00546151644631
-0.00368267666885
-0.00595158755167
-0.00647925830833
-0.00466703740414
-0.00270670584424
-0.00723106620039
-0.00543947998995
-0.00366143174606
-0.00593013280513
-0.00645935701829
-0.00464697776566
-0.00268447714867
-0.00720855756959
-0.00541670939423
-0.00363944439528
-0.00590792837705
-0.00643869877402
-0.00462615520708
-0.00605356991721
-0.007185323551
-0.00539320507035
-0.00361671502244
-0.00535308984387
-0.00641728397175
-0.00460457013414
-0.00602990867347
-0.00716136455435
-0.00536896744248
-0.00359324404688
-0.00532938732062
-0.00639511302193
-0.00458222296713
-0.00600553175971
-0.00713668100186
-0.00534399694765
-0.00356903190126
-0.00818821051942
-0.00637218634919
-0.00455911414084
-0.0052797739568
-0.00711127332815
-0.00531829403575
-0.00354407903159
-0.00816301168318
-0.00634850439229
-0.00453524410454
-0.00525396697107
-0.00708514198023
-0.00529185916949
-0.00351838589711
-0.00813706539297
-0.00632406760411
-0.00451061332192
-0.00522744560723
-0.00705828741747
-0.00526469282433
-0.00295538171349
-0.00811037213532
-0.00629887645157
-0.00448522227107
-0.00520021031971
-0.00703071011155
-0.00523740723735
-0.00292820948005
-0.00808293241031
-0.00627293141558
-0.00445907144439
-0.00517226157476
-0.00700241054639
-0.00520979778589
-0.00290029843877
-0.00805474673154
-0.00624623299107
-0.0044321613486
-0.00514359985042
-0.00697338921818
-0.00518145787354
-0.00287164910156
-0.0080258156261
-0.00621878168683
-0.00406381191288
-0.00511422563649
-0.00694364663526
-0.00515238800852
-0.00284226199337
-0.00799613963447
-0.00619057802556
-0.0040353848559
-0.00508413943449
-0.00691318331811
-0.00459909974305
-0.00281213765217
-0.00796571931053
-0.00616162254377
-0.00400620013517
-0.0050533417576
-0.00688199979931
-0.00456857154774
-0.00278127662887
-0.00793455522149
-0.00613191579173
-0.00397625831407
