0.00116949431925
0.00431680065872
0.00311765446896
0.00135493693499
0.00443187564986
0.00252289476476
0.00052509247514
0.0012066969998
0.00435439396921
0.00315560590836
0.00139321070763
0.00447043284519
0.0025561981359
0.000550190761246
0.00124458958581
0.00439268419291
0.00319426067918
0.001432193583
0.00450970421365
0.00258188475372
0.000576018755436
0.00128317146689
0.00443167070024
0.00323361813387
0.00147188489712
0.00454968907657
0.002608296688
0.000602575996157
0.00132244202228
0.00447135285092
0.00327367761393
0.00151228397479
0.00459038674386
0.00263543347226
0.00062986200923
0.00136240062091
0.00451172999407
0.00331443844995
0.00155339012965
0.00462188468943
0.00266329462764
0.000657876307888
0.00140304662143
0.00455280146822
0.00335589996168
0.00159520266423
0.00465028051633
0.00269187966293
0.000686618392827
0.0014443793723
0.00459456660143
0.00339806145809
0.00163772087003
0.00467939502169
0.00272118807462
0.000716087752244
0.00148639821179
0.00463702471125
0.00344092223739
0.0016803120226
0.00470922769985
0.00275121934693
0.000746283861883
0.00152910246807
0.00468017510486
0.00348448158714
0.00171062663454
0.00473977803317
0.0027819729519
0.000777206185084
0.00157249145924
0.00472401707908
0.00352873878425
0.00174165295752
-0.000123274429671
0.00281344834937
0.000808854172826
0.00161656449341
0.00476854992042
0.00357369309509
0.00177339046243
-9.12903866709e-05
0.00284564498709
0.000841227263776
0.00166132086872
0.00481377290517
0.00361434087923
0.00180583860853
-5.85903128831e-05
0.0028785623007
0.00220624841385
0.00170675987342
0.00485968529943
0.00364720893564
0.00183899684358
-2.51747734234e-05
0.00291219971386
0.00224006997822
0.0017528807859
0.00490628635918
0.00368078046444
0.00187286460382
8.95565484189e-06
0.00294655663822
0.00227461488844
0.00179745524721
-1.03758550176e-05
0.00371505490525
0.00190744131406
4.38003833453e-05
0.00298163247353
0.00230988253442
0.00184186785172
2.83216611404e-05
0.00375003168659
0.00194272638769
7.93588118676e-05
0.00301742660765
0.00234587229404
0.00188696237017
6.36532581257e-05
0.00378571022592
0.00197871922677
0.000115630328589
0.00305393841665
0.00238258353316
0.00193273808815
9.96793998243e-05
0.00382208992965
0.00201541922205
0.00015261431014
0.00309116726479
0.00242001560569
0.00197919428153
0.000618751949458
0.00385917019322
0.00205282575302
0.000190310121655
0.00312911250467
0.00245816785366
0.00202633021643
0.000656165408146
0.00389695040116
0.00209093818799
0.000228717116825
0.00316777347719
0.00249703960727
0.000942018825291
0.000480587824072
0.00198311740577
0.00353428837186
0.000722312532453
-6.36595812693e-05
0.00151223744543
0.000968396897299
0.000507728783388
0.0020110430717
0.00356301823435
0.000751862904626
-3.80655610027e-05
0.00152642157072
0.00099558443144
0.000535702217031
0.00203982484678
0.00359262838933
0.000782318201931
-2.33389472241e-05
0.0015415701843
0.00102358082944
0.00256535903031
0.0020694620219
0.00362311806514
0.000813677585177
-7.67502634572e-06
0.00155768281549
0.00105238547584
0.00259499543988
0.00209995386771
0.0036544864681
0.000845940191344
8.92574189129e-06
0.00157475896396
0.00108199773807
0.00262546231382
0.00213129963467
0.00368673278266
0.000879105133703
2.6462870577e-05
0.00159279809987
0.0011124169665
0.00265675894503
0.00216349855319
0.0037198561715
0.000913171501931
4.4935845704e-05
0.00161179966391
0.00114364249453
0.00268888460799
0.00219654983367
0.00375385577564
0.000935445361026
6.43441262423e-05
0.00163176306738
0.00117567363866
0.00272183855884
0.00223045266664
0.00378873071454
0.000955214468754
8.46871442182e-05
0.00165268769233
0.00120850969855
0.00275562003546
0.00226520622283
0.00382448008621
0.000975891614963
0.000105964304797
0.0016745728916
0.00124214995711
0.00279022825757
0.00230080965329
0.00386110296733
0.000997476229002
0.000128174986368
0.00169741798895
0.00127659368056
0.00282566242682
0.00233726208945
0.00389859841338
0.00101996771569
0.000151318540639
0.00169808932764
0.00131184011852
0.00286192172686
0.00237456264329
0.00393246996877
0.00104336545537
0.000175394292725
0.00168852291009
0.00134788850411
0.00289900532343
0.0024127104074
0.00395608266991
0.00106766880406
0.000200401541247
0.00167992072596
0.00138473805399
0.0029369123645
0.00245170445508
0.00398057493917
0.00109287709346
0.00020397709194
0.00167228304216
0.00142238796846
0.0029756419803
0.00249154384049
0.00400594614118
0.00111898963109
0.000197496294832
0.00166561009572
0.00146083743157
0.00301519328348
0.00253222759873
0.0040321956184
0.00114600570038
0.000191952677307
0.00165990209381
0.00150008561118
0.00305556536916
0.00256259145639
0.00405932269121
0.00115231662952
0.000187346401747
0.00165515921369
0.00154013165905
0.00308775242811
0.0025856472048
0.00408732665802
0.00114875461515
0.000183677603107
0.00165138160267
0.00157401534488
0.00311099306018
0.00260955677695
-0.000351356908321
0.00114610290089
0.000180946388893
0.00164856937812
0.00159741238263
0.00313506336816
0.0026343195885
-0.000342474180069
0.00114436156
0.00017915283915
0.00164672262742
-0.00149178175992
-0.00199676507642
-0.00247342723461
-0.00297850127972
-0.00353383380167
-0.00410681630031
-0.00458112015851
-0.00514981285118
-0.000895574778546
-0.00142014562804
-0.00193208111133
-0.00234150537061
-0.00270378122066
-0.00307711066348
-0.00363167708122
-0.00423235498052
-0.00472875854607
-0.000342494174926
-0.000946415424928
-0.00144391802283
-0.00183303074537
-0.00200278609779
-0.00251063669581
-0.0029430790627
-0.00342589066641
-0.00398740728249
-0.0046808163707
-0.00515759021278
-0.00072978646426
-0.00135425617685
-0.00187826216847
-0.00238581651919
-0.00279743055909
-0.00312854329567
-0.00343487357057
-0.0039875564945
-0.00459080862238
-9.7329868889e-05
-0.000704627641671
-0.00170926659543
-0.00220901464861
-0.00259990302528
-0.00249169284452
-0.00311978331959
-0.00353226699553
-0.00396762363393
-0.00453524043007
-0.00511401228327
-0.000600264424429
-0.00116156362912
-0.00178917429803
-0.00231585150271
-0.00281544781111
-0.00322915705573
-0.00353781241799
-0.00380796855166
-0.00469340099035
-0.000329598252008
-0.000830175798736
-0.00143881876431
-0.00204794688993
-0.00254979777099
-0.00294234925555
-0.00307560591626
-0.00358890560574
-0.00400357274577
-0.00436843903493
-0.00494205232804
-0.000530630652215
-0.00101204476921
-0.00156935978114
-0.00219996621608
-0.00272919166275
-0.00322060693347
-0.00401176696859
-0.00432192402621
-0.00455986599547
-2.8531097203e-05
-0.000636431768175
-0.0011388847108
-0.00174868805613
-0.00236015571723
-0.00286396085416
-0.00325805815151
-0.00351924089163
-0.00403511103339
-0.00445187658386
-0.00477073516302
-0.000332086613975
-0.00091612935873
-0.00139969562544
-0.00232828774475
-0.00296173756674
-0.00349338209838
-0.00397639514794
-0.00439399084719
-0.00470557103237
5.85320588396e-05
-0.000307046380944
-0.000917008749649
-0.00144038766471
-0.00203196242143
-0.00264558466395
-0.00315118983719
-0.00354671113898
-0.00393972127651
-0.00445805165845
-0.00487682595741
-0.000577159043918
-0.00106627450062
-0.00165274345552
-0.00213834544246
-0.00268710906105
-0.00332324289195
-0.00385717132538
-0.00433156343306
-0.00475094056824
-9.43970292419e-05
-0.000299654160623
-0.000559218028336
-0.00117412620598
-0.00175786867419
-0.00298359240751
-0.00359917800563
-0.00410642089361
-0.00450324387333
-0.00469201394035
-0.0052126888472
-0.000660634828614
-0.000979878239933
-0.00140051185658
-0.00198925961413
-0.00247677217592
-0.00302096673088
-0.00365961842577
-0.00419568974868
-0.00466124532405
-0.000112825137613
-0.000427001325671
-0.00132831736063
-0.0014800341839
-0.00215821420109
-0.00274403864372
-0.00322226707341
-0.00383021231078
-0.00433893125246
0.000184841011487
-0.00506520532427
-0.000615366378081
-0.00103786556508
-0.00135849880877
-0.00170996742382
-0.00230084092375
-0.00279013598447
-0.00332956548094
-0.00397056240367
-0.00516490136264
-0.000690903096126
-0.00111349620652
-0.00142883833659
-0.001635693594
-0.00173324095379
-0.00242042243265
-0.00300814971947
-0.00348795213673
-0.00403368035499
0.00037805774751
-2.09684862925e-05
-0.000441551502133
-0.000966546945718
-0.00139075911636
-0.00171270354766
-0.00199437372243
-0.002587214523
-0.00373443079501
-0.00426889957644
-0.0049120629182
-0.000521469348316
-0.00096872101428
-0.00139273995688
-0.00170915564184
-0.0019167196224
-0.002014602444
-0.00265572278249
-0.00324516823623
-0.00372639205507
0.00071239359022
-0.000844621282844
-0.00124454503992
-0.000766237643251
-0.00129319882934
-0.00237528823828
-0.00269846386678
-0.00291782899805
-0.00350439932055
-0.00399685528699
-0.00452616857734
-0.00024080818835
-0.000782407558526
-0.00122020153012
-0.00164551947823
-0.00196291331124
-0.00217112307093
-0.00226931157207
-0.00286388037224
-0.00443997185223
-6.14332176392e-05
-0.000481189057028
-0.000993306672818
-0.00139398826493
-0.00172252447739
-0.00225131521375
-0.00267862807221
-0.00300294810877
-0.00322309499163
-0.00373961420238
-0.00423344211333
0.000173098956054
-0.000473837951474
-0.00101696312148
-0.00145422072499
-0.00187158961285
-0.0031749810163
-0.00338377175127
-0.00348223526618
-0.00402980276339
0.000238916358586
-0.000244675852139
-0.000617561912007
-0.00111369378603
-0.00151499109244
-0.00199761308563
-0.00252809259827
-0.00295678539568
-0.00328216199497
-0.00350303066858
-0.00394891833833
0.000486532003203
-3.18922884967e-05
-0.00166554359276
-0.00221002866186
-0.00264839418381
-0.00305584616553
-0.00337489911542
-0.00358420432188
-0.00368291137718
0.000677956530634
8.45130538044e-05
-0.000400018885808
-0.000773637402645
-0.00120565267831
-0.00160742158379
-0.0022475367704
-0.00277955997917
-0.00320951429609
-0.00353585686802
-0.00468830852244
-0.000186732289805
-0.000682870452347
-0.00119556115619
-0.00184549210786
-0.00239116729716
-0.00283050249912
-0.00322785644033
-0.00354758550235
-0.00375733714977
0.00100477145561
0.000552383341131
-4.19937994663e-05
-0.000527298419393
-0.00224233129659
-0.00260989562643
-0.00301198954564
-0.00247207662328
-0.00393641468981
-0.00436750880189
-0.0046947269984
-4.05419521147e-05
-0.000343659960577
-0.000840726355123
-0.00134750251159
-0.00199862726985
-0.00254531936354
-0.00298548317406
-0.00337256596984
-0.0036928660621
0.000958032223656
-0.000481876751052
-0.000886177493938
-0.00148128346131
-0.00196719127722
-0.00234188228272
-0.00264472937751
-0.00304700251862
-0.00360195404303
-0.00413661372988
-0.00456872288149
-2.0408419663e-05
-0.000243064510766
-0.000474167557805
-0.000972008566179
-0.00147268827636
-0.00212479993518
-0.00267233274876
-0.00311318164882
-0.0047548703733
-0.00029037823098
-0.000500813500118
-0.000600055528218
-0.000956000144622
-0.00155162781766
-0.00203796742931
-0.00241299503789
-0.00267511573025
-0.00305323300706
-0.0037751506152
-0.00431089610368
0.000132415339988
-0.000196258092138
-0.00041937865098
-0.000578132142215
-0.00107659195619
-0.00283603913092
-0.00348892791817
-0.00403712279043
-0.00447851121868
-5.93111304189e-05
-0.000380431457096
-0.000591101823335
-0.00069045515079
-0.000997823744841
-0.00159376435825
-0.00208036298606
-0.00245559251341
-0.00271785548037
6.88567143257e-06
-0.00392243034751
0.000417205496429
-1.65488384601e-05
-0.00161084501594
-0.00183436209256
-0.00195130346659
-0.0024194187422
-0.00290737660032
-0.00356083047063
-0.0041095067756
0.000233968909994
-0.000121351201609
-0.000442718229218
-0.000653551512132
-0.000752981968223
-0.00101160448314
-0.00160764828167
-0.00371577236851
-0.00409106847581
0.00030562242788
5.8213664384e-05
-0.000432392775109
-0.000969830368762
-0.00140421033904
-0.00173393860233
-0.00195778872539
-0.00207490211731
-0.00247032911858
-0.00295167269484
-0.00360547794077
0.000630802844516
0.000188778090067
-0.000155670609338
-0.000477174270527
-0.00230953783775
-0.0024090110118
-0.00261876795675
-0.00321470485815
-0.00370130041356
0.000582473238403
0.000320211959108
0.000138244894427
-0.00052746025552
-0.00106549952445
-0.00150037139146
-0.00183047643503
-0.00205458403317
-0.002171832682
-0.00249431638445
-0.00296888412677
0.00116243045678
-0.00100810168184
-0.00145022130958
-0.00178367418652
-0.00210520399189
-0.00231614477155
-0.00241562611954
-0.0025764490354
-0.00317206929618
0.00100059801127
0.000625575185223
0.000363457862663
0.000215378849534
-0.000596278792598
-0.00113475445306
-0.00156998310174
-0.00190036143819
-0.00212465579632
-0.00224200255518
-0.0040241848386
0.000204822355743
-0.000449041002872
-0.00099806619025
-0.00144013129661
-0.00177348605269
-0.0020839204639
-0.00229480548932
-0.00239426044169
-0.00250613210075
0.00155777380513
0.00107187516706
0.000697191315987
-0.00156034007871
-0.00170828345668
-0.000638784887549
-0.00117753044225
-0.00314580818933
-0.0034763555556
-0.00370076449375
-0.00381817193431
0.000702363436862
0.000241804257099
-0.00041176566672
-0.000960540847841
-0.00140240220382
-0.00173560184574
-0.00203478577008
-0.00224554219511
-0.00234493626477
0.000255457267263
-0.00033890514227
-0.000824197570696
-0.00119840887247
-0.00145995440344
-0.00160770870693
0.0043796554029
0.00341179721942
0.00165431821781
0.00467547184238
0.00258089201863
0.00202676358733
0.00474383918906
0.00441806585504
0.00345051253631
0.0016932957739
0.00467617038208
0.00258159468799
0.00202746952476
0.00474454749542
0.00445719632027
0.00348995338285
0.00173300360112
0.00467761638737
0.00258304924166
0.00202893084335
4.8941398032e-05
0.00449704611136
0.00353011905551
0.00177344098173
0.00467980983132
0.00258525565226
0.00203114751532
5.1165508188e-05
0.00453761452933
0.00357100883876
0.00181460718575
0.00468275067308
0.0025882138782
0.00203411949851
5.41474636212e-05
0.00457890086353
0.00361262200514
0.00184492734037
0.00468643885789
0.00259192386374
0.0020378467364
5.78872072429e-05
0.00535293883648
0.00365495781531
0.00184933140673
0.00469087431708
0.00259638553899
0.00204232915811
6.2384667465e-05
0.00539565882476
0.00369801551815
0.0018544773794
-0.000141117000463
0.00260159881991
0.00204756667843
6.76397582066e-05
0.00543909452787
0.00374179435078
0.00186036516396
-0.000135187254106
0.00260756360832
0.0020535591978
7.36523789025e-05
0.00548324518906
0.00378629353864
0.00186699465237
-0.000128510522751
0.00261427979189
0.00206030660233
8.04224145125e-05
0.00552811004023
0.00381717744689
0.00187436572304
-0.000121086930622
0.00262174724419
0.0020678087638
8.79497355326e-05
0.00557368830199
0.0038252232592
0.00188247824078
-0.000112916615806
0.00262996582467
0.0020760655397
9.62295413947e-05
0.000647925892349
0.00383400428455
0.00189133205686
-0.000103999730243
0.00263893537869
0.00208507677322
0.000105270986931
0.000680781032798
0.00384352036462
0.00190092700898
-9.43364397076e-05
0.0026486557375
0.00209484229327
0.000115069242714
0.000714356558637
0.00385377132791
0.00191126292134
-8.39269237968e-05
0.00265912671833
0.00210535818921
0.000125624121521
0.000748651882175
0.00386475698969
0.0019223396046
-7.27713759115e-05
0.00267034812432
0.00211663171201
0.000136935421743
0.00078366640378
0.0038764771521
0.00193415685594
-6.0870003239e-05
0.0026823197446
0.00212865892256
0.0001490029274
0.000809136557842
0.00388893160411
0.00194671445904
-4.82230267342e-05
0.002695037629
0.00214143959284
0.000161826408165
0.000822202408545
0.00390212012157
0.00196001218415
-3.48306810987e-05
0.00409545691907
0.00215497348063
0.000175405619385
0.000835995290348
0.0039160424672
0.00197404978805
-2.06932147593e-05
0.00410967777697
0.00216926032954
0.000189740302102
0.000850514959802
0.00393069839065
0.00198882701413
-5.81461513516e-06
0.00412464786576
0.00218429986908
0.000204830183081
-0.00024124605251
0.00131162615503
0.000333549638104
0.00187057646091
0.00344878646995
-0.00194319977424
-0.000314019771775
-0.000245352833309
0.00130740805553
0.000329218332721
0.00186613062899
0.00344422549459
-0.00194787565582
-0.000318809308299
-0.000248634109384
0.00130404070035
0.000325760597304
0.00186258145842
0.00344058439576
-0.00195160849409
-0.000322632887591
-0.000251084217807
0.00130152417076
0.000323176519829
0.00185992904433
0.00343786327619
-0.00195439817835
-0.000325490390695
-0.000252705896496
0.00129985852748
0.000321466166051
0.00185817345783
0.00343606221266
-0.00195624462588
-0.000327443384796
-0.000253499108351
0.00129904381073
0.000320629579497
0.00185731474599
0.00343518125599
-0.00195714778192
-0.000333179583001
-0.000253463835224
0.00129908004016
0.000320666781458
0.00185735293184
0.00343522043105
-0.00195710761967
-0.000337949772101
-0.000252600077921
0.0012999672149
0.000321577770985
0.00185828801436
-0.000675508847356
-0.00195743699048
-0.000341753803654
-0.000250907856204
0.00130170531354
0.000323362524896
0.00186011996847
-0.000673629438127
-0.00196020699645
-0.000344591559264
-0.000248387208788
0.00130429429412
0.000326020997771
0.00186284874505
-0.000670829978384
-0.00196203370731
-0.000346462950596
-0.000245038193337
0.00130773409417
0.000329553121963
0.00186647427095
-0.000669612795497
0.00102520160947
-0.000347367919391
-0.000240860886454
0.00131202463068
0.000333958807603
0.00187099644897
-0.000669554264356
0.00102526162342
-0.000347306437474
-0.000235855383677
0.00131716580013
0.000339237942614
0.00187641515793
-0.000668575667831
0.00102626501109
-0.000346278506759
-0.000230021799466
0.00132315747851
0.000345390392727
0.00187910082088
-0.000666677033534
0.00102821174272
-0.000344284159249
-0.000223360267189
0.00132999952132
0.000352416001492
0.00188184794817
-0.000663858415035
0.00103110176057
-0.00034132345703
-0.000215870939108
0.00133769176356
0.00293886655234
0.00188549165386
-0.000660119891855
0.00103493497892
-0.000337396492264
-0.000207553986361
0.00134623401984
0.00294328931487
0.00189003184033
-0.00065546156945
0.00103971128409
-0.000332503387169
-0.000198409598944
0.00135562608428
0.00294858526722
0.00189546838594
-0.000649883579203
0.00104543053446
-0.000326644294008
-0.000188437985687
0.0013644012043
0.00295475427476
0.00190180114505
-0.000643386078401
0.00105209256051
-0.000319819395059
-0.000177639374231
0.00137125847308
0.00296179618073
0.00190902994808
-0.000635969250214
0.00105969716478
-0.000312028902587
-0.000166014011003
0.0013789656078
0.0029697108062
0.00191715460149
-0.000627633303667
0.00106824412199
-0.000303268402203
-0.00490957590304
-0.00145592072198
-0.00303101114613
-0.00464444004173
-0.00123656755048
-0.00277746214255
-0.00439499893253
-0.0048517032046
-0.00139383704924
-0.00297935721196
-0.0045919762555
-0.00118191722046
-0.00272818814391
-0.0043386406221
-0.00479302599859
-0.00133094197302
-0.00292686814724
-0.00453866508411
-0.00112640854354
-0.00267803871958
-0.00428139832303
-0.00473354559915
-0.0012672369345
-0.00287354520889
-0.00448450784315
-0.00107004292892
-0.00262701332849
-0.00422327357997
-0.00467326333547
-0.00120272338994
-0.00281938967118
-0.00442950586628
-0.00101281994179
-0.00257511331252
-0.00416426795772
-0.00461218055167
-0.00113740281052
-0.00276440282566
-0.00437366050512
-0.000954744753679
-0.00252234003378
-0.00410438304101
-0.00455029860666
-0.00107127668219
-0.00270858598096
-0.00431697312905
-0.00089760888097
-0.00246869487438
-0.00404943565879
-0.00448965927206
-0.00100434650552
-0.00265194046265
-0.00425944512506
-0.000843798889358
-0.00241417923628
-0.00399958687589
-0.00443303852908
-0.000936613795515
-0.00259446761309
-0.00420107789763
-0.000789132501037
-0.00235879454112
-0.00394885007198
-0.00437561505864
-0.000868080081494
-0.0025361687913
-0.0041418728685
-0.000733611096112
-0.00230254223002
-0.0038972266179
-0.00431739013898
-0.000798746906896
-0.00247704537279
-0.00408183147655
-0.000677236073239
-0.00224542376343
-0.0038447179055
-0.00425836506345
-0.00075466022034
-0.0024170987494
-0.00402095517762
-0.000620008849461
-0.00218744062093
-0.00379132534755
-0.00419854114033
-0.000711265844535
-0.00235633032916
-0.00396004250698
-0.000561930860035
-0.00212859430105
-0.0037370503775
-0.00413791969267
-0.000667046655214
-0.00229474153611
-0.00390202636982
-0.00050300355826
-0.00206888632109
-0.00368189444932
-0.00407872190993
-0.000622003676142
-0.00223233381018
-0.003843174451
-0.000443228415309
-0.00200831821694
-0.00362585903732
-0.00403350876369
-0.000576137948412
-0.00216910860701
-0.00378618247015
-0.000382606920051
-0.0019468915429
-0.00356894563593
-0.00398748505565
-0.000529450530333
-0.00210506739778
-0.00373903685597
-0.000321140578879
-0.00188460787144
-0.00351115575955
-0.0039406518167
-0.000484206689624
-0.0020570863789
-0.00369104567267
-0.00526552235931
-0.0018214687931
-0.00345249094234
-0.0038930100941
-0.000439740387191
-0.00201023715814
-0.00364221009243
-0.00521592310909
-0.00175747591621
-0.00339295273801
-0.00384456095133
-0.000394452249821
-0.00196255409214
-0.00359253130583
-0.00516546842643
-0.00169263086676
-0.0033332489498
-0.00379530546798
-0.000348343319571
-0.00191404017073
-0.00354201052171
-0.00511415957597
-0.00162693528817
-0.003283271726
-0.00161959427599
-0.00463403683117
-0.00279527343133
-0.00144387017244
-0.00470017517288
-0.00307475069916
-0.00140711926428
-0.00155330159898
-0.00456844795879
-0.00275550821311
-0.0014066717806
-0.00464144213146
-0.00301682614393
-0.00135005767437
-0.00148617729548
-0.00450203537999
-0.00271699122603
-0.00136864213193
-0.00458190804998
-0.00295811069672
-0.00129221606462
-0.00141822299129
-0.00443480067114
-0.00267763359646
-0.00132978211569
-0.00452180588583
-0.00289860562848
-0.00123359565149
-0.00134944032801
-0.00438962176713
-0.00263743626668
-0.0012900926393
-0.00447065487665
-0.00283831222446
-0.00117419766526
-0.00127983096283
-0.00434811924716
-0.00259640019761
-0.00124957462813
-0.0044186963363
-0.00277723178412
-0.00111402334989
-0.00120939656839
-0.00430576982544
-0.00255452636872
-0.00120822902549
-0.00436593142746
-0.00272479032476
-0.00105307396288
-0.00115877949648
-0.00426257453378
-0.00251181577793
-0.00116605679246
-0.00431918199996
-0.00267196299199
-0.000991350775169
-0.00111430691016
-0.00421853442287
-0.00246826944143
-0.00112305890781
-0.00427678036079
-0.00261834207546
-0.000937503218121
-0.00106898266949
-0.00417365056219
-0.00242388839362
-0.00107923636788
-0.00423356501838
-0.00256392873624
-0.000883903587022
-0.0010228078944
-0.00412792403981
-0.00237867368697
-0.00103459018647
-0.00418953694553
-0.00250872415026
-0.000829523737316
-0.000975783723816
-0.00408135596235
-0.00233262639189
-0.000989121394724
-0.00414469713177
-0.00245272950816
-0.000774364808264
-0.000927911315526
-0.00403394745477
-0.00228574759665
-0.000942831041026
-0.00409904658324
-0.00239594601519
-0.000718427953182
-0.000879191846043
-0.00398569966028
-0.00280586950622
-0.000895720190862
-0.00405258632252
-0.00233837489108
-0.000661714339329
-0.000829626510465
-0.00393661374023
-0.00275733104607
-0.00084778992672
-0.0040053173886
-0.0022800173699
-0.000604225147789
-0.000779216522334
-0.0038866908739
-0.0027079644562
-0.000799041347959
-0.0039572408367
-0.00222087469996
-0.000545961573357
-0.000727963113489
-0.00383593225845
-0.00265777089493
-0.000749475570695
-0.00390835773822
-0.00216094814366
-0.000486924824418
-0.000675867533929
-0.00378433910872
-0.00260675153774
-0.000699093727669
-0.00385866918058
-0.00210023897738
-0.000427116122829
-0.00062293105166
-0.00373191265711
-0.00255490757717
-0.000647896968132
-0.00380817626709
-0.00204479103743
-0.000366534841155
-0.000569154952549
-0.00367865415346
-0.00250224022271
-0.000595886457711
-0.00375688011689
-0.00199425663913
-0.00530518863534
-0.00542660215695
-0.00362456486487
-0.0024487507006
-0.00552206846173
-0.00370478186479
-0.00194293322214
-0.00524307153988
