0.000271367219386
0.000294536929019
0.00203497980347
-0.000385510335113
0.000123434922524
0.00211880867396
-8.18365103669e-05
0.000265721892277
0.000347286209011
0.00208767611776
-0.000332991440174
0.000175654749038
0.00216106492872
-4.86427461463e-05
0.000261091211832
0.000401017564672
0.00214135358621
-0.000279494479299
0.000228848378447
0.00220429887885
-1.44702315416e-05
0.000257475337024
0.000455729214588
0.00219601043264
-0.000225021211199
0.000283013149823
0.0022485091196
2.0679929168e-05
0.000254874392009
0.000511419349265
0.00225164485286
-0.000169573422352
0.000338147306192
0.00229369421729
5.68066018435e-05
0.000253288466107
0.000568086131419
0.00230825501496
-0.000113152926723
-0.00233074397916
0.00233985270952
9.39086226652e-05
0.000252717613788
0.000602311997788
0.0023658390596
-5.57615654786e-05
-0.00227367643184
0.00238698310539
0.000131984798317
0.000253161854657
0.000602754493894
0.00242439510031
2.59879329369e-06
-0.00221564493191
0.00243508388577
0.000171033906174
0.000254621173456
0.00060420808132
0.00248392122375
6.19262548787e-05
-0.00215665134306
0.00248415443482
0.000211054694494
0.000257095520066
0.000606672710531
0.00254441549003
0.000122218898223
-0.00209669755496
0.00253419131496
0.000252045882616
0.000260584809512
-0.00195807521611
0.00260587593301
0.000183474776229
-0.00206763356191
0.00258519385507
0.000294006161155
0.000265088921982
-0.00195358878969
0.0026683005606
0.000245691916052
-0.0020419922281
0.00263716042538
0.000336934192213
0.000270607702843
-0.00194809167668
0.00273168735504
0.000273557106603
-0.00201536026195
0.00269008936911
0.000380828609578
0.000277140962672
-0.00194158406428
0.00279380453778
0.000301313922954
-0.00198773854078
0.00274397900271
0.000425688018945
0.000284688477287
-0.00193406617406
0.00282262720152
0.000330063369966
-0.00195912797341
0.00279882761608
0.000465783835701
0.000293249987784
-0.00192553826188
0.00285178480588
0.000359805425101
-0.00192952950004
0.00285181859608
0.000506748852205
0.000302825200582
-0.00191600061787
0.00286126307924
0.000390539102848
-0.00189894409205
0.00289396912377
0.000548680282084
0.000313413787475
-0.0019054535664
0.00287174449129
0.000422263386209
-0.00186737275191
0.000109813308038
0.000591576795766
0.000325015385685
-0.001893897466
0.00288322869014
0.000454977226864
-0.00183481651295
0.000139951020355
0.000635437035597
0.000337629597927
-0.0018813327093
0.00289571529045
0.000488679545343
-0.00180127643926
0.000171067614344
0.000680259616055
0.000351255992477
-0.00186775972298
0.00290920387344
0.000523369231198
-0.00176675269411
0.00020316208636
0.000726043123961
0.000618131181446
0.00228366511483
2.58388735839e-05
-0.00162971088246
-8.92292002138e-05
-0.00282670092251
-0.00143600438008
0.000653317150262
0.00231588894604
0.000121639308164
-0.00153187663854
1.04526673238e-05
-0.00272540008135
-0.00133335418634
0.000689570234187
-0.00136457385846
0.000156466020826
-0.00143301234712
0.000111179197974
-0.00262304199259
-0.00122963641757
0.000724986424211
-0.00133295305272
0.000188745246957
-0.00133312191579
0.00021294627831
-0.0025196309549
-0.00112485553025
0.000756972953941
-0.00130023882156
0.000222140110907
-0.00123220927262
0.000315749774315
-0.0024151712875
-0.00101901600139
0.000790027892193
-0.00126643248281
0.000256649211569
-0.00119599659224
0.000419585532075
-0.0023096673295
-0.000912122327755
0.000824149967296
-0.00123153539608
0.000292271103551
-0.00115971430225
0.000524449378467
-0.0022031234391
-0.000804179025087
0.00085933786864
-0.00119554896248
0.000329004297475
-0.00112230074215
0.000628712329108
-0.00209554399289
-0.00069519062733
0.000895590246928
-0.00115847462435
0.000366847260279
-0.00108375753085
0.000667872119411
-0.00198693338511
-0.000585161685874
0.000932905714421
-0.00112031386497
0.000405798415532
-0.00104408633291
0.000708177293065
-0.00187729602693
-0.00047409676879
0.000971282845208
-0.00108106820826
0.000445856143758
-0.00100328885819
-0.00338537166754
-0.00177101483512
-0.000362000460087
0.00101072017546
-0.0010407392185
0.000487018782761
-0.000961366861502
-0.00334278115052
-0.00172786264405
-0.00024887735896
-0.00250875316187
-0.000999328500026
0.000529284627961
-0.000918322142223
-0.00329905076698
-0.00168355621039
-0.000134732079051
-0.00246719997441
-0.0009568376969
0.000572651932743
-0.000874156543928
-0.00325418244871
-0.00163809754213
-2.67423269901e-05
-0.00242459120366
-0.000913268492612
0.000617118908804
-0.000828871954006
-0.00320817817322
-0.00159148869461
2.03403635115e-05
-0.00238092846228
-0.000868622609743
0.00066268372651
-0.000782470303269
-0.00316103996333
-0.00154373177011
6.85821947128e-05
-0.00233621339943
-0.000822901809641
0.000709344515265
-0.00073495356555
-0.00311276988675
-0.00149482891741
0.000117980952911
-0.00229044770045
-0.00077610789208
0.000757099363883
-0.000686323757304
-0.00306337005563
-0.00144478233126
0.000168534377151
-0.00224363308656
-0.000728242694921
0.000805946320961
-0.000636582937184
-0.00301284262612
-0.00139359425195
0.000220240159727
-0.00219577131453
-0.000679308093758
0.000855883395269
-0.000585733205633
-0.0029611897979
-0.00134126696485
0.000273095946684
-0.00214686417639
-0.000629306001568
0.00090690855614
-0.00452104245521
-0.00290841381374
-0.00128780279986
0.000327099338335
-0.00446471991339
-0.00590397368418
-0.0063800076394
-0.0039131983281
-0.00420362910729
-0.0060369246147
-0.00376218482129
-0.00376846655426
-0.00150496418745
-0.00598973564765
-0.0039453474906
-0.00367525951957
-0.00166462441563
-0.00597787078797
-0.0041335452314
-0.00355560152529
-0.00177509891246
-0.00592485979544
-0.00425499945149
-0.00273863684702
-0.00173685527377
-0.00511684553604
-0.00255673626944
-0.00703930121495
-0.00457516957322
-0.00219225131722
-0.00238984179095
-0.00442829849156
-0.00443462478803
-0.00217049544857
-0.00198548049153
-0.00440812112992
-0.0040998677101
-0.0021478924381
-0.00651886325494
-0.00468132087606
-0.00410009762014
-0.00231586070639
-0.00563006276817
-0.00478704783158
-0.00326577040807
-0.0022587466852
-0.00574982174978
-0.0031935266043
-0.00482873070565
-0.00521783413954
-0.00283692486883
-0.0030358797563
-0.00507504385557
-0.00508141402878
-0.00281666184535
-0.00263036861905
-0.00505108351224
-0.00467441047597
-0.00268018913659
-0.002279702202
-0.00520866019136
-0.0035103845537
-0.00283637323991
-0.00120191005812
-0.00529908340557
-0.00377302649127
-0.00276090649534
-0.00323236476736
-0.00381071488806
-0.00132574771915
-0.00584079276276
-0.00346185743827
-0.0036621530862
-0.00570201236661
-0.0057084256598
-0.00344306413188
-0.00325551478227
-0.00567433840148
-0.00529515621495
-0.00319156152955
-0.0013747649295
-0.00571521883887
-0.0040138471648
-0.00333630776834
-0.00169791645522
-0.00579079184469
-0.00426009873824
-0.0032430367189
-0.0038258920205
-0.00440791298447
-0.001926064266
-0.00644364784654
-0.0040666481688
-0.00426825870237
-0.00188726950093
-0.00631525537714
-0.00404929622196
-0.00386051497697
-0.00161564639469
-0.00424876972649
-0.00377231944411
-0.00186277828563
-0.00620066991271
-0.00449629301941
-0.00381533808613
-0.00217314388762
-0.00626186134844
-0.00472668702861
-0.00370484558488
-0.00453209017852
-0.00511732730551
-0.00263801623586
-0.00715742889705
-0.0047815254145
-0.00498348131968
-0.00260207560642
-0.00702887923591
-0.00476097559959
-0.0026102881785
-0.00232120036766
-0.00495018512116
-0.00446891770401
-0.00247950044172
-0.00182841750381
-0.00495740794957
-0.00427315629452
-0.00262729321453
-0.00176737956436
-0.00517249639642
-0.00414604642091
-0.00525397322172
-0.00584379864316
-0.00336838565912
-0.00376761833729
-0.00551748464502
-0.00572107972078
-0.00334051920695
-0.00559271458413
-0.00549870257442
-0.00334646030976
-0.00305503745957
-0.00568092922539
-0.00519583976424
-0.00320190620883
-0.00252917604612
-0.00548790831262
-0.00470945133018
-0.00306005927821
-0.00219628722266
-0.00559724526948
-0.00421164930487
-0.00595705407657
-0.00655141820304
-0.00407986223509
-0.00168721457829
-0.0062344938468
-0.0039545239854
-0.00405998801589
-0.00178581943939
-0.00621746185932
-0.00406368027446
-0.00376994599299
-0.00164793766309
-0.00590390524803
-0.00390550407025
-0.00322766056125
-0.00618067790283
-0.00532198907091
-0.00352523343478
-0.00197855505365
-0.00600065508814
-0.00461081686604
-0.0066408982574
-0.00426903238635
-0.00477199877161
-0.0023824534133
-0.00693209738792
-0.00465373144496
-0.00476002263301
-0.00248589613905
-0.00691679514211
-0.00476149211817
-0.00446547354651
-0.00234044052452
-0.00659267214068
-0.00458985876144
-0.00390696690613
-0.00196116954122
-0.00511675380368
-0.00417123102317
-0.00254309001244
-0.00145725666299
-0.00498857317039
-0.00339733942872
-0.00493762309153
-0.00544434658986
-0.00305786108993
-0.00336685140341
-0.00533305437366
-0.0054401617256
-0.00316607675608
-0.00759624221883
-0.00543943808214
-0.00514116602392
-0.00301314962356
-0.00726169712299
-0.00525453394474
-0.00339589734566
-0.00261531241655
-0.00576480546892
-0.0048059768038
-0.0031629334563
-0.00207008548054
-0.00551675625626
-0.00404140351889
-0.00558603507504
-0.00609645645449
-0.00371298325598
-0.00402427050608
-0.00599203183886
-0.00609994298467
-0.0038258989114
-0.00372893542101
-0.00609705955223
-0.00579656859561
-0.00366561512191
-0.00167783524809
-0.00589909311311
-0.00403556221439
-0.00324951285372
-0.00145428547529
-0.00542772784136
-0.00376298062523
-0.00266325567547
-0.00610271738867
-0.00466492486725
-0.00621382597163
-0.00672787957155
-0.00434736585142
-0.00466091016233
-0.00663020300294
-0.00673890415423
-0.00446490027682
-0.00230906718857
-0.00673389807947
-0.00470115346664
-0.00429738760525
-0.00230604589373
-0.00652310055677
-0.0046547648596
-0.00386335281676
-0.00206225151852
-0.00602935730491
-0.00434656683045
-0.00323639817738
-0.00167610525986
-0.00526747046139
-0.00278522191022
-0.00733816865313
-0.00496055618758
-0.005276313545
-0.00288644544781
-0.0050770566476
-0.00508261967687
-0.00292609024864
-0.00272414064641
-0.00531461393082
-0.00490801914965
-0.00291318635923
-0.00712612239124
-0.00525307998104
-0.00445641649181
-0.00264956522682
-0.00661047060143
-0.00492107825414
-0.00378914755107
-0.00222197595866
-0.00587154781325
-0.00337460549173
-0.00792687904675
-0.00555210409329
-0.00326716219488
-0.00348162743553
-0.00567299666096
-0.00567859826111
-0.00352138753031
-0.0033180441266
-0.00590642605813
-0.00549706445288
-0.0034988179447
-0.00288916708938
-0.00583008535768
-0.00502829131775
-0.00321582448956
-0.00223194390712
-0.00547484199954
-0.00394835682101
-0.00274727570058
-0.00647247997167
-0.00397969463986
-0.00156216144377
-0.00612945357125
-0.00383873347285
-0.00405463250359
-0.00624674150103
-0.00625238074429
-0.00409450511348
-0.00388980156168
-0.00647614288039
-0.00606408202807
-0.00406250587982
-0.0034489288478
-0.00638536296156
-0.00466029432117
-0.00376063166872
-0.00211255672967
-0.0060074834761
-0.00447353679264
-0.00325166106999
-0.00395337310509
-0.00456296406064
-0.00214886613988
-0.00671893174498
-0.0044188665844
-0.00461671354308
-0.00232320280057
-0.00680351671059
-0.00464499396804
-0.00443896674935
-0.00230682364343
-0.0066086354558
-0.00460382055063
-0.00275281978248
-0.00691850012119
-0.00518857222423
-0.00428359468542
-0.00262979505224
-0.0065186338272
-0.00497828228646
-0.00373479509464
-0.00451041956711
-0.00512396869679
-0.00271321938617
-0.00728598907863
-0.0049879544279
-0.00518713600921
-0.00288641788181
-0.00734709217202
-0.00517241131166
-0.00496509976469
-0.00283103024491
-0.00564243237122
-0.00512233877735
-0.00326763606812
-0.00254769384037
-0.00569445414068
-0.00478432814457
-0.00312498509938
-0.00203602441851
-0.0054613822719
-0.00420601330006
-0.00504487342548
-0.00566226899052
-0.00325477457874
-0.00366674782022
-0.00553411301097
-0.00573459250441
-0.00343448109785
-0.0078950639926
-0.00571545685379
-0.00366586596867
-0.00333183594974
-0.00614077509306
-0.00561764513795
-0.00375936466286
-0.00303533960502
-0.00617755176162
-0.00526245449262
-0.00359776070853
-0.00250311406662
-0.00592249474745
-0.00466090045879
-0.00555631028736
-0.00617743223177
-0.00377309190155
-0.00418761320056
-0.00605689236191
-0.0062586301713
-0.00395910701544
-0.00177851324185
-0.00623922970337
-0.00418820734786
-0.00385169118108
-0.00184049169895
-0.00609264389158
-0.00422760730444
-0.0034996513266
-0.00663748584503
-0.00571760520233
-0.00404798417888
-0.00295660892054
-0.00637875678238
-0.00498312054038
-0.00604431402916
-0.00666903395415
-0.00426773975508
-0.00468472239391
-0.00655585067815
-0.00436530156429
-0.00445984957134
-0.00227917016866
-0.00673914795581
-0.00468674250937
-0.00434821481008
-0.0023343981694
-0.00658335653079
-0.00469848027932
-0.00395248903181
-0.00216322883124
-0.00617940934179
-0.00451318800628
-0.0030233611686
-0.00184043284948
-0.00543050093095
-0.00257342610996
-0.00713665937122
-0.00473829622778
-0.00242777357708
-0.0027401203852
-0.0048411771544
-0.00493627239203
-0.00275551055103
-0.00721477720962
-0.00516104034926
-0.00482057650805
-0.00280424120906
-0.00705012656991
-0.00516165626811
-0.00440882159254
-0.00261521568318
-0.00596834353979
-0.00495530491501
-0.00346004034208
-0.00227139683062
-0.00585551447019
0.00303360610159
0.00122689323622
0.000165688706744
0.00315758938107
0.00139106522802
-0.00169364324966
0.00280530433473
0.00299785749047
0.00119091409267
0.00399380413363
0.00312141075323
0.00135492206197
-0.00172453266837
0.00277448177694
0.00296312259677
0.00115595502157
0.00395870464183
0.00308625769415
0.00131980348781
-0.00175439353392
0.00274468559118
0.00292940262791
0.00112201725365
0.00392463044679
0.00305213145496
0.00128571075301
-0.00178322478166
0.00271591683525
0.00289669875785
0.00108910198557
0.00389158275954
0.00301903325218
0.00125264507057
-0.000826557816244
0.00268817653184
0.0028650121269
0.00105721037971
0.00385956275645
0.00298696426754
0.00122060761876
-0.000853326775872
0.00266146566837
0.00326677088278
0.00102634356401
0.00382857157901
0.00295592564774
0.00118959954092
-0.000879063136363
0.00263578519682
0.00323712201546
0.000996502631729
0.00379861033364
0.00292591850427
0.00115962194529
0.00345844651862
0.00261113603354
0.00320849360442
0.00096768864126
0.00376968009153
0.00289694391318
0.00113067590477
0.00343477808737
0.000170567477273
0.00318088665348
0.000939902615968
0.00374178188838
0.00360941367499
0.00110276245677
0.00341214491404
0.000147983536332
0.00315430213191
0.000913145543992
0.00371491672429
0.00358250727428
0.00107588260301
0.00339054781249
0.000126433437445
0.00312874097424
0.000887418378079
0.00368908556353
0.00355663643978
0.00105003730934
0.00336998756008
0.000105917952945
0.0031042040801
0.000862722035409
0.0036642893344
0.00166417437905
0.00102522750557
0.00335046489761
0.00109273092935
0.00308069231406
0.00126517472823
0.00364052892903
0.00164037743835
0.00100145408531
0.00333198052913
0.00107428684504
0.00305059282375
0.00124254264054
0.00361780520328
0.00161761875244
0.000978717905787
0.00331453512182
0.0010568794734
0.00301483984628
0.0012193257872
0.00359611897652
0.00159589914449
0.000957019787742
0.00329812930591
0.00104050944056
0.0029801054175
0.00118437327209
0.00357547103154
0.00157521940088
0.00166055229264
0.00328276367452
0.00102517733578
0.00169437749773
0.00115044675943
0.00354586245724
0.00155558027108
0.00164093261292
0.00326843878358
0.00101088371136
0.00166168378923
0.00111754745652
0.0035128374414
0.00153305042993
0.00162235323631
0.00325515515173
0.000997629082557
0.00163001218426
0.0010856765359
0.00348084464571
0.00150101592082
0.00160481483606
0.00324291326021
0.000985413927463
0.00159936379937
0.00105483513518
0.00389233143024
0.00147001610023
0.00157600419648
0.00323171355278
0.000974238686949
0.00115803725319
-0.00264982868521
-0.000680955035623
-0.00146444349201
0.00030929543772
-0.000206097378287
-0.00148928527816
0.00111863119498
-0.00269029673198
-0.00072243818867
-0.00153099934643
0.000241120425738
0.00205225426941
-0.0015602333585
0.00108034005517
-0.00100460563492
-0.000762749791892
-0.00159639025216
0.00017413574019
0.00198381545142
-0.00162994814904
0.00104316544895
-0.0010427841071
-0.00080188796408
-0.00166061309527
0.000108344720023
0.00191659347739
-0.00169842590211
0.00100710894738
-0.00107981521767
-0.000839850874932
-0.00172366480669
4.37506568504e-05
0.00185059185062
-0.00176566292181
0.000972172077102
-0.00111569731416
-0.000887269679219
-0.00178554236281
-1.96432058154e-05
0.00178581402388
-0.0018316555648
0.000938356320003
-0.00115042879233
-0.000946384988146
-0.00184624278621
-8.18336733244e-05
0.00172226339864
0.000431603515356
0.000905663112905
-0.00118400809655
0.000810224477528
-0.00190576314633
-0.000142817600644
0.00165994332415
-0.00285501361962
0.00087409384727
-0.00121643372012
0.000753415242338
-0.00196410056012
-0.000202591893105
0.00159885709667
-0.00291725181268
0.000843649868905
-0.00124770420561
-0.00197940848971
-0.00202125219271
-0.000261153507145
0.00153900795864
-0.00297823160032
0.000814332477685
-0.00127781814519
-0.00203390115897
-0.00207721525807
-0.000318499451038
0.00148039909785
-0.00303794961598
0.000786142927271
-0.00130677418093
-0.00208723172532
-0.000291023059936
-0.000374626785617
0.00142303364666
-0.0030964025511
0.000759082424855
-0.0013345710051
-0.0021393977044
-0.000344600831254
-0.000429532624992
0.0013669146812
-0.003153587156
0.000733152130897
-0.0013612073605
-0.00219039665925
-0.000396981976626
-0.000483214137256
0.00131204522057
-0.00320950024075
0.000708353158883
0.00256293965162
-0.00224022620086
-0.000448163911708
-0.000535668545178
0.00125842822611
-0.00326413867597
0.000684686575087
0.00253862780206
-0.00228888398867
-0.000498144104131
-0.000586893126893
0.00120606660058
-0.00331749939372
0.000662153398342
0.00251330482555
-0.00233636773116
-0.0005469200741
0.00129712066229
0.00115496318747
-0.00336957938826
0.00207851083275
0.00246830783653
-0.00238267518631
-0.000594489394984
0.00124836367375
0.00110512077019
-0.00342037571694
0.00205824733577
0.00242445747718
-0.00242780416215
-0.000640849693902
0.00120084433811
-0.00216658188877
-0.00346988550091
0.0020391200156
0.00238175571457
-0.00247175251726
-0.000685998652289
0.00115456514912
-0.00221389420785
-0.00351810592596
0.00202112969922
-0.000336967022523
-0.00251451816124
-0.000729934006462
0.00110952854189
-0.000322827571233
-0.000591152693133
-0.00600578973656
-0.0054406280345
-0.00250564249276
-0.0041512549621
-0.00618743892489
-0.00577394130495
-0.00282764897169
-0.00601978282023
-0.00545490184578
-0.00252019460879
-0.00416608114262
-0.00620253291048
-0.00578929462754
-0.00284325078743
-0.00603303727939
-0.00546842227577
-0.0025339787177
-0.0041801249166
-0.00621683042251
-0.00580383785768
-0.00285802946446
-0.00604555287248
-0.00548118906806
-0.0025469945478
-0.00419338599676
-0.00623033115783
-0.0033164815505
-0.00287198466806
-0.00605732937126
-0.0075733388905
-0.00255924184245
-0.00420586411167
-0.00624303483007
-0.00332940365637
-0.00288511608197
-0.00606836656091
-0.00316805277323
-0.00257072036002
-0.00421755900581
-0.00625494116964
-0.00334151476567
-0.00289742340849
-0.00607866424001
-0.00317855725594
-0.002581429874
-0.00422847043963
-0.00626604992374
-0.00335281461237
-0.00290890636844
-0.00608822222058
-0.0031883072174
-0.00259137017295
-0.0042385981895
-0.00627636085642
-0.00336330294814
-0.00501321417055
-0.00609704032807
-0.00319730247234
-0.00476990332989
-0.00424794204781
-0.0062858737486
-0.00337297954241
-0.00502304763422
-0.00610511840141
-0.0032055428498
-0.00477830462495
-0.00425650182293
-0.00629458839807
-0.00338184418234
-0.00503205600545
-0.006112456293
-0.00321302819309
-0.00478593616146
-0.00426427733926
-0.00630250461953
-0.00338989667293
-0.00504023907958
-0.00611905386872
-0.00321975835986
-0.00479279778855
-0.00427126843726
-0.00630962224463
-0.00339713683696
-0.00504759667063
-0.00612491100797
-0.00322573322209
-0.00479888937056
-0.00645607503138
-0.00631594112192
-0.00340356451506
-0.00505412861136
-0.00613002760365
-0.00323095266609
-0.004804210787
-0.00646149687829
-0.00182195491164
-0.00340917956569
-0.00505983475325
-0.00613440356219
-0.00323541659254
-0.00480876193263
-0.00646613392462
-0.00182667590693
-0.00341398186521
-0.00506471496651
-0.00175291111759
-0.00323912491648
-0.00481254271739
-0.00646998607513
-0.00183059780198
-0.00341797130782
-0.00506876914013
-0.00175580557528
-0.00324207756732
-0.00481555306649
-0.0064730532507
-0.00183372051327
-0.00342114780563
-0.00507199718188
-0.00175795919634
-0.00324427448883
-0.00481779292034
-0.00647533538831
-0.00409867819952
-0.00342351128867
-0.00507439901831
-0.00406252242383
-0.00324571563921
-0.00481926223462
-0.00647683244107
-0.00378723234097
-0.00342506170484
-0.00507597459474
-0.00406319426697
-0.00324640099099
-0.00481996098025
-0.00647754437824
-0.00378795717012
-0.00342579901997
-0.00507672387534
-0.00406312519593
-0.00324633053114
-0.00481988914339
-0.00647747118518
-0.00378788265165
-0.00342572321783
-0.00507664684304
-0.00303685442686
-0.00513886517074
-0.00335926480879
-0.00159138785257
-0.00581164210407
-0.00397325194494
-0.00431920247701
-0.00304400374924
-0.00514604249538
-0.00336646235734
-0.00159859764549
-0.00581885603851
-0.00611789933889
-0.00432640030062
-0.00305046149665
-0.00515252553896
-0.00337296367046
-0.00160511001973
-0.00793521080367
-0.00612441183799
-0.00433290186221
-0.00305622756605
-0.00120295742053
-0.00337876864303
-0.00378667508051
-0.00386073343172
-0.0061302267994
-0.00433870705667
-0.00306130186546
-0.00120805160045
-0.00552753401614
-0.00379179231171
-0.00386585360325
-0.00613534412874
-0.00434381579009
-0.0030656843139
-0.00338532923212
-0.00553194603723
-0.00379621184118
-0.00387027567235
-0.00613976374297
-0.00434822797985
-0.00520432939825
-0.00338903422065
-0.00553566146991
-0.00379993359717
-0.00387399956713
-0.00614348557034
-0.00435194355457
-0.00520732794595
-0.00339204451851
-0.00553868025406
-0.00380295751928
-0.00387702522709
-0.00614650955045
-0.00435496245414
-0.00520963446595
-0.00339436007725
-0.00554100234083
-0.0038052835584
-0.00387935260305
-0.00614883563419
-0.0043572846297
-0.00521124892144
-0.00339598085963
-0.00554262769266
-0.00380691167676
-0.00388098165717
-0.00615046378378
-0.00435891004367
-0.00521217128664
-0.00339690683955
-0.00554355628324
-0.00380784184794
-0.00388191236297
-0.00615139397281
-0.00435983866976
-0.00521240154682
-0.00339713800212
-0.00554378809754
-0.00380807405683
-0.00208875084009
-0.00615162618615
-0.00436007049292
-0.0052119396983
-0.00339667434361
-0.00554332313181
-0.00380760829965
-0.00208828481522
-0.00615116042004
-0.00435960550941
-0.00521078574845
-0.00339551587149
-0.00554216139358
-0.00380644458398
-0.00208712043069
-0.00614999668204
-0.00435844372676
-0.00520893971571
-0.00339366260441
-0.00554030290165
-0.0038045829287
-0.00208525770545
-0.00614813499105
-0.00435658516377
-0.00520640162955
-0.00339111457217
-0.00553774768608
-0.00380202336405
-0.00208269666976
-0.0061455753773
-0.0043540298505
-0.00520317153048
-0.00338787181579
-0.00157914087416
-0.00379876593158
-0.00207943736527
-0.00200784542279
-0.00435077782833
-0.00519924947006
-0.00338393438743
-0.00157519234665
-0.00379481068417
-0.00207547984493
-0.00200389009953
-0.00434682914986
-0.00519463551091
-0.00337930235043
-0.00157054725334
-0.00379015768603
-0.00207082417308
-0.00199923701215
-0.00434218387898
-0.00518932972666
-0.0033739757793
-0.00156520566937
-0.00378480701269
-0.00206547042535
-0.0019938862362
-0.00664957495128
-0.00518333220197
-0.0033679547597
-0.00155916768115
-0.00377875875097
-0.00205941868873
-0.00434498921782
-0.00664353673227
