0.00113604486335
0.00290833335307
0.000944240379672
0.00255511453307
-0.000735182668551
0.00238944091952
-0.000881242288981
0.00117240500609
0.00290313582917
0.000938958839424
0.00254975181159
0.000840898628003
0.00238392700692
-0.000886824818698
0.00120947156411
0.00289866704117
0.00093441780907
0.00254514097642
0.000836220992545
0.00237918616724
-0.000891624660379
0.00122110182203
0.0028949270682
0.000930617371639
0.00254128211449
0.000832306220619
0.00237521849498
-0.000895641715976
0.00121814069567
0.0028919159765
0.000927557596633
0.00253817529853
0.000829154388187
0.00237202406922
-0.000898875903415
0.00121589640972
0.00288963381939
0.000925238540011
0.00253582058714
0.000826765556414
0.00236960295363
-0.000901327156611
0.00121436900263
0.00288808063731
0.000923660244192
0.00253421802473
0.000825139771661
0.00236795519648
-0.000902995425471
0.00121355850057
0.00288725645776
0.000922822738045
0.0025333676415
0.000824277065486
0.00236708083062
-0.000903880675902
0.00121346491742
0.00288716129535
0.000922726036891
0.00253326945351
0.000824177454632
0.00236697987349
-0.000903982889811
0.00121408825478
0.00402508716434
0.000923370142499
0.0025339234626
0.000824840941034
0.0023676523271
-0.000903302065108
0.00121542850197
0.00402645002834
0.000924755043087
0.00253532965643
0.000826267511813
0.00236909817804
0.000938319218636
0.00121748563605
0.0040285418758
0.00092688071332
0.0025374880085
0.000828457139279
0.00237131739749
0.000940566062815
0.00122025962175
0.00403136266965
0.000929747114319
0.00254039847809
0.000831409780936
0.0023743099412
0.000943595855858
0.00122375041157
0.00403491235994
0.000933354193657
0.00254406101032
0.000835125379483
0.00237807574952
0.000947408535853
0.00122795794572
0.00403919088379
0.00093770188537
0.00254847553615
0.000839603862819
0.00238261474737
0.000952004024901
0.00123288215214
0.00404419816545
0.000942790109957
0.00255364197234
0.000844845144056
0.00238792684432
0.000957382229123
0.00123852294652
0.00404993411625
0.000948618774394
0.00255956022153
0.000850849121517
0.0023940119345
0.000963539313379
0.00124488023227
0.00405639863465
0.000955187772136
0.00256623017217
0.000857615678758
0.00240086989668
0.000970482602439
0.00125195390059
0.00406359160623
0.000962496983132
0.00396059962846
0.000865144684569
0.00240850059427
0.000978208229257
0.00125974383041
0.00407151290373
0.000970546273833
0.00396877259087
0.000873435992993
0.00241690387533
0.000986716036144
0.00126824988846
0.00408016238699
0.000979335497204
0.00397769683537
0.000882489443338
0.00242607957255
0.000996005849496
0.00287533805364
0.00364919852715
0.00442021989734
0.000906165664248
-0.00100214128578
-0.0002999170855
0.000389027897208
0.0028676048821
0.00364117886585
0.00441189266556
0.000897512722257
0.00173730318429
-0.000309278090954
0.000367030911095
0.00286076974769
0.00363408705554
0.00440452882489
0.00088986080203
0.00172934658536
-0.000317556289797
0.000328314208061
0.00285482910747
0.00362792329989
0.00439812860334
0.000883210159383
0.00172243108745
0.00256218284773
0.000282696778365
0.00284978311997
0.00362268777598
0.00439269219913
0.000877561016728
0.0017165569406
0.00253227216884
0.00024620266838
0.00284563191988
0.00361838063422
0.00438821978069
0.000872913563036
0.00171172435728
0.00249831676518
0.00021082217045
0.00284237561802
0.00361500199842
0.0043847114866
0.000869267953808
0.00170129477536
0.00245752761333
0.00321237406503
0.00284001430132
0.00361255196568
0.0043821674256
0.000866624311044
0.00167074805593
0.00242571612016
0.00317922520236
0.00283854803286
0.00361103060643
2.91710738054e-05
0.000864982723228
0.0016337203596
0.00239497845488
0.00314719427401
0.00283797685178
0.00361043796442
2.85556856496e-05
0.000846843744126
0.0016052387039
0.0023653158128
0.00311628263138
0.00283830077334
0.00361077405668
2.89046774801e-05
0.000820470620021
0.00157779113306
0.00233672934912
0.00308649158071
0.00283951978889
0.00361203887356
2.84046992903e-05
0.000787941963642
0.0015513786346
0.00230922017867
0.0030578223828
0.00284163386587
0.00361423237868
4.95953773287e-06
0.00076356000896
0.00152600216004
0.00228278937576
0.00303027625277
0.00284464294783
0.00361735450899
-1.75266526738e-05
0.00074017487352
0.00150166262463
0.0022574379739
0.00300385435979
0.00284854695442
0.00360936010514
-4.58704594878e-05
0.000717787337217
0.00147836090727
0.00223316696566
0.00297855782683
0.00285334578142
0.00358956837691
-6.64366555067e-05
0.000696398147437
0.00145609785029
0.00220997730242
0.00295438773045
0.00285903930073
0.00357070172689
-8.60418863468e-05
0.000676008018935
0.00143487425933
0.00218786989424
0.00293134510053
0.00284409510557
0.00354594341448
-0.000104685545556
0.000656617633717
0.00141469090319
0.00216684560966
0.0029094309201
0.00282770722161
0.00352892851666
-0.000122367055954
0.000638227640925
0.00139554851372
0.00214690527552
0.00288864612511
0.00280570205931
0.00351284024048
-0.000139085869718
0.000620838656729
0.00137744778561
0.0021280496768
0.00286899160421
0.00279109992116
0.00349767904797
-0.000154841468473
0.000604451264227
0.00136038937636
0.0021102795565
0.00285046819859
-0.00404776378724
-0.00528642644285
-0.00150442819179
-0.00266191668768
-0.00379558738223
-0.00510657752886
-0.00132238134342
-0.00248788330791
-0.00373914984107
-0.00487739864746
-0.000922556065522
-0.00197812108627
-0.00309271754655
-0.004261295897
-0.000132777188566
-0.00141132218399
-0.00197012414063
-0.00335982574967
0.0012345321783
-0.000352417879035
-0.00217775223282
-0.00418470812438
-0.000379713901816
-0.00160520352007
-0.00276436468876
-0.00397221334037
-0.00519666549217
-0.00143547877916
-0.00259473133319
-0.0038489674758
-0.0050172186392
-0.00106475466376
-0.00222537853329
-0.00335761678855
-0.00453072663532
-0.000406230978434
-0.00168820690476
-0.00224977079228
-0.003641499591
0.000951616402908
-0.00064904564895
-0.00254059022771
-0.00429228296186
-0.000487940709828
-0.00170978423045
-0.00284918556258
-0.00411638330546
-0.00529672419934
-0.0015259475449
-0.00266789506933
-0.00394755212204
-0.00512127178802
-0.0012307306036
-0.00244897826571
-0.00358551279983
-0.00476255270475
-0.000641549235523
-0.00192650444743
-0.00249046742229
-0.00388395751398
0.000687097461026
-0.000973363993275
-0.000966308366412
-0.00439886826582
-0.000568319933559
-0.00181656370713
-0.00295771452396
-0.00422789354001
-0.000428913395757
-0.00164686055006
-0.00279147657517
-0.00401440007058
-0.00524313609673
-0.00139704182835
-0.00263582118342
-0.00377597110405
-0.0049563210581
-0.000838258493401
-0.00212572346116
-0.00269170796448
-0.00411529860056
0.000402844858296
-0.00125842816604
-0.00125133574837
-0.00447479142412
-0.000690689512804
-0.00189163162739
-0.00303401560993
-0.00430731998736
-0.000537286148854
-0.00173680943356
-0.00288183918208
-0.00409329760475
-0.000370583441334
-0.00154264658162
-0.00277537971672
-0.00392862843241
-0.00511164742682
-0.000995956940011
-0.00228544535776
-0.00288916751073
-0.00435836141471
0.000158355797539
-0.00150362595025
-0.00149650157894
-0.00451995674069
-0.00081350665484
-0.00200934287051
-0.00309602394677
-0.004380869098
-0.000612187698045
-0.00185495177814
-0.00299132140515
-0.00418287726204
-0.000462007396362
-0.00167917676429
-0.00288774324166
-0.00404318775781
-0.00522821724269
-0.00111431655383
-0.00244870869175
-0.0030903834414
-0.00456135296095
-4.58370504281e-05
-0.00170841404419
-0.00170126276386
-0.00461665281167
-0.00091732744327
-0.00211410476576
-0.00323802604273
-0.00448471971258
-0.000710359143621
-0.00193897896753
-0.00309396202093
-0.00423700801159
-0.000524306278806
-0.00177894811386
-0.0029625156439
-0.00411942670783
-0.000132956776701
-0.00124344654535
-0.00260789292243
-0.00325142423651
-0.00472382433114
-0.000209276425991
-0.00187233311006
-0.00186515921266
-0.00470779919332
-0.00101013212072
-0.00220848951022
-0.00338681730744
-0.00463624243134
-0.000830839849278
-0.00205892251951
-0.00324246098978
-0.00432043542118
-0.000585864175229
-0.00186138347692
-0.00306262018122
-0.00415719414907
-0.000228376605801
-0.0013608797148
-0.00215837851198
-0.00337193632997
-0.00484541020676
-0.00033159100657
-0.00199500952268
-0.0019878202407
-0.00480114902232
-0.00108901732847
-0.00227228313095
-0.00350331161608
-0.00475488521413
-0.000917739177836
-0.00215630396141
-0.00335621876175
-0.00443613766791
-0.000655554236402
-0.00198144412166
-0.00318511222718
-0.00426916521186
-0.000304765244707
-0.00143854968089
-0.00223716531724
-0.00345165009194
-8.73550190713e-05
-0.000412505092744
-0.00207616325231
-0.00206896313615
-0.00496436370213
-0.00122839151304
-0.00241401033873
-0.00358734517796
-0.00484047322074
-0.00104322941253
-0.00223368430638
-0.00343504839803
-0.00451631890362
-0.000782841415259
-0.00207483763158
-0.00326985675724
-0.00435547415099
-0.000341887939029
-0.0014762963123
-0.00227545584062
-0.00349039207309
0.000949507326145
-0.000451830586963
-0.00211560547761
-0.00210840008404
-0.00511229783752
-0.0013364144585
-0.00252386351356
-0.00371657868887
-0.00493430008712
-0.00117038255912
-0.00233463291583
-0.00354406893384
-0.0046334953671
-0.00091906875727
-0.00220132213609
-0.00337197673461
-0.00442132254786
-0.000343042861386
-0.00147403686964
-0.00227316382062
-0.00348807301156
0.000951847231944
-0.00046117770992
-0.00219079734507
-0.00229509546016
-0.00522939521881
-0.00143425605314
-0.00260169237422
-0.0038403313623
-0.00506028725707
-0.0012637999991
-0.00246362811467
-0.003675508468
-0.00476721932412
-0.0010589174817
-0.00230106109662
-0.003463117968
-0.00451409680933
-0.000416957610131
-0.00144280955079
-0.00224132766641
-0.00345562299749
0.000957724686198
-0.000554276850339
-0.000825958239573
-0.00243415887989
-0.00533841787952
-0.00153256256971
-0.00266717964912
-0.003931485737
-0.00515309282815
-0.00132334073512
-0.00255822400796
-0.00377190321137
-0.00486529418684
-0.00116239204845
-0.00240667446965
-0.00353465275428
-0.00457835831322
-0.000482961797495
-0.00142893478818
-0.00215797456037
-0.00346696056427
0.000861907850942
-0.00065087102443
-0.000923042883806
-0.00253143363475
-0.000426009730709
-0.00165011739415
-0.00281022572895
-0.0039899116943
-0.00521257950394
-0.00134891329267
-0.00261827013562
-0.00384252083237
-0.00493698104639
-0.0012394917168
-0.00248516125269
-0.00360425209201
-0.00459960568245
-0.000498476886507
-0.00144465867176
-0.00219777827118
-0.0035207931626
0.000807480860344
-0.000705740807937
-0.000978192067661
-0.00278081599737
-0.000536791777783
-0.00175929244274
-0.00292122106307
-0.00402430039093
-0.000248090497039
-0.00135769299787
-0.00265309738273
-0.00386840609097
-0.0049633192554
-0.00126972955339
-0.00251602691965
-0.00363570445238
-0.00463159330787
-0.000478168894713
-0.00142040154014
-0.00221037580313
-0.00371988889536
0.000591085719175
-0.000918231320806
-0.00119074895095
-0.00279392561021
-0.000662474592421
-0.0018500648759
-0.00300878701215
-0.00406020229825
-0.000240723721496
-0.00135020266909
-0.00264381135486
-0.00385894276033
-0.00495369028784
-0.00126323478028
-0.00250939724118
-0.00362894870487
-0.00478828141026
-0.000659967555877
-0.00154557236634
-0.00237059628428
-0.00369156987045
0.000619717724809
-0.000889366153637
-0.00116173665709
-0.00276485628643
-0.000748213769849
-0.00193724687297
-0.00305526413166
-0.00410739382593
-0.000199921774457
-0.00130871690671
-0.00259985378591
-0.00381414659587
-8.26099690863e-05
-0.00139375730116
-0.00263902286338
-0.00375773854551
-0.00474256607216
-0.000613575906624
-0.00131045612151
-0.00230219154077
-0.00362222432504
0.000689828286919
-0.000818685705975
-0.00109069662045
-0.00269367686702
-0.000808977957237
-0.00199262189606
-0.00307326330188
-0.00412170905354
-0.000125745392567
-0.00139419297472
-0.00268218845605
-0.00389498547684
-1.15826590524e-06
-0.00131389823814
-0.00255750983327
-0.00367468015089
-0.00465809797451
-0.000527861056751
-0.00122368380195
-0.00219346529634
-0.00351200757167
0.000189114877282
-0.00130662114864
-0.0015780625286
-0.00316496811774
-0.000844226413033
-0.00216593498781
-0.00324694214697
-0.00425294734096
-0.000199656254226
-0.00128495966671
-0.00256915377609
-0.00377980508823
0.000116026014415
-0.00119753859548
-0.0024387481877
-0.00355367466134
0.000448991954741
-0.000402999451865
-0.00166580874538
-0.00261134418026
-0.00336116438819
0.000341608170343
-0.00115289857535
-0.00142356442526
-0.00301016943236
-0.000997907360352
-0.00215751427626
-0.00323839030848
-0.00420476196041
-0.000147491940958
-0.00114207697594
-0.00242182234655
-0.00362968838206
0.000263164900825
-0.00104488508573
-0.00280676978086
-0.00391876655769
4.17543020272e-05
-0.000807767448406
-0.00150005315296
-0.00242276519534
0.00173969348992
0.000534822714207
-0.000958136450547
-0.00122782608291
-0.00281405275055
-0.000970375727969
-0.00211719119025
-0.00319743975724
-0.0041632336529
-6.20797325471e-05
-0.000965761135322
-0.00272592803306
-0.00393038251549
-0.000154351150076
-0.00138001867607
-0.00261423594941
-0.00372263345954
0.000241168238862
-0.000605453901023
-0.00129528169808
-0.00219481930699
0.00197070709306
0.000768328854357
0.000337055479682
-0.00203116874319
-0.00359024644586
0.00330962137022
-8.96243826396e-05
0.00314510628782
-0.000224632475877
0.00317527285667
-0.00015091672052
0.000705423770177
0.00329896424615
0.00184683102114
0.00313420552828
-0.000235639836154
0.00316417050524
-0.000162101433913
0.000694170247286
0.0032890334503
0.00183678231427
0.00312404766266
-0.000245897055134
0.00315382475274
-0.000172523949605
0.00338840454352
0.00327982915752
0.00182746871925
0.0031146328781
-0.000255403940149
0.00314423579688
-0.000182184065467
0.00337868497643
0.00327135152996
0.00181889040404
0.0031059613481
-0.000264160312564
0.00313540382096
-0.000191081594096
0.00336973268107
0.00326360071696
0.00181104752339
0.00309803323251
-0.000272166007796
0.00312732899386
-0.000199218225469
0.0033615478333
0.00325657685514
0.00180394021883
0.0030908486775
-0.000279420875331
0.00312001147002
-0.000206590076388
0.00335413059396
0.0032502800683
0.00179756861863
0.00308440781558
-0.000285924778736
0.00311345138943
-0.00021319886636
0.00334748110887
0.00324471046748
0.00179193283781
0.00307871076557
-0.000291677595671
0.00310764887764
-0.000219044467034
0.00333943684582
0.00323986815088
0.00178703297815
0.00307375763259
-0.000296679217903
0.00310260404571
-0.000224126764855
0.00332072381494
0.00323575320392
0.00178286912813
0.00306954850804
0.001897001038
0.00309831699021
-0.00022844566108
0.00330277631096
0.00323236569919
0.00177944136296
0.00306608346962
0.0018935020734
0.00309478779323
-0.000232001071783
0.00328559468588
0.00322970569645
0.00177674974456
0.00306336258128
0.00189075454347
0.00309201372838
-0.000234792927866
0.00326917927691
0.00322777324264
0.00177479432156
0.00306138589325
0.00188875849993
0.00309000043666
-0.000236821175063
0.00325353040638
0.00322656837186
0.00177357512928
0.00306015344204
0.00188751398037
0.00308874516268
-0.00023808577395
0.00323864838175
0.00322609110537
0.00177309218976
0.00305966525039
0.0018870210082
0.00308824793047
-0.000238586699941
0.00321074081684
0.00322634145159
0.00177334551173
0.00305992132732
0.00188727959272
0.00308850874957
-0.0002383239433
0.00316451735834
0.00322731940611
0.0017743350906
0.0030609216681
0.00188828972905
0.00308952761496
-0.000239518067255
0.00311904535116
0.00499745564659
0.00177606090849
0.00306266625427
0.00189004674157
0.00309130450715
0.002200115826
0.00307432567236
0.00499988875308
0.00177852293423
0.00306515505361
0.00189255991033
0.00309383939208
0.00218915123461
0.0030303591858
0.00500304937758
0.00178172112334
0.00306838802017
0.0018958245314
0.00309713222123
0.0021481276901
0.0029871467421
0.00154475790522
0.00221930591007
0.00287260671823
-4.21236601787e-05
-0.00301358897721
-0.00233719207331
-0.00162310702495
0.00151233368748
0.00218587274129
0.00282860338926
-8.75274779895e-05
-0.00306043528667
-0.00238551700611
-0.00167373566488
0.00148074969159
0.00215330531744
0.00278548484572
0.0033677639659
-0.00310634232633
-0.00243287452919
-0.0017240344467
0.00145000666978
0.00212160446264
0.00274325223802
0.00332418478257
-0.00315130871177
-0.00247926312505
-0.00177379426586
0.00142010535514
0.00209077098013
0.00270190669484
0.00328151978606
0.00030445049123
-0.00252468130418
-0.00182255610174
0.0013910464615
0.0020608056521
0.00266144932302
0.00323977019108
0.000261369464367
-0.00256912760524
-0.00187031828882
0.00136283068334
0.00202532087021
0.00262188120741
0.00319893718834
0.00021923308981
-0.00261260059535
-0.0019170791921
0.00133545869575
0.00198783928066
0.00258320341073
0.00315902194442
0.00017804264788
0.000877625584736
-0.00196283813874
0.00130893115429
0.00195075029718
0.00254541697342
0.0031200256016
0.000137799392396
0.000836103400394
-0.00200759169299
0.00127279839634
0.00188675866078
0.00247950406188
0.0030526312821
6.88992624489e-05
0.000765683315012
0.0014922872726
0.00121159369013
0.00182360646643
0.00241433054165
0.00298536619275
-5.21810476994e-07
0.000694051358497
0.00144954723405
0.00115120629549
0.00176129526914
0.00235002237097
0.00291899139603
-6.90271604998e-05
0.000623359976416
0.00140315301951
0.00109163761625
0.00169982660698
0.00228658123562
0.00285350873969
-0.000136614762987
0.000553612316858
0.00133120175778
0.00103288904032
0.00163920200092
0.00222400880294
0.00278892005165
-0.000203279820609
0.00048481057382
0.0012602227911
0.000974961939598
0.00157942295461
0.00216230672164
0.00272522713978
-0.000269025939486
0.000416956918215
0.00119021849456
0.000917857669789
0.00152049095423
0.00210147662157
-0.000993995584318
-0.000333848365653
0.000350053497549
0.00112119121822
0.000861577570264
0.00146240746833
0.00204152011354
-0.00105589160166
-0.000397745161206
0.000284102435611
0.00105314328673
0.000806122963908
0.00140517394762
0.00198243878911
-0.00111688654194
-0.000460714410606
0.000219105832156
0.000986076999004
0.000751495156975
0.00134879182483
0.0019242379457
-0.00117697867988
-0.000522754220944
0.000155065762594
0.000919994627818
0.000697695438936
0.00129326251452
0.00186691168518
-0.00123616631142
-0.000583862722211
9.1984277683e-05
0.000854898419486
0.000644725082341
0.00123858741291
0.00181046526547
-0.00129444775398
-0.000644038067564
2.98634032167e-05
0.000790790593484
0.000796699872062
-7.52764495027e-05
-0.000407327785507
-0.00085069710031
-0.00142844859321
-0.00158109354682
-0.00215576787512
0.000843885847202
-2.73870344632e-05
-0.000358975557487
-0.00077741611476
-0.00135442370624
-0.00150639884748
-0.00208030140766
0.000892549222738
2.20006091278e-05
-0.000309111426359
-0.000702664969827
-0.00127891571684
-0.0014302038407
-0.00200332127498
0.000942686371359
7.2882692655e-05
-0.000257739289349
-0.00062644938509
-0.000633300338345
-0.00135251461278
-0.0019248337445
0.000994293568309
0.000125255326209
-0.000204863147547
-0.000548775161671
-0.000554843888629
-0.00127333733556
-0.00184484517081
-0.00387234497335
0.000179114520015
-0.000150487104413
-0.000469648180239
-0.000474922245196
-0.00119267826415
-0.00176336199334
-0.00381780923711
0.000234456185887
-9.46153642573e-05
0.000160175625311
-0.000393541538295
-0.00111054373472
-0.00168039073401
-0.00376181519805
-0.00462843582735
-3.72522306809e-05
0.000219485972304
-0.000310707974997
-0.00102694016231
-0.00159593799492
-0.00370436695714
-0.0045701418681
2.15978949961e-05
0.000280287922162
-0.000226427837085
-0.000941874038531
-0.00151001045602
-0.00364546870588
-0.00451037827685
0.000650337171724
0.000342576787334
-0.000140707478934
-0.000855351929377
-0.00142261487274
-0.0035851247249
-0.00444914952034
-0.00427006858886
0.000406347785978
-5.35533253842e-05
-0.000767380472967
-0.00133375807369
-0.0035233393824
-0.00386457119966
-0.00420678484779
0.000471596043688
3.50281303764e-05
-0.000677966377309
-0.00124344695829
-0.00346011713272
-0.00380042587432
-0.00414203266465
-0.00444572135539
0.000125030328935
-0.000587116418066
-0.00115168849444
-0.00339546251483
-0.0037348293221
-0.00407581690487
-0.00437753356428
0.000216446646773
-0.000494837436318
-0.00105848971622
-0.00280749119434
-0.0036677863631
-0.0040081425216
-0.00430788367515
0.000305438831619
-0.000401136336339
-0.000963857721517
-0.00273998578768
-0.00359930190168
-0.00393901455407
-0.00423677691503
-0.00460703846961
-0.000306020083369
-0.000867799669753
-0.002671062122
-0.00352938092478
-0.0038684381258
-0.00416421859463
-0.00453401814222
-0.0002094957014
-0.000581517616636
-0.0031777604193
-0.00345802850025
-0.00379641844284
-0.00409021410646
-0.00445954362867
-0.00509560915293
-0.000482629163501
-0.00310601489829
-0.00338524977514
-0.00372296079205
-0.00401476892306
-0.00438362050184
-0.00499628980893
-0.000382336477585
-0.00303286593303
-0.003311049974
-0.00364807053925
-0.00393788859511
-0.0043062544137
-0.00472184318381
-0.00028064694137
-0.00295831861112
-0.00323543439716
-0.00357175312747
-0.00385957874958
-0.00422745109345
-0.0046197576238
-0.00517667334033
-0.00397197934783
-0.00448054969948
-0.00134092368921
-0.00497883212555
-0.00166588999887
-0.00286151134279
-0.00154494317474
-0.0033670362157
-0.00440553353982
-0.00126602701088
-0.00490446169106
-0.00159242738722
-0.00278929684937
-0.0014742646241
-0.00329087333253
-0.00432907265166
-0.00118968758999
-0.00482865727884
-0.00151754598597
-0.00271568458648
-0.00140221438834
-0.00321327619975
-0.00372333585388
-0.00111191106777
-0.00475142441767
-0.00144125113319
-0.00264067963666
-0.00132879724611
-0.00313425049697
-0.0036440025857
-0.00103270316141
-0.00467276871131
-0.00136354824019
-0.0025642871533
-0.00125401804391
-0.00305380197758
-0.00356324181654
-0.000952069662193
-0.00459269583668
-0.0012844427898
-0.00248651235903
-0.00117788169461
-0.0029719364669
-0.00348105943624
-0.000314991019968
-0.00451121154199
-0.00120394033462
-0.00240736054409
-0.00110039317603
-0.00288865986021
-0.00339746140508
-0.000231523995755
-0.00442832164493
-0.00112204649525
-0.0023268370647
-0.0010215575294
-0.00280397812092
-0.0033124537519
-0.00322041973091
-0.00382458639911
-0.00103876695856
-0.00224494734143
-0.000941379857923
-0.00271789727867
-0.00322604257215
-0.00313414318826
-0.00373890301886
-0.000954107475893
-0.00216169685758
-0.000859865325272
-0.0026304234274
-0.00313823402594
-0.00304647105375
-0.00365183188739
-0.000868073861309
-0.00207709115753
-0.000777019154093
-0.00254156272347
-0.00304903433612
-0.00295740952311
-0.00356337908162
-0.000239067865831
-0.00199113584509
-0.000692846624516
-0.00245132138374
-0.00295844978637
-0.00286696485272
-0.00347355073861
-0.000150303671696
-0.00190383658187
-0.000607353072653
-0.00235970568373
-0.00286648671925
-0.00277514335777
-0.0033823530537
-6.01831465401e-05
-0.0012927690308
-0.00508963991418
-0.00226672195566
-0.00277315153429
-0.00268195141029
-0.00328979227872
-0.00434790517053
-0.00333786492372
-0.00500152054253
-0.0021723765866
-0.00267845068605
-0.00258739543732
-0.00319587472003
-0.00425509017915
-0.0032465683312
-0.00442506040614
-0.00207667601659
-0.00258239068224
-0.0063885542006
-0.00310060673677
-0.00416093715863
-0.00315395097951
-0.00433433719351
-0.00556834277058
-0.00248497808178
-0.006291289668
-0.00300399473897
-0.00406545231271
-0.00306001879463
-0.00424232042647
-0.00546995132121
-0.00238621949295
-0.00619268070174
-0.00290604518574
-0.00396864189379
-0.00296477775054
-0.00414901574559
-0.00520400276822
-0.00228612157143
-0.00609273392975
-0.00280676458342
-0.00387051220118
-0.00286823386756
-0.00405442883694
-0.00510294678838
-0.00218469101848
-0.0059914560255
-0.00270615948377
-0.00377106957935
-0.00277039321074
-0.00395856543063
