0.00345659837181
0.00191075818006
0.00527829184746
0.00453273758787
0.00315767330348
0.00664614840236
0.00508159353373
0.00353031060561
0.00198536994028
0.00535637849097
0.00461178907984
0.00323585987429
0.00672641138811
0.00516513943059
0.00360468200001
0.00206064783819
0.0054351353074
0.00469151758752
0.00331473219222
0.00680736569866
0.0052493811725
0.00367971140935
0.00213659068763
0.00626026636169
0.00477192180273
0.0033942889317
0.00193350771887
0.00533431728655
0.00375539768052
0.00221319729482
0.0063403597246
0.00485300040965
0.00347452875916
0.0020158405064
0.00541994629186
0.00383173965305
0.00300652033918
0.00642111944611
0.00493475208487
0.00355545033304
0.00209886043011
0.00550626669976
0.00390873615917
0.00308445085044
0.00650254423998
0.00501717549749
0.00363705230398
0.00218256607792
0.00559327701387
0.00398638602393
0.00316304149319
0.00658463281273
0.00510026930923
0.00371933331484
0.00226695603003
0.00568097573021
0.00478074194596
0.003242291044
0.00666738386373
0.00518403217453
0.00380229200087
0.00235202885898
0.00576936133731
0.00485969497466
0.00332219827225
0.00675079608531
0.00526846274062
0.00388592698976
0.0024377831298
0.00585843231635
0.00493929779466
0.00340276194017
0.00187579524508
0.00535355964764
0.00397023690176
0.00252421740006
0.00594818714126
0.00501954920299
0.00348398080301
0.00196052585693
0.00543932152874
0.0040552203498
0.00261133022003
0.00660136849396
0.00510044798989
0.00356585360906
0.00204591367484
0.00552574701017
0.00414087593955
0.00269912013276
0.00669248640396
0.00518199293886
0.00364837909976
0.0021319573638
0.00561283471136
0.00422720226957
0.00278758567419
0.00678428353923
0.00526418282679
0.00373155600977
0.00221865558221
0.00570058324505
0.00431419793135
0.00341592761634
0.00687675834584
0.005347016424
0.00381538306708
0.00230600698194
0.00578899121736
0.00440186150948
0.0035057399951
0.00696990926318
0.00543049249434
0.0038998589931
0.00239401020848
0.00587805722789
0.00502939382478
0.0035962235688
0.00208469052505
0.0055146097953
0.00398498250271
0.00248266390096
0.00596777986983
0.0051183889621
0.00368737684603
0.00217918895578
0.00559936707802
0.00407075230438
0.00257196669231
0.00659735997316
0.00520804772889
0.00377919832879
0.00227435877641
0.00568476308746
0.00415716710023
0.0026619172093
0.00668839163233
0.00529836868301
0.00387168651261
0.0023701984007
0.0057707965624
0.00424422558616
0.00275251407267
0.00678007566496
0.00538935037588
0.00396483988669
0.00246670623632
0.00615551161802
0.00240367966943
0.00410532023231
0.00536755509066
0.00648728496253
0.00299680424944
0.00434550876416
0.00624950434672
0.00250123051673
0.00420475619311
0.00547057664826
0.00659253051393
0.00310652769221
0.00445162379282
0.00634427069797
0.00299622421816
0.00430465904772
0.00557444462019
0.00669865190477
0.00321715296434
0.00455868974129
0.00643980857733
0.00309536347588
0.00440538168207
0.00567915619755
0.00680564604441
0.0033230919658
0.00466670292575
0.00653611588097
0.00319529345414
0.00450692156106
0.00578470856121
0.00210940526491
0.00342747011061
0.00477565964905
0.00663319049583
0.00329601181727
0.00460927613961
0.00589109888209
0.00221813558769
0.00353275999473
0.0048855562012
0.00673103029987
0.00339751622049
0.00471244286288
0.00599832432148
0.00232772932449
0.00363895830295
0.00499638885989
0.00223486010808
0.00349980431009
0.00481641916657
0.00610638203134
0.00243818334394
0.00374606170773
0.00510815389099
0.00233422388921
0.0036028737237
0.00492120247717
0.00621526915463
0.00254826532484
0.00385406686959
0.00522084754902
0.00243434644123
0.00370672209051
0.00502679021222
0.00649524110865
0.00265275735814
0.00396297043757
0.0053344660777
0.00253522560796
0.00381134703146
0.00513317978054
0.00660286709401
0.00275811865424
0.0040727690496
0.00544900571036
0.00263685922522
0.00391674615951
0.00523820868046
0.00671132064639
0.00286434619654
0.00418345933298
0.00556446267051
0.00273924512096
0.00402291707981
0.00534339747686
0.00682059892747
0.0029714369577
0.0042950379047
0.00570600682144
0.00284238111549
0.00412985738998
0.00544938638886
0.00693069909046
0.00307938790009
0.00440750137195
0.00582328706997
0.00294626502165
0.00423756468027
0.00555617284045
0.00704076683723
0.00318819597606
0.00452084633243
0.00594147326208
0.00305089464499
0.00434603653383
0.00582733081313
0.00714559342554
0.00329785812832
0.00463506937482
0.00606056158657
0.003156267784
0.00445527052691
0.00593460742289
0.00225317721185
0.00340837129027
0.00475016707915
0.00618054822476
0.00326238223027
0.00456426959985
0.00603922177096
0.00235917806225
0.00351973238637
0.00488979906119
0.0063014293509
0.00336923576868
0.00467163441985
0.00614463316083
0.0024660035963
0.00363193833242
0.00500663579691
0.00640332304772
0.00347682617759
0.00477625026341
0.00625083905406
0.00257365104989
0.0037442201436
0.00512368999283
0.00650561117488
0.00358515122902
0.00503688267599
0.00635783690394
0.00268211765015
0.00385699157572
0.00522870653101
0.0066076087625
-0.00745060638606
-0.0067636551833
-0.00750641707787
-0.0068854667358
-0.00741069801878
-0.00705358355658
-0.00723542810836
-0.00694712553857
-0.00700353886845
-0.00703628272135
-0.00206776074586
-0.00203922235414
-0.00192632562049
-0.00187457022843
-0.00215176870678
-0.00201942773435
-0.00182222976107
-0.00167924047209
-0.00143425921516
-0.00198846833112
-0.00161321776793
-0.00790052931126
-0.00882505287971
-0.00797229284331
-0.00249939848659
-0.00307274595416
-0.00264532833371
-0.00282942444163
-0.00249465331575
-0.00257175436659
-0.00251046193371
-0.00251146007127
-0.00248264075847
-0.00230067606773
-0.00257992393383
-0.00249519000501
-0.00232812681068
-0.0021040451368
-0.00192073647911
-0.00251190325902
-0.00220210883094
-0.00180781874093
-0.00368091942048
-0.00461343589861
-0.00361921008861
-0.00430104561573
-0.00358258162385
-0.00315951107721
-0.00334573357976
-0.00306833188918
-0.0030337187836
-0.00293362995685
-0.00290915131245
-0.00288007546747
-0.0030114525017
-0.00287663235417
-0.0027913413061
-0.00259607308059
-0.00319711139924
-0.00297325534438
-0.00270440057031
-0.00236822707434
-0.00195515095883
-0.00404446322973
-0.00498423498654
-0.00405774980747
-0.00477447471622
-0.00404779630178
-0.00443735910004
-0.00387414948094
-0.00353941860776
-0.00345436339102
-0.00330997003538
-0.00325959532077
-0.00359158502354
-0.003359859548
-0.0031421826413
-0.0030392868252
-0.00367459607072
-0.00339741876481
-0.00311839520455
-0.00284869081858
-0.00248631145366
-0.00340006830716
-0.00436326560372
-0.00536625932664
-0.0045226555956
-0.00524683076162
-0.0044805731439
-0.00491648122206
-0.00429888635874
-0.00428300317036
-0.00387427622589
-0.00402206702504
-0.00392295847314
-0.00389345168586
-0.003660145699
-0.00337195420617
-0.00409712044491
-0.00384519440428
-0.00356697118635
-0.00321458915073
-0.00294431871355
-0.00390129487319
-0.00345166315394
-0.00684779122384
-0.00577768035206
-0.00494236716071
-0.00572814920569
-0.0049685416178
-0.00530458749138
-0.00467573622381
-0.00465971466701
-0.00460731207081
-0.00439265016784
-0.00417695866876
-0.00414597061881
-0.00391132588308
-0.00441107078552
-0.00424639252501
-0.00396620453601
-0.00368723464042
-0.00460682790233
-0.00433628040034
-0.0039223562311
-0.00345507727231
-0.00720499581915
-0.00614342359794
-0.00711948875653
-0.0061076049281
-0.00535269633931
-0.00569174191803
-0.00501556037755
-0.00534588870782
-0.00493026542525
-0.00475544761371
-0.00440555162991
-0.00434828381099
-0.00497145180115
-0.00454113393393
-0.00434549891855
-0.00405733415916
-0.00510311517012
-0.0046271767172
-0.00433382408745
-0.00389473012001
-0.00341030009806
-0.00751639873256
-0.00651526861703
-0.00744508913531
-0.00643871272059
-0.00568797252895
-0.00602968042687
-0.00571313754254
-0.0056344559617
-0.00520300570133
-0.00502707730987
-0.00546134809675
-0.00535858586274
-0.00512203988655
-0.00468219214722
-0.00439410357236
-0.00545092632691
-0.00512377689939
-0.00464762220382
-0.00428225871741
0.000891437302818
-0.000582237247858
-0.0078318334728
-0.00678644620376
-0.00772199050401
-0.00672036349628
-0.00726996722586
-0.00666992063413
-0.0060015847099
-0.00592236727709
-0.00542456697907
-0.00610589456893
-0.00568003339246
-0.00545855016388
-0.00036717148267
7.36702019838e-05
-0.001027065016
-0.000738600045101
-0.000384175548576
9.16722966559e-05
0.00052852695859
-0.000981623266395
-0.000458973480949
-0.00804896783288
-0.00700897498463
-0.00794926970461
-0.00729520173302
-0.00316260930466
-0.00208477313186
-0.00221891174394
-0.00124850160938
-0.00160251031498
-0.00142496442242
-0.000993101741341
-0.000652426792559
-0.000415075453725
-0.00146306751217
-0.0010048194246
-0.000686216503856
-0.000304961828911
-0.00180250726133
-0.00129490683258
-0.000833972074972
-0.000288234794222
-0.00387050817733
-0.00263656415601
-0.00394440466327
-0.00278999750135
-0.00334493913678
-0.0022686050375
-0.00240333281481
-0.00237976976167
-0.00208623603944
-0.00154144633967
-0.00110853087545
-0.000648622419638
-0.00190060608363
-0.00145932188147
-0.000974993604492
-0.00058367553941
-0.0021486875682
-0.00167500553048
-0.00109762073395
-0.00063863122488
-7.05351339178e-05
-0.00399067441471
-0.005462120404
-0.00407027458493
-0.0029180883414
-0.00347471412815
-0.0023994571485
-0.0034631453836
-0.00251079314102
-0.00221634581421
-0.00160510357859
-0.00270434472795
-0.00208217516984
-0.00184514833746
-0.00140442022184
-0.000894617930929
-0.00240388652967
-0.00197064241831
-0.00149879828406
-0.000872848870365
-0.00039619547088
-0.00220493271917
-0.00440835429245
-0.00553494811577
-0.00414468923068
-0.00490277877639
-0.00355144860774
-0.00340536959786
-0.00354077101608
-0.00258826944916
-0.00229327922153
-0.00310353372382
-0.00271484277551
-0.00207804921263
-0.00173821331192
-0.00129855352899
-0.00273653175737
-0.00220704005295
-0.00174396856858
-0.0012744438851
-0.00303867174173
-0.00250580336986
-0.00189536637889
-0.00443001414634
-0.00555715791445
-0.00416738405716
-0.00579061173541
-0.0044750289433
-0.00482436056496
-0.00356444745686
-0.00261190023429
-0.00379336481068
-0.00306102544274
-0.00267272068316
-0.00203650333267
-0.00158017776062
-0.00311465378552
-0.00257283229554
-0.00202865722544
-0.00147359828007
-0.00340105460108
-0.00275936075983
-0.00217147059026
-0.00154112658098
-0.00440223527933
-0.00552867383904
-0.00500301289738
-0.00576098860214
-0.00444501356174
-0.00479409425919
-0.00353408270508
-0.0049027073926
-0.00376327144326
-0.00296557388512
-0.00257813352774
-0.00391577240678
-0.00334415813944
-0.00290812228027
-0.00237304249963
-0.00180158680855
-0.00358190745819
-0.00308263166992
-0.00243415631833
-0.00179256268302
-0.0011642490607
-0.00703602041361
-0.00627450713027
-0.00492220990813
-0.00567875378127
-0.00436169275042
-0.00471007879134
-0.0048988204147
-0.00481858146318
-0.0036797347315
-0.00284176192079
-0.00440217947303
-0.00377105582723
-0.00308573577906
-0.00265221881752
-0.00212439654709
-0.00392496563381
-0.00326407017468
-0.00271853492051
-0.00207406117653
-0.00137012623403
0.000441523924566
-0.00769286913507
-0.00614509918056
-0.00708871900715
-0.00554420975222
-0.00563230216469
-0.00597955772389
-0.00476093480866
-0.00468095957073
-0.00354307170056
-0.00499761748313
-0.00420388493247
-0.003575429507
-0.00280204927329
0.00207979145422
-3.20560236146e-05
0.000591228509454
0.00128948823963
0.00188423674549
-0.000482066514647
0.00022821788384
0.000900510718299
-0.00751794955256
-0.00596580008068
-0.00690556115036
-0.0067118870042
-0.00726414358411
-0.00578921094129
-6.36262974908e-05
1.59865735354e-05
-0.000920185466102
-0.00041997882993
0.000468560616728
0.0010520910774
0.00187510352427
-0.000200158913314
0.00031177048505
0.000959500093419
0.00165551992885
-0.0007150253759
-3.58157114153e-05
0.000678699196764
0.00137553112114
-0.00340988233354
-0.00163042825633
-0.00397033593146
-0.0022826246068
-0.00283181531448
-0.00118033075321
0.000179681811673
-0.00186037657775
-0.000678996340582
-0.000181583927108
0.000767751001398
-0.00128193213169
-0.000466664981866
0.00014243433824
0.000701671304342
0.00137281587482
-0.000945003510734
-0.000268378805117
0.000436263258528
0.00116126817485
0.0018561301216
-0.00313937762939
-0.0027583057595
-0.00368735256683
-0.00199479531388
-0.00254031627503
-0.000886486961061
-0.00306884678072
-0.001566160121
-0.000386768328918
0.000107299875134
-0.00151333993261
-0.000938260766786
-0.000128829447271
0.000495312239037
0.00113649306562
-0.00119215893753
-0.000502829371648
0.000199498032963
0.000917164697883
-0.00168136117342
-0.000973435216383
-0.00414748554441
-0.00243349921412
-0.00335579407023
-0.00165763912113
-0.00416304622555
-0.00259238206781
-0.00272368809716
-0.00122163204513
-0.000935499145336
-0.00216341770782
-0.00114321908375
-0.000547279310565
0.000255618300471
0.000893937890917
-0.00139354759907
-0.000729507995482
-1.95570517403e-05
0.00066518439803
-0.00190482136538
-0.00119968023882
-0.000481991847646
0.00336420298288
0.00166278762297
-2.21619494183e-05
0.00258400497951
0.00108245488138
0.00222358284459
0.000540275518507
0.00332676408593
0.00162141836343
-6.40797001468e-05
0.00254389977686
0.00104184292404
0.00218160437177
0.000497685743298
0.00329003242789
0.00158076361934
-0.000105273425759
0.00250452935437
0.00369878498656
0.0021403785523
0.000455859146354
0.00325400863106
0.00154082409619
-0.000145742391873
0.0024658944337
0.00365966123757
0.00209990618045
0.000414796556721
0.00321869330646
0.00150160048796
-0.000185485876057
0.00242799572395
0.00362128270332
0.00206018803708
0.000374498789469
0.00318408705374
0.00146309347708
-0.000224503167899
0.0050876442118
0.00358365010677
0.00202122488955
0.000334966645616
0.0031501904612
0.00142530373434
-0.000262793569062
0.000765090972994
0.00354676415774
0.00198301749161
0.000296200912047
0.0031170041057
0.00138823191885
0.00230171831485
0.000729405024
0.00351062555284
0.00194556658341
0.000258202361441
0.00308452855261
0.00135187867798
0.00226486044827
0.000694457995431
0.00347523497541
0.00190887289136
0.000220971752191
0.00305276435578
0.00391833291244
0.00222873148054
0.000660250532637
0.00344059309546
0.00187293712809
0.000184509828336
0.00302171205747
0.00388341871573
0.0021933320615
0.000626783268042
0.00340670056957
0.00183775999237
0.000148817319484
0.00299137218834
0.0038492249648
0.00215866282861
0.000594056821078
0.0033735580409
0.00180334216906
0.000113894940739
0.0055638335325
0.00381575225953
0.00212472440688
0.000561400534371
0.00334116613906
0.00176968432903
7.97433926374e-05
0.00119519528786
0.00378300118781
0.00209151740887
0.000527784226718
0.0033095254801
0.0017367871291
4.63633610722e-05
0.00116699577331
0.00375097232547
0.00205904243458
0.00049490926601
0.00327863666643
0.00170465121199
1.37555172286e-05
0.00113951069346
0.00371966623621
0.00202730007143
0.000462776262332
0.00324850028676
0.00167327720623
0.00252112122579
0.0011127405202
0.00368908347161
0.00199629089418
0.000431385812646
0.00321911691605
0.00164266572612
0.00249005971178
0.00108668571356
0.00365922457103
0.0019660154649
0.000400738500737
0.00319048711547
0.00161281737167
0.00245977231014
0.00106134672166
0.00363009006157
0.00193647433294
0.000370834897161
0.00316261143233
0.00412293343682
0.00243025963257
0.00103672398063
0.00360168045808
0.00190766803481
0.000341675559191
-0.00115063862759
0.00409461307626
0.00240152227576
0.00101281791465
0.00357399626301
0.00187959709422
0.000313261030767
0.00126908631294
0.00406705755506
0.00237356082127
0.00196417447039
0.00216094596136
0.0022958890855
-0.00172599374546
0.0014444951129
0.00163863953061
0.00126509804754
0.00191274766708
0.00210797791357
0.00224072303637
0.00113892292204
0.00138442350138
0.00157582926777
0.00119933670368
0.00186218039543
0.00205590209716
0.00218648377379
0.00108235765005
0.00132535469218
0.0015140635417
0.00113466427045
0.00181247393906
0.0020047199392
0.00213317290593
0.00102675779292
0.00126729074938
0.00145334470343
0.00421731647224
0.00176308671285
0.00195443284527
0.00208079201708
0.000972125142758
0.0012102337075
0.00139367507101
0.000194360147759
0.00171348114933
0.0019050421992
0.00202934266741
0.000918461464805
0.00115418557111
0.00133505692914
0.000132970422735
0.00166473860461
0.00185654936298
0.00490674344851
0.000865768497192
0.00109914831452
0.00127749252868
7.26801350784e-05
0.0016168603234
0.00180895567647
0.000699264675122
0.000814047950651
0.00104512388148
0.00122098408633
1.34918220748e-05
0.00156984753069
0.00176226245733
0.000650619059387
0.000763301508257
0.000992114184768
0.004177239138
-4.45920177648e-05
0.00152370143155
0.00171647100076
0.000602910977822
0.000713530825161
0.000940121105961
0.00412284912304
-0.000101568925205
0.00147842321103
0.00167158257939
0.000556141866684
0.000664737528336
0.000889146495053
0.00406952150694
-0.000157436480777
0.00143401403401
0.00162759844304
0.000510313136811
0.000616923216314
0.000839192170165
0.00401725836556
-0.000212192305271
0.001390475045
0.00438527315874
0.000465426173416
0.000570089458941
0.000790259917227
0.00396606173856
-0.000265834060214
0.00134780736805
0.00434310125005
0.000421482335884
0.000524237797122
0.000742351489672
0.00391593362904
-0.000318359448347
0.00130601210661
0.00430083099708
0.000378482957574
0.000479369742582
0.00356178519487
0.00386687600313
-0.000369766214099
0.00126509034337
0.00425826413536
0.000336429345623
0.000435486777619
0.00351592954688
0.00381889078969
-0.000420052144047
0.00122504314011
0.00421660562221
0.000295322780751
0.000392590354869
0.00347110278659
-0.000326400104631
-0.000469215067372
0.00386831152048
0.0041758566274
0.000255164517071
0.000350681897075
0.00342730653446
-0.000372234857713
-0.000517252856315
0.00383001653833
0.0041360182971
0.000215955781904
0.000309762796854
0.00338454237698
-0.000416991639328
-0.000564163426616
0.00379259917486
-0.000140258322694
0.000177697775598
0.0030010188916
0.00334281186643
-0.000460668673489
-0.000609944737952
0.00375606040698
-0.000178271980602
0.000140391671343
0.00296208256275
0.00330211652052
-0.000503264223293
-0.000654594794365
-0.00773290618074
-0.00409989974582
-0.00520487734329
-0.00645577749689
-0.00461829281516
-0.00575654763546
-0.00703795680678
-0.00771942364303
-0.00408584125657
-0.00519021346618
-0.00644048087979
-0.00460233989698
-0.00573992087024
-0.00702064744163
-0.00750776140707
-0.00407061103901
-0.00517432767075
-0.0064239099228
-0.00458505830602
-0.00572190969168
-0.00700189724687
-0.00749203158821
-0.00405420979153
-0.00515722074932
-0.00640606552504
-0.00456644906181
-0.00570251525365
-0.00698170752393
-0.00747517909994
-0.0040366382656
-0.00513889355437
-0.00635137399407
-0.00454651326105
-0.00568173879717
-0.00696007967236
-0.00745720465205
-0.00401789726559
-0.0051193469983
-0.00633098568443
-0.00452525207729
-0.0056595816501
-0.00693701518942
-0.00743810900096
-0.00399798764859
-0.0050985820532
-0.00630932703919
-0.00450266676055
-0.00563604522663
-0.00691251566951
-0.00741789294951
-0.00397691032423
-0.00507659975063
-0.00628639922842
-0.00447875863701
-0.00561113102688
-0.00688658280367
-0.00739655734681
-0.00395466625445
-0.00505340118138
-0.00805091932112
-0.00445352910856
-0.00558484063642
-0.00685921837896
-0.00737410308808
-0.0039312564533
-0.00499422308607
-0.00802545695715
-0.00442697965245
-0.00555717572575
-0.0068304242779
-0.00735053111441
-0.0039066819867
-0.00496859549121
-0.00799872933853
-0.00439911182084
-0.00552813804981
-0.00680020247776
-0.00732584241264
-0.00388094397222
-0.00494175525446
-0.00797073790125
-0.00436992724034
-0.00549772944739
-0.00676855504998
-0.0073000380151
-0.00385404357877
-0.0049137037006
-0.00794148414691
-0.00433942761153
-0.00546595184059
-0.00673548415937
-0.00727311899941
-0.00382598202643
-0.00488444221211
-0.00791096964227
-0.00430761470854
-0.00543280723421
-0.00670099206346
-0.00724508648825
-0.00379676058608
-0.00485397222891
-0.00787919601885
-0.00427449037844
-0.0053982977151
-0.00666508111172
-0.00721594164917
-0.00373250372054
-0.00482229524791
-0.00784616497251
-0.0042400565408
-0.00536242545155
-0.00662775374475
-0.00718568569428
-0.00370096651884
-0.00478941282273
-0.007811878263
-0.00420431518709
-0.00532519269262
-0.00658901249348
-0.00715431988006
-0.00366827354402
-0.00475532656328
-0.00777633771347
-0.00416726838013
-0.00528660176742
-0.00654885997836
-0.00712184550707
-0.0036344262674
-0.00472003813538
-0.00773954521004
-0.00412891825352
-0.00524665508441
-0.00778101384571
-0.00708826391972
-0.00359942620963
-0.00468354926038
-0.00770150270128
-0.00408926701102
-0.00520535513069
-0.00773876550607
-0.00702230455652
-0.00356327494034
-0.00464586171472
-0.00766221219772
-0.00404831692593
-0.00516270447121
-0.00770865346848
-0.00563266174898
-0.00397432197502
-0.00565490171639
-0.006873235084
-0.00510301719291
-0.00334262148295
-0.00806504664171
-0.00561224097436
-0.00395312418253
-0.0056333353029
-0.00685132573783
-0.00508211741231
-0.00332144896979
-0.00804588783327
-0.0055909256809
-0.00393101581242
-0.00495828913729
-0.00682847559178
-0.00506026273979
-0.00329930923634
-0.00802574973585
-0.00556871643964
-0.00736958006483
-0.00493487089329
-0.00680468532347
-0.00503745384267
-0.00327620297631
-0.00800463299566
-0.00554561384506
-0.00734565240604
-0.0049105277296
-0.00677995563766
-0.00501369141674
-0.00622045619258
-0.00798253828974
-0.00552161851498
-0.00732081608548
-0.00488526034448
-0.00675428726625
-0.00498897618617
-0.00577443333519
-0.00795946632581
-0.00549673109051
-0.00729507179088
-0.00485906946191
-0.00672768096807
-0.00496330890338
-0.00574843195265
-0.00793541784216
-0.00547095223592
-0.00663736164578
-0.00483195583157
-0.00670013752884
-0.00493669034896
-0.00572146711285
-0.00791039360753
-0.00544428263861
-0.00660980356389
-0.00480392022868
-0.00667165776103
-0.00490912133149
-0.0056935396562
-0.00788439442101
-0.00541672300895
-0.00658133971727
-0.00477496345392
-0.00664224250373
-0.00488060268748
-0.00566465045205
-0.0078574211119
-0.00538827408026
-0.0065519708907
-0.00474508633329
-0.00661189262254
-0.00443014953782
-0.0056348003986
-0.00782947453955
-0.00535893660866
-0.00652169789297
-0.00471428971802
-0.00658060900947
-0.00439973426126
-0.00560399042277
-0.00780055559328
-0.00532871137298
-0.00649052155676
-0.00468257448442
-0.00654839258274
-0.00436837203384
-0.00557222148001
-0.00777066519221
-0.00466654058607
-0.00645862594286
-0.00464994153381
-0.00651524428675
-0.00433606380241
-0.00553949455419
-0.0077398042851
-0.00818056133389
-0.00642604650101
-0.00461639179233
-0.00648116509182
-0.00430281054104
-0.00550581065744
-0.00770797385024
-0.00814767770468
-0.00639256608562
-0.00458192621086
-0.00603813332969
-0.00740876661427
-0.00547316908093
-0.00767517489526
-0.00811390965187
-0.00635818561313
-0.00454654576484
-0.00600219535123
-0.00737362632351
-0.00543979515679
-0.00764140845702
-0.0080792580663
-0.00632290602329
-0.0045102514542
-0.00596532953941
-0.00733754408705
-0.00540546575371
-0.00760667560137
-0.00804372386088
-0.00628672827907
-0.00447304430316
-0.0059275369671
-0.00730052098643
-0.00537018192904
-0.00739759403068
-0.00800730797047
-0.00624965336655
-0.00443492536011
-0.00588881873242
-0.00726255812971
-0.00533394476794
-0.00736093165319
-0.00797001135177
-0.00621168229474
-0.00398642855168
-0.00584917595859
-0.00722365665124
-0.00529675538317
-0.00732330622848
