-0.000258771685428
9.98234530641e-05
0.000129716757406
0.000597930779104
-0.00243273165187
0.00154179216332
-0.00138864756207
-0.00024691820254
0.000111755943278
0.000141642231044
0.000609763663229
-0.00242592333838
0.00154288401762
-0.00138757361646
-0.000233308223917
0.000125456591239
0.000155334826772
0.000623350002424
-0.0024173769773
0.00154569716986
-0.00138480660242
-0.000217943150989
0.000140923967362
0.00017079311752
0.000638688402538
-0.00240709482644
0.00155023134223
-0.00138034678434
-0.000200824564116
0.000158156459567
0.000188015494042
0.000655777291414
-0.0023991673926
0.00155648608709
-0.00137419458817
-0.000181954221784
0.000177152274113
0.000207000165748
0.000674614919682
-0.00239111223647
0.0015644607872
-0.00136635060132
-0.000161334059697
0.000197909436529
0.000227745161629
0.000695197499014
-0.00238132060066
0.00157415465599
-0.00135681557231
-0.0001389661898
0.000220425792635
0.000250248331278
0.000717526653679
-0.00238711813329
0.001585566738
-0.00134559041044
-0.000114852899196
0.00024469900965
0.000274507345997
0.000741598245738
-0.00240433461213
0.00159869590931
-0.00133267618536
-8.8996648991e-05
0.000270726577395
0.000300519699988
0.000767409826778
-0.0024198177932
0.00161354087809
-0.00131807412655
-6.14000730457e-05
0.000298505809576
0.000328282711643
0.000794958776494
-0.00243356612045
0.00163010018529
-0.00130178562274
-3.20659766496e-05
0.000328033845157
0.000357793524905
0.00081640009675
-0.00244557821061
0.00163276412623
-0.00128381222125
-9.97335110449e-07
0.000359307649817
0.000389049110725
0.000806068132001
-0.00245585285389
0.00162261606762
-0.00126415562726
3.18027077345e-05
0.000392324017488
0.000422046268593
0.00078609590701
-0.00246438901461
0.00161418511085
-0.00124281770302
6.63308410861e-05
0.000427079571974
0.000456781628156
0.000758041672087
-0.00247118583169
0.00160747208555
-0.00121980046694
0.000102582191843
0.000463570768649
0.000468856323698
0.000731724592788
-0.0024762426191
0.0016024776527
-0.00120893791495
0.000140555914257
0.000501793896231
0.000444186585324
0.000707147340946
-0.00247955886621
0.00159920230429
-0.00121215240752
0.000180246809817
0.000541745078632
0.000421265651244
0.000684312416706
-0.00248113423803
0.00159764636306
-0.0012538991446
0.00022165091705
0.000574238726689
0.000400095874949
0.000663222147268
-0.00248096857541
0.00159780998236
-0.00129493744743
0.000264764116465
0.000554888260676
0.000380679433877
0.00064387868571
-0.00247906189507
0.00159969314605
-0.00133431591949
0.000309582132547
0.000537287209066
0.000363018328301
0.000626284009897
-0.00247541485531
0.00160329566855
-0.00137203087298
-0.0013728592892
-0.00117844467474
-0.00109774447426
-0.00161580603562
-0.00151824480106
-0.0013289533129
-0.000808933089497
-0.00144992940719
-0.0012571293483
-0.00117745143995
-0.0016825081575
-0.0015851369429
-0.0013683736607
-0.000861455091917
-0.00152525133004
-0.00133403436304
-0.00125535899097
-0.00174735021754
-0.00165016425455
-0.00140587515503
-0.000912104436482
-0.00159881682983
-0.00140915098633
-0.00133145806546
-0.00181032433811
-0.00171331879291
-0.00144145310882
-0.000960875009053
-0.00167061782061
-0.00148247063338
-0.00140573975307
-0.0018714228259
-0.0017745928004
-0.00148323947274
-0.00100776089711
-0.00174064636245
-0.00155398487167
-0.00147819529974
-0.00193063817629
-0.00183397870944
-0.00154226623228
-0.0010527563932
-0.00180889466545
-0.00162368542545
-0.00223449956392
-0.00198796307774
-0.00189146914683
-0.00159940810082
-0.00110589046939
-0.00187535509379
-0.0016915641801
-0.00230327721494
-0.00204339041601
-0.00194705693811
-0.00165465803036
-0.00115999412005
-0.00194002016964
-0.00175761318649
-0.00237020344718
-0.00209691327836
-0.00200073511177
-0.00170800917278
-0.00121221568088
-0.00200288257708
-0.00182182466534
-0.00243527017829
-0.0021485249577
-0.00205249690345
-0.00175945581526
-0.00126254970935
-0.00206393516603
-0.00188419101145
-0.00249846950531
-0.00219821895655
-0.00210233575999
-0.00180898965889
-0.00131099003468
-0.00212317095597
-0.00194470479792
-0.00255979370918
-0.00224598899101
-0.0021502453434
-0.00185660541053
-0.00135753069287
-0.00218058313979
-0.00200335878033
-0.00261923525913
-0.00229182899455
-0.00219621953479
-0.00190229706121
-0.00140216593015
-0.00223616508744
-0.00206014590082
-0.00267678681705
-0.00233573312175
-0.00224025243805
-0.0019460588212
-0.0014448902065
-0.00228991034958
-0.00211505929209
-0.00273244124177
-0.00237769575188
-0.00228233838362
-0.00198788512347
-0.00148569819894
-0.00234181266113
-0.00216809228136
-0.00278619159328
-0.00241771149244
-0.00232247193192
-0.00202777062722
-0.00152458480475
-0.00239186594477
-0.00221923839426
-0.00283803113683
-0.00245577518248
-0.00236064787686
-0.00206571022112
-0.00156154514463
-0.00244006431437
-0.00226849135856
-0.00288795334695
-0.00249188189587
-0.00239686124909
-0.00210169902655
-0.00159657456561
-0.00248640207826
-0.00231584510792
-0.00293595191143
-0.00252602694444
-0.00243110731916
-0.00213573240065
-0.00162966864399
-0.00253087374255
-0.00236129378545
-0.00298202073514
-0.00255820588091
-0.00246338160057
-0.00216780593929
-0.00166082318804
-0.00257347401423
-0.0024048317472
-0.00302615394372
-0.00258841450179
-0.00249367985264
-0.0021979154798
-0.00169003424065
-0.003794827832
-0.00435860578445
-0.00480916909869
-0.00532507192184
-0.000890970031024
-0.00113877081913
-0.00147122574637
-0.00208376980698
-0.00257289728488
-0.00301245399044
-0.00341549536062
-0.00376777697337
-0.00431129412339
-0.00477850039769
-0.00525765740044
-0.000708839259451
-0.00113905581588
-0.00154511403587
-0.00197336901383
-0.00227575458311
-0.00259248887465
-0.00408792951871
-0.00446022466283
-0.0049124824884
-0.000372290997434
-0.000926907552879
-0.00135926803442
-0.00166712859831
-0.00224875896031
-0.0027390429455
-0.00313891592853
-0.00354269624436
-0.00386719392414
-0.00440502039894
-0.00494213673184
-0.000404298839415
-0.000859193240875
-0.00129113854462
-0.00169731883771
-0.00213900603635
-0.00245463103764
-0.00262342573357
-0.00418007571928
-0.00470340124555
-0.00515717893891
-0.000559163898696
-0.00111523196463
-0.00154873974343
-0.00185742580857
-0.00238204859556
-0.00287327090274
-0.00323795150379
-0.0036192891139
-0.00410979277812
-0.00459516170144
-0.00505463344299
-0.000535901025457
-0.000995659018987
-0.00142912272943
-0.00190582393174
-0.00234892466087
-0.0026655409136
-0.00283488606289
-0.00441382847664
-0.00491639459861
-0.000372677152624
-0.000755246061389
-0.0012724665367
-0.0017069368981
-0.00199814737122
-0.00246528761805
-0.00295722623508
-0.00332244520751
-0.00372400500944
-0.00433854199076
-0.00482555150374
-0.00526280478907
-0.000725850222961
-0.00109851196546
-0.00158049769251
-0.00208059141244
-0.00252488396533
-0.00284233421818
-0.00301214356218
-0.00461746014714
-0.00509893840006
-0.000539313228222
-0.000965102562807
-0.00138023868644
-0.00181548127307
-0.00217719792265
-0.00253467760977
-0.0030271075767
-0.0033926958597
-0.00391865121124
-0.00453494815234
-0.00502337519783
-0.000461491048097
-0.000914149516933
-0.00124576968115
-0.00178686460715
-0.00225056011367
-0.0026666055874
-0.00298473425709
-0.00315491934459
-0.00477372294125
-0.00523380712927
-0.000717976238263
-0.00116230937764
-0.00152539710144
-0.00199006858084
-0.00242622089139
-0.002738994052
-0.00306464747051
-0.00343043445459
-0.00408095793534
-0.00469873018898
-0.00518834751797
-0.000644270136112
-0.00106910439615
-0.00147659003471
-0.00195954458139
-0.00242447050204
-0.00279715828323
-0.00314711310366
-0.00334902711049
-0.00493979836058
-0.000395301950406
-0.000865668633294
-0.00132844208762
-0.00173761904562
-0.00221082629805
-0.00264391547274
-0.0029644262479
-0.00335426399982
-0.00369341315199
-0.00421379017079
-0.00482965122045
-0.000360134826901
-0.000802950860518
-0.00125466622455
-0.00167466332087
-0.00211389484049
-0.00260314602878
-0.00302446988949
-0.00337563165018
-0.00357901424269
-0.00508984279985
-0.000591546060258
-0.00104052845174
-0.00146328267451
-0.00194373464332
-0.00240017509982
-0.00282998613245
-0.00320945177779
-0.00362479070882
-0.00396527856958
-0.00442411623209
-0.00503704437565
-0.000531373958278
-0.000976704029341
-0.00141801658115
-0.00185537211075
-0.00228618064014
-0.00275661156216
-0.00321757440865
-0.00356977010484
-0.00388005037886
-0.00528043668413
-0.000767240011411
-0.00120698251431
-0.00163307446402
-0.0021212351763
-0.00255785989307
-0.00300133584724
-0.00342276879897
-0.00386359491198
-0.00420527333663
-0.00460194811819
-0.00521649622601
-0.000701843765781
-0.00114858971262
-0.00154764550162
-0.00203876514948
-0.00248407534617
-0.00294044302382
-0.00337616280309
-0.00375902539919
-0.00414699757095
-0.000458177546244
-0.000946200313496
-0.0013421992271
-0.00182895228774
-0.00228294082421
-0.0026836661317
-0.00318154561889
-0.00360408276378
-0.00407034449509
-0.00441306043653
-0.00475382248081
-0.000362910854001
-0.000850092957726
-0.00130751291633
-0.00167737115253
-0.00218821606138
-0.00265363506946
-0.00308985757113
-0.00349997848534
-0.00399003155021
-0.00437942337898
-0.000608329104616
-0.00109409237291
-0.0015135214388
-0.0020131830296
-0.00241290945651
-0.00280935540967
-0.00332969091172
-0.00377180123069
-0.00424475003356
-0.00458834423434
-0.00502799864597
-0.000476062187651
-0.0010190132158
-0.00147503062493
-0.00187765091825
-0.0023837222251
-0.00283193249376
-0.00320461526162
-0.00364759615731
-0.00417691386886
-0.00457694717543
-0.000810469928008
-0.00127321233397
-0.00166515840292
-0.00218049281896
-0.00260923175322
-0.00294207869346
-0.00344556162305
-0.0039126326683
-0.00438655933766
-0.00479238092396
-0.00526981804582
-0.000648143299636
-0.00115444175245
-0.00161139645694
-0.00204416046053
-0.00255152917842
-0.00297765363626
-0.00341101502706
-0.00380754070263
-0.00433819879048
-0.00473923573311
-0.000981716785714
-0.00144557068737
-0.0017979561163
-0.0023338721414
-0.0027897503559
-0.00312346336266
-0.00352899696162
-0.00402088924867
-0.00449557036305
-0.0050144780634
-0.000478935207446
-0.000858442802056
-0.00134492471188
-0.0018141274686
-0.00217664153746
-0.00268504730339
-0.00316769500546
-0.00361524570785
-0.00396832770609
-0.00446419250274
-0.00486601707968
-0.00112184358337
-0.00158661407096
-0.00192681011264
-0.00247690625429
-0.00293838468486
-0.00333486507135
-0.00370208984334
-0.00409641817383
-0.00465680254312
-0.00520386778505
-0.000655033639513
-0.00104923117724
-0.00154053895901
-0.00199867032375
-0.00236041365049
-0.00284549309953
-0.00333630950973
-0.00378480819085
-0.0041388350641
-0.00455467935935
-0.00495707159101
-0.00129301657306
-0.00174728373661
-0.00207657374389
-0.00259268409404
-0.00306439572997
-0.00356061043754
-0.00392904226651
-0.00416762804674
-0.0048119402469
-0.000360274332224
-0.000806611712108
-0.0012624536705
-0.00170706044238
-0.00214929588215
-0.00251187763043
-0.0029783836674
-0.00349942788907
-0.00395792237808
-0.00431255397431
-0.00474413204788
-0.00521796490915
-0.00149327905183
-0.00194883377901
-0.00227906890851
-0.0026764206161
-0.00325675341204
-0.00375435655721
-0.00412383234196
-0.00436310018892
-0.00493412528791
-0.000502519196707
-0.000993270628654
-0.00144229484241
-0.00187430648925
-0.00231047657839
-0.00262900380759
-0.00310588504328
-0.00365993102251
-0.00411725818585
-0.00447278629666
-0.00497242785842
-0.000448731433548
-0.0016774783252
-0.00211898327182
-0.00245002052896
-0.00279265137979
-0.00341706971885
-0.00391583599884
-0.00428618642117
-0.00453634195625
-0.00503283783334
-0.00065465839525
-0.00114653692274
-0.00158848144714
-0.00200761569293
-0.00244467955358
-0.00274555982183
-0.00329364340252
-0.00384654777501
-0.00426181371795
-0.00459764710785
-0.0051654542519
-0.00064321209744
-0.00184428861019
-0.00229548165648
-0.00265304923438
-0.00301571143005
-0.00357612961003
-0.00409222725454
-0.0044798038128
-0.00473665774283
-0.000150506027019
-0.000773418300822
-0.00126617878048
-0.00175193774339
-0.00219745924624
-0.00254451160289
-0.00294492991016
-0.00345092481533
-0.00400105381432
-0.00441733685381
-0.00480477943625
-0.000350156495561
-0.00080183203392
-0.00199499254647
-0.00246739130308
-0.00282584110571
-0.00327681916635
-0.00374091955605
-0.00425826346037
-0.00464679027571
-0.00490427685741
-0.000271339891496
-0.000892159826563
-0.00138255898479
-0.00193477085304
-0.00238154323482
-0.00278238990827
-0.00318693262968
-0.00369484667842
-0.00412042450911
-0.00453749865734
-0.00498321912263
-0.000530166535951
-0.000976587863445
-0.00217710612623
-0.0026075223801
-0.00301474563538
-0.00350629426824
-0.00388796727248
-0.00439166100782
-0.00478095316523
-0.00503895182416
-0.000509328753542
-0.00113237486082
-0.0016245622373
-0.00208371108042
-0.00253150767961
-0.00299755478889
-0.00339474315964
-0.00390431688888
-0.00427549630899
-0.00462209639808
-0.00512608637147
-0.000674297647359
-0.00113613099759
-0.00232762318935
-0.00276311051975
-0.00321572008846
-0.00370382207677
-0.00411760408444
-0.00454276488292
-0.00489595944884
-0.000251471953301
-0.000714467671279
-0.0013394455814
-0.00183318498074
-0.00219852651546
-0.00270501728046
-0.00317844979606
-0.0035680261938
-0.00407899219856
-0.00445119995472
-0.0048156983085
-0.000233142491724
-0.000792063491028
-0.00125934427217
0.00243301845444
-0.000683909485107
-0.00026526622313
0.000446425270664
0.000510260596237
-0.00249209322846
0.00126703524487
0.0024184342821
-0.000687863929066
-0.000264740180972
0.000464919159806
0.000531498944528
-0.00253735699904
0.00122286778789
0.0024056640139
-0.00069001630678
-0.00026436449091
0.000470538294129
0.000554455457754
-0.002580966821
0.00118031592154
0.00239470905403
-0.000690366385218
-0.000262205831049
0.000477914019283
0.000573351047721
-0.002622918622
0.00113938343284
0.0023855706082
-0.000688914126477
-0.000258264430112
0.000487045576527
0.000532290420361
-0.0026632084719
0.00110007397586
0.00237824968303
-0.000685659687793
-0.000252540705613
0.000497932027108
0.00049292626633
-0.00270183258456
0.00106239107014
0.00237274708549
-0.000680603421466
-0.000245035263637
0.000510572252735
0.00045526243681
-0.00273878731958
0.00102633809913
0.0023690634224
-0.00067374587466
-0.000235748898518
0.000524964956156
0.000419302627548
-0.00277406918393
0.000991918308746
0.00236719910016
-0.000669377679204
-0.00022468259242
0.000541108661822
0.000385050377088
-0.00280767483364
0.000959134805894
0.00236715432449
-0.000669422012436
-0.000234571184147
0.000524346979427
0.000352509065063
-0.0028396010753
0.000927990557122
0.00236892910035
-0.000674670269545
-0.000244355192099
0.000493126974886
0.000321681910552
-0.00286984486758
0.000898490715592
0.00237252276621
-0.000680123116829
-0.000252358471311
0.000463645631379
0.000292571970522
-0.00289840332263
0.000870633306595
0.00237793585688
-0.000683774405385
-0.000258580174849
0.000435905953688
0.000265182138324
-0.00292527370746
0.000844423196188
0.00237767002249
-0.000685623740052
-0.000263019643939
0.000409910775406
0.000239515142284
-0.00295045065128
0.000819862776826
0.00237762239664
-0.000685670920641
-0.000265676408318
0.000385662757508
0.000215573544349
-0.00297393732255
0.000796954294587
0.00237939393738
-0.000683915942044
-0.00026655018648
0.000363164387003
0.00019335973883
-0.00299572866634
0.00077569984815
0.00238298444933
-0.000680358994238
-0.00026564088583
0.000342417975671
0.000172878279517
-0.00301582258132
0.000756101387852
0.00238839353652
-0.000675000462179
-0.000262948602727
0.000323425658883
0.000154126565346
-0.00303421712672
0.000738160714788
0.00239562060267
-0.000667840925595
-0.000258473622439
0.000306189394507
0.000137108809218
-0.00305091052336
0.000721879479994
0.00240466485148
-0.000658881158673
-0.000252216418989
0.000290712824554
0.000121826723823
-0.0030659011544
0.000707259183691
0.0024155252871
-0.000648122129643
0.00339166004159
0.000276993823682
0.000108281849098
-0.00307918756621
0.000694301174595
-0.000418130203173
-9.3410641886e-05
-0.00485375367786
-0.00463341819096
-0.0040723548244
-0.0036690433533
-0.00332495585997
-0.000470642372593
-0.000146218567869
7.63450717053e-05
-0.00470198292343
-0.00414019861315
-0.0037348162418
-0.00337152467451
-0.000521502794804
-0.000197366912949
9.13089709485e-06
-0.00476893001051
-0.00420643998521
-0.00379899371915
-0.00341646947068
-0.000570705762548
-0.000246849889931
-5.64536434204e-05
-0.0048342532833
-0.00427107295812
-0.00386157005868
-0.00345978619642
-0.000618248500549
-0.000294662783015
-0.00012040242986
-0.00489794669226
-0.00433409166598
-0.00392253965021
-0.0035014709337
-0.000664125579683
-0.000340801018633
-0.000182709465342
-0.0049600043098
-0.00439549036188
-0.00398189700236
-0.00354923881418
-0.000708332644322
-0.000385260167564
-0.000243368878713
-0.00502042033292
-0.00445526342037
-0.00403963674489
-0.00360077701641
-0.000750865483011
-0.000428035946985
-0.000302374927153
-0.00507918908569
-0.00451340533993
-0.00409575363101
-0.00365069039614
-0.000791720030419
-0.000469124222478
-0.000359721998734
-0.00513630502185
-0.00456991074528
-0.00415146850773
-0.00369898002657
-0.000830892369224
-0.000508521009969
-0.000415404614948
-0.00519176272719
-0.00462477438984
-0.00420889953097
-0.0037456387302
-0.000868378731946
-0.000546222477612
-0.000469417433191
-0.00524555692208
-0.00467799115794
-0.00426470374596
-0.00379066225652
-0.000904175502716
-0.000582224947607
-0.000521755249202
-0.0052976824638
-0.00472955606717
-0.00431887416305
-0.00383404649
-0.000938279218981
-0.000630400027596
-0.000572412999462
-0.000348139117289
-0.00477946427058
-0.00437140578473
-0.00387578745187
-0.000970686573151
-0.000679232815892
-0.000621385763536
-0.000409043891812
-0.00482771105887
-0.00442229374519
-0.00391588130191
-0.00100139441417
-0.000726380422845
-0.000668668766372
-0.000456132159369
-0.00487429186253
-0.0044715333125
-0.00395432434015
-0.00103039974903
-0.000771838259996
-0.000714257380543
-0.000501534481125
-0.00491920225391
-0.00451911989068
-0.00399111300854
-0.00105769974419
-0.000815601887552
-0.000758145265787
-0.000545244570633
-0.00496243794931
-0.00456504902181
-0.0040262438926
-0.00108329172697
-0.000857667016481
-0.000800331821722
-0.000587258154357
-0.00500399481086
-0.004609316388
-0.00406039400235
-0.00110717318683
-0.00089802671659
-0.000840811014037
-0.000627571111056
-0.00504386884857
-0.00465191781342
-0.00409799086582
-0.00112934177659
-0.000936682594373
-0.000879578827087
-0.000666179473748
-0.00508205622207
-0.00469284926613
-0.00413392772627
-0.00116762788668
-0.000991486392852
-0.000916631403186
-0.00070307943162
-0.00511855324251
-0.00473210686
-0.004168201228
-0.00346356872726
-0.00335534916344
-0.00673217677897
-0.00299103530281
-0.002837416698
-0.00264270789138
-0.0024630184822
-0.0034021300027
-0.00683504434668
-0.00667021609133
-0.00293566909892
-0.00278006583114
-0.00258327998231
-0.00240142084851
-0.00333989206552
-0.00677426068455
-0.00660740300597
-0.00641933141768
-0.00272179606924
-0.00252290262677
-0.00233884216424
-0.00327685629805
-0.00671265125259
-0.00654861445492
-0.00636218595033
-0.00266260911347
-0.00246157771182
-0.00227528452388
-0.00321858394795
-0.00665021751027
-0.00649193392647
-0.00630415410574
-0.00260250668748
-0.00239930714902
-0.00221075004859
-0.00317154180704
-0.00659079287251
-0.00643439626988
-0.00624523745994
-0.00254149053717
-0.00233609287413
-0.00214524088585
-0.00312368760509
-0.00653428655219
-0.00637600294548
-0.0061854376092
-0.00247956243043
-0.00227193684687
-0.00207875920917
-0.00307502335135
-0.00647695153075
-0.00631675543195
-0.00612475616978
-0.00241672415695
-0.00220684105061
-0.00201130721769
-0.00302554827742
-0.00641878916819
-0.00625665522612
-0.00606319477775
-0.00235297752788
-0.00214080749206
-0.0019428871359
-0.00297526442505
-0.0063598008411
-0.00619570384278
-0.00600229303086
-0.00228832437571
-0.00207383820102
-0.00187350121326
-0.00292417292077
-0.0062999879425
-0.00613675725429
-0.00594196499394
-0.00222276655391
-0.0020059352301
-0.00181314859224
-0.00287227490703
-0.00623935188169
-0.00607756014619
-0.00588075820277
-0.00215705939846
-0.00194919855171
-0.00175609973523
-0.00281957154213
-0.00617789408407
-0.00601751229272
-0.00581867429819
-0.00567976249485
-0.00189318980262
-0.0016980708324
-0.00276606400006
-0.00611561599103
-0.00595661520037
-0.00575808872723
-0.00562477335508
-0.00183623441071
-0.00163906381004
-0.0027117534704
-0.00605759104438
-0.00589487039327
-0.00570409318068
-0.00556886958137
-0.00177833413761
-0.00157908062173
-0.00265664115818
-0.00600072635153
-0.00583227941307
-0.0056492135962
-0.00551205278583
-0.00171949076973
-0.00151812324804
-0.00260072828376
-0.00594303754595
-0.00576884381873
-0.00559345145044
-0.00545432460302
-0.00165970611792
-0.00145619369621
-0.0025440160827
-0.00588452598154
-0.00570456518633
-0.00553680824049
-0.00539568668973
-0.00159898201729
-0.00139329399986
-0.00248650580562
-0.00582519302851
-0.00563944510893
-0.00547928548357
-0.00533614072476
-0.00153732032689
-0.00132942621867
-0.00242819871807
-0.00576986241844
-0.00557393692409
-0.00542088471693
-0.00527568840865
-0.00147472292946
-0.00126459243806
-0.00594080758105
-0.00571481969744
-0.00551709189278
-0.00536160749762
-0.00521433146351
-0.00141119173117
-0.00119879476884
-0.00360132468194
-0.00333952480625
-0.000658647404159
-0.00480619770605
-0.00488393371672
-0.00210064355551
-0.00628086541598
-0.00355875545549
-0.00329636622334
-0.000614927005609
-0.00476194762329
-0.00483919072755
-0.00205544905109
-0.00623526526816
-0.00351549912544
-0.00325251143293
-0.000570501736768
-0.00471698451709
-0.00479372714043
-0.00200952702097
-0.00618893137957
-0.00347155638628
-0.00320796115829
-0.00317751082067
-0.00467130916609
-0.00474754375987
-0.00196287829387
-0.00614186460104
-0.00342692794254
-0.00316271613315
-0.00313167807638
-0.0046249223601
-0.0047006414019
-0.00191550371032
-0.00609406579552
-0.00338161450875
-0.00311677710159
-0.00308514274848
-0.00457782490003
-0.00465302089397
-0.00186740412258
-0.00604553583797
-0.00333561680943
-0.00307014481806
-0.00303790562069
-0.00453001759784
-0.00460468307494
-0.00181858039461
-0.00599627561535
-0.00328893557896
-0.00302282004724
-0.00298996748734
-0.00448150127645
-0.00455562879492
-0.00176903340199
-0.00594628602645
-0.00324157156157
-0.00297480356405
-0.0029413291533
-0.00443227676971
-0.00450585891529
-0.00171876403179
-0.0058955679819
-0.00319352551128
-0.00292609615353
-0.00289199143397
-0.00438234492228
-0.00445537430856
-0.00166777318255
-0.00584412240403
-0.00548609471563
-0.00287669861081
-0.00706282454732
-0.00433170658961
-0.00440417585834
-0.00161606176419
-0.00579195022682
-0.00543668690041
-0.00282661174105
-0.00701209054522
-0.00428036263781
-0.00435226445924
-0.00156363069793
-0.00573905239581
-0.00538659937243
-0.00277583635935
-0.00696065966631
-0.00422831394365
-0.00429964101679
-0.00151048091618
-0.005685429868
-0.00533583292426
-0.00272437329071
-0.0069085327673
-0.00417556139443
-0.00424630644738
-0.00145661336252
-0.00563108361182
-0.00528438835792
-0.00267222336998
-0.00685571071507
-0.00412210588794
-0.0041922616782
-0.00140202899156
-0.00557601460697
-0.0052322664849
-0.00261938744174
-0.00680219438657
-0.00406794833238
-0.00413750764712
-0.00134672876892
-0.0055202238444
-0.00517946812601
-0.00256586636029
-0.00674798466881
-0.00401308964627
-0.00408204530265
-0.00529357534968
-0.00546371232619
-0.00512599411138
-0.00251166098955
-0.00669308245872
-0.0039575307584
-0.00402587560384
-0.00523684636396
-0.0054064810655
-0.0050718452804
-0.00245677220303
-0.00663748866312
-0.00390127260774
-0.0039689995202
-0.00517940448841
-0.00534853108642
-0.0050170224816
-0.00240120088371
-0.00658120419865
-0.00384431614337
-0.00391141803164
-0.0051212507317
-0.00528986342396
-0.00496152657264
-0.00234494792402
-0.00652422999168
-0.00378666232439
-0.00385313212837
-0.00506238611309
-0.0052304791239
