0.00202030185885
0.00566834104395
0.00301935845506
0.00146708255731
0.00443979257132
0.00419618274711
0.0011108803721
0.00218552961613
0.0057020024644
0.00305348109411
0.0015015616907
0.00447451276036
0.00423102096587
0.00114570977653
0.00221981660228
0.00573686155472
0.00308881736297
0.00153726677742
0.00451046722942
0.00426709753983
0.00118177723189
0.00225528049419
0.00457155241601
0.0031253655049
0.00157419600568
0.00454765412884
0.00430441060063
0.00121908087119
0.00229191963364
0.00460880173002
0.00316312370649
0.00161234750534
0.00458607154948
0.00276030868339
0.00125761876745
0.00232973231073
0.00464724348916
0.00320209009808
0.00165171934834
0.00583951582258
0.00280008887293
0.00129738893411
0.00236871676424
0.00468687584386
0.0032422627542
0.00169230954923
0.00588038832253
0.00284109958568
0.00133838932554
0.00240887118208
0.00472769689127
0.0032836396941
0.00173411606559
0.00592248526401
0.00288333871591
0.00138061783762
0.00132561889887
0.0047697046757
0.00332621888213
0.00177713679859
0.00596580450472
0.00292680409986
0.00142407230815
0.0013681076076
0.00481289718907
0.00336999822832
0.00182136959348
0.00439936720152
0.00297149351623
0.00146875051751
0.00141176054322
0.00485727237142
0.00341497558882
0.0018668122401
0.00444512438642
0.00301740468677
0.00151465018913
0.00145657569427
0.00490282811132
0.00346114876643
0.00191346247345
0.00449209710394
0.00306453527682
0.00156176899008
0.00150255100058
0.00494956224641
0.00350851551113
0.0019613179742
0.00454028298713
0.0031128828959
0.00161010453163
0.00154968435369
0.00499747256388
0.00355707352058
0.000503644523838
0.00458967961432
0.00316244509829
0.00165965436987
0.00159797359736
0.00504655680098
0.00360682044069
0.000553903386971
0.00464028450963
0.00321321938363
0.00171041600628
0.00164741652798
0.00509681264553
0.00365775386617
0.000605360239287
0.00469209514366
0.0032652031975
0.0017623868883
0.00169801089511
0.00514823773643
0.00370987134105
0.000658012549889
0.00474510893403
0.00331839393209
0.00181556441004
0.00174975440197
0.00520082966423
0.00223969892192
0.00149092303996
0.00479932324602
0.00337278892679
0.00186994591282
0.00180264470591
0.00525458597165
0.00229417692801
0.00154595846936
0.0048547353932
0.00342838546883
6.48579404585e-05
0.00185667941894
0.00530950415413
0.00234983131747
0.00160218145823
0.00491134263805
0.00348518079391
0.000121639221434
0.00191185610824
0.00536558166037
0.00240665943753
0.00165958927368
0.00496914219262
0.00354317208692
0.000179616197273
0.000245628998673
0.00205850398792
0.00149069396245
0.00295625159968
0.000970851229278
-0.000121871386928
0.00155091066855
0.000284682506355
0.00209886238649
0.00153070742956
0.00299784635157
0.00101395708052
-7.73780923643e-05
0.00159660801829
0.000325144224167
0.00214067424997
0.00157222141185
0.00304099851073
0.0010586744451
-3.12238384895e-05
0.00164400905161
0.000367011433249
0.00218393658193
0.0040864874124
0.00308570452275
0.00110499937383
1.6587038895e-05
0.001693109078
0.000410281327664
0.00222864629065
0.00413099281084
0.00313196071664
0.00115292778913
6.60500642593e-05
0.00174390325697
0.000454951015307
0.00227480019019
0.00417698890161
0.00317976330626
0.00120245548679
0.000117160624368
0.00179638660034
0.000501017518849
0.00232239500152
0.00422447220387
0.00322910839185
0.00125357813774
0.00307849071589
0.00185055397461
0.000548477776695
0.00237142735361
0.00427343913558
0.00327999196157
0.00130629128987
0.00313288196536
0.00190640010332
0.000597328643975
0.0024218937846
0.0043238860148
0.00333240989301
0.00488066513601
0.00318890610457
0.00196391956957
0.000647566893541
0.002473790743
0.00437580906106
0.00338635795489
0.00493654545134
0.00324655799063
0.00202310681846
0.000699189217002
0.00252711458885
0.00442920439668
0.0034418318086
0.00499400219208
0.00071936283388
-0.000510356958939
0.000752192225768
0.00258186159495
0.00448406804821
0.00107453474357
0.00246656091305
0.000780254279663
-0.000447851348569
0.000806572452118
0.000413417295369
0.00216827544072
0.00113304674441
0.00252715561539
0.000842757291398
-0.000383695422413
-0.00123007468112
0.000470999097769
0.00222606342754
0.0011930708944
0.00258931162921
0.000906866232444
-0.000317895261397
-0.00117295073385
0.000529992368065
0.0022853072493
0.00125460244278
0.00265302369526
0.000972575348605
-0.000250457071301
-0.00111446043601
0.000590393042823
0.00234600256372
0.00131763654009
0.00271828644712
0.00103987877056
-0.000181387180029
-0.00105460756081
0.00065219697781
0.00240814494001
0.00138216823999
0.00278509441329
0.00110877051628
-0.000110692034854
0.00136778104615
0.00071539994934
0.00247172986039
0.0014481925011
0.00285344201937
0.00117924449353
-3.8378199627e-05
0.00143034746346
0.000779997655624
0.00253675272168
0.00151570418883
0.00292332359018
0.00125129450237
3.55476480222e-05
0.00149426470196
0.000845985718152
0.00260320883681
0.00158469807724
0.00299473335199
0.0013249142376
0.000111078719521
0.00155952870139
0.000913359683073
0.00267109343644
0.00403553621936
0.0030676654347
0.00140009729138
0.000188208118198
-0.00203771168223
-0.00302484986309
-0.00405974342404
-0.00502555684728
-0.00593237668743
-0.0019070755245
-0.00283507799916
-0.00367080127888
-0.00466931416496
-0.00544338823615
-0.00152033381267
-0.00278083221481
-0.00323818852326
-0.00457090339968
-0.00480730647843
-0.00141131393844
-0.00142283623228
-0.00294304598412
-0.00272949063256
-0.00429046127755
-0.0015571813721
-0.00264583215174
-0.00361266059557
-0.00466361458916
-0.00567024626558
-0.00158387511329
-0.00241680764949
-0.00335038674827
-0.00423590043696
-0.00524040997028
-0.00102786354392
-0.0021016253119
-0.0026709817594
-0.00382691897384
-0.00516220611138
-0.000539348273244
-0.00200531305029
-0.00201692178172
-0.00353637298971
-0.00332122004956
-0.000330473852133
-0.00214330719278
-0.00325693599801
-0.00420614607523
-0.00527982726385
-0.00629365416863
-0.00221396099133
-0.00305241143649
-0.00393700147978
-0.00477925809384
-0.00578799594689
-0.0015807151394
-0.00265912453826
-0.00323245827883
-0.00439165573219
-0.00572944640901
-0.00110830412343
-0.00257517459733
-0.00258686748225
-0.00410558020936
0.000770123222806
-0.000895788406891
-0.0027055131192
-0.00386528765798
-0.00481665947612
-0.00587444683335
-0.00189532038186
-0.00284889055843
-0.00373147620854
-0.00466687910995
-0.00551663311669
-0.0013965692148
-0.00210941863534
-0.00319233311886
-0.00376952338776
-0.0049318829344
-0.00141107623441
-0.00165262454732
-0.00312037386668
-0.0031321484132
-0.00465014454432
0.000227064348161
-0.00143657247786
-0.00324328199784
-0.00447241933456
-0.00541006781025
-0.00144703044474
-0.00251338081981
-0.00349951968881
-0.00441187359125
-0.00537584517233
-0.00123345757057
-0.00211960028443
-0.00276842704483
-0.00370706660077
-0.00428167767301
-0.000525329973808
-0.00192863414439
-0.00217179169931
-0.00364039075569
-0.00365224426195
-0.000510544876279
-0.000290883137064
-0.00195232097366
-0.00375611636854
-0.00506170243881
-0.00600287483743
-0.00204743687737
-0.00313474766659
-0.00412823586838
-0.00509140014276
-0.00606335356213
-0.00192827901778
-0.00282098898304
-0.00347556411414
-0.00441906606336
-0.00485315210278
-0.00101502622581
-0.00242059082636
-0.00266529805724
-0.00413471547389
-0.00414664502696
-0.00100427834773
-0.000783214956846
-0.00244253544186
-0.00199242564367
-0.00564928518487
-0.00160533361794
-0.00266442198046
-0.0037457121253
-0.00473453971982
-0.00574904948667
-0.00172930074887
-0.00260097947399
-0.00350015615281
-0.00416039960959
-0.00510869500534
-0.000581064956885
-0.00164383135547
-0.00289773559046
-0.00313264845202
-0.00460285058566
0.00014291075621
-0.00147184651437
-0.00124943918485
-0.00290672977139
-0.00245393094697
-0.00629818265226
-0.00226150885926
-0.00326299030231
-0.00435206411087
-0.00534596979778
-0.00638428950999
-0.00237224977543
-0.00325099944517
-0.00415653244061
-0.00482234100327
-0.00577535160357
-0.00125152205378
-0.00231712483962
-0.00357286906449
-0.00366511900003
-0.000286549287453
-0.000298621353153
-0.00191276801714
-0.00168907830523
-0.00334443221733
0.00160332258033
-0.00192571163772
-0.00289617603136
-0.00383894390599
-0.00493561453692
-0.00594329647384
-0.00199659449398
-0.00299209789455
-0.00387777453378
-0.00478953755403
-0.00546080676538
-0.00145286273463
-0.00189834167387
-0.00296672937725
-0.00422427255553
-0.0043173179953
-0.000874326723368
-0.000729336258249
-0.00232657805628
-0.00210167130791
-0.00375518745812
0.00119500098824
-0.00253138529041
-0.00350884756497
-0.00440390566262
-0.00549587290156
-0.00157753386365
-0.00259464011332
-0.0035883007877
-0.00448074457346
-0.00539859689561
-0.00108417919306
-0.00207178557177
-0.00252091384153
-0.00359202739743
-0.00485133533824
-0.0001024033135
-0.00150195022516
-0.00135574402681
-0.00281048504072
-0.00248677207596
0.000353835957848
0.000813924697462
-0.00314521649359
-0.00409903871252
-0.00508686603895
-0.00606758357978
-0.00218875587332
-0.00321370454236
-0.00416031865149
-0.00505935356357
-0.00598313969216
-0.00167392759756
-0.00266594588529
-0.00311863434607
-0.00419240783683
-0.00545343816851
-0.000705266371604
-0.00210460036199
-0.00195721117763
-0.00340981617229
-0.00302329722356
-2.29387543018e-05
0.00046050660497
-0.00374423591276
-0.00470081612244
-0.00574800673057
-0.00173675697812
-0.0027764398796
-0.00380904273651
-0.00474726019508
-0.0056130515738
-0.00155157436994
-0.00223844703616
-0.00323475387565
-0.00369090406618
-0.00476726456291
-0.00118721403664
-0.00128253814145
-0.00268166498743
-0.00253312497707
-0.00398365229495
0.00102003051213
-0.000589970644761
3.30601623284e-05
-0.00432051800808
-0.00535668833265
-0.00638679418962
-0.00238342756707
-0.00334005973782
-0.00438011225341
-0.00532521417195
-0.00615616339697
-0.00208539701374
-0.00277716683723
-0.00377762723692
-0.00423713121658
-0.000404739838473
-0.00173757200996
-0.00183361300235
-0.00323253905696
-0.00308288357659
8.27919588105e-05
0.000475167752396
-0.00113112364285
-0.000503606852392
-0.00490777293293
-0.00599023094354
-0.00200270102971
-0.00300705105243
-0.00395662965922
-0.00498913170879
-0.00592567253179
-0.00174750722764
-0.00259801342834
-0.00328952625416
-0.0042939934693
-0.00475673371225
-0.00092676199172
-0.00226116176505
-0.00235789486482
-0.00375662706466
-0.0036058947067
-0.000438275494364
-4.31180603095e-05
-0.00164583013269
-0.00101398649192
-0.00551039838607
-0.00160092411449
-0.00259518851445
-0.00360708089235
-0.00460273007728
-0.00564391147736
-0.00158895179498
-0.0024175467177
-0.00327445207574
-0.00387606067719
-0.00480659899285
-0.000288254502681
-0.00142149502745
-0.00275740139169
-0.00285479972283
-0.00425334559193
0.000623201891417
-0.000932091080176
-0.000534260940026
-0.00213353473737
-0.00158988600815
-0.00608984169069
-0.00218823695897
-0.00318830186588
-0.00418297479337
-0.00522511211721
-0.00627479431574
-0.00222768533972
-0.00306338923251
-0.00394103983387
-0.00458008149912
-0.00552407720328
-0.000962618552496
-0.0020276126492
-0.00217940191293
-0.00332375830153
-0.00472212595143
0.000155411452784
-0.00139809521978
-0.00099770962057
-0.00270709572764
-0.00218989256841
-0.0016486407936
-0.00275165779049
-0.00375887819131
-0.00473419840107
-0.00582320007672
-0.0018811719774
-0.00284733469898
-0.00372168985887
-0.00462335473927
-0.00526842030128
-0.00125651506236
-0.00165981928685
-0.00273184395053
-0.00290728442098
-0.00407054160147
-0.00069366033465
-0.000489372450494
-0.00199057322513
-0.00156776483134
-0.00328527376389
0.00166075254796
-0.0022732366603
-0.00329067677148
-0.00430483988634
-0.00526021976995
-0.00639641741454
-0.00249050434236
-0.00349045121887
-0.00437249458665
-0.00528100728668
-0.00094219444938
-0.001937932948
-0.0023673443696
-0.00346016671004
-0.00363742573396
1.94944121567e-05
-0.00142350039268
-0.00121709755719
-0.00271491199176
-0.00225713319437
0.000587945510034
0.00111322457993
-0.00295596848072
-0.00390251041169
-0.00482566791131
-0.00580390163137
-0.0019943545668
-0.00310035785382
-0.00410854427502
-0.00499810599516
-0.0059347357189
-0.0016240445385
-0.00263426888974
-0.00306794919371
-0.00416382711233
-0.00434287932655
-0.00068646064487
-0.0021286569128
-0.00192016870231
-0.00341464492834
-0.002952328416
-5.91947506207e-05
0.000592851609424
-0.00361608311224
-0.00457064248172
-0.00542018955988
-0.00148427383144
-0.00259165156252
-0.00369259248588
-0.0047305162895
-0.00564965395945
-0.00160430462173
-0.00228976992902
-0.00330531410712
-0.00374318958954
-0.00484207126407
-0.000124392511174
-0.00136696104893
-0.00280837209374
-0.00259783352979
-0.00408902836683
0.000938146936044
-0.000723553024824
-1.0577042403e-05
-0.00425300813716
-0.0052154339105
-0.00607214794145
-0.00214093823594
-0.00325810999898
-0.00430233889537
-0.00534896326089
-0.00627608055973
-0.00223788523943
-0.00292957862945
-0.00395033243115
-0.00439231784849
-0.0054941431509
-0.000778192600511
-0.00202124452331
-0.00346188584049
-0.00324933762997
-0.000176917161105
0.000294226358911
-0.0013620233079
-0.00064259887209
0.00138294242565
0.000463957176665
0.00320266711382
0.00103164574976
-0.00118000888314
0.000952246894207
0.00121214491502
0.00132546673294
0.000405817046598
0.00314401698243
0.000972653128105
-0.0012391673569
0.000893103728444
0.00115319779716
0.00126906993008
0.000348767338701
0.00308646610306
0.00091476567732
-0.0012972177967
0.000835068332462
0.00109535506429
0.00121375429019
0.000292810403964
0.00303001688762
0.000857985850766
-0.00135415772895
0.00315924629128
0.00103861916423
0.00115952204904
0.00023794855491
0.00297467170867
0.000802316061915
-0.00140998472021
0.0031034338099
0.000982992505
0.00110637540459
0.00502989081113
0.00292043289903
0.000747758683871
-0.0014646963777
0.00304873639258
0.000928477454313
0.00105431651656
0.0049772259149
0.00286730275123
0.000694316048884
-0.00151829034979
0.00299515638916
0.000875076339124
0.00100334750606
0.00492566280662
0.0028152835171
0.000641990447875
-0.00157076432645
0.00294269610788
0.000816846100739
0.000953470455098
0.00487520364049
0.00276437740731
0.000590784129968
-0.0016221160398
0.00289135781491
0.000728714565229
0.000904687406242
0.00482585053001
0.0027145865909
0.000540699302026
-0.00167234326449
0.00284114373387
0.000641638741017
0.000857000362182
0.00477760554756
0.00266591319483
0.000491738128195
0.00277169400334
0.00279205604539
0.000555622172487
0.00184271530407
0.00473047072403
0.00261835930356
0.000443902729453
0.00272372225937
0.00274409688663
0.000470668376502
0.00179722611621
0.00468444804833
0.00257192695864
0.000397195183168
0.00267688142004
0.00269726835084
0.000386780841771
0.00175283869806
0.00463953946708
0.00252661815825
0.000351617522664
0.00263117353584
0.00265157248691
0.000303963028214
0.00170955488892
0.00459574688412
0.00248243485677
0.000307171736791
0.00470152987127
0.00257847782186
0.000222218366329
0.00166737648632
0.00455307216017
0.00243937896445
0.000263859769506
0.0046580938691
0.00249778380903
0.000141550256565
0.00162630524564
0.00451151711243
0.00239745234692
0.00022168351946
0.00461579670295
0.00241817001186
6.19620686833e-05
0.00158634287974
0.00447108351423
0.00235665682485
0.000180644839595
0.00457464024152
0.00233963977185
-1.65428588698e-05
0.00154749105864
0.0044317730946
0.00231699417354
0.000140745536746
0.00453462630704
0.00226219639854
-9.3961219592e-05
0.00150975140916
0.00439358753799
0.00227846612258
0.000101987371254
0.0044957566749
0.00218584316889
-0.000170289739554
0.00147312551461
0.00435652848385
0.00224107435542
6.43720565887e-05
0.00444412882672
0.00211058332664
-0.000245525178026
0.00124865634392
0.000149945218764
-0.00211080439757
-0.000304419294425
-0.00199837464269
-0.000272194485744
0.00148403636665
0.00116220015352
4.60370962197e-05
-0.00221823854742
-0.000415262858988
-0.00211242741118
-0.000389162281213
0.00136454725963
0.00107690508406
-5.67194999272e-05
0.00153099142478
-0.000524900761316
-0.00222525094608
-0.00050488027605
0.00124632507803
0.000992775320816
-0.000158319401052
0.00142592210552
-0.000633326838827
-0.00233683859292
-0.000619341351831
0.00112937735443
0.000909815011599
0.0027148567943
0.00132204366714
-0.000740534955679
-0.00244718372275
-0.000732538414168
0.00101371159908
0.000828028265874
0.00261558567711
0.00121936171551
-0.00084651900416
-0.00255627973379
-0.000844464394415
0.000899335298075
0.000747419153836
0.00251748659016
0.00111788182657
-0.000951272906087
-0.00266412005289
-0.000955112251385
0.000786255911446
0.000667991705515
0.00242056458468
0.00101760954506
-0.00105479061422
0.000796412609921
-0.00106447497308
0.000674480871331
0.000589749909869
0.00232482467986
0.000918550383291
-0.00115706611368
0.000691103271478
-0.00117254557847
0.000564017580049
0.000512697713881
0.00223027186172
0.000820709819883
-0.00125809342338
0.000587069156461
-0.00127931711922
0.000454873408176
0.000436839021668
0.00213691108202
0.000724093298481
-0.00135786659749
0.000484316707382
-0.00138478268154
0.000347055692606
0.000362177693577
0.00204474725714
0.000628706226492
-0.00145637972685
0.000382852330051
-0.00148893538792
0.000240571734584
0.000288717545297
0.00195378526699
0.000534553973805
-0.00155362694044
0.000282682391931
-0.00159176839904
0.000135428797721
0.000216462346968
0.00186402995389
0.000441641871503
-0.0016496024069
0.00018381322049
-0.0016932749155
3.16341059969e-05
0.000142076713529
0.00177548612145
0.000349975210576
-0.00174430033591
8.62511015325e-05
-0.00179344817977
-7.08051582625e-05
5.78648964651e-05
0.00168815853346
0.000259559240627
-0.00183771497975
-9.9977224734e-06
-0.00189228147797
-0.000171881856416
-2.51620373638e-05
0.00160205191278
0.000170399168575
-0.00192984063476
-0.000104927054077
-0.0019897681418
-0.000271588895557
-0.000106999865187
0.0015171709402
8.25001573558e-05
-0.00202067164283
-0.000198530742535
-0.00208590155039
-0.000369919230581
-0.000195895953988
0.00143352025331
-4.13267538046e-06
-0.00211020239288
-0.000290802685509
-0.00218067513221
-0.000466865866256
-0.000286371509299
0.00135110444544
-8.94942585712e-05
-0.00219842732239
-0.000381736830769
-0.00227408236697
-0.000562421859318
-0.000375671932541
0.00126992806446
-0.000173579569046
-0.00228534091889
-0.000471327177901
-0.00236611678754
-0.000656580320566
-0.00576588604738
-0.00247661933231
-0.00508701199229
-0.00115561966786
-0.00269860560955
-0.00434407519026
-0.00111620288438
-0.0057209451771
-0.00190835165987
-0.0045176124642
-0.00110728978672
-0.00264914533351
-0.00429349826643
-0.00106453349619
-0.00517987439297
-0.00186148163419
-0.00345848372379
-0.00105811527769
-0.00259882179309
-0.00424203974448
-0.00101196464803
-0.00513335787647
-0.00181380562215
-0.00340963831168
-0.00590113017462
-0.00254763627265
-0.00418970099582
-0.00095849780007
-0.00508605500479
-0.00176532468146
-0.00335996931561
-0.00585027002784
-0.00249559007592
-0.00413648341241
-0.000904134434205
-0.00503796677651
-0.00171603988581
-0.00330947788862
-0.00579856890758
-0.00244268452588
-0.00408238840658
-0.000848876053829
-0.00498909420506
-0.00166595232472
-0.00325816520062
-0.0057460280681
-0.00238892096456
-0.00402741741084
-0.00576341348781
-0.00493943831861
-0.00161506310346
-0.00320603243829
-0.00569264878148
-0.00233430075289
-0.0039715718777
-0.00570636967363
-0.00488900015998
-0.0015633733429
-0.00315308080493
-0.00563843233746
-0.00227882527057
-0.00391485327948
-0.00564843548215
-0.00483778078652
-0.0015108841794
-0.00309931152033
-0.00558338004331
-0.00222249591583
-0.00385726310817
-0.00558961250081
-0.00478578127
-0.0014575967647
-0.00304472582063
-0.00552749322367
-0.00216531410534
-0.00379880287519
-0.00552990233751
-0.00473300269652
-0.00140351226581
-0.0029893249582
-0.00547077322039
-0.00210728127398
-0.00373947411122
-0.00546930662044
-0.00467944616637
-0.00134863186483
-0.00293311020151
-0.0054132213924
-0.00204839887471
-0.00367927836602
-0.00540782699789
-0.00462511279398
-0.00129295675891
-0.00287608283495
-0.00535483911553
-0.00198866837837
-0.00361821720822
-0.005345465138
-0.00457000370774
-0.00123648816006
-0.00281824415873
-0.00529562778237
-0.00192809127354
-0.00355629222515
-0.00528222272854
-0.00451412004993
-0.00117922729506
-0.00275959548872
-0.00523558880209
-0.00186666906632
-0.00349350502264
-0.00521810147676
-0.00445746297659
-0.00112117540531
-0.00270013815632
-0.00517472360032
-0.00180440328018
-0.00342985722479
-0.00515310310911
-0.00440003365741
-0.00106233374672
-0.00263987350832
-0.00511303361897
-0.00174129545578
-0.00304606515556
-0.00476684509215
-0.00434183327563
-0.00586209705211
-0.00257880290672
-0.00474965655831
-0.00135988629347
-0.0029807011116
-0.0047000977479
-0.0042828630279
-0.00551613152294
-0.0022160639709
-0.00468632140779
-0.00129509908241
-0.00291448145246
-0.00463247858028
-0.00394045282163
-0.00545492823637
-0.00215338560837
-0.00462216589943
-0.00122947455642
-0.00284740787346
-0.00456398939043
-0.00464675486162
-0.00284614174123
-0.00104362278218
-0.00624165031197
-0.00437814543928
-0.00252174466157
-0.00068449160224
-0.00461240122743
-0.00281155046371
-0.00100883276042
-0.00594839560834
-0.00434308277634
-0.00248661114019
-0.000644719251554
-0.00457732960378
-0.00277623636756
-0.000973315883516
-0.00591271782058
-0.00430728772416
-0.00245074379189
-0.000608825401998
-0.00454154060115
-0.0027402000759
-0.000937072785284
-0.0058763106184
-0.0042707609314
-0.00241414326924
-0.00057219785259
-0.0045050348418
-0.00270344222385
-0.000900104111736
-0.00583917465654
-0.00423350305922
-0.00237681023737
-0.00517924888593
-0.00446781295973
-0.00266596345849
-0.000862410521023
-0.00580131060203
-0.00393254374503
-0.00233874537386
-0.00514115594906
-0.00442987560057
-0.00262776443877
-0.000823992683388
-0.00576271913415
-0.00389382574702
-0.00229994936875
-0.00510233134953
-0.00439122342159
-0.00258884583552
-0.000784851281099
-0.00572340094436
-0.00385437872726
-0.00226042292441
-0.00506277579126
-0.004267076935
-0.0025492083313
-0.0051336108793
-0.00568335673622
-0.00381420339617
-0.00222016675553
-0.00502248999051
-0.00422699713433
-0.00250885262042
-0.00509302444233
-0.00564258722539
-0.00377330047637
-0.00191172530337
-0.00498147467576
-0.00418620455474
-0.00246777940886
-0.00505171655908
-0.00560109313948
-0.00373167070255
-0.00187001187834
-0.00493973058774
-0.00414469989937
-0.00242598941418
-0.00500968795933
-0.00555887521806
-0.00368931482147
-0.00182757094598
-0.00489725847926
-0.00410248388269
-0.00229691413822
-0.00496693938459
-0.00551593421257
-0.00364623359185
-0.00178440326953
-0.00459236771632
-0.00405955723043
-0.00225369277612
-0.00492347158802
-0.00547227088624
-0.00360242778432
-0.0017405096242
-0.00454844187365
-0.00401592067954
-0.0022097568526
-0.00487928533438
-0.00542788601405
-0.00355789818136
-0.00169589079711
-0.00450379034116
-0.0039715749781
-0.00216510713103
-0.00483438139994
-0.00538278038263
-0.00351264557721
-0.00165054758723
-0.00445841391955
-0.00392652088527
-0.00211974438606
-0.00470346725712
-0.00533695479024
-0.00346667077783
-0.00160448080529
-0.00441231342129
-0.00388075917123
-0.00207366940354
-0.00465713033576
-0.00529041004666
-0.0034199746008
-0.0061416209391
-0.0043654896706
-0.00383429061712
-0.00202688298052
-0.00461007813097
-0.00524314697314
-0.00337255787529
-0.00609410949194
-0.00431794350332
-0.00378711601496
-0.0019793859251
-0.00456231146451
-0.00510987308696
-0.00332442144195
-0.00604587697481
-0.00426967576691
-0.00373923616761
-0.00193117905644
-0.00451383116928
-0.00506117586281
-0.00327556615285
-0.00599692424481
-0.00422068732029
