0.00269052155179
0.000528412869055
0.000647306116439
0.00310272448732
-0.00124139517587
0.00141535187368
0.00132414817511
0.0027637277757
0.000603166103028
0.000723565903689
0.00318043455658
-0.00116230819292
0.00149572435035
0.0013758870551
0.00283774358558
0.000678743758566
0.000800664423332
0.00325899700447
-0.00108235599573
0.00157697391704
0.00142855856205
0.00291256726319
0.000755144011421
0.000878599744095
0.00333841165579
-0.00100153793261
0.00165910112508
0.00148216205426
0.00298819800782
0.00083236595428
0.000957371782413
0.00341867273196
-0.000919861749704
0.00171562631118
0.00153669407191
0.00306463221117
0.000910405871673
0.00103697485206
0.00349978002707
-0.00083732682695
0.00177012954282
0.00159215392518
0.00314186904542
0.000989262828111
0.00111740884026
0.00358173145764
-0.000753935353675
0.00182554411872
0.00164853996919
0.0032199067382
0.00106893494299
0.00119867175728
0.00366452492539
-0.000669689534379
0.00188186845333
0.00170585053562
0.00329874350404
0.00114942032215
0.00128076159937
0.00374815831758
-0.000584591588469
0.0019391009388
0.00176408393286
0.00335480471395
0.001230717058
0.0013636763489
0.00383262950719
-0.000498643750005
0.00199723994525
0.00182323844631
0.00338009698065
0.00125945023571
0.00142048746348
0.00391793635316
-0.00041184826744
-0.000668567660649
0.00188331233857
0.00340623935228
0.00128613086401
0.00144769081704
0.00394622479116
-0.000354580532974
-0.000608620588964
0.00194430384974
0.00343323119474
0.0013136781637
0.00147577752928
0.00397482916236
-0.000325486383376
-0.000547772016004
0.00200621119759
0.003461071854
0.00134209143976
0.00150474686381
0.00400433211346
-0.000295478571349
-0.00048602365761
0.00206903257789
0.00348976065615
0.0013713699761
0.00153459806193
0.00403473284335
-0.000264557939545
-0.000423377250546
0.00213276616457
0.00351929690751
0.00140151303565
0.00156533034278
0.00406603052754
-0.000232725355168
-0.000359834552272
0.00219741011004
-0.000984916682592
0.00143251986048
0.00159694290341
0.00409822431827
-0.000199981709849
-0.000295397340709
0.0022629625454
-0.000953687692584
0.00146438967181
0.00162943491888
0.00150078062543
-0.000166327919528
-0.000230067414008
0.0023294215807
-0.000921613452283
0.00149712167021
0.00166280554237
0.00153476399346
-0.000131764924324
-0.000163846590317
0.00239678530523
-0.000888694733658
0.00153071503563
0.00169705390531
0.00156964078627
-9.62936884078e-05
-0.000117139695981
0.0024650517877
-0.000854932328026
0.00156516892751
0.00173217911747
0.00160541099551
-5.99142685467e-05
-8.01938792319e-05
0.00253421907658
-0.000928424983651
-0.000669057830238
-0.000468131361283
-0.000421047282081
-0.000514445364684
-0.000441610058809
-0.000328894387101
-0.000867840908686
-0.000605497196992
-0.000401353361362
-0.000350587581612
-0.000440057843835
-0.000362956332016
-0.000245621555947
-0.00080616418313
-0.000540795269766
-0.000333382303627
-0.000278878794825
-0.000364360662799
-0.000282928820487
-0.000160907580103
-0.000743397363788
-0.000474954987254
-0.000264221577872
-0.000205924864563
-0.00028735842744
-0.00020153292305
-7.47588043415e-05
-0.000679543044472
-0.000407979329503
-0.000193874620052
-0.000131729785122
-0.000209055800897
-0.000118774101868
1.28183572418e-05
-0.000614603855498
-0.000339871317286
-0.000122344911493
-5.62976012465e-05
-0.000129457502306
-3.4657880804e-05
0.000101817423329
-0.000548582463177
-0.000270634011471
-4.96359781021e-05
2.03675928715e-05
-4.85683055146e-05
5.0810156227e-05
0.000192231847479
-0.000481481569305
-0.00020027051238
2.42486104364e-05
9.8261654609e-05
3.36069622038e-05
0.000137624366895
0.000284055020229
-0.000413303910646
-0.000128783959147
9.93052414619e-05
0.000177380393924
0.000117063421439
-0.003341331695
0.000377280271184
-0.000344052258416
-5.6177529075e-05
0.000175530260145
0.000257719574376
0.000201796141938
-0.00325184228949
0.000471900871107
-0.000273729417756
1.75455630168e-05
0.0002529199703
0.000339274914143
0.000287800143894
-0.00316102397138
0.000567910034004
-0.000202338227213
9.23820654436e-05
0.000331470635194
0.000422042087051
0.000375070399248
-0.00306888260024
0.000665300919195
-0.000129881558205
0.000168328690311
0.000411178478368
0.000506016723593
0.000463601832976
-0.00297542408585
0.000764066633383
-5.63623144941e-05
0.000245382114175
0.000492039684454
0.000591194411961
0.000553389324385
-0.00288065438655
0.000864200232709
1.82165683487e-05
0.000323538978698
0.000574050399994
0.00067757069907
-0.00285319426743
-0.00278457950764
0.000965694724797
9.38521234796e-05
0.000402795891319
0.000657206734265
0.000765141091588
-0.00276091019895
-0.00268720549978
0.00106854307079
0.000170541353321
0.000483149425912
0.0007415047601
0.000853901056961
-0.00266738569597
-0.0025885384573
0.00117273818736
0.000248281230099
0.000564596123454
0.00081491527981
0.000943846024443
-0.00257262604893
-0.00248858451667
0.00127827294873
0.00032706869639
0.000646994866632
0.000858289653908
0.001000239234
-0.00247663658755
-0.00238734985487
0.00138514018866
0.000406900665659
0.000689471792696
0.000902872209582
0.00104709135158
-0.00238803045621
-0.00228484068777
-0.00227646084528
0.000459183928082
0.000733100219836
0.000948660732683
0.0010952077185
-0.00233741048102
-0.0021810632686
-0.00222600629152
-0.00645316946154
-0.00597987621715
-0.00531096428409
-0.00473913876333
-0.00460488014298
-0.00419979298858
-0.00374281756265
-0.00321618410191
-0.00259889201055
-0.00225295950063
-0.00197225861436
-0.00151437869318
-0.00607457243212
-0.00558120574707
-0.00516557172487
-0.00472140282353
-0.00427961438667
-0.00381842981995
-0.00335548790112
-0.00267134471917
-0.00208436612666
-0.00624548478692
-0.00586552830486
-0.00519885960356
-0.00453398555082
-0.00440055906639
-0.003998984372
-0.00359107764691
-0.0030667648686
-0.00241379743817
-0.00206078413225
-0.00177767954718
-0.00627943259972
-0.00588125114448
-0.00543060662886
-0.00500163564256
-0.00453543471248
-0.00409032223779
-0.00363347365975
-0.00317270889521
-0.00249169111689
-0.00187402262305
-0.00603435257619
-0.00568087929049
-0.00501779994327
-0.00450016712927
-0.00412999747314
-0.00380669347744
-0.00338540319226
-0.00285298960164
-0.00236818240153
-0.0020156228899
-0.00159553299102
-0.00608146230931
-0.00566828559873
-0.0052202153586
-0.00477871973299
-0.00429242889426
-0.00384370924826
-0.00339181840781
-0.00293386772308
-0.00232002085076
-0.00189742611672
-0.00577779098622
-0.005427142026
-0.00476892960534
-0.00446042221678
-0.00407718652726
-0.0035491567178
-0.0031570058575
-0.00267162116204
-0.00225872300565
-0.00190724771345
-0.00646266539119
-0.00599079794779
-0.00549282421162
-0.00495103515885
-0.00449786005745
-0.00400503285358
-0.00354086393282
-0.00309450717637
-0.0026399721449
-0.00228769228106
-0.00186543375893
-0.00545307813963
-0.00510594004012
-0.00450031908928
-0.00435277644392
-0.00397077111178
-0.00332866778205
-0.00306064170189
-0.00257659630251
-0.00208601124581
-0.00173623327093
-0.00626813726443
-0.00583893371792
-0.0053475802358
-0.00487133884974
-0.00416555094269
-0.0036717866835
-0.00334374987081
-0.00301766655761
-0.00246879489606
-0.00219952035934
-0.00177817611168
-0.00521095910833
-0.00485228388532
-0.00444321197203
-0.0042059812066
-0.00379786478493
-0.00321153455932
-0.00289945734327
-0.00241763579784
-0.00185096644147
-0.00150347232208
-0.00601293012087
-0.005626625773
-0.00521554084466
-0.00474096478801
-0.00410419849811
-0.00337149967213
-0.00327396114917
-0.00294845320587
-0.00240052890831
-0.00205587031487
-0.00163600720041
-0.00516680163468
-0.00486537924034
-0.00432772613174
-0.00408198119673
-0.00360240984023
-0.00313591639076
-0.00269140000024
-0.00219560326136
-0.0016255341737
-0.00625492937524
-0.00569830630333
-0.00535491052193
-0.00502388101201
-0.00457627616505
-0.00403324612145
-0.00326769854612
-0.00314707986442
-0.00282261282434
-0.00227640268291
-0.00185733039956
-0.0064395075323
-0.00511055826589
-0.004809653903
-0.00423086366125
-0.00391308579273
-0.00340667490001
-0.00299519423087
-0.00256175792421
-0.00204422104644
-0.00156022315914
-0.00619028496021
-0.00557950557735
-0.0050250801562
-0.00477350938629
-0.00444527085614
-0.00390408396392
-0.00314104856464
-0.00296365568245
-0.00264068174318
-0.00209693105767
-0.00169319284603
-0.00629741779365
-0.00498521666644
-0.00468546043566
-0.00408277740241
-0.00375068172644
-0.00318614009224
-0.00285199169564
-0.00240868768609
-0.00194960072337
-0.00143259339368
-0.00606395099035
-0.00545525449416
-0.00489316121552
-0.00459114365789
-0.00426422383939
-0.00371729360772
-0.00295786249388
-0.00272447083533
-0.00240342345975
-0.00186284731511
-0.00152436825752
-0.0061389099095
-0.00514449693729
-0.00449356626544
-0.00389412335998
-0.00352276996689
-0.00310980063341
-0.00268247669063
-0.00220151201306
-0.00179216451353
-0.00624329822077
-0.00587656586165
-0.0052709329922
-0.00481858244314
-0.0045170842132
-0.00410509535094
-0.00355052129494
-0.00277651728803
-0.0024305238591
-0.00211181301241
-0.00157508856133
-0.00632516984762
-0.00593775137528
-0.0048837413257
-0.0042472821085
-0.00374501417435
-0.00326829744852
-0.00296841095438
-0.00248034462561
-0.002021341297
-0.00157273820034
-0.00600995493198
-0.00562906038304
-0.00509893507278
-0.00468460453293
-0.00438416791653
-0.00388830711882
-0.00333680279203
-0.00256694097691
-0.00208300956732
-0.00176701771787
-0.00135965139152
-0.00618698638254
-0.0057986483163
-0.00478888003668
-0.00415892276835
-0.00366818778482
-0.00307341259339
-0.00276276536037
-0.00223488649425
-0.0018172919572
-0.00637104523131
-0.00573395566587
-0.00541556638383
-0.00503925103659
-0.00457047481612
-0.00419293067626
-0.00366387990509
-0.0030671439096
-0.00230244625775
-0.00168329615673
-0.00137037512187
-0.00116688080908
-0.00599501778466
-0.00560845924487
-0.00463229219771
-0.00400362857696
-0.0035252451627
-0.00293292941252
-0.00249399626246
-0.00194663903805
-0.0016992274993
-0.0062544343099
-0.00558101236577
-0.00532038183303
-0.00491974231581
-0.00445243850919
-0.00394424213618
-0.00341855773839
-0.00274268289875
-0.0019841086667
-0.00123290040237
-0.000923369073298
-0.0059208663221
-0.00575000596745
-0.00536569521251
-0.00440916431175
-0.00378232340599
-0.00335223695314
-0.0027282468606
-0.00216354398311
-0.00171467168117
-0.00151896375986
-0.00607637180071
-0.00555817428052
-0.0051651262631
-0.0047607293298
-0.00427585854946
-0.00363920525436
-0.00311759232586
-0.00237785456401
-0.00161318581792
-0.00118436547964
-0.000577619247045
-0.00562252623545
-0.00545287818115
-0.00507126052457
-0.00412081540311
-0.00349629241994
-0.00307990203689
-0.00246048811442
-0.0019230615929
-0.00166050212331
-0.00628506430345
-0.0058377530735
-0.00547453137996
-0.00495054479272
-0.00454843428591
-0.00404154132855
-0.00335419295334
-0.0027622479382
-0.00202900471783
-0.00171096311467
-0.00129957931677
-0.00567652451643
-0.00553911871891
-0.00530545191228
-0.00486147218876
-0.00376889482962
-0.00314715528341
-0.00274497162868
-0.00213108936418
-0.00186999877713
-0.00160782747203
-0.00620178723766
-0.00567643106757
-0.0053304941508
-0.00477957734648
-0.00438715069901
-0.00380880164284
-0.0030682563212
-0.00235396852248
-0.00196594951058
-0.00177238605061
-0.00136038803445
-0.00573642602779
-0.00550250444785
-0.00526904022995
-0.00482543932787
-0.00335535432597
-0.0027368091434
-0.00234923093355
-0.00177573581802
-0.0017540152329
-0.00149268840058
-0.00605690831638
-0.00548261366212
-0.00513795555484
-0.00461034131439
-0.00426329085808
-0.00368678737227
-0.00289084674027
-0.00194419934404
-0.00197220389903
-0.00177861070969
-0.0013665503462
-0.00578241119987
-0.00541242813026
-0.00517946082158
-0.00473678915811
-0.00288237362104
-0.00226739046072
-0.00189470554652
-0.00164481895256
-0.00161291729155
-0.00633134307029
-0.00585115809916
-0.00527975655013
-0.00488704974331
-0.00442661193807
-0.00408122112953
-0.0035074094424
-0.00274835660985
-0.00189500062415
-0.00192297122425
-0.00172961180954
-0.00631805185358
-0.00577976102413
-0.00527087443886
-0.00503705017203
-0.0045958478377
-0.00248167125793
-0.00180016071147
-0.0013836126561
-0.0014519076279
-0.00142109383068
-0.00614880986892
-0.00563361836332
-0.00501820170784
-0.00457842713678
-0.00418499613423
-0.00385159059389
-0.00338170946314
-0.00269068251768
-0.00179055414865
-0.00181845293651
-0.00162558795023
-0.00621506313823
-0.00572321860688
-0.0051886944197
-0.00487828704364
-0.00440312839256
-0.00256536753058
-0.00198437092909
-0.00150708071664
-0.00128142443214
-0.0062576660214
-0.0059866054479
-0.0054736708251
-0.00472871121202
-0.00421348345228
-0.00397407488391
-0.00373418831577
-0.00326571320328
-0.00257669397033
-0.00167829661488
-0.00165907348704
-0.00146695761493
-0.00605800420508
-0.00561300219163
-0.00510964518976
-0.00471164983983
-0.00422851079923
-0.00268776125838
-0.00210597676804
-0.00162707013785
-0.0010568364229
-0.00603322616612
-0.0057638216147
-0.00525395311103
-0.00451330215156
-0.00380511139668
-0.00379812005807
-0.00355931740215
-0.00309292111681
-0.00240687128683
-0.00151219604623
-0.00144547180707
-0.00625436097937
-0.0058474848548
-0.00544953382299
-0.00497779661804
-0.0045320442986
-0.00401259641761
0.00291700272387
0.00327658470448
0.00102231238337
0.000974535725345
0.00323280898973
-0.00119976663736
0.00129877982551
0.00291843963113
0.00327805522526
0.00103614793846
0.000988698830072
0.00324728935733
-0.00118498362115
0.0013138461888
0.00292080172886
0.00328047257722
0.0010509510281
0.00100385226324
0.00326278212392
-0.00116916715908
0.00132996569622
0.00292408894966
0.00328383668814
0.00106672118949
0.00101999552845
0.00327928675906
-0.00115231781546
0.00134713775045
0.00292830119976
0.00328814745748
0.00108345792988
0.00103712809723
0.00329680269806
-0.00113443619103
0.00135168532067
0.002933438359
0.00329340475648
0.00110116072671
0.00105524940914
0.00331532934211
-0.00111552292281
0.00135657467707
0.00293950028088
0.00329960842811
0.00111982902765
0.00107435887185
0.00333486605834
-0.00109557868402
0.00136251915715
0.00294648679256
0.00330675828711
0.00113946225074
0.00109445586125
0.00335541217995
-0.00107460418391
0.00136951854029
0.00295439769488
0.00331485412006
0.00116005978439
0.00111553972155
0.00337696700633
-0.00106249468798
0.00137757256676
0.00296323276243
0.00332389568535
0.00118162098757
0.00113760976536
0.00339952980318
-0.00105356347871
0.00138668093783
0.00297299174351
0.00333388271325
0.00120414518985
0.00116066527384
0.0034230998026
-0.00104359872008
0.0013968433158
0.00298367436025
-0.00113859059471
0.00122763169151
0.00118470549679
0.00344767620327
-0.00103260076719
0.00140805932404
0.00299528030858
-0.00112671356309
0.00125207976368
0.00120972965279
0.00346701289475
-0.00102057001176
0.0014203285471
0.0030078092583
-0.00111389204637
0.00127748864842
0.00123573692931
0.00347980120386
-0.00100750688205
0.00143365053074
0.00302126085315
-0.00110012642636
0.00128859870156
0.00126272648284
0.0034935998029
-0.000993411842819
0.00144802478209
0.0030356347108
-0.00108541711272
0.00196294690577
0.00197885075809
0.00423103817109
-0.000277310558287
0.0021992412384
0.00370469279333
-0.000428996916485
0.00196596364938
0.00200505813442
0.0042468559052
-0.000261153239812
0.00221571839218
0.00372090992583
-0.000425085303751
0.00196994732189
0.00202150795461
-1.54570353477e-05
-0.000243965624132
0.00223324610384
0.00373804801858
-0.000420245070071
0.00197489779915
0.00203894355949
2.37768057315e-06
-0.00022574832105
0.00225182372673
0.00375610658572
-0.000414459697639
0.00198081492691
0.00205736438268
2.12199952176e-05
-0.00020650197637
0.00227145057607
0.00377177297864
-0.000407729358753
0.00198769852082
0.00207676982631
4.10692688117e-05
-0.000186227271795
0.00229212592903
-0.00052203024867
-0.000364249302008
-0.000253894996189
-0.000228468972391
-0.000310027655561
0.000654980897729
0.000367186733221
-0.000523873291924
-0.000366198718782
-0.000255961889438
-0.000230665811501
0.000790939252496
0.000652481115418
0.000364511467177
-0.000524449892361
-0.000366808599659
-0.000256608524712
-0.000231353102731
0.000790206958178
0.000651699041435
0.000363674488099
-0.000523760019155
-0.000366078908162
-0.000255834858532
-0.000230530793876
0.000791083110795
0.000652634752701
-0.00278426217326
-0.000521803709188
-0.000364009687934
-0.000253640942917
0.000807872736816
0.000793567634797
0.000655288157184
-0.00278142250264
-0.000518581067043
-0.000360601062733
-0.000250026925371
0.000811713943812
0.000797660315961
0.000659658993949
-0.00277674488341
-0.000514092264976
-0.000355853236387
0.000728641372994
0.00081706421964
0.000803360801493
0.000665746833282
-0.00277022984224
-0.00050833754287
-0.00034976649274
0.000735094770242
0.000823923158148
0.000810668600175
0.000673551076903
-0.00276187811236
-0.000501317208167
0.000573861357056
0.000742967254673
0.00083229023887
0.000819583082575
0.00068307095826
-0.00275169063312
-0.00326794915637
0.000582624764175
0.000752258297669
0.000842164827226
0.000830103481322
0.000694305542906
-0.0027396685495
-0.00242710118985
0.000592725757958
0.000762967275698
0.000853546174759
0.000842228891434
0.000707253728953
-0.00272581321143
-0.00241628653631
0.000604163735596
0.000775093470524
0.000866433419421
0.000855958270706
0.000721914247615
-0.00271012617307
-0.00240420817366
0.00061693801493
0.000788636069441
0.000880825585897
0.000871290440158
0.000738285663828
-0.0026926091919
-0.00239086674557
0.00063104783465
0.000803594165554
0.000896721585974
0.000888224084537
0.000756366376948
-0.00267326422777
-0.0023762629625
0.000646492354528
0.000819966758074
0.000914120218952
0.000906757752884
0.000776154621531
-0.00194233716429
-0.00236039760154
0.000663270655659
0.000837752752656
0.000933020172093
0.000926889859148
0.000797648468193
-0.00191934291767
-0.00234327150617
0.00068138174074
0.000856950961762
0.000953420021117
0.000948618682865
0.00153060210204
-0.00189452777035
-0.00232488558607
0.000700824534363
0.000877560105054
0.000975318230733
0.000971942369885
0.00155550071368
-0.00186789447962
-0.00230524081685
0.00072159788333
0.000899578809822
0.000998713155215
0.0016620197605
0.00158209816532
-0.00183944599862
-0.00228433823981
0.000743700556999
0.000923005611435
0.00102360303902
0.00168852708092
0.00161039188192
-0.00180918547468
-0.00226217896166
-0.002173523507
0.000947838953827
0.00104998601742
0.00171662290822
0.0016403791299
-0.00177711624763
-0.00693306972443
-0.00586929166395
-0.00466971475161
-0.00342619928832
-0.00272532097132
-0.00227800958425
-0.00431886054527
-0.0069178512548
-0.00585274876723
-0.00462113872141
-0.00337344289751
-0.00278083633794
-0.00233932315402
-0.00438569602051
-0.0069003124975
-0.00583368803135
-0.0045883315835
-0.00334263576366
-0.00283316053078
-0.00239713741339
-0.00444874572469
-0.00688045892839
-0.00581211349387
-0.00456491241823
-0.00338687977942
-0.00288227512629
-0.00245142768287
-0.00450797788297
-0.00685829410358
-0.00578802971442
-0.00453877245208
-0.00342820316182
-0.00292816270179
-0.00250217057557
-0.00456336231975
-0.00683382198456
-0.00576144176994
-0.00457648736271
-0.00346659388513
-0.00297080686523
-0.00254934404527
-0.00461487053129
-0.00680704693467
-0.00573235524936
-0.00461199748208
-0.00350204071785
-0.0030101922835
-0.00259292743244
-0.00466247575557
-0.00677797371531
-0.00570647622128
-0.00464479974041
-0.00353453323874
-0.00304630470926
-0.0026329015079
-0.00470615303898
-0.00674660748166
-0.00573404310488
-0.00467488599918
-0.00356406185189
-0.00307913100606
-0.002669248514
-0.00474587929944
-0.00671295377826
-0.0057591110249
-0.00470224876507
-0.00359061780063
-0.0031086591718
-0.00270195220311
-0.00478163338555
-0.00668790531612
-0.00578167471559
-0.00472688119911
-0.00361419318036
-0.00313487836024
-0.00273099787318
-0.00481339613158
-0.00670628473591
-0.00580172942461
-0.00474877712515
-0.00363478095015
-0.00315777890074
-0.00275637240026
-0.00484115040779
-0.00672235952701
-0.00581927091792
-0.00476793103753
-0.0036523749432
-0.00317735231582
-0.00580590664783
-0.00486488116588
-0.00673612683185
-0.00583429548432
-0.00478433810793
-0.00366696987601
-0.00319359133677
-0.00582390597227
-0.00488457547933
-0.00674758419927
-0.00584679993926
-0.00479799419145
-0.00367856135625
-0.00320648991706
-0.00583820452587
-0.00490022257826
-0.00403066505746
-0.00585678162825
-0.0048088958318
-0.00368714588938
-0.00321604324353
-0.00584879575504
-0.00491181387869
-0.00403749683287
-0.00586423796402
-0.00481704026568
-0.00369272088387
-0.00322224774535
-0.00585567479544
-0.00491934300599
-0.00404201377602
-0.00586916829138
-0.00482242542625
-0.00369528465513
-0.00322510110071
-0.00585883848311
-0.00492280581238
-0.00404421414835
-0.00587157109497
-0.00482504994577
-0.00369483642805
-0.00322460224109
-0.00585828536172
-0.00492220038829
-0.00404409941898
-0.00587144586301
-0.00482491315732
-0.00369137633817
-0.00322075135336
-0.00585401568594
-0.00491752706767
-0.00404166867708
-0.00586879262217
-0.00482201509569
-0.00368490543145
-0.00321354987931
-0.00584603142086
-0.00490878842705
-0.0029486084813
-9.52167891119e-05
-0.00314661046367
-0.00163141045976
-0.00319712827486
-0.00180245781199
-0.00511235540606
-0.00293638155701
-8.25501902026e-05
-0.00315799664539
-0.00164318729562
-0.00320925576295
-0.00181487982514
-0.00512500012851
-0.00292266288869
-8.88527971105e-05
-0.00316777797218
-0.00165330434824
-0.00321967417549
-0.00182555136907
-0.00513586308669
-0.00290745349539
-9.67311768933e-05
-0.00317595360296
-0.00166176068702
-0.0032283824963
-0.00183447135176
-0.00514494312881
-0.00289075450578
-0.000103060380698
-0.00318252283429
-0.00166855553357
-0.00323537987535
-0.00184163885974
-0.00515223929137
-0.00287256715775
-0.000107841299714
-0.00318748510064
-0.00167368826209
-0.00324066562922
-0.00184705315854
-0.00515774847136
-0.00285289559196
-0.00505475217293
-0.00319083997464
-0.00167715839965
-0.00324423924143
-0.00185071369307
-0.00516147473986
-0.00283173567543
-0.00505643549947
-0.00319258716727
-0.00167896562642
-0.00324610036267
-0.00185262008791
-0.00516341537257
-0.00280909176481
-0.0050565697659
-0.003192726528
-0.0016791097758
-0.00324624881097
-0.00185277028487
-0.00516357016319
-0.00278496552998
-0.00505515496148
-0.0031912580448
-0.00167759083449
-0.00324468457184
-0.00185116799363
-0.00516193909528
-0.00275935874737
-0.00505219119938
-0.00318818184421
-0.00167440894252
-0.00324140779819
-0.00184781151591
-0.00515852234222
-0.00273227329929
-0.00504767871659
-0.00318349819126
-0.00639800272585
-0.0032364169477
-0.00184270119596
-0.00515332026713
-0.002209166779
-0.0050416178739
-0.00317720748934
-0.00639149596554
-0.00322971623317
-0.00183583755775
-0.00514633342271
-0.00218011310314
-0.0050340091557
-0.00316931028004
-0.00502800085909
-0.00322130444647
-0.00182722130467
-0.00513756255089
-0.00217131423972
-0.00502485316977
-0.00315980724292
-0.00501816976479
-0.00321118240877
-0.0018168533192
-0.00512700858249
-0.00216102902675
-0.00501415064712
-0.00314869919523
-0.00500668057768
-0.00319935110747
-0.00180473466243
-0.00270898400441
-0.00214925822213
-0.00500190244162
-0.00313598709152
-0.00499353249125
-0.00318581169579
-0.00630277427029
-0.00269486738818
-0.00213600269263
-0.00498810952968
-0.00312167016062
-0.00497872671301
-0.00317056549215
-0.00628715816595
-0.00267897159557
-0.00212126341351
-0.00497277300987
-0.00310575335575
-0.00496226460132
-0.00315361397954
-0.00626979563952
-0.00266129830695
-0.00210504146821
-0.00495589410251
-0.0030882361781
-0.00494414766476
-0.00313495880481
-0.00625068846028
-0.00264184938808
-0.00208733804793
-0.00493747321781
-0.00306912012687
-0.00492437756143
-0.00311460177789
-0.00622983857256
-0.00262062688918
