-0.003064405268
-0.000826502505504
-0.00320428711339
-0.00300976239666
-0.000786986001204
-0.0034921879868
-0.00267262959508
-0.00303134886484
-0.000793331516666
-0.0031711098094
-0.00296993747956
-0.000739965705008
-0.00344448532681
-0.00262543036239
-0.00299712189023
-0.000758986004389
-0.00313675776419
-0.00292894743361
-0.000699197700325
-0.00339564171203
-0.00257710157886
-0.00296172592593
-0.000723467566783
-0.00310123257679
-0.00288679414586
-0.000657272507048
-0.00334565931546
-0.00252764535067
-0.00292516260473
-0.00068677785349
-0.00306453589776
-0.00284347955266
-0.000614192030677
-0.00329454035505
-0.00247706382778
-0.0028874336101
-0.000684672038944
-0.00302666942886
-0.00279900563922
-0.000569958224864
-0.00324228709325
-0.00242535920337
-0.00284854067575
-0.000645644927425
-0.00298763492263
-0.00275470855027
-0.000524573090983
-0.00318890183649
-0.00237253371345
-0.00034408404963
-0.000605451794505
-0.00294743418202
-0.00271463085842
-0.000478038677689
-0.00313438693471
-0.00231858963637
-0.00030286863622
-0.000564094492079
-0.00290606905996
-0.0026733922137
-0.00515572949923
-0.00307874478089
-0.00226352929238
-0.000260494782021
-0.000521574921589
-0.00286354145897
-0.00263099450144
-0.00510690285996
-0.00302197781051
-0.00220735504309
-0.000216964417884
-0.0004778950336
-0.00281985333069
-0.000770766451409
-0.00505693336641
-0.00296622310318
-0.00215006929106
-0.000172279522891
-0.000433056827364
-0.00277500667549
-0.000726056454591
-0.00500582325181
-0.00291554380231
-0.00209167447927
-0.000126442123922
-0.000387062350373
-0.002729003542
-0.000680193336927
-0.00495357479435
-0.00286373516832
-0.00203217309062
-7.94542952072e-05
-0.000339913697911
-0.00271652661671
-0.000633179176084
-0.00490019031667
-0.0028107994669
-0.00197156764746
-3.13181578722e-05
-0.000291613012589
-0.00266821686335
-0.000585016096697
-0.00484567218542
-0.00275673900675
-0.000761590267978
1.79641205239e-05
-0.000242162483873
-0.00261875706263
-0.000535706269901
-0.00479002281071
-0.00270155613915
-0.000698784438025
-0.00015676621918
-0.00019156434761
-0.00256814945163
-0.000485251912864
-0.00473548056051
-0.00264525325743
-0.000634882352113
-0.000105198344711
-0.000139820885537
-0.00251639631334
-0.000433655288304
-0.00468420216768
-0.00258783279649
-0.000569886685214
-5.24911057108e-05
-0.00453370448932
-0.00246349997618
-0.000380918704
-0.00463179040717
-0.00252929723228
-0.00540659696897
1.35314931318e-06
-0.00447967740193
-0.00240946281348
-0.0003270445123
-0.00457824758903
-0.00246964908135
-0.00534260297344
5.63320278518e-05
-0.0044245121043
-0.00235428724298
-0.000272035109619
-0.00452357606669
-0.00240889090025
-0.00528252490718
-0.00653923772154
-0.0028381028739
-0.0040777907501
-0.00523265783061
-0.00637187062774
-0.00252461567351
-0.0036661186276
-0.0062317895873
-0.00275062118942
-0.0039886779526
-0.0051382981543
-0.006280101934
-0.0024313677837
-0.00357271484884
-0.00615850659848
-0.00266196101784
-0.00389836897892
-0.00504273627998
-0.00618710302288
-0.00233687216959
-0.00347804155962
-0.0060840391611
-0.00257212683931
-0.00380686854682
-0.00494597730954
-0.00609343085367
-0.00724113134562
-0.00338210438342
-0.00600839097458
-0.00248112317013
-0.003714181411
-0.00484802637941
-0.00600325006154
-0.00714415658269
-0.00328814484874
-0.00593156578127
-0.00238895456183
-0.00362031236209
-0.00475502576553
-0.00591183979867
-0.00704726707892
-0.00319428100924
-0.00585356736553
-0.00229562560016
-0.00352526622556
-0.0046635959601
-0.00581920512138
-0.00695324089969
-0.00310450049553
-0.00577439955299
-0.00221456471501
-0.00342904786065
-0.00457096243003
-0.00572535112544
-0.00685797831957
-0.00301360157223
-0.00569406620959
-0.00713016466241
-0.00333166215933
-0.00447852617982
-0.00563028294495
-0.00676148471362
-0.00292149770176
-0.00561257124084
-0.00704700932951
-0.00323311404526
-0.00438523598289
-0.00553729870068
-0.00666376549464
-0.00283014711012
-0.00552991859087
-0.00692740936242
-0.00313707861919
-0.00429075389968
-0.00544545920166
-0.00656482611189
-0.00273753566667
-0.00544611224164
-0.00684190362312
-0.00304784625681
-0.00419508487618
-0.00535240497174
-0.00646467204982
-0.00264380341382
-0.00536313465111
-0.00675522904193
-0.00295743420985
-0.00409823389266
-0.00525813919139
-0.00637141231407
-0.0025511119434
-0.00528231952861
-0.00666738990965
-0.00286584707337
-0.00400020596261
-0.00516267066614
-0.00628214304018
-0.00245716885034
-0.00520035047404
-0.00657839055328
-0.00277308947785
-0.00390100613159
-0.00506600264954
-0.0061955556157
-0.00236197954996
-0.00511723140575
-0.00648823533517
-0.00267916608819
-0.0038093426415
-0.0049743934213
-0.00610849462929
-0.00226810138406
-0.00503296627898
-0.00639692865205
-0.00258408160268
-0.00372305314807
-0.00488170839662
-0.00602019385037
-0.00717392890403
-0.00494755908503
-0.00630911337839
-0.00248784075204
-0.00363556485212
-0.00478782107383
-0.00593065821252
-0.00707852103052
-0.00486101385038
-0.00622087213965
-0.00239200397594
-0.00354688231681
-0.0046931365121
-0.0058398926916
-0.00698187841294
-0.00477333463589
-0.0061314789344
-0.00229514814569
-0.00345701014399
-0.00459905585486
-0.00574791200315
-0.0068868737518
-0.00468452553595
-0.00604093808587
-0.00719728694252
-0.00336595297312
-0.00450378175538
-0.00565695795361
-0.00679619588474
-0.0082651751821
-0.0091734178007
-0.00646269880071
-0.00996615812297
-0.0098328252629
-0.00728194703006
-0.0076305551308
-0.00810986347256
-0.0083094342747
-0.00868375147388
-0.00864226908307
-0.00617653024686
-0.00923131208097
-0.00686092849957
-0.00634427536171
-0.0072132598269
-0.00998636707186
-0.0078253342362
-0.00687583605395
-0.00479820222087
-0.0106313742657
-0.00911785830318
-0.00652317796944
-0.0073344931915
-0.00468025863478
-0.0107194175865
-0.00817407731747
-0.00852687703127
-0.00592448169811
-0.00612648197385
-0.00958435201707
-0.00954236245523
-0.00707464847389
-0.00678949792382
-0.00775082794155
-0.0103714250644
-0.00808966475461
-0.00733896878574
-0.00867622632715
-0.00771066364742
-0.00562115607166
-0.00782881694456
-0.00745947453962
-0.00736615973645
-0.0081865384289
-0.00816324959283
-0.00875745703629
-0.00904646823367
-0.0094034656943
-0.00680189364161
-0.00700632777876
-0.00735430096558
-0.0104226702305
-0.00795297742596
-0.00766440695451
-0.00520107618686
-0.0112353906661
-0.00894626075859
-0.00818705614777
-0.00594508946947
-0.00853875260827
-0.00975635049328
-0.00789189177867
-0.00827205489012
-0.00558947601985
-0.00901815802463
-0.00900284544995
-0.00960385827533
-0.00700355526178
-0.00736474985886
-0.00765879286117
-0.0107605201549
-0.00821460497083
-0.00817159889713
-0.00881079377222
-0.00851880329026
-0.00605066325416
-0.00874730210164
-0.00978235978738
-0.0076421664084
-0.00676318137586
-0.00468904845367
-0.00703237661614
-0.0086628797012
-0.00906360420141
-0.00639097384089
-0.00982865786671
-0.00982129824574
-0.0104290974508
-0.00783432264675
-0.00819970644992
-0.00554817506533
-0.0115985979283
-0.0090536518258
-0.00661421859465
-0.00644430921626
-0.00729836716777
-0.0101106927301
-0.00785785932581
-0.00719760862051
-0.00844860509871
-0.00756014719659
-0.0089087834525
-0.00780783072257
-0.00586763168206
-0.00983345506971
-0.00717070630375
-0.0106173422936
-0.00799492879072
-0.00860948255415
-0.00864317390197
-0.0060664604435
-0.00932150051048
-0.00679634274687
-0.0098706795618
-0.00743074037257
-0.00725886138408
-0.004819466963
-0.0109170629263
-0.00865814395507
-0.00799059231494
-0.00577443822449
-0.00487656750314
-0.00967364701724
-0.0085616393817
-0.00659560836801
-0.00831798294935
-0.00556094901407
-0.00802835511437
-0.00876892871586
-0.00620709204338
-0.00670588511931
-0.0068754994076
-0.010142368391
-0.00761135404002
-0.00767465382313
-0.00822446838434
-0.00805063055559
-0.00889791191035
-0.00846902579318
-0.00943573333247
-0.00876093220009
-0.0065364296329
-0.00562922527004
-0.0069829634865
-0.00929315379145
-0.00731286476623
-0.00531743290393
-0.00896997537396
-0.00638125459706
-0.00951959567087
-0.00696440781017
-0.0074686253379
-0.00789258826545
-0.0109403516275
-0.00841157289535
-0.00847554230094
-0.00591654692911
-0.00881883104584
-0.00966275690828
-0.0092291587424
-0.00688645417005
-0.00620447089263
-0.00727512164709
-0.0098174158295
-0.00770233855426
-0.00656950519851
-0.00804755671546
-0.00601810139189
-0.00968020076974
-0.00710015760913
-0.00785618590735
-0.00769756464893
-0.0082071475984
-0.00866321350631
-0.00899117834644
-0.00918808669251
-0.00925278819223
-0.00669302481384
-0.00977795341331
-0.00731759612154
-0.00996501112852
-0.00761638026505
-0.00692729905127
-0.00462381253503
-0.0094352775224
-0.00839794708457
-0.00650162416332
-0.00529401134142
-0.00732730394816
-0.0103658307994
-0.00779433256813
-0.00855792936796
-0.00591390326729
-0.00894720981771
-0.00940936920237
-0.00974096673679
-0.0071189881769
-0.0100054998479
-0.00744497577198
-0.0105276712916
-0.00805794485216
-0.0057348351812
-0.0083213214231
-0.00613110576741
-0.00887533567657
-0.00680763251026
-0.00910766767057
-0.00720152658788
-0.00598257273546
-0.00797839305052
-0.0089841999088
-0.00846303779655
-0.00923407090922
-0.00659641640484
-0.0102574790871
-0.0101302374916
-0.00764434167192
-0.0078456145659
-0.00532188444637
-0.00525249380953
-0.00911708379345
-0.00877871023757
-0.00645062886011
-0.00585127251054
-0.00680341038662
-0.00953974325059
-0.00750083523876
-0.00648528719908
-0.00787719330934
-0.00664708890719
-0.00860365043985
-0.00961848084592
-0.00697055548121
-0.00659885524793
-0.00725874007685
-0.00786114597061
-0.00833310746432
-0.00834262894117
-0.00854603984082
-0.00602301519558
-0.00935910459706
-0.00693554599054
-0.00947336471235
-0.00714039050193
-0.00653489728462
-0.00794947094731
-0.0102144366481
-0.00817153301004
-0.0071463708857
-0.00518544566897
-0.00728690525159
-0.00920238495054
-0.00667921266417
-0.00758609461895
-0.0049896966482
-0.0110020224082
-0.00852419031809
-0.00900092118185
-0.00642403428722
-0.00662954383046
-0.00669708572982
-0.010032448587
-0.00760675800589
-0.00726132253945
-0.00780330516077
-0.00719179487677
-0.00859923556864
-0.00778707903833
-0.00881620504242
-0.00778163002536
-0.00581059444206
-0.00835299325137
-0.00800109235453
-0.00725927894227
-0.00817394373536
-0.005584457773
-0.00949096264508
-0.00692776263543
-0.00964096205066
-0.00706746402105
-0.00727502625979
-0.00818874592504
-0.0106778977877
-0.00825012191944
-0.00790126623692
-0.00548343067659
-0.00782116822934
-0.00922164400071
-0.00841338012796
-0.00630688687776
-0.00756510238844
-0.0064094649181
-0.00845799079733
-0.00854473463803
-0.00595332704275
-0.00873337428425
-0.00934198213277
-0.0100921680183
-0.00753466271299
-0.00802059495627
-0.00768220433396
-0.00789176647879
-0.00880614630137
-0.00873388578186
-0.00886479811102
-0.00851261102545
-0.00609020737434
-0.00770080539027
-0.00982401251767
-0.00783217276344
-0.00689730939204
-0.00498450572868
-0.00381929380891
-0.00901980885249
-0.00905982857343
-0.0064763685849
-0.00740581739141
-0.00804453772568
-0.0106642641483
-0.00811227722105
-0.00860261030603
-0.00594175952933
-0.0118851433276
-0.00939394351492
-0.00702335169931
-0.00680845913572
-0.00716131476762
-0.00666770229259
-0.008272756287
-0.0075328049977
-0.00548689945349
-0.00745951994269
-0.00553807236507
-0.00831176454091
-0.00652753191009
-0.00954572530426
-0.00696987541028
-0.00790627398826
-0.0085804465686
-0.00608202865405
-0.00865980973929
-0.00614146546865
-0.0064966281114
-0.00758350656451
-0.0099513034816
-0.00758006292949
-0.00736326767742
-0.00499671226952
-0.0109907179294
-0.00881482676835
-0.00808052307095
-0.00602781217418
-0.00507741626424
-0.00606302905641
-0.0088278020939
-0.00703417467702
-0.0048105886137
-0.00587381389083
-0.00818841102942
-0.00908596807103
-0.00659359204673
-0.00722947876339
-0.0066622092668
-0.00702033831876
-0.00810901531194
-0.00817974672591
-0.00810554255202
-0.00788692023577
-0.00551737106207
-0.00893326613194
-0.00669601558295
-0.00859804076255
-0.00653879569345
-0.00558108272532
-0.00771135547112
-0.00931493499499
-0.00751231298009
-0.0052362223731
-0.0063063001102
-0.00709237520229
-0.00956038365992
-0.0070737659752
-0.00771452090602
-0.0051170745021
-0.0110270926454
-0.00860249239073
-0.00867379074146
-0.00622358747862
-0.00837862560603
-0.00600621957246
-0.00941820269894
-0.00717606148522
-0.00645438627742
-0.00701914346665
-0.00605444940159
-0.00817710634099
-0.0064559811197
-0.00796135846958
-0.00563083803805
-0.0099332810697
-0.00752879501513
-0.00843909435833
-0.00752183168231
-0.00816719736488
-0.00557343434178
-0.00955291471309
-0.00906316265538
-0.00913499852124
-0.00668423138507
-0.00646221194193
-0.00806996903846
-0.00987077914358
-0.00762400596498
-0.00563596593925
-0.00479137100292
-0.0097047818579
-0.00861230097831
-0.00688346753576
-0.00556641826161
-0.0047526219605
-0.0103311968286
-0.00793312521989
-0.00884924062153
-0.00629909120629
-0.00858679743856
-0.00961233495384
-0.00997850100784
-0.00748226075608
-0.00956262129805
-0.00711132370548
-0.00480726442216
-0.00849295983023
-0.00632762406417
-0.00804954562926
-0.00605858588458
-0.00520841957024
-0.00755716916546
-0.00901633627147
-0.00728025813803
-0.00595560006534
-0.0032447763809
-0.000811853645481
0.00120004307856
-0.00319776556198
-0.00147956215629
0.00110261016743
-0.00303789500781
0.00029612642593
-0.000846201440419
0.00116695792354
-0.00323495842425
-0.00151706152783
-0.00297511769977
-0.00307562799252
0.000263440005605
-0.000879379565805
0.00113505831464
-0.00327095744021
-0.000696752152228
-0.00301158992361
-0.00311215032043
0.000231907829549
-0.000911386487842
0.00110434576538
-0.00330576087209
-0.00073184296562
-0.00304685129264
-0.00314746017765
0.000201531315455
-0.000942220724338
0.0010748217354
-0.000157542576012
-0.000765726884665
-0.0030809000569
-0.00318155580706
0.000172311831256
-0.000971880845038
0.00157681436906
-0.000189949844851
-0.000798402240643
-0.0031137345234
-0.00321443550873
0.000144250694816
-0.00100036547195
0.00154967153931
-0.000221156644918
-0.000829867421439
-0.00314535305655
-0.00324609764038
0.000315912734486
-0.00102767327968
0.00152372128108
-0.000251161458813
-0.000860120871934
-0.00317575407857
-0.000722832697696
0.000290172045442
-0.00105380299569
0.00149896483517
-0.00027996282517
-0.000889161094384
-0.00320493606984
-0.000752054994841
0.000265297165781
-0.00107875340066
0.00147540338688
-0.000307559339007
-0.000916986648785
-0.00323289756928
-0.000780055144715
0.000237262431421
-0.00110252332869
0.00145303806578
-0.000333949652065
-0.000943596153224
-0.0024155506544
-0.000806831739384
0.00021038892437
-0.00112511166765
-0.00223606298967
-0.000359132473131
-0.000968988284221
-0.00244106702304
-0.000832383430414
0.000184677863585
-0.00114651735938
-0.00225603289208
-0.000383106568356
-0.000993161777053
-0.00246535887155
-0.000856708929208
0.000160130416896
-0.00116673939995
-0.0022748036158
0.000121143263008
-0.00101611542607
-0.00248842497656
-0.000879807007326
0.000136747700738
-0.00118577683991
-0.00229237425685
9.95900900936e-05
-0.00103784808498
-0.00251026417492
-0.000901676496796
0.000114530779902
-0.00120362878449
-0.00230874396823
7.92489974834e-05
-0.00105835866715
-0.00253087536398
-0.000922316290401
9.34806672961e-05
0.00247631623839
-0.00232391196011
6.01209867261e-05
-0.00107764614586
-0.00255025750192
-0.000941725341963
7.3598323712e-05
0.00245614016256
-0.00233787750004
4.22070006481e-05
-0.00109570955459
-0.00256840960791
-0.000959902666605
5.48846576112e-05
0.00243714988742
-0.00235063991308
2.55079231225e-05
-0.0011125479872
-0.00258533076247
-0.000103179221686
3.73405249171e-05
0.00241934630732
-0.00236219858202
1.00245788515e-05
-0.00112816059822
-0.00260102010762
-0.000118890384281
2.09667288202e-05
0.00240273026151
-0.00237255294749
-4.24226683579e-06
0.00183045764124
-0.00261547684714
-0.00013336723553
-0.00283392436465
-0.00326019112396
-0.00379491919668
-0.00657955984255
-0.00734785402758
-0.00409928357069
-0.00460644619142
-0.00288278411263
-0.00331072850314
-0.00384705517413
-0.00663316857947
-0.00740275851079
-0.00415525473421
-0.00466320676566
-0.00720707890598
-0.00335987590078
-0.00389775978376
-0.0066853080338
-0.00745616052788
-0.0042096962397
-0.00471841763241
-0.00725324310796
-0.00340763005681
-0.00394702945208
-0.00459425743655
-0.00750805591759
-0.00426260368381
-0.00477207420343
-0.0056676045872
-0.00345398779383
-0.00399486069532
-0.00464344678531
-0.00755844062132
-0.00431397277104
-0.00482417200229
-0.00571106174252
-0.00349894601809
-0.00404125012062
-0.00469115550547
-0.00760731068466
-0.00408039832168
-0.00487470666616
-0.00575316125327
-0.0035425017205
-0.0040861944272
-0.00473738001161
-0.00765466225888
-0.00412867824854
-0.00492367394751
-0.0041611597547
-0.00358465197762
-0.00412969040749
-0.00478211681882
-0.0077004916024
-0.00417540759585
-0.00497106971588
-0.00420053612423
-0.0036253939526
-0.00417173494823
-0.00482536254395
-0.00558164939102
-0.00422058251598
-0.00501688995952
-0.00423854715564
-0.00366472489611
-0.00421232503156
-0.00486711390684
-0.00562442348401
-0.00426419927717
-0.00506113078708
-0.00427519044426
-0.00370264214724
-0.00425145773608
-0.00490736773156
-0.00566566477846
-0.00867815204815
-0.00510378842913
-0.00431046366657
-0.0037391431344
-0.00428913023789
-0.00494612094756
-0.00570536997529
-0.00871864176712
-0.00514485923979
-0.004344364581
-0.00203070709441
-0.00432533981152
-0.00498337059082
-0.00574353588931
-0.00875756284188
-0.00518433969823
-0.00437689102852
-0.000630035974789
-0.00436008383099
-0.00501911380497
-0.00578015945054
-0.00662267289395
-0.0052222264101
-0.00440804093341
-0.00066227364609
-0.00439335977066
-0.00505334784232
-0.00581523770537
-0.00665844704212
-0.0052134484783
-0.00443781230388
-0.0052810521598
-0.00442516520618
-0.00508607006496
-0.00584876781775
-0.00669264315507
-0.00524813802715
-0.00446620323268
-0.00531043643693
-0.00445549781534
-0.0051172779457
-0.00588074707028
-0.00672525835172
-0.00528122441949
-0.00449321189772
-0.00533839094175
-0.00270228220523
-0.00514696906906
-0.00591117286535
-0.00675628987766
-0.0053127047808
-0.00451883656263
-0.00536491375015
-0.00272966260774
-0.00517514113221
-0.00594004272614
-0.00678573510626
-0.0053425763697
-0.00454307557736
-0.00539000303337
-0.00275556383829
-0.00520179194578
-0.00596735429759
-0.0068135915398
-0.0030343494051
-0.00456592737865
-0.00541365705861
-0.00277998399125
-0.00522691943479
-0.00599310534743
-0.00683985681051
-0.00306099576345
-0.00630926585149
-0.00380710456941
-0.00781751598222
-0.00728579782048
-0.00676579392656
-0.00507267987171
-0.00898623766964
-0.00632370587782
-0.00586428436079
-0.00783283111951
-0.00730158778943
-0.00678208611616
-0.00508950376884
-0.00455493736398
-0.00633750769191
-0.00587849317152
-0.00784746955036
-0.00731668017857
-0.0067976586593
-0.00718624218902
-0.00457155698998
-0.0063506711059
-0.00589204483433
-0.00786143105072
-0.00733107474241
-0.00681251128633
-0.00720157979658
-0.00458740856223
-0.00575643555793
-0.00590493915371
-0.00787471540681
-0.00734477124666
-0.00682664373993
-0.00721617382761
-0.00460249176806
-0.00576832164271
-0.00591717594354
-0.00788732241511
-0.00735776946833
-0.00684005577515
-0.0072300240124
-0.00461680630975
-0.00577956881565
-0.00592875502711
-0.00994156592012
-0.00737006919569
-0.00685274715942
-0.00724313009487
-0.00463035190465
-0.00579017692344
-0.00593967623719
-0.00995281766359
-0.00738167022831
-0.00686471767258
-0.0072554918326
-0.00679871815624
-0.00580014582148
-0.00594993941597
-0.00550908425252
-0.00739257237709
-0.00687596710689
-0.00726710899682
-0.00681072506978
-0.00580947537379
-0.00595954441511
-0.00551898004096
-0.00740277546423
-0.00688649526704
-0.00727798137246
-0.00682196227896
-0.00581816545312
-0.00596849109574
-0.00552819761891
-0.00741227932331
-0.0068963019702
-0.00728810875819
-0.0068324295615
-0.0058262159409
-0.00597677932848
-0.0055367368449
-0.00953028169895
-0.00690538704599
-0.00729749096637
-0.00684212671024
-0.00583362672724
-0.00598440899342
-0.0055445975878
-0.00953838664805
-0.00691375033654
-0.00641172194405
-0.00685105353324
-0.00584039771099
-0.00599137998019
-0.0055517797269
-0.00954579193797
-0.00692139169647
-0.0064196132893
-0.00685920985372
-0.00584652879969
-0.0059976921879
-0.00555828315186
-0.0095524974478
-0.00692831099291
-0.00642675897669
-0.00686659551012
-0.00798119281589
-0.00600334552518
-0.00556410776277
-0.00955850306799
-0.00693450810554
-0.0064331588737
-0.00687321035612
-0.00798604387204
-0.00538238683191
-0.00556925347011
-0.00956380870045
-0.00911999673218
-0.00643881286161
-0.0068790542606
-0.00799025480815
-0.00538672219233
-0.0055737201948
-0.00515270100784
-0.00912474916632
-0.0064437208355
-0.00688412710775
-0.00799382556668
-0.00539039846537
-0.00557750786817
-0.00515660641617
-0.0091287791309
-0.00644788270428
-0.00688842879699
-0.00799675609885
-0.00539341559779
-0.00558061643199
-0.00515981161097
-0.00913208655578
-0.00645129839071
-0.00689195924301
-0.00799904636461
-0.00759157513181
-0.00558304583847
-0.00516231653984
-0.00913467138339
-0.00645396783138
-0.0068947183758
-0.00730152795764
-0.00480895642171
-0.00695003114056
-0.00450720482018
-0.00679125425608
-0.00890688589982
-0.00659103673944
-0.00731902810477
-0.0048223787817
-0.00696348562184
-0.00451624491306
-0.00679903245189
-0.00891476884124
-0.00659902253315
-0.00733599376607
-0.00483525903023
-0.00697639089955
-0.00452472789299
-0.00680624573904
-0.00434127606044
-0.0066064283598
-0.00735242477942
-0.00484759704085
-0.00698874684368
-0.00453265367212
-0.00681289404073
-0.0043480139085
-0.00661325413628
-0.00736832098774
-0.00485939269242
-0.0070005533297
-0.00454002216835
-0.00681897728618
-0.00435417909623
-0.006619499786
-0.00738368223901
-0.00487064586907
-0.00701181023857
-0.00454683330534
-0.00682449541062
-0.0043597715562
-0.00662516523885
-0.00739850838626
-0.00488135646024
-0.0070225174568
-0.00455308701252
-0.00673767582877
-0.00436479122724
-0.00663025043123
-0.00741279928761
-0.00489152436067
-0.00703267487638
-0.00455878322509
-0.00674206354089
-0.00436923805443
-0.00663475530605
-0.00742655480623
-0.0049011494704
-0.00704228239481
-0.00456392188399
-0.00674588597372
-0.00437311198912
-0.00663867981271
-0.0074397748104
-0.00491023169481
-0.00705133991516
-0.00456850293597
-0.00674914308655
-0.00437641298891
-0.00664202390715
-0.00745245917346
-0.00491877094456
-0.00705984734598
-0.00457252633353
-0.00675183484467
-0.00437914101767
-0.00664478755181
-0.00746460777386
-0.00492676713565
-0.00706780460139
-0.00457599203495
-0.0067539612194
-0.00438129604556
-0.00664697071565
-0.00747622049514
-0.00493422018942
-0.00707521160103
-0.0045789000043
-0.00675552218808
-0.00438287804898
-0.00664857337413
-0.00748729722595
-0.00494113003251
-0.00708206827009
-0.00458125021141
-0.00675651773408
-0.00438388701061
-0.00664959550927
-0.00749783786007
-0.00494749659693
-0.0070883745393
-0.00458304263192
-0.00675694784678
-0.00438432291942
-0.00873354540737
-0.00750784229635
-0.00495331982
-0.00709413034495
-0.00458427724723
-0.00675681252161
-0.00647076929557
-0.00873340646787
-0.00751731043881
-0.00495859964438
-0.00709933562887
-0.00661577556165
-0.0087869332771
-0.00647005909068
-0.00873268699015
-0.00752624219656
-0.00496333601809
-0.00908072250308
-0.00661589453394
-0.00878566708652
-0.00646877583746
-0.00873138698226
-0.00753463748386
-0.00694426105911
-0.00908482659129
-0.00661545567997
-0.00878383548047
-0.00646691954997
-0.00872950645884
-0.00489054773829
-0.0069479103969
-0.00908838001662
-0.0066182451227
-0.00878143847846
-0.00646449024852
-0.00872704544098
-0.00489786984797
-0.00695101616013
-0.00909138274317
-0.00662128639506
-0.00877847610604
-0.0064614879597
-0.00872400395635
