0.00574363315201
0.00371543624944
0.00220108336598
0.00568525945224
0.00412047972735
0.00185312582404
0.00105081582878
0.00574349335276
0.00371529413137
0.00220093908434
0.00568511319117
0.00412033169967
0.00185297627002
0.00105066501389
0.00540462157191
0.00371604321201
0.00220169956874
0.00568588410873
0.00349873606043
0.00185376454408
0.00105145993371
0.00540623506957
0.00371768347153
0.00220336479845
0.00568757218329
0.00350044452373
0.00185549062311
0.00105320056455
0.00540872516491
0.00372021486652
0.00220593472801
0.00569017736754
0.00350308117225
0.00185815445652
0.00105588685451
0.00541209179415
0.00372363732995
0.00220940928733
0.00569369958842
0.00350664593027
0.00186175596621
0.00592982914927
0.00541633487108
0.00372795077125
0.00221378838161
0.0056981387472
0.00351113869545
0.00186629504664
0.00593440648907
0.00542145428703
0.00374669464386
0.00221907189142
0.00507848786493
0.00351655933878
0.00187177156479
0.00593992916328
0.00542744991095
0.0037527896749
0.00222525967267
0.00508476050059
0.00352290770469
0.00187818536021
0.00594639700733
0.00543432158935
0.00375977527073
0.00223235155668
0.00509194962391
0.00353018361099
0.00188553624504
0.0059538098286
0.0054420691464
0.00376765124662
0.00224034735013
0.00510005503353
0.00353838684897
0.00189382400404
0.00596216740634
0.00544690630853
0.00377641739434
0.00165508165902
0.00510907650252
0.00354751718336
0.00255850111542
0.00597146949178
0.00544568489082
0.00378607348222
0.00166488459324
0.00511901377835
0.00355757435241
0.00256866186761
0.00505677651842
0.0054453397691
0.00379661925513
0.00167559070971
0.00512986658301
0.0035685580679
0.00257975868425
0.00506796676089
0.00544587095221
0.00380805443458
0.00168719971706
0.00514163461297
0.00358046801521
0.00259179124088
0.00508010059679
0.00544727842655
0.00322613158618
0.00169971129945
0.00515431753925
0.00359330385335
0.00260475918589
0.00509317766556
0.0054495621561
0.00323934464981
0.00171312511668
0.00516791500751
0.00360706521498
0.00173503632023
0.00510719757881
0.0054527220824
0.0032534461445
0.0017274408042
0.00518242663803
0.00362175170654
0.00174987387861
0.00512215992037
0.0054567581246
0.00326843569856
0.00174265797315
0.0051978520258
0.0036373629082
0.00176564560789
0.00513806424638
0.00486742304687
0.00328431291714
0.00175877621045
0.00521419074057
0.00365389837401
0.00178235104824
0.00515491008534
0.00487321098863
0.00330107738225
0.00177579507883
0.00523144232691
0.00278773181166
0.00179998971293
0.00517269693817
0.00547566233001
0.00065509537538
0.00221098831159
0.00383640985702
0.0031229677925
0.000626745301618
0.0024254170021
0.00547429223867
0.000653672436204
0.0022095106251
0.00383487586774
0.0031213764428
0.00062509621556
0.00242371069487
0.00547400893074
0.000653378200151
0.00220920506811
0.00383455866813
0.00312104738185
0.00473069847061
0.00242335786217
0.00547481241738
0.00239913958684
0.00221007165462
0.00383545827387
0.00312198062712
0.00473166557597
0.00242435852554
0.00547670266695
0.00240110274659
0.00221211034494
0.00383757464055
0.00312417612906
0.00345176938535
0.00114454127764
0.00547967960503
0.00240419450315
0.00221532104571
0.00266759861323
0.00428894179887
0.0034553524615
0.00114824866722
0.00441823744594
0.00134290905676
0.00111525655061
0.00267214812846
0.00429366139734
0.00346024325386
0.00115330912173
0.00442338736679
0.00134825756529
0.00112081077766
0.00267791391131
0.00429964270173
0.00346644148363
0.00115972233232
0.00442962349642
0.00135473413325
0.00112753641335
0.00268489567744
0.00430688539461
0.00347394679757
0.00116748790774
0.00443694558953
0.00136233848586
0.00113543314998
0.00269309308263
0.00431538909175
0.00348275876815
0.00117660537444
0.00444535335818
0.0013710703006
0.0011445006264
0.00270250572294
0.00432515334222
0.00349287689363
0.00118707417668
0.00445484647189
0.0013809292073
0.00115473842811
0.00271313313474
0.0043361776285
0.0035043005982
0.00119889367677
0.00446542455766
0.00139191478819
0.00116614608735
0.00272497479484
0.00434846136664
0.00351702923219
0.0012120631552
0.00447708720006
0.00140402657802
0.0011787230832
0.00273803012064
0.00436200390642
0.00353106207221
0.00122658181089
0.00448983394131
0.00141726406411
0.00119246884169
0.00275229847027
0.00437680453146
0.00354639832137
0.00124244876142
0.00450366428139
0.00143162668652
0.00120738273595
0.00276777914272
0.0043928624595
0.0035630371095
0.00125966304331
0.0045185776781
0.0014471138381
0.00122346408636
0.00278447137803
0.00441017684252
0.00358097749341
0.00127822361231
0.00453457354719
0.00146372486469
0.00124071216066
0.00280237435749
0.00442874676703
0.00360021845714
0.0012981293437
0.0045516512625
0.0014814590652
0.00125912617417
0.00282148720382
0.00444857125426
0.00362075891226
0.00131937903263
0.004569810156
0.00150031569178
0.00127870528994
0.00284180898137
0.00446964926047
0.00364259769816
0.00134197139451
0.00458904951801
0.00152029394998
0.003124797093
0.0028633386964
0.00449197967714
0.0036657335824
0.00136590506537
-0.00410457646721
-0.00509680765821
-0.00113140780247
-0.00217815451415
-0.00319330082482
-0.00413349713891
-0.00519750818541
-0.00122358651715
-0.00215781599609
-0.00316196714273
-0.00405627409788
-0.00497661453209
-0.000665327179281
-0.0016567370227
-0.00286740776083
-0.00330187768021
0.000177828819941
-2.0603262208e-05
-0.00152512948293
-0.00148377097192
-0.00304272814748
-0.00469461177107
-0.000747350872439
-0.00173755301966
-0.00278217651697
-0.00380464872814
-0.00473095970212
-0.000821932272792
-0.00185595022061
-0.00282236756435
-0.00383493521968
-0.00473698231195
-0.000673264432714
-0.00135913443714
-0.00235574819828
-0.0035526176809
-0.00389301406742
-0.000317477742217
-0.00050476433697
-0.00200980265803
-0.0019681749788
-0.00352608560869
-0.000287319953032
-0.00137667526707
-0.00237419566291
-0.00340987443462
-0.00439371834831
-0.000332031751541
-0.00142340583858
-0.00246519419389
-0.00346403546481
-0.00448486672281
-0.000395003336888
-0.00133765347093
-0.00202954930698
-0.00303128328985
-0.00423229962301
0.00033544627028
-0.00100231840885
-0.00110453117518
-0.00251084745065
-0.00242534480073
0.000631933135843
-0.000900905999958
-0.00198431725585
-0.00298900961255
-0.00401940489042
-0.00503206781312
-0.000977728208542
-0.00200141930767
-0.00307563742942
-0.00408225794583
-0.0051111813064
-0.00102876696721
-0.00197813783
-0.00267594425137
-0.00368270272897
-0.004148742573
-0.000323104261552
-0.0016628746774
-0.00176600920076
-0.00317214956465
-0.00302979273887
0.000113203801588
-0.00153772268251
-0.00257011243423
-0.00359708513704
-0.00460627103437
-0.000647910607456
-0.00160076463022
-0.00256116946245
-0.0036729538869
-0.00468489821761
-0.000713786459426
-0.00163816285407
-0.0025941018021
-0.00329769278962
-0.00430936759449
0.000181493209994
-0.000956750089872
-0.00229848473795
-0.00241067742918
-0.0038391951503
0.00100673376649
-0.000579664465351
-0.00216851276521
-0.00320862799717
-0.00422717689596
-0.00521283187812
-0.00124072346709
-0.0022006116568
-0.00313157083516
-0.00426608115043
-0.00530061618005
-0.00129113809752
-0.0022226030331
-0.00318494442377
-0.00389416788566
5.02472214644e-05
-0.000424418948391
-0.00158823617652
-0.00295468400414
-0.00308243166757
0.000213806266932
0.000336083704598
-0.00124804742356
-0.00277743921757
-0.0038251233282
-0.00483485193437
-0.000827845017939
-0.00183942362483
-0.00277674771017
-0.00377091777414
-0.00488536901467
-0.000928260444277
-0.00187468196761
-0.00278150005731
-0.00375005931624
-0.00448054258153
-0.0005634871403
-0.00106416041331
-0.0022313224923
-0.00360004038513
-0.00372894456827
-0.000432730574113
-0.000309350625487
-0.00189125988394
-0.00336402733018
-0.00441910822762
-0.000419613373321
-0.00144499054867
-0.00247437829347
-0.00340331423284
-0.00441708685071
-0.000504853539007
-0.00153147721988
-0.00248544391815
-0.00334467821885
-0.00434193418972
-9.5233299003e-05
-0.00117318203767
-0.00167812853836
-0.00284856114323
-0.00421949670461
0.0004711568225
-0.00105334118192
-0.000928874806004
-0.0025086134613
-0.00392780672742
-0.00499009653943
-0.000980960379646
-0.00204885889738
-0.00308607378254
-0.00402224998583
-0.0050692372127
-0.00113110926321
-0.00212934806338
-0.0030709842601
-0.00391405704575
-0.00491432291875
-0.000673530467175
-0.00175654894311
-0.00226565324042
-0.0034392690199
-0.00481236351216
-0.000122810195992
-0.00164733186343
-0.00152181221725
-0.00309943774351
-0.00447558084061
-0.000545321903984
-0.00152612039629
-0.00262911887503
-0.0036739686117
-0.00461721117845
-0.000697615390526
-0.00174371569087
-0.00273911405588
-0.00364537605362
-0.00448024128284
-0.000470285118942
-0.00122500646732
-0.00231293703559
-0.00282607137976
-0.00400277347364
-0.000557273975406
-0.000689475473493
-0.00221402009329
-0.00208747885387
-0.00366305507631
-0.00503308266031
-0.00106888229679
-0.00204744001568
-0.00319296181777
-0.00424523590755
-0.00519535380472
-0.00130986058331
-0.00235616260127
-0.00332355521517
-0.00423698011679
-2.97998225997e-05
-0.000988795650093
-0.00174903551792
-0.00284170546206
-0.00335872959757
0.000360082626255
-0.00109493386908
-0.00122816601688
-0.00275273280566
-0.00262520488163
0.000361597716837
-0.000575608040764
-0.0015680271958
-0.00256638620569
-0.0037244578178
-0.00478392730488
-0.00074119929728
-0.00188896551304
-0.00295166647157
-0.003907350556
-0.00481065536545
-0.000610272188753
-0.00147946747894
-0.00224500482265
-0.00334222624191
-0.00386298729969
-0.000147038590431
-0.0016039984839
-0.00173822140208
-0.00326280950302
-0.00313433306897
-0.000145628258012
-0.00122534549373
-0.00204230223549
-0.00306536112742
-0.00423081450082
-0.000297719010826
-0.0012688290178
-0.00244255993379
-0.0035132110606
-0.00447624305388
-0.000350495189279
-0.0011550144106
-0.00199105377754
-0.00272107378253
-0.0038225895671
0.000616930421144
-0.000625008514919
-0.00208382663551
-0.00221899702158
-0.00374360550409
0.00107061924813
-0.000623698341692
-0.00171890167913
-0.00262295419941
-0.00367067968364
-0.00484322813733
-0.000785127095095
-0.00178816709361
-0.00297007544405
-0.00404841264884
-0.00501855638529
-0.000885438760774
-0.00167218056942
-0.00251327859961
-0.00315915181845
-0.00426479780483
0.000161993249462
-0.00108243373783
-0.00254286272838
-0.00267893387069
0.000490345954843
0.000620591788238
-0.00107199681102
-0.00218751484255
-0.00304617672727
-0.00411850896442
-0.000306816183121
-0.00138631185519
-0.0024213460439
-0.00361112610298
-0.00469686670782
-0.00053424771589
-0.00140678402605
-0.00216116255538
-0.00300711298673
-0.00357989590636
0.000277534540599
-0.000253394203235
-0.00150463071854
-0.00297774987687
-0.00312573202796
2.30022558798e-05
0.000143124043228
-0.00155834225354
-0.00263529171638
-0.00346035077513
-0.00454009226199
-0.000734863469691
-0.00182045263068
-0.00288750572231
-0.0040848248281
-0.000187868413176
-0.00117143631602
-0.00204991686167
-0.00280154872129
-0.0036214449845
0.000928480472135
-0.000229810042956
-0.000775712906581
-0.00203677405959
-0.00351213625712
0.0011317801894
-0.000512685028508
-0.000391597749266
-0.00209103794458
-0.00347891639567
-0.00428020286437
5.60279360861e-05
-0.00113589372139
-0.00222725497132
-0.00332631054713
-0.00453081484288
-0.000640625789076
-0.00163046298102
-0.00251463411204
-0.00327129916352
-0.00405669468358
0.000277499582562
-0.000884541667403
-0.00143448730802
-0.00269672539916
-0.00401683531245
0.000625941051881
-0.00101863207812
-0.000896618561388
-0.00259411528747
-0.00389858609957
0.000289999552798
-0.000735280225131
-0.001932959859
-0.0030297540971
-0.00416075313073
4.12073308948e-05
-0.00106481337716
-0.00206059772111
-0.00295016969251
-0.0037116137974
0.000477432965285
-0.00018328072806
-0.00134998468948
-0.0019037839606
-0.00316900114387
0.00141359535572
-1.55298693981e-05
-0.00165617424415
-0.00137125314638
-0.00306689624918
-0.00429191495027
-7.85282345342e-05
-0.00107563864619
-0.00227869641543
-0.00338056740303
-0.00454340697926
-0.00080024247329
-0.00191230675147
-0.00291369564269
-0.00335597348965
-0.00412192536093
6.32658562459e-05
-0.000613743502613
-0.0017848620265
-0.00234231119253
0.0012598031484
0.000970301214776
-0.000459854692509
-0.0021005966349
-0.00197686219927
0.000817440077647
0.000307072749217
-0.000446025954382
-0.00138816137816
-0.00261329616769
-0.00376978331289
6.35793272857e-05
-0.00116013260012
-0.00227784684778
-0.00328447776542
-0.00418385170344
4.92632214522e-07
-0.000804402783318
-0.00149759433521
-0.00218857072109
-0.00274945169781
0.000850008089635
0.000558676961532
-0.000872448653926
-0.00251328239659
-0.00238876009747
0.000407194704421
-0.000771449917642
-0.00152785664797
-0.00245124640343
-0.00297458127119
0.000824167742858
-0.000261149435769
-0.00149040947754
-0.00261335995171
-0.00362485118484
0.000425871142238
-0.000348216051425
-0.00115646280114
-0.001865692909
-0.00304142051587
0.00129226177563
-3.84028531283e-05
-0.000331440285038
-0.00125270114336
-0.00289362053366
0.00185482357642
2.91331570187e-05
0.000664998469768
0.00381677641677
0.0018746664094
0.000907155853138
0.00389206418184
0.00191630908527
-0.00010568577046
0.000633294492043
0.00378470817695
0.00182676094895
0.00085880726731
0.00384334503327
0.00186729735711
-0.000154907655955
0.000602415462583
0.00375243003582
0.00177968669002
0.000811297174198
0.00379547046622
0.00181913501248
-0.000203276711697
0.000572362089974
0.00370668075776
0.00173344474557
0.00076462671743
0.0037484416504
0.00177182324189
-0.000250791732037
0.000543135064636
0.00366175642405
0.00168803621083
0.000718797022447
0.00370225973693
0.00172536321703
-0.000297451530396
0.000514735058741
0.00361765807846
0.00248041195864
0.000673809196376
0.00365692585823
0.00167975609057
-0.000343254939415
0.000487162726144
0.00357438674729
0.00243667345738
0.000629664327894
0.00361244112791
0.00163500299605
-0.000388200811093
0.000454984484197
0.00353194343925
0.00239377154379
0.000586363487108
0.0035688066406
0.00159110504772
-0.000432288016924
0.000413872760925
0.00349032914533
0.00235170724088
0.000543907725425
0.00352602347184
0.00154806334046
-0.000475515448039
0.000373581376025
0.0034495448387
0.00231048155331
0.000502298075427
0.00348409267797
0.00150587894957
0.00106357822216
0.000334111250939
0.00340959147461
0.00227009546727
0.000461535550751
0.00344301529595
0.0014645529307
0.00102207358787
0.000295463289667
0.00337046999026
0.00223054995037
0.000421621145969
0.00340279234328
0.00142408631971
0.000976820811905
0.000257638378662
0.0033321813047
0.00219184595152
0.000382555836467
0.00336342481787
0.00137761300814
0.000917467691848
0.000220637386736
0.00329472631875
0.0021539844008
0.000344340578331
0.00331582414657
0.00131936859841
0.000858960969253
0.00516113049138
0.00325810591485
0.00211696620941
0.000295708626164
0.00325878018714
0.00126196853178
0.000801302098965
0.00512577987299
0.00322232095697
0.00206740038871
0.000239947401596
0.00320257712837
0.0012054142265
0.000744492518013
0.00509125567327
0.00377105881898
0.0020129938444
0.000185022296772
0.00314721634543
0.00114970708304
0.000688533645436
0.00504011233437
0.00371806800599
0.00195941736811
0.00013093463811
0.00309269919579
0.0010948484839
0.000633426882117
0.0049885871787
0.00366590002167
0.00190667223281
7.76857345457e-05
0.0030390270191
0.00104083979347
0.000579173610613
0.00493787652034
0.00361455608184
0.00185475969427
2.52768773839e-05
0.00298620113703
0.00098768235787
0.000525775194992
0.00488798151531
0.00356403738548
0.00180368099092
0.00487568100815
0.00293422285307
0.00229149306947
0.000473232980668
-0.000253350059735
0.00134621398111
0.00300202506514
0.00182752785156
-0.000508956757538
0.00121232152068
-0.000391625852229
-0.000312983308861
0.00128476201807
0.00293873246988
0.00176238802404
-0.000594508588803
0.0011244012914
-0.000481846675404
-0.000371686286107
0.00122426631319
0.00287642221299
0.00169825648025
-0.000679060348177
0.00103750380153
-0.000571023134975
-0.000429457227326
0.00116472879244
0.00281509639359
0.00163513550267
-0.000762608964253
0.000951632369076
-0.000659151662425
0.00180862226757
0.00110615135636
0.00275475708347
0.00155582396086
-0.000845151389692
0.000866790286996
-0.000746228715181
0.00175272059599
0.00104853587976
0.00269540632677
0.00147659841542
-0.000926684601728
0.000782980822612
-0.000832250777237
0.00169775610997
0.000991884211402
0.00263704613968
0.00139836072809
-0.00100720560265
0.000700207217076
-0.000917214359776
0.00164373047758
0.00093619817377
0.00256814851975
0.00420804784299
-0.0010867114203
0.000618472684807
-0.00100111600179
0.00159064534223
0.000881479562747
0.00249413163856
0.00413179406188
-0.00116519910857
0.000537780412936
-0.00108395227072
0.00153850232247
0.000827730147362
0.00242108532265
0.00405653627899
-0.00124266574788
0.000458133560752
-0.00116571976305
0.00148730301177
0.000768812099842
0.00234901201636
0.0039822771571
-0.00131910844568
0.000379535259145
0.00213039011857
0.00143704897821
0.000699855306572
0.00227791413949
0.00390901933293
-0.00139452433692
0.000301988610059
0.00205077027063
0.00138774176433
0.000631850169791
0.00220779408698
0.00383676541678
-0.00146891058457
0.000225496685931
0.00197222922925
0.00133834564017
0.000564798858589
0.00213865422852
0.00376551799206
-0.00154226438008
0.000150061597826
0.00189476934418
0.00127427745179
0.00049870351809
0.00207049690816
0.00369527961488
-0.00161458294386
7.56882201762e-05
0.00181839572697
0.00121114076974
0.000433566269137
0.00200332444399
0.00362605281365
-0.00168586352579
2.37860229464e-06
0.00174311066241
0.00114893750868
0.000369389207971
0.0019371391277
0.00355784008859
-0.00175610340566
-6.9864306875e-05
0.00166891733324
0.00108766956013
0.000306174405917
0.0018719432243
0.00349064391142
-0.00182529989368
-0.000141037590626
0.00159581888821
0.00102733879216
0.000243923909073
0.00180773897171
0.00342446672483
-0.00189345033096
-0.000211138365028
0.00152381844142
0.000967947049117
0.000182639737994
0.0017445285804
0.00335931094217
-0.00196055208994
-0.000280163779467
0.00143752074661
0.000909496151383
0.000122323887392
0.00168231423306
0.00329517894695
-0.0020266025749
-0.000373411325424
0.00132784231179
-0.0032503805593
-0.00503116721384
-0.00175300274103
-0.00346379138754
-0.000444408095277
-0.00231450446194
-0.0040211991766
-0.003174958251
-0.0049544366491
-0.00167871741667
-0.00338822525093
-0.000362953153451
-0.00223145254535
-0.00393663420079
-0.00309872928957
-0.00487688740783
-0.00160359570789
-0.00331181027474
-0.000280641752357
-0.00214753017339
-0.00385118565888
-0.00302169543863
-0.00479852134241
-0.00152763947939
-0.00323454841708
-0.00519172969084
-0.00206273963955
-0.00376485596418
-0.00294385847521
-0.00471934031907
-0.00145085061096
-0.00315644165164
-0.00510771189896
-0.00197708325281
-0.003677647546
-0.00286522018956
-0.00463934621766
-0.00137323099723
-0.00307749196747
-0.00502284420548
-0.00189056333747
-0.00347811427076
-0.00278578238494
-0.00455854093147
-0.00129478254752
-0.00299772854756
-0.00483110985786
-0.00169173365426
-0.00338915575588
-0.0027055468775
-0.00437585085935
-0.00110949287427
-0.00281419344201
-0.00474454902165
-0.00160349371426
-0.00329932589821
-0.00252343998829
-0.00428118204439
-0.0010293925381
-0.00273583266562
-0.00465714497269
-0.00151439730734
-0.00320862718793
-0.00244161457399
-0.00419795469501
-0.00094846917972
-0.00265663202643
-0.00456889996855
-0.00142444681612
-0.00311706212967
-0.00235899698041
-0.00411392386438
-0.000866724764942
-0.0025765935214
-0.00447981628035
-0.00133364463705
-0.00302463324224
-0.0022755890732
-0.00402909150996
-0.000784161273185
-0.00249571916214
-0.00438989619252
-0.00124199318023
-0.00293134305832
-0.00219139272989
-0.00394345960144
-0.000700780697247
-0.00241401097477
-0.00429914200254
-0.00114949486906
-0.00283719412416
-0.00210640983974
-0.00385703012053
-0.000616585043092
-0.00233147099963
-0.00420755602064
-0.00105615214001
-0.00274218899927
-0.00202064230355
-0.00376980506075
-0.000531576329633
-0.00224810129111
-0.00411514056961
-0.000961967442315
-0.00264632559954
-0.00193409203345
-0.00368178642726
-0.000445756588524
-0.00216390391735
-0.00402189798453
-0.000866943237716
-0.00254961582337
-0.00184676095275
-0.00359297623663
-0.000359127863941
-0.00207888096009
-0.00392783061248
-0.000771082000184
-0.0024520576117
-0.00175865099571
-0.00350337651666
-0.000271692212366
-0.00199303451437
-0.00383294081232
-0.00067438621564
-0.0023536535742
-0.00166976410738
-0.00341298930613
-0.00518316567459
-0.00190636668835
-0.00373723095444
-0.000576858381682
-0.00225440633229
-0.0015801022434
-0.00332181665466
-0.00509412238665
-0.00181887960309
-0.00364070342048
-0.000478501007319
-0.00215431851893
-0.00148966736981
-0.00322986062249
-0.00500427841287
-0.00173057539225
-0.00354336060311
-0.00037931661269
-0.00205339277827
-0.00195279593862
-0.00195190187538
-0.0048190736659
-0.00303386262186
-0.00128546521522
-0.00460093460692
-0.00394702726445
-0.00188460282461
-0.00188370932538
-0.00475099106512
-0.00296599777749
-0.00121792284896
-0.00452263795519
-0.00386919440267
-0.00181562065031
-0.0018147277209
-0.00468212054135
-0.00289734725314
-0.00114959812927
-0.00444357758252
-0.00379060167876
-0.00174585092438
-0.00174495857055
-0.00461246359624
-0.0028279125366
-0.00108049252364
-0.00436375513719
-0.00371125071332
-0.00167529516881
-0.00471052244012
-0.00453639655632
-0.00275769512888
-0.0010106075126
-0.00428317227853
-0.00363114313794
-0.00160395491875
-0.00463918277707
-0.00446517132631
-0.00268669654399
-0.000939944589608
-0.00420183067683
-0.0027909639867
-0.00153183172236
-0.00456706017334
-0.00439316425884
-0.00261491830881
-0.000868505260827
-0.00411973201312
-0.00270934812927
-0.00145892714064
-0.0044941561899
-0.00432037690769
-0.00253666413146
-0.000796291045041
-0.00403687797906
-0.00262698062092
-0.0013852427473
-0.00442047240043
-0.00424681083931
-0.00246333122715
-0.000723303473482
-0.00395327027676
-0.00254386313555
-0.00131078012858
-0.00434601039113
-0.00417246763263
-0.00238922332898
-0.00064954408968
-0.00387079701846
-0.00245999735729
-0.00123554088312
-0.00427077176059
-0.00409734887895
-0.00231434201382
-0.00057501444932
-0.00379672846609
-0.00237538498034
-0.00115952662178
-0.00419475811964
-0.00402145618174
-0.00223868887067
-0.000493954027318
-0.00372189535099
-0.00229002770878
-0.0010827389675
-0.00411797109118
-0.00394479115653
-0.00216226550048
-0.000417888588752
-0.00364629922487
-0.00220392725644
-0.00100517955511
-0.00404041231002
-0.0038673554307
-0.00208507351602
-0.00521742072326
-0.00356994165103
-0.00211708534677
-0.000926846305951
-0.00396208342272
-0.00378915064337
-0.0020071145417
-0.00513982585129
-0.00349282420417
-0.00202950371264
-0.000847748328791
-0.00388298608745
-0.00371017844521
-0.00192839021343
-0.0050614686782
-0.00340938288655
-0.00194118409625
-0.000767883567991
-0.00380312197382
-0.00363044049833
-0.00184890217847
-0.00498235082942
-0.00333075046267
-0.00185212824892
-0.00536142945867
-0.00372249276272
-0.00354993847604
-0.00176865209525
-0.00490247394148
-0.00325136295688
-0.00176233793097
-0.00528003618449
-0.00364109642087
-0.00346867406279
-0.00168764163326
-0.00482183966184
-0.00317122198806
-0.00166621300626
-0.00519788120266
-0.00355894210182
-0.00338664895394
-0.00160587247283
-0.00474044964877
-0.00309032918577
-0.00157495906323
-0.00511496622701
-0.00347602779407
-0.00330386485563
-0.00152334630505
-0.00465830557116
-0.00300868619008
-0.00148297598297
