0.00464032271231
0.00751413660054
0.00582758690795
0.00422020537796
0.00749395706619
0.00589878231575
0.00394533890115
0.00464970698445
0.00733981489029
0.00583735286231
0.00423015088914
0.00749984403452
0.00590476904607
0.00395412633559
0.00398789123505
0.0073502812959
0.0058480244173
0.0042410186098
0.00750667075602
0.00544226711949
0.00396388423384
0.00399901582403
0.00736163565497
0.00585960128091
0.00425280823156
0.00751443702968
0.00545016496382
0.00397461228935
0.00401101016089
0.00737387766877
0.00587208313652
0.00426551942002
0.00752314262687
0.00545901801901
0.00398631016522
0.00385039369287
0.00738700701533
0.00588546964289
0.00427678065112
0.0075327872914
0.00546882601564
0.00399897749429
0.00386412659524
0.00740102334956
0.00589976043427
0.00428717299184
0.00704311454392
0.00547958865536
0.00401261387918
0.00387872827168
0.00741592630323
0.00591495512042
0.00429848690555
0.00705463646454
0.00549130561091
0.00402721889234
0.00389419835413
0.00743171548504
0.00593105328664
0.0043107220716
0.00706709651897
0.00550397652619
0.00404279207614
0.00391053645283
0.00744839048067
0.00594805449386
0.00432387814342
0.00708049434119
0.0055176010163
0.00405933294292
0.00392774215644
0.00746595085286
0.0059659582787
0.00389364682521
0.00709482953785
0.0055321786676
0.00407684097509
0.00394581503203
0.00748439614141
0.00598476415351
0.0039086435653
0.00711010168831
0.0055477090378
0.00409531562519
0.00396475462517
0.0075037258633
0.00600447160646
0.00392456001627
0.00712631034471
0.00556419165598
0.00411475631599
0.00398456045998
0.00752393951271
0.00602508010157
0.00394139572831
0.00714345503206
0.0055816260227
0.00413516244055
0.0040052320392
0.00754503656111
0.00560315473609
0.00395915022594
0.00716153524829
0.00560001161005
0.00415653336238
0.0040267688442
0.00756701645732
0.00562556361153
0.00397782300809
0.00718055046429
0.00561934786174
0.00343195143589
0.00404917033513
0.00758987862758
0.00564887177725
0.00399741354815
0.00720050012404
0.00563963419321
0.0034552499248
0.00407243595091
0.00761362247562
0.00567307860156
0.00383402047587
0.00722138364469
0.00566086999165
0.00347951112486
0.00409656510935
0.00763824738277
0.00569818342904
0.00385544485027
0.00724320041658
0.00568305461616
0.00350473428222
0.00412155720718
0.00722240359649
0.00572418558061
0.00387778525042
0.00726594980341
0.00570618739783
0.00353091861396
0.00414741162017
0.00724878867646
0.00575108435365
0.00390104104842
0.00728963114228
0.00498335066025
0.00355806330823
0.00400076438742
0.00512686188005
0.00617122866527
0.00725932245529
0.00349526996471
0.00470864851123
0.00584637526083
0.00401813527708
0.00515492843685
0.00620084930593
0.00729065307358
0.00352848509658
0.00474772959513
0.00589529079834
0.00403665800716
0.00518419922715
0.00623173949972
0.00732332486269
0.00356312000054
0.00478452940526
0.0059457931418
0.00405633175594
0.00521467282409
0.00626389757147
0.00735733584311
0.00359917232189
0.00482283244494
0.00599787794088
0.00407715565153
0.00524634774464
0.00629732178041
0.00739268395834
0.00363663961513
0.00486263578697
0.00605154072554
0.004099128772
0.00527351061551
0.00633201032061
0.00742936707549
0.00857837018123
0.00490393639758
0.00610677690792
0.00412225014563
0.00529780519533
0.00636796132146
0.00746738298589
0.00861865972244
0.0049467311375
0.0061635817842
0.00414651875108
0.0053233044127
0.00640517284813
0.0075067294058
0.00866035636223
0.00499101676317
0.00488959207934
0.00417193351765
0.00535000702649
0.00644364290216
0.007547403977
0.00748848646558
0.00382181909331
0.00494951977767
0.0041984933255
0.0044190015269
0.00545169590855
0.00647335013497
0.00753298881463
0.00386907634843
0.00501100138191
0.00333063349286
0.00444810698347
0.00549267676976
0.00651667363988
0.00757888960226
0.00391781414475
0.0050740317438
0.00335947982842
0.00447841177386
0.00553490978614
0.00656131778186
0.00762618577132
0.00396802883368
0.00513860560898
0.0033894675534
0.00450991443188
0.00557839270989
0.00660727991204
0.00767487418103
0.00401971666859
0.00520471761901
0.00342059535393
0.00454261343592
0.00562312323231
0.00665455731075
0.00772495160798
0.00407287380616
0.00527236231352
0.00345286186834
0.00457650720932
0.00566909898439
0.0067031471883
0.00777641474719
0.00412749630776
0.00534153413224
0.00348626568744
0.00461159412071
0.00571631753742
0.00675304668576
0.00782926021314
0.00418358014084
0.00540189661519
0.0035208053548
0.00464787248444
0.00576477640359
0.00680425287579
0.00788348454083
0.00424112118032
0.00546307909417
0.00355647936709
0.00468534056094
0.00581447303667
0.00685676276344
0.00793908418689
0.0043001152101
0.0055257985174
0.00359328617439
0.00472399655716
0.00586540483261
0.00691057328703
0.00799605553066
0.00436055792444
0.00559004973799
0.00363122418053
0.00476383862697
0.0059175691302
0.00696568131897
0.00805439487533
0.00442244492952
0.00565582750717
0.00367029174342
0.0048048648716
0.00597096321176
0.00702208366662
0.00811409844908
0.00448577174493
0.00572312647626
-0.00270808872092
-0.00373258967916
-0.00474209523813
-0.00576749924098
-0.00675054786621
-0.00279200549572
-0.0038105878191
-0.00479121069242
-0.00584447659403
-0.00683863589057
-0.00281978438028
-0.00371507535059
-0.00428723155809
-0.00505163029892
-0.00508829211328
-0.00116391994751
-0.000661594926838
-0.00178967181537
-0.00323778146082
-0.00211633786055
2.82414717075e-05
-0.00332865385637
-0.0043476286519
-0.00535854749121
-0.00637155972135
-0.002389635061
-0.00340319690779
-0.00441702470502
-0.005432869878
-0.0064345177399
-0.00246754118905
-0.00346692105299
-0.00433709966624
-0.00487741354903
-0.00560433033709
-0.000713809630237
-0.00170536597813
-0.00119483431603
-0.00231100232121
-0.00374424292872
0.00151311180968
-0.000417735480921
-0.00394578108596
-0.00494871220216
-0.00597512855887
-0.00696071310233
-0.00300573966984
-0.00401559316738
-0.00500685251009
-0.00605208654946
-0.007054783217
-0.00307871122219
-0.00406592343359
-0.00494389934883
-0.00549443220164
-0.00622659921184
-0.00130081632371
-0.00226063715525
-0.00173745499311
-0.0028372581417
-0.00425879866674
0.00105601586464
-0.000849535772358
-0.00454990178433
-0.00555949405379
-0.00657899942369
-0.00255515414621
-0.00361843182267
-0.00463081107401
-0.00564448628157
-0.00663891404343
-0.00266861153393
-0.00368361384315
-0.00467891186442
-0.00554271414529
-0.00606655255597
-0.00186931571078
-0.0018632938133
-0.00280179334436
-0.00226711917499
-0.00335426199217
-0.000656645844145
0.000591761843003
-0.0013286448427
-0.00516072043383
-0.00616387887754
-0.0071891343495
-0.00316904645134
-0.0042295483766
-0.00522884320377
-0.00625463589128
-0.00227374285062
-0.0032569005797
-0.00429982933909
-0.00523376101736
-0.00611150620538
-0.00165628470006
-0.0024294625272
-0.00238521468914
-0.00329660761868
-0.00273440950103
0.000598993130332
-0.00109818692653
0.000130804074388
-0.00179885427894
-0.00577849208784
-0.00678391818759
-0.0028052637191
-0.00378719840628
-0.0048367700409
-0.00584639902618
-0.00686323093594
-0.00287914689655
-0.00389219533894
-0.00490301333215
-0.0059034005194
-0.00676161462857
-0.00228019237125
-0.00302059302835
-0.0029376545199
-0.00385807917126
-0.00328686128385
8.11114934501e-05
-0.00157956641854
-0.000328356319392
-0.00221196913174
-0.00638868113999
-0.00240457395009
-0.00341988429994
-0.00440430152894
-0.00544990244023
-0.00646064573239
-0.00245858855758
-0.00348684925761
-0.00450259290618
-0.00549263203901
-0.00652172227253
-0.0024073282582
-0.0029254467996
-0.00367056592843
-0.0035858014437
-0.00443003945502
0.000890181570143
-0.000416085749071
-0.00205999288467
-0.000799758638379
-0.00267456530671
-0.0069665779283
-0.00300751286986
-0.0040245302952
-0.00504228034194
-0.00605725923405
-0.00707576390119
-0.00304244887262
-0.00409955226995
-0.00510813567208
-0.00611691458819
-0.00710131198304
-0.00297926118836
-0.00350757039991
-0.00425712809845
-0.00417064546582
-0.00500716758411
0.000371507478517
-0.000891447232193
-0.00251867218063
-0.001256526024
0.000475632413928
-0.00258694295351
-0.0036271952465
-0.00463701428169
-0.00565640388406
-0.00665091742457
-0.00268433117796
-0.00368434565719
-0.00471040862678
-0.00572222132997
-0.00671365700069
-0.00268378971453
-0.00349575155898
-0.00402887344305
-0.00477778143139
-0.00468827655692
-0.000829729725951
-0.000127091182333
-0.00130866159106
-0.000183113332116
-0.00169102549632
8.50059369662e-05
-0.00320565234687
-0.00422987335781
-0.00523059365996
-0.00626898710747
-0.00227438107194
-0.00329623283457
-0.00431154998793
-0.00531488685461
-0.00630361922169
-0.00235743019617
-0.00325559698483
-0.00410768721022
-0.004652486383
-0.00540643178264
-0.000419859949986
-0.0014392779805
-0.00071715116281
-0.00187482354104
-0.000673434234461
0.00168400909021
-0.000374013565484
-0.00381600507469
-0.00483773410335
-0.00581717032261
-0.00687725076685
-0.00287322984419
-0.00390423477951
-0.00492213429372
-0.0059367512052
-0.00694228676207
-0.00294773384559
-0.00391899353828
-0.00469554701093
-0.00521972122919
-0.00597039745861
-0.000978136685057
-0.00198916966765
-0.00125305710265
-0.00239238990699
-0.00114424552964
0.00121267273279
-0.000825652894321
-0.00444502341015
-0.00545331177221
-0.0064575571478
-0.00249063498792
-0.00350549646881
-0.00447491888437
-0.00553407186482
-0.00653493021198
-0.00255225740028
-0.00357855107839
-0.00454915684295
-0.00534171787874
-0.00575701113677
-0.00162060199444
-0.00151355505764
-0.00250817314817
-0.00175052824255
-0.00286469075983
0.00263500259461
0.000805716426551
-0.00121515951146
-0.00504096146951
-0.00606409543826
-0.007080198669
-0.00309389608959
-0.00411275761611
-0.00512457412267
-0.006135157334
-0.00714120779821
-0.00316644892143
-0.00418924611856
-0.00511158389607
-0.00591907892524
-0.0063390495255
-0.00208950339216
-0.00197851798573
-0.00296546499147
-0.00219519893403
0.000913993414841
0.00213485342753
0.000335078116899
-0.00158651358206
-0.00560176112625
-0.00667861972598
-0.00265647922485
-0.00370161157371
-0.0047218058802
-0.00572207129693
-0.00673536019086
-0.00276664306392
-0.0037644020983
-0.00480146584262
-0.00572942815466
-0.00661248639442
-0.00209666403015
-0.00283507414996
-0.00260226245909
-0.00346049622429
-0.00263558326234
0.000440053306173
0.00167452329317
-0.000100890094405
-0.00200206798794
-0.00612783482553
-0.00224411157637
-0.00321245351432
-0.00427834272255
-0.0053295837634
-0.00633909985095
-0.00236565542445
-0.00332828232475
-0.00437320687617
-0.00540306138459
-0.00637035371559
-0.00228909364095
-0.00277028470703
-0.00351197758833
-0.00327284754249
-0.00411593514812
0.00137207989503
-4.85704774632e-05
0.0012118392939
-0.000552493820429
-0.00243161210637
-0.00667934458611
-0.00275400174064
-0.00371093743352
-0.00479639216474
-0.00587783446583
-0.00689527796042
-0.00294054956337
-0.00387486820789
-0.00491380061037
-0.00600165465974
-0.00693922314014
-0.00287680015833
-0.00336965979009
-0.00411442894923
-0.00386938141397
-0.00469831784137
0.000810412418078
-0.000479967710516
0.000806096239298
-0.000935333588038
-0.00279526606598
-0.00212526828077
-0.00327884096575
-0.0042223789332
-0.00532595754336
-0.0064364393116
-0.00239089300738
-0.00344929436513
-0.0044132224138
-0.00545899095307
-0.00652731184623
-0.00248288687164
-0.00338572120971
-0.00388915714082
-0.00463671881017
-0.0043863002189
-0.000635147584869
0.000324989730583
-0.000967980920703
0.000379753270369
-0.00124673007557
0.000313434587483
-0.00250380507459
-0.00367025537713
-0.00460417008971
-0.00571834220605
-0.00685637407846
-0.00290322455711
-0.00397268946392
-0.00496484293525
-0.00602900741918
-0.00697552635496
-0.00294854019676
-0.00381080034821
-0.00432342834727
-0.00507342085878
2.73468199151e-05
-0.00105604890492
-9.90289499974e-05
-0.00143399737759
-4.95846753013e-05
0.002065921021
8.81441441982e-05
-0.0028216665087
-0.00399915839632
-0.00494248524731
-0.00604417672706
-0.00221924839448
-0.0032666206591
-0.00433882837208
-0.00535741370363
-0.0064375508015
-0.0024478170595
-0.00342971492585
-0.00414747909304
-0.00476705021067
-0.00541961622671
-0.000315018091307
-0.0014218882074
-0.000523573503277
-0.00183226173193
-0.000402892441925
0.00173240365517
-8.79615703049e-05
-0.00353346185991
-0.00471998481529
-0.00567102276183
-0.00131268808055
-0.00250005071428
-0.00356772872453
-0.00462917392393
-0.0056719931021
-0.00178075104071
-0.0027894040627
-0.00372279779282
-0.00439190793589
-0.00501708367313
-0.000943069404259
-0.000727846639834
-0.00188339631268
-0.000862520108001
-0.00215280438133
0.00323015180732
0.00147381023663
-0.000330905586243
-0.00372522463781
-0.0049186187086
-0.0058755312728
-0.00202466935099
-0.00323320428181
-0.00431884878687
-0.00484134635961
-0.00590582208361
-0.00202457383591
-0.00304396058254
-0.00397809745351
-0.004612274241
-0.00516981236763
-0.00115709723355
-0.000993775978818
-0.00214298463881
-0.0012217415256
-0.00248969859472
0.00289599360117
0.00119094095154
-0.000501382110872
0.00380512200746
0.00211504238966
0.00549730121593
0.0040557492897
0.00244534116558
0.00584320460883
0.00424127155713
0.00376860939964
0.00706944501349
0.00546231790203
0.00401894776032
0.00241222021185
0.00580786248065
0.00420835373335
0.00373292623375
0.00703318843274
0.00558347275057
0.00398273476377
0.00237998474948
0.00577341869462
0.00417404152951
0.00369464333627
0.00699777508834
0.00555020405755
0.00394739154452
0.00234863563164
0.00573987419066
0.00415788099176
0.00365485988436
0.00696320583235
0.00551757967467
0.0039129190073
0.00231605713584
0.00570722988539
0.00412146382297
0.00361590444634
0.00692948149763
0.00548275865902
0.00387857318356
0.0022829453498
0.00567548667205
0.0040859600119
0.00357777792874
0.00689660289777
0.00544879575514
0.00384395458731
0.00225072020272
0.00564464542036
0.00405137056094
0.00354048122007
0.00701983301695
0.00541386439406
0.00381020804917
0.0072114892323
0.00561470697638
0.00401769644809
0.00350401519076
0.00698278791376
0.00537830022583
0.00377733443641
0.00717357426571
0.00560679662088
0.00398432188265
0.003468380693
0.00694658715491
0.00534359453668
0.00374243690614
0.00713654353309
0.00557419895603
0.00394762064277
0.00343357856068
0.00691123161428
0.00530974819165
0.00370538424559
0.00710039801555
0.0055425038236
0.00391183418736
0.0035193724339
0.00687672214653
0.00527676203544
0.00366920313682
0.00706513867216
0.00550587558175
0.00387696353021
0.00348353561581
0.00684198407576
0.00524289039784
0.00363389451043
0.00705193540194
0.00546950843548
0.00384300966058
0.00344853185808
0.00680797592909
0.00520931164647
0.00359945927589
0.00701845119523
0.00542908745967
0.00380986589414
0.00341436198243
0.00677331501528
0.00517659409371
0.00356589832137
0.00698585590633
0.00538956461319
0.00377703182569
0.00338102679206
0.00673944950393
0.00514194872626
0.00353321251367
0.00695222581341
0.00535094097878
0.00374445911666
0.00334852707152
0.00670643242608
0.00510607132492
0.00352149132599
0.00691937751322
0.00531321761624
0.00371246774858
0.00331686358668
0.00667426458443
0.00507029554467
0.00349055832615
0.00688179253074
0.00527639556229
0.00367739530309
0.00328603708456
0.00664294676203
0.00503538066455
0.00346050294405
0.0068450205256
0.00524047583039
0.00364125528526
0.00325604829332
0.00661247972212
0.00500132755985
0.00343132595983
0.00680913669786
0.00520545941065
0.00360375405269
0.00322689792214
0.00658286420812
0.00498822571335
0.00340008333944
0.00677414200582
0.00517134726967
0.00356717025493
0.00506418102853
0.00610804186843
0.00715434321156
0.00320385608006
0.00402420109706
0.00509906082939
0.00618265776334
0.00505387999577
0.00607118425958
0.00711618007126
0.00316274833085
0.00398068747591
0.00507032426571
0.00615748182397
0.00501940154084
0.00603544781727
0.00707919582103
0.00312288174293
0.00393848476296
0.00502553099705
0.00613380893063
0.00498599328837
0.00600083406246
0.00704339220318
0.0030842584037
0.00389759542911
0.00498212833046
0.0061116408793
0.00494716137815
0.00596734447098
0.00700877090772
0.00304688033995
0.00385802187433
0.00494011912929
0.00606907132758
0.00490808111875
0.0059619580942
0.00697533357187
0.00301074951731
0.00381976642689
0.00489882183482
0.00601758667559
0.00487006847409
0.00592156706058
0.0069369032062
0.00297586783976
0.00378283134276
0.00485186234491
0.00596757526709
0.004833124914
0.00588126486767
0.00689732829325
0.00294223714911
0.00374711213007
0.00480629418223
0.00591904083314
0.00479648373976
0.00584208360356
0.00685877462656
0.00290420481726
0.00394674573634
0.00476212036308
0.00587046097166
0.00475831071147
0.00580402494021
0.00682090396115
0.00286426526654
0.0039064743248
0.00471934381975
0.00581599606353
0.00472120806645
0.00576709050488
0.00678421713134
0.00282557342142
0.00386752399961
0.00467796739966
0.00576300415562
0.00468517724562
0.00573128187977
0.00674871587953
0.00278813132701
0.00382989706962
0.00463629180349
0.00571148921458
0.00465021965072
0.00569660060168
0.00671164776944
0.0027519409666
0.00379359577029
0.00459342384377
0.00566145511016
0.00461404583798
0.00566304816169
0.00667536498401
0.0027170042612
0.00375862226312
0.00455195869
0.00561290561382
0.00457723166486
0.00562460653275
0.00664026989334
0.00268308048758
0.0037219601046
0.00451189912052
0.00556584439736
0.00454149144008
0.00558470526246
0.00660636417287
0.00264727639866
0.00368559458079
0.00447256149915
0.0055202750316
0.00450604816182
0.00554592955682
0.00657364944426
0.00261272820899
0.00364753707217
0.00443124500012
0.00547620098506
0.00446655428344
0.0055082810836
0.00654212727497
0.00257943776209
0.0036095336397
0.00439133698503
0.00543362562266
0.00442813334958
0.00547176146525
0.00650420833353
0.00254740683777
0.00357286026996
0.00435284014554
0.00539255220452
0.00439078686125
0.00543637227854
0.00646694815156
0.00251497724318
0.00353611997647
0.00431575708464
0.0053529838847
0.0043545162802
0.00540145920727
0.00643087803899
0.00247174004619
0.00350069056962
0.00428009031578
0.00531492371005
-0.00790774515926
-0.00488494614681
-0.00891688128113
-0.00585298219392
-0.00633347689136
-0.00691029280644
-0.0037642252093
-0.00787811289166
-0.00485391266827
-0.00888599980362
-0.00582050563542
-0.00630337595795
-0.00687848414462
-0.0037305283698
-0.00784748628674
-0.00482183887725
-0.00885402646317
-0.00578688219041
-0.00627206410147
-0.00680963840959
-0.00365608284422
-0.00781586636341
-0.00478934567785
-0.00882096254343
-0.00929177802074
-0.00620529627354
-0.00677527554541
-0.00361968440887
-0.00775521018685
-0.00472656188346
-0.00875657118839
-0.00925586532387
-0.0061715672638
-0.00673963837804
-0.00358193849576
-0.00772160680971
-0.00469297827735
-0.005223302095
-0.00922253860377
-0.00613663213729
-0.00670272886102
-0.00739877247546
-0.00768701335982
-0.00465835789818
-0.00518697455475
-0.00918825097571
-0.00610049260887
-0.00666454901348
-0.00736135712659
-0.00765143098141
-0.0046227020016
-0.00514956198391
-0.00915282058018
-0.00606315044908
-0.00662510091954
-0.00732583141257
-0.00761486084959
-0.00458601187871
-0.00511106587179
-0.00911624897914
-0.00602460748378
-0.00658438672773
-0.00728896031116
-0.00757730417015
-0.00454828885582
-0.005071487748
-0.0090785377819
-0.00598486559362
-0.0065424086505
-0.00725074607731
-0.00753876217936
-0.0045095342942
-0.00503156009083
-0.00903968864474
-0.00594392671368
-0.00649916896356
-0.00721119104279
-0.00749923614379
-0.00446974958989
-0.00499353185358
-0.00899970327055
-0.00590179283294
-0.0064552506398
-0.00717029761553
-0.00745872736008
-0.00442893617337
-0.00495442271374
-0.0089585834085
-0.00585846599387
-0.0064153784677
-0.00712806827884
-0.00741723715476
-0.0043870955094
-0.00491423421852
-0.00891633085363
-0.00581394829189
-0.00637424447518
-0.00708450559073
-0.00737476688401
-0.00434422909669
-0.00487296795477
-0.00887294744651
-0.00576824187493
-0.00633185088325
-0.00703961218314
-0.0073318169678
-0.0043003384677
-0.00483062554863
-0.00882843507279
-0.00572134894288
-0.00628819997546
-0.00699339076117
-0.00728891573558
-0.00425697975743
-0.00478720866528
-0.00878279566286
-0.00567327174711
-0.00624329409733
-0.00694584410227
-0.00724503716758
-0.00778428100691
-0.00474271900857
-0.0087360311914
-0.00562798145045
-0.00619713565573
-0.00689697505546
-0.0072001826893
-0.00774084812366
-0.00469715832071
-0.00868814367701
-0.00558309069623
-0.00614972711825
-0.00684678654049
-0.00715435375513
-0.00769639365305
-0.00465052838196
-0.00863913518174
-0.00553701537666
-0.00610107101258
-0.00679528154701
-0.00710835510438
-0.00765091917382
-0.00460283101028
-0.00858900781071
-0.00916983787018
-0.00605116992584
-0.00674246313369
-0.00658476612595
-0.0050807670648
-0.00353726121832
-0.00892654864129
-0.00733080934468
-0.00569276727026
-0.00403831691674
-0.00656105043029
-0.00505649347866
-0.00351242448017
-0.00890114622642
-0.00730484197177
-0.00566623943634
-0.00400639013701
-0.00653658485794
-0.00503145261643
-0.00348680291944
-0.00887494138144
-0.00727805460161
-0.00563887419606
-0.00397361144472
-0.00651136987029
-0.00500564497263
-0.00346039706568
-0.00884793467271
-0.00725044783898
-0.00561067219396
-0.00724704570551
-0.00648540594243
-0.00497907105649
-0.00343320746418
-0.00882012668336
-0.0072220223065
-0.00558163409357
-0.00721256561326
-0.00645869356314
-0.00495173139187
-0.00340523467584
-0.00879151801324
-0.00719277864465
-0.00555176057738
-0.00717723607307
-0.00643123323488
-0.00492362651724
-0.0033764792772
-0.00876210927885
-0.0071627175116
-0.00552105234674
-0.00714480315339
-0.00640302547367
-0.00489475698561
-0.00620062039971
-0.00873190111325
-0.0071318395832
-0.00548951012178
-0.00711260722447
-0.0063740708091
-0.00486512336449
-0.00617030157213
-0.00870089416602
-0.0071001455529
-0.00545713464131
-0.0070795611851
-0.00634436978427
-0.00483472623581
-0.0061392019568
-0.00866908910321
-0.00706763613164
-0.00542392666276
-0.00704566584037
-0.00631392295573
-0.0048035661959
-0.00610732219205
-0.0086364866072
-0.00703431204781
-0.00538988696208
-0.007010922015
-0.00628273089341
-0.0047716438554
-0.00607466293148
-0.00860308737673
-0.00700017404714
-0.00535501633367
-0.00697533055322
-0.00625079418061
-0.0047389598392
-0.00604122484392
-0.00856889212671
-0.00696522289264
-0.00531931559025
-0.00693889231873
-0.00621811341391
-0.00470551478643
-0.00600700861335
-0.00853390158824
-0.00692945936451
-0.00528278556279
-0.00690160819455
-0.00618468920316
-0.00467130935032
-0.00597201493887
-0.00849811650848
-0.00689288426004
-0.00524542710044
-0.00686347908291
-0.00615052217134
-0.00463634419821
-0.00593624453455
-0.00846153765061
-0.00685549839353
-0.00520724107039
-0.0068245059052
-0.00611561295462
-0.00460062001144
-0.00589969812944
-0.0084241657937
-0.00681730259623
-0.00836503872996
-0.00678468960178
-0.00607996220218
-0.00456413748529
-0.00586237646746
-0.00838600173268
-0.00677829771619
-0.00832520023781
-0.00674403113195
-0.00604986250107
-0.00452689732896
-0.00582428216997
-0.00834704627822
-0.00673848461824
-0.0082845368869
-0.00670253147377
-0.00603776276481
-0.00448890026542
-0.0057854122851
-0.00830730025666
-0.00669786418384
-0.00824304961563
-0.00666019162398
-0.00602491288188
-0.00720779690014
-0.0057457694636
-0.00826676450995
-0.00665643731099
-0.00820073937999
-0.0066170125979
