0.00416488333479
0.00222250779493
0.00357572980854
0.00328193923039
0.00443158120751
0.00202412777772
0.00531497567557
0.00424567877429
0.00230447868036
0.00365850638502
0.00336511692982
0.00446673576697
0.00205929431338
0.00534997445844
0.00432780989355
0.00238780149435
0.00374264594822
0.00344966309711
0.00450335786582
0.00209592887356
0.00538643446905
0.00441127143351
0.00247247075859
0.00382814286644
0.00353557202325
0.0045414448401
0.00213402879162
0.0054243530783
0.00449605807816
0.00255848093653
0.00391499144885
0.00362283793968
0.00458099392612
0.00217359130109
0.0054637275586
0.00458216445606
0.00264582643496
0.0040031859472
0.0036715412511
0.00462200226146
0.00221461353665
0.00550455508483
0.00466958514183
0.00621705617918
0.00409272055744
0.00371377643232
0.00466446688597
0.00225709253517
0.00554683273533
0.00475831465764
0.00630705532038
0.00571413565076
0.00375745732882
0.0047083847428
0.00230102523677
0.00251013776251
0.00484834747476
0.00639837267857
0.00580633285791
0.00711041789975
0.00475375267949
-0.00072421419677
0.00255530651551
0.00493967801501
0.00649100244995
0.00589985244686
0.00384913631419
0.00160596570836
0.00231402725312
0.00260191605886
0.00503230065228
0.00658493878208
0.00259028064513
0.00389713537041
0.00165422397041
0.00236230175291
0.0026499630952
0.00512620971406
0.00327576801345
0.00268642691876
0.00394656717767
0.00170392229233
0.00241201677018
0.00269944423599
0.00180887058804
0.00337229972303
0.00275368644078
0.00399742826761
0.00175505715042
0.00246316877778
0.00275035600269
0.00190533530298
0.00347012015992
0.0028054413618
0.00404971508329
0.00180762493114
0.00251575415857
0.0028026948279
0.00200306916116
0.00356922329288
0.00285860482724
0.00410342398031
0.00186162193229
0.00256976920673
0.00285645705659
0.00210206631921
0.0036696030499
0.00291317321662
0.00415855122812
0.0019170443643
0.00262521012897
0.0029116389473
0.00220232089475
0.00377125331975
0.00296914282666
0.00421509301116
0.00197388835145
0.00506557617735
0.0029682366734
0.00230382696783
0.00387416795353
0.00302650987248
0.0042730454302
0.00203214993323
0.00512385712436
0.00302624632436
0.00240657858241
0.00397834076624
0.00308527048887
0.00433240450359
0.00209182506559
0.00518355205359
0.00308566390701
0.00251056974779
0.00406311925041
0.00314542073146
0.00439316616853
0.00215290962229
0.00524465683481
0.00314648534688
0.00261579444006
0.00412376241594
0.00320695657802
0.00445532628244
0.00221539939627
0.0053071672569
0.00320870648947
0.0017891460065
0.00174069394205
0.00135000315589
0.00342835707766
-0.000548612145657
-0.000835602741825
-0.000938407261217
0.00184051739305
0.00179378277387
0.00143848132547
0.000174220999919
-0.000456079477475
-0.000742051294034
-0.000844622935956
0.00189354390954
0.00184857838608
0.00152861726092
0.000266715992824
-0.000361828994818
-0.000646767274582
-0.000749102684805
0.00194822057282
0.001905075292
0.00162040193546
0.00036089372882
-0.000265870922275
-0.000549761222602
-0.00065185711956
-0.00127020397359
0.00196326785918
0.00171382622442
0.000456744404532
-0.000168215586487
-0.000451043780072
-0.000552896955034
-0.00121224250051
0.00202315031209
0.00180888090912
0.000554258120474
-6.88734114402e-05
-0.00035062568689
-0.000452233004068
-0.0011526466258
0.00208471673484
0.0019013663566
0.000653424885385
-0.00316444176854
-0.000248517775977
-0.000349876172592
-0.00109142185536
0.00214796107391
0.00196635008432
0.000754234620541
-0.00306175755292
-0.000144730968413
-0.000245837454719
-0.00102857381981
0.00221287714099
0.00203304688461
0.00154797835341
0.000661005053935
-3.9276268625e-05
-0.000140127927869
-0.000964108272129
0.00227945861579
0.0021014499214
0.00165204346443
0.000766988562515
6.78352403966e-05
-3.27587479581e-05
-0.000898031085133
-0.001030311306
0.00217155222149
0.00175772082743
0.000874605493012
0.000176592401823
7.62588553846e-05
-0.000830348248997
-0.000960418490066
0.00224334667779
0.00186500005634
0.000983844934504
-0.00292399831813
0.000186913583533
-0.000761065868719
-0.00088887999017
0.0023168260527
0.00197387069872
0.00109469591072
-0.00281198359439
0.000299194073534
0.00259385021125
-0.000815702625404
0.00239198298143
0.00206468242479
0.00120714738445
-0.00269835708525
0.000413088902716
0.00266631291834
-0.000740893332163
0.00246880997537
0.00214309064115
0.00132118826183
-0.00258313019665
0.000528586593235
0.00274035619131
-0.000664459161127
-0.000908953667212
0.00222319041621
0.0014368073967
-0.00246631438554
0.000645675616564
0.00281597349167
-0.000586407274232
-0.000828809486844
0.00230497356365
0.00155399359475
-0.00234792115553
-0.00244749007004
0.00289315817909
-0.000506744941629
-0.000747018415825
0.00238843177951
0.00190304982777
-0.00222796205251
-0.0023272531474
0.00297190351406
-0.000425479538623
-0.00066358840384
0.00247355664594
0.00202333639754
-0.00210644866046
-0.00220545973781
0.00305220266056
-0.000342618542607
-0.000578527507245
0.00256033963501
0.00212021668439
-0.00198339259724
-0.00208212152904
0.00313404868875
-0.00025816952998
-0.000491843885618
-0.000854485761946
0.00221640289166
-0.00185880551054
-0.00195725023819
-0.00388330227473
-0.00479121510234
-0.000618381270472
-0.00163957328721
-0.00261524034429
-0.00348898152701
-0.00446569813999
-0.000371288770671
-0.00121548670152
-0.00208121740403
-0.00309545727886
-0.00412125305201
-0.00507441738964
-0.000995662939155
-0.00188574002031
-0.00288068016367
-0.00376776872071
-0.00467476109832
-0.000318434612182
-0.00130709399813
-0.00167854073543
-0.00426050271325
-0.00517386640234
-0.00106294287948
-0.00205066676228
-0.00301294412426
-0.00388160356486
-0.00484761502285
-0.000803299235919
-0.00165230348126
-0.00254897221085
-0.0035392115521
-0.00452752102078
-0.000478561733233
-0.00137595693214
-0.00227208265605
-0.00328135003478
-0.00416470173793
-0.00507613918655
-0.000723601378119
-0.00171532904133
-0.0020890747047
-0.00462870919688
-0.000604812998948
-0.00148216826778
-0.00247506635652
-0.00340886878751
-0.00428677635237
-0.00526470067612
-0.0012082591609
-0.00206182080077
-0.00301717513297
-0.00395504451095
-0.00494202337843
-0.000870646736304
-0.00174821096013
-0.00262835312736
-0.0036427962482
-0.00453084466859
-0.00045816479822
-0.00109742909928
-0.00209202122077
-0.0024679101211
-0.0050471407
-0.00101041895239
-0.00189154248987
-0.00287346679444
-0.00377819856877
-0.00469254447623
-0.000675623657732
-0.00159587230986
-0.00248529027323
-0.00345794739239
-0.00434247817056
-0.0053347575467
-0.00123331122819
-0.0021153970449
-0.00299578055824
-0.00397331197668
-0.00486569941584
-0.000796853848086
-0.00143938711201
-0.0024366281379
-0.00281449942756
-0.000469766291245
-0.00140580870613
-0.00227560478834
-0.00324547785636
-0.00414580088132
-0.00507137534327
-0.00106187391025
-0.0019881961878
-0.00289275484645
-0.00387079446045
-0.00473820517041
-0.000698287483255
-0.00158254905968
-0.00247486846
-0.00346967826152
-0.00435562684107
-0.000169455921359
-0.00110345779992
-0.0017489794551
-0.00274864265365
-0.00312832701754
-0.000867008730128
-0.00178948929981
-0.00265813843424
-0.00359072256031
-0.00449503212246
-0.000422861633231
-0.00143544694725
-0.00236542527301
-0.00332329243575
-0.00425524413118
-0.00512726244819
-0.00103218794152
-0.00192063270415
-0.00293470283711
-0.00391403847084
-0.00480574402371
-0.000566421013571
-0.0013775277465
-0.00251125038239
-0.00302759633804
-0.00425424633821
-0.00126392976872
-0.00216600477289
-0.003019552507
-0.00390930592208
-0.00482651391022
-0.000746649934422
-0.00178144154907
-0.00276115495081
-0.00372923670371
-0.00461084706187
-0.000512141646181
-0.00133603158136
-0.00235168661349
-0.00337559852054
-0.00433705664412
-0.00522542488089
-0.00115179399336
-0.00178875512121
-0.00277962713223
-0.00327306276945
-0.0045011639364
-0.00164226666012
-0.00258802240282
-0.0034312009532
-0.00437958236993
-0.00030236751699
-0.00117045596837
-0.00217050739933
-0.00318322979494
-0.00412103917109
-0.00503808943655
-0.000956182937684
-0.00175888158923
-0.00275662810675
-0.00378657386036
-0.00472063457265
-0.000614751391415
-0.00154496095117
-0.00218574625833
-0.00317970590499
-0.00355271099801
-0.00471402166038
-0.00203356963302
-0.00298397936719
-0.00383140171213
-0.00482373711539
-0.000751860567201
-0.00163989420301
-0.00256858642475
-0.00358676477249
-0.00452100996327
-0.000447963519488
-0.00137135759931
-0.00217879707853
-0.00313149146996
-0.00416939322643
-0.00511970760953
-0.000971870480056
-0.00190625749997
-0.00255059790825
-0.00354742881373
-0.003922569253
-0.000121637226626
-0.00244965581455
-0.00335348453347
-0.00426798824741
-0.00524131588621
-0.0011745188856
-0.00208241577158
-0.00297188178239
-0.00396191036887
-0.00489218992447
-0.000848429511974
-0.00175715739288
-0.00259111480855
-0.00347609902933
-0.00454035407705
-0.000496536998255
-0.00132074211099
-0.00223515572567
-0.00288276708731
-0.00388224051159
-0.00425934662223
-0.000459666056447
-0.00285323533914
-0.00376264300655
-0.00469491779626
-0.000636500889219
-0.00157879062276
-0.00249754610261
-0.00341954099967
-0.00430823194339
-0.00524885252339
-0.001248681428
-0.00214749949677
-0.00306038227286
-0.00391623081839
-0.00488006857075
-0.000841075572965
-0.00166959359417
-0.00253125751309
-0.00318174876874
-0.00418362425365
0.000385568570905
-0.000763974948822
-0.00323048103457
-0.00418071358691
-0.0050951295471
-0.00104164113332
-0.00197898809775
-0.00289471655821
-0.00383937190196
-0.00473774456553
-0.000614420134753
-0.00163094140112
-0.00254166996213
-0.00350022614585
-0.00436708606342
-0.00023667054363
-0.00115348726641
-0.00198595548943
-0.00285103952439
-0.00393258163603
-0.00445110560033
-0.00079411012176
-0.00103407592227
-0.00360392412185
-0.004576112876
-0.000468196936322
-0.0014193599831
-0.0023762200826
-0.00328125358637
-0.00423089236505
-0.00516962765887
-0.0010258112477
-0.00203682146373
-0.00295286488404
-0.00391007851197
-0.00481793810648
-0.000702817634625
-0.00145350195436
-0.00243025416314
-0.00313753158197
-0.00419727802143
0.000263830168679
-0.00102866657175
-0.00126952793622
-0.00398309770008
-0.00497326166685
-0.000898869516956
-0.00177519201202
-0.00274545727745
-0.00365683136535
-0.00459839141992
-0.000572804596874
-0.00143385568726
-0.00241293903498
-0.00335061131951
-0.00428940250165
-0.00523835384554
-0.00112877771142
-0.00188433440074
-0.00268026037587
-0.00339028857062
-0.00445231340343
5.64055892022e-05
-0.00122831140002
-0.00146994032497
-0.00435864906003
-0.000343280239814
-0.00130659544534
-0.00218918720838
-0.00315443782943
-0.00408665863667
-0.00496737457409
-0.000946812449514
-0.00183936847423
-0.00281833879328
-0.00375983697772
-0.00468391612888
-0.000627764001011
-0.00152338191957
-0.00228350942117
-0.00307402190903
-0.00360891117969
-0.00467292141189
-0.000165739913722
-0.00139271125269
-0.00163497592384
-0.00477451383465
-0.000700538044753
-0.00170064667853
-0.00259387789732
-0.00356830676282
-0.00448819204338
-0.000312868766598
-0.00129118131119
-0.00224912270034
-0.00323388404771
-0.00415121093259
-0.00508945570052
-0.00102319532403
-0.00188606461239
-0.0026504425055
-0.00344455198486
-0.00394268498701
8.93440265368e-05
-0.000352864033032
-0.00156475972472
-0.00176435383129
-0.00521442492829
-0.0010679014819
-0.0020728809296
-0.00300228438673
-0.00395620661573
-0.00486096426981
-0.000689921885423
-0.00160547926797
-0.00263682410314
-0.00362330983082
-0.0045589339843
-0.000496447297545
-0.00139751604136
-0.00223532116416
-0.00298458360123
-0.00378200473704
-0.00428278956728
-0.000182017508072
-0.0014152501482
-0.0017172818162
-0.00315724776552
-0.000627569403714
-0.00148138308711
-0.00244382668937
-0.00342637933175
-0.0043484352154
-0.00524316493512
-0.00112611254385
-0.00206073207472
-0.0030720175024
-0.00402168264487
-0.0049358087719
-0.000872143138743
-0.00179575042513
-0.00266209068728
-0.00355086229037
-0.0041452526598
-0.000139812169475
-0.000490045183034
-0.00162216561511
-0.00183404245976
-0.00327430674334
-0.00102030852104
-0.0018717048815
-0.00283460773413
-0.00382237160318
-0.0047575408951
-0.000679661048137
-0.00157339324624
-0.00251718940955
-0.00347734664921
-0.00440784841697
-0.000295833892473
-0.00123337620418
-0.00223007313345
-0.00309263663808
-0.0039863289388
-0.00458482588428
-0.000582590302446
-0.00090173533424
-0.00198809419766
-0.002019255565
-0.00335531166193
-0.00140882265518
-0.00225406418315
-0.00319715717315
-0.00418980766416
-0.00513786201876
-0.00108732257615
-0.00199477425942
-0.00294428600119
-0.0038615542698
-0.00478794411403
-0.000641886679538
-0.00162047904003
-0.00262306560455
-0.00349092393716
-0.00438922821362
-5.17519111189e-06
-0.000992348970311
-0.00131360399836
-0.00240113579494
-0.00243250581505
-0.00359931909177
-0.001769616082
-0.00261892817438
-0.00353105802165
-0.00452825239324
-0.000488926766397
-0.00146564277073
-0.0023865906669
-0.00334148164266
-0.00428078505477
-0.00521107867386
-0.00109591057876
-0.00197552262826
-0.00298357366007
-0.00385634703931
-0.00475893440448
-0.000378455448554
-0.00136842615144
-0.00169164794424
-0.00278026742904
-0.0028118314473
0.000782494878075
0.00177385365201
0.00336050191101
0.000302495598136
0.00419550633953
0.00124601331051
-0.00174066988808
0.00209545763856
0.00162983484594
0.00321464597015
0.00262347221311
0.00404767055537
0.00109810686409
0.00181801996731
0.00193915846397
0.00148683273058
0.003069811855
0.00247735376831
0.0039008617957
0.000951227621204
0.00166246312408
0.00179370608191
0.00134485372202
0.00292600618087
0.00233226732655
0.00375508689262
0.000795645909909
0.00151776062159
0.0016492892424
0.00120390424398
0.00278323557271
0.00217830479496
0.00360016076165
0.00065084160587
0.00137410125246
0.00150591470851
0.00106399072689
0.00263159180408
0.00203530267122
0.00345647411509
0.000507085060308
0.00123149182177
0.00136358925293
0.000915569825301
0.00249091123672
0.00189335288192
0.00331384188956
0.000364383146454
0.00108993914356
0.00122231965691
0.0007777475437
0.00235128565877
0.001752462222
0.00317227095933
0.000222742746697
0.000949450039776
0.00108211270934
0.000640980545448
0.00221272172438
0.00161263749372
0.00303176820674
8.21707515768e-05
0.000810031339325
0.000942975205707
0.000505275278546
0.00207522609252
0.00147388550555
0.00289234052115
-5.73259412535e-05
0.00067168987698
0.000804913947044
0.000370638192963
0.00193880542598
0.00133621307119
0.00275399479794
-0.000195740428085
0.00387362345973
0.000667935738915
0.000237075739633
0.00180346639035
0.00119962700846
0.00261673793733
-0.000333065800231
0.00373745699615
0.000532047390313
0.000104594369421
0.00166921565292
0.00106413413823
0.00248057684337
-0.000469295145134
0.00360238829962
0.000397255712569
-2.67994679127e-05
0.00153605988161
0.000929741283329
0.00234551842278
-0.000604421547485
0.00346842421765
0.000263567518233
-0.00015709932478
0.00140400574388
0.000796455267371
0.00221156958381
-0.000738438090374
0.0033355715981
0.000130989619931
-0.000286298756845
0.00127305990559
0.000664282913642
0.00207873723505
-0.000871337856461
0.00320383728804
-4.71170797336e-07
-0.000414391324125
0.0033054019546
0.00053323104391
0.00194702828428
-0.00100311392916
0.00307322813256
-0.000130808044681
-0.000541370592106
0.00317669270068
0.000403306477226
0.00181644963722
-0.00113375939387
0.00294375097353
-0.000260014195921
0.0039410503582
0.0030491117227
0.000274516028717
0.00168700819633
-0.00126326733919
0.00281541264838
-0.000388082823421
0.00381631696478
0.00292266566852
0.000146866508345
0.00155871085952
-0.00139163085819
0.00268821998887
-0.000515007132029
0.00369271612994
0.0027973611785
0.00439873193504
0.0014315645189
-0.00151884304969
0.00256217981978
-0.000808308501172
-0.000341011619824
0.00113508664115
-0.000499456002159
-0.00340105638679
-0.00218927536012
-0.00101162536594
0.000107308480436
-0.000497045046628
0.000979089149396
0.00214461603057
-0.0035244706874
-0.00231501094949
-0.00113901558078
-2.09833980205e-05
-0.000652000728288
0.000820031331961
0.0020253845259
-0.00364655994738
-0.0024394068514
-0.00126505601949
-0.000147920127511
-0.000805870419684
0.000662066718025
0.0019074672278
0.000549256552292
-0.00256245401799
-0.00138973732261
-0.000273492176726
-0.000958645850046
0.000505204084128
0.00179087221464
0.000429843210385
-0.00268414341915
-0.00151305014626
-0.000397690028674
-0.00111031872413
0.000349452238794
0.00167560753941
0.000311780702716
-0.00280446604496
-0.00163498516469
-0.000520504183275
-0.0012608807234
0.000194817692993
0.00156168122764
0.00019507758013
-0.00292341290817
-0.00175553307286
-0.000641925159986
-0.00141032350729
4.13139720939e-05
0.00144910127524
7.97423660949e-05
-0.00304097504665
-0.00187468458901
-0.000761943500477
-0.00155863871446
-0.000111052355294
0.00133787564629
-3.42164456804e-05
-0.00315714352596
-0.00199243045736
-0.000880549771359
-0.00170581796411
-0.000262272365451
0.00118403758985
-0.000146790393644
-0.00327190944192
-0.00210876145078
-0.000997734566942
-0.00185185285732
-0.000412337109258
0.00103048933043
0.00218010665228
-0.00338526392323
-0.00222366837357
-0.00111348851205
-0.00199673497844
-0.000561237613641
0.000878111084973
0.00207032767575
-0.00349719813408
-0.00233714206415
-0.00122780226486
-0.00214045589654
-0.000708964883059
0.000726917932787
0.00196195873024
-0.00360770327686
-0.00244917339799
-0.00134066651982
-0.0022830071668
-0.000855509901041
0.000576916599113
0.00185500812401
-0.00371677059486
-0.00255975329035
-0.00145207201052
-0.00242438033206
-0.00100086363176
0.000428116629375
0.00174948412073
-0.00382439137503
-0.00266887269925
-0.00156200951275
-0.00256456692436
-0.00114501702165
0.000280527593527
0.00164539493684
0.000568318749232
-0.00277652262836
-0.0016704698474
-0.00270355846645
-0.00128796100108
0.000134159084308
0.00154005644441
0.000463616995455
-0.00288269412994
-0.0017774438836
-0.00284134647347
-0.00142968648608
-1.09792845443e-05
0.00139218002755
0.000357400583994
-0.00298737830786
-0.0018829225417
-0.00297792245454
-0.00157018438004
-0.000154877880135
0.00124555225709
0.000217411172026
-0.0031162153117
-0.00199645931522
-0.0031132779145
-0.0017094455756
-0.00029752705231
0.00110018322592
0.00214366955362
-0.00325681715338
-0.00213809442058
0.00051412882655
-0.00184746095642
-0.0004389171356
0.00095608304794
0.00200632733935
-0.00339608186486
-0.00227838808312
-0.00235824360745
-0.0026858180703
-0.00314135450517
-0.00368233619309
-0.00648758829557
-0.00246935599329
-0.00296020846302
-0.00233732725342
-0.00265293592194
-0.00310745514173
-0.00364739241683
-0.00645157761717
-0.00243226220871
-0.00292202346959
-0.00647872485467
-0.0026191703419
-0.00307264574156
-0.00361151135626
-0.00641460189435
-0.002394175277
-0.00288281709903
-0.00645608158744
-0.00259488204464
-0.00303692727766
-0.00357469407611
-0.00637666229124
-0.00235509646926
-0.00284259073649
-0.00643257570089
-0.00257066662447
-0.003000300747
-0.00353694166724
-0.00633776000041
-0.00231502708744
-0.00280134580057
-0.00640820778127
-0.00254556350533
-0.00296276717037
-0.00349825524647
-0.00629789624265
-0.00227396846413
-0.00275908374303
-0.00638297843575
-0.00251957335075
-0.00292432759229
-0.00345863595639
-0.0040824210165
-0.00223192196234
-0.00271580604859
-0.00635688829236
-0.00249269684701
-0.00288498308078
-0.0034180849652
-0.00404063809912
-0.00218888897527
-0.00267151423466
-0.00632993799992
-0.00246493470305
-0.00284473472731
-0.00337660346657
-0.00399789754454
-0.00214487092612
-0.00262620985106
-0.00630212822797
-0.00243628765039
-0.00280982879304
-0.00333419267946
-0.00395420068452
-0.00209986926782
-0.00257989447981
-0.00627345966665
-0.00240675644301
-0.00277941182005
-0.00329085384791
-0.00390954887803
-0.00658029014672
-0.00253256973479
-0.00624393302665
-0.00237634185726
-0.00274808553908
-0.00324658824092
-0.00386394351111
-0.00653332574672
-0.00248423726152
-0.00621354903913
-0.00234504469178
-0.0027158508222
-0.00320139715221
-0.00381738599661
-0.00648538227249
-0.00243489873689
-0.00355064976739
-0.00231286576737
-0.0026827085656
-0.00315528190008
-0.00376987777402
-0.00643646129359
-0.00238455586883
-0.00351855335959
-0.00654901654861
-0.00264865968949
-0.00310824382723
-0.00372142030922
-0.00638656440812
-0.00233321039607
-0.0034856019195
-0.00651507665689
-0.00261370513794
-0.00306217121502
-0.00367201509428
-0.00437648111812
-0.00228086408784
-0.00345179625915
-0.00648025760059
-0.00257784587878
-0.00302524918161
-0.00362166364724
-0.00432463732672
-0.00222751874355
-0.00341713721056
-0.00644456028811
-0.00254108290346
-0.00298739749045
-0.00357036751186
-0.00427182259178
-0.00217317619255
-0.00338162562564
-0.00640798564946
-0.0025034172269
-0.00294861724833
-0.00351812825745
-0.00421803862303
-0.00211783829378
-0.00334526796399
-0.00637053463614
-0.00246484988737
-0.00290890958736
-0.00346494747857
-0.00416328715746
-0.00206150693547
-0.00331151880292
-0.00633220822104
-0.00242538194635
-0.00286827566481
-0.00341082679484
-0.00410756995902
-0.00200418403488
-0.00377137392606
-0.00455495013367
-0.00173689708428
-0.00615252947478
-0.00341970441524
-0.000639555079964
-0.00496735561051
-0.00728113361002
-0.00456353871651
-0.00173280308328
-0.00614840554335
-0.00341555578726
-0.00447957022704
-0.00494795061426
-0.00728890086717
-0.00458075331218
-0.0017392263987
-0.00614350405075
-0.00341062494392
-0.00447461660904
-0.00492775981838
-0.00729590639804
-0.00460093747559
-0.00175953009102
-0.00613782509578
-0.00340491198582
-0.00446887726627
-0.00490678364012
-0.00377486258978
-0.00462035726121
-0.00177906491817
-0.00613136599892
-0.00339841702945
-0.00446235231689
-0.00488502251263
-0.00379338399249
-0.00463901228904
-0.00179783049339
-0.00612413247819
-0.00339114020727
-0.00445504189515
-0.00486247688497
-0.00381114571314
-0.00465690219382
-0.00181582644489
-0.00611612188533
-0.00338308166759
-0.00444694615147
-0.00483914722199
-0.00382814740871
-0.00467402662504
-0.00183305241591
-0.00610733438165
-0.00337424157466
-0.00443806525235
-0.00481503400434
-0.00384438875063
-0.004690385247
-0.00184950806475
-0.00267606865319
-0.00336462010858
-0.00442839938041
-0.00479493768879
-0.00385986942486
-0.00470597773881
-0.00186519306479
-0.0026657278742
-0.00335421746531
-0.00441794873434
-0.00478445349941
-0.00387458913191
-0.00472080379447
-0.00188010710457
-0.00265461076184
-0.00334303385665
-0.00440671352888
-0.0047731822393
-0.00388854758686
-0.00473486312283
-0.00546387241181
-0.0026427175397
-0.00333106951023
-0.0043946939948
-0.00168327812101
-0.00390174451941
-0.0047481554477
-0.00547724365722
-0.00263004844687
-0.00331832094414
-0.00438189037889
-0.00167043343463
-0.00391417967386
-0.00476068050781
-0.00548984309894
-0.00261660373794
-0.00330479586816
-0.00436830294392
-0.001656802425
-0.00392585280919
-0.00477243805688
-0.00550167048626
-0.00261315027003
-0.0032904908319
-0.00435393196863
-0.00164238537354
-0.00393867596508
-0.00478342786361
-0.00551272465244
-0.0026242562589
-0.00327540612599
-0.00433877774767
-0.00162718257774
-0.00395145144959
-0.00479364971173
-0.00552300723997
-0.00263458619035
-0.00325954205674
-0.0043228405916
-0.00161119435116
-0.0039634647446
-0.0048031034
-0.00553251711269
-0.00264413985669
-0.00324289894612
-0.00430612082686
-0.00159442102337
-0.00397471561704
-0.00481178874226
-0.00554125408109
-0.00265291706578
-0.00322547713172
-0.00428861879569
-0.00157686293991
-0.00398520384855
-0.0048197055674
-0.005549217971
-0.00266091764105
-0.0032072769667
-0.00427033485616
-0.0015585204623
-0.00399492923547
-0.00129518724687
-0.00555640862363
-0.00266814142149
-0.00318829881979
-0.00425126658813
-0.00153939396795
