0.00649262578708
0.00477887177329
0.0069017134471
0.00496899887797
0.00642445587955
0.0052719037061
0.00662571771684
0.00656844885791
0.00485660840353
0.0069873155637
0.00505682032046
0.00651425362162
0.00536336813399
0.00671847643607
0.0066454807764
0.00493557996324
0.00707416216543
0.00514591243916
0.00660534497188
0.0054561452168
0.0068125624132
0.00672371753875
0.00501578215405
0.00716224837796
0.00523626999702
0.00669772435732
0.00555022908869
0.00690458216793
0.00680315509664
0.00509721063101
0.00725156928339
0.00532788771194
0.00679138615877
0.00564561383684
0.00699395847422
0.00688378935816
0.00517986100362
0.00734211992136
0.00542076025816
0.00688632471237
0.00574229350305
0.00708466617661
0.00696561618874
0.00526372883692
0.00743389529035
0.00551488226752
0.00698253431106
0.00584026208528
0.00717669940224
0.00704863141209
0.00534880965253
0.0075268903488
0.00561024833086
0.00708000920599
0.00593951353926
0.00727005222765
0.0071328308112
0.00543509892971
0.00762110001634
0.00570685299932
0.00717874360804
0.006035046263
0.00736471868049
0.00721821012924
0.00552259210642
0.00771336656324
0.00580469078566
0.00797083986957
0.00612966063571
0.00746069274108
0.00730476507054
0.00561128458041
0.00780630076611
0.00590375616557
0.00807207576442
0.00622556231162
0.0075579683441
0.00739249130155
0.00570117171023
0.00790044470152
0.00600404357903
0.00817455357159
0.00632274541732
0.00765653938018
0.00748138445177
0.00579224881633
0.00799579329672
0.00610554743154
0.00827826735512
0.00642120403726
0.00775639969754
0.00757144011471
0.00588451118209
0.00809234144289
0.00620826209549
0.0083767055918
0.00652093221538
0.00785754310359
0.00766265384887
0.0059779540549
0.00819008399634
0.0063121819114
0.00847587585581
0.00662192395652
0.00435547165958
0.00775502117865
0.0060725726472
0.00828580771632
0.00641730118925
0.00857628671744
0.00319428325324
0.00445916250998
0.00784853759533
0.00616836213754
0.00838019830822
0.0065236142097
0.00510705119596
0.00329778398627
0.00456411764239
0.00793885891836
0.00999146944346
0.00499718603467
0.00316518640212
0.00520992589569
0.00340253007754
0.00467033071689
0.00802461825107
0.00660914240421
0.00509396247978
0.00326741983854
0.00531402376815
0.00350851539061
0.00477779536066
0.00477349631802
0.00670841533666
0.00519192424786
0.00683495102705
0.00541933893954
0.00361573375742
0.00488650516952
0.00486157416206
0.00680883956324
0.00529106622568
0.00693921175325
0.00552586550558
0.00372417897973
0.00499645370944
0.00558646068169
0.000431994915817
0.00362807986339
0.00321384399749
0.00256045260009
0.00154256116303
0.000545566932196
0.00569856706703
0.00255615720901
0.00375274215249
0.00334453588453
0.00269591605341
0.00168305887527
0.000689838909945
0.00581222417853
0.00267614664699
0.00387906131918
0.00347692816642
0.00283311976329
0.00182532585759
0.000835899376133
0.00592742145142
0.00279773022201
0.000439894058051
0.00361100514407
0.00297204639057
0.00196934316381
0.00105226655312
0.00604414827549
0.00555355184012
0.000569485161928
0.00374675111495
0.0031126786123
0.00211509188919
-0.00226955851192
0.00616239399883
0.00567828697144
0.000700691285925
0.00388415037923
0.00325499912854
0.00226255317788
-0.00212236557695
0.00628214793151
0.00580457946266
0.000833498446883
0.00402318724574
0.00339899066904
0.00241170823002
-0.00197343249773
0.00640339934925
0.00593241700266
0.000967892654914
0.00416384603777
0.00354463599966
0.00256253830874
-0.00182277899722
0.006526137497
0.00606178726155
0.00110385991838
0.000601966013612
0.00369191792853
0.0027150247467
-0.00167042472414
0.00665035159249
0.00619267789478
0.00124138624874
0.000745821712261
0.00384081931209
0.00286914895246
-0.00151638924592
0.00677603082964
0.00632507654725
0.00289688504436
0.000891252448287
0.00399132306079
0.00302489241655
-0.00136069204198
0.00690316438203
0.00645897085736
0.00303748757869
0.00103824265719
0.00414341214464
0.00318223671727
-0.00120335249725
0.00317711275388
0.00659434846086
0.00317960727934
0.00118677681527
0.00429706959854
0.00334116352621
0.00238455449045
0.00330712239264
0.0067311969947
0.003323230216
0.00133683944433
0.00065413831446
0.00350021681455
0.00254512097015
0.00343855377822
0.00686950410075
0.00346834248372
0.00148841511629
0.000810881897921
0.00365835792588
0.00270727226249
0.00357139603546
0.00700925742939
0.00361493020698
0.00164148845757
0.000969143395291
0.0038180574211
0.00287098941881
0.00370563828487
0.00715044464311
0.00649436239045
0.00179604415334
0.00112890614983
0.00397929746683
0.0030362536127
0.00384126964564
0.00326007602883
0.00664385953548
0.00195206695155
0.00129015359307
0.00414206033263
0.00320304614468
0.00397827923857
0.00340409406542
0.00679479072475
0.00210954166688
0.00145286924884
0.000466961326165
0.00337134844665
0.00411665618893
0.00354950908073
0.00694714223849
0.00324267853043
0.00161703673715
0.000632717074664
0.00354114208604
0.00425638962931
0.00369630881888
0.00710090040474
0.00340301180934
0.00178263977786
0.000799943113099
0.00371240876977
-0.00466654432198
-0.00506104803989
-0.00563275036882
-0.00624942615674
-0.00855776772632
-0.00436638646011
-0.00463302921027
-0.00508350314152
-0.00564210302242
-0.0082561329781
-0.00855637184846
-0.00433384482843
-0.00463711512961
-0.00755951191757
-0.00776323050785
-0.00783225845523
-0.00365786563067
-0.00643822739485
-0.00638232527646
-0.00598366251435
-0.0060502196746
-0.00391553108283
-0.00581644559655
-0.00643212635136
-0.00705616041034
-0.00758184040038
-0.00518382756079
-0.00547181738649
-0.00601155247961
-0.00657783711688
-0.00701449060757
-0.00511173304563
-0.00528227325105
-0.00566897510263
-0.00601144544528
-0.00880359710271
-0.0088737208154
-0.00469827895512
-0.00449431476854
-0.00740882490988
-0.00700400946437
-0.00705694362566
-0.00464080267873
-0.00504969812477
-0.00718273866204
-0.00783971104054
-0.00367219777745
-0.0040756819837
-0.00440210993218
-0.00691890672227
-0.00749291285103
-0.00793561122484
-0.00371594032033
-0.00627249228315
-0.00668263783296
-0.00703046556299
-0.00724066949478
-0.00574989946267
-0.00572061143125
-0.0055134287555
-0.00544572453465
-0.00503467946396
-0.00806512546183
-0.0051396446207
-0.00575656225964
-0.00643629721168
-0.00859927933352
-0.00443773183736
-0.00484580651261
-0.00521147578162
-0.00590237529427
-0.00838646632528
-0.0043068209609
-0.00461984127529
-0.00492187573992
-0.00767724067065
-0.0080304909681
-0.00824400092406
-0.00401054118462
-0.00672399084769
-0.00651354919598
-0.00643460058474
-0.00601725629294
-0.00214123305843
-0.00581506157754
-0.00643802479581
-0.00716391355645
-0.00783528938432
-0.00357986034662
-0.0055910254174
-0.00604519944375
-0.0067657622084
-0.00735526688175
-0.0051840391424
-0.0055013495
-0.00587187651685
-0.00633070715177
-0.0090106144633
-0.00492164733398
-0.00499514572993
-0.00496527301365
-0.00500633283493
-0.00740332718813
-0.00756583055616
-0.00312267561527
-0.00527363018985
-0.00709332499783
-0.00786602200376
-0.00374546379964
-0.00429484571226
-0.00471194460446
-0.00687598778217
-0.00760582743133
-0.00820307821539
-0.00400803592536
-0.00635952718089
-0.00680038394636
-0.00728445174371
-0.00764871376105
-0.00588429777586
-0.00599943379288
-0.0059279724584
-0.00596570534938
-0.00561863470569
-0.00454826067181
-0.00408371365597
-0.00589621893595
-0.00656548079206
-0.00735059134738
-0.00442819530103
-0.00498329909162
-0.00540480692019
-0.00608402125941
-0.0084216484031
-0.00437065910323
-0.00483763752236
-0.00516686500451
-0.00770642829181
-0.00821632258672
-0.00412686242345
-0.00435049153599
-0.00446832931602
-0.00686886588844
-0.00690324576647
-0.0065442008165
-0.00261872599847
-0.00502340036504
-0.00649128274961
-0.00720629450832
-0.00311778786399
-0.00380994915031
-0.0056443759766
-0.00607020633462
-0.00686547614905
-0.00761373389941
-0.00516896907206
-0.00564197623435
-0.00604212311892
-0.00657434017897
-0.00912530690384
-0.00504144897923
-0.00526849950864
-0.00538750294932
-0.00531381648252
-0.00781793061266
-0.00326248836254
-0.00354320093841
-0.00306445212199
-0.00618971866541
-0.00779281795614
-0.00373854073521
-0.00443733007077
-0.00500351551975
-0.00673130666233
-0.00762086796581
-0.00360918246668
-0.00422944138721
-0.0064200536122
-0.00689288186531
-0.00745170512249
-0.00798046641042
-0.00375842281025
-0.00616260334058
-0.0062827770966
-0.00620797020498
-0.00624523603814
-0.00414670687816
-0.00444435193689
-0.00395845068527
-0.00672754641955
-0.00256520032321
-0.0043305683252
-0.00503579900651
-0.0056073076746
-0.00617569766772
-0.00834924687131
-0.0043465425954
-0.00497432467953
-0.0054592293893
-0.00600647109905
-0.0083040485981
-0.00423739527434
-0.00462407818486
-0.00485800208379
-0.00715304377713
-0.00707711463052
-0.00711099017742
-0.00306010001876
-0.00532110951877
-0.00585479550302
-0.00723568748439
-0.00312050951061
-0.00396236077848
-0.00560454047087
-0.00618120196655
-0.00686600145819
-0.00291264309163
-0.00505578934305
-0.00569098290176
-0.00618171984285
-0.00680506563857
-0.00741865025503
-0.00507128836064
-0.00546358781838
-0.00574443284477
-0.00582491837717
-0.00818455019235
-0.00359765958855
-0.00391642201116
-0.00356787749609
-0.00669889348773
-0.00773905099688
-0.00364579369577
-0.00449457217082
-0.00521203361572
-0.00673137171877
-0.00752756944014
-0.00358410948647
-0.00436795302716
-0.0050104210204
-0.00688187678002
-0.00757594575436
-0.00348557792255
-0.00403732003858
-0.00627578821226
-0.00656005398121
-0.00664170604534
-0.00683707209858
-0.00440995818639
-0.00474609607963
-0.00439250315872
-0.00495451970402
-0.00271559488299
-0.00414031573929
-0.00499572144963
-0.00572780714974
-0.00636904881754
-0.00815946817266
-0.00422566748234
-0.00501797965124
-0.00566755834466
-0.00624709564594
-0.00831799570606
-0.00425616700747
-0.00481547172263
-0.0052189091882
-0.00734714858106
-0.00742995891763
-0.00311102360784
-0.00287035199914
-0.00554794050156
-0.00518932801844
-0.00574425159533
-0.00317594781666
-0.00402977465697
-0.00547579744423
-0.0062326311527
-0.00695992405066
-0.00289539897359
-0.00383427541903
-0.00563689674347
-0.00629339450051
-0.00695047000108
-0.00282146325386
-0.0049971914358
-0.00556396776438
-0.00597288951918
-0.00626522386101
-0.00818844398748
-0.00386841155606
-0.00362442872126
-0.00402383806689
-0.00366025151592
-0.00650505873277
-0.00357546737039
-0.00447318101811
-0.00536891963327
-0.00670506983853
-0.00752607317642
-0.00346517876006
-0.00441312455015
-0.00522163617598
-0.00688690757386
-0.00762291840563
-0.00350244842651
-0.00423089689356
-0.00628159186292
-0.00669591410325
-0.00699155748029
-0.00239461996199
-0.00459479329888
-0.00434754825212
-0.00476637165631
-0.00439787458195
-0.00497946173526
-0.00397165196795
-0.00490089269126
-0.00580281514886
-0.00663588644898
-0.00250689267228
-0.00400253134878
-0.00495919367477
-0.00577536738999
-0.0064819301202
-0.00826332939256
-0.00417126245237
-0.00490921683097
-0.0054905483557
-0.00738673125602
-0.00768562018114
-0.00308979053036
-0.00331228280274
-0.00379399810151
-0.00547738238597
-0.00621405967844
-0.00139411173007
-0.0041428649294
-0.00507557021342
-0.00620320527876
-0.00710909480725
-0.00300813612216
-0.00389075964445
-0.00547155566504
-0.00629505271273
-0.00704966758781
-0.00294497443818
-0.00480772938533
-0.00555438084871
-0.00614273381912
-0.00661342868643
-0.00834613764214
-0.00405639667664
-0.00397284634524
-0.00451660525108
-0.00423484393735
-0.00688756029664
-0.00206095420827
-0.00454101752934
-0.00547268377883
-0.00638055830295
-0.00256891998314
-0.00347566360023
-0.00436535150638
-0.0053306542756
-0.0067797545616
-0.00758285470507
-0.00351799460554
-0.0043251396825
-0.00616518695626
-0.0067603464523
-0.007236051147
-0.00268843305905
-0.00309062977911
-0.00459858753796
-0.00520611468482
-0.00492065316067
-0.0056135311812
-0.00269404832655
-0.00494100957301
-0.00587365132867
-0.00677941218103
-0.0027415260353
-0.00390867176059
-0.004805004868
-0.00577292789137
-0.00663774560549
-0.00317984236296
-0.004055688039
-0.00489228802201
-0.0056554709025
-0.00625718720176
-0.00782269327183
-0.00327803970207
-0.00368124908112
-0.00365641613163
-0.00586119868828
-0.00557213078404
-0.00182325094209
-0.00122540791798
-0.00529440643182
-0.00626860975759
-0.00717433157354
-0.00313851441624
-0.00406324862074
-0.00523358172658
-0.00617889043288
-0.0070920412339
-0.0029931033577
-0.0045569977457
-0.00542307210263
-0.00619400341634
-0.00680199101501
-0.00238292225242
-0.00383030389255
-0.00423448310306
-0.00427715368283
-0.0049087655119
-0.00618796726132
-0.00243361072422
-0.00180025359997
-0.00568570474418
-0.0066362707505
-0.00256561321179
-0.0035276621508
-0.00446714320576
-0.00540024766922
-0.0065512721496
-0.00750934621863
-0.00344060549114
-0.00434957377814
-0.00524506390353
-0.00669466638367
-0.0073086034003
-0.00289392199234
-0.00316275067187
-0.00480005662021
-0.00486076627164
-0.00549102369622
-0.00180756774718
-0.00300723831347
-0.00403187967652
0.00484161173159
0.00279795827941
0.00487082835521
0.00186940570866
0.00337663650223
0.00223155091778
0.00358271505057
0.00472383942595
0.00267954770272
0.00475956859673
0.0017554567736
0.00326028845714
0.00211316709964
0.00346272784016
0.00460710390629
0.00255946907434
0.00464942521461
0.00164264241
0.00314509068322
0.00199594647233
0.00334391373155
0.00449141012518
0.00244045105685
0.00454040352256
0.00153096828393
0.00303104917087
0.0018798953087
0.0032262792247
0.00437676302216
0.00232249897314
0.00441978766794
0.00142044004141
0.00474504992547
0.00176501986357
0.00310983080242
0.00426316752293
0.00220561813365
0.00429979166099
0.00131106330728
0.00463333882992
0.00165132637235
0.00299457492905
0.00415062853856
0.00208981383545
0.00418089035021
0.00120091744061
0.00452280184776
0.00153882104982
0.00288051804905
0.00403915096461
0.00197509136128
0.00406308939935
0.00108027819167
0.00441344488573
0.00142751008877
0.00276766658563
0.00392873968037
0.00679708564457
0.00394639445838
0.000960761671251
0.00430527382657
0.00131739965864
0.00261127921795
0.00381939954795
0.00668454260501
0.0038308111624
0.000842373880358
0.00419384413821
0.00116532351498
0.00250085776533
0.00428056466006
0.00657309714277
0.00371634513064
0.00546125512232
0.00402965860779
0.00105763255509
0.00239166085736
0.00417338134483
0.00646275447412
0.0036030019654
0.00530068605148
0.00391108570008
0.000951160481096
0.0022836948181
0.00406728365641
0.00631072552404
0.00344864956108
0.00518572030507
0.00379367502498
0.00538041934362
0.00217696594321
0.00392222392114
0.00620260401442
0.00333756886272
0.00507190713632
0.00367743285891
0.00526212915546
0.00207148049849
0.00381831181986
0.00609560082932
0.00322762772553
0.0049592524625
0.00356236546041
0.00514502703811
0.00196724471835
0.00371549963515
0.00598972110316
0.00311883167337
0.00484776218061
0.00344847906885
0.00502911952737
0.00185446699109
0.00361379208501
0.00588496994745
0.00301118620779
0.00473744216615
0.00333577990318
0.00491441313964
0.00173819716288
0.00351319386333
0.00578135244975
0.00290469680689
0.00462829827193
0.00322427416054
0.00480091437054
0.00162314575072
0.00341370963901
0.0056788736727
0.0027993689242
0.00452033632684
0.00311396801499
0.00468862969351
0.00150931946633
0.00331534405506
0.00557753865302
0.00269520798756
0.0058774517446
0.00300486761614
0.00457756555832
0.00139672499855
0.00321810172767
0.00547735240042
0.002592219398
0.00577187108247
0.00289697908778
0.00446772838965
0.00128536901181
0.0034298266985
-0.00242923670364
-0.00112917274957
0.000136520833389
0.00126873212881
-0.0021793866609
-0.0035444056545
0.00328160863164
-0.00258419428276
-0.00128237158371
-8.97477694492e-06
0.00112278922199
-0.00231993608743
-0.00367714362735
0.00313462620463
-0.00273789836594
-0.00143425196677
-0.000153049470509
0.000963816994133
-0.00245892191223
-0.00380822059205
0.00298888933963
0.000595748672599
-0.0015848019582
-0.000295690531717
0.000806239904553
-0.00259632957916
-0.00393762151538
0.00284440797991
0.00044458465252
-0.00173400957931
-0.000442139853639
0.000650072216403
-0.00273214451923
-0.00406533137787
0.00270119208782
0.000294707271788
-0.00188205038375
-0.000590716488542
0.000495328257729
-0.0028791172993
-0.00221876882113
0.00255925164274
0.000146127646732
-0.00203711636679
-0.00073787377508
0.000342022418155
0.0013896958209
-0.00234305158901
0.00241859663898
-1.14307581484e-06
-0.00219085540906
-0.000883598580082
0.000190169145422
0.00123239878533
-0.00247134801275
0.00227923708358
-0.000147093720889
-0.00234325515985
-0.00103557591827
3.97829417913e-05
0.00107658374486
-0.0026046149914
0.00214118299415
-0.000291713087838
-0.00249430322432
-0.00118881927512
-0.000109121174042
0.000922266486892
-0.00275147449875
0.00200444439653
-0.000434989952849
-0.00264398716617
-0.00134065498558
-0.000256529533484
0.000769462868833
-0.00290865926296
0.00186903132251
0.00300639058117
-0.00279229451048
-0.00149106943736
-0.000402427028111
0.000618188813881
-0.00306430219861
0.00173495380737
0.00286583247109
0.000361474551595
-0.00164004897199
-0.000546798976502
0.000468460306598
-0.00321838624361
0.00160222188748
0.00272665064703
0.000215957967108
-0.00178757988823
-0.000689630662918
0.000320293388306
-0.00337089425792
0.00147084559779
0.00258885639873
7.18556072737e-05
-0.00193364844565
-0.00083090734178
0.000173704617951
-0.00352180902848
0.00134083496925
0.00245246102534
-7.08199284397e-05
-0.00208187903667
-0.000970614242315
2.87092044808e-05
-0.00367111327444
0.00121220002619
0.00231747583244
-0.000212056017438
-0.00223044087552
-0.00112139656767
-0.00011467620436
-0.00381878965257
0.00108495078367
0.00218391212897
-0.00035184001741
-0.00237753291506
-0.00127277234989
-0.000256435390033
-0.0039648207629
0.000959097244726
0.00205178122413
-0.000490159269837
-0.00252635993446
-0.00142262920708
-0.000396552103102
-0.00410918915466
0.000834649397609
0.00192109442412
-0.000627001103606
-0.00267503037826
-0.00157095162622
-0.00053501006897
0.000389333328024
0.00071161721294
0.00179186302892
-0.000762352838726
-0.0028222174484
-0.00171772404442
-0.000671792993821
0.000248342898395
-0.00837635468893
-0.0081926740198
-0.00793157529567
-0.00483660509993
-0.00471074691808
-0.0085440722039
-0.00842613752433
-0.00841693682955
-0.00823447588586
-0.00797238550161
-0.00487223706677
-0.00474754166499
-0.00858209712466
-0.00845164538131
-0.00436188458121
-0.00827559936949
-0.00801477488415
-0.00490714365041
-0.00478358804664
-0.00861934943846
-0.0084853322708
-0.00440114749282
-0.00831604382719
-0.00816990210791
-0.00494132422969
-0.00481888537963
-0.00865582839173
-0.0085230622123
-0.00443974991483
-0.00835580862524
-0.00821089257515
-0.00497477819568
-0.00485343299394
-0.00477493718311
-0.00857648976774
-0.00447769127596
-0.00839489313983
-0.00825118255558
-0.0050075049517
-0.00488723023303
-0.00480986721348
-0.00861261924054
-0.00451497101406
-0.00843329675709
-0.00829077137746
-0.0050467544476
-0.00492027645385
-0.00484402171108
-0.00864794729467
-0.00455158857617
-0.00847101887309
-0.00832965837992
-0.00810867169752
-0.00495257102694
-0.00487739998156
-0.00868247316241
-0.00458754341856
-0.00850805889394
-0.00836784291298
-0.00826495817554
-0.0049841133365
-0.00491000134556
-0.00871619609254
-0.00462283500676
-0.00854441623582
-0.00840532433764
-0.00830362602813
-0.00501490278039
-0.00494182513874
-0.00874911535041
-0.00465746281557
-0.00858009032503
-0.0084421020259
-0.00834156858806
-0.00504493877025
-0.00497287071189
-0.008781230218
-0.00469142632918
-0.0045814014554
-0.00847817536081
-0.00837878517858
-0.00508250801784
-0.00500313743098
-0.00881253999401
-0.00500649482342
-0.00461570735878
-0.00851354373657
-0.00841527513504
-0.00512018270931
-0.00503262467722
-0.00884304399394
-0.00503912823663
-0.00464932834945
-0.00854820655851
-0.00845103780501
-0.00528064530005
-0.00506133184713
-0.00503981923308
-0.00507109586353
-0.0046822638946
-0.0085821632432
-0.00848607254827
-0.00531681893235
-0.00508925835259
-0.00506870969491
-0.005102397226
-0.00471451347172
-0.00861541321846
-0.00852037873694
-0.00535224099255
-0.00511640362091
-0.00509679242867
-0.00513303185545
-0.00474607656868
-0.0086479559234
-0.00855395575546
-0.00538691080367
-0.00515216084502
-0.00512406681776
-0.00516299929285
-0.00506716397389
-0.00867979080852
-0.00858680300071
-0.00542082770232
-0.00518720858187
-0.00515053226273
-0.00519229908874
-0.00509735261581
-0.00871091733571
-0.00861891988202
-0.00545399103875
-0.00534906762263
-0.00517618818135
-0.00522093080332
-0.00512685330378
-0.00874133497829
-0.00865030582125
-0.00860067487988
-0.00538255860589
-0.00520103400866
-0.00524889400641
-0.00515566556754
-0.00480433548484
-0.00868096025281
-0.00863232919754
-0.00541527017561
-0.00522584509437
-0.00513767145342
-0.00743515715701
-0.006748456815
-0.00450208096437
-0.00841421903493
-0.00606652664564
-0.00323984411348
-0.00516781251298
-0.00965237782144
-0.00677947055987
-0.00453352286773
-0.00844608126063
-0.00609879941937
-0.00598746847829
-0.00519739739956
-0.00968239328833
-0.00680991236207
-0.00456438510186
-0.00847735623872
-0.00613047754991
-0.00643468042072
-0.00522642580495
-0.00971184433297
-0.00683978188601
-0.00459466731717
-0.0085080436055
-0.00616156065943
-0.00646614788928
-0.0052548974265
-0.00974073063941
-0.00686907880217
-0.00462436917038
-0.00853814300384
-0.00619204837689
-0.00649701276155
-0.00528281196719
-0.00976905189751
-0.00689780278707
-0.00465349032451
-0.00912309300398
-0.00622194033806
-0.00652727465972
-0.00531016913555
-0.00979680780297
-0.00692595352334
-0.00468203044894
-0.00915201542022
-0.00625123618551
-0.00655693321303
-0.00533696864578
-0.00982399805739
-0.00765378283036
-0.00470998921937
-0.00918034883602
-0.0062799355687
-0.00658598805784
-0.0053632102177
-0.00985062236821
-0.00768078614172
-0.00473736631791
-0.00920809292057
-0.00630803814395
-0.0066144388376
-0.00538889357677
-0.00549280911696
-0.00770721528905
-0.00476416143304
-0.00923524734976
-0.00633554357445
-0.00664228520294
-0.00625252728361
-0.00551830068653
-0.0077330699795
-0.00479037425963
-0.00926181180608
-0.00636245153032
-0.0066695268116
-0.00627709341607
-0.00554322547028
-0.00775834992641
-0.0072574889801
-0.00928778597873
-0.00638876168861
-0.00669616332856
-0.00630110054616
-0.00556758319933
-0.00778305484928
-0.00728253634
-0.00505264818151
-0.00641447373331
-0.00672219442595
-0.00632454842207
-0.00559137361076
-0.00780718447383
-0.00730700053465
-0.00507744088121
-0.00701021987273
-0.00674761978316
-0.00634743679774
-0.00561459644759
-0.00783073853201
-0.00733088128472
-0.00510164240506
-0.00703473477014
-0.0067724390868
-0.00636976543283
-0.00563725145886
-0.00785371676198
-0.00735417831738
-0.00512525246915
-0.00705865064784
-0.00679665203076
-0.00639153409277
-0.00565933839956
-0.00787611890817
-0.00808550677367
-0.00514827079631
-0.0070819672178
-0.0068202583162
-0.00641274254871
-0.00568085703073
-0.00789794472125
-0.00810763557908
-0.00517069711617
-0.00710468419905
-0.00684325765157
-0.0064333905776
-0.00655155142442
-0.00791919395818
-0.00812917988769
-0.00519253116514
-0.00712680131766
-0.00686564975265
-0.00645347796214
-0.00657193274366
-0.00793986638221
-0.00815013945279
-0.00521377268646
-0.00714831830678
-0.00688743434254
-0.00647300449085
-0.0065917450726
-0.00795996176288
-0.0081705140342
-0.00523442143017
-0.00716923490664
-0.00690861115171
