0.00440639065708
0.00244664082914
0.000438381272493
0.00310292363078
0.000955759666025
0.000768886215734
0.00324426628423
0.00438737560155
0.00242749374355
0.000419125731713
0.00308358447997
0.000936362756106
0.000749458106136
0.00324032220394
0.00436911580863
0.00240910712446
0.000400634931513
0.0030650133643
0.000917736157088
0.000730801536658
0.00323715302871
0.00321039129577
0.00239148132781
0.000382909233901
0.00304721065053
0.000899880238993
0.000712916879108
0.00323122378248
0.00319364305977
0.00237461669503
0.000365948986123
0.00303017669043
0.000882795356758
0.000695804490135
0.00321410764403
0.0031776510896
0.00235851355297
0.000349754520625
0.00301391182079
0.000866481850196
0.000679464711193
0.00319776428386
0.00316241569114
0.00234317221393
0.000334326155024
0.00299841636337
0.000850940043964
0.000663897868506
0.00318219402842
0.00314793715593
0.00232859297558
0.000319664192072
0.0029836906249
0.000836170247533
0.000649104273039
0.00316739718887
0.00313421576119
0.00231477612092
0.000305768919633
0.002969734897
0.000822172755151
0.000635084220466
0.00315337406108
0.00312125176976
0.00230172191833
0.00029264061065
0.00295654945619
0.000808947845821
0.000621837991136
0.00314012492559
0.00310904543008
0.00228943062146
0.000280279523118
0.00294413456383
0.00079649578327
0.000609365850054
0.00312765004756
0.00309759697617
0.00227790246925
0.000268685900064
0.00293249046615
0.000784816815922
-0.00138743298243
0.0031159496768
0.0030869066276
0.00226713768588
0.000257859969517
0.00292161739416
0.000773911176873
-0.00139835621354
0.00310502404768
0.0030769745895
0.00225713648079
0.000247801944488
0.00291151556366
0.000763779083872
-0.00140850465376
0.00309487337915
0.00306780105249
0.0022478990486
0.00023851202295
0.00290218517522
0.000754420739294
-0.00141787809971
0.0030854978747
0.00302940017905
0.00223942556917
0.000229990387819
0.00289362641416
0.000745836330122
-0.00142647636352
0.00307689772234
0.00299142925012
0.00223171620749
0.000222237206932
0.00288583945051
0.000738026027929
-0.00143429927278
0.00306907309458
0.00295420620686
0.00222477111374
0.000215252633037
0.00287882443903
0.000730989988862
-0.00144134667058
0.00306202414844
0.00291773175478
0.00221859042324
0.000209036803771
0.00287258151916
0.000724728353622
-0.00144761841555
0.0030557510254
0.00288200658606
0.00221317425644
0.00020358984165
0.00286711081503
0.000719241247453
-0.00145311438182
0.00305025385138
0.00284703137952
0.00220852271891
0.00019891185406
0.00286241243543
0.000714528780131
-0.0014578344591
0.00304553273677
0.00116068059463
-0.00141801134808
0.000318547508315
-0.000694290798818
0.00100935268164
0.00266876099518
-0.00268896108543
0.00115491858073
-0.00142391711816
0.000312497844429
-0.000692941277786
0.00100712919519
0.00266969534132
-0.00268065769972
0.00115000585361
-0.00142895242547
0.000307339838631
-0.00069237957436
0.00100584352522
0.00267159209768
-0.0026713676838
0.00114594253142
-0.00143311714277
0.00030307362768
-0.000690905403916
0.00100549570943
0.00267445120569
-0.00266739257577
0.00114272871193
-0.00143641116483
0.000299699324708
-0.000688516944885
0.00100608668933
0.00267827257709
-0.00266347212677
0.00114036447246
0.00275615259811
0.000297217019211
-0.000685214263821
0.00100761458498
0.00268305609394
-0.00265856459841
0.00113884986989
0.00275460019434
0.000295626777033
-0.000680997452737
0.00101008028292
0.00268880160861
-0.0026526701501
0.00113818494067
0.00275391866957
-0.00243001783616
-0.000675866629099
0.00101348371085
0.00269550894383
-0.00264578897325
0.00113836970081
0.00275410804104
-0.0024298238488
-0.000669821935803
0.00101782476902
0.00270317789272
-0.00263792129124
0.00113940414586
0.00275516830397
-0.00242873774257
-0.000662863541163
0.0010231033302
0.00271180821879
-0.00262906735941
0.00114128825092
0.00275709943155
-0.00242675954627
-0.000654991638882
0.00102931923973
0.0027063837287
-0.00261922746499
0.00114402103934
0.00275990137495
-0.00242388931238
-0.000646206448025
0.0010310379751
0.00269871886898
0.00128796115246
0.00114760430798
0.00276357406336
-0.00242012711703
-0.000636508212993
0.00102450552908
-0.000286352140428
0.00129977198297
0.0011475722142
0.00276811740396
-0.00241547306
-0.000625897203483
0.00101891037875
-0.000292093630817
0.00129822149447
0.00113587337364
0.00277353128192
-0.00240992726469
-0.000614373714457
0.00101425268805
-0.000296873156032
0.00129332114065
0.00112502304139
0.00277981556046
-0.00240348987813
-0.000601938066096
0.00101053259348
-0.000300690568585
0.00128940721294
0.00111502147826
0.00277594229005
-0.00239616107095
-0.000588590603757
0.00100775020408
-0.000303545750656
0.00128647983831
0.00110586892476
0.00276656533189
-0.00238794103734
-0.000584298846991
0.0010059056014
-0.000305438614108
0.00128453911176
0.00109756560107
0.00275805839035
-0.002378910578
-0.000585181898475
0.00100499883954
-0.000306369100508
0.00128358509627
0.00109011170698
0.00275042168031
-0.00238672979732
-0.000585836820264
0.00100502994507
-0.000306337181127
0.0012836178228
0.00108350742193
0.0027436553947
-0.00239365781334
-0.00059003265921
0.00100558174996
-0.000305342856951
0.00128463729029
-0.00378327507929
-0.0030942276315
-0.00271507709213
-0.00208033791598
-0.00155643020634
-0.00610158825367
-0.00554596716139
-0.00489109215418
-0.00438610428034
-0.00396417296552
-0.00344312651303
-0.00283140395671
-0.00231176623092
-0.00173883227385
-0.0062096422975
-0.00567664571326
-0.00513313520662
-0.00461313358257
-0.00405352386801
-0.00347337562806
-0.00280606612136
-0.00421810050684
-0.00352763697193
-0.00314654234404
-0.00250935245134
-0.0020282651083
-0.00157132763454
-0.00601229191175
-0.00535391282957
-0.00491033219919
-0.00448592089292
-0.00396184458978
-0.00333986060577
-0.00280455619583
-0.00223698644946
-0.00178728977585
-0.00624113279026
-0.00565990071447
-0.00514714485036
-0.00461002958413
-0.00403085199656
-0.00335959076449
-0.00475158079945
-0.00406035115993
-0.00355346978642
-0.00291394571332
-0.00247625393873
-0.00201692197588
-0.0014553931216
-0.00579325308392
-0.00540492509294
-0.00497811556168
-0.00445110984432
-0.00382569423041
-0.00328172106018
-0.00280303337655
-0.00235054752064
-0.00180104517434
-0.00617539357984
-0.00565975960808
-0.00515000194277
-0.00456745905916
-0.00389234973478
-0.00513664656062
-0.00444413818795
-0.0039077790157
-0.00341791666442
-0.00302419114644
-0.00256257102688
-0.00187410511439
-0.00120915395205
-0.0058763662637
-0.00544724546344
-0.00491741705383
-0.00428869553144
-0.00373087749969
-0.00334047742722
-0.00288527805712
-0.00233251712431
-0.00168397593118
-0.00616615407864
-0.00567516657334
-0.00508935441191
-0.00440398652551
-0.00549629958156
-0.00480258616779
-0.00426457319686
-0.00379735390851
-0.0034233645295
-0.00295956814077
-0.00239264725116
-0.00177746512927
-0.00144884866093
-0.00601040353443
-0.00536039768284
-0.00472850320978
-0.00424002698513
-0.00385579655434
-0.00339796471608
-0.00284204314492
-0.00218984311527
-0.00166614814454
-0.00617211788546
-0.00558313868324
-0.00490067216379
-0.000873023767606
-0.00513536546806
-0.00459580437866
-0.00417319473641
-0.00379759606321
-0.00333174071923
-0.00276233370182
-0.00220310528129
-0.00187285779651
-0.0014393959024
-0.00589716200808
-0.00531616467106
-0.00484396231082
-0.00434860277096
-0.00388822490452
-0.00332924706412
-0.0026735098118
-0.00214364578413
-0.00164737787439
-0.00605498327409
-0.00538800063197
-0.00113882313807
-0.000857361680673
-0.00527655562575
-0.00489905273689
-0.00414655033204
-0.00367875861105
-0.00310701384214
-0.00260441051266
-0.00227261039161
-0.00183712878886
-0.00129953468248
-0.00578209102594
-0.00530736894183
-0.00493598422682
-0.004473152158
-0.00391122882502
-0.00325208330122
-0.00259865105819
-0.00209988546989
-0.00150490372091
-0.00591457582024
-0.0014203167472
-0.00113788995775
-0.00058719263254
-0.00522382560844
-0.00484536438289
-0.0043757630002
-0.00380183490752
-0.00298103472644
-0.00264776414643
-0.00221036996701
-0.00167044160517
-0.00123159023154
-0.00574734556823
-0.00538263556832
-0.00491744647494
-0.00435269478984
-0.00369027722827
-0.00314828854669
-0.00264712730472
-0.00204932235238
-0.00153731544718
-0.00167518336598
-0.0013918768374
-0.000839972593189
-0.000554033123757
-0.00514282808256
-0.00467155045484
-0.00409559924082
-0.00370810143179
-0.00337344625743
-0.00293425232258
-0.00240248214059
-0.00165008870604
-0.00117857904083
-0.00580566548073
-0.00533822183177
-0.00477076522311
-0.00410521904893
-0.00355729041017
-0.00305384070869
-0.00245333933649
-0.00202020834345
-0.00259694552673
-0.00161907446483
-0.00108430270187
-0.000826525522237
-0.000444652271875
-0.00494130007504
-0.00436349140066
-0.00403438780916
-0.00369843745946
-0.00325755931261
-0.0027984785699
-0.00241979633681
-0.00195479228122
-0.00158728749494
-0.00609043424408
-0.00516510462006
-0.00449658032115
-0.00394280381123
-0.00343717791159
-0.00283411281095
-0.00248072511892
-0.00279783074215
-0.00251303142641
-0.00202612600691
-0.00175184299596
-0.00138473792635
-0.000215293763116
-0.0046052620768
-0.0043350518885
-0.00399789918066
-0.0035554576786
-0.0031697984034
-0.00278946611409
-0.00233115959052
-0.00196204729318
-0.00149042263067
-0.00589068831682
-0.00521934327626
-0.00465981886961
-0.00379683627131
-0.00319134588784
-0.00291852116059
-0.0029714101121
-0.00268600214342
-0.00224598610551
-0.00197100783332
-0.00160292313096
-0.00112745592539
-0.000566930857665
-0.00526608790139
-0.00492782887166
-0.00382767766759
-0.00351611629465
-0.0031342320681
-0.00268281344923
-0.00231218646238
-0.00183864536242
-0.00126387559596
-0.00556261116756
-0.00499744669085
-0.00448782477237
-0.00395197188796
-0.00368855996675
-0.00311750763362
-0.00283158536022
-0.00243876419995
-0.00216317322862
-0.00179422527454
-0.00131765440707
-0.000816232992178
-0.000584190857332
-0.00517543101966
-0.00477113347287
-0.00449339498383
-0.00411006091512
-0.00300944712133
-0.00263740206084
-0.00216206697369
-0.00158514618354
-0.000908658314828
-0.00531070665552
-0.00479927429142
-0.00434449845927
-0.00407992346531
-0.00425117050875
-0.0039327253291
-0.00260426726988
-0.00232814797514
-0.00195845568664
-0.00148093325606
-0.00103907360703
-0.000806407923052
-0.000466237135551
-0.00506752109667
-0.00478880115507
-0.00440412313421
-0.00396704248597
-0.00359367959752
-0.00311667752416
-0.00253775825247
-0.00120268953959
-0.000626599403145
-0.00508622483142
-0.00471327640816
-0.00444759932716
0.000389435259528
-0.00395734935776
-0.00372726322874
-0.00345088597056
-0.00308057047753
-0.00260225045144
-0.0012352382698
-0.00100202090478
-0.000661049093847
-0.000407450774886
-0.00505833478679
-0.00467242229183
-0.00424278582065
-0.00386820879116
-0.00338967104556
-0.0028089109465
-0.00212798659138
-0.00154662604395
-0.00103196979538
-0.005679420713
-0.00479129127556
0.000206984472081
0.00072106503339
-0.00383774139344
-0.00356100906626
-0.0031901933695
-0.00271123394553
-0.00238965485703
-0.00215595926437
-0.00181429404514
-0.00163679962556
-0.000371239387515
-0.00491471078164
-0.00449269707073
-0.00411701281639
-0.00363707475868
-0.00305463628042
-0.00237177288834
-0.00178528003442
-0.00126921835989
-0.0010619401117
-0.00573213168893
5.22155793481e-05
0.000566965106251
0.000939556117315
-0.00364352471301
-0.00327233332725
-0.00279289368706
-0.00253192021655
-0.00229782124029
-0.00202781213503
-0.00185459141992
-0.00157341607253
-0.00118537623178
-0.00564746763353
-0.00527078606512
-0.00385866470062
-0.0032747147344
-0.00259010532559
-0.00199862535834
-0.00152381713087
-0.00135774002001
-0.0010891476778
-0.00141250713664
-0.00089994888334
-0.000455983483911
-0.00017813176614
-0.00332690714313
-0.0028471479159
-0.00264701232965
-0.00241258599868
-0.00221935876664
-0.00204573670768
-0.00176391346357
-0.0013749866721
-0.000968736168221
-0.00546747807799
-0.00498516015907
-0.00439986965681
-0.00371371187591
-0.00218647469967
-0.00179528500452
-0.00162868988373
-0.00135926395465
-0.00151145803058
-0.000998469373869
-0.000539008481559
-0.00020520757741
0.000166358375908
-0.00413898459222
-0.00399985921592
-0.0025001400673
-0.00238401884904
-0.00221005029315
-0.00192766771254
-0.00153797524615
-0.00113985474884
-0.000761518961474
-0.00515453614833
-0.00456807971092
-0.00388057535689
-0.00327958370074
-0.00297254705052
-0.0028054790666
-0.00253529223522
-0.00158232947847
-0.00106903190281
-0.000609168790428
-0.000204507525673
0.000167055230744
0.00059954803398
-0.00406028821174
-0.00385164684463
-0.00378667233017
-0.00361241313365
-0.00332956139737
-0.00167418520267
-0.00128435243868
-0.000905364375097
-0.000421248716919
-0.00471011229878
-0.00402146682454
-0.0034159632598
-0.00319354412716
-0.00302604963921
-0.00275517653157
-0.00324297279537
-0.00111156258514
-0.00065145670028
-0.000176032330906
0.000147549951817
0.000564727839207
0.000691977148093
-0.00396216210933
-0.00389710011583
-0.00372260698995
-0.00343937765147
-0.0030485261294
-0.0026671322588
-0.00228761105197
-0.00180282134938
5.04723069879e-05
-0.00413625782122
-0.00352641280273
-0.00338900343177
-0.0032211299083
-0.0029496469269
0.00503674312146
0.0031665103852
0.00123472397829
0.00409782331089
0.00201482167123
0.00143040842308
-0.000537826412169
0.00502317596305
0.00315281112968
0.00122090661229
0.00408390305151
0.00200081485522
0.00141633236421
-0.000551953594795
0.00501034115976
0.0031398513326
0.00120783505524
0.00407073413291
0.0019875640331
0.00140301602136
-0.000565318313409
0.00431070588332
0.00312763123067
0.00119550955003
0.00405831680343
0.00197506945789
0.00139045965131
-0.000577920308423
0.0042993364671
0.00311615104721
0.00118393032581
0.00404665129736
0.00196333136828
0.00137866349629
0.0041219943538
0.00428870005674
0.00310541099209
0.00117309759792
0.00403573783489
0.00195234998858
0.00136762778398
0.0041109185259
0.00427879684302
0.00309541126172
0.0011630115679
0.0040255766221
0.00194212552874
0.00135735272744
0.00410060611204
0.00426962700363
0.00308615203903
0.00115367242344
0.00401616785092
0.00193265818429
0.00134783852512
0.00409105731283
0.00426119070317
0.00307763349348
0.00114508033843
0.00400751169912
0.00192394813636
0.00133908536084
0.00408227231412
0.00425349181838
0.00306985578099
0.00113723547287
0.00399960833033
0.00191599555163
0.00133109340378
0.00407425128691
0.00424652303701
0.00306281904398
0.00113013797289
0.00399245789397
0.00190880058232
0.00132386280844
0.00406699438742
0.00424028820954
0.00305652341133
0.00112378797072
0.00398606052525
0.00190236336621
-0.000223030587589
0.00406050175697
0.00423478744798
0.00305096899835
0.00111818558471
0.00398041634518
0.00189668402657
-0.000228738054741
0.00405477352207
0.00423002085119
0.00304615963212
0.00111333091929
0.00397552546055
0.0018917626722
-0.000233683784821
0.00404980979434
0.00422598850482
0.00304208795025
0.00110922406497
0.0039713879639
0.00188759939738
-0.000237867682135
0.00404561067053
0.00422269048137
0.00303875775265
0.00110586509832
0.00396800393355
0.00188419428188
-0.000241289665714
0.00404217623248
0.00422012684014
0.00303616910038
0.00110325780728
0.00396537343353
0.00188154739097
-0.000243949669329
0.00403950654716
0.0042182976272
0.00303432204089
0.00110139478995
0.00396349651364
0.00187965877538
-0.000245847641491
0.00403760166662
0.00421720287546
0.00303321660804
0.00110027980637
0.00396237320942
0.0018785284713
-0.000246983545458
0.00403646162799
0.00421684260459
0.0030328528221
0.00109991287735
0.00396200726742
0.0018781565004
-0.000247357359241
0.00403608645352
0.00421721682108
0.00303323068973
0.00110029400973
0.00396239124406
0.00187854286982
-0.000246969075602
0.00403647615052
-0.000721999609138
0.000827643304392
-0.000173469620086
0.00131791892105
-0.00130875211296
0.000394525000359
-0.000532904532962
-0.00074235537746
0.000817879261118
-0.000179990906347
0.00131121726936
-0.00131563606884
0.000387458051106
-0.000532344509053
-0.00076187884939
0.000797818971067
-0.00018562958787
0.00130542261406
-0.00132158837609
0.000381347494228
-0.00053080272675
-0.000780569571959
0.000778614137599
-0.000190385518163
0.00130053511414
-0.00132660886241
0.000376193516144
-0.000528279235586
-0.000798427111209
0.000760265231372
-0.000194258573644
0.00129655490372
0.00287288759408
-0.00235285427616
-0.000524867711113
-0.000815451052246
0.000742772702391
-0.000197248653653
0.00129348209204
0.00286973115878
-0.002356094654
-0.000528191654359
-0.000831640999286
0.000726136979951
-0.00020435015709
0.00129131676347
0.00286750689962
-0.00235837806875
-0.000530533959191
-0.000846996575703
0.000710358472587
-0.000220559189185
0.00129005897744
0.00286621488104
-0.00235970445069
-0.000531894550363
-0.000861517424071
0.000695437568023
-0.000235887342706
0.00128970876849
0.00286585514047
-0.00236007375933
-0.000532273384164
-0.00087520506885
0.000681374633122
-0.000250334219976
0.00129026614624
0.00286642768832
-0.00235948598339
-0.000536268083658
-0.000888055465846
0.000668170013846
-0.000263899445964
0.00129173109538
0.00286793250801
-0.00236094315643
-0.000539754831514
-0.000900070178119
0.000655824035211
-0.000276582668331
0.00128745218928
0.00286888692942
-0.0023633849897
-0.000542259827475
-0.000911248925438
0.000644336069922
-0.000288383557477
0.00127533344023
0.00286744073776
-0.00236486974555
-0.000543782991048
-0.000921591446955
0.00063370826363
-0.000299301806585
0.00126412103705
0.00286692680937
-0.00236539737865
-0.000544324273286
-0.000931097501239
0.000623939946962
-0.000309338994305
0.00125381528728
0.00286734515916
-0.00236496787289
-0.000543883656793
-0.000939766866305
0.000615031360774
-0.000318491134207
0.00124441647374
0.002868695775
-0.00236358124138
-0.00054246115573
-0.000947599339636
0.000606982724805
-0.000326759850692
0.00123592485444
0.00287097861776
-0.00236123752646
-0.00054005681581
-0.000954594738208
0.000599794237644
-0.000334144928437
0.00122833879994
0.0028737870975
-0.00235793679969
-0.000536670714291
-0.000960752898514
0.000593466076712
-0.000340646175072
0.00122166224387
0.00286757920496
-0.00235569389426
-0.000545699945682
-0.000966073676579
0.000587998398233
-0.000346263421202
0.00121589350705
0.0028623032428
-0.00236111003479
-0.00055920766106
-0.000970556947981
0.000583391337222
-0.000350996520431
0.00121103274806
0.00285795936383
-0.00236556933934
-0.000571735167297
-0.00469848989611
-0.00625933350837
-0.00285275420153
-0.00434741133239
-0.00600530853393
-0.00261987312533
-0.00414972380645
-0.00475718512902
-0.00631060055246
-0.00291122762207
-0.00440956936143
-0.00606543613761
-0.0026740741357
-0.00420472755556
-0.00481530159314
-0.00636321294942
-0.00297174888817
-0.00447093004316
-0.00612474980072
-0.00272744417864
-0.00425888885995
-0.0048726489478
-0.00642135945224
-0.00303148145741
-0.00453149201813
-0.00618325188933
-0.00277998198364
-0.00431220639309
-0.00492922601757
-0.00147872306853
-0.00309042403802
-0.00459125394158
-0.00624093919727
-0.0028316862975
-0.00436467884635
-0.00498503164045
-0.00153530795266
-0.00314857535254
-0.00465021448351
-0.0062978103968
-0.00288255402178
-0.00441630492924
-0.00504006466802
-0.00159111022643
-0.00320593413796
-0.0047083723289
-0.00635386417617
-0.00293258766355
-0.0044755460616
-0.0050943239655
-0.00164612870795
-0.00326249914585
-0.00476572617779
-0.00640909923969
-0.00298422973903
-0.00453887621921
-0.00514780841189
-0.00170036222964
-0.00331826914248
-0.00482227474546
-0.00646351430796
-0.00303946531071
-0.00460136884099
-0.00520051690009
-0.00175380963828
-0.00337324290897
-0.00487801676253
-0.0015171128863
-0.00309386808297
-0.0046630261287
-0.00525244833699
-0.00180646979518
-0.00342741924139
-0.00493295097511
-0.00156988419146
-0.0031474367533
-0.00472384471293
-0.00530360164359
-0.00185834157625
-0.0034807969509
-0.00498707614497
-0.00162183176196
-0.00320017003652
-0.00478382310389
-0.0053539757551
-0.00191900342341
-0.00353337486387
-0.00504039104959
-0.00167499058387
-0.0032520666649
-0.00484295982891
-0.00540356962106
-0.00198115724155
-0.00358515182203
-0.00509289448238
-0.00173525023147
-0.00330312538831
-0.00490125343261
-0.00545238220541
-0.00204253123738
-0.00363612668254
-0.00514458525276
-0.00179469280471
-0.00335949901688
-0.00495870247708
-0.00550899847985
-0.00210312411031
-0.00368629831814
-0.00521017466261
-0.0018533169244
-0.0034152324043
-0.00501530554203
-0.00557053414325
-0.00216293457344
-0.00373566561728
-0.00527542644806
-0.00191112122729
-0.00347013051118
-0.00507106122497
-0.00563129913847
-0.00222196135374
-0.00378422748423
-0.00533987809896
-0.00196810436624
-0.00352419201446
-0.00512596814138
-0.005691292209
-0.00228020319213
-0.00383198283918
-0.00540352817074
-0.00202426501034
-0.00357741560852
-0.00518002492488
-0.00575051211161
-0.00233765884363
-0.0038789306184
-0.00546637523336
-0.0020796018451
-0.00362980000529
-0.00523323022734
-0.00580895761647
-0.00239432707749
-0.00392506977428
-0.00552841787149
-0.00213411357255
-0.00368134393448
-0.00528558271913
-0.00154676070286
-0.00566516305971
-0.00377081277107
-0.00192782781196
-0.00512590598391
-0.00342538305748
-0.0018889006087
-0.00160232588235
-0.00572034363944
-0.00382553221687
-0.00198201552407
-0.00517949787587
-0.00347832193575
-0.00194113636085
-0.00165709144855
-0.0057747297597
-0.00387946339309
-0.00203542211818
-0.00523231668107
-0.00353049655066
-0.00199261737472
-0.00171105619221
-0.00582832023564
-0.00393260514369
-0.00208804647095
-0.00528436131206
-0.00358190585328
-0.00204334264182
-0.00176421891937
-0.00588111389741
-0.00398495632734
-0.00213988747336
-0.00533563069533
-0.00363254880815
-0.00209331116667
-0.00181657845147
-0.00593310959033
-0.00403651581755
-0.00219094403088
-0.00538612377144
-0.00368242439343
-0.00214252196698
-0.00186813362553
-0.00598430617498
-0.00408728250276
-0.0022412150635
-0.00543583949509
-0.00373153160099
-0.00219097407364
-0.00191888329422
-0.00603470252734
-0.00413725528648
-0.00229069950595
-0.00548477683522
-0.0037798694365
-0.0022386665309
-0.0019807574995
-0.00609572393556
-0.00418643308738
-0.00233939630769
-0.00553293477516
-0.00382743691954
-0.00228559839643
-0.00202989277876
-0.00614451651342
-0.00424633809364
-0.00238730443311
-0.00558031231269
-0.00387423308369
-0.00233176874138
-0.00207821920592
-0.00619250558044
-0.00429392274618
-0.00244602341558
-0.00563807315519
-0.0039202569766
-0.00238545804603
-0.00212573569756
-0.00623969007532
-0.00434070926408
-0.0024923511416
-0.00568388693961
-0.00397670122615
-0.00244200996168
-0.00217244118651
-0.00628606895276
-0.00438669662781
-0.00253788717484
-0.00572891740274
-0.00402117777644
-0.0025090014717
-0.00221833462201
-0.00633164118351
-0.00443188383357
-0.00258263054033
-0.00577316360122
-0.00406641552356
-0.00256404434725
-0.00226341496978
-0.00637640575453
-0.00447626989338
-0.00262658027846
-0.00581662460662
-0.00412142073461
-0.00261833107032
-0.00230768121217
-0.00642036166908
-0.0045198538352
-0.00266973544517
-0.00585929950557
-0.00417565937779
-0.00267186056972
-0.00235113234825
-0.00646350794682
-0.00456263470302
-0.002712095112
-0.00590118739986
-0.0042291303532
-0.00272463178724
-0.00239376739391
-0.00650584362394
-0.00460461155697
-0.00275365836619
-0.00594912480388
-0.00428183257449
-0.0027766436777
-0.00243558538201
-0.00654736775323
-0.00464578347341
-0.00279442431079
-0.00600168703509
-0.00433376496889
-0.0028278952091
-0.00247658536243
-0.00658807940423
-0.00468614954504
-0.00283439206475
-0.00605346960624
-0.00438492647737
-0.00287838536269
-0.00251676640224
-0.00662797766328
-0.00472570888101
-0.002873560763
-0.00610447143435
-0.00443531605471
-0.00292811313309
