0.00360814843491
0.00214291700816
0.000568782339795
0.00367212726506
0.00235649618077
0.000534095293816
0.00336134735481
0.00363995403367
0.00217524481384
0.000628227743903
0.00373261649672
0.0024179247692
0.000559139925251
0.00338671531679
0.00367274323144
0.00220857197408
0.000688660161438
0.0037941085827
0.002480370401
0.000585254051689
0.00341316637073
0.00370651495919
0.0022428973668
0.000750077551208
0.00385660137576
0.00254383083058
0.000612436670816
0.00344069947523
0.00374126811748
0.0022782198381
0.000812477844515
0.00392009269998
0.00259117738413
0.000640686740631
0.00346931354769
0.00377700157661
0.00231453820238
0.000861412841119
0.00398458035114
0.00262005487287
0.000670003179655
0.00349900746455
0.00381371417685
0.00235185124259
0.000873693043662
0.00405006209707
0.00264998197755
0.000700384867125
0.00352978006148
0.00385140472858
0.00239015771042
0.000886996559505
0.00411653567799
0.00268095758928
0.000731830643215
0.00356163013364
0.00389007201249
0.00242945632648
0.000901322923577
0.00452234350322
0.00271298056197
0.000764339309245
0.00359455643587
0.0039297147798
0.00246974578053
0.000916671635369
0.00453793576057
0.00274604971254
0.000797909627914
0.00362855768297
0.00397033175241
0.0025110247317
0.000933042159014
0.00455456594733
0.00278016382111
0.000832540323527
0.00366363254991
0.00401192162314
0.00255329180869
0.000950433923385
0.00457223346482
0.00281532163126
0.000868230082236
0.00369977967212
0.00405448305591
0.00259654560999
0.000968846322192
0.00459093767753
0.00285152185022
0.000904977552283
0.00373699764573
0.00409558933472
0.00264078470412
0.000988278714089
0.0046106779132
0.00288876314914
0.00094278134425
0.00377528502782
0.00413600852426
0.00267946432136
0.00100873042278
0.00463145346298
0.0029270441633
0.000981640031321
0.00381464033674
0.00417739901848
0.00270056059952
0.00103020073715
0.00465326358155
0.00296636349235
0.00102155214954
0.00385506205236
0.0042197594923
0.00272265719598
0.00105268891136
0.00467610748724
0.0030067197006
0.00106251619808
0.00389654861634
0.0042630885921
0.00274575337027
0.00107619416501
0.00469998436215
0.00304811131723
0.00110453063953
0.00393909843246
0.00430525866604
0.00276984834916
0.00110071568326
0.00472489335235
0.00308405359344
0.00114759390016
0.00398270986691
0.0043365864006
0.00279494132687
0.00112625261694
0.00475083356799
0.00310037189622
0.00119170437021
0.00402738124858
0.00436889055445
0.00282103146515
0.00115280408275
0.00477780408345
0.00311774071233
0.0012368604042
0.00407311086937
0.00134977695019
0.00266388823135
-0.000381280277446
0.00114636545096
0.000104283614247
0.00161130341296
0.00322912281639
0.0013788999069
0.00269440696877
-0.000349294493396
0.0011798788826
0.00013936751472
0.00159338980296
0.00324559180742
0.00140930372706
0.00272626662065
-0.000315904880127
0.0012148614262
0.000124785013993
0.00157710667884
0.00324352390937
0.00339148540328
0.00275946525849
-0.000281113655023
0.00125131053478
0.000110829449376
0.00156245548908
0.00322816732524
0.00342444584967
0.00279400087668
-0.000244923123582
0.00128922356084
9.84298684523e-05
0.00154943753845
0.00321452227537
0.00345868192437
0.00282987139309
-0.000207335678668
0.0013285977573
8.75872742485e-05
0.00153805398744
0.00320259009588
0.00349419174866
0.00286707464967
-0.000168353799733
0.0013429682967
7.83025445499e-05
0.00152830585173
0.00319237195636
0.00353097337783
0.00290560841311
-0.000127980052019
0.00133561551551
7.05764315462e-05
0.00152019400179
0.00318386885921
0.00356902480169
0.00294547037551
-8.62170857341e-05
0.00132974670011
6.4409561527e-05
0.0015137191624
0.00317708163919
0.00360834394511
0.00298665815499
-4.30676352005e-05
0.0013253622816
5.98024346283e-05
0.00150888191241
0.00317201096298
0.00364892866856
0.00302916929645
-2.48404745863e-06
0.00132246258214
5.67554246297e-05
0.00150568268444
-0.00102356318389
0.00369077676871
0.00307300127228
-3.83017187258e-06
0.00132104781483
5.52687788032e-05
0.0015041217647
-0.00102519944617
0.00373388597897
0.00311815148302
-3.76331245532e-06
0.00132111808369
5.53426178123e-05
0.00150419929286
-0.00102511817577
0.00377825397013
0.00316461725822
-2.2834736563e-06
0.00132267338353
5.69769356637e-05
0.00150591526197
-0.00102331938068
0.00382387835095
0.0032123958571
6.0924604621e-07
0.00132571360004
6.01715997093e-05
0.00150926951851
-0.00101980556607
0.00387075666878
0.00323295352239
4.91465417798e-06
0.00133023850977
6.49263506999e-05
0.0015142617624
-0.00101457242096
0.00391888641022
-0.00125769079901
1.06324643328e-05
0.00133624778026
7.1240802891e-05
0.00152089154717
-0.00100762278792
0.00396826500175
-0.0012509047405
1.77622962678e-05
0.00134374097011
7.91144441985e-05
0.00152915595184
-0.000998957349551
0.0040188898104
-0.00124277509956
2.63036760294e-05
0.00135271752919
8.85466364067e-05
0.00153905889444
-0.000988576956507
0.00404367793086
-0.00123330236556
3.62560361115e-05
0.00136317679882
9.95356841037e-05
0.00155059716244
-0.000976482627028
0.00404095787164
-0.00122248710842
4.7618715643e-05
0.00137511801199
0.000112082560281
0.00156376972644
-0.000962675546471
-0.00591056540682
-0.00150178803659
-0.00203775476103
-0.00271611783906
-0.0032835812031
-0.0038220222904
-0.00430019745218
-0.00485861009668
-0.00548069388714
-0.00599668078572
-0.00156328515936
-0.00199725467035
-0.00262692877953
-0.00318325417758
-0.00360342375599
-0.00427200163916
-0.00483101991714
-0.00542378173811
-0.00591718718317
-0.00129551898084
-0.00170141093873
-0.0013504202564
-0.00194533889558
-0.00258795259723
-0.00327170681404
-0.00383109305151
-0.00435150595521
-0.00490244079234
-0.00542774689597
-0.00603821819563
-0.00153487798854
-0.00206415665982
-0.00251070905732
-0.00320586058417
-0.00376723740018
-0.00419128266025
-0.00474426115044
-0.00538122979283
-0.00597929272789
-0.00143566604652
-0.00178114184222
-0.0021888973664
-0.00176120725587
-0.00235961003243
-0.00311008185855
-0.00379903242948
-0.00436274771293
-0.00485186729521
-0.00547651938538
-0.0060063606096
-0.00156632984381
-0.00206699322551
-0.00255744862204
-0.00312499903672
-0.00375474450651
-0.00432099823983
-0.00474878546126
-0.00529679588991
-0.00589982013767
-0.00150297228074
-0.00196328853237
-0.00228768519286
-0.00264285809849
-0.00214240695002
-0.00278726873673
-0.00360350439247
-0.00429743910599
-0.00486530833477
-0.00535756730449
-0.00602170729596
-0.00155593167435
-0.00206430704013
-0.00256881004863
-0.00316330645907
-0.00373624928369
-0.00432025922029
-0.00485573436682
-0.00529779499128
-0.00591940675919
-0.00139988893721
-0.00199398423493
-0.00245806474977
-0.00285191485374
-0.00326640630648
-0.00276014433352
-0.00324589349986
-0.00406759923833
-0.0047662903184
-0.00533812365967
-0.00586800157567
-0.00153728539823
-0.00207571478181
-0.00253146545187
-0.00303962084488
-0.00373962600806
-0.00431779474164
-0.00487703195571
-0.00540186778913
-0.00589808471058
-0.00151147858658
-0.00199665761651
-0.00254156796687
-0.00308328584341
-0.00348749213311
-0.00373084666801
-0.00346089726364
-0.00387791814954
-0.00465493665229
-0.00531559268951
-0.00584764594563
-0.00134835959527
-0.00202254840437
-0.00256500139032
-0.00302084225728
-0.00356679707158
-0.00428559937086
-0.00486880981984
-0.00540255740855
-0.00591630247072
-0.00149931923154
-0.00207210403236
-0.00256182096063
-0.00313601557101
-0.00368320820783
-0.00409146069988
-0.00438065938576
-0.00413591626718
-0.00456865222306
-0.00527448451498
-0.00594128984648
-0.00147839001206
-0.00188259023607
-0.00247682246838
-0.00303481215494
-0.00366343352114
-0.00415606399637
-0.00480043566243
-0.00538847820095
-0.00589603211936
-0.00143426633439
-0.00206928986305
-0.00260040875809
-0.0030944769166
-0.00369819967162
-0.00425067321046
-0.00469013975883
-0.00501984131926
-0.00478443175806
-0.00524389472079
-0.00586602035373
-0.0015388100503
-0.0020808108826
-0.00248875458586
-0.00292322864759
-0.00364230164302
-0.00427696293671
-0.00477441174496
-0.00528335814119
-0.00587600875996
-0.00139520606529
-0.00196644317062
-0.00260710893488
-0.00310298771789
-0.00359374364025
-0.00422718647975
-0.00479581034519
-0.00529344357625
-0.00562664182553
-0.0054056752047
-0.00589219727709
-0.00142879655736
-0.00210737124088
-0.00265412408289
-0.00306569553995
-0.00358872964663
-0.00422005977965
-0.00486057463158
-0.00536269546528
-0.00580322442208
-0.00147549948308
-0.00200630141261
-0.00246584805914
-0.0031119029465
-0.00361203230145
-0.00405876724987
-0.00472206417339
-0.0053609470655
-0.00586344311886
-0.00624477784709
-0.00599888228876
-0.00151277062779
-0.00200039586463
-0.00265289180402
-0.00319755104648
-0.00362220612132
-0.00422566430794
-0.0048125235947
-0.00541342492352
-0.00592111247779
-0.00139629523258
-0.00205017463254
-0.00258606574505
-0.0029754030296
-0.00358282302991
-0.00408698423918
-0.00448872048544
-0.00524192421442
-0.00589196845061
-0.00644076079588
-0.00184864179477
-0.00156329921467
-0.00210481568563
-0.00261040953867
-0.00321174815104
-0.00373652189074
-0.00422390951806
-0.00483315787078
-0.00538835397903
-0.00594781947876
-0.00150618932054
-0.0019859613277
-0.00259279584543
-0.00313358490937
-0.00352653675251
-0.00401905086629
-0.0045270055988
-0.00500705707659
-0.00574210840152
-0.00642625741434
-0.00200620351243
-0.00241736153652
-0.00209817471932
-0.00266755579028
-0.00319121554566
-0.00374268778842
-0.00426936452941
-0.0047954950947
-0.00541035371673
-0.00593301850308
-0.00149748378581
-0.00205968993915
-0.00254389092333
-0.003102484637
-0.00364795702329
-0.00411781330399
-0.004660547597
-0.00505154675165
-0.00561637255353
-0.00635940110413
-0.00195024873261
-0.00253561183283
-0.00295075924836
-0.00260278320781
-0.00320022152221
-0.00374201567534
-0.0042982937913
-0.00477085888308
-0.00533613583591
-0.005956395555
-0.00144568592686
-0.00201493053609
-0.00258074417739
-0.00306919019714
-0.00357838637673
-0.00412830580377
-0.00473617725575
-0.00528477694638
-0.0056800714929
-0.00619231263786
-0.00194304814554
-0.00254006300802
-0.00301778116404
-0.00344778944075
-0.00309098077486
-0.00370205958063
-0.00426202587316
-0.00482291906679
-0.00524414425839
-0.00584501577683
-0.00147045192767
-0.00195353040837
-0.00249933108156
-0.00306849862719
-0.00356098668085
-0.00411299105622
-0.0047224587977
-0.0053218685888
-0.00587614245839
-0.00627559453855
-0.0017338480084
-0.00249196887279
-0.00309500699834
-0.00353776290014
-0.00390744047035
-0.00370367216292
-0.004234792289
-0.0048422438573
-0.00531577949124
-0.00574036609434
-0.0014232742137
-0.00199966093436
-0.00243864943112
-0.00294987899041
-0.00352212710262
-0.00401843515071
-0.00471078187781
-0.00532662170777
-0.00587387348299
-0.00643360422054
-0.00183706141807
-0.00223995751395
-0.00300511880596
-0.00361390113551
-0.00406095601564
-0.00435327639998
-0.00428670129754
-0.00479303515917
-0.00540594764567
-0.00587874552057
-0.00128276647665
-0.00200641311147
-0.00258840974454
-0.00305458784815
-0.00346245077142
-0.00406332704666
-0.00462184981002
-0.0052754890981
-0.0058974726508
-0.00639119769652
-0.00195614431214
-0.00236342018338
-0.00286409873078
-0.00348148038249
-0.00409569081646
-0.00454681302641
-0.00484172777182
-0.0048392401931
-0.00534419255357
-0.00593825644047
-0.00141517900937
-0.00182745656635
-0.00255768043096
-0.00314508221096
-0.00366081216278
-0.0040729068306
-0.00469390127607
-0.00525857642038
-0.00580612410733
-0.00643399409389
-0.00190685163531
-0.00244276252665
-0.00286118298225
-0.0035189382888
-0.00410133544414
-0.00461275870244
-0.0049942993776
-0.00529164641606
-0.00539554719326
-0.00591601538002
-0.00143835394116
-0.00191920854036
-0.00233967134379
-0.00307618915977
-0.00366876778918
-0.00423471853925
-0.00465090136773
-0.00529208662659
-0.00586272537932
-0.00630172174825
-0.0019351963627
-0.0024123510843
-0.0028925015185
-0.00347432613981
-0.00413963891909
-0.00470655639747
-0.00522390026634
-0.00557280565361
-0.00576093711607
-0.00593129187607
-0.00645632773668
-0.00190543295926
-0.00239002386307
-0.0028185727364
-0.00356107472154
-0.00420367899801
-0.00477534304181
-0.00519545211844
-0.00585685695159
-0.00643324355295
-0.00185365090818
-0.00240010597561
-0.00288132206178
-0.00347585935418
-0.00405239438715
-0.00472499412938
-0.00527569534155
-0.00579873393008
-0.00615154507962
-0.00134274184745
-0.00643488245305
-0.00196429064478
-0.00241654875864
-0.00282683880213
-0.00326335276812
-0.00401150087495
-0.00470507095783
-0.00528174227544
-0.00572415739023
-0.00638720328445
-0.00196909914372
-0.00242911587142
-0.00301467504545
-0.00349378378597
-0.00411269453896
-0.0045942379872
-0.00527381544377
-0.00581639498649
-0.00633603590782
-0.00169258275888
-0.00188568831973
-0.00192742296613
-0.00251988995129
-0.00304691923926
-0.00342611577052
-0.00367323747512
-0.00444079028396
-0.0051715880258
-0.00575299997401
-0.00633282071534
-0.00194907529022
-0.00246926990655
-0.00302783342913
-0.00361441168503
-0.00408869033496
-0.00471457592274
-0.00517568458136
-0.00578493971177
-0.00633753389138
-0.00183461689365
-0.00219469254134
-0.00238961102267
0.00203754705405
8.01411059526e-05
0.00367046285958
0.00178277174807
-0.000193931365846
0.00252075033345
0.000327388622085
0.00206759937243
0.000110769045931
0.00370161132976
0.00181437474896
-0.000161950217692
0.00255302396501
0.000359861478964
0.00209871210259
0.000142477262446
0.00373385801817
0.00184709161765
-0.00012884219449
0.00258643452441
0.000393478107211
0.00213088406699
0.000175260784272
0.00376720161483
0.0018809209865
-9.46087131299e-05
0.0026209805559
0.000428237024199
0.00216411404983
0.000209125775669
0.00380164076738
0.00191586144369
-5.92512361683e-05
0.00265666055686
0.000464136699611
0.00219840079727
0.000244067184892
0.00383717408137
0.00195191153354
-2.27712715245e-05
0.00269347297814
0.000501175555777
0.0022337392924
0.000280083645601
0.00387380012051
0.00198906975683
1.48296278365e-05
0.00273141622434
0.00225287374659
0.00227013565661
0.000317173751838
0.00391151740698
0.00202733457105
5.3549864228e-05
0.00277048865424
0.00229218604354
0.0023075847981
0.000355336058297
0.00395032442172
0.00206670439076
9.33877955733e-05
0.00281068858106
0.00233263250754
0.00234608531332
0.000394569080593
0.0039902196047
0.0021071775879
0.000134341735746
0.00285201427286
0.00237421137499
0.00238563576189
0.000434871295554
0.00403120135528
0.0021487524921
0.000176409954919
0.0028944639529
0.00241692083672
0.0024262346669
0.0004762411415
0.00407326803246
0.00219142739104
0.00021959067992
0.00293803579998
0.00246075903837
0.00246788051518
0.000518677018546
0.00411641795526
0.00223520053078
0.000263882094595
0.00298272794889
0.00250572408079
0.00251057175754
0.000562177288898
0.004160649403
0.00228007011612
0.000309282340179
0.00302853849071
0.00255181402044
0.00255430680908
0.00098562465226
0.00420596061566
0.00232603431094
0.000355789515676
0.00307546547328
0.0025990268698
0.00259908404948
0.00103124864576
0.00425234979422
0.00237309123858
0.000403401678244
0.00312350690156
0.00264736059777
0.00264490182327
0.00107793189485
0.00429981510098
0.00242123898221
0.000452116843587
0.00317266073805
0.0026968131301
0.00269175844014
0.00112567261325
0.00434835465995
0.00247047558521
0.000501932986352
0.00322292490321
0.00274738234981
0.00273965217524
0.00117446897835
0.00439796655718
0.00252079905154
0.00055284804054
0.00327429727588
0.00279906609767
0.00278858126949
0.00122431913157
0.00444864884113
0.00257220734613
0.000604859899915
0.00332677569373
0.00283296818066
0.00283854392989
0.00127522117872
0.00450039952304
0.00262469839529
0.000657966418421
0.00338035795365
0.00286425451579
0.00169904742565
0.00050179810592
0.00210741816204
-0.000300505660097
-0.00133213795985
0.000280096473881
0.00175500237822
0.00170367815696
0.00050662570461
0.00211244569854
-0.000286187365177
-0.00131841337795
0.000285979182203
0.00176115975455
0.00170963578318
0.000512836566698
0.00211891374068
-0.000270374260967
-0.00130313023997
0.000293493856408
0.00176902520312
0.00171691995461
0.000520430295999
0.00212682184104
-0.000257428069207
-0.00128628932069
0.000302639829228
0.00177859795884
0.00172553024389
0.000529406408322
0.00213616945277
-0.000247710521738
-0.00126789198545
0.000313416289035
0.00178987709118
0.00173546614605
0.000539764331625
-0.00204526039192
-0.000236496236687
-0.00124793972395
0.000325822280202
0.00180286150457
0.00174672707872
0.000551503406194
-0.00203303579436
-0.000223786982443
-0.00122643414966
0.00033985670352
0.001817549939
0.00175931238229
0.000564622884859
-0.00201937671399
-0.000209583706905
-0.00120337699915
0.00035551831669
0.00183394097057
0.00177322132006
0.000579121933222
-0.00200427850494
-0.000193887468455
-0.00117877013141
0.000372805734869
0.00185203301222
0.00178845307852
0.000594996835962
-0.00198774500134
-0.000176699435562
-0.00119841479384
0.000366121970628
0.00187182431447
0.00180500676752
0.000612252172995
-0.00196977734106
-0.000158020886352
0.0015430921868
0.000348435710908
0.00189331296626
0.00182288142058
0.000630884055985
-0.00195037675933
-0.00013785320813
0.00152465091241
0.00033237522383
0.00191649689591
0.00184207599517
0.000650891304563
-0.00192954458829
-0.000116197896873
0.00150776469255
0.000317941929682
0.00192854948132
0.00186258937296
0.000672272652727
-0.00190728225654
-9.30565566737e-05
0.00149243489387
0.000305137106263
0.00191518143921
0.00188442036021
0.00339565639334
-0.00188359128864
-6.84308991545e-05
0.00147866275843
0.000293961888326
0.00190351445246
0.00190756768806
0.00341978180217
-0.00185847330465
-7.15883653236e-05
0.00146644940324
0.000284417267067
0.00189354964881
0.00193203001296
0.00344527700292
-0.00183193001949
-8.17727090278e-05
0.00145579581974
0.000276504089693
0.00188528799228
0.00195780591697
0.0034721403913
-0.00180396324244
-9.04650258092e-05
0.00144670287346
0.000270223059046
0.00187873028264
0.00198489390826
0.00350037027965
-0.00177457487648
-9.76646698427e-05
0.00143917130363
0.000265574733288
0.0018738771551
0.00201329242145
0.00352996489743
-0.00174376691769
-0.000103371105924
0.00143320172293
0.000262559525654
0.00187072907994
0.00204299981814
0.00356092239182
-0.00171154145453
-0.000107583909669
0.00142879461717
0.000261177704271
0.00186928636231
-0.00513482820731
-0.00635990020929
-0.00270991293455
-0.00411823737075
-0.00576968827148
-0.00239136311825
-0.00396339760298
-0.00508518823773
-0.00630904289042
-0.00265787857447
-0.00405570408389
-0.00570577654087
-0.00233126473533
-0.00390208497805
-0.00503457122073
-0.00625718600395
-0.0026048229717
-0.00399214193171
-0.00564081544696
-0.00227008980192
-0.00383967597656
-0.00498297881134
-0.00620433132697
-0.00255074802669
-0.00393121735879
-0.00557480748551
-0.00220784077821
-0.003776173206
-0.00493041269268
-0.00615048066643
-0.00249565567155
-0.00387494446331
-0.00550775518439
-0.00214452015991
-0.00371157931108
-0.00487687457562
-0.00609563585883
-0.00243954786973
-0.00381763597334
-0.00543966110317
-0.00208013047774
-0.0036458969732
-0.00482236619855
-0.00603979876995
-0.00238242661569
-0.00375929401078
-0.0053705278326
-0.00201467429702
-0.00357912890995
-0.00476688932714
-0.00598297129455
-0.00232429393452
-0.00369992072987
-0.00530035799421
-0.00194815421713
-0.00351127787457
-0.00471044575399
-0.00592515535601
-0.00226515188168
-0.00363951831677
-0.00522915423981
-0.00188057287104
-0.00344234665544
-0.00465303729845
-0.00586635290609
-0.00220500254256
-0.00357808898922
-0.00515691925106
-0.00181193292487
-0.00337233807552
-0.00459466580624
-0.00580656592458
-0.00214384803221
-0.00351563499611
-0.00508365573898
-0.00174223707735
-0.00330125499186
-0.00453533314926
-0.00574579641896
-0.00208169049496
-0.00345215861713
-0.00500936644351
-0.00167148805935
-0.003229100295
-0.00447504122524
-0.00568404642415
-0.00201853210404
-0.00338766216237
-0.004934054133
-0.00160864739735
-0.00315587690849
-0.00441379195749
-0.00562131800214
-0.00195437506127
-0.0033221479719
-0.00485772160378
-0.00157162383711
-0.00311708246238
-0.00435158729458
-0.00555761324166
-0.00188922159668
-0.00325561841542
-0.00478037167967
-0.00153350584447
-0.00308015378826
-0.0042884292101
-0.0054929342579
-0.00182307396812
-0.0031880758918
-0.00474153096992
-0.00149429496411
-0.00304210959413
-0.0042243197023
-0.00542728319211
-0.00175593446093
-0.00311952282875
-0.00470208134573
-0.00145399278197
-0.00300295148152
-0.00415926079385
-0.00536066221135
-0.00168780538758
-0.00304996168235
-0.00466156424356
-0.00641168346044
-0.00296268109566
-0.00409325453148
-0.00529307350809
-0.00161868908727
-0.00297939493668
-0.00461998122866
-0.006369203596
-0.00292130012513
-0.00402630298576
-0.00522451929991
-0.00154858792554
-0.00290782510338
-0.00457733390432
-0.00632563743197
-0.00287881030152
-0.00395840825073
-0.00515500182915
-0.00147750429398
-0.00283525472129
-0.00453362391149
-0.00628098671609
-0.00283521339906
-0.0075907647303
-0.00559060758729
-0.00357651653058
-0.00603345065549
-0.00412073208467
-0.00409178990961
-0.00669360997932
-0.00753860839739
-0.00553805766083
-0.00352366940498
-0.00598040785026
-0.0040675985786
-0.0040386723081
-0.00664061460148
-0.00748556618152
-0.00548461559841
-0.00346992542829
-0.00592646509247
-0.00401356368322
-0.00398465356918
-0.00658672002256
-0.00743163951271
-0.00543028286194
-0.00341528608677
-0.00587162388457
-0.0039586289085
-0.0039297352015
-0.00653192774109
-0.00737682984169
-0.00537506093438
-0.00335975288805
-0.00581588575059
-0.00390279578613
-0.0038739187354
-0.00647623927711
-0.00732113863967
-0.00531895131962
-0.00330332736101
-0.00575925223596
-0.00384606586925
-0.00381720572267
-0.00641965617203
-0.00726456739818
-0.00526195554225
-0.00324601105547
-0.00570172490732
-0.00378844073231
-0.00375959773639
-0.00636217998839
-0.00720711762888
-0.00520407514736
-0.00318780554208
-0.00564330535226
-0.00372992197082
-0.00370109637068
-0.00630381230968
-0.00714879086338
-0.00514531170034
-0.00312871241208
-0.00558399517917
-0.00367051120115
-0.00364170324051
-0.00624455380879
-0.007089588653
-0.0050856667867
-0.00306873327708
-0.00552379601702
-0.00361020912902
-0.00358141905017
-0.00618440797312
-0.00702951256863
-0.00502514201185
-0.00300786883755
-0.0054627095151
-0.00354901927454
-0.00352024731835
-0.0061233755164
-0.0069685642005
-0.00496373806957
-0.00294612260789
-0.00540073734289
-0.0034869423841
-0.00345818878998
-0.00606145810377
-0.00690674515799
-0.00490145846712
-0.00288349532829
-0.00533788118975
-0.00342398015538
-0.0033952451613
-0.00599865742028
-0.00684405706941
-0.00483830393705
-0.00281998868982
-0.00527414276478
-0.00336013430589
-0.00333141814833
-0.00593497517065
-0.00678050158186
-0.00477427616233
-0.00275560440286
-0.00520952379658
-0.0032954065727
-0.00326670948665
-0.00587041307904
-0.00671608036094
-0.0047093768448
-0.0026903441969
-0.005144026033
-0.00322979871221
-0.00320112093117
-0.00580497288884
-0.00665079509062
-0.00464360770494
-0.00262420982034
-0.00507765124095
-0.00316331249997
-0.00313465425591
-0.00573865636247
-0.00658464747299
-0.00457697048169
-0.00255720304025
-0.00501040120619
-0.00517395391181
-0.0030673112538
-0.00567146528114
-0.00651763922805
-0.0045094669322
-0.00248932564214
-0.00494227773306
-0.00510571639807
-0.0029990937364
-0.00560340144463
-0.00644977209356
-0.00444109883165
-0.00242057942979
-0.0048732826443
-0.00503660597171
-0.00293000353375
-0.00553446667106
-0.00638104782475
-0.004371867973
-0.00235096622495
-0.00480341778079
-0.00496662448251
-0.00286004249406
-0.00546466279667
