0.00522184802873
0.00337000811689
0.00139637314252
-0.00067743970301
0.0034085623993
0.00134675433506
-0.000767701246281
0.000262436028141
0.00340072907489
0.00142759960971
-0.000642286466921
0.00346105646128
0.00139958996472
-0.000714737241761
0.000293799492947
0.00343270708074
0.00146010333205
-0.000609361639511
0.0035148309623
0.00145371381392
-0.000660482096237
0.000326394750217
0.00346594043304
0.00149388252356
-0.00057514524256
0.00356988147622
0.00150912186408
-0.000604938918972
0.000360220133956
0.00350042736685
0.00152893533166
-0.000539639200859
0.00362620770576
0.00156581282752
-0.000548110882713
0.000395273918467
0.00353616605418
0.00156525983772
-0.000502845507705
0.00366837515236
0.00162378256032
-0.000490001222826
0.000431554318789
0.00357315460441
0.00160285405757
-0.000464766224348
0.00370680319101
0.00168302778852
-0.000435434403018
0.000469059491141
0.00361139106482
0.00164171594204
-0.000425403479434
0.00374652603578
0.00174354517766
-0.000382997498266
0.00050778753338
0.00365087342108
0.00168184337749
-0.000384759468415
0.00378754143114
0.00179950829879
-0.000333288815221
0.000547736485474
0.00369159959776
0.00172323418635
-0.000342836452955
0.00382984705367
0.00185036932677
-0.000282291259813
0.000588904329988
0.00373356745891
0.00176588612776
-0.000299636760317
0.00225177275131
0.00189822124088
-0.000230007733392
0.000631288992579
0.00377677480852
0.00180979689809
-0.000255162782731
0.00229665158948
0.00194333277712
-0.000176441201434
0.000674888342508
0.00382121939118
0.00185496413162
-0.000209416976754
0.00234281328362
0.00198973350079
-0.000121594692738
0.000719700193158
0.00386689889256
0.00190138540107
-0.00016240186261
0.00239025524526
0.00203742078368
-6.54712986066e-05
0.000765722302566
0.00391381094007
0.00194905821832
-0.000114120023517
0.00243897482141
0.00208639193212
-8.07417201583e-06
0.000812952373973
0.0039619531034
0.00199798003498
-6.45741050041e-05
0.00248896929524
0.00213664418778
5.05934732286e-05
0.00086138805637
0.00401132289516
0.00204814824311
-1.37668142094e-05
0.00254023588684
0.00218817472835
0.000110528363345
0.00091102694507
0.0040619177715
0.00209956017585
3.829908083e-05
0.00259277175396
0.00224098066834
0.000171727165441
0.00096187030757
0.00411373513271
0.0021522131081
9.16207519032e-05
0.00264657399273
0.00229505905984
0.000234186488388
0.00101390818298
0.0041667760492
0.00220610798255
0.000146199036652
0.00270163963848
0.00235040689333
0.000297902883708
0.00106714173435
0.00422103036094
0.00226123450915
0.000202023538156
0.00275796846046
0.00240702389241
0.000362872846464
-0.00230176656658
-0.00036190774378
0.00143085599696
0.000178429919498
0.00185868703268
-0.00345800743481
-0.00168317564295
-0.0022532004844
-0.000298629364456
-0.0014059278934
0.000204151364499
0.0018854840348
-0.00343022375784
-0.00168947472098
-0.00220506018521
-0.000233813024981
-0.0013796532463
0.000231620042703
0.00191410006094
-0.00340055533571
-0.00169381105585
-0.00215541295522
-0.000167464067274
-0.00135170869154
0.000260833139834
0.00194453193154
-0.00336900570938
-0.00169618409047
-0.00210426264835
-0.000106739939961
-0.00132209684524
0.000291787669516
0.00197677627342
-0.00333557863463
-0.00169659351988
-0.00205161322147
-4.87677499025e-05
-0.00129082047366
0.000324480474789
0.00201082952158
-0.0033002780798
-0.00169503929145
-0.00199746873291
-1.73306488403e-05
-0.0012578824919
0.000358908229688
0.00204668792119
-0.00329217003665
-0.00169152160494
-0.001941833341
1.56912773274e-05
-0.00122328596258
0.000395067440912
0.0020843475296
-0.00328687577881
-0.00168604091234
-0.00188471130252
5.02952349919e-05
-0.00118703409443
0.000432954449563
0.00212380421845
-0.00327968590198
-0.00167859791758
-0.00182610697114
8.64783037473e-05
-0.00114913024085
0.000472565432961
0.00216505367591
-0.00327060126745
-0.00166919357612
-0.00176602479588
0.000124237437601
-0.00110957789835
0.000513896406531
0.00220809140899
-0.00325962296272
-0.00165782909427
-0.00170446931946
0.000163569466229
-0.00106838070502
0.000556943225758
0.00225291274587
-0.0032467523009
-0.0016445059285
-0.00164144517673
0.00020447109628
-0.00102554243886
0.000601701588211
0.00228307637885
-0.00323199081985
-0.00162922578442
-0.00157695709299
0.000246938912722
-0.000981067016107
0.000648167035637
0.00229907378262
-0.00321534028136
-0.00161199061576
-0.00151100988235
0.000290970311552
-0.000934958489488
0.000696334956106
0.00231688474377
-0.00319680267002
-0.0015928026231
-0.00144360844604
0.000336559775939
-0.000887221046442
0.000746200586234
0.00233650730487
-0.00317638019207
-0.00157166425247
-0.00138180910528
0.00038370446563
-0.000837859007267
0.000797759013444
0.00235793931266
-0.00315407527411
-0.00154857819379
-0.00136383081774
0.000432400493173
-0.00078687682324
0.000851005178305
0.00238117841922
-0.00312989056166
-0.00152354737919
-0.00134433251341
0.000480395276848
-0.000734279074681
0.000901176392558
0.00240622208324
-0.00310382891758
-0.00149657498115
-0.0013233156988
0.000503452077856
-0.000680070468978
0.000926868648959
0.00243306757141
-0.00307589342042
-0.00146766441054
-0.00130078199553
0.00052808743363
-0.000624255838574
0.000954283816779
-0.00126976977104
-0.00304608736261
-0.00143681931442
-0.00434946297235
-0.00394992175225
-0.00387348437498
-0.00367511350413
-0.00343741922755
-0.00317839850253
-0.00280177283149
-0.00261162126851
-0.00246797185593
-0.00221565223063
-0.00197807473423
-0.00174442471308
-0.00150421945154
-0.00625774603211
-0.00602637139183
-0.00577205954753
-0.00553334522683
-0.00517888359618
-0.00480751650196
-0.00469724715228
-0.00453745919874
-0.00494679477426
-0.00460631831272
-0.00444095045865
-0.00424765519559
-0.00403648761113
-0.00376594217788
-0.00344943674033
-0.00326691401345
-0.00304366154169
-0.00277632705543
-0.00256746512875
-0.00233683825011
-0.00209395745255
-0.00183862651424
-0.00160371180188
-0.006354219988
-0.00611368634083
-0.00575654419261
-0.00546729063203
-0.00529295482138
-0.00514132296127
-0.00551782089359
-0.00527164835658
-0.00507494299724
-0.00482243949866
-0.00460960671296
-0.00432744971045
-0.00409037902021
-0.0039062666502
-0.00367266703816
-0.00340326289123
-0.0031441193191
-0.00290378976962
-0.00265827471609
-0.00239925068998
-0.00215561931085
-0.00191108340668
-0.00166878335822
-0.00137914737231
-0.00615000455956
-0.00595279089119
-0.00573192123473
-0.00606191238266
-0.00591172955749
-0.00571326839385
-0.00539043613651
-0.00521277401856
-0.00496274676588
-0.00470605117912
-0.00452038558027
-0.00427634366468
-0.00402840353025
-0.00376706280711
-0.00348586747894
-0.00319659204608
-0.00293569795828
-0.00268152073314
-0.00245511383348
-0.00219809848686
-0.00204029100608
-0.00180913643213
-0.00158870863539
-0.006366004222
-0.00164858650541
-0.00152586488464
-0.00632570136115
-0.0060001038285
-0.00583345162017
-0.00558126653457
-0.005295806793
-0.00510862860435
-0.00485405998156
-0.0046280264802
-0.00437674973458
-0.0041211332814
-0.00374427866852
-0.00344564340843
-0.00330587422299
-0.00312462347264
-0.00282319661612
-0.00267720162025
-0.00244408548609
-0.00220012258374
-0.00197560501249
-0.00228694055543
-0.00215209462779
-0.00191155782663
-0.0016281649475
-0.00642788681591
-0.00617359998584
-0.00585900581659
-0.00567035999387
-0.00540519190407
-0.00520149682935
-0.00498878709601
-0.00473102070061
-0.00439895902019
-0.00401325337724
-0.0039525323825
-0.00376969193967
-0.0034656386761
-0.0032892552757
-0.00305422256018
-0.00278642077649
-0.00257932737562
-0.00292012058366
-0.00276278818059
-0.00250735596761
-0.00226259687798
-0.00202294747841
-0.0017390793738
-0.00146242031026
-0.00625612759186
-0.00592912528988
-0.00574818750768
-0.00557474530095
-0.00533915324486
-0.00503899861496
-0.00463530608552
-0.00457406712766
-0.00438967228239
-0.00408305135145
-0.00387583204609
-0.0036389327661
-0.00337463863576
-0.00318069918596
-0.00354616190613
-0.0033677552828
-0.00308564906903
-0.00287049051833
-0.00263914516399
-0.00236716882255
-0.00210813608079
-0.00189994633621
-0.00156537765461
-0.00627037196937
-0.00613398196963
-0.00595615097592
-0.00565341865882
-0.00523157460827
-0.00516983079754
-0.00498392102103
-0.00467479804152
-0.00448000240943
-0.00425108398159
-0.00395280106339
-0.0037564595392
-0.00414985595528
-0.00396504959063
-0.00367695780474
-0.00348462888299
-0.00324227141506
-0.00299858738082
-0.00272757504872
-0.00251754252049
-0.00218003537548
-0.00190322394702
-0.00173830017927
-0.0015479645687
-0.00624155644143
-0.00581196269834
-0.00573918152925
-0.0055518005703
-0.00524024819507
-0.00508626515779
-0.00486708819867
-0.00458257511881
-0.00430600403663
-0.00473243329641
-0.0045344823069
-0.00431679190617
-0.00408202152537
-0.00381870035873
-0.00360312994868
-0.00332003136128
-0.00310820558506
-0.00276783954289
-0.00255392971292
-0.00237433780831
-0.002155574759
-0.00183663373493
-0.00139244413946
-0.00628148585171
-0.00609268181041
-0.00577877984382
-0.00566631751987
-0.00545733236176
-0.00520404295395
-0.00485501729365
-0.00535232739671
-0.00510780266371
-0.00492938068488
-0.00467331905546
-0.00441164713999
-0.00418008306957
-0.00388480607161
-0.00367124213614
-0.00337750045298
-0.00317828112451
-0.00299707592675
-0.0027362200498
-0.00241463660402
-0.00196680688591
-0.00179611128526
-0.00160593666084
-0.00139603518487
-0.00628712121486
-0.00605228601024
-0.00579951025382
-0.00552310189755
-0.00599501164567
-0.00569395992732
-0.00551397665937
-0.00524034253396
-0.00500312278285
-0.00474147866661
-0.00442121024503
-0.00424509352945
-0.00403827972242
-0.00377555990182
-0.00359278403931
-0.00328922177002
-0.00296508076809
-0.00251372876709
-0.00228246972661
-0.00209098143682
-0.00199763455476
-0.00188778243837
-0.00165095622943
-0.0063683259472
-0.00616589730278
-0.00160981569837
-0.00627264878436
-0.0060698408022
-0.00577845627808
-0.00563498289406
-0.00537087597941
-0.00500443104129
-0.00489120906333
-0.0046723187569
-0.00439177152847
-0.00416075528673
-0.00384573679895
-0.00348730680062
-0.00303256164859
-0.00273995960657
-0.00255436741968
-0.00257222830643
-0.00246147496117
-0.00222271544925
-0.00193316801152
-0.00178270376344
-0.00219594245183
-0.00185576977115
-0.00159625086328
-0.00637025018821
-0.00623890590408
-0.00597240144154
-0.0056780863736
-0.00550996367937
-0.00527886089948
-0.00499579283734
-0.00470029259424
-0.00438277888823
-0.00398066949777
-0.00352267168898
-0.00318417104993
-0.00310114383207
-0.00311914547669
-0.00300752234176
-0.00276689319715
-0.0025245929706
-0.00237285976242
-0.00275261613151
-0.00240953411508
-0.00213578603731
-0.00196857501441
-0.00181412600672
-0.00154529721968
-0.00633263389075
-0.00610059247058
-0.00585715536666
-0.0055716414105
-0.00521071385608
-0.00489080115771
-0.00444454112924
-0.00421459052783
-0.00394867590416
-0.00367439972263
-0.00364810636106
-0.00352526424079
-0.00328283517563
-0.00308863258705
-0.00293566908911
-0.00327907459716
-0.00293319513207
-0.00280835702387
-0.00263349802266
-0.00241098701475
-0.00217269889742
-0.00195938732638
-0.00166234325182
-0.00641853020463
-0.0061185840615
-0.00569708784743
-0.00536914476938
-0.00509369546365
-0.00495744277835
-0.00468861506143
-0.00437124961868
-0.0043446874217
-0.00418626506428
-0.00389689233647
-0.00362461787601
-0.00347046667083
-0.0037745670798
-0.00348920040837
-0.00345285428314
-0.00327624051588
-0.00303818819385
-0.00277850997823
-0.002557532293
-0.00228634526758
-0.00205937550602
-0.00169627744183
-0.00121111981538
-0.00581717102821
-0.00581259653924
-0.00567487803887
-0.00540317579044
-0.00506471141621
-0.00501511274854
-0.00485512023783
-0.00456289851469
-0.00414014886497
-0.00397659478069
-0.00425788647957
-0.00412013643553
-0.00407064616456
-0.00389009915671
-0.00363631117231
-0.00335495910568
-0.00312896792996
-0.00290096106753
-0.00267183944021
-0.0023053302036
-0.00180373270937
-0.00150816797383
-0.00150523475405
-0.00636606911716
-0.00609153886402
-0.00578048055845
-0.00565859530388
-0.00549706622228
-0.00520205697819
-0.00477531557169
-0.00456615938624
-0.00468928988476
-0.0047310575446
-0.00468108597331
-0.00448816159125
-0.00420453160436
-0.00390124787845
-0.00367332242857
-0.00348632257122
-0.00325511328916
-0.00289107564612
-0.00244371888353
-0.0021737281851
-0.0021707650823
-0.00203018956532
-0.00175288618817
-0.00146993281354
-0.00627434971357
-0.00611132241712
-0.00581359575363
-0.00547221583908
-0.00524389264785
-0.00524702802812
-0.00532520438814
-0.005278242591
-0.00508694865363
-0.00475264447368
-0.00441659274519
-0.0041868120434
-0.00404162021912
-0.00385636156736
-0.00354283213199
-0.00309094839884
-0.00281134810621
-0.0028083557982
-0.00266639781
-0.00238638489932
-0.00213222577964
-0.00189989288438
-0.00170423239726
-0.0063967482854
-0.00614881689531
-0.00589635731475
-0.00592895805688
-0.00592415991089
-0.00587674166064
-0.00568359561064
-0.00534608217522
-0.00490022947573
-0.00468912936758
-0.00465724133201
-0.00448239192059
-0.00416576331279
-0.00370946666517
-0.00342019368037
-0.00341717294268
-0.00327386928178
-0.00301457909402
-0.00276653076012
-0.00252371473841
-0.00230831337264
-0.00197393288676
-0.00179813540165
-0.00154319041467
0.00383565081206
0.00213395015607
0.000301032395986
0.00321761947851
0.00238262027419
0.000447288720773
0.00301905958222
0.00387224076111
0.00216421083105
0.000331935239376
0.003249051214
0.00239502492728
0.000459809551326
0.00303163398081
0.00391017943844
0.00219585956682
0.000364254931285
0.00327327204889
0.00240890444333
0.000473819000994
0.00304570334079
0.00394946451028
0.00222889431097
0.000397989287033
0.00328841067494
0.00242425781452
0.000489316033427
0.00306126661246
0.00399009356574
0.00226331292551
0.000433136031104
0.00330500156502
0.00244108392707
0.000506299503347
0.00307832263583
0.00403206411748
0.00229911318757
0.000469692797896
0.00332304355012
0.00245938156166
0.000524768156976
0.00309687014101
0.00407196927566
0.00233629279009
0.000507657132508
0.00334253536042
0.00110894105595
0.000544720632496
0.00311690774872
0.00411190072814
0.00237484934257
0.000539776289789
0.00336347562572
0.00113017765669
0.000566155460543
0.00313843397077
0.00415317206628
0.00241478037179
0.00056175522543
0.00338586287592
0.0011528814928
0.000589071064752
0.0031614472106
0.0041957807774
0.00245608332261
0.000585153529627
0.00340969554155
0.00117705092752
0.000613465762328
0.0031859457639
0.0042386425245
0.00249875555877
0.00060996962326
0.00343497195428
0.00120268422112
0.00063933776466
0.00321192781923
0.00428162650711
0.00254279436368
0.000636201834084
0.00346169034752
0.00122977953151
0.000666685177972
0.00323939145867
0.0043259430499
0.00258232158268
0.000663848397285
0.00348984885705
0.00125833491489
0.000695506004009
0.00326833465851
0.00437158947666
0.00261074247312
0.000692907456068
0.00351944552164
0.00128834832644
0.000725798140756
0.00329875529003
0.00441856303833
0.00264054354346
0.000723377062275
0.00355047828371
0.00131981762104
0.000757559383199
0.00333065112023
0.00447318402092
0.00269299149886
0.000776352892973
0.00358294499009
0.00135274055405
0.000790787424114
0.00336401981264
0.00450286902412
0.0027255471191
0.000809637387348
0.00363937907067
0.00140913311038
0.000825479854892
0.00339885892822
0.00453389740663
0.00275947694098
0.000844326043075
0.00367470682728
0.00144495619207
0.000883652494708
0.0034582794898
0.00456626728441
0.00279477880444
0.000880416553261
0.00371146150237
0.00148222558904
0.000921266078175
0.00349605172845
0.00459997669569
0.00283145046688
0.000917906523151
0.00374964056791
0.00152093866667
0.000960336226121
0.00353528646631
0.00463502360162
0.00286948960387
0.000956793470898
0.00378924140422
0.00156109269509
0.00100086013331
0.00357598086294
0.00182095749561
-0.000648929514459
-0.00163935131244
-5.21546015133e-05
0.00162877617722
-0.000508717442548
-0.00181346363106
0.00185222609892
-0.000616073218584
-0.00160443618831
-7.74846015356e-06
0.00167538898575
-0.000460110776011
-0.00176322256908
0.00188523531898
-0.000581390193893
-0.00157165367477
3.86609727123e-05
0.00172409950847
-0.000409321717422
-0.00171073017429
0.00191998178788
-0.000544884342059
-0.00153695240198
8.70673568334e-05
0.00177490043282
-0.000356358536357
-0.00165599555808
0.00195646196981
-0.000506559757822
-0.0015003366765
0.000137464107618
0.00182778416857
-0.000301229811948
-0.00159902816877
0.00199467216289
-0.000466420726738
-0.0014618110285
0.000189844400449
0.00188274285329
-0.000243944426236
-0.00153983778379
0.00203460850095
-0.000424471722836
-0.00142138020907
0.000244201175131
0.00193976835794
-0.000184511557347
-0.00147843450175
0.00207626695548
-0.000380717406187
-0.00137904918728
0.000300527140442
0.00199885229256
-0.000122940672514
-0.00141482873427
0.0021196433376
-0.000335162620384
-0.00133482314727
0.000358814778805
0.00205998601221
-0.00321435471881
-0.00134903119768
0.0021647333001
-0.000287812389936
-0.00128870748513
0.000419056351057
0.0021231606229
-0.00314853732443
-0.00128105290453
0.0022115323396
-0.000238671917591
-0.00124327469082
0.000481243901322
0.00218836698769
-0.00308061197849
-0.00117833727027
0.00226003579866
-0.000187746581568
-0.00120140275682
0.000545369261966
0.0022555957329
-0.00298038783795
-0.0011060316436
0.00231023886806
-0.00013504193273
-0.00115764216337
0.000611424058638
0.00235775019418
-0.0029082784943
-0.00103157998902
0.00236213658913
-8.55390637629e-05
-0.00111199821174
0.000700954090913
0.00242899466374
-0.00283409360126
-0.000954994417011
-0.00178292010162
-5.11112338797e-05
-0.00103691484999
0.000759192480641
0.00250223203554
-0.0027578444434
-0.000876287290278
-0.00174841140903
1.19068620444e-05
-0.000987520910767
0.000812884267575
0.00257745205261
-0.0026795425342
-0.000834940392643
-0.00171218615975
4.99378464336e-05
-0.000936260746455
0.000866643500646
0.00265464425347
-0.00263440899343
-0.000828529052188
-0.00164957023688
8.97642563837e-05
-0.000883140466781
0.000922347353116
0.00270286733643
-0.00262601802212
-0.000819852511228
-0.00160992284283
0.000131381746327
-0.000828166375082
0.000979988579959
0.00271301556029
-0.00261543767077
-0.000808912254006
-0.00156857017801
0.000174785790235
-0.000771344964722
0.001039559722
0.00272526240077
-0.00260266963064
-0.000795710150159
-0.00152551631861
0.000219971684018
-0.000712682915429
0.00107642470774
0.00273960605855
-0.0025877159404
-0.000780248453121
-0.00563132919993
-0.00220022304218
-0.00490915358815
-0.00621687131613
-0.00272537471168
-0.00424417834062
-0.00586875509403
-0.00562818417021
-0.00219699333753
-0.00490583799562
-0.00621346909921
-0.00275882302677
-0.00427847430251
-0.00590388862086
-0.00562420119522
-0.00219290313467
-0.0049016390295
-0.00623198794251
-0.0027913524704
-0.00431182869078
-0.005938058185
-0.00561938036819
-0.00218795253457
-0.00490134726524
-0.00626279326714
-0.00282296211525
-0.00434424050634
-0.00597126271298
-0.00561372180195
-0.0021821416594
-0.00493047738495
-0.00629270083407
-0.002853651059
-0.004375708777
-0.00600350116009
-0.00560722562888
-0.0021973176027
-0.00495873186231
-0.00632170983104
-0.00288341842449
-0.00440623255756
-0.00603477251063
-0.00560461113344
-0.00222397256997
-0.00498610996813
-0.00634981946922
-0.00291226335984
-0.00443581093003
-0.00606507577797
-0.00562972326376
-0.00224977326857
-0.00501261099504
-0.00637702898338
-0.00294018503856
-0.00446444300366
-0.00609441000474
-0.00565400299777
-0.00227471906576
-0.00503823425763
-0.00640333763195
-0.00296718265968
-0.00449212791519
-0.00612277426301
-0.00567744977062
-0.00229880934912
-0.00506297909249
-0.00642874469716
-0.00299325544785
-0.00451886482887
-0.00615016765438
-0.00570006303635
-0.00232204352673
-0.00508684485833
-0.00645324948508
-0.00301840265347
-0.00454465293667
-0.00617658931015
-0.00572184226799
-0.00234442102714
-0.00510983093605
-0.00647685132579
-0.00304262355276
-0.00456949145834
-0.00620203839148
-0.00574278695753
-0.00236594129952
-0.00513193672882
-0.00649954957338
-0.00306591744791
-0.00459337964156
-0.00685164201594
-0.00576289661608
-0.00238660381369
-0.00515316166216
-0.00652134360614
-0.00308828366714
-0.00461631676204
-0.00687514355177
-0.00578217077387
-0.00240640806018
-0.00517350518401
-0.00654223282654
-0.00310972156482
-0.00463830212365
-0.00689767017688
-0.00580060898031
-0.00242535355031
-0.00519296676479
-0.0065622166614
-0.00313023052156
-0.00465933505849
-0.00691922117299
-0.00581821080406
-0.00244343981624
-0.0052115458975
-0.00658129456192
-0.00314980994428
-0.00467941492702
-0.00693979585232
-0.00583497583305
-0.00246066641104
-0.00522924209776
-0.00659946600374
-0.00316845926631
-0.00469854111813
-0.0069593935576
-0.00585090367458
-0.00397878124707
-0.00524605490387
-0.00661673048708
-0.00318617794749
-0.00471671304927
-0.00697801366224
-0.0058659939553
-0.00399428724267
-0.00526198387689
-0.00663308753674
-0.00320296547421
-0.0047339301665
-0.00699565557043
-0.00588024632131
-0.00400893235227
-0.00527702860069
-0.00664853670218
-0.0032188213595
-0.00475019194459
-0.0020735858845
-0.00569178737657
-0.00391797258677
-0.00487766097942
-0.00294322940614
-0.00534574387097
-0.00349285705528
-0.0016457416974
-0.00568287812583
-0.00390898122547
-0.00486859720531
-0.00293410369992
-0.00533656741039
-0.00348364160861
-0.00163649949855
-0.00567322719208
-0.00389924135937
-0.00485877891062
-0.00292421832828
-0.00532662706827
-0.00347365904197
-0.00162648795757
-0.00566283475244
-0.00388875317052
-0.00484820628184
-0.00291357348154
-0.00531592303812
-0.00346290955133
-0.00161570727214
-0.00565170099754
-0.00387751685489
-0.00483687951968
-0.00290216936457
-0.00530445552824
-0.00345139334766
-0.00160415765507
-0.00563982613156
-0.00386553262232
-0.00482479883913
-0.00289000619677
-0.00529222476171
-0.00343911065688
-0.00159183933426
-0.00162434683095
-0.00385280069659
-0.00481196446935
-0.00287708421204
-0.00527923097635
-0.00342606171987
-0.00157875255266
-0.00161099040935
-0.00383932131528
-0.00479837665375
-0.00286340365879
-0.00526547442472
-0.00341224679239
-0.00156489756829
-0.00159689357018
-0.00382509472985
-0.00478403564988
-0.00284896479986
-0.00525095537407
-0.00339766614512
-0.00155871174438
-0.0015820565715
-0.00381012120557
-0.00476894172943
-0.00283376791256
-0.00523567410634
-0.00338232006359
-0.00157389383539
-0.00156647968483
-0.0037944010215
-0.00475309517826
-0.00281781328861
-0.00521963091812
-0.00336620884818
-0.00377467163939
-0.00155016319508
-0.0066588355687
-0.00473649629627
-0.00280110123409
-0.00520282612062
-0.00337533422659
-0.00378831774646
-0.0015331074005
-0.00664162295723
-0.00471914539748
-0.00278363206945
-0.00518526003964
-0.00338816659036
-0.00380119545049
-0.00151531261272
-0.00662366460562
-0.00470104280991
-0.00276540612946
-0.00517999185651
-0.00340023299435
-0.00381330449749
-0.00149677915666
-0.00660496084782
-0.0046821888756
-0.0027464237632
-0.00519123730523
-0.00341153320212
-0.0038246446485
-0.00147750737055
-0.00658551203143
-0.00466258395058
-0.00272691927575
-0.00520172004073
-0.00342206699216
-0.00383521567967
-0.00145749760585
-0.00656531851767
-0.00464222840481
-0.00273657949774
-0.00521143985944
-0.00343183415791
-0.00384501738225
-0.00143675022727
-0.00654438068134
-0.00462112262215
-0.00274548128445
-0.00522039657252
-0.00344083450778
-0.00385404956259
-0.00141526561267
-0.00652269891079
-0.00461678140584
-0.002753624465
-0.00522859000594
-0.00344906786516
-0.00386231204222
-0.00139304415311
-0.00650027360789
-0.00462411140391
-0.00276100888303
-0.00523602000042
-0.00345653406845
-0.00386980465781
-0.00137008625274
-0.00648192294216
-0.00463068808472
-0.00276763439671
-0.00524268641149
-0.00346323297106
-0.0038765272612
