-0.00100708612412
0.00157776897544
-2.45926477999e-06
0.00130810221361
-0.000463958406968
0.00187307287824
-0.000223459823123
-0.000966299573906
0.00161815079395
3.70316830267e-05
0.00134630839451
-0.000427315980017
0.00190798640216
-0.000190343510072
-0.000923174787923
0.00166084858192
7.878949095e-05
0.0013867103801
-0.000388564592455
0.00194491243044
-0.00241461877767
-0.000877719763573
0.00170585457392
0.000122806888645
0.0014293015771
-0.000347710070651
0.00198384591399
-0.00237768324248
-0.000829942890972
0.00175316062225
0.000169076245973
0.00147407506354
-0.00030475853397
-0.000462176155312
-0.00233884479204
-0.000779852945445
0.00180275820412
0.00021758957942
0.00152102359422
-0.000259716390305
-0.000419243929884
-0.00229810818215
-0.00072745907975
0.00185463842902
0.00026833855876
0.0024263067775
-0.00268528529465
-0.000374320919525
-0.00225547838406
-0.000672770816037
0.00190879204643
0.000321314513947
0.00247758239664
-0.00263608229141
-0.000327413176436
-0.00221096058144
-0.000615798037558
0.00196520945371
0.000376508442231
0.00253100944274
-0.00258480958874
-0.000278526994055
-0.0021645601674
-0.000556550980148
0.00202388070422
0.000433911015479
-0.000150314046075
-0.00253147470051
-0.000227668902979
-0.00211628274124
-0.000495040223495
0.00208479551566
0.000493512587683
-9.26098770686e-05
-0.00247608540426
-0.000174845666761
-0.00206613410526
-0.000431276682197
0.00214794327863
-0.00212534212163
-3.27805913258e-05
-0.00241864973577
-0.000120064277587
-0.00201412026132
0.00184136033948
0.0022133130653
-0.00206137272238
2.91644730169e-05
-0.00235917598351
-6.33319518526e-05
-0.00196024740746
0.00190959541234
0.00228089363829
-0.00199523509169
9.32157051478e-05
-0.00229767268297
-4.6561256247e-06
-0.00190452193431
0.00558770518238
-0.000492549121139
-0.0019269400685
0.000159363228592
-0.00223414861083
5.59555499891e-05
-0.00184695042148
0.00566036434033
-0.000420581880585
-0.0018564987697
0.00022759690834
-0.00216861277914
0.000118495213564
-0.00178753963387
0.00268152647098
-0.000346439332302
0.00199578768885
0.000297906358082
-0.00210107442925
0.000182954798164
-0.0017262965179
0.00275855992622
-0.000270133860465
0.00207048711884
0.000370280947537
0.00205157956664
0.000249326036234
-0.00166322819766
0.00283776117072
-0.000191678112567
0.00214729789094
0.000444709809865
0.00212309434198
0.000317600464552
0.0026769045523
0.00291911695052
-0.000111084989905
0.00222620786154
0.00052118184915
0.00219658259661
0.000387769429262
0.00274360121768
0.00300261376335
-2.83676380168e-05
0.00230720465195
0.00059968574795
0.00227203423338
0.00045982409095
-7.31678471321e-05
-0.000961716153248
-0.001882406159
-0.00239614832348
-0.00283935218049
-0.00171562009373
-0.0024776939297
-0.00295022449998
-0.000939283288945
-0.00185951227039
-0.00237298885491
-0.00282052187129
-0.00169648880095
-0.00246994872698
-0.00294239195755
-0.000914893935747
-0.00183462221345
-0.00234781037469
-0.00279964760512
-0.00348871246034
-0.00246008153969
-0.00293241354876
-0.000888551221242
-0.00180773931146
-0.0023206163224
-0.00277673229883
-0.0034654315894
-0.00244809384937
-0.00292029080576
-0.000860258516026
-0.00177886714549
-0.0022914104042
-0.00275177914806
-0.00344008080894
-0.00424741872451
-0.00290602558803
-0.000830019431569
-0.00174800955205
-0.00226019659031
-0.00272479162504
-0.00341266375904
-0.00423119573752
0.00181706721307
-0.000797837817938
-0.00171517062056
-0.00222697911237
-0.00269577347625
-0.00338318436686
-0.00421285858571
0.00183561050009
-0.000763717761377
-0.00168035469073
-0.00219176246062
-0.00266472871977
-0.00335164684388
-0.00419241000773
-0.00016008051824
-0.000727663581758
-0.00164356634965
-0.00215455138089
-0.0026316616426
-0.00331805568292
0.000333896258929
-0.000137270487102
-0.00294898271423
-0.00160481042893
-0.00211535087147
-0.0025965767977
-0.00328241565499
0.000358558236387
-0.000112332129619
-0.00290907416906
-0.00156409200149
-0.00207416617984
-0.00256088510978
0.001259017505
0.000385321574624
-8.5269230659e-05
-0.00286724583469
-0.0015214163784
-0.0020310027992
-0.00253008746039
0.00129873985789
0.000414182310315
-5.60858873804e-05
-0.00282350293736
-0.0037360919898
-0.00198586646497
-0.00249727329859
0.00134049512973
0.000445136180694
-2.47865061687e-05
-0.00277785092227
-0.00368951884402
-0.00193876315102
0.0020413021951
0.00137613375291
0.000478178626664
8.62420064852e-06
-0.00273029545024
-0.00364100583005
-0.00414900195021
0.00207813564641
0.00141053593336
0.000513304796109
4.41412182959e-05
-0.00268084239436
-0.00359055917638
0.000177263921583
0.00211697135637
0.00144697511275
0.000550509547394
8.17592332501e-05
-0.00262949783649
-0.00353818533153
0.000230230004885
0.00215780406072
0.00148544618856
0.000589787453057
0.000121472637139
-0.00257626806362
-0.00348389096005
0.000285136866068
-0.000287176496262
0.00152594379222
0.00063113280369
0.000163275530831
-0.00252115956421
0.000847564516155
0.000341977398703
-0.000242366595504
0.00156846229279
0.000674539611983
0.000207161728713
-0.00246417902439
0.000905679103416
0.00040074428259
-0.000195576983337
0.00161299580074
0.000720001616956
0.000253124763147
0.00186991366488
0.00096569296842
0.000461429988241
-0.000146813904942
-0.000828266568719
0.000767512288338
0.000301157889091
-0.00286003334444
-0.00391336461056
-0.00499161986805
-0.00594601342986
-0.00229635645109
-0.00311327022722
-0.0040700374541
-0.00489172552199
-0.00128064891617
-0.00220823863968
-0.00579839566628
-0.00670055100644
-0.00344967432133
-0.0042515994739
-0.00489864698616
-0.0053851974762
-0.00196456544093
-0.00259448040829
-0.00325590379314
-0.00414371891712
-0.000549354532871
-0.00130724603827
-0.00239510610205
-0.00548005531723
-0.00644186644852
-0.00279880495847
-0.00365110450088
-0.00461642237459
-0.00544567045762
-0.00185110168321
-0.00281477999274
-0.00383211515717
-0.00474479778131
-0.00133773504772
-0.00214998164732
-0.00561231643635
-0.00610543947305
-0.00271585623608
-0.00335493481461
-0.0040232535472
-0.00491549742966
-0.00132296273418
-0.00172174161724
-0.0028440816425
-0.00393815286827
-0.00490700511583
-0.00112767280386
-0.00415660277516
-0.00513009659654
-0.00596658328223
-0.00243833268174
-0.00338830895919
-0.00444914817738
-0.00537206068304
-0.00199986701651
-0.00282220213247
-0.00348617725423
-0.00398573658607
-0.000415454498537
-0.00127240848436
-0.00475765529838
-0.00565426511714
-0.00206353481654
-0.00210434579157
-0.00326105456725
-0.00436237552165
-0.0053378622582
-0.00156443665539
-0.00248783727333
-0.00346909760762
-0.00431246600793
-0.000717657553666
-0.00395544862383
-0.00503242016017
-0.00596521774832
-0.00262812604316
-0.00346026989514
-0.00413239256114
-0.00464956529076
-0.00109995672743
-0.00196574375361
-0.00245009174304
-0.00338483066168
0.000422891627445
-0.00245449392701
-0.00364539582013
-0.00475348552647
-0.00573517055663
-0.00196726655711
-0.00292624752359
-0.00391482946285
-0.00476468964339
-0.00126605582216
-0.00219093689927
-0.00327815033557
-0.00422043940838
-0.000734743951561
-0.00406292924426
-0.00474293432282
-0.00526617742113
-0.00174897817177
-0.00262336718366
-0.00311420579392
-0.00405312172501
-0.000247127007228
-0.00109403825944
-0.00231889160348
-0.00343323822937
-0.00442065764409
-0.00233548279079
-0.00336723377866
-0.00432539072493
-0.00525827017324
-0.00177984189662
-0.00271329961399
-0.00379069043765
-0.00475969399447
-0.0012916510773
-0.00214237841951
-0.00282995512482
-0.00335956318736
-0.00236112641337
-0.0032438391602
-0.00374096407919
-0.00468392813315
-0.00481304963695
-0.00139542379369
-0.00263622471297
-0.00375628834393
-0.00474894897706
-0.00092418994086
-0.00198062409587
-0.00290088114368
-0.00572745786077
-0.00225806064167
-0.00319964668394
-0.00426631207504
-0.00526926908754
-0.00181111673911
-0.00267051364423
-0.00336531279516
-0.00390049171849
-0.000239458777902
-0.00114155367161
-0.00164472288205
-0.00262519494491
-0.00540649107695
-0.0016729686386
-0.00291926283058
-0.00404447579111
-0.00504185959472
-0.00130005554372
-0.00236327696187
-0.00328965001055
-0.00435596524547
-0.000748913508783
-0.00169813557783
-0.00275315123618
-0.00574082766766
-0.00229200459031
-0.00315958758782
-0.00386121261272
-0.00440166041699
-0.00514556584171
-0.0016834541257
-0.00219238664518
-0.00317657462583
-0.0033088465592
-0.000584862972712
-0.00183601558746
-0.00429730895379
-0.005298873976
-0.00164030383908
-0.00270974569701
-0.00364172753524
-0.00475245332118
-0.00115327692978
-0.00210959943372
-0.00315202440704
-0.00422245657913
-0.00525645546775
-0.0014884418493
-0.00219645155394
-0.00486184403864
-0.00563891400334
-0.00218399055514
-0.00269836566192
-0.00368606482218
-0.00381979093802
-0.000793762210577
-0.00204911488608
-0.00318282443194
-0.00418800704316
-0.000506591803646
-0.00158165413317
-0.00395643269442
-0.00511139099257
-0.00151944363245
-0.00248228895594
-0.00351117106626
-0.00461492827824
-0.00565696145034
-0.00189601113061
-0.00260992032879
-0.00316035030559
-0.00397053157778
-0.000336254777634
-0.00085571180886
-0.00415227392271
-0.00543001685773
-0.000967800648445
-0.00222667429692
-0.00336368852857
-0.00441313701234
-0.000773807914821
-0.00185385988442
-0.00279541692685
-0.00399432329608
-0.00510869809138
-0.00125406180497
-0.00382977332156
-0.00496644432446
-0.00601578122772
-0.00226125743945
-0.00298053829687
-0.00353512285848
-0.00437825217884
-0.000750149551678
-0.00196780888353
-0.00230015104558
-0.00363209825426
-0.000143096315677
-0.00236838801879
-0.00350805377288
-0.00463838135801
-0.00100372127506
-0.00208810391229
-0.0030335719082
-0.00427603350905
-0.00539621837875
-0.0015468317459
-0.00254575703112
-0.00371482627714
-0.0047706845848
-0.00258323311959
-0.00330731724988
-0.00386561886062
-0.00474141822538
-0.00111890778213
-0.00234081040165
-0.0026758942917
-0.00400897799399
-0.000246604652547
-0.00151041563184
-0.00265206574016
-0.00386302634057
-0.00508267817677
-0.00228392122057
-0.00325511317571
-0.00451819664896
-0.0056434251135
-0.00179859819943
-0.00278111873433
-0.00398196620846
-0.00504351567755
-0.00115443477495
-0.00188271610538
-0.00245329529417
-0.00357060180113
-0.0014414380971
-0.00266710912229
-0.00300462895953
-0.00433872264896
-0.00525506722276
-0.00157975954541
-0.00274604596401
-0.00401390721012
-0.00523672762976
-0.00139732214159
-0.00240905369356
-0.00367669773898
-0.00584976025337
-0.00200877230571
-0.00298692838252
-0.00420585742205
-0.00527222466426
-0.00138739166956
-0.00211923006877
-0.00271914759166
-0.00384162942576
0.00015242655707
-0.001104655855
-0.00144428369946
-0.00282580934056
-0.00529844458156
-0.00161270360961
-0.00287062870061
-0.00412714442242
-0.00535235383777
-0.00151516656054
-0.00256695718385
-0.00383827093036
-0.00497116032764
-0.00103920511868
-0.002025076634
-0.00324827272569
-0.00545619555106
-0.00157480902823
-0.00232232171959
-0.00306292158913
-0.00406529470337
-7.48190670853e-05
-0.00133462253712
-0.00167601056105
-0.00305826629457
-0.00483024114192
-0.00109973671276
-0.00237947200844
-0.00420252163382
-0.00542932653892
-0.00159362098732
-0.00268489682829
-0.00395896556393
-0.00509442086359
-0.00116478822122
-0.00215760387403
-0.0033840367933
-0.00445727718803
-0.000466470009999
-0.0013123401234
-0.00211825441363
-0.00424090379249
-0.000253264339321
-0.00151522411005
-0.00185800736238
-0.00324084190002
-0.00486277577247
-0.00114904338386
-0.00242982503206
-0.00366118869292
-0.00488878620553
-0.00100443624795
-0.00213453259141
-0.00403850926962
-0.0051756620571
-0.00124756627338
-0.00224652550879
-0.00347513997664
-0.0045503792553
-0.000568283704383
-0.00156588983752
-0.00237622677702
-0.00322653889397
0.000994753520393
-0.000291009231083
-0.00198965781337
-0.00337291403369
-0.0048595213809
-0.00116183595021
-0.00244288935611
-0.0036604839116
-0.00488806646733
-0.00100370261715
-0.0021718673731
-0.00344863541212
-0.00458660548004
-0.00060076733828
-0.00160504601281
-0.00352133787194
-0.00459759365225
-0.000770850421382
-0.00177271718727
-0.00258669823015
-0.00343991902994
0.00091549769564
-0.000371234002269
-0.000715660790535
-0.00216000911277
-0.00462372113966
-0.000925643943526
-0.00241864075017
-0.0036217034304
-0.00484846355336
-0.000963335823971
-0.00216873398659
-0.00344542836087
-0.00458332979047
-0.00059742949457
-0.00160618593499
-0.00283593765446
-0.00398443379631
-0.000170138143052
-0.0019322006539
-0.00274901430375
-0.00360449691672
-0.00404398501787
-0.000400775540481
-0.000760434447653
-0.00224482656901
-0.00454896636533
-0.000865405011614
-0.00214467645373
-0.00333247251065
-0.00455760758266
-0.000883420263653
-0.00212513927022
-0.00340080964059
-0.00453775699359
-0.0005509927992
-0.00156902074656
-0.00279207258371
-0.00409115879539
-0.00027946030689
-0.00128717667344
-0.00210598526967
-0.00296658354484
-0.00340720619948
-0.000385327271381
-0.00207251114621
-0.00227828283059
-0.00443862165507
-0.000768778237377
-0.00204600563164
-0.00321783791488
-0.00444055486529
-0.000533273522293
-0.00181033034813
-0.00308403321766
-0.00421914865021
-0.000536872284654
-0.00164591350966
-0.00283765124012
-0.00415182470679
-0.00531252155262
-0.00135065402449
-0.00217060118666
-0.00303210902326
-0.00347337940782
0.000456056795812
-0.00125427419711
-0.00145996143547
-0.00233504178499
0.000397221134645
-0.00326473747764
-0.000427334050556
-0.00263938528435
-0.000831306048011
-0.00342148335376
-0.00245094517138
0.000318845455897
-0.00334161760894
-0.000502312679481
-0.00271678174853
-0.000380487305999
-0.0035384780969
-0.00256533998242
0.000242098181993
-0.00341689612271
-0.000575724107459
-0.00280089191859
-0.000499882793517
-0.00365418004997
-0.002678215995
0.000166986604073
-0.0034905661202
-0.000647561915339
-0.00288350481352
-0.000617951318364
-0.00376858159636
-0.00278956303098
6.21473395577e-05
-0.00356262081163
-0.000717819787587
-0.00297431754583
-0.000737306023828
-0.00389459664183
-0.0028993709608
-4.59734707451e-05
-0.00363305351909
-0.00078649151484
-0.00313806831636
-0.000889843129373
-0.00404238186415
0.00139384455271
-0.000152561856383
-0.00370185767936
-0.000952606605627
-0.00330066957222
-0.00104120242563
-0.00418900185356
0.00128714501145
-0.000257608208759
0.000851929409694
-0.00111860322214
-0.00346211108218
-0.00119137444823
-0.00433444782611
0.00118201463714
-0.000361102979531
0.00232849401047
-0.00128342456836
-0.00362238256749
-0.00134034970658
-0.00447871098074
0.00107846332834
-0.000463036684147
0.00216108341022
-0.00144705967327
0.00114641946581
-0.0014881186855
-0.00462178250082
0.000976500916538
-0.0005633999054
0.00199487374837
-0.00160949750934
0.000988519048477
-0.00163467184696
0.000220382532161
0.000876137162225
-0.000677461865357
0.00182987666611
-0.00177072699411
0.000831819761756
-0.00177999963181
7.97207850288e-05
0.000777381751109
-0.000844035559848
0.00166610386899
-0.0019307369919
0.000676332058828
-0.00192409246164
-5.97228008486e-05
0.0006802442902
-0.00100937026846
0.00150356712516
-0.00208951631556
0.000522066432285
-0.00206694074061
-0.000197939363261
0.000584734303897
-0.00117345372042
0.00134227826356
-0.00224705372832
0.000369033412322
-0.00220853485741
-0.000334920032945
0.000490861230046
-0.00133627357712
0.00118224917197
-0.0024033379457
0.000217243564869
-0.00234886518715
-0.000470655935412
0.000329651051286
-0.00149781743407
0.00102349179502
-0.00255835763751
6.67074896475e-05
-0.00248792209347
-0.000605138192806
0.000167733679614
-0.00165807282305
0.000866018132084
-0.00271210142988
-8.25641818248e-05
-0.00262569593056
-0.000738357925817
7.11998706004e-06
-0.00181702721424
0.000709840235115
-0.00286455790746
-0.00023056078831
-0.00276217704531
-0.000870306255628
-0.000152177145291
-0.00197466801855
0.000554970206357
-0.0030157156156
-0.000377271640984
-0.00289735577945
-0.0010009743059
-0.000310144773781
-0.00213098259
0.000401420195982
-0.00316556306269
-0.000522686025643
-0.00303122247185
-0.00113035320481
-0.00235903487898
-0.00269470402558
-0.00303344814492
-0.00334796605084
-0.00361122538244
-0.00381272689246
-0.00412038998262
-0.0024906409665
-0.00280753614758
-0.00315359073051
-0.00346932080481
-0.00374119764027
-0.00394314639532
-0.00422258360177
-0.00262103326266
-0.00292571238851
-0.00327245744734
-0.00358939779494
-0.00386992296158
-0.00407231663546
-0.00432340970536
-0.00275020382087
-0.00304260981126
-0.00339509078213
-0.00370818919205
-0.00399739311532
-0.00420022930921
-0.00442286117107
-0.00287814470045
-0.00315822085838
-0.00351815224712
-0.00382568718776
-0.0041235998792
-0.00432687612106
-0.00452093092514
-0.00300484796834
-0.00327253799693
-0.00363994193825
-0.00394188399636
-0.0042485336445
-0.00445224878554
-0.00461761194451
-0.00313030570084
-0.00338555372031
-0.00376045194491
-0.00405677185679
-0.00437218900595
-0.00457633902919
-0.00471289725888
-0.00325450998533
-0.00349726055021
-0.00387967437487
-0.00417034303461
-0.00449455638178
-0.00469913859248
-0.00480677995288
-0.00337745292211
-0.00360765103851
-0.00399760135624
-0.00428258982404
-0.00461562760359
-0.00482063783485
-0.00492041811125
-0.00349912662619
-0.00372148019346
-0.00411422503942
-0.00439350454993
-0.0047353945214
-0.00494083132462
-0.00505432886687
-0.00361952322913
-0.00385833001834
-0.00422953759908
-0.00450307956988
-0.00485384900565
-0.0050597094592
-0.000186987864511
-0.00373863488096
-0.00399396162939
-0.00434353123613
-0.00461130727627
-0.00497098294929
-0.0051772640551
-0.000318373090761
-0.00385645514901
-0.00412836653471
-0.00445619817978
-0.00471818009837
-0.00508678826985
-0.000293492652713
-0.00044848522254
-0.00397297343196
-0.0042615362412
-0.00456753068958
-0.00482369050449
-0.00520125691157
-0.000408375719746
-0.000577313654428
-0.00408818334365
-0.00439346225629
-0.00467752105748
-0.0049282476055
-0.00531438084755
-0.000521910851519
-0.000704849650979
-0.00420207712716
-0.00452413748679
-0.00478616160998
-0.00503736218702
-0.000426157781615
-0.000634089974409
-0.000831084486136
-0.00431464705382
-0.00465355065278
-0.00489344471021
-0.00514511515944
-0.000536568351726
-0.000744905047769
-0.000956009445347
-0.00442588542518
-0.00478169467141
-0.00499936276006
-0.000251504999656
-0.000645610330399
-0.000854348066188
-0.0010796158277
-0.00453578457515
-0.00490856107094
-0.00510390959938
-0.000356511729332
-0.000753275828162
-0.000962411061775
-0.00120189494813
-0.00464874352571
-0.00503414138961
-0.00522043069532
-0.000460133909215
-0.000859556995526
-0.00106908610646
-0.00132283813958
-0.00478028568587
-0.00515842717774
-0.000345127275948
-0.000593117532032
-0.000964446025287
-0.00117436531433
-0.00144243675535
-0.0042392334574
-0.00347475615388
-0.00461231552551
-0.00392196653221
-0.00323432215572
-0.00255042141422
-0.00187163740821
-0.00420360849194
-0.0052676640667
-0.00457408737654
-0.00388230769645
-0.00319313715296
-0.00250760717135
-0.0018270829408
-0.00416721322258
-0.00522998158572
-0.00453503448546
-0.00384179436453
-0.00315106604937
-0.00246387324826
-0.00178157311581
-0.00589654567703
-0.00519150319694
-0.00449515775199
-0.00380042753962
-0.00310810996672
-0.00241922090304
-0.00173510934832
-0.00588370033861
-0.0051522297256
-0.00445445809352
-0.00375820824441
-0.0030642700484
-0.00237365141779
-0.00168769308018
-0.00124049332273
-0.00511216201279
-0.00441293644492
-0.00371513752101
-0.00301954745934
-0.00232716609851
-0.00163932577982
-0.00122608923918
-0.00507242675302
-0.00437059375853
-0.00367121643074
-0.00297394338579
-0.00227976627488
-0.00159000894201
-0.00121090621338
-0.00505671963648
-0.00432743100397
-0.00362644605411
-0.00292745903519
-0.00223145330012
-0.00153974408763
-0.00119494455308
-0.00504020716501
-0.00428344916808
-0.00358082749061
-0.00288009563603
-0.00218222855072
-0.00148853276348
-0.00117820458164
-0.00502288969653
-0.00427287481062
-0.00354238335531
-0.00283185443768
-0.00213209342636
-0.001436376542
-0.00116068663797
-0.00500476760619
-0.00426837218398
-0.00353771452005
-0.00280681828679
-0.00208104934963
-0.00138327702108
-0.00114239107654
-0.00499306968387
-0.00426303350939
-0.00353217879424
-0.00280107276376
-0.00207047965293
-0.00134147524828
-0.00114065134157
-0.00498710926946
-0.00425685891125
-0.00352577631658
-0.00279442766955
-0.00206357612244
-0.00133429635832
-0.00114773078731
-0.00498034203854
-0.00424984853342
-0.00351850724743
-0.00278688318346
-0.00205573826564
-0.00132614592558
-0.00115403031053
-0.00497276813798
-0.00424200253919
-0.00351037176884
-0.00277843950901
-0.00204696631072
-0.00131702420662
-0.00115954978343
-0.00496438773215
-0.00423332111126
-0.00350137008447
-0.00276909687387
-0.00203726051295
-0.00130693148846
-0.00116428909401
-0.00495520100284
-0.00422380445172
-0.00349150241959
-0.0027588555299
-0.00202662115467
-0.00129586808855
-0.00116824814607
-0.00494520814928
-0.00421345278203
-0.00348076902108
-0.00274771575305
-0.00201504854525
-0.00128383435472
-0.00117142685926
-0.00494050818374
-0.004202266343
-0.00346917015734
-0.00273567784336
-0.00200254302104
-0.0012708306651
-0.00117382516905
-0.00494298753313
-0.00419024539474
-0.00345670611831
-0.00272274212492
-0.00198910494534
-0.00125685742807
-0.00117544302673
-0.00494466006071
-0.00417739021667
-0.0034433772154
-0.00270890894579
-0.00197473470831
-0.00124191508225
-0.00399972533928
-0.00190872989269
-0.00394846080687
-0.00198855690684
-0.0050071734768
-0.00189474342327
-0.00489157930176
-0.0040271797091
-0.00192827886409
-0.00395689579755
-0.00199711470531
-0.00501585024259
-0.0019035345189
-0.00490047926123
-0.004053988403
-0.00195548663402
-0.00396466845091
-0.00200500053707
-0.00502384571401
-0.00191163535661
-0.00490868042827
-0.00408015850441
-0.00198204645626
-0.00397177865319
-0.00201221428334
-0.00503115976722
-0.00191904580763
-0.00491618266928
-0.00410568965468
-0.00200795795599
-0.00397822630032
-0.00201875583542
-0.00503779228895
-0.00192576575413
-0.00492298586199
-0.00413058150362
-0.00203322076721
-0.00398513168818
-0.00202462509472
-0.00504374317644
-0.00193179508924
-0.00492908989552
-0.00416003859381
-0.00205783453286
-0.00497670166801
-0.00202982197277
-0.00504901233747
-0.00193713371705
-0.00493449467034
-0.00419479013321
-0.00208180635536
-0.00500100960547
-0.00203434639122
-0.00505359969038
-0.00194178155263
-0.00493920009833
-0.00422890590107
-0.00210512099435
-0.0050246586124
-0.00203819828186
-0.00505750516407
-0.00194573852202
-0.00494320610275
-0.00426238543137
-0.00213170735652
-0.00504764834419
-0.00204137758659
-0.00506072869798
-0.00194900456225
-0.00494651261825
-0.00429522826633
-0.00216503224878
-0.00506997846563
-0.00204388425746
-0.00506327024215
-0.00195157962134
-0.00494911959091
-0.00432743395647
-0.0021977108696
-0.00509164865091
-0.00204571825667
-0.00506512975716
-0.0019534636583
-0.00495102697818
-0.0043590020606
-0.00222974275822
-0.00511525494287
-0.0020664854351
-0.00506630721418
-0.00195465664314
-0.00495223474895
-0.00438993214586
-0.00226112746258
-0.00514708235891
-0.00208711408085
-0.00506680259494
-0.00195515855687
-0.00495274288351
-0.00519285272097
-0.00229186453936
-0.00517826066266
-0.00210707288155
-0.00506661589178
-0.00335819683997
-0.00495255137358
-0.00522250550347
-0.00232195355397
-0.00520877449985
-0.00212759149345
-0.00506574710757
-0.0033573165985
-0.00495166022227
-0.00525151901889
-0.00235139408063
-0.00523863087713
-0.00215785001507
-0.0050641962558
-0.00335574529497
-0.00495006944413
-0.00527989286803
-0.00238018570236
-0.0052678293597
-0.00218744195557
-0.00506654610994
-0.00335348295437
-0.00494777906511
-0.00530762666017
-0.00240832801104
-0.00529636952202
-0.00221636687207
-0.00508404786659
-0.00335052961271
-0.000181346099607
-0.00533472001308
-0.00243582060741
-0.00532425094775
-0.00224462433128
-0.00511249049781
-0.00334688531701
-0.000177656642338
-0.00536117255307
-0.00246266310111
-0.00535147322984
-0.00227221763484
-0.00514043243959
-0.00334255012526
-0.000173267730516
