-0.00121913540475
0.000278735548743
-0.00242201792704
-0.000748922088056
0.000755710663752
-0.00226501319323
-0.000584303291011
-0.00119446512795
0.000302889304381
-0.00239843252161
-0.000728035455544
0.000770007370861
-0.00225098655922
-0.000570572876565
-0.00116851909619
0.000328292484706
-0.00237362669166
-0.000705953950121
0.000785478672707
-0.00223580740866
-0.000555714168451
-0.00114129872611
0.000354943759733
-0.00234760167597
-0.000682678627445
0.00080212385632
-0.00221947641494
-0.000539727798387
-0.00111280550167
0.000382841736165
-0.00232035877238
-0.000658210598899
0.000819942155278
-0.00220199430198
-0.000522614445509
-0.00108304097374
0.000411984957749
-0.00229189933749
-0.000632551031334
0.000838932749883
-0.00218336184407
-0.000504374836227
-0.00105200675974
0.000442371905651
-0.00226222478636
-0.000605701146784
0.000859094767347
-0.00216357986566
-0.000485009744067
-0.00101970454311
0.000474000998849
-0.00223133659209
-0.000577662222189
0.000880427281992
-0.00214264924121
-0.000464519989512
-0.000986136072957
0.000506870594538
-0.00219923628554
-0.000548435589085
0.000902929315464
-0.00212057089499
-0.00044290643983
-0.000951303163528
0.000540978988547
-0.00216592545489
-0.000518022633298
0.000926599836951
-0.00209734580088
-0.00267127166663
-0.000915207693747
0.00057632441578
-0.00213140574528
-0.000486424794615
0.000951437763422
-0.00432407663991
-0.0026474133147
-0.000877851606717
0.00061290505066
0.00232904028152
-0.000453643566452
-0.00140334450375
6.41449259562e-05
-0.00262243404827
-0.000839236909208
0.00065071900759
0.00236597258777
-0.00280046695912
-0.00137617522405
9.08039276297e-05
-0.00259633491981
-0.000799365671127
0.000689764341435
-0.000119630391049
-0.00276532364501
-0.00134784209928
0.000118605290015
-0.00256911702759
-0.000758236299686
-0.00179369984288
-8.02927420324e-05
-0.00272900173989
-0.00131834641878
0.000147547794597
-0.00254078151541
-0.0032395973309
-0.00175219782632
-3.97552797736e-05
-0.0026915029481
-0.00128768952278
0.000177630174688
-0.00251132957238
-0.0031959695137
-0.00170947062054
1.98001764005e-06
-0.00265282902576
-0.00125587280209
0.000208851115698
-0.00248076243269
-0.00315109405589
-0.00166552040381
4.49111182115e-05
-0.00261298178035
-0.0012228976978
0.000241209255417
-0.00244908137533
-0.00310497333464
-0.00162034941139
8.90359365151e-05
-0.00257196307032
-0.00118876570092
0.000274703184314
-0.00241628772383
-0.00305760978681
-0.00157395993493
0.000134352334189
-0.00252977480466
-0.00115347835212
0.000309331445831
-0.00238238284601
-0.00300900590832
-0.00152635432193
0.00018085812044
-0.00248641894247
-0.0011170372413
0.0003450925367
-0.00234736815366
0.00122578777089
-0.000809724227652
-0.00272392521723
-0.00441914287906
0.0005559669999
-0.00119412869494
-0.00269947513182
0.00122756404336
-0.000809065421487
-0.00272324860477
0.000141950126583
0.000552960904406
-0.00119721470406
-0.00270263335744
0.00123054387226
-0.000807169304291
-0.00272130124096
0.000143945243974
0.000551286414243
-0.00119893371185
-0.00270439259521
0.00123472711369
-0.000804035972823
-0.00271808323061
0.000147242160938
-0.00140429174856
-0.00119928561121
-0.00270475273035
-0.000877335852
-0.00079966558695
-0.0027135947469
0.000151840691242
-0.00140330280984
-0.00119827038023
-0.00270371373936
-0.00087074644934
-0.000794058369612
-0.00270783603134
0.000157740575183
-0.00140098220499
-0.00119588808214
-0.00270127569004
-0.000862954413962
-0.000787214606761
-0.00270080739368
0.000164941479669
-0.0013973300712
-0.00119213886536
-0.00269792938188
-0.000853960121659
-0.000779134647291
-0.00269250921185
0.000173442998308
-0.00139234662429
-0.00118702296337
-0.00270301061819
-0.000843764006013
-0.00076981890295
-0.00268294193185
0.000183244651525
-0.0013860321587
-0.00313577607168
-0.00270669306295
-0.000832366558287
-0.00287671726594
-0.00267210606763
0.000194345886697
-0.00137838704737
-0.00312792783985
0.00192692843971
-0.000819768327313
-0.00286493143796
-0.00266000220095
0.000206746078304
-0.00136941174166
-0.0031187141331
0.00192604420754
-0.000805969919353
-0.00285191143634
0.00191376881931
0.000220444528114
-0.0013591067712
-0.00310813552437
0.00192655921386
-0.00079097199796
-0.00283765792302
0.00192840667518
0.00023544046537
-0.00134747274373
-0.00309619267106
-0.000167465700788
-0.000774775283811
-0.00282217162212
-0.000308819695322
0.000251733047011
-0.00133451034493
-0.00308288631487
-0.000164152409597
-0.000757380554545
-0.00280545331975
-0.000291650986829
0.000269321357909
-0.00132022033822
-0.00306821728152
-0.000159440254603
-0.000738788644566
-0.00278750386379
-0.000273218195787
0.00028820441112
-0.00130460356451
-0.00305218648054
-0.000153329543174
-0.000719000444851
-0.00276832416373
-0.000253522306935
0.000308381148166
-0.00128766094201
-0.00303479490494
-0.000145820673767
-0.000698016902738
-0.00274791519037
-0.000232564371362
0.000329850439325
-0.0012693934659
-0.00301604363095
-0.000136914135801
-0.000675839021693
-0.00272627797562
-0.000210345506223
-0.00190051899437
-0.00124980220806
-0.00299593381768
-0.000126610509497
-0.000652467861082
-0.00270341361224
-0.000186866894451
-0.00187646826753
-0.00122888831679
-0.00297446670673
-0.000114910465693
-0.000627904535912
-0.00267932325356
-0.000162129784439
-0.00185112879995
-0.00120665301642
0.00154355754488
-0.000101814765617
-0.00220432984011
-0.00285998550453
-0.00346768537447
-0.00411093028052
-0.00128540157021
-0.00545285123076
-0.00612718416729
-0.00672479912346
-0.00395811900672
-0.00461059881581
-0.00527014187484
-0.00247975539586
-0.00295395646761
-0.00331816988393
-0.0036862924885
-0.000949820966311
-0.00131575932945
-0.0015604935161
-0.0057866506321
-0.0029401230157
-0.00324581048822
-0.00282865078931
-0.00351098206964
-0.00415298759113
-0.00477774898984
-0.00190265645439
-0.00258307561345
-0.00326284467281
-0.00388469391708
-0.00463000591972
-0.00528938964263
-0.0059533255827
-0.00654056175732
-0.00364621726549
-0.00404280943901
-0.00451537365168
-0.00499005313274
-0.00215365973566
-0.00240103791161
-0.00266875959959
-0.000102074426243
-1.58914744736e-06
-0.00702976946822
-0.00414071020189
-0.00481739061228
-0.00544706021286
-0.00257414448422
-0.00324579834251
-0.00391740115725
-0.00456372072995
-0.00169626991213
-0.00236249021025
-0.0030307081814
-0.00362283670067
-0.00431601451257
-0.00481486849842
-0.00532437525476
-0.00580401910557
-0.00297145106896
-0.00335734644149
-0.00349059925033
-0.00391709639982
-0.000822520327016
-0.0042473075301
-0.00126154942176
-0.00546040271517
-0.00609489583322
-0.00676463006318
-0.00390095889635
-0.00454972033318
-0.00522072827309
-0.0058654528951
-0.00301639667267
-0.00366869832931
-0.00426562810152
-0.00133323733887
-0.00187194223204
-0.00241899658131
-0.00291158551637
-0.00376848579426
-0.00415700528282
-0.00429166380266
-0.00471832882269
-0.00162268044682
-0.00482831490871
-0.00185363190994
-0.00259438114072
-0.00323360551023
-0.00390523214797
-0.0010163651478
-0.00520510851489
-0.00585517821123
-0.00650501764227
-0.00365768804607
-0.00428605476219
-0.00491230216484
-0.00553979306776
-0.00260074135414
-0.00318593181594
-0.00368342438065
-0.0040566562108
-0.00109768887089
-0.00123374422525
-0.00168112663006
-0.00240140566995
-0.00538677326403
-0.00612857671114
-0.00319313601095
-0.00383698875228
-0.0045178125289
-0.0016665878815
-0.00230807714116
-0.00297828806805
-0.00359135790356
-0.000734550600761
-0.00496004003562
-0.00560024689798
-0.00624100891567
-0.00332143785355
-0.00393086230063
-0.00443321407243
-0.00481019406202
-0.00185381177366
-0.00199125235257
-0.00243880020197
-0.00233404324444
-0.00592223439224
-0.00669932839134
-0.00376903247834
-0.00441740082617
-0.00513972992554
-0.00587763508023
-0.00294735566315
-0.00363006778122
-0.00426932326916
-0.00492307776368
-0.0020719317148
-0.00273020692681
-0.00337804417028
-0.00403787013355
-0.00465313068035
-0.00516028715969
-0.00554097453821
-0.00258714982947
-0.00272596112997
-0.003173672702
-0.00306787004908
-0.00320069417081
-0.00401331976834
-0.000948946068147
-0.0016017072074
-0.00573858157154
-0.00648200701011
-0.00357052965457
-0.00425864846174
-0.00493321822801
-0.00557840648719
-0.00271136321392
-0.00337754024156
-0.0040323736264
-0.00467283851989
-0.00176434134457
-0.00227661555998
-0.00266096135203
-0.0066479416116
-0.00343718045074
-0.00388505365909
-0.00453048237534
-0.00368884663992
-0.00453721493101
-0.00529823630356
-0.00213471220911
-0.00294120679224
-0.00369001477329
-0.000687243403188
-0.00486346983082
-0.00557372580076
-0.00622430025803
-0.0033471339666
-0.00400058751625
-0.00466232383355
-0.00534213176941
-0.00243929433617
-0.00295623200595
-0.00334417864334
-0.00375274618719
-0.000876873422833
-0.000893739768538
-0.00157565724482
-0.00416962162233
-0.00503699691222
-0.00580270370457
-0.00264329618952
-0.00349238285419
-0.00424642100555
-0.00495626610168
-0.00196115144046
-0.00270743630199
-0.00338227963447
-0.00406718416072
-0.00464699089213
-0.0052935611061
-0.00598687565578
-0.00661910153868
-0.00361110264312
-0.00414575302683
-0.00441359116842
-0.00153902674175
-0.00155604938777
-0.00223696868136
-0.00157977500746
-0.00551222190946
-0.006282437985
-0.0031544948812
-0.00401896226601
-0.00477806622261
-0.00550690716984
-0.00252704479841
-0.00329941593533
-0.00401407806126
-0.00470477069086
-0.00178737313636
-0.00241658812551
-0.00310719056192
-0.00372295334457
-0.00424054887786
-0.00477865776943
-0.00504888418314
-0.00562543356471
-0.00219277620852
-0.00287271831316
-0.0020252144024
-0.0029023925615
-0.00367693031274
-0.00441101044407
-0.00131428725065
-0.00528444327751
-0.00603230163194
-0.00678182422302
-0.00386626364845
-0.0046211423128
-0.0053174897992
-0.00243273090992
-0.00304407039421
-0.00374067907458
-0.00432658197301
-0.0013027428911
-0.00185122378388
-0.00212378006575
-0.00272253293188
-0.0028088380639
-0.00356203874789
-0.00244546815879
-0.00332722045958
-0.00410588092777
-0.00488168685634
-0.00179020213337
-0.00255889252755
-0.00332576651047
-0.00411125458668
-0.00105011693351
-0.00520286578836
-0.00590769210383
-0.00664063366732
-0.003668550132
-0.00434831660483
-0.00493916578373
-0.00542047951084
-0.00243107698211
-0.00270589789725
-0.00333316690904
7.21334540531e-05
-0.000720736960621
-0.0069121607368
-0.00372623657795
-0.00450880964297
-0.00532654831504
-0.00224007340739
-0.00301325842497
-0.00379912193901
-0.0046207832571
-0.00158001627005
-0.00240135537783
-0.00313877281706
-0.00387768476978
-0.00426800404939
-0.00492943891772
-0.00552509878862
-0.00598843136777
-0.00298339189674
-0.00330964367105
-0.00398648750666
-0.0040798269223
-0.00137458413823
-0.00455100499932
-0.00123213931233
-0.00488531845116
-0.00574515409199
-0.00663008976012
-0.0034409097024
-0.00424571143795
-0.00510371425434
-0.00594818659476
-0.00293060616235
-0.0037008475782
-0.00444555508766
-0.00136318602258
-0.00200573861846
-0.0026064605266
-0.00307352608161
-0.00357878322932
-0.00393423590574
-0.00461312194318
-0.005497763628
-0.00200173311784
-0.00489341921664
-0.00157838893909
-0.00236811357994
-0.0032701657693
-0.00415961202693
-0.000826809166744
-0.00466505867946
-0.00555952957238
-0.00644467462223
-0.0034327453842
-0.00423600626078
-0.00498631736706
-0.0056168343904
-0.00253187076682
-0.00313708857716
-0.00375779157324
-0.00423667438635
-0.00148711849597
-0.00171457532841
-0.00263940173887
-0.00260144166489
-0.00520918607364
-0.00610677321073
-0.00269066521243
-0.00363500712587
-0.0045286940245
-0.00120054283027
-0.00205773542957
-0.00297314101671
-0.00389913902125
-0.000733869105825
-0.0047436433096
-0.00549934875209
-0.00613448862152
-0.00303833964513
-0.00363908586329
-0.0043111231666
-0.0048027817361
-0.00205623778258
-0.00228562201468
-0.00321125757759
-0.00317298152626
-0.00549798908471
-0.00639886332664
-0.00298572221039
-0.00397237905098
-0.00487002366323
-0.00567430980372
-0.00245291699114
-0.00338401507913
-0.00434022169858
-0.00518365004091
-0.00204982916558
-0.00281070511658
-0.00345027360367
-0.000168614915034
-0.00411182102781
-0.00484461574851
-0.00534017651241
-0.00259653905386
-0.00282778361278
-0.00375420026366
-0.00371561199545
-0.00324200741869
-0.00414587948658
-0.000622696092098
-0.0016293487778
-0.00518322636124
-0.00600549591134
-0.00281984222698
-0.00379122234472
-0.00475282306684
-0.00562033927562
-0.00250066611132
-0.00326646585665
-0.00391025739389
-0.00448058564552
-0.00123205680226
-0.00201775855619
-0.00251706515225
-0.0066684572985
-0.00334034943937
-0.00426751634749
-0.00422862817987
-0.00347602519299
-0.0043825966279
-0.00524450648232
-0.00191071961261
-0.00281538184696
-0.00365546971439
-0.000358455653611
-0.00137014764028
-0.00513645210982
-0.00603667875208
-0.00292226168917
-0.00369272420469
-0.00434051644927
-0.00488929537629
-0.00170196105928
-0.00249208780411
-0.00299497027442
-0.00383958289406
-0.000385124172119
-0.00135567021766
-0.00254575569659
-0.00368227098979
-0.00459123492497
-0.00549408831594
-0.00216360903618
-0.00307130841145
-0.00392902333107
-0.00492900714969
-0.00171960946669
-0.00269100822651
-0.00362392690174
-0.00451799603036
-0.00408893214324
-0.00474048811475
-0.00527391755304
-0.00601456078054
-0.0029358617218
-0.00344213658396
-0.00428927815312
-0.00170889695299
-0.00180766540055
-0.00299747894627
-0.00162392664007
-0.00502007139107
-0.00335324290734
-0.00168069577522
-0.00496738506699
-0.00330181113639
-0.00166728021249
-0.00176163287066
-0.0051499400395
-0.00348228486578
-0.00181161480351
-0.00509745858998
-0.00343755228566
-0.00179959075174
-0.00189845776112
-0.00527891920163
-0.00361045247753
-0.00194168224231
-0.00523203341292
-0.00357248856968
-0.00193110085903
-0.00203439681553
-0.000407009453329
-0.00373774172899
-0.00207089420194
-0.000365787955722
-0.00370661631908
-0.00206180704254
-0.00216944553673
-0.000534197068281
-0.00386414860969
-0.00219924679481
-0.000498708876539
-0.00383993186432
-0.00219170581164
-0.00230359942683
-0.000660482628698
-0.00398966911279
-0.00232673613582
-0.000630797138985
-0.00397243153606
-0.0023207936772
-0.00243685398769
-0.000787150861117
-0.00411429923551
-0.00245335834281
-0.000762048939036
-0.00410411166548
-0.00244906715193
-0.00256920472142
-0.000913194124236
-0.00423803497956
-0.00258223805686
-0.000892460473773
-0.00423496858462
-0.00257652275071
-0.00270064713092
-0.0010383275914
-0.00436087235163
-0.00271109418447
-0.00102202794176
-0.00436499862673
-0.00270315699092
-0.00283117672036
-0.00116254706359
-0.00448280736387
-0.0028390833658
-0.00115074754341
-0.00449480362454
-0.00282896639277
-0.00296078899574
-0.00128584834686
-0.00460383603434
-0.00296620166301
-0.00127861361875
-0.00462595303179
-0.00295394747965
-0.00308947946538
-0.00140822725284
-0.00472395438748
-0.0030924432788
-0.00140562609838
-0.0047562727481
-0.00307809677844
-0.00321724364051
-0.00152967959929
-0.00484315659199
-0.00321780800736
-0.00153177932801
-0.00488575907114
-0.00320141081993
-0.00334407889843
-0.00165020121057
-0.00496144241186
-0.003342290059
-0.00165706951942
-0.00501440830044
-0.00332388613909
-0.00346997703248
-0.00176978791822
-0.00507880603101
-0.0034658855111
-0.00178149288824
-0.00514221673771
-0.00344551927547
-0.00359493542851
-0.00188843556148
-0.00519524350436
-0.00358859044597
-0.00190504565435
-0.00526918068722
-0.00356630677356
-0.00371894961483
-0.00200613998781
-0.000317470357201
-0.0037104009513
-0.0020277240423
-0.000395301224559
-0.00368624518312
-0.00384201512543
-0.00212289705346
-0.000440750459919
-0.00383131312056
-0.00214952428174
-0.000520565123538
-0.0038053310596
-0.00396412750061
-0.00223870262402
-0.000563117635258
-0.0039529553922
-0.00227044260782
-0.000645780238842
-0.00393403792017
-0.00408528228752
-0.00235355257498
-0.000684567786963
-0.00407540883738
-0.00239047526163
-0.000777456945682
-0.00406882496598
-0.00420547504076
-0.00246744279229
-0.000805096825207
-0.00419696188858
-0.00250961849066
-0.000908294523744
-0.00420279847772
-0.00399270279301
-0.000324142253422
-0.0016697689401
-0.00297289534102
-0.00424999795361
-0.00052424659472
-0.00193608256135
-0.00412884854257
-0.000458727383318
-0.00179695051813
-0.0031053560072
-0.00438449390518
-0.000644043462083
-0.00206447380075
-0.00426418436413
-0.000593821357342
-0.00192326941759
-0.00323695681202
-0.00451812326744
-0.000762914811668
-0.0021919496139
-0.00439870652519
-0.000728177872437
-0.0020487218127
-0.00336769372046
-0.00465088184716
-0.000880856599661
-0.00231850563466
-0.00453241129293
-0.000861703938793
-0.00217768597908
-0.00349756269896
-0.00478276545159
-0.000997864790556
-0.00244413750088
-0.0046652912093
-0.000994395710885
-0.00231253647478
-0.00362655971582
-0.00491376988895
-0.00111393535767
-0.00256884085493
-0.00479734999245
-0.00112624934366
-0.002446542611
-0.00375468074168
-0.00504389096883
-0.00123439284982
-0.00269261134427
-0.0049285801854
-0.0012572609929
-0.00257970039048
-0.00388192174992
-0.00517312450268
-0.0013550187157
-0.00281544462197
-0.00505897805754
-0.00138742681563
-0.00271200581624
-0.00400827871709
-0.00530146630427
-0.00147471339301
-0.00293733634725
-0.00518853987972
-0.00151873820517
-0.00284345489198
-0.00413374762342
-0.000428916958523
-0.00159599192385
-0.00305828218611
-0.00531726192458
-0.00165006147033
-0.00297404362248
-0.00425832445323
-0.000555462748533
-0.00174195254029
-0.00317827781182
-0.000445145235331
-0.00178053598364
-0.00310376801403
-0.00438200519539
-0.00068110426625
-0.0018870609877
-0.00329731890553
-0.00057217655263
-0.00191015786355
-0.00323262407485
-0.00450478584383
-0.000805837339498
-0.00203131265598
-0.00341540115686
-0.000698356925191
-0.00203892323039
-0.0033606078155
-0.00462666239794
-0.000929657800841
-0.00217470292918
-0.00353321509476
-0.000834270153076
-0.00216682820682
-0.00348771524931
-0.00474763086312
-0.00106009430112
-0.00231722718603
-0.00367331947086
-0.000970388960996
-0.00229386891817
-0.00361394239284
-0.00486768725121
-0.00119955752731
-0.00245888080036
-0.00381252953491
-0.00110568049222
-0.00242004149289
-0.00373928526632
-0.004986827581
-0.0013381514981
-0.00259965914152
-0.00395084053205
-0.00124014085419
-0.00254534206299
-0.00386373989405
-0.00510504787873
-0.00147587175283
-0.00273955757491
-0.00408824770466
-0.00137376615406
-0.00266976676442
-0.00398730230493
-0.00522913521706
-0.00161271382869
-0.00287857146242
-0.00422474629292
-0.001506552499
-0.00280045652505
-0.00410996853285
-0.000353660580192
-0.00174867326115
-0.00301709489564
-0.00436033153534
-0.00163849599664
-0.00293712146338
-0.00423173461719
-0.000477272950775
-0.00188374558449
-0.00315847563304
-0.0044949986693
-0.00152889759261
-0.00108925976262
-0.00472612292738
-0.00340853249881
-0.00205030554699
-0.00185345982652
-0.000564715254179
-0.00154749945625
-0.001108373192
-0.00474577075261
-0.00342873845087
-0.00207109418954
-0.00184919860293
-0.000560323436592
-0.00156544869404
-0.00112681618462
-0.00476472954721
-0.00344823596605
-0.00209115414987
-0.00184418376172
-0.000555154917709
-0.00158274505016
-0.00114458846301
-0.00478299900981
-0.00346702471666
-0.00211048507115
-0.0018408606677
-0.000549209801478
-0.00159938827791
-0.0011616897596
-0.00480057884983
-0.00348510438668
-0.00321606112583
-0.00186000677047
-0.000542488207444
-0.00161537813985
-0.00117811981683
-0.00481746878753
-0.00350247467187
-0.00323393294959
-0.00187840195847
-0.000534990270737
-0.00243071304872
-0.00119387838709
-0.00483366855397
-0.00351913527977
-0.00325107474047
-0.0018960458845
-0.000526716142058
-0.00244539550347
-0.00120896523282
-0.0048491778911
-0.00353508592969
-0.00326748619282
-0.00191293821532
-0.00051766598766
-0.00245942393533
-0.00122338012643
-0.00486399655171
-0.00355032635279
-0.00328316701385
-0.00192907863169
-0.000531053809712
-0.00247279814379
-0.00123712285041
-0.00487812429952
-0.00356485629205
-0.00329811692367
-0.00194446682843
-0.000546899039241
-0.0024855179376
-0.00125019319729
-0.00489156090917
-0.00357867550233
-0.00331233565529
-0.00195910251444
-0.000561969522627
-0.0024975831348
-0.00126259096966
-0.0049043061662
-0.00359178375037
-0.00332582295467
-0.00197298541268
-0.000576264957466
-0.00250899356275
-0.00127431598021
-0.00491635986713
-0.00360418081483
-0.00333857858072
-0.00198611526027
-0.000589785056758
-0.00251974905809
-0.00128536805174
-0.00492772181944
-0.00361586648628
-0.00335060230533
-0.00199849180844
-0.000602529548939
-0.00252984946683
-0.00129574701714
-0.0049383918416
-0.00467312187517
-0.00336189391341
-0.00201011482263
-0.000614498177909
-0.00253929464426
-0.00130545271945
-0.00494836976307
-0.00468338418011
-0.00337245320287
-0.00202098408245
-0.000625690703054
-0.00254808445508
-0.00131448501183
-0.00495765542431
-0.00469293453547
-0.00338227998467
-0.00203109938173
-0.000636106899275
-0.0025562187733
-0.0013228437576
-0.00496624867683
-0.00470177277971
-0.00339137408281
-0.00204046052853
-0.000645746557007
-0.00256607293931
-0.00133052883023
-0.00497414938315
-0.00470989876326
-0.00339973533438
-0.00204906734517
-0.00065460948224
-0.00258012787805
-0.00133754011336
-0.00498135741685
-0.00471731234859
-0.00340736358956
-0.00205691966823
-0.000662695496541
-0.0025935280229
-0.00134387750084
-7.730674985e-05
-0.00472401341017
-0.0034142587116
-0.00206401734858
-0.00067000443707
-0.00348712692913
-0.00510658834241
-0.00171866159869
-0.00336566298676
-0.00509564562793
-0.00149569026348
-0.00317451166972
-0.00352139988032
-0.00514079980246
-0.0017534434272
-0.00339627344218
-0.00512453490554
-0.0015248448241
-0.00320391440439
-0.00355511398669
-0.0051825454199
-0.00178765506571
-0.00343434772326
-0.00515284014654
-0.00155341008377
-0.00323272291572
-0.00358826889258
-0.00521562727017
-0.00182129613833
-0.00347184745222
-0.00518056102604
-0.0015813857086
-0.0032609368613
-0.00362086424788
-0.00524814377783
-0.00185436627513
-0.00350877220958
-0.0052076972256
-0.00160877137138
-0.0032885559055
-0.00365289970815
-0.00528009459211
-0.00188806190093
-0.00354512158188
-0.00524211797592
-0.00163556675151
-0.00331557971953
-0.00368437493457
-0.00531147936808
-0.001923473887
-0.00358089516172
-0.00527823528437
-0.00166177153514
-0.00334200798148
-0.00371528959397
-0.00534229776664
-0.00195831534185
-0.00361609254778
-0.00531377102085
-0.00168738541506
-0.00336784037626
-0.00374564335888
-0.000372814993241
-0.00199258588204
-0.00365071334484
-0.00534872477872
-0.00171601093601
-0.0033930765957
-0.00377980167966
-0.000402499643118
-0.00202628513004
-0.00368475716378
-0.00538309615767
-0.0021523815603
-0.00341771633854
-0.00382015020456
-0.000431616933489
-0.00205941271431
-0.00371822362166
-0.00541688476366
-0.00218647371376
-0.00344175931043
-0.00385994166868
-0.000460166548781
-0.00209196826929
-0.00375111234168
-0.00545009020902
-0.00221997760056
-0.00346520522397
-0.00389917565274
-0.000488148179349
-0.00212395143544
-0.00378342295322
-0.00548271211241
-0.00225289282909
-0.00349764718124
-0.00393785174291
-0.000515561521489
-0.00215536185924
-0.00381515509189
-0.000525353318157
-0.00228521901426
-0.00353024214718
-0.00397596953085
-0.000542406277453
-0.00227063289782
-0.00384630839951
-0.000556807019156
-0.00231695577757
-0.00356224290385
-0.00401352861373
-0.00056868215547
-0.00230089680055
-0.00387688252415
-0.000587676072548
-0.0023481027471
-0.00359364907002
-0.00405052859424
-0.000603784084787
-0.00233058693672
-0.00390687712013
-0.000617960122639
-0.00237865955752
-0.00362446027125
-0.00408696908062
-0.00064058344998
-0.00235970297712
-0.00393629184808
-0.000647658820196
-0.00240862585015
-0.00365467613989
-0.00412284968666
-0.000676817584697
-0.00238824459865
-0.00396512637493
-0.000676771822464
-0.00243800127295
-0.00368429631509
-0.00415817003177
-0.000712486097079
-0.00241621148435
-0.0039933803739
-0.000705298793191
-0.00246678548055
-0.00371332044282
-0.00419292974094
-0.000747588601029
-0.00244360332341
-0.0040210535246
-0.000733239402642
-0.00249497813427
-0.00430501579436
