0.00276587835145
-0.0010617898186
0.000378439431718
0.00175124499655
-0.00112590804899
7.30908841623e-05
0.00121816987221
0.0028250217834
-0.00100273305226
0.000437251161999
0.00180965917158
-0.00106803472691
0.000130292073266
0.00127738174267
0.00288520496379
-0.000942637934854
0.000497097289438
0.00186910131942
-0.00100914219053
0.000188501562756
-0.00143187869147
0.00294642563785
-0.000881506711548
0.000557975595887
0.00192956926532
-0.000949232556419
-0.00252174731994
-0.00137068423116
0.00300868151862
0.00313032753016
0.000619883831443
0.0019910608033
0.000381984355116
-0.00246152739636
-0.00130850158603
0.00307197028734
0.00319352410185
0.00068281971484
-0.000828473859833
0.000443921713168
-0.0024003053981
-0.00124533286651
0.00313628959389
0.00325774985309
-0.00210834115554
-0.00076494187871
0.000506869637435
-0.00233808345886
-0.00118118021029
0.00320163705716
0.000369876317579
-0.00204335694373
-0.000700393107088
0.000570825891365
-0.00227486374098
-0.00111604578208
0.00031488417028
0.000436153284286
-0.00197735211207
-0.000634829872083
0.00063578820933
-0.0022106484351
-0.00104993177321
0.000382280681915
0.000503452226427
-0.00191032906331
-0.00056825453012
0.00070175429701
-0.00214543975979
-0.000982840401294
0.000450698025318
0.000571770682825
-0.00184229022953
-0.000500669466538
0.000768721831764
-0.0020792399612
-0.000914773909913
0.000520133699672
0.000641106163098
-0.00177323807174
-0.000432077095193
0.000836688463015
-0.00201205131271
-0.000845734568229
0.000590585175284
0.000711456148074
-0.00170317507953
-0.000362479858056
0.000905651812635
-0.00194387611455
-0.000775724670654
0.000662049894007
0.000782818090221
-0.00163210377055
-0.000291880224815
0.000975609475326
-0.00187471669342
-0.000704746536493
0.000734525269672
0.000855189414064
-0.00156002669019
-0.000220280692464
0.00104655901901
-0.00180457540217
-0.000632802509588
0.000808008688518
0.00092856751662
-0.0014869464111
-0.000147683784898
0.00111849798524
-0.00173345461938
-0.000559894957966
0.000882497509621
0.00100294976783
-0.00141286553278
-7.40920525068e-05
0.00119142388953
-0.00166135674901
-0.000486026273476
0.000957989065332
0.00107833351097
0.00252714053617
4.91928238991e-07
0.00126533422184
0.00245449021883
-0.000411198871431
0.00103448066171
0.00115471606311
0.00260321470909
7.60655551993e-05
0.0013402264469
0.00252853495282
-0.000335415190249
0.00111196957897
0.00123209471554
0.00268028152581
0.000152626200979
0.00141609800463
0.00260354941398
-0.000258677691089
0.0011904530719
0.00131046673419
0.00275833828363
0.000230171213342
0.00149294631054
0.00267953110058
-0.00313993758146
-8.61210190256e-05
0.00082923237463
-0.000971447768856
-0.00268685361167
-0.000191062180687
-0.00190260662458
-0.00112584259644
-2.78363193058e-05
-0.00181275209302
-0.000915244966233
-0.00262953539824
-0.000137359067505
-0.00185185212855
-0.00107509112796
3.15091213278e-05
-0.00175594963521
-0.000857929621803
-0.00257108133592
-8.24881831454e-05
-0.00179989855151
-0.0010231096609
9.19129914979e-05
-0.00169806134425
-0.000799504184466
-0.00251149403171
-2.64521024546e-05
-0.00174674845488
-0.000969900891871
0.000153372945495
-0.00163908957804
-0.000739971143158
-0.00245077613497
3.07465528492e-05
-0.00169240445156
-0.000915467573001
0.000215886603705
-0.00157903673161
-0.000679333026353
-0.00238893033682
8.91051147612e-05
-0.00163686920525
-0.00346899931702
0.000279451553048
-0.00151790523667
-0.00331529117351
-0.00232595936961
0.00014862086958
-0.00158014542988
-0.00341212537345
0.000340281301245
-0.00145569756107
-0.00325245064674
0.00196995015138
0.000209291058505
-0.00152223588894
-0.0033540354626
0.000402162372265
-0.00139241620844
-0.00318851286201
0.00203516309766
0.000271112878243
-0.00146314339489
-0.00329473255172
0.000465093315344
-0.00132806371762
-0.00312348050082
0.00210149277438
0.000334083481617
-0.00140287080845
-0.00323421966008
0.000529071717482
-0.00126264266224
-0.00305735628162
-0.000676443708266
0.000398199978183
-0.00134142103799
-0.00317249985823
0.00059409513309
-0.00119615565022
-0.00299014295926
-0.000612686379895
0.000463459434853
-0.00127879703884
-0.00310957626727
0.000660161084427
-0.00112860532327
-0.00292184332451
-0.000547812722589
0.000529858876525
-0.00121500181265
-0.0030454520581
0.000727267062044
-0.00105999435644
-0.00285246020345
-0.000481825556216
0.000597395286712
-0.00115003840669
-0.00318375295574
0.000795410525222
-0.000990325457585
-0.00278199645698
-0.000414727739308
0.000666065608185
-0.00108390991317
-0.00311723721831
0.000864588902427
-0.000919601366901
-0.00271045498026
-0.000346522168489
-0.002109223139
-0.00101661946858
0.00106826832481
-0.00197283418968
-0.000847824856411
-0.00263783870217
-0.000277211777888
-0.00203829432641
-0.000948170252956
0.00113716232808
-0.00190159382006
-0.000774998729471
0.00152027446232
-0.000206799538558
-0.00196624101224
-0.000878565489205
0.00120724037444
-0.00182932643142
-0.000701659628529
0.0015950314245
-0.000135288457885
-0.00189306641024
-0.000807808442402
0.00127849901014
-0.00175603471405
-0.000627510603713
0.00167085420471
-6.26815789971e-05
-0.00181877377163
-0.00358002372621
0.00135093473698
-0.00168172138678
-0.00345995289836
0.0017477397448
1.10180198319e-05
-0.00174336638448
-0.00350697207364
0.00142454401314
-0.00395739709217
-0.00447652433219
-0.00503725226315
-0.00944934781344
-0.00688109122533
-0.00736131055135
-0.00777314355285
-0.00824641550254
-0.00590784336636
-0.00634315468604
-0.00668334382962
-0.00695486520866
-0.00442253118189
-0.00470136633684
-0.0047044026147
-0.00503760286322
-0.00235714615795
-0.00711865159782
-0.00673427135243
-0.00716769814606
-0.00444868925813
-0.00798523635717
-0.00522598327441
-0.00582175709989
-0.00636658664525
-0.00684427980372
-0.00418611304057
-0.00463293945898
-0.00911824667305
-0.00678465765457
-0.00722411180874
-0.00756756599839
-0.00784144440331
-0.00532891600205
-0.00560875064511
-0.00561181711399
-0.00594407796646
-0.00326172127735
-0.00366945281244
-0.0032813141388
-0.00375126651463
-0.00533654400509
-0.00870447847074
-0.00595788841755
-0.0065890160874
-0.00713828133736
-0.00763494952701
-0.00498489354321
-0.00546725378198
-0.00598295095775
-0.00652202889276
-0.00397785586769
-0.00843563870506
-0.00871187586696
-0.00891271589808
-0.00650034608421
-0.00650344280939
-0.00683476226312
-0.00415050171729
-0.00455538538006
-0.00416348201502
-0.0046287881221
-0.0030294928585
-0.00577335948537
-0.00669439998245
-0.00733860709865
-0.00789227642849
-0.00840814035965
-0.00576623921046
-0.00628466619727
-0.006822023295
-0.00736607911108
-0.00482604702597
-0.0051760331943
-0.00547337646171
-0.00567717345628
-0.00315430470825
-0.00737880775607
-0.00770918475948
-0.00751159987379
-0.00542505173668
-0.00598297639897
-0.00549003936183
-0.00610199521703
-0.00647626101677
-0.00705948954284
-0.0043009748056
-0.00486202743629
-0.00916341263097
-0.0096846425543
-0.00708472196604
-0.0076440279533
-0.00819305062897
-0.00565715155783
-0.00601039741137
-0.00632900075398
-0.00653476279266
-0.00401289680282
-0.00401605411192
-0.00436488715238
-0.00487732004823
-0.00199360835904
-0.00683213545625
-0.0063345537785
-0.00694102974996
-0.00716045198354
-0.00776721437985
-0.0050139494112
-0.00559467452226
-0.00613119299473
-0.00669304867329
-0.00397220073178
-0.00455373493491
-0.00900246858624
-0.00945846085082
-0.00682961321214
-0.0071673948116
-0.00737511947511
-0.00766160780118
-0.00530461069304
-0.00520533429984
-0.00571586384286
-0.00541305039541
-0.00342401943268
-0.00292180187228
-0.00357728598477
-0.00782552027738
-0.00845631995559
-0.00911676458695
-0.00630855473579
-0.00686800679675
-0.0074523313715
-0.00473615451353
-0.00534019109012
-0.00589908979984
-0.00635918378517
-0.00362514589272
-0.00396709087654
-0.00837859250369
-0.00848523213664
-0.00612826521755
-0.00602804963336
-0.00653668051162
-0.00623102876919
-0.00423824909228
-0.00373141015755
-0.00438144551742
-0.00491308912329
-0.00556515963214
-0.00979139916293
-0.00700322447981
-0.00758978735591
-0.00819289613963
-0.00875342942153
-0.00610815353873
-0.00667194823267
-0.00713611997228
-0.00756891693763
-0.00476952678235
-0.00516996099925
-0.00527759618894
-0.00281426785143
-0.00271311654339
-0.00733926519883
-0.00703078637454
-0.00503427363377
-0.00452283392819
-0.00516744667432
-0.00555985652633
-0.0062249255861
-0.00688147251116
-0.00401882351576
-0.00463279210371
-0.00525485811963
-0.00947939180217
-0.00685713521917
-0.00742578849831
-0.00790001446708
-0.00834974044502
-0.0055532191467
-0.00595559353366
-0.00606421918945
-0.00652053043616
-0.00349883852666
-0.00403638945888
-0.00372509873161
-0.00432514878959
-0.00529557647763
-0.00593480032674
-0.00621120815855
-0.0068720684578
-0.00753086905497
-0.00818496260289
-0.00531538992201
-0.00595657739739
-0.00654525774033
-0.0038005192772
-0.00437398627898
-0.00865785525093
-0.00911132135021
-0.00631764911737
-0.00672195061284
-0.00683156016755
-0.0072879011427
-0.00426528445883
-0.0048009664203
-0.00448688315428
-0.00508324743069
-0.00320236057443
-0.00258117294321
-0.00684240744023
-0.00750635120384
-0.00817397361153
-0.00883718714094
-0.00597770621639
-0.0066381639869
-0.00725328049861
-0.00790884807735
-0.00508828891083
-0.00560984072681
-0.00606822586531
-0.00639163821711
-0.00355717970834
-0.00757908981681
-0.00803546027606
-0.00501192644777
-0.0055457550412
-0.00624334239236
-0.00582161369639
-0.00393622789083
-0.00330974309707
-0.00395216550731
-0.00461908277225
-0.00529549720513
-0.00948392268068
-0.00663866256229
-0.00729914279402
-0.00794096887919
-0.00859792394727
-0.00579178323841
-0.00632770259839
-0.00678975623062
-0.00711596437456
-0.00428339757521
-0.00439494893082
-0.00487148656854
-0.00551942289689
-0.00228037064371
-0.00696507243261
-0.00653972842549
-0.00728556848669
-0.00401816889818
-0.00820119898794
-0.00521156371989
-0.00593793166431
-0.00662712394134
-0.00728186677445
-0.00438019049761
-0.00503811937713
-0.00926603451717
-0.00648443009697
-0.00702479355332
-0.00749047035272
-0.00800963693878
-0.00498874265922
-0.00557442005222
-0.00557781506259
-0.00622485417666
-0.00298398918683
-0.00372277797856
-0.00329386327239
-0.00409239530858
-0.000699923956312
-0.00876940786803
-0.00578250351328
-0.00656275673364
-0.00725691618313
-0.00790372916103
-0.00502298111874
-0.00568366392263
-0.00634296781307
-0.00698492209908
-0.0040630957039
-0.00450216135268
-0.00869172668416
-0.00891474150851
-0.00625929410012
-0.00626271755674
-0.00690887189378
-0.00366621947041
-0.00440233929847
-0.00396990509955
-0.00476410701043
-0.00136654247823
-0.0060437101449
-0.0063698875382
-0.00716615092087
-0.0078651758855
-0.0085134898707
-0.00565742708734
-0.00631978084179
-0.0069932400494
-0.00763459183723
-0.00471707096691
-0.00515964882025
-0.00569222708636
-0.00591705517546
-0.00314814618245
-0.00692565104772
-0.00757093477885
-0.0073529532851
-0.00506001801259
-0.00462412236012
-0.00541406675302
-0.00476707380205
-0.00656785227097
-0.00733340998276
-0.00434887602367
-0.00505265531302
-0.00571135357097
-0.0098396149498
-0.00693729352159
-0.00763840701674
-0.00826738037406
-0.0088455079526
-0.00579472484138
-0.00632993180753
-0.00655653972723
-0.00378853999455
-0.00379201892177
-0.00446987317783
-0.00425016546278
-0.00186608281674
-0.00658841892988
-0.00604175779455
-0.00698153739393
-0.00706935649159
-0.00788741143457
-0.00490806264491
-0.0056164753738
-0.00628552449699
-0.00703085217057
-0.0040599926763
-0.00476981059504
-0.00888824142803
-0.00945657156951
-0.0064068590286
-0.00694463923537
-0.00717298971755
-0.00776459085146
-0.00440938612876
-0.00508640355176
-0.00593489701399
-0.00560220376475
-0.00342872100139
-0.00287797365623
-0.00388271993177
-0.00754783036687
-0.00841879412301
-0.0092306030921
-0.00615739799349
-0.00683912301778
-0.00759794791834
-0.00467393809096
-0.00537649402739
-0.00598802174676
-0.00656157335753
-0.00342440038489
-0.0039731657684
-0.00776586825909
-0.00835833873874
-0.00578935393715
-0.00567936058182
-0.00652620389845
-0.00619104824637
-0.00401432122753
-0.00345958680758
-0.00447055540452
-0.00489860504613
-0.00581188048379
-0.00974382312751
-0.0066749801625
-0.00737785422086
-0.00816360933304
-0.00893564474181
-0.00595991763393
-0.00657440139164
-0.00713971642812
-0.0075759543895
-0.00454028449318
-0.00526757625044
-0.00538546499108
-0.00274764936607
-0.00263686051092
-0.0070934488776
-0.00675589659724
-0.00457601264911
-0.00401739950802
-0.00504382209659
-0.005378333226
-0.00629676752809
-0.00711816320954
-0.00391852732048
-0.00464261243171
-0.00547730550357
-0.00950497102507
-0.00651957481311
-0.00713837109221
-0.0076936727119
-0.00833118406319
-0.00509550272139
-0.00581172174679
-0.00593043171198
-0.00672190846432
-0.00318108014684
-0.00407159576097
-0.00373171848913
-0.00467989121064
-0.00455091266028
-0.00559319380016
-0.00583440254457
-0.00675779592067
-0.00758371922646
-0.00830925956024
-0.00513347155908
-0.00601748768923
-0.00680011170492
-0.00367181826307
-0.00432360117169
-0.00483713146065
-0.00886341412976
-0.00562996614539
-0.00634023374607
-0.00645022446566
-0.00724172521817
-0.00370015056827
-0.00458915941849
-0.00424703471116
-0.00520562918737
-0.0014692207856
-0.00255982002409
-0.000825765759556
-0.00388526964935
-0.00228519495879
-0.000735970778772
-0.00496194051267
-0.00336607529949
-0.00203367700635
-0.000930368873976
-0.00398975251376
-0.0023893026898
-0.000839456649612
-0.00506516475635
-0.00365315855875
-0.00214073348015
-0.00103406427312
-0.0040933284218
-0.00249250583821
-0.000942041893873
-0.0053509756165
-0.00375447731252
-0.00224692387796
-0.00113684871103
-0.00419599413769
-0.00259480119994
-0.00123733135307
-0.00545240841258
-0.00385490539116
-0.00235224515376
-0.00123871895495
-0.00429774643889
-0.00288759845027
-0.0013381059017
-0.00555294085233
-0.00395443979381
-0.0024566942723
-0.0013396717858
-0.0045873043917
-0.00298806867979
-0.00143797040815
-0.00565256986515
-0.00405307753295
-0.0025602682095
-0.00163517836241
-0.0046872202509
-0.00308762159147
-0.00153692176142
-0.00575129239425
-0.0041526095806
-0.00266296395279
-0.00173428676649
-0.00478621311132
-0.00318625403663
-0.00163495686499
-0.00584910539702
-0.00425561664459
-0.00276477850151
-0.00183246818627
-0.00488427980753
-0.00328396288151
-0.00173207263715
-0.00594600584547
-0.00435773187764
-0.00286570886719
-0.00192971946145
-0.000211170855012
-0.00338074500762
-0.00182826601147
-0.00113100013074
-0.00445895220715
-0.002965752074
-0.00202603744749
-0.000307375788161
-0.00347659731221
-0.00192353393718
-0.00122606644682
-0.0045592745735
-0.00306490515904
-0.00212141901603
-0.000402645154408
-0.00357151670866
-0.0020178733796
-0.000571035779219
-0.00465869593045
-0.00316316517277
-0.00221586105535
-0.000496975852171
-0.00366550012692
-0.00211128132052
-0.000664256035821
-0.0047572132455
-0.00326052917933
-0.00230936047075
-0.000590364796907
-0.00375854451394
-0.00220375475862
-0.000756548830701
-0.00485482350028
-0.00335699425693
-0.00240191418506
-0.000682808921535
-0.00385064683405
-0.00229529070993
-0.000852305077553
-0.00495152369097
-0.00345255749821
-0.002493519139
-0.000774305176879
-0.00394180406944
-0.00238588620817
-0.000949024247795
-0.00504731082862
-0.00354721601062
-0.00258417229164
-0.000864850532091
-0.00403201322056
-0.00247553830521
-0.00104482050218
-0.00514218193963
-0.00364096691678
-0.00267387062086
-0.000954441975087
-0.00412127130653
-0.0025642440715
-0.00113969080204
-0.00523613406607
-0.00373380735487
-0.00276261112375
-0.00104307651298
-0.00420957536561
-0.00265200059644
-0.00123363212491
-0.0053291642661
-0.00382573447898
-0.00285039081707
-0.00113075117253
-0.00429692245558
-0.00273880498882
-0.00132664146495
-0.00542126961436
-0.00436254256763
-0.00293720673766
-0.00121746300055
-0.00438330965421
-0.00282465437724
-0.00141871583335
-0.00595612462033
-0.00445263459166
-0.00509958201011
-0.00643167866833
-0.00281739534766
-0.00414866239113
-0.00546167105734
-0.00677263302051
-0.00309586581147
-0.00521433752076
-0.00655042178286
-0.00294161939639
-0.00427626534731
-0.0055929967799
-0.0068999083645
-0.00322542049102
-0.00532821194898
-0.00669782215561
-0.00306496029553
-0.00440298117331
-0.00572468845375
-0.00703164097417
-0.00335405009478
-0.00544120183852
-0.00681479303467
-0.0031874141692
-0.00452880580457
-0.00585565702962
-0.00716246931254
-0.00348175010508
-0.0055533037421
-0.00693087233201
-0.00330897714694
-0.00465373518053
-0.00598573192603
-0.00229239372306
-0.00360851600781
-0.0056645142218
-0.00704605641553
-0.00342964536412
-0.00477776524508
-0.00611490885799
-0.00242353118364
-0.00373979572306
-0.00577482984948
-0.00216272444668
-0.00354941496243
-0.00490089194702
-0.00624318354291
-0.00255457274993
-0.00387382766467
-0.00588424720722
-0.00227961453185
-0.00369951492419
-0.00502311124056
-0.00637055170114
-0.00268470185312
-0.00400694187097
-0.00599276288767
-0.00239560796409
-0.00381747573735
-0.00514447106568
-0.00649700905643
-0.00281391402299
-0.00413913366502
-0.00610037349455
-0.00251070107349
-0.00393452639917
-0.00526626137646
-0.00662255133649
-0.0029422047919
-0.00427039837076
-0.00620707564304
-0.00262489019882
-0.00405066308118
-0.00538713626998
-0.00674717427345
-0.00306956969527
-0.0044007313136
-0.00631286596019
-0.00273817168794
-0.00416588196357
-0.00553832453153
-0.00687087360441
-0.0031960042722
-0.00453012782098
-0.0064177410854
-0.00285054189828
-0.00428017923567
-0.00565735645199
-0.00699364507197
-0.00332150406597
-0.00465858322298
-0.00652169767079
-0.00296199719729
-0.0043935510964
-0.00577546083151
-0.00711548442474
-0.00344606462462
-0.00478609285286
-0.00662473238169
-0.00307253396291
-0.00450599375477
-0.00589263364452
-0.00223639218627
-0.0035696815015
-0.00491265204768
-0.00672684189705
-0.00318214858402
-0.00461750343041
-0.00600887087419
-0.00238948172609
-0.00369235025587
-0.00503825614889
-0.00202652232123
-0.00329083746088
-0.00472807635401
-0.0061241685129
-0.00250849929454
-0.00381406645345
-0.00516290050297
-0.00212677153905
-0.00339859700568
-0.00483770876786
-0.00623852256276
-0.00262656781377
-0.00393482566702
-0.00528658046199
-0.00222608568433
-0.00350542364291
-0.00494639692635
-0.0063519290362
-0.00274368307069
-0.00405462347704
-0.0054092913843
-0.00232446149494
-0.00361131380992
-0.00505413709647
-0.00646438395645
-0.00285984086159
-0.0041734554722
-0.00553102863512
-0.00242189572459
-0.00371626395736
-0.00516092555832
-0.0065758833581
-0.00297503699266
-0.00432444439403
-0.00565178758719
-0.00373477531596
-0.0075315143046
-0.00634168815391
-0.00514369463581
-0.00477404468433
-0.00362097550962
-0.00735271684361
-0.00376431531823
-0.00756179577417
-0.00637274304724
-0.00516370252238
-0.00478462424408
-0.00363184763154
-0.00736389524321
-0.00379328041509
-0.00759148819273
-0.0064031941569
-0.00518593203529
-0.00479456154516
-0.00364205977603
-0.00737439511966
-0.00382167028425
-0.00762059121327
-0.00643304110878
-0.00521655516766
-0.00480416322684
-0.00365161179465
-0.0073842163116
-0.00384948460957
-0.00764910449538
-0.00646228353587
-0.00524655837122
-0.00482278797184
-0.00366050354845
-0.00739335866803
-0.00387672308112
-0.00767702770531
-0.00649092107833
-0.00527594125747
-0.00484077192537
-0.0036687349081
-0.00740182204837
-0.00390338539514
-0.00770436051597
-0.00651895338346
-0.00530470344566
-0.00485811484031
-0.00367630575382
-0.00740960632243
-0.00392947125411
-0.00773110260694
-0.00654638010577
-0.00533284456277
-0.00487817425221
-0.00368674836786
-0.00741671137043
-0.00395498036673
-0.0077572536645
-0.00657320090698
-0.00536036424354
-0.00490642329862
-0.00370324872189
-0.00742313708305
-0.00397991244797
-0.00282582290125
-0.00659941545601
-0.00615103977396
-0.0049340343527
-0.00371908985685
-0.00742888336137
-0.00400426721905
-0.00285079097777
-0.00662502342908
-0.00617731551747
-0.00496100703641
-0.00373427154256
-0.00743395011692
-0.00402804440747
-0.00287516712013
-0.00665002450963
-0.00620296877571
-0.00498734098015
-0.00374879355832
-0.00744527824607
-0.00405124374704
-0.00289895104161
-0.00667441838843
-0.00622799921471
-0.00501303582281
-0.00376655396691
-0.00745952747965
-0.00407386497787
-0.00292214246225
-0.00669820476352
-0.00625240650839
-0.00503809121178
-0.00379228583749
-0.00747309827403
-0.0040959078464
-0.00294474110892
-0.00672138334029
-0.00627619033855
-0.00506250680296
-0.0038173608791
-0.00748599042052
-0.00411737210541
-0.00296674671529
-0.00674395383148
-0.00629935039494
-0.00508628226082
-0.0038417787284
-0.00258463894934
-0.00413825751404
-0.00298815902189
-0.00676591595718
-0.00632188637522
-0.00510941725838
-0.00386553903133
-0.00259617321537
-0.00415856383779
-0.00300897777607
-0.00678726944486
-0.00634379798503
-0.00513191147727
-0.00388864144311
-0.0036380523924
-0.00418145470988
-0.00302920273207
-0.00680801402939
-0.00636508493797
-0.00515376460774
-0.00391108562826
-0.00366111355781
-0.00420757121018
-0.00304883365099
-0.00756745193924
-0.00638574695565
-0.00517497634867
-0.00393287126067
-0.0036834982702
-0.00423310993683
-0.00306787030085
-0.00758697795175
-0.0064057837677
-0.00519554640758
-0.00395399802356
-0.00370520618603
-0.00483288505218
-0.0064738461158
-0.00307975401942
-0.00460977785616
-0.00630112384462
-0.00285769928582
-0.00460747134405
-0.00486212830836
-0.0065067861608
-0.00311480214985
-0.0046448507917
-0.00633515963826
-0.00288608908695
-0.00463611835763
-0.00489086991414
-0.0065392211643
-0.00315025011978
-0.00467941013892
-0.00636867661577
-0.0029253544958
-0.00466423505047
-0.00513272522237
-0.00657115084711
-0.00318518927303
-0.0047134555897
-0.00640167447242
-0.00295777472213
-0.0046918211565
-0.00516269407901
-0.0066025749342
-0.00321961930374
-0.00474698684023
-0.00643489044615
-0.00321650427222
-0.00471887641453
-0.00519319691027
-0.0066334931547
-0.0032535399103
-0.0047808964244
-0.00647121480892
-0.00324875570117
-0.00474540056819
-0.00522332575795
-0.0066639052419
-0.0032869507953
-0.00490042823661
-0.00650702087716
-0.00328303044917
-0.00477139336603
-0.00525295283188
-0.00669381093327
-0.00331985166559
-0.00493535990602
-0.00654230832543
-0.00331863990853
-0.00479685456145
-0.00528207788085
-0.0067232162921
-0.00336332497089
-0.00497003599043
-0.0065770768327
-0.00335372582311
-0.00482178391276
-0.00531070065773
-0.00675213258778
-0.00339520494929
-0.00500419761497
-0.00661132608244
-0.00338828786771
-0.00485756753296
-0.0053388209195
-0.00699415732936
-0.00342657405909
-0.00503784447414
-0.00664505576256
-0.00342232572169
-0.0048814324906
-0.00536643842724
-0.00702205907837
-0.00345743202421
-0.00507097626677
-0.0066782655655
-0.00345583906904
-0.00490675426564
-0.00539355294617
-0.00704945318945
-0.0034877785729
-0.00510359269609
-0.00671095518817
-0.00348882759838
-0.00494002787163
-0.00542016424563
-0.00707633942521
-0.00351761343772
-0.00513569346971
-0.00682886747617
-0.00352129100293
-0.00497277192473
-0.00544627209913
-0.00710411243026
-0.00354693635554
-0.00516727829965
-0.00686051584716
-0.0035532289806
-0.00500498611499
-0.00547187628429
-0.00713265373771
-0.0035757470676
-0.00519834690237
-0.0068916431558
-0.00358464123394
-0.00540672557434
-0.00549697658293
-0.00716068729128
-0.00360404531947
-0.00522889899873
-0.00692224911717
-0.00361552747018
-0.00543787912823
-0.00552157278102
-0.00718821284781
-0.00385143858682
-0.00525893431405
-0.00695233345091
-0.00364588740125
-0.00546850191818
-0.00554566466874
-0.0072152301684
-0.00387974059724
-0.00528845257811
-0.00698189588124
-0.00367572074377
-0.00549859365343
-0.00556925204041
-0.00724173901842
-0.00390847002233
-0.00540319666931
-0.00701093613697
-0.00370502721908
-0.00552815404809
-0.0055923346946
-0.00726773916751
-0.00393668662721
-0.00543168003806
-0.00703945395154
-0.00382191153146
-0.0055571828211
