-0.000143799798076
0.0009948679584
-0.000419958275042
0.000809423117485
0.00198185485601
-0.00172305527569
-0.00106530388072
-8.81160955071e-05
0.00105034577207
-0.000364755226431
0.000864285610516
0.00203631471467
-0.00168448656524
-0.00102694003182
-3.17074212608e-05
0.00110654607083
-0.000308833014536
0.000919863144359
0.00209148473269
-0.00164519949289
-0.000987861505856
2.54252016419e-05
0.00116346784266
-0.00256455389951
0.000976154739504
0.00214736395144
-0.00160519474555
-0.000948068978999
8.32807390117e-05
0.00122111006451
-0.0025071963642
0.00103315940567
0.00220395140174
-0.00156447302182
-0.000907563138898
0.00014185814558
0.00127947170233
-0.00244912269054
0.00109087614192
0.00226124610392
-0.00152303503184
-0.000861253144105
0.000201156365087
0.00133855171118
-0.00239033390847
0.00114930393668
0.0023192470679
-0.00148088149732
-0.000819322786083
0.000261174330375
0.00139834903534
-0.0018606398183
-0.00111292631545
0.00237795329329
-0.00143801315142
-0.000776681246049
0.000321910963476
0.00145886260835
-0.00180042395183
-0.00105307948025
0.00243736376943
-0.00139443073871
-0.000733329256974
0.000383365175706
0.00152009135314
-0.00173949613046
-0.00099252468391
0.00249747747554
-0.00135013501509
-0.000689267563014
0.000445535867754
0.0015820341821
0.00266500870389
-0.000931262979509
0.000231754594451
-0.00130512674776
-0.000644496919437
0.000508421929777
0.0016446899972
0.00272735720844
-0.000869295430303
0.000293271657871
-0.00125940671512
-0.000599018092572
0.000572022241492
0.00170805769003
0.00279041442072
-0.000806623109629
0.000349744814161
-0.00121297570672
-0.000552831859733
0.000636335672269
0.00177213614195
0.00285417923793
-0.00074324710082
0.00039707961521
-0.0011658345232
-0.000505939009167
0.000701361081227
0.00183692422414
0.00291865054722
-0.000679168497114
0.000445126541413
-0.0033640956076
-0.000458340339979
-0.00178597011956
0.00190242079769
0.0029838272258
-0.000614388401568
0.000493884760179
-0.00331553651975
-0.000410036662071
-0.00173248003451
0.00196862471376
0.003049708141
-0.000548907926971
0.000543353427914
-0.00326626972451
-0.000361028796076
-0.00167826836837
0.00203553481358
0.00311629215037
-0.00048272819575
0.000593531690097
0.00118707250372
-0.00255751861165
-0.00162333609248
-0.000453014820363
0.00318357810179
-0.000147621987814
0.000644418681348
0.00123775217009
-0.00250710487396
-0.00156768418933
-0.000386775816444
0.00325156483353
-8.00471487397e-05
0.000696013525501
0.00128913697881
-0.00245598947378
-0.00151131365244
-0.000330638025042
0.00332025117439
-1.17764772673e-05
0.000748315335677
0.00134122605355
-0.00240417327398
0.000108919347001
-0.00181371765085
-0.00179887615487
-0.00352081276993
-0.000904269465354
-0.00115609074774
-0.00330257477585
0.000148332988626
-0.00177364187284
-0.00356164604976
-0.00349321457282
-0.000876146987868
-0.00112746008288
-0.00329332583021
0.00018850643484
-0.00173279399889
-0.00352015010825
-0.00346481206562
-0.000847205201022
-0.00109799558489
-0.00328321865166
0.000229438899269
-0.00169117485512
-0.00347787114726
-0.00343560586585
-0.000817444757964
-0.00106769794271
-0.00327225348857
0.000271129581797
-0.00164878528206
-0.00343481004736
-0.00340559660785
-0.000786866329597
-0.0027267091916
-0.00326043061026
0.000313577668644
-0.00160562613454
-0.00339096770408
-0.00337478494272
-0.000755470604498
-0.00271429122844
-0.00324775030703
-0.00163081836663
-0.0015616982816
-0.00334634502777
0.00134127111602
-0.000723258288845
-0.00270103381627
-0.00323421289005
-0.00158685796676
-0.00151700260643
-0.00330094294355
0.00137368557551
-0.00069023010634
-0.002686937267
-0.00321981869137
-0.00154214268514
-0.00147154000626
-0.00325476239119
0.00140690038907
-0.000656386798125
-0.0026720019121
-0.00320456806388
-0.00149667338941
-0.00142531139229
-0.00320780432501
-0.000438289225252
-0.000621729122703
-0.00265622810257
-0.00318846138124
-0.0014504509605
-0.00137831768957
-0.00316006971383
-0.000403475871998
-0.000586257855852
-0.0026396162089
-0.00317149903785
-0.00140347629253
-0.00133055983697
-0.00311155954082
-0.000367864365825
-0.000549973790546
-0.00262216662104
-0.00483401089083
-0.00135575029271
-0.00128203878703
-0.00306227480342
-0.000331455473011
-0.000512877736859
-0.00260387974834
-0.00481533849187
-0.00130727388127
-0.00322035620496
-0.00301221651326
-0.000294249975977
-0.000474970521882
-0.0025847560195
-0.0047958117393
-0.00125804799137
-0.00317031167229
-0.00296138569604
-0.000256248673204
-0.000436252989634
-0.00256479960782
-0.00477543110999
-0.00120807356901
-0.00311950688114
-0.00290978339144
-0.000217452379155
-0.000396726000964
-0.00254400352999
-0.00475419710125
-0.00115735157297
-0.00306794283792
-0.002857410653
-0.000177861924181
-0.00223559449807
-0.00252237199775
-0.00473211023083
-0.00110588297468
-0.00301562056223
-0.00280426854803
-0.000137478154443
-0.00219445124598
-0.00249990551672
-0.00470917103682
-0.00105366875813
-0.00296254108681
-0.00275035815752
-9.63019318151e-05
-0.00215250122008
-0.00247660461157
-0.00468538007759
-0.00100070991985
-0.00290870545745
-0.00269568057602
-5.43341338023e-05
-0.0021097453476
-0.00245246982602
-5.38234413407e-06
-0.000947007468717
-0.00285411473285
-0.00462783761057
-1.15756534448e-05
-0.00206618457213
-0.00242750172274
2.01103896043e-05
-0.00482338795148
-0.00567134266326
-0.00656466618659
-0.00223650677537
-0.00280494397635
-0.00335725376738
-0.00473974902146
-0.00565114761439
-0.00646814144599
-0.00221930864865
-0.00283964310617
-0.00405338310739
-0.0045603042247
-0.00544226466218
-0.00622456606171
-0.00198054789067
-0.00358021023568
-0.00404757931986
-0.00441324277039
-0.00474962252014
-0.00646931370323
-0.00436778356065
-0.00519952130911
-0.0059526131755
-0.00175731074042
-0.00233843204547
-0.00305560449096
-0.00403210294914
-0.00494023007479
-0.00614702210571
-0.00189550703727
-0.00251349404184
-0.00303009317994
-0.00432315824735
-0.00520261605066
-0.00598265304856
-0.0017366322284
-0.00230961216994
-0.00380052862614
-0.00419751338784
-0.00459796704152
-0.00501584884091
-0.00393830997409
-0.00470855209579
-0.00545490565613
-0.00611158468522
-0.00201534800205
-0.00272994382739
-0.00369306604788
-0.00459769676358
-0.00540850401351
-0.00651563948737
-0.00216239214014
-0.0026768675044
-0.00336496093832
-0.00493681164733
-0.00571435245712
-0.00638992808499
-0.00203720983819
-0.00250160272414
-0.00401906533161
-0.00441863091427
-0.00483586433113
-0.00347336004704
-0.00425337963604
-0.00493556748788
-0.00571983281148
-0.00152499174212
-0.00238053162748
-0.00333012461444
-0.00423104226476
-0.00503845652647
-0.00574976130082
-0.00178664197039
-0.00234308323898
-0.00307625714345
-0.0039499471512
-0.0047247668786
-0.00609308899241
-0.00173830629631
-0.00227380274631
-0.00278838138687
-0.00433980157545
-0.00462828796049
-0.00300026072825
-0.00376290554642
-0.00446201829327
-0.00535307850425
-0.00615427315741
-0.00186395437011
-0.00279988059516
-0.00384056530793
-0.00464439735875
-0.00535249155095
-0.00597407305895
-0.0019990271689
-0.00276215512444
-0.00363259545787
-0.00440447658662
-0.00507504989231
-0.00635437053008
-0.00204986233976
-0.00255541162927
-0.00308237491618
-0.0043933328539
-0.00255050495432
-0.00327808193594
-0.00406261278183
-0.00496346356698
-0.00576125598045
-0.00146787685445
-0.00239001419058
-0.0032828904621
-0.0042266475055
-0.00493136972133
-0.00560790178506
-0.00125469378324
-0.002422934278
-0.00328989224069
-0.0040586250659
-0.00472641604651
-0.00540283623954
-0.00671495204699
-0.00229551762482
-0.00282120848072
-0.00310792830246
-0.00208834341831
-0.00281236909813
-0.00365432195433
-0.00453776939346
-0.0053454999398
-0.00604817722514
-0.00195715374265
-0.00284571783113
-0.00364185100965
-0.00452372560069
-0.00521752875623
-0.00589881820531
-0.00164384599397
-0.00250709779248
-0.00368752656829
-0.00440920408297
-0.00512012140255
-0.00573504839837
-0.00200895584034
-0.00253325313584
-0.00281895581519
-0.00160494188661
-0.00232529197637
-0.00322393068779
-0.00410330693036
-0.00489380525372
-0.00560663833129
-0.0015016273331
-0.00238570033266
-0.00318301051443
-0.00396902924191
-0.00483297719641
-0.00552751290824
-0.00624627927485
-0.00211462662418
-0.00287939860221
-0.00410303860718
-0.00481134201993
-0.00542399902246
-0.00604764541842
-0.0022187918888
-0.0028950466956
-0.0061006262653
-0.00188873058253
-0.00277174021711
-0.0036468794724
-0.00443350086252
-0.0051646266375
-0.00600953255405
-0.00190318407063
-0.00275241672367
-0.00353463163613
-0.00429696026554
-0.00513207276243
-0.00586963621086
-0.0017416732806
-0.00255080552863
-0.00335624735894
-0.00448400835921
-0.00508700353569
-0.00570860640835
-0.0011430195917
-0.00182153173764
-0.00557571585944
-0.0014777068469
-0.00235615134412
-0.00316880585607
-0.00396324213867
-0.0047631967953
-0.00550969928182
-0.00641424007677
-0.0022989349026
-0.00309742225253
-0.00388098131086
-0.00456913329541
-0.00551698147597
-0.00637647483807
-0.00219714698818
-0.00299922440766
-0.00370897240404
-0.00472437659244
-0.00534379913498
-0.00573366537324
-0.00145372855108
-0.00515878365776
-0.0060451079145
-0.00191957376517
-0.00272878243663
-0.0035429961879
-0.00433934219494
-0.00504515827926
-0.00594273913455
-0.00180867219316
-0.00266195345305
-0.00344168167033
-0.00412641337928
-0.00499634533847
-0.00585210016358
-0.00181873275781
-0.00261724139555
-0.00332380807409
-0.00392143795223
-0.00495356231588
-0.0053415926662
-0.00106031640158
-0.00476275069943
-0.00559121739193
-0.00646155298145
-0.00228410510704
-0.00310078172691
-0.00389336559387
-0.00459579343715
-0.00544920764557
-0.00635639730679
-0.00218943133908
-0.00297940460973
-0.0036820747876
-0.00459542031013
-0.00544723447779
-0.00626318239269
-0.00221063303044
-0.00291384493824
-0.0036324995175
-0.00412382157825
-0.00529733721994
-0.00557673772468
-0.0043453884698
-0.00516847864516
-0.00598238894181
-0.00181797660163
-0.0026369096788
-0.00342558530891
-0.00419471873797
-0.00497582593877
-0.00589344952123
-0.00172116696192
-0.00248026791828
-0.00329568286327
-0.00417084282312
-0.00501852342144
-0.00583624907291
-0.00163513049328
-0.00247944099645
-0.0031950418715
-0.00368380865029
-0.00444261787346
-0.00472053839797
-0.0039069696795
-0.00472636903406
-0.00548658048033
-0.00633071152091
-0.00215428319092
-0.00295049343148
-0.00378886854856
-0.00453794794947
-0.00540839414561
-0.00623170774244
-0.0019731075311
-0.00287161377953
-0.00371370894763
-0.0045663157038
-0.00538558063152
-0.00617911979099
-0.0018690945479
-0.00273338003678
-0.00321947890266
-0.00397617004199
-0.00425254580859
-0.00345005455097
-0.00426334301994
-0.00499339294433
-0.00587489665172
-0.00172758837357
-0.00252626763963
-0.00336086465273
-0.00410651110817
-0.0049015785957
-0.00572034566835
-0.00150941198053
-0.00243865994065
-0.00327666877153
-0.00409444403736
-0.0049218828038
-0.00570078725388
-0.00138693705939
-0.00209624742692
-0.00273123052762
-0.00348571958506
-0.00441553621022
-0.00299542769965
-0.00377969491378
-0.00450614160618
-0.00543064485024
-0.00627940227273
-0.00208034539952
-0.00291100777861
-0.00365307989692
-0.00437335814166
-0.00518744003997
-0.00606830549427
-0.00198291691978
-0.00282614550309
-0.00362490294158
-0.00446231632636
-0.00524410807635
-0.00590750675662
-0.00159673711884
-0.00244320546338
-0.0028206707761
-0.00389983453364
-0.00254662666531
-0.00330002657785
-0.00405599305977
-0.00496534553952
-0.00581001841756
-0.00161302940855
-0.00243960817198
-0.0031779715136
-0.00394009101839
-0.00472746115815
-0.00563432785082
-0.00154155779897
-0.00236074071047
-0.00314281835999
-0.00400067496207
-0.00475729580873
-0.00554878082695
-0.00610954269781
-0.00195263827564
-0.00230982977443
-0.00321929856728
-0.00208939712737
-0.00283934047569
-0.00366226354528
-0.00449691721214
-0.00531974660844
-0.00617381467209
-0.00196154022321
-0.00273197551289
-0.00355296988787
-0.00433988259471
-0.00521597978986
-0.00608071301029
-0.00191295133427
-0.00266437290362
-0.00350934234227
-0.00426175036337
-0.00503528391126
-0.00560704727185
-0.00144747409891
-0.00180257276559
-0.00271054688843
-0.00161193580575
-0.00241793553356
-0.00324742425536
-0.00407750911876
-0.00487710034599
-0.00573135014221
-0.00151544253446
-0.00232612561989
-0.00314358677793
-0.00392986060572
-0.00480208256194
-0.00560645561501
-0.00644589518152
-0.00219343520185
-0.00299556737614
-0.00374362024117
-0.0045132957614
-0.00506751663855
-0.00589134045951
-0.00127234209918
-0.00217877262532
-0.00611453121885
-0.00198584541551
-0.00281173872609
-0.00363711927106
-0.00443398342254
-0.00526775632446
-0.00604808258272
-0.00189846097766
-0.00271223383272
-0.0034976870112
-0.00436586335796
-0.00514470606927
-0.00595664547213
-0.00170015751794
-0.00245973420544
-0.0032032985431
-0.00396899900827
-0.00487509362508
-0.00532661788039
-0.00136086509059
-0.00162439768289
-0.00566710750522
-0.00153331779625
-0.00235547903601
-0.0031760267599
-0.00399770360861
-0.00481051476036
-0.00555976073128
-0.00644927565763
-0.00225920772368
-0.00304366956505
-0.00390763429498
-0.00468263186693
-0.00544555137507
-0.0061914182404
-0.00190223418399
-0.00275865326822
-0.00340280193234
-0.0043053795676
-0.00475398807316
-0.00572382781088
-0.00103299826376
0.000533986303035
-0.00227358125481
6.14835966245e-05
-0.00406178710472
-0.00213520364154
-0.000255502866447
-0.00339615807944
0.000465832591591
-0.00234150010888
-0.00048255144117
-0.00307161135221
-0.00220193018028
-0.000321683660654
-0.00345503260867
0.000398387924345
-0.00240871210167
-0.000549447756836
-0.00313811250932
-0.00226796098139
-0.000387173831588
-0.00351430803707
0.000331653493707
-0.00247521605265
-0.00061563901266
0.00168269901856
-0.00233329492339
-0.00045197228421
-0.00357850678781
0.000265630482164
-0.0025410107911
-0.000681124053821
0.00113683150358
-0.00239793089431
-0.000516077932766
-0.00364201853735
0.00020032006218
-0.00260609515629
-0.000745901735336
0.00107243770283
-0.00246186779171
-0.000579489700873
-0.00370484223801
0.000135723396104
-0.00267046799748
-0.000809970922154
0.0010087485985
-0.00252510452278
-0.000642206521607
-0.00376697685137
7.1841636066e-05
-0.00273412817411
-0.000873330489247
0.000945765296351
-0.00258764000444
-0.00070422733758
-0.00382842134837
8.67592388808e-06
-0.00279707455583
-0.000935979321707
0.000883488892142
-0.00311155351545
-0.000765551101031
-0.00388917470933
-5.37726090157e-05
-0.00285930602259
-0.000997916314832
0.00082192047158
-0.00317268328841
-0.000826176773905
-0.00394923592408
-0.000115502841732
-0.0029208214648
-0.00105914037422
0.000761061110213
-0.00323310862196
-0.000886103327936
-0.00400860399203
-0.000176513663945
-0.00298161978333
-0.00111965041586
0.000700911873342
-0.00329282847279
-0.000945329744731
0.000886330925939
-0.000926358004241
-0.0030416998897
-0.00117944536624
0.000641473815939
-0.00248984967955
-0.00146913725487
0.000828352114727
-0.00098592671735
-0.00310106070609
-0.00123852416238
0.000582747982553
-0.00254815547572
-0.00152696038191
0.000771069393903
0.000481148993569
-0.00315970116548
-0.001296885752
0.000524735407229
-0.00260575272052
-0.00158408037658
0.000714483724994
0.000423026701339
-0.00321762021171
-0.00135452909355
0.000467437113418
-0.00266264041175
-0.00164049626079
0.000190805768853
0.000365629208986
-0.00394642424181
-0.00141145315632
0.000410854113892
-0.00271881755774
-0.00169620706672
0.000135617048437
0.000308957561296
-0.00400289733724
-0.00146765692053
0.000354987410662
-0.00277428317735
-0.00175121183691
8.11282044492e-05
0.000253012791817
-0.00405864591721
-0.0015231393774
0.000299837994888
-0.00282903630014
-0.00180550962433
2.73401581192e-05
0.000197795922763
0.000618373581054
-0.00225656825923
0.000245406846802
-0.00288307596635
-0.00185909949245
-2.57461795853e-05
0.000143307964929
0.000564077055922
-0.00231060511961
0.00019169493562
-0.00293640122708
-0.00191198051535
-7.81299080324e-05
-0.00231956773758
-0.00395969687086
-0.00546243397307
-0.00185967611172
-0.00326424162214
-0.00451996815227
-0.00577611230547
-0.00238535568388
-0.00402639841317
-0.00552999539937
-0.00194157395516
-0.00334714715409
-0.0046037958254
-0.00585795905534
-0.00245043005177
-0.00409237747325
-0.00560201533052
-0.00202275050508
-0.00342932395424
-0.00468688800617
-0.00594753788671
-0.0025147896803
-0.00415763284274
-0.00566811385366
-0.00210320423927
-0.00351077044653
-0.00476924306821
-0.0060419659105
-0.00257843341883
-0.00422216332388
-0.00573347905498
-0.00218293364486
-0.0035914850644
-0.00485085939486
-0.00613566584119
-0.00264136012706
-0.00428596772963
-0.00579810970235
-0.00226193721845
-0.00367146625097
-0.00493173537929
-0.00622863583942
-0.00279228646362
-0.00434904488374
-0.00586200457474
-0.00234021346619
-0.00375071245913
-0.00501222672024
-0.00632087407405
-0.00285377573232
-0.00441139362088
-0.00592516246235
-0.00241776090395
-0.0038292221517
-0.00510228722869
-0.00641237872228
-0.002914544613
-0.00447301278671
-0.00598758216676
-0.00249457805744
-0.00390699380155
-0.00519161858977
-0.00150314528762
-0.00297459200782
-0.00453390123803
-0.00604926250098
-0.00257607630912
-0.00398402589174
-0.00528021906218
-0.00159317732888
-0.00303391682974
-0.00459405784283
-0.00611020228958
-0.00265142851115
-0.00406031691567
-0.00536808691341
-0.00168247036704
-0.00309251800267
-0.0046534814804
-0.001170621204
-0.00272604606629
-0.00413586537718
-0.00545522041983
-0.00177102261429
-0.00315039446156
-0.00471217104146
-0.00123942318234
-0.00279992754084
-0.00421301132049
-0.0055418976925
-0.00185883229194
-0.00320754515246
-0.00485884507933
-0.00131158481214
-0.00287307151158
-0.00429766564811
-0.00562800905665
-0.00194589763058
-0.00326396903264
-0.00491606320561
-0.00138301623867
-0.00294547656587
-0.00438158769969
-0.00571338164637
-0.00203221687028
-0.00331966507068
-0.00497254399693
-0.00145371611357
-0.00301714130178
-0.0044647758442
-0.00579801376773
-0.00211778826066
-0.00337463224654
-0.00502828639059
-0.00152368309901
-0.00308806432823
-0.00455264316956
-0.0058819037364
-0.00220261006113
-0.00342886955164
-0.0050832893358
-0.00159291586786
-0.0031582442651
-0.00463435864496
-0.00596504987778
-0.002286680541
-0.00348237598901
-0.00513755179373
-0.00166141310372
-0.00323197063126
-0.00471533537769
-0.00604745052713
-0.00236999797967
-0.00353515057329
-0.00519107273766
-0.00172917350108
-0.00331116476666
-0.00479557177549
-0.00612910402973
-0.00245256066672
-0.00358719233089
-0.00524385115301
-0.00179619576546
-0.00338962518633
-0.00487506625615
-0.00621000874103
-0.00253436690216
-0.00600472474634
-0.00405153428764
-0.00203656150263
-0.00718433961519
-0.00529608793615
-0.00337024218344
-0.00155897927995
-0.00604957150742
-0.00409746887584
-0.00205443203424
-0.00720265856616
-0.00531484210031
-0.00339478350608
-0.00158408146134
-0.00609347837157
-0.00414244181524
-0.0020844207054
-0.00721994872344
-0.00533254320302
-0.00341825093327
-0.00160808552484
-0.00613644401572
-0.00418645168558
-0.00212944845138
-0.00332501415173
-0.00534919058727
-0.00344064355656
-0.00163099049851
-0.00617846714274
-0.00422949709429
-0.00217349041172
-0.0033402449204
-0.00536478363467
-0.00346196050817
-0.00165279545387
-0.00621954648167
-0.0042715766767
-0.00221654512623
-0.00335444516632
-0.00537932176554
-0.0034822009611
-0.00521278233463
-0.00625968078788
-0.0043126890963
-0.00225861116464
-0.00336761438543
-0.00539280443906
-0.00350136412937
-0.00523238464255
-0.00629886884325
-0.00435283304491
-0.00229968712688
-0.00337975210999
-0.00540523115332
-0.00351944926811
-0.00525088440911
-0.00633710945636
-0.00439200724287
-0.00233977164325
-0.00339085790864
-0.00541660144544
-0.00353645567372
-0.00526828088133
-0.00637440146268
-0.00443021043928
-0.00533923981617
-0.00340093138648
-0.00542691489168
-0.00355238268401
-0.00528457335051
-0.0064107437247
-0.00446744141216
-0.00537733745447
-0.00340997218514
-0.00543617110745
-0.00356722967834
-0.00529976115237
-0.00644613513216
-0.00450369896866
-0.00541443972245
-0.00341797998286
-0.00544436974745
-0.0035809960777
-0.0053138436672
-0.0023093391153
-0.00453898194524
-0.00545054537422
-0.00344708793098
-0.0054515105057
-0.00359368134489
-0.00532682031996
-0.00234282559252
-0.00457328920785
-0.00548565319535
-0.0034829657601
-0.00545759311561
-0.00360528498454
-0.00533869058045
-0.00237535804931
-0.00460661965212
-0.00551976200307
-0.00351782326687
-0.00546261735002
-0.0036158065433
-0.00534945396332
-0.0024069354859
-0.00463897220352
-0.00555287064649
-0.00355165922365
-0.00166740717766
-0.00362524560984
-0.00535911002829
-0.00243755693054
-0.00467034581755
-0.00558497800677
-0.00358447243689
-0.00167031413753
-0.00363360181498
-0.00536765838014
-0.00247057880586
-0.00470073947989
-0.0056160829973
-0.00361626174732
-0.00167216227742
-0.00364087483177
-0.00537509866884
-0.00251673151323
-0.00473015220655
-0.00564618456392
-0.00364702603021
-0.00167295152825
-0.00364706437551
-0.00538143058962
-0.00256193913511
-0.00475858304406
-0.00567528168505
-0.00367676419551
-0.00167268186052
-0.00365217020385
-0.00538665388301
-0.00260620029224
-0.0047860310696
-0.00570337337188
-0.00370547518804
-0.00170016620244
-0.00365619211682
-0.00539076833492
-0.00420623630902
-0.00622879929735
-0.00169268287416
-0.00362894636975
-0.00557514152987
-0.00322782631274
-0.00256666407163
-0.00426927551025
-0.00629201886456
-0.00175596174928
-0.00369216619539
-0.00563817385708
-0.00329055701018
-0.00262898219726
-0.00433144457891
-0.00635436603585
-0.00181836748466
-0.00375450994329
-0.00570033613802
-0.00335242145086
-0.00269043741899
-0.0043927418725
-0.00641583915499
-0.00187989841955
-0.00381597968279
-0.00576162673073
-0.0034134180156
-0.00275103001128
-0.00445316576753
-0.00647643658487
-0.00194055291234
-0.00387657377704
-0.00582204401219
-0.00347354510399
-0.00281075840441
-0.00451271465966
-0.00190758502601
-0.0020003293408
-0.00393629060851
-0.00588158637861
-0.00353280113457
-0.0028696210473
-0.00457306622417
-0.0019664262435
-0.00205922610225
-0.00399512857918
-0.00594025224554
-0.00359118454504
-0.00292761640776
-0.00467536234222
-0.0020243869771
-0.00415137398264
-0.00405308611074
-0.0059980428421
-0.00364869379245
-0.0029847429726
-0.0047768503376
-0.00208146566818
-0.00420850668131
-0.00411016164482
-0.00605495103527
-0.00370532735339
-0.00570659719332
-0.00487752770782
-0.00213766077824
-0.00426475502436
-0.00416635364316
-0.00611097809392
-0.00376108372419
-0.00576198170447
-0.00497739196017
-0.00219297078908
-0.00432011748938
-0.00422166058782
-0.00616612251312
-0.00381596142111
-0.00581649299657
-0.00507644061194
-0.00224739420304
-0.00437459257453
-0.00427608098136
-0.00622038280828
-0.00386995898052
-0.00587012963443
-0.00517467119074
-0.00230214062199
-0.00442817879873
-0.00432961334707
-0.001878335921
-0.00392307495908
-0.00592289020285
-0.00527208123468
-0.00236355858835
-0.00448087470185
-0.0043822562291
-0.00193082359676
-0.00397530793394
-0.00597477330673
-0.0053686682927
-0.0024312304216
-0.00453267884489
-0.00443400819271
-0.00198242281882
-0.00402665929689
-0.00602577757133
-0.00546442992478
-0.00252694388326
-0.00458677460161
-0.00448486782442
-0.00203313218592
-0.00407712207866
-0.00607590164234
-0.00555936370224
-0.00262182981353
-0.00464558638318
-0.00453483373223
-0.00208295031811
-0.0041266977129
-0.00612514418616
-0.00565346720797
-0.00271588579869
-0.00470351182901
-0.00458390454574
-0.0021318758569
-0.0041753848605
-0.00617350388998
-0.00103641113413
-0.00280910943684
-0.0047605493607
-0.00463723693978
-0.00217990746546
-0.00422318220373
-0.00622097946201
-0.00112884316741
-0.00290149833821
-0.00481669742038
-0.0046933140956
-0.0022270438288
-0.00427008844639
-0.00626756963161
-0.00122044147504
-0.00299305012536
-0.00487195447091
-0.00474850128783
-0.00227328365389
-0.00431610231401
-0.00631327501214
