0.00329978587813
0.00623907073667
0.0048367004945
0.00339954191241
0.00699475334869
0.00487783653179
0.00356806925532
0.00277941959168
0.00624477110192
0.00484244676434
0.00340891109546
0.00630086479708
0.00489159810708
0.00358193771766
0.00278557989694
0.00625098394895
0.0048487096395
0.00341880084363
0.00631503729268
0.00490588812111
0.00359633870463
0.00279224830014
0.00625770922336
0.00485548906426
0.0034292110675
0.00632973376968
0.0049207064406
0.00361127207982
0.00279912153352
0.00626494686627
0.00486278497829
0.00344014167299
0.00634470023716
0.00493605292739
0.00362673770184
0.00280539072644
0.0062726968143
0.00487059731669
0.00345159256131
0.00635624119894
0.00495192743844
0.00364273542429
0.00777482459948
0.00628095899962
0.00487892600997
0.00277667597732
0.00636830641894
0.00496832982585
0.0036592650958
0.00778210980035
0.00628973334992
0.00488777098406
0.00278916711626
0.00638089578648
0.00498525993685
0.00367632656003
0.00778990291336
0.00629901978844
0.00489713216031
0.00280217821368
0.00639400918609
0.00500271761382
0.00369391965568
0.00779820387143
0.00630881823392
0.00490700945553
0.00281570915211
0.00640764649752
0.00502070269431
0.00371204421647
0.00780701260316
0.00631912860068
0.00423051513023
0.00282975980945
0.00642180759578
0.00503921501099
0.0037307000712
0.0078163290328
0.00632995079855
0.00424142439544
0.00778406126942
0.00643649235111
0.00505825439175
0.00289461254525
0.00782615308023
0.00634128473292
0.00425284950256
0.00779915097969
0.00645170062899
0.00507782065963
0.00291433045443
0.007836484661
0.00635313030474
0.00426479035014
0.00781476001468
0.00646743229016
0.00509791363286
0.00293457911429
0.0078473236863
0.00567859975883
0.00427724683214
0.00783088823373
0.00648368719062
0.00511853312486
0.00295535833388
0.007858670063
0.0056914682906
0.00429021883801
0.00784753549155
0.00650046518163
0.00428440444579
0.00297666791736
0.00787052369362
0.00570484813599
0.00430370625265
0.00786470163823
0.00651776610973
0.00430607639642
0.002998507664
0.00788288447636
0.00571873917821
0.0043177089564
0.00788238651924
0.00653558981673
0.00432827427734
0.00793065724462
0.0072088646534
0.00573314129602
0.0043322268251
0.00790055678871
0.00655393613975
0.00435099788284
0.0079535566958
0.00722223941765
0.00574805436376
0.00434725973004
0.00791898200283
0.0057175304127
0.00437424700245
0.00797698567861
0.00723612100266
0.00576347825137
0.004362807538
0.0079379255257
0.00573692146022
0.00439802142094
0.00800094397282
0.00359266518615
0.00468667221053
0.0058171521155
0.0068281492576
0.00790991172851
0.0041234879113
0.00495263378063
0.00361354399015
0.00470808183134
0.00583911590704
0.00697020173103
0.00794042702214
0.00415485981249
0.00498490342601
0.00363500480071
0.00473008809959
0.00586169161854
0.00700052475915
0.00797158447437
0.00418689149315
0.00501785128183
0.00365704737439
0.00475269075287
0.00588487896674
0.00703147269828
0.00800338365254
0.00314144435556
0.003934517459
0.00367967146125
0.00477588952179
0.00590867766089
0.0060225168399
0.00695768598756
0.00317479417653
0.0042758521
0.0027638875829
0.00382919012793
0.00492885344644
0.00605134130807
0.00699076728563
0.00320880233995
0.00431083148155
0.00278767392064
0.00385358029227
0.0049538739304
0.00607701991206
0.00702448896073
0.00324346834847
0.00434648697001
0.00770289265968
0.00387856572256
0.0049795048433
0.00610332475876
0.00705885054636
0.00327879169564
0.00438281801476
0.00772784017147
0.00390414612178
0.00500574586463
0.00613025550181
0.00709385156761
0.00331477186596
0.00441982405536
0.0077533678505
0.00393032118603
0.00503259666646
0.00615781178691
0.00712949154122
0.00335140833488
0.00445750452157
0.0077794754084
0.00395709060457
0.00506005691349
0.00618599325176
0.00716576997563
0.00338870056886
0.00449585883345
0.00780616255047
0.00398445405982
0.00508812626306
0.00621479952617
0.00720268637096
0.0034266480254
0.00453488640135
0.00783342897564
0.0040124112274
0.00511680436517
0.00624423023203
0.0072402402191
0.00346525015308
0.00457458662598
0.00786127437655
0.00404096177612
0.00514609086252
0.00627428498333
0.0072784310037
0.00835440967713
0.00461495889845
0.00788969843954
0.00407010536802
0.00517598539051
0.00630496338623
0.00731725820024
0.0083943194574
0.00465600260033
0.00791870084464
0.0041132955443
0.00520648757727
0.00633626503906
0.00735672127605
0.00843488220147
0.00469771710366
0.00794828126563
0.00414362418168
0.00523759704369
0.00636818953232
0.00739681969033
0.00847609732266
0.00474010177104
0.00797843937004
0.00417454480792
0.00526931340342
0.00640073644876
0.00743755289422
0.00851796422555
0.00478315595563
0.00800917481917
0.00420605705816
0.00530163626294
0.00643390536335
0.00759104968706
0.00856048230607
0.00482687900126
0.0080404872681
0.00423816056086
0.00533456522153
0.00646769584336
0.00762573943398
0.00860365095152
0.00487127024241
0.00807237636573
0.00427085493785
0.00536809987133
0.00650210744835
0.00766106638172
0.0086474695406
0.00491632900431
0.000339045655412
-0.000667732935532
-0.00166351304786
0.00127959203107
0.000323900106814
-0.000564629352917
-0.0013148927017
-0.0021714681964
0.00109638586797
4.26418164064e-05
-0.000371544962255
0.00161906295789
0.00143601109898
0.00384809594912
0.00231605133385
0.00248458631067
0.000890541326183
0.00129053718945
0.00291547418947
0.00353989263719
0.00176600435533
-0.00228462115145
-0.00327706483637
0.00276636107508
0.00177659615687
0.000826738876593
-5.64561631773e-05
-0.000801942555451
0.00214644644506
0.00160069482135
0.000539535633857
0.000127997790067
-0.00102234564859
0.00239377447509
0.00111480498292
-0.00035152329658
0.00298624939099
0.00139036382408
0.0051490130808
0.00340948612194
0.00403000887278
0.00225162550869
-0.00178799373767
-0.0027659925873
4.10105571929e-05
-0.000944475130355
-0.0018882904896
0.000476281960084
-0.000264261736981
0.00268843566618
0.00211961020962
0.00106190873107
0.000653119267826
-0.000495220300874
0.00292213290284
0.00164360926329
0.000176933615199
0.00034323751372
-0.00117952907727
0.00249035623392
0.000838878029236
0.00454534735849
0.00276229640885
-0.00126816244679
0.00155243477374
0.000570241071384
-0.000409346398084
-0.00133716366249
-0.00220782945353
0.00072244694534
-0.000122342851479
-0.000713753973834
0.00160925680681
0.00120330791508
0.00365502220919
0.00347566629859
0.00219760329323
0.000730568761447
0.000895699018943
0.00264606800739
0.0030380981357
0.00138313437371
0.00199543163622
0.000303539301834
-0.000725543731362
0.00208195815529
0.00110548512942
0.000136546068296
-0.000777279306926
0.00203772197936
0.00130810177066
0.000467874325915
-0.000145627557537
-0.0011736542186
0.00195479892285
0.000808734466636
0.000630690296257
0.0027762558761
0.00130885186863
0.00482746194963
0.00322111122094
0.0036103125963
0.00195175823798
0.00255974662315
0.00383823797544
0.000206755195675
-0.000769689271
-0.00175514280678
0.000674342851972
-0.00021148961926
0.00265632489687
0.00191146780358
0.00106312008744
0.00044633840086
-0.000577906923087
0.0025535496163
0.00140967372081
0.0012329757565
8.167402805e-06
-0.00139638361447
0.00205526480918
0.00382017894204
0.00420647637196
0.00254423507158
0.00314779763546
0.00442117532644
0.000743423264035
-0.000228615188909
-0.00119235045646
-0.00216715365383
0.000517086447359
-0.000264171624938
-0.000978184897716
0.00167378262076
0.00106162423823
0.00357272690386
0.00317578118967
0.00203414502792
0.00185882456129
0.000634514142787
0.0025185417886
0.00267995471339
0.00114938650259
0.00153271158391
-4.60851549952e-05
0.00353836639492
0.00502721282582
0.0013006666886
0.000334814548439
-0.000616314020159
-0.00158537098265
0.00110490868587
0.000329118508042
-0.000378482227563
-0.00118614573099
-0.00179358190058
0.000665391465017
0.00382095392414
0.00268160363804
0.00250768885574
0.00128388652526
0.00316751832218
0.00332763640335
0.00179489040888
0.00217518138598
0.00357795208616
0.00417235271301
0.00246635630388
0.00187967873255
0.000920171252523
-1.90754503095e-05
0.00258276673455
0.00171504030384
0.000944844809206
0.00024219522132
-0.000530960939198
0.00234204938044
0.00132976761039
0.000939155539397
-0.000160762807779
-0.000333246742589
0.00173826661869
0.00383896212634
0.00399776220146
0.00246279917875
0.00284000077567
0.00423884612821
0.00482853038069
0.00311707869801
-0.00102625191606
-0.00197926871626
0.000583119579796
-0.000372371219943
0.00234700652829
0.00158252110786
0.000884922877923
0.00359138844392
0.00302413902202
0.00201594857211
0.00162858271662
0.000531027971858
0.00365157980482
0.00243203562074
0.0010297863615
0.00118724796917
-0.000273713827806
0.00303925606416
0.00492148880252
0.00550637914524
0.00378938045846
-0.000404971313775
-0.00135136354595
0.00122302588637
0.000274521674535
-0.000580462186305
-0.00133913328382
-0.00203024693059
0.000578943909376
0.00372743980943
0.00272339784394
0.00233932268138
0.00124416343209
0.00436618774495
0.00314717567698
0.00319477109243
0.00190061714087
0.000437373266756
0.0037471618839
0.00216487424672
0.00274490232956
0.00112099658221
0.000236802093149
0.00278684259988
0.00187822218359
0.000942186140579
9.37386307144e-05
-0.000659024745341
0.00202816932401
0.00126875872221
0.000770284448748
-0.000207164882153
-0.000587910926472
0.00150484293911
0.0051016117015
0.00388313773739
0.00393031392588
0.00263478830871
0.00410814289593
0.00447580652198
0.00288942651247
0.00346453284705
0.00183492792528
-0.00267877997471
-0.000224540353529
0.00255224268054
0.0016301540368
0.000788337421339
4.15646389122e-05
0.0027340521039
0.0019791851688
0.00151442829326
0.000541219286871
0.000163834979814
0.00225903504972
0.00209246905889
0.000926830142699
0.000973583176241
0.00639311897184
0.00486024333294
0.00522465719116
0.00363414375257
0.00420427736864
0.00514952219534
0.0013897147156
0.000463881990698
-0.000433966763705
-0.0013421188672
-0.00217722121761
0.00413649320329
0.00345998874731
0.00270971724933
0.00226556991577
0.00130927696311
0.00411601627516
0.00303294692433
0.00286789573876
0.00170280411403
0.00174913076637
0.00338422690303
0.0019301004552
0.00229123847393
0.000785607627144
0.00496362214077
0.0059030548383
0.00209038029299
0.0011715916652
0.000279293775996
-0.00061494606456
0.001793151443
0.00105856813356
0.000388892922702
-0.000347827053565
-0.000788150302459
0.00527722008256
0.00490663516866
0.00382604654566
0.00366251937381
0.00249797832738
0.00546322399643
0.00417756845886
0.0027210789364
0.00307892015617
0.00156909387076
0.00466910996353
0.00305108275632
0.00280981455953
0.00189814750596
0.0010114964653
0.000131131938383
0.00254607852619
0.00181767487968
0.00115345373037
0.000421410515174
-1.50592211581e-05
0.00215535541115
0.0017881978463
0.000747174789362
0.000585178592876
0.0033118241827
0.00627663898541
0.00498957333619
0.00353070966238
0.00388523797657
0.00237119465946
0.00546613258383
0.00384221624994
-0.000250003873554
-0.00115448211127
-0.00203540021208
0.00413206729925
0.00331750225176
0.00259532273839
0.00193659275085
0.00120925649474
0.00383303654256
0.00295470065072
0.00261543742771
0.00157708059773
0.00141662021517
0.00308887702681
0.00313391167771
0.00191196050626
0.000527192311986
0.00470968125739
0.00573135371621
0.0062812443227
0.00465141278137
0.000505683915573
-0.000391548105303
-0.00126665672088
0.000982735368507
0.000175114476564
-0.000540805030209
-0.00119267418875
0.00201522181778
0.00464289749827
0.00375727775201
0.00342108199569
0.00240934765366
0.00508738423976
0.00393851105175
0.00398311274157
0.00275974442279
0.00137258960897
0.00420470246545
0.00271272792701
0.00325750582767
0.00547818915563
0.00127886229599
0.000388924458885
0.00262185647255
0.00177772824174
0.000980983712483
0.000272505878367
-0.000373820355102
0.00183817816904
0.00141339022223
0.000542842627138
0.000209725683408
0.00323503627329
0.00592345347348
0.00479933529421
0.00484944719568
0.00362466086145
0.00223511765824
0.00506389579357
0.0035676731812
0.00410733068543
0.00256417620584
-0.00183579678305
0.0042886721225
0.00342537481107
0.00258920208474
0.0017993787266
0.00109993934717
0.00338982223759
0.00267894093145
0.00225807030358
0.00138065527645
0.00105062458952
0.00277046607077
0.0026384449873
0.0015655684437
0.0057116942008
0.00450621734816
0.00559852728248
0.00593973082645
0.00443925995702
0.00497379525255
0.00342469179863
-0.00102889021679
0.00107130262317
0.000213991743175
-0.000614214809362
0.00263454104858
0.00194134542415
0.0042376544816
0.00372963572845
0.00311944692469
0.00223536684394
0.00190842618286
0.00363044757804
0.00349967512026
0.00242710365518
0.00249419226926
0.00135256850267
0.00242785999834
0.00277717435182
0.00532701619475
0.00585643297424
0.00645053711742
0.00312436517075
0.00652458489774
0.00491788193304
0.00331845094679
0.00670907155545
0.00509339339421
0.00340802390812
0.00309003429298
0.00649060198664
0.004883784412
0.00328229654508
0.00667486019915
0.00505882609515
0.00337172317811
0.00305619398949
0.00645711415362
0.00484826505041
0.00324664537555
0.00664115748421
0.00502383551415
0.00333593973272
0.00302210171411
0.00642412167589
0.00481324474331
0.00321149774366
0.00660729021482
0.00498901491625
0.00329968028808
0.0029867432306
0.00638815353554
0.00477872378564
0.00317685395077
0.00657267201708
0.00495470764144
0.00326320949579
0.00295187520842
0.00635200421166
0.00474470246833
0.00314271429417
0.00653761895158
0.00492091399523
0.00322725624403
0.00291749793114
0.0063163495072
0.00471118107834
0.00310879991193
0.00650296179658
0.00488763427878
0.00319182085868
0.0028826088997
0.0062808327763
0.00467815989863
0.00307410359369
0.00646881360941
0.00485227072261
0.0031569036612
0.00284808353419
0.00624544992856
0.00464563920813
0.00303991168546
0.00643517468898
0.00481703159104
0.00312250496861
0.00281389468931
0.00621056229816
0.00461361928177
0.00300503496905
0.00640007131245
0.00478230612502
0.00308827396696
0.00277998182005
0.00617617017435
0.0045805846762
0.00296934077911
0.00636478476899
0.0047480946343
0.0030529684861
0.00274656052328
0.00614227384254
0.00454364794299
0.0029339451571
0.00633000734609
0.00471439742429
0.00301818166689
0.00271310631682
0.00610887358421
0.00450721054613
0.00289905407038
0.00629497747832
0.00468095861265
0.00298391382571
0.00267965199872
0.00607596967692
0.00447127279319
0.00286466781921
0.0062600068725
0.00464711071736
0.00295012567218
0.00264668969588
0.00604189368417
0.00443583498774
0.00283011739744
0.00622520259081
0.00461377754589
0.00291536107196
0.00261172830204
0.00600557337664
0.00440089742941
0.00279472810625
0.00619090803028
0.00458032970532
0.00288111577083
0.00257633976576
0.00596974857719
0.00436646041381
0.0027598437525
0.0061563496812
0.00454387227407
0.00284739008086
0.00254144279402
0.00593441958346
0.00433252423254
0.0027254646369
0.00612141694474
0.004507928819
0.00281418430966
0.00250703767191
0.00589958668916
0.0042990891732
0.00269159105605
0.00608699418225
0.00447249966144
0.00278149876031
0.0024714690975
0.00586525018415
0.00426615551935
0.00265822330241
0.0060530816963
0.00443758511837
0.00274693473671
0.00243588535079
0.00583141035434
0.00423195171636
0.00262536166428
0.00601967978522
0.00440318550241
0.00271071647575
0.00386223324294
0.00500995922652
0.00556585044456
0.00179727488762
0.0030086089122
0.00340605387636
0.00464951510799
0.00381690530987
0.00496350352942
0.0055182181918
0.00174841486854
0.00295846745056
0.0033545748099
0.00459663980288
0.00377213556229
0.00491761924458
0.00608878697692
0.00170015429608
0.00290894028266
0.00330372546246
0.00454441023711
0.00372792447617
0.00487230688382
0.00604232559378
0.00165249376425
0.00286002804958
0.00325350652682
0.00449282716021
0.00368427252205
0.00482756695316
0.00599645046583
0.00160543386044
0.00281173138536
0.00320391868818
0.00444189131354
0.00364118016506
0.00478339995283
0.00595116213171
0.00155897516539
0.00276405091689
0.0039996908257
0.0043916034303
0.00359864786486
0.00473980637723
0.00590646112383
0.0064609184424
0.0027169872639
0.00395136720601
0.00434196423542
0.00355667607563
0.00469678671487
0.00586234796831
0.0064156638803
0.00267054103893
0.00390367669287
0.00429297444556
0.00351526524606
0.00465434144842
0.00581882318499
0.00637101222893
0.00262471284724
0.00385661994067
0.00424463476904
0.00347441581929
0.00461247105459
0.00577588728736
0.00632696404209
0.00257950328687
0.00381019759597
0.00419694590579
0.00343412823293
0.00457117600417
0.00573354078255
0.00628351986674
0.00253491294851
0.00376441029747
0.00414990854728
0.003394402919
0.00453045676199
0.00569178417131
0.00624068024301
0.00249094241549
0.003719258676
0.00410352337653
0.00335524030394
0.00449031378689
0.00565061794796
0.00619844570413
0.00244759226376
0.00367474335443
0.00405779106799
0.00331664080857
0.00445074753168
0.00561004260038
0.00615681677644
0.00240486306185
0.00363086494764
0.00401271228755
0.00327860484805
0.00441175844313
0.00557005860995
0.00611579397929
0.00236275537082
0.00358762406252
0.00396828769246
0.00324113283191
0.00437334696195
0.00553066645158
0.00607537782508
0.00232126974423
0.00354502129786
0.0039245179313
0.00320422516396
0.00433551352278
0.00549186659363
0.00603556881918
0.0022804067281
0.00350305724438
0.00388140364393
0.0035847943808
0.0042982585541
0.0054536594979
0.00599636745994
0.00224016686089
0.00346173248463
0.0038355999386
0.0035490165979
0.00426158247829
0.0054160456196
0.0059577742386
0.00219609968997
0.00340896142807
0.00377700416496
0.00351173529245
0.00422548571156
0.00537358335607
0.00590707529431
0.00214118698005
0.00335256316921
0.00371905335059
0.00347282468175
0.00417669855262
0.00532203797171
0.00649380850678
0.00208688859028
0.00329679467026
0.00366174833125
-0.00292815159395
-0.00470123807293
-0.00164978318776
-0.00336391807361
-0.00506860715648
-0.00189872001861
-0.00355143675571
-0.00290272942628
-0.00467601793517
-0.001624579353
-0.00333998669515
-0.00504724413192
-0.00187684926555
-0.00352955532953
-0.00287620631285
-0.00464967212813
-0.0015982229603
-0.00331487583847
-0.00502467284718
-0.0018537418654
-0.00350640837055
-0.00284858333264
-0.00462220177213
-0.0015707151846
-0.00328858667504
-0.00500089440588
-0.00182939900197
-0.00348199712065
-0.00281986160787
-0.00459397814374
-0.00154205725043
-0.00326112042967
-0.00497590996921
-0.00180382192076
-0.00345632288779
-0.00279004230379
-0.00456486550534
-0.00641504538885
-0.00323247838019
-0.00494972075567
-0.00177701192857
-0.00342938704566
-0.00275912662843
-0.00453463148673
-0.00638409100853
-0.00320266185715
-0.00492232804073
-0.00174897039326
-0.00249966519314
-0.00272711583239
-0.00450327736675
-0.00635199043838
-0.00317167224354
-0.00404853184305
-0.000818172903168
-0.00247021051458
-0.00269401120851
-0.00367539911148
-0.00552333974057
-0.00229430966097
-0.00401873617817
-0.00573382623839
-0.00243949873844
-0.00186440873366
-0.00364180880627
-0.00548895109968
-0.00226097822331
-0.00398774117716
-0.00570209888562
-0.00240753149749
-0.00182912050065
-0.00360710250705
-0.00545342067392
-0.0022264781554
-0.00395554834028
-0.00566914606411
-0.00237431048827
-0.00179274256961
-0.00357128167225
-0.0054167500271
-0.00219081104666
-0.00392215922311
-0.00563496944131
-0.0023398374706
-0.00175527639995
-0.00353434780449
-0.00537894077022
-0.00215397853726
-0.0038875754362
-0.0055995707434
-0.00230411426717
-0.00171672349201
-0.00349630245027
-0.00533999456112
-0.00211598231773
-0.00385179864469
-0.00556295175487
-0.00226714276301
-0.00167708538677
-0.00345714719961
-0.00529991310415
-0.00207682412858
-0.00381483056788
-0.00552511431805
-0.00222892490504
-0.00163636366557
-0.00341688368576
-0.00525869814976
-0.00203650575993
-0.00377667297889
-0.00548606033272
-0.00218946270158
-0.00159455994976
-0.00337551358487
-0.00521635149417
-0.0019950290511
-0.00373732770415
-0.00544579175555
-0.00214875822178
-0.00155167590042
-0.00333303861561
-0.00517287497896
-0.00195239589018
-0.00369679662308
-0.00540431059971
-0.00210894402902
-0.00150771321801
-0.00328946053888
-0.00512827049071
-0.00190860821364
-0.00365508166756
-0.00536161893432
-0.00207008648571
-0.00146267364209
-0.0032447811574
-0.00508253996055
-0.00186366800591
-0.00361218482153
-0.005317718884
-0.002029988071
-0.00637448634186
-0.0031990023154
-0.00503568536381
-0.00181757729889
-0.00356810812054
-0.00527261262828
-0.00198865087685
-0.00272630827805
-0.00593048930874
-0.0057192245737
-0.00369997874951
-0.00172197885893
-0.00474222533652
-0.00378665680615
-0.00269655471301
-0.00543089188342
-0.00568954122636
-0.00367045076303
-0.00651505546519
-0.00470245178154
-0.00300707834617
-0.00266572446174
-0.00540005584285
-0.00565878368068
-0.00363985408413
-0.00648469818594
-0.0046616366792
-0.00297222064414
-0.00263381872694
-0.00536814412133
-0.00562695313093
-0.00360818988858
-0.00645328155996
-0.00461978153106
-0.0029363293396
-0.00716112120528
-0.00533515796233
-0.00559405081117
-0.00357545939133
-0.00642080677414
-0.00457688787394
-0.0028994057276
-0.00712706827156
-0.00530109864917
-0.00509023972599
-0.00354166384635
-0.0063872750535
-0.00453295727967
-0.00286145113819
-0.00709194370187
-0.00526596750477
-0.00505519772645
-0.0035068045463
-0.00635268766094
-0.00449163551223
-0.00282246693618
-0.00705574885772
-0.0052297658914
-0.00501908789553
-0.00347088282238
-0.00631704589701
-0.00445635913328
-0.00278245452089
-0.00701848513971
-0.00519249521044
-0.00498191162407
-0.00343390004402
-0.00628035109967
-0.00442004019821
-0.00274141532592
-0.00698015398724
-0.0051541569021
-0.00494367034147
-0.00291742883016
-0.00624260464406
-0.00438268004073
-0.00269935081888
-0.00694075687826
-0.00511475244512
-0.00490436551542
-0.00287832820291
-0.00620380794221
-0.00434428003042
-0.00265626250116
-0.00690029532896
-0.00507428335655
-0.00486399865161
-0.00283817085641
-0.00616396244284
-0.00430484157248
-0.00261215190764
-0.00685877089352
-0.00503275119142
-0.00482257129345
-0.00279695831047
-0.00566324401096
-0.00426436610749
-0.00256702060645
-0.00681618516379
-0.00499015754247
-0.00478008502182
-0.00275469212179
-0.00562130540792
-0.00422285511111
-0.00252087019868
-0.00677253976901
-0.00494650403982
-0.00473654145471
-0.00748932411842
-0.0055783225707
-0.00418031009387
-0.00247370231811
-0.00672783637551
-0.00490179235072
-0.00469194224699
-0.00744495546059
-0.00553429709192
-0.00413673260088
-0.00242551863095
-0.00649023354923
-0.00485602417919
-0.00464628909004
-0.0073995380487
-0.00548923059949
-0.00362719587509
-0.00237632083553
-0.00644341930402
-0.00480920126575
-0.00459958371149
-0.00735307358417
-0.00544312475628
-0.00358155820285
-0.00232611066201
-0.00639555227842
-0.00476132538705
-0.00455182787488
-0.00730556380382
-0.00539598125986
-0.00353489289488
-0.00227488987211
-0.00634663428395
-0.00451653842418
-0.00450302337933
-0.0072570104796
-0.00534780184219
-0.00348720163183
-0.00175395540931
-0.00629666716758
-0.00446656208795
-0.00445317205925
-0.00720741541822
-0.0052985882693
-0.00343848612751
-0.0017007187965
