-0.0013165561065
0.00159074724542
0.00045419025649
-0.00366258858186
-0.000842052626075
-0.00241304647961
-0.00193256958116
-0.00129978532389
0.00160755623719
0.000471012937625
0.000462316067593
-0.000860687084587
-0.00243162897057
-0.00195107373468
-0.00128222338244
0.00162515817816
-0.00246090144516
0.000444450010703
-0.00087852927083
-0.00244942138276
-0.00196879111625
-0.00126387064964
0.00164355269831
-0.00247797155871
0.000427377654314
-0.000895578809986
-0.0024664233445
-0.00198572135884
-0.00124472750931
0.00165134486065
-0.00249424771563
0.000411099358251
-0.000911835343671
0.00191385252703
-0.00200186411153
-0.00122479436154
0.00163588775349
-0.00250972957274
0.000395615465804
-0.000927298529965
0.00189843251609
-0.0020172190395
-0.00120407162261
0.00162122400865
-0.00252441680348
0.000380926303693
-0.000941968043455
0.00188380397276
-0.00203178582413
-0.00121140867852
0.00160735393464
-0.00253830909783
0.000367032182036
-0.000955843575264
0.00186996720337
-0.00204556416296
-0.00122444488144
0.00159427782342
-0.00255140616243
0.000353933394313
-0.000968924833087
-0.000652060518243
-0.00205855376979
-0.00123668926184
0.00158199595038
-0.00256370772058
0.000341630217339
-0.000981211541218
-0.000664312886645
-0.00207075437465
-0.00124814156331
0.00157050857428
-0.00257521351227
0.000330122911229
-0.000992703440582
-0.000675772660939
-0.00208216572387
-0.00125880154592
0.00155981593725
-0.0025859232942
0.000319411719377
-0.00100340028876
-0.000686439600732
-0.0020927875801
-0.00126866898626
0.00154991826477
-0.00259583683981
0.000309496868426
-0.00101330186002
-0.000696313482175
-0.0021026197223
-0.00127774367746
0.00154081576561
-0.00260495393931
0.000300378568248
-0.00102240794534
-0.000705394097987
-0.00211166194582
-0.0012860254292
0.00153250863185
-0.00261327439971
0.000292057011915
-0.0010307183524
-0.000713681257478
-0.00211991406236
-0.00129351406773
0.00152499703884
-0.00262079804482
0.000284532375687
-0.00103823290567
-0.000721174786562
-0.00212737590005
-0.00130020943591
0.00151828114516
-0.00262752471528
0.000277804818987
-0.00104495144635
-0.000727874527787
-0.00213404730341
-0.0013061113932
0.00151236109265
-0.00263345426858
0.000271874484386
-0.00105087383245
-0.000733780340339
-0.00213992813341
-0.00131121981569
0.00150723700637
-0.00263858657905
0.000266741497591
-0.00105599993877
-0.000738892100066
-0.00214501826748
-0.00131553459611
0.00150290899456
-0.00264292153791
0.000262405967425
-0.00106032965691
-0.000743209699488
-0.00214931759947
-0.00131905564385
0.0014993771487
-0.00264645905328
0.000258867985824
-0.00106386289532
-0.000746733047806
-0.00215282603976
-0.00221718058662
-0.00280514984256
-0.00482734796459
-0.000587958554775
-0.00122682846797
-0.00194391905843
-0.00273741404869
-0.00223847632323
-0.00282216327429
-0.00484469957742
-0.000605635974695
-0.00124481559958
-0.00196219587678
-0.00275595648557
-0.0022589256148
-0.00283831194127
-0.00486116934201
-0.000622415093866
-0.00126188879617
-0.00197954414163
-0.00277355696925
-0.0022785279704
-0.00285804958714
-0.00487675682994
-0.000638295459317
-0.0012780475806
-0.00199596335244
-0.0027902149771
-0.00229728291906
-0.00287717557182
-0.00489146163548
-0.000653276642061
-0.00129329150096
-0.00201145303516
-0.00280593001413
-0.00231519000986
-0.00289543705167
-0.00490528337564
-0.00066735823715
-0.00130762013067
-0.00202601274226
-0.00282070161302
-0.00233224881195
-0.0029128335698
-0.00491822169025
-0.000680539863733
-0.0013210330685
-0.00203964205283
-0.00283452933425
-0.00234845891463
-0.0029293646907
-0.00493027624196
-0.000692821165101
-0.00133352993866
-0.00205234057263
-0.00284741276612
-0.00236381992738
-0.00294503000023
-0.00494144671632
-0.000704201808741
-0.00134511039085
-0.00206410793412
-0.00285935152485
-0.00237833147992
-0.00295982910571
-0.00495173282181
-0.00071468148638
-0.00135577410027
-0.00207494379657
-0.0028703452546
-0.00239199322224
-0.00444580637209
-0.00496113428986
-0.000724259914023
-0.00136552076773
-0.00208484784605
-0.00288039362754
-0.00240480482466
-0.00445887197743
-0.00496965087492
-0.000732936831996
-0.00137435011963
-0.00209381979552
-0.0028894963439
-0.00241676597785
-0.00447107032981
-0.00497728235447
-0.000740712004978
-0.00138226190805
-0.00210185938485
-0.00289765313201
-0.0024278763929
-0.0044824011228
-0.00498402852905
-0.000747585222035
-0.00138925591073
-0.00210896638084
-0.00290486374834
-0.00243813580131
-0.00449286407163
-0.00498988922229
-0.000753556296647
-0.00139533193115
-0.0021151405773
-0.00291112797755
-0.00244754395505
-0.00450245891321
-0.00499486428093
-0.000758625066733
-0.00140048979854
-0.00212038179504
-0.00291644563251
-0.00245610062659
-0.00451118540622
-0.000199511209083
-0.000762791394676
-0.00140472936789
-0.00212468988192
-0.00292081655431
-0.00246380560891
-0.00451904333107
-0.000202714631291
-0.000766055167338
-0.00140805052001
-0.00212806471287
-0.00292424061232
-0.00247065871557
-0.00452603248999
-0.00020503209798
-0.000768416296077
-0.00141045316148
-0.00213050618987
-0.00292671770419
-0.00247665978065
-0.00453215270701
-0.000206463548506
-0.000769874716759
-0.00141193722473
-0.00213201424202
-0.00292824775586
-0.00248180865887
-0.004537403828
-0.000207008945411
-0.000770430389768
-0.00141250266802
-0.00213258882552
-0.00293945650312
-0.00203804822144
-0.00233921670827
-0.00262050249312
-0.00302142109866
-0.00341127027738
-0.00373425458031
-0.00408959980125
-0.00435420525304
-0.00465942008766
-0.00508825326823
-0.00544098451949
-0.00580332359398
-0.00609308660485
-0.00648307965644
-0.00180016235625
-0.00201882972915
-0.00247674757618
-0.00284955402469
-0.00320760291053
-0.00350420971533
-0.00369509638761
-0.00182080372182
-0.00212128623353
-0.00244148295676
-0.00281751275888
-0.00319057983726
-0.00353182519512
-0.00384776228114
-0.00413131310719
-0.00449914360957
-0.00488750572302
-0.00523946947145
-0.00559164233264
-0.00588073585536
-0.00627462996224
-0.00159098561587
-0.00180914863526
-0.00220766849975
-0.00263876366529
-0.00299023381951
-0.00328772814049
-0.00347815065304
-0.00158059131237
-0.00188031895956
-0.00224641171972
-0.00262166839601
-0.00294660555308
-0.00330594107062
-0.00365071273174
-0.0039343032496
-0.00431865658887
-0.00466295320373
-0.00502024472724
-0.00535602594977
-0.00567487469015
-0.00604205071307
-0.00635759618615
-0.00158485497784
-0.00201671175921
-0.0024034899297
-0.00274990262576
-0.00304661620203
-0.0032365243975
-0.00635424610534
-0.00161648856927
-0.00202816908872
-0.00240256457075
-0.00268347402719
-0.0030567704999
-0.00343078805623
-0.00371371356028
-0.00411442172415
-0.00443576914777
-0.00478440518917
-0.00511317261986
-0.00547952333081
-0.00580707455187
-0.00610018533508
-0.00143441045519
-0.00182274282406
-0.00219688918061
-0.0024852139096
-0.00278107246046
-0.00297041743191
-0.00614213632401
-0.00639049284739
-0.00178691356812
-0.00216036164342
-0.00244055536995
-0.0028110671274
-0.0031875164675
-0.00347136147394
-0.00388659444613
-0.00420715711494
-0.00452496084214
-0.00485280760526
-0.00526018779176
-0.00558695736183
-0.00582292877605
-0.00625954585143
-0.00160443087668
-0.00197767490319
-0.00225268318421
-0.00252755505251
-0.00270264844265
-0.00590719596268
-0.00619776425379
-0.00154824737919
-0.00189523517008
-0.00217464960155
-0.00254568507796
-0.00293009940541
-0.00326159627842
-0.0036353465444
-0.00395504822544
-0.00430587173758
-0.0046701151156
-0.00501858837583
-0.00534294798425
-0.00565184417219
-0.0060604107713
-0.00639932184041
-0.00175458399142
-0.00207229455494
-0.00235316363734
-0.00252791580953
-0.00564959116893
-0.00601741381702
-0.00636724209147
-0.00164038676224
-0.00191490489299
-0.00232112232133
-0.00274542731311
-0.00307627584516
-0.00336086554062
-0.00367963189742
-0.00411557438117
-0.00447389300165
-0.00481542161659
-0.00513701924458
-0.00546323212085
-0.00584059741508
-0.00617524122316
-0.00153402192681
-0.00187393366143
-0.00215420120937
-0.00232856782115
-0.00542519864999
-0.00581412583654
-0.00616321590755
-0.00147252627896
-0.00174656316804
-0.00211403823316
-0.00253741794231
-0.00286754109988
-0.00310342742943
-0.00346261093639
-0.00390162205898
-0.00425395108452
-0.00458847948892
-0.0049391079829
-0.00525061217672
-0.00562710413657
-0.0059687208445
-0.00628931709427
-0.00165123618301
-0.00193083153935
-0.00210476731717
-0.00524258738731
-0.00558804465748
-0.0059461491014
-0.00628157426085
-0.00155506306721
-0.00188386826696
-0.00230622427679
-0.00263554288966
-0.00287085090059
-0.00322627117576
-0.00366417657584
-0.00401045677246
-0.0043379357425
-0.00471736559336
-0.00501414991817
-0.00538967535667
-0.00574449582746
-0.00603475165882
-0.00640437583487
-0.00170835400972
-0.0019394192267
-0.00503722988521
-0.00536379775879
-0.00571117957722
-0.00606766253645
-0.00634054563125
-0.00163077870145
-0.00205201478705
-0.00238045328332
-0.00261512868237
-0.00296671829231
-0.00340341578111
-0.00374610423684
-0.00409268780931
-0.00447196248799
-0.00475569799811
-0.00512849564434
-0.00551702225912
-0.00583297142286
-0.00618983069806
-0.00151847010119
-0.00175594250539
-0.00480926958943
-0.00513507286746
-0.00546670340335
-0.00583094618748
-0.00610315918083
-0.00135495053519
-0.00177497283688
-0.00210245751734
-0.00233644736494
-0.00268414291954
-0.00311953292598
-0.00346118687375
-0.00382489932708
-0.00420308537415
-0.00448600068179
-0.00488961610579
-0.00530098080089
-0.00561618708748
-0.00598325441863
-0.0063111445722
-0.0015480961425
-0.00455886432544
-0.00488383184855
-0.00520832047841
-0.00557159229257
-0.00584307487501
-0.0061948505182
-0.00156612405025
-0.00185319605968
-0.0021259602762
-0.00246344635464
-0.00281273597765
-0.00319901829527
-0.00363862751649
-0.00398401561034
-0.00431241073257
-0.00469352645173
-0.00506110078578
-0.00539084583602
-0.0057606708518
-0.006079677325
-0.00631568810015
-0.00428618576967
-0.0046102480696
-0.00492755942777
-0.00528978204037
-0.00556247302405
-0.00602456269395
-0.00639518290943
-0.00168645970199
-0.00198973267237
-0.00232673568415
-0.00257008209235
-0.00301868093725
-0.00345744715379
-0.00380216737995
-0.00412498124713
-0.00450532696705
-0.00480272492751
-0.00517776993731
-0.00553995305822
-0.0058242501993
-0.00605961996769
-0.00408990976302
-0.00444003619619
-0.00469935000516
-0.0049857101231
-0.00539485971562
-0.00583129859843
-0.0062011750058
-0.00149657347598
-0.00183017781857
-0.00216661680318
-0.00240955344956
-0.00281492117197
-0.0032527387844
-0.00359670752052
-0.0039138821182
-0.00429336640366
-0.00460208521672
-0.0049763169294
-0.00529536013729
-0.00556684937686
-0.00577973422911
-0.00390306480711
-0.00425252537513
-0.00451134296073
-0.00474872473227
-0.00522440268656
-0.00561519387799
-0.00598702690426
-0.00628367712492
-0.00164741220536
-0.00198320743219
-0.00222567640838
-0.0025878898508
-0.00302465534902
-0.0033677906413
-0.00369114099062
-0.00405780460748
-0.00437771300141
-0.00475103939289
-0.00502849787501
-0.00529777897676
-0.00547794876029
-0.00369379878883
-0.00404251659475
-0.00430078067176
-0.00460719371286
-0.00503115679825
-0.00541547472908
-0.00575603657769
-0.00608191693343
-0.0064415710007
-0.00177664144731
-0.00201858586095
-0.00233775353243
-0.0027733656954
-0.00311558741782
-0.00349191588465
-0.00383498421342
-0.00412977937175
-0.00451017399398
-0.00480229576742
-0.00500516263484
-0.00519488366708
-0.00347884533437
-0.0038118151088
-0.00408043908452
-0.0044492408827
-0.0048152572975
-0.00519872247491
-0.00553823533978
-0.00588155949519
-0.00622522791063
-0.001547068402
-0.0018080496185
-0.00213032660633
-0.0024990539736
-0.00288468517653
-0.00326952437217
-0.0036114861499
-0.00392315125963
-0.00430995977758
-0.00460145197444
-0.00483094153871
-0.00506708985866
-0.00324844544919
-0.00358063967789
-0.00390050805969
-0.00426863431902
-0.00458777071582
-0.00495938195689
-0.00529777187395
-0.00565838008271
-0.00599977698759
-0.00629465568227
-0.00164276908845
-0.00196448852172
-0.0022019189877
-0.00267740070027
-0.00306139520386
-0.00336574512164
-0.00370020002274
-0.00408608533931
-0.00437687677067
-0.0046793964777
-0.00491516896413
-0.00303113057146
-0.00335961123696
-0.00369812931756
-0.0040654987162
-0.00438653885377
-0.00474931378932
-0.00509493817664
-0.00543847782134
-0.00575159256405
-0.00604098117431
-0.00645434651952
-0.00177542999264
-0.00200330614961
-0.00244689444187
-0.00282995397641
-0.00317379419704
-0.00348191459158
-0.00384115129513
-0.00418520288056
-0.00450390072781
-0.00473923951898
-0.00281250008031
-0.00314025795668
-0.00347344048597
-0.00383997323229
-0.00416283575293
-0.0045247823791
-0.00487304165591
-0.00520974875369
-0.0055208416527
-0.00585520147389
-0.00624291246599
-0.00156328829771
-0.00181706921626
-0.00219333489199
-0.00257537306774
-0.00295843290793
-0.00327499845275
-0.00363289962034
-0.00398053431064
-0.00430458959314
-0.00453943782333
-0.00257182932492
-0.00289879522254
-0.00326013378569
-0.00361175008235
-0.00396177276702
-0.0042778544301
-0.00463301340728
-0.00495848634152
-0.0053157011952
-0.00566344474956
-0.00600862086215
-0.00632821887384
-0.00165216901415
-0.00191690737801
-0.00233506759828
-0.00272990575162
-0.00304633632233
-0.00340119302018
-0.00375833101888
-0.00408161550622
-0.00431591742412
-0.00297653800234
-0.000108154056892
-0.00146725301835
-0.00118575978376
-0.00262661284363
0.000230355584929
-0.00153967768418
-0.00298613111183
-0.000117751586737
-0.00147684073458
-0.00119532358282
-0.00263613893674
0.000220880498661
-0.00154908910644
-0.00299492495855
-0.000126549486188
-0.00148562963659
-0.00120409055678
-0.00264487134071
0.000212194859257
-0.001557716377
-0.00300291935504
-0.000134547567527
-0.00149361953723
-0.00121206051988
-0.00265280987197
0.000204298847346
-0.00156555931883
-0.00301011413083
-0.000141745660047
-0.00150081026631
-0.00121923330323
-0.0026599543636
0.000197192627186
-0.00356022033268
-0.00301650913247
-0.000148143610077
-0.00150720167063
-0.00122560875475
-0.00266630466534
0.00019087634664
-0.00356649415023
-0.00302210422351
-0.000153741280992
-0.00151279361398
-0.00123118673927
-0.00267186064359
0.000185350137169
-0.00357198320436
-0.00302689928456
-0.000158538553235
-0.00151758597719
-0.00123596713847
-0.00267662218144
0.000180614113811
-0.00357668738233
-0.00303089421329
-0.000162535324321
-0.00152157865806
-0.00123994985096
-0.00268058917868
0.000176668375175
-0.00358060658751
-0.00303408892441
-0.000165731508857
-0.00152477157149
-0.00124313479224
-0.00268376155182
0.000173513003427
-0.00358374073938
-0.00303648334972
-0.000168127038542
-0.00152716464936
-0.00124552189472
-0.00268613923406
0.000171148064283
-0.00358608977355
-0.0030380774381
-0.000169721862182
-0.00152875784065
-0.00124711110776
-0.00268772217535
0.000169573607002
-0.00359883789459
-0.00303887115551
-0.000170515945693
-0.00152955111137
-0.00124790239761
-0.00268851034235
0.000168789664378
-0.00361543485967
-0.00303886448499
-0.000170509272102
-0.00152954444461
-0.0012478957475
-0.00268850371849
0.000168796252744
-0.00363124871605
-0.0030380574267
-0.000169701841551
-0.00152873784051
-0.00124709115756
-0.00268770230388
0.00016959337196
-0.00364627913944
-0.00303644999786
-0.000168093671298
-0.00152713131627
-0.00124548864486
-0.00268610611542
0.000161518986134
-0.00366052582143
-0.00303404223281
-0.000165684795714
-0.00152472490615
-0.00124308824342
-0.00268371518669
0.000147972828856
-0.00367398846955
-0.00303083418293
-0.000162475266278
-0.00152151866149
-0.00123989000418
-0.00268052956806
0.000135215828929
-0.0036866668073
-0.00302682591674
-0.000158465151574
-0.00151751265064
-0.00123589399499
-0.00267654932656
0.000123248251745
-0.00369856057416
-0.00302201751978
-0.000153654537282
-0.00151270695904
-0.00123110030064
-0.00267988120577
0.000112070346378
-0.00370966952563
-0.00301640909469
-0.00014804352617
-0.00150710168912
-0.00122550902281
-0.0026903191901
0.000101682345564
-0.00371999343324
-0.00254731839485
-0.00318672178628
-0.00389579350128
-0.00543565296012
-0.0060527607004
-0.00174953706959
-0.00246833255228
-0.00257863286557
-0.00321857473475
-0.00392815874589
-0.00546849860261
-0.00608604899083
-0.00178322442305
-0.00250236974164
-0.00260912903883
-0.00324959562015
-0.00395967884566
-0.0055004868461
-0.00611846860239
-0.00181603293791
-0.00253551919342
-0.00263880622625
-0.00327978371824
-0.00399035304108
-0.00553161689698
-0.00615001870921
-0.00184796175846
-0.00256778002516
-0.00266766375721
-0.00330913832339
-0.00402018059214
-0.00556188798202
-0.00618069850654
-0.00187901005085
-0.00259915137695
-0.00269570097891
-0.00333765874871
-0.00404916077842
-0.00559129934841
-0.00125635726434
-0.00190917700323
-0.00262963241151
-0.00272291725643
-0.0033653443261
-0.0040772928992
-0.00561985026388
-0.00128529411358
-0.00193846182584
-0.00265922231433
-0.00274931197283
-0.00339219440633
-0.00410457627352
-0.00564754001679
-0.00131335836701
-0.0019668637511
-0.00268792029375
-0.00277488452919
-0.00341820835911
-0.00413101024026
-0.00567436791622
-0.00134054930544
-0.00199438203372
-0.00271572558109
-0.0027996343447
-0.0034433855732
-0.00415659415823
-0.00570033329204
-0.00136686623133
-0.00202101595082
-0.00274263743073
-0.00282356085671
-0.00346772545642
-0.00418132740626
-0.00572543549502
-0.00139230846886
-0.00204676480198
-0.00276865512022
-0.00284666352079
-0.00349122743579
-0.00420520938324
-0.00574967389687
-0.00141687536399
-0.00207162790934
-0.00279377795036
-0.00286894181082
-0.00351389095752
-0.00422823950821
-0.00577304789036
-0.00144056628457
-0.00209560461774
-0.00281800524532
-0.00289039521901
-0.00353571548714
-0.00425041722046
-0.00579555688937
-0.00146338062042
-0.00211869429472
-0.00284133635273
-0.002911023256
-0.00355670050953
-0.00427174197952
-0.00581720032897
-0.00148531778339
-0.00214089633069
-0.00286377064372
-0.00293082545086
-0.00357684552899
-0.00429221326533
-0.00583797766549
-0.00150637720747
-0.00216221013893
-0.00288530751306
-0.0029498013512
-0.00359615006929
-0.00431183057821
-0.00585788837658
-0.00152655834881
-0.00218263515575
-0.00290594637921
-0.0029679505232
-0.00361461367372
-0.00433059343896
-0.00587693196129
-0.00154586068583
-0.00220217084047
-0.00292568668441
-0.00298527255164
-0.00363223590519
-0.0053327193605
-0.00589510794014
-0.00156428371929
-0.00222081667558
-0.00294452789475
-0.00300176703998
-0.0036490163462
-0.00534977196164
-0.00591241585513
-0.00158182697232
-0.00223857216675
-0.00296246950024
-0.00301743361037
-0.00366495459898
-0.00536596879651
-0.00592885526987
-0.00159848999052
-0.00225543684291
-0.00297951101489
-0.00377708906837
-0.00280416963805
-0.00183733378243
-0.00380523525963
-0.00683857130661
-0.00584258640752
-0.00485893039152
-0.00371024104851
-0.00273564894051
-0.00176717471955
-0.00373349245885
-0.00676532198464
-0.00576793218705
-0.00478299841509
-0.00364247946467
-0.00266619434958
-0.00479436920988
-0.00366077713567
-0.00669108232652
-0.00569227116448
-0.00470604478561
-0.00357380629898
-0.00259580799394
-0.00472230517709
-0.00358709171956
-0.00661585491087
-0.00561560606252
-0.00462807236101
-0.00350422355442
-0.00252449202419
-0.00464929210022
-0.00351243866414
-0.00653964234152
-0.00553793963002
-0.00454908402623
-0.00343373325451
-0.00245224861263
-0.00457533230362
-0.00343682044684
-0.00646244724708
-0.00545927464149
-0.00446908269268
-0.00336233744304
-0.00237907995288
-0.00450042813405
-0.00739557460261
-0.00638427228048
-0.0053796138967
-0.00438807129779
-0.00329003818382
-0.00230498825964
-0.00442458196035
-0.00731803358706
-0.00630512011866
-0.00529896022019
-0.00430605280453
-0.00321683756037
-0.00222997576831
-0.00434779617306
-0.00723953498087
-0.00622499346205
-0.00521731646082
-0.00422303020087
-0.00314273767569
-0.00215404473477
-0.00427007318413
-0.00716008135284
-0.00614389503423
-0.00513468549137
-0.00413900649937
-0.00306774065192
-0.002077197435
-0.00419141542652
-0.0070796752937
-0.00606182758147
-0.00505107020802
-0.00405398473665
-0.00299184863014
-0.0019994361648
-0.00411182535392
-0.0069983194157
-0.00597879387234
-0.00496647352993
-0.00396796797291
-0.00291506377002
-0.00192076323947
-0.00403130544033
-0.00691601635222
-0.00589479669727
-0.00488089839881
-0.00388095929144
-0.00283738824959
-0.00184118099351
-0.00394985817978
-0.00683276875743
-0.00580983886817
-0.00479434777843
-0.00379296179814
-0.00275882426493
-0.00176069178029
-0.00386748608596
-0.00674857930586
-0.00572392321797
-0.00470682465417
-0.00370397862104
-0.00267937402992
-0.00167929797176
-0.00378419169186
-0.00666345069204
-0.00563705260024
-0.00461833203261
-0.00361401290981
-0.00259903977591
-0.00159700195813
-0.00369997754944
-0.00657738563013
-0.00554922988872
-0.00452887294101
-0.00352306783524
-0.00251782375149
-0.00151380614752
-0.00361484622928
-0.00649038685352
-0.00546045797699
-0.00443845042694
-0.00343596372245
-0.00243572822218
-0.0014297129657
-0.0035288003202
-0.00640245711445
-0.00537073977795
-0.00434706755773
-0.00340142581248
-0.00235275547017
-0.00134472485576
-0.003441842429
-0.00631359918364
-0.00528007822348
-0.00425472742012
-0.00336582801566
-0.00226890779398
-0.0045156178539
-0.00335397517999
-0.00622381584989
-0.00518847626399
-0.00416143311974
-0.00332917168227
-0.0027948267833
-0.00583174771113
-0.00193921410288
-0.00493790846266
-0.00388167890907
-0.00399213824313
-0.00309652137711
-0.00696066294958
-0.0057806557861
-0.00188107142097
-0.0048890835154
-0.00381828771223
-0.00392359089393
-0.00302802246079
-0.00690887721859
-0.00572871013477
-0.00182208016937
-0.00484129651981
-0.00375405036015
-0.00385420325619
-0.0029586837831
-0.00685624151915
-0.00567591205618
-0.00176224181841
-0.00479264820968
-0.00368896845654
-0.00378397705178
-0.00288850706241
-0.00680275715707
-0.00562226286799
-0.00170155785605
-0.00474313981876
-0.00362304362205
-0.00371291401862
-0.00281749403309
-0.00674842545644
-0.00556776390631
-0.00164002978773
-0.00469277260014
-0.00356518948044
-0.00364101591041
-0.00274564644532
-0.00669324775954
-0.00551475430808
-0.0057797978113
-0.0046415478262
-0.00351389591987
-0.00356828449652
-0.00267296606487
-0.00663722542663
-0.00546434943199
-0.00572787969737
-0.00458946678839
-0.00346174501653
-0.00349472156173
-0.00259945467292
-0.00658035983582
-0.00541309277469
-0.00567510913493
-0.00453653079708
-0.00340873808599
-0.00342032890602
-0.00252511406584
-0.00652265238291
-0.00536098561115
-0.00562148744098
-0.00448274118142
-0.00335487646263
-0.00334510834443
-0.00244994605503
-0.00646410541251
-0.00530803016621
-0.0055670168823
-0.00442809928918
-0.0033001614995
-0.00326906170679
-0.00237395246665
-0.00640471849263
-0.00525422588913
-0.00551169695
-0.00437260648657
-0.00730854728241
-0.00319717079008
-0.0022971351415
-0.00634449400245
-0.0051995750414
-0.00545552994733
-0.00431626415809
-0.00725212977285
-0.0031407794527
-0.00221949593474
-0.00628353761719
-0.00514407897123
-0.00539851726415
-0.00425907370638
-0.00719486309316
-0.00308353930959
-0.00214103671575
-0.00622739209797
-0.0050877390448
-0.00534066030819
-0.00420103655202
-0.00713674866946
-0.00302545178495
-0.00206175936789
-0.00617040679723
-0.00503055664601
-0.00528196050481
-0.00414215413339
-0.00707778794572
-0.0029665183208
-0.00198166578828
-0.0061125831024
-0.0049725331764
-0.00522241929685
-0.00408242790647
-0.00701798238361
-0.00290674037683
-0.00576517660291
-0.00605392241821
-0.00491367005491
-0.00516203814449
-0.00402185934472
-0.00695733346228
-0.00284611943022
-0.00568345630539
-0.00599442616653
-0.0048539687178
-0.00510081852505
-0.00396044993886
-0.00689584267825
-0.00278465697544
-0.00560092554823
-0.00593409578616
-0.00479343061839
-0.00505131107237
-0.00389820119673
-0.00683351154516
-0.00272235452414
-0.00553301191971
-0.00587293273275
-0.00473205722697
-0.00500722947397
-0.00383511464309
-0.00677034159366
-0.0026592136049
-0.00547001199941
