0.00293158621268
-7.39304675162e-05
0.00151226573548
0.00497648662933
0.00190657938974
0.00324684027036
0.00248766292375
0.00290559176716
-0.000100170098595
0.0012551482499
0.00471149810991
0.00164488767913
0.00298119866975
0.00222187526268
0.00265148920438
-0.000351954785819
0.00122929910278
0.00468544382265
0.00161864770323
0.00295479385532
0.00219532774733
0.00262671096055
0.00430023750761
0.00120406914057
0.00466001356246
0.00159303613594
0.00292902133788
0.00216941589425
0.00260254128297
0.00427583961916
0.00117945868819
0.00463520766199
0.00156805331704
0.00290388146365
0.00214414005527
0.00257898047213
0.00425205627304
0.00115546806275
0.00461102644596
0.00154369957823
0.00287937457056
0.00211950057383
0.00255602882111
0.00422888777071
0.00113209757362
0.00458747023113
0.00151997524306
0.00285550098829
0.00209549778494
0.00253368661563
0.00420633440601
0.00110934752236
0.00456453932628
0.00149688062694
0.00283226103822
0.00207213201521
0.00251195413395
0.00418439646515
0.00292663244165
0.00454223403219
0.0014744160371
0.00280965503338
0.00204940358278
0.00249083164694
0.00416307422672
0.00290512413953
0.0045205546416
0.0014525817726
0.0027876832785
0.00202731279732
0.00247031941799
0.00414236796163
0.00288423713298
0.00449950143924
0.00143137812426
0.00276634606993
0.00200585995999
0.00245041770305
0.00412227793313
0.00286397169218
0.00447907470176
0.00141080537472
0.00274564369562
0.00198504536347
0.00243112675057
0.00410280439677
0.00284432807941
0.00445927469774
0.00139086379832
0.00272557643514
0.00196486929186
0.00241244680151
0.00408394760041
0.00282530654906
0.00444010168767
0.00137155366116
0.00270614455965
0.00194533202074
0.00239437808932
0.00406570778417
0.00280690734759
0.00442155592392
0.00135287522106
0.00268734833184
0.0019264338171
0.00237692083993
0.00404808518043
0.0027891307135
0.00440363765074
0.00133482872753
0.00266918800596
0.00190817493934
0.00236007527172
0.00403108001384
0.00277197687737
0.00438634710424
0.00131741442177
0.0026516638278
0.00189055563724
0.00234384159552
0.00401469250126
0.00275544606178
0.00436968451237
0.00130063253665
0.00263477603465
0.00187357615199
0.0023282200146
0.00399892285177
0.00232965596568
0.00393564085842
0.000872561184561
0.00220000525406
0.00143871711486
0.00191195784395
0.003573888751
0.00231437182701
0.00392023482691
0.000857044805881
0.00218439090874
0.00142301795219
0.00189756103304
0.00355935542377
0.0022997113287
0.00390545738476
0.000842161496275
0.00443312537461
0.00140795927792
0.000271267831599
0.00120407695007
0.00214111042692
-3.27162062204e-05
0.000641962500351
0.00130209010469
0.00194979101404
0.000239807573633
0.00117180482073
0.00210800227887
-6.64897438853e-05
0.000607265230235
0.00126644214983
0.00191316742621
0.00436037820183
0.00114024614873
0.00207562563555
-9.951300725e-05
0.000573338224499
0.00123158498783
0.00187735564978
0.00433031024628
0.00110940147593
0.00204398108171
-0.000131785368552
0.000540182163405
0.00119751935589
0.0018423564836
0.0043009391844
0.00107927133248
0.00201306918949
-0.000163306213627
0.000507797712531
0.0011642459754
0.00180817070943
0.00400567347831
0.00104985623674
0.00198289051837
-0.000194074941965
0.000476185522705
0.0011317655518
0.00177479909182
0.00397769763405
0.00102115669527
0.00195344561509
-0.000224090966768
0.000445346229941
0.00110007877453
0.00174224237804
0.00395042009173
0.00072658118444
0.00192473501363
-0.000253353715005
0.000415280455377
0.00106918631695
0.00171050129799
0.0039238412987
0.00069931422365
0.00189675923516
-0.000281862627464
0.000385988805211
0.00103908883629
0.00167957656412
0.00389796169122
0.000672764265432
0.00159382681679
-0.000309617158809
0.000357471870644
0.00100978697354
0.00164946887136
0.00387278169443
0.000646931768642
0.00156732219627
-0.000614455447344
0.000329730227817
0.000981281353424
0.00162017889705
0.0038483017223
0.000621817180112
0.00154155388486
0.00244162883982
0.000302764437758
0.000953572584315
0.00159170730082
0.00382452217762
0.00059742093461
0.00151652235199
0.00241614058434
-1.05125878852e-05
0.000926661258172
0.00156405472459
0.00380144345193
0.000573743454806
0.00149222805406
0.00239140875158
-3.59250500703e-05
0.000900547950479
0.00153722179243
0.00377906592552
0.000550785151235
0.00146867143439
0.00236743381677
-6.05600676531e-05
0.000578508259977
0.00151120911051
0.00375738996739
0.00052854642226
0.00144585292316
0.00234421624096
-8.44171406144e-05
0.000553992649436
0.00117926382538
0.00373641593522
0.000507027654038
0.0014237729374
0.002321756471
-0.000107495784316
0.00053027668435
0.00115489339063
0.00371614417534
0.00048622922049
0.00140243188097
0.00230005493949
-0.000129795529551
0.000507360873712
0.00113134491666
0.00369657502268
0.000466151483265
0.00138183014444
0.00227911206474
-0.000151315922587
0.000485245709752
0.00110861893744
0.00367770880079
0.000446794791709
0.00136196810516
0.00225892825074
-0.000172056525218
0.000463931667885
0.00108671596872
0.00365954582177
0.000428159482837
0.00134284612714
0.00223950388708
-0.000192016914804
0.000443419206663
0.00106563650797
-0.00446518352007
-0.00466936599188
-5.38220244479e-05
-0.000526161464628
-0.000902754730191
-0.00124622763787
-0.00175014216
-0.00215732807376
-0.00251597865466
-0.00281622184084
-0.00294502052584
-0.00318393009777
-0.00353326983594
-0.00400667888329
-0.00441470040149
-0.00472203725425
-0.00519647342245
-0.000589745172625
-0.000880442060066
-0.00110084806738
-0.00124507388974
-0.00487116041893
-9.99740274018e-05
-0.000123492528414
-0.000596189555484
-0.000973070568908
-0.00136188378333
-0.00186644046007
-0.00227415049992
-0.00263667150107
-0.00293731872701
-0.00316277728485
-0.00337164128597
-0.00372461495864
-0.00423255516488
-0.00452361358025
-0.00485755196172
-0.000352496536789
-0.000746073324158
-0.00103729575779
-0.00123239828541
-0.00137281369626
-0.00491581079892
-0.000144722681621
-0.000524171209348
-0.000997101462727
-0.00137417294908
-0.00145300453522
-0.00195806829639
-0.00236619223242
-0.00273249287635
-0.0030334616571
-0.00323800370369
-0.0034251681455
-0.00380720101732
-0.00431561624646
-0.00472452655038
-0.000111431435767
-0.000606713059192
-0.00100088157949
-0.00116837047254
-0.00136375878178
-0.00147458859384
3.92227253046e-05
-0.000165247820149
-0.000545232482886
-0.00101827104813
-0.00139542969473
-0.00187481397404
-0.00238024851695
-0.00278867510316
-0.00315866088109
-0.00310457023054
-0.0033059741276
-0.00347537381157
-0.00386451101412
-0.00437325640601
-0.00478243502855
-0.000215188507683
-0.000711061347952
-0.00110570522167
-0.00139772282278
-0.00159333083731
-0.0016773322312
4.29290076857e-05
-0.000161533373137
-0.000541954629498
-0.00101497633445
-0.00139212141327
-0.00191666277788
-0.00242233089447
-0.0028309481384
-0.00320452102547
-0.00350588245928
-0.003707390168
-0.00385565616093
-0.00425179367059
-0.00440542581521
0.000178140486403
-0.000293303138254
-0.000789622017331
-0.0011846245292
-0.00147690962394
-0.00167269113535
-0.00175677015176
-0.000550596030114
-0.000754996993172
-0.00113575498098
-0.00160863469362
-0.00136425076588
-0.0019338146377
-0.00243957854773
-0.00284827398514
-0.00322533267209
-0.00352676421907
-0.0037283190737
-0.00385539858344
-0.00425842619772
0.000205342975051
-0.000204016650242
-0.000721161728254
-0.000842325039193
-0.00123756851257
-0.00153003333398
-0.00172593141795
-0.00181006258932
-0.000498544634457
-0.000702831070442
-0.0010838258424
-0.00155643876843
-0.00194649364493
-0.00254766940893
-0.0030533910971
-0.00346205206994
-0.00322107839752
-0.00352249560945
-0.0037240408248
-0.00382989899747
-0.00423970061048
0.000224176582419
-0.00018509525463
-0.000747807464275
-0.00124457853789
-0.00163994278496
-0.00193249907849
-0.00212842482772
-0.00183716082598
-0.000422372040246
-0.000626491107429
-0.00100762286639
-0.00147984484459
-0.00191444140437
-0.00251540561964
-0.00302094717428
-0.00342946110995
-0.00381317557677
-0.00411449404155
-0.00431597285689
-0.00379552155492
0.000777104328673
0.000268498265706
-0.000152206564121
-0.000748671995161
-0.00124544801883
-0.00164081624616
-0.00193337550852
-0.00212930318337
-0.0023369169501
-0.00120442205614
-0.0014083213024
-0.000907205919
-0.00137890998714
-0.00185787210258
-0.00245846331775
-0.00296368726883
-0.00337194195887
-0.00375882112024
-0.00405995667439
-0.00426131249707
0.000575666575384
0.000190204995459
-0.000348186878201
-0.000795826314839
-0.00072375455483
-0.00122038794808
-0.00161564148887
-0.00190811520865
-0.00210398739925
-0.00231157634204
-0.00108020271664
-0.00128383019895
-0.00166493830469
-0.0021360042979
-0.00265911390468
-0.0032591715695
-0.00288165837048
-0.00328954224676
-0.00367947424342
-0.00398034318284
-0.00418151973087
0.000655549481117
0.000226652146757
-0.000319894508743
-0.000767389856664
-0.00132934856441
-0.0018256921277
-0.00222071448724
-0.00251301438573
-0.00205250061797
-0.00226003911943
-0.000932094279407
-0.00113539868015
-0.00151634759783
-0.00198665683798
-0.00255366582397
-0.003153030672
-0.00365721044212
-0.00406461284864
-0.00445748388278
-0.00475800317032
0.000861217981676
0.000760525662682
0.000280062242874
-0.000266154184707
-0.000713376097293
-0.00125295612119
-0.0017488634273
-0.00214353501297
-0.00243557328309
-0.00263111088445
-0.00283766076915
-0.00189614321143
-0.000963140737712
-0.00134383356347
-0.00181326726427
-0.00242389458352
-0.0030224090063
-0.00352586473405
-0.00393267619256
-0.00432837082142
-0.00462845828979
6.0132967517e-05
-4.0413367294e-05
-0.000572201686889
-0.00111793252052
-0.000633832118499
-0.00115091592128
-0.00164624170092
-0.00204044572333
-0.00233213526514
-0.00252744668438
-0.00273389537612
-0.0017006136261
-0.00190312096923
-0.00228346206802
-0.00275190438564
-0.00340583701689
-0.00286741128291
-0.00337001055133
-0.00377666512514
-0.00417452445179
0.000415143350457
0.00021483712686
0.000114464186333
-0.000468365997769
-0.00101345711437
-0.00145974728896
-0.00195423779394
-0.00244883831291
-0.00191153898627
-0.00220996761488
-0.00239782299617
-0.00260414549698
-0.00148158607435
-0.00168362123469
-0.00206351644286
-0.00253848087158
-0.00322774594244
-0.00382409512418
-0.00432570755897
-0.00473492694876
0.000893171422592
0.000594189637139
0.000394281955737
0.000294109391061
-0.000339438811354
-0.00088373771631
-0.00132937199229
-0.00180119269143
-0.00229492611666
-0.00268785272282
-0.00298568788379
-0.0031732060837
-0.00337810461727
-0.00123922415106
-0.00144073938651
-0.00182009620444
-0.00233792245456
-0.0030256945598
-0.00362073400295
-0.00412123156041
-0.00453289610877
-0.000101038923447
-0.000399349539705
-0.000598805978896
-0.000742578936727
-0.000185528673426
-0.000728884874655
-0.00117373869643
-0.00162283366727
-0.00211556041903
-0.00250767775194
-0.00280490939279
-0.00299203618684
-0.00319675961522
-0.00235437793097
-0.00255532663454
-0.00293405440852
-0.00211372847979
-0.00279983934082
-0.00339342155884
-0.00389267879885
0.000521382302295
0.000126174599713
-0.000171388051287
-0.000370341636336
-0.000565082776162
-0.00120389010798
-0.00174615547613
-0.00219010626565
-0.00261644009824
-0.00191089742378
-0.0023020954171
-0.00259864149084
-0.00278532368477
-0.00298984821433
-0.00206590006716
-0.00226623685084
-0.00264424694317
-0.00324674118605
-0.00393102626175
-0.0045230070903
-0.000265141821107
0.000771627467333
0.000377504560067
8.07648992117e-05
-0.000117635416803
-0.000363050056475
-0.00100042003596
-0.00154144914841
-0.0019843765927
-0.00238793422861
-0.0028782395711
-0.00326841051887
-0.00356409668848
-0.00375028224426
-0.00275755290109
-0.00175467000561
-0.00195435077736
-0.00233155672404
-0.00297580064506
-0.00365809944608
-0.00424833832137
1.10093264316e-05
-0.000407270014843
-0.000800211690487
-0.00109605525762
-0.00129385318806
-0.000136644823991
-0.00077241174755
-0.00131206221412
-0.00175384853735
-0.00213463502383
-0.00262353826357
-0.00301257054243
-0.00330741255265
-0.00349305070646
0.00110580615061
-0.00303604034974
-0.00323502238318
-0.00199620969608
-0.00268178016385
-0.00336193654297
0.000805462853191
0.000310649430052
-0.000109595122856
-0.000501261826205
-0.000796138255531
-0.000993286075391
-0.00133901298174
-0.00197301497881
-0.00251114774737
-0.00149871416667
-0.00185675432945
-0.00234412155351
-0.00273191940429
-0.00302584105869
-0.00321088243009
0.0013882413861
-0.00267998556041
-0.00287822755716
-0.00325357522547
-0.00398002613641
1.60692709247e-05
0.00112665339094
0.000633551151373
0.000211460310233
-0.000178840540868
-0.000472680973494
-0.000669132434033
-0.00106442638357
-0.00169650574381
-0.00223298538421
-0.00267214754339
-0.00301255533736
-0.00349319220237
-0.00387965637735
-0.00271962088751
0.00190398364092
0.00169539461303
-0.00230188324088
-0.00249934538545
-0.00287580301073
-0.00364050488206
0.000358031180167
-0.000226178173398
-0.000717460286175
-0.00114127944197
-0.0015301265699
-0.000125931384016
-0.000321641788701
-0.000766064866837
-0.00139606834129
-0.00193076330626
-0.00236844869765
-0.00270770185478
-0.00316507496757
-0.00355010943519
0.000886293144219
0.000702587455802
0.000496516612405
0.00345118500734
0.00036944802557
0.00378170796776
0.000725658811642
0.0021491343492
-0.00101148647204
0.00262224361638
0.00340754550756
0.000325421256255
0.00373731996223
0.000680937888524
0.00210411102597
-0.00105677960145
0.00257671519248
0.00336447927142
0.000281972619377
0.00369351462542
0.000636803810278
0.00205967833718
-0.00110147871835
0.0025317837247
0.00332198678102
0.0002391026098
0.0036502924643
0.00059325709521
0.00201583681158
-0.00114558328456
0.00248744975952
0.00328006851256
0.000196811716352
0.00360765397966
0.000550298255322
0.00197258697149
-0.00118909276846
0.00244371383679
0.00323872493632
0.0001551004218
0.00356559966612
0.00050792779629
0.00192992933278
-0.00123200664496
0.00240057648971
0.00319795651665
0.000113969202815
0.00352413001203
0.000466146217433
0.00188786440485
-0.00127432439554
0.00235803824482
0.0031577637119
7.34185299564e-05
0.00348324549952
0.000424954011681
0.00184639269059
-0.00131604550833
0.00231609962194
0.00311814697447
3.34488676364e-05
0.00344294660442
0.000384351665552
0.00180551468636
-0.00135716947807
0.00227476113416
0.00307910675069
-5.93932590037e-06
0.00340323379625
0.000344339659121
0.00176523088195
-0.00139769580618
0.0022340232878
0.00304064348088
-4.47455986043e-05
0.00336410753819
0.00030491846599
0.00172554176058
0.000835473633517
0.00219388658236
0.00300275759928
-8.29695046461e-05
0.00332556828706
0.000266088553267
0.0016864477988
0.00079599965471
0.00214631546853
0.00296544953404
-0.000120610604442
0.0032876164933
0.000227850381534
0.00164392002834
0.000745507712447
0.00209555681791
0.00292871970719
-0.000157668464678
0.00325014357563
0.000182340528217
0.00159432256553
0.000695608324446
0.00204539367082
0.00289256853463
-0.000198051969444
0.00320183744367
0.000133666966261
0.00154531486803
0.000646302091957
0.00199582663791
0.00284935239733
-0.000245382024393
0.00315411365562
8.55799434821e-05
0.0014968975202
0.00059758960988
0.00194685632339
0.00280301750463
-0.00029213374834
0.00310697276549
3.80800264116e-05
0.00144907110011
0.000549471466735
0.00189848332501
0.00275725656535
-0.000338306606586
0.00306041532121
-8.83222462078e-06
0.00140183617952
0.000501948244624
0.00185070823399
0.00271207009442
-0.00038390007041
0.00301444186462
-5.51562555172e-05
0.00135519332385
0.000455020519197
0.00180353163504
0.0026674586009
-0.00042891361709
0.0029690529314
-0.000100891518444
0.00130914309213
0.000408688859623
0.00175695410626
0.00262342258796
-0.000473346729938
0.00292424905106
-0.000146037471862
0.00126368603699
0.00036295382855
0.00171097621917
0.00164239765579
0.00256764343766
0.000472835789836
0.0013056144142
-0.00168222396
-0.000772771828186
0.000135668509712
0.00158878267862
0.00251273767611
0.00041660405327
0.00124802318093
-0.00174120587393
-0.000833172487672
7.38250603175e-05
0.00153580799728
0.00245848659012
0.000361041687001
0.00119111630117
-0.00179948819652
-0.000892858105567
1.27122637536e-05
0.00148347435991
0.00240489098196
0.000306149551444
0.00113489469771
-0.00185706993826
-0.000951827621171
-4.76687436268e-05
0.00143178250672
0.00235195164545
0.000251928498084
0.00107935928386
-0.00191395011968
-0.00101007998445
-0.000107316836762
0.00138073316996
0.00229966936599
0.000198379369411
0.00102451096338
-0.00197012777146
-0.00106761415611
-0.000166230901982
0.00133032707388
0.00224804492044
0.000145502998861
0.000970350630402
-0.00202560193449
-0.00112442910772
-0.000224409837103
0.00128056493466
0.0021970790771
9.33002107526e-05
0.000916879169361
-0.00208037165997
-0.00118052382176
-0.000281852551531
0.0012314474604
0.00214677259562
4.17718202229e-05
0.00086409745494
-0.00213443600947
-0.00123589729174
-0.000338557966353
0.00118297535101
0.002097126227
-9.08136682942e-06
0.000812006351987
-0.00218779405501
-0.00129054852225
-0.000394525014436
0.00113514929823
0.00204814071349
-5.92585538068e-05
0.000760606715453
-0.00224044487913
-0.00134447652909
-0.000449752640524
0.00108796998554
0.00199981678853
-0.000108758953472
0.000709899390325
0.0015233881622
-0.00139768033931
-0.000504239801328
0.0010414380881
0.00195215517675
-0.000157581788009
0.000659885211557
0.00147215449081
-0.00145015899133
-0.000557985465623
0.000995554272748
0.00190515659388
0.00281691651709
0.000610565004006
0.00142163072929
-0.001501911535
-0.000610988614343
0.000950319197934
0.00185882174668
0.00276945110829
0.000561939582366
0.00137181775225
-0.0015529370317
-0.000663248240668
0.000905733513662
0.00181315133294
0.00272266554096
0.000514009751102
0.0013227164234
-0.00160323455439
-0.00071476335012
0.000861797861457
0.00176814604138
0.00267656055466
0.000466776304389
0.00127432759546
-0.00165280318773
-0.000765532960654
0.000813372511311
0.00172380655164
0.00263113687923
0.000420240026044
0.00122665211013
-0.00170164202814
-0.000815556102744
0.000757920344838
0.00167856797787
0.00258639523476
0.000374401689468
0.001179690798
-0.00174975018389
-0.000864831819474
0.000703110935029
0.00162242822127
0.00254233633151
0.000329262057579
0.00113344447847
-0.00179712677515
-0.000913359166627
0.000648945063686
0.00156694652449
0.00248769158135
0.000284821882755
0.00108791395968
-0.00184377093411
-0.000961137212771
-0.000447260505118
-0.00107201461528
-0.00168092393199
-0.00233732325955
-0.00301482928439
-0.00367519026427
-0.00418641609403
-0.00041445227397
-0.00102904427137
-0.00163499412171
-0.00229861533845
-0.00297582842685
-0.00364003084545
-0.00415105322787
-0.000380678728687
-0.000985110652399
-0.00158809754123
-0.0022589266868
-0.00293583968063
-0.00360387290941
-0.00411468437333
-0.000345940930604
-0.000940215145009
-0.00154023568586
-0.00221825859803
-0.00289486436834
-0.00356671767409
-0.00407878311998
-0.00531023520136
-0.00089435916345
-0.00149141007855
-0.00217661239511
-0.0028529038428
-0.00352856638891
-0.0040603212763
-0.00527357219623
-0.000847544149369
-0.00144162226958
-0.00213398943036
-0.00280995948676
-0.00348942033464
-0.00404084586117
-0.00523594829369
-0.000799771571588
-0.00139087383638
-0.00209039108525
-0.00276603271273
-0.00344928082317
-0.00402035754389
-0.00519736466878
-0.000751042925883
-0.00133916638326
-0.00204581877015
-0.00272112496274
-0.00340814919727
-0.00399885702793
-0.00515782252452
-0.000701359734757
-0.00128650154118
-0.00200027392414
-0.00267523770809
-0.0033660268304
-0.00397634505082
-0.00511732495435
-0.00065072354721
-0.00123288096749
-0.00195375801478
-0.00262837244916
-0.00332291512647
-0.00395282238401
-0.00507586949141
-0.000599135938508
-0.00117830634571
-0.00190627253787
-0.00258053071512
-0.00328028417715
-0.00392828983275
-0.0050334592842
-0.000546602235238
-0.00112277938524
-0.0018578190172
-0.00253171406374
-0.00325455586839
-0.00390274823595
-0.00499009564579
-0.000493116613907
-0.00106630182111
-0.00180839900437
-0.00248264210125
-0.00322782681606
-0.00387619846604
-0.0049457799163
-0.000438684452443
-0.0010088772764
-0.00175801407848
-0.00246432155787
-0.00320009791878
-0.00384864142881
-0.00490207644075
-0.00038330742879
-0.000984446915393
-0.00170666584594
-0.00244500534675
-0.00317137010764
-0.00382007806329
-0.00486761144527
-0.000369892714828
-0.000972958523611
-0.00165435594022
-0.00242469410845
-0.00314164434607
-0.00379050934154
-0.00483218805203
-0.000355942238091
-0.000960488386415
-0.00161586359405
-0.00240338851592
-0.00311092162965
-0.00375993626854
-0.00479580735968
-0.000341017294734
-0.000947036904965
-0.00159375753167
-0.00238108927441
-0.00307920298597
-0.003728359882
-0.00475847049481
-0.000325118358114
-0.000932604511749
-0.00157066705862
-0.00235779712133
-0.00304648947445
-0.00369578125216
-0.00472017861177
-0.00030824593214
-0.000917191670506
-0.00154659292465
-0.00233351282617
-0.00301278218615
-0.00366220148165
-0.00468093289254
-0.000290400551198
-0.000900798876158
-0.00152153591062
-0.00230823719033
-0.00297808224362
-0.0036276217053
-0.000773970868054
-0.00390996592595
-0.000978422617517
-0.00312207113491
-0.000969739316841
-0.00325644657
-0.000676092786048
-0.000723675030595
-0.00386073493074
-0.000930323541948
-0.00307861711403
-0.00094934109033
-0.00323657054661
-0.000656659611012
-0.000680504989192
-0.0038104236446
-0.000881167641698
-0.00305665442919
-0.000927914977938
-0.00321569269844
-0.00063633535595
-0.00064500050628
-0.00375903407757
-0.000830956793942
-0.00303363918782
-0.000905461737563
-0.00319381372686
-0.000615036256744
-0.000608378652827
-0.00370656827761
-0.000779692911554
-0.00300957224418
-0.000881982162633
-0.00317093436617
-0.000592762991037
-0.00057064097384
-0.00365302833024
-0.000727377942757
-0.0029844544906
-0.000857477081973
-0.00314705538349
-0.000569516266794
-0.00053178905842
-0.00360369945163
-0.000684384056623
-0.00295828685727
-0.000831947359653
-0.00312217757861
-0.00054529682219
-0.000491824539438
-0.00356460946077
-0.000656528043898
-0.0029310703121
-0.000805393894843
-0.00309630178386
-0.000520105425494
-0.000450749093196
-0.00352443196707
-0.000627599951556
-0.00290280586054
-0.000777817621655
-0.003069428864
-0.000493942874948
-0.000408564439089
-0.00348316858094
-0.000597600897115
-0.0028734945454
-0.000749219508975
-0.00304155971602
-0.000466809998642
-0.00036527233925
-0.003440820953
-0.000566532037822
-0.00284313744662
-0.000719600560304
-0.00301269526908
-0.000438707654385
-0.000320874598195
-0.00339739077378
-0.000534394570438
-0.00281173568116
-0.000688961813576
-0.00298283648425
-0.000409636729569
-0.000275373062454
-0.00335287977336
-0.00050118973101
-0.00277929040269
-0.000657304340982
-0.00295198435444
-0.000379598141035
-0.000228769620203
-0.00330728972107
-0.000466918794634
-0.00274580280147
-0.000624629248786
-0.0029201399042
-0.000348590972277
-0.00018106620088
-0.00326062242511
-0.000431583075217
-0.00271127410408
-0.000590937677132
-0.00288730418954
-0.00531588499861
-0.000132268500093
-0.00321287973224
-0.000395183925229
-0.00267570557324
-0.00055623079985
-0.0028534782978
-0.00528294921224
-8.23710780635e-05
-0.00316406352741
-0.000357722735448
-0.00263909850753
-0.000520509824255
-0.00281866334742
-0.00524904972105
-3.13797109692e-05
-0.0031141757334
-0.000319200934701
-0.00260145424122
-0.00545250299845
-0.0027828604878
-0.00521418758687
2.07035106212e-05
-0.00306661665745
-0.000279619989596
-0.00256277414399
-0.00541475758107
-0.0027460708991
-0.00517836390007
7.38764568704e-05
-0.00302510325265
-0.000238981404252
-0.00252305962069
-0.00537600188615
-0.00270829579203
-0.00514157977939
0.00012813695909
-0.00298251192657
-0.0051210941771
-0.00248231211112
-0.00533623725282
-0.0026695364077
-0.00510383637174
