0.000207239868751
0.00160617410172
0.00306183648211
-0.00257141179739
-0.00111447327265
0.000355745062988
-0.00246151727387
2.32883741397e-05
0.00163780718626
0.00308870154246
-0.00254688890717
-0.0010893568449
0.000381404094083
-0.00243538060605
5.51691344686e-05
0.00167057695181
0.00311607990786
-0.00252116255091
-0.00106300825974
0.000408321484466
-0.00240796253636
8.81551024942e-05
0.00169577738078
0.00314231652297
-0.00249423397853
-0.00103542885948
0.000436495803485
-0.00237926457631
0.000122244920399
0.00148905210119
0.00316226610124
-0.00246610449647
-0.00100662004705
0.000465925556007
-0.00234928830541
0.000157437187263
0.00150821053975
0.00318193930854
-0.00243677546743
-0.000976583285651
0.000496609182808
-0.00231803537079
0.000185750271057
0.00152851254417
0.0029673258238
-0.00240624831002
-0.000945320098365
0.000528545060976
-0.0022855074867
0.000206601770939
0.00154995722607
0.00298934608261
-0.00237452449844
-0.000912832067798
0.000561731504344
-0.00225170643406
0.000228563765584
0.00157254364808
0.00301253837175
-0.00256582519724
-0.000879120835675
0.000596166763919
-0.00221663405998
0.000251635348092
0.00159627082404
0.00303690162387
-0.00253171272044
-0.000844188102432
0.00063184902834
-0.00218029227729
0.000275815566805
0.00162113771919
0.00306243471914
-0.00249640834194
-0.00104201086589
0.000668776424345
-0.00214268306398
0.000301103425507
0.00164714325042
0.00308913648548
-0.0024599137546
-0.00100464046445
0.000706947017253
-0.00210380846273
0.000327497883622
0.00167428628648
0.00311700569885
-0.00242223070501
-0.000966054011188
0.000502462192975
-0.00206367058031
0.000354997856427
0.00170256564826
0.00314604108349
-0.00238336099303
-0.000926253437048
0.000543113132466
-0.00202227158705
0.000383602215277
0.001731980109
0.00317624131225
-0.0023433064714
-0.000885240729447
0.000585001101336
-0.00221838526664
0.000413309787827
0.00176252839457
0.00320760500688
-0.00230589837866
-0.000843017931794
0.00062812392433
-0.00217447081407
0.000444119358274
0.00179420918376
0.00324013073833
-0.00227256888443
-0.000799587142994
0.000672479367388
-0.00212930213724
0.000476029667604
0.00182702110852
0.00327381702705
-0.00223805089974
-0.000754950516938
0.000718065138215
-0.00208288165484
-5.66625157096e-06
0.00186096275432
0.00330866234337
0.000999695541726
-0.000709110261988
0.000764878886846
-0.00203521184613
2.84415868943e-05
0.00189603266037
0.00334466510782
0.00103658551972
-0.000662068640448
0.000812918206242
-0.0019862952503
6.3646130486e-05
0.0013937581651
0.00338182369145
0.00107465889425
-0.000613827968018
0.000862180632881
-0.00193613446576
-0.00025104088472
-0.00185249048964
-0.00370570774939
-0.00170573440649
-0.00352457833317
-0.0056189075587
-0.0026953691508
-0.000267681258769
-0.00181881235733
-0.0036699552025
-0.00166779530565
-0.003486454421
-0.00557855347391
-0.00265285378745
-0.000234364075361
-0.00183329062936
-0.00363242912599
-0.000769081473648
-0.00344633942555
-0.00553609632842
-0.00260812757476
-0.000199470151705
-0.00179626874847
-0.00359313350785
-0.00072739048884
-0.00340423872968
-0.00549154249005
-0.00256939886742
-0.000163002413649
-0.00175758015175
-0.00360304286448
-0.000683830900252
-0.0033601579619
-0.00544489861351
-0.00253515314775
-0.000124963911274
-0.00171722847429
-0.00356022082583
-0.000695499808996
-0.00331410299262
-0.00539617163553
-0.00249868675777
-8.53578176434e-05
-0.00167521749615
-0.00351564225227
-0.000648218707466
-0.0033231718669
-0.00534536876988
-0.00246000576491
-4.41874275111e-05
-0.0016315511407
-0.00346931181953
-0.000599085095081
-0.00327318705461
-0.00535002483202
-0.00241911658093
-0.00466957179418
-0.0015862334728
-0.00342123436954
-0.000548104729249
-0.00322124706524
-0.00529827168241
-0.00244042411882
-0.00462528317532
-0.00153926869696
-0.00337141490793
-0.000495283558587
-0.0031673586978
-0.00525533095894
-0.00239513913906
-0.00457944086077
-0.00149066115545
-0.00331985860159
-0.000440627719589
-0.00311152897313
-0.00521031126716
-0.00234766721642
-0.00453204861823
-0.0014404153264
-0.00326657077601
-0.000384143533212
-0.00305376512942
-0.00516321922121
-0.00229801608577
-0.00448311033002
-0.00138853582176
-0.00321155691271
-0.000325837501391
-0.00299407461781
-0.00511406170973
-0.00224619379806
-0.00443262999148
-0.00133502738528
-0.0031548226465
-0.000265716303479
-0.00293246509782
-0.00506284589096
-0.00219220871409
-0.00438061170947
-0.00127989489045
-0.00309637376275
-0.000203786792624
-0.00288084465512
-0.00500957918773
-0.00213606949799
-0.0043270597007
-0.00122314333836
-0.00303621619458
-0.000140055992077
-0.00282858463961
-0.00495426928229
-0.00207778511058
-0.00427197829013
-0.00116477785554
-0.00297435602
-0.00502955322161
-0.00277439392298
-0.00489692411103
-0.00201736480262
-0.00421537190931
-0.00110480369176
-0.00291079945902
-0.00496224157308
-0.00271827944057
-0.00483755185902
-0.00195481810779
-0.00443820974855
-0.0010432262178
-0.00284555287073
-0.00489315068753
-0.00266024833898
-0.00477616095452
-0.00189015483562
-0.00437856713954
-0.00129311826626
-0.00277862275025
-0.00482228823067
-0.00260030797173
-0.00471276006325
-0.00182338506428
-0.00431741347714
-0.00122835075691
-0.0030301797469
-0.00475982434546
-0.00253846589482
-0.0046473580827
-0.00175451913321
-0.00857228448597
-0.00727094097424
-0.00802008992607
-0.00673675810346
-0.00706588445765
-0.00581766772514
-0.0048587790345
-0.00452816870899
-0.00383715018145
-0.00329735458309
-0.0076763211796
-0.00724379137906
-0.00857643863009
-0.00806655237006
-0.00768545981338
-0.00729594785718
-0.00685519697015
-0.00622049220388
-0.00596006621327
-0.00564158215373
-0.00513169511037
-0.00561828064812
-0.00834956864615
-0.00911864810403
-0.0078502426009
-0.00818861371051
-0.0069435157674
-0.0059814655692
-0.0056415698684
-0.00494986843196
-0.00632035752306
-0.00598608776925
-0.00555456587099
-0.00512517049845
-0.00462770849687
-0.00878741560775
-0.00839449639809
-0.00794268356848
-0.00729243947591
-0.00705723381579
-0.00673098184021
-0.00620888763394
-0.00664520366249
-0.00519501668106
-0.00598458633201
-0.00455508457377
-0.00928566029471
-0.00804378609569
-0.00707846800843
-0.0086403835464
-0.00796177379335
-0.00741212248085
-0.00707010880693
-0.00663992008761
-0.00619914751519
-0.00571507000723
-0.00531394845129
-0.00491767672061
-0.00445450345296
-0.00378919985315
-0.008130392405
-0.00779616839011
-0.00726156311275
-0.00764241336718
-0.0062174651348
-0.00702804249097
-0.00561435856089
-0.00797517959905
-0.00666326876382
-0.00564638977372
-0.00528702831275
-0.00902071073718
-0.0084767893069
-0.00812658786618
-0.00769810485345
-0.00724564742068
-0.00677599077893
-0.0063644384518
-0.00596489826546
-0.00549008543294
-0.00484927875778
-0.00462705467921
-0.00428466718884
-0.00373726850168
-0.0086076467825
-0.00720839762019
-0.00995889088239
-0.00864603829071
-0.00901388952411
-0.00770539605725
-0.00668505292729
-0.00632393777582
-0.00560353220554
-0.00506609721117
-0.00470312346656
-0.00427677125798
-0.00826245287438
-0.00780833266184
-0.00738609910123
-0.00698340882369
-0.00649670375594
-0.00588206979258
-0.005646606837
-0.0052958816579
-0.00473543585378
-0.00770826177608
-0.00623240985583
-0.0109376447916
-0.00964134287351
-0.0100195273509
-0.00871453436927
-0.00769064285884
-0.0073296812615
-0.006599107042
-0.00607078621362
-0.00569744338169
-0.00527370511622
-0.00479706999749
-0.00435968300849
-0.0039265473372
-0.00797097021964
-0.0074721549552
-0.00688547402736
-0.00663628215097
-0.00627706755644
-0.00806183432304
-0.00860214967632
-0.0071525972686
-0.00802862890362
-0.00657113733811
-0.00538398347613
-0.00551393469069
-0.0086602639644
-0.00829983751179
-0.00755890670537
-0.00704074810328
-0.00665676881861
-0.00623619112374
-0.00574714533771
-0.00532777021725
-0.00488355005217
-0.00447507960496
-0.00396398036232
-0.00599784813905
-0.0057344460957
-0.00958448847408
-0.00899734360718
-0.00945637525815
-0.00803321192776
-0.00893154437933
-0.00749105436156
-0.00631456450725
-0.00644813698263
-0.00532084864639
-0.00496140310629
-0.00417057767654
-0.00792688637907
-0.00757823357458
-0.00716143174012
-0.0066598349789
-0.0062598309329
-0.00580439256613
-0.00798410173785
-0.00746059961044
-0.0069355744353
-0.00665749739955
-0.00628096964206
-0.00568027517127
-0.0102680985455
-0.00887123582313
-0.00979188580782
-0.00836846814165
-0.00720271294175
-0.00733993533502
-0.00620894718858
-0.0058614748664
-0.00504960969506
-0.00450387656691
-0.00415653401818
-0.00373187995111
-0.00608014862456
-0.00974374472582
-0.00927701454423
-0.00886379297682
-0.00832783578665
-0.007836704268
-0.00754351285683
-0.00715823950382
-0.0065439485343
-0.00764204562565
-0.00606768721564
-0.00701049545292
-0.00919990580288
-0.00804487280155
-0.00818574568585
-0.00705105716524
-0.00672207553711
-0.00590177462458
-0.00535137697853
-0.0078719386435
-0.00743599287425
-0.00690917839125
-0.0065522944721
-0.00607427148702
-0.00565920997582
-0.00511082512419
-0.00869853515259
-0.00838982589629
-0.00799581291152
-0.0073837408061
-0.00835980787043
-0.00681091770819
-0.00777551957501
-0.00618605145119
-0.00487531450652
-0.00501980462886
-0.00379711619743
-0.0103662969128
-0.00957322178901
-0.00901383356935
-0.00867810464278
-0.00823092093234
-0.00769163086773
-0.00735862533739
-0.00687399940303
-0.00645294243612
-0.0059029726696
-0.00547543495974
-0.00515085220151
-0.00474816524878
-0.00415383362107
-0.00902596178845
-0.00750173568535
-0.00848753209048
-0.00691444952151
-0.00561409452904
-0.00879801321948
-0.00769034198884
-0.00734438644531
-0.00651517678782
-0.00593851244623
-0.00560981913465
-0.00897569906049
-0.00842417677118
-0.00811665943755
-0.00764261534029
-0.00719908825296
-0.00668714407896
-0.00625003043834
-0.00590927954464
-0.00549805291046
-0.00492296470623
-0.00649638238299
-0.00813672307452
-0.0118923726969
-0.0104911495549
-0.00933109635847
-0.00948255630226
-0.00840281328966
-0.00804859920296
-0.00722112943411
-0.00663245722999
-0.00631170663737
-0.00584263640883
-0.00532604993202
-0.004998867062
-0.0083607678038
-0.00789445532297
-0.007422967189
-0.00697647213924
-0.00661933377495
-0.00619977919845
-0.00564550655848
-0.00986190952195
-0.0083844969982
-0.00939665239031
-0.00781804049354
-0.00997102984001
-0.0101233467488
-0.00905481357067
-0.00869269084544
-0.00786789915483
-0.00726773675474
-0.00695589448534
-0.00648671128901
-0.00601653639868
-0.00565009142994
-0.0052009407708
-0.00471902015728
-0.00428307947784
-0.00382749426821
-0.00727798300709
-0.00685039797213
-0.00631856933066
-0.0104357542314
-0.00898199084275
-0.00769650122983
-0.00845190797842
-0.00714542401688
-0.00728739365216
-0.00607020755727
-0.00571126821727
-0.00845153175907
-0.00791085535852
-0.007538653449
-0.00709807170832
-0.00664938213929
-0.00624273614393
-0.00580802969116
-0.00535423456958
-0.00491251395392
-0.00446876266274
-0.00750896278571
-0.007080454543
-0.00656285117178
-0.0109545221908
-0.00951633817102
-0.00824989722018
-0.0090201306874
-0.0077229910261
-0.00786793384962
-0.00658878556838
-0.00579695443409
-0.00537042187142
-0.00488637228451
-0.00443753249385
-0.00403216486959
-0.00722096580769
-0.00677491788965
-0.00636110350934
-0.00593079548824
-0.00893163996741
-0.00850989950816
-0.00808666863683
-0.00765465270977
-0.00712824497471
-0.00873313939363
-0.00712179945562
-0.00873494405854
-0.00951866692185
-0.00823004957304
-0.00837770748628
-0.00716360721502
-0.00633092606853
-0.00592127312518
-0.00541533115115
-0.0049873696432
-0.00457066011772
-0.00414462584866
-0.00732690529881
-0.00687264866026
-0.00647448684339
-0.00944750872258
-0.0090588536724
-0.00862490968979
-0.00819876024784
-0.00765009539962
-0.00919389917641
-0.0076029470278
-0.00613913184157
-0.00689029411831
-0.00540900087831
-0.00562256986705
-0.007699069798
-0.00685874106638
-0.00640731444921
-0.00595458937211
-0.00553579453921
-0.00869905950524
-0.00828950806954
-0.0078131650203
-0.00739242965241
-0.00699717881648
-0.00650539750522
-0.00613793256654
-0.00566705085164
-0.00873085666212
-0.00814143922096
-0.00958652038167
-0.00801347055494
-0.00656519235556
-0.00732829632725
-0.00583908347031
-0.00608392772298
-0.00478845919243
-0.00389184482139
-0.00727214007618
-0.006887837141
-0.00964316123479
-0.00913677048253
-0.00875230332653
-0.00823352238048
-0.00790213264386
-0.00750015258317
-0.00695646785708
-0.0066007433475
-0.00618703181692
-0.00576466071005
-0.00513045604236
-0.00990829307346
-0.00835029418187
-0.00691512044969
-0.00768832421063
-0.00620523041345
-0.00646597596447
-0.0089880506614
-0.00814089095472
-0.00760570242874
-0.00729361707471
-0.00689054787762
-0.00634597401106
-0.00597691359456
-0.00858229491709
-0.00834335923326
-0.00793536749477
-0.00733947499647
-0.0069966128038
-0.00666146523594
-0.0061922351585
-0.00553909968687
-0.0078387618477
-0.00610369771308
-0.00448450667798
-0.0114655682084
-0.010176086684
-0.0104523042999
-0.00928650501749
-0.00843466430135
-0.00785835724296
-0.00762573273123
-0.00722711547325
-0.00665975289917
-0.00629262631514
-0.00569036084395
-0.00554680109106
-0.0051336344948
-0.00448564045448
-0.00732290078274
-0.00706915605656
-0.00659372394976
-0.00588167256063
0.00132019648915
-0.00112258911028
-7.35441921664e-05
-0.00194694779814
-0.000417745203993
0.00116985625907
-0.00426431298738
0.00129176332531
-0.0011518935176
-0.000103710315762
-0.00197795338971
-0.00044604130153
0.00114086966322
-0.00429465768486
0.00126441606219
-0.00118007934575
0.000372203048847
-0.00200777675144
-0.00047312186574
0.00111312774578
-0.00432372969969
0.0012381557848
0.00262408003989
0.000344339914136
-0.00203641647835
-0.000498985550451
0.00108663195338
-0.0043515274454
0.00121298353635
0.0025981348863
0.000317630166065
-0.00155747574508
-0.000523631068127
0.00106138366977
-0.00140504515834
0.00118890031812
0.0025733117367
0.000292074999728
-0.00158374420246
-0.00054705719018
0.00103738421545
-0.00143028987514
0.00116590708919
0.0025496116409
0.000267675560101
-0.00160882513337
-3.89360083264e-05
0.00101463484735
-0.00145425596748
0.0011440047663
0.00252703560244
0.000244432941793
-0.00163271734935
-5.99198906881e-05
0.000993136758482
-0.0014769421196
0.00112319422364
0.00250558457837
0.000222348188803
-0.00165541971678
-7.96810483452e-05
0.00152850322447
-0.0014983470843
0.00110347629271
0.00248525947907
0.000201422294283
-0.00167693115718
-9.82184914125e-05
0.0015094876586
-0.00151846968335
0.00108485176211
0.00246606116802
0.000181656200322
-0.00169725064742
-0.000115531290332
0.00149083175999
-0.000988165627553
0.00106732137743
0.00244799046166
0.000163050797732
-0.00171637722001
-0.000134398650834
0.00147343083248
-0.00100572023801
0.00105088584104
0.00243104812918
0.000145606925847
-0.00173430996326
-0.000152798959817
0.00145728579332
-0.00102198936495
0.00103554581204
0.00241523489239
0.00012932537234
-0.00175104802159
-0.000169973644023
0.00144239749437
-0.00103697210896
0.00102130190604
0.00240055142556
0.000114206873039
-0.00176659059565
-0.000185921840057
0.00142876672189
-0.00105066764102
0.00119673354661
0.00238699835523
0.000100252111769
-0.00178093694255
-0.000200642745452
0.00141639419627
-0.00106307520269
0.00118468355906
0.00237457626016
8.74617201905e-05
-0.00179408637604
-0.000214135618875
0.00140528057188
-0.00107419410635
0.00117373127947
0.00256126715538
7.58362776625e-05
-0.00180603826665
-0.000226399780311
0.00139542643693
-0.00108402373538
0.0011638771485
0.00255110855514
6.53763111086e-05
-0.00181679204187
-0.000237434611234
0.00138683231323
-0.00109256354434
0.00115334315966
0.00254208237825
0.000254063779134
-0.00182634718624
-0.000247239554761
0.00137949865613
-0.00109981305911
0.00114090020287
0.00253256304025
0.000245936134978
-0.00183470324154
-0.000255814115796
0.00137342585436
-0.001105771877
-0.00370154702707
-0.000814117605656
-0.0041839776139
-0.00567858494552
-0.00280916506778
-0.00468937422644
-0.00718173460313
-0.00374601069272
-0.000861500146788
-0.00423455674207
-0.00573263903273
-0.00286694974252
-0.00475108406319
-0.00686830089524
-0.0027224913705
-0.000907235507992
-0.00428338351787
-0.00578482776354
-0.00292274938935
-0.00481068492592
-0.00693177921671
-0.0027638511435
0.000243509211881
-0.00433045279251
-0.00583514487512
-0.00297655638769
-0.0048681675751
-0.00699301332118
-0.00280365381163
0.000201080807788
-0.00318093092784
-0.00588358430263
-0.00302836335209
-0.00492352304837
-0.0070519924303
-0.00284189609357
0.000160311900063
-0.00322447042119
-0.00593014018279
-0.00307816313714
-0.00497674266718
-0.00710870609734
-0.00287857482797
0.000121206310331
-0.00326623797442
-0.00473997277486
-0.00312594884209
-0.00502781804329
-0.00716314421585
-0.00291368697467
8.3767715333e-05
-0.0033062291186
-0.00478274479367
-0.00177632251524
-0.00507674108504
-0.00721529702831
-0.00294722961599
4.79996452385e-05
-0.00334443956078
-0.00482361691827
-0.0018200603596
-0.00369975113687
-0.00726515513438
-0.00297919995791
1.39054820152e-05
-0.00338086518625
-0.00486258412478
-0.00186176493537
-0.00374434645201
-0.00587665339556
-0.00300959533119
-1.85115421383e-05
-0.00341550206065
-0.00489964160695
-0.00190143036534
-0.00378676699816
-0.00592189535722
-0.00303841319247
-4.92483462977e-05
-0.00344834643213
-0.00493478477907
-0.00193905103866
-0.0038270059298
-0.0059648166349
-0.00306565112534
-7.83020022542e-05
-0.00347939473327
-0.00496800927876
-0.00197462161464
-0.00386505672691
-0.00600540933589
-0.00309130684134
-0.000105669735889
-0.00350864358305
-0.00499931096959
-0.00200813702656
-0.00390091320007
-0.0060436659627
-0.00311537818089
-0.000131348928482
-0.00353608978863
-0.00502868594364
-0.00203959248512
-0.00393456949544
-0.00607957941984
-0.0031378631142
-0.000155337117947
-0.00356173034707
-0.00505613052391
-0.00206898348185
-0.0039660200994
-0.00611314302022
-0.00315875974212
-0.000177632000006
-0.00358556244696
-0.00508164126655
-0.00209630579226
-0.003995259843
-0.00614435049129
-0.00317806629693
-0.000198231429282
-0.00360758346994
-0.00510521496305
-0.00212155547888
-0.00402228390617
-0.00617319598078
-0.0031957811431
-0.000217133420323
-0.00362779099216
-0.00512684864221
-0.00214472889404
-0.00404708782161
-0.0061996740621
-0.00255238995637
-0.000234336148556
-0.00364618278554
-0.00514653957199
-0.00216582268247
-0.00406966747846
-0.0062237797394
-0.00256691701074
0.000491858499699
-0.00366275681905
-0.00516428526122
-0.00218483378372
-0.00409001912567
-0.00624550845222
-0.00571692045694
-0.00467213481345
-0.00360902800799
-0.00257675382358
-0.00653994745981
-0.00549290253004
-0.00444744418878
-0.00575283769221
-0.00470989293392
-0.00365038078757
-0.00261581886405
-0.00657608687188
-0.00553186417311
-0.00448125016201
-0.00579024951775
-0.0047468654919
-0.00369175532669
-0.00265404005438
-0.00661134715309
-0.00556991296848
-0.00452138005849
-0.00584376268193
-0.00478305171437
-0.0037323181497
-0.00269141647138
-0.0066465102417
-0.00560704784075
-0.00456055890506
-0.00588044719092
-0.00483520347424
-0.00377206834813
-0.00272794721097
-0.00668447410847
-0.00564326773871
-0.00459878549848
-0.00591637136746
-0.00486981476852
-0.00381100503039
-0.00276363138824
-0.006722473496
-0.00567857163553
-0.0046360586628
-0.00595153450857
-0.00490627959486
-0.0038666250104
-0.00280029099397
-0.00676057805237
-0.00571295852885
-0.00467289904599
-0.00598593592531
-0.0049443388641
-0.00390393205357
-0.00285748291299
-0.00679780329895
-0.00575057511969
-0.00470940769582
-0.00601957494287
-0.00498161125201
-0.00394042300807
-0.00289551737975
-0.00685245992472
-0.00578847523405
-0.00474602244879
-0.00605245090063
-0.00501809597647
-0.00397609705082
-0.00293270513596
-0.00688824768615
-0.00584466497784
-0.004782839672
-0.00608466527802
-0.0050537922709
-0.00401354982819
-0.00296937106499
-0.00692332944323
-0.00588073183099
-0.00483889151945
-0.00612512014277
-0.0050886993843
-0.00405085243813
-0.00300724804569
-0.00695752845402
-0.00591588050039
-0.00487379473368
-0.00616481555123
-0.00512281658138
-0.00408733785061
-0.00304427729718
-0.00699262879344
-0.00595068930919
-0.00490773930545
-0.00620416283911
-0.00515614314256
-0.00412300524042
-0.00308045791773
-0.00702775028842
-0.0059881151695
-0.00494623045351
-0.00624379561658
-0.00518867836415
-0.00415785379979
-0.00311578902507
-0.0070641548896
-0.00602462284639
-0.00498429930269
-0.00628266760129
-0.00522359070783
-0.00419485568471
-0.00315026975646
-0.00710383807297
-0.00606028487029
-0.00502141082872
-0.00632077802969
-0.0052641793271
-0.00423318043462
-0.0031838992688
-0.00714264030949
-0.00609980231661
-0.00505756387889
-0.0063581261522
-0.00530398057724
-0.00427068731701
-0.0032172129119
-0.00718071006845
-0.00613840216534
-0.00509275732847
-0.00639471123328
-0.00534299362011
-0.00430737548143
-0.00325528948586
-0.00721926305359
-0.00617608331357
-0.0051269900809
-0.00643053255149
-0.00538168833122
-0.00434324409486
-0.00329251645697
-0.00725693320572
-0.00621284468295
-0.00516167202346
-0.00659151146091
-0.00542119960286
-0.00437855566916
-0.00332889291452
-0.00229461091683
-0.0062486852198
-0.00519904516335
-0.00162334528232
-0.00324971402011
-0.00494924772445
-0.00202583900528
-0.00368283955352
-0.0054094568475
-0.00712401149038
-0.00166128632679
-0.003288267872
-0.00498840638782
-0.00206559139712
-0.00371891952424
-0.0054435438079
-0.00715724665424
-0.0016986052275
-0.00332618985798
-0.00502692360538
-0.00210469295389
-0.00375645608421
-0.00547945754688
-0.00719218255941
-0.001735301495
-0.00336347946475
-0.00506479883956
-0.00214314311349
-0.00379546723934
-0.00551469933634
-0.007227893005
-0.00177137464752
-0.00340013618704
-0.00510203156116
-0.00218094132253
-0.00383381724833
-0.00554931415593
-0.00226346347807
-0.00180682421097
-0.00343615952761
-0.00513862124939
-0.00221808703638
-0.00387150554261
-0.00558752825185
-0.00229781100854
-0.001841649719
-0.00347154899734
-0.00517456739191
-0.00225457971924
-0.00390853156282
-0.00562507112872
-0.00233147626696
-0.00187585071301
-0.00350630411518
-0.00520986948488
-0.00229041884415
-0.0039448947588
-0.00566194221327
-0.00236674842384
-0.00190942674219
-0.00354042440827
-0.00524452703293
-0.00232560389305
-0.00398059458965
-0.00569814094185
-0.00240342682797
-0.00194237736353
-0.00357390941191
-0.00527853954928
-0.00236013435677
-0.00401563052375
-0.00573366676049
-0.0024394236666
-0.0019747021419
-0.0036067586696
-0.00531190655572
-0.00239400973514
-0.00405000203885
-0.0057685191249
-0.00247473837373
-0.00200640065001
-0.0036389717331
-0.00534462758266
-0.00242722953695
-0.00408370862203
-0.00580269750055
-0.00250937039349
-0.00203747246847
-0.00367054816245
-0.00537670216914
-0.00245979328004
-0.0041167497698
-0.00594691140244
-0.00265821458353
-0.00206791718585
-0.00370148752597
-0.00551464895106
-0.00260206407903
-0.00425973258237
-0.00597974023618
-0.00269147960157
-0.00220343951085
-0.00383796389911
-0.00554542930856
-0.00263331429444
-0.00429144138667
-0.00601189353645
-0.00272484335591
-0.00223262882354
-0.00386762786931
-0.00557556189498
-0.00266390705914
-0.00432248330191
-0.00604337080811
-0.00275874991755
-0.00226118984861
-0.00389665352876
-0.00560504628429
-0.0026938419274
-0.0043528578626
-0.00607447492787
-0.00279197215926
-0.00228912220659
-0.00392504047928
-0.00563388205925
-0.00272311846271
-0.00438256461284
-0.00610658373724
-0.00282450955563
-0.00231642552606
-0.00395278833113
-0.00566206881146
-0.00275173623778
-0.00441160310634
-0.00613801600971
-0.00285636159152
-0.00234309944368
-0.00397989670305
-0.00568960614139
-0.00277969483457
-0.00444176702832
-0.00616877126008
-0.00288752776216
-0.00236914360423
-0.00400636522225
-0.00571649365837
-0.00280699384432
-0.00447142683819
-0.0061988490131
-0.00291800757317
