0.00353352741107
0.0005639516483
0.003755133624
0.000791714204492
0.00420860082783
0.00126840875377
0.00275375288839
0.00363241943693
0.00066469211408
0.00385761225862
0.000891331390075
0.00430962972292
0.00137067918711
0.00285705821284
0.00373213276286
0.000766265334875
0.00396093422285
0.000991811499608
0.00441153063489
0.00147382483909
0.00296124993784
0.00383266487612
0.000868668667134
0.00406443966336
0.00109315173304
0.00451430065375
0.00157784735803
0.00306632497115
0.00393401325373
0.00215108980958
0.00416504427934
0.00119534927861
0.00461793685777
0.00168274372397
0.00317228020882
0.0040361753627
0.00225514539325
0.00426649352443
0.00129840131317
0.00472243631383
0.00178851090559
-0.00118762787885
0.00413914866028
0.00236002309713
0.00436878468343
0.0014023050025
0.00482779607781
0.00189514586056
-0.00107992158901
0.00424293059426
0.00246572023821
0.00447191503039
0.00150705750163
0.000221843204902
0.00200264553597
-0.000971344472859
0.0043475186032
0.00257223412431
0.00457588182891
0.00161265595517
0.000328914709801
0.00211100686858
-0.000861899677274
0.00445291011669
0.00267916984456
-0.000135184838286
0.00171909749762
0.000436837627326
0.00222022678525
-0.00075159035896
0.00455910255563
0.00278301560383
-2.95533862617e-05
0.00182637925367
0.000545608972545
0.00233030220326
-0.000640419684082
-0.000225539723638
0.00288767945383
7.69062482728e-05
0.00193449833854
0.000655225751164
0.00244123003065
-0.000543431248515
-0.00011775320465
0.00299315874464
0.000184191290019
0.00204345185828
0.000765684959851
0.00255300716657
-0.000470460819637
-9.17354719816e-06
0.00309945081727
0.000292298954693
0.00215324249801
0.000876983586568
0.00266563050163
-0.000396555820205
0.000100196637344
0.00320655300391
0.000401226449311
0.0022638561705
0.000989118610891
0.00277909691823
-0.000321718535299
0.000210215573123
0.0033144626282
0.000510970972486
0.00237529554407
0.00110208700434
0.0028934032909
-0.000245951271242
0.000316970200308
0.00342317700554
0.000621529714708
0.00248755769117
0.00121588573067
0.00300854648662
-0.000169256355272
0.000424516730866
0.00353269344331
0.000732899858633
0.00260063967661
0.00133051174626
0.0031245233652
-9.16361352207e-05
0.000532852593544
0.00364300924117
0.000845078579368
0.00271453855788
0.00144596200033
0.00321272238847
-1.30929791838e-05
0.000641975209459
0.00375412169129
0.000958064907395
0.00282925138539
0.00156223343535
0.00329119250511
6.63707248023e-05
0.000751881992342
0.00386602807867
0.00107185227827
0.00294477520285
0.00167932298727
0.00337057101167
0.000146752569089
0.0031346361427
0.00404030897589
0.000915116506696
-0.0012056445174
-0.000516592701549
0.000175837382951
-0.00259722455629
0.00320679160816
-3.28191201719e-05
0.000993799809428
-0.00112346937373
-0.000455204051452
0.000240116075508
-0.00254599555592
0.00328005078328
4.36651666867e-05
0.00107367237889
-0.00105484982626
-0.000392477006089
0.000305790076178
-0.00249328002995
0.00335441051372
0.000121291754867
0.00115473017598
0.00216506026462
-0.00032841547066
0.000372854922807
-0.00243908011666
0.00342986854139
0.000200057037166
0.00123696912035
0.00222751132538
-0.000263023417779
0.000441306078358
-0.00238340084593
0.00350641977973
0.000279957368972
0.0013203850913
0.00229123493386
-0.000196304886325
0.000511138932331
-0.00232624641249
0.00358406190227
0.000360989069028
0.00140497392873
0.00235622749798
-0.000128263980275
0.000582348802207
-0.00226762110571
0.00366279161802
0.000443148420189
0.00149073143402
0.00242248536803
-5.89048675305e-05
0.000640165129061
-0.00220752930811
0.00374260560339
0.000526431670192
0.00157765337098
0.00249000483766
1.1768221268e-05
-0.00288761532437
-0.00214597549378
0.00382350050281
0.000610835032413
0.00166573267282
0.00255878214481
0.00342347700613
-0.00282749597158
-0.0020829642268
-0.000343188991028
0.000696354686637
0.00175410708975
0.0026288134727
0.00349676511013
-0.00276598408167
-0.00201850015968
-0.000260142454859
0.000782986779819
0.00182223144534
0.00270009495081
0.00357135413378
-0.00270308425569
-0.00195258803173
-0.000176025256754
0.000870727426855
0.0018915531679
0.00277262265586
0.0036472396075
-0.00263880070545
-0.00188523266741
-9.08408737844e-05
0.000959572711343
0.00196206876793
0.00284639261283
0.00372441700499
-0.00257313771778
-0.00181643897472
-4.59281180386e-06
0.00104951868635
0.00203377470973
0.00292140079591
0.00380288174449
0.000833625893279
-0.00174621194352
8.27153951825e-05
0.00114056137517
0.00210666741222
0.00299764312954
0.00388262825866
0.000902034601683
-0.00167455664385
0.000171080185658
0.00123269490946
0.00218074324979
0.00307511548944
0.00395750391917
0.000971809450006
-0.00162652822552
0.000260497971229
0.00132591898057
0.00225599855304
0.00315381370356
0.00013895135752
0.00104294586463
-0.00160068750424
0.000350965137264
0.00142022766441
0.00233242960971
0.00323373355314
0.000208147770436
0.0011154392037
-0.00157334946512
0.000442478043528
0.00150614459355
0.00241003266546
0.00331487077372
0.000278642217848
0.0011862725131
-0.00154451616542
0.000535033024815
0.00158151401001
0.0024888039247
0.00339722105618
0.000350430522706
0.0012151586947
0.00196363368401
-0.00491858005757
-0.000560787639757
-0.00106459426523
-0.00160967522614
-0.00211004542121
-0.00245124224156
-0.00306041472449
-0.00363695852396
-0.00420107226768
-0.00472048132198
-0.00523286278761
-0.000773602887027
-0.00116503706639
-0.0015273450394
-0.00193580638521
-0.00246767726677
-0.0032752462383
-0.00391070556534
-0.00441743397438
-0.00493479817645
-0.000457317610563
-0.00510451711766
-0.000666569647745
-0.00117132238493
-0.00169971762585
-0.00220090255745
-0.00254552306043
-0.00306925690989
-0.00364589537069
-0.00431441788908
-0.00482603690924
-0.000335446272891
-0.000890813026968
-0.00130988485649
-0.00155544589671
-0.00216179273952
-0.00264787806604
-0.00333241868161
-0.00396862660741
-0.00450887452827
-0.00502723430706
-0.000559539265317
-0.00525174342733
-0.000785909203235
-0.00123824724847
-0.00182322825253
-0.00232720591965
-0.00269442035896
-0.00311482079767
-0.00381461883518
-0.00438850578063
-0.00490084260526
-0.000401652243857
-0.000991188642175
-0.00141108475476
-0.00174203662949
-0.00240339436162
-0.00289184696364
-0.00337850363119
-0.00402524364211
-0.00455353839126
-0.00508152249049
-0.000686578985176
-0.000359963590763
-0.000879657425103
-0.00132433876028
-0.00192948183291
-0.00243463674348
-0.00280257242485
-0.0032714334403
-0.00397327988494
-0.00451431795159
-0.00493293494306
-0.000457832402868
-0.00104801249804
-0.00146837522277
-0.00193711211998
-0.00260105530728
-0.00309146008271
-0.00355225083244
-0.00420131828323
-0.00467068818116
-0.00521206499897
-0.00079209093687
-0.000442534703556
-0.00098582484793
-0.00138649432054
-0.00199538605198
-0.00250135225463
-0.00297250705089
-0.00343534806123
-0.00409026791985
-0.00463250321079
-0.00504735691952
-0.000628478720167
-0.00114612994162
-0.00164968079269
-0.00208829089782
-0.00275424992646
-0.00324618187548
-0.00368050800129
-0.00433130367073
-0.00480195266236
-0.000339566679401
-0.000876341269089
-0.00052318187371
-0.00106724936182
-0.00145579806579
-0.00205858142447
-0.00261097134409
-0.00314439600121
-0.00363594119507
-0.00416530965121
-0.00470831570691
-0.00521116997368
-0.000768771457111
-0.00129115237169
-0.00179971597988
-0.0021951753366
-0.00286257118085
-0.00335558646473
-0.00376291506129
-0.00441482603339
-0.00488630061275
-0.000457889554446
-0.000983568765578
-0.000564412229163
-0.00110887751064
-0.00161436623903
-0.0022248904927
-0.00274061844797
-0.00327531846781
-0.00379537196924
-0.00421316671436
-0.00474157184265
-0.000332354600554
-0.000888531201218
-0.00139608713327
-0.0019057036505
-0.00225748647644
-0.00292572117974
-0.00341937080275
-0.00379923926162
-0.0044516430709
-0.00498900700746
-0.000555892021439
-0.00107342073084
-0.000567929250729
-0.00111062115811
-0.00173898405388
-0.00235088975015
-0.00282940215766
-0.00336497910077
-0.00391327391615
-0.00433199418706
-0.00480449258435
-0.000460233642171
-0.000975638299916
-0.001457136307
-0.0019673703788
-0.0023595575238
-0.00294674771711
-0.00354240022407
-0.0039893428709
-0.0044416474417
-0.00511758225108
-0.000686024222012
-0.00112655528061
-0.000669887045443
-0.00114406533817
-0.00182345620372
-0.0024363006045
-0.00294522576732
-0.00345499488049
-0.0040186675008
-0.00446664884488
-0.00499127942143
-0.000549047537348
-0.00106534028885
-0.00147414610092
-0.00209312862342
-0.00255512070379
-0.00310272362698
-0.00370028183968
-0.00417975473908
-0.00454934892071
-0.00519891672426
-0.000793033395968
-0.00124037050182
-0.000885429202454
-0.00136142523577
-0.00193442387135
-0.00255591733265
-0.00306595124389
-0.00357686540084
-0.004107703889
-0.00461278689925
-0.00513574720282
-0.000685646792141
-0.00111410281058
-0.00160656925487
-0.00224286442106
-0.00270624295055
-0.00321352286258
-0.00381244093091
-0.00432419333401
-0.00471580542794
-0.000318324065501
-0.000886541224471
-0.00136850568901
-0.00106191151731
-0.00153940867974
-0.0020321301747
-0.00265472894814
-0.00316304868947
-0.00365720743682
-0.00420759700989
-0.00471668555698
-0.00523754498294
-0.000781349072535
-0.00121060455404
-0.00171054852607
-0.0023481619791
-0.00281252437309
-0.00334969881308
-0.00387856108105
-0.00442224430551
-0.00487030846514
-0.000474807635077
-0.000980311617594
-0.00150271705595
-0.00119896949588
-0.0016776390264
-0.0021146894828
-0.00276133115721
-0.00328778430274
-0.00369971367669
-0.00426841831582
-0.00477809509497
-0.000355370515893
-0.000833661752225
-0.00138097101223
-0.00183778219057
-0.00241728135144
-0.00288991007287
-0.00349024203856
-0.00398315411764
-0.00453420884904
-0.00497794522171
-0.000583831255836
-0.00107842563708
-0.0015976539885
-0.00130899641472
-0.00177582043839
-0.00219003160249
-0.00283756455009
-0.00337122407171
-0.00378379237428
-0.00439783993964
-0.00491720120213
-0.000477800400196
-0.000961221762383
-0.0015189954504
-0.00197705270321
-0.00255776023586
-0.00303173202166
-0.00359678227391
-0.00407904789966
-0.00464149520347
-0.00503839589908
-0.00065984526884
-0.00117132252349
-0.0017242169849
-0.00138892789847
-0.00183492015744
-0.00234820333418
-0.00287270346883
-0.00341317780601
-0.00389742348293
-0.0045210971154
-0.00504167865907
-0.000557184162322
-0.00108972284507
-0.0016131577487
-0.00207901709112
-0.00265347637575
-0.00312836609357
-0.00370476599577
-0.00415656740802
-0.00470595273
-0.00509466660467
-0.000703525064797
-0.00124804547415
-0.00180196472296
-0.00142883147205
-0.00200085909177
-0.0025156913061
-0.00287039672148
-0.00346283025573
-0.00408168285953
-0.00462485900814
-0.00513765635694
-0.000641420181889
-0.00120200334843
-0.00169088515388
-0.00223106490341
-0.0027645610745
-0.00318702083431
-0.00376679851701
-0.00429556512451
-0.00484655476978
-0.000213266295529
-0.00081523567307
-0.00137051402587
-0.00193661465319
-0.00157583343968
-0.00212664655623
-0.0026426602084
-0.00299819194884
-0.00360384048481
-0.00422433197584
-0.00472655843131
-0.00524035089575
-0.000735175157261
-0.00130234601735
-0.00183169140285
-0.00233869771695
-0.00286339457956
-0.00330640301475
-0.00378270337126
-0.00438817694913
-0.00495739242294
-0.00034857094048
-0.000983111430369
-0.00145600900547
-0.00202216210478
-0.00171957371068
-0.00221478188649
-0.00272882825008
-0.00308492298358
-0.00370338108834
-0.00432503314844
-0.00478575396977
-0.000357687493478
-0.000832925025812
-0.00141424039085
-0.00192837910949
-0.00240163113218
-0.00296362728883
-0.00345979731789
-0.00377597377011
-0.00447478792762
-0.00505131526307
-0.000443273637357
-0.00110307714835
-0.0015772100713
-0.00206943211106
-0.00182325976026
-0.0023242789167
-0.0027740036349
-0.00313039516979
-0.0037675275657
-0.00438354873159
-0.00487006306481
-0.000480052634118
-0.000922485618515
-0.00148225901596
-0.00198069496092
-0.0024196947707
-0.00307041846464
-0.00356767131677
-0.00388454746053
-0.0045208468044
-0.00510122450133
-0.0005516658989
-0.00117475873908
-0.00170662748672
-0.00222441653322
-0.00188666661902
-0.00239314877826
-0.00277808390745
-0.00323070087298
-0.00394557028371
-0.0045000250012
-0.00503497800053
-0.000559368598067
-0.00104559953616
-0.00150622631993
-0.00199014127752
-0.00250563849484
-0.0031318420102
-0.00362971983989
-0.00394700093752
-0.00462647867751
-0.00526256232445
-0.000714556126654
-0.00127671388265
-0.00181110720652
-0.00233009295875
-0.00197058568058
-0.00242124000304
-0.00277275717886
-0.00340289986177
-0.00408206677489
-0.00463795315224
-0.00516707345186
-0.000635417080541
-0.00120012048373
-0.00165254641007
-0.00218256846599
-0.00270005563706
-0.003147730402
-0.00364577015139
-0.00408095259357
-0.00478868733741
-0.000376671684584
-0.000829780860773
-0.00140897573457
-0.00190735631896
-0.00238611582159
-0.00210556887552
-0.00252138769062
-0.00287629200186
-0.00353506486474
-0.00421144727686
-0.00473358413313
-0.00525641792321
-0.000779245557659
-0.00131113639747
-0.00179318752377
-0.00233086229726
-0.00284989694508
-0.00332496336857
-0.00381417733275
-0.00430338457276
-0.00493325400879
-0.0004621253403
-0.000896984675307
-0.00149268786316
-0.00199198521087
-0.00239230011519
0.00378383911016
0.000481514762184
0.00136603893632
0.00158101580424
0.00235167341247
-0.00112641177875
-0.000538964148965
0.00380452301021
0.000502604892073
0.00280454548997
0.00160279924399
-0.00173442817163
-0.00110414329846
-0.000516547098081
0.00382627567953
0.000524784559028
0.00282711309385
0.00162570763493
-0.00171123391332
2.25261267807e-05
-0.00049297276542
0.00384909628615
0.000548052881304
-0.00147403452317
0.00164974000587
-0.00168690182933
4.70929774812e-05
-0.000468242208981
-0.000644195955629
0.000572408934898
-0.00144925296096
0.00167489533918
-0.00166143297567
7.2807408051e-05
-0.000442356537271
-0.000619242129816
0.000597851753731
-0.00142336592349
0.00170117257099
-0.0016348284563
9.96682824575e-05
-0.000415316909054
-0.000593223101445
0.000624380329839
-0.00139637447219
0.00172857059142
-0.00160708942286
0.00012767441562
-0.000387124533097
-0.000566139861136
0.00202847813431
-0.0013682797123
0.00175708824481
-0.00157821707446
0.00015682457367
-0.000357780667902
-0.00053799343872
0.00205717503454
-0.00133908279268
0.00178672432994
-0.00046420626593
0.000187117474217
-0.000327286621426
-0.00050878490305
0.00208695441886
-0.00130878490557
0.00181747760032
-0.000433071073432
0.000218551786628
-0.000295643750799
-0.000478515361796
0.00211781511382
-0.00127738728637
0.00184934676444
-0.000400806445389
0.000251126132318
-0.000262853462021
-0.000447185961241
0.00214975590517
-0.00124489121335
0.00188233048599
-0.000367413768059
0.000284839085043
-0.000228917209656
-0.000414797886065
0.00218277553803
-0.00121129800741
0.0019164273842
-0.000332894473781
0.000319689171212
-0.000193836496515
0.000948302468588
0.00221687271722
-0.00117660903184
0.0019516360341
-0.000297250040671
0.000355674870202
-0.00015761287333
0.000982804186483
0.00225204610746
-0.00114082569203
0.00310519560432
-0.000260481992309
0.00315913092906
0.000673646814447
0.00101836079681
0.00228829433361
-0.00110394943516
0.00314262330729
-0.000222591897425
0.00319738310533
0.000712151415542
0.00105497096357
0.00232561598099
-0.00106598174999
0.00318115822473
-0.000183581369565
0.00323676605365
0.000751793990381
0.00109263331354
0.0023640095956
-0.00102692416647
0.00322079875787
-0.000143452066761
0.00327727806863
0.00079257280001
0.00113134643649
0.00240347368443
-0.000986778255523
0.00326154326525
-0.00010220569118
0.00331891739953
0.000834486059327
0.00117110888552
0.00244400671572
-0.000945545628682
0.00330339006308
-5.98439887775e-05
0.00336168225068
0.000877531937466
0.00121191917724
0.00248560711927
0.000154504912515
0.00334633742561
-1.63687489361e-05
0.00422904247704
0.00092170855818
0.001823069123
-0.00082083705154
0.000739933336856
0.00145045957153
0.00216889135502
0.000118630401234
0.000973689042578
0.00184239752595
-0.000800719422024
0.000748666377994
0.00145959194135
0.00217842774224
0.000128566682138
0.000971649637587
-0.00163597098063
-0.000220449205918
0.000758844214468
0.00147023502025
0.00243284906252
0.000140146304369
0.000971322437375
-0.00161398479796
-0.000197566441004
0.000770466137631
0.00148238799797
0.00244553927948
0.000153368224664
0.000972707473915
-0.00159067163506
-0.000173303260413
0.000783531338859
0.00149604995004
0.00245980489764
0.000168231252877
0.000975804611866
-0.00156603286719
-0.00014766121369
0.000798038909828
0.00151121983809
0.00247564473507
0.000184734052512
0.000980613548632
-0.00154006994574
-0.000120641935919
0.000813987842829
0.00152789651025
0.00249305748073
0.000202875141326
0.000987133814517
-0.00151278439782
-9.22471472078e-05
0.000831377031118
0.00154607870159
0.00251204169513
0.000215420971866
0.00102093563122
-0.00148417782579
-6.24786521493e-05
0.000850205269299
0.00179543150982
0.00253259581085
0.00022496336554
0.00103087647906
-0.000924022025419
-3.13383392505e-05
0.000870471253737
0.00181662049497
-0.000698538768913
0.000236146361779
0.001042526247
-0.000892778511004
1.17181965559e-06
0.000892173583013
0.00183931053117
-0.000674850061221
0.000248968956487
0.00105588380003
-0.00086021922643
3.50497700262e-05
0.000915310758396
0.00186349990645
-0.000649596915269
0.00026342999936
0.001070947838
-0.000826346070276
7.02933752475e-05
0.000939881184367
0.00188918679859
-0.000622781403193
0.000279528194402
0.00108771689622
-0.000791161013857
0.000106900417296
0.000965883169157
0.00191636927579
-0.000594405721322
0.000297262100502
0.00110618934622
-0.000754666100665
0.000144868597426
0.00121010865991
0.00194504529738
-0.000564472189288
0.000340800281194
0.00112636339649
-0.000716863445784
0.000184195536872
0.00123896830496
0.00197521271458
-0.000532983249097
0.000361800708894
0.00114823709337
-0.000677755235291
0.000224878777582
0.00126925386198
0.00200686927134
-0.000499941464138
0.000384431660372
0.00117180832197
-0.000637343725635
0.000266915782966
0.00130096326028
0.00204001260508
-0.000465349518157
0.000408691121112
0.00119707480722
-0.000595631243006
0.000310303938668
0.00133409433612
-0.00136989587576
-0.000429210214191
0.000434576935316
0.00122403411493
-0.000552620182677
0.000355040553355
0.00136864483345
-0.0013337864972
-0.000391526473443
0.000462086806856
0.00125268365295
-0.000508313008336
0.00040112285953
0.00140461240464
-0.00129619805929
-0.000333497605261
0.000491218300283
0.00128302067241
-0.00354339874825
-0.00510175749297
-0.0051328448958
-0.000464079322835
-0.000728617081333
-0.00108741453549
-0.00140865459376
-0.00347331149884
-0.00504842523869
-0.00506847040447
-0.000397858881391
-0.000660961944394
-0.00101883136294
-0.00136857890518
-0.00340161189314
-0.00502003946481
-0.00502623889971
-0.000329863416155
-0.000591497559965
-0.000948416949421
-0.00132658993722
-0.00332830649388
-0.00498991106962
-0.0049951588894
-0.000260100423044
-0.000520231901423
-0.00087617958697
-0.00128269290147
-0.00325340197398
-0.00495804312841
-0.00496228566563
-0.00508917365359
-0.000447173100289
-0.000802127264709
-0.00123689322611
-0.00317690511378
-0.0049244388862
-0.00491596123205
-0.00501589869282
-0.000372329441957
-0.00072626952693
-0.00118919655267
-0.00309882279828
-0.00488910175605
-0.00487951244273
-0.00496694913082
-0.000295709361397
-0.000648614674558
-0.00113960873268
-0.0030191620143
-0.00485203531738
-0.0048412816665
-0.00492775338414
-0.000217321438816
-0.000848337427575
-0.0010881358242
-0.00294465040458
-0.00481324331421
-0.0048012730073
-0.00488673652653
-0.000137174395305
-0.000767115237191
-0.00103478408822
-0.00485605375195
-0.00477272965327
-0.00475949074646
-0.00484390316692
-5.52770884609e-05
-0.000684123107511
-0.000979559985055
-0.00481530162311
-0.00473049840212
-0.00471593934043
-0.00479925810177
-0.0049706815567
-0.000599370373332
-0.000922470170597
-0.00477289369738
-0.00467521772874
-0.00467062341848
-0.00475280631247
-0.00492339505497
-0.000512866499859
-0.000865838179648
-0.0047288339199
-0.00462956413302
-0.00462354778032
-0.00470455296261
-0.00487427828027
-0.000441694228147
-0.000814464960879
-0.00468312637624
-0.00458220609434
-0.00457471739362
-0.00465450339525
-0.00482333499959
-0.000379894718668
-0.000761223685997
-0.00463577529052
-0.00453314830292
-0.00452413739147
-0.00460266313004
-0.00477057102756
-0.000316280484539
-0.000706120727544
-0.00458678502354
-0.0044823955992
-0.00447181306981
-0.0045490378603
-0.00471599236062
-0.000256239823629
-0.00064916265041
-0.00453616007083
-0.00442995297152
-0.00441774988475
-0.00449363345001
-0.00534617338184
-0.00516917636247
-0.000590356208095
-0.00448390506069
-0.00437582555377
-0.00436195344984
-0.00443645453377
-0.00528798402537
-0.00510938251761
-0.000529708338915
-0.00441907100166
-0.004320018623
-0.0043044295333
-0.00437751010164
-0.00522799902133
-0.00504777794148
-0.000467226162118
-0.00436357028233
-0.00426253759695
-0.00424518405515
-0.00431680511397
-0.00516622506015
-0.00498436963605
-0.000402916973954
-0.0043064541664
-0.00420338803156
-0.00418422308436
-0.00425434608618
-0.00510266899709
-0.00491916477064
-0.000346516033738
-0.000499206454351
-0.00490727441327
-0.00223610633405
-0.00299816203427
-0.00345098217978
-0.00386719705576
-0.00315723601162
-0.000449322377946
-0.00485647024915
-0.00216488571506
-0.00292602960786
-0.00337829681535
-0.00379434341414
-0.00308460681034
-0.000398034327937
-0.00480423779393
-0.00209225801636
-0.0028524743461
-0.00330417910289
-0.00319221768771
-0.0030105462258
-0.000345345767047
-0.00475058070105
-0.00202528850985
-0.00277750151056
-0.00322863442026
-0.00311649898617
-0.00293505962399
-0.00029126024071
-0.00469550271066
-0.00196945047182
-0.00619091204409
-0.00315166822122
-0.00303935595128
-0.00285815244665
-0.000235781375925
-0.00463900764834
-0.00191217725374
-0.00611312014281
-0.00254306593108
-0.00296079414725
-0.00277983020951
-0.000178912880097
-0.00458109942385
-0.00185347292499
-0.00603392689387
-0.00246327335499
-0.00288081921089
-0.00270009850045
-0.00398684304269
-0.00452178202981
-0.00179334164071
-0.00595333784736
-0.00238207606102
-0.00279943684976
-0.00261896297777
-0.00392720672269
-0.00446105954046
-0.00173178764035
-0.00536941952557
-0.00229947978841
-0.00271665284035
-0.0025364293683
-0.00386619236439
-0.00439893611026
-0.0016688152463
-0.00528605580352
-0.00221549034328
-0.00263247302628
-0.00245250346568
-0.00380380398485
-0.00433541597262
-0.00160442886247
-0.00520131333377
-0.00213011359677
-0.00254690331642
-0.00236719112847
-0.00374004567545
-0.00427050343849
-0.00100841333595
-0.00511519792698
-0.00204335548322
-0.00245994968306
-0.00228049827841
-0.00367492160063
-0.00420420289501
-0.00094121250299
-0.00502771545453
-0.00195522199838
-0.00237161816009
-0.00219243089853
-0.00360843599667
-0.00413651880413
-0.000872611366409
-0.00493887184679
-0.00186571919759
-0.00228191484116
-0.00210299503141
-0.00354059317033
-0.00356605351311
-0.000802614641504
-0.00484867309133
-0.00177485319392
-0.00219084587783
-0.00201219677731
-0.00347139749758
-0.0034956160055
-0.000731227117704
-0.00477454529318
-0.0016826301564
-0.00209841747774
-0.0019200422924
-0.00340085342233
-0.00342380877112
-0.000658453657058
-0.00470114249527
-0.00158905630817
-0.00531119844945
-0.0057236100686
-0.00283200753826
-0.00335063655703
-0.000584299192707
-0.00462634830697
-0.00149413792472
-0.005216070014
-0.00546403039941
-0.00275878025465
-0.003276104178
-0.000508768727356
-0.0045501678558
-0.00139788133204
-0.00511960108298
-0.00536784469089
-0.00268421829438
-0.00320021651504
-0.00402057638066
-0.00447260633843
-0.00130029290485
-0.00502179807014
-0.00527032789908
-0.00260832635964
-0.00312297851395
-0.00394230919195
-0.00439366901911
-0.00120137906481
-0.00475644591443
-0.00517148643263
