0.00702255390684
0.00324028314059
0.00550385944536
0.00321178176512
0.0051404296498
0.00315901011067
0.00470298628614
0.00582604375198
0.00326627475356
0.00553051787337
0.00323910091436
0.00516839662307
0.00318760424627
0.00473217828129
0.00585226376866
0.00329318507368
0.00555811818777
0.00326738488816
0.0051973508824
0.00321720738507
0.00476239995596
0.00587937856923
0.00332101333836
0.00558665956612
0.00329663280183
0.00522729147909
0.00324781851361
0.00479365023225
0.0059073874247
0.00334975875987
0.00561614115897
0.00332684374167
0.00525821743342
0.00327943658533
0.00482592799717
0.00593628958286
0.00337942052546
0.00564656208993
0.0033580167651
0.0052901277348
0.00331206052077
0.00485923210282
0.00596608426839
0.00340999779748
0.00567792145584
0.0033901509008
0.00532302134189
0.00334568920774
0.00489356136659
0.00599677068299
0.00344148971352
0.0057102183269
0.0034232451489
0.00535689718282
0.00338032150153
0.00492891457136
0.00602834800544
0.00347389538647
0.00574345174679
0.00345729848107
0.00539175415533
0.00341595622505
0.00496529046574
0.00606081539173
0.00350721390469
0.0057776207328
0.00349230984074
0.00542759112697
0.0034525921691
0.00359061833926
0.00609417197518
0.00354144433213
0.00396579146994
0.00352827814321
0.00381860162108
0.00349022809251
0.00362903572256
0.00411115261215
0.00796388896394
0.00400182853535
0.00356520227587
0.0038563950737
0.00352886272238
0.00366847183772
0.00414628489973
0.00799994030463
0.004038798062
0.00793851806829
0.00389516494869
0.00356849475425
0.00370892529839
0.0041823036495
0.00803690060119
0.00407669896316
0.00797735041247
0.00393490999462
0.00360912285237
0.00375039468509
0.00421920790523
0.00807476882121
0.00411553012648
0.00801713508299
0.00397562893081
0.00559224308755
0.00379287854541
0.00425699668862
0.00811354390856
0.00415529041414
0.00805787085717
0.00401732044752
0.00563485918675
0.00383637539431
0.00429566899938
0.00815322478352
0.00419597866301
0.00809955648526
0.00405998320617
0.00567846715925
0.00388088371432
0.00433522381542
0.00819381034288
0.00423759368483
0.00623179756435
0.00410361583954
0.00572306554627
0.00392640195581
0.00437566009295
0.00823529946019
0.00428013426638
0.00627537904375
0.00414821695195
0.00576865285886
0.00397292853728
0.00441697676662
0.0082776909858
0.00432359916962
0.00631990646736
0.00419378511954
0.00413178286209
0.0040204618456
0.00445917274967
0.00678167330668
0.00436798713191
0.00446794470642
0.00424031889045
0.00417934343945
0.00406367017554
0.0029116564637
0.00391443465288
0.000157027813469
0.000160175317935
0.000849197126021
0.000835314528901
0.00112210715604
0.0029354413653
0.00393956375851
0.000183634919568
0.000188408725637
0.000879219350825
0.000867300339072
0.00080300204686
0.00296047733764
0.00396601358946
0.000211639138749
0.000218123042631
0.00091081432593
0.000900959291739
0.000838915931822
0.00298676306675
0.00399378259763
0.000241038635357
0.000249316078461
0.000943979421507
0.00093628821211
0.000876608278481
0.00301429717506
0.00402286916029
0.00395490446623
0.000281985538307
0.000978711883341
0.000973283776512
0.000916075058382
0.00304307822175
0.00405327158059
0.00398708865936
0.000316129023817
0.00101500883395
0.00101194251393
0.000957312066449
0.00307310470311
0.00304903887271
0.00402066209746
0.00035174403398
0.00105286727378
0.00105226080758
0.00100031492318
0.00310437505293
0.00308206762359
0.00405562259671
0.000388827966016
0.000352201613533
0.0010942348966
0.00104507907689
0.00313688764294
0.00311640670166
0.00409196788792
0.000427378116317
0.000393173550827
0.00113786087772
0.0010915998061
0.00317064078315
0.00315205411858
0.00412969561728
0.000467391681408
0.00043569725844
0.00118313470706
0.00113987222189
0.00320563272238
0.00318900781451
0.00416880334706
0.000508865758943
0.000479769261014
0.00123005220194
0.00118989127044
0.00324186164861
0.00322726565867
0.00420928855642
0.000551797348735
0.000525385967593
0.00127860904274
0.00124165173553
0.00327932568952
0.00326682545
0.00425114864221
0.000596183353812
0.000572543673047
0.00132880077483
0.0012951482412
0.00331802291291
0.00330768491771
0.00319597209033
0.00417828685625
0.000621238559524
0.00138062281055
0.00135037525441
0.00335795132722
0.00334984172194
0.00324057379428
0.00422557201929
0.00067146669795
0.00064568352007
0.00140732708776
0.00339910888201
0.00339329345446
0.00328654207946
0.00427430173697
0.000723224049551
0.000700751878039
0.0014659979023
0.00344149346849
0.00343803763926
0.00333387402179
0.00432447253633
0.000776506467416
0.000757435998797
0.00152638171038
0.00348510292003
0.00348407173329
0.00338256661914
0.00437608085328
0.00083130969809
0.000815730783117
0.00158847237853
0.00352993501273
0.00353139312716
0.00343261679227
0.0044291230339
0.000887629383201
0.000875631009233
0.00165226363038
0.00225310521596
0.00357999914581
0.00348402138576
0.00448359533563
0.000945461061108
0.000937131335059
0.00171774904969
0.00230037569281
0.0036298870493
0.00353677716898
0.00337367364285
0.00100480016858
0.00100022630043
0.00178492208334
-0.00437198625141
-0.0085508042818
-0.0059124102836
-0.00711712159773
-0.00443715134112
-0.00884298618615
-0.0062678057542
-0.00693983871431
-0.00429810952452
-0.00868689321637
-0.00640518245111
-0.00623309684232
-0.00438450840543
-0.00835438489353
-0.00633385217382
-0.00511865199833
-0.00348205298394
-0.00787603676951
-0.00652719337388
-0.00522024277478
-0.00373090888404
-0.0048203615752
-0.0090187960112
-0.00639924723996
-0.00761459152897
-0.00485984567923
-0.0092323144134
-0.00667468898327
-0.00735580919106
-0.00459984885172
-0.00892801781507
-0.00646681495284
-0.00629437308827
-0.00400272805283
-0.00841324302435
-0.00639083955948
-0.0051693191522
-0.00353090101069
-0.00709245265726
-0.00667255790234
-0.00536066494994
-0.00386609409126
-0.0052422435475
-0.00943013569179
-0.00682758231605
-0.00805859945975
-0.00523397229052
-0.0096304955141
-0.00701538797602
-0.00770185948086
-0.00493257934561
-0.00920812999714
-0.00671348401962
-0.00628013917538
-0.00398871550243
-0.00801104529512
-0.00597882543079
-0.0051592794973
-0.00351452718231
-0.00717608386835
-0.00585753136879
-0.00544290259878
-0.00395058324147
-0.00581810053415
-0.00584404543764
-0.00719520898612
-0.00461586891582
-0.00562562811302
-0.00655579906641
-0.00734808516871
-0.00480937714856
-0.00520998239591
-0.00707291492217
-0.0069147232342
-0.00468504030551
-0.00393043890163
-0.00691172584833
-0.00589881358716
-0.0043088689621
-0.00344322427186
-0.00715095016635
-0.00588205098892
-0.00458070266822
-0.00402468918778
-0.00634118250159
-0.00638928793332
-0.00768785883316
-0.00493650310143
-0.00602232171731
-0.0069558454277
-0.00766218922708
-0.00503073608778
-0.00541200000842
-0.00725432701674
-0.00709514283818
-0.00480484505071
-0.00404579759859
-0.00691148256521
-0.00584083370465
-0.00425146072447
-0.0030102180786
-0.0071088857725
-0.00586966679852
-0.00459898798722
-0.0031878649444
-0.00680918305526
-0.00687769899721
-0.00819544272964
-0.00546110932663
-0.00642068520123
-0.00734174994112
-0.00808142788398
-0.00540689650026
-0.00563709544321
-0.00740660261476
-0.0071984971291
-0.00490655354072
-0.00414493616196
-0.00688077108258
-0.00581519441242
-0.00416785595788
-0.00297032058774
-0.00667699081104
-0.00582785156395
-0.00455855842345
-0.00326786171423
-0.00723116136927
-0.00730682642666
-0.00864189885564
-0.00592299859557
-0.00681459198925
-0.00772573917203
-0.00845570443014
-0.00575967510509
-0.00594748730684
-0.00759870179234
-0.00730826885319
-0.00493933913364
-0.00416935224345
-0.00690437430624
-0.00570363696722
-0.00412722660586
-0.0029086906278
-0.00663419837555
-0.00541884096727
-0.00450840308369
-0.00329117826166
-0.00344451817405
-0.00774374145303
-0.00520054685013
-0.00631937841556
-0.0036167788448
-0.00809867230629
-0.00560113834576
-0.00606531273549
-0.00352191564403
-0.00783163509607
-0.00560654874134
-0.0049982057012
-0.00299983187077
-0.00685763942929
-0.00524110760288
-0.00398746400096
-0.00276516021206
-0.00657442991646
-0.00535716375652
-0.00411727602749
-0.00291750983604
-0.00677848725267
-0.00823572956164
-0.00565178083025
-0.00671116728399
-0.00399334740525
-0.00842951517127
-0.00590837116802
-0.00629377277315
-0.00375169413565
-0.00803008243869
-0.00575884233799
-0.00505072273429
-0.00298218390343
-0.00680860208639
-0.0051849698294
-0.00396635697007
-0.00264864211319
-0.00651266855185
-0.00530352290375
-0.00405399004658
-0.00286195838887
-0.00732026187677
-0.00866606539996
-0.00609913999955
-0.00711074569075
-0.00433150959486
-0.00869968052992
-0.00613888724869
-0.00651081548262
-0.00390194989109
-0.00817947057549
-0.00587507714409
-0.00512257722705
-0.00296751134765
-0.00674741607598
-0.00512758788137
-0.00390764160095
-0.00260905883955
-0.00640997188505
-0.00519564454169
-0.00399927868916
-0.00280331983357
-0.00787752021691
-0.00915388888616
-0.00648022105967
-0.00750470116446
-0.00838995010648
-0.00910608428672
-0.0064042951306
-0.00671854398675
-0.00401140776408
-0.00824850069972
-0.00594293326246
-0.00515778699108
-0.00296222076975
-0.00668742480938
-0.00504496897392
-0.00384240262489
-0.0025700086247
-0.00635611676503
-0.00512296062547
-0.00388306165249
-0.0026955749356
-0.0083757575202
-0.0058481084476
-0.00690397664368
-0.00425501831402
-0.00879271408517
-0.00635648821646
-0.0067767553058
-0.00424474596559
-0.00423410370153
-0.0065113634595
-0.00593120945052
-0.0039852248575
-0.00292060053379
-0.00622562530736
-0.00501039131971
-0.00371469071403
-0.00249345277136
-0.00629709962511
-0.0050775205549
-0.00386199441466
-0.00262783576873
-0.00886949317923
-0.0063027748804
-0.00737460540819
-0.00466559989445
-0.00912507273133
-0.00669764270788
-0.00712318971497
-0.00451683280916
-0.00882232864315
-0.00665866759741
-0.00600205079616
-0.00389647711129
-0.00284939783998
-0.00612478306359
-0.00493727278802
-0.00367797178619
-0.00241539376065
-0.00624144530153
-0.00498782112225
-0.00380371439651
-0.00258368859596
-0.00934943446569
-0.00675049740939
-0.0077767743981
-0.00500386318012
-0.00938108090386
-0.00696057291178
-0.00739028203871
-0.00478489823222
-0.00898779071954
-0.00672470991372
-0.00606655095004
-0.00395107610219
-0.00277261164461
-0.00611304365691
-0.00489217747312
-0.0036175932923
-0.00231790595606
-0.00617396595877
-0.00496050269621
-0.00374661229468
-0.00252625283502
-0.00978079505828
-0.00718308842526
-0.00816924592784
-0.0053103651772
-0.00960818980711
-0.0071430060243
-0.00757565037497
-0.00497095413162
-0.00917220913845
-0.00678199968433
-0.0060511152293
-0.00393614676981
-0.00766084972138
-0.00602984974425
-0.00480575195591
-0.00355320882919
-0.00223230067258
-0.00612161111226
-0.00487335846483
-0.00368724810327
-0.00245489504937
-0.00638449950751
-0.00758918873776
-0.00493764601706
-0.00578724976303
-0.00692641383622
-0.007293460619
-0.00497363596392
-0.00507327158192
-0.0074495587484
-0.006881305655
-0.00491328777817
-0.00388691093756
-0.0072054039105
-0.00599028787526
-0.00467218758021
-0.00344757730162
-0.00221802524364
-0.00605971872356
-0.00483505446535
-0.00360017721344
-0.00240847564422
-0.00687702282021
-0.00798753773193
-0.00532161736386
-0.00622609258927
-0.00737643104712
-0.00774970414152
-0.0051660933914
-0.00512400111547
-0.00746701087982
-0.00689839432461
-0.00486290870904
-0.00383830341364
-0.00715127317854
-0.00591699829786
-0.004609724099
-0.00344239451369
-0.0072102376552
-0.00598669482285
-0.00478012983132
-0.00353643908211
-0.00234431501361
-0.00733110621323
-0.0084296772025
-0.0057245585372
-0.00658927931116
-0.00774914887118
-0.00812774216495
-0.00546095372377
-0.00534226466291
-0.00757455230041
-0.0069261683984
-0.00488343152128
-0.00377553614133
-0.007063110373
-0.00586757995975
-0.00460158784276
-0.0033712219315
-0.00714663782922
-0.00591325638623
-0.0047291075534
-0.00349757337821
-0.00228220988857
-0.00772236893835
-0.00881596357133
-0.00610822008378
-0.00687375079555
-0.00804127245456
-0.00842414354323
-0.00575778181485
-0.00547599532673
-0.00770634995874
-0.00699416816775
-0.00488341190691
-0.00371988553097
-0.0070173425265
-0.00581626106185
-0.00453398537848
-0.00330960618889
-0.00710585811483
-0.00589236147908
-0.00466570591128
-0.00340886409303
-0.00720635870948
-0.00804222000684
-0.00552794277191
-0.00649111091487
-0.00380243674958
-0.00825008775504
-0.00593212543218
-0.00597002631396
-0.00356088628485
-0.00775354868228
-0.00587897355664
-0.00486365597639
-0.00318321104772
-0.00696856013393
-0.00571004716493
-0.00449053563951
-0.00327161553378
-0.00704494397557
-0.00583429198929
-0.00461378815725
-0.00334220377997
-0.00715689826293
-0.00836145216285
-0.00578373701048
-0.00679605899835
-0.00411595187524
-0.00844577583063
-0.00605748711206
-0.00609557309588
-0.00368491553637
-0.00774530303942
-0.00584211422946
-0.0048268957564
-0.00309225773563
-0.0068982978042
-0.00562420249726
-0.00443158055512
-0.00321146186697
-0.00699179635144
-0.00576272921476
-0.00454946327846
-0.00332848986222
-0.00711249581551
0.00479188249665
0.00224680933553
0.00487292178412
0.00218597291241
0.00500252387579
0.00214469803947
0.00501257890747
0.00467757296795
0.0021359428239
0.0047596777013
0.0020755480609
0.00488968534241
0.00205017195144
0.00392515484306
0.0045639785478
0.00701377504511
0.00464701395635
0.0019658971124
0.00477763220799
0.00195648818037
0.00382941959161
0.00445110150378
0.00689796624168
0.00453510288216
0.00185702260182
0.00466636715922
0.00186364918847
0.00373454354359
0.00433894409865
0.00678288714351
0.00442394694166
0.00671836373237
0.00387433611479
0.00177165742518
0.00364052930097
0.00422750859019
0.00666854015342
0.00431354859183
0.00661104967414
0.00376465527015
0.00168051532698
0.00354737945247
0.00411679723101
0.00655492766941
0.00420391028346
0.00650451961568
0.0036557705297
0.00651832989649
0.00345509657323
0.00400681226834
0.00644205208445
0.00369830780797
0.00639877606252
0.00354768455158
0.00642889438442
0.00336368322456
0.00389755594393
0.00632991578632
0.0035901969091
0.00629382151231
0.00344039998615
0.006340315766
0.00327314195353
0.0037890304938
0.00621852115735
0.0034828533648
0.00618965845448
0.00333391947571
0.00623494273276
0.00318347529279
0.0035334838216
0.00610787057429
0.00337627959896
0.00608628937009
0.00322824565428
0.00612702551074
0.00309468576015
0.00342642680432
0.00599796640806
0.00327047802821
0.0059784973798
0.0031233811473
0.00601992981805
0.00300677585835
0.00332010733328
0.00588881102358
0.00316545106167
0.0058710827785
0.00301932857137
0.00591365842521
0.00291974807472
0.00321452761985
0.00578040677955
0.00306120110075
0.00576445779877
0.002916090534
0.00580821409374
0.00283360488087
0.00308320119207
0.00567275602825
0.0029577305389
0.00565862498521
0.00281366963333
0.00570359957588
0.0027483487324
0.00297891891918
0.00556586111536
0.00285504176145
0.00555358687435
0.00271206845788
0.00559981761429
0.00266398206857
0.00287521482183
0.0054597243797
0.0027531371453
0.00544934599437
0.00261128958624
0.00549687094176
0.002580507312
0.00277225856841
0.00535434815309
0.00264869304996
0.00534590486489
0.00251133558684
0.0053947622809
0.00249792686839
0.00267005234084
0.0052497347601
0.00254169084327
0.00524326599669
0.00241220901767
0.00529349434388
0.00241042169384
0.00256859831354
0.00514588651785
0.00243546630938
0.0051414318915
0.00231391242599
0.00519306983209
0.00231077321124
0.00246789865328
0.0050428057358
0.00233002190438
0.00504040504169
0.00221644834808
0.00509349143588
0.00220915986622
0.00436727312186
0.00521763009846
0.00131009407784
0.00222614745026
0.00316646055481
0.00387087785391
0.00457633925126
0.00428341137715
0.00512941647179
0.00121710826155
0.00212791691097
0.00306245523735
0.00383192425287
0.00449760739607
0.00420058655662
0.00504228391442
0.00112525023053
0.00203086334419
0.00295967829153
0.00375968454634
0.00442035519717
0.00411670785658
0.00495623614623
0.00103452429857
0.00193499177661
0.00285813560207
0.00368884618885
0.00434458871743
0.00401769168361
0.00487127685756
0.000944934747898
0.00184030720185
0.00275783301998
0.00361941410845
0.00427031393534
0.00391968132873
0.00478740970849
0.000856485828321
0.00174681457934
0.00265877636121
0.00355139315782
0.00419753674286
0.00382268050561
0.00470463832817
0.00554150028346
0.00165451883321
0.00256097140517
0.00348478811266
0.00412626294329
0.00372669290773
0.00462296631413
0.00545534524147
0.00156342485122
0.00246442389339
0.00338782045708
0.00405649824914
0.00363172220774
0.00454239723156
0.00537034337673
0.0014735374836
0.00236913952807
0.00328656311293
0.00398824828005
0.00353777205685
0.00446293461262
0.00528649880063
0.00138486154196
0.00227512397065
0.00318663493584
0.00395929021029
0.00344484608428
0.00438458195575
0.00520381558772
0.00129740179816
0.00218238284041
0.00308804257799
0.00389408616815
0.00335294789662
0.00429175185025
0.00512229777488
0.00121116298318
0.00209092171299
0.0029907926462
0.00383041313177
0.00326208107724
0.00419621799215
0.00504194936042
0.00112614978605
0.002000746119
0.0028948917001
0.00376827632847
0.00317224918569
0.00410176083249
0.00496277430322
0.00104236685264
0.00191186154253
0.00280034625022
0.00370768088244
0.00308345575712
0.00400838443828
0.00488477652183
0.000959818784636
0.00182427341974
0.00270716275616
0.00360932914255
0.00299570430163
0.00391609285017
0.00480795989365
0.00561464492078
0.00173798713738
0.00261534762469
0.00351136259964
0.0029089983037
0.00382489008168
0.00473232825397
0.00553458020603
0.00165300803137
0.00252490720787
0.00341484234404
0.00282334122155
0.00373478011845
0.0046578853952
0.0054557638851
0.00156934138533
0.00243584780112
0.00331977592175
0.0027387364866
0.00364576691749
0.00457443920172
0.00537820037151
0.00148699242912
0.00234817564138
0.0032261708165
0.00265518750279
0.00355785440642
0.00448174882281
0.00530189402899
0.00140596633742
0.00226189690516
0.00313403444727
0.002572697646
0.00347104648275
0.00439021107535
0.00522684917035
0.00132626822825
0.00217701770664
0.00304337416573
-0.00937320784024
-0.00935019902181
-0.00696117104259
-0.00696089279304
-0.00874816168607
-0.00867397677845
-0.00867357163943
-0.00938735626256
-0.00936504978446
-0.00697679408652
-0.00697736840236
-0.00705505301493
-0.00869244999622
-0.00869322218561
-0.00940048570327
-0.00937883119936
-0.00699129243744
-0.00699265826655
-0.00707122041549
-0.00870959462702
-0.00871146010483
-0.0094125957069
-0.00939154273986
-0.00700466548227
-0.00700676166673
-0.00708613359898
-0.00872540965804
-0.00872828417843
-0.00942368585307
-0.00940318391985
-0.00701691265512
-0.00701967793929
-0.00709979178099
-0.00873989415409
-0.00874369328096
-0.00943375575661
-0.00941375429391
-0.00702803343742
-0.00703140647605
-0.00711219424257
-0.00875304725788
-0.00875768638059
-0.00944280506763
-0.00942325345739
-0.00703802735801
-0.00704194672438
-0.00712334033037
-0.00876486819029
-0.00877026253944
-0.00945083347154
-0.00943168104646
-0.00947867502443
-0.00705129818738
-0.00713322945686
-0.0087753562506
-0.00878142091387
-0.00526639270844
-0.0094390367382
-0.00948641399827
-0.00705946042392
-0.00714186110044
-0.0112262365103
-0.00879116075483
-0.00527237849599
-0.00944532025064
-0.00949302498237
-0.00706643304883
-0.00714923480562
-0.0112340570388
-0.00879948140801
-0.00527734264518
-0.00945053134286
-0.00949850769615
-0.0070722157329
-0.0071553501831
-0.0073281854519
-0.00880638231417
-0.00405150332576
-0.00945466981499
-0.00950286190684
-0.00707680820306
-0.00716020690989
-0.00733333659112
-0.00881186300925
-0.00405442371541
-0.0082279538508
-0.00950608742952
-0.00708021024235
-0.00716380472943
-0.00733715253692
-0.00881592312454
-0.00661587774944
-0.00822994664758
-0.00822097246317
-0.00708242169003
-0.00716614345158
-0.00733963306247
-0.00881856238682
-0.00661675397283
-0.0082308664714
-0.00822194024677
-0.00963318292743
-0.00716722295273
-0.00734077802028
-0.00881978061847
-0.00661660804952
-0.00823071328695
-0.00822177907518
-0.00828423526049
-0.00716704317584
-0.00734058734228
-0.011393586627
-0.00661543998459
-0.00822948710012
-0.00822048895525
-0.00828287453137
-0.00570192080832
-0.0073390610398
-0.011391962647
-0.00661324981872
-0.00406163353881
-0.00821806994178
-0.00828032313022
-0.00569922257039
-0.0073361992036
-0.0113889176773
-0.00661003762818
-0.00405826152955
-0.00821452213754
-0.00827658117763
-0.00569526528257
-0.00579011086854
-0.0113844519229
-0.00660580352481
-0.00405381678257
-0.00820984569321
-0.00827164885038
-0.00569004915397
-0.00578457855466
-0.00597714434589
-0.00660054765601
-0.00672558923743
-0.00820404080736
-0.00826552638146
-0.00568357446014
-0.00577771145543
-0.00596983801892
-0.00350413715361
-0.00660571581568
-0.00528407826947
-0.00808130803127
-0.00684494985382
-0.00500919870597
-0.00827993567872
-0.00350896783473
-0.00661066967703
-0.00528915787349
-0.00808651552651
-0.00685028686551
-0.00501466621312
-0.00828553387898
-0.00351304722673
-0.00661485309977
-0.00529344749168
-0.00809091315535
-0.00685479387828
-0.00501928343741
-0.00829026148245
-0.00351637525286
-0.0066182660011
-0.00529694703475
-0.00360511623002
-0.00685847078862
-0.00502305026752
-0.00829411836964
-0.00564242040597
-0.00662090831347
-0.0052996564299
-0.00360789385522
-0.00686131751203
-0.00502596661262
-0.00829710444305
-0.00564424552656
-0.00874415772089
-0.0071746487888
-0.00588915789597
-0.00913183088391
-0.00502803240238
-0.0082992196272
-0.00564531913575
-0.00874525871366
-0.00717577773533
-0.00589031527448
-0.00913301705632
-0.00738642595467
-0.00639430732869
-0.00564564121336
-0.00874558900631
-0.00717611641408
-0.0058906624828
-0.00913337290281
-0.00738679050481
-0.00639468059588
-0.00564560983524
-0.00874514859229
-0.007175664818
-0.00589019951334
-0.00913289841519
-0.0073863044117
-0.00639418287943
-0.00564676727937
-0.00874393748032
-0.00717442295648
-0.00588892637623
-0.00913159360437
-0.00738496768706
-0.00639281419191
-0.00564717318386
-0.00874195569439
-0.00717239085538
-0.00588684309932
-0.00912945850034
-0.00738278036312
-0.00639057456794
-0.00564682754105
-0.00873920327373
-0.00716956855701
-0.00588394972819
-0.00912649315215
-0.00737974249264
-0.00638746406414
-0.00564573035747
-0.00873568027282
-0.00716595612009
-0.00588024632612
-0.00857661756765
-0.00737585414888
-0.00638348275915
-0.00564388165376
-0.0087313867614
-0.00716155361982
-0.00587573297413
-0.00857199195462
-0.00737111542559
-0.00637863075362
-0.00564128146473
-0.00872632282445
-0.00715636114781
-0.00587040977092
-0.00856653635904
-0.00736552643701
-0.00637290817015
-0.00563792983933
-0.00425949627059
-0.00715037881207
-0.00586427683289
-0.00856025090619
-0.00735908731784
-0.00636631515337
-0.00563382684064
-0.00425289179841
-0.00714360673706
-0.0058573342941
-0.00855313574039
-0.00735179822326
-0.00635885186982
-0.00562897254588
-0.00424551724696
-0.00713604506361
-0.00584958230629
-0.00854519102498
-0.00734365932887
-0.00635051850799
-0.00562336704639
-0.00423737276209
-0.00712769394893
-0.00584102103886
-0.00418099472116
-0.00733467083068
-0.00634131527829
-0.00561701044765
-0.0042284585048
-0.00711855356661
-0.00583165067879
-0.00417139147247
-0.00732483294511
-0.00551685390687
-0.00560990286922
-0.0042187746513
-0.00710862410657
-0.00582147143072
-0.00416095927805
-0.00731414590892
-0.00550591166011
