0.00202044200967
-0.00126122592328
0.0016874770712
-0.00198730173657
-0.00546084625707
-0.0022892709391
-0.00543373365387
0.00200983112725
-0.00118331041676
0.00176475284392
-0.00191097115756
-0.00355493702807
-0.00221560655966
-0.00536170707665
0.00200061063194
-0.00110411920054
0.00184329538565
-0.00183338708843
-0.00347858730809
-0.00214072658362
-0.00528848849251
0.00199278111871
-0.00106372038024
-0.00257210143037
-0.00175455386873
-0.00340100546239
-0.00206463493161
-0.0037882770072
0.00198634309305
-0.00107004209992
-0.00249103888421
-0.0016744758874
-0.00332219568398
-0.0019873355704
-0.00371268548162
0.00198129697078
-0.00107499704584
-0.00240872320241
-0.00159315758165
-0.00324216221276
-0.00190883251204
-0.00363591310907
-0.00226801532718
-0.0010785849093
-0.00232515902731
-0.00151060343588
-0.00316090933455
-0.00182912981288
-0.00355796369565
-0.00227027675443
-0.00108080546674
-0.00224035104819
-0.00142681798053
-0.00307844137999
-0.00174823157264
-0.0034788410891
-0.0022711455699
-0.00108165857974
-0.00215430400019
-0.00134180579102
-0.00299476272354
-0.00166614193343
-0.00339854917796
-0.00227062171744
-0.00108114419513
-0.00206702266306
-0.00125557148661
-0.00290987778246
-0.00158286507886
-0.00331709189065
-0.0022687052309
-0.00107926234498
-0.00197851186007
-0.0011681197293
-0.00282379101575
-0.00149840523303
-0.00323447319467
-0.00226539623418
-0.00107601314658
-0.00188877645677
-0.00107945522274
-0.00273650692312
-0.00141276665961
-0.00315069709572
-0.00226069494115
-0.00107387411215
-0.00179782135988
-0.000989582711086
-0.00264803004397
-0.00132595366089
-0.00306576763682
-0.0022546016556
-0.00107125493052
-0.00172449055853
-0.000898506977922
-0.00255836495635
-0.0012379705768
-0.00297968889743
-0.00224711677112
-0.0010672686327
-0.00172058943656
-0.00080623284514
-0.0024675162759
-0.00114882178398
-0.00289246499266
-0.00223996700191
-0.00106191546703
-0.00171535063711
-0.000712765171841
-0.00237548865485
-0.00105851169484
-0.00280410007229
-0.00223312487775
-0.00105519576691
-0.00170877447268
-0.000618108853236
-0.00228228678098
-0.000967044756571
-0.00271459832001
-0.00222489178272
-0.00104710995071
-0.00170086133539
-0.000522268819542
-0.00218791537659
-0.000874425450218
-0.00262396395249
-0.00221526824797
-0.0010376585216
-0.00169161169688
-0.000425250034892
-0.00209237919746
-0.000780658289739
-0.00253220121855
-0.00220425489405
-0.00102684206745
-0.00168102610819
-0.000327057496243
-0.00199568303186
-0.0054105297813
-0.00243931439827
-0.00219185243065
0.00139004529202
-0.00166910519956
-0.00022769623229
-0.0018978316995
-0.00531448058132
-0.00234530780214
-0.00426359031991
-0.00473450405342
-0.00514815182394
-0.00544400315437
-0.00561508470686
-0.00575238554149
-0.0058629476245
-0.00416504206615
-0.00463527356373
-0.00502315471605
-0.00531843925717
-0.00549300051528
-0.0056214014918
-0.00573060443092
-0.00406532330519
-0.0045348664797
-0.00489705755743
-0.00519177245899
-0.00536979766072
-0.00548933039484
-0.00559717778734
-0.00396443913447
-0.0044332879961
-0.00476986649134
-0.00506818423085
-0.00524569040059
-0.00535617866523
-0.00546267416306
-0.00386239468094
-0.0041807233373
-0.00464158766813
-0.0049475020689
-0.00512667339091
-0.00522195271909
-0.00532710002753
-0.00375919509996
-0.00407681775592
-0.00451222724412
-0.00482785869456
-0.00500653278244
-0.00508665897302
-0.00519046184941
-0.00365484557423
-0.00397175653206
-0.00438179138058
-0.00470709888946
-0.00488527456453
-0.00495030384301
-0.0050527679581
-0.00354935131272
-0.00386554497199
-0.00425028624271
-0.004585228609
-0.0047629047392
-0.00481289374353
-0.00491402109226
-0.00344271754963
-0.00375818840712
-0.00411771799865
-0.00446225382049
-0.00463942931996
-0.00467741051392
-0.00477422957463
-0.0033349495433
-0.0036496921929
-0.00398409281847
-0.00433818050204
-0.0045148543308
-0.00456076092777
-0.00463339986053
-0.00322605257521
-0.00354006170775
-0.00387679421152
-0.00421301464155
-0.00439084985789
-0.0044429888489
-0.00449153839954
-0.00311603194888
-0.00342930235199
-0.0037702382217
-0.00408676223562
-0.00427205195683
-0.00432410009453
-0.00434865163462
-0.0030048929889
-0.00331741954682
-0.00366253988233
-0.00395942928852
-0.00415214374046
-0.00420410049634
-0.00420474600115
-0.00289264103987
-0.00320441873321
-0.00354492776206
-0.0038310218112
-0.0040311310422
-0.00408299589942
-0.0040598279261
-0.00279533162258
-0.00309030537092
-0.00343496080393
-0.00370154582027
-0.00390901970785
-0.00396079216116
-0.00391390382715
-0.00270447843352
-0.00297508493743
-0.0033238676207
-0.00357523559373
-0.00378581559454
-0.00383749515023
-0.00376698011183
-0.00261245820836
-0.00285876292695
-0.00321165362957
-0.00346220577477
-0.00366152456968
-0.00371311074553
-0.00361906317672
-0.00251927554042
-0.0027413448494
-0.00309832426714
-0.0033480592138
-0.00353615623528
-0.00358764483519
-0.00347015940662
-0.00242493505651
-0.00262283622941
-0.00298388498847
-0.00323280143171
-0.00340970902573
-0.00346110331554
-0.00332027517378
-0.00232944141598
-0.00251388419163
-0.00286834126598
-0.00311643796627
-0.00328219255857
-0.00333349209013
-0.00316941683712
-0.00223279930967
-0.00241678120584
-0.00275169858846
-0.00299897437112
-0.00315361273236
-0.00320481706873
-0.00301759074148
-0.00441247788252
-0.00474177186582
-0.00567955197015
-0.0031459675885
-0.00422206587922
-0.00536012888567
-0.00623065534876
-0.00378671816362
-0.00443737631595
-0.0019589707388
-0.00649251834403
-0.00414024917789
-0.00432017482418
-0.0019630724433
-0.00637483888459
-0.00415810409061
-0.00385366616595
-0.00177266100383
-0.0060974524438
-0.00418140107853
-0.00353211388745
-0.00493141899914
-0.00526731585139
-0.00621122153426
-0.00338144493909
-0.00444625859108
-0.00558714019525
-0.00646024327871
-0.00401861076426
-0.00467127321454
-0.00630886233728
-0.00672942200173
-0.00437811396849
-0.00455861922894
-0.00220170646685
-0.00661326973456
-0.0043959419711
-0.00409052994913
-0.00190594040093
-0.00616057275371
-0.00426014016846
-0.00361018410011
-0.00542618553004
-0.00576845704764
-0.00671827932749
-0.00389389999043
-0.00464237079878
-0.00578573144476
-0.00666110118788
-0.00422149646193
-0.0048759226967
-0.00651498859762
-0.00693671793277
-0.00458625598359
-0.00476727150758
-0.00241052568134
-0.00682191007997
-0.00460406029643
-0.00429779078002
-0.00211202065253
-0.00632787383026
-0.00435333142666
-0.00366295885416
-0.00195644955673
-0.00624473925319
-0.00352849447207
-0.00438107003173
-0.00160063343552
-0.00595568330953
-0.00362683301853
-0.00439514158129
-0.00203650001661
-0.00669142139527
-0.00446158649425
-0.00476442316503
-0.00253010337868
-0.00706391176117
-0.00496787406429
-0.00478220709332
-0.00271525898743
-0.00228841386668
-0.0051101129377
-0.0045153008855
-0.0027190388091
-0.00240155763277
-0.0066957183002
-0.00398492740543
-0.00484248220243
-0.00206649419655
-0.00639673479549
-0.00376958121229
-0.00453934412846
-0.00218196789724
-0.00683794894789
-0.00460895350564
-0.00491239748611
-0.00267844399598
-0.00721237222023
-0.00511620611494
-0.00493016440918
-0.00286260080587
-0.00243490840216
-0.0052528924117
-0.00464776354384
-0.00285026832276
-0.00287021288231
-0.00713465469947
-0.00441537329247
-0.00527767771295
-0.00250593465394
-0.00683986450966
-0.00416473923236
-0.00465393494304
-0.00229756771303
-0.0069543938373
-0.00472606789786
-0.00502999625834
-0.00279633493033
-0.00733035874346
-0.00523409021635
-0.00504774961802
-0.00297969510508
-0.00729602618472
-0.00536846002683
-0.00475056363376
-0.00295210845883
-0.00339458247983
-0.0076658673303
-0.00493037537896
-0.00576138941715
-0.00295702861597
-0.00725709637063
-0.0045837386771
-0.00500134590284
-0.00240240127064
-0.00704061406828
-0.00481278522347
-0.0051170732427
-0.00288362885505
-0.00741772364718
-0.00532137906731
-0.00513481653122
-0.00306639751162
-0.00738222686534
-0.00545402893187
-0.00482357951256
-0.00302444093894
-0.00389411666286
-0.00450024629565
-0.00544262445058
-0.00275249593937
-0.0034797485129
-0.00457788115926
-0.00507741413574
-0.00244479845737
-0.00271889444394
-0.00459311162776
-0.00490119452309
-0.00275774516005
-0.00294021606741
-0.00544172495335
-0.0053779629842
-0.00343131553905
-0.00312260053194
-0.0060570904834
-0.00550949578367
-0.0037787961861
-0.0030671813697
-0.00436834468739
-0.00498082303977
-0.00592907769748
-0.00324428797388
-0.00397627818846
-0.00507848778806
-0.00558138326078
-0.00295136946251
-0.00321576459752
-0.00488151348686
-0.00517554311314
-0.00294697873139
-0.00301236858243
-0.00546755511033
-0.00540377058582
-0.00345705732046
-0.00314823421477
-0.00608257538054
-0.00553479334033
-0.00379201858569
-0.0030802797328
-0.00481680858871
-0.00543536264815
-0.00638924368957
-0.00370956770494
-0.00444609761376
-0.00555221516395
-0.0060583346873
-0.00343081622834
-0.00369694217584
-0.00530255270701
-0.00543478035576
-0.0031921499231
-0.00325661497349
-0.00564027370277
-0.00546250547284
-0.00345206873599
-0.00314326658498
-0.00607763659242
-0.00552989086741
-0.00377837609006
-0.00306372067689
-0.00523906506411
-0.00586340479522
-0.00682264600132
-0.00414784379332
-0.00488870198591
-0.00599854672511
-0.0065077420347
-0.00388260470175
-0.00415038251954
-0.00575689108687
-0.00580129694417
-0.00342129028482
-0.00347179649455
-0.00585438833018
-0.005671849906
-0.00361076097519
-0.00318825639853
-0.00604228021176
-0.00549479432426
-0.00374358926678
-0.00301752360748
-0.00181393651347
-0.00626450602012
-0.00370213398757
-0.00455864225347
-0.0019421591248
-0.00641698360687
-0.00391451173695
-0.00430621873663
-0.00177593029255
-0.00618292507579
-0.00378828597698
-0.0037586888403
-0.00151434165515
-0.00603894236975
-0.00409535887862
-0.00378895998757
-0.00189732671095
-0.00618603113821
-0.00443808355632
-0.00367891630642
-0.00215913917541
-0.00218251639603
-0.00663824175078
-0.0040806503094
-0.00494150869575
-0.00232889149342
-0.0068070470666
-0.00430732555276
-0.004701162648
-0.0021723523908
-0.00658015094809
-0.004185628785
-0.0040816037526
-0.00182165137091
-0.00620576932079
-0.0042488374542
-0.00394140647285
-0.00204416310214
-0.00633178543935
-0.00458254407122
-0.00380717594178
-0.00213863940012
-0.00258312779419
-0.00698420831844
-0.00443108498019
-0.0052960105658
-0.00268700901563
-0.00716828091209
-0.00467113304947
-0.00506696377464
-0.0025395372041
-0.00694808821956
-0.00455367553066
-0.00444911526753
-0.0020989023524
-0.00648219704846
-0.00438382959406
-0.0040635610054
-0.00216546822547
-0.00644736290223
-0.00469697336401
-0.00392042252224
-0.00225056421618
-0.00297652617074
-0.00734998294947
-0.00475304285811
-0.00562173935872
-0.00301609107387
-0.0075002539088
-0.00500549410025
-0.00540317502396
-0.0028770327654
-0.00728628225862
-0.00489197119392
-0.00478691408807
-0.00240016433136
-0.00672830121508
-0.00462877752579
-0.00416653809183
-0.00225625276742
-0.00653746813728
-0.00478159958273
-0.00400380839629
-0.00233297433772
-0.00334244767926
-0.00419403053666
-0.00508211722968
-0.00255686786453
-0.00331574385745
-0.00478797713677
-0.00530999631854
-0.00290974348076
-0.00318441540274
-0.00517853246236
-0.00520008919149
-0.00293884493945
-0.00270682628166
-0.00518732855274
-0.00484322612921
-0.00291151381175
-0.00232724176738
-0.00550910797269
-0.00484063064742
-0.00327524000626
-0.00238577346192
-0.00375864848388
-0.00453657047384
-0.00542876583559
-0.00284744243168
-0.00358560255746
-0.00506024628944
-0.0055842574211
-0.00318554839287
-0.00346129220651
-0.00545599230783
-0.00547763387118
-0.00321597487564
-0.00298304857457
-0.00546216473291
-0.00502690149833
-0.00309400813906
-0.00250826915512
-0.00555937345067
-0.00486932578648
-0.00330363506018
-0.00240974546549
-0.00423428149238
-0.00497223048093
-0.00574651792244
-0.00316859308347
-0.00383598003074
-0.00530213383791
-0.00582792748725
-0.00343060014798
-0.00370730339083
-0.00570252539605
-0.00572424289995
-0.00346221264589
-0.00322847390924
-0.00570634946594
-0.00522215855333
-0.00324568684369
-0.00265872303024
-0.00569734598274
-0.00490837203337
-0.00330197655119
-0.00240810652819
-0.0080653481263
-0.00542619411322
-0.00620155550997
-0.00349970214085
-0.00413027558365
-0.00551333109792
-0.00604069108532
-0.00364457801913
-0.00392212451814
-0.00591780525938
-0.00593958951408
-0.00367723293226
-0.00344278011718
-0.00591956535438
-0.00543392506544
-0.00336635470838
-0.00277841283306
-0.00581588142966
-0.00499443700629
-0.00332994319232
-0.00237677049259
-0.0049597728457
-0.00585238723771
-0.00327084063668
-0.00393436866093
-0.00130495774076
-0.0057769231348
-0.00342263534738
-0.00382719829363
-0.00154601344512
-0.00610154305001
-0.00396765410005
-0.00386074791554
-0.00175337364408
-0.00610153166302
-0.00414654604976
-0.00353726897382
-0.00170829086557
-0.00590379582433
-0.0042987702142
-0.00336497411391
-0.00192580257798
-0.00535291764119
-0.00625032489472
-0.00367306288557
-0.00434030970852
-0.00571754807826
-0.00614156210827
-0.00364342593925
-0.00397821609905
-0.00169763263045
-0.00625348942058
-0.00411964808126
-0.0040125091448
-0.00190462559864
-0.00625200611354
-0.0042959871447
-0.00368543679117
-0.00179646787063
-0.00596097850211
-0.00435531565961
-0.00342081304061
-0.00192153521595
0.0015490118808
-0.00174035565693
0.00178370436027
-0.00176112243638
0.00161499644052
-0.00173801984455
0.00144781393464
0.00151781685243
-0.00175554803487
0.00177371636533
-0.00177117228382
0.00160493132145
-0.00174805301602
0.00143785860039
0.00148800085425
-0.00176933983967
0.00176514157974
-0.001779800186
0.00181291081312
-0.00175666659747
0.00201661365688
0.00145956579782
-0.00178629189205
0.00177929528914
-0.00178700556069
0.00180569448323
-0.00176386000959
0.00200947608118
0.00143251350943
-0.00181628025033
0.00177354854284
-0.00179278792143
0.00179990332906
-0.00176963276832
0.0020037481406
0.00140608896122
-0.0018448768251
0.00176921643834
-0.00179714687768
0.00179553774294
-0.00177398448506
0.00199943021476
0.00137907875702
-0.00188079132406
0.00176629926474
-0.00180008213493
0.00179259802071
-0.00177691486677
-0.00192398363038
0.00135168908474
-0.00192183477997
0.00176479721675
-0.00180159349481
0.00179108436166
-0.00177842371607
-0.00192548076138
0.00131962177532
-0.00196149620099
0.00176471039464
-0.00180168085518
0.00179099686839
-0.00177851093131
-0.00192556729926
0.00128893690412
-0.00199977301232
0.00174897069684
-0.00180034421013
-0.00177359009228
-0.00177717650663
-0.00192424323829
0.00125963644938
-0.00203666272294
0.00171191412079
-0.00179758365
-0.00177082533287
-0.00177442053192
-0.00192150866627
0.0012317223036
0.00196399725945
0.0016762531536
-0.00179339936135
-0.00176663467991
-0.0017702431928
-0.00191736376455
0.00120519627296
0.00192988888399
-0.00151229882974
-0.0017877916269
-0.00176101841741
-0.00155989629653
-0.00191180880793
0.00118006007674
0.00189717550282
-0.00154516160932
0.00192942016125
-0.00175397692586
-0.00155287716811
-0.0019048441646
0.00115631534673
0.00186585740131
-0.00157662198536
0.00193787355505
-0.00174551068215
-0.00154443780584
-0.00189647029599
-0.00166040503144
0.00183593757129
-0.00160667786936
0.00194774897071
-0.00173562025935
0.00175424719652
-0.00188668775663
-0.00168136228603
0.00180741798504
-0.00163532726219
0.00195904574216
-0.00172430632656
0.00176552522848
-0.00187549719399
-0.00170092370884
0.00178030052599
-0.00166256825475
0.00197176310799
-0.00171156964864
0.00177822150629
-0.0018628993482
-0.00171908802289
0.00175458698812
-0.00168839902857
0.00198590021172
-0.00169741108602
0.00179233517768
-0.00184889505188
-0.001735854041
0.00173027907536
-0.00171281785642
0.00198440749968
-0.00168183159435
0.00180786529606
-0.00183348522984
-0.00175122066618
0.00170737840101
-0.00173582310292
0.00196140491602
-0.00166483222418
0.00182481082079
-0.00181667089873
-0.00155434312498
-0.0044124325624
-0.00374681039899
-0.00313803984565
-0.00452479942823
-0.00412022835234
0.000112063897033
-0.00157210286014
-0.00443063918847
-0.00376538564453
-0.00315688812343
-0.00454381108001
-0.00415935029831
-0.00438488249512
-0.00158832016974
-0.00444726482425
-0.00378234810339
-0.00317410007155
-0.00456117231816
-0.00419683738438
-0.00442252646754
-0.00160299376289
-0.00303183292601
-0.00379769629883
-0.00318967414731
-0.00457688155957
-0.00423268621075
-0.00445852552876
-0.00161612247032
-0.0030452925401
-0.00381142889309
-0.00320360895311
-0.00266611759137
-0.0042668935174
-0.00449287637798
-0.00162770524486
-0.00305716738524
-0.00382354468797
-0.00321590323714
-0.00267851868618
-0.0042994561855
-0.00452557585731
-0.00163774116187
-0.00123172886662
-0.00383404262539
-0.00322655589389
-0.00268926393082
-0.00433037123882
-0.00455662095316
-0.0016462294196
-0.00124043131736
-0.00384292178776
-0.00323556596465
-0.0026983523414
-0.00435963584509
-0.00458600879762
-0.0016531693395
-0.00124754640775
-0.00385018139848
-0.00324293263799
-0.00270578308514
-0.00438724731725
-0.00442692081186
-0.00165856036649
-0.00125307353963
-0.00385582082221
-0.00324865525005
-0.00271155548071
-0.00441320311468
-0.00445298613898
-0.00166240206922
-0.00125701224814
-0.00238512426156
-0.00325273328489
-0.00271566899861
-0.00443750084436
-0.0044773864978
-0.00166469414017
-0.00125936220191
-0.0023875219718
-0.00325516637473
-0.00271812326136
-0.00251610809256
-0.00450011961553
-0.00166543639587
-0.00126012320317
-0.00238829843924
-0.00325595430006
-0.00271891804368
-0.00253708310344
-0.004521183371
-0.00166462877687
-0.00125929518788
-0.00238745359584
-0.0032550969898
-0.00271805327261
-0.00255639376367
-0.00454057579555
-0.00166227134784
-0.00125687822574
-0.00238498751563
-0.00325259452129
-0.00271552902754
-0.00257403828086
-0.00455829507401
-0.0016583642975
-0.00125287252012
-0.000929675860335
-0.00324844712029
-0.00271134554016
-0.00259001501504
-0.00457433954551
-0.000614808299475
-0.00124727840804
-0.000923968096573
-0.00324265516085
-0.00270550319437
-0.00260432247938
-0.00458870770428
-0.000607803068575
-0.00124009635999
-0.000916640169763
-0.00172357179916
-0.0026980025261
-0.0026169593409
-0.00460139820032
-0.000599249525967
-0.00123132697974
-0.0009076927212
-0.00171449243726
-0.00268884422303
-0.00262792442108
-0.00461240984007
-0.000589148355401
-0.00122097100409
-0.000897126533451
-0.00170377052684
-0.00267802912436
-0.00263721669643
-0.00267124198528
-0.000577500363821
-0.00120902930254
-0.000884942530014
-0.00169140703281
-0.00266555822032
-0.00264483529893
-0.00267889296017
-0.00331595185919
-0.00664378493487
-0.0069147401652
-0.00413865157694
-0.00457590837938
-0.00767875043902
-0.00493475615392
-0.00329637642306
-0.00662360442224
-0.00689393070448
-0.00412292304577
-0.0045596673611
-0.00508014269483
-0.00491743603923
-0.00327599369797
-0.00660259190478
-0.00687226357092
-0.0041063077533
-0.00454251086947
-0.00506242547083
-0.00489914005264
-0.00637507841154
-0.00658074786944
-0.00684973929824
-0.00408880613616
-0.00452443938511
-0.00504376357177
-0.00487986877678
-0.00635308245962
-0.00655807282204
-0.00682635844082
-0.00721812131811
-0.00450545341389
-0.0050241575546
-0.0048596228248
-0.00633028060425
-0.00653456728721
-0.00680212157362
-0.00719884845342
-0.00448555348689
-0.00500360800401
-0.0080037643118
-0.0039404937413
-0.00651023180833
-0.00677702929209
-0.00717869071161
-0.00446474016029
-0.00498211553226
-0.00798157096881
-0.00391608158477
-0.00405294412089
-0.00675108221213
-0.00715764862089
-0.00444301401536
-0.00495968077918
-0.00795840497154
-0.00389086506466
-0.000977233173993
-0.00672428096999
-0.00713572273215
-0.00442037565829
-0.00493630441202
-0.00793426705435
-0.00386484472829
-0.000950411309785
-0.00419784305103
-0.00711291361898
-0.00439682572018
-0.00491198712535
-0.00790915798163
-0.00383802113994
-0.00419571251052
-0.00416933547435
-0.0045235790587
-0.00437236485692
-0.004886729641
-0.00548929454621
-0.00381039488071
-0.00416723611382
-0.00413997576562
-0.00449900530758
-0.00494460388745
-0.00486053270789
-0.00546224557511
-0.00378196654855
-0.00413793342345
-0.00410976464175
-0.00447355018788
-0.00491832324026
-0.00483339710201
-0.00543422792058
-0.00375273675811
-0.00410780511217
-0.00408164902411
-0.004447214363
-0.00489113378343
-0.00201594080338
-0.00540524246587
-0.00372270614074
-0.00407685187093
-0.00405528199176
-0.0044199985186
-0.00486303627107
-0.00198693028729
-0.00251544716007
-0.0036918753444
-0.00404507440882
-0.00402806261648
-0.00439190336249
-0.00483403148164
-0.00195698358724
-0.00248452887209
-0.00366024503356
-0.00401247345294
-0.00399999156235
-0.00436292962458
-0.00480412021776
-0.00192610158607
-0.00245264560937
-0.00362781588918
-0.00397904974836
-0.00442959407597
-0.00433307805673
-0.00477330330617
-0.00189428519304
-0.00241979837179
-0.00359458860861
-0.00394480405801
-0.00439982173662
-0.00430234943269
-0.00474158159759
-0.00526386532504
-0.00238598818804
-0.00356056390553
-0.00390973716262
-0.00436919983076
-0.00427074454802
-0.00470895596658
-0.00523018298108
-0.00235121611542
-0.00352574250984
-0.00387384986059
-0.0043377291022
-0.00423826421991
-0.00467542731149
-0.00519556913018
-0.00231548323972
-0.00371091888087
-0.00683456558094
-0.00454242136588
-0.00420818375775
-0.00757545234978
-0.00536857583921
-0.00519077258416
-0.00368657541294
-0.00680995606515
-0.00451756585558
-0.00418497415448
-0.0075520095139
-0.00534492176038
-0.00516693131104
-0.00366154284688
-0.00678465002594
-0.00449200695934
-0.00416105410359
-0.00752784918245
-0.00532054380491
-0.00514236050852
-0.00363582158145
-0.00675864787525
-0.0044657451015
-0.00413642400987
-0.0075029717725
-0.00529544240116
-0.00511706061519
-0.00360941202608
-0.00673195003599
-0.00443878071771
-0.00411108428978
-0.00747737771312
-0.00526961798987
-0.00509103208225
-0.00358231460083
-0.00670455694203
-0.00441111425489
-0.00408503537149
-0.00745106744543
-0.0052430710241
-0.00506427537355
-0.00355452973631
-0.00311435576802
-0.00438274617122
-0.00405827769474
-0.00742404142248
-0.00521580196918
-0.00503679096548
-0.00352605787371
-0.00308557350996
-0.00435367693608
-0.00403081171089
-0.0052815999558
-0.00518781130269
-0.00500857934695
-0.00349689946472
-0.00305609736424
-0.00432390703001
-0.00400263788284
-0.00525314382921
-0.00515909951441
-0.00497964101936
-0.00346705497154
-0.0030259278082
-0.00429343694469
-0.00397607800763
-0.00190101070644
-0.00512966710627
-0.00494997649655
-0.00343652486677
-0.00299506532998
-0.00426226718287
-0.00395499571461
-0.00187112643108
-0.00509951459234
-0.00491958630475
-0.00340530963347
-0.00296351042845
-0.00423039825837
-0.00393320351026
-0.00184052884388
-0.00506864249872
-0.00488847098254
-0.00337340976502
-0.00293126361317
-0.00419783069599
-0.00391070176242
-0.00180921846888
-0.00503705136357
-0.00485663108077
-0.00334082576516
-0.00289832540436
-0.0041645650315
-0.00388749085064
-0.00177719584177
-0.00500474173701
-0.00482406716259
-0.00330755814794
-0.00286469633286
-0.00413060181162
-0.00386357116615
-0.00174446150987
-0.0049717141811
-0.00266915899178
-0.00632308909775
-0.00592155204924
-0.00718711670304
-0.00696234943264
-0.00171909628211
-0.00493796926976
-0.00263514877888
-0.00628845582884
-0.00588654288712
-0.00715176005588
-0.00693701342296
-0.00487587186086
-0.00804601161032
-0.00578989903809
-0.006253140546
-0.00412347956077
-0.00711570755847
-0.006910969884
-0.00484957789296
-0.00801083375726
-0.00575444492872
-0.00621714380404
-0.00408709255771
-0.00707895980072
-0.00688421925336
-0.00482257014321
-0.00797494034141
-0.00571826980056
-0.00618046616782
-0.00405001750389
-0.00704151738325
-0.00685676198015
-0.00479484907372
-0.00793833198374
-0.00568137428916
-0.00614310821228
-0.00401225499293
-0.00700338091732
-0.00682859852495
-0.00476641515838
-0.00790628765454
-0.00564375904198
