0.00183873565178
0.0054181809641
0.00367143742587
0.00219983246155
0.00581546917412
0.00416559482092
0.00217405079954
0.00182017947609
0.00514966553658
0.0036637233198
0.00219203384576
0.00581587139695
0.00416600209732
0.00217446286481
0.0018022697654
0.00513157087485
0.00365667154711
0.00218490481082
0.0058169504787
0.00371197974616
0.00217556835154
0.0017850067702
0.00511412956122
0.003650282211
0.00217844546335
0.00581834517914
0.00371375773128
0.00217736724201
0.00176839073203
0.0050973418448
0.00364455540497
0.00217265589997
0.00581249697023
0.00371622103437
0.00217985950739
0.00175242188353
0.00508120796547
0.00363949121287
0.0021675362073
0.00580732541323
0.00371936961687
0.00218304510773
0.00149643179391
0.00506572815389
0.00363508970883
0.00216308646195
0.00534771559662
0.00372320342948
0.00218692399199
0.00148175798674
0.00505090263147
0.00363135095731
0.00215930673051
0.00534389756998
0.0037277224122
0.00219149609802
0.00146773201331
0.00503673161035
0.00362827501306
0.00215619706955
0.00534075640116
0.0037329264943
0.00219676135258
0.0014543540703
0.0050232152934
0.00362586192113
0.00215375752563
0.00533829213813
0.00373881559435
0.00220271967132
0.00144162434542
0.00501035387419
0.00362411171687
0.00215198813527
0.00533650481854
0.00374538962021
0.00220937095881
0.00142954301733
0.00499814753697
0.00362302442591
0.0017128916434
0.00533539446968
0.00375264846904
0.00221671510856
0.00141811025566
0.00498659645669
0.00362260006419
0.00171246262958
0.00533496110853
0.00376059202733
0.002224752003
0.00140732622098
0.00497570079896
0.00362283863792
0.00171270381869
0.00533520474169
0.00376922017087
0.00223348151349
0.00139719106481
0.00496546072003
0.0036237401436
0.00171361520712
0.00533612536545
0.00377853276478
0.00224290350036
0.00138770492957
0.00495587636681
0.00318730728648
0.00171519678121
0.00533772296575
0.00378852966354
0.00225301781288
0.00137886794863
0.00494694787683
0.00318953460674
0.0017174485173
0.00533999751818
0.00379921071096
0.00161529967713
0.00137068024625
0.00493867537827
0.0031924247902
0.00172037038166
0.00534294898798
0.00381057574024
0.00162679814473
0.00136314193759
0.00493105898988
0.00319597779455
0.00172396233057
0.00534657733009
0.00382262457392
0.00163898841973
0.00135625312869
0.0044861015395
0.00318975970957
0.00172822431026
0.00535088248909
0.00383535702397
0.00165187030739
0.0013500139165
0.00447979769021
0.00318339566538
0.00173315625694
0.00535586439923
0.00320019426284
0.001665443602
0.00192779992164
0.00312601120896
0.00376936057639
0.00501894711949
0.00142890302243
0.00186852291685
0.00322789621875
0.00192681409298
0.00312499228094
0.00376830668588
0.0050178562996
0.00142777320702
0.00186735194966
0.00322668186905
0.00192661024399
0.00312478158762
0.00376808876294
0.00501763074034
0.00142753958417
0.00186710981734
0.00322643076596
0.00192718837883
0.00312537913357
0.00376870681267
0.00501827044733
0.00142820216014
0.00186779652685
0.00322714291726
0.00192854848572
0.00312678490579
0.00377016082065
0.0050197754046
0.00142976091719
0.00186941205844
0.00322881830091
0.00193069053693
0.00312899887367
0.00377245075303
0.00502214557461
0.00143221581358
0.00187195636567
0.0032314568651
0.00193361448882
0.003132020989
0.00377557655646
0.0050253808982
0.00143556678362
0.00187542937537
0.00323505852823
0.00193732028177
0.00313585118599
0.0043729321992
0.00502948129466
0.0014398137376
0.00187983098768
0.00323962317896
0.0019418078403
0.00314048938127
0.00437772950689
0.0050344466617
0.00144495656186
0.00101599962672
0.00232999306747
0.00194707707296
0.00314593547388
0.00438336240888
0.00420566190568
0.000616380149032
0.00102225803804
0.0023364832403
0.00122229297109
0.00238824499514
0.00358969336598
0.00421235682078
0.000623314277142
0.0019354463689
0.00234393588822
0.00122912521412
0.00239530650936
0.00359699704379
0.00421991627032
0.000631143790963
0.00194356085996
0.00235235078103
0.0012367387616
0.00240317551275
0.00360513586432
0.00422834006586
0.000639868481166
0.00195260305465
0.00236172765886
0.00124513345853
0.0024118518342
0.00361410963823
0.00423762799753
0.000649488114568
0.00196257269342
0.00237206623228
0.00125430913408
0.00242133528511
0.00362391815687
0.00424777983397
0.000660002434159
0.00197346949019
0.00238336618229
0.00126426560157
0.00243162565939
0.00363456119223
0.00425879532243
0.00551173113535
0.00198529313242
0.00239562716039
0.0012750026585
0.00244272273349
0.00364603849702
0.00427067418872
0.00552403396117
0.00199804328114
0.00240884878864
0.00128652008658
0.00245462626644
0.00365834980464
0.00428341613734
0.00553723055956
0.00201171957101
0.00242303065971
0.00129881765173
0.00246733599985
0.00367149482929
0.00429702085145
0.00555132057858
0.00202632161035
0.00243817233692
0.00131189510413
0.00248085165797
0.00368547326591
0.00431148799292
0.00556630364268
0.00204184898123
0.00245427335436
0.00132575217825
0.00249517294768
0.0037002847903
0.00432681720238
0.00558217935273
0.00205830123951
0.00247133321692
5.30239967087e-05
0.000706973584002
-0.000293366560275
-0.00158391886352
-0.00277287203778
0.000965552619493
-5.08100262912e-06
-0.00113688222543
-0.00216979989603
-0.00309346288037
0.00090823984981
7.84715073768e-05
-0.00073175156301
-0.00194498806185
-0.00252355878808
0.00215196461021
0.00185119044177
0.000346566859771
-0.00137786159588
-0.00124927017715
0.00128050056686
-6.86559395593e-05
-0.000841753262677
-0.00185240965613
-0.00314530795445
-0.0043364968256
0.00082563218412
-0.000146940290606
-0.00123048012618
-0.00226482102085
-0.00318071442775
0.000810770807544
-1.99843556621e-05
-0.000844136737395
-0.0020586237651
-0.00263823086919
0.000690270695233
0.000388942544981
-0.00108749928955
-0.00149421236477
-0.00136538213101
0.00116488918818
-0.000161027285776
-0.000935070398473
-0.00195567271408
-0.00325039514193
0.000281459290377
-0.000804535663176
-0.00177861641513
-0.00281325075247
-0.00232681383024
0.00155019806934
0.000747177111127
-8.42234949353e-05
-0.000921907071272
-0.00213726205058
0.00199032251558
0.000610355622164
0.000308642886855
-0.00116800298994
-0.00285799172433
0.00162776763158
-0.000244334837745
-0.00022398347841
-0.000998672533124
-0.00202883550988
-0.00332485349587
0.000205765929755
-0.000881389516739
-0.00185654188207
-0.00284169067952
0.000807445040291
-0.000109691983926
-0.000912825653064
-0.00174652905057
-0.000964937568835
0.00252713735112
0.00194641205028
0.00056613612415
0.000264210162753
-0.00121254884399
0.00145421503413
0.00158330298951
-0.000288606806995
-0.00197765467916
-0.00275268756417
-0.00207180920611
0.00135619257484
0.000161303410222
-0.000926534879442
-0.00190231783783
-0.00283746794134
0.000811732244449
-0.000105346027962
-0.000908427541356
-0.0017546441768
-0.00259951019366
0.000783954552915
0.000203152992622
-0.00115178253146
0.00025572079342
-0.00122105984642
0.0014457019831
0.00157480751673
-0.000297065436473
-0.0019815958488
-0.0027566692431
0.000809442858484
-0.000487563317268
-0.00168266794208
-0.00277070871599
-0.00191588102911
0.00188425085552
0.000849174315489
-6.73911730686e-05
-0.000870017483822
-0.00172838614133
0.00205027648093
0.000810853450561
0.000230298567798
-0.0011244458091
-0.00142628065515
0.00148825795004
0.00147324579959
-0.000144384251365
-0.000269696258669
-0.00195600549278
-0.00273081593267
0.000826967579904
-0.000469727554047
-0.00166453563927
-0.00275229773341
-0.00372801032489
-2.65190830324e-05
-0.00103552172493
-0.00195112267827
-0.000797654645327
-0.00173021943768
0.00211165735903
0.000872920074378
0.000292933573919
-0.00106137038607
-0.00136290135852
0.00155179846924
0.0015368015861
-8.09594680248e-05
-0.00189543575073
-0.00190091334088
0.00193902911646
0.000874727900987
-0.000421120310756
-0.0016151209987
-0.00270212435689
0.000883261661643
2.49881492039e-05
-0.000931982466436
-0.0018461714047
-0.00271039666819
0.000822869928605
0.000117754738016
0.000970052225396
0.00039095298342
-0.000962663517141
0.00318682825414
0.00165123128006
0.00163625822609
1.82927012069e-05
-0.00179661216173
-0.00381203617561
-9.30260379138e-05
-0.00116478560993
-0.000341802883873
-0.00153448841875
0.0019401419445
0.000966271145165
0.00010902876285
-0.000795596388038
-0.00173076890494
0.00183770881422
0.000877068384296
0.000213982801967
-0.000971052384684
-0.00154894987806
0.0014300134858
0.00112959914
0.00178638570002
0.00177144491476
0.000153202499164
0.0023196371989
0.000794223231196
2.2007907216e-05
-0.00105676496677
-0.00234932622855
-0.00354019388335
-0.000199532500532
-0.00117182636653
0.000225484245245
-0.000626560092286
-0.00164456991286
0.00192509760637
0.00096551203468
0.000303329091759
-0.00080432226678
-0.00138070940521
0.00159942396627
0.00129981673127
-0.000187184636069
-0.000202084877059
-0.001762883839
0.000339955903012
0.000937303042039
0.000166544789769
-0.000918791877008
-0.00220892521422
0.00102724183817
-5.46443462038e-05
-0.00102493182264
-0.00187893689375
-0.00274492257542
0.00056537329461
-0.000358160956186
0.00108806269883
0.000427126410463
-0.000608915854841
0.0031877697305
0.00180379182429
0.00150515247866
1.86645369259e-05
3.812912398e-06
0.00242451673024
0.000544561964823
-0.00127135002897
0.00034041629195
-0.000751031839359
-0.00203822545508
0.00120074242239
0.000121486720635
-0.000846372919148
-0.00169818512562
-0.00259469380425
0.000717898052228
-0.000203546074959
-0.00115378056117
-0.0018131320149
0.00137143139933
0.000880620135534
0.00204278112596
0.00174526571631
0.000259373931298
0.00434039061794
0.00266479817626
0.000783827884674
-0.00107037281145
-0.00186246869302
-0.00293446345734
6.35524415967e-05
-0.00111892315393
0.000328630028396
-0.000636389901243
-0.00148563777926
0.00193152888209
0.000903274353834
-1.56423892251e-05
-0.000963637200133
-0.00162107297262
0.00156504918961
0.00113246901679
-0.000191063754725
-0.000487304574163
-0.00192169900962
0.00461562855974
0.00293948684548
0.00105736493068
-0.000840769636846
-0.00167344136878
0.00157400735387
0.000294184615378
-0.000884548768403
-0.00195721425512
-0.00291899363657
0.000420572977949
-0.000535223766695
0.00112123359186
0.000205270480879
-0.000740107535686
0.00283872858279
0.00179263716822
0.00130982005662
1.94545580111e-05
-0.000223989584263
0.00231979910749
0.00230513920217
0.000702904782404
-0.00109691370145
-0.00058279505563
-0.00145549736457
0.00182980032372
0.000554382779562
-0.000620157219834
-0.00168888767027
-0.00264703804706
0.000695803937319
-0.000288695364289
-0.0013100021424
-0.00222223109558
-0.0031583831068
0.00309785816238
0.00203753316225
0.00152137645777
0.000232263507433
-1.03743373812e-05
0.00254042936734
0.00257752267936
0.00102631495548
-0.000756191648526
-0.00291752722776
0.000305319236163
0.00211438981889
0.000843837589545
-0.000326072718849
-0.00139046022928
0.00184128217015
0.00100184782897
-1.0689971779e-05
-0.00102785461425
-0.00193631693417
0.00135802765458
0.000542445047641
-0.000544000879613
-0.00105822759245
-0.00230763155573
0.0042531092087
0.0027886260046
0.00282557643851
0.00127368898902
-0.000477354982772
-0.00260368347468
0.00058032938228
-0.000340113440095
-0.00160535662585
-0.00277021701934
-0.00382986920729
0.00217380381284
0.0013383057194
0.000298416706828
-0.000714181965796
0.00245256495547
0.00167952474509
0.000867081450165
-0.000267257777781
-0.000779308515958
0.00181131290644
0.00157065047893
0.000169149957043
0.000205939360597
-0.00127096880652
0.0033381417718
0.00187260550861
0.000883432433434
-6.56068587022e-06
-0.00125843361699
-0.00241784102467
0.000553548494939
-0.00039152542446
-0.00122277803523
-0.002289311049
-0.00329693781656
0.00280185181971
0.00203280911626
0.0011829018874
4.23132286768e-05
-0.000467325218903
0.00212509893212
0.00188559656162
0.000484591576671
0.00052120253307
-0.000956554648133
0.000763559002368
0.00220486576049
0.0012142998108
0.000328138134809
-0.000883352783218
0.00198900833202
0.000939936925838
-1.00316718238e-07
-0.000826813354693
-0.0019192665361
0.000976130608022
8.10734448026e-05
-0.000683664157009
-0.00157198610151
-0.00268697903974
0.00376925598537
0.00247164909108
0.0022334149547
0.000832951673054
0.000869367560373
0.00288606484617
0.0011091521118
-0.000427292250714
-0.00141337003779
-0.00229542008628
-0.0034664794495
0.00239803450523
0.00135477303853
0.000420083495942
-0.000411751477382
-0.0015194477625
0.0013816752532
0.000491816340542
-0.000283739557096
-0.00120169647518
-0.00231316431639
0.000894488806768
-0.000355777346969
-0.000592640535983
0.00121370681936
0.00124991186079
0.00326560588267
0.00357398439458
-4.67582820534e-05
-0.00102805509952
-0.0019057258628
0.000830500490111
-0.000310313944037
-0.00134744382853
-0.00227649224476
1.07871942012e-05
0.00280731025607
0.00181684046658
0.000932491620281
0.000113204858069
-0.000800315789531
0.00180379401174
0.00130270247668
5.47185379869e-05
-0.00018067672053
-0.00151838719042
0.00197403799085
0.000485455837719
0.000791931458442
0.00236094427317
0.000733023803016
0.00415449931792
0.00254991467769
0.000855310028396
0.00401750047519
0.0027715857845
0.00233119120465
0.000696880289419
0.00411521623043
0.00252274540688
0.000818980867895
0.00396787173985
0.00271994812154
0.00230205655169
0.000661359317049
0.00407656100466
0.00248554170902
0.000768957373612
0.00391734541568
0.00266895584432
0.00227354068947
0.000626461351659
0.00403853415756
0.00244710722973
0.000719568415896
0.00386745964303
0.0026186096827
0.00223410008202
0.000601470274707
0.00400113619822
0.00240930816141
0.000670814676803
0.00381821512435
0.00256891035838
0.00219377578123
0.000567819689638
0.00396436762784
0.0023721450214
0.000622696830577
0.00376961255407
0.00251985858485
0.00215406538564
0.00053479346239
0.00392822893973
0.00233561831887
0.000575215543603
0.00372165261854
0.00247145506731
0.00211496940341
0.000502392027676
0.00389272061923
0.00229157333141
0.000528371474364
0.00413856304657
0.00242370050268
0.00207648833542
0.000470615812375
0.0038578431437
0.00224586423472
0.000482165273397
0.00409189040713
0.00237659557947
0.0020386226752
0.000437650125769
0.00382359698249
0.00220078710118
0.000436597583246
0.00404586241266
0.00233014097782
0.00200137290889
0.000401522770736
0.00378998259693
0.00215634254535
0.000391669038424
0.00400047971677
0.00228433736939
0.00196473951523
0.000366019299088
0.00375700044025
0.00211253117392
0.000347380265366
0.00395574296479
0.00223918541733
0.00192872296551
0.00533113540998
0.00372465095759
0.00206935358573
0.000303731882388
0.0039116527937
0.00219468577625
0.00189332372358
0.00529688109992
0.00369293458594
0.00202681037167
0.000260724499647
0.00386820983209
0.00215083909216
0.00185854224577
0.00526325205248
0.00366185175416
0.00198490211467
0.000218358719096
0.00382541470013
0.00210764600241
0.00182437898089
0.00523024871183
0.00363140288288
0.00194362938968
0.000176635134447
0.0037832680095
0.00206510713567
0.0017908343702
0.00519787151422
0.00360158838455
0.00190299276358
0.000135554331125
0.00374177036339
0.00202322311188
0.00175703618548
0.00516612088808
0.00356376633169
0.00186299279519
0.00508100816879
0.00370092235641
0.0019819945422
0.0017219664832
0.00513499725387
0.00352428701102
0.00182363003521
0.00504121465108
0.00366072457458
0.00194142202898
0.00168751544322
0.00510450102416
0.00348543808737
0.00178490502618
0.00527827354476
0.00362117759528
0.00190150616567
0.00165368351125
0.00507463260353
0.00344722008456
0.00174681830248
0.00523976955397
0.00358228198721
0.00186224753685
0.00340072034112
0.00358546338872
0.000125765565228
0.00154934758421
0.00151161591961
0.00296839627463
0.00447656237738
0.00335555499354
0.0035389669075
7.78800229207e-05
0.00150001400357
0.00146077485691
0.00291598859438
0.00442253025899
0.00331110628575
0.003493207188
3.0752146997e-05
0.00145145977747
0.00141073561092
0.00286440594458
0.00436934709777
0.00326737499658
0.0034481850789
-1.56171367928e-05
0.0014036859167
0.00136149928619
0.00281364953302
0.00431701421493
0.00322436189342
0.00340390141646
-6.12269161276e-05
0.00135669341753
0.00131306697155
0.00276372055042
0.00426553291321
0.00318206773209
0.00336035702446
-0.000106076292202
0.00131048326158
0.00126543973997
0.00271462017037
0.00421490447676
0.00312728881856
0.00331755271411
-0.000150164379813
0.00126505641573
0.00121861864841
0.0026663495491
0.00416513017097
0.00307011838439
0.00326612541971
-0.000193490307441
0.00122041383203
0.0011726047378
0.00261890982544
0.00411621124231
0.00301365629721
0.00320799997519
0.00458138472343
0.00117655644759
0.00112739903283
0.0025723021206
0.00406814891822
0.00295790353738
0.00433591232327
0.00452227276095
0.00113253775799
0.00108300254189
0.00252652753815
0.00402094440693
0.00290286107474
0.0042792452361
0.00446391061147
0.00107240892692
0.00103941625696
0.00248158716378
0.0039745988973
0.00284852986848
0.00422330890007
0.00440629941349
0.00101305194493
0.000981904479683
0.00243748206525
0.0039291135587
0.00279491086713
0.00416810434813
0.0043494402931
0.000954468040731
0.00243264998812
0.00238380007285
0.00388448954088
0.0027420050084
0.00411363260168
0.00429333436391
0.000896658429585
0.00237306669588
0.00232237353542
0.00383492392781
0.00268981321916
0.00405989467038
0.00423798272694
0.000839624313189
0.00231428080958
0.0022617669934
0.00377242944652
0.00263833641537
0.00400689155213
0.0041833864705
0.000783366879558
0.00225629362705
0.0022019818654
0.00371077973269
0.00258757550193
0.00395462423296
0.00412954667012
0.000727887302907
0.00219910643124
0.00214301955403
0.00364997632024
0.00253753137268
0.00390309368693
0.0040764643884
0.000673186743535
0.00214272049012
0.00208488144573
0.00359002072571
0.00248820491029
0.00385230087606
0.00402414067496
0.000619266347711
0.00208713705651
0.00202756891059
0.00353091444803
0.00243959698619
0.00380224675023
0.00397257656632
0.000566127247553
0.00203235736793
0.00197108330222
0.00347265896834
0.0023917084605
0.00375293224711
0.00392177308577
0.000513770560922
0.00197838264655
0.00191542595762
0.00341525574987
-0.00466961324915
-0.0014490513694
-0.0032721666728
-0.00514188116482
-0.00183022436142
-0.00361071372482
-0.00044433225903
-0.00458594188283
-0.0013717172248
-0.00318949654359
-0.00505733912579
-0.00174392617504
-0.00352843582013
-0.000219940385873
-0.00450132865647
-0.00129340992971
-0.00310584249797
-0.00497179474597
-0.00152491772295
-0.00331341793259
-0.0051341612949
-0.00441577628046
-0.00108995889072
-0.00289703328413
-0.00476107696385
-0.00143658404834
-0.0032290414003
-0.00504780141457
-0.0042118197684
-0.00100971325408
-0.00281142018333
-0.0046735372518
-0.00134723759424
-0.00314362055267
-0.00496037711947
-0.00412439730204
-0.000928502472037
-0.00272483198831
-0.00458500459431
-0.00125688170171
-0.00305715875809
-0.00487189200545
-0.00403604393286
-0.000846329257926
-0.00263727168357
-0.00449548216833
-0.00116551973464
-0.00296965941122
-0.00478234969552
-0.00394676244704
-0.000763196346903
-0.00254874227475
-0.00440497317257
-0.0010731550792
-0.00288112593249
-0.00469175383922
-0.00385655564877
-0.000679106495531
-0.00245924678817
-0.00431348082697
-0.00097979114328
-0.00279156176742
-0.00460010811192
-0.00376542635981
-0.000594062481372
-0.00236878827037
-0.00422100837226
-0.000885431355973
-0.00270097038614
-0.00450741621424
-0.00367337741916
-0.000508067102584
-0.0022773697877
-0.00412755906941
-0.000790079167025
-0.00260935528271
-0.00441368187136
-0.00358041168265
-0.000421123177513
-0.00218499442581
-0.00403313619916
-0.000693738046294
-0.0025167199746
-0.0043189088324
-0.00348653202257
-0.000333233544285
-0.00209166528924
-0.00393774306153
-0.000596411483218
-0.00242306800207
-0.00422310086975
-0.00339174132727
-0.00524400141126
-0.00199738550097
-0.00384138297533
-0.000498102986277
-0.0023284029276
-0.00412626177847
-0.00329604250081
-0.00515422895319
-0.00190215820194
-0.00374405927765
-0.000398816082463
-0.00223272833534
-0.00402839537562
-0.00319943846256
-0.00506351941598
-0.00180598655065
-0.00364577532339
-0.000298554316743
-0.00213604783047
-0.00392950549965
-0.00310193214681
-0.0049718757128
-0.00171371355407
-0.00354653448475
-0.00519687596759
-0.00203836503867
-0.00382959600974
-0.00300954458334
-0.0048793007746
-0.00162224696408
-0.00344634015079
-0.00509467518224
-0.00193974242364
-0.00372867078519
-0.00291799278727
-0.00478579754967
-0.00152983088888
-0.00334519572688
-0.00499151027248
-0.00184102300707
-0.00362673372477
-0.00282553089464
-0.00469136900324
-0.00143646838691
-0.00324310463428
-0.00488738484994
-0.00174130992283
-0.00351607925786
-0.00273216171746
-0.00459601811708
-0.00134216253462
-0.00313279947428
-0.00477503170624
-0.00163289735837
-0.00341274376305
-0.00332910803193
-0.00199274704085
-0.000593066021277
-0.00422696223131
-0.00277902745387
-0.00148755555439
-0.00517607991471
-0.0032281313484
-0.00189316723727
-0.000495070955435
-0.00413471748194
-0.0026916540045
-0.00139334343555
-0.00508320428192
-0.00312621069208
-0.00179265320541
-0.00039615288349
-0.00404155156568
-0.00260336439181
-0.00129824187823
-0.00498944908713
-0.00302334947292
-0.00169120822767
-0.00529631017806
-0.00394059609181
-0.00251416131227
-0.00120225366172
-0.00489481700161
-0.00291955111571
-0.00158883560129
-0.00519555553166
-0.00384559657974
-0.00242404747953
-0.00110538157946
-0.00479931071064
-0.00281481905961
-0.00148553863789
-0.00509388734603
-0.00374968467088
-0.00233302562401
-0.00100762843876
-0.00470293291322
-0.00270915675769
-0.00138132066305
-0.00499130880525
-0.00365286332008
-0.00224109849262
-0.000908997060416
-0.00460568632173
-0.00260256767644
-0.00127618501583
-0.00488782310691
-0.00355513549726
-0.00214139755035
-0.00080949027837
-0.00450757366158
-0.00249505529535
-0.00117013504838
-0.00478343346173
-0.00345650418706
-0.00204766817183
-0.000709110939377
-0.00440859767095
-0.0023866231064
-0.00106317412546
-0.00467814309316
-0.00335697238844
-0.00195304185317
-0.000607861902664
-0.00430876110039
-0.00227727461367
-0.000955305624056
-0.00457195523693
-0.0032565431143
-0.00185752140346
-0.000505746039588
-0.00420806671257
-0.00216700867619
-0.000846532932901
-0.00446487314068
-0.0031552193911
-0.00176110964643
-0.000395891210056
-0.00410651728193
-0.00205583813403
-0.000736859452085
-0.00435690006357
-0.00305300425849
-0.00166380942013
-0.000297142378966
-0.00400411559434
-0.00194376186811
-0.000626288592616
-0.00424803927585
-0.0029499007689
-0.00156562357658
-0.00520040557948
-0.00390086444685
-0.00183078342624
-0.000514821913353
-0.00413829405845
-0.0028459119872
-0.00146655498135
-0.00510280075898
-0.00379024459531
-0.00171690636607
-0.000402466571172
-0.00402766770265
-0.00274104099033
-0.0013666065133
-0.0050043259121
-0.00368530296207
-0.00160213425462
-0.00528840353773
-0.00391840156488
-0.00263529086687
-0.00126578106417
-0.00490498381464
-0.00357952032369
-0.00148647066788
-0.00517427747743
-0.00382541890785
-0.00252866471674
-0.00116408153825
-0.00480477725493
-0.00347289951862
-0.00136991919039
-0.00506717033122
-0.00373151790702
-0.00242116378816
-0.00106151085202
-0.00470370903345
-0.00336544339491
-0.00125248341477
-0.00497092645974
-0.00363670519294
-0.00231279492782
-0.00095807193385
-0.00460178196252
-0.00325715480984
-0.00114821883226
-0.0048737613525
-0.00354098182402
-0.00220511745934
-0.00085621557442
-0.00449899886598
-0.00314803662969
