-0.00424975083696
-0.0028067705251
-0.00123208166019
-0.00466065758228
-0.00309509718394
-0.00151228654234
-0.0049031271905
-0.00426744053696
-0.00282420523675
-0.00125225196763
-0.0046805196189
-0.0031211701111
-0.00153550496611
-0.00492795172703
-0.00428421712682
-0.00284073991727
-0.00127183198441
-0.00469951000719
-0.00314704967639
-0.00155787895467
-0.00495194515518
-0.00430008013859
-0.00285637598126
-0.0012984875579
-0.00471762826399
-0.00317207299337
-0.00157940797288
-0.00497510691858
-0.00431502912949
-0.00287110927949
-0.00132426060885
-0.00473487392802
-0.00319623944577
-0.00160009150542
-0.00499743647967
-0.00432906554465
-0.00289382819646
-0.00134915046267
-0.0047512465599
-0.00321954843787
-0.00161992905679
-0.00502529247354
-0.00434218526655
-0.00291820657255
-0.00137315646721
-0.00477754415398
-0.00324199939457
-0.0016389201514
-0.00505455056226
-0.00435438979101
-0.0029416869212
-0.00139627799291
-0.00480661347406
-0.00326359176144
-0.00165706433362
-0.00508297876098
-0.00436567877657
-0.00296426860688
-0.00141851443281
-0.00483481438537
-0.0032843250048
-0.00168630265558
-0.00511057641064
-0.00438498692298
-0.00298595101781
-0.00143986520266
-0.00486214617208
-0.00330419861181
-0.00171481358889
-0.00513734287077
-0.00441893213704
-0.00300673356607
-0.00146032974102
-0.00488860813969
-0.0033232120905
-0.00174248120174
-0.00516327938217
-0.00445197123896
-0.00302661568764
-0.00147990750929
-0.00491419961509
-0.00334136496982
-0.00176930483209
-0.00518838161649
-0.00448410331248
-0.0030455968425
-0.00149859799181
-0.00493891808402
-0.00335865679974
-0.00179528383744
-0.00521265085208
-0.00451532746535
-0.00306471253613
-0.00151640069589
-0.00496276664169
-0.00337957351744
-0.00182041759489
-0.00523608652351
-0.00454564282939
-0.00309458740177
-0.00153331515195
-0.00498574281704
-0.00340523487675
-0.00184470550122
-0.00525868808432
-0.00457504856063
-0.00312356559715
-0.00154934091349
-0.00500784602337
-0.00343003775723
-0.00186814697297
-0.00528045500702
-0.00460354383943
-0.00315164633763
-0.00156527575268
-0.00502907569579
-0.00345398154493
-0.00189074144651
-0.00530138678318
-0.00463112787058
-0.00317882886202
-0.00159189012494
-0.00504943129124
-0.00347706564662
-0.0019124883781
-0.00532231383916
-0.00465779988342
-0.00320511243263
-0.00161761938657
-0.00506891228864
-0.00349928948985
-0.00193338724395
-0.000349506853687
-0.00468355913196
-0.00323049633543
-0.00164246286018
-0.00508751818888
-0.00352065252303
-0.00195343754029
-0.000375861850257
-0.00470840489493
-0.00325497988009
-0.00166641989104
-0.00510524851492
-0.00354115421546
-0.00197263878344
-0.000401382982102
-0.00529289650162
-0.00206259648807
-0.00371303375066
-0.000531752481747
-0.00224780058782
-0.00399119438463
-0.00073083501966
-0.000311743038025
-0.00208177789164
-0.00374478275099
-0.000552388774708
-0.00226880874216
-0.00401269485978
-0.000752743168616
-0.000329714847984
-0.00210914052188
-0.00377563032844
-0.000572100931572
-0.00228887625957
-0.00403612266333
-0.000773675365395
-0.000346808786199
-0.0021385885921
-0.00380557563779
-0.000590888388407
-0.00230800254515
-0.00406677057577
-0.00080351819508
-0.0003630244119
-0.00216714828725
-0.0038346178575
-0.000608750607309
-0.00232618703144
-0.00409646497868
-0.000833197192032
-0.00039332568867
-0.00219481884848
-0.00386275618988
-0.000625687076476
-0.00234342917853
-0.00412520496239
-0.00086190367176
-0.00042457159935
-0.00222159953977
-0.00388998986116
-0.000641697310283
-0.00235972847406
-0.00415298964535
-0.000889636720037
-0.000454945110338
-0.00224748964796
-0.00391631812159
-0.000656780849352
-0.0023878670722
-0.00417981817427
-0.000916395452549
-0.000484445442405
-0.00227248848292
-0.00394271270329
-0.000675662398598
-0.00241979362083
-0.00420568972427
-0.000942179015034
-0.000513071837835
-0.00229659537758
-0.00397349206171
-0.00070942099791
-0.00245078401095
-0.00423066281602
-0.000966986583418
-0.000540823560519
-0.00231980968803
-0.00400336729747
-0.000742261213022
-0.00248083732656
-0.00425640621119
-0.000990817363942
-0.000567699896052
-0.00234213079365
-0.00403349642978
-0.000774182108508
-0.00250995267824
-0.00428119124036
-0.00101367059329
-0.000593700151821
-0.00236355809711
-0.00406568276018
-0.000805182773911
-0.00253812920325
-0.00430501713891
-0.00103554553872
-0.000618823657094
-0.00238751748545
-0.00409696500825
-0.000835262323869
-0.00256536606566
-0.00432788317102
-0.00105644149815
-0.000643069763108
-0.00241219205324
-0.00412734231149
-0.000864419898241
-0.00259166245648
-0.0043497867672
-0.00107635780031
-0.000666437843147
-0.00243597327738
-0.00415681383131
-0.000892654662229
-0.00261701386848
-0.00437073097489
-0.00109529380483
-0.000688927292629
-0.00245886052077
-0.00418537875314
-0.000919962081202
-0.00264142699745
-0.00439071328278
-0.00111324890232
-0.000710537529177
-0.00248125865437
-0.00421303256124
-0.000946348821978
-0.00266489739062
-0.0044120762657
-0.00113022251452
-0.000731267992697
-0.00250696991253
-0.00423978193999
-0.000971810401186
-0.00268742434787
-0.00443502613709
-0.00114621409434
-0.000751118145451
-0.00253309850796
-0.0042656224222
-0.000996346086542
-0.00270900719659
-0.00445701436944
-0.00116122312598
-0.000770087472124
-0.00255833340511
-0.00429055329046
-0.00102301759311
-0.00273201668889
-0.00447804028083
-0.00117524912499
-0.00598634572842
-0.00349928988522
-0.00401121339053
-0.00447558649984
-0.00111685774172
-0.00160312098221
-0.00207826360935
-0.00253660841874
-0.00296783279725
-0.00329366413465
-0.00371432652527
-0.00414286923529
-0.00447995843099
-0.00487598549096
-0.00227067769709
-0.00277418678918
-0.00319772224909
-0.00363642930663
-0.00396490515865
-0.00418177624422
-0.00429371636921
-0.00319480673291
-0.00380821078327
-0.00432196062821
-0.00480680270737
-0.00538535978918
-0.00587812204328
-0.00635517489112
-0.00288192114746
-0.00331492538131
-0.00364211381253
-0.00404325864711
-0.00141344468932
-0.001736362949
-0.00212864094693
-0.00258906181641
-0.00309548267543
-0.00351854632206
-0.00395901364216
-0.00428882016738
-0.00450657586997
-0.00461894340748
-0.00347691426738
-0.00409231145486
-0.00460775247752
-0.0051130697049
-0.00569370605252
-0.00619287104797
-0.00667170630807
-0.00421374654302
-0.0046484127087
-0.000904852352802
-0.00128620118564
-0.00171803845457
-0.00204215804449
-0.00241495041467
-0.00288185279557
-0.00339011496033
-0.00381256234653
-0.00425465532656
-0.0045856909089
-0.00480426374082
-0.00491702610223
-0.00373412174762
-0.00435134751132
-0.00486834027101
-0.00247101545683
-0.00305357310752
-0.00355903707909
-0.0040395222793
-0.00450789039805
-0.00494409613904
-0.0052737260215
-0.00563501451037
-0.00606831088498
-0.00232151967893
-0.00267456945219
-0.00314784338385
-0.0036577899947
-0.00407947414389
-0.00165613888012
-0.00198829730648
-0.00220761732723
-0.00232100895519
-0.00104310514125
-0.00166198934103
-0.00218039040375
-0.00272659855256
-0.00331091452267
-0.0038225635201
-0.0043045617864
-0.00477603074532
-0.00521364951555
-0.00554435712417
-0.00588533610771
-0.00631996056395
-0.00664619160826
-0.00424937785903
-0.000519853519139
-0.00103132275227
-0.00145209455466
-0.00189701615324
-0.00223018965635
-0.00245018463872
-0.00256390242483
-0.00124986889798
-0.00187023897375
-0.00238990122492
-0.00295648537387
-0.00354239200564
-0.00406010483376
-0.00454347518291
-0.00501791547393
-0.00545681681107
-0.00305862303341
-0.00337905956706
-0.00381487727179
-0.00414201238629
-0.00445620554987
-0.00494052155986
-0.00545334702743
-0.00587305566109
-0.00211012071765
-0.00244419745854
-0.00266479307319
-0.00277880111016
-0.00143112849977
-0.00205280707254
-0.00257358005554
-0.00316046700734
-0.00374779234877
-0.00427143982698
-0.00202615779653
-0.00250343466426
-0.00294348449173
-0.00327604651053
-0.00357572485115
-0.0040125974949
-0.00434053194694
-0.00463911736164
-0.00512461485251
-0.00563862603936
-0.0060571194132
-0.00650427802799
-0.00683914146702
-0.000198640901939
-0.000313168718854
-0.00575014884921
-0.0022095296591
-1.38024545263e-06
-0.000608476489329
-0.00119704470512
-0.00172648990268
-0.00221216667003
-0.00269214041229
-0.00313320136844
-0.00346653476125
-0.00374525729069
-0.00418304344774
-0.00451167012189
-0.00479447750552
-0.00528099424173
-0.00579601697597
-0.00369561522219
-0.00414366148034
-0.00447919722289
-0.0047007637322
-0.00481508077987
-0.00327707247091
-0.00390081969359
-0.00442335402989
-0.00505054573779
-0.00134974022322
-0.00188483873845
-0.00237144334377
-0.00285396964477
-0.00329590143746
-0.00362989921786
-0.00388748729607
-0.00432604280945
-0.00213772553214
-0.00240459916829
-0.00289196993044
-0.00340782688469
-0.00382343071289
-0.00427220677554
-0.00460829453823
-0.0048302281793
-0.00494472265519
-0.00345065453078
-0.00400544834807
-0.00452862572426
-0.00517577884372
-0.00576629199358
-0.00630689227577
-0.00250383346473
-0.00298876375901
-0.000913896573841
-0.00124844978964
-0.00148474452852
-0.00192392291718
-0.00225360464518
-0.00250440402975
-0.00299246110004
-0.00350897231949
-0.00392290168894
-0.00437224736569
-0.00470876600016
-0.00493098620992
-0.00504561918192
-0.00363877343524
-0.00408387458135
-0.00460753500125
-0.00527449544599
-0.00347219778937
-0.00401814057038
-0.00450613682586
-0.00499331869061
-0.00543656146621
-0.00135710354048
-0.00158251642903
-0.00201161937564
-0.00234166070613
-0.00258610465838
-0.00306483479331
-0.00358181824659
-0.00399392073861
-0.00444367398944
-0.00249526444152
-0.00271768971039
-0.00283264157917
-0.00380106149105
-0.00174251788628
-0.00226650094603
-0.00295309488431
-0.00354481449038
-0.00409593598039
-0.00458439200584
-0.00507366957894
-0.0055173486066
-0.00585267951817
-0.00607831793808
-0.00207151484232
-0.00240180222845
-0.00267276832696
-0.000823777853701
-0.00134105000188
-0.00175117434852
-0.00220117180222
-0.00253818347895
-0.00276073161606
-0.00287574286736
-0.00154386347102
-0.00176834677992
-0.0023044837536
-0.00299852355726
-0.00359056484073
-0.00414669437215
-0.00463545084781
-0.00512666526857
-0.00557063249924
-0.00590618332269
-0.00613197074237
-0.00435154585859
-0.00468196498799
-0.00497939787305
-0.000865354880117
-0.00135709271025
-0.00176508929046
-0.00221516677517
-0.00255223526823
-0.00277482739819
-0.002889858111
-0.00165407179042
-0.00176782904523
-0.00232303799969
-0.0030172308533
-0.00360940470392
-0.0041703661336
-0.00465926285448
-0.00298579524932
-0.00342990176502
-0.00376555887069
-0.00399141830189
-0.00435568223603
-0.00468611838519
-0.00500993466444
-0.00542928754996
-0.00587792756966
-0.0017509589296
-0.00220040699655
-0.0025374116401
-0.00275996130235
-0.000842541579128
-0.00173807708644
-0.00181014748567
-0.00231507181645
-0.000842741476215
-0.00143485840236
-0.00200047061187
-0.00248934695875
-0.00298394881371
-0.00342804527542
-0.00376369470931
-0.00398954894248
-0.00433191817373
-0.00466225656595
-0.00501234501113
-0.00543171060175
-0.00583709798048
-0.00624315367579
-0.00476850859023
-0.000461089608912
-0.00068351514145
-0.000798669778085
0.000370655476878
0.000298536298555
-0.000114135197112
-0.00080797802821
-0.00139984870207
-0.00196992612349
-0.00245862153738
-0.00295467033995
-0.00339860743908
-0.00373413527061
-0.00395990711219
-0.00428027831685
-0.0046104044807
-0.0030649912498
-0.00348422131547
-0.00384624776179
-0.00425194686195
-0.0046963196831
-0.0050328247124
-0.00525504393899
-0.00536964486421
-0.00424366793156
-0.00431581366402
-0.00463610573462
-0.000746516128051
-0.00133795192958
-0.00191230509253
-0.00240065954858
-0.00289798917961
-0.00334161808916
-0.00175527563767
-0.00198088814722
-0.00227918099884
-0.00260898112388
-0.00301117073255
-0.00343011747379
-0.00374872146498
-0.0041539191755
-0.00459551931803
-0.00493159023298
-0.0051535207345
-0.00526798212151
-0.0042486963345
-0.00432084632235
-0.00454872220032
-0.00524134450705
-0.00583215806227
-0.00182766380145
-0.000393883157411
-0.000892326915411
-0.00133549973714
-0.00167044440075
-0.00189582112592
-0.00221337470872
-0.00250952407869
-0.0029293049576
-0.00334782147272
-0.00365513331794
-0.00402754137116
-0.00446621757118
-0.00480173326632
-0.00336381831015
-0.00347825584032
-0.00422735729107
-0.00429948922374
-0.0026137782548
-0.00330546777505
-0.00389547348445
-0.00447779880333
-0.00496499574533
-0.00546438684442
-0.00122360776674
-0.0015580926341
-0.00178315784148
-0.00212194412876
-0.00241775776101
-0.00281947975679
-0.00323742050122
-0.00188483044155
-0.00221347390428
-0.00264907955111
-0.00298392072724
-0.003205032454
-0.0033192531967
-0.00235845250999
-0.00243054412711
-0.00247381540579
-0.00316436039956
-0.00375337495253
-0.00433938988121
-0.00482577364667
-0.00532594570992
-0.00576776856211
-0.00610168322647
-0.00164301284482
-0.00200285632953
-0.00063875854027
-0.00102233445997
-0.00143955569373
-0.00174590777633
-0.0020308321566
-0.00246322571303
-0.00279727524395
-0.00301786051733
-0.00312401305124
-0.00228446221094
-0.00235649136396
-0.00232316589376
-0.00299693642586
-0.00358477929731
-0.00417428449158
-0.0046597017878
-0.0051604893319
-0.00403217170963
-0.00436540746587
-0.00458962642921
-0.00497033166315
-0.00526517390495
-0.000856962369856
-0.00127332258951
-0.00157903673273
-0.00182033396938
-0.00224937935633
-0.00258252263643
-0.00280250527484
-0.00290836659037
-0.0012593713053
-0.0046995756387
-0.00315497953417
-0.00157164431918
-0.00493870284952
-0.00337679663923
-0.00187957333258
-0.00127080494639
-0.00471199316707
-0.00317312524842
-0.00159681619793
-0.00494773504493
-0.00339210298093
-0.0019044613028
-0.00128135071093
-0.00472354023133
-0.00319041129965
-0.00162517624829
-0.00495799729167
-0.00340658648601
-0.00192854091868
-0.00129100645873
-0.00473421281152
-0.00320683726038
-0.0016526936125
-0.00498508982163
-0.00342024682671
-0.00195181165201
-0.00129977566081
-0.00474401063515
-0.00322240272417
-0.00167936763319
-0.00501135001577
-0.00343308369373
-0.00197427299185
-0.00130765622356
-0.00475293345198
-0.00323710730563
-0.00170519767245
-0.00503677912793
-0.00345211652942
-0.00199592444466
-0.00131464793935
-0.00476098103402
-0.00325095064046
-0.00173018311195
-0.005061376568
-0.00347323597779
-0.00201676553428
-0.00134151353576
-0.00477336774989
-0.00326996081947
-0.00175432335303
-0.00508514176461
-0.00349353387573
-0.00203679580205
-0.00137653421047
-0.00480957479158
-0.00329359409056
-0.0017776178167
-0.00510807416527
-0.00351300976425
-0.0020560148068
-0.00141067671194
-0.0048449178778
-0.00331636885986
-0.00180006594378
-0.00513017323636
-0.00353166320258
-0.00207442212496
-0.00144394015007
-0.00487939611589
-0.00333984331487
-0.00182166719494
-0.00515143846322
-0.00354949376828
-0.00209201735055
-0.00147632365655
-0.00491300863385
-0.00337065279717
-0.00184242105076
-0.00517870828425
-0.00356650105729
-0.00210880009524
-0.00150782638489
-0.00494575458047
-0.00340060683609
-0.00186232701179
-0.00521269576994
-0.00358268468395
-0.00212476998843
-0.00153844751064
-0.00497763312538
-0.00342970469298
-0.00188138273599
-0.00524585489421
-0.00359804428105
-0.00213992667723
-0.00156818623138
-0.0050086434592
-0.00345794564947
-0.00190119663084
-0.00527818488855
-0.00361343327342
-0.00215426982654
-0.00159704176693
-0.00503878479363
-0.00348532528231
-0.00192530352636
-0.000309689771086
-0.00364752299581
-0.0021677991191
-0.00162501335937
-0.00506805636154
-0.00351185036458
-0.00194856325944
-0.00034035927324
-0.00368079633448
-0.00218051425547
-0.00165210027317
-0.00509645555444
-0.00353751651405
-0.0019709752699
-0.000370197450011
-0.00371325254035
-0.0021924149541
-0.0016783017953
-0.00512398537311
-0.00356232309441
-0.00199253901753
-0.00039920360658
-0.00374489088184
-0.00220350095138
-0.00170361723531
-0.00515064325188
-0.00358626949005
-0.0020132539821
-0.000427377066759
-0.00377571064496
-0.00221377200161
-0.00172804592538
-0.00517642850927
-0.00360935510619
-0.00203311966349
-0.000454717173071
-0.0038057111334
-0.0022232278771
-0.000970119761752
-0.00269082956407
-0.00445260487502
-0.001172385465
-0.00288981622308
-0.00457761643058
-0.00135652807892
-0.000991766162459
-0.00271283141887
-0.00447565172899
-0.00119820500611
-0.0029160810477
-0.00459056423874
-0.0013858341532
-0.00101257178988
-0.00273397883367
-0.00449782810545
-0.00122314247264
-0.00294144880665
-0.00460259442531
-0.00141421249834
-0.0010325361511
-0.00275426942832
-0.00451913716851
-0.00124719721286
-0.00296591881403
-0.00462272178199
-0.00144166229213
-0.00105165877279
-0.00277370643112
-0.00453957651584
-0.0012703685975
-0.00298949040757
-0.00466024411078
-0.00146818273829
-0.00106993920123
-0.00279228750301
-0.0045591456294
-0.00129265601981
-0.00301216294868
-0.00469686061503
-0.00149377306668
-0.00108737700239
-0.00282433349683
-0.0045778440128
-0.0013140588957
-0.00303764676233
-0.00473257027699
-0.00151843253333
-0.00111158088362
-0.0028560273461
-0.00459567119138
-0.00133457666374
-0.00306650418625
-0.00476737210263
-0.00154216042061
-0.00114306649967
-0.00288687048133
-0.00461262671228
-0.00135420878531
-0.00309446460128
-0.00480126512179
-0.00156495603728
-0.00117371498496
-0.00291686214984
-0.00462871014451
-0.00137631345731
-0.00312257073713
-0.00483424838832
-0.00158681871863
-0.00120352561536
-0.00294600161891
-0.00464392107895
-0.00140202594541
-0.00315168472406
-0.0048663209802
-0.00160774782654
-0.00123249768576
-0.00297428817581
-0.00465825912847
-0.00142685452653
-0.00317990108023
-0.00489748199968
-0.00162774274962
-0.00126063051013
-0.00300172112791
-0.00467172392793
-0.0014507985491
-0.00320721904038
-0.00492773057338
-0.00164680290326
-0.00128792342158
-0.00302829980277
-0.00468431513424
-0.0014738573842
-0.00323363413752
-0.00495706585246
-0.00166492772972
-0.00131437577245
-0.00305402354824
-0.00469603242642
-0.00149603042557
-0.00325915310416
-0.00498548701266
-0.00168211483557
-0.00133998693442
-0.00307889173247
-0.00471035853679
-0.00151731708972
-0.00328377152065
-0.00501299139185
-0.00169836744238
-0.00136475629853
-0.00310290374407
-0.00473475175435
-0.001537716816
-0.00330748871649
-0.00503958194065
-0.00171368321085
-0.00138868327528
-0.00312605899213
-0.00476717823081
-0.00155722906668
-0.00333030404506
-0.00506525604674
-0.00172806169153
-0.0014117672947
-0.00314835690632
-0.00480142209095
-0.00157585332703
-0.00335221688377
-0.00509001298547
-0.0017472507182
-0.00143400780641
-0.00316982959491
-0.00483480259743
-0.00159358910535
-0.00337322663411
-0.00511385205737
-0.00178141460335
-0.00145540427968
-0.00319658370996
-0.00486731704338
-0.00161043593308
-0.00339333272175
-0.00513677258825
-0.00181465009913
-0.00359041869568
-0.00346341193793
-0.00201648536011
-0.000520300132549
-0.00535413433906
-0.00379504803603
-0.00217789288736
-0.00354654455122
-0.00341828580496
-0.00197005871326
-0.00523849341875
-0.0053049626166
-0.0037444344981
-0.002125794904
-0.00350195197639
-0.00337242169845
-0.00192287387783
-0.00518993887516
-0.00525499033382
-0.00369299831261
-0.00207285165832
-0.00345664175486
-0.00332582046993
-0.00187493177974
-0.00514060627901
-0.00520421858727
-0.00364074067329
-0.00201906444972
-0.00341061468174
-0.00327848298328
-0.00182623335827
-0.00509049665209
-0.00515264848895
-0.00358766279054
-0.0019644345956
-0.00336387156355
-0.00323041011465
-0.00177677956588
-0.00503961103046
-0.00510028116627
-0.00353376589136
-0.00190896343117
-0.0033164132181
-0.00318160275238
-0.00172657136821
-0.00498795046433
-0.00504711776188
-0.00347905121916
-0.00185265230934
-0.00326824047443
-0.00313206179689
-0.00167560974391
-0.00493551601799
-0.00499315943358
-0.00342352003363
-0.00179550260052
-0.00321935417277
-0.00308178816066
-0.00162389568463
-0.00488230876966
-0.00493840735416
-0.00336717361064
-0.0017375156925
-0.00316975516443
-0.00303078276813
-0.00157143019483
-0.0048283298114
-0.00488286271134
-0.00331001324206
-0.00167869299026
-0.00311944431177
-0.00297904655556
-0.00151821429178
-0.00477358024904
-0.00482652670759
-0.00325204023564
-0.00161903591583
-0.00306842248809
-0.00292658047104
-0.00146424900542
-0.004718061202
-0.00476940056003
-0.00319325591486
-0.00155854590812
-0.00301669057758
-0.00287338547434
-0.00140953537824
-0.00466177380324
-0.00471148550033
-0.00313366161879
-0.00149722442273
-0.00296424947522
-0.00281946253684
-0.00135407446525
-0.00460471919914
-0.00465278277451
-0.00307325870195
-0.00143507293184
-0.00291110008676
-0.00276481264147
-0.00129786733383
-0.00454689854936
-0.00459329364291
-0.00301204853414
-0.00137209292399
-0.00285724332858
-0.0027094367826
-0.00124091506364
-0.00448831302676
-0.00453301937998
-0.00295003250033
-0.00130828590394
-0.00280268012766
-0.00265333596595
-0.00118321874655
-0.00442896381726
-0.00447196127418
-0.00288721200049
-0.0012436533925
-0.00274741142149
-0.00259651120853
-0.00112477948651
-0.00436885211975
-0.00441012062789
-0.00282358844946
-0.00316697667981
-0.00269143815797
-0.00253896353852
-0.00106559839945
-0.00430797914597
-0.00434749875719
-0.00275916327675
-0.00310069781136
-0.00263476129537
-0.00248069399521
-0.0010056766132
-0.00424634612038
-0.00428409699183
-0.00269393792645
-0.00303359810851
-0.00257738180225
-0.00242170362889
-0.000945015267386
-0.00418395428008
-0.00421991667502
-0.00262791385707
-0.00296567915456
-0.00486754185998
-0.00149630160368
-0.00314517322565
-0.00483769281419
-0.00161051563183
-0.0034230989553
-0.00528269989572
-0.00482339368649
-0.00145270477169
-0.00310109025203
-0.00479315102192
-0.00156554562808
-0.00337773458779
-0.00523697815147
-0.00477862860732
-0.00140848356663
-0.00305637625509
-0.00474797193938
-0.00151993249359
-0.00333172171796
-0.0051906030432
-0.00473324720274
-0.00136363857534
-0.00301103184123
-0.00470215619176
-0.00147367687145
-0.00328506100571
-0.00514357524626
-0.00468725006025
-0.00131817039221
-0.00296505762458
-0.00465570441227
-0.00142677941297
-0.00323775311932
-0.00509589544455
-0.00464063777458
-0.0013653944158
-0.00291845422701
-0.00460861724202
-0.00137924077759
-0.00318979873539
-0.00504756433049
-0.00459341094761
-0.00131868166204
-0.00287122227806
-0.00456089533001
-0.00133106163284
-0.0031411985388
-0.00499858260493
-0.00454557018838
-0.00127134754436
-0.00282336241488
-0.00451253933311
-0.0012822426543
-0.0030919532227
-0.00494895097717
-0.004497116113
-0.00122339268685
-0.00277487528226
-0.00446354991598
-0.00123278452555
-0.00304206348839
-0.00489867016483
-0.00444804934466
-0.00117481772096
-0.00272576153249
-0.00441392775104
-0.00118268793814
-0.00299153004532
-0.00484774089387
-0.00439837051356
-0.00112562328542
-0.00267602182541
-0.00436367351842
-0.00113195359153
-0.00294035361105
-0.00479616389848
-0.00434808025689
-0.00107581002619
-0.00262565682829
-0.00431278790593
-0.00108058219301
-0.00288853491118
-0.00474393992109
-0.00430990500415
-0.00102537859647
-0.00257466721585
-0.00426127160899
-0.00102857445773
-0.00283607467928
-0.00469106971226
-0.00428311828555
-0.000974329656629
-0.00252305367018
-0.00420912533063
-0.000975931108585
-0.0027829736569
-0.00463755403067
-0.00425570831626
-0.000938568212652
-0.0024708168807
-0.00415634978138
-0.000922652876196
-0.00272923259345
-0.00458339364305
-0.00422767545395
-0.000910220931446
-0.00241795754413
-0.00410294567927
-0.000868740498856
-0.0026748522462
-0.00452858932414
-0.00419902006417
-0.000881244269724
-0.00236447636442
-0.00404891374977
-0.000814194722477
-0.00261983338023
-0.00447314185662
-0.00416974252027
-0.000851638613458
-0.00232398015368
-0.00399425472575
-0.000759016300549
-0.00256417676832
-0.00441705203105
-0.00413984320339
-0.000821404356674
-0.0022934286317
-0.00393896934741
-0.000703205994084
-0.00250788319098
-0.00436032064586
-0.00410932250246
-0.000790541901424
-0.00226224246093
-0.00388305836226
-0.000646764571566
-0.00245095343634
-0.00430294850724
-0.00407818081417
-0.00075905165776
-0.00223042206438
-0.00383777420627
-0.000589692808906
-0.00239338830011
-0.00424493642914
