0.000880234478276
0.00308904626824
-0.00168613388746
0.00102238614277
-0.00043535688768
-0.00109731357039
0.00127105164787
0.000895072191719
0.00310401469614
-0.00166831641944
0.00104034490416
-0.000417268990571
-0.00107910958646
0.00128935783838
0.000910498174614
0.00311957654861
0.00178958104667
0.00105890606625
-0.000398574394189
-0.00106029503965
0.00130827799294
0.000324387989723
-0.000396158347424
0.0018085936879
0.00107806940375
-0.000379273328711
-0.00104087016459
0.00132781187295
0.000340989969712
-0.000379410202034
0.00182820357864
0.00109783468415
-0.000359366031662
-0.00102083520339
-0.00257175955486
0.000358179663907
-0.000362069202087
0.00184841048484
0.0011182016678
-0.000338852747897
0.0021880285158
-0.00255099897013
0.00037595687381
-0.00034413555136
0.0018692141654
0.00113917010787
-0.000317733729586
0.00192264043108
-0.0025296254213
0.000394321394229
-0.000325609460493
0.00189061437229
0.00116073975037
-0.000296009236199
0.00194450412342
-0.00250763917731
0.000413273013297
-0.000306491146983
0.00191261085047
0.000733496900529
-0.000273679534492
0.00196697685891
-0.00248504051465
0.000432811512477
-0.000286780835167
0.0019347083359
0.000756268157458
-0.000250744898486
0.00199005835826
-0.0024618297173
0.000452936666581
-0.000266478756208
0.00195517503334
0.000779639812158
-0.000227205609456
0.00201374833476
-0.00243800707679
0.000473648243779
-0.000847746659866
0.00197623800969
0.000803611582216
-0.00020306195591
0.00203804649437
-0.00241357289213
0.000494946005613
-0.000826261767361
0.00199789701419
0.00082818317815
-0.000178314233573
0.00206295253566
-0.0023885274698
0.000516829707012
-0.00080418584204
0.00202015178913
0.00085335430343
-0.00015296274537
0.00208846614989
-0.00236287112374
0.0040664002256
-0.00078151914224
0.00204300206985
-0.00278534096662
-0.000127007801405
0.00211458702099
-0.00261570106182
0.00408945504452
-0.000758261933056
0.0020664475848
-0.00275897170036
-0.000100449718943
0.00214131482561
-0.00258882383982
0.00411309502825
-0.000734414486324
0.00209048805552
-0.00273200383646
-7.32888223926e-05
0.00216864923312
-0.00256133668041
0.0041373199054
-0.000709977080605
0.00211512319665
0.000566158566308
-0.000493746784061
0.00219658990561
-0.00253323992715
0.00416212939805
-0.000684950001171
0.00214035271596
0.000594322644856
-0.000465381261031
0.00222513649798
-0.00250453393096
0.00418752322174
-0.000659333539986
0.001550102706
0.000623084326528
-0.000436413939793
0.00225428865787
-0.00247521905007
0.00421350108553
-0.00063312799569
0.00157652007765
0.000652443265961
-0.000406845173128
0.00228404602577
-0.00244529565002
-0.00246634549781
-0.00300664536801
0.000650782008058
2.83513760574e-05
-0.00307316762903
-0.00372404007955
4.40873617131e-05
-0.00244792179151
-0.00298775536651
0.000670152913033
4.82174122863e-05
-0.000665601937945
-0.00369878559733
-0.00442792234988
-0.00242882531481
-0.00296817570838
0.00069023087876
6.88084162487e-05
-0.000640241564055
-0.00367277042077
-0.00440123717624
-0.00240905635688
-0.00296845913183
0.000711015569307
9.01240256799e-05
-0.000614139843605
-0.00364599505511
-0.0043737725574
-0.00238861521689
-0.00294750110608
0.000732506637138
0.000112163865821
-0.000588413874421
-0.00361846001992
-0.00434552905386
-0.00236750220399
-0.00292585439082
0.000754703723148
0.000134927549452
-0.000565068079054
-0.00359016584901
-0.00431650724143
-0.00234571763731
-0.00290351932991
-0.00351216590483
0.000158414676925
-0.000540980573248
-0.00356111309036
-0.00428670771123
-0.00232326184589
-0.00288049627789
-0.00348855790591
0.0001826248362
-0.000516151801311
-0.00353130230613
-0.00425613106955
-0.00230013516871
-0.00285678559997
-0.00348520351849
0.00020755760288
-0.000490582220857
-0.00350073407254
-0.00422477793788
0.000452107500795
-0.002832387672
-0.00346018618119
0.000233212540247
-0.000464272302758
-0.00346940897986
-0.00419264895277
0.00047657489305
-0.00280730288042
-0.00343446479374
0.000259589199302
-0.000437222531104
-0.00121763863792
-0.00415974476583
0.000501712094924
-0.00278153162227
-0.00340803978402
0.000286687118803
-0.000409433403156
-0.00118914124816
-0.00412606604362
0.000527518728053
-0.00275507430513
-0.00338091159125
0.000314505825303
-0.000380905429306
-0.00115988653365
-0.00409161346759
0.000553994404291
-0.00272793134709
-0.00335308066595
0.000320926853369
-0.000351639133026
-0.00112987505864
-0.00405638773405
0.000581138725741
-0.00270010317673
-0.00332454746993
0.000350185664923
-0.00032163505082
-0.00109910740138
-0.00402038955404
0.000608951284785
-0.00267159023306
-0.00329531247622
0.000380163770332
-0.000290893732182
-0.00106758415407
-0.00398361965331
0.000637431664113
-0.00264239296553
-0.00326537616904
0.000410860647757
-0.000259415739537
-0.00103530592283
-0.00394630015383
0.000536948647597
-0.00261251183395
-0.00323473904378
0.000442275763369
-0.000227201648198
-0.00100227332763
-0.00391243150991
0.000566763376959
1.17804738848e-05
-0.00320340160694
-0.00389969877454
-0.000216806816424
-0.000968487002198
-0.00387779056192
0.000597244616843
4.30279127727e-05
-0.00317136437607
-0.00386684883177
-0.000183122304917
-0.000933947594015
-0.00179384832272
0.000628391911494
7.49577743452e-05
-0.00313862787978
-0.00383328232378
-0.000148703497441
-0.000898655764217
-0.00175766487346
-0.00493383769673
-0.00550373275611
-0.00345180843385
-0.00823123521338
-0.0063058560229
-0.00645746585521
-0.00454746724137
-0.00450879626702
-0.00747279263294
-0.00724522881249
-0.00562777945558
-0.0052357020321
-0.00367940699309
-0.00798753431119
-0.00656662251036
-0.00577268083654
-0.00448248610409
-0.0035545612095
-0.00244699702583
-0.00649317431671
-0.00554946030799
-0.00488677112091
-0.00535070088386
-0.00765914579707
-0.00803566772592
-0.00610962836762
-0.00626086598983
-0.00435077401719
-0.00427412803231
-0.00720796027612
-0.0069811559619
-0.00531088476897
-0.00489133340552
-0.00333718451872
-0.00764788470044
-0.00621098992011
-0.00496993029958
-0.00408464532398
-0.00297552060706
-0.0070436152913
-0.00609782805914
-0.00515103890275
-0.00481185182489
-0.00527534848994
-0.00749066175107
-0.00781230180031
-0.00588551771601
-0.00603632254139
-0.00412612916691
-0.00872321136532
-0.00693774392906
-0.00668970200821
-0.00502066682733
-0.00351823608652
-0.00788734434847
-0.00655860268548
-0.00584834187763
-0.00459188544701
-0.00369894877889
-0.00258623219083
-0.0066435796931
-0.00569686459721
-0.00476725252135
-0.004709157267
-0.00944961871988
-0.00738691850563
-0.00762857862872
-0.00563375506176
-0.00578408180544
-0.00387376627831
-0.00687542459235
-0.00668622832317
-0.00505373117735
-0.0047034718072
-0.00320280298061
-0.00756646756123
-0.00618182214209
-0.00546006721217
-0.00420738955248
-0.00329967069951
-0.00719318095024
-0.00626095068886
-0.00530675420938
-0.00436984895463
-0.00457879315634
-0.00690279285532
-0.00725522704528
-0.00530600882197
-0.00543508941582
-0.00355693680763
-0.00826746699015
-0.0065958781466
-0.00640734361962
-0.00477589797015
-0.00436496890818
-0.00286084369111
-0.00722683327095
-0.00584491651875
-0.00508325896549
-0.00379783390394
-0.00290504691083
-0.00678151177712
-0.00586235788807
-0.0049095980229
-0.00396876724359
-0.00869845377272
-0.00674398773633
-0.00709572488413
-0.00514602595947
-0.00527484817654
-0.0033437046981
-0.00799129795891
-0.00628919647996
-0.0061013826409
-0.00447107444547
-0.00406169670413
-0.00743249970541
-0.00686116336841
-0.00548215948946
-0.00472381412555
-0.0034215343269
-0.0025027524936
-0.00639955438139
-0.00546666603798
-0.00450669013357
-0.00356331763436
-0.00851317785197
-0.0065576592362
-0.00690857737166
-0.00495831686946
-0.00508683724789
-0.00782916624692
-0.00775034746898
-0.00603319197322
-0.00580005308879
-0.0041395732516
-0.00373186169907
-0.00708088137905
-0.00650789264138
-0.00510693942906
-0.00433905796474
-0.00304067934647
-0.00693592581507
-0.005993413097
-0.00503944610109
-0.00410854980649
-0.00316440231268
-0.00832918453661
-0.00634398791054
-0.00669398150644
-0.00474307561158
-0.00487125161688
-0.00761353690518
-0.00751777277951
-0.00576539308918
-0.00553302693177
-0.00385923862217
-0.00826865979955
-0.00673953201843
-0.00540954155079
-0.00473509601078
-0.00351517491992
-0.00264036946234
-0.00654014512498
-0.0056060574366
-0.00461765301635
-0.00369013867983
-0.00276666575861
-0.00817402407026
-0.00615765689444
-0.0064521463432
-0.00450052714405
-0.00462831728558
-0.00737054894097
-0.00727507333736
-0.00547265646104
-0.003908036193
-0.00356657748779
-0.00698135289353
-0.0064245484462
-0.00506750630024
-0.00434804823277
-0.003121771737
-0.00724039442415
-0.0061428017571
-0.00520702844883
-0.00423716504145
-0.00331598578148
-0.00238914715867
-0.00802208296951
-0.00597439028959
-0.00626378526425
-0.00425247620749
-0.0070843160475
-0.0071004528269
-0.00540962182283
-0.00520356282389
-0.00358755747579
-0.00324743733121
-0.00666395992022
-0.0061092909899
-0.00472739718117
-0.00399584668828
-0.00273557154678
-0.00683730404386
-0.00574016286375
-0.00481229070673
-0.00385719220389
-0.00291827576736
-0.00698933246676
-0.00539781073561
-0.0057952379007
-0.0038942088464
-0.00404083698708
-0.00683491784881
-0.00680351192239
-0.00511303255006
-0.00490772042316
-0.00326165250068
-0.00776318282592
-0.00632052482188
-0.00576814831335
-0.00438842859073
-0.00363345736311
-0.00735122397299
-0.00644194360009
-0.00533971389872
-0.00441366038904
-0.00346098987189
-0.00252047397232
-0.00659371539413
-0.00516158491009
-0.00555786524962
-0.00365599627551
-0.00840472553279
-0.00659598257672
-0.00655319812386
-0.00480429637991
-0.00458542340338
-0.00294058887463
-0.00739203096491
-0.00595137120867
-0.00540143782462
-0.00402457907363
-0.00327010779818
-0.00696764891958
-0.00604752983103
-0.00494560228248
-0.00401967418366
-0.00306481895685
-0.00713318349149
-0.00619870827128
-0.00509582245052
-0.00529377795071
-0.00339098026536
-0.0081391312792
-0.00636124761089
-0.00628752236772
-0.00453911835308
-0.00427691093848
-0.00746778947281
-0.00705818436819
-0.00555684097532
-0.00500949496169
-0.00363566669314
-0.00244073144301
-0.00658107327449
-0.00547938963658
-0.00454973797782
-0.00359757846431
-0.00267038476809
-0.00673475746787
-0.00580084253725
-0.0048066631916
-0.00520028948456
-0.00766996776647
-0.00784693945375
-0.00606881451898
-0.00602632158525
-0.0042473813276
-0.00398610288457
-0.00716621697637
-0.00576184296138
-0.00524801878019
-0.00390695265984
-0.00322203580063
-0.00702012727658
-0.00617509249729
-0.00507766349955
-0.00415853070993
-0.00319183900601
-0.00226206331536
-0.00633887589056
-0.00540578768193
-0.00449143868786
-0.0048835652297
-0.00754398852712
-0.00752843343611
-0.00575004746147
-0.00411262441451
-0.00396102305122
-0.00719905815539
-0.00683863440302
-0.00543586284703
-0.00492403407978
-0.00358533807615
-0.00286893438202
-0.00659938845782
-0.00574690479785
-0.00469486615564
-0.00376091734096
-0.00280965762765
-0.00686812876637
-0.0059419083006
-0.00500201528976
-0.00415044425197
-0.00235633742939
-0.00720020620531
-0.00553427706044
-0.00540525149813
-0.00376800515465
-0.00361703518617
-0.00688656032538
-0.00652015042795
-0.00508429096435
-0.00457459701901
-0.00323843314111
-0.00749055229508
-0.00625863026614
-0.00536137084587
-0.00429775953982
-0.00336331719909
-0.00240765254112
-0.00647473419085
-0.00554541651716
-0.00460718145077
-0.00425667966096
-0.00654845500536
-0.00683078587879
-0.00516407525645
-0.00523061031875
-0.00339769321509
-0.00324739588361
-0.00651807017914
-0.00615327267411
-0.00473820125247
-0.0042000227499
-0.00286655018758
-0.00712175517435
-0.00589328627482
-0.00499309321536
-0.0039037426363
-0.00296854916797
-0.00701404990013
-0.00606307425199
-0.00514896136148
-0.004217457127
-0.00386510652419
-0.00661533952229
-0.00643606759301
-0.00476852963755
-0.00483474882893
-0.00320149980832
-0.00782986480894
-0.0061243367175
-0.00576124648622
-0.00433642517512
-0.00383139654865
-0.00743563088355
-0.00672848072789
-0.00550365816929
-0.0046040797508
-0.00349915216528
-0.00254703644073
-0.00661862163386
-0.00568572493198
-0.00475331291022
-0.00382023554249
-0.00787815787453
-0.00619707956861
-0.00647668165542
-0.00434799906019
-0.00441388570249
-0.00278084647955
-0.00740996119873
-0.0058973691401
-0.00534442169129
-0.00391006955962
-0.00268435043219
-0.00704413373064
-0.00589094020522
-0.00509007367374
-0.00403020563458
-0.0031054487125
-0.00715492191171
-0.00621027561269
-0.00528998260289
-0.00435569817304
-0.00342467090071
-0.00743739933632
-0.00575431717661
-0.00603245283966
-0.00437269592783
-0.00443823418037
-0.00711352671331
-0.00570843238939
-0.00545422677798
-0.00410104204188
-0.00345950239104
-0.00223641794475
-0.00659932856532
-0.00547920602771
-0.00465287043369
-0.00359740448285
-0.00269805170641
-0.00674982157945
-0.00582684288515
-0.00489345278419
-0.00395852753256
-0.00302628780277
-0.00768889210072
-0.00601994949935
-0.00373212148736
-0.00390333164076
-0.00238561204121
-0.00709755724127
-0.00523975324118
-0.00498694770866
-0.00363572829891
-0.00317890166589
-0.00672872508771
-0.00613093346045
-0.00501455014017
-0.00422188139379
-0.00314152260844
-0.00226756097929
-0.00633935267599
-0.00542056857115
-0.00449500841383
-0.00356237617279
-0.00262934132065
-0.000666236767896
0.00177696152865
0.00115161908383
-0.000275305464861
0.00226515329316
0.00149427229022
0.000285702506619
-0.000710257412455
0.00174133710627
0.0011156367327
-0.000311626966705
0.00222851344516
0.0014573369015
0.000266738651209
-0.000753713250046
0.00170628767224
0.00108023498326
-0.000347362552514
0.00219246449747
0.00142099703677
0.000248381797305
-0.000796603808282
0.00167181361843
0.00104541423923
-0.000382511807178
0.00215700687613
0.00138525313235
0.000230632171293
-0.000838928620403
0.00163791533063
0.00101117489803
-0.000417074322015
0.00212214100054
0.00135010561782
0.000213489992174
-0.000880687225301
0.00159637421133
0.000977517350804
-0.000451049694793
0.00208786728354
0.00131555491598
0.000210306911988
-0.000921879167548
0.0015547599105
0.000944441982411
-0.000484437529758
0.00205418613131
0.00128160144285
0.000194380254074
-0.000962503997416
0.00151371831465
0.000911949171365
-0.00051723743765
-0.00125038866682
0.00124824560763
0.00016292898482
0.00305523726373
0.0014732498814
0.000880039289841
-0.000549449035731
-0.00128288349766
0.00121548781269
0.00012993023054
0.00301574798488
0.00143335506247
0.000848712703642
-0.000581071947802
-0.00131478458524
0.00118332845354
9.75342095229e-05
0.00296671407847
0.00139403430364
0.000817969772185
-0.00061210580423
-0.00134609155018
0.00115176791878
6.57413189591e-05
0.00291809068736
0.00135528804473
0.000787810848475
0.00321326305268
-0.00137680401983
0.00112080659013
3.45519489852e-05
0.00287003093741
0.00131711671957
0.000750359547423
0.00318340839009
-0.0014069216283
0.00109044484237
3.96648265863e-06
0.00282253535147
0.00127952075598
0.000712399298282
0.00315414385245
-0.00143644401653
0.00106068304331
-2.60147040652e-05
0.00277560444684
0.00124250057575
0.000675020235041
0.00312546978294
-0.00146537083224
0.0010315215538
0.00356975021437
0.00272923873533
0.00120605659461
0.000638222785511
0.00309738651806
-0.00149370173001
0.0010029607277
0.00354097868619
0.00268343872317
0.00117018922222
0.000602007371255
0.00306989438764
-0.00152143637127
0.000975000911817
0.00351281252265
0.00263820491104
-0.00187597761466
0.000566374407568
0.00304299371479
-0.00154857442432
0.000947642445958
0.00348525207106
0.00259353779396
-0.00191069056505
0.000531324303449
0.00301668481591
-0.00157511556438
0.000920885662847
-4.94915528499e-05
0.00254943786137
-0.00194964165351
0.000496857461582
0.00298344814517
-0.00160105947356
0.000894730888134
-7.58395674302e-05
0.002505905597
-0.00199359561398
0.000462974278312
0.00294925730226
-0.00162640584091
0.000869178440369
-0.000101580871441
-0.00197969884312
-0.00214308895163
0.00103271369597
0.000809730445274
-0.00269533405711
-0.00292776214243
0.000121845628533
-0.00200218371539
-0.0021652183603
0.00100777878027
0.00078408099946
-0.00272172905878
-0.00295493448136
9.38636553226e-05
-0.00202400474246
-0.00218666553478
0.000983544196806
0.000759151675303
-0.00274738331534
-0.00298134460086
6.66662365255e-05
-0.00204516160194
-0.00220743014045
0.000960010344627
0.000734942906984
0.000444913708036
-0.00300699198513
4.02539351916e-05
-0.00206565398103
-0.00222751185314
0.00124573223107
0.000711455116469
0.000420742347336
-0.00303187613281
1.46272986325e-05
-0.00208548157658
-0.00224691035913
0.00122360099353
0.000688688713472
0.000397313110789
-0.00305599655707
0.000554564150677
-0.00210464409509
-0.0022656253552
0.00120217161677
0.000666644095418
0.000374626431404
-0.00307935278559
0.000530510422373
-0.00212314125274
-0.00228365654863
0.00118144445464
0.000645321647413
0.00035268272879
-0.00310194436068
0.000507243905797
-0.00214097277544
-0.00230100365726
0.00116141984964
0.000624721742205
0.000331482409115
-0.00312377083925
-0.00342686050914
-0.00215813839877
-0.00231766640947
0.00114209813285
0.000921759842461
0.000311025865067
-0.00314483179292
-0.00344855116681
-0.0021746378681
-0.00233364454423
0.00112347962394
0.000902606091516
0.000291313475821
-0.00316512680801
-0.00346945320938
0.00125735228792
-0.00234954498128
0.00110556463114
0.000884175927169
0.000272345607002
-0.00318465548562
-0.00348956620116
0.00124149278162
-0.00236573971082
-0.00261726172658
0.000866469672434
0.000254122610651
-0.000111487961206
-0.00350888972266
0.00133943051261
-0.00238124945674
-0.00263376880847
0.000849487637822
0.000236644825194
-0.000129482826368
-0.00352742337052
0.00132295927016
-0.00239607397575
-0.00264957151856
0.000833230121307
0.000545339966046
-0.000146710246279
-0.00354516675766
0.00130715475258
-0.00241021303517
-0.00266466959469
0.000817697408307
0.000529353563037
-0.000163169881455
-0.00356211951323
0.00129201719481
-0.002423666413
-0.00267906278625
0.000802889771652
0.000514113304201
-0.000178861407355
-0.00357828128271
0.00127754682194
-0.00243643389789
-0.00269275085424
0.000788807471565
0.000499619473199
-0.000193784514413
-0.00359365172792
0.00126348145867
-0.00233427553694
-0.00270573357125
0.00077545075564
0.000485872339935
-0.000207938908069
-0.00360823052705
0.00124557609445
-0.00234567064479
-0.0027180107215
0.000762819858814
0.000472872160527
0.000112728060203
-0.00362201737471
0.00122833747927
0.000998050172019
-0.00272958210087
0.000750915003353
0.000460619177286
0.000100111916871
-0.00363501198196
-0.00800661859599
-0.00731406303768
-0.00978506353799
-0.00995324596765
-0.00905392064184
-0.00818345777388
-0.00520538775131
-0.00803060003616
-0.00733935249424
-0.00663566949319
-0.009980097988
-0.00908356591693
-0.00821392044872
-0.00523662350986
-0.00805352560374
-0.007363553308
-0.00666062168521
-0.00674956726716
-0.00911202487839
-0.00824316473233
-0.00737986160173
-0.00807539444109
-0.00738666451583
-0.00668445087476
-0.00677410829526
-0.00913929617751
-0.008271189162
-0.00740859841959
-0.00809620572919
-0.00740868519685
-0.00670715605286
-0.00679749214946
-0.00916537851996
-0.00829799233383
-0.00743608346597
-0.00811595868788
-0.00742961447271
-0.00672873625698
-0.00903930906846
-0.0091902706661
-0.00832357290311
-0.0074623152915
-0.00813465257595
-0.0074494515077
-0.00674919057129
-0.00906037547256
-0.00921397143122
-0.00834792958459
-0.00748729251077
-0.00815228669129
-0.00746819550894
-0.00676851812679
-0.00908028170244
-0.00923647968587
-0.00837106115286
-0.00751101380276
-0.00816886037102
-0.00748584572653
-0.00678671810155
-0.00909902686033
-0.00925779435609
-0.00839296644263
-0.00753347791116
-0.0104640094418
-0.00750240145371
-0.00680378972086
-0.00911661009997
-0.00927791442371
-0.00841364434902
-0.00755468364467
-0.0104784604192
-0.00751786202699
-0.00681973225739
-0.00606442705161
-0.0115117139988
-0.00843309382784
-0.00757462987737
-0.0104918492091
-0.00753222682628
-0.00683454503135
-0.00607968412303
-0.0115294420308
-0.00845131389585
-0.00759331554898
-0.0105041753066
-0.00754549527501
-0.00684822741064
-0.00609377704841
-0.0115459727426
-0.00846830363102
-0.00761073966513
-0.0105154382467
-0.00755766684029
-0.00686077881096
-0.00610670518936
-0.0115613053413
-0.00848406217272
-0.00762690129766
-0.0105256376043
-0.00993031524317
-0.00687219869598
-0.00611846795983
-0.00832778875065
-0.008498588722
-0.00764179958485
-0.0105347729943
-0.00994029161788
-0.00688248657741
-0.00612906482627
-0.00834072297205
-0.00851188254176
-0.00765543373162
-0.0105428440715
-0.00994916977329
-0.00689164201511
-0.00613849530772
-0.00835245704348
-0.0108153047582
-0.00766780300981
-0.0105498505308
-0.00995694935204
-0.00689966461723
-0.00614675897595
-0.00836299040044
-0.0108261311559
-0.00767890675829
-0.0077354726113
-0.00996363004086
-0.00690655404022
-0.00615536715464
-0.00837232253589
-0.0108357229856
-0.00768874438319
-0.00774034908037
-0.00996921157064
-0.00935844735765
-0.00616326365412
-0.00546242007108
-0.0108440797593
-0.00769731535807
-0.00774416025746
-0.00997369371649
-0.00936306958552
-0.00616999264343
-0.00546934847284
-0.0108512010517
-0.007704619224
-0.00861321463443
-0.00681267280619
-0.00780137777279
-0.00603976585338
-0.00850874566284
-0.00708705645439
-0.00729736923936
-0.00862701821347
-0.00682664425733
-0.00781549412151
-0.00605400170057
-0.008523073506
-0.00710144710592
-0.00731179232759
-0.00863990048913
-0.00683968324433
-0.00782866837404
-0.00606728750882
-0.00853644519606
-0.00711487743032
-0.00732525293312
-0.0086518610961
-0.00685178938843
-0.00784090013973
-0.00607962287749
-0.00854886032455
-0.0071273470137
-0.0073377506393
-0.00866289969505
-0.00686296233775
-0.00785218905565
-0.00609100743436
-0.008560318512
-0.0071388554716
-0.00734928505903
-0.00867301597266
-0.00687320176742
-0.00786253478669
-0.00610144083574
-0.00857081940802
-0.007149402449
-0.0073598558349
-0.00868220964165
-0.00688250737953
-0.00787193702562
-0.00611092276652
-0.00858036269134
-0.00500888137659
-0.00736946263918
-0.00869048044085
-0.00689087890327
-0.00788039549308
-0.00611945294019
-0.00858894806987
-0.005017504446
-0.00737810517392
-0.00869782813522
-0.00689831609491
-0.00788790993768
-0.00612703109892
-0.00859657528072
-0.00502516514708
-0.00973398824561
-0.00870425251587
-0.00690481873785
-0.00789448013599
-0.00613365701354
-0.00860324409027
-0.0074301362194
-0.0097407014666
-0.00870975340014
-0.00691038664266
-0.00790010589263
-0.00848822846233
-0.0109161094637
-0.00743587150338
-0.00974644970313
-0.00871433063156
-0.00691501964708
-0.0101966303353
-0.00849294931629
-0.0109208608871
-0.00744064379796
-0.00975123277668
-0.00438926287701
-0.00788367863077
-0.0102003667346
-0.00849671741125
-0.0109246533841
-0.00744445295558
-0.00975505053866
-0.00671370511106
-0.00788644145657
-0.0102031582744
-0.00849953263314
-0.0109274868386
-0.00744729885842
-0.00975790287046
-0.00671551070772
-0.0078882690586
-0.00609418241747
-0.00850139489676
-0.0109293611636
-0.00744918141844
-0.00975978968344
-0.0067163922883
-0.00788916138358
-0.00609508401708
-0.00850230414572
-0.0109302763017
-0.0074501005774
-0.00976071091897
-0.00671634982771
-0.00788911840549
-0.00609504059228
-0.0085022603525
-0.00703961074895
-0.00745005630686
-0.00976066654842
-0.00671538332716
-0.00788814012559
-0.00609405214437
-0.00850126351841
-0.00703860745844
-0.0074490486082
-0.00975965657316
-0.00671349281417
-0.00788622657239
-0.00609211870278
-0.00849931367365
-0.00703664498507
-0.00744707751258
-0.00604890586934
-0.00671067834252
-0.0078833778017
-0.00608924032505
-0.00849641087724
-0.00703372338901
-0.007444143081
-0.00604596480885
-0.00670693999232
-0.00787959389657
-0.00608541709685
-0.00849255521705
-0.00702984275987
-0.00744024540422
-0.00604205832782
