-2.69459940381e-05
-0.00243198358308
-0.000622033402662
-0.00303438710225
-0.000605063744401
-0.00313919049506
-0.000568013638498
-5.77337764442e-05
-0.00246198697077
-0.000651168695868
-0.00306259782357
-0.000632317571081
-0.00316547541685
-0.00060057493459
-8.70164686958e-05
-0.0024905228855
-0.000678878213041
-0.00308942725235
-0.000658236221478
-0.00319460101528
-0.000631898678306
-0.000114791835103
-0.00251758925727
-0.000705160057896
-0.0031148736664
-0.000682818142051
-0.00322579456363
-0.000661983250805
-0.000151800091203
-0.00255325357881
-0.000740081888419
-0.00313893542962
-0.000706061857154
-0.00325570256903
-0.000690827094627
-0.000176554543611
-0.00257737506749
-0.000763503078769
-0.00317101641928
-0.000737391885252
-0.00329309735523
-0.000727203635392
-0.000199795632211
-0.0026000214241
-0.000785491477922
-0.00319230431974
-0.000757955076226
-0.00332042934505
-0.000753561596989
-0.000221521569926
-0.00262119099476
-0.000806045571508
-0.003212203183
-0.000777176106435
-0.00334647100071
-0.000778674529731
-0.000241730683637
-0.00264088223122
-0.000825163942013
-0.00323071172247
-0.000795053815976
-0.00337122086433
-0.000802541125516
-0.000260421414826
-0.00265909369139
-0.000842845269259
-0.00324782873999
-0.00081158712481
-0.00339467754831
-0.000830951985918
-0.000277592320171
-0.00267582403989
-0.000859088330859
-0.00326355312628
-0.000826775033085
-0.0034168397357
-0.000859148172087
-0.000293242072098
-0.00269107204854
-0.000873892002636
-0.00327788386127
-0.000840616621438
-0.00343770618061
-0.000886098862171
-0.000307369459296
-0.00270483659676
-0.000887255259014
-0.00329082001441
-0.000853111051274
-0.00345727570852
-0.000911802649673
-0.000319973387182
-0.00271711667206
-0.00089917717337
-0.00330236074502
-0.000864257565016
-0.00347554721662
-0.000936258191195
-0.000331052878325
-0.00272791137035
-0.000909656918352
-0.00331250530252
-0.000874718975635
-0.00349251967411
-0.000959464206787
-0.000340607072821
-0.00273721989627
-0.000918693766172
-0.00332125302668
-0.000890951463169
-0.00350819212253
-0.000981419480276
-0.000348635228629
-0.00274504156355
-0.000926287088849
-0.00332860334787
-0.000905836805308
-0.00352256367595
-0.00100212285958
-0.000355136721859
-0.00275137579517
-0.000932436358436
-0.00333455578719
-0.000919374098769
-0.00353563352131
-0.00102157325703
-0.000360111047011
-0.00275622212365
-0.000937141147199
-0.00333910995668
-0.000931562521372
-0.00354740091859
-0.00103976964962
-0.000363557817176
-0.00275958019118
-0.000940401127764
-0.00334226555939
-0.000942401332288
-0.00355786520102
-0.00106578515327
-0.000365476764182
-0.00276144974975
-0.000942216073234
-0.00334402238954
-0.000951889872261
-0.0035670257753
-0.0010957518414
-0.000733310584895
-0.00132742648651
-0.001832726755
-0.0022987185847
-0.00281293693976
-0.00327938033881
-0.00377872467981
-0.000760818176175
-0.00136615431227
-0.00187606678912
-0.00235017093141
-0.00285954396066
-0.00333164870314
-0.00382580994659
-0.000787081303831
-0.00140363733537
-0.00191815830902
-0.00240037714525
-0.00290488898782
-0.00338265444914
-0.00387161609528
-0.000812098600123
-0.00143987358596
-0.00195899907976
-0.00244933454686
-0.00294896955292
-0.00343239477951
-0.00391618547912
-0.000835868760324
-0.00147486115577
-0.00199858692769
-0.00249704051612
-0.00299178325026
-0.00348086695841
-0.00396041772683
-0.000858390543063
-0.00150859819859
-0.00203691974105
-0.00254349249284
-0.00303332773745
-0.00352806831213
-0.00400336459247
-0.000885323383036
-0.00154108293075
-0.00207399547049
-0.00258868797741
-0.00307360073604
-0.00357399622984
-0.0040450236568
-0.000940343174731
-0.00157231363159
-0.00210981212963
-0.00263262453143
-0.00311260003207
-0.00361864816428
-0.00408539256731
-0.000994146652381
-0.0016022886439
-0.00214436779557
-0.00267529977841
-0.00315032347671
-0.00366202163243
-0.00412686244562
-0.00104673106837
-0.00163100637432
-0.00217766060939
-0.00271671140431
-0.00318676898683
-0.00370411421622
-0.00416944206326
-0.00109809372935
-0.00165846529385
-0.00220968877665
-0.00276014347014
-0.00322193454557
-0.00374492356312
-0.00421073029467
-0.00114823199686
-0.00168466393815
-0.00224045056786
-0.00281007872627
-0.00325581820285
-0.00378444738685
-0.00425072479614
-0.00120591820932
-0.00170960090798
-0.00226994431895
-0.0028587574386
-0.00328841807594
-0.00382268346793
-0.00428942329197
-0.00125359999746
-0.00175461246293
-0.00229816843171
-0.00290617697039
-0.00331973234998
-0.00385962965437
-0.00432682357513
-0.00130004981273
-0.00181017213506
-0.0023256207971
-0.002952334746
-0.00337355231611
-0.00389528386219
-0.00436292350786
-0.00134526524272
-0.00185571402437
-0.00237429463455
-0.00299722825159
-0.0034266719271
-0.00392964407605
-0.00439772102228
-0.0013892439331
-0.00190001064726
-0.002430492911
-0.00304097686692
-0.00347852846567
-0.0039737290107
-0.00443121412094
-0.00143198358817
-0.00194305965862
-0.00247666324349
-0.00308755910407
-0.00352911908287
-0.00402468548876
-0.00446340087745
-0.00147348197146
-0.00198485877377
-0.00252157807349
-0.00314165008767
-0.003578440991
-0.00407436460542
-0.00449427943693
-0.00151373690632
-0.00202540576902
-0.00256523498229
-0.00318569749205
-0.00362652797183
-0.0041227635765
-0.00452384801663
-0.00155274627643
-0.00206469848222
-0.00260763161299
-0.00322847381872
-0.00367448174587
-0.00416987968178
-0.00455210490637
-0.00207130504487
-0.00246420901972
-0.00274691216125
-0.00291824459247
-0.00297749156138
-0.00484603960623
-0.00500639883279
-0.00110308006161
-0.00162378833032
-0.00208820836466
-0.0024916781514
-0.00285047316894
-0.00319831692423
-0.00343080013389
-0.00354687664361
-0.00374463731
-0.0039704967605
-0.00636433378747
-0.00657536829427
-0.00260737020547
-0.00290084540849
-0.0024538960659
-0.00284867392984
-0.00313273678642
-0.00330489797594
-0.0033644323616
-0.00331108773131
-0.00347998233454
-0.00411305256193
7.83093054432e-06
-0.00250807435728
-0.00291372877247
-0.00329552383815
-0.00364538302115
-0.00387922349037
-0.00399598076433
-0.00421334184766
-0.00444059391723
-0.00454986702736
-0.00481124490363
-0.000711671558666
-0.00100718250966
-0.00281027178632
-0.00320681133057
-0.00349215263212
-0.00366509310718
-0.00372489776324
-0.00367131094349
-0.00384876590639
-0.00448480703535
-0.000366416030037
-0.000868561301132
-0.00127628280681
-0.00168119611163
-0.00406560680873
-0.00430073759732
-0.00441814211054
-0.00465525671003
-0.00488383764594
-0.00502401897649
-0.00532038892861
-0.00120527371025
-0.0015027431172
-0.0014806062767
-0.00187879027876
-0.00216532508902
-0.00399846839758
-0.00405852539662
-0.00400471245194
-0.00419074363992
-0.00482956485248
-0.000713506715113
-0.00123453205058
-0.00164419695361
-0.00207232190577
-0.00242590728241
-0.00266225757227
-0.00278027384694
-0.00303727503664
-0.00529975282983
-0.00550458344411
-0.00580286119571
-0.00614650708143
-0.00197121569639
-0.00178351623128
-0.00218322640284
-0.00247086628107
-0.00264520802265
-0.0027054986904
-0.00265147635463
-0.00284609021246
-0.00514696767409
-0.00569151240951
-0.00157296296857
-0.00198444163065
-0.00243584574554
-0.00279113060155
-0.00302862580002
-0.00314721645716
-0.00342421613534
-0.00365524766914
-0.00392540502471
-0.00422550566894
-0.00455295187727
-0.00241208277341
-0.00205922580619
-0.00246033187583
-0.00274898506494
-0.00292394460718
-0.0029844495624
-0.00293023520295
-0.00313342849276
-0.00377720470016
-0.00434044474205
-0.000123547982728
-0.000537918581079
-0.00277136972971
-0.00312823776228
-0.00336679963438
-0.0034859254601
-0.00378301327275
-0.004015158836
-0.0043512573463
-0.00465309035784
-0.00496402231249
-0.000675012503497
-0.000926436994165
-0.00132880817698
-0.00299938963476
-0.00317490917651
-0.00323560837645
-0.00318122367884
-0.00339297953814
-0.00403891539848
-0.00462078415916
-0.00515052880148
-0.000843150412822
-0.00131857903357
-0.00167690881031
-0.00191645564027
-0.00209200520004
-0.00414565634033
-0.00434643927371
-0.00474902598623
-0.00505249532178
-0.00534660996542
-0.0056733561035
-0.00114690992482
-0.00155041152485
-0.00184080389462
-0.00201682387921
-0.00207769667045
-0.00202315641689
-0.00362446518373
-0.00427233948506
-0.00487274696233
-0.00540424777164
-0.00111982596862
-0.00159700687894
-0.0019566721202
-0.00219711890203
-0.00243284495072
-0.00272790931498
-0.0029324059046
-0.00335831302064
-0.00542325802014
-0.00570026530044
-0.00604509179792
-0.00133940154073
-0.00174389531089
-0.00203500808715
-0.00221146736336
-0.00227249253775
-0.00221781573287
-0.00244662438604
-0.00309620965996
-0.00371504225681
-0.00562911910323
-0.00136763045599
-0.00184639184152
-0.00220726174447
-0.00244852040113
-0.00274481176097
-0.00304112642061
-0.00327068500527
-0.00369856668427
-0.00400499922393
-0.00426462356965
-0.00462756460018
-0.00150370606192
-0.00190905059394
-0.00220078113896
-0.00237761713565
-0.00243877299103
-0.00238397908217
-0.00270001298201
-0.00327231698037
-0.0039094374584
-0.00444387550038
-0.00494996926327
-0.00059834484978
-0.000960284452868
-0.00267036187414
-0.00302753865891
-0.0033249956334
-0.00357973737859
-0.00400943914159
-0.00431718841442
-0.0045591701858
-0.00494023606496
-0.000551718051982
-0.000957769193655
-0.00125001285982
-0.00142716177297
-0.00257635436908
-0.00256210590313
-0.00295083534927
-0.00342525763796
-0.00407470077039
-0.0046103099444
-0.00513920446351
-0.000788801225411
-0.00115167181112
-0.00139427896224
-0.00181258988821
-0.00211107718735
-0.0023910930316
-0.00429055177658
-0.00459950153355
-0.00482359843036
-0.00522277491919
-0.000659146120734
-0.00106575741731
-0.00135840787016
-0.00153580486097
-0.001597155325
-0.00167381664401
-0.0020852664928
-0.00252871311702
-0.0042106379636
-0.00474721807103
-0.00529880388304
-0.00578122449032
-0.00131309496191
-0.00161525463981
-0.0020358539907
-0.00233525593572
-0.00264060553347
-0.00307345880829
-0.00338348843448
-0.00358947684494
-0.00400672459249
-0.00565218548416
-0.00114496772869
-0.00143791728523
-0.00161549668754
-0.00167691043128
-0.00185409782377
-0.00227891511557
-0.00271849876355
-0.00325602101851
-0.0037665103648
-0.00434064911827
-0.00482391442452
-0.00144435715138
-0.00180725276996
-0.00222895884686
-0.00252915642656
-0.00285986725898
-0.00329404050191
-0.00360502537608
-0.00379270164975
-0.00422795578652
-0.00496594360208
-0.000412705042193
-0.00070584502145
-0.00166614768007
-0.00172760171141
-0.00201790797707
-0.00244363498256
-0.00287917045728
-0.00341783629161
-0.00384391604371
-0.00444044068392
-0.00492435755754
-0.000386404008372
-0.000810128267558
-0.00123277136394
-0.00269253573185
-0.00304860240109
-0.00348391832412
-0.00379573021786
-0.00398241574252
-0.00441808173838
-0.00498725439682
-0.000434127510944
-0.000727348593757
-0.000905093592144
-0.00105736736453
-0.00137015385164
-0.00257923888232
-0.00301054337471
-0.00355014788974
-0.00397349505778
-0.00451012979342
-0.00499450273326
-0.00535965093586
-0.000941466643283
-0.00136487357403
-0.00166629403326
-0.00204767775327
-0.00248395473052
-0.00279646224405
-0.0041424602782
-0.00457685121361
-0.00497977021079
-0.00538712801715
-0.000719796693599
-0.000897524317788
-0.00114100754426
-0.00147589505233
-0.00190296528941
-0.00232985903959
-0.00287019313614
-0.00329412080173
-0.00454963184548
-0.00503426368167
-0.00540093099536
-0.0010422105292
-0.00146620524286
-0.00176804834038
-0.00217467663526
-0.00261172934491
-0.00292479837583
-0.00311224186446
-0.00354515922803
-0.00450353135422
-0.00535066712526
-0.000683197817737
-0.000860841289261
-0.00119549751271
-0.00155240483672
-0.00197990401082
-0.00240221096293
-0.0029430648392
-0.003367405563
-0.00377629162134
-0.00426098423298
-0.00468782795288
-0.000277231658658
-0.00153663734785
-0.00183877490683
-0.00227054152445
-0.00270818162954
-0.00302167587028
-0.00320937574461
-0.00364062087144
-0.00443851378336
-0.00484534146142
-0.00513814905541
-0.000376563116224
-0.000752718683688
-0.00159959556449
-0.00202735973519
-0.0024449081794
-0.00298606926569
-0.00341065413018
-0.00375531206987
-0.0042450733379
-0.00473699372692
-0.00527159274883
-0.000741078316209
-0.00104338102714
-0.00150014607312
-0.0019381829345
-0.00308696586211
-0.00327483892254
-0.00370421379558
-0.00434482111927
-0.00475115965451
-0.00504361202511
-0.000372619276832
-0.000748755562992
-0.00114935635599
-0.00157722066512
-0.00198984386048
-0.00253109849718
-0.00342381435648
-0.00372987758634
-0.00426658096532
-0.00475864550067
-0.00527994594866
-0.000749480473377
-0.0010518183889
-0.00153340868237
-0.00197165009647
-0.00228557963765
-0.00247354198963
-0.00290085004762
-0.00422255609583
-0.00462825809083
-0.00492024821296
-0.000339581176511
-0.000715560674866
-0.00113777999897
-0.00156557924076
-0.00197311601252
-0.00251425020746
-0.00293881370111
-0.00324480726833
-0.00378958490725
-0.00474964616844
-0.0052574289743
-0.00568197987933
-0.00102907459149
-0.00153528424094
-0.00197353719474
-0.00228747508994
-0.00247544247931
-0.00290048942217
-0.00391078166334
-0.00431570366641
-0.00461555480514
-0.00526609867366
-0.000653162505744
-0.00109682317253
-0.00152439236711
-0.00192668767279
-0.00246748786191
-0.00289178592093
-0.00319758630714
-0.00375020950513
-0.00424195034823
-0.00473601376129
-0.00516025232599
-0.000475230232257
-0.00150577028558
-0.00194384172032
-0.00225764820788
-0.00244553636015
-0.00286813094276
-0.00263342951174
-0.00129044896254
-0.00341257062193
-0.000869276615324
-0.00387467941054
-0.00133759161836
-0.00391499085245
-0.00264577960802
-0.00130255830131
-0.00347309223157
-0.000939630471693
-0.00394317733949
-0.00138776560936
-0.00396370525995
-0.0026567993373
-0.00135530619708
-0.0035439819664
-0.00100880473763
-0.00401052340298
-0.00143679170107
-0.0040113052072
-0.00270124537722
-0.00142652474232
-0.00361366270664
-0.00107679601486
-0.00407671445591
-0.00149593018985
-0.00405778679954
-0.00277255077739
-0.00149650700486
-0.00368213085305
-0.00114360095049
-0.00414174739597
-0.00155911927434
-0.00410314804794
0.00195115801227
-0.00156524920267
-0.00374938285508
-0.00120921623778
-0.00420561916431
-0.00162117708246
-0.00414738700677
0.00188237816584
-0.00163274760571
-0.00381541521172
-0.00127363861691
-0.00426832674619
-0.00168210084177
-0.00419842759684
0.00181486694776
-0.00169899853683
-0.0038802244724
-0.00133686487571
-0.00432986717166
-0.00174188782162
-0.00425642440434
0.00174862818449
-0.00176399837277
-0.00394380723777
-0.00139889185044
-0.00439023751622
-0.00180053533385
-0.00431331324279
0.00168366564533
-0.00182774354502
-0.00400616016057
-0.00145971642652
-0.00444943490147
-0.00185804073323
-0.00436909169224
0.00161998304145
-0.00189023054075
-0.00406727994643
-0.00151933553925
-0.00450745649577
-0.00191440141813
-0.00442375737309
0.00155758402486
-0.00195145590376
-0.00412716335473
-0.00157774617457
-0.00456429951486
-0.00196961483101
-0.00447730794663
0.00149647218747
-0.0020114162353
0.000712685047501
-0.00163494536975
-0.00461996122252
-0.00202367845902
-0.00452974111549
0.00143665106007
-0.00207010819504
0.00065528389731
-0.00169093021413
-0.00467443893115
-0.00207658983451
-0.00458105462414
0.00137812411143
-0.00212752850189
0.000599128516206
-0.00174569784979
-0.00472773000245
-0.00212834653557
-0.0046312462593
0.00132089474728
-0.00218367393489
0.00054422192193
-0.00179924547226
-0.00477983184799
-0.00217894618659
-0.00468031385046
0.00126496630943
-0.00223854133407
0.000490567074545
-0.00185157033124
-0.00483074192982
-0.00222838645876
-0.00472825527029
0.00121034626577
-0.00229212294468
0.000438170600965
-0.00190266600591
-0.0048804558984
-0.00227666507059
-0.0047750684351
0.00115702944554
-0.00234442504449
0.000387027893047
-0.00195253730682
-0.00492897504379
-0.00232377699444
-0.00482075130527
0.00110502318417
-0.00239544000489
0.000337145458591
-0.00200117792478
-0.00497629512037
-0.00236972563291
-0.0048653018857
0.00105433055856
-0.0024451649182
0.000288526019453
-0.00204858533267
-6.15266638435e-05
-0.0024145060555
-0.00490871822619
-0.00317873616347
-0.00366970676189
-0.0041157494337
-0.00465096740647
-0.00510695823207
-0.0006206595129
-0.00112641862344
-0.00321795181028
-0.00370971194879
-0.00417000190368
-0.00469148756486
-0.00514841821588
-0.000660552313193
-0.00117304389384
-0.00326293526126
-0.00374859461348
-0.00422314220234
-0.00473087155582
-0.00518873629998
-0.000704677664105
-0.00121851781346
-0.00330774059872
-0.00378635309248
-0.00427516806309
-0.00476911765238
-0.00522791069696
-0.000756373288917
-0.00126283832202
-0.00335143419039
-0.00382298576722
-0.00432607726092
-0.00480622417408
-0.00526593966652
-0.000806930242265
-0.00130600340678
-0.00340075681634
-0.00385998650623
-0.00437586761282
-0.004850181162
-0.000302811383088
-0.000856348133467
-0.00134801110296
-0.00345072971888
-0.00391053452253
-0.00442453697826
-0.00490088121995
-0.000338544467328
-0.000904621029006
-0.00138885949418
-0.00349959499028
-0.00395996915113
-0.00447208325961
-0.00495045386798
-0.000373127189776
-0.000951748628879
-0.00142854857554
-0.00354735057395
-0.00400828828839
-0.00451850440261
-0.00499889694268
-0.000406558002337
-0.00099772881648
-0.00146707280344
-0.00359399445506
-0.00405548987297
-0.00456379839674
-0.00504620832461
-0.00043883540584
-0.00104255952171
-0.00150443227187
-0.00363952466098
-0.00410157188635
-0.00460796327572
-0.00509413962044
-0.000487340851049
-0.00108623872141
-0.00154062526222
-0.00368394112433
-0.00414653235316
-0.00465099711784
-0.00514406077623
-0.000547289473165
-0.00112876443985
-0.00159058007166
-0.00372723823277
-0.00419036934163
-0.00469289804645
-0.00519284997325
-0.000606114380532
-0.00117013474909
-0.0016421552949
-0.0037694160053
-0.00423308096401
-0.00473366423027
-0.00524050506701
-0.000663812992241
-0.00121034776947
-0.00169257837957
-0.003810472642
-0.00427466537691
-0.00477329388385
-0.00528702395764
-0.000720382769112
-0.00124940167001
-0.00174184702514
-0.00385040638712
-0.00431512078173
-0.00481178713056
-0.00533240459033
-0.000775823076877
-0.00128729466879
-0.00178995897784
-0.0038892155294
-0.00435444542505
-0.00484913855241
-0.000376634822969
-0.000830127736114
-0.00132402503337
-0.00183691203114
-0.00392689840242
-0.00439263759895
-0.00488534836624
-0.00041973482042
-0.000883296198643
-0.00136666630992
-0.00188270402628
-0.00396345338499
-0.0044296956414
-0.00492041497353
-0.000461688807579
-0.000935326097452
-0.0014181154295
-0.00192733285266
-0.00399887890146
-0.00447000144074
-0.0049543368234
-0.000502496776839
-0.000986215109847
-0.00146841563648
-0.00197079644841
-0.00403317342207
-0.00452386219515
-0.00500334172628
-0.000542156905125
-0.00103596095795
-0.00151756464913
-0.00201309280079
-0.00332530920707
-0.00245456601829
-0.00157746025102
-0.000694499531156
-0.00672762340112
-0.00586932356552
-0.00500624827432
-0.00334095423513
-0.00247066795699
-0.00159403887555
-0.000711574992099
-0.00674521603446
-0.00588745364023
-0.00502493566407
-0.00335587584892
-0.00248602546633
-0.00160985115643
-0.000727861280264
-0.0067619957444
-0.00590474612444
-0.00504275990003
-0.00337007378742
-0.00250063826177
-0.00162489678311
-0.000743358056407
-0.00677796215998
-0.00592120061223
-0.00505972053774
-0.00338354780211
-0.00251450607242
-0.00163917545997
-0.00344902006274
-0.00679311492801
-0.00593681671707
-0.005075817154
-0.00339629765709
-0.0025276286411
-0.00165268690631
-0.0034629368622
-0.00680745371313
-0.00595159407196
-0.00509104934693
-0.003408323129
-0.00254000572432
-0.00166543085638
-0.00347606322963
-0.0068209781978
-0.00596553232936
-0.00510541673596
-0.00341962400711
-0.00255163709233
-0.00167740705943
-0.00348839889104
-0.00683368808237
-0.00597863116132
-0.00511891896197
-0.0034302000933
-0.00256252252915
-0.00168861527969
-0.00349994358884
-0.00684558308512
-0.00599089025948
-0.00513155568725
-0.00344005120211
-0.00257266183256
-0.00169905529645
-0.00351069708182
-0.00685666294225
-0.0060023093351
-0.00514332659559
-0.00344917716071
-0.00258205481415
-0.00170872690404
-0.00352065914526
-0.00273751948056
-0.00601288811913
-0.00515423139231
-0.00345757780896
-0.0025907012993
-0.00171762991185
-0.00352982957087
-0.00274696832702
-0.00602262636219
-0.00516426980429
-0.00346525299941
-0.00259860112724
-0.00172576414438
-0.00353820816687
-0.00275560134445
-0.00603152383464
-0.00517344158001
-0.00347219980333
-0.00260575415103
-0.00173312944122
-0.00354579475796
-0.00276341834113
-0.00603958032659
-0.00518174648957
-0.0034784236866
-0.0026121602376
-0.00173972565711
-0.00355258918538
-0.00277041914339
-0.00604679564792
-0.00518918432474
-0.00348392174594
-0.00261781554245
-0.00434136288155
-0.00355859130692
-0.00277660359565
-0.00605316962834
-0.00519575489897
-0.00348869388475
-0.00262272741083
-0.00434642056027
-0.00356380099691
-0.00278197156045
-0.00605870211735
-0.00520145804741
-0.00349274001917
-0.00262689202601
-0.00435070601912
-0.00356821814626
-0.00278652291845
-0.0060633929843
-0.00520629362695
-0.00349606007809
-0.00263030931046
-0.00435422476138
-0.00357184266245
-0.00279025756845
-0.0060672421184
-0.00521026151623
-0.00349865400317
-0.00263297920054
-0.00435697392362
-0.00357467167559
-0.00279317542739
-0.0060702494287
-0.00521336161563
-0.00350195467633
-0.00263490164653
-0.00435895345156
-0.00357671071429
-0.00279527643037
-0.00607241484417
-0.00521559384732
-0.00191144327651
-0.00491070578042
-0.0031936977193
-0.00470038959055
-0.00302343871626
-0.00612317876339
-0.00265500272022
-0.00192296932445
-0.00492237151621
-0.00320549725601
-0.00471231618574
-0.00303548476237
-0.00613533579087
-0.00266726141482
-0.00193387462945
-0.00493340900694
-0.0032166613624
-0.00472360052808
-0.00304688214217
-0.00614683819382
-0.00267886002716
-0.00194415905122
-0.00494381810716
-0.00322718988795
-0.00473424246213
-0.00305763069552
-0.00615768580765
-0.00268979838851
-0.00197027262288
-0.00495359867965
-0.0032370826907
-0.00474424184131
-0.00306773027137
-0.00616787847711
-0.00270007633967
-0.00201389569578
-0.00496275059548
-0.0032463396372
-0.0047535985278
-0.00307718072775
-0.00617741605624
-0.00270969373101
-0.00205690973501
-0.00497127373393
-0.00325496060255
-0.00476231239262
-0.00308598193174
-0.00618629840846
-0.00271865042248
-0.00209931419711
-0.00500540093401
-0.00326294547041
-0.00477038331564
-0.00309413375957
-0.0061945254065
-0.0027269462836
-0.00214110854568
-0.00504767499867
-0.00327029413297
-0.00477781118554
-0.00310163609654
-0.00620209693248
-0.00273458119349
-0.00218229225139
-0.00508933168761
-0.00327783036098
-0.00478459589986
-0.00310848883708
-0.00620901287788
-0.00274155504091
-0.0022228647921
-0.00513037046071
-0.00331931276811
-0.00479073736498
-0.00311469188473
-0.00621527314355
-0.00274786772418
-0.00226282565279
-0.00517079078523
-0.00336017029446
-0.00479623549615
-0.00312024515217
-0.00622087763974
-0.00275351915126
-0.00230217432565
-0.00521059213587
-0.00340040239773
-0.00481171888929
-0.0031251485612
-0.00622582628605
-0.00275850923976
-0.00234091031013
-0.00524977399479
-0.00344000854328
-0.00485172491858
-0.00312940204277
-0.00623011901151
-0.00276283791688
-0.00237903311289
-0.00528833585165
-0.00347898820421
-0.00489109836038
-0.00313300553698
-0.00162714000257
-0.00276650511949
-0.00241654224792
-0.00532627720362
-0.00351734086138
-0.00492983867985
-0.00315659066507
-0.001630120711
-0.0027695107941
-0.00245343723652
-0.00536359755546
-0.00355506600342
-0.00496794535012
-0.00319505291383
-0.00163244534206
-0.00277185489684
-0.00248971760735
-0.00540029641949
-0.0035921631268
-0.00500541785242
-0.00323287526903
-0.00163411386239
-0.00277353739352
-0.00252538289643
-0.00543637331568
-0.00362863173585
-0.00504225567603
-0.00327005720568
-0.00166593706637
-0.00277455825958
-0.00256043264722
-0.00547182777163
-0.00366447134278
-0.00033368272506
-0.00330659820709
-0.00170278923148
-0.00277491748014
-0.00259486641059
-0.00550665932265
-0.00369968146773
-0.000369249691629
-0.00334249776499
-0.00173899465312
-0.00277896198808
