-0.0037363574231
-0.00126553070743
0.00120511502693
-0.00302555670177
-0.00049971587245
-1.54345615654e-05
-0.00198725158571
-0.00371167809062
-0.00124084227276
0.00122978872915
-0.00300092143902
-0.000475142425018
-0.00257847654053
-0.00196286960617
-0.00368635796393
-0.00121551281089
0.00125510308146
-0.00297564651014
-0.000449930893972
-0.00255335184164
-0.00193785444576
-0.00366039739188
-0.00118954267105
0.00128105773525
-0.00294973226216
-0.000424081623721
-0.00252759156773
-0.00191220644093
-0.00363495516985
-0.00116293221107
0.00130765233334
-0.00292317905058
-0.00039759496713
-0.00250119606807
-0.00188592593641
-0.00361288603649
-0.00113568179731
0.00133488651001
-0.00289598723942
-0.000370471285495
-0.00247416570024
-0.00185901328517
-0.00359017567631
-0.00110779180463
0.00136275989106
-0.00286815720116
-0.000342710948517
-0.00244650083017
-0.0018314688484
-0.00356682440222
-0.00107926261643
0.00139127209379
-0.00283968931672
-0.000314314334281
-0.00241820183207
-0.00180329299547
-0.00354283253574
-0.00105009462453
0.00142042272706
-0.00281058397544
-0.000285281829227
-0.00238926908844
-0.00177448610394
-0.00351820040698
-0.00102028822923
0.00145021139128
-0.00278084157506
-0.000255613828124
-0.00235970299001
-0.00174504855949
-0.00097067957986
-0.000989843839235
0.00148063767848
-0.00275046252165
-0.000225310734047
-0.00232950393576
-0.00171498075596
-0.000944767951168
-0.000958761871632
-0.00293664934664
-0.00271944722966
-0.000194372958345
-0.00229867233283
-0.00168428309523
-0.0009182171019
-0.000930391110062
-0.00290494907089
-0.00268779612182
-0.000162800920618
-0.00226720859655
-0.00165295598728
-0.000891027396327
-0.000903199036113
-0.00287261244623
-0.000481150814197
-0.000130595048686
-0.00223511315038
-0.00162099985014
-0.0008631992072
-0.000875368423948
-0.00283963991397
-0.000448229375969
-9.77557785632e-05
-0.00220238642591
-0.00158841510981
-0.000834732915722
-0.000846899654869
-0.00280603192366
-0.000414673439673
-6.42835544254e-05
-0.00216902886279
-0.00155520220032
-0.000805628911521
-0.000817793118607
-0.00277178893309
-0.000380483460994
-3.01788285831e-05
-0.00213504090874
-0.00152136156363
-0.000775887592628
-0.000788049213294
-0.00273691140826
-0.000345659903776
4.55793854956e-06
-0.00210042301951
0.000326845888571
-0.000745509365447
-0.000757668345442
-0.00270139982331
-0.000310203239995
3.99262784849e-05
-0.00206517565883
0.000361940622097
-0.00071449464473
-0.000726650929907
-0.00266562801527
-0.000274113949726
7.5925714693e-05
-0.0020292992984
0.000397661709487
-0.000682843853546
-0.000694997389869
-0.00263400203567
-0.000237392521112
0.000112555762633
-0.00199279441786
0.000434008677246
-0.000658273884244
-0.00160160315861
-0.00261718659903
-0.00370441011943
7.96815724649e-05
-0.00179131043807
-0.0028645042228
-0.000586120644192
-0.00152816570605
-0.0025424793014
-0.00362845457561
0.000156855863425
-0.00171295541743
-0.00278501554639
-0.000513329226362
-0.0014540801684
-0.00246711419764
-0.0035518317443
0.000234703832877
-0.00163391509509
-0.00270483315611
-0.000439900679039
-0.00137934764836
-0.00239109244595
-0.00347454283993
0.000313229797887
-0.00155419079812
-0.00262395843439
0.00101307642133
-0.00130396925576
-0.00231441521189
-0.00339658908447
0.000392429685815
-0.00147378386158
-0.00254239277185
0.00108777605545
-0.00122794610743
-0.00223708366827
-0.00331797170742
0.000472302210287
-0.00139269562848
-0.00246013756724
0.00116310963339
-0.00115127932714
-0.00215909899509
-0.00323869194563
-0.00438882321543
-0.000640010117449
-0.00237719422731
0.00123907607987
-0.00107397004554
-0.00208046237942
-0.0031587510433
-0.00430760930735
-0.000557566145325
-0.00229356416671
0.00131567431305
-0.000996019400087
-0.00200117501536
-0.00307815025182
-0.00422572666715
-0.000474442158133
-0.00220924880788
0.00139290324459
-0.00091742853494
-0.00192123810393
-0.00299689082976
-0.00414317661108
-0.000390642323487
-0.00212424958092
-0.00337609073422
-0.00083819860091
-0.00184065285302
-0.00291497404268
-0.00405996046264
-0.000306168022441
-0.00203856792354
-0.00332673083142
-0.000758330755372
-0.00175942047725
-0.00283240116314
-0.00397607955244
-0.000221020643364
-0.00195220528088
-0.00327671532616
-0.000677826162196
-0.00167754219797
-0.00274917347055
-0.00389153521818
-0.000135201581829
-0.00186516589945
-0.00322604495467
0.000602045673842
-0.0015950192431
-0.00266529225112
-0.00380632880447
-4.87122405201e-05
-0.00177744565107
-0.00317472046171
0.00065423289096
-0.0015118528471
-0.00258075879774
-0.0037204616628
3.8445970874e-05
-0.00168904879662
-0.00312274260048
0.000707083766861
-0.00142804425085
-0.00249557440989
-0.00363393515141
0.000126271635758
-0.00112903212979
-0.00308619620538
0.000760597501732
-0.0013435947016
-0.00240974039361
-0.00354675063522
0.000214763330731
-0.00103928649201
-0.00305125131858
0.000814773287039
-0.00128392238379
-0.00232325806132
-0.0034589094857
0.00030391962569
-0.000948868690713
-0.00301564302723
0.000869610305582
-0.00122819716717
-0.00223612873182
-0.00337041308081
-0.00457377254762
-0.000857780220314
-0.00297936999813
0.000925107731559
-0.00117180161776
-0.00214835373014
-0.0032812628049
-0.00448329136931
-0.000766022581846
-0.00294243649524
0.00098126473062
-0.00111473661006
-0.00207746724297
-0.0031914600486
-0.00439214992055
-0.000673597282844
-0.00653044734472
-0.00475811117407
-0.00311168822974
-0.00301673990222
-0.00141234394738
-0.00112735819212
-0.00447089537757
-0.00399926802169
-0.00260501476916
-0.00206378526433
-0.000807823118578
-0.00506374549464
-0.00390435989791
-0.00301581935193
-0.00196961341417
-0.00106832483984
-0.00507980888311
-0.00418866035263
-0.00321879243714
-0.0022945266784
-0.00134299822198
-0.00439806182191
-0.00449403148277
-0.00284760673012
-0.00275292385096
-0.00114905819231
-0.00570112687368
-0.00420944341653
-0.00373910344124
-0.00230488476899
-0.00169022543015
-0.00541131155578
-0.00469531397696
-0.00353891979757
-0.00265362664247
-0.00155814336435
-0.000660495811742
-0.00468975877341
-0.00378911420086
-0.0028483966632
-0.00189678195272
-0.00094470753004
-0.00411123293493
-0.0042069145714
-0.00256048786412
-0.00246609191176
-0.000862799472663
-0.00541572253581
-0.00392516707663
-0.00345621893608
-0.00202364415203
-0.00137444319192
-0.00501860588307
-0.00430545729738
-0.00315220446561
-0.00227032212119
-0.00117757932879
-0.00525968572874
-0.00431744392544
-0.00336948795198
-0.00246020962863
-0.00151208020603
-0.000526864680194
-0.00387286649679
-0.00389696660368
-0.00225053686832
-0.00215645243661
-0.00539003899182
-0.00510761457934
-0.00361826932789
-0.00315081458292
-0.00172000381328
-0.00107282306022
-0.00468782276505
-0.00389442830635
-0.0027444609773
-0.00173645815392
-0.000777229844351
-0.0048511790629
-0.00392474207157
-0.00294971758056
-0.00205211219995
-0.00110762139066
-0.0051380829129
-0.00373133641444
-0.00367597697902
-0.00191798394321
-0.00182422380698
-0.00505846944234
-0.00477702192834
-0.00328896660002
-0.00195038838207
-0.00139417355846
-0.00509865321603
-0.00436655686158
-0.003194594503
-0.0023159457178
-0.0013116618643
-0.000356422228674
-0.00444778059792
-0.00353373797951
-0.00257629072462
-0.00162433461059
-0.000700482569792
-0.00475676251342
-0.00356640224009
-0.00351113856593
-0.0017145471541
-0.00489333216724
-0.00470458493727
-0.00331031456575
-0.00293748806421
-0.00160059706075
-0.00104637562226
-0.00475313873847
-0.00402359808039
-0.00285444444086
-0.00195717658482
-0.000866502323032
-0.00491481298416
-0.00403681641387
-0.00313506659568
-0.00218282386136
-0.00125082543978
-0.00532826825874
-0.00438780195252
-0.00337818525846
-0.00167596040956
-0.00152673299162
-0.00470599442401
-0.00437020848051
-0.0029354562483
-0.00256407489002
-0.00122896308865
-0.00562146368369
-0.00438601563745
-0.00365917110128
-0.00249298100391
-0.00159892289416
-0.000494756462057
-0.00445385103847
-0.00360581925998
-0.00271802380492
-0.00176953701863
-0.000866485377403
-0.0049364270441
-0.00399935710205
-0.00316682285394
-0.00146471975909
-0.0013158210589
-0.00449561528546
-0.00416056158342
-0.00261988244973
-0.00216897575734
-0.000835735437038
-0.00523044324859
-0.003997524308
-0.00327351128188
-0.00211043408877
-0.00121974813516
-0.00511859499561
-0.0040698072073
-0.00315503551201
-0.0022812481257
-0.00136848069085
-0.000472190890922
-0.00453648999963
-0.00359163830904
-0.00293246802032
-0.00123049929745
-0.00585118806042
-0.00426234564893
-0.00392810014231
-0.00238844248486
-0.00187229388649
-0.00536578943903
-0.00481818551884
-0.00358791527069
-0.00286686396159
-0.00170704341518
-0.000819886029826
-0.00472250958284
-0.00366547458218
-0.00268806617139
-0.00185129766916
-0.000976872523469
-0.00508384551835
-0.00412906623361
-0.00316485562903
-0.00274083218835
-0.000973466805433
-0.00559455166462
-0.00400635129416
-0.00367298824829
-0.00213444599702
-0.00161963649902
-0.00508801540515
-0.00439739331515
-0.00315744471636
-0.00208476440697
-0.00128305784492
-0.00526929181304
-0.00430614124264
-0.00325327910782
-0.00231673979466
-0.00149405487724
-0.000593486752469
-0.00468130631446
-0.00373743784249
-0.00279551891235
-0.00256882583352
-0.00553212815374
-0.0053153179688
-0.00372781231413
-0.00339540417547
-0.00185806897837
-0.000471992415115
-0.00481476740745
-0.00353092927293
-0.00275711595045
-0.0016369116984
-0.000838734694359
-0.00482879150469
-0.00386973442561
-0.00283060238337
-0.00193660518705
-0.00111685989593
-0.00521945332491
-0.00428394821975
-0.00335036354501
-0.00241282127173
-0.000726733748528
-0.00533742667327
-0.00373912390587
-0.00342692250738
-0.00198167798408
-0.00155950085516
-0.00511960143508
-0.00451956003778
-0.00323775995068
-0.00246620320245
-0.00125699570756
-0.000374336250338
-0.00436835634537
-0.00348078555092
-0.00250703926796
-0.00154200715119
-0.000719924165182
-0.0048258257725
-0.00389360916517
-0.00294518774628
-0.00201108535953
-0.00527805995467
-0.0051198848362
-0.00352214478369
-0.00317975764284
-0.00165973808613
-0.00123894386934
-0.00480070512476
-0.00420258896703
-0.00292296383907
-0.00215381557834
-0.000947232869063
-0.00502408880704
-0.00401735793406
-0.00313368609624
-0.00216310803434
-0.00120927196324
-0.000303466977541
-0.00441281345005
-0.00348502271617
-0.00255888500814
-0.00159051435253
-0.00503743931084
-0.00487965615353
-0.00328253458172
-0.00294098720231
-0.00139500573733
-0.00579991589111
-0.00446013533894
-0.0038640617127
-0.00258674434374
-0.0018201519911
-0.000616355157093
-0.00468021056567
-0.00367029548275
-0.00276625339465
-0.00179900750447
-0.000856474718474
-0.00492617627014
-0.00398063768601
-0.00307473839694
-0.00216499527358
-0.00118181160927
-0.00477426522566
-0.0046169085517
-0.00302045995557
-0.00267982637273
-0.00113499194776
-0.00551816466513
-0.00409811464291
-0.00350419700237
-0.00222931590648
-0.00146542219779
-0.00525794641244
-0.00420792327751
-0.003302795764
-0.00236645745791
-0.00142562213808
-0.000483815693381
-0.00455672705929
-0.00355489811988
-0.00265851247939
-0.00175218841766
-0.000772637331326
-0.00448872034279
-0.00433182380677
-0.00273610131762
-0.00239645372535
-0.000852857042862
-0.00523750925897
-0.00379992890828
-0.0025281108555
-0.00185090336991
-0.000735127769502
-0.00488546317368
-0.00383876825181
-0.00291507419518
-0.00195900904781
-0.0010387655453
-0.00509149314876
-0.00416776845778
-0.00316950176188
-0.00222345269902
-0.00132067515699
-0.000355705331005
-0.00418100060804
-0.00402459694259
-0.00242965224251
-0.000977199078773
-0.00545209366129
-0.00410362844325
-0.00349927907079
-0.00221410334688
-0.00145174132748
-0.00533231424721
-0.00449250876918
-0.00344929926357
-0.00250735477839
-0.0015470235203
-0.00063225348952
-0.00467973305605
-0.00375950611308
-0.00276495147329
-0.00179240290716
-0.000890323308812
-0.00500569643457
-0.00385131463112
-0.00234833337266
-0.00210131884149
-0.000649990080399
-0.00512629636296
-0.00377951887668
-0.00317712013936
-0.00189414323371
-0.00112254586135
-0.00491574353715
-0.00407931623744
-0.00303974350124
-0.00207986951546
-0.00112334816129
-0.00520630275009
-0.00425843412105
-0.00333215844124
-0.00238169677627
-0.00145215762765
-0.000518545989037
-0.00463683309426
-0.00355465027391
-0.00199745713922
-0.00175131910996
-0.00520448422836
-0.00477898175578
-0.0034339914075
-0.00283365842884
-0.00155301040951
-0.000783988181107
-0.00457200801504
-0.00367185525913
-0.0026214660238
-0.00166497859983
-0.000680287925032
-0.00479707477535
-0.00389818305422
-0.00292450649041
-0.00201927075697
-0.00109275737319
-0.00512797514734
-0.00424930219558
-0.0033644701051
-0.00171783814325
-0.00137988225283
-0.00483430156728
-0.00441037400775
-0.00306726688996
-0.00246911100152
-0.00119091771071
-0.00540158684217
-0.00421558588514
-0.00330308204472
-0.00225292598876
-0.0012875104765
-0.000258864123752
-0.0044142111156
-0.0035184772508
-0.00256224332433
-0.00163773246329
-0.000714381347191
-0.00471880440402
-0.00384329282589
-0.00315189061856
-0.0015058972778
-0.00596897088867
-0.00444298296311
-0.00402070763786
-0.00267957641872
-0.00208370503213
-0.000808087942018
-0.00468329058809
-0.00383870874936
-0.00279130117697
-0.00186437250384
-0.000902431282272
-0.00489308308427
-0.00401840159879
-0.00311951747416
-0.00218630069596
-0.0012372785125
-0.00531722608296
-0.00432510284628
-0.00341900598178
-0.000634499313657
-0.00185549170989
0.000673047075291
0.000200559732129
-0.00117230385759
0.00143467366404
-0.00287169463976
-0.000631665609389
-0.00185264278382
0.000675908611579
0.000203431158246
-0.00116942534918
0.0014444757876
-0.00286160467741
-0.000648243239338
-0.00184914076808
0.000679426127586
0.00020695710537
-0.00116588697133
0.00144801934198
-0.00285085409821
-0.000667227535333
-0.00184498571248
0.000683599572853
0.0002111449731
-0.00116168877541
0.00145222367938
-0.00283944305872
0.00264520637425
-0.00184017767608
0.000688428887521
-0.00375531376882
-0.00115683082234
0.0014570887386
-0.00282737172506
0.00262751698665
-0.00183471672722
0.000693914002334
-0.0037498097014
-0.00115131318262
0.00146261444883
-0.00281464027289
0.00261047543006
-0.00182860294353
0.000700054838641
-0.00374364764859
-0.00114513593632
0.00146880072967
-0.00280124888743
0.00259408194375
-0.00182183641188
0.000706851308405
-0.000802021650473
-0.00113829917303
0.00147564749111
-0.00278806174469
0.002578336758
-0.00181441722841
0.000714303314207
-0.000794543903225
-0.00113080299192
0.00148315463356
-0.00278055121252
0.00256324009408
-0.0018139161125
0.000722410749255
-0.000786408465875
-0.0011226475017
0.00149132204782
-0.00277238011082
0.00254879216424
-0.00182842333356
0.000731173497389
-0.000777615455789
-0.00111383654589
0.00150014961516
-0.00016262910322
0.00253499317169
-0.00184227896586
0.000740591433092
-0.00076816499979
-0.00110436280167
0.00150963720724
-0.000153137228783
0.00252184331061
-0.00185548281283
0.000750664421498
-0.000758057234145
-0.00109423013161
0.00151978468619
-0.000142985170289
0.00250934276611
-0.00186803468707
0.000761392318401
-0.000747292304556
-0.00108343868249
0.00153059190458
-0.000132173075364
-0.00131410052195
-0.00187993441038
0.000772774970266
-0.000735870366153
-0.00107198861058
0.00154205870545
-0.000120701101185
-0.0013253019143
-0.00189118181374
0.00078481221424
-0.00072379158348
-0.00105988008166
-0.00264804684248
-0.000108569414463
-0.00133584976396
-0.00190177673737
0.000797503878163
-0.000711056130483
-0.00104711327094
-0.00263526138563
-9.57781914388e-05
-0.00134575137278
-0.00191171903069
0.000792569853464
-0.000697664190499
-0.00103368836313
-0.00262181687429
-8.23276178649e-05
-0.00135500287585
-0.00192100855235
0.000783251137474
-0.00068361595624
-0.00101960555236
-0.00260771722875
-6.82178889937e-05
-0.00136360414269
0.00120611048789
0.000774587373578
-0.000668911629785
-0.00100486504221
-0.00259295520287
-5.34492095632e-05
-0.00137155505196
0.00119812689658
0.000766578685784
-0.000653551422557
-0.00098946704565
-0.00257753473588
-3.80217937824e-05
-0.000449958067919
-0.000994166487519
-0.00159943548007
-0.00227832207613
0.00167709335661
-0.000936917172814
-0.00175089141733
-0.000423245517098
-0.000956311091392
-0.00157151776171
-0.00224979449923
0.00170623192371
-0.000887610566206
-0.00171369551602
-0.000395828285309
-0.00092827897813
-0.00154286413461
-0.00222051523947
0.00173613795745
-0.000837533819871
-0.00167570312142
-0.0003677068299
-0.000899527133494
-0.00151347512042
-0.0021904848532
0.00176681086523
-0.000670488695888
-0.00163691504921
-0.000338881619554
-0.000870056058196
-0.00148335125367
-0.00215970391046
0.00179825003991
-0.000618874735097
-0.00159733213099
-0.000309353134255
-0.000839866264993
-0.0014524930817
-0.00212817299494
0.00183045485982
-0.000566493727058
-0.00155695521422
0.00196708289841
-0.000808958278643
-0.00141017791652
-0.00209589270394
0.00186342468886
-0.000516412456051
-0.0015157851621
0.00198650193093
-0.000777332635856
-0.00137785282723
-0.00206286364827
0.00189715887654
-0.000475367770402
-0.0014738228535
0.00199777902467
-0.000744989885252
-0.00134479515126
-0.00202908645224
0.00193165675808
0.00117081565028
-0.00131321310505
0.00200976453622
-0.000711930587312
-0.00131100548676
-0.00199456175359
0.00196691765442
0.00120680982625
-0.00126966898237
0.00202245826482
-0.000678155314331
-0.00127648444447
-0.00195929020341
0.00200294087231
0.00124358170383
-0.00122533533295
0.00203585999792
-0.000654929281471
-0.00124123264763
-0.00192327246609
0.00203972570441
0.00128113053111
-0.00118021309741
0.00204996951121
-0.000640514120638
-0.00120525073196
-0.00187561460781
-0.00263236629458
0.00131945554127
-0.00113430323157
0.00206478656866
-0.00062537616402
-0.00116853934559
-0.00183810654234
-0.00259406041231
0.00135855595268
-0.00108760670635
0.00208031092247
-0.000609515675813
-0.00113109914898
-0.00179985436215
-0.00255499512196
0.00139843096901
-0.00104012450768
0.00209654231319
0.00149062751918
-0.00110392485383
-0.00176085878421
-0.00251517118668
0.00143907977923
-0.000991857636372
0.00211348046964
0.00150793222812
-0.00108625117529
-0.00172112053851
-0.00247458938338
0.00148050155777
-0.000942807108053
-0.00239228814681
0.00152595860133
-0.00106784055798
-0.00168064036795
-0.00242219942901
0.00152269546456
0.000516081712103
-0.00237393731897
0.00154470632488
-0.00104869333629
-0.00163941902828
-0.00238010427513
0.00156566064511
0.000566696448918
-0.00235488060874
0.00156417507246
-0.00102880985777
-0.00160815882861
-0.00233725366586
0.00160939623063
0.000618091708141
-0.00233511833376
0.00158436450543
-0.00100819048311
-0.00158710866672
-0.00229364843242
0.00165390133806
0.000670266416003
-0.0015664639957
-0.00482801055548
-0.00594966916372
-0.00330476877598
-0.00229898204074
-0.00133812898688
-0.00509466398752
-0.00160037828439
-0.000682991296753
-0.00598462676219
-0.00334012468197
-0.00233464045388
-0.00137398622258
-0.00513061098167
-0.00163321261203
-0.000716367317682
-0.00601847203436
-0.00337435592593
-0.00236916484393
-0.00140870328626
-0.00516541502881
-0.00166496568509
-0.000748644667395
-0.00605120356458
-0.00504955224343
-0.00240255370907
-0.00144227865107
-0.00519907459071
-0.00169563625067
-0.000779822030407
-0.0060828199815
-0.00508152981649
-0.0024348055944
-0.00147471083778
-0.00523158817707
-0.00172522309677
-0.000809898134072
-0.00421098090969
-0.00511237847249
-0.00246591909216
-0.0015059984151
-0.00526295434589
-0.00365660706222
-0.000838871748832
-0.0042403631646
-0.00514209688536
-0.00249589284211
-0.00153613999998
-0.00529317170374
-0.00368402299797
-0.000866741688473
-0.00426862646076
-0.00517068377567
-0.00252472553177
-0.00156513425793
-0.0053222389061
-0.00371035182575
-0.000893506810357
-0.00429576960676
-0.00519813791088
-0.00422794809618
-0.0015929799033
-0.00535015465767
-0.00373559249933
-0.000919166015659
-0.00432179145682
-0.00522445810558
-0.00425449492036
-0.00161967569954
-0.00071554764381
-0.00375974401445
-0.000943718249588
-0.00434669091103
-0.0052496432218
-0.00427989703628
-0.00164522045954
-0.000741156806014
-0.00378280540905
-0.000967162501602
-0.00437046691555
-0.0052736921692
-0.00430415332533
-0.0016696130458
-0.00076561092943
-0.0038047757634
-0.00294366495557
-0.00439311846289
-0.00529660390532
-0.00432726271796
-0.00169285237074
-0.000788908918265
-0.00382565420035
-0.00296489039015
-0.00441464459207
-0.00531837743583
-0.00434922419399
-0.00341935642868
-0.000811049727246
-0.00384543988547
-0.00298500507869
-0.000155794109767
-0.00369691968363
-0.00437003678278
-0.00344028616909
-0.000832032361847
-0.00386413202719
-0.00300400818963
-0.000175066706797
-0.00371641401338
-0.00438969956345
-0.00346005968724
-0.000851855878514
-0.00388172987703
-0.00302189893658
-0.000193211283873
-0.00373476744522
-0.0044082116651
-0.00347867609747
-0.000870519384875
-0.00389823272967
-0.00303867657852
-0.00221232287167
-0.00375197917929
-0.00442557226699
-0.00349613456514
-0.000888022039938
-0.00391363992314
-0.00305434041992
-0.00222820913747
-0.0037680484648
-0.00444178059872
-0.00351243430677
-0.00263224955226
-0.00392795083894
-0.00306888981091
-0.00224296520698
-0.00378297460019
-0.0044568359404
-0.00352757459024
-0.00264742818821
-0.00394116490215
-0.00308232414741
-0.00225659045004
-0.00379675693331
-0.00447073762283
-0.00354155473498
-0.00266144376001
-0.00390201322489
-0.00283466949704
-0.00535623800459
-0.00453605635943
-0.00355021833136
-0.00240640068439
-0.00440115076506
-0.00393247970745
-0.00286501844201
-0.00538638498474
-0.00456592196281
-0.00357972984034
-0.00243549333624
-0.00442976855845
-0.00396183987508
-0.00289426525646
-0.00541543702671
-0.00459470265309
-0.0036081690599
-0.00246352864223
-0.00445734596181
-0.00399009251708
-0.00292240874356
-0.00544339295725
-0.00462239728939
-0.00363553488905
-0.00249050554736
-0.00448388197069
-0.00401723646671
-0.00294944774997
-0.00547025164581
-0.00464900477237
-0.00366182626693
-0.00251642303512
-0.00450937561736
-0.00404327060149
-0.0029753811661
-0.00549601200473
-0.00467452404445
-0.00368704217302
-0.0025412801277
-0.00657849439211
-0.0040681938434
-0.00300020792634
-0.00552067298948
-0.00147960291758
-0.00371118162732
-0.00468784408708
-0.00660190055884
-0.00409200515912
-0.00302392700926
-0.00554423359887
-0.00150294276319
-0.00585828407813
-0.00471057761151
-0.00662426168213
-0.00411470356023
-0.00304653743785
-0.00556669287525
-0.00372904620996
-0.00588026785193
-0.00473224804125
-0.00664557694274
-0.00413628810341
-0.00306803827966
-0.00771081810562
-0.00375020290491
-0.005901172479
-0.00475285455502
-0.006665845559
-0.00415675789066
-0.00528691151066
-0.00773107201811
-0.0037702667344
-0.00592099714328
-0.00477239637107
-0.00668506678685
-0.00635543203977
-0.00530619056098
-0.00775022198774
-0.0037892368955
-0.00593974107011
-0.00479087274732
-0.00670323992007
-0.00637366980323
-0.00532435749668
-0.00776826723284
-0.0038071126283
-0.00595740352636
-0.00480828298155
-0.00672036429033
-0.00639079039034
-0.00534141156554
-0.00778520701618
-0.00382389321609
-0.00597398382064
-0.00482462641146
-0.00673643926738
-0.00640679308606
-0.00535735206082
-0.00780104064507
-0.00383957798549
-0.00598948130333
-0.00483990241485
-0.0067514642591
-0.00642167722147
-0.00537217832135
-0.00781576747156
-0.00385416630662
-0.00600389536681
-0.00485411040971
-0.0034492067084
-0.00290132539169
-0.00538588973172
-0.0078293868925
-0.00386765759316
-0.0060172254455
-0.00486724985435
-0.00346213010637
-0.00291397058501
-0.00539848572241
-0.00784189834974
-0.00388005130255
-0.00602947101601
-0.00487932024749
-0.00347400197274
-0.00292549548947
-0.00540996576986
-0.00466172312824
-0.00389134693603
-0.00604063159724
-0.00489032112836
-0.00348482186908
-0.00293589962201
-0.00542032939664
-0.00467201716398
-0.00390154403877
-0.00605070675047
-0.00490025207679
-0.00349458939561
-0.00294518254631
-0.00542957617148
-0.00468120183241
-0.00391064219996
-0.00292016670222
-0.00490911271327
-0.00350330419124
