0.00252947108534
0.000987594442292
0.00242086315164
6.23978990159e-05
-0.00175580514965
-0.000311938815222
0.00116123587799
-0.00039998585028
0.00101800979705
0.00245262286035
9.47171933387e-05
-0.00171787442725
-0.00027336583484
0.00120885607403
-0.000378150796497
0.00104628582889
0.00248242464895
0.000126888759497
-0.00167927078317
-0.00023410892843
0.00125241710878
-0.000355681950402
0.00107520486731
0.00251186381117
0.000156845736123
-0.00163999480939
-0.000194168718175
0.0012930093635
-0.000332579614399
0.00110476651026
0.00254195690534
0.000187467909587
-0.00160004710748
-0.000153545836312
0.00133429501206
-0.00030884409922
0.00113470967077
0.00257270349843
0.000218754823781
-0.00155942828857
-0.000112240925086
0.00137627338067
-0.000284475723898
0.00115951928367
0.0026041031484
0.000250706013132
-0.00152680660705
-7.02546366987e-05
0.00141894378516
-0.000259474815752
0.00118497272021
0.00263615540424
0.000283321002626
-0.00149363409383
-2.75876332577e-05
0.00146230553097
-0.000233841710362
0.00121106962636
0.002668859806
0.000316599307852
-0.00145978721287
1.57594132723e-05
0.00150635884457
-0.000207576751546
0.00123780963939
0.0027022158848
0.000350540435028
-0.00142526648347
5.97858211222e-05
0.00155110114824
-0.00018068029134
0.00126519238791
0.00273260689906
0.000385143881046
-0.00139007243473
9.96258508671e-05
0.001596532648
-0.000153152689975
0.00129321749192
0.00276112870847
-0.00282243371957
-0.00135420560547
0.000136085409764
0.00164265260844
-0.000124994315847
0.00132188456281
0.0027903036499
0.00093170133927
-0.00131766654426
0.000173227970266
0.00168946028407
-9.62055455007e-05
0.00135119320337
0.00282013130481
0.000968288630404
-0.00128045580931
0.00021105294633
0.00173695491939
-6.67867635989e-05
0.00138114300787
0.00285061124566
0.0010046934807
-0.00124257396846
0.000249559741836
0.0017841938856
-3.67383628999e-05
0.00141173356204
0.00288174303596
0.00103636327137
-0.00120402159914
0.000288747750632
0.00182400426414
-6.06074423062e-06
0.00144296444313
0.00291352623027
0.00106869546379
-0.00116479928832
0.000328616356577
0.00186450565451
2.52456835395e-05
0.00147483521989
0.00294596037426
0.00110168957986
-0.00112490763247
0.000369164933596
0.0019056974007
5.71805035254e-05
0.00150734545268
0.00297904500472
0.00113534513217
-0.0010843472375
0.000410392845721
0.00194757883641
8.86312011853e-05
0.00154049469341
0.00301277964961
0.00116966162403
-0.00104743348783
0.000452299447141
0.00199014928505
0.00011529570642
0.00157428248566
0.00304716382809
0.00120463854951
-0.00101187030306
0.000494884082255
-0.00152147814719
-0.000652214672758
-0.00136406648333
0.00167176626739
0.000842194877857
-0.00311902416626
-3.27391549501e-05
-0.000961984745323
-0.00060634786251
-0.00131771428612
0.00172274900586
0.000898327183574
-0.00306056299462
2.82299456292e-05
-0.000898310793133
-0.000560883519253
-0.0012705446844
0.00177174516323
0.000951273726263
-0.00300783298314
8.07052644784e-05
-0.000846135866197
-0.000514630905814
-0.0012225587539
0.00182158619529
0.000995708569839
-0.00296155748459
0.00012896261291
-0.000795741445089
-0.000467591002296
-0.00117375758706
0.00186516019791
0.00104102739058
-0.00291436318981
0.000178176002784
-0.000751685602796
-0.000419764803818
-0.00112671464976
0.00190958452484
0.00108722898214
-0.00286625145849
0.000228343895727
-0.000708244393742
-0.000371153320413
-0.0010831276847
0.00195485808277
0.00113431211695
-0.00281722367403
0.000271949684713
-0.000663800767378
-0.000326711331135
-0.00103872276538
0.00200097975946
0.00118227554633
-0.00276728124326
0.000315466548795
-0.000618356243417
-0.000283120512491
-0.000993500903037
0.00204794842378
0.00123111800072
-0.00272410344157
0.000359942297894
-0.000571912372623
-0.0002387418764
-0.000947463125781
0.00209576292592
0.00128083818975
-0.00268053272802
0.000405375540285
-0.000524470736552
-0.000193576360412
-0.000900610478517
-0.0017154778406
0.00132360960904
-0.00263604335072
0.00045176485706
-0.000476032947295
-0.000147624917173
-0.000852944022807
-0.0016663709241
0.0013672167395
-0.00259063658756
0.000499108802342
-0.00042660064721
-0.00010088851433
-0.000804464836762
-0.00162358928787
0.00141170529787
-0.00254431374037
0.000547405903505
-0.000376175508658
-5.33681344306e-05
-0.000755978781691
-0.00157995969797
0.00145707410767
-0.00249707613469
-0.00341279146781
-0.000324759233724
-5.06477482223e-06
-0.000713153686564
-0.00153548322135
0.00150332197133
-0.00244892511959
-0.00336259257864
-0.00027235355395
4.28368849139e-05
-0.000669512822313
-0.00149016094382
0.0015504476703
-0.00239986206754
-0.00331144510975
-0.000218960230045
8.56942608506e-05
-0.000625057176732
-0.00144399396991
0.00159844996522
-0.00234988837413
-0.0032593506385
-0.000164581051609
0.000129337434771
-0.000579787754424
-0.00139698342279
0.00164732759607
-0.00229900545796
-0.00320631076788
-0.000109217836845
0.000173765490037
-0.00053370557668
-0.00134913044409
0.00169707928234
-0.00224721476041
-0.00315232712628
-5.28724322659e-05
0.000218977494988
-0.000486811681376
-0.0013004361938
0.00174770372318
-0.00219451774544
-0.00309740136719
4.4532875971e-06
0.000264972503037
-0.000439107122856
-0.00125090185009
0.00179919959756
-0.0021409158994
-0.00304153516901
6.27574204905e-05
-0.00966273570611
-0.00738863607061
-0.00867616768577
-0.00630655985122
-0.00407444361404
-0.00885988368546
-0.00682975856826
-0.00690669935472
-0.00489155339564
-0.00439802768532
-0.0073863031753
-0.00596879601249
-0.00493779736103
-0.00388896158025
-0.00287932544353
-0.00683853619953
-0.0058431614642
-0.00482649526146
-0.0038229883473
-0.00277324012889
-0.00679143946733
-0.00915809770812
-0.0069359139301
-0.00821170293098
-0.00588501496135
-0.00361072034123
-0.00835607259103
-0.00631851077296
-0.00637396439737
-0.00430276371871
-0.00376039959272
-0.00674345897565
-0.00535300595767
-0.00432142512817
-0.00327475707577
-0.00226029184625
-0.00625627670352
-0.00522034633447
-0.00422085790945
-0.00321801724239
-0.00710157000213
-0.00618301497476
-0.00871919158806
-0.00648132274583
-0.00773417422241
-0.00540863378861
-0.0072485055625
-0.00785614335428
-0.00578421588389
-0.00580891410153
-0.00372937774902
-0.00798121719437
-0.00615898840898
-0.00475960569855
-0.00374610021728
-0.00267001353964
-0.00661895091677
-0.00565006874114
-0.00463432587736
-0.00361756142341
-0.00259133226519
-0.00648594582926
-0.00554085199897
-0.00834726056854
-0.00601763029438
-0.00728468419688
-0.00872066719886
-0.00669503423442
-0.00729186030331
-0.00521405540493
-0.00523829600246
-0.0079313457973
-0.00738036978198
-0.00555000635412
-0.00414904098266
-0.00312510094201
-0.00706296711831
-0.00600644885815
-0.00503340382739
-0.00400570242208
-0.00300706018459
-0.00698830047985
-0.00591895474663
-0.00495741305687
-0.00791755484053
-0.00557859805217
-0.00678579343819
-0.00819476122107
-0.00612946403129
-0.00666665591576
-0.00458258679543
-0.00460633996653
-0.00730471902544
-0.00676446137219
-0.00494477563041
-0.00391692416486
-0.00251909159737
-0.00643894349827
-0.00539946139613
-0.00441433594693
-0.00340852632692
-0.00235563207364
-0.00638376293686
-0.00535333707322
-0.00434422053417
-0.00743874604656
-0.00510417580692
-0.00986368584803
-0.00761543808031
-0.0055306912861
-0.00605339460946
-0.00392119033069
-0.0084864064073
-0.00662062759265
-0.00609160874413
-0.00428800916356
-0.00332897594342
-0.00690985794278
-0.00582857947593
-0.00479484833822
-0.00375974260687
-0.00279737390737
-0.00677133701712
-0.00577083340578
-0.00474659501853
-0.00373986348726
-0.00699676640626
-0.00460021377032
-0.00934966449303
-0.00706696476196
-0.00496455149783
-0.00550015172032
-0.00337500247097
-0.00793758210256
-0.00604630263138
-0.00549708199075
-0.00367857858348
-0.00270366527943
-0.006275692484
-0.00518032303687
-0.00415902675347
-0.00319160230915
-0.00718681348256
-0.00617719590512
-0.00515437732564
-0.00413601069216
-0.00311983009639
-0.0065386170379
-0.00778892741659
-0.00894483227962
-0.00665104399853
-0.00448511787972
-0.00492635316774
-0.00733978621847
-0.00733275884457
-0.00544656040365
-0.00490700822154
-0.00310211254028
-0.00704958060182
-0.00567618129934
-0.00458058298186
-0.00360271595162
-0.00258346732587
-0.00654850480562
-0.0055641869912
-0.00451345573899
-0.00350225970401
-0.00251729831464
-0.00951766627543
-0.00733766109969
-0.00848202912379
-0.00617588216908
-0.0040003341063
-0.00874983391403
-0.00678555125426
-0.00669301782667
-0.00479146768737
-0.00426209753873
-0.00741836528132
-0.00642798290389
-0.00506307793086
-0.00398236600372
-0.00299725092453
-0.00695873973757
-0.00596501000139
-0.00493145791382
-0.00391918701401
-0.00290493862926
-0.00690958372443
-0.00907189588955
-0.0068348424332
-0.00796345670379
-0.00564384984706
-0.00345784187946
-0.0082005053177
-0.0062334523272
-0.00614240233403
-0.00418229071066
-0.0036450640768
-0.00681264957583
-0.0058203737464
-0.00444994933763
-0.0033978768054
-0.00238539380906
-0.00637502035184
-0.00535307531562
-0.0043358098732
-0.00331808832658
-0.00230161949369
-0.00629041351792
-0.00860393521956
-0.00627973022293
-0.00739145593601
-0.00505745245133
-0.00717484301924
-0.00759565981979
-0.00562566029973
-0.00553618940387
-0.00358208113254
-0.00782250959584
-0.00617132308773
-0.00520856884857
-0.00382029582902
-0.00277664316185
-0.0067717481003
-0.00575247510026
-0.00474425015494
-0.00373459382314
-0.0027041185064
-0.00670460959959
-0.00568470369357
-0.0080878639229
-0.00572941605767
-0.00676845551718
-0.00441928820579
-0.00652494588444
-0.00693811822906
-0.0049650240115
-0.00487720860214
-0.00292939827182
-0.00720335852481
-0.00554758364017
-0.00461475232688
-0.00323542398204
-0.007174895447
-0.00616374960222
-0.00514519726286
-0.00413777175395
-0.0031222623826
-0.00707063990127
-0.00608563639519
-0.0050627584254
-0.00761240022047
-0.00533332760548
-0.00631648832851
-0.00789642927117
-0.00584472967767
-0.00625339059689
-0.00429176982402
-0.00422012535439
-0.00713842148607
-0.00660525508428
-0.00495943564102
-0.00399805492572
-0.00261571626382
-0.00656811707604
-0.0055554950976
-0.00453892568052
-0.00351355720849
-0.00251296641284
-0.00646308559977
-0.0054797853327
-0.00444842901383
-0.00721644845536
-0.00492553914841
-0.00968146803795
-0.00746976587938
-0.00541190116413
-0.00570848474621
-0.00372480515779
-0.0083150873446
-0.00656415733068
-0.006014958166
-0.00435220864211
-0.00338661588671
-0.00699419287678
-0.00592498980028
-0.0049303331374
-0.00393139408713
-0.00291362808776
-0.00689602004969
-0.0058681320659
-0.00486138937144
-0.00383768498087
-0.00676964495442
-0.00446566417941
-0.00921014118587
-0.00698909821756
-0.00751516814799
-0.00521718429112
-0.00313360733188
-0.00769778573526
-0.00595195804489
-0.00541151549627
-0.00374786689776
-0.00277409089468
-0.00640590710339
-0.00531859456808
-0.00430830874001
-0.00331787668956
-0.00230568297361
-0.00627707542264
-0.00527212720582
-0.00425988961336
-0.00323897324743
-0.00627362487125
-0.00773863181242
-0.00868756253908
-0.00645643060918
-0.00697518975894
-0.00467305092039
-0.00724952841508
-0.00706625560946
-0.00529103648156
-0.00475974139485
-0.00310859540648
-0.00710797951371
-0.00579602522082
-0.00472777632119
-0.00370588036771
-0.00270654127034
-0.00669060154949
-0.00567243441874
-0.00466025304923
-0.00364117409676
-0.00261886615892
-0.0057718813254
-0.00718000246059
-0.00811573258284
-0.00587387017776
-0.00638486443249
-0.0085284166023
-0.00665397501931
-0.00647351756692
-0.00462544770869
-0.00406201376674
-0.00738169777402
-0.00647348287236
-0.00518246817337
-0.00411943034583
-0.00310446494861
-0.00707419227272
-0.00608407717645
-0.00506278258589
-0.00405157552532
-0.00303718360048
-0.00701824225974
-0.00890054131559
-0.00662392191352
-0.00749672483159
-0.00524359510885
-0.00574644771754
-0.00788537953151
-0.00601008031691
-0.00583257123378
-0.00399110188121
-0.00338976681561
-0.00671447562423
-0.00583718525954
-0.00457320622871
-0.00351508736291
-0.00250014709501
-0.00648591399912
-0.00546788891199
-0.00445788435977
-0.00344103164929
-0.00240225611824
-0.00641024039644
-0.00838473662005
-0.00609589430025
-0.00691384357579
-0.00462998779517
-0.00932235186177
-0.00721812064076
-0.00532113897778
-0.00514573030637
-0.00335589522829
-0.00770892150372
-0.00617695918814
-0.00526663375045
-0.00396308868593
-0.0029343258558
-0.00688065928319
-0.00587672821518
-0.00486171295726
-0.00383975526572
-0.00282548942711
-0.00678502648887
-0.00579689072256
-0.00782354256602
-0.00552174068036
-0.0063651468305
-0.00407214642282
-0.00875801732272
-0.00665024479544
-0.00475284540178
-0.00456039287942
-0.00275436127552
-0.00711481814414
-0.00559302227187
-0.0046826977568
-0.00332963655287
-0.00232800423302
-0.00626253325049
-0.00526290549981
-0.00424511554381
-0.00322468513968
-0.00721371644979
-0.00619474115005
-0.00519027835547
-0.00727173824561
-0.00496120836998
-0.00582724466558
-0.00768580629388
-0.00814697806658
-0.00603548106447
-0.00413764246548
-0.00394805708215
-0.0069738092828
-0.00647572919037
-0.00496455783209
-0.00406729507491
-0.00269748051963
-0.00671341688189
-0.00566904532862
-0.00464522001393
-0.00363356094367
-0.00260659217444
-0.00660067822966
-0.00558953598047
-0.00456466220808
0.00244970838473
0.0039440507906
0.00124703965994
0.000252427125161
0.000726560297344
0.00227433415394
0.000839090165927
0.0024205197404
0.00391426957744
-0.00130860442524
0.000221445009107
0.000694974081294
0.00224365509257
0.000807830928253
0.00239196943303
0.00388513941337
-0.00133832024036
0.000191139658587
0.000664077543221
0.00221367936872
0.000777288049714
0.00236405785419
0.00385666071413
-0.00136737174154
0.000161511541365
0.000633871178601
0.002184407482
0.000747462058626
0.00233678538701
0.00382883388655
-0.00139575849707
0.000132561115172
0.0016918533921
0.00215583992076
0.000718353471407
0.00231015240611
0.00380165932843
-0.0014234800848
0.000104288827664
0.00166302881834
0.00212797716203
0.000689962792531
0.00228415927765
0.00377513742857
-0.0014505360921
7.66951163942e-05
0.00163489584065
0.00210081967149
0.000662290514487
0.00309204762822
0.00374926856675
-0.00147692611592
4.97804087762e-05
0.00160745491186
0.00319551290851
0.000635337117736
0.00306733526889
0.00372405311365
-0.00150264976284
2.35451220519e-05
0.001580706474
0.00316825204168
0.000609103070667
0.00304326380915
0.00369949143089
-0.00152770664905
-2.0103367403e-06
0.00155465095835
0.00314169716113
0.000583588829561
0.00301983358088
0.00367558387095
-0.00155209640042
-2.68855707966e-05
0.00152928878534
0.000197707749084
0.00055879483855
0.00299704490735
0.00451252079618
-0.0015758186525
-5.10801935787e-05
0.00150462036454
0.000172566164444
0.00166567961732
0.00297489810318
0.00448992250273
-0.00159887305057
-7.45938288434e-05
0.00148064609463
0.000148131866444
0.00164232741011
0.00295339347433
0.0044679793346
-0.00162125924965
-9.74261106714e-05
0.00145736636336
0.000124405265487
0.00161969671211
0.00293253131807
0.001905292978
-0.000798921127803
-0.000119576683496
0.00143478154754
0.000101386760393
0.00159778791849
0.00291231192297
0.00188466099856
-0.000819969933084
-0.00014104520213
0.00141289201296
7.90767383671e-05
0.00157660141209
0.00289273556887
0.00186468506399
-0.00084034956317
-0.000161831331792
0.00139169811443
5.74755749655e-05
0.00155613756336
0.00287380252687
0.00184536546228
-0.000860059712315
-0.000181934748135
0.00137120019569
3.65836340649e-05
0.00153639673038
0.00285551305929
0.00182670247213
-0.000879100084639
0.000669474310836
0.00135139858942
1.6401267832e-05
0.0015173792588
0.00283786741969
0.00180869636288
-0.000897470394153
0.000650737252322
0.00133229361719
-3.071183306e-06
0.0014990854818
0.00282086585283
0.00179134739456
-0.000915170364775
0.000632683817331
0.00131388558945
-2.18333906902e-05
0.00148151572009
-0.000399185840875
0.0022477679935
-0.00184847267661
-0.00242513061339
0.000223371569365
-0.000428679186689
-0.00113924048286
-0.000439422656003
0.00220595138157
-0.0018919903069
-0.00247048384427
0.000176032996995
-0.000478170041597
-0.00119107005935
-0.000478847686422
0.00216497722679
-0.00193463260933
-0.00251492646395
0.000129642968386
-0.000526671511307
-0.00124186621766
-0.000517460049929
0.00212484651809
-0.00197639847097
-0.00255845721473
8.42029110488e-05
-0.000574181968103
-0.0012916270928
-0.000555258881267
0.00208556022556
-0.0020172867999
-0.00260107486246
3.9714226042e-05
-0.000620699814066
-0.00134035085343
-0.000592243332217
0.00204711930031
-0.00205729652541
-0.00264277819672
-3.82171223973e-06
-0.00066622348133
-0.00138803570222
-0.000628412571695
0.00200952467437
-0.00209642659811
-0.002683566031
-4.64035562711e-05
-0.000710751432338
-0.00143467987612
-0.000663765785843
0.00197277726059
-0.00213467599003
-0.00272343720282
-8.80299855984e-05
-0.000754282160097
-0.00148028164669
-0.000698302178113
0.00193687795248
-0.00217204369483
-0.00276239057396
-0.000128699707039
-0.00079681418842
-0.00152483932044
-0.000732020969365
0.00190182762419
-0.00220852872787
-0.00280042503056
-0.000168411454876
-0.000838346072174
-0.00156835123908
-0.000764921397943
0.00186762713032
-0.00224413012635
-0.00283753948329
-0.000207163991053
-0.000878876397516
-0.00161081577986
-0.000797002719768
-0.00141568178299
-0.00227884694944
-0.00287373286752
-0.000244956105359
-0.000918403782127
-0.00165223135586
-0.000828264208415
-0.00144818012274
-0.0023126782784
-0.00290900414346
-0.000281786615615
-0.000956926875444
-0.00169259641626
-0.000858705155196
-0.0014798261823
-0.0023456232167
-0.0029433522963
-0.000317654367853
0.000581307802559
-9.46331846079e-05
-0.000888324869241
-0.00151061918613
-0.00237768089013
-0.00156367593727
-0.00219065092869
0.000544797215378
-0.000132892707229
0.000361735022955
-0.000218741561736
-0.00104460536747
-0.00159617490013
-0.00222458981673
0.000509294778423
-0.000170097281274
0.000333759775346
-0.000247826207507
-0.00107488597843
-0.00162774784678
-0.00225756265588
0.000474801713031
-0.000206245503144
0.000306607725425
-0.000276055591237
0.00244348382098
-0.00165839386376
-0.00228956840675
0.000441319207706
-0.000241336006702
0.000280279492044
-0.000303429017912
0.00241498349861
-0.00168811206326
-0.00232060605903
0.000408848417919
-0.000275367463535
0.000254775675871
-0.000329945812877
0.00238737447334
-0.00171690158328
-0.00235067463159
0.000377390465907
-0.000308338583196
0.000230096859321
-0.000355605321909
0.00236065748313
-0.00174476158773
-0.0023797731727
0.000346946440487
-0.000340248113441
-0.00547486115558
-0.00444581723722
-0.00339775964929
-0.00237502537177
-0.00633848022792
-0.00562533850199
-0.00458385375868
-0.0055167912079
-0.00448283506916
-0.00344025744079
-0.00241427886666
-0.0063708128264
-0.00565990309418
-0.00461797979224
-0.00555729667125
-0.00451938863083
-0.00348192817164
-0.00245735085898
-0.00640121730253
-0.00569316691539
-0.00464978345671
-0.00559637474916
-0.00455671084999
-0.00352196473977
-0.00249866129372
-0.00643527873791
-0.00572432103113
-0.00467925895518
-0.00563402273679
-0.0045925029007
-0.00356036350862
-0.00253820580455
-0.00647820293096
-0.00575878440008
-0.00470640089786
-0.0056702380218
-0.00462676194392
-0.00359712098026
-0.00257598019832
-0.00651921137949
-0.00580319478544
-0.00473465701299
-0.00570501808525
-0.00465948525565
-0.00363223379694
-0.00261198045713
-0.00655829895758
-0.00584550998758
-0.00478128914676
-0.00573836050248
-0.00469067022796
-0.00366569874257
-0.00264620274047
-0.0065954607624
-0.00592691513619
-0.00487158619172
-0.00577026294392
-0.00472031437002
-0.00369751274421
-0.00271615659488
-0.00666820532483
-0.00596502125348
-0.00491359712526
-0.0058007231759
-0.00478026735374
-0.00376191853581
-0.00274681212526
-0.00670150178176
-0.00600101405556
-0.00495512358134
-0.00586268932744
-0.00482491155928
-0.00379572755125
-0.00277567924261
-0.00673285912473
-0.00603488809202
-0.00500208754599
-0.00590709035123
-0.00486802952937
-0.00384200250218
-0.00280275483517
-0.00676378062416
-0.00607255250655
-0.00504673510258
-0.00595006183884
-0.00490961783782
-0.00388664077445
-0.00282803597776
-0.00680065361298
-0.00611124517779
-0.00508905805599
-0.00599160079554
-0.00494967317023
-0.00392963828192
-0.00285151993329
-0.00683558861949
-0.00614951315641
-0.00512904860209
-0.0060317043185
-0.00498819232535
-0.0039709910758
-0.00288007317281
-0.0068685811999
-0.00618565876175
-0.00516669933468
-0.00607036959773
-0.00502517221626
-0.00397644968396
-0.00292940464013
-0.00689962714499
-0.00621967647246
-0.00520200325222
-0.00610759391709
-0.00506140642194
-0.00401450176226
-0.0029769705558
-0.00693659461392
-0.00625156107473
-0.00524008553815
-0.00614337465519
-0.00509911539066
-0.00405089812182
-0.00302276583549
-0.00698197273286
-0.00596219976487
-0.00528546487908
-0.00617770928628
-0.00513528106613
-0.00408563538021
-0.00306678556567
-0.00702542015123
-0.00598980375833
-0.00532850657148
-0.00621059538119
-0.00516990052928
-0.00411949497079
-0.00310902500617
-0.00706773463509
-0.00603433241088
-0.00536920258312
-0.00624474999079
-0.00520619349077
-0.00416180783436
-0.00314947959264
-0.00711171165908
-0.00607767671691
-0.00540754528564
-0.0022156341453
-0.00387112072051
-0.00548432537521
-0.00708267067424
-0.00369301383458
-0.00527858280741
-0.00690112089644
-0.00227552756603
-0.00390013460576
-0.00551625177254
-0.00711868212199
-0.00372514538908
-0.0053193636467
-0.00693403583223
-0.00230314179462
-0.00392808164025
-0.00554709240857
-0.00715358955294
-0.00375614710039
-0.0053589993416
-0.00696577358904
-0.00232970864754
-0.00395496075336
-0.00558204555279
-0.00718739152753
-0.00378601763353
-0.00539748812608
-0.0069963326824
-0.00235522714475
-0.00398420370971
-0.00562033517426
-0.0072200866494
-0.00381475570025
-0.00543482828173
-0.0070257116806
-0.00237969634371
-0.00402490539154
-0.00565754302845
-0.00225236971324
-0.00384236005928
-0.00547101813815
-0.00706228867641
-0.00240311533961
-0.00406454824366
-0.00569366763931
-0.002286319263
-0.00386882951662
-0.00550605607328
-0.00709880586168
-0.00242548326546
-0.00410313075614
-0.00572870757119
-0.00232118998352
-0.00389416292579
-0.00553994051382
-0.00713414655671
-0.00244679929233
-0.00414065145665
-0.00576266142911
-0.00235995844827
-0.00391835918805
-0.0055726699355
-0.00716881801546
-0.00246706262942
-0.00417710891077
-0.00579552692774
-0.00239762210661
-0.00396225142289
-0.00560424286348
-0.00720453790109
-0.00248627252429
-0.00421250172226
-0.00582730461693
-0.0024341793994
-0.00400519398623
-0.00564093253917
-0.00726294682581
-0.00250442826292
-0.0042468285333
-0.00585799229402
-0.00246962881051
-0.00404701286294
-0.00567658439836
-0.00229785340307
-0.00253415138717
-0.00428008802478
-0.00588758872944
-0.00250396886708
-0.00408770625517
-0.00571237705267
-0.00233301867211
-0.00256566896027
-0.00431227705387
-0.00591737266141
-0.0025371981399
-0.00412727240977
-0.00574759242107
-0.00237038268756
-0.00259613858973
-0.00434575591432
-0.00595724963558
-0.00257255960719
-0.00416570961865
-0.00580551875801
-0.00240656717704
-0.00262555914733
-0.0043792961187
-0.00599604187202
-0.00260768900178
-0.00420301621917
-0.00583848164741
-0.00244157043525
-0.00265439087927
-0.00441176666947
-0.00603374782116
-0.00264170591426
-0.00423919059446
-0.00587070353746
-0.00247539080942
-0.0026851276633
-0.00444316631209
-0.00607036597399
-0.00267461078622
-0.00427440708973
-0.00590434008917
-0.00250802669968
-0.00271481539626
-0.00447349383156
-0.00610600503265
-0.00270640130943
-0.00433453034186
-0.00593924817171
-0.0025396767839
-0.00274345204389
-0.0045027480526
-0.00614136599213
-0.0027370761515
-0.00436965090005
-0.00597299647513
-0.00257119201779
-0.00277103654085
-0.0045309278399
-0.00617563564027
-0.00276663402475
-0.00440594913706
-0.00600558346485
-0.00260746258875
