0.000336526415535
0.00289321553089
0.000750678668159
0.000932259927629
0.00413318109722
0.00213292224971
0.000345878384738
0.000309288010498
0.0028658184445
0.000723239064735
0.000904895598277
0.00410600696195
0.00211874359188
0.000331888858089
0.000283392411811
0.00283977186553
0.000697152031795
0.000878880186767
0.00408017251331
0.00210589873863
0.00031921541161
0.00490126117211
0.0028150773914
0.000672419174175
0.000854215284817
0.00313562434175
0.0020943884535
0.000307858778719
0.0048780558167
0.00279173653893
0.000649042015746
0.000830902403831
0.00311247386437
0.00208421342121
0.000297819617092
0.00485619773927
0.00276975074389
0.000627021998956
0.000808942974437
0.00309066751377
0.00119249162255
0.000289098508475
0.00483568827071
0.00274912136053
0.000606360484382
0.000788338346054
0.00307020661144
0.00117711649061
0.000281695958512
0.0048165286614
0.00272984966123
0.000587058750318
0.00076908978648
0.00305109239893
0.00115821278264
-0.000572648311552
0.0047987200808
0.00271193683603
0.000569117992379
0.000751198481503
0.00303332603743
0.00114064218854
-0.000577412532381
0.00478226361712
0.00269538399234
0.000552539323133
0.000734665534539
0.00301690860745
0.00112440575358
-0.000580857135575
0.00476716027701
0.00268019215453
0.000537323771761
0.00501968210213
0.0030018411085
0.00110950444462
-0.000582981921131
0.00341974867645
0.00266636226368
0.000523472283733
0.00500586885028
0.00298812445877
0.00109593914987
-0.000587533256666
0.00340735427552
0.00265389517723
0.000510985720522
0.0049934167692
0.00297575949484
0.00108371067855
-0.000601068505173
0.00339631552561
0.0013442555879
0.00049986485933
0.00498232662967
0.00296474697146
0.00107281976072
-0.000613285863255
0.00338663310419
0.00133451634688
0.000490110392852
0.00497259911867
0.00295508756129
0.00106326704703
-0.000624184622046
0.00337830760587
0.00132614197843
0.00048172292906
0.00496423483915
0.00294678185472
0.00105505310853
-0.000633764148754
0.00337133954222
0.00131913300317
-0.000784038141905
0.00495723430985
0.00293983035967
0.00104817843649
-0.000642023886853
0.00336572934157
0.00131348985703
-0.000789690116231
0.00495159796512
0.00293423350143
0.00104264344227
-0.000648963356236
0.00336147734893
0.00130921289113
-0.000793973774064
0.00360168796907
0.00292999162256
0.00103844845719
0.00343696099212
0.00335858382586
0.00130630237166
-0.000796888847959
0.00359878095842
0.00292710498275
0.00103559373243
0.00343266319412
0.0033570489504
0.00130475847982
-0.000798435155878
0.00359723892795
0.00163148893415
0.00103407943897
0.00342968664533
-0.00127254656752
0.000416325189003
-0.000914042788034
-0.0028580678394
-0.000999020028442
0.000865885311579
-0.00385074070518
-0.00130493354284
0.000382943891284
-0.00113614400426
-0.00289309279823
-0.00103462410624
0.00082990479842
-0.00388687445663
-0.00133584154554
0.000351085927444
0.00207667897927
-0.00292652130145
-0.00106860602929
0.000795563126421
-0.00392136257846
-0.00136526829439
0.000320753793904
0.00204553516637
-0.00295835046826
-0.00110096277261
0.000762863416789
-0.00395420190972
-0.00139321161313
0.000291949872591
0.00201595964657
-0.00298857754926
-0.00113169144889
0.000731808648864
-0.00399640045985
-0.00141966943127
0.000264676430015
0.00198795487221
-0.00301719992758
-0.00116078930978
0.000702401658793
-0.00212774609019
-0.0014446397848
0.00023893561639
0.00196152317008
-0.0032297308516
-0.00118825374706
0.000674645138245
-0.00215562152669
-0.001468120817
0.000214729464795
0.00193666674051
-0.00325513650972
-0.00121408229385
0.000648541633203
-0.00218183697805
-0.00202409249343
0.000192059890379
0.00191338765644
-0.0032789304208
-0.00123827262564
0.000624093542805
-0.0022063900143
-0.00204458974505
0.00017092868961
0.00189168786256
-0.00330111050881
-0.00126082256138
0.000601303118253
-0.00222927835524
-0.00206359275517
0.00015133753957
0.0018715691745
-0.00332167483533
-0.00128173006444
0.000580172461789
-0.00225049987154
-0.00208110010246
0.000133287997292
0.0018530332781
-0.00334062160037
-0.00130099324349
0.00056070352573
-0.00227005258566
-0.00209711047586
0.000116781499146
0.00183608172869
-0.00335794914315
-0.00151329728402
0.000542898111573
-0.00228793467282
-0.00211162267506
0.00010181936027
0.00182071595043
-0.00337365594284
-0.0015292667266
0.000526757869167
-0.00230414446183
-0.00212463561098
-0.000477327726918
0.00180693723574
-0.000632843740019
-0.00154358705138
0.000512284295953
-0.00231868043582
-0.00213614830615
-0.000489197689329
0.00179474674475
-0.000645305054065
-0.00155625695619
0.000499478736269
-0.00233154123304
-0.00214615989506
-0.000499520079426
0.0017841455048
-0.000656141908517
-0.00156727528781
0.000488342380731
-0.00234272564741
-0.00215466962455
-0.000508294071739
0.00177513441002
-0.000665353348349
-0.00157664104247
0.000275315693562
-0.00235223262913
-0.002161676854
-0.000515518964162
0.00176771422095
-0.000672938561188
-0.00158435336632
0.000267520700581
-0.00236006128515
-0.00216718105567
-0.000521194178228
0.00116297576522
-0.000678896877676
-0.0015904115558
0.000261397556087
-0.00236621087962
-0.00217118181481
-0.000525319259347
0.00115873913331
-0.000683227771763
-0.00159481505796
0.000256946830993
-0.00237068083419
-0.00213596156334
-0.00206308807151
-0.00195406081594
-0.0018923802129
-0.00179879676419
-0.00171727907381
-0.00162729577652
-0.00153773746971
-0.0063619794585
-0.00627011503345
-0.00630017430536
-0.00623157994015
-0.00606455396576
-0.00603674008759
-0.00592409332985
-0.00580851796562
-0.0057599371943
-0.00572126888775
-0.00558464848929
-0.00553390322058
-0.00540064249109
-0.00271987312672
-0.00264571570161
-0.0025815444665
-0.00247587766704
-0.0023816882829
-0.00229412269779
-0.00220356642824
-0.00210485820984
-0.00192800447343
-0.00187755722865
-0.00190781805331
-0.00183876394687
-0.00168852787773
-0.00167411030021
-0.0015606740331
-0.0014706778628
-0.00638636288134
-0.00634742883513
-0.00620987135123
-0.00615936603007
-0.00604881642415
-0.00328238447764
-0.00324381315796
-0.00321100075255
-0.00307749976505
-0.00294324735471
-0.00284957979932
-0.0027584630282
-0.00265051411786
-0.0024725884652
-0.00246410034856
-0.00249455837525
-0.00242505445535
-0.00230555079954
-0.00229103460678
-0.00217682354542
-0.00211278866097
-0.00200309071367
-0.00195307232506
-0.0018145961647
-0.00178815836371
-0.00167684338395
-0.00382308836622
-0.00385258812384
-0.00381955047985
-0.00368513475364
-0.00348306839194
-0.00338324857897
-0.00329158672119
-0.00317431183201
-0.0029953449198
-0.00302933823002
-0.00305998874337
-0.00299004576933
-0.00294763791455
-0.00288709560448
-0.00277212583758
-0.00273442498443
-0.00262396829753
-0.00253777536433
-0.00240861319578
-0.00239636218868
-0.00228429488503
-0.00442888164316
-0.00446106254902
-0.00440676037871
-0.00427145003696
-0.00403455370996
-0.0038947353433
-0.0038025449026
-0.00367586465689
-0.00349589109373
-0.00357286461168
-0.00360370252701
-0.00354438353112
-0.00357585332272
-0.00350812412258
-0.00336216698573
-0.00334119463288
-0.00322395865566
-0.00310113193814
-0.00299589034529
-0.0029835589526
-0.00287075744868
-0.00506848038108
-0.00510089680454
-0.0050303736876
-0.00485715766722
-0.00459759999587
-0.00438365381333
-0.00436182876124
-0.00426531785021
-0.00406708358026
-0.0040942790399
-0.00412910742144
-0.00420339238458
-0.00418305842702
-0.00412565537275
-0.00398514256567
-0.00395761986647
-0.00383494275393
-0.00364273603479
-0.00356174437754
-0.0035493345276
-0.00343581645528
-0.0056868710595
-0.00571951849269
-0.00564849305576
-0.0054740467252
-0.00519679945521
-0.00507568614482
-0.00508128026152
-0.00498397595038
-0.00478411751282
-0.00459318804635
-0.00476685991324
-0.00484168533014
-0.00481387573434
-0.00473192699962
-0.00460100837124
-0.00455277955361
-0.00442927341643
-0.00420395153581
-0.00420992819077
-0.00419772472263
-0.00408367128472
-0.00628359733027
-0.00631647082364
-0.00624495383385
-0.00606930363585
-0.00579015306256
-0.00577511323801
-0.00578075247358
-0.00568266419508
-0.00548120103181
-0.00522002189467
-0.0053834511522
-0.00545880662327
-0.00543079992091
-0.00534666358946
-0.00521482291866
-0.00512623913277
-0.00500192353675
-0.00479762495203
-0.00484932050109
-0.00483702801023
-0.00472214575771
-0.00185821110741
-0.0018913071238
-0.0018193084644
-0.00164248323433
-0.00136147514407
-0.00145407915809
-0.00145976289401
-0.00636089664681
-0.00615785092685
-0.00594907493484
-0.00597842872367
-0.00605430284025
-0.00602610327158
-0.00593976788985
-0.00580702523525
-0.00567757047992
-0.00558636717656
-0.00548666788069
-0.00547325366956
-0.00545517349948
-0.00533947834133
-0.00241025478109
-0.00244356560097
-0.00237110173672
-0.00219313087592
-0.00200102972706
-0.00211208616285
-0.00211781370107
-0.00201819116966
-0.0018135878833
-0.00165811126318
-0.00163820338173
-0.00162773072246
-0.00159934104759
-0.00151079894786
-0.00644256016082
-0.0063118826546
-0.00625845811576
-0.00615514871578
-0.0061044266959
-0.00606596028659
-0.00593734675155
-0.002939291174
-0.0029728104784
-0.00289989329058
-0.00272081424288
-0.00263676147581
-0.00274865095721
-0.0027544215177
-0.00265405336778
-0.00247818303623
-0.00234662121364
-0.00232655240429
-0.00220091378112
-0.00215006088283
-0.00211239098499
-0.00208599414228
-0.00195433374365
-0.00190953704884
-0.00180259104191
-0.00174393752223
-0.00167527796917
-0.0015750833551
-0.00359727464526
-0.0034786068719
-0.00340525111523
-0.00323180765787
-0.00329307526954
-0.00336328685495
-0.00336909957346
-0.00326799897629
-0.00313953331937
-0.00301410783637
-0.00299388050985
-0.00286725120758
-0.00267782527479
-0.00273436187659
-0.0027077695452
-0.00257621627238
-0.00253911694133
-0.0024285048708
-0.00236941824352
-0.00226254681458
-0.00219788726172
-0.00428087648708
-0.00400946353121
-0.00399655868245
-0.00392742143161
-0.00398919937791
-0.00395551172546
-0.0039613637889
-0.00389353524708
-0.00377923007746
-0.00366199598414
-0.00363968586792
-0.00351208285968
-0.00327774732972
-0.00333418939586
-0.00330740762134
-0.0031840879087
-0.00314671938149
-0.00303241649019
-0.00297290772539
-0.00283765654568
-0.00281667726427
-0.00494288211436
-0.0047283135505
-0.00471529852296
-0.00460172778857
-0.00466400862165
-0.00461767742699
-0.00453073603143
-0.00451192901723
-0.00439677326753
-0.00431338068914
-0.00426346937565
-0.0041349096925
-0.00389882832273
-0.00391140064794
-0.00388443400737
-0.00376949578427
-0.00373186613535
-0.00361385070514
-0.0035539297778
-0.00343438809074
-0.00341325617554
-0.00558276794287
-0.00542604265309
-0.00541291699953
-0.00529024256364
-0.00531697794669
-0.00527027884481
-0.00511448835487
-0.00510765265234
-0.0050207192559
-0.00494264813807
-0.00486472856095
-0.00473523492836
-0.00449744416712
-0.00446552212043
-0.00443837745408
-0.00433196744226
-0.00429408344192
-0.00417233513104
-0.00411201476094
-0.00402303217378
-0.00398715552303
-0.00620001167779
-0.00610210770243
-0.00608887304905
-0.00596518160269
-0.00594758275157
-0.00590052275601
-0.00574333293651
-0.0056802109725
-0.0056440801054
-0.00554939530237
-0.00546717344825
-0.00531256548776
-0.00517518164634
-0.00505918299966
-0.00503470734233
-0.00490120658157
-0.00483912065217
-0.00483996549682
-0.00473200303556
-0.00468173438502
-0.00461285205432
-0.00183831566949
-0.00175932734436
-0.00174262748113
-0.00161793627668
-0.00155530510648
-0.00150789199947
-0.00635916689756
-0.00632748162493
-0.00624452947302
-0.00614914580013
-0.0060500911614
-0.00593961978662
-0.00584973423153
-0.00573170576475
-0.0057066857192
-0.00557208998423
-0.00548937575283
-0.00549022731102
-0.00538140993719
-0.00531833675024
-0.00524892128784
-0.0024990043575
-0.00242157374445
-0.00237362721286
-0.00225369159243
-0.00214088001798
-0.00212226986079
-0.0019917964761
-0.00195695520437
-0.00182381376218
-0.00172549550454
-0.00160939739655
-0.00159273623479
-0.00150212774638
-0.00640307542665
-0.00635649731524
-0.00622082552092
-0.00611717623892
-0.0061180343806
-0.00600891501007
-0.00594475065969
-0.00586238053511
-0.00313683923072
-0.00306101409892
-0.00298133356974
-0.0028839634092
-0.00275148919846
-0.00273273658258
-0.00260126630938
-0.00256323021611
-0.00242908252011
-0.00227793041487
-0.00220239777313
-0.00222313214746
-0.00213180918236
-0.00205207933182
-0.00198361020283
-0.00184688351753
-0.00172200333057
-0.00172286977422
-0.0016298096746
-0.00156611367564
-0.00645271828427
-0.00375417886338
-0.00367709337297
-0.003582234114
-0.00349078186306
-0.00333838187211
-0.00331949026017
-0.00318704737011
-0.00314577981734
-0.00301064898049
-0.00284606453049
-0.00283621413075
-0.0028302711611
-0.00273825305126
-0.00267816605384
-0.00258747848896
-0.00244972225771
-0.00230332760364
-0.00230420032798
-0.00222746911798
-0.00216426702425
-0.0020295276307
-0.00434830883227
-0.00428351708781
-0.00419291678251
-0.00410041732486
-0.00397881431285
-0.00388199995566
-0.00374861103996
-0.00370407965299
-0.00356799113412
-0.0035108061848
-0.00350087665506
-0.00341361765073
-0.00332092160103
-0.0032807952071
-0.00319495085985
-0.00308363068684
-0.00296333381468
-0.00289539749457
-0.00280137363102
-0.00273869527405
-0.0026503147309
0.00309733973443
0.00132081256574
0.00423498221354
0.00223853457203
0.000198948352805
-0.00186297047957
0.00292149924436
0.00302188779066
0.00124466162377
0.00415833916955
0.00216161888602
0.000121986632369
-0.00194203470208
0.00283952123266
0.00292490240004
0.00116353182598
0.00407333836329
0.00207295731573
2.99119541e-05
-0.00203495924337
0.00274708385559
0.00281326144488
0.00107240224974
0.00398161359127
0.00198090096191
-6.22036393656e-05
-0.00212686015736
0.00265566585084
0.00270258059113
0.000967682007899
0.00389091443211
0.00188987317253
-0.000153290141929
-0.00221773388953
0.00256527072098
0.00259286379165
0.000857000978812
0.00380124439786
0.00179987749536
-0.000243343999422
-0.0023075769089
0.00247590194521
0.00248411498629
0.000747293824167
0.0037034308138
0.00171091745399
-0.000332361681863
0.00196576904342
0.00238756297872
0.0023763381014
0.000638564564208
0.00359405149845
0.00162299654725
-0.000420339684056
0.00187799794555
0.00230025725217
0.00226953704916
0.00053081720521
0.00348565818725
0.00153248411242
-0.000507274526195
0.00179126800635
0.00221398817108
0.00216371572712
0.000424055738882
0.00337825493692
0.00142475420758
-0.000593162754461
0.00170558265676
0.00212875911525
0.00205887801753
0.000318284141781
0.00327184578906
0.00131802054798
-0.00067800094163
0.0016209453012
0.00204457343816
0.00195502778685
0.000213506374707
0.00316643476962
0.00121228719292
-0.000781770169487
0.00153735931701
0.00196143446642
0.0018521688851
0.00495543312809
0.00306202588822
0.00110755818545
-0.000886501904767
0.00145482805382
0.00187934549918
0.00175030514529
0.00485265483746
0.00295862313759
0.0010038375517
-0.000990225247241
0.00135899299116
0.00179830980752
0.00164944038288
0.00475088215872
0.00285623049288
0.000901129300293
-0.00109293618801
0.00125659235189
0.00171833063391
0.00154957839513
0.0046501189836
0.00275485191111
0.000799437421673
-0.00119463073634
0.00115520583415
0.00163069521092
0.00145072296054
0.00455036918506
0.00265449133046
0.000698765887492
-0.0012953049203
0.00105483737699
0.0015309325221
0.00135287783823
0.00445163661664
0.0025551526697
0.000599118649958
-0.00139495478739
0.000955490900019
0.00143218716266
0.00125604676738
0.00435392511182
0.00245683982753
0.000500499641194
-0.0014935764052
0.000857170302766
0.00133446296748
0.00116023346659
0.00425723848347
0.00235955668192
0.000402912772587
-0.00159116586206
0.000759879464063
0.00123776375075
3.31376145665e-05
0.00416158052313
0.00226330708951
0.000306361934143
0.00280541855387
0.000663622241385
0.00114209330542
-0.000210191510878
-0.000983768904582
0.000914486339128
-0.00101613039487
-0.00223807281269
-0.00019701615851
0.00189930683531
-0.000296273196347
-0.00107239024233
0.000819259510159
-0.0011140718051
-0.00233854003343
-0.000299750014371
0.00179463782652
-0.000381235698702
-0.0011598654481
0.000725196115653
-0.00121082422774
-0.00243779506823
-0.000401251352819
0.00169121832083
-0.000465075147913
-0.00124619032036
0.000632300881495
0.00254910198533
-0.00253583243339
-0.000501514342353
0.00158905445622
-0.000547787707598
-0.00133136162398
0.00054057850003
0.00245474283465
-0.00263264667996
-0.000600533186444
0.00148815233567
-0.000629369575798
-0.00141537336588
0.000450033629052
0.00236158789863
-0.00272823239504
-0.000698302124934
0.00138851802567
-0.000719924718292
-0.00149822238377
0.00036067089078
0.00226964218134
-0.00282258420302
-0.000794815435432
0.00129015755473
-0.000813112071014
-0.00157990462182
0.000272494870836
0.00217891064912
-0.0029156967669
-0.00089006743473
0.00119307691179
-0.000905189622669
-0.00166543439547
0.000185510117223
0.00208939822942
-0.00300756478955
-0.000984052480213
0.00109728204477
-0.000996153184115
-0.00175761315148
9.97211392975e-05
0.00200110980963
-0.003098183015
-0.00107676497128
0.00100277885898
-0.00108599859617
-0.00184864371518
1.51324067476e-05
0.00191405023595
-0.00318754622979
-0.00116819935079
0.000909573215598
-0.00117472173042
-0.00193852166365
-6.82516514368e-05
0.00182822431221
-0.00327564926417
-0.00125835010645
0.000817670930098
-0.00126231849006
-0.00202724260764
-0.000150426647988
0.0017436367987
-0.00336248699352
-0.00134721177229
0.00072707777072
0.00283033618441
-0.00211480219252
-0.000231388238387
0.00166029241102
-0.00344805433955
-0.00143477893008
0.000637799456896
0.00274500433389
-0.0022011960992
-0.000311132121886
0.00157819581892
-0.00353234627166
-0.0015210462108
0.000549841657686
0.00266081095055
-0.00228642004511
-0.000389654042532
0.00149735164512
-0.000117735832391
-0.00160600829603
0.000463209990216
0.00257775999655
-0.00237046978506
-0.000466949790189
0.00141776446417
-0.000199462042087
-0.00168965991943
0.000377910018105
0.0024958553983
-0.00245334111222
-0.000547495616954
0.00133943880126
-0.000279898045156
-0.00177199586817
0.000293947249898
0.00241510104568
-0.00253502985906
-0.000631686158073
0.00126237913111
-0.000359039014738
-0.00185301098438
0.000211327137496
0.00233550079116
-0.00261553189825
-0.000714659607213
0.00118658987678
-0.000436880178155
-0.00193270016659
0.000130055074585
0.00225705844903
-0.00269785631617
-0.000796411511836
0.00111207540851
-0.000513416818213
-0.00201105837113
5.01363950704e-05
-0.00463923867729
-0.00693270205663
-0.00344853020118
-0.00497990100784
-0.00159592837083
-0.00337788732878
-0.00492753052707
-0.00466074243971
-0.00695462676644
-0.00347086979813
-0.00500264641616
-0.00161906720982
-0.00340140365528
-0.00495231981391
-0.00468149650887
-0.00697578725535
-0.00349243086411
-0.00502459930472
-0.00164139997496
-0.00342410091057
-0.0049762778786
-0.00470150049386
-0.00699618310912
-0.00351321296099
-0.00504575921116
-0.00166292617958
-0.00344597858385
-0.00499940416546
-0.00472075401767
-0.0070158139282
-0.00353321566617
-0.0050661256895
-0.0016836453542
-0.00346703618235
-0.00502169813762
-0.00473925671718
-0.00633599740701
-0.00355243857261
-0.00508569831014
-0.0017035570466
-0.00348727323141
-0.00504315927709
-0.0047570082432
-0.00635409701702
-0.00357088128887
-0.00510447665996
-0.00172266082187
-0.0035066892745
-0.00506378708484
-0.00477400826054
-0.00637143048219
-0.00358854343916
-0.00512246034232
-0.00174095626245
-0.00352528387331
-0.00508358108083
-0.004790256448
-0.00638799746209
-0.00360542466334
-0.00513964897712
-0.00175844296817
-0.00342488108629
-0.00510254080409
-0.0048057524984
-0.00640379763117
-0.00362152461702
-0.00515604220083
-0.00177512055632
-0.00344183155466
-0.00512066581274
-0.00482049611864
-0.00641883067875
-0.00363684297153
-0.00517163966655
-0.00179098866166
-0.00345795937351
-0.00513795568407
-0.00483448702972
-0.00643309630908
-0.00365137941402
-0.00518644104402
-0.00180604693647
-0.00347382510509
-0.0051544100146
-0.00484772496672
-0.00644659424139
-0.00366513364742
-0.00520044601968
-0.00182029505061
-0.00348920275217
-0.00517002842008
-0.00486020967891
-0.00645932420988
-0.00367810539052
-0.00521365429668
-0.00183373269152
-0.00350375693765
-0.00518481053557
-0.00487194092968
-0.00647128596375
-0.00369029437799
-0.00522606559492
-0.00184635956429
-0.00351748733166
-0.0051987560155
-0.00488291849665
-0.00648247926725
-0.0037017003604
-0.00523767965109
-0.00185817539164
-0.00353039362284
-0.00521186453364
-0.00489314217161
-0.00649290389968
-0.00371232310424
-0.00524849621868
-0.00186917991402
-0.00354247551837
-0.00522413578321
-0.0049026117606
-0.00650255965542
-0.00372216239195
-0.00525851506802
-0.00187937288958
-0.00355373274399
-0.0052355694769
-0.00491132708391
-0.00651144634396
-0.00321112279282
-0.00526773598631
-0.00188875409424
-0.00356416504409
-0.00524616534687
-0.00491928797609
-0.00155821099454
-0.00321939457954
-0.0052761587776
-0.00189732332167
-0.00357377218167
-0.00525592314482
-0.00492649428596
-0.00156555903761
-0.0032268823534
-0.00528378326287
-0.00190508038335
-0.0035825539384
-0.00525313964251
-0.0054435685234
-0.00355524389663
-0.00167684437482
-0.00629900626865
-0.00435473849186
-0.00246488684744
-0.00551659970901
-0.00549227258561
-0.00360406477197
-0.00172572493384
-0.00454766642756
-0.0044035651135
-0.00247970765939
-0.00553084322411
-0.00554028296356
-0.00365219038778
-0.00177390942871
-0.00459585281876
-0.00445169639812
-0.00252772741875
-0.0055443776728
-0.00558759886601
-0.00369961994721
-0.00182139705971
-0.00464334232008
-0.00449913154862
-0.00257505257391
-0.00555720282771
-0.00563421951202
-0.00374635266376
-0.0018681870375
-0.0046901341421
-0.00454586977822
-0.00262168234344
-0.0055693184733
-0.0056901297716
-0.00379238776134
-0.00191427858317
-0.00473622750581
-0.00459191031054
-0.00266761595628
-0.00558701246576
-0.00573535760323
-0.00383772447429
-0.0019596709283
-0.0047816216427
-0.00463725237968
-0.00271285265176
-0.00563209159178
-0.00577988789777
-0.00388236204748
-0.00200436331502
-0.00482631579483
-0.00468189523024
-0.00275739167966
-0.00567647537046
-0.00582371991595
-0.00392629973638
-0.00204835499608
-0.00487030921484
-0.00472583811742
-0.00280123230028
-0.00572016306968
-0.00586685292906
-0.00396953680708
-0.00209164523491
-0.00491360116608
-0.00476908030705
-0.00284437378449
-0.00576315396781
-0.00590928621905
-0.00402222395244
-0.00213423330567
-0.00495619092263
-0.00481162107568
-0.00288681541382
-0.00580544735377
-0.00595101907853
-0.00406405762788
-0.00217611849332
-0.00499807776936
-0.00485345971061
-0.00292855648047
-0.00584704252705
-0.00599205081087
-0.00410518854784
-0.00221730009368
-0.00503926100201
-0.00489459550998
-0.0029695962874
-0.0058879387978
-0.00603238073024
-0.00414561602157
-0.00225777741345
-0.00507973992721
-0.00330381629334
-0.00300993414839
-0.00592813548688
-0.00388148344947
-0.00418533936925
-0.00229754977035
-0.00511951386258
-0.00334354435952
-0.00304956938806
-0.0059676319259
-0.00392040772889
-0.00422435792205
-0.00234692902795
-0.00515858213675
-0.00338256755
-0.00308850134197
-0.00600642745728
-0.00395862820323
-0.00426267102217
-0.00238528945631
-0.00519694408945
-0.00342088520677
-0.00312672935665
-0.00604452143434
-0.0039961442304
-0.00430027802292
-0.00242294294124
-0.00523459907153
-0.00345849668289
-0.00316425278966
-0.00608191322128
-0.00403295517943
-0.00433717828875
-0.00245988884485
-0.00527154644503
-0.0034954013426
-0.00320107100963
-0.00611860219328
-0.00406906043043
-0.00437337119531
-0.00249612654049
-0.00530778558324
-0.00353159856133
-0.00323718339633
-0.00615458773657
-0.00410445937472
-0.00440885612952
-0.00253165541284
-0.00535340581951
-0.00356708772578
-0.00327258934071
-0.00618986924842
