0.00358434918793
0.00188245019302
0.00508974169614
0.00325172785913
0.00213765548485
0.000368777431843
0.00344413303252
0.00362649647289
0.00192787969293
0.000162412815185
0.00329795793515
0.00140788932986
0.000415681995887
0.00349132142194
0.00366922969465
0.00197257603819
0.000208851894172
0.00334478758835
0.00145507761437
0.000463194441411
0.00353912118155
0.00371254835446
0.00201631538121
0.000255885231024
0.0033922162441
0.00150286925248
0.000511314168724
0.00358753170092
0.00375645194732
0.00206064508733
0.000303512258685
0.00344024332118
0.00155126364975
0.000560040571275
0.00363655236263
0.00355286915574
0.00210556463051
0.000351732403673
0.00348886823178
0.00160026020503
0.000609373035691
0.00368618254233
0.00359794107482
0.00215107347838
0.00039983876607
0.00353809038158
0.00164985831051
0.000659310941807
0.00373642160877
0.00364359637472
0.00219717109219
0.000446351871111
0.00358790916976
0.00170005735176
0.000709853662713
0.00378726892385
0.0036898345257
0.00224385692693
0.000493458233998
0.00363832398901
0.00175085670773
0.000761000564784
0.00383872384265
0.00373665499192
0.0022911304313
0.000541157288659
0.00368933422563
0.00180225575086
0.000812751007724
0.00389078571347
0.00378405723145
0.00233899104776
0.000589448462632
0.00374085924828
0.00185425384702
0.000865104344599
0.00394345387787
0.00383204069634
0.00238743821259
0.000638331177102
0.00379014656703
0.00190685035564
0.000918059921882
0.00399672767072
0.00388060483259
0.00243647135587
0.000687804846928
0.00384002945745
0.00196004462967
2.68126792798e-05
0.00405060642021
0.00392974908023
0.00248608990154
0.000737868880686
0.00389050731359
0.00201383601569
8.09707506011e-05
0.00410508944794
0.00397947287333
0.00253629326744
0.000788522680692
0.00394157952312
0.00206822385389
0.000135729062558
0.00416017606891
0.00402977564004
0.00258708086533
0.000839765643045
0.00399324546734
0.00212083217507
0.00019108693563
0.00421586559159
0.0040806568026
0.00222128291744
0.00089159715766
0.00404550452126
0.00217348315934
0.000247043683899
0.00427215731796
0.0041321157774
0.00227323719046
0.000944016608298
0.00409835605358
0.00222673077942
0.000303598615089
0.00432905054354
0.00418415197502
0.00232577389462
0.000997023372607
0.00415179942676
0.00228057438364
0.000360751030609
0.00438654455743
0.0042367648002
0.00237889241773
0.00105061682215
0.00420583399705
0.002335013314
0.000416750713775
0.00444463864239
0.00428995365196
0.00243259214165
0.00110479632246
0.00426045911455
0.00239004690622
0.000472152783538
0.00450333207482
0.00257479601508
0.00403668614994
0.000821075935732
0.000627617154096
0.00218232349559
0.00168020999145
0.00324684832468
0.00262499053679
0.00408817195628
-0.000827830958008
0.000681806534298
0.0022379220831
0.00173725269442
0.00330536630902
0.00267585368615
0.00414034254116
-0.000774311781139
0.000736714247025
0.00229425634773
0.00179504874213
0.00336465557265
0.00272738468369
0.00419319706472
-0.000720092154399
0.000792339316458
0.00235132523756
0.00185359700079
0.00342471489409
0.0027795827409
0.00424673467748
-0.000665172993257
0.000848680755832
0.00240912768894
0.00191289632416
0.0034855430386
0.00283244333507
0.00430095452043
-0.000609555223364
0.000905737567518
0.0024676626267
0.00197294555369
0.00354713875834
0.00288597311047
0.00435585199978
-0.000553241643131
0.000963508743105
0.00252692896413
0.00203374351858
0.00360950079246
0.00294016752666
0.00441143368821
-0.000496229473068
0.00102198860687
0.00258691908391
0.00209528903593
0.00367262786726
0.00299502575975
0.00446769497317
-0.00043852153158
0.00108118544234
0.00264764491519
0.00215757718553
0.00373651590228
0.00305054697712
0.00452463495813
-0.000380118784315
0.00114109355264
0.00270909881815
0.00222061421116
0.00380116918637
0.00310673033752
0.00458225273735
-0.000321022206725
0.00120171188711
0.00277127966112
0.00228439516891
0.00386658361396
0.00316357499111
0.00464054739594
-0.000261232783995
0.00126303938472
0.00283418630144
0.00234891882852
-0.000535417721532
0.00322108007952
0.00469951800995
-0.000200751510963
0.00132507497417
0.00289781758555
0.00241418394813
-0.000468484991169
0.00327924473594
0.00475916364642
-0.000139579392042
0.001387817574
0.00296217234907
0.00248018927445
-0.000400795125911
0.00333806808514
0.00481948336346
-7.77174411395e-05
0.00145126609265
0.00302724941694
0.00254693354282
-0.000332349486134
0.00339754924355
0.0048804762103
-1.51666815818e-05
0.00151541942858
0.00106936933052
0.00261441547737
-0.000263149444093
0.00345768731935
0.0049421412274
4.80718539681e-05
0.00158027647032
0.00113588743956
0.00268263379111
-0.000193196383791
0.00351848141248
0.000262421315116
0.00011199712359
0.00164583609661
0.00120312426453
0.00275158718604
-0.000122491700853
0.00357993061474
-0.00131413862499
0.000176608076186
0.00171209717644
0.00127107858855
0.00282127435328
-5.1036802398e-05
0.00364203400987
-0.00125046294128
0.000241903651564
0.00177905856918
0.00133974918456
0.00289169397318
2.11668930923e-05
0.00370479067356
-0.00118611901202
0.000307882780516
0.00184671912463
0.00140913481539
0.0029628447154
9.41179559004e-05
-0.00115621908617
0.00096811030094
-0.00477821987476
-0.00282702260264
-0.00270659307436
-0.00079333764523
0.000950655537355
-0.00320563648907
-0.00160043679565
-0.000929505912725
0.000593077909056
0.00146871972376
-0.00188618455512
-0.000824353671493
0.000382952173774
0.00139118283491
0.000877501676481
-0.00301332070647
-0.0020852690338
-0.00117612271794
-0.000178155392675
-0.00260849612081
-0.000523513306177
-0.00490443074664
-0.00295322237308
-0.00283260106137
-0.000918975624879
0.000825561102615
-0.00333002059356
-0.00172395237507
-0.00105200492336
0.000471732110436
0.00134865145762
-0.00353472326588
-0.00246541652973
-0.00125028652328
-0.000279370024979
0.000754067020101
-0.0031355949523
-0.00220454141852
-0.00129049051205
-0.000291281941649
-0.00270602697019
-0.00062131523638
-0.000728156648814
-0.00305114773525
-0.00293037718713
-0.00101646383456
0.000728495831856
0.00118563140106
-0.0018197892061
-0.00274201342574
-0.00123167786312
-0.000353764756606
0.0010603985663
-0.00255633467484
-0.0013636433698
-0.000391483188287
0.000655981617073
0.00149577177028
-0.00230069666388
-0.00138023662513
-0.00038005187871
-0.00277529195497
-0.000690773145534
-0.000797708551982
0.00126039318701
-0.00299981673147
-0.00272291792495
-0.00100604770385
-0.000548518812787
-0.00348281121053
-0.00280951009952
-0.0012985361912
-0.000419916020395
0.000995015908425
-0.00262089451703
-0.00145100700193
-0.000477886120827
0.000571984007467
0.00142380628609
-0.00406884792528
-0.00314222017809
-0.00214132667523
-0.00281621695027
-0.00238210937172
-0.00248910039227
-0.000473640276267
-0.004645205537
-0.00276382496564
-0.00104677665897
-0.000589015059147
0.00105701378104
-0.00284938889621
-0.00133803734563
-0.000458998895338
0.000956387699999
0.00202816056178
-0.00151229822048
-0.00232533024217
-0.00127473716826
-0.00040973051313
0.0005235601968
-0.00318252381189
-0.00218119068637
-0.00443360099123
-0.00239468546258
-0.00250169353718
-0.000486232305673
-0.000365273433855
-0.00277636054748
-0.00105925763159
-0.000601424673282
0.00104469140597
0.00171842755929
-0.00135014183104
-0.00234334607738
-0.000937489995851
0.000134432096864
0.00126272450514
-0.00236010553448
-0.00130909726156
-0.000431142722146
0.000502370512954
0.00144058514733
-0.00219654413297
-0.00441774469458
-0.00237878491147
-0.00248577142472
-0.000470311603543
-0.000349377095431
-0.0027605112117
-0.001043477338
-0.00252085620125
-0.000900462720229
-0.000226855643597
-0.00320720848036
-0.00232820392781
-0.000922524100808
0.000149209318571
0.00125372168348
-0.00236900902821
-0.00131789439972
-0.000427240098367
0.000506232571071
0.00144985575929
-0.00218737471074
-0.000394051440291
-0.00233442489892
-0.00244135130541
-0.000425895415795
-0.00227049105682
-0.000341153187284
-0.00293457417534
-0.002477082944
-0.000856996948705
-0.000183749720778
0.00135094159849
-0.00228595823599
-0.000880769814567
0.000190437562043
0.00127088730621
0.00224548209205
-0.00130112091645
-0.00242394687324
-0.00149077775744
-0.000542008640919
0.000459021161345
-0.00228000019955
-0.000183168539125
-0.00428657639587
-0.00231849401247
-0.00219773867778
-0.000268615444397
0.00148949236064
-0.0024052724905
-0.000785690209135
-0.000113032493889
0.00142099015217
-0.00221665034322
-0.000812267053669
-0.00187093711349
-0.000818657096359
0.00015507642865
-0.0032847123241
-0.0023694461882
-0.00143684284515
-0.000483194133413
0.000517194648816
-0.00217917541221
-8.20635977224e-05
-0.00418533496361
-0.00221726150798
-0.00209666040449
-0.000167834723996
0.00158983598456
-0.00230550006355
-0.000686616155343
-1.47758083495e-05
-0.000715560911075
0.000161223846629
-0.00284609664706
-0.0017769465681
-0.000749225383426
0.000223743690005
0.00127332559514
-0.00228970537475
-0.00135792859405
-0.000399669657816
0.000599810191989
-0.00205020275151
4.72663903306e-05
-5.92509812118e-05
-0.00208776882024
-0.00196736443037
-3.89182700261e-05
-0.000586179323364
-0.000130399891341
-0.00277356246528
-0.00210276484868
-0.000591047079411
0.000284427242189
0.00169811011155
-0.00151570715466
-0.000653743462193
0.000318176321921
0.00136663454564
0.00230539801926
-0.00125410065744
-0.000291503226758
-0.0015426819809
-0.00189321878933
0.000204683720965
-0.00217574554273
-0.00414891006428
-0.00402874424486
-0.00214667629844
-0.000429939724094
2.49559735699e-05
-0.0026192872274
-0.00194975454586
-0.000439471882614
0.000434412447079
0.00184636646798
-0.00139303654436
-0.000532297776987
0.00043829069053
-0.000877468359258
7.26043583492e-05
-0.00337492901627
-0.00240826649854
-0.00141139886062
-0.00391969388295
-0.00188410103077
-0.0019901597691
2.03024265076e-05
-0.00384345433585
-0.00196192599723
-0.000245982183646
0.000207877369935
0.00185066142788
-0.00176958358763
-0.000260984003234
0.000611035376359
-0.000460073641558
0.000700634761458
-0.00274738591297
-0.00177881050977
-0.000733502370093
0.000227575475496
0.00115533179496
-0.00225109862264
-0.00125592802546
-0.00370721007017
-0.00167103606344
-0.00177681169116
0.000233631986928
0.000353198220079
-0.00174953360426
-3.44966777575e-05
0.000418177481038
-0.000515643552848
0.000150708432269
-0.00252401154742
-0.00165412674024
-0.000259302977253
0.000875390415721
-0.00257436336364
-0.00160767199901
-0.000564382104528
0.000407391279862
0.00133330494375
-0.0020696095155
-0.00107639143501
-0.00346729196376
-0.00143046547643
-0.00153592325785
0.00047449963097
0.00232723515198
-0.00401008921667
-0.00233737004812
-0.00188602696791
-0.000279805511027
0.000384640087667
-0.0022922435482
-0.00142475690313
-3.25419073573e-05
0.0010759622913
0.00193150636616
-0.00141123405343
-0.00037025123221
0.000611902545779
-0.00103887934172
-6.16686046894e-05
-0.00333026915756
0.000457428548841
-0.0036728484357
-0.00377795459707
-0.00182878730292
-3.18525580239e-05
0.000198406280096
-0.00207150262477
-0.00162163236116
-1.7212560851e-05
0.000645123121796
0.00216277141139
-0.00116932396349
0.000220002253736
0.00130217020158
0.00215549144721
0.000417038592258
-0.00272588105434
-0.00173366765941
-0.00081216697555
0.000168011953935
0.00115657736028
-0.00180134161938
0.000267942684433
-0.00348275334061
-0.00153361118475
0.000262889249149
0.000492309993993
-0.00177883050322
-0.00133057050075
0.000271879262293
0.000931907493323
0.00244693608074
-0.00357101433279
-0.00219792584212
-0.00114703277578
-0.000296170827803
0.000663547339844
-0.00248223891119
-0.00148028865625
-0.00056134772163
0.000421527643046
0.00140740357623
-0.00148068569023
0.000589452597306
-0.00316082747435
-0.00121171252357
0.000584317883257
0.000812831568629
0.00254815664528
-0.00377101894488
-0.00220475024865
-0.00154722056672
-6.00156182054e-05
0.000798764785422
-0.00189452039428
-0.000870176588817
-2.20041025295e-05
0.000934788514498
0.00196717857566
-0.00120277338498
-0.000286619848569
0.000698682432828
0.00168163471946
-0.00113371555276
0.000937339210189
0.000833479719652
-0.00365158270107
-0.00191222568966
-0.00168468544738
7.20522865275e-07
0.000445366380825
-0.00186351581578
-0.00120866894549
0.000275488974382
0.00113088942872
0.00250399153286
-0.000577393501993
0.000276912101546
0.00123053554297
0.00225952763523
-0.00367046580159
-0.00275732086949
-0.00176985836568
-0.000790057418623
-0.00352998499451
-0.00153394973963
-0.00163733369197
-0.00327721160275
-0.00153839195383
-0.00131188882813
0.000371992690483
0.000814644685045
-0.00149667793141
-0.000844690952019
0.00063621813031
0.0014880139262
0.00281607660457
-0.00316502784132
-0.00229635618027
-0.00134661932938
-0.000321278998891
0.000707913069949
-0.00243543541662
-0.00144607600353
-0.000469651876548
-0.00313140747722
-0.00113433852477
-0.00123721906797
0.000730919922604
-0.00113887911288
-0.000913473958785
0.000768793502167
0.00120933415725
0.00281676526403
-0.000455615601396
-0.00199116079112
-0.0011431852282
0.000124835107774
0.00112208772484
-0.00194871263003
-0.00100260867572
1.88346353057e-05
0.00105644725114
0.00196293905297
-0.00109933447492
-0.000126496116554
0.00211637581456
-5.34495101424e-05
0.00345469234185
0.00196964896085
0.00051734559091
0.00291311416452
0.00132061617121
0.0021191190666
-5.06796975931e-05
0.00344617718963
0.0019610447106
0.000508657760898
0.00290434887199
0.00131390341598
0.00212248159434
-4.72846148298e-05
0.00343829315517
0.00195307817215
0.000500613828046
0.00390697897281
0.00130784589513
0.00212646335478
0.000733086192099
0.00343104034323
0.00194574945358
0.00049321390362
0.0038995130537
0.00130244369539
0.00213106429703
0.000737731674405
0.00341495288757
0.00193905865436
0.000486458090003
0.00389269698357
0.00129769689414
0.0021362843623
0.000743002269756
0.00340896280151
0.00193300586528
0.000480346480683
0.00388653085844
0.00129360555937
0.00214212348385
0.000748897909487
0.00340360420204
0.00192759116854
0.00047487916025
0.00388101476519
0.00229752363664
0.00214858158709
0.000755418516801
0.00420280970799
0.00192281463765
0.000470056204389
0.00387614878153
0.00229474340126
0.00215565858951
0.000762564006774
0.0041987142871
0.00191867633746
0.000465877679874
0.00387193297606
0.00229261878002
0.00216335440072
0.000770334286362
0.0041952505414
0.0019151763242
0.000462343644566
0.00386836740818
0.00229114980336
0.00217166892243
0.000778729254407
0.00419241851698
0.0019123146454
0.000459454147405
0.00386545212816
0.00229033649234
0.00218060204849
0.000787748801642
0.00419021825152
0.0027140238875
0.00045720922841
0.00386318717711
0.00229017885861
0.00219015366487
0.000797392810699
0.00418864977429
0.00271243898558
0.000455608918675
0.00386157258695
0.00229067690444
0.00220032364968
0.000807661156117
0.00418771310616
0.00271149250872
0.000454653240368
0.00386060838045
0.00229183062267
0.00221111187316
0.00081855370435
0.0041874082596
0.00271118446979
0.000454342206725
0.00386029457121
0.00229363999679
0.00222251819773
0.000830070313775
0.00418773523865
0.00261533160277
0.00125805330137
0.00386063116366
0.00229532379803
0.00283969167255
0.000840241544747
0.00418869403898
0.00261630044359
0.00125903156105
0.00386161815303
0.00229631876202
0.00285233375516
0.000841814578811
0.00419028464782
0.00261790770887
0.00126065445154
0.00386325552543
0.00229796936369
0.00286559347906
0.000844012420196
0.00419250704401
0.00262015337678
0.00126292195034
0.00386554325776
0.0023002755794
0.00287947067537
0.000846835040301
0.00419536119798
0.00262303741681
0.00126583402606
0.00386848131776
0.0023032373761
0.00289396516739
0.000850282402399
0.00419884707175
0.00262655978978
0.00126939063837
0.00470333652916
0.00230685471136
0.00255009411017
0.00287939351573
0.00415032925604
0.000771886831301
0.000898956281033
0.00225929286898
0.00366073606512
0.00253817724407
0.00286713315543
0.00413771098165
0.000758896015756
0.000885578240871
0.00224551306166
0.00364654034209
0.00252698078367
0.00285561390355
0.00412585538183
0.000746690315955
0.000873008635107
0.00223256587534
0.00363320226979
0.002516504923
0.00284483597135
0.00411476268687
0.000735269983182
0.00086124773815
0.00222045160987
0.00362072217602
0.00250674984364
0.00283479955658
0.00410443311233
0.000724635252651
0.000850295806865
0.00220917054596
0.00360910036765
0.00249771571475
0.00282550484343
-0.000615254221269
0.000714786343478
0.000840153080551
0.0021987229451
0.0020131441522
0.00248940269302
0.00281695200256
-0.000624056967329
0.000705723458663
0.000830819780905
0.00218910904958
0.00200323975132
0.00248181092268
0.00280914119102
-0.000632096034898
0.000697446785065
0.000822296112006
0.00218032908242
0.00199419443048
0.00247494053549
0.00280207255231
-0.000639371267551
-0.000504351087206
0.000814582260291
0.00217238324738
0.00198600841247
0.00246879165071
0.00279574621629
-0.00064588252369
-0.000511054842443
0.00080767839453
0.00216527172892
0.00197868189895
0.00155457608148
0.00279016229924
-0.000651629676556
-0.000516971922903
0.000801584665814
0.00215899469216
0.0019722150705
0.00154987050926
0.0027853209038
-0.000656612614241
-0.00052210220646
0.000796301207534
0.0021535522829
0.00196660808653
0.00154588672217
0.00278122211897
-0.000660831239701
-0.000526445587206
0.000791828135368
0.00214894462757
0.00196186108528
0.00154262478941
0.00277786602012
-0.000664285470766
-0.000530001975461
0.00078816554727
0.00214517183323
0.00195797418383
0.00265361408473
0.00393373413277
-0.000666975240143
-0.000532771297787
0.000785313523455
0.00214223398756
0.00195494747805
0.00265179601811
0.00393186357739
0.000489580968362
0.000659554083599
0.000783272126395
0.00214013115884
0.00195278104261
0.00265069993821
0.00393073585218
0.000488420264682
0.000658359048458
0.00202711164965
0.00343881462147
0.00195147493096
0.00265032586407
0.00393035097789
0.000488024135223
0.000657951202063
0.0020266916225
0.00343838195387
0.00328917021433
0.0026506738022
0.00393070896158
0.000488392587705
0.000658330552838
0.00202708230298
0.00343878439163
0.0032895848257
0.00265174374655
0.00393180979669
0.000489525614947
0.000659497092948
0.00202828368254
0.00344002192539
0.00329085979385
0.00265353567852
0.00393365346295
0.000491423194872
0.000661450798298
0.00203029573487
0.00344209452639
0.00329299508732
-0.00266514985466
-0.00451384349845
-0.00123456036246
-0.00287498090533
-0.00479623987701
-0.00156765216848
-0.00335271778459
-0.0027579029941
-0.00460644085527
-0.00132872433303
-0.00296486636047
-0.00488789191499
-0.00166098860184
-0.00344603476099
-0.0028498793396
-0.00469824718931
-0.00142208675149
-0.00305392922208
-0.0049787084312
-0.00175347736308
-0.00353848794874
-0.00294107684389
-0.00478926038226
-0.00151464539783
-0.00314216728126
-0.00506868709268
-0.00184511599718
-0.00363007479962
-0.00303149346991
-0.00487947832661
-0.00160639806304
-0.00322957834173
-0.0051578255794
-0.00193590206237
-0.00372079277945
-0.00312112719102
-0.00496889892592
-0.00169734254938
-0.00331616022013
-0.00524612158455
-0.00202583313035
-0.00381063936832
-0.00354829195496
-0.00539583605871
-0.00178747667057
-0.00340191074621
-0.00533357281476
-0.00211490678656
-0.00389961206088
-0.00363635382905
-0.00548365572375
-0.00223151760025
-0.00384154618003
-0.000427475877211
-0.00220312063053
-0.00398770836673
-0.00372362678283
-0.00557067182271
-0.00232002447924
-0.00392562754446
-0.00088601680759
-0.00266325835099
-0.00407492581063
-0.00381010883336
-0.00565688230542
-0.00240771450529
-0.00400887112699
-0.000970920091542
-0.00274974542664
-0.00453404800773
-0.00389579800906
-0.000765308470903
-0.00249458554023
-0.00409127481229
-0.00105496956708
-0.00283536557571
-0.00461950036436
-0.00398069234999
-0.000849901619134
-0.00258063545853
-0.00417283649934
-0.00113816301211
-0.00292011645674
-0.00470406652759
-0.004064789908
-0.000933683073981
-0.00266586214747
-0.00425355410168
-0.00122049821956
-0.00300399574372
-0.00478774408602
-0.00414808874693
-0.00101665083492
-0.00275026350741
-0.00433342554766
-0.00130197299768
-0.00308700112641
-0.00487053064498
-0.00423058694286
-0.00109880291438
-0.002833837452
-0.00441244878066
-0.00138258517023
-0.00316913031054
-0.00495242382682
-0.00431228258422
-0.00118013733793
-0.00291658190838
-0.00449287391803
-0.00146233257681
-0.00325038101821
-0.00503342127123
-0.00439317377207
-0.00126065214453
-0.00299849481748
-0.00457609872098
-0.00154121307308
-0.00333075098807
-0.0051135206355
-0.00447325862025
-0.0013403453867
-0.00307957413418
-0.00465847875045
-0.00161922453104
-0.00341023797565
-0.00519271959488
-0.00455253525557
-0.00141921513076
-0.00315981782755
-0.00474001188165
-0.00169636483928
-0.00348883975363
-0.00527101584285
-0.00463100181805
-0.00149725945704
-0.00323922388111
-0.00482069600459
-0.00177263190322
-0.00356655411213
-0.00534840709143
-0.00470865646109
-0.00157447646007
-0.00331779029305
-0.00490052902436
-0.0018480236454
-0.00364337885896
-0.00542489107149
-0.00211914899048
-0.000753546014869
-0.00456236615434
-0.00325601097241
-0.00181585143331
-0.000444799394735
-0.0041126572067
-0.00222034395948
-0.000840330245326
-0.00465924969018
-0.0033516808502
-0.00191168153372
-0.000531148261047
-0.00419985645199
-0.00232074296085
-0.000926302667208
-0.00475534965834
-0.00344657476019
-0.00200674653409
-0.000616725824864
-0.00428629518541
-0.00242034359967
-0.0011411516115
-0.00485066386099
-0.00354069058025
-0.00210104436683
-0.000701530234409
-0.00469533050846
-0.00251914349059
-0.00122549424039
-0.00494519011017
-0.00363402619801
-0.00219457297366
-0.000785559648784
-0.00478024276336
-0.00261714025801
-0.00131034878621
-0.00503892622797
-0.00372657951103
-0.00228733030583
-0.000868812238145
-0.00486438907243
-0.00271433153637
-0.00140995270417
-0.00513187004675
-0.00381834842704
-0.00237931432428
-0.000951286183878
-0.00494776764543
-0.00294038860036
-0.00150876480579
-0.00522401940938
-0.00390933086412
-0.00247052299986
-0.00137129564252
-0.00503037670297
-0.00303596184517
-0.0016067827679
-0.00531537216938
-0.00399952475094
-0.00256095431348
-0.00145220689097
-0.00511221447663
-0.00313072256673
-0.00170400427701
-0.000412547075179
-0.00408892802689
-0.00265060625636
-0.0015323341091
-0.00519327920918
-0.00322466844196
-0.00180042702955
-0.000502300234485
-0.00417884042546
-0.00307779279392
-0.00161167552498
-0.0052735691547
-0.003317797159
-0.00189604873209
-0.000591250418188
-0.00426815422207
-0.00316588001103
-0.00169022937881
-0.00535308257878
-0.00341010641747
-0.00199086710158
-0.000679395524797
-0.00435667382852
-0.00325318189465
-0.00176799392306
-0.00543181775868
-0.00350159392868
-0.00208487986556
-0.000766733464604
-0.00444439720098
-0.00333969647904
-0.00184496742267
-0.00053076790005
-0.00359225741592
-0.00217808476243
-0.000853262159895
-0.00486963827085
-0.00342542180972
-0.00192114815521
-0.000607941470878
-0.00368209461466
-0.00227047954164
-0.000938979545171
-0.00495576308995
-0.00351035594367
-0.00199653441108
-0.000684331700991
-0.00377110327285
-0.00236206196396
-0.00102388356736
-0.00504108561321
-0.00359449694947
-0.00207112449363
-0.000759936915995
-0.0038592811511
-0.00245282980167
-0.00110797218605
-0.0051256038439
-0.00367784290757
-0.00214491671942
-0.000834755454003
-0.00394662602297
-0.00254278083886
-0.0015459617906
-0.00520931579756
-0.00376039191043
-0.00221790941831
-0.0009087856658
-0.0040331356752
-0.00263191287159
-0.00162841353268
-0.00529221950223
-0.00384214206272
-0.00229010093368
-0.000982025915006
-0.00411880790795
-0.00272022370817
-0.00171004382803
-0.00537431299864
-0.00392309148154
-0.00236148962258
-0.00105447457824
