0.0015859201984
0.00402861151898
0.00166761524349
0.00425494171783
0.00206316283942
0.0045633783599
0.00217515513646
0.00165166715254
0.0040930878573
0.00173296770311
0.00432124625062
0.00213040918532
0.0046222901203
0.00223500768451
0.00171793769959
0.00415809672458
0.00179885988523
0.00438809755817
0.00219820924766
0.00468177116595
0.0022954378513
0.00178473120364
0.00422363747679
0.00186529111845
0.00445549494038
0.00226656229722
0.00474182082879
0.00235644493719
0.00185200848681
0.00428970946571
0.00193226072701
0.00452343769263
0.00233546760007
0.0048024384354
0.002418028237
0.00191762012497
0.00435631203889
0.00199976803079
0.00459192510582
0.0024049244177
0.00486362330711
0.00248018704004
0.00198375461531
0.00442344453975
0.00206781234538
0.0046609564664
0.002474932007
0.00492537475996
0.0025429206302
0.00306664071626
0.00553909193584
0.00213639298212
0.00473053105645
0.00254548962033
0.0049876921048
0.00260622828593
0.003133819009
0.00560728230584
0.00325349301367
0.00480064815363
0.00261659650554
0.00505057464727
0.0026701092803
0.00320151824405
0.00567600060912
0.00332314421173
0.00595304565229
0.00268825190602
0.00511402168788
0.00273456288104
0.00326973777696
0.00574524617277
0.00339332964061
0.00602424557949
0.0038421936817
0.00517803252202
0.00279958835059
0.00333847695938
0.00581501831986
0.00346404859486
0.00609598582099
0.00391494382516
0.00636029411241
0.00286518494611
0.0034077351391
0.00588531636949
0.00353530036496
0.00616826563734
0.00398794972775
0.00642543039956
0.00404903959194
0.0034775116601
0.00595613963682
0.00360708423728
0.00624108428489
0.00405674589027
0.00649112833615
0.00411577619009
0.00354780586259
0.00602748743308
0.00367939949419
0.00631444101582
0.00412214194458
0.00655738719749
0.00418308165457
0.00361861708298
0.00609935906564
0.00375224541401
0.00638833507818
0.00418790286571
0.00172997201394
0.0042509552219
0.00368994465396
0.006171753838
0.00382562127111
0.00156183340393
0.00425421530242
0.00179735053111
0.00431939612354
0.00376178790452
0.00624467104983
0.00389952633592
0.00163679985699
0.00432107854874
0.00186528776962
0.00438840358594
0.00383414615997
0.00141107752216
0.00397395987493
0.00171230136125
0.00438849189406
0.0019337829853
0.00445797683056
0.00390701874197
0.00148503749686
0.00404892115081
0.0017883371486
0.00445645462315
0.00200283542924
0.00452811507393
0.00398040496857
0.00155951778746
0.00412440942232
0.00186490644699
0.00452496601621
0.00207244434778
0.00459881752767
0.00162767586284
0.00235517266336
0.00306608091843
0.0049590018234
0.00568905645268
0.00157994015562
0.00342829277206
0.00169099418785
0.00242051713606
0.00427793046554
0.00502586468169
0.00575828202584
0.00165169149986
0.00350274913624
0.0017549575224
0.00248652520938
0.00434415069974
0.00507643916249
0.00582823712509
0.001724195778
0.00357798312089
0.00181956493856
0.00255170222759
0.00441091320526
0.00514471549203
0.00589892044041
0.00179745153774
0.00365399311115
0.00188481550084
0.00261712885037
0.00447761754226
0.00521369676984
0.0010984909939
0.00187145731553
0.00373077748006
0.00195070826629
0.00268321798194
0.00454500489832
0.00528338179151
0.00117062676959
0.00297855477097
0.00380833458867
0.00201724228455
0.0038520286872
0.00461307417165
0.00535376934315
0.00124348676902
0.00305405614982
0.00388666278625
0.00208441659789
0.00391943978426
0.0046818242517
0.00542485820144
0.00131706964103
0.00313030308983
0.00396576041042
0.00215223024133
0.00398751032198
0.00475125401924
0.00549664713376
0.00139137402447
0.00320729408374
0.00404562578731
0.00222068224265
0.00405623926172
0.00482136234649
0.00556913489828
0.00146639854833
0.00328502761369
0.00412625723174
0.00228977162247
0.00412562555704
0.00489214809717
0.00564232024407
0.00253068952201
0.00336350215139
0.00420765304735
0.00342051595071
0.00419566815371
0.00496361012658
0.00571620191118
0.00260715017464
0.00344271615822
0.00428981152679
0.00349087712116
0.00426636598983
0.00503574728173
0.00579077863075
0.00268432679647
0.00352266808538
0.00437273095184
0.00356187268975
0.00433771799586
0.00510855840136
0.000983735814005
0.00276221797808
0.00360335637402
0.00445640959362
0.00363347498112
0.00440972309477
0.00516573578912
0.00105969879676
0.00284082230079
0.00368477945539
0.00454084571272
0.0037038993513
0.00448238020202
0.00523989132147
0.00208460140399
0.00292013833672
0.00376693575096
0.00462309880134
0.00377495704662
0.00455489530583
0.00531471728601
0.00216194547003
0.00300016464891
0.00384982367257
0.00470317495264
0.00384664706216
0.00462800439713
0.0053902124894
0.00223997811404
0.00308089979147
0.00393344162256
0.00478401227596
0.00391896838622
0.00470176316954
0.00546637573052
0.00231869801578
0.00316234230966
0.00401778799392
0.00472068226048
0.00399192000038
0.00477617052042
0.00554320580051
0.00239810384681
0.00324449074004
0.00410286117038
0.00565293485123
0.00406550087956
0.00485122533996
0.00656894991398
0.00247819427058
0.00332734361056
0.00418865952663
0.0057360455695
-0.0067375593297
-0.00601743206887
-0.00763025722616
-0.00479218962691
-0.00600456875799
-0.00408557832361
-0.00480249441198
-0.00487581126157
-0.00213957993457
-0.00434361650635
-0.00157193476628
-0.00118588224731
-0.00238471817943
-0.00407187097153
-0.00179239165248
-0.000405808837117
0.0015464678436
-0.00108713144201
-0.00245304557409
-0.000997199205686
0.00050104788938
-0.00610232449922
-0.00323909353734
-0.00693555899785
-0.00512177633649
-0.00630810392446
-0.00331406163855
-0.00401369473013
-0.00403450394891
-0.00634562173662
-0.00348290035356
-0.00339577554568
-0.000338231452469
-0.000532833664522
-0.00330114308171
-0.00107092176374
0.000282455535868
-0.000998123421058
0.000485003400281
-0.00177050624403
-0.000275289339814
0.00116882177076
-0.00542119931539
-0.00252707217385
-0.00714419789226
-0.00435014920864
-0.00550990477571
-0.00249316052922
-0.0031753057388
-0.00191736525657
-0.00544315941
-0.00259792710519
-0.00253728679479
-0.00226278014017
-0.00164889787067
-0.00252491101597
-0.00141572578823
-0.0021556357708
-0.000302048468394
0.00121051061383
-0.00104392315417
0.000487742918878
-0.00138922994767
-0.00469647168909
-0.00276960978673
-0.00429123978987
-0.00353308780147
-0.00466599457696
-0.00342796119019
-0.00409257534367
-0.0010242306674
-0.00457644299198
-0.00172614835874
-0.00422204719772
-0.00140162243237
-0.000803463802812
-0.00170084232006
-0.00369004163222
-0.00139244866022
2.33544533387e-05
0.00194632921405
7.23762411572e-06
-0.00198021376449
-0.000647541783762
-0.00483058760822
-0.00197134452206
-0.00346149976386
-0.0026735777688
-0.00541054886334
-0.00251873825685
-0.0031659140812
-0.000126784541378
-0.00366607556149
-0.00336483700085
-0.00330742375014
-0.000495967225667
8.64943391461e-05
-0.000451601720215
-0.00284733507971
-0.000596358049745
0.000790570244814
-0.000759938458054
0.000814975445689
-0.00119442202401
0.000131965728988
-0.00402542826185
-0.00564575752034
-0.00259218417252
-0.00542303653825
-0.00448465685093
-0.00157023773623
-0.00220017957545
-0.0017431516575
-0.00220327305142
-0.00240769160623
-0.00235186871957
0.000450718305775
-0.00209548997336
0.000458247662232
-0.00196329355925
0.000241767387779
-0.00183000784458
3.72507008992e-05
0.00164578764375
0.00321203366509
-0.00253081516472
-0.00318334528184
-0.00477102721628
-0.00323852551414
-0.00448708800224
-0.00352217541237
-0.00436232005456
-0.00354524473283
-0.0040359596718
-0.00121422212336
-0.00429145313685
-0.00135868294638
-0.00167792789175
-0.00112635179059
0.0014063576836
0.00241257522921
-0.00231028708006
-0.00098181212551
0.000872747802894
0.00245057156304
0.000439898921647
-0.00168141373689
-0.00230644543165
-0.00526844624308
-0.00229760595771
-0.00351686452549
-0.00252580800391
-0.00548871600402
-0.00251041553291
-0.00302458274542
-0.000190514858656
-0.00330907935602
-0.00325634562961
-0.00295878232461
-0.000122157198424
0.000643305060973
-0.000123007122156
-0.00139603646122
-9.67740512748e-05
0.00174010205875
-0.000327743462119
0.00132374961336
-0.00079983062985
-0.00280367729838
-0.00432634445785
-0.00132441023834
-0.00251479295889
-0.00155812290403
-0.00443958903149
-0.00144512859919
-0.00198106284306
-0.00206038278003
-0.00224810829903
-0.00219686123308
-0.00190761038615
-0.00242708166408
-0.00168185946615
0.000851870087614
0.00193762373249
0.000822803780874
-0.00132810667214
0.000546955378618
0.00223879198574
0.00355806263495
-0.00186313783939
-0.00335370758588
-0.00032111455991
-0.00353313858477
-0.00050138335949
-0.00336199382274
-0.000375245995927
-0.00369482055124
-0.000975593310752
-0.00115805258371
0.00177567416591
-0.00399148451869
-0.00136081093647
-0.000635332531295
0.00185835557785
0.00291821659161
-0.00181494491096
-0.000406715249603
0.00145369220757
0.00308021006063
0.000696325208657
-0.00537318770021
-0.00422328593203
-0.00552690055869
-0.00247403384881
0.000582190782064
-0.000173542594382
-0.00208481588355
-0.0025944988869
0.000136058698194
-4.13025519633e-05
-0.000426198593494
-0.00288394858343
-0.00026711844198
0.000439157491264
-0.000821523237133
0.000212933752922
-0.00083275480454
0.000545280922475
0.00239062460784
0.00018746495922
0.00166419683839
-0.00489793108863
-0.00319532339592
-0.00446940458917
-0.0013894420553
-0.00231693682943
-0.00179107533047
-0.00435648784771
-0.00146912145772
0.00127239374385
-0.00206445793867
0.000713712597691
-0.00175159209619
0.000851839455355
-0.00204386982315
0.000241542975859
0.00125114975601
0.00335438658718
0.00152601319547
-0.000443040574884
0.00112217525069
0.00265766045957
-0.0038755542026
-0.00214234627612
-0.00338754946755
-0.00276503587523
-0.00368002580852
-0.000679400812629
-0.00126635989992
-0.000320672065887
-0.00377768349386
-0.000900682645872
-0.00085492219006
0.00213470672443
-0.00354777124496
-0.000934990685786
0.00132988507247
0.00231524482325
0.000365033262216
-0.00123912540431
0.000539316497816
0.00208374622442
0.00367525892965
-0.00282915347186
0.00023515717659
-0.00456777147616
-0.00163481484897
-0.00256517394569
0.00045490335649
-0.000117009044717
-0.00222935690298
-0.00259778061933
0.000283792191406
0.000328301543837
-0.000313526203642
-0.00238405195081
0.000196747022226
0.000977281474011
-0.000544224400629
0.00058774400326
0.00271705294715
0.00154217183995
0.0030709197011
0.000664434357857
-0.00176020100816
-0.0010097921245
-0.00344206581485
-0.000507457694666
-0.00142876400031
-0.00145785571024
-0.0020152209715
-0.00104005009185
-0.00139865723971
0.00148731302384
-0.00188817600043
0.000882037922702
0.00132495161004
0.00134964892549
-0.00171722161047
0.000566411313145
0.00167252330104
0.00377377343395
-0.00171256703145
8.86718793185e-05
0.00160996680861
-0.0028253062075
-0.00413455181156
-0.00229686810361
0.000627139973531
-0.00312669112913
-0.000283181564466
-0.000826499191447
0.00214344623421
-0.000181821119412
-0.000710420070364
-0.000668269745937
0.00209545169854
0.00252678777513
-0.00130592683921
-0.000563414113185
0.00169795184942
0.00277889499198
0.000651403505597
-0.000662599344599
0.0011228157271
0.00261613274338
-0.0017153105858
-0.00299668060369
7.56348241097e-05
-0.00485404277342
-0.00195165077878
-0.00265947389549
0.000379727477421
-4.07121604591e-05
-0.00222052823605
0.000526814605485
0.000567854927137
0.00332533889632
-0.000140777011625
0.00230719276056
0.000609188315927
0.00284897185035
-0.000226921434564
0.00175123777309
0.00310079276087
0.00217765664896
-0.000508741323767
-0.000586654264069
-0.00185305501616
-0.00148426221422
-0.00368218712163
-0.000759308513695
-0.00145009939807
-0.00169761414793
-0.00207043050335
0.000867465701838
-0.00111880094183
-0.00185961244703
0.000696972196493
0.00108026850544
0.00351473419905
0.00179926549868
-0.00011421965301
0.000918503842279
0.0028706423635
0.00419248107052
-0.000912547102502
0.00054018120207
0.000559528474615
-0.00322145717196
-0.000318309047634
-0.00131224915833
0.00044913298515
-0.00337893704103
-0.000460143432628
-0.000816592757228
0.00212968056291
-0.00333616490318
-0.000594680083357
-0.000374404588892
0.0023164736917
0.00283608389591
-0.00102064060534
0.00107189763308
0.00208157988908
0.00400840712811
0.000967191406472
0.0026701111188
0.00160877288112
-0.000809816765432
-0.00206342188176
0.00086399504105
-0.000107975836136
-0.00148115360901
-0.00213964320772
0.000791275216425
0.000450489057693
-0.00020411955723
-0.00205744942428
0.000683054425961
0.00089781040492
-0.000499958288233
7.12037287472e-06
0.00242814136113
0.00103512617964
0.0032611731478
0.000117682246574
0.00209583172485
0.00349156711054
0.00269597490399
-0.00384553501131
-0.0008893715535
0.00206160830751
-0.00191026728057
0.000951545451359
-0.000886943097129
0.00205564999397
-0.0017197791707
0.00108297180499
0.000947206977605
0.00197264854307
-0.00171913463776
0.000763372534113
0.0012583852941
0.0036637202929
0.00225181475811
0.000180506656727
0.00128885336701
0.00324134085884
0.00461009593733
0.00183883682789
0.00267710847911
0.00491768811603
0.00257586817361
0.00476296809152
1.78399408207e-05
0.00211895099982
5.53873911011e-05
0.00265134607127
0.00489463349414
0.00255246644719
0.00473922209193
0.00258966216183
0.00208879394295
2.47175087671e-05
0.00262614115727
0.00487214562175
0.0025296399032
0.00471605963451
0.00256558405761
0.00473150671397
-5.3461567415e-06
0.00260149400022
0.00485022474107
0.00250738879494
0.00469348098385
0.0025420978588
0.00470254606289
0.00263746856984
0.00257740485756
0.00482887108839
0.00248571336948
0.00467148639805
0.00251920384152
0.00467418414185
0.00260861844749
0.00255387398106
0.00480808489397
0.00246461386762
0.00465007612867
0.00249690227505
0.00464642129298
0.00258037563703
0.00253090161679
0.00478786638209
0.0024440905239
0.00462925042072
0.0024751934219
0.00461925785148
0.00255274048899
0.00250848800513
0.00476821577101
0.00242414356658
0.00460900951267
0.00245407753773
0.00459269414553
0.00252571334661
0.00248663338073
0.00474913327297
0.00251753961758
0.0045893536364
0.00243355487136
0.000280135807408
0.00249929454585
0.00246533797255
0.00473061909419
0.00249874609261
0.00457028301722
0.00241362566477
0.000254772529039
0.00247348441532
0.00244460200376
0.00471057485455
0.00248052960098
0.000222379110299
0.00239348205186
0.000230009928616
0.00244828327632
0.00242442569183
0.00469009608028
0.00246289034568
0.000204479654781
0.00236966683866
0.000205848306154
0.00242369144277
0.00240480924844
0.000304115460616
0.00244582852339
0.000187166092615
0.00234644438189
0.000182287954579
0.00239970922119
0.00238575287951
0.000284773275094
0.00242934432441
0.000170438622639
0.00232381495531
0.000159329159713
0.00237633691074
0.00236725678517
0.000265999700844
0.00241343793268
0.000154297437043
0.00230177882584
0.000136972200251
0.00235357294048
0.00234932115976
0.000247794941061
0.00239810952577
0.000138742721365
0.00228033625355
0.000115217347752
0.00233142131999
0.00233194619182
0.000230159192878
0.00238335927487
0.000123774654471
0.00225948749165
9.40648666149e-05
0.00230988046344
0.00464182731256
0.000213092647351
0.00236918734478
0.000109393408553
0.0022392327865
7.35150140674e-05
0.0022889506402
0.00462557420191
0.00252724513359
0.00235559389388
9.55991491137e-05
0.00221957237753
5.35680401493e-05
0.00226863211212
0.00460988227943
0.0025113175422
0.00474258244779
8.23920349604e-05
0.0022005064973
3.4224187697e-05
0.00224892513357
0.00459475171034
0.00249595969008
0.00473014640482
0.00246977559182
0.00465346373596
1.5483692329e-05
0.00222982995138
0.000340827641518
0.000362363924816
0.00331564553436
0.00333458237449
-0.00068853908251
-0.00081667417254
0.0021506333437
0.000302730315303
0.000323061493489
0.00327506559414
0.00329264652347
-0.000741066911481
-0.000871116867977
0.00209414140677
0.000265304061558
0.000284450652066
0.00323519892144
0.00325144686364
-0.000792841480908
0.00212571430088
0.00203845564794
0.000228549451466
0.000246532027064
0.00319604620515
0.00321098415439
-0.000843861780151
0.00207283057864
0.00198357731861
0.000192467046589
0.00309441132286
0.00315760812269
0.00317125914257
-0.00089412681152
0.00202072801298
0.00192950765451
0.000157057398829
0.00305787896821
0.00311988533993
-0.000893065655264
-0.000943635590376
0.00196940769816
0.00187624787566
0.000122321050385
0.00302204064636
0.00308287851118
-0.000931313082368
-0.00099238714522
0.00191887071402
0.00182379918621
8.82585337116e-05
0.00298689694155
0.0030465882791
-0.00096882064763
0.00190413177496
0.00186911812584
0.00177216277429
5.48703714821e-05
0.00295244842734
0.00301101527464
-0.00100586151257
0.00185689752962
0.00182015098428
0.00172133981189
0.002816158328
0.00291869566654
0.00297616011702
-0.00105073956167
0.00181042334304
0.00177197032523
0.00167133145478
0.00278412040335
0.00288563921121
0.00294202341363
-0.00109488157947
0.00176471013324
0.00172457716972
0.00161966874608
0.00275275834206
0.00285327960257
0.00290860576002
-0.00113828675031
0.00171975880468
0.00167797252383
0.00156772311966
0.00272207262729
0.00282161737096
0.00287590773984
-0.00118095427098
0.00167557024811
0.00163215737856
0.00151659219815
0.00269206373222
0.00279065303585
0.00284392992477
0.00162096228489
0.00163214534053
0.00158617051696
0.00146627714833
0.00266273212001
0.00276038710574
-0.00128321116551
0.00157977242411
0.00158948494512
0.00153849472407
0.00141677912051
0.00263407824378
0.00273082007811
-0.00131374690338
0.00153932254781
0.00154758991109
0.00149160852158
0.00136809924848
0.00260610254659
0.00270195243946
-0.00134356079331
0.00149961340875
0.00150646107367
0.00144551290953
0.00433586673382
0.00257880546135
0.00267378466518
-0.00137265231193
0.00146064574686
0.0014632185923
0.00140020887274
0.00428882650771
0.00255218741086
0.00264631721956
0.00134730079377
0.00142242028926
0.00142029911853
0.0013556973807
0.00424260773801
0.00252624880772
0.00261955055575
0.00131965553908
0.00138493775011
0.0013781459407
0.0013119793875
0.00419721149096
0.00250099005431
0.00259348511572
0.00129273415249
0.00134674086594
0.00133675990143
0.00126905583172
0.00415263881565
-0.00517005199198
-0.00537325691952
-0.00571357987917
-0.00806973807577
-0.00362219210704
-0.00428287388737
-0.00508902517156
-0.00517171475239
-0.00537504408428
-0.00575958072417
-0.00814316416875
-0.00370030536371
-0.00435744483682
-0.00518687518786
-0.00517113522476
-0.00537442119626
-0.00582553581181
-0.00821397606995
-0.00377565967518
-0.00442906284171
-0.00529168376321
-0.00516831350621
-0.00537138837606
-0.00802650872307
-0.00828215658498
-0.00384823448348
-0.00449770566222
-0.00539358370668
-0.00516325006953
-0.00536594621069
-0.00808751223328
-0.00834768901567
-0.00391800979539
-0.00459164030458
-0.00549254216913
-0.00515594576281
-0.00539383666562
-0.00814602002349
-0.00841055717893
-0.00399232872162
-0.00470131256465
-0.00558852677455
-0.00514640180868
-0.00544570081251
-0.00820201940222
-0.00847074542551
-0.00409259316953
-0.00480822141283
-0.00568798732717
-0.00513461980333
-0.00549521926847
-0.00825549814141
-0.0039585014175
-0.00419019227876
-0.0049123353229
-0.00578995817116
-0.00512060171517
-0.00554238265998
-0.00830644448909
-0.00401328510895
-0.00429727411346
-0.00501362313029
-0.0058889443544
-0.00513254492051
-0.00558718201284
-0.00835484718174
-0.00406534531923
-0.00440333175519
-0.00511205407022
-0.00598491252629
-0.00517175244225
-0.00562960876039
-0.00840069545628
-0.00411466871266
-0.00450673590465
-0.00520759781637
-0.00654248906129
-0.00520875384053
-0.00566965475149
-0.00844397906154
-0.00416124257417
-0.0046074587332
-0.00530022452009
-0.00663232336957
-0.00524354300306
-0.00829802721192
-0.00848468826941
-0.00421340215312
-0.0047054727585
-0.00538990484999
-0.00672257458166
-0.00527611416239
-0.00833328893636
-0.00852281388544
-0.0042957197136
-0.00480075087556
-0.00547957794571
-0.0068136876959
-0.00530646190058
-0.00836614801828
-0.00855834725894
-0.00438142191598
-0.00489326638833
-0.00557829475099
-0.00690167326449
-0.00533458115366
-0.00839659804119
-0.00859128029262
-0.00446450387608
-0.00498299304143
-0.0056740771767
-0.0069864995835
-0.00536046721578
-0.00842463303859
-0.00862160545159
-0.00454494483846
-0.00506990505221
-0.00576689428992
-0.00706813568043
-0.0053841157431
-0.00845024749978
-0.00864931577188
-0.00462272449807
-0.00515397714295
-0.00585671569925
-0.00714655136416
-0.0054055227574
-0.00847343637518
-0.008688198758
-0.00469782302324
-0.00523518457309
-0.00594351159754
-0.00722171727488
-0.00542468464939
-0.00849419508125
-0.00442868132576
-0.00477022107852
-0.00531350317148
-0.0071884094927
-0.00732400658604
-0.00544159818175
-0.00851251950501
-0.00448116228958
-0.00483989984734
-0.0053889093686
-0.00726906749927
-0.00743297666456
-0.00574482695331
-0.00602224450634
-0.00776255532281
-0.00513112918473
-0.00574285914273
-0.0068517207143
-0.00772312065553
-0.00569744108706
-0.00597320054681
-0.00771197636415
-0.00507919747347
-0.00944657622937
-0.00682665013375
-0.00770679323165
-0.00564857777809
-0.00592263036437
-0.00765982629136
-0.00502565530648
-0.00942034202768
-0.00679985480491
-0.00409865043624
-0.00559824066957
-0.00322466778464
-0.00760610951656
-0.00497050745067
-0.00939242119694
-0.00677133740194
-0.00408327114661
-0.00554643350208
-0.00754599823445
-0.00755083056717
-0.00491375879626
-0.00936281640358
-0.00674110076478
-0.00406789132998
-0.00549316011221
-0.00749087399155
-0.00749399408407
-0.00485541435471
-0.00933153046873
-0.00670914789779
-0.00405075062141
-0.00543842443124
-0.00743424028097
-0.00743560481978
-0.00479547925663
-0.00929856636684
-0.00667548196822
-0.00403185079652
-0.00538223048372
-0.00737610154979
-0.00737566763652
-0.00473395968094
-0.00926392722436
-0.00664685157279
-0.00401119381036
-0.00532458238609
-0.00731646234509
-0.00731418750433
-0.00469161723183
-0.00922761631821
-0.00662879761234
-0.00398878179647
-0.0052654843452
-0.00725532731232
-0.00725116949911
-0.00465463060486
-0.00918963707432
-0.00660901941419
-0.00397359224147
-0.00520494065691
-0.00719270119355
-0.00718661880065
-0.00461602127014
-0.00914999306601
-0.00658751847898
-0.00395771501767
-0.00514295570457
-0.00712858882575
-0.00712054069063
-0.00457579266623
-0.00910868801235
-0.00656429787216
-0.00394036926266
-0.00507953395755
-0.00706299513904
-0.0070529405506
-0.0045339483656
-0.00906572577647
-0.00653935942898
-0.0039225360326
-0.0050146799697
-0.00699592515489
-0.00698382385996
-0.00449049207303
-0.00591166736233
-0.006512705616
-0.00749300806208
-0.00494839837784
-0.00692738398438
-0.00691319619384
-0.00444542762406
-0.00586540291873
-0.00648433906422
-0.00747238944876
-0.00488069390019
-0.00685737682634
-0.00684106368674
-0.00439875898331
-0.00583613557881
-0.00645426256781
-0.00745645413993
-0.00481157133484
-0.00678590896552
-0.00676743116777
-0.00843035832852
-0.00581116490843
-0.00642247908272
-0.00743876523096
-0.00474103555811
-0.00671298577079
-0.00669230495248
-0.00838049370602
-0.00578452212735
-0.00638981946303
-0.00742151054162
-0.00466909152303
-0.00663861269327
-0.00661760618651
-0.00832903754312
-0.00575620973458
-0.0063721245071
-0.00740345912727
-0.0045957442577
-0.00656279526445
-0.0065661625597
-0.0082759943035
-0.00572623038031
-0.00635271352377
-0.00738365740282
-0.00898029894211
-0.00648553909429
-0.00651318108755
-0.00823950119056
-0.00569458686464
-0.00633158842423
-0.00736519431398
