-0.00401148475656
-0.00267071150687
-0.00138486364788
-0.00489604951214
-0.00332205551857
-0.00169020295704
-0.00516780522257
-0.0040069640612
-0.00269153332741
-0.00140537451428
-0.00491621342213
-0.00334527802533
-0.00171300804944
-0.00519476467953
-0.00400136743548
-0.00271129888308
-0.00142484475199
-0.00493535415733
-0.00336749684415
-0.00173482915925
-0.00522075670704
-0.00399469509539
-0.00273000743508
-0.00144327365475
-0.00495347104662
-0.00338871122427
-0.00175566185006
-0.00524578048741
-0.00398694729835
-0.0027476582835
-0.00146066055347
-0.00497056345425
-0.00340892044816
-0.0017759196786
-0.00526983523251
-0.00397812434319
-0.00276425076742
-0.00147700481638
-0.00498663077996
-0.00342812383164
-0.00180303018284
-0.00529292018396
-0.00398650810246
-0.00277978426504
-0.00149230584912
-0.00500364654467
-0.00344632072403
-0.00182915618646
-0.00531503461319
-0.00400116938854
-0.00279425819382
-0.00150656309488
-0.00503069418032
-0.00346351050821
-0.00185429683819
-0.00533617782157
-0.00401475689829
-0.00280767201058
-0.0015197778971
-0.0050567209377
-0.00347969260077
-0.00187845131796
-0.000356353908907
-0.00402727010817
-0.00282002521155
-0.001531946049
-0.00508172590498
-0.00349486645209
-0.00190161883699
-0.000375580690803
-0.00403870853573
-0.00283131919521
-0.00154306896958
-0.00510570820511
-0.00350903154641
-0.00192379863795
-0.000397392996316
-0.00404907173972
-0.00284154981169
-0.00155314625304
-0.00512866699596
-0.0035234404776
-0.00194656150063
-0.00041823307143
-0.00406480310192
-0.00285261984407
-0.00157477025223
-0.00515060147048
-0.00354808886621
-0.00197711755623
-0.000438100255893
-0.00410176901211
-0.00288911044897
-0.00159602448708
-0.00517151085683
-0.00357590502601
-0.0020068461361
-0.00045699391972
-0.00413767335711
-0.00292455274303
-0.00163050729748
-0.00519139441853
-0.00360271747949
-0.00203558961372
-0.000474913463289
-0.00417251476684
-0.00295894540792
-0.00166438150588
-0.00521025145455
-0.00362852531821
-0.00206334704981
-0.000494082769095
-0.00420629190953
-0.00299228716221
-0.00169722025201
-0.00522808129949
-0.00365332766671
-0.00209011753617
-0.000521474287516
-0.00423900349199
-0.00302457676166
-0.00172902234666
-0.00524488332365
-0.0036771236827
-0.00211590019585
-0.000547895190061
-0.00427064825979
-0.00305581299941
-0.0017597866364
-0.00526065693317
-0.00369991255716
-0.00214069418325
-0.000573344639828
-0.00430122499758
-0.00308599470621
-0.00178951200381
-0.00528949379296
-0.00372169351451
-0.00216449868432
-0.000597821829774
-0.00433073252923
-0.00311512075065
-0.00181819736771
-0.00531768800144
-0.00374755539188
-0.00218731291662
-0.000621325982849
-0.000460246580565
-0.00211249145751
-0.00401370333981
-0.000729272133054
-0.00238419260381
-0.0042297076201
-0.00088163955186
-0.000498207029175
-0.00213649116263
-0.00403678033083
-0.000752833421376
-0.00240917099325
-0.00425527515866
-0.000900454130309
-0.000535149140883
-0.00217414257186
-0.00405878509371
-0.000775300237023
-0.00243303310851
-0.00427970044978
-0.000925404192456
-0.000571071617404
-0.00221075536357
-0.00407971677994
-0.000796671677118
-0.00245577795129
-0.00430298242309
-0.000949188550644
-0.00060597319417
-0.00224632819962
-0.00409957458156
-0.000816946881883
-0.00247740456889
-0.00432512005711
-0.000971802391057
-0.000639852640547
-0.0022808597777
-0.00411835773133
-0.000839873072256
-0.00249791205445
-0.00434611237938
-0.000993246540048
-0.000672708760049
-0.00231434883152
-0.00413606550284
-0.000872770697175
-0.00251729954715
-0.00436595846679
-0.00101352001379
-0.000704540390545
-0.00234679413109
-0.00415269721067
-0.000904578575578
-0.00253556623234
-0.00438465744569
-0.00103262188117
-0.000735346404463
-0.00237819448286
-0.00416825221052
-0.000935295432554
-0.00255271134178
-0.00440220849213
-0.0010560925859
-0.000765125708984
-0.00240854873003
-0.00418272989934
-0.000964920035037
-0.00256873415373
-0.004418610832
-0.00109410096415
-0.000793877246236
-0.0024378557527
-0.00421406245674
-0.000993451192045
-0.00260583223329
-0.00443386374126
-0.00113149063377
-0.000821599993476
-0.00246611446808
-0.00424696679828
-0.00102088775492
-0.00264663107134
-0.00444796654603
-0.00116771955357
-0.000848292963272
-0.00249332383072
-0.00427880268768
-0.00104722861755
-0.00268632313102
-0.0044609186228
-0.00120278607004
-0.000873955203676
-0.00251948283265
-0.00430956703563
-0.00107247271659
-0.00272490676029
-0.00447634450951
-0.00123668857971
-0.000898585798395
-0.00254459050361
-0.00433926238023
-0.0010966190317
-0.00276238035012
-0.00451247119736
-0.00126942552958
-0.000922183866945
-0.0025686459112
-0.00436788571125
-0.0011196665857
-0.00279874233475
-0.00454746007119
-0.00130099541738
-0.000944748564817
-0.00259164816109
-0.00439543592101
-0.00114161444481
-0.00283399119208
-0.0045813095982
-0.00133139679195
-0.000966279083618
-0.00261359639712
-0.00442191194192
-0.00116735928315
-0.00286812544394
-0.00461401829292
-0.00136062825359
-0.000986774651223
-0.00263448980151
-0.00444731274666
-0.00119469676756
-0.00290114365641
-0.00464558471745
-0.00138868845435
-0.0010062345319
-0.002654327595
-0.00447163734841
-0.00122093614322
-0.00293304444009
-0.00467600748184
-0.00141557423567
-0.00102465802647
-0.00267310903699
-0.00449488480104
-0.0012460763463
-0.00296382645045
-0.00470528524435
-0.00144128807931
-0.00403483274476
-0.00451338262153
-0.00513934321135
-0.0019349414037
-0.00232294904771
-0.00290545753253
-0.00336904606332
-0.00382619689065
-0.0042810579995
-0.0046833189148
-0.00164199675149
-0.00217198857299
-0.00257071461294
-0.0029691738609
-0.00338456802641
-0.00381587434286
-0.00430799983675
-0.00473700857456
-0.00514744702726
-0.00541896074436
-0.0056290066323
-0.00438570623791
-0.00489089908948
-0.00552020746959
-0.00602662808409
-0.00643999853485
-0.00702595552893
-0.00378993721245
-0.000911147952633
-0.00137083443558
-0.00177565648458
-0.00204866767148
-0.00258190165373
-0.00298310122286
-0.00336395807241
-0.00377593094808
-0.00421480686261
-0.00471109215818
-0.00514008395557
-0.00555312746167
-0.00582638310935
-0.00283681487014
-0.00470678446579
-0.00523867053154
-0.00587109491406
-0.00320672762942
-0.00364555906702
-0.00423474690522
-0.00471518206991
-0.0051778072974
-0.00176865898474
-0.00217588893861
-0.00245036002171
-0.00296030894851
-0.00336381941537
-0.0037266803062
-0.00413498870281
-0.00458240999888
-0.00508154683179
-0.0023769902195
-0.00279245582059
-0.00306733277702
-0.00319976624069
-0.0018243274283
-0.00238292067415
-0.00301821780687
-0.00352953699356
-0.00399389456566
-0.00458608524927
-0.00507476233074
-0.00553985592366
-0.00600873067716
-0.00641820674735
-0.00669420604688
-0.00330666649772
-0.00371231566896
-0.000923492885223
-0.00132789165456
-0.00178372166306
-0.00228548295295
-0.00271377190197
-0.00313146573967
-0.0034078332288
-0.00354098952885
-0.00208463593227
-0.00266991297823
-0.00330782876339
-0.00382129062593
-0.00431120228429
-0.00490615521808
-0.00540293089194
-0.00587030040459
-0.00634351263734
-0.00379542227961
-0.00407283237302
-0.00453433963448
-0.00494194340241
-0.00122051872201
-0.00162076182525
-0.00208484511607
-0.0025889919271
-0.00301658107033
-0.00343629894744
-0.00371402060513
-0.00384783367806
-0.00231403552277
-0.00292593478853
-0.00356620500764
-0.00408159372802
-0.00459704999523
-0.00223487473109
-0.00273958894724
-0.00320903262959
-0.00368639480098
-0.00409983330216
-0.00437853080577
-0.00481510945317
-0.00522448071824
-0.00553117159861
-0.00592701323566
-0.00639917578609
-0.00285827572135
-0.00328492504133
-0.00370645310583
-0.00109340593027
-0.00122780652811
-0.00251222413135
-0.00315064521878
-0.00083335752604
-0.0013504495603
-0.00189140166252
-0.00249111492689
-0.00300359112234
-0.00347489852782
-0.00395621132252
-0.00437135027761
-0.00465120622228
-0.00506242159238
-0.00547336251938
-0.00576067368659
-0.00615186947475
-0.00391419679865
-0.00442235447156
-0.0048478194008
-0.00104949465698
-0.00132948999595
-0.00146440594947
0.000222833101301
-0.000384103969166
-0.00102825228972
-0.00154681713349
-0.00211317910819
-0.00271487173691
-0.00323491532331
-0.00370786801182
-0.00419292092001
-0.00460956327772
-0.00489044354749
-0.00527589235827
-0.00297047569505
-0.00324468440206
-0.00362442801837
-0.00411215450318
-0.00462191825062
-0.00504595079304
-0.00547042319148
-0.00575132622608
-0.00588668274631
-0.00423593246484
-0.00470887140634
-0.00535453046677
-0.00171078035275
-0.00230242583644
-0.0029058162911
-0.00343322073185
-0.00390759306366
-0.00167844286688
-0.00209638389204
-0.00237814972335
-0.00273746269287
-0.00315092235105
-0.00342590625641
-0.00377982233462
-0.00427499867663
-0.00478609127661
-0.0052084412012
-0.00563403290594
-0.00591568518552
-0.00605140520085
-0.00450008137093
-0.00483798764195
-0.00548486102109
-0.00600565640689
-0.00406295873043
-0.00034594640822
-0.000880489189148
-0.00135604920316
-0.00184790960541
-0.00226694048185
-0.00254944901896
-0.0028822932942
-0.00329668921222
-0.00357230254631
-0.0039000735093
-0.00440245638967
-0.00491459394231
-0.00533501003479
-0.00331611613752
-0.00359835436198
-0.00373435888732
-0.00217334841065
-0.00237536250533
-0.00302314962419
-0.00354469329701
-0.00418636843939
-0.00479228730062
-0.00533372789821
-0.00581023826639
-0.00198333583347
-0.00240324175231
-0.00268634665392
-0.00299242801083
-0.00340753874892
-0.0036836326733
-0.00153961958376
-0.00204895046883
-0.00256184375744
-0.00298007511343
-0.00340717084973
-0.00368982954458
-0.00382603807788
-0.00237433797175
-0.00246331585857
-0.00308817817063
-0.0036102208445
-0.00427656368797
-0.00488330198657
-0.00543139114112
-0.00590861018899
-0.0064063210579
-0.00682688402655
-0.000343260490812
-0.000622325269835
-0.00103792729977
-0.00131435060754
-0.00164599903818
-0.00210504760652
-0.00261840353292
-0.00303420087497
-0.00346167342958
-0.00374458440653
-0.00388091534752
-0.0025433121366
-0.00263250809903
-0.00312039271308
-0.00364268294267
-0.00433341082071
-0.00494066672888
-0.00549514093701
-0.00368016644766
-0.0041804248747
-0.00460142099089
-0.00488526894751
-0.00513710569254
-0.0055529688879
-0.00135505270942
-0.00172033899794
-0.00212529022233
-0.00263881329711
-0.00305193029683
-0.00347952642707
-0.00376252014033
-0.00175777736695
-0.00268003534278
-0.00276940854265
-0.00311974692624
-0.00134937398856
-0.00206416795946
-0.00267163732066
-0.00323222181955
-0.00371012123439
-0.00421266762776
-0.00463387370758
-0.00491786477814
-0.00514230555183
-0.00555820174937
-0.0058348253452
-0.00623358660005
-0.00214808344757
-0.000481924063126
-0.000892118649155
-0.00131958445298
-0.00160249044451
-0.00173881919249
-0.000491657092295
-0.000581165015858
-0.000793583537286
-0.00131962203683
-0.00205411471483
-0.00266149240907
-0.00322790239483
-0.00370577033176
-0.00421034073617
-0.00463153165632
-0.00491551239377
-0.00511243374774
-0.00552813508203
-0.00380605038902
-0.00423806689835
-0.00462709875551
-0.00504704228632
-0.00545407791894
-0.00126410803691
-0.00154675725096
-0.00168296141014
-0.000563346095965
-0.000652947517118
-0.000727267128538
-0.00127658601453
-0.00201060881997
-0.00261759014122
-0.00318953206906
-0.003667120564
-0.00417344790624
-0.00259582134937
-0.0028796383569
-0.00305014654846
-0.00346424057892
-0.00374044894727
-0.00420544526587
-0.00459427468672
-0.00495904065575
-0.00536268754959
-0.00578913512038
-0.00607136127969
-0.00159030525804
-0.00514432871863
-0.00523398201224
-0.000650507411546
-0.00120052130468
-0.00193371510294
-0.000541419864429
-0.00111859281433
-0.00159565520565
-0.00210347056415
-0.00252395716654
-0.00280745784169
-0.00300506657993
-0.00337797592668
-0.00363955322836
-0.00413719973038
-0.00452560633054
-0.00483512379912
-0.00523516007642
-0.00566072513477
-0.00426474168056
-0.00440045304185
-0.0051505760238
-0.00336792706885
-0.00332643623976
-0.00376121557097
0.000175029532813
-0.000430253419005
-0.00101235050921
-0.00148864257641
-0.00199767645801
-0.00241747727264
-0.00270051054081
-0.0029250490633
-0.00329749207842
-0.0035307927441
-0.00403344560153
-0.00274359185556
-0.00299788567329
-0.00339409843198
-0.0038185377853
-0.00409942009806
-0.00423476588767
-0.00325175528457
-0.00334138210102
-0.00329990731446
-0.00361947203625
-0.00434994559009
-0.00495393412869
-0.0055406430274
-0.00134767155589
-0.00185765516315
-0.0022765517628
-0.00255896879033
-0.00113260525034
-0.00150438112037
-0.00173725945833
-0.00221673794101
-0.00260364744289
-0.00284937543202
-0.00319502335861
-0.00361809963348
-0.0038980696184
-0.00403297282081
-0.00319252521934
-0.00328207473106
-0.0032406357423
-0.00344517118449
-0.00417376623546
-0.00477617072799
-0.00536717790142
-0.00584121191535
-0.00478560988447
-0.00042378522106
-0.000705440098746
-0.000983158334971
-0.0013540694846
-0.00158640105781
-0.00204254728328
-0.00242839002846
-0.00267343371439
-0.00296065525689
-0.0033821380163
-0.00366103737487
-0.00379542745751
-0.0031006598541
-0.00319008973043
-0.00314870614157
-0.00323856076879
-0.00239867314407
-0.00299921084921
-0.00359420021445
-0.0040667567258
-0.00457784234165
-0.00499429408236
-0.00527504447099
-0.00557893280091
-0.001169182008
-0.00140084456287
-0.00183354196765
-0.00221811250977
-0.00246234017709
-0.00269138853545
-0.00177953130848
-0.00205721550777
-0.00219101478744
-0.00121054249709
-0.00487389642793
-0.00335350752135
-0.00178342746193
-0.00524773180176
-0.00360437680848
-0.00202080328457
-0.0012242839472
-0.00488742937458
-0.00336680962899
-0.0017978151384
-0.00526856120489
-0.00362484340703
-0.00203127460112
-0.001236984347
-0.00489993700938
-0.00337910385229
-0.0018112126872
-0.00528842115522
-0.00364860724316
-0.00204080425044
-0.00124864323665
-0.0049114188931
-0.00339038977409
-0.00182361594415
-0.0053073091624
-0.00367995225569
-0.00204939195048
-0.00125926019379
-0.00492187462229
-0.00340066701123
-0.00183503195317
-0.00532522462894
-0.00371034814495
-0.00205703744698
-0.00129607937934
-0.00493130382939
-0.00340993148936
-0.00184545661461
-0.000342171756008
-0.00373979398787
-0.00206374051351
-0.00133959154662
-0.00493970618275
-0.00341819034409
-0.00185488958642
-0.000358140470087
-0.00376828888907
-0.00206950095146
-0.00138208070067
-0.00494707952411
-0.0034254395694
-0.00186333055899
-0.000373135033251
-0.00379583198102
-0.00207431859014
-0.00142354532669
-0.00496970827852
-0.00343167891875
-0.00187261534966
-0.000389918473017
-0.00382242242417
-0.00208372783131
-0.0014639839435
-0.00500947828385
-0.00343690817991
-0.00188117310602
-0.00041599185797
-0.00384805940708
-0.00210889752801
-0.00150339230985
-0.00504823723059
-0.00344112717494
-0.00191749231448
-0.000441094987579
-0.0038727421465
-0.00213313013905
-0.00154177460056
-0.00508598377383
-0.00344996458958
-0.00195323375018
-0.000465227067913
-0.00389646988756
-0.00216861398679
-0.00157912664293
-0.00512271660152
-0.00348602228842
-0.00198799495096
-0.000488387334934
-0.00391924190383
-0.00220717433002
-0.0016154470929
-0.00515843443465
-0.00352108311811
-0.00202177478703
-0.000510575054619
-0.00394105749744
-0.00224480544798
-0.00165073464125
-0.00519313602752
-0.00355514589981
-0.00205457215882
-0.000531789523074
-0.00396191599919
-0.00228150623897
-0.00168498801388
-0.00522682016787
-0.00358820948644
-0.00208638599717
-0.000552030066647
-0.00398181676869
-0.00231727562683
-0.00171820597205
-0.00525948567717
-0.00362027276288
-0.00211721526349
-0.000575478815898
-0.00400075733173
-0.00235211256113
-0.00175038731254
-0.0052911314108
-0.00365133278353
-0.00214705894995
-0.000601521616969
-0.00401874083103
-0.00238601601727
-0.00178153086791
-0.000321761026579
-0.00368139222304
-0.00217591607963
-0.00062658846104
-0.00403576485042
-0.00241898499671
-0.00181163550673
-0.000351363911525
-0.00371162448558
-0.00220378570666
-0.000650686002571
-0.00405909590663
-0.00245101852704
-0.00184070013369
-0.000379943792237
-0.00374166769288
-0.00223066505375
-0.000673809750229
-0.00408182568878
-0.00248211566214
-0.00116255978717
-0.00282684693423
-0.0046639203693
-0.00138125915983
-0.00312157866312
-0.00483997176375
-0.00148954194444
-0.00117975967678
-0.00285256349255
-0.00469017494216
-0.00140878358482
-0.00314972624693
-0.00487162430453
-0.00152183925982
-0.00120804826069
-0.00287728321482
-0.00471541212447
-0.00143527108173
-0.00317681589793
-0.00490219935063
-0.0015530376152
-0.00123535946465
-0.00290100527599
-0.00473963103852
-0.00146072069291
-0.00320284659619
-0.00493169570506
-0.00158313573944
-0.00126169241094
-0.00292372888345
-0.00476283084107
-0.00148513149709
-0.00322781736043
-0.00496011221138
-0.00161213426701
-0.00128704625231
-0.00294545327714
-0.00478501072348
-0.00150850260961
-0.00325172724815
-0.00498744775392
-0.00164002828765
-0.00131142017207
-0.00296617772972
-0.00480616991186
-0.00153083318253
-0.00327457349324
-0.00501370125802
-0.00166681852251
-0.00133481338424
-0.00298590154667
-0.00482630766721
-0.00155212054216
-0.00329635895666
-0.00503887169018
-0.00169250387375
-0.00135722513369
-0.00300462406639
-0.00484542142289
-0.00157236763979
-0.00331708095077
-0.00506295805832
-0.00171708328749
-0.00137865469622
-0.00302234466036
-0.00486351423533
-0.00159157187593
-0.00333673869006
-0.00508595941197
-0.00174577365008
-0.00139910137873
-0.00303906273318
-0.00488058360828
-0.00160973255107
-0.00335533142863
-0.00510787484241
-0.0017816044788
-0.00141856451927
-0.0030671665221
-0.0048966289435
-0.00162684900312
-0.00337285846037
-0.00512870348289
-0.00181633574491
-0.00143704348721
-0.00310059684001
-0.00491349273992
-0.00164292060756
-0.00338931911906
-0.00514844450879
-0.00184996602787
-0.00145453768328
-0.00313303257445
-0.00494660009103
-0.0016661774038
-0.0034047127785
-0.00517177483072
-0.00188249394981
-0.00147104653972
-0.00316447264211
-0.00497869163904
-0.00169748863442
-0.00341903885267
-0.00519898519549
-0.00191391817586
-0.00148656952034
-0.00319491599141
-0.00500976626616
-0.00172776199848
-0.00343229679576
-0.00522511065842
-0.00194423741438
-0.00150110612061
-0.00322436160267
-0.00503982288845
-0.00175699639666
-0.00344448610236
-0.00525015018572
-0.00197345041726
-0.00151465586775
-0.00325280848836
-0.00506886045602
-0.0017851907659
-0.00345560630751
-0.0052741027853
-0.00200155598013
-0.00152721832081
-0.00328025569315
-0.0050968779532
-0.00181234407957
-0.00346565698677
-0.00529696750704
-0.00202855294263
-0.00153879307074
-0.00330670229417
-0.00512387439872
-0.00183845534768
-0.00347463775636
-0.00531874344291
-0.00205444018865
-0.00154937974043
-0.0033321474011
-0.00514984884588
-0.00186352361704
-0.00348254827319
-0.000339434495558
-0.00207921664654
-0.00504959585897
-0.004532708244
-0.00324549972551
-0.00191143602109
-0.00163961193794
-0.00509017786914
-0.00362989420437
-0.005002202081
-0.00448372488021
-0.00319483998531
-0.0018590089867
-0.00158532299696
-0.00503392942278
-0.00357158674039
-0.00495403513947
-0.00443394385027
-0.00314335689176
-0.00180573169469
-0.00153015565603
-0.00497677319107
-0.00351234087899
-0.00490509601828
-0.00438336623841
-0.00309105164176
-0.00175160546865
-0.00147411138125
-0.00491871080025
-0.00345215842629
-0.00485538571542
-0.0043319931442
-0.00303792544899
-0.00169663165049
-0.00141719165866
-0.00485974389837
-0.00339104121222
-0.00480490524283
-0.00427982568241
-0.00298397954369
-0.00164081160022
-0.00135939799408
-0.00479987415507
-0.00332899109028
-0.00475365562634
-0.00422686498293
-0.00292921517261
-0.00158414669581
-0.00130073191292
-0.00473910326135
-0.00326600993723
-0.00470163790552
-0.00417311219066
-0.0028736335988
-0.00152663833304
-0.00124119496002
-0.00467743292934
-0.00320209965285
-0.00464885313361
-0.00411856846534
-0.00281723610151
-0.00146828792529
-0.00118078869937
-0.00461486489209
-0.00313726215967
-0.00459530237744
-0.00406323498147
-0.00276002397606
-0.00140909690346
-0.00111951471401
-0.00455140090331
-0.00307149940271
-0.00454098671727
-0.00400711292819
-0.00270199853365
-0.00134906671571
-0.00105737460579
-0.0044870427372
-0.00300481334916
-0.00448590724673
-0.00395020350915
-0.00264316110127
-0.00128819882736
-0.000994369995162
-0.00442179218812
-0.00293720598816
-0.00443006507269
-0.00389250794238
-0.00258351302152
-0.00122649472069
-0.000930502521019
-0.00435565107047
-0.00286867933052
-0.00437346131519
-0.00383402746017
-0.00252305565248
-0.00116395589477
-0.00571731439105
-0.00428862121835
-0.00279923540838
-0.00431609710728
-0.00377476330895
-0.00246179036758
-0.00110058386531
-0.0056517261792
-0.0042207044854
-0.00272887627502
-0.00425797359496
-0.00371471674916
-0.00239971855541
-0.00103638016445
-0.00558528012899
-0.00415190274453
-0.0026576040045
-0.00419909193704
-0.00365388905514
-0.00233684161961
-0.000971346340643
-0.00551797795097
-0.00408221788765
-0.00258542069144
-0.00413945330505
-0.00359228151497
-0.00227316097871
-0.000905483958413
-0.00544982137309
-0.00401165182551
-0.0025123284507
-0.00407905888311
-0.00352989543037
-0.00220867806596
-0.000838794598229
-0.00538081214052
-0.00394020648737
-0.0024383294171
-0.00401790986785
-0.00346673211655
-0.00214339432922
-0.000771279856307
-0.0053109520154
-0.00386788382083
-0.00236342574515
-0.0039616496094
-0.00341011815684
-0.00208642974355
-0.000713971496211
-0.00525331147715
-0.00380992861789
-0.00230518071604
-0.00138589021354
-0.00299311106187
-0.0045381302966
-0.00109797132788
-0.00274390593548
-0.00446682840433
-0.000994930626806
-0.00134795331718
-0.00295404922553
-0.00449861469513
-0.00104718277328
-0.00269559668308
-0.00441907518109
-0.000946602944658
-0.00130936614848
-0.00291433000578
-0.00445843434851
-0.00100359158495
-0.00264661236367
-0.00437063792709
-0.000897583448025
-0.00127012926002
-0.00287395398446
-0.00441758985884
-0.000975860278355
-0.00259695374088
-0.00432151741714
-0.000847872939461
-0.00123024321303
-0.00283292175235
-0.00437608183742
-0.000947450678524
-0.00254662158765
-0.00427171443577
-0.000797472231566
-0.00118970857736
-0.00279123390909
-0.00433391090472
-0.000918363224804
-0.00249561668621
-0.00422122977718
-0.000746382146923
-0.00114852593145
-0.00274889106316
-0.00429107769034
-0.000888598366633
-0.002443939828
-0.0041700642452
-0.000694603518033
-0.00110669586228
-0.00270589383183
-0.00425957978303
-0.000858156563504
-0.00240862945953
-0.00411821865319
-0.000642137187248
-0.00106421896534
-0.00266224284111
-0.00422883476577
-0.000827038284932
-0.00238282192961
-0.00406569382402
-0.000588984006708
-0.00102109584456
-0.00261793872571
-0.00419742168218
-0.000795244010414
-0.00235632802451
-0.00402083665981
-0.000820625009715
-0.000977327112325
-0.00257298212901
-0.00416534100443
-0.000762774229398
-0.00232914816328
-0.00399332625417
-0.0007661007249
-0.000932913389363
-0.002527373703
-0.00413259321428
-0.000729629441242
-0.00230128277549
-0.0039651221309
-0.000710892204805
-0.000887855304751
-0.00248111410821
-0.00409917880303
-0.000695810155179
-0.00227273230116
-0.00393622474618
-0.00066072791912
-0.000842153495855
-0.00243420401373
-0.00406509827148
-0.000661316890274
-0.00224349719075
-0.00390663456698
-0.000630804170791
-0.000795808608291
-0.00238664409709
-0.00403035212989
-0.000626150175392
-0.00221357790509
-0.00387635207101
-0.000600180462702
-0.000748821295873
-0.00233843504427
-0.00399494089796
-0.000590310549151
-0.00218297491539
-0.00384537774674
-0.000568857299882
-0.000701192220578
-0.0022895775496
-0.00395886510479
-0.000553798559886
-0.00215168870316
-0.00381371209329
-0.000536835198394
-0.000654493980313
-0.00224007231576
-0.00392212528881
-0.000516614765606
-0.00211971976021
-0.00378135562045
-0.000504114685291
-0.000608064750552
-0.00218992005371
-0.00388472199777
-0.000478759733952
-0.00208706858859
-0.00374830884859
-0.00545564508269
-0.000560994034241
-0.00213912148263
-0.0038466557887
-0.000440234042158
-0.00205373570056
-0.00371457230866
-0.00542152937126
-0.000513282492654
-0.00209482572884
-0.00380792722786
-0.000401038277002
-0.00201972161852
-0.00368014654213
-0.00538671689489
