0.00294041336487
0.00130461085779
0.00476718183441
0.00321661282153
0.00157211601738
0.00485235698655
0.00309032901787
0.0029729306492
0.00134811424705
0.0048110989851
0.00324434082633
0.00160009072278
0.00488056369509
0.0031187517018
0.00300598761526
0.00139215751041
0.0048555609167
0.00327262594945
0.00162862741409
0.00490933696497
0.00314774520451
0.00303958393837
0.00143674021089
0.00490056717986
0.00330146789579
0.0016577257883
0.00493867648565
0.00317730920832
0.00307371928882
0.00148186190664
0.00493068641884
0.00333086636464
0.00168738553668
0.00496858194068
0.00320744338952
0.00310839333188
0.00152752215098
0.00496036057007
0.00336082104973
0.00171760634476
0.00499905300777
0.00323814741842
0.00314360572782
0.00157372049237
0.00499058552577
0.00339133163921
0.00174838789236
0.00503008935879
0.00326942095934
0.00317935613193
0.00161314680929
0.00502136097733
0.00342239781569
0.00177972985363
0.00506169065978
0.00330126367068
0.00321564419453
0.00164978076843
0.00505268661073
0.00345401925624
0.00181163189703
0.00509385657096
0.00333367520486
0.003252469561
0.00168695699528
0.00508456210661
0.00348619563243
0.00184409368537
0.00512658674677
0.00336665520842
0.00328983187179
0.00172467512001
0.00511698714023
0.00351892661032
0.00187711487581
0.00515988083588
0.00340020332197
0.00332773076241
0.00176293476776
0.00506515142261
0.00355221185049
0.0019106951199
0.00519373848119
0.00343431918027
0.0033661658635
0.00179719443389
0.00509867453623
0.00358605100806
0.0019448340636
0.00522815931988
0.00346900241219
0.00340513307552
0.0018309226901
0.00513274618147
0.00362044373271
0.00197953134726
0.000286617080669
0.00350425264079
0.00344463946995
0.0018652013201
0.00516736042442
0.00365538408074
0.00201478660568
0.000322163194805
0.00354006948327
0.00348468093752
0.00190002253228
0.00520252808972
0.00369088286685
0.00205059201752
0.000358267654339
0.00357645255107
0.00352525708947
0.00193538598047
0.00523824323294
0.00372693413657
0.00208696210768
0.00039493752428
0.00361339958719
0.0035663675322
0.00197129131345
0.000277388047486
0.00376353751795
0.00212388904377
0.00043216868813
0.0036509139168
0.00360801186734
0.00200773817489
0.000314197056166
0.0038006926337
0.00216137243854
0.000469960749064
0.00368899327141
0.00365018969174
0.00204472620344
0.000351552441971
0.00383839910122
0.00219941189923
0.00050831330466
0.00372763723944
0.0036929005975
0.00208225503268
0.000389453827589
0.00387665653255
0.00223800702765
0.000547225946923
0.00376684540364
0.00321506176526
0.00353019585077
0.00485801422591
0.00136168380706
0.00149682610836
0.00290596080488
0.00435827899066
0.00326031468095
0.00357661897521
0.00490565425945
0.00141058869483
0.00154704480262
0.00295754294512
0.00441127448377
0.00330618542426
0.00362367511488
0.00495394303789
0.00146015860585
0.00159794534979
0.00300982431673
0.00446498712669
0.00335267339813
0.00367136362607
0.00500287986651
0.0015103927897
0.00164952693861
0.00306280404208
0.0029378905393
0.0033997779983
0.00371968385728
0.00505246404228
0.00156129048706
0.00170178874831
0.003116477508
0.00299303462074
0.00344749861325
0.00376863514931
0.0051026948539
0.00161285092976
0.00175472436069
0.00317085126707
0.00304889296905
0.00348912244577
0.0038182168353
0.000282158470197
0.00166507334085
0.00180834411195
0.0032259206859
0.00310546460155
0.00352241543377
0.00386842824074
0.000333680386867
0.00171795134668
0.00186264156511
0.00328168484636
0.00316274852485
0.00355633175301
0.00390422288036
0.000385843031151
0.00177149532874
0.00191761586185
0.00333814282043
0.00322074373492
0.00359087095887
0.00393964105408
0.000431314947446
0.0018256988961
0.00197326613463
0.00339529367019
0.00327944921719
0.00362603259897
0.00397570083849
0.000468307578108
0.00188056123719
0.00202959150676
0.00345313644793
0.00333886394665
0.00366181621325
0.00401239801243
0.000505953571448
0.00068636128665
0.00208659109244
0.00351167019625
0.00339898688788
0.00369822133397
0.00404973207178
0.000544252383671
0.000725661445464
0.00213624541366
0.00357089394809
0.0034598169952
0.00373524748576
0.00408770250423
0.000583203462169
0.000765630321943
0.00217726980794
0.00363080672684
0.00351070904295
0.00377289418561
0.00412630878931
0.000622806245562
0.00080626731009
0.00221897927785
0.00367046465892
0.00352499048579
0.00381116094296
0.00416555039839
0.000663060163737
0.000847571794531
0.00226137315865
0.0036850806126
0.00354000653408
0.00385004725967
0.00420542679476
0.000703964637892
0.000889543150557
0.0023044507756
0.00370041143652
0.00355575691716
0.00388955263011
0.00424593743365
0.000745519080568
0.000932180744172
0.00232117176453
0.00371645686895
0.00357224135123
0.00392967654114
0.00428708176225
0.000787722895701
0.000975483932137
0.00233748944186
0.00373321663608
0.00358945953943
0.00299240310896
0.00432885921977
0.000830575478654
0.00099767550853
0.00235450245349
0.00375069045206
0.00360741117189
0.003033762532
0.00437126923745
0.000874076216264
0.00101492164108
0.00237221052446
0.00376887801903
0.00362609592567
-0.0019966320244
-0.00153231640261
-0.00132363298596
-0.000985306592292
-0.00288172122056
-0.0026817368259
-0.00238778472377
-0.0020938153686
-0.00168934462109
-0.00117601573732
-0.000918474231072
-0.000626369200694
-0.000225719206974
0.000128164994354
0.000440245454874
0.000859312214402
0.00138375726256
0.00201162217534
0.000254397741938
0.000583001559767
0.0006714279431
0.000251028053696
0.000712281481558
0.000920612347432
-0.00310386328568
-0.00271683742079
-0.00251726577255
-0.00221069472186
-0.00191737214544
-0.00151378363013
-0.0010015617999
-0.000719409730463
-0.000428013992891
-2.83287000874e-05
0.000346934235801
-0.00182802685961
-0.00141005414269
-0.000886961962809
-0.000260695769479
0.00046647174106
0.000828708330663
0.000916881520816
0.000420356072025
0.000873997585971
0.00108190276118
0.00141948096221
0.00183858237965
-0.00232503139842
-0.00201440474513
-0.0017134266996
-0.00131085315884
-0.000799905052543
-0.00297957521363
-0.0026889817065
-0.00229038632239
-0.0018939797829
-0.00158363774907
-0.00116688504889
-0.000645302692989
-2.08196690659e-05
0.000704310066342
0.00109988177861
0.00118777721
0.000617861034718
0.00106382427357
0.00127123197303
0.00160804788741
0.00203916846581
0.00225747207199
0.00256725176152
-0.00396840659309
-0.00356697678817
-0.0030574652905
-0.0027267560352
-0.00243705351006
-0.00203967010751
-0.00162237232138
-0.00131303879155
-0.000897628688845
-0.000377708026536
0.00024481222158
0.000954812584805
0.00139628180848
-0.00121744784362
0.000843331808796
0.00128155978114
0.00148839978431
-0.000796449973568
-0.000366490686566
-0.000116187076433
0.000192645793646
0.000518023251737
0.000918182087114
0.0014260983008
-0.00244741712649
-0.0021586927229
-0.00176263994251
-0.00132471946197
-0.00101648365811
-0.000602535060704
-0.0027857488054
-0.00216536569365
-0.00148223811105
-0.00100345546899
-0.000896404904748
-0.00151819730833
-0.00109327121005
-0.000887067362774
-0.000552645752514
-0.000123987979314
0.00015803702237
0.00046582603486
0.000803127704597
0.00120189297178
0.00170805982605
0.00208630200061
0.0023739648182
-0.00145955794346
-0.00370262191565
-0.00339557008733
-0.00298319797723
-0.00246703986926
-0.00184896264346
-0.0011927269197
-0.000736405591844
-0.000550693460909
-0.00123753639307
-0.000820431359951
-0.00061493018555
-0.000281585472742
0.000145634478812
0.000459073934593
0.000765725104108
0.00111475548452
0.00151200857344
-0.000821940705233
-0.000420364076611
-0.000133846179442
0.000259204493707
0.000734265444515
0.00104329010834
-0.00263725997745
-0.00212319097069
-0.00150758244293
-0.000878231947826
-0.000444352867841
-0.000180606195188
-0.00092970203169
-0.000520446961237
-0.000315712868228
1.64561544385e-05
0.000442106227095
-0.00205159128539
-0.00174616867988
-0.00138561302164
-0.000989986477679
-0.000487760429204
-6.31604762561e-05
0.000222135043315
0.000613522343327
0.0010850664173
0.00141599190581
0.00182488289686
0.0023367325214
-0.00114969392114
-0.000549694049685
-0.00302471253555
-0.00268361517335
-0.000595006927375
-0.000215028365728
-0.00282737924828
-0.00249703726864
-0.00207308457873
-0.00169784183891
-0.00139373506694
-0.00102186472061
-0.000627974621023
-0.000127929191451
0.000319367205926
0.000603365180516
0.000992986633869
0.00146090449764
0.0018134415466
-0.000813806589395
-0.000304305745194
0.00027348986012
0.00085023669028
0.00127073429285
-0.00227970263004
0.000897629113315
0.00126252982642
-0.00247492730622
-0.00214594808243
-0.00172381545745
-0.00131823365925
-0.00101552637669
-0.000632558306976
-0.000240509891507
0.000257222421817
0.000726873945038
-0.00202474081543
-0.00163698317224
-0.00117279436987
-0.000798948492837
-0.000393946345002
0.000113088553539
0.000663949171062
0.00121747779843
0.00163622405388
0.00208286358621
0.00125364243543
0.00161767540517
0.00189011094482
0.00221843300274
-0.00134863967824
-0.000913123309143
-0.000611895421275
-0.000218052185506
-0.0028621901649
-0.00236689746726
-0.0018752452472
-0.00159405628258
-0.00120825297927
-0.000747889521466
-0.000353049843649
4.98666866518e-05
0.000554317808073
0.00107835201033
0.00160871796708
0.00202561436675
0.00251467059035
0.0016357649259
0.00199887493596
0.00229442483564
0.00262121230699
-0.000141316174924
0.000323710153901
0.000623382604177
-0.00281296399495
-0.00242489618685
-0.00193216344256
-0.00141887673084
-0.00113919042994
-0.00075543284292
-0.000298984394286
0.000116522941319
0.000517266165148
0.00101552078003
0.0015163603257
-0.00118675178671
-0.000771799477968
-0.000258142705178
-0.00112998907889
-0.00077426967029
-0.000470197993976
-0.000131391520138
0.000284596312808
0.000778689646184
0.00107673456542
0.00148070818908
0.00187758270889
-0.00147319710916
-0.000938652557194
-0.000660530251757
-0.000278902148376
0.000173548261645
-0.00260100281396
-0.00220251567601
-0.00173098107302
-0.00123276722891
-0.000748480834231
-0.000335562471564
0.000175602495933
-0.000696763871213
-0.00050276060469
-3.95881513139e-05
0.00032157699907
0.000735306377944
0.00125426940895
0.0015543565136
0.00195605088953
0.00236317300367
0.00285045006775
5.39082099725e-05
0.000330408781288
-0.0029894415811
-0.0025410656196
-0.00208977177399
-0.00168908677571
-0.00124409870962
-0.000748610394756
-0.000287203267725
0.000123595756165
0.000632163900587
-0.000238577816276
-4.56477329014e-05
0.000415861422624
0.000799039283649
0.00121041441714
0.00172645692877
-0.00129612220227
-0.000896792551726
-0.000479652948649
4.74119516608e-06
0.000537926914304
0.00085546095309
0.00123259732666
0.00167682900334
-0.00158312343403
-0.00115323387705
-0.000734599435961
-0.000241931596789
0.000196726947128
0.000605325761034
-0.00225542365257
0.000244156294924
0.000435968452961
0.000895744790678
-0.00205138175309
-0.00164245096561
-0.0011294422601
-0.00077120184651
-0.000374318825098
5.26041605953e-05
0.000528284062434
0.00102195116058
0.00140309220636
0.00177787703079
0.00221790108593
0.00264527095819
0.00310390782621
2.09507840745e-05
-0.00307972948532
-0.00266367312692
-0.00225735083618
-0.00175427123087
-0.0025940775557
-0.00240342534462
-0.00195169445927
-0.00153359100533
-0.00111979383948
-0.00060992332931
-0.00022327281446
0.000171088039821
0.000607559757331
0.00103820209369
0.00152124497579
0.00197288110971
0.0023452501025
-0.000701835903089
-0.000278975726703
0.000156130328385
0.000574518159123
0.0010612844424
0.00145490259545
-0.00173156282339
-0.00123136196842
0.00152400120414
-0.00187408047439
-0.00142420883903
-0.00100860382714
-0.000574005852792
-6.73718223702e-05
0.000347227125717
0.000738995681098
0.00118351198501
-0.00190461426658
-0.00143720740831
-0.00100434049907
-0.000541156052779
-0.000126253086697
0.000282419836926
0.000684515962249
0.0011285339087
0.00163321870616
0.00198188084653
0.0024061350701
0.00290337151839
0.00207778730842
0.00226600447659
0.00272067945236
-0.000460544989294
-5.52717595514e-06
-0.00297767088582
-0.00253559608814
-0.0021616962139
-0.00174658562825
-0.00135708744561
-0.000912748566699
-0.000485813670866
3.9628549435e-05
0.000470651557462
0.000810703624371
0.00122906027208
0.00165530243952
0.00212834205448
0.00252613739759
-0.000569585928952
-5.87588258826e-05
0.0026264214574
-0.000678182996215
-0.000232074382241
0.000178319904634
0.000653370187158
0.00115326528425
-0.0020291215094
-0.00165841816234
-0.00122169580922
-0.000810700096826
-0.00036951389303
5.48319671344e-05
0.000577121363813
0.00104235636027
0.00136067593084
-0.00175092480644
-0.00132413573927
-0.000888593570575
-0.000469066515359
-6.85444022303e-06
0.000514125186301
-0.000405237498141
-8.05782342755e-05
0.000363512922482
0.000771194867262
0.00126501214895
0.00176229055655
0.00204258915677
0.0024110778075
-0.000674581213087
-0.00027115539037
0.000182023518797
-0.0029102407743
-0.00239119294737
-0.00192285325239
-0.00161415145404
-0.00120844164138
-0.00078445033612
-0.000356626728283
7.71623634299e-05
0.00054310847776
0.00103329267191
0.0014908970059
0.00481582409506
0.00319192076963
0.00151613746163
0.00485214182073
0.00315123726361
0.00139329324655
0.0015108514575
0.00483599012441
0.00321434359802
0.0015388035286
0.00487504061118
0.00317435694568
0.00141662066648
0.00153137066238
0.00485672683875
0.0032373424408
0.00156205178432
0.00489852749559
0.00319807032464
0.00144054705076
0.00155245440145
0.00487803401198
0.00326091704222
0.00158588196467
0.00492260220166
0.00322237712028
0.00146507211156
0.00157410244972
0.00489991141189
0.00328506714029
0.00161029379908
0.00494726445043
0.00324727704551
0.00149019555406
0.00159631457627
0.00492235880018
0.00330979246676
0.00163528701053
0.00497251395633
0.00327276980648
0.00151591707643
0.00161909054433
0.00494537593251
0.0033350927472
0.00166086131562
0.00499835042717
0.00329885510251
0.00154223636987
0.00164243011124
0.00496896255845
0.00335231385161
0.00168701642453
0.00502477356417
0.00332553262614
0.00156915311864
0.00166633302849
0.00499311842155
0.00337876319187
0.00171375204105
0.00505178306198
0.00335280206318
0.00159666700004
0.00192308951826
0.00501784325932
0.00340578662562
0.00174106786261
9.40554329118e-05
0.00338066309267
0.00162477768446
0.00194811836725
0.00528305667433
0.00367329068629
0.00176896358031
0.000122236710081
0.00340911538694
0.00165348483539
0.00197370978599
0.00530891864991
0.00370146140343
0.00203734571147
0.00039077238957
0.0034381586116
0.00168278810945
0.00199986350267
0.00533534877666
0.0037302052982
0.00206640026938
0.000420124146236
0.00371527836129
0.00195947646279
0.00202657923966
0.0053623467681
0.00375952205308
0.00209603375875
0.000450060638959
0.00374550241691
0.00198997092552
0.00205385671357
0.000392975563528
0.00378941134448
0.00212624584546
0.000480581523319
0.00377631635976
0.00202106044014
0.00208169563526
0.000421108401167
0.00381987284273
0.0021570361891
0.000511686448449
0.00380771982885
0.00205274463595
0.00211009570981
0.000449808208441
0.00385090621209
0.00218840444305
0.000543375057059
0.00383971245658
0.00208502313548
0.0021390566366
0.000479074675155
0.00388102026053
0.00222035025443
0.000575646985453
0.00387229386876
0.00211789555451
0.00216857810927
0.000508907485226
0.00391049300035
0.00225287326421
0.000608501863552
0.00390546368466
0.00215136150208
0.00219865981578
0.000539306316694
0.00394053766264
0.00228597310713
0.000641939314912
0.00393922151699
0.00218542058054
0.0022293014384
0.000570270841742
0.00397115391668
0.00231964941179
0.000675958956748
0.00397356697196
0.00222007238554
0.00156587816986
0.00281832396808
0.00410520511787
-0.000537709307121
0.00079288026991
0.00216438075254
0.0021287882096
0.00158715716383
0.00284018815166
0.00412768012462
-0.000514596939838
0.000816657334564
0.00218885049981
0.00215726687842
0.00160909399173
0.00286272806064
0.00415084951465
-0.000490770740202
0.000841168493148
0.00221407543141
0.0021865211525
0.00163168833558
0.00288594335019
0.00417471291352
-0.000466231115244
0.000866413302672
0.00224005506471
0.00221655044006
0.00165493986808
0.0029098336654
0.00419926993591
-0.000440978483856
0.000892391307264
0.00226678890306
0.00256850917205
0.00167884825265
0.00293439864128
0.00422452018555
-0.000415013276761
0.000919102038204
0.00260865834075
0.00259680525976
0.0017034131434
0.00295963790282
0.00425046325532
-0.000388335936471
0.000946545013967
0.00263689904347
0.00262587626406
0.00172863418526
0.00298555106501
0.00427709872725
-0.000360946917257
0.00127654648554
0.00266589237773
0.00265572159796
0.00175451101388
0.00301213773286
0.00430442617258
-4.26428455632e-05
0.00130545245538
0.00269563779132
0.00268634065948
0.00178104325575
0.00303939750142
0.00462518870797
-1.38318781348e-05
0.00133508914908
0.00272613471829
0.00271773283168
0.0018082305282
0.00334901219383
0.00465389877074
1.5689335268e-05
0.00136545603434
0.00275738257896
0.00274989748271
0.00210748591467
0.00337761690938
0.00468329945611
4.59202937477e-05
0.00139655256629
0.00278938078001
0.00278283396589
0.00213598206368
0.00340689345149
0.00471339029245
7.68604848523e-05
0.00142837818751
0.0028221287145
0.00281654161979
0.00216513204049
0.00343684137572
0.00474417079749
0.000108509384618
0.00146093232811
0.00285562576196
0.00285101976825
0.00219493542604
0.00346746022791
0.00477564047837
0.000140866457614
0.00149421440578
0.00288987128844
0.00288626772048
0.00222539179223
0.00349874954409
0.00480779883168
0.000173931156985
0.00152822382581
0.00292486464656
0.00292228477112
0.00225650070199
0.00353070885062
0.00484064534352
0.000207702924497
0.00156295998116
0.00296060517556
0.00295907020032
0.00228826170925
0.00356333766414
0.00487417948949
0.000242181190588
0.00159842225255
0.0029970922014
0.00299662327377
0.00232067435906
0.00359663549167
0.00490840073478
0.000277365374409
0.00163461000844
0.00303432503677
0.00303494324285
0.00235373818752
0.00363060183061
0.00494330853419
0.000313254883874
0.00167152260515
0.0030723029812
0.0030740293446
0.0023874527219
0.00366523616878
0.00497890233218
0.000349849115712
0.00170915938688
0.0031110253211
0.00311388080188
-0.00138325645905
-0.00315470442727
-0.00491088276339
-0.00155878569538
-0.00327401815107
-0.00510301296912
-0.00186205026209
-0.00139742476603
-0.00317177056858
-0.00492888336773
-0.00157711064799
-0.00328199491151
-0.00512075670786
-0.00188484450138
-0.00141065852924
-0.003187885515
-0.0049459132001
-0.0015944492507
-0.00328896353574
-0.00513747385445
-0.00190659332182
-0.00142718067488
-0.00320304877888
-0.00496197358825
-0.00162108467581
-0.00329492192485
-0.00515508233076
-0.0019272959263
-0.00145588058844
-0.00321725990103
-0.00497706402732
-0.00165949822899
-0.00332118865849
-0.0051735823124
-0.00194695155533
-0.00148365546317
-0.00323051845086
-0.00499118404264
-0.00169693687153
-0.00335932520005
-0.0051910553858
-0.00196555948713
-0.00151050076756
-0.00324282402639
-0.00500433318981
-0.00173339939706
-0.00339646799765
-0.0052075009343
-0.00198311903777
-0.00153641572148
-0.00325417625432
-0.0050165110547
-0.00176888462873
-0.00343261580806
-0.00522291837706
-0.00199962956132
-0.00156139957101
-0.00326457479013
-0.00502771725359
-0.00180339141946
-0.00346776741935
-0.00523730716913
-0.00201509044997
-0.00158545158855
-0.00328571327768
-0.00503795143319
-0.00183691865204
-0.00350192165114
-0.0052506668016
-0.0020295011341
-0.00160857107291
-0.00332311966715
-0.00505636464133
-0.00186946523936
-0.0035350773547
-0.000263001570015
-0.00205309931009
-0.00163075734944
-0.00335958489647
-0.00509351383717
-0.00190103012457
-0.00356723341323
-0.000274301500996
-0.00208274000383
-0.00165200977009
-0.00339510787156
-0.00512970362936
-0.00193161228123
-0.00359838874202
-0.000284570962536
-0.00211133697629
-0.00167232771355
-0.00342968752498
-0.00516493288983
-0.00196121071352
-0.00362854228858
-0.000293809590589
-0.00213889104111
-0.0016917105853
-0.00346332281607
-0.00519920051872
-0.00198982445633
-0.0036576930329
-0.000302017057503
-0.00216539746104
-0.00171015781769
-0.00349601273114
-0.00523250544459
-0.0020174525755
-0.00368583998754
-0.000309193072082
-0.00219085712391
-0.00172766887009
-0.00352775628359
-0.0052648466246
-0.0020440941679
-0.00371298219785
-0.000315337379636
-0.00221526909227
-0.00174424322888
-0.00355855251406
-0.00529622304462
-0.00206974836162
-0.00373911874212
-0.000320449762024
-0.0022386324662
-0.00175988040758
-0.00358840049061
-0.00032663848779
-0.00209441431607
-0.00376424873169
-0.000324530037696
-0.00226094638346
-0.00177457994693
-0.00361729930879
-0.000356082461173
-0.00211809122216
-0.00378837131118
-0.000349985116254
-0.00228221001966
-0.00180566184821
-0.00364524809185
-0.000384558806149
-0.0021407783024
-0.00381148565855
-0.0003940480673
-0.00230242258842
-0.0021794906877
-0.000640161667572
-0.00403408379906
-0.00247925549096
-0.000908909875978
-0.00433533751679
-0.00274954294889
-0.0022008151052
-0.000663680170018
-0.00405282761264
-0.00249442683091
-0.00093360992005
-0.00436204646669
-0.00277875211097
-0.00222114764303
-0.000686224446673
-0.00407982305211
-0.00250865313448
-0.000957384048275
-0.00438784536579
-0.00280706705494
-0.00224048763088
-0.000707793779726
-0.00410929889367
-0.00252193397702
-0.000980231576456
-0.004412733496
-0.00283448701867
-0.00225883443059
-0.000728387481745
-0.00413782004854
-0.00253426896185
-0.00100215184643
-0.00443671016387
-0.00286101126327
-0.00227618743628
-0.00074800489579
-0.00416538564153
-0.00254722221799
-0.00102314422615
-0.00445977470068
-0.00288663907324
-0.00229254607442
-0.000766645395517
-0.00419199482573
-0.0025795188109
-0.00104320810979
-0.00448192832518
-0.00291136975651
-0.00230790980396
-0.000784308385274
-0.0042176467827
-0.00261087791625
-0.00106234291784
-0.0045031666931
-0.00293520264459
-0.00232227811638
-0.000800993300201
-0.00424234072253
-0.00264129860428
-0.0010805499598
-0.00452349107308
-0.0029581370926
-0.00233565053579
-0.000816699606313
-0.004266075884
-0.00267077997187
-0.00109782498372
-0.00454290089621
-0.0029801724794
-0.00234802661904
-0.000831426800594
-0.00428885153469
-0.00269932300534
-0.0011141693521
-0.00456139561876
-0.00300130820767
-0.00235940595574
-0.000845174411069
-0.00431066697107
-0.00272692312995
-0.00112958259144
-0.0045789747222
-0.00302154370397
-0.00236978816835
-0.000857941996883
-0.00433152151864
-0.00275358138597
-0.00114406425489
-0.00459563771332
-0.00304087841882
-0.00237917291227
-0.000884674963296
-0.00435141266938
-0.00277929697815
-0.00115761392237
-0.00461138412429
-0.00306328999376
-0.00238923013442
-0.000915222765441
-0.0043703435324
-0.00280406913852
-0.0011702312006
-0.00462621351272
-0.00308880650824
-0.00241928905109
-0.000944797741397
-0.0043883116582
-0.0028278971265
-0.00118191572317
-0.00464012546172
-0.00311342401487
-0.00244835856939
-0.000973398948119
-0.0044062810438
-0.002850780229
-0.00119266715056
-0.00465311957996
-0.00313714184545
-0.0024764395935
-0.00100102547245
-0.00443078708958
-0.00287271776053
-0.00120530808489
-0.00466519550174
-0.00315995935558
-0.00250824508607
-0.00102767643126
-0.00445433231774
-0.00289370906332
-0.00122593583008
-0.00468151969221
-0.00318187592472
-0.00253969107062
-0.00105335097162
-0.0044769159987
-0.00291375350738
-0.00124886947779
-0.00470285697178
-0.00320289095633
-0.00257014726555
-0.00107804827087
-0.00449853743198
-0.00293285049062
-0.00128371045558
-0.00472327843892
-0.00322300387788
