-0.000512413724573
0.000997234362881
-0.00184163146782
-0.000460829866878
-0.00128560411836
0.000213369915147
-0.00296493530424
-0.00050260137426
0.00100715833376
-0.00183160765825
-0.00279497953206
-0.00128218267457
0.00021681228252
-0.00296147733497
-0.00049198682327
0.00101789360839
-0.00182076440337
-0.0027907564676
-0.00127792733456
0.000221093643865
-0.00295717657056
-0.000480570299515
0.00102943995098
-0.00180910194614
-0.00278570592638
-0.00127283819699
0.000226213898718
-0.00295203311284
-0.00046835204803
0.00104179710806
-0.00179662054775
-0.0027798280237
-0.00126691537981
0.00023217292695
-0.00294604708357
-0.000455332330945
0.00105496480847
-0.00178351005285
-0.00277312289369
-0.00126015902025
0.000238970588781
0.00171613696316
-0.000441511427461
0.00106894276339
-0.00177604576439
-0.00276559068937
-0.00125256927485
0.000246606724801
0.00172380769056
-0.000426889633817
0.00108373066638
-0.00176776201853
-0.00275723158254
-0.0012441463194
0.000255081155981
0.00173232050475
-0.000411467263261
0.00109932819342
-0.00175865900077
-0.00274804576383
-0.00123489034891
0.000264393683701
0.00174167520442
-0.000395244646013
0.00111573500292
-0.00174873691493
-0.00273803344266
-0.00122480157764
0.000274544089768
0.00175187156838
-0.000378222129233
0.00113295073579
-0.00173799598306
-0.00272719484719
-0.00121388023901
0.000285532136447
0.00176290935567
-0.000360400076982
0.00115097501546
-0.00172643644547
-0.00271553022433
-0.00120212658563
0.000297357566483
0.00177478830552
-0.000341778870185
0.00116980744792
-0.00422304343932
-0.00270303983971
-0.00118954088923
0.000310020103133
0.00178750813742
-0.000322358906588
0.00118377903567
3.44092806631e-05
-0.00268972397761
-0.00117612344067
0.000323519450203
0.00180106855114
-0.000302140600719
0.00119764764771
4.8423011683e-05
-0.00267558294097
-0.00116187454985
0.000337855292073
-0.000145493784019
-0.000281124383842
0.00121232529696
6.32542054355e-05
-0.00266061705134
-0.00114679454572
0.000353027293745
-0.000130253186046
-0.000259310703909
0.00122781166255
7.89025308841e-05
-0.00264482664885
-0.00113088377624
0.000369035100873
-0.000114173024892
-0.000236700025519
0.0012441064061
9.53676389474e-05
-0.00262821209215
-0.00111414260832
0.000385878339807
-0.00014603525364
-0.000213292829862
0.00126120917178
0.000112649162538
-0.00261077375839
-0.00109657142776
0.00040355661764
-0.000179071443801
-0.000189089614672
0.00127911958633
0.000130746716602
-0.00259251204319
-0.00107817063928
0.000422069522249
-0.000211275349926
-0.000168602237037
0.00129783725913
0.000149659898166
-0.00257342736054
-0.00105894066639
0.000441416622343
-0.000242646219084
-0.000314465727731
-0.00224324416632
-0.000313530850749
-0.0022261512387
0.000628519445151
-0.00168490528995
-0.00425046512352
-0.000368896171529
-0.00229948416814
-0.000371636326598
-0.00228616953213
0.000576955716073
-0.00173819719035
-0.00430550239883
-0.00042241232313
-0.00235478160109
-0.000428770301174
-0.00234518689506
0.000526437196159
-0.00179041102476
-0.00435942864275
-0.000475012639736
-0.00240913476695
-0.000484930905789
-0.00240320127305
0.000476965782176
-0.0022395733451
-0.00441224155759
-0.000526695601571
-0.00246254199247
-0.000540116298918
-0.00246021064107
0.000428543336025
-0.00228962481547
-0.00446393888698
-0.000577459712083
-0.00251500162971
-0.000594324666486
-0.00251621300387
0.000381171684406
-0.00233859206416
-0.00451451841626
-0.000627303498158
-0.00370244620046
-0.000647554222151
-0.0025712063963
0.000327556694082
-0.00238647311631
-0.00456397797302
-0.000676225510324
-0.00375300581951
-0.000699803207587
-0.00262518888364
0.00027180720937
-0.00243326603623
-0.00461231542746
-0.000724224322951
-0.00380261306041
-0.00075106989276
-0.00267815856189
0.000217101421978
-0.00247896892779
-0.00465952869293
-0.000771298534457
-0.00385126637868
-0.000801352576205
-0.00273011355817
0.000163441390647
-0.00252357993474
-0.00470561572627
-0.000817446767496
-0.00389896425627
-0.000850649585294
-0.00278105203094
0.000110829140021
-0.00256709724114
-0.00475057452831
-0.000862667669164
-0.00394570520184
-0.000898959276504
-0.0028309721704
5.92666602934e-05
-0.00260951907167
-0.00479440314423
-0.000906959911182
-0.00399148775094
-0.000946280035685
-0.00287987219874
8.75590683713e-06
-0.00265084369201
0.000151221781926
-0.00095032219009
-0.00403631046627
-0.000992610278312
-0.00292775037046
-4.07012001461e-05
-0.00269941165763
7.66626994747e-05
-0.00099275322743
-0.00408017193785
-0.00103794844975
-0.0029746049727
-8.91027759779e-05
-0.00277049149062
3.19105845591e-06
-0.00103425176993
-0.00412307078327
-0.0010822930255
-0.00302043432549
-0.000831677411155
-0.00284051207828
-6.91900515347e-05
-0.00107481658969
-0.00416500564792
-0.00112564251145
-0.00306523678206
-0.000877962414466
-0.00290947064373
-0.000140477575305
-0.00111444648434
-0.00420597520513
-0.00116799544412
-0.00310901072913
-0.000923186449162
-0.00297736444269
-0.000210668492657
-0.0025338129556
-0.00424597815646
-0.00120935039091
-0.00315175458721
-0.000971013534888
-0.00304419076403
-0.000279759818978
-0.00257156949601
0.000543037500785
-0.00124970595029
-0.00319346681084
-0.00103456841353
-0.00310994693022
-0.000347748605822
-0.00260838765921
0.000504971542873
-0.00128906075212
-0.00323414588887
-0.0010970830464
-0.00317463029788
-0.000414631941498
-0.00382818410996
-0.00447994585913
-0.00496821385361
-0.000617843784903
-0.00118444561062
-0.00196415466368
-0.00284164547417
-0.00355071317766
-0.00420750989663
-0.00473810076838
-0.000492453723981
-0.00118208789407
-0.00174021904909
-0.00232816616546
-0.00311862306325
-0.00374309273586
-0.0041547302877
-0.00462022306396
0.000111221219256
-0.000683868962116
-0.00181708326596
-0.00317709134001
-0.00382094705302
-0.00435843316622
-0.00502267295885
-0.00058278375499
-0.00124748117586
-0.00211248968378
-0.00281115113213
-0.00347558719052
-0.00402783713033
-0.00479906821515
-0.00044331192441
-0.00106902362939
-0.00167502529078
-0.00233452012907
-0.00294823727934
-0.00340222636381
-0.00407105392075
-0.00430825776325
-0.000131267152668
4.50738133279e-05
-0.00249279148202
-0.00312854232181
-0.00371851488283
-0.00439179839379
-0.00494518039905
-0.000497405797217
-0.00134972906531
-0.00206930306693
-0.00275018845149
-0.0033093402275
-0.00406912925708
-0.00471408605762
-0.000385572216468
-0.000982669446384
-0.0015148445171
-0.00218547523269
-0.00281486193374
-0.00347784483221
-0.00371185274717
-0.00442777102857
0.000639511837807
-0.00178228653061
-0.00241083163924
-0.00304478760768
-0.00372647211013
-0.00427293557369
-0.0048604332222
-0.000554843953205
-0.00131986818049
-0.00199064991568
-0.00257335666238
-0.00330427176455
-0.00401184915294
-0.00466484478503
-0.00525283269123
-0.000745885084694
-0.00156468480346
-0.00218545090175
-0.00284234132339
-0.00307301988104
-0.00378850548021
-0.00361702857271
-0.00104388712668
-0.0017125597984
-0.00233849105873
-0.00302795648192
-0.00356734186725
-0.00423890604422
-0.00487297650872
-0.000554750637899
-0.00129201629625
-0.00190149222705
-0.00251956484352
-0.00327390872832
-0.00393771091109
-0.00455367459521
-0.00509630833458
-0.000903872097628
-0.00151571927365
-0.00216631261637
-0.00239355220599
-0.00310859099252
-0.0029396771081
-0.00527568378969
-0.000983095473779
-0.00160915415068
-0.00229751139843
-0.00285003166863
-0.00358280174454
-0.00420906513708
-0.00488305711789
-0.000593383195099
-0.00119455914096
-0.00175897924607
-0.00250814045017
-0.00321978382438
-0.00382107842823
-0.00440869463201
-0.00519130955339
-0.000807400593411
-0.00145153418124
-0.00167524773952
-0.00238982852064
-0.00224405349986
-0.00451135516929
-0.00522362567455
-0.000857278761002
-0.00153638708896
-0.00219039073199
-0.00289336758308
-0.00351163297053
-0.00417762171451
-0.00486476269627
-0.000453986380536
-0.000965950255873
-0.00177660376144
-0.00248702381543
-0.00305382026785
-0.00372182102114
-0.00445547951669
-0.00506140296559
-0.000726339059026
-0.00097283530104
-0.00171326231747
-0.00157557919254
-0.00373344198828
-0.00443533712095
-0.00507605253072
-0.00074581784744
-0.00149833017232
-0.00217184767175
-0.00279309326333
-0.00344778377543
-0.00414612792055
-0.0046863736628
-0.000208712355267
-0.00107225117146
-0.00177280597028
-0.00230355802327
-0.00303007208977
-0.00374679903375
-0.00436378389032
-0.00479268189181
-0.0002651974536
-0.0010048075976
-0.000869175431147
-0.00304593756834
-0.00361938269356
-0.00426666787315
-0.00497195919086
-0.000775040184217
-0.00143152832602
-0.00209763168962
-0.00274400629104
-0.0034086188511
-0.00394142577206
-0.00448890094755
-0.00033426630295
-0.00102477643968
-0.00154773593463
-0.00230302102052
-0.00301694531619
-0.00363007839573
-0.00405248128308
-0.00449832391275
0.000425637158286
-0.00012650634577
-0.00232888784022
-0.00293824286938
-0.00343027773927
-0.0042289992412
-0.00502169357098
-0.000729948665084
-0.00137069229335
-0.0020085987311
-0.00264000306769
-0.003165272439
-0.00387149908347
-0.00456988122827
-0.005244382459
-0.000759458460013
-0.00154217794042
-0.0022579415271
-0.0028618853233
-0.00327769804482
-0.003719759625
-0.00378452590638
0.000505400637216
-0.00165600703258
-0.00228564776295
-0.00277106824313
-0.00345727327273
-0.00424695120819
-0.00499778569601
-0.000613481804581
-0.00129066716061
-0.00188672982879
-0.00248498143584
-0.00321965642378
-0.00390954412084
-0.00443854111922
-0.00495901200706
-0.000749033258796
-0.00146612622389
-0.00206078183253
-0.00246993754977
-0.0030348108409
-0.00321771334996
-0.00384089081297
-0.000980438099252
-0.00160309061978
-0.00208302637334
-0.00265789417791
-0.00349505886604
-0.00423620445716
-0.00485856408646
-0.000597618333102
-0.00118634481648
-0.00183390177223
-0.00253460009759
-0.00321578084883
-0.00373795290101
-0.00434833578951
-0.00492504315928
-0.000643004220245
-0.00133516669368
-0.00186688973119
-0.00243169258751
-0.00261239349977
-0.0032898505495
-0.00527602905332
-0.000891567261253
-0.00137155932015
-0.00184391022502
-0.00271498264538
-0.0034463371824
-0.00414396273677
-0.00487384496429
-0.00051053594788
-0.00115040716112
-0.00181755506886
-0.00248985606488
-0.00309177339744
-0.00370275569616
-0.0043136942501
-0.00500220966003
-0.000705991007201
-0.00123118888822
-0.00179152283295
-0.00196994425165
-0.00281263267991
-0.00454376138737
-0.00517050683422
-0.000692869795089
-0.00107299278523
-0.00191132635721
-0.00272840211003
-0.00340431055583
-0.0041205027918
-0.00480370982291
-0.00043566145374
-0.00107355682604
-0.00173302570437
-0.00242006529885
-0.00302351350852
-0.00367562595417
-0.00434633161057
-0.00504040215026
-0.000559946354952
-0.00111568049966
-0.0014142217821
-0.00229578390299
-0.00381527189791
-0.00446904967883
-0.0049855472769
-0.000361348921829
-0.00125727815367
-0.00206551005159
-0.00273392169817
-0.0033387149881
-0.00406692690315
-0.00473086731681
-0.000389399452766
-0.0010155776691
-0.00171610186871
-0.00231185212678
-0.00300373074279
-0.00365664446304
-0.00433078222844
-0.0048534567178
-0.000433534985855
-0.000861713154995
-0.00174049141977
-0.00309363712633
-0.00374001688881
-0.0042505608723
-0.00465557642773
-0.000573797270889
-0.00137299139817
-0.00203374726182
-0.00262176131731
-0.00336465129908
-0.00401276925912
-0.00467441256913
-0.00532944434516
-0.000981088349336
-0.0016167848788
-0.00229924381016
-0.00293443020297
-0.00359953441653
-0.0041235389739
-0.00464091388587
-0.000272109431915
-0.00114798405987
-0.00234545812759
-0.00298434147943
-0.0034888579947
-0.004073587774
-0.00486184147239
-0.000651840885623
-0.00131013951769
-0.00191348193785
-0.00263397236492
-0.00327628629798
-0.0039297373143
-0.00461257299709
-0.00526534159133
-0.000907920465762
-0.00156339656028
-0.00220962411728
-0.00288673733
-0.00343850102054
-0.00402040373167
-0.00462766266461
0.000102236797192
-0.00159931790287
-0.0022225599115
-0.00276326586129
-0.00346174793326
-0.00412238157397
-0.0049030423696
-0.000605413629546
-0.00120181921949
-0.00187497988846
-0.00251133132437
-0.00322170678569
-0.00386608603594
-0.00452874352446
-0.00520110888193
-0.000835962025319
-0.00149802474397
-0.00215498331153
-0.00279050087165
-0.00336543908329
-0.00396759710582
-0.00421561242101
-0.000921534761245
-0.00155235403726
-0.00212353141224
-0.00282090223309
-0.0033853469779
-0.00415489837722
-0.00487267856394
-0.000462045786247
-0.00108872365646
-0.00171897932587
-0.00249383331388
-0.00312827377503
-0.00376306927235
-0.0044769285664
-0.00511870621458
-0.000779024586496
-0.00143072670898
-0.00210945761645
-0.00267725455571
-0.00327418573205
-0.00351902683274
-0.00521713024444
-0.000855125137423
-0.0014615974952
-0.00215190401865
-0.00271052020084
-0.00345995586593
-0.00415574098324
-0.00471574202584
-0.000276237170492
-0.000971126214827
-0.0017376420423
-0.00236410407166
-0.00299302131809
-0.00372338433158
-0.00437159258122
-0.00507043972803
-0.000693999695232
-0.00139657434189
-0.00195708468585
-0.00254868629123
-0.00279029230506
-0.00448693907055
-0.00513234705268
-0.000772505171974
-0.00145560879912
-0.00200828561253
-0.00273772235284
-0.00342566423434
-0.00397923043427
-0.00450428956292
-0.000224397297889
-0.000958929146874
-0.00164597715155
-0.00230501135728
-0.00298918508778
-0.00367830359824
-0.0043435510112
-0.00493762487345
-0.000653048661254
-0.00120615678884
-0.00179234796804
-0.0020306713549
0.000445906659563
-9.54361593084e-05
-0.00327557422922
-0.00187181234186
-0.00063193137487
0.000493888350328
-0.00429381126611
0.000430860214263
-0.00011055565612
-0.00329074473368
-0.00188701112568
-0.000676327308161
-0.000750695560018
-0.00433819882011
0.000416615130553
-0.000124869918893
-0.00330510730035
-0.00190140047276
-0.000719927860867
-0.000794325429701
-0.0043817911371
0.000403171714166
-0.000138378637424
-0.00331866161588
-0.00192807185448
-0.000762732092605
-0.000837158465473
-0.00442458355194
0.000390530253775
-0.000151081518819
-0.00333140738441
-0.00196998641521
-0.000804739078729
-0.000879193740843
-0.00446658259107
0.000378686364344
-0.000162978287527
-0.00334334432758
-0.0020111045096
-0.000845947910418
-0.00092043034518
0.000375155538964
0.000367649613556
-0.00017406868537
-0.0033544721846
-0.00205142525059
-0.000886357694779
-0.000960867383807
0.000334753410829
0.000357415582099
-0.00018435247157
-0.00336479071224
-0.002090947767
-0.000925967554938
-0.0010005039781
0.000295151060774
0.000347984490104
-0.000193829422773
-0.00337429968489
-0.00212967120369
-0.000964776630134
-0.00103933926556
0.000256349349075
0.0003393565405
-0.000202499333079
-0.00338299889454
-0.00216759472161
-0.00100278407581
-0.00107736867466
0.000218349119816
0.000331531918992
-0.000210362014059
-0.00340202844785
-0.00220471749792
-0.0010399890637
-0.00111459882605
0.000181151200795
-0.00174370053046
-0.000217417294778
-0.0034382144372
-0.00224103872606
-0.00107639078192
-0.00115102518093
0.000144756403436
-0.00174991800764
-0.000223665021811
-0.00347360099013
-0.00227655761581
-0.00252119124916
-0.00118664694228
0.000109165522705
-0.00175533170311
-0.000229105059265
0.00117625717549
-0.00231127339342
-0.00255598405835
-0.00122146332967
7.4379337022e-05
-0.00175994150023
-0.000233737288786
0.00114247177471
-0.00234518530169
-0.00258997126138
-0.00125547357934
3.58012764632e-05
-0.00176374729968
-0.000237561609581
0.00110948805684
-0.0023782926
-0.00262315211273
-0.00128867694429
-1.76440143585e-05
-0.00176674901942
-0.000240577938419
0.00107730673778
-0.00241059456445
-0.00265552215842
-0.00132107269434
-7.02979883424e-05
-0.00176894659474
-0.000251962586261
0.00104592851685
-0.0024420904879
-0.0026870881372
-0.00135266011621
-0.0001221595099
-0.00177033997829
-0.000282377378762
0.00101535407667
-0.00247277968007
-0.00271784562891
-0.00138343851365
-0.000173227458411
-0.00177092914001
-0.000311991841057
0.000985584083136
-0.00250266146757
-0.0027477939557
-0.00141340720742
-0.000223500728333
-0.00177071406721
-0.00034080533412
0.000956619185331
-0.00253173519405
-0.00277693245685
-0.00144256553546
-0.000272978229324
-0.000350459752218
-0.00247769920207
-0.00468896034894
-0.00185973557371
-0.00388663480397
-0.00103489570587
-0.00309001391151
-0.00040949958055
-0.00253818328417
-0.00475087818786
-0.00192306372206
-0.00395133505997
-0.00109753255979
-0.00314945341875
-0.000467695078044
-0.00259780407024
-0.00481191402466
-0.00198549158882
-0.00401511736754
-0.00115922704082
-0.00320792455995
-0.000525044805275
-0.00265656001548
-0.0048720662052
-0.00204701740758
-0.00407797984653
-0.00121997723818
-0.00326542543156
-0.000581547340532
-0.00271444959389
-0.00493133309523
-0.00210763943294
-0.0041399206389
-0.00127978126525
-0.00333133337294
-0.000637201279992
-0.00277147129847
-0.0049897130806
-0.00216735594075
-0.00420093790892
-0.00133863725991
-0.00340675419461
-0.000695955325906
-0.00282762364138
-0.0050472045675
-0.00223268634896
-0.00426571591786
-0.00139654338478
-0.00348122788856
-0.00076558218701
-0.00289443972556
-0.00510683855401
-0.00229058673523
-0.00434299327847
-0.00145349782748
-0.0035547520757
-0.000834375026989
-0.00296492372271
-0.00517900152418
-0.00235852508706
-0.00441936788823
-0.00151043443107
-0.00362732439946
-0.000902332158861
-0.00303455378971
-0.000250606608531
-0.00243145024908
-0.00449483752315
-0.00158369268847
-0.00369894252611
-0.000969451911665
-0.00310332813398
-0.000321023953462
-0.00250348404674
-0.00456939997842
-0.00165719346893
-0.00376960414514
-0.00103573263066
-0.00317124498006
-0.000390565625764
-0.00257462445095
-0.00464305493135
-0.00172976224711
-0.00383930696956
-0.0011011726775
-0.00323830256976
-0.000459229742982
-0.00264486945174
-0.00471579649104
-0.00180139678591
-0.00390804873628
-0.00116577043044
-0.00330449916245
-0.000527014441117
-0.00271421705853
-0.00478762437461
-0.00187209486997
-0.00397582720643
-0.00122952428451
-0.00336983303524
-0.000593917874861
-0.00278266530035
-0.00485853645684
-0.00194185430605
-0.00404264016569
-0.00129243265172
-0.00343430248314
-0.000659938217835
-0.0028502140888
-0.00492853063315
-0.00201067292331
-0.00410848542465
-0.0013544939612
-0.00349790581937
-0.000725073662811
-0.00291685776768
-0.00499760481988
-0.00207854857361
-0.00417336081911
-0.00141570665946
-0.00356064137546
-0.000789322421952
-0.00298259628915
-0.00506575695456
-0.00214547913183
-0.00423726421046
-0.00147606921048
-0.00362250750152
-0.00096413037425
-0.00304742776338
-0.00513298499621
-0.0022114624962
-0.00430019348595
-0.00153558009599
-0.00368350256644
-0.0010266004769
-0.00311135032147
-0.0051992869256
-0.00227649658857
-0.00436214655907
-0.00159423781556
-0.00374362495805
-0.00108817864881
-0.00317436211568
-0.00526466074559
-0.00234057935475
-0.00442312136984
-0.00389174784159
-0.00311792662689
-0.00143690583926
0.000611050386451
-0.00388679964843
-0.00179459229927
-0.00278147392511
-0.0038189619496
-0.00303922488831
-0.00137783494353
0.000675277753797
-0.00382109809734
-0.00172362361352
-0.00269955885075
-0.0037442641295
-0.00295847855735
-0.00131647641239
0.00074197310452
-0.00375272397153
-0.00164979383792
-0.0026146112933
-0.00366766403553
-0.00287569969255
-0.000973798957916
-0.00398925793206
-0.00368169433169
-0.00157312425595
-0.00252665929832
-0.00358917150038
-0.00279090055778
-0.000907898841105
-0.00391766951071
-0.00360802674775
-0.00149363674693
-0.00243573154008
-0.00350879652953
-0.00270409361412
-0.000839745437347
-0.00384502560925
-0.00353173927876
-0.0014113537577
-0.00234185728077
-0.00342654929544
-0.00262727257679
-0.000769350843195
-0.00532328641817
-0.00345285045276
-0.00132629827412
-0.00224506632971
-0.00334244013181
-0.00231207926517
-0.000696727462267
-0.00524812113944
-0.00337137924628
-0.00123849379247
-0.0021453890029
-0.00325647952777
-0.00224306992731
-0.000621887995164
-0.00517056189181
-0.00328734506382
-0.00114796429076
-0.00202157885454
-0.0031686781221
-0.00217200802075
-0.000544845429293
-0.00509062444802
-0.0032007677172
-0.00105473420011
-0.00191622155084
-0.00285210713472
-0.00209890406384
-0.000465613028591
-0.00500832491978
-0.00311166740485
-0.000958828376178
-0.0018080714607
-0.00276065661172
-0.0020237688023
-0.000384204323192
-0.0049236797432
-0.00302006469108
-0.000839866560324
-0.00169716053069
-0.00267767112519
-0.00194661320204
-0.000302693066941
-0.00483670566419
-0.00292598048548
-0.000738685393167
-0.00549798947495
-0.00260443922064
-0.00186744844185
-0.000220300269302
-0.00474741972377
-0.00282943602226
-0.000634905324023
-0.00538165391398
-0.00252933853493
-0.00178628590606
-0.00013575832523
-0.00465583924345
-0.00273045283983
-0.000528552625071
-0.00526265507478
-0.00245237834863
-0.00170313717719
-0.00489425857004
-0.00456198181056
-0.00261121933013
-0.000419653853686
-0.0051410259314
-0.00237356810848
-0.00161801402854
-0.00480546069969
-0.00446586526375
-0.00250742443976
-0.00030823582564
-0.00501679962668
-0.0022929174221
-0.00153092841677
-0.00471455649509
-0.00436750767843
-0.00240125706821
-0.000194325588768
-0.0048900094389
-0.00221043605272
-0.00144189247454
-0.00462156065534
-0.0042511372438
-0.00229273976939
-7.7950397143e-05
-0.00476068874957
-0.0021261339139
-0.00135353762505
-0.0045264880766
-0.00414835268294
-0.00218189530201
-0.00260736972486
-0.00462887101216
-0.00204002106423
-0.00126366539945
-0.0044293538418
-0.0040433825871
-0.00206874661044
-0.00248614708509
-0.00449458972205
-0.00248417722996
-0.00382707272881
5.81276993052e-06
-0.000900259315754
-0.00282224480959
-0.00448447723119
-0.000880112580597
-0.00241082720324
-0.00375478174247
7.94323875999e-05
-0.000834949088846
-0.002754839982
-0.00441514951544
-0.000809103549589
-0.00233618197903
-0.00368116592403
0.00015439801595
-0.000768254147346
-0.0026860108115
-0.00434436147451
-0.000736603051961
-0.00226024599153
-0.00360622984059
0.000230704843485
-0.000700178961141
-0.00261576219435
-0.00427211841759
-0.000662616775155
-0.00218302373088
-0.00352997811959
-0.00467804899457
-0.000630728072804
-0.00254409910467
-0.00419842573654
-0.000587150493399
-0.00194362072863
-0.00345241544757
-0.00459907445199
-0.000559906096191
-0.00247102659279
-0.00412328890398
-0.00051021006564
-0.00186383960971
-0.0033735465688
-0.00451877351441
-0.000487717715021
-0.00239654978369
-0.00404671347143
-0.000431801433483
-0.00178278601151
-0.00313247540812
-0.00443715123509
-0.000414167681448
-0.00232067387527
-0.00396870506751
-0.000351930619108
-0.00170046463578
-0.00305100857324
-0.00419331371085
-0.00033926081463
-0.00224340413674
-0.00388926939598
-0.000270603723184
-0.00161688023412
-0.00296825009794
-0.00410906413382
-0.000263001999282
-0.00216474590695
-0.00380841223391
-0.00517186953002
-0.00153203760678
-0.00288420494441
-0.00402350871031
-1.16570266054e-05
-0.00208470459271
-0.00372613942977
-0.0050876490765
-0.00144594160143
-0.00279887812601
-0.00393665271249
6.72907766968e-05
-0.00182954650951
-0.00364245690155
-0.00500199129342
-0.00135859711192
-0.00271227470594
-0.0038485014637
0.000147575495589
-0.00174675551031
-0.00355737063486
-0.00491490257444
-0.00127000907706
-0.00262439979592
-0.00375906033698
0.000229191997703
-0.00166259803814
-0.00329714938602
-0.00482638938121
-0.00118018247943
-0.00253525855486
-0.00366833475368
0.000312135092422
-0.00157707975489
-0.0032092738601
-0.00473645824128
-0.00108912234411
-0.00244485618756
-0.00357633018199
0.000396399532363
-0.00149020638201
-0.00312001293919
-0.00447137845098
-0.000996833737484
-0.00235319794333
-0.00348305213557
-0.00451725805153
-0.00140198369882
-0.00302937286031
-0.00437863125329
-0.000903321766014
-0.00226028911473
-0.00338850617205
-0.004430366883
-0.00131241754081
-0.00293735991865
-0.00428448606584
-0.000808591575032
-0.00216613503622
-0.00329269789169
-0.00434217043725
-0.00122151379798
-0.00284398046559
-0.00418894965876
-0.000712650210164
-0.00207074108284
-0.0031956329359
-0.00425267417399
-0.00112927841311
-0.00274924090686
-0.0040920288576
-0.000615499165547
-0.00197411266893
-0.00309731698587
-0.00416188360227
-0.00103571738014
-0.00265314770064
-0.00399373054128
