-0.00238918770432
-0.000680357152965
8.76141512282e-06
-0.00311915068474
-0.00142230003999
0.000525911860882
-0.00315738423225
-0.00229680265607
-0.00173861835693
9.53605728877e-05
-0.00303318096233
-0.00133706255137
0.000610322542648
-0.00307388609552
-0.00220370589224
-0.0016507834294
0.000182672762911
-0.00294650244673
-0.00125112122689
-0.00475465337606
-0.00298969600906
-0.00210989914799
-0.00156223362849
0.000270696372225
-0.00285911671816
-0.000857075035637
-0.00466884778506
-0.00290481542833
-0.00201538416603
-0.00147297060275
0.000359429779638
-0.00277102536498
-0.000769730675329
-0.00458234699859
-0.00281924581659
-0.00192016269645
-0.00138299600893
0.000448871355871
-0.00268222998356
-0.000681687131024
-0.00449515253321
-0.0027329886448
-0.00182423649658
-0.00129231151176
0.000539019463681
-0.00259273217817
-0.000592945969108
-0.00440726591317
-0.0026460453915
-0.0017276073309
-0.00120091878387
0.000629872457996
-0.00219692657722
-0.000503508763651
-0.00431868867032
-0.0025584175427
-0.00163441643753
-0.00110881950564
0.000721428686044
-0.00210602876758
-0.000413377096279
-0.00422942234396
-0.00247010659178
-0.00154118860662
-0.00101601536506
-0.00406089591492
-0.00201443339281
-0.000322552556055
-0.00413946848075
-0.00238111403936
-0.00144725509048
-0.000922508057624
-0.00396793820788
-0.00192214208748
-0.000231036739358
-0.00404882863459
-0.00229144139322
-0.00135261761362
-0.000828299286154
-0.00357096540892
-0.00182915649339
-0.00013883124976
-0.00395750436649
-0.00220109016814
-0.00260355218687
-0.000733390760703
-0.00347661292311
-0.00173547825948
-4.59376979081e-05
-0.00386549724445
-0.00211006188584
-0.00250751199101
-0.000637784198408
-0.00338156557839
-0.00164110904172
-0.000650532051362
-0.00377280884338
-0.00201835807483
-0.00241077305095
-0.000228443316933
-0.00328582507099
-0.00154605050293
-0.000556267234621
-0.00367944074494
-0.00192598027032
-0.00231333711939
-0.000131445860039
-0.00318939310396
-0.0014503043127
-0.000461319228787
-0.00358539453745
-0.00172471219358
-0.00221520595574
-3.3755558904e-05
-0.003092271387
-0.00135387214725
-0.000365689671588
-0.00349067181575
-0.00163099103393
-0.00211638132598
6.46258423134e-05
-0.00299446163636
-0.00125675568931
-0.000269380207217
-0.00339527418113
-0.00153660052547
-0.0017074070001
0.000163696593026
-0.00289596557469
-0.001158956628
-0.000172392486221
-0.00329920324117
-0.00144154222908
-0.00160720076171
0.000263454936349
-0.00279678493091
-0.00106047665867
-7.47281653744e-05
-0.003094655365
-0.00134581771179
-0.00150630639327
0.000363899109234
-0.00269692144012
-0.000961317482853
2.36110924397e-05
-0.00299724266174
-0.00124942854665
-0.00216130925639
-0.00345906304663
-0.00470548310044
-0.00109450538933
-0.00241985209691
-0.00369114045432
-0.00503067917599
-0.00207696389246
-0.00338115373901
-0.00462671346703
-0.00101603858965
-0.00233750963358
-0.00361696129724
-0.0049530905938
-0.00199190101974
-0.00330250947295
-0.00454720196961
-0.000936816533198
-0.00225441231006
-0.00354200663254
-0.00487472170871
-0.00190612222207
-0.00322313176583
-0.00447400972424
-0.00085684827034
-0.00217056183199
-0.00346627805958
-0.00479557422405
-0.00181962909189
-0.00314302214495
-0.00440095397382
-0.000776131686115
-0.00208595991523
-0.00338977718975
-0.00471564985502
-0.00172121755694
-0.00306218214738
-0.00432715013644
-0.000694668401251
-0.00200359538713
-0.00331250564637
-0.00463495032856
-0.00163330057292
-0.00298061331986
-0.00425259967469
-0.000612460046725
-0.00192315810337
-0.00323446506447
-0.00455347738315
-0.00154467408415
-0.00289831721864
-0.0041773040621
-0.000529508263619
-0.0018419659704
-0.00315565709067
-0.0044712327687
-0.0014565775475
-0.00281529540937
-0.00410126478299
-0.000446072343697
-0.00176002064854
-0.00307608338302
-0.0043882182463
-0.00137710916252
-0.00273154946694
-0.00402447960704
-0.000366054505234
-0.00167732380857
-0.00299574561083
-0.00430443558813
-0.00129692061561
-0.0026480390857
-0.00394695749035
-0.00528529437156
-0.00159387713161
-0.00291464545452
-0.00421988657725
-0.0012160133966
-0.00256618074944
-0.00386869622352
-0.00520378818561
-0.00150968230891
-0.00283278460547
-0.00413457300742
-0.00113847649583
-0.00248359817323
-0.00378969733272
-0.00512154024705
-0.00142484600099
-0.00275016476585
-0.00405597726916
-0.00106045701252
-0.00240029291597
-0.00370996235424
-0.00503855218331
-0.00134092896334
-0.00266678764846
-0.00397839695185
-0.00098171735708
-0.00231626654565
-0.00362949283436
-0.00495482563164
-0.00125626619192
-0.00258265497659
-0.00390004146042
-0.00090225898853
-0.00223152063928
-0.00354829032922
-0.00487036223897
-0.00117085938804
-0.00249776848384
-0.00382091619275
-0.000822083375214
-0.00214834537643
-0.00346635640467
-0.00478516366177
-0.00108471026277
-0.00241212991398
-0.00374102097035
-0.000741191994678
-0.00206652459828
-0.00338369077352
-0.00469923156589
-0.000997820536695
-0.00232574102079
-0.00366035748882
-0.00065958633355
-0.00198398265936
-0.00330029874596
-0.00461256762644
-0.000910191939833
-0.00223860356788
-0.003578927455
-0.000577267887416
-0.00190072110446
-0.00321618005356
-0.00452517352763
-0.000821826211455
-0.00215071932855
-0.00349673072419
-0.000494238160698
-0.0018167414874
-0.00313133629971
-0.00443705096263
-0.00073272509994
-0.00206209008563
-0.00341377275055
-0.00485312484307
-0.00273176325755
-0.00237740830774
-0.00191134214144
-0.00610908934724
-0.00412254221353
-0.00333459376684
-0.00250500892508
-0.00210488830165
-0.00169048317035
-0.00506939023903
-0.00444587689422
-0.00372106141855
-0.00289750871315
-0.00200360350638
-0.000618165429594
-4.15833803036e-05
-0.00433597309984
-0.00376239112617
-0.00274433761307
-0.00202404084782
-0.00318272965588
-0.00263521397535
-0.00228129140303
-0.0018157880639
-0.00471091390104
-0.0040284761763
-0.00324143564202
-0.00241074530147
-0.00187865196132
-0.000440411171865
-0.00484567234979
-0.00422380872976
-0.00350088072734
-0.00267943409643
-0.00107785376057
-0.000375729985292
-0.00472896243997
-0.00405675699481
-0.00300668404812
-0.00238393318072
-0.00166648936613
-0.00314305748688
-0.00256108357984
-0.00215689526594
-0.00516238457609
-0.00458813005047
-0.00390672715551
-0.00312085863902
-0.00228934145755
-0.000601036609638
-0.00511281090428
-0.00459581693066
-0.00397578552563
-0.00255979999276
-0.00174069306377
-0.00082607827999
-0.00509072369128
-0.00442311711951
-0.00336042493747
-0.00262023620923
-0.0020001398894
-0.00128570952456
-0.0030908556899
-0.00249320713349
-0.000623342988437
-0.00501072980794
-0.00443755791591
-0.00375741979381
-0.00297298385194
-0.0011159535308
-0.000349640219696
-0.00483535152331
-0.00432005595486
-0.00300688021428
-0.002288348758
-0.00147180901332
-0.000560004053665
-0.00481221280277
-0.0037002380781
-0.00303280214161
-0.00227067351352
-0.0015932534566
-0.000881990447192
-0.00299384148337
-0.00101589706698
-0.00529409210739
-0.00483124905603
-0.00425935319787
-0.00255574259391
-0.00177299175905
-0.000940653301532
-0.00504328416786
-0.00453209419897
-0.00332348820163
-0.00270764842647
-0.00199161439616
-0.00117786268386
-0.00523783687019
-0.0041163783878
-0.00334617217774
-0.00268136262347
-0.00192218583936
-0.00101989566634
-0.00531121036295
-0.00148756853577
-0.000891276781208
-0.00508577063625
-0.00462412901058
-0.0030287353376
-0.00235180049464
-0.00157098973527
-0.000738647488539
-0.00478891392749
-0.00351747616488
-0.00299669909211
-0.00238320299985
-0.00166985736933
-0.000859107459144
-0.00452957947041
-0.00378904486939
-0.00300110062945
-0.00230638430164
-0.00140664109827
-0.00056775856473
-0.00486252798833
-0.00133363605323
-0.00558974604836
-0.00490261726354
-0.00336461970805
-0.00279583993557
-0.00212083398435
-0.00134220885436
-0.00543393400897
-0.00386761390219
-0.00323714124566
-0.00264481647513
-0.00203382913876
-0.000908310309636
-0.00509175225047
-0.00418979979091
-0.0034376905527
-0.00265282218837
-0.00176446799679
-0.00101170609185
-0.00516684039897
-0.00439184293253
-0.00600181335892
-0.00542443118668
-0.0036983733905
-0.00310288679868
-0.00253593771322
-0.00186307144596
-0.00108687118026
-0.00448396966804
-0.00361543071885
-0.00293130168798
-0.00226815363984
-0.00124478340488
-0.000537359965325
-0.0047242084733
-0.00382598778026
-0.00306259803499
-0.00213729611386
-0.00134330026234
-0.000593987358806
-0.00475638644786
-0.00391186835781
-0.00579162646511
-0.00419099404054
-0.00349148971032
-0.00281423036574
-0.00224928671368
-0.000842440614738
-0.00503387132612
-0.004203099451
-0.00333744367439
-0.00260023124551
-0.00151627632315
-0.0008464755822
-0.0051332551849
-0.00433271685211
-0.00343843742925
-0.00252037782728
-0.00174219382748
-0.000899506541374
-0.00515305817403
-0.00431750311896
-0.00349166186109
-0.00452885928269
-0.00395471515708
-0.00325721545355
-0.00249893699365
-0.00119984362415
-0.005496837643
-0.00472617668351
-0.00389644030412
-0.0030339057949
-0.00184732461774
-0.00116301980777
-0.000424192835515
-0.0047143537831
-0.00377390802567
-0.00288377035229
-0.00209871252297
-0.00132412679397
-0.000458246798875
-0.00467720488516
-0.00387002225111
-0.0030495002925
-0.004421784543
-0.00369106533066
-0.00299578870177
-0.00147524564076
-0.000860558937712
-0.00516028603565
-0.00439272418794
-0.00356426833415
-0.00229004383223
-0.00149696418233
-0.00078529887272
-0.00501531961979
-0.00412828992175
-0.00333548275144
-0.00244967991931
-0.0016542378584
-0.000883409343801
-0.00500741411869
-0.00419303119287
-0.00340075589292
-0.00258569048691
-0.00413283881203
-0.00340031359743
-0.00198699515359
-0.00118968858358
-0.00546040466239
-0.00479807446405
-0.00361877464577
-0.00279183731777
-0.00193624018338
-0.00112202056414
-0.00537441488243
-0.00447323615838
-0.0036627905674
-0.00287410033358
-0.00199281228356
-0.00118728686224
-0.000410411694166
-0.00456200083364
-0.00374362049022
-0.00295055131078
-0.00210054818977
-0.00383688146574
-0.00234657002247
-0.00167207379046
-0.000877759632252
-0.00506977425746
-0.00399549040351
-0.00323474415673
-0.00240955586046
-0.00155775708358
-0.000722811805004
-0.00482689907865
-0.00405119846441
-0.00320289197736
-0.00239011151848
-0.0015135105021
-0.000707073807253
-0.00495314316206
-0.00410889096363
-0.00329108822556
-0.00250179497175
-0.00164286977317
-0.00277928191813
-0.00200251452761
-0.00133085514671
-0.00550473141691
-0.00426564562672
-0.00358297557766
-0.00282592815827
-0.00200271149577
-0.00115491378739
-0.00515773872884
-0.00440732705038
-0.00360585413025
-0.00276175675217
-0.00188610742531
-0.00101066697332
-0.00522394821769
-0.00447393769127
-0.00363399547699
-0.00285716844632
-0.00203157947471
-0.00121040988822
-0.00242992185313
-0.00181020681117
-0.000963666830675
-0.00472592937315
-0.0038850747388
-0.00314584992013
-0.00239268312459
-0.00157165243996
-0.000576174356959
-0.00475386343081
-0.00396433056406
-0.00314303599097
-0.00230525464122
-0.00147579985936
-0.000618684040331
-0.00476729053216
-0.00397312778229
-0.00314038301804
-0.00240172622837
-0.0015748917982
-0.000756623418148
-0.00205436369308
-0.00143749190189
-0.00511996005648
-0.00435178018055
-0.00347949443913
-0.00272212228584
-0.00178349560102
-0.000964856681782
-0.00512483308406
-0.00432632089118
-0.00349825934112
-0.0026786324409
-0.00184515526766
-0.00104287614669
-0.0052048026293
-0.00435719693578
-0.00345105670227
-0.00265985328616
-0.00192490836882
-0.00110503749324
-0.00528180795845
-0.00165296898553
-0.000600073607361
-0.00471047688628
-0.00393754422916
-0.00305864904213
-0.00214382508745
-0.00130251605705
-0.000512161769096
-0.00465101140025
-0.00387545358081
-0.00301361947308
-0.00222326033363
-0.00137575792626
-0.000588428501365
-0.00476850687698
-0.00392485122243
-0.00299345461138
-0.00220029202685
-0.0014801059177
-0.000672288160822
-0.00478984340857
-0.000787082992153
-0.00515624699577
-0.00429044105616
-0.00349861558695
-0.00247229514405
-0.00169330985948
-0.000846329365805
-0.00503533850809
-0.00416029503362
-0.00338737747604
-0.00254424599243
-0.00175887310783
-0.000941743680404
-0.00511568004163
-0.00431010689935
-0.00347056403444
-0.00254362327618
-0.00173909480272
-0.0010223532388
-0.00521833737783
-0.0043291917178
-0.00572928636486
-0.00470765242807
-0.0038456680189
-0.00288351971439
-0.00201371401568
-0.00121907026718
-0.000376699236738
-0.00455971295919
-0.00372806595463
-0.0028909330916
-0.00209227018845
-0.00131398446384
-0.000497728904929
-0.00467323324455
-0.00384303812944
-0.0029946499535
-0.00207233189534
-0.00125672890921
-0.000543551285352
-0.00474347334055
-0.00385860797435
-0.00525271884534
-0.00423454724521
-0.00337654929445
-0.00241835055152
-0.00154645686493
-0.0007287877226
-0.00491369471829
-0.00412379061248
-0.00329620761947
-0.00245385204728
-0.00166871126805
-0.000846703556692
-0.00503150615085
-0.00420876234819
-0.00338266416404
-0.00249743399794
-0.00164290220284
-0.000814876583528
-0.00505052122888
-0.00428883317835
-0.00344210953178
-0.00460103690262
-0.00358574815533
-0.00288348893453
-0.00192993461616
-0.00104082211882
-0.005283123396
-0.00448699946761
-0.00366831759091
-0.00284133128447
-0.00200373397764
-0.00122246489089
-0.000357371057942
-0.00454341903081
-0.0037572172573
-0.00293899335471
-0.00208752417927
-0.00124679942144
-0.00042215230249
-0.00461242075525
-0.00385411913748
-0.00301109146412
-0.00348515170824
-0.00240969192506
-0.00138825552882
-0.00478330169095
-0.0014609576918
-0.00476527113654
-0.00344862185518
-0.00352190310832
-0.0024462558326
-0.0014245788622
-0.00491281884526
-0.00149665386036
-0.00480058848483
-0.00347705972193
-0.00355784287972
-0.00248201213101
-0.00146009974671
-0.004948055488
-0.00153156104682
-0.0048351249951
-0.00350472197031
-0.00359297022099
-0.00251696003093
-0.00587452759088
-0.00498249516082
-0.00156567851624
-0.00486887995535
-0.00353160804047
-0.00362728434778
-0.00255109875987
-0.00590844127215
-0.0027467638488
-0.00159900554944
-0.0049018526689
-0.00355771738773
-0.00366078449294
-0.00258442756226
-0.00594155023221
-0.00277960737928
-0.00163154144304
-0.00493404245438
-0.00358304948265
-0.00369346990655
-0.00261694569956
-0.00597385374693
-0.00281165176992
-0.00166328550955
-0.00496544864584
-0.00360760381114
-0.00372533985608
-0.00264865245032
-0.0037359778336
-0.00284289633011
-0.00169423707746
-0.00499607059283
-0.00363613445084
-0.0037563936264
-0.00267954711026
-0.00376666835238
-0.00287334038571
-0.00172439549128
-0.00502590766044
-0.00366561816642
-0.0037866305199
-0.00270962899238
-0.00379655135434
-0.00290298327911
-0.00175376011162
-0.00505495922936
-0.00369432551033
-0.00381604985657
-0.00273889742698
-0.00382562618292
-0.00293182436934
-0.00178233031527
-0.00508322469598
-0.00372225590001
-0.0038460880026
-0.000413655609216
-0.0038538921986
-0.0029598630321
-0.00181010549525
-0.00511070347242
-0.00374940876813
-0.00387665513107
-0.000441295209406
-0.00417000289779
-0.00298709865983
-0.00183708506087
-0.0051373949866
-0.0017631302863
-0.00390640420864
-0.000468119457717
-0.00419664943779
-0.00301353066179
-0.0018632684378
-0.0051632986823
-0.00178872647039
-0.00393533456458
-0.000494127754498
-0.00422248534949
-0.00303915846411
-0.00188865506815
-0.00518841401921
-0.0018135435227
-0.00162073061779
-0.000519319517774
-0.00424751006237
-0.00306398150987
-0.00191324441049
-0.00320008719667
-0.00183758093729
-0.0016480215893
-0.000543694183313
-0.00427172302328
-0.00308799925914
-0.00193703593993
-0.00322362425903
-0.00186083822366
-0.00167449193375
-0.000567251204692
-0.00429512369656
-0.00311121118905
-0.00196002914816
-0.00324637143773
-0.00188331490686
-0.00170014105185
-0.000589990053351
-0.00431771156407
-0.00313361679383
-0.00649850659373
-0.00326832825668
-0.00190501052753
-0.00172496836235
-0.000611910218658
-0.00433948612523
-0.0031552155849
-0.00450734062591
-0.00328949425595
-0.00192592464189
-0.00174897330208
-0.000633011207961
-0.00436044689712
-0.00317600709089
-0.00452793598748
-0.00330986899185
-0.00194605682186
-0.0018244604464
-0.0020295190677
-0.00400562714561
-0.00583882669257
-0.00120038421862
-0.00301687972442
-0.00480581687312
-0.00185283841283
-0.00204728819354
-0.004023727662
-0.00585724588172
-0.00121207072716
-0.00302877741131
-0.00480264492446
-0.00188305218257
-0.00206422627572
-0.00404098174039
-0.00587480383478
-0.0012228790573
-0.00303978109497
-0.0032273218154
-0.00191245589014
-0.00208033292288
-0.00405738896715
-0.00589150011593
-0.00123280893073
-0.00304989048176
-0.0032223274661
-0.00194104888561
-0.00209560776264
-0.00407294894871
-0.00590733431047
-0.00124186009167
-0.00305910530178
-0.00321642211122
-0.00196883053633
-0.00211005044164
-0.00408766131158
-0.00421356006845
-0.0012500323069
-0.00306742530894
-0.00320960591415
-0.00659350880983
-0.00212366062559
-0.00410152570244
-0.00422766893038
-0.00125732536576
-0.00307485028096
-0.00320187906346
-0.00478987226568
-0.00213643799931
-0.00411454178813
-0.00424091458879
-0.00126373908021
-0.00308138001939
-0.00319324177282
-0.00481521625971
-0.00214838226676
-0.00412670925572
-0.00425329671392
-0.00126927328482
-0.00308701434968
-0.00318369428102
-0.00483974655223
-0.00215949315107
-0.00413802781256
-0.00426481499736
-0.00599478147846
-0.00152051321761
-0.00318160166464
-0.00486346259781
-0.00216977039458
-0.00414849718628
-0.0042754691521
-0.00599855625776
-0.00152435630357
-0.00318550936566
-0.00488636386872
-0.00217921375888
-0.00415811712485
-0.00428525891251
-0.00600145116695
-0.00152730360121
-0.00318850622061
-0.00490844985488
-0.00218782302479
-0.00245814144016
-0.00429418403447
-0.00600346613131
-0.00152935503167
-0.00319059214659
-0.004929720064
-0.00219559799247
-0.00246606183379
-0.00430224429529
-0.00600460109882
-0.00153051054006
-0.00319176708589
-0.00495017402157
-0.00220253848135
-0.00247313215845
-0.00430943949382
-0.00600485604018
-0.00153077009547
-0.00319203100602
-0.00496981127096
-0.00220864433021
-0.00247935224368
-0.00431576945044
-0.00600423094881
-0.00153013369095
-0.00319138389968
-0.00498863137345
-0.0022139153972
-0.00248472193953
-0.00432123400709
-0.00450525267579
-0.00152860134353
-0.00318982578476
-0.00500663390828
-0.00221835155981
-0.0024892411165
-0.00432583302729
-0.00450992750985
-0.00152617309422
-0.00318735670437
-0.00502381847269
-0.00222195271494
-0.00249290966556
-0.00432956639615
-0.00451372242754
-0.00152284900797
-0.0031839767268
-0.00504018468199
-0.00051597282244
-0.00249572749823
-0.00433243402039
-0.00451663733091
-0.00151862917371
-0.00317968594555
-0.00505573496353
-0.000517903730854
-0.00249769454651
-0.00433443582836
-0.0045186721447
-0.00151351370431
-0.00317448447928
-0.00402372532582
-0.002155558064
-0.00435194868975
-0.00259706331867
-0.0042772579721
-0.00242934507051
-0.00406956725596
-0.00396596214279
-0.00212660190486
-0.00433002516116
-0.00257462821688
-0.00425433249918
-0.00594657075871
-0.00404434609912
-0.00390727710626
-0.00210422995329
-0.00430710367279
-0.00255117214531
-0.00423036401807
-0.00592211995275
-0.00401804210493
-0.00384767194151
-0.00208088442558
-0.00428318498946
-0.0025266959233
-0.00420535340277
-0.00589660633743
-0.00399065537889
-0.00378714839645
-0.00596429314086
-0.00425826990843
-0.00250120040493
-0.00417930156425
-0.0058700308795
-0.00396218699909
-0.00372570824143
-0.00593900271554
-0.00423235925926
-0.00247468647879
-0.00415220945025
-0.0058423945847
-0.00393263808471
-0.00366335326892
-0.00591274102883
-0.00420545390367
-0.0024471550679
-0.00412407804514
-0.00581369849758
-0.00391370457321
-0.00360008529334
-0.0058855089122
-0.00417755473543
-0.0024186071295
-0.00409490836975
-0.00578394370128
-0.00389790987653
-0.00353590615076
-0.00585730722681
-0.00414866268018
-0.00238904365492
-0.00406470148117
-0.00575313131736
-0.00388102852841
-0.000511275846513
-0.00582813686344
-0.00411877869531
-0.00235846566939
-0.00403345847257
-0.00572126250556
-0.003863061195
-0.000481886237662
-0.00579799874231
-0.00408790376975
-0.00232687423187
-0.00400118047299
-0.00568833846362
-0.00384400858472
-0.000451553337817
-0.00576689381294
-0.00405603892388
-0.00229427043487
-0.00396786864715
-0.00565436042701
-0.00382387144809
-0.000420278055065
-0.005734823054
-0.00402318520929
-0.00226065540428
-0.00393352419525
-0.00561932966875
-0.0038026505776
-0.000388061324482
-0.00570178747318
-0.00398934370869
-0.00222603029913
-0.00409246508267
-0.00558324749915
-0.00378034680757
-0.000354904108
-0.00566778810702
-0.00395451553565
-0.00219039631147
-0.00405605912009
-0.00554611526557
-0.00375696101396
-0.000320807394263
-0.00563282602075
-0.00391870183447
-0.00215375466607
-0.00401862434273
-0.00550793435219
-0.00373249411423
-0.00440911162798
-0.00559690230811
-0.00388190378001
-0.00211610662033
-0.00398016209051
-0.00546870617975
-0.0037069470671
-0.00437313899179
-0.00556001809122
-0.00384412257745
-0.00207745346395
-0.00394067373768
-0.00542843220525
-0.00369305833866
-0.0043362299831
-0.00552217452038
-0.00380535946213
-0.00203779651881
-0.00390016069264
-0.00538711392178
-0.00368474057901
-0.00429838569591
-0.00548337277389
-0.00376561569936
-0.00199713713869
-0.00385862439761
-0.00534475285815
-0.00367533575868
-0.00425960725019
-0.00544361405789
-0.00372489258417
-0.00195547670908
-0.00381606632847
-0.00530135057866
-0.00366484611033
-0.00616680415232
-0.00185167060023
-0.00371213683314
-0.00559910706023
-0.00298037338421
-0.0027061189945
-0.00452071343397
-0.0060975025341
-0.00178204030615
-0.00364230497033
-0.00552920410015
-0.00291053099733
-0.00263646782935
-0.00445138094364
-0.00602735523486
-0.00171156078403
-0.00357162170743
-0.00545844897444
-0.000761836640926
-0.00256596721114
-0.00438120243885
-0.00467045527613
-0.00164023382335
-0.00350008884888
-0.00538684349283
-0.00069029303241
-0.00249461893091
-0.00431017968713
-0.00459862192691
-0.00156806123001
-0.00342770821562
-0.00531438948161
-0.000617901537421
-0.0024224247961
-0.00423831447228
-0.004525948241
-0.00149504482609
-0.00335448164488
-0.00524108878336
-0.000544663993987
-0.00234938663036
-0.00416560859413
-0.00445243603177
-0.00142118644966
-0.00328041098998
-0.00516694325679
-0.00508075379778
-0.00227550627333
-0.00409206386837
-0.00437808712821
-0.00134648795454
-0.00320549812008
-0.00509195477649
-0.00500582973563
-0.00220078558042
-0.00401768212631
-0.00430290337472
-0.00127095121012
-0.00312974491999
-0.00501612523273
-0.00493006523473
-0.00212522642261
-0.00394399105083
-0.0042268866309
-0.00119457810113
-0.00305315328995
-0.00493945653124
-0.00485346219613
-0.00204883068624
-0.00387450998476
-0.00415003877135
-0.00111737052743
-0.00297572514541
-0.00486195059299
-0.00477602253609
-0.001973048332
-0.003804187928
-0.00407236168545
-0.00103933040378
-0.00289746241681
-0.00478360935397
-0.00469774818588
-0.00190157400497
-0.00373302663116
-0.00399385727714
-0.000960459659663
-0.00281836704939
-0.00470443476498
-0.00462000832918
-0.00182925897047
-0.0036610278608
-0.00391452746474
-0.00567110730853
-0.0027384410029
-0.00462442879139
-0.00454666671697
-0.00175610503345
-0.00358819339922
-0.00383437418071
-0.00559058116959
-0.00265768625148
-0.00454487722091
-0.00447248615259
-0.0016821140145
-0.00351452504429
-0.00375339937144
-0.00550923028463
-0.00257610478337
-0.00446980571532
-0.00439746848567
-0.00160728774973
-0.00344002460919
-0.00367160499705
-0.00542705663975
-0.00249489685213
-0.00439389845411
-0.00432161558117
-0.00153162809048
-0.00336469392226
-0.0035889930312
-0.00534406223467
-0.00241824195629
-0.00431715732125
-0.0042449293192
-0.00145513690319
-0.00328853482677
-0.0035055654608
-0.00526136016255
-0.0023407558898
-0.00245423138953
-0.00416741159479
-0.00137781606911
-0.0032115491807
-0.0034213242859
-0.00518327494932
-0.00226244056017
-0.00237582822483
-0.00408906431768
-0.0058206183231
-0.00313373885658
-0.00333729434093
-0.00510436446633
-0.0021832978894
-0.00229659692919
-0.00400988941211
-0.00574164389764
-0.00305510574124
