0.00169431327659
0.0050316651667
0.00341867426088
0.0017644667392
0.00495483366377
0.00367341474868
0.00186918426782
0.00172404080864
0.00506176686239
0.0034491308794
0.00179525628465
0.0049838587723
0.00304289881951
0.00189877195769
0.00175443560796
0.00509254404838
0.00348027078233
0.00182673642014
0.00501358255688
0.003072924039
0.00192907159275
0.00178549721908
0.00512399625194
0.00351209348011
0.00185890664
0.0050440045294
0.00310365437932
0.00196008265618
0.00181722517697
0.00515612299037
0.00354459847296
0.00189176642803
0.00507512419076
0.00313508932612
0.00199180461954
0.00184961900706
0.00518892377115
0.00357778525087
0.00192531525746
0.000138142311568
0.00316722835382
0.0020242369428
0.00187984327937
0.00522239809189
0.00361165329366
0.00195955259106
0.000170655809538
0.00320007092557
0.00205737907443
0.00191356739223
0.0052565454404
0.00364620207102
0.00199447788112
0.000203865433488
0.00323361649337
0.00209123045139
0.00194795217147
0.0052913597068
0.0036814254546
0.00203009056956
0.000237770640752
0.00326786449805
0.00212579049923
0.00198300455536
0.00532685153529
0.00371733406982
0.00206638356863
0.000272363427298
0.00330281436936
0.0021610586321
0.00201872029692
0.000363125735716
0.00375392176828
0.00210336933809
0.000300392867316
0.00333846086936
0.0021970295962
0.00205509886516
0.000399959878802
0.00379118797956
0.00213269603079
0.000325456042103
0.00337481271898
0.00223371209628
0.00209213971983
0.000437464343085
0.00382913212329
0.00215818556026
0.000351217894432
0.00341186465833
0.00227110085603
0.00212984231144
0.000475638558404
0.00386775360926
0.00218436607647
0.000377678002254
0.00344961607324
0.00230919524455
0.0021682060813
0.00051448194508
0.00390705183739
0.00221123715982
0.000404835932439
0.00348153832115
0.0023479946198
0.00220723046156
0.000553993913957
0.00394702619785
0.00223879837998
0.000432691240805
0.00350966440592
0.00238749832868
0.00224691487529
0.00059417386645
0.00398767607103
0.00226704929593
0.000461243472155
0.00353849406427
0.00242770570705
0.00228725873647
0.000635021194585
0.00402900082766
0.00229598945602
0.000490492160313
0.00356802681638
0.00246861607978
0.00232826145005
0.000676535281048
0.00406439219858
0.00232561839798
0.000520436828167
0.00359826217118
0.00250445815621
0.002369922412
0.000718715499226
0.00409436366973
0.00235593564897
0.000551076987699
0.00362919962643
0.00253566462436
0.00241224100936
0.000761561213256
0.00412501528621
0.00238694072561
0.000582412140032
0.00366083866867
0.00256757864265
0.000955210743251
0.00231851007844
0.00219553871575
0.00358314704845
0.000343482366908
-5.75183284605e-05
0.00142785230645
0.000986926612459
0.00235123936947
0.00222932725287
0.00361803815822
0.000379527332917
-2.02779783446e-05
0.00146632976679
0.00101943961929
0.00238479064257
0.00226396181407
0.00365380691017
0.000416475143536
1.78942019256e-05
0.00150576895612
0.00105274906752
0.00241916313324
0.00229944528424
0.00369044958561
0.00045432478055
5.69970906859e-05
0.00154616863871
0.0010868542447
0.00245435140264
0.00233577494094
0.00372796523861
0.00049307520248
9.70295407897e-05
0.00158752755092
0.001121747903
0.00249036396415
0.00237294990507
0.00376635290208
0.000532725344718
0.000137990379772
0.00162984440143
0.00115744233627
0.00252719534372
0.00241096927835
0.00380561158795
0.000573274119676
0.000179878410018
0.00167311787137
0.00119393026463
0.00256484470649
0.00244983214341
0.00384574028727
0.00061472041693
0.000222692408933
0.00171734661461
0.00123121091155
0.00260331120021
0.00248953756388
0.00388673797035
0.000657063103364
0.000266431129114
0.00176252925786
0.00126928348465
0.00264259395535
0.00253008458453
0.00392860358686
0.000700301023327
0.000311093298532
0.00180866440095
0.00130814717585
0.00268269208522
0.0025714722314
0.00397133606599
0.000744432998782
0.000356677620705
0.00185575061703
0.00134780116137
0.00272360468604
0.00261369951185
0.00401493431657
0.000789457829464
0.000403182774885
0.00190378645277
0.00138824460188
0.00276533083704
0.00265676541472
0.00405939722723
0.000835374293039
0.000450607416242
0.00195277042855
0.00142947664256
0.00280786960058
0.00270066891045
0.00410472366649
0.000882181145261
0.000498950176051
0.00200270103875
0.00147149641319
0.00285122002224
0.00274540895119
-0.00055546840589
0.00092987712014
0.000548209661885
0.0020535767519
0.00151430302825
0.00289538113093
0.00279098447092
-0.000508418383476
-0.00085563080031
0.000598384457807
0.00210539601095
0.00155789558699
0.00294035193899
0.00283739438557
-0.000460508345965
-0.000806160464241
0.000649473124563
0.0021581572335
0.00160227317354
0.00298613144229
0.00288463759314
-0.000411739503743
-0.000755804932296
0.000701474199788
0.002211858812
0.00164743485699
0.00303271862036
0.00293271297387
-0.00036211308656
-0.000704565555772
0.000754386198199
0.00226649911401
0.0016933796915
0.00308011243648
0.00298161939029
-0.000311630343384
-0.000652443706862
0.000808207611805
0.00231572506665
0.0017401067164
0.0031283118378
0.00303135568743
-0.000260292542245
-0.000599440778481
0.000862936910107
0.00236328928976
-0.00226866498032
-0.00198404232536
-0.00185987103863
-0.00161893700271
-0.00124325233075
-0.000827808654181
-0.000772648165094
-0.000583245668633
-0.00570138322619
-0.00557411120845
-0.00536397141549
-0.00512285011896
-0.00491968026081
-0.00458564954609
-0.00412265877214
-0.00353328230731
-0.00322870910797
-0.00282361697426
-0.00276779574656
-0.00270488486824
-0.00251442986593
-0.00278474907576
-0.0023194447163
-0.00219473708561
-0.00195257535442
-0.00206049551791
-0.001640557055
-0.00158512540838
-0.00139479619436
-0.00107071387074
-0.000989295993911
-0.00573315136746
-0.00546502409337
-0.00526082962502
-0.00492512765816
-0.0044598473686
-0.0038676008081
-0.00349727377536
-0.00309062788439
-0.00385030569857
-0.00378713116512
-0.00359588086169
-0.00355538789529
-0.0031073518041
-0.00298229440925
-0.00273901451274
-0.00235970550181
-0.00193543603311
-0.00187975775666
-0.00168858484824
-0.00140607808116
-0.00132800713441
-0.0011156447751
-0.000820364448064
-0.000615231271931
-0.00523314853096
-0.00555444502444
-0.00495957030041
-0.00452311303166
-0.00411508512567
-0.00411313102002
-0.0040497187785
-0.00385775147265
-0.00380847118422
-0.00337657650373
-0.00325108055274
-0.00300679694583
-0.00262593790968
-0.00219751271537
-0.0021416133956
-0.00194968435688
-0.00171304258564
-0.00163461137681
-0.0022666050347
-0.00194406314852
-0.00173808102729
-0.00139946367881
-0.000930190445992
-0.00523143219937
-0.00472855638608
-0.00431932372382
-0.00434459392942
-0.0042809708594
-0.00408836765297
-0.00402757184487
-0.00361206541521
-0.00348618287093
-0.00324101453489
-0.00285878936675
-0.00242639473227
-0.00321563355643
-0.0030230383292
-0.00283275067692
-0.00275399462819
-0.00253977688859
-0.00219140047182
-0.00198316735498
-0.00164331791193
-0.00117235755403
-0.000572993360154
-3.50198777256e-06
0.00040675328047
-0.00454438042393
-0.00448057424797
-0.00540177603938
-0.00421234172091
-0.00381344823641
-0.00368723285104
-0.00428663453962
-0.00390323429696
-0.00346706690943
-0.00341080604625
-0.00321763940493
-0.00307413207896
-0.00299508802211
-0.0027800903679
-0.00243045633591
-0.00219546501131
-0.00185454105684
-0.00138210953367
-0.000780902492614
-0.0013368580193
-0.000939829897318
-0.00100588938721
-0.000941928572303
-0.00556899067973
-0.000338444016541
5.58651627016e-05
-0.00469924278111
-0.00445267772318
-0.004068297063
-0.00362856330193
-0.00357216357166
-0.00337852195476
-0.00328215492443
-0.00320286096753
-0.00298718662447
-0.00263646152317
-0.00237466056363
-0.00322498988885
-0.00275130947927
-0.00214853823988
-0.00144560247238
-0.00107535211925
-0.0011415412585
-0.00107745490931
-0.000883454442615
-0.000564606581006
-7.63943535396e-05
5.1539455568e-05
0.000298609912159
-0.00419905010329
-0.00375596523127
-0.0036994554665
-0.00350543750144
-0.00345650159672
-0.00456916251434
-0.00435291774912
-0.00400127298722
-0.00371265187456
-0.00337006968127
-0.00289536811189
-0.00229131804127
-0.00156133468513
-0.00117853118159
-0.00124481937053
-0.00118063711548
-0.000986347408647
-0.000800400333126
-0.000298205264962
-4.56454511808e-05
0.000201798319071
0.000587535456364
-0.000247483912188
-0.000190893460566
-0.00479035291147
-0.00478906832448
-0.0047093932409
-0.00449268692366
-0.00414029807218
-0.00382488790463
-0.00348172934637
-0.0030062388557
-0.00240120088329
-0.00167004692758
-0.00124922187366
-0.00131557809553
-0.00277303654801
-0.00257854817746
-0.00100154225209
-0.00177924382732
-0.00140919774204
-0.00114136725824
-0.000755260096582
-0.00030614973247
-0.000249508322705
-5.50391753363e-05
-0.000101551217904
-0.0048155005124
-0.00459844364684
-0.00424548968744
-0.00390336357916
-0.00355980087482
-0.00308375722282
-0.00399973319943
-0.00326775858619
-0.00280903078702
-0.00287542373667
-0.00281114004599
-0.00261654442718
-0.00244448734545
-0.00194462804261
-0.00150823668378
-0.00116832078171
-0.000815729925799
-0.000439673592753
-0.00027361836386
-0.000115440802236
-0.000173456574858
-9.35641528039e-05
0.000123730620557
-0.00115355107806
-0.00546966549948
-0.00512587270783
-0.00464951414224
-0.00404338924092
-0.00331094747401
-0.00281449069487
-0.00288088891078
-0.00281660012098
-0.00262198912426
-0.00257538707803
-0.00207491445116
-0.00163763167821
-0.00116542915536
-0.000926779038922
-0.000550078739001
-0.00026318526845
-0.000152867860972
-0.00184153610992
-0.00176159783426
-0.00154417891248
-0.0011906413184
-0.00079547080887
-0.000451623041354
-0.00466003049338
-0.0040538113841
-0.00332125800442
-0.00278730042129
-0.00285367241951
-0.00278940901526
-0.0025948745763
-0.00267080747218
-0.00216988616191
-0.00173195130612
-0.00124200438789
-0.0026336901226
-0.00225654613748
-0.00184884525761
-0.00178644085787
-0.00184449210284
-0.00176455020664
-0.0015471214823
-0.00119356808685
-0.000772152244074
-0.00042842486418
4.78441751037e-05
0.00065385698364
0.00138616594746
-0.00455829435165
-0.00462460875993
-0.00456040111773
-0.00436603484724
-0.00435579242952
-0.00385951230762
-0.00342116794727
-0.00291418804676
-0.00267510029566
-0.0022977150464
-0.00178443110163
-0.00175491584579
-0.00181293903013
-0.00173303576366
-0.00151571162901
-0.00116232682935
-0.000714904374425
-0.000371472193939
-0.00185084256642
-0.00124533564834
-0.000513626061486
9.44360422449e-05
2.82103516275e-05
-0.00446806957114
-0.00427396236834
0.00023994164893
-0.00388343592472
-0.00344492669041
-0.00292067369923
-0.00268156185074
-0.00230413892738
-0.00179080444142
-0.00168896236272
-0.00174692692911
-0.00166710435924
-0.00340523408916
-0.00305220149252
-0.00257905032654
-0.00223608680876
-0.00176086328169
-0.00115615959728
-0.000425401738657
0.000219161467932
0.000153055248172
0.000217061309737
0.000410819635223
0.00025168806481
0.000762696380265
0.00120112502874
-0.00289206987205
-0.00265306426441
-0.00227580743988
-0.00371793116007
-0.00354391987898
-0.00360179554739
-0.00352209535938
-0.00330532106935
-0.00295282263923
-0.0024667577384
-0.00211193482621
-0.00163758734139
-0.00103398068743
-0.000304522787583
0.000376108822308
0.000310152326477
0.000374013416375
-0.00168579743089
0.000299197928441
0.000809982166528
0.00124808517487
-0.00028845721005
-4.9688126924e-05
0.000327199631483
-0.00365538501195
-0.00340947510558
-0.00346723201367
-0.00338769531797
-0.00317136370493
-0.00281957892849
-0.00233448572605
-0.00195443793833
-0.0014811971639
-0.000878976534021
-0.00240429318209
-0.00168807197086
-0.00175384910967
-0.00169016168393
-0.00149736437252
-0.0017059692139
-0.00120246832665
-0.000764934378221
-0.000189872282547
4.85316096149e-05
0.000424849583623
0.000936701029233
0.00125412813737
-0.00329868186744
-0.00321934901389
-0.0030035693476
-0.0026526744347
-0.00442192489981
-0.00401696246204
-0.00354505419809
-0.00294450258386
-0.00221866556794
-0.00146737704279
-0.00153294592432
-0.00146946014564
-0.0012772710345
-0.00158723531622
-0.00108429150174
-0.00064756719216
-5.65092038945e-05
0.000181403063835
0.000556952341096
0.00106777238778
0.00145622737499
0.00139879570163
-0.000926821252798
-0.000711700277867
-0.00470549442209
-0.00422305927117
-0.00379352523731
-0.00332316950302
-0.00272456276595
-0.00200103140408
-0.00122659269664
-0.00128057103926
-0.00121731407953
-0.00102581514915
-0.00143315998669
-0.000930935964534
-0.000495257864707
9.74040071097e-05
0.000348712742797
-0.00168140848673
-0.00117188132166
-0.000712991945738
-0.000770218625335
-0.000691410594665
-0.000477052087223
-0.000128448673224
0.000352311940895
-0.00353758325429
-0.00306899344305
-0.00247259926927
-0.00175169142517
-0.000955420129916
-0.000999520655301
-0.00345779325109
-0.00326706376579
-0.00124400059146
-0.00314662679158
-0.00271222635174
-0.00212195179152
-0.00185451167175
-0.00148108010394
-0.000973101311269
-0.000444470754176
-0.00050146598628
-0.000422976583414
-0.000209480943878
0.000137730980781
0.000616596112936
0.00109412342032
0.0015607413098
-0.000526801456995
-0.00399471700768
-0.00317713766186
-0.00322104937587
-0.00314380908166
-0.0029539253393
0.00514148663442
0.00338398746231
0.00173476801126
0.00511937863169
0.00339943660749
0.00158486059062
0.000389998008036
0.00515637889427
0.0034041549198
0.00175520325176
0.00514006665679
0.00341655066824
0.00160216605697
0.000407478012333
0.005171975903
0.003425035453
0.00177636094379
0.000182837593846
0.00343440597991
0.0016202210058
0.000425715003561
0.0051882774018
0.00344662870646
0.0017982407176
0.000204987833056
0.00345300221446
0.00163902509798
0.000444708632247
0.00550406630338
0.00376771749593
0.00182084219107
0.000227868591131
0.00347233903046
0.00165857798052
0.000464458534646
0.00552177595964
0.00379073507604
0.00214294163364
0.000550061476325
0.00349241607307
0.00167887928659
0.000484964332779
0.00554018926026
0.00381446423886
0.0021669853109
0.000573812885235
0.00382381415162
0.00200925439026
0.000506225634463
0.000564038062087
0.00383890458159
0.00219174946775
0.000595109778758
0.00384537052968
0.00203105138786
0.000837567787998
0.000583857725233
0.00386405568969
0.002217233673
0.000617136953231
0.00386766598998
0.002053595626
0.000860338863632
0.000604380083661
0.00388991713687
0.0022434374833
0.000639894015169
0.00389070012453
0.00207688668291
0.000883864181454
0.000625604798161
0.00391648848517
0.00227036044316
0.000663380558343
0.00391447251214
0.00210092412323
0.000908143292868
0.000647531518146
0.00394376928499
0.00229800208499
0.000687596163819
0.00393898271847
0.00212570749796
0.000933175735279
0.000670159881677
0.00397175907512
0.00232636192913
0.000712540399997
0.00396423029604
0.00215123634459
0.000958961032132
0.000693489515496
0.00400045738276
0.00235543948391
0.000738212822641
0.0039902147843
0.00217751018705
0.000985498692962
0.000717520035053
0.0040298637236
0.00238523424569
0.000764612974929
0.00401693570963
0.00220452853584
0.00101278821344
0.000742251044539
0.00405997760183
0.00241574569886
0.000791740387485
0.00404439258544
0.00223229088801
0.00104082907541
0.000767682136919
0.00409079851019
0.00244697331598
0.000819594578424
0.00407258491217
0.00226079672725
0.00106962074695
0.000793812893963
0.00412232593002
0.0024789165577
0.000848175053395
0.00410151217736
0.00229004552391
0.00109916268242
0.000820642886283
0.00415455933128
0.00251157487293
0.000877481305619
0.00413117385568
0.00232003673505
0.00112945432252
0.000848171673366
0.00418749817262
0.00254494769878
0.000907512815942
0.00416156940898
0.00235076980452
0.00116049509432
0.000876398803612
0.00422114190142
0.00257903446068
0.000938269052872
0.00419269828633
0.00238224416298
0.00119228441132
0.000772138282262
0.000834530288417
0.00218309100536
0.00354329477997
0.00317791463348
0.000381053745829
0.00186268657201
0.000786789537321
0.000849679040204
0.00219248228174
0.00354711650489
0.00359220708498
0.000385154526877
0.00186693564618
0.000802289050586
0.000865704695941
0.00219708304227
0.00394908699862
-0.00103499162714
0.000390265577243
0.00187223150304
0.000818636449476
0.000882606843878
0.0022025931157
0.00395479168952
-0.0010290831964
0.000396386723023
0.00187857394912
0.000835831341264
0.000900107823121
0.00258671860215
0.00396143762446
-0.00102219993794
0.000403517755996
0.00188596275281
0.000853873313125
0.00126713342227
0.00259404682066
0.00396902460714
-0.00101434206986
0.000411658433659
0.00189439764434
0.00122054385858
0.00127509318511
0.00260228382134
0.00397755241349
-0.00100550984107
0.000420808479271
0.0019038783159
0.00124027867197
0.00128393097481
0.00261142937733
0.00398702079177
-0.000995703531234
0.000430967581897
0.00191440442164
0.00125500093795
0.00129364656411
0.00262148323681
0.00399742946257
-0.00098492345073
0.000442135396463
0.00192597557775
0.00126524302921
0.00130423970329
0.00263244512307
0.00400877811886
-0.000973169940613
0.000454311543812
0.00193859136253
0.00127633340374
0.00131571012017
0.00264431473455
0.00402106642604
-0.00096044337255
0.000467495610772
0.00195225131647
0.00128827179525
0.00132805752015
0.00265709174483
0.00403429402198
-0.000946744148766
0.000481687150223
0.00196695494235
0.00130105791719
0.00134128158627
0.00267077580275
0.00404846051708
-0.000932072701976
0.000496885681172
0.00198270170529
0.00131469146283
0.00135538197924
0.0026853665324
0.00406356549432
-0.000916429495325
0.000513090688838
0.00199949103287
0.00132917210528
0.00137035833744
0.00270086353321
0.00407960850933
-0.000899815022304
0.000530301624734
0.00201732231525
0.0013444994975
0.00138621027705
0.00271726637996
0.00409658909046
-0.000882229806684
0.000548517906765
0.00203619490525
0.00136067327238
0.00140293739202
0.0027345746229
0.00411450673881
-0.000863674402425
0.000567738919319
0.00221446927774
0.00137769304276
0.00142053925418
0.00275278778774
0.00413336092837
-0.000844149393594
0.000738111838859
0.00223542239272
0.00139555840149
0.00143901541326
0.00277190537578
0.00415315110604
-0.000680973981872
0.000759340332103
0.00225741465102
0.00141426892146
0.00145836539694
0.00279192686393
0.00431919188437
-0.000659511636056
0.000781571509028
0.0022804452574
0.00143382415569
0.00147858871096
0.00295099198834
0.0043408522711
-0.000637081617564
0.000804804621059
0.00230451337992
-0.00437170579514
-0.00611157043885
-0.00280288537089
-0.00459813019048
-0.00633955844238
-0.0030301495746
-0.00479781356094
-0.00440260158496
-0.00612737055948
-0.00283215828788
-0.00461359758581
-0.00635581187039
-0.00306537997252
-0.00482923831145
-0.00443534526949
-0.00614218827011
-0.00286854291641
-0.00462804348044
-0.00637102341499
-0.00309955872488
-0.00485958594919
-0.00446713307359
-0.00616124626063
-0.00290393780688
-0.0046414673705
-0.00638519252406
-0.00313268455354
-0.00488885528713
-0.0044979640171
-0.00619264923846
-0.00293834178585
-0.00465386878746
-0.0063983168203
-0.00316475621778
-0.00491704517873
-0.0045278371481
-0.00622307700465
-0.00297175371096
-0.0046652454356
-0.00641039955196
-0.0031957725145
-0.00494415451821
-0.00455675154303
-0.00625252858361
-0.00300417247111
-0.00469636838617
-0.00142144318536
-0.00322573227846
-0.00497018224077
-0.00458470630684
-0.0062810030298
-0.00303559512398
-0.0047283987503
-0.00143143778213
-0.00325463438246
-0.00499512732275
-0.00461170057312
-0.0063084994279
-0.00306602434682
-0.00475941505058
-0.00144038774678
-0.00328247773759
-0.00501898878186
-0.00463773350426
-0.00633501689294
-0.00309545726073
-0.00478941621123
-0.00144829275339
-0.0033092612934
-0.00504176567739
-0.00466280429153
-0.00636055457044
-0.0031238928814
-0.00481840119022
-0.00146395339416
-0.00333498403813
-0.00506345711035
-0.00468691215525
-0.00638511163655
-0.00315133025667
-0.00484636897948
-0.00148807790018
-0.00335964499887
-0.00508406222369
-0.00471005634488
-0.0064086872982
-0.00317776846662
-0.00487331860503
-0.00152289847257
-0.00338324324175
-0.00510358020241
-0.00473223613915
-0.0064312807932
-0.00320320662379
-0.00489924912718
-0.00156004168905
-0.00340577787213
-0.00512201027379
-0.00475345084618
-0.00145289615873
-0.00322764387328
-0.0049241596407
-0.0015961532766
-0.00342724803474
-0.0051393517075
-0.00477369980356
-0.00147352315801
-0.00325107939291
-0.00494804927493
-0.00163123193367
-0.00344765291386
-0.00515560381575
-0.00479298237849
-0.00149316589059
-0.00327351239337
-0.00497091719398
-0.00166527639387
-0.00346699173348
-0.00517076595343
-0.00481129796783
-0.00151182371903
-0.00329494211832
-0.00499276259685
-0.00169828542614
-0.0034874008867
-0.00518483751824
-0.00482864599823
-0.00152949603732
-0.00331536784456
-0.00501358471756
-0.00173025783502
-0.00351747257966
-0.00520164518422
-0.00484502592623
-0.001546182271
-0.00333478888209
-0.00503338282532
-0.00176119246082
-0.00354648301589
-0.00522681677133
-0.0048604372383
-0.00156188187726
-0.00335320457429
-0.00505215622462
-0.00179108817984
-0.00357443109488
-0.00525089995438
-0.00535686987486
-0.00365589629474
-0.00202503495989
-0.00559135324091
-0.00386836205202
-0.00224290610721
-0.00567106334797
-0.00538594885915
-0.00368463600161
-0.00205338195019
-0.00561926112434
-0.00389528265138
-0.00225239674368
-0.00570447488987
-0.00541401810441
-0.00371237754225
-0.00208074417903
-0.00564619924602
-0.00392124937136
-0.00227367580759
-0.00573696785701
-0.00544107664736
-0.00373911998653
-0.00210712075371
-0.00567216675391
-0.0039462614178
-0.00230575895942
-0.00576854132374
-0.00546712355822
-0.00376486243671
-0.00213251081265
-0.00569716282569
-0.0039703180249
-0.00233690717846
-0.00579919438938
-0.0054921579409
-0.00378960402762
-0.00215691352556
-0.00572118666894
-0.00399341845535
-0.00236711954637
-0.00582892617839
-0.00551617893317
-0.00381334392677
-0.00218032809353
-0.00574423752125
-0.00401556200043
-0.00239639517124
-0.00585773584048
-0.00553918570676
-0.00383608133452
-0.00220275374922
-0.00576631465033
-0.00403674798011
-0.00242473318775
-0.00588562255075
-0.00556117746753
-0.00385781548419
-0.00222418975694
-0.00578741735415
-0.00405697574317
-0.00245213275728
-0.00591258550976
-0.0055821534556
-0.0038785456422
-0.00224463541279
-0.00580754496103
-0.00407624466728
-0.002478593068
-0.0059386239437
-0.00560211294548
-0.00389827110819
-0.00226409004475
-0.00582669682973
-0.00409455415914
-0.00250411333507
-0.0059637389671
-0.0056210552462
-0.00391699121515
-0.00228255301284
-0.0058448723496
-0.00411872749365
-0.00252869280065
-0.00598792613239
-0.00563897970142
-0.00393470532949
-0.00230002370917
-0.00586207094064
-0.00414619330183
-0.00255233073412
-0.00601118660584
-0.00565588568955
-0.00395141285121
-0.00231650155806
-0.0058782920536
-0.00417270297859
-0.00257502643208
-0.00603351971711
-0.00567177262386
-0.00396711321394
-0.00233198601615
-0.00589353517007
-0.00419825570907
-0.00259677921856
-0.00605492482196
-0.00568663995257
-0.0039818058851
-0.00234647657248
-0.00591709535749
-0.00422285070693
-0.00261758844502
-0.00607540130239
-0.00570048715894
-0.00399549036592
-0.00235997274855
-0.00594113339246
-0.00424648721449
-0.00263745349054
-0.00609494856667
-0.0057133137614
-0.00400816619157
-0.00237247409843
-0.00596419610964
-0.00426916450284
-0.00265637376183
-0.00611356604946
-0.00572511931358
-0.00401983293122
-0.00277676922996
-0.00598628277288
-0.00429088187198
-0.00267434869336
-0.00613125321189
-0.00573590340443
-0.00403049018814
-0.00278727972028
-0.00600739267644
-0.00431163865087
-0.00269137774746
-0.00615045165468
-0.00574566565825
-0.00404013759972
-0.00280686512357
-0.00602752514519
-0.00433143419759
-0.00270746041436
-0.0061735243831
