0.000554346976687
0.00232753450567
0.000424997915014
0.00209002088024
0.00373369478016
-0.00043632868292
0.0012856870537
0.00329029297889
0.00234935669035
0.000446981291849
0.00211213055306
0.00375589395873
-0.000414078166654
0.00130794993594
0.00331500191973
0.00237202862368
0.000469820622588
0.00213510104059
0.00377895739623
0.00138843467077
0.00133107952818
0.00333853320922
0.00239554975719
0.000493515346569
0.00215893177247
0.00380288451541
0.00141241707424
0.00135507524821
0.00336268688145
0.00241991952236
0.00051806488265
0.00218362215754
0.00382767471793
0.0014372645282
0.00137993649253
0.00338768118082
0.00244513733069
0.000543468629278
0.00220917158389
0.00385332738445
0.00146297640903
0.00140566263651
0.00341351551488
0.0024712025738
0.000569725964562
0.00223557941891
0.00387984187473
0.00148955207207
-0.00106775389465
0.00344018927188
0.00249811462345
0.000596836246351
0.00226284500942
0.00390721752764
-0.000983016077407
-0.00104029990963
0.00346770182078
0.00252587283164
0.000624798812309
0.00229096768167
0.00138287077898
-0.00095471486788
-0.00101198302518
0.0034960525114
0.00255447653071
0.000653612979995
-0.000182188259599
0.0014119666909
-0.000925551935773
-0.000982803949855
0.00352524067442
0.00258392503338
-0.00176575107833
-0.000152353526664
0.00144192165791
-0.000895528009203
-0.000952763412967
0.00355526562151
0.000138939180812
-0.00173523583451
-0.000121663855428
0.00147273493638
-0.000864643836922
-0.000921862164504
0.00111084819335
0.000170075150863
0.00187536261699
-9.01200008526e-05
0.00150440576224
0.00307004268531
-0.000890100975038
0.00114254456788
0.000202053745905
0.00190757596803
-5.77227379833e-05
0.00153693335113
0.00310264502065
-0.000857480635623
0.00117507554814
0.000234874201096
0.00194063721
-2.44728618599e-05
0.00157031689844
0.00313610523254
-0.000824001957703
0.0012084403705
0.000268535732415
0.00197454554165
9.62881258121e-06
0.00160455557947
0.0031704224906
-0.00078966577301
0.00124263825274
0.000303037536764
0.00200930014222
4.45814506048e-05
0.00163964854945
0.0032055959443
-0.000754472933465
0.00127766839412
0.000338378792057
0.00204490017159
8.03841977775e-05
0.00167559494373
0.00324162472308
-0.000718424311072
0.00131352997549
0.000374558657319
0.00208134477037
0.00011703618007
0.0017123938778
0.00327850793641
-0.000681520797815
0.00135022215933
0.00041157627278
0.00211863305995
0.000154536503962
0.00175004444747
0.00331624467391
-0.000643763305545
0.00138774408994
0.000449430759982
0.00215676414268
0.00019288425655
0.00178854572894
0.00335483400551
-0.000605152765875
0.00297277736283
0.000497749370708
-0.00119022913872
-0.00299919021977
-0.000580385476519
7.93817684509e-05
-0.00189148385586
0.000453131138988
0.000521715879211
-0.00116563134623
-0.00297397223685
-0.000554566335907
0.00010684050603
-0.00186335321091
0.000477420293651
0.000546666292709
-0.00114002410024
-0.00294771972879
-0.000527688394999
0.000135354297724
-0.0018341153753
0.000502666857892
0.000572599801142
-0.00111340827615
0.00138105941762
-0.00049975266534
0.000163909392697
-0.00180377155387
0.00052887005545
0.000599515563474
-0.00108578478278
0.00140937811132
-0.00047076019692
0.000193544207546
-0.00177232299523
0.000556029081535
0.000627412707829
-0.00105715456219
0.00143872839387
-0.000440712077976
-0.002261967637
-0.00173977099144
0.000584143102952
-0.00188668688968
-0.00102751858956
0.00146910921515
-0.000409609434797
-0.002230176908
-0.00170611687778
0.000613211258232
-0.00185682971957
-0.000996877872963
0.00150051948967
-0.000377453431508
-0.00219731006554
-0.00167136203248
0.000643232657753
-0.00182599396669
-0.000965233453268
0.00153295809679
-0.000344245269861
-0.00216336839217
-0.00163550787642
0.000674206383885
-0.00179418062484
-0.000932586403912
0.00156642388085
-0.00030998618901
-0.00212835321025
-0.00408478109047
0.00070613149112
-0.00176139071791
-0.00345966699165
0.00160091565142
-0.000274677465287
-0.0020922658817
-0.00404673274483
0.000739007006219
-0.00110139096205
-0.00342501803274
0.00163643218351
-0.000238320411966
-0.00205510780772
0.00022054037872
0.000772831928355
-0.00106665111621
-0.00338936985821
0.00167297221776
-0.000200916379026
-0.00201688042854
0.000260776725649
0.000807605229267
-0.00103093795591
0.000805642801548
0.00171053446067
-0.000162466752902
-0.00197758522313
0.000302104649107
0.000843325853409
-0.000994252623762
0.000843285769869
-0.00094802891282
-0.000122972956235
-0.00193722370895
0.00034452247845
0.00087999271811
-0.000956596291621
0.000881924253262
-0.000908426268482
-8.24364476159e-05
-0.00189579744164
0.000388028502519
0.000917604713734
-0.000917970160402
0.000921556955471
-0.000867805498525
-4.08587213207e-05
-0.00185330801472
0.000432620969976
0.000956160703845
-0.000878375459893
0.000962182549222
-0.000826168030704
1.75869295727e-06
-0.00180975705932
0.000478298089648
0.000995659525374
-0.000837813448561
0.00100379967644
-0.000783515325742
4.54142303812e-05
-0.00176514624386
0.00052505803087
0.00103609998879
-0.00079628541336
0.00104640694848
-0.000739848877076
-0.00261098156355
-0.00171947727373
0.000572898923847
-0.00165950946177
-0.000753792669527
0.00109000294632
-0.000695170210606
-0.00256525461352
-0.00167275189099
0.000621818860011
-0.000881964475659
-0.00231415132042
-0.00364534366285
-0.00494954058736
-0.00122142698465
-0.00254204175418
-0.00381091867233
-0.00514661811774
-0.00143431456098
-0.00264781382885
-0.00383183669
0.000111754450376
-0.000993329570677
-0.0019165528562
-0.00329560494897
0.000975688358606
-0.000597411525898
-0.00243460658918
-0.00260088342564
1.68972206381e-06
0.000172459602893
-0.000475130165961
-0.00183406559128
-0.00318953356718
-0.0044855159032
-0.000735394191395
-0.00208208683727
-0.00338279227665
-0.00468957087136
-0.000983543165821
-0.00223670197593
-0.00337427283849
-0.00436857575398
-0.000470285542946
-0.00141962408984
-0.00279141646084
-0.00442852320081
-8.25158774783e-05
-0.0019165335198
-0.00208121032039
-0.00397753372746
0.000690467923731
-0.00506230572984
-0.00136526546615
-0.00273663402538
-0.00400398352013
-0.00527789413851
-0.00163103455666
-0.00293629400696
-0.00424440363798
-0.000547152119604
-0.00179130220699
-0.00292044727104
-0.00393576070277
-9.3653339644e-05
-0.00148830021061
-0.00225158822774
-0.00388235228519
0.000468555994705
-0.00136212763069
-0.00152512599519
-0.00342147225386
0.00124480588525
-0.00462093107526
-0.000907741552083
-0.00225461789178
-0.00351311175906
-0.00486600863178
-0.00116980118879
-0.0024687435909
-0.00378003753109
-0.00507775306259
-0.00131236328779
-0.00248361155092
-0.00375426912643
-0.0047165270203
-0.00112191387211
-0.00179507958911
-0.00330183033304
0.00105472593827
-0.00077248467773
-0.000933735124794
-0.00283010517883
0.00183437809171
-0.00416348253148
-0.000504000687274
-0.00180918142009
-0.00303700698064
-0.00442355722565
-0.000722514994509
-0.00201236775744
-0.00328398359329
-0.00457609503154
-0.000882950587731
-0.00209966514995
-0.00336322263205
-0.00431903301389
-0.000718750380286
-0.00138714463687
-0.00289013171299
-0.00325041710853
-0.000148724601251
-0.000308164064437
-0.00220455873834
-0.00204080748435
-0.00374677602434
-0.00507144970976
-0.00137069000702
-0.00259081385179
-0.0039511317841
-0.00525041103762
-0.00152525326845
-0.00276312019088
-0.00413484441693
-0.000472636614364
-0.00168114344162
-0.00293706636059
-0.00388594880726
-0.000279578168601
-0.000942851624846
-0.00244179986231
-0.00279922405674
0.000335823501031
0.000295946148485
-0.00154597508918
-0.00363990652611
-0.00330208022348
-0.00461543932368
-0.000903452254318
-0.00211547601176
-0.00348212823446
-0.00481894026703
-0.00110921614669
-0.00234284886255
-0.00370043812407
-0.00502823784239
-0.00122875668094
-0.00247654584317
-0.00341805461935
-0.00474443002759
-0.000463038891278
-0.00195769606534
-0.00231208151788
0.000824678647011
-0.00111341373531
-0.000994371753165
-0.00297351775399
-0.00282989519567
-0.00415754712747
-0.000408027086547
-0.00161157974227
-0.00302924892919
-0.00435717588762
-0.000665675578708
-0.0018909679905
-0.00323394764686
-0.00455197797152
-0.000743245274371
-0.0019824432026
-0.00291616797835
-0.00423571270547
5.14168814541e-05
-0.00143871888463
-0.00317397294733
-0.00336994842678
-0.000589070627306
-0.000471117057779
-0.00245277498769
-0.0023520995607
-0.00367200974879
-0.00489881774898
-0.00112672490383
-0.0025493232834
-0.00390717764989
-0.00519161788362
-0.00140812593027
-0.002736068105
-0.00404383177112
-0.00022538565821
-0.00145557143989
-0.00238113761306
-0.00369352830628
-0.000386937895622
-0.000885798519267
-0.0026177058381
-0.00281179611072
-3.05399698597e-05
8.62758805015e-05
-0.00189800827754
-0.00191548306321
-0.00315937251091
-0.00437757925841
-0.000714685093917
-0.00211823215595
-0.00345169003895
-0.00473568919684
-0.000915989727312
-0.00220751382923
-0.00350455496537
-0.00483611332105
-0.00089676883642
-0.0023376496258
-0.00311878274639
-0.00466921863169
-0.000299889986002
-0.00202832000517
-0.00222045206902
0.00056119701698
0.00067683118549
-0.00131018122268
-0.00145178200202
-0.00269762397342
-0.00395177682488
-0.000293036367868
-0.00168822551469
-0.00298187478309
-0.00425068039652
-0.000472801273053
-0.00183460712604
-0.00307559627454
-0.00435954213716
-0.000371877112961
-0.00176404017842
-0.00251240101808
-0.00405637678249
0.000318033395396
-0.00140680407472
-0.00159691359971
-0.00339005676008
0.00129955505655
-0.000690275573154
-0.00102541121472
-0.00227573730083
-0.00357169956788
-0.00486210688064
-0.00122923764265
-0.00251440220662
-0.00373636732659
-0.00507832255966
-0.00143205914722
-0.00266534385528
-0.00394205965109
-0.00493414420535
-0.001333958601
-0.00206118323213
-0.00355896122088
0.000861276496316
-0.000818475497757
-0.000964621107802
-0.00273491570585
0.00195344208366
-3.92850167263e-05
-0.000583443315647
-0.00182646658672
-0.00316329437472
-0.00444648731771
-0.000741820931624
-0.00201810116159
-0.00328589109372
-0.00465297228463
-0.000998111275389
-0.002223198008
-0.00349222606968
-0.00447724817443
-0.00087074134234
-0.00159249852817
-0.00308576723663
-0.00352534108928
-0.000339484241145
-0.000484463822132
-0.00223515212292
-0.00417722461006
0.000540275046869
-0.00511985105061
-0.0013545596304
-0.00272702358792
-0.00400259927395
-0.00522656806074
-0.00149357613724
-0.00287282983982
-0.00422875334034
-0.000533371978974
-0.00174980018933
-0.00301071658419
-0.00398829035194
-0.000375121250957
-0.00109111936686
-0.00257964064334
-0.00429680308702
0.000172742624935
-0.00172616103927
-0.00172173891004
-0.00366511013854
0.00104985822857
-0.00466653127587
-0.000941896719575
-0.0022633719543
-0.00353095166482
-0.00472254732754
-0.000982362429217
-0.00243008649995
-0.00377727396254
-0.00505762432714
-0.00124582388599
-0.00249823328197
-0.00346800327099
-0.00479594482179
-0.00146842761395
-0.00204138695556
-0.00375474292198
0.000717372716518
-0.00118025192083
-0.00117586922549
-0.00312059749375
0.00159172544754
-0.00419885701308
-0.000513856242727
-0.00178035549129
-0.0030741117412
-0.00432415461433
-0.000519985846973
-0.00195821995548
-0.00331418053108
-0.00458819481444
-0.000743176735972
-0.00195550081582
-0.00340264429554
-0.00423782289938
-0.000904037005652
-0.00147183426805
-0.00318123438323
-0.00346688180151
-0.000602744906747
-0.00059840316942
-0.00254454102557
-0.0022503314315
-0.00370718610189
-0.00505913463347
-0.00133888732833
-0.00265442668708
-0.00389734142505
-0.00505493900411
-0.00146340719804
-0.00282414262059
-0.00408909435938
-0.000396410890561
-0.00142602621018
-0.00282198240859
-0.00364964259105
-0.000309369748945
-0.000871828144203
-0.00257713874541
-0.00286002691451
5.48269780487e-06
9.78211795657e-06
-0.00193781220631
-0.00164644301142
-0.00327874005198
-0.00459301751732
-0.000897354734761
-0.00220719260227
-0.00344260097359
-0.00469244267382
-0.000954594813923
-0.00231424103102
-0.00356096730646
-0.00484762596198
-0.000880695542717
-0.00226666110432
-0.00304123733487
-0.00456808314757
-0.000242226751172
-0.0019433295589
-0.00222337961503
0.00064354166573
0.000647797570776
-0.00130129456121
-0.00341755354855
-0.00283558208238
-0.00414186862107
-0.000431175542968
-0.00173880853401
-0.00298160264526
-0.00430099578916
-0.000560074261374
-0.00181596741254
-0.00300447532674
-0.00428188107435
-0.000306372591063
-0.00168455754177
-0.00245227102113
-0.00393592130956
0.000416103717817
-0.00128068796472
-0.00155783119122
-0.00332536741058
-0.000781191669422
-0.00063587891373
-0.00275513031864
-0.00236679071052
-0.00366531088285
-0.0049837219915
-0.00129210909418
-0.00256906456489
-0.00388106385007
-0.00516343005815
-0.00141235493253
-0.0025457771612
-0.00371701877701
0.000296207686953
-0.00107395802961
-0.00183460302537
-0.00331225095852
0.00107031121246
-0.00059009834399
-0.00249489404036
-0.00263033746498
-8.62071714946e-05
5.75410234652e-05
-0.00206476352257
-0.00187281488682
-0.0031632496609
-0.00451172236231
-0.000834349401329
-0.00212892712781
-0.00343312952336
-0.004738009617
-0.000979558250593
-0.00210601248957
-0.00327078026946
-0.00416926034761
-0.000443874247756
-0.00118902753246
-0.00266052195165
-0.00434799080849
8.42857702375e-05
-0.00177422467586
-0.00190816920563
0.000635914893191
0.000778072691374
-0.00134733608437
0.000588324506765
-0.00166486808164
0.000224078886172
0.00210690155918
-0.00266111764673
-0.0007910065424
0.00099354311975
0.000486845218752
-0.00176705204815
0.000121330050681
0.00200373497604
-0.00276454930879
-0.000886769814655
0.000897699519046
0.000386070935464
-0.00186852737938
1.92927417519e-05
0.00190128204677
-0.00286726597196
-0.000981803125316
0.000802586354715
0.00028600354389
-0.00196929215209
-8.20310880668e-05
0.00179954474575
-0.00296926564791
-0.00107610459335
0.000708205512183
0.000186644924451
0.00217101752402
-0.000182639492805
0.00169852504081
0.00141222770904
-0.00116967234582
0.000314772651268
8.79969508552e-05
0.00207167961157
-0.000282530533226
0.00159822489302
0.00131166794603
-0.00155726531892
0.00022186207606
-9.93851005293e-06
0.00197305798725
-0.000381702276977
0.00149864625657
0.000910570593965
-0.00166378857366
0.000127129793189
-0.000107159598438
0.00187515454708
-0.000480152798751
0.00109853057745
0.000811458616203
-0.00177298208781
1.78554974961e-05
-0.000203664461624
0.0017779711799
-0.00087285518553
0.00100040079789
0.000713073465442
-0.00188146662603
-9.0709456589e-05
-0.00029945125424
0.00138189491304
-0.00096985751638
0.000902998349291
0.000615417088151
-0.00198924009107
-0.0001985629676
-0.000686792308
0.00128615732882
-0.00106613289315
0.000806325156684
0.000518491423259
-0.00209630039121
-0.000305702939614
-0.000781137453349
0.00119114543946
-0.00116167942028
0.000710383137406
0.000422298401994
-0.00220264544042
-0.000412127282414
-0.000874759037362
0.00109686110351
-0.00125649521003
0.000615174200947
0.000326839947722
-0.00230827315858
-0.000517833911656
-0.000967655245395
0.00100330617159
-0.00135057838264
0.00052070024878
0.000232117975781
-0.00241318147158
-0.000622820749031
-0.00105982427086
0.000910482486207
-0.0014439270665
0.000426963174211
0.000138134393319
-0.00251736831155
-0.000727085722432
-0.00115126431539
0.000818391881597
-0.00153653939833
0.000333964862205
0.00218936919856
-0.00262083161695
-0.000830626766121
-0.00124197358895
0.000727036183586
-0.00162841352328
0.000241707189235
0.00208686928622
-0.0027235693328
-0.000933441820895
-0.00133195031005
0.00063641720942
0.00260794239932
0.000150192023111
0.00198509576871
0.0017310774043
-0.00103552883425
-0.00142119270582
0.000546536767617
0.00251755021796
5.94212228206e-05
0.00188405067453
0.00162979700552
-0.00113688576057
-0.00150969901225
0.000457396657806
0.00242790175561
-3.06033616321e-05
0.00178373602508
0.00152924832036
-0.00123751056125
-0.00159746747427
0.000368998670573
0.00233899883163
-0.000119879889393
0.00168415383459
0.00142943337596
-0.00133740120493
-0.00259269841227
-0.00391666537457
-0.000388045882061
-0.00187292632201
-0.00378750196789
-0.000214354315119
-0.00168164916904
-0.00270094811806
-0.00402745643437
-0.000501344433485
-0.00198867429743
-0.00391210831105
-0.000334715972101
-0.00180411376813
-0.00291160896034
0.000771963792509
-0.000613855099654
-0.00210362314598
-0.00402941091755
-0.000454258345868
-0.00192575034965
-0.0030183291174
0.000662727291628
-0.000725575162106
-0.00221776998939
-0.00414590086275
-0.000572978244536
-0.00204655557345
-0.00312428090101
0.000554271902944
-0.000836501909092
-0.00233111195578
-0.00426157511569
-0.000690872481754
-0.00216652610439
-0.00322946192149
0.000446600172089
-0.000946632635837
-0.00244364617995
-0.00437643065172
-0.000814805449684
-0.00228565861271
-0.00333386979676
0.000230380160967
-0.0010559646448
-0.00255536980364
-0.00449046445276
-0.000931038828673
-0.00240394977436
-0.00343750215251
0.000124283352674
-0.00116449524592
-0.00266627997583
-0.00460367350765
-0.00104643702356
-0.00252139627133
-0.00354035662246
1.89777935123e-05
-0.00127222175692
-0.00277637385299
-0.00471605481242
-0.00116099687337
-0.00263799479203
-0.00364243084856
-8.55340020922e-05
-0.00137914150352
-0.00288564859943
-0.00482760537064
-0.00127471522427
-0.00275374203165
-0.00374372248119
-0.00018924952812
-0.00148525181975
-0.00299410138755
0.000392112806685
-0.00138758892994
-0.00287550971572
-0.00384422917945
-0.000292166287206
-0.00170081491572
-0.00310172939812
0.000282232699288
-0.0014996148519
-0.00299234137024
0.000910153076352
-0.000394281790884
-0.00180529840775
-0.0032085298206
0.000173192279537
-0.00161078985986
-0.00311083951787
0.000811223233765
-0.000495593559837
-0.00190896452389
-0.00331449985342
6.49945106572e-05
-0.00172111083204
-0.00322848692545
0.000713085293992
-0.00059609912414
-0.00201181063399
-0.00341963670429
-4.23576532288e-05
-0.00183057465552
-0.00334528022564
0.000615741560986
-0.000695796023517
-0.00211383411757
-0.00363486649103
-0.000148861267423
-0.00193917822661
-0.00346121605792
0.000519194328893
-0.000794681807585
-0.00221503236406
-0.00373832863969
-0.000254513396978
-0.00204691845119
-0.003576291069
0.000423445881824
-0.000892754036108
-0.00231540277307
-0.00384094928812
-0.000359311117021
-0.00215379224504
-0.00369050191316
0.000328498493623
-0.000990010279249
-0.0024149427547
-0.00394272568411
-0.000463251513085
-0.00225979653422
-0.00380384525265
0.000234354427644
-0.00108644811782
-0.00251364972977
-0.00404365508621
-0.000566331681438
-0.00236492825543
-0.00391631775805
0.000141015936517
-0.00118206514355
-0.00261152113016
0.000825502608214
-0.000785855326945
-0.00246918435634
-0.00402791610867
-0.00112611469903
-0.00648829236336
-0.0050064046355
-0.00350345382226
-0.00193779240156
-0.0037452453869
-0.00565076785163
-0.00107380075155
-0.00643346952044
-0.00494899598811
-0.00343858321113
-0.00186844411447
-0.00367558171537
-0.00559007238601
-0.00102011878932
-0.00637721764498
-0.0048900960938
-0.00338837943041
-0.00181599282296
-0.003619908993
-0.00552762021885
-0.000965072263144
-0.0063195406946
-0.00483441051802
-0.0033366021647
-0.00504908526691
-0.0035625356866
-0.00546341803971
-0.000908664699506
-0.00626044271204
-0.00478344680185
-0.00328325580595
-0.00499336019792
-0.0035034675175
-0.00539747269025
-0.00329626034514
-0.00197848101162
-0.00473098392841
-0.0032283448621
-0.00493600585978
-0.00344271034923
-0.00532979116083
-0.00323714158332
-0.00191655342653
-0.004677025941
-0.00317187395532
-0.0048770275029
-0.0033812433594
-0.00526038058702
-0.00317667280669
-0.00185321743451
-0.00462157698299
-0.00311384782009
-0.00481643050287
-0.00331815518883
-0.00518924824614
-0.0031148578335
-0.00178847740509
-0.00456464129631
-0.00305427130136
-0.00475422035811
-0.00325339379122
-0.00511640155371
-0.00305170055215
-0.00172233778596
-0.0045062232199
-0.00299314935261
-0.00469040268754
-0.00318696548166
-0.0050418480599
-0.00298720492001
-0.00166514034935
-0.00444632718813
-0.00293048703392
-0.00462498322821
-0.00311887670484
-0.00496559544597
-0.00292137496229
-0.00160654943608
-0.00438495772921
-0.00286628950997
-0.00455796783284
-0.00304913403208
-0.00134374933206
-0.00285421290818
-0.00154655060024
-0.0043221194636
-0.00280056204807
-0.00448936246743
-0.00297774415846
-0.00127943331046
-0.00278572664029
-0.00148514795931
-0.00425781710233
-0.00581675328526
-0.00441917320875
-0.00290471389979
-0.00122468263452
-0.00271591851755
-0.00142234571048
-0.00419205544537
-0.00574798214971
-0.00434740624185
-0.00283005018964
-0.00116819019869
-0.00264479282459
-0.00135814812934
-0.00412483937994
-0.00567769747349
-0.00427406785758
-0.00275375914502
-0.0011099619056
-0.00260323649733
-0.00129255770583
-0.00405617387883
-0.00560590491395
-0.00419916445001
-0.00267584978859
-0.00105000381133
-0.00259720836859
-0.00122558259346
-0.00398606399867
-0.00553261022073
-0.00412270251391
-0.00259632845774
-0.000988322122473
-0.00258978899001
-0.00115722543207
-0.00391451487822
-0.00545781923366
-0.00404468864218
-0.00251606977896
-0.000924923193119
-0.0025809788404
-0.00110688864558
-0.00384153173665
-0.00538153788061
-0.00396512952327
-0.00245339525919
-0.000859813521731
-0.00257077848806
-0.00109623582967
-0.00376711987174
-0.00530377217539
-0.00388403193856
-0.00238907418347
-0.000793000679373
-0.00312675836292
-0.00451803254253
-0.00116968744609
-0.00289527866927
-0.00472023770548
-0.000626666489176
-0.002586432574
-0.00315083504239
-0.0049825058938
-0.00119456607442
-0.00292046590813
-0.00471380045586
-0.000611269856666
-0.00257093377161
-0.00317378697598
-0.00500586676
-0.00121828296877
-0.00294447719142
-0.00473803670753
-0.000594669967086
-0.00255422377522
-0.00319789253783
-0.00502808207404
-0.0012408370545
-0.00296731140414
-0.0047610849941
-0.000576867623479
-0.00253630340393
-0.00323106718294
-0.005049150858
-0.0012622273084
-0.00298896748463
-0.00478294422392
-0.000557863686267
-0.00251717353535
-0.00326312237591
-0.00506907218335
-0.00128245275895
-0.00300944442485
-0.00480361336038
-0.000537659073038
-0.00249683510537
-0.00329405676064
-0.00508784517125
-0.00130151248656
-0.00302874127056
-0.00482309142223
-0.000516254758331
-0.00247528910797
-0.00332386902632
-0.00510546899267
-0.00131940562373
-0.0030468571216
-0.00484137748377
-0.0004936517734
-0.00245253659494
-0.00335255790781
-0.0051219428686
-0.0013361313553
-0.00306379113205
-0.00485847067507
-0.00195646956312
-0.00242857867566
-0.0033801221858
-0.00513726607025
-0.00135168891859
-0.00307954251044
-0.0048743701822
-0.00197246734856
-0.00240341651679
-0.00340656068715
-0.00515143791916
-0.0013660776036
-0.00309411051995
-0.00488907524738
-0.00198726334631
-0.00237705134204
-0.00343187228507
-0.00516445778738
-0.00137929675315
-0.00310749447858
-0.00490258516921
-0.0020008568419
-0.00234948443182
-0.00345605589941
-0.00518697146284
-0.00217395102367
-0.00311969375927
-0.00491489930279
-0.00201324717841
-0.00232071712298
-0.00347911049686
-0.00521040808451
-0.00218482934285
-0.00313070779012
-0.00492601705992
-0.00202443375665
-0.00229075080846
-0.00350103509117
-0.00523269618996
-0.00219453647349
-0.00314053605443
-0.0049359379092
-0.00203441603532
-0.00225958693696
-0.00352182874336
-0.00525383479292
-0.00220307197111
-0.00314917809092
-0.00494466137618
-0.0020431935311
-0.00225549631661
-0.00354149056194
-0.00527382295694
-0.00221043544472
-0.00315663349376
-0.00495218704346
-0.00205076581878
-0.00226309021198
-0.00356002342836
-0.00529265979558
-0.00221662655685
-0.00316290191269
-0.00495851455081
-0.00205713253141
-0.00226947509557
-0.00357930375755
-0.00531034447266
-0.00222164502368
-0.00316798305313
-0.00496364359521
-0.0020622933603
-0.00227465065605
-0.00361668064597
-0.00532687620237
-0.00222549061506
-0.00317187667622
-0.00496757393099
-0.00206624805519
-0.00403855739935
-0.0036529363119
-0.00534225424951
-0.00223451411342
-0.00317458259886
-0.00497030536984
-0.00206899642424
-0.00404131361529
