0.00158131755462
-0.00386919090544
-0.00251706642142
-0.00125659488423
-4.40802427104e-05
-0.00522717559121
-0.00394495744499
0.00159358369425
-0.00385680940097
-0.00250458524254
-0.0012245714754
-1.18622499681e-05
-0.00519481050586
-0.00391249477995
0.00160664401227
-0.00384362627664
-0.00249129601504
-0.00119174226946
2.11663179304e-05
-0.00516163123489
-0.00387921553483
0.00162049823368
-0.00382964181526
-0.00247719902861
-0.0011581079849
5.50047294122e-05
-0.00512763851985
-0.00384512045787
-0.00276134096052
-0.00381485631671
-0.00246229459042
-0.00112578714539
8.96522358795e-05
-0.00509283311956
-0.00381021031466
-0.00274589982363
-0.00379927009788
-0.00244658302505
-0.00110997154186
0.000125108071791
-0.00505721580995
-0.00377448588813
-0.00272966570772
-0.00378288349262
-0.00243006467447
-0.00109334384279
0.000161371454744
-0.00502078738407
-0.00373794797842
-0.00271263895391
-0.00376569685176
-0.002412739898
-0.00107590441468
0.00019844158556
-0.00337302369955
-0.00370059740283
-0.00269481991977
-0.00374771054301
-0.00239460907227
-0.00105765364166
0.000236317648372
-0.00333497548813
-0.00366243499567
-0.00267620897929
-0.00148182239235
-0.00237567259121
-0.00103859192549
0.00027499881071
-0.00329611864115
-0.00362346160822
-0.00265680652281
-0.0014622379184
-0.00235593086594
-0.0010187196855
0.000295414210573
-0.00325645401909
-0.00358367810865
-0.00263661295701
-0.00144185498076
-0.00233538432478
-0.000998037358545
-0.00436824178038
-0.00321598249903
-0.00354308538185
-0.00261562870485
-0.00142067401437
-0.0023140334132
-0.000976545398939
-0.00434663950691
-0.00317470497462
-0.00350168432942
-0.00259385420555
-0.00139869547085
-0.00229187859376
-0.000954244278435
-0.00432422396493
-0.00313262235593
-0.00345947586951
-0.0025712899145
-0.00137591981849
-0.00226892034603
-0.000931134486155
-0.0043009956511
-0.00308973556936
-0.00341646093677
-0.00254793630324
-0.00135234754215
-0.00224515916662
-0.000907216528541
-0.00427695507968
-0.00306259107318
-0.00337264048219
-0.00253209834666
-0.00132797914327
-0.00222059556904
-0.000882490929303
-0.00425210278242
-0.00303764908143
-0.00332801547307
-0.00254209121252
-0.00130281513974
-0.00219523008368
-0.000856958229356
-0.00422643930856
-0.00301189302816
-0.00328258689285
-0.00255129112473
-0.00127685606593
-0.00216906325779
-0.000830618986768
-0.00419996522475
-0.00298532348613
-0.00323635574106
-0.00255969789022
-0.00125010247256
-0.00214209565534
-0.000803473776696
-0.00417268111497
-0.00295794104564
-0.00178012021905
-0.00256731133254
-0.0012225549267
-4.61156012048e-05
-0.000775523191323
-0.0041445875805
-0.00292974631444
-0.00174627042052
-0.00138550679598
-0.00328747617755
-0.00531608842194
-0.0028269113227
-0.00481438665145
-0.0018847439904
-0.00411219101146
-0.0013508062794
-0.00325177776616
-0.00527938130681
-0.00278919227444
-0.00477566169554
-0.00184503016912
-0.00402969010736
-0.00131520031039
-0.00321514862995
-0.00524171798688
-0.00239519382899
-0.00473592977106
-0.00180428460636
-0.00394619350864
-0.00127868987483
-0.00317758984135
-0.005203099627
-0.00235551264813
-0.00469519224302
-0.00176250877295
-0.00386170419732
-0.00124127598213
-0.0031391024983
-0.00516352741959
-0.00231485232466
-0.00465345050847
-0.00171970417403
-0.00377622517877
-0.00611269670078
-0.00309968772407
-0.00512300258444
-0.00227321418052
-0.00461070599617
-0.00167587234875
-0.00368975948122
-0.00607347901563
-0.00305934666715
-0.00508152636859
-0.00223059956693
-0.00456696016642
-0.00163101487001
-0.00363751847065
-0.0060333610416
-0.00301808050105
-0.00503910004607
-0.00218700986425
-0.00452221451079
-0.00158513334421
-0.00359053581162
-0.00599234388093
-0.00297589042413
-0.00499572491776
-0.00214244648174
-0.00447647055187
-0.00153822941094
-0.00354250746683
-0.00595042865873
-0.00293277765945
-0.00495140231117
-0.00209691085732
-0.00442972984305
-0.00149030474273
-0.0034934352298
-0.00590761652282
-0.00288874345458
-0.00490613358025
-0.00205040445735
-0.00438199396819
-0.00144136104471
-0.0034433209288
-0.00586390864352
-0.00284378908146
-0.00485992010521
-0.00200292877642
-0.00433326454148
-0.00139140005438
-0.00339216642653
-0.00502068592997
-0.00279791583616
-0.00481276329227
-0.00195448533711
-0.00428354320704
-0.00634002389212
-0.00333997361974
-0.00497519016434
-0.00275112503876
-0.00476466457349
-0.00190507568976
-0.00423283163877
-0.00628803365748
-0.00328674443899
-0.00492880230005
-0.00270341803313
-0.00471562540655
-0.00185470141219
-0.00418113154
-0.00623503153404
-0.00323248084819
-0.00488152359604
-0.00265479618674
-0.00466564727454
-0.00180336410952
-0.00401097692693
-0.00618101938562
-0.00317718484436
-0.00483335533298
-0.00260526089052
-0.00461473168573
-0.00175106541388
-0.00395730499365
-0.00612599910686
-0.00312085845718
-0.00478429881313
-0.0025548135586
-0.00456288017338
-0.00169780698418
-0.00390264981389
-0.0060699726229
-0.00306350374874
-0.00473435536014
-0.00250345562816
-0.00451009429547
-0.00164359050586
-0.00384701320604
-0.00601294188904
-0.00300512281308
-0.00468352631888
-0.00245118855922
-0.00445637563453
-0.0015884176906
-0.00379039701654
-0.00595490889045
-0.00294571777589
-0.0046318130553
-0.00239801383445
-0.00440172579739
-0.00153229027612
-0.00373280311959
-0.00589587564181
-0.00288529079414
-0.00248833780689
-0.00745251290099
-0.00584053271751
-0.00449429557988
-0.00436184418792
-0.00335155057148
-0.00295862549284
-0.00203491509432
-0.00633880414696
-0.0057151422831
-0.00497459064831
-0.00431903081581
-0.00363633443438
-0.00304867247839
-0.00226926143514
-0.00170172300817
-0.00610108711545
-0.00531698422655
-0.00450253433639
-0.00387700484523
-0.0034113543304
-0.00641143624948
-0.00501661315226
-0.00528024061246
-0.00393345542408
-0.0037458502067
-0.00264018419477
-0.00225414502686
-0.00633762674898
-0.00555241708702
-0.00494427429937
-0.00421690981005
-0.00349395397208
-0.00282763029685
-0.00225047167792
-0.00148457860188
-0.00599252747177
-0.00540092494557
-0.00462828881111
-0.00391331974802
-0.00314748960913
-0.0026834142324
-0.00581425261441
-0.00441231231506
-0.00467199615134
-0.00332463324111
-0.00313984493401
-0.00189256540902
-0.00647134762304
-0.00560141261639
-0.0048076572764
-0.00413613847805
-0.0035221274269
-0.00273126609111
-0.0019838500252
-0.00141725803181
-0.00566499864808
-0.00524633609096
-0.00466396104088
-0.00390304037246
-0.0032854242425
-0.00253869814408
-0.00192145415676
-0.00517172510947
-0.0037623583836
-0.00401793067817
-0.00266996565302
-0.00248811369223
-0.00621129963201
-0.00568422944147
-0.00482518243447
-0.00404559465383
-0.00347219622291
-0.00286731624187
-0.00212510144521
-0.00135377734403
-0.00555090577185
-0.0048555394287
-0.00446488260689
-0.00389186926144
-0.00319504632302
-0.00262031221775
-0.00190106683836
-0.0061269811935
-0.00458509375662
-0.00307504523454
-0.00332019763011
-0.0019716111154
-0.00667084581475
-0.00552252042742
-0.00492427673535
-0.00401489818559
-0.00337798567186
-0.00276779098048
-0.00217231002997
-0.00147801099274
-0.00571736647512
-0.00477990756161
-0.00403394619623
-0.0036498592482
-0.00308629434115
-0.00248612951179
-0.00191945000525
-0.00622746649377
-0.00539855870591
-0.0040604425916
-0.00254583761464
-0.00270078672425
-0.00613657843174
-0.00593406369042
-0.00479244269055
-0.00420421475202
-0.00335685893105
-0.0027288985932
-0.00202480301156
-0.00643893659309
-0.00579170941975
-0.00504205370107
-0.00420272793021
-0.00347774956113
-0.00280291760666
-0.00224885018765
-0.00174277181783
-0.00618429762736
-0.00551930297418
-0.0047015117972
-0.00349032942889
-0.00197089948303
-0.00686639100832
-0.00556033265393
-0.00529552344309
-0.00406918478019
-0.00316593824733
-0.002658306501
-0.00203956783112
-0.00626114198928
-0.00566897862236
-0.00506787716492
-0.00432948482236
-0.0036032760408
-0.00288705649653
-0.00200248814063
-0.00157405041381
-0.00606684187725
-0.0054238468476
-0.00477796444438
-0.00397149799607
-0.0028765184464
-0.00609465176886
-0.00624535494119
-0.00494009916207
-0.00392215026722
-0.00345921931083
-0.00252148513774
-0.00197779589074
-0.00631180531999
-0.00554543316376
-0.00496494540768
-0.00430821498701
-0.00366314833304
-0.00296564084764
-0.00225851031054
-0.00138481616902
-0.00588280050653
-0.00538232342722
-0.0047158249735
-0.00400483010856
-0.00332479411757
-0.00693665308196
-0.00543369848297
-0.00433246746856
-0.00427772608104
-0.00326365916395
-0.00280750191238
-0.00187916901204
-0.00625939424588
-0.00557096297894
-0.00484343848451
-0.00427893872405
-0.00358179120459
-0.00296284968006
-0.00229127707725
-0.00159351310911
-0.00578981823067
-0.00515768691615
-0.00466407787302
-0.00400652760186
-0.00328168180398
-0.00267047162084
-0.00642474129711
-0.0048137855357
-0.00362896002838
-0.003575074646
-0.00256500188239
-0.00211581914124
-0.00619453173189
-0.00550666728026
-0.00482870859906
-0.00411263399459
-0.00355656239677
-0.00283731447611
-0.00222753794384
-0.00158164401017
-0.00589346921781
-0.00516965245899
-0.00448984870353
-0.00391346137769
-0.00326501088738
-0.00258688429629
-0.00198332294826
-0.00416261339885
-0.00425713943561
-0.00290463998136
-0.00283400148327
-0.00182800938044
-0.00635687026258
-0.00547458870218
-0.00471871445022
-0.00405137225514
-0.00334690731168
-0.00279940225014
-0.00207905081296
-0.00145872631958
-0.0058381902474
-0.0051597941887
-0.00451426939587
-0.00382662322225
-0.00319333980626
-0.00249257779372
-0.00186031521185
-0.00626454664083
-0.00356513643587
-0.00365843881785
-0.00230727011303
-0.00205634324864
-0.00602540736132
-0.00559060118011
-0.00471840937961
-0.004064060652
-0.00324061474829
-0.00254786626058
-0.00200902497108
-0.00629978580536
-0.00565790041394
-0.00506236360922
-0.00441624269959
-0.00382496091868
-0.00313009464979
-0.00250483135085
-0.00172500079605
-0.00610319772363
-0.00551534884022
-0.00292726730695
-0.00301929783263
-0.00166951230718
-0.00627909396806
-0.00521715211751
-0.00478966872841
-0.0040120475028
-0.00334746673584
-0.0025357585917
-0.00172433231906
-0.00623852282793
-0.00563640195224
-0.00486990825971
-0.00433606706262
-0.0037449302556
-0.00310301305024
-0.00240152783918
-0.00178443837703
-0.00601454782462
-0.00535263891834
-0.00473690866807
-0.00225063109077
-0.00234134985727
-0.00589358702159
-0.00560668620778
-0.00444834792192
-0.0039817173758
-0.00327559167507
-0.00262045153525
-0.00182038626039
-0.00608482478556
-0.00557373447411
-0.00497809059674
-0.00422106680996
-0.00362397566764
-0.00304056779565
-0.00234970936786
-0.00165043351393
-0.00603337643711
-0.00534805191913
-0.00469920697695
-0.00393039208086
-0.00153686154098
-0.00641479451739
-0.005179931387
-0.00489724616674
-0.00374573343138
-0.00295133886027
-0.00250498529204
-0.00185943145781
-0.00607119905128
-0.00540996668658
-0.00490543393102
-0.0042856304094
-0.00353832020951
-0.00287996494786
-0.00230442057949
-0.00157365790678
-0.00597367407474
-0.00530070565102
-0.00465576116539
-0.00401459424322
-0.00322834419279
-0.00557613448428
-0.00566414102326
-0.00443076288124
-0.00346580672706
-0.00300781746614
-0.00221326079642
-0.00170178361049
-0.00606591112354
-0.00529685878469
-0.00470110893668
-0.00420328615034
-0.00356033654912
-0.00282293855308
-0.00218824744693
-0.00158387712001
-0.00582693620561
-0.00526560276336
-0.00460086374851
-0.00393322817088
-0.00329988612454
-0.00252300460946
-0.00479293388151
-0.00487955417279
-0.00364768784918
-0.002752907524
-0.00240025415998
-0.00162022034158
-0.00592141140056
-0.00524138218344
-0.00467299334015
-0.00403261372856
-0.00346861066861
-0.00281720712423
-0.00213207469353
-0.00146668887429
-0.00587001391915
-0.00512249436885
-0.00452736049923
-0.0038709911176
-0.00318155802912
-0.00255615729332
-0.00182323918124
-0.00409855378119
-0.00300545397355
-0.00297072483564
-0.00211208163437
-0.00176385805502
-0.00598813518559
-0.00529992394808
-0.00456424070256
-0.00401432797425
-0.00338173994659
-0.00270271578116
-0.00211550923886
-0.00644968730402
-0.00571466314902
-0.0051258131653
-0.00444469331779
-0.00379792314187
-0.00311219497539
-0.00240184401756
-0.00178447419902
-0.00614914053361
-0.00354764805621
-0.00245406714371
-0.00232188863048
-0.00143541417384
-0.00606767728181
-0.00532273391094
-0.00464317962653
-0.00391135539993
-0.00332212825397
-0.00269752974176
-0.00194358254121
-0.00639001175398
-0.00573586145351
-0.00497560702904
-0.00435243508539
-0.00373946693968
-0.00310495423604
-0.00237372473965
-0.00159516319353
-0.00599961525169
-0.00545534249913
-0.00295903708253
-0.00186495349404
-0.00173428023512
-0.00572004571192
-0.00536123426552
-0.00462315584277
-0.0039524774377
-0.00323722961942
-0.00263248498905
-0.00198121560824
-0.00621141402635
-0.00563419994429
-0.00499176323664
-0.00424121819268
-0.00355102803934
-0.00300477450902
-0.0023871276397
-0.00169325641184
-0.00588342334659
-0.00528886095638
-0.00475075284283
-0.0023339946845
-0.00123938971742
-0.00602772433393
-0.00509964108196
-0.00463164947766
-0.00389074060712
-0.00322910879369
-0.00255659820633
-0.00192129527545
-0.00623401889549
-0.00547642708684
-0.004905831585
-0.00421855213305
-0.00347783867221
-0.0028046911628
-0.00226583110501
-0.0016510335525
-0.005987894112
-0.00519978814696
-0.00461414104627
-0.00401853410149
-0.000364982438608
0.00116705796944
-0.00428566100933
-0.00270261288648
-0.00111325881864
0.000475909578198
-0.000376997672686
-0.000390935174187
0.0011407290507
-0.00431234233749
-0.00272961903955
-0.00114055844093
0.000448351472178
-0.000404775898073
-0.000416106180742
0.0011151930253
-0.0043382203201
-0.00275581221867
-0.00116703639503
0.000421621757024
0.00200270863253
-0.000440494941565
0.00109045043262
-0.00144309707294
-0.00278119184192
-0.00119269207995
0.000395722913522
-0.00246384180673
-0.000464100955571
0.00106650179579
-0.00146736669762
-0.00280575734494
-0.0012175249128
0.000370654609882
-0.00248911064006
-0.000486923737349
0.00104334762157
-0.00149083134387
-0.00282950818098
-0.00124153432886
0.000346417426963
-0.00251354179423
-0.000508962817214
0.00102098840031
-0.0015134905014
-0.00285244382095
-0.00126471978166
0.00032301192688
-0.00253713469357
-0.000530217741251
0.000999424605933
-0.00153534367706
-0.00287456375349
-0.001287080743
0.000300438652939
-0.00255988878169
-0.000550688071363
0.000978656695834
-0.00155639039484
-0.00289586748501
-0.00130861670305
0.000278698129579
-0.00258180352149
-0.000570373385317
0.000958685110873
-0.00157663019595
-0.00291635453976
-0.00132932717039
0.000257790862306
-0.0026028802579
-0.000589273276786
0.000939510275309
-0.00159606263886
-0.0029360244599
-0.00134921167206
0.00023771733764
-0.00262311476736
-0.000607387355391
0.000921132596758
-0.00161468729936
-0.00295487680549
-0.00136826975365
0.000218478023052
-0.00264250843373
-0.000624715246742
-0.00306114547598
-0.00163250377058
-0.00297291115462
-0.00138650097929
0.000200073366918
-0.0026610607978
-0.000641256592476
-0.00307792768444
-0.00164951166304
-0.00299012710338
-0.00140390493175
0.000182503798461
-0.00267877141995
-0.000657011050291
-0.0030939116133
-0.00166571060474
-0.00300652426596
-0.00142048121246
0.000165769727703
-0.00269563988022
-0.000671978293987
-0.00310909692193
-0.00168110024113
-0.000252039738681
-0.00143622944158
0.000149871545419
-0.00271166577838
-0.000686158013494
-0.00312348328654
-0.00169568023518
-0.000266798244011
-0.00145114925803
0.000134809623088
-0.00272684873393
-0.000699549914908
-0.0031370704002
-0.00170945026744
-0.000280736914629
-0.00146524031952
0.000120584312853
-0.00274118838619
-0.00071215372052
-0.00314985797291
-0.00172241003603
-0.000293855437456
-0.0014785023026
0.000107195947479
-0.00275468439431
-0.000723969168844
-0.00316184573157
-0.00173455925672
-0.000306153517687
-0.00149093490271
9.46448403147e-05
-0.00276733643735
-0.000734996014644
-0.00317303342009
-0.00174589766292
-0.000317630878828
-0.00150253783417
-0.00426063054288
-0.00277914421427
-0.000989019199414
-0.00242145126118
0.000728501369652
-0.000990028309342
-0.00427591135291
-0.00133402198681
-0.00335776943027
0.000958105692638
-0.00240156614113
0.000749124429521
-0.000967650916295
-0.00425263429374
-0.00130980130356
-0.00333256371829
0.000978230986373
-0.00238070237712
0.000770762086982
-0.00094422106258
-0.00422826299892
-0.00128444263693
-0.00330617443337
0.000999299981503
-0.002358860638
0.000793413596239
-0.000919738686548
-0.00420279844674
-0.00125794708839
-0.00327860281605
0.0010213120499
-0.00233604162332
0.000817078177334
-0.000894206558523
-0.00291120012797
-0.00123031580727
-0.00324985016061
0.00104426653592
-0.00231224606321
-0.00388677272336
-0.00086762469271
-0.00288355216624
-0.00120154999049
-0.00321991781473
0.00106816275649
-0.00228747471827
-0.00386108447444
-0.000839994072302
-0.00285481227436
-0.00117165088235
-0.00318880717925
0.00109300000122
-0.00226172837947
-0.00383438569716
-0.000811315717983
-0.00282498532519
-0.00114061977424
-0.00315651970776
0.00111877753249
-0.00223500786799
-0.00380667730675
-0.00078159068774
-0.00279407064547
-0.00110845800436
-0.00312305690635
0.00114549458557
-0.0022073140351
-0.00377796025187
-0.000750820076672
-0.00276206946611
-0.00107516602615
-0.00308842033318
0.00117315036877
-0.00217864776206
-0.00374823551444
-0.000719005016788
-0.00272898305932
-0.00104074713322
-0.0030526115982
0.00120174406346
-0.00214900995992
-0.00371750410953
-0.000686146676804
-0.00269481273839
-0.00100520187118
-0.00301563236275
0.00118302261699
-0.00211840156944
-0.00369044446783
-0.000652246261931
-0.00265955985738
-0.000968531762578
-0.00297748433915
0.00115796068348
-0.000422281162911
-0.00369571934317
-0.000617305013657
-0.00262322581092
-0.000930738375266
-0.00293816835905
0.00113383876962
-0.000426388074946
-0.00369997808568
-0.000617724504557
-0.00258581203388
-0.000891823322084
-0.00289768809829
0.00111065759109
-0.000429514930108
-0.00370322054873
-0.000621087725642
-0.00254732000112
-0.000851788260509
-0.00285604448854
0.00108841783632
-0.000431661628264
-0.00370544662065
-0.000623396707882
-0.00250775122721
0.000235219869878
-0.00281323944221
-0.00360683393298
-0.000432828100661
-0.00370665622479
-0.000624651365722
-0.00246710726614
0.000277489798966
-0.00276927492067
-0.00362718888431
-0.000433014309937
-0.00370684931949
-0.000624851652672
-0.00243374105645
0.000320874499645
-0.00272415293382
-0.00364660051091
-0.000446029525332
-0.0037060258981
-0.000623997561309
-0.00243285505866
0.000365372139396
-0.00267787553967
-0.00366506823421
-0.000465135174982
-0.00370418598897
-0.000622089123283
-0.00243087532923
0.000410980842862
-0.00263044484384
-0.00159909816999
-0.00493711943923
-0.00484576524597
-0.00270637225817
-0.00748169970833
-0.00517135059995
-0.00311900953437
-0.00169561332824
-0.00504313215482
-0.004962407027
-0.00283449418815
-0.00762140867012
-0.0052487112111
-0.00324969116146
-0.00178995771062
-0.00514681546203
-0.00507656041021
-0.00295998025725
-0.00354424373571
-0.00532837789417
-0.00337698905064
-0.0018821147464
-0.00524814786784
-0.0051881975375
-0.00351096985349
-0.00367839498513
-0.00547265095722
-0.00350084289807
-0.00197206808587
-0.00534710811035
-0.00529729076127
-0.00363107723393
-0.00380970056416
-0.00561397977474
-0.00362119264853
-0.00205980161271
-0.00544367517725
-0.00540381267127
-0.00374844209054
-0.00131144635443
-0.00575231091202
-0.00373797860108
-0.00214529945661
-0.00553782832443
-0.00550773612207
-0.00386302923691
-0.00193501028149
-0.00588759080835
-0.0038511415193
-0.00222854600581
-0.00562954709491
-0.00560903426093
-0.00397480373637
-0.00205751206074
-0.00601976584341
-0.00396062274571
-0.00230952591965
-0.00571881133778
-0.00570768055627
-0.00408373094308
-0.00217699074975
-0.00614878240741
-0.00406636432017
-0.00238822414116
-0.00580560122728
-0.00580364882636
-0.00418977654422
-0.00229340246433
-0.00627458697487
-0.00416830910186
-0.00246462590955
-0.00588989728201
-0.00589691326852
-0.00429290660303
-0.00240670362615
-0.00685088376989
-0.00426640089437
-0.00346380041742
-0.00118607234947
-0.00598744848847
-0.00439308760282
-0.002516851025
-0.00697010449587
-0.00436058457369
-0.00353556624441
-0.00126532376366
-0.00607522953001
-0.00449028649166
-0.00262380188291
-0.0070859539468
-0.00445080621825
-0.00360499323757
-0.00134202515672
-0.00616023190478
-0.0045844707278
-0.00272751391994
-0.00719837974366
-0.00506557232948
-0.00367206794487
-0.00246709374316
-0.00624243162216
-0.00467560832558
-0.00282794542153
-0.0031977001174
-0.00514771360985
-0.00373677727192
-0.00253864179691
-0.00632180521922
-0.00476366790184
-0.00292505530722
-0.00330312358474
-0.00522573962842
-0.0037991084938
-0.00260758743113
-0.00639832979048
-0.00484861872263
-0.00301880320045
-0.00340496967107
-0.0052996025991
-0.00385904926683
-0.00267391410947
-0.00647198301773
-0.00493043075004
-0.00310914949944
-0.00350318859117
-0.00536925660146
-0.00391658763999
-0.00273760579127
-0.00598961163033
-0.00500907468917
-0.0031960554487
-0.00359773145417
-0.00543465771113
-0.00397171206623
-0.00279864694958
-0.00605745771113
-0.00508452203492
-0.00327948321113
-0.00368855036574
-0.00549576412765
-0.0040244114134
-0.00285702258896
-0.00612236931031
-0.00515674511857
-0.00335939594025
-0.0037755985315
-0.00555253629916
-0.00479721101134
-0.00131170813186
-0.00271693040215
-0.00380975614528
-0.000457203227634
-0.00164265083382
-0.00353276672785
-0.00488317835555
-0.00139071295229
-0.00279795534156
-0.00452050896831
-0.000505417324769
-0.00169196889054
-0.00359353784955
-0.0049677156043
-0.00146822965805
-0.00287745984149
-0.00460163142266
-0.000551974405337
-0.00173959396547
-0.00365257652647
-0.00505081646994
-0.00154425209248
-0.00358352122845
-0.00468120044439
-0.00059687009165
-0.00178552137808
-0.00370987659234
-0.00513247473567
-0.00224685812895
-0.00365996508572
-0.00475920911821
-0.000640100147623
-0.00182974659832
-0.00376543203445
-0.000232923871569
-0.00231987389566
-0.00373486892179
-0.00483565062457
-0.000685101837218
-0.00187226524877
-0.00381923699665
-0.000939762525177
-0.00239137744388
-0.00380822639548
-0.00491051824229
-0.000761058868425
-0.0019130731068
-0.00387128578231
-0.00101705642998
-0.00246136297273
-0.00388003126275
-0.00498380535127
-0.000835415416491
-0.00195216610655
-0.0039215728572
-0.00109288361757
-0.00252982477574
-0.00395027737913
-0.00505550543518
-0.000908164688328
-0.00198954034093
-0.00397009285228
-0.00116723825637
-0.00259675724297
-0.00401895870208
-0.00512561208408
-0.000979300000427
-0.00202519206352
-0.00401684056651
-0.00124011459801
-0.00266215486315
-0.00408606929348
-0.00519411899705
-0.00104881478168
-0.00205911769043
-0.00406181096947
-0.00131150697933
-0.00272601222577
-0.00415160332191
-0.00526101998483
-0.00111670257617
-0.00209424010391
-0.00410499920404
-0.00138140982439
-0.00278832588584
-0.00421555506509
-0.00040885546357
-0.00118295704593
-0.00213402529891
-0.00414640058888
-0.00144981764651
-0.00284908691536
-0.00427791891214
-0.000472526492686
-0.00124757197371
-0.00217208667586
-0.00418601062097
-0.00151672505021
-0.00290829208124
-0.00433868936596
-0.000534573724471
-0.00131054126569
-0.00220842039456
-0.00422382497792
-0.00158212673325
-0.00296593639672
-0.00439786104544
-0.000594991441887
-0.00137185895415
-0.00224302277849
-0.00539734014915
-0.00164601748849
-0.00302201498603
-0.00445542868771
-0.000653774052222
-0.00143151920013
-0.00341353716309
-0.00543155092278
-0.00170839220592
-0.00307652308631
-0.00451138715043
-0.000710916089534
-0.00149289490485
-0.00344466651159
-0.00546395416072
-0.00176924587451
-0.00312945604956
-0.00456573141386
-0.000766412217051
-0.00269474973074
-0.00347405449558
-0.00548769081992
-0.00182857358411
-0.00318080934453
-0.00461845658309
-0.00195790407602
-0.00275730125109
-0.00350169811067
-0.00551646844505
-0.00188637052737
-0.00323057855857
-0.00466955789011
-0.00201009290212
-0.00281819030967
-0.00352759452447
-0.000754877829246
