0.00542743010301
0.00381838697447
0.00219445716393
0.00647207272386
0.0048699643444
0.00319318378428
0.00618799078868
0.00534282574646
0.00373039137022
0.00210952628468
0.00638646823595
0.00478394447368
0.00310701833736
0.00610195370138
0.00525926278051
0.00364344331446
0.00202566017915
0.00630193550544
0.00469900064958
0.00302193043711
0.00601699283818
0.00517674542755
0.00355754722213
0.00194286229657
0.00621847805966
0.00461513644813
0.00293792367676
0.00593311177716
0.00509527695108
0.00347270468727
0.00675122032352
0.00613609939631
0.00453235541551
0.00285500161956
0.00585031406649
0.00501486058645
0.00338892007035
0.00667056911666
0.00605480298274
0.00445066106731
0.00277316779812
0.0057686032238
0.00493549954028
0.00330619677236
0.00659099630209
0.00597459225534
0.00437005688793
0.00269242571374
0.00568798273547
0.00485719698993
0.00322453816555
0.00649885714691
0.0058954706189
0.00429054632987
0.00261277883576
0.00560845605599
0.00477995608286
0.00313136384611
0.00637155798903
0.00580382846526
0.0042121328131
0.00253423060086
0.00553002660731
0.00468060368787
0.00300632734371
0.00624521621112
0.00567654921845
0.004121285532
0.00245678441244
0.00545269777813
0.00455533365161
0.00288224716836
0.00611983652857
0.00555023612864
0.00399443096127
0.00236703273776
0.0053742403367
0.00443100840055
0.00275912790517
0.00599542365148
0.0054248939967
0.00386854972613
0.0022410179871
0.0052865231139
0.00430763242206
0.00263697413274
0.00587198228408
0.00530052761807
0.00374364667534
0.00680876932384
0.00516335051422
0.00418521019742
0.00251579042256
0.00574951712408
0.00517714178214
0.00361972665183
0.00668471606389
0.00503957163028
0.00406374620116
0.00239558133838
0.00562803286202
0.00505474127156
0.00349679449207
0.00656165222424
0.00491677994159
0.00394324490052
0.00227635143557
0.00550753418061
0.00493333086154
0.00337485502537
0.00643958171634
0.00479497933182
0.00382371075479
0.00215810526048
0.00538802575404
0.00481291531923
0.00325391307321
0.00631850937515
0.0046741764707
0.00370514821474
0.00204084734979
0.00526951224735
0.00469349940298
0.0031339734485
0.00619844002714
0.00455437522537
0.00358756172197
0.00686713534772
0.00515199831571
0.00457508786166
0.00301504095489
0.0060793784896
0.00443558038499
0.00347095384564
0.0067518675339
0.00503548860375
0.00445768543392
0.00289712038605
0.00596132956986
0.00431779672867
0.00335533273245
0.00663760152989
0.00491998774486
0.00434129684753
0.00278021652496
0.00584429806462
0.00420102902474
0.000847187686832
0.00270291477589
0.00466452629012
0.00374849258364
0.00136636863668
0.0032820267277
0.0025074082036
0.000743380381315
0.00259484958996
0.00455220122425
0.00367183618827
0.00128647317817
0.00319897631407
0.0024213927666
0.000640773845956
0.00248802043572
0.00444114577391
0.00359661370197
0.00120806254229
0.00311746107586
0.00233695798498
0.000539373691534
0.00238243357507
0.00433136689154
0.0035228306472
0.00113114387884
0.00303748795845
0.00225411153258
0.000439185497252
0.00227809523874
0.00422287149967
0.00345049246836
0.00105572332179
0.00295906381663
0.00217286098723
0.0047995139566
0.00217501162477
0.00411566648913
0.00334647806434
0.000981806918291
0.00288219541191
0.00209321382768
0.00470176628755
0.00207318889704
0.00400975871734
0.00323656152015
0.000909400626535
0.00280688940993
0.00201517743052
0.00460524711407
0.0019726331837
0.00390515500655
0.00312798380519
0.000838510313528
0.00273315284347
0.00193041222754
0.00450996187629
0.00187335057571
0.00380186214202
0.00302075242649
0.00482506087859
0.00266099124721
0.00183556635569
0.00441591597633
0.00177534712526
0.00369988687025
0.00291487485318
0.00475721974851
0.00259041144913
0.00174228841974
0.00432311477703
0.00167862884426
0.00359923589721
0.0028103585144
0.0046909116294
0.00252141970524
0.00165058692743
0.00423156360062
0.00158320170276
0.00349991588642
0.00270721079719
0.00462614200192
0.00245402216273
0.0015604703028
0.00414126772741
0.00148907162741
0.00340193345724
0.00260543904435
0.00456291624481
0.0023882248574
0.00147194641724
0.00405223239449
0.0013962444999
0.00330529518291
0.00250505055229
0.00450123963282
0.0023240337112
0.00138502444874
0.00396446279439
0.00130472615538
0.00321000758879
0.00240605256888
0.00444111733461
0.00224104453819
0.00129971208458
0.00387796407377
0.00121452238088
0.00311607715044
0.00230845229128
0.00436736880935
0.00215075956422
0.00121601738064
0.00379022652275
0.00112563891375
0.00302351029178
0.00221225686374
0.00426769861915
0.00206201666683
0.00113394829237
0.00369460730988
0.00540680108491
0.00293231338317
0.00211747337537
0.00416947930747
0.00197482359356
0.00105351267142
0.00360024212435
0.00532057523788
0.00284249273959
0.00202410885799
0.00407271863483
0.00188918800724
0.000964983988912
0.00350713647997
0.00523568659627
0.00275405461868
0.00193217028384
0.00397742476632
0.00180511748312
0.000877573271426
0.00341529584869
0.0051521406828
0.00266700521892
0.00184166456342
0.00388360440647
0.00576770781561
0.000791786599819
0.00119713950015
0.00101210066623
0.000795025607476
0.000576098180439
-0.00352155075441
-0.00352390794438
-0.00364225962898
-0.00387385903508
-0.00394357232841
-0.00309457562803
-0.00326496799241
-0.0034878421314
-0.00355629842479
-0.0034608337069
-0.0031362348555
-0.00330999991406
-0.00337578690005
-0.00353114225489
-0.00335130989346
-0.00325396933704
-0.00340527298274
-0.000103544404135
0.000688650504774
0.000476319975281
0.000256136952131
0.000109464277985
0.000107092946218
0.00090456624189
0.000671432881302
0.000601255316294
0.000514885321405
0.0012415225713
-0.00384457287683
-0.00391347720304
-0.00385402928369
-0.00414222862378
-0.00372365994822
-0.00377530640832
-0.00393181342277
-0.0039225052297
-0.00374905074865
-0.00392240941724
-0.000353049049227
-0.000608733820875
0.000196331988128
-2.99236927903e-05
-0.000195348368111
-0.000197732814355
-0.000358407670712
0.000343977046249
0.000197044954953
0.000119744347708
-4.82172713073e-05
0.000773683568959
0.000704375863993
0.000636919540284
0.000415655469013
0.000243579142743
0.000842661525842
0.000685100347128
0.0005984428849
-0.00438700843147
-0.0045719506644
-0.000563306532539
-0.000854553927223
-0.001056803745
-0.000294598754911
-0.000460821623019
-0.000463217609932
-0.000645247584063
-0.000911175406105
-0.000176592871339
-0.000236707592531
-0.000405778512084
-0.000408356429838
-0.000505935144522
0.000184467189107
8.71138020093e-06
-9.1849905515e-05
-0.000114517731306
0.000329109799054
0.000179349694998
0.000151434268419
-3.50491239959e-05
-0.000733871534921
-0.00106074031339
-0.00125766562786
-0.0015319276988
-0.0006863819447
-0.000688787825332
-0.000892240481641
-0.00124436700266
-0.00144794321655
-0.000553701815343
-0.000723771642428
-0.000726364842711
-0.00091839483934
-0.00112295072109
-0.000358981787264
-0.00041597968548
-0.000411321925133
-0.000699202085881
-0.000200326925434
-0.000249551376294
-0.000437461544005
-0.002163519585
-0.00122684803584
-0.00141826951898
-0.00171651309977
-0.00188398518199
-0.0018863987795
-0.00116738212432
-0.00153776914399
-0.00174246031294
-0.00177955352466
-0.00100148944957
-0.00100409614576
-0.0012916597398
-0.00149765954165
-0.00157998956951
-0.000743955930059
-0.000761366424807
-0.00105116849078
-0.00117607574238
-0.00124687329503
-0.000799739605868
-0.00228838429159
-0.00264185771407
-0.001543740173
-0.00186039819396
-0.00202831406209
-0.00203073407674
-0.00243105204854
-0.00179072604791
-0.00199638834542
-0.00203365834119
-0.00217520630544
-0.00124872839291
-0.00162489735697
-0.00183220407313
-0.00186864750265
-0.00192445625682
-0.00108385789083
-0.00136349543737
-0.00148212554953
-0.00156700268084
-0.00175738665678
-0.00237278675909
-0.00272680371976
-0.00292009245065
-0.00196326120415
-0.00213149437886
-0.00226842625502
-0.00264151886692
-0.00301511345912
-0.00220914505683
-0.00224656447636
-0.00237056157617
-0.00247600108258
-0.00285425260865
-0.00212581283071
-0.00216246119072
-0.00217003526325
-0.00238843300884
-0.0017769091607
-0.00188559174714
-0.00184552649588
-0.00203694165113
0.00233054389491
0.00197624450105
0.00176576276275
-0.00331420873486
-0.00356703521335
-0.00247293255749
-0.00281075324746
-0.00318553760871
-0.00339268547959
-0.00241777444987
-0.00252400087242
-0.00272516925677
-0.00310522599439
-0.00331469916613
-0.00241461846315
-0.00237349011533
-0.00275929261797
-0.00304318973626
-0.00225927881812
-0.00219321233824
-0.00227406754462
0.000511238703743
0.00197321495057
0.00174567801874
0.00137856682047
0.00101728012197
0.000821447876626
0.00192359338559
0.00154790591595
0.00134025390073
0.00130262166144
-0.00263515791816
-0.00293255130844
-0.00331412375856
-0.00352444186345
-0.00356141766323
-0.00263057709802
-0.00308894697355
-0.00337467905759
-0.00348486636028
-0.00341836918508
-0.00247081472427
0.000548979776821
0.000194905071729
0.00176678396791
0.00125797998839
0.000895882967399
0.000699606920718
0.000433692884383
0.00146161136358
0.00125361943828
0.0012159253109
0.00114573934773
0.00075185469368
0.00143012221667
0.00121912652112
0.00118203102285
0.00105798766137
0.00153484944104
-0.00366394982165
-0.00380975342426
-0.00384610338368
-0.00381651937275
0.000627388609076
0.000273819065871
-0.000112140527966
0.00117877055074
0.000816139268512
0.000565854138633
0.000320415037076
1.35262923673e-05
0.00120957578612
0.00117185011763
0.00111984937394
0.000629442680943
0.000245748694563
0.00109530309082
0.00105811833465
0.000815260353842
0.000352123975115
0.00089810611949
0.000682457735176
0.000645803196967
0.000683410398349
0.000614848112226
0.000234148247212
-0.000149427336299
-0.000675173596736
-0.00103805984581
0.000451825653596
0.000205859232069
1.21855908115e-05
-0.000195984864418
0.00106460095165
0.000846125841182
0.000550018082704
0.000165733841709
-4.60962367334e-05
0.000977716204659
0.00054884426596
-2.03123095794e-05
-0.000415600636805
-0.000632877789629
0.00026798374986
0.000313710318418
-0.00154877324262
0.000138104272656
-0.000145469498465
-0.000671177234578
-0.0010340364526
-0.00143646981441
0.00013352424946
5.33778408453e-05
-0.000202355115557
-0.000592139460929
0.000592540264968
0.000503352236662
0.000129223790386
-8.27568088767e-05
-0.000120026303322
0.000221770428937
-0.000351105292249
-0.000749026960203
-0.000967770036276
-0.00100495321685
-1.32362165674e-05
-0.00160350631502
-0.00198525011833
-0.000136190620308
-0.000625543755073
-0.00105289377847
-0.00146627243903
-0.00171271203477
2.64168561988e-05
-0.000411309500971
-0.000802658148236
-0.00102308449669
-0.00116109333336
0.000136310887148
-7.5640477215e-05
-0.000377661745522
-0.00112377071509
-0.000638865009252
-0.00103910626217
-0.00125914049058
-0.0012965442962
-0.00123437159277
-0.00161746977816
-0.00199931093573
-0.0022185476803
-0.00260661816163
-0.00104052337017
-0.0014538064299
-0.00170018757601
-0.00183409964916
-0.000578052548515
-0.00097065856011
-0.0011918015142
-0.00137892344483
-0.00144218014195
-0.000147948000862
-0.000615293730271
-0.0013649410904
-0.00194389753194
-0.0012850705397
-0.00150621159179
-0.00154380454156
-0.00159262889926
0.00293351260408
-0.00197228676273
-0.00219141491858
-0.00247868705842
-0.00305447823104
-0.00139910052319
-0.00164522754466
-0.00195690767295
-0.00251847457052
-0.00109572678106
-0.00134242866861
-0.00155381276766
-0.00169704644528
-0.00180757792538
-0.000809602680224
-0.00156216896198
-0.00214344054647
-0.00254731059914
-0.00276936483183
-0.00174605811589
-0.00192836165317
0.000815046407323
0.00261990694742
0.00240105267877
0.00214051461251
0.00156574088064
0.00115362050013
0.00302229376776
0.00253300931348
0.00197057621261
-0.00299384580064
-0.00328969028398
-0.00168532111876
-0.001909016232
-0.00207295470731
-0.00241228908394
-0.00171493170088
-0.00229800931795
-0.0027031596017
-0.00292592681744
-0.00296379823345
-0.00221971636428
0.000857888691248
0.000565852271781
0.00251040847175
0.00227669990152
0.00170337757345
0.00129231702916
0.00104727805511
0.00249533203258
0.00193249271075
0.00153803652272
0.00119313824505
0.000964035261712
0.00261833152806
0.00239073121904
0.00204982797584
0.00146885096651
-0.00240717872676
-0.00281323813895
-0.00303651171722
-0.00315263196671
-0.0035269391954
0.000919932585471
0.000620421440274
0.000483622164719
0.00032351128251
0.00188226135025
0.00147257010469
0.00111188236909
0.000386057682295
0.00193762463204
0.00153560559251
0.00114946889181
0.000840069834491
0.000551741645253
0.00220214742588
0.00185995924714
0.00140613246759
0.000821024479982
0.000414434186839
0.00173595538802
0.00148540501475
0.00110953960454
0.00101480071246
0.000715805492708
0.000579243731014
0.000540947680735
-2.82121032477e-05
0.00169396297941
0.00115905121545
0.000433876643473
-0.000128390770297
0.00153580698868
0.00114967180498
0.000760048152025
0.00047126385549
0.000115746985524
0.00171448991454
0.00138875405046
0.000803438444419
0.000396700931485
0.000173049898162
0.00133279501669
0.000955724125859
0.00239398909155
0.00652212055631
0.0050777063608
0.003475768798
0.00666334366496
0.0047778849684
0.00438614405403
0.00228928571483
0.00641650468694
0.00497119480102
0.00335757123773
0.00655390314681
0.00466774454541
0.00427553532287
0.00218540353101
0.00631171517939
0.00485489908187
0.00324018502416
0.00644530150008
0.00455844671477
0.00416576699956
0.00208234520196
0.00620775475933
0.00473941286606
0.00312361321014
0.00633754166667
0.00444999446952
0.00405685142481
0.0019801133798
0.00610342272402
0.00462473912588
0.00300785884255
0.00622356809522
0.00434239079354
0.00394878696044
0.00187871070663
0.0059913946114
0.00451088082716
0.00289292496196
0.00610778124455
0.00423563866129
0.00384157661543
0.00673871588663
0.0058801819217
0.00439784092891
0.0027788146023
0.00599282192307
0.00412974103743
0.00373522338905
0.00663897939637
0.00576978752255
0.00428562238305
0.00266553079061
0.00587869321803
0.00402470087648
0.00362973027045
0.00654007991856
0.00566021520513
0.00417422813412
0.00255307654667
0.00576539820963
0.00392052112254
0.00352510023838
0.00644202005246
0.00555146595857
0.00406366111896
0.00244145488272
0.0056529399706
0.00381720470891
0.0034213362608
0.00634480238588
0.0054435435576
0.00395392519775
0.00233066880315
0.00554132156596
0.00371475455776
0.00331844129456
0.00624842949492
0.00533645083695
0.00384502142838
0.00222072130416
0.00543054605265
0.00361317357981
0.00321641828507
0.00615290394366
0.00523019062237
0.0037369536541
0.00211161537344
0.00532061647921
0.00351246467394
0.00311527016593
0.00604916085576
0.00512476573037
0.00362972477793
0.00200335678384
0.00521153588546
0.00341263072693
0.00301499985857
0.00594559127606
0.00502017896786
0.00352333769364
0.00682002325176
0.00510330730215
0.00331367461304
0.00291561027193
0.00584285664753
0.00491643313188
0.00341779528545
0.00671345986222
0.00499593840723
0.00320638719445
0.00281710430212
0.00574095968347
0.00481353100932
0.00331310042771
0.00660774990028
0.0048894228991
0.00309929105835
0.002719484832
0.00563990308668
0.00471147537653
0.00320925598461
0.00650289630628
0.00478376843591
0.00299305931217
0.00262275473092
0.00553968954916
0.00461026899911
0.00310626480982
0.00639890201008
0.00467897800877
0.00288769964821
0.00252691685427
0.00544032175182
0.00450991463155
0.00300412974618
0.00629576993075
0.00457505459805
0.00278320577822
0.0024319740432
0.0053418023642
0.00441041501689
0.0029028536254
0.00619350297625
0.00447200117301
0.0026795853727
0.00233793378084
0.00585002693082
0.00138768468604
0.00347246308618
0.00547642817987
0.00511130137688
0.00234026775747
0.00402964594682
0.00575811260382
0.00129278417979
0.00340227978438
0.00540383861605
0.00504312989485
0.00226939502116
0.00395602967615
0.00566718216353
0.00119889268692
0.00333319016069
0.00533237576543
0.0049761334654
0.00219973866013
0.00388367112383
0.00557595951416
0.00110601375222
0.00325690249698
0.00526204284306
0.00491031534286
0.00213130231636
0.00381257435391
0.00546962354527
0.00101415089859
0.00316212058513
0.00519284488779
0.00484567873603
0.00206408958222
0.0037427433767
0.0053642404518
0.000909193306705
0.00306838374195
0.00512478131097
0.00478222680745
0.00199810399958
0.00367418214763
0.00525981295483
0.00541867006349
0.00296646639436
0.0050578570717
0.0047199626727
0.00193334905895
0.00360689456627
0.00515634655467
0.00531182201586
0.00284179715754
0.00498660129202
0.00465888939965
0.00186982819864
0.0035408844753
0.00505384394244
0.00520596045252
0.00271606225747
0.00485676097709
0.00459901000777
0.00180754480388
0.00347615565946
0.00495230872484
0.00510108931151
0.00259129030444
0.00472790114656
0.00454033026141
0.00604202641572
0.00341271184458
0.00485174449228
0.00499721251469
0.0024674859843
0.00460002689021
0.00448284749318
0.00598222789124
0.00335055669654
0.00475215481836
0.00489433396719
0.00234465397667
0.00447314329377
0.00440204008431
0.00592367666116
0.0032896938203
0.00465354325938
0.00479245755678
0.00222279895427
0.00434725543822
0.00427216355322
0.00586637589006
0.00323012675891
0.00455591335376
0.0046915871533
0.00210192558231
0.00422236839904
0.00414330551032
0.00581032868529
0.00317185899254
0.00445926862154
0.00459172660801
0.00198203851779
0.00409848724554
0.00401547144862
0.00575553995886
0.0031148939375
0.00436361256382
0.004492879753
0.00186314240886
0.00397561704004
0.00388866685652
0.00570200897603
0.00305923494533
0.00426894866225
0.00438208735559
0.00174524189413
0.00385376283718
0.00376289721707
0.00564974053042
0.00300488530184
0.00417528037848
0.00426910272428
0.00162834160201
0.00373292968314
0.00363816800709
0.00559873749265
0.00295184822617
0.00408261115363
0.00415710057861
0.00151244615002
0.00361312261485
0.00351448469633
0.00554900267224
0.00290012686991
0.00399094440772
0.0040460851239
0.00598235593944
0.00349434665925
0.00339185274659
0.00550053881688
0.0028497243162
0.00390028353915
0.00393606055217
0.00586848397314
0.00337660683247
0.00327027761085
0.00544664544027
0.00280064544147
-0.0043247344755
-0.00524527009648
-0.00167975988387
-0.00466596623811
-0.00583175043823
-0.00250759836533
-0.00396059381664
-0.00439913206298
-0.00532224191875
-0.00175939993832
-0.00473859910978
-0.00585571963473
-0.00252244411041
-0.00400830517128
-0.00447263349078
-0.00539829077392
-0.00183808969274
-0.00292034028437
-0.0059299817592
-0.00255198286566
-0.00405486144678
-0.00455097560444
-0.00547341434847
-0.00191582659655
-0.00299097853877
-0.0060032132959
-0.00259560929632
-0.00410026051765
-0.00462926606916
-0.00554761034941
-0.00199260812111
-0.00306061573335
-0.00607541148051
-0.00263811978658
-0.00414450030618
-0.00470666446563
-0.00562087650466
-0.00206843176003
-0.00313556392034
-0.00614657357801
-0.00267951253275
-0.00418757878294
-0.00478316858895
-0.00569321056328
-0.00214329502961
-0.00321303865345
-0.00621669688321
-0.00271978577482
-0.0042294939672
-0.00485877625253
-0.00576461029588
-0.00221719546916
-0.00328952157711
-0.00628577872116
-0.00278684683739
-0.00427024392743
-0.00493348528841
-0.00583507349485
-0.00229013064138
-0.00336501000191
-0.00635381644767
-0.00285739065573
-0.00430982678165
-0.0050072935475
-0.00590459797473
-0.00236209813275
-0.00343950126384
-0.00642080744973
-0.00292685257746
-0.00434824069793
-0.00508019889992
-0.00597318157252
-0.00243309555388
-0.00351299272475
-0.00648674914605
-0.00299523159886
-0.00438548389476
-0.00515219923523
-0.00604082214795
-0.00250312053984
-0.0035854817728
-0.00655163898743
-0.00306252395703
-0.00442155464147
-0.00298924145867
-0.00610751758382
-0.0025721707506
-0.0036569658228
-0.0066154744573
-0.0031287268558
-0.00445645125861
-0.00305942550767
-0.00617326578632
-0.00264024387131
-0.00372744231675
-0.00667825307212
-0.00319383753486
-0.00449017211835
-0.00312869832777
-0.00623806468531
-0.00270733761272
-0.00379690872414
-0.00673997238186
-0.00325785327036
-0.00452271378221
-0.00319705788917
-0.00630191223463
-0.00277344971151
-0.00386536254249
-0.00513224194647
-0.00332077137541
-0.00455407845198
-0.00326450218289
-0.00636480641241
-0.00283857793063
-0.00393280129765
-0.00519183543223
-0.00338258920061
-0.00458652329731
-0.00333256017077
-0.00642674522137
-0.0029027200597
-0.0039992225443
-0.00525036246832
-0.0034433041346
-0.00464948231864
-0.00341422911813
-0.00648772668909
-0.00296587391529
-0.00406462386633
-0.00530782074317
-0.00350291360455
-0.00471129860298
-0.00349500200113
-0.00654774886835
-0.00302803734135
-0.00412900287723
-0.00536420798095
-0.00356141507667
-0.00477196933334
-0.0035748764829
-0.0066068098374
-0.00308920820949
-0.00419235722055
-0.00541952194192
-0.00361880605676
-0.00483149173594
-0.00492145564972
-0.00291347350355
-0.00377512222894
-0.00577115663446
-0.00382512452497
-0.00187225620443
-0.00671165332327
-0.00498995709573
-0.00298262958339
-0.00384483685025
-0.00582451528544
-0.00389161291217
-0.0019386241062
-0.0067784147749
-0.00505767235284
-0.00305099278519
-0.00391375290486
-0.00587831587581
-0.00395728735935
-0.00200417225522
-0.00684435210823
-0.00512459994827
-0.00311856159503
-0.00398186884322
-0.00594593549871
-0.00402214634033
-0.00206889910671
-0.00690946375175
-0.00519073842273
-0.00318533451282
-0.00404918312982
-0.00601369063645
-0.00408618834418
-0.00213280313145
-0.00697374814969
-0.00525608633062
-0.0032513100524
-0.00411569424336
-0.00608063789422
-0.0041494118753
-0.00219588188459
-0.00703720376223
-0.00532064224014
-0.00331648674174
-0.00418140067692
-0.00614677573632
-0.00421181545362
-0.00225813573116
-0.00709982906564
-0.00538440473343
-0.00338086312306
-0.00424630093809
-0.00621210264175
-0.00427339761479
-0.00231956225822
-0.00452690540094
-0.00544737240676
-0.00344443775301
-0.00431039354915
-0.00627661710444
-0.0043341569103
-0.00238016000042
-0.00458786558016
-0.00550954387063
-0.00350720920279
-0.00148465388482
-0.00634031763339
-0.00439409190765
-0.00243992750876
-0.00464799097739
-0.00557091774992
-0.00356917605833
-0.00154712682206
-0.00640320275281
-0.00445320119052
-0.00249886335078
-0.00470727920368
-0.00563149268407
-0.00363033692043
-0.00160878776573
-0.00646527100233
-0.00451148335892
-0.00255696611073
-0.00476573068102
-0.00569126732717
-0.0036906904049
-0.00166963529843
-0.00652652093709
-0.00456893702936
-0.00261423438973
-0.00482334305452
-0.00575024034815
-0.00375023514271
-0.0017296680182
-0.00659474886328
-0.00462556083499
-0.00267066680592
-0.00488011491792
-0.00580841043088
-0.00380896978016
-0.0017888845387
-0.00666415978825
-0.00468135342574
-0.00272626199463
-0.00493604488236
-0.00586577627432
-0.00386689297897
-0.00184728348938
-0.00673275998065
-0.00473631346853
-0.0027810186085
-0.00500307676634
-0.00592233659269
-0.00392400341649
-0.00190486351558
-0.00680054785144
-0.00479043964735
-0.00283493531771
-0.00507187602424
-0.00597809011555
-0.00398029978581
-0.00196162327871
-0.00686752182633
-0.00484373066346
-0.00288801081006
-0.00513984639699
-0.00603303558798
-0.0040357807959
-0.0020175614564
-0.00693368034593
-0.00489618523552
-0.0029479339589
-0.00520698624049
-0.00608717177071
-0.00409044517175
-0.00207267674263
-0.00699902186591
-0.00494780209976
-0.00301381184028
-0.00527329392643
-0.00614049744022
-0.00414429165452
-0.00212696784789
-0.0043619987917
-0.00499858001006
-0.00307886081686
-0.00533876784253
