4.19159566298e-05
-0.000277675091246
0.00293985874782
-0.00101309979401
0.00230945588353
0.00146801193218
0.0018258261853
-7.05231747885e-05
-0.000365176908829
0.00281281158458
-0.00112508829662
0.00219776273653
0.00138100386293
0.00173929800172
-0.000181746387574
-0.000451392042303
0.00268691927397
-0.00123586498903
0.00208727921789
0.00129527514293
0.00165404336839
-0.000291747293637
-0.000536315284613
0.00256218864906
-0.00132022290251
0.00197801159402
0.00121083088558
0.00157006731925
-0.000400519531002
-0.000619941479228
0.00243862653307
-0.00142855706721
0.00186996610505
0.0011276761543
0.00148737483873
0.00268637594037
-0.000718329582595
0.00231623973815
-0.00153566056827
0.00176314896332
0.00104581596126
0.00140597086041
0.00258008001456
-0.000834695535127
0.00219503506389
-0.0016415271775
0.00166069652723
0.000965255265991
0.00132586026573
0.00247503167204
-0.000958537797707
0.00207501929604
-0.00175093880869
0.001556354599
0.000884805289799
0.00124704788266
0.0023698698522
-0.00108120179312
0.00195619920503
0.00126147298828
0.00145325947432
0.000782459949637
0.00116953848443
0.00224763901706
-0.0012026806657
0.00183858154459
0.00114392254403
0.00135141724019
0.000681359826613
0.00109333678819
0.0021266046467
0.00251719018865
0.00172217305029
0.00102758082185
0.00125083394857
0.000581512715058
0.00101844745373
0.00200677367937
0.0023981020724
0.00160698043806
0.000912454527484
0.00115151561495
0.000482923578883
0.00350026031414
0.0020213195926
0.00228021955793
0.00149301040275
0.000798550345552
0.00105346821682
0.000385598275414
0.00342800898102
0.00190391618044
0.00216354943741
0.0013802696166
0.000685874938039
0.000956697692187
0.000289542622611
0.00335708409761
0.00178773688383
0.00204809848347
0.00126876472776
0.000574434942784
0.000861209938033
0.000194762397604
0.00328748961572
0.00167278856784
0.00206704000304
0.0011585023587
0.000464236971958
0.000767010808833
0.000101263335217
0.00321922988904
0.0015590780754
0.00195404761456
0.00104948910474
0.000355287610517
0.00067410611501
9.05112649119e-06
0.00315230920623
0.00144661222576
0.00184229457834
0.00094173153243
0.000247593414646
0.000582501621407
-8.18685827961e-05
0.00308673178967
0.00133539781287
0.00173178757375
0.000972207186033
0.000141160910184
0.000479147447797
-0.000171490193623
0.00302250179424
0.0012254416038
0.00162253325296
0.000866980553794
3.599659104e-05
0.000374552982557
-0.000259808155214
0.00295962330607
0.00111675033712
0.00471082520825
0.000763029114538
-6.78930824119e-05
0.000271228140871
-0.000346816966531
0.00289810034132
0.003346464739
0.00135890328252
0.00125432815193
0.00141984960223
0.00188058469682
8.8252680363e-05
0.000121703876976
0.00322432090729
0.00125245283652
0.00116424564921
0.00132630570393
0.00178389730197
0.00201291546341
6.5460568557e-05
0.00310349130539
0.00112730347117
0.00107570895428
0.0012343548675
0.00168884469001
0.00196079521086
1.11183115678e-05
0.00298398428956
0.00100350498239
0.000988725830644
0.0011440057244
0.00159543632786
0.00191050950555
-4.13161014362e-05
0.00286580819443
0.000881066507535
0.000903303956291
0.0010552668166
0.00150368159003
0.00186206417019
-9.18360856629e-05
0.00274897133081
0.000759996699178
0.00081945092071
0.000968146593027
0.00141358975457
0.00181546483772
-0.000140435268044
0.00263348198349
0.000640305585221
0.000737174221924
0.000882653406116
0.00131899974857
0.00173398277523
-0.000187107491099
0.002519348409
0.000522001772416
0.000656481263515
0.000798795508256
0.00119161960106
0.00160238929409
-0.000231846816692
0.00240657883335
0.00253399060991
0.000554049816928
0.000716581048294
0.00106575396286
0.001472337682
-0.000274647529689
0.00229518144972
0.00241848850708
0.000439732561013
0.00063601806802
0.000941414603824
0.00134384073502
-0.00031550414149
0.00218516441615
0.00230440075172
0.000326888423521
0.000557114498661
0.000818613271106
0.00121691123569
0.00123781772697
0.00207653585318
0.00219173629349
0.000215526974014
0.000479878157383
0.00069736168518
0.00109156194859
0.00120086486022
0.0019693038415
0.00208050404463
0.000105658203407
0.000369518879897
0.000577671535739
0.000967805615719
0.00116587116763
0.00186347641951
0.00197071287723
-2.70934188191e-06
0.000255920687988
0.000459554477523
0.000845654951928
0.00113284119869
0.00175906158091
0.00186237162047
-0.000109565769205
0.000143867134146
0.00034302212608
0.000725122640125
0.00102792590528
0.00165606727226
0.00175548905773
-0.000214901705612
3.33686446042e-05
0.000228086053452
0.000606221326448
0.000874663713197
0.00155450139054
0.00165007392382
-0.000318707835503
-7.55644070065e-05
0.000114757783792
0.000488963615335
0.000722886201562
0.00145437224624
0.00154613490205
0.00170791953686
-0.00018292170351
3.04878890707e-06
0.000373362064502
0.000572608511397
0.00135568669831
0.00144368062136
0.00160720072064
-0.000288692522417
-0.000107029516253
0.000259429179836
0.000423845837621
0.00125845294552
0.00134271965336
0.00150803928002
-0.000392867602515
-0.000215465778181
0.000147177410202
0.000276613424796
0.00116267866133
0.0012432605094
0.00141044426744
-0.000495436353877
-0.000322248709449
3.66191421717e-05
0.000130926562708
-0.000195300344711
-0.000732539437352
-0.00113889558524
-0.00209073646518
-0.00249944014782
-0.00299792945312
-0.00343904332276
-0.00458984062805
-0.00491670091776
-0.00504561904993
-6.37289804805e-05
-0.00122213086384
-0.00142464837003
-0.00204059409325
-0.00263736399952
-0.00314902193144
-0.00515408393256
-0.005464182788
-0.00556315268728
-0.000799621576724
-0.00245887995011
-0.0002856281421
-0.000823872768912
-0.00118179705701
-0.00177562421774
-0.00254325819349
-0.00303933863684
-0.00338241005618
-0.00389510066219
-0.00485170842952
-0.00498044074861
1.34725670538e-06
-0.000359793636401
-0.000563806062707
-0.00208537108076
-0.00273485145509
-0.0034558630635
-0.00397628689781
-0.00577705451839
-0.00587676229456
-0.00597698678888
-0.00133703576701
-0.00500614076383
-0.000868690912696
-0.00122509438323
-0.00177152345415
-0.00218056992313
-0.00303227871922
-0.00337529756192
-0.00378136316146
-0.00410693818725
-0.00423534429312
-0.000235524656453
-0.00064066582957
-0.000845971269249
-0.000888002425213
-0.00298684343395
-0.00371211575849
-0.00423570587479
-0.00455003286056
-0.00613874472275
-0.00634910853269
-0.00171019612609
-0.00500433419608
-0.000552911594583
-0.00122325402705
-0.00171989478181
-0.0021284914917
-0.00261822005256
-0.00331937782729
-0.00361878068359
-0.00394319231773
-0.004143518364
0.000227887140129
-0.000872489437732
-0.00107887453308
-0.00108158080474
-0.00199680858692
-0.003916863561
-0.00444301156023
-0.00475890792718
-0.00485974564837
-0.00666991339231
-0.002031910278
-0.00495640283523
-0.000504445241207
-0.000860472712163
-0.00162089329826
-0.00202863033736
-0.00251443935221
-0.00285627623186
-0.00304931900915
-0.00373078555073
-0.00432144613829
-0.00492653809285
-0.000361357033415
-0.00126173179304
-0.00126444933792
-0.00214671980207
-0.00287801601412
-0.00459742775684
-0.00491450125532
-0.00511329364169
-0.00544981746445
-0.000774642282892
-0.00486248232108
-0.00040947951229
-0.000764802666524
-0.00116086103647
-0.00188128972437
-0.00236270656457
-0.00270342511855
-0.00285158467581
-0.00329574103373
-0.00445004208079
-0.00505688710113
-0.000492918080568
-0.000700781748668
-0.00152346164793
-0.00226730397991
-0.00297769092746
-0.00350702308413
-0.00501621400015
-0.00532624670018
-0.00566453177094
-0.000989981341094
-0.00440888712918
-0.000268287542831
-0.000622568697007
-0.0009681365814
-0.00137295894501
-0.00184953339787
-0.00250274823056
-0.00265026746752
-0.0033732089
-0.00417033257284
-0.0051368073176
-0.000573585004562
-0.000781832489931
-0.00104112661207
-0.00234363211165
-0.00305035842125
-0.00355409469547
-0.00387230618404
-0.00429387618811
-0.005824829945
-0.00594396953606
-0.00422390597047
-0.00475746355214
-0.000120229296904
-0.000729327818405
-0.00113212076183
-0.00160342949091
-0.00194090784312
-0.00242430688497
-0.00340152857414
-0.00419915518172
-0.00480747578724
-0.000603077026344
-0.000811465191153
-0.00120092042168
-0.00177017158809
-0.00307461365135
-0.00357683834159
-0.0038666756809
-0.00439823410327
-0.00473872282959
-0.00604951528949
-0.00399409782189
-0.00452514893364
0.000113773369188
-0.000131166784362
-0.000845522123321
-0.00131116886963
-0.00164655412554
-0.00208987331426
-0.00338060869327
-0.00417786371875
-0.00478589193923
-0.000206689289297
-0.000789575202667
-0.00130914251227
-0.00187984018315
-0.00235229113734
-0.00285416170271
-0.00389083314234
-0.00444755870516
-0.00478846341157
-0.00490805936474
-0.00340612975319
-0.00424817372976
0.000392736323193
0.000197648560472
-0.000200027186561
-0.000973599144815
-0.00163811507937
-0.00231608125799
-0.00299656513552
-0.00410652935311
-0.004713581896
-0.00512384371254
-0.000341638169386
-0.000990802738055
-0.00193685702577
-0.00230210921179
-0.00277064718179
-0.00319186824225
-0.00444165000515
-0.00478250482661
-0.00490208307839
-0.00308863675661
-0.0036133407546
0.000715894362382
0.000550468340089
0.000175542485477
-0.000688638480566
-0.00186288471529
-0.00254414733289
-0.00303837661399
-0.00367143791563
-0.00459078926704
-0.00499990831584
-0.000225232793337
-0.000994900986246
-0.00156640725806
-0.00230629850968
-0.00263348212444
-0.00320346000595
-0.00368894690238
-0.00472086750416
-0.00484026715844
-0.00272848602708
-0.00324940152666
0.00139633655164
0.000918184474516
0.0001704494836
-0.000863104147808
-0.00172660871079
-0.00272445355949
-0.00322063918951
-0.00352294064698
-0.00410398154482
-0.00451150269857
-0.000177995158875
-0.000946820704542
-0.00151768157988
-0.00188254808111
-0.00252219453622
-0.00321730710405
-0.00370295890916
-0.00397161113463
-0.00472286767933
-0.00232658473265
-0.00284333695226
-0.00318494206651
0.00155546244699
4.54896455228e-05
-0.000990784904258
-0.00185665538644
-0.00254248283578
-0.0033540648366
-0.00365726037417
-0.00388163849813
-0.00428712265139
0.000234293971706
-0.000846735922443
-0.00141625802431
-0.00178024994834
-0.00210758794955
-0.00317663253855
-0.00366180026008
-0.00393017971821
-0.00397746463939
-0.00159355528163
-0.00239615846875
-0.00273473242155
0.00147856719351
0.000280650044785
-0.00107130255466
-0.0019386717652
-0.00262572653265
-0.00312426603513
-0.00342802824294
-0.00384702090215
-0.00401356927516
0.000383388129098
-0.000381051538077
-0.00126251095222
-0.00162518511255
-0.00201412080876
-0.00270699071454
-0.00356563750232
-0.00383338182966
-0.00388055398088
-0.00126116352099
-0.00183645119423
-0.00253048571299
0.00144694633697
0.000248246409639
-0.000790461613469
-0.00197240361021
-0.00265996443663
-0.00315888075942
-0.00346287852374
-0.00356799364032
-0.00390782136821
-0.00462468386032
-0.000178216491368
-0.000743047634211
-0.00141792876133
-0.00186754273725
-0.00255796745949
-0.00304025081003
-0.00368161166539
-0.00394697822519
-0.00141676800078
-0.00199381613171
-0.00239875246079
0.00146068646227
0.000262326800814
-0.000776070118295
-0.00164379001347
-0.00233113038007
-0.0031438391792
-0.00344773534921
-0.00355281501671
-0.00378796897614
-0.00482195284377
-0.000356071901017
-0.000677432442052
-0.00120645603495
-0.00199586019838
-0.00235553470251
-0.00283545027876
-0.00310087438764
-0.00364419009918
-0.00152897733894
-0.00210730170852
-0.00251315111665
0.00181445530604
0.000617555159532
-0.000714221068264
-0.00158078832464
-0.00226718473032
-0.00276523438441
-0.00340683031766
-0.00359266602002
-0.00393235545092
-0.00465475739751
-0.000504609730819
-0.000827081576615
-0.00135683875373
-0.00183399302402
-0.00241409756155
-0.00257743177025
-0.00284119572301
-0.00366045053326
-0.00153146033123
-0.00217661260056
-0.00258302217418
-0.00307580946204
0.000724348958251
-0.000310395253468
-0.00146963849251
-0.00219321981247
-0.00277040645304
-0.00315453000194
-0.00365457820978
-0.00402654072617
-0.00475049755695
-0.00028756281009
-0.00092471921597
-0.00145456327764
-0.0019328318252
-0.00219961551947
-0.00225083512334
-0.00298931160584
-0.00362108621932
-0.00155613392681
-0.00213552268333
-0.00254213415818
-0.00292670498783
0.000877108412049
-0.000206383088819
-0.00114667798568
-0.00220466159614
-0.00278199522509
-0.00316621634043
-0.00335235820894
-0.00407020522464
-0.00479488606411
-0.000332493865975
-0.000656035989661
-0.00118531097637
-0.00197804446016
-0.00224511856107
-0.00229639435008
-0.00286643088631
-0.00379259591636
-0.00153688863365
-0.0021160572838
-0.00252251125912
-0.00275204034831
0.000936042142613
-0.000170202578432
-0.00110976910253
-0.00187243828821
-0.00274399688109
-0.00312789365805
-0.00331387639902
-0.00374924218284
-0.00478776445445
-0.00531543069923
-0.000648772787221
-0.00117682069934
-0.00165550439354
-0.00223647352391
-0.00232016537634
-0.00300318416232
-0.00361748117888
-0.00184368589197
-0.00205222187068
-0.00245816019593
-0.00268739439676
0.00108076514485
-8.69161181915e-05
-0.0010248113401
-0.00178607379832
-0.00236183402986
-0.00303968942996
-0.00322530695377
-0.00369159093227
-0.00441520160519
-0.00494215199277
-0.000589002809129
-0.0011151709408
-0.00159314985664
-0.00185976670766
-0.00251707326246
-0.00308507124484
-0.00370062333174
0.00227976976859
0.00171980895888
0.000720345285216
0.000611473949755
6.49778437169e-05
0.00331319214487
-0.000422640784679
0.00217877938075
0.00161813486531
0.000618256739301
0.000509250301212
-3.7098219292e-05
0.00320293944144
-0.00053272938946
0.00207874846429
0.00151742508528
0.000517135425851
0.00359511758872
-0.00013820713757
0.00309363226945
-0.000641873437219
0.00197968048518
0.00141768314979
0.000416984915617
0.00349483388654
-0.000238345341567
0.00298527439996
-0.000750069172035
0.00188157889253
0.00131891257292
0.000317808762414
0.00339552551624
-0.00033750927867
0.0028778695911
-0.000857312850936
0.00178444711803
0.00122111685133
0.000219610502596
0.00329719602718
-0.000435695413724
0.00277142158757
0.0021579457252
0.00546582513809
0.00112429946369
0.000122393654527
0.00319984895071
-0.00053289929824
0.00266593412006
0.00205261733263
0.00532469527566
0.00102846387022
2.61617180558e-05
0.00310348779966
-0.000641300774937
0.00256141090477
0.00194825214196
0.00518441536401
0.000933613512123
-6.90818260189e-05
0.00300811606779
-0.000767441669777
0.00244788976902
0.00184485383912
0.00504498974852
0.000801180941139
-0.000163333516481
0.00291373722926
-0.000892673832505
0.00232822359354
0.00173399890266
0.00490642277751
0.000661900556403
-0.000256589912231
0.0028203547381
-0.00101699306922
0.0022094857055
0.00161546904886
0.00476871880181
0.0005234852041
-0.000348847592823
0.00272797202764
-0.00114039519101
0.00209168110624
0.00149787144741
0.00463188217433
0.000385939292722
-0.000471661336206
0.00263659251002
-0.00126287601452
0.00197481385726
0.00138121014102
0.0044959172496
0.00024926723279
-0.000608660005353
0.0025462195756
-0.0013844313624
0.00185888801108
0.00126548916338
0.00436082838332
0.00330235825347
-0.00074477940486
0.00245685659244
-0.00150505706387
0.0017439076107
0.00115071253856
0.00422661993194
0.0031674499278
-0.000880015095193
0.00234413971626
-0.00162474895523
0.00162987668902
0.00103688428053
0.00409329625214
0.00303342589879
-0.00101436263599
0.00220985376617
-0.0017435028804
0.00151679926834
0.000924008392565
0.0039608617004
0.0029002933744
-0.00114781758656
0.00207646020023
0.00132580806327
0.0014046793598
0.000812088866751
0.0038293206325
0.00276805676833
0.00257218933517
0.00194396345388
0.0012089425055
0.0012935209628
0.000701129683395
0.00369867740305
0.00263672049348
0.0024405328861
0.00181236796188
0.00109302733099
0.00118332806448
0.000591134810488
0.00356893636499
0.00250628896141
0.0023097823465
0.00168167815782
0.000978066659888
0.00107410463911
0.000482108203141
0.000349312665537
0.000556308787754
0.000717458511317
0.00096338744635
0.00142211753112
-2.36953898784e-06
9.18659707499e-07
0.00274469291726
0.000440265303925
0.000597923463798
0.000840523968291
0.00129616836149
-0.000131075776388
-7.86036740076e-05
0.00263327380013
0.000325283743155
0.000479470693914
0.000718760277011
0.00117133614223
-0.000258651280365
-0.00015679606563
0.00252289934659
0.000211369196003
0.000362105708583
0.000598104154133
0.00104762718712
0.00174380692908
-0.000233650756693
0.00241357422106
9.8526737923e-05
0.00024583400106
0.000478560575456
0.000925047800129
0.00161851291395
-0.000309168431276
0.00230530307104
-1.32385716106e-05
0.000130661049963
0.000360135435165
0.000803604274303
0.00149436963786
-0.000383341453621
0.00219809052628
-0.000123921689991
1.65923182825e-05
0.000242834613425
0.000683302890545
0.00137138375087
-0.000456165045413
0.00209194119805
-0.000233517592368
-9.63667476113e-05
0.000126663975281
0.00056414991643
0.00124956189167
-0.000527634493218
0.00198685967831
-0.000342021272556
-0.000208210718978
1.16293695407e-05
0.000446151604986
0.00112891068622
-0.00059774514988
0.00188285053888
-0.000449427743932
-0.000318934185724
-0.000102263372349
0.000329312330818
0.00100943674653
-0.000666492435914
0.0017799183307
0.00171390107398
-0.000428531757427
-0.000215008437441
0.000213642039443
0.000891146669196
-0.000733871840882
0.00167806758295
0.00160870389722
-0.000536998064377
-0.000326600032437
9.91450701588e-05
0.000774047034119
-0.000799878924766
0.00157730280227
0.00150461876253
-0.000644327758617
-0.00043703238485
-1.41723946542e-05
0.000658144403089
0.00126438698415
0.00147762847192
0.00140165056902
-0.000750515514999
-0.000546299744181
-0.000126304193464
0.000543445318392
0.00120113757403
0.00137904905094
0.00129980419159
-0.000855557894891
-0.000654396383097
-0.000237244186892
0.0004299563014
0.001139273369
0.00128156897335
0.00119908447998
-0.000959445896668
-0.000761316598632
-0.000346986259031
0.000317683851138
0.00107879851394
0.0011851926473
0.00109949625781
-0.00106217613266
-0.000867054713387
-0.000455524318772
0.000206634442836
0.00101971707663
0.0010899244542
0.00100104432161
-0.00116374337966
-0.000971605076749
-0.000562852301149
9.68145264704e-05
0.000962033046485
0.000995768747935
0.000903733439886
-0.00126414244265
-0.00107496206611
-0.000668964168693
-1.17694747166e-05
0.000905750333255
0.000902729853962
0.000807568352116
0.00078086796167
-0.00117712008812
-0.000773853912794
-0.000119111165704
0.000781675533915
0.000810810205853
0.000712553767802
0.000682820733421
-0.00127807357988
-0.000877515555085
-0.000225204181197
0.000638812531773
-0.00312939232915
-0.00519092549071
-0.00420201006203
-0.00346173957125
-0.002644771539
-0.00160039802182
-0.00333776088876
-0.00315143320484
-0.0052137053627
-0.00423517831509
-0.00349616907602
-0.00268039676389
-0.00163711055072
-0.00332072919906
-0.0031720649997
-0.00208252204058
-0.00426684689074
-0.0035290432701
-0.00271441407951
-0.00167216746688
-0.00752360588396
-0.00319128634043
-0.00210238872323
-0.00429701338427
-0.00356035946594
-0.00274682051064
-0.0017055655165
-0.00750312014325
-0.00320909594602
-0.00212079663932
-0.00432567550027
-0.00359011509757
-0.00277761321613
-0.00173730252319
-0.00480177889536
-0.00322549262814
-0.00213774447702
-0.00435283105345
-0.00361830772169
-0.00280678949012
-0.00176737366399
-0.00477784726893
-0.00324047529157
-0.00215323102715
-0.00437847796949
-0.00364493501862
-0.00283434676317
-0.00179577705876
-0.00475219618137
-0.00325404293454
-0.00216725518365
-0.00440261428579
-0.00366999479328
-0.00286028260347
-0.00182251004613
-0.00477395249773
-0.0032661946491
-0.0021798159439
-0.00442523815228
-0.00369348497603
-0.0028845947178
-0.00606920552104
-0.00482568820397
-0.00327692962135
-0.00219091240915
-0.00444634783202
-0.00371540362357
-0.00290728095261
-0.00609259031602
-0.0048757409037
-0.0032862471318
-0.00220054378482
-0.00446594170197
-0.00373574891971
-0.0029283392949
-0.00611429763213
-0.00492410339347
-0.00329414655555
-0.00220870938074
-0.0015710112065
-0.00375451917613
-0.00294776787317
-0.00613432542008
-0.00497077560124
-0.00330062736253
-0.00221540861146
-0.00158756904613
-0.00377171283306
-0.00296556495822
-0.00615606109478
-0.00501575061877
-0.00330568911766
-0.00222064099643
-0.00160260689586
-0.00378732845995
-0.00298172896387
-0.00619808379541
-0.00505902401705
-0.00330933148099
-0.00222440616018
-0.00161612359382
-0.00380136475601
-0.00721727312624
-0.0062384480168
-0.00510059152007
-0.00331155420786
-0.00222670383243
-0.00162811809462
-0.00381382055084
-0.00723016679037
-0.0062771499814
-0.00514044900688
-0.0033123571489
-0.00222753384821
-0.00163858946982
-0.00382469480482
-0.00724142394741
-0.00631418605644
-0.00517859251358
-0.00331174025018
-0.00222689614793
-0.00164753690826
-0.0038339866096
-0.00725104265854
-0.0063495527556
-0.00521501823527
-0.00330970355315
-0.00222479077739
-0.00165495971637
-0.00384169518846
-0.00725902252786
-0.00638324674061
-0.00524972252785
-0.00330624719464
-0.00222121788773
-0.00166085731844
-0.00384781989665
-0.00726536284017
-0.00641526482283
-0.00528270190989
-0.00330137140685
-0.00221617773544
-0.00166522925686
-0.00533866397206
-0.00727770872926
-0.00644560396467
-0.00531395306424
-0.00368909386198
-0.00276411317505
-0.00553838954275
-0.00498262737384
-0.0043531130155
-0.00736805494832
-0.00305186076641
-0.0037257291384
-0.00280055546722
-0.00557449729687
-0.0049933798935
-0.00442856668574
-0.00744306906929
-0.00312616231122
-0.00692702526388
-0.00283569382838
-0.00560931275512
-0.00135799162225
-0.00450280764191
-0.00751687661765
-0.00319926727404
-0.00696103720862
-0.00286952623627
-0.00564283394999
-0.00136614733722
-0.00457583199472
-0.0075894737689
-0.00327117193404
-0.00699373447836
-0.00290205073984
-0.0056750589833
-0.00137300392495
-0.00464763590235
-0.00401600943443
-0.00334187261639
-0.00702511516394
-0.00293326545978
-0.00570598602681
-0.00143580561279
-0.00471821557141
-0.00408617450665
-0.00341136569317
-0.0070551774296
-0.0029631685891
-0.00573561332265
-0.00150529815525
-0.00478756725785
-0.00415511799353
-0.0034796475842
-0.0070839195135
-0.00299175839359
-0.00576393918386
-0.00157355679555
-0.00485568726787
-0.00422283626368
-0.00354671475791
-0.00711222058474
-0.00301903321236
-0.00579096199486
-0.0050633215104
-0.00492257195884
-0.00428932573627
-0.00361256373215
-0.00717100552173
-0.00304499145831
-0.00581668021189
-0.00512910140633
-0.0049882177402
-0.00435458474447
-0.0036771910751
-0.0072285053372
-0.00306963161856
-0.00584109236345
-0.00519363656559
-0.00505262107435
-0.00441860608578
-0.00374059340604
-0.00728471673659
-0.00309295225491
-0.00586419705072
-0.0052569234837
-0.00511577847756
-0.00448138819879
-0.00380276739619
-0.00733963648829
-0.00311495200426
-0.00588599294797
-0.00531895871116
-0.0051776865208
-0.00454292771339
-0.00386370976955
-0.00739326142449
-0.00313562957899
-0.0059064788029
-0.00537973885436
-0.00523834183069
-0.00460322131432
-0.0039234173037
-0.00744558844206
-0.00315498376732
-0.00592565343705
-0.00543926057645
-0.00529774109029
-0.00466226574199
-0.00398188683061
-0.0074966145034
-0.00317301343372
-0.0059435157461
-0.00549751966686
-0.00535588104002
-0.00472005779332
-0.00746192965876
-0.00754633663733
-0.0032040549491
-0.00596006470017
-0.00555451476745
-0.00541275847844
-0.00477659432254
-0.00751791388855
-0.00759475193986
-0.00325203347373
-0.00597529934418
-0.00561024178543
-0.00546837026316
-0.00483187224203
-0.00757265094117
-0.00764185757504
-0.00329871354784
-0.00598921879806
-0.00566469761949
-0.00552271331158
-0.00488588852311
-0.00762613787396
-0.00768765077575
-0.00334409247742
-0.00600182225702
-0.00571787922927
-0.00557578460179
-0.00493864019683
-0.00767837180252
-0.00773212884448
-0.0033881676364
-0.00606626693429
-0.0057697836362
-0.0056275811733
-0.00499012435476
-0.00772934990145
