0.00178848710516
0.00257190895346
0.00107748941796
-0.000548305414171
0.000223534533465
-0.00143757152478
0.00177488451943
0.00173328599298
0.00250366874278
0.00100964924178
-0.000643811579201
0.000128744015865
-0.00153149875169
0.00168195574395
0.00167895317352
0.00243627435545
0.000942650457021
-0.00073852588827
3.47407275939e-05
-0.00162464436971
0.00158980202388
0.00162549006081
0.00236972748746
0.000876494731008
-0.000832446136457
-5.84731721385e-05
-0.00148793351696
0.00149842540211
0.00157289804925
0.00230402981789
0.000802577795263
0.00358827937506
-0.000150895534452
-0.00157950961302
0.00140782791138
0.00152117851345
0.00223918300879
0.000709709603252
0.00349595382162
-0.000242524221005
-0.0016702978167
0.00131801157411
0.00143692906122
0.00452791441934
0.000617645748791
0.00340442888058
-0.000333357104211
-0.00176029605455
0.00142602018196
0.0013735197135
0.00446477424796
0.000526388429659
0.00331370671398
-0.000423392067447
-0.00184950226395
0.00133777217658
0.00130879282257
0.00440248981873
0.000435939832287
0.00322378947258
-0.000512627005272
-0.00193791439335
0.00125031132801
0.00124492625823
0.00433901474508
0.000346302131537
0.00313467929562
0.00154037021905
-0.00202553040247
0.00116363961539
0.00118192167419
0.00427844655746
0.000257477490471
0.00304637831066
0.00145274160259
-0.0021123482625
0.00107775900657
0.00111069310431
0.00419484701417
0.000169468060128
0.0029588886333
0.00136591925865
-0.00219836595628
0.000992671457903
0.00103964233632
0.00410729379885
8.22741166518e-05
0.00287221236698
0.00127990524582
-0.00228358147858
0.000908378914027
0.000969445645169
0.00402056283211
-4.09848836064e-06
0.00278635160279
0.00119470161044
-0.00236799283622
0.000824883307693
0.000900104840361
0.00393465625236
-8.9649503952e-05
0.00270130841918
0.00111031038638
-0.00245159804833
0.00074218655956
0.000831621714362
0.00384957618501
-0.000174376829454
0.00261708208782
0.00102673359483
-0.00253439514654
0.000660290577999
0.000763998042384
0.0037653247422
-0.000258278377359
0.00253368024926
0.000943973244092
0.00190381615512
0.000579197258896
0.000697235582169
0.00368190402264
-0.00034135207355
0.00245110214886
0.000862031329363
0.00182264113882
0.000498908485456
0.00063133607378
0.00359931611129
-0.000423595857523
0.00236934981245
0.000780908901193
0.00174228006449
0.000419426128012
0.000566301239388
0.00351756307921
-0.000505007682619
0.00228842525219
0.000700609790565
0.00166273484846
0.000340752043823
0.000502132783064
0.00343664698327
-0.000585585516248
0.00220833046627
0.000621135020747
0.00158400739352
0.000262888076883
0.00110926718348
0.000896696044707
-0.000660563943699
-0.000773343447209
-0.000924853173349
-0.00119327804191
-0.00141917050096
0.0010266765698
0.000812639249862
-0.000745991564138
-0.000860026997779
-0.00101265824008
-0.00126874472209
-0.00149560644023
0.000944928796082
0.000729437775968
-0.000830552313006
-0.000945833196569
-0.00109957668035
-0.00134329128871
-0.00157111204639
0.000864025958497
0.000647093826675
0.000356461950808
-0.00103075963923
-0.00118560600092
-0.00141691549412
-0.0016456849879
0.000783970138415
0.000565609590379
0.000273641850671
-0.0011148039374
-0.0012707437248
-0.0014896151113
-0.00171932295438
0.000704763402144
0.000484987239967
0.000191695496122
-0.00119796371901
-0.00135498739165
-0.00156138793417
-0.00179202365692
0.000626407800698
0.000405228932553
0.000110625146464
-0.00128023662859
-0.00143833455803
-0.00163223177786
-0.00186378482843
0.000548905369555
0.000326336809222
3.04330445217e-05
-0.00136162032752
-0.00152078279771
-0.00170214354774
-0.0019346042239
0.000472258128423
0.000248312994772
-4.88785836399e-05
-0.00144211249441
-0.00160232970205
-0.00177112296497
-0.00200447962081
0.000396468080993
0.000171159597455
-0.000127307528991
-0.00152171082529
-0.00168297288024
-0.00183916697889
-0.00207340881937
0.000321537214711
9.48787087219e-05
-0.000204851599814
-0.001600413034
-0.00176270995964
-0.00190627349264
-0.00214138964289
0.000247467500537
1.94724029622e-05
-0.000281508621979
-0.00167821685243
-0.00184153858612
-0.00197244043206
-0.0022084199381
0.000174260892706
-5.50572627487e-05
-0.000357276439223
-0.00070467571099
-0.00191945642434
-0.00203766574609
-0.00227449757542
9.29843640231e-05
-0.000128708248907
-0.000432152913419
-0.00078067601828
-0.00199646115804
-0.00210194740696
-0.00233961951801
-1.35512867081e-05
-0.000201478533832
-0.000506135924855
-0.000855771242311
-0.00207255049042
-0.00216528341058
-0.00240378554732
-0.000119281298102
-0.000273366113925
-0.000579223372507
-0.000929959190182
-0.00214772214439
-0.00222994927143
-0.00246699267552
-0.000224203049764
-0.000344369003918
-0.000651413174308
-0.00100323768852
-0.00222197386292
-0.00230504205215
-0.00252923887105
-0.000328313930088
-0.000414485237126
-0.000722703267426
-0.00107560458378
-0.0022953034093
-0.00237920357597
-0.00259052212762
-0.000431611336516
-0.000492388057701
-0.000793091608526
-0.00114705774253
-0.00236770856749
-0.0024524315539
-0.00265084046453
-0.000534092675807
-0.00059655283503
-0.000862576174048
-0.00121759505174
-0.00243918714243
-0.00252472371836
-0.00271019192695
-0.000635755364304
-0.000699889111636
-0.00093115496047
-0.00128721441905
-0.00250973696031
-0.00259607782359
-0.00276857458623
-0.00116970322913
-0.00201442225259
-0.00245829264917
-0.00290019223827
-0.00340892209744
-0.00384427278874
-0.00474095791049
-0.00499067832219
-0.00019641662763
-0.000458220591282
-0.00158403501033
-0.00208000919156
-0.0027008662696
-0.00322893330862
-0.00475225094524
-0.0050902248016
-0.00533143200719
-0.00562713985065
-0.00103558791164
-0.00257548873323
-0.00262838508989
-0.00119065728555
-0.00166340879022
-0.00210599776887
-0.00292005943689
-0.00337841748108
-0.00381362963135
-0.00415655391879
-0.00495984449791
-0.000233577278692
-0.000614377611802
-0.000901302226474
-0.00222059099708
-0.00284238384151
-0.00337125665956
-0.00380561231204
-0.00414411629308
-0.00547532687512
-0.00582127473664
-0.00123025438968
-0.00138204217821
-0.00282348908326
-0.00118867888574
-0.00166142174703
-0.00210262694175
-0.00254460146085
-0.0033245665338
-0.00375953432798
-0.00410226450843
-0.0043517621231
-0.000365654796219
-0.000746987194129
-0.00103431555032
-0.00149802365045
-0.00295995987549
-0.00348950403115
-0.003924416808
-0.00426335861931
-0.00455331731569
-0.0059911520065
-0.00140059869197
-0.00155267121126
-0.00160578066332
-0.000849819644732
-0.001636393573
-0.00207611082501
-0.00251796425187
-0.00287533662062
-0.00368202652841
-0.00402447897554
-0.00439571241248
-0.0048704615611
-0.000855950122542
-0.00114361107861
-0.00159231227684
-0.00221413984241
-0.00274421933787
-0.00401894017779
-0.00435823114749
-0.0046982470657
-0.00504700712363
-0.00154648395509
-0.00169880117306
-0.00175199627574
-0.000801999350018
-0.00127439033988
-0.00202646834654
-0.00246809524779
-0.00281841760126
-0.00320909486213
-0.00392325458474
-0.00448017981268
-0.00495535234038
-0.000358744630857
-0.00122910612031
-0.00167530056727
-0.00228638703657
-0.00281405637314
-0.00324974381697
-0.00442865822705
-0.00481875840369
-0.00516798059587
-0.000520348721466
-0.0018203134437
-0.00187357997863
-0.00073129982261
-0.00120334925766
-0.00163977952789
-0.00239503031538
-0.00274508757071
-0.00308494883286
-0.00360179332808
-0.00454106749553
-0.00501654568264
-0.000420186007827
-0.000708295898411
-0.00115186587895
-0.00234578018001
-0.00286386265287
-0.00329550514018
-0.00363522064518
-0.00491475452999
-0.00526434572498
-0.00551588874153
-0.000769667236861
-0.00197043237741
-0.000641420001881
-0.00110936223245
-0.00154400679504
-0.00198486651202
-0.00264853067031
-0.0029812680652
-0.00363883505493
-0.00420626493576
-0.00468193037801
-0.000457787889242
-0.000746013095067
-0.00121715713229
-0.00179854716838
-0.00289926692081
-0.00332254790529
-0.00369993421987
-0.00414679511795
-0.00533602414248
-0.00558776633277
-0.000841666264909
-0.000895032346411
-0.000235097672449
-0.000992508303301
-0.00142526264042
-0.00186558333512
-0.00221486106775
-0.0029947048305
-0.00365236419724
-0.00421987481906
-0.00469560869157
-8.81614219927e-05
-0.000759789080408
-0.00129128772389
-0.00180954014846
-0.00232788176013
-0.00333365346251
-0.00374645887809
-0.00419354803369
-0.00454359448805
-0.0056348301157
-0.000888809666642
-0.000942203617513
-0.000119982971652
-0.000538911959925
-0.00128363082073
-0.00172331032287
-0.00207207529827
-0.00267082801554
-0.00332842193867
-0.00420982175814
-0.0046855041508
-0.00506803290306
-0.000408291150884
-0.00134137155046
-0.00179741307059
-0.00231457807913
-0.00273784591723
-0.00376841549619
-0.00421561245573
-0.00456573846858
-0.0048176775758
-2.61847218857e-05
-0.00105648246187
1.77989301952e-05
-0.000376571746761
-0.000805260002509
-0.00155814819153
-0.00207805603638
-0.0026375481079
-0.00329491332876
-0.00386216162156
-0.00465162623449
-0.00503401750985
-0.000434137254834
-0.000984008654501
-0.00182353908445
-0.00227692657236
-0.00270002117268
-0.00318334377076
-0.00421297043791
-0.00456308625305
-0.00481501797361
-2.35206159653e-05
-0.000353777898156
-0.00481198113952
-0.000191649194801
-0.000618166228271
-0.00126844272912
-0.00187322147653
-0.00270223342315
-0.00323791421636
-0.00380482281006
-0.00428004509709
-0.00497615717786
-0.000436018905417
-0.000985901391983
-0.00144207987647
-0.00221495977287
-0.00263776676112
-0.00315613105808
-0.00360318151115
-0.00395319460338
-0.00478748971856
-0.0050018951221
-0.000511262912383
-0.00431521055645
1.57287497433e-05
-0.000660446575581
-0.0013538837278
-0.00195919676658
-0.00247471461475
-0.00321294823487
-0.00372389635974
-0.00419871290944
-0.00458054411669
-0.000413934661898
-0.000963687053843
-0.00141975644401
-0.00178075847261
-0.00264363771307
-0.00315473924353
-0.00356988902572
-0.00390096566473
-0.00415267566931
-0.00513389799965
-0.000643933679382
-0.00411005484578
0.000371768631889
-0.000408429741885
-0.00141626200362
-0.00202196571324
-0.00253782016067
-0.00296237723596
-0.00361943859399
-0.00409373619807
-0.00447514329004
-5.38352398386e-05
-0.000917382842535
-0.0013732250014
-0.00173404557829
-0.0022420394083
-0.00275304007414
-0.00355146850488
-0.00386928321982
-0.00410654269404
-0.00465865965009
-0.000751679945701
-0.00388269873762
0.000333084043854
-0.000447422588846
-0.00114158059695
-0.00206148308392
-0.00257755060123
-0.00300228305508
-0.00333445787463
-0.00396519332928
-0.0043460823806
-0.00497401978692
-0.000532957444915
-0.0013025218826
-0.00166306709866
-0.00219937721427
-0.00271013988203
-0.00312500806482
-0.00382603701558
-0.00418835380986
-0.00474097291586
-0.000219878489077
-0.00349443254282
0.000317189159134
-0.000463444203176
-0.00115771663056
-0.00176376405079
-0.00259387507473
-0.00301868001516
-0.0033509119757
-0.00358960616217
-0.00431016253464
-0.00488021225258
-0.000438599365599
-0.000893635039075
-0.00125381069867
-0.00213232287357
-0.0026427109801
-0.00305727260119
-0.00337470275332
-0.00424535912812
-0.00479832867009
-0.000277526294962
-0.00348758671694
-0.00435249102689
-0.000456483307049
-0.00115070601815
-0.00175670945559
-0.00227282722397
-0.00301155602728
-0.00334376315936
-0.00358243940071
-0.00408802914206
-0.00461711767566
-0.000376839631857
-0.000782799091402
-0.00128978167
-0.00172686058813
-0.0025508074433
-0.00296495196064
-0.00328206017129
-0.00389414769309
-0.00483067912418
-0.00528655171137
-0.00345814294128
-0.00432278926559
-0.000112652772014
-0.00112055376621
-0.00172636810915
-0.00224232295122
-0.00266696098558
-0.00331301673399
-0.00358667481058
-0.00415613163404
-0.00468560354767
-0.000131691119968
-0.000851388121452
-0.00135874607499
-0.00177125965786
-0.00212043560072
-0.00284812059184
-0.00325268287616
-0.00390142106229
-0.00445463230207
-0.00529390717484
-0.00340612125148
-0.00427031214066
-5.97577186573e-05
-0.000753389361793
-0.0016727637975
-0.00219258247816
-0.00265492815068
-0.00302506488679
-0.00330191552204
-0.00420046335446
-0.00473018513112
-0.000176480684829
-0.000581903308603
-0.00140345842543
-0.00181617210114
-0.00213271236489
-0.00239280516126
-0.00325806048014
-0.00388380919553
-0.00443691202473
-0.00489273157864
-0.00308782055796
-0.00419509592889
1.60558014122e-05
-0.000688286215214
-0.00133089251609
-0.00219804899265
-0.00266042107583
-0.00303057913998
-0.00330744583652
-0.00390703547258
-0.00475082838577
-0.00518735004307
-0.000602217075224
-0.00110993101453
-0.00183668872508
-0.00215329970163
-0.00246175851367
-0.00303009260913
-0.00384132662646
-0.00439416812775
-0.00484976988983
-0.00299076425016
-0.00387156412509
5.94833631541e-05
-0.000670576090024
-0.00131306473781
-0.00186622569872
-0.00232851116544
-0.00301249224276
-0.00328930626481
-0.00390374318671
-0.00443356123713
-0.00518402372546
-0.000598360110578
-0.00110605289699
-0.00151883880927
-0.00214939078499
-0.00252280281163
-0.00309151856035
-0.00356423928192
-0.00401236915363
-0.00478169334825
-0.00293253047553
-0.00383139451881
-0.00464675292392
-0.000629769073866
-0.00127198679422
-0.00182491159749
-0.00228699761102
-0.00265692559144
-0.00325523718254
-0.00387663176512
-0.00440629879859
-0.00484267680987
-0.000570335418364
-0.001077874561
-0.00149053430396
-0.00180703524515
-0.00255927714419
-0.00312822117851
-0.00360113383842
-0.00403882399728
-0.00440181741037
0.00283025815466
0.00181140928435
-0.00186600586676
0.0013282357391
-0.00217886625775
0.000922208348618
-0.000574675578102
0.00272802703183
0.00170959422092
0.00234194970136
0.00122764921559
-0.0022786547209
0.00083856066847
-0.000657701564088
0.00262648364339
0.00160846481655
0.00224136793
0.00112774217146
-0.00237776775996
0.000755607849939
-0.000740037002578
0.00252562980216
0.00150802286387
0.00214147082479
0.00102851634048
-0.000288820317688
0.000673351341638
-0.000821680475323
0.002425467315
0.00140827014952
0.00204226014586
0.000929973450382
-0.00038657742629
0.000591792584002
-0.000902630572155
0.0023259979826
0.00130920845402
0.00194373764721
0.000832115222845
-0.000483654040575
0.000510933009171
-0.000982885891097
0.0022272235994
0.00121083955163
0.00184590507662
0.000734943373293
-0.000580048482719
0.000430774040878
-0.00106244503847
0.00212914595343
0.0011131652102
0.00174876417546
0.000638459610799
-0.000675759081223
0.000351317094341
-0.001141306629
0.00203176682619
0.00101618719109
0.00165231667861
0.000542665637952
-0.000770784171043
0.000272563576145
-0.00121946928595
0.00193508799251
0.000919907248962
0.0015565643143
0.00044756315073
-0.000865122093705
0.000194514884135
-0.00129693164117
0.00183911122039
0.000824327131704
0.001461508804
0.000353153838372
-0.000958771197434
0.000117172407302
-0.00137369233527
0.00174383827089
0.00072944858027
0.00136715186227
0.000259439383253
-0.00105172983728
4.05375256692e-05
-0.0014497500177
0.00164927089801
0.000635273328555
0.00127349519664
0.000166421460754
0.00336345587431
-4.29292690522e-05
-0.00152510334685
0.00155541084848
0.000541803103252
0.00118054050749
7.41017391331e-05
0.00327188306921
-0.000133651661018
-0.00159975099016
0.00146225986173
0.000449039623724
0.00108828948787
-1.75181206019e-05
0.0031810056207
-0.000223683860328
-0.00169221901308
0.00136981966964
0.000356984601863
0.0034955307199
-0.000108436464821
0.00309082514522
-0.000313024292291
-0.00179868463829
0.00127809199649
0.00026563974196
0.00340469208872
-0.000198651647404
0.00300134325176
-0.000401671389578
-0.00190449023602
0.00118707855876
0.000175006740562
0.00331456216117
-0.000288162029864
0.00291256154175
-0.00048962359234
-0.00200963404693
0.00109678106504
8.50872863424e-05
0.00322514259982
-0.000376965981483
0.00282448160893
-0.000576879348327
-0.00211411431645
0.00100720121587
-4.11694003821e-06
0.00313643505926
-0.000465061879435
0.00273710503923
0.00146872999535
-0.00221792929497
0.000903916255393
-9.26042660687e-05
0.00304844118599
-0.000552448108921
0.00265043341062
0.00138287175866
-0.00232107723789
0.00084285527052
0.00091793246025
-0.000974343311693
-0.000748755532752
-0.000566931625773
-0.000436831286397
-0.000612622855453
0.000732716086543
0.000805827780146
-0.00108835025113
-0.000864584202042
-0.000684483267517
-0.000555988314856
-0.000664109626352
0.000623252115756
0.000694407474012
-0.00120166597662
-0.000979714396425
-0.000801329732918
-0.000674434070201
-0.000714765740741
0.000514465282652
0.000583671697538
-0.00131428837676
-0.00109414391334
-0.000917468731385
-0.000792166178251
-0.000764589997623
0.000406357507071
0.000473623395845
-0.00142621534455
-0.00120787055445
-0.00103289797635
-0.000909182268647
-0.00083951082734
0.000298930704067
0.000364264578055
0.000442019887546
-0.00132089212579
-0.00114761518545
-0.00102547997503
-0.000957255051889
0.00019218678377
0.000255597248463
0.00033149008717
-0.00143320643795
-0.0012616180807
-0.00114105693524
-0.00107427276607
8.6127651249e-05
0.000147623406394
0.000221662012291
-0.00154481130623
-0.00137490438864
-0.00125591079146
-0.00119056153352
-1.92447936215e-05
4.03450460541e-05
0.000112537750813
-0.00165570455081
-0.00148747184056
-0.00137003919045
-0.0013061189222
-0.000123928656303
-6.62358436157e-05
4.11938546761e-06
-0.0017658839969
-0.00159931817264
-0.00148343978369
-0.00142094250469
-0.00022792204773
-0.000172117279088
-0.000103591006339
-0.00187534747495
-0.00171044112614
-0.0015961102276
-0.00153502985831
-0.000331223084449
-0.0002772972824
-0.000210591352687
-0.00198409282077
-0.00182083844756
-0.00170804818371
-0.00164837856533
-0.000433829888757
-0.000381773881298
-0.000316879587301
-0.00209211787574
-0.00193050788886
-0.00181925131884
-0.00176098621319
-0.000535740588844
-0.000485545109394
-0.000422453649713
-0.00219942048694
-0.00203944720762
-0.00192971730533
-0.00187285039469
-0.000636952387607
-0.000588609006315
-0.000527311485424
-0.000515422824251
-0.00214765416719
-0.00203944382118
-0.00198396870819
-0.000737465288088
-0.00069096361785
-0.000631451046063
-0.000621274112969
-0.00225512653694
-0.00214842855029
-0.00209433875781
-0.000837276505671
-0.000792606996109
-0.000734870289553
-0.000726396535277
-0.00236186209238
-0.00225666918262
-0.00220395815363
-0.000940042813607
-0.000893537199671
-0.000837567180276
-0.000830787962893
-0.0024678586154
-0.00236416341441
-0.0023128245119
-0.00104317933189
-0.00099375229374
-0.000939539689232
-0.000934446274126
-0.00257311389439
-0.00247090894835
-0.00242093545525
-0.00114561696713
-0.0010932503503
-0.00104078579421
-0.00103736935406
-0.0026776257245
-0.00257690349379
-0.00252828861289
-0.00124735382629
-0.00119202944825
-0.00114130347994
-0.0011395550947
-0.00278139190778
-0.00268214476697
-0.00263488162082
-0.00569505052594
-0.00474070522202
-0.00415695038118
-0.00343210039743
-0.00257777127554
-0.00422516469555
-0.0031467392341
-0.00572583244879
-0.00475524525595
-0.00417178341975
-0.00344721755899
-0.00259316069133
-0.00424081130495
-0.00316262464554
-0.00575578793267
-0.0047689387241
-0.0041857529086
-0.00346145470603
-0.00260765431965
-0.00425554723022
-0.00317758554471
-0.00578491628816
-0.00478178529853
-0.00419885849957
-0.00347481147004
-0.00262125177177
-0.00426937206281
-0.0031916215041
-0.00581321684413
-0.00479378467144
-0.0042110998659
-0.00348728750511
-0.0026339545454
-0.00428228541922
-0.00320473212239
-0.00584068894783
-0.00480493655518
-0.00422247670221
-0.003498882488
-0.00264575857424
-0.00429428694105
-0.00321691702452
-0.00586733196496
-0.0048235823946
-0.00423298872456
-0.00350959611812
-0.00265666540382
-0.00430537629501
-0.00322817586172
-0.00321400962936
-0.00484979402957
-0.00424263567047
-0.00351942811764
-0.00266667474101
-0.00431555317302
-0.00323850831157
-0.00323899264463
-0.00487516273906
-0.004251417299
-0.00352837823147
-0.00267578631667
-0.00432481729223
-0.00324791407806
-0.00326314478186
-0.0048996879175
-0.00425933152806
-0.00353644622731
-0.00268399988572
-0.00177291513997
-0.00325639289161
-0.00328646548127
-0.00492336897886
-0.0042663818851
-0.0035436318957
-0.00269131522716
-0.0017803529941
-0.00326394450911
-0.00330895420185
-0.00494620535679
-0.00427256633119
-0.00354993505004
-0.0026977321441
-0.00178687739259
-0.00327056871398
-0.00333061042147
-0.00496819650466
-0.00427788471166
-0.00355535552657
-0.00270325046377
-0.00179248815386
-0.00327626531617
-0.00335143363691
-0.00498934189561
-0.0042823368935
-0.00355989318446
-0.00270787003756
-0.00179718512171
-0.0032810341522
-0.00337142336392
-0.00500964102266
-0.00428592276529
-0.00356354790578
-0.00271159074106
-0.00180096816536
-0.0032848750852
-0.00339057913727
-0.0050290933987
-0.00428864223733
-0.00356631773289
-0.00271441247402
-0.00180383717945
-0.0032877880049
-0.00340890051083
-0.00236856570019
-0.00429049524156
-0.00356820631903
-0.00271633516042
-0.00180579208406
-0.00328977282767
-0.0034263870576
-0.00238632319289
-0.00429148173159
-0.00356921175246
-0.00271735874846
-0.00180683282475
-0.0032908294965
-0.00344303836977
-0.00240323259334
-0.00429160168273
-0.00356933400703
-0.00271748321055
-0.00180695937252
-0.000907362648557
-0.00345885405875
-0.00241929349466
-0.00429085509199
-0.00356857307957
-0.00271670854333
-0.00180617172385
-0.00537771224072
-0.00347383375523
-0.00243450551012
-0.00428924197805
-0.00356692898986
-0.00271503476769
-0.00180446990067
-0.00537598437232
-0.00257067799952
-0.0053822592807
-0.00480387196543
-0.00377723533698
-0.00345717767185
-0.00632381251015
-0.00245266401224
-0.00263206038744
-0.00544323167333
-0.00486434477759
-0.00381437916227
-0.00346339037476
-0.00633500796945
-0.00246375714586
-0.0026926311974
-0.0055033974491
-0.00492401703052
-0.00387347610319
-0.00346878565476
-0.00634539520932
-0.00247404942894
-0.00275238810932
-0.00556275524619
-0.00498288739472
-0.00393177827139
-0.00347336339161
-0.00635497400324
-0.00248354064112
-0.00281133161267
-0.00562130371804
-0.00504095455568
-0.00398928438906
-0.00352312196401
-0.00636374414227
-0.00249223057913
-0.00286945941859
-0.00567904153355
-0.005098217214
-0.00404599319315
-0.00357920539899
-0.00637170543503
-0.00250011905678
-0.00292677018541
-0.00573596737715
-0.00515467408552
-0.00410190343553
-0.00363449845017
-0.00637885770774
-0.00250720590502
-0.0029832625874
-0.00579207994901
-0.00521032390149
-0.00415701388304
-0.00368899992386
-0.00638520080424
-0.00251349097194
-0.00303893531499
-0.00584737796514
-0.00526516540869
-0.00421132331773
-0.00374270864113
-0.00639456589072
-0.00251897412278
-0.00309378707484
-0.00590186015756
-0.00531919736956
-0.0042648305369
-0.00379562343788
-0.00644682786572
-0.00252365523994
-0.00314781659005
-0.00595552527441
-0.00537241856233
-0.00431753435327
-0.003847743165
-0.0064983039756
-0.00252753422303
-0.00320102260025
-0.00600837208009
-0.00542482778117
-0.00436943359509
-0.00389906668848
-0.006548993127
-0.00253061098881
-0.00325340386177
-0.00606039935543
-0.0054764238363
-0.00442052710627
-0.0039495928895
-0.00659889424132
-0.00253288547128
-0.00330495914777
-0.00611160589778
-0.00552720555412
-0.00447081374652
-0.00399932066462
-0.00664800625475
-0.00253435762164
-0.00335568724838
-0.00616199052116
-0.00557717177738
-0.00452029239143
-0.00404824892581
-0.00669632811849
-0.00253502740828
-0.00340558697083
-0.00277783836697
-0.00562632136523
-0.00456896193264
-0.0040963766006
-0.00674385879875
-0.00253489481684
-0.00345465713959
-0.00282657566186
-0.00567465319343
-0.00461682127791
-0.00414370263223
-0.00679059727693
-0.00253395985017
-0.00350289659651
-0.00287448758122
-0.00572216615439
-0.00146813838198
-0.00419022597969
-0.0068365425497
-0.00253222252832
-0.00355030420094
-0.00292157300707
-0.00576885915737
-0.0015143741239
-0.0042359456179
-0.00688169362911
-0.00252968288858
-0.00712334386583
-0.00296783083876
-0.00581473112854
-0.00155979649125
-0.00428086053777
-0.00408074359322
-0.0025527937796
-0.00716908441397
-0.00301325999306
-0.00585978101116
-0.00160440445758
-0.00432496974632
-0.00412430338404
-0.00259575986787
