0.00219250764969
0.00383986315333
-0.00133999182508
5.24088022653e-05
0.00157795028718
-0.00122937700782
0.000683186383388
0.00222792609166
0.00387557106853
-0.00131413426355
7.84795463587e-05
0.00160418573329
-0.00120302824213
0.00070959503244
0.00226424372583
0.00391218434478
-0.00128735804476
0.000105476400607
0.00163135304552
-0.00117574365107
0.000736941598748
0.00230145863065
0.00394970103641
-0.00125966392738
0.000133398587545
0.00165945143168
-0.00114752403711
0.000765225274413
0.00233956979296
0.00398812196821
-0.00123105269519
0.000162245303972
0.00168848007335
-0.00111837022923
0.000794445224823
0.00235876323101
0.00402744514771
-0.001201525157
0.00019201572107
0.00171843812604
-0.00108828308283
0.000824600588781
0.00236147494383
0.0040676694905
-0.00117108307785
0.00022270898452
0.00174932471927
-0.00105726347959
0.000855690478628
0.00233977028388
0.00410879388916
-0.00113972545359
0.000254324214623
0.00178113895674
-0.00102531232738
0.000887713980371
0.00230486081661
0.00407734234462
-0.00110745409874
0.000286859575102
0.00181387991644
-0.000992430560069
0.000920670153814
0.0022708499131
0.004043098214
-0.00107426992099
0.000320315998516
0.00184754665075
-0.000958619137449
0.000954558032699
0.00223773850161
0.00400975958768
-0.00104017385252
0.000354691598463
0.00188213911794
-0.00092387904506
0.000971802217049
0.00220552748704
0.0039773273892
-0.00100516684974
0.000389985394998
0.00191765445702
-0.000888211294062
0.000980412696787
0.00217421775087
0.00394580251815
-0.0010128957877
0.00042619638345
0.00195409257577
-0.000851619715058
0.000989965136689
0.00214381015102
0.00391518585013
-0.00104978894066
0.000463323534563
0.00199145242565
-0.000814099782075
0.00100045925403
0.00211430552172
0.00388547823658
-0.00108577244354
0.000501365794636
0.00202973293323
-0.000775655376217
0.00101189194437
0.00208570467342
0.00385458655614
-0.00112084528822
0.000540322085675
0.00206893300036
-0.000736287609641
0.00102426845749
0.00205800839266
0.00382061172112
-0.0011550064907
0.000580191305536
0.00210905150431
-0.00069599761937
0.00103758563361
0.002031217442
0.00378754463398
-0.00118825509116
0.000620972328083
0.00215008729796
-0.00065478656713
0.00105184307933
0.00200533349117
0.00375538621507
-0.00122059015414
0.000622954849836
0.00219203920992
-0.000612655639187
0.00106704037373
0.00198035539177
0.00372413736062
-0.00125201076867
0.000591422796525
0.0022349060447
-0.00056960604618
0.0010831770684
0.00195628476502
0.00369379987401
-0.00128251604835
0.000560809255189
0.00227868658292
-0.000525639022953
0.00110025268753
-0.000615563016795
-0.00199154438849
-0.000315238632915
-0.0018089363907
0.00134545220876
-0.000418616454024
-0.00215540733558
-0.000621649990784
-0.00199787079337
-0.000321814173786
-0.00180136412556
0.00135334406597
-0.000410394382235
-0.00214684771507
-0.000626654133302
-0.0020030718015
-0.000327220030693
-0.00179257398879
0.00136250510835
-0.000400850117579
-0.00213691172915
-0.000630575248678
-0.00200714719318
-0.000331455956971
-0.00178256641519
-0.0034855589612
-0.000389984216554
-0.00212560000563
-0.000633413183558
-0.00201009679626
0.00125466286765
-0.00177134189953
-0.0034738610928
-0.000377797312338
-0.0021129132588
-0.000635167826929
-0.00201192048608
0.00125276732924
-0.00175890099644
-0.00346089571911
-0.000364290114607
-0.00209885228917
-0.00063583911015
-0.00201261818558
0.0012520421413
-0.00174524432023
-0.00344666353536
-0.000349463409326
-0.00208341798323
-0.000635427006956
-0.00201218986528
0.00125248733691
-0.0017303725448
-0.00343116530413
-0.000333318058523
-0.0020666113132
-0.000633931533472
-0.00201063554328
0.00125410289577
-0.00171428640341
-0.00341440185515
-0.000315855000037
-0.00204843240537
-0.000631352748203
-0.00200795528526
0.0012568887441
-0.00169698668856
-0.00339637408505
-0.000297075247251
-0.00202888426504
-0.000627690752024
-0.00200414920449
0.00126084475474
-0.00167847425176
-0.00337708295717
-0.000276979888795
-0.0020079671883
-0.000622945688164
-0.00199921746176
0.00126597074711
-0.00165875000331
-0.00335652950124
-0.000255570088232
-0.00198568248687
-0.000617117742174
-0.0019931602654
0.0012722664873
-0.00163781491212
-0.00333471481316
-0.000232847083729
-0.00196203155638
-0.000610207141892
-0.0019859778712
0.00127973168812
-0.00161904356482
-0.00331164005471
-0.000208812187693
-0.00193701587598
-0.000602214157398
-0.00197767058235
0.00128836600912
-0.00161007117583
-0.00328730645318
-0.000183466786402
-0.00191063700782
-0.000593139100963
-0.00196823874942
0.00129816905672
-0.0015998843974
-0.00326171530112
-0.000156812339604
-0.00188289659661
-0.000582982326987
-0.00195768277024
0.00130914038429
-0.00158848373064
-0.00323486795596
-0.000128850380106
-0.00185379636908
-0.000571744231927
-0.00194600308983
0.00132127949222
-0.00157586973608
-0.00320676583968
-9.95825133307e-05
-0.0018233381335
-0.000559425254227
-0.00193320020033
0.00133458582807
-0.00156204303349
-0.00317741043839
-6.9010416867e-05
-0.00179152377907
-0.000546025874224
-0.00191927464085
0.00134905878665
-0.00154700430173
-0.003146803302
-3.7135839993e-05
-0.00175835527537
-0.000531546614061
-0.0019042269974
0.00136469771024
-0.00153075427861
-0.00311494604377
-3.96060318279e-06
-0.00172383467175
-0.00264413742514
-0.00244260577095
-0.00199154606174
-0.00608388201546
-0.00558135320425
-0.00545408319546
-0.00526509798617
-0.0048967486032
-0.0046493218451
-0.00444798705407
-0.00399606917196
-0.003302854272
-0.00238172598411
-0.00196641689613
-0.00350120216453
-0.00325436405198
-0.00277551715768
-0.00208150118742
-0.00210267674064
-0.00189550246139
-0.0014635282427
-0.000887524842471
-0.00549883706251
-0.00509975437177
-0.00443880608461
-0.00567819299858
-0.00514413931331
-0.00491834346586
-0.00454424372982
-0.00450662067287
-0.00430609360337
-0.00385595592724
-0.00316538673623
-0.00224762347226
-0.00150903256375
-0.0014988545614
-0.00125493793505
-0.000781654253006
-0.0016328461929
-0.00165378283596
-0.00144893510471
-0.00102173558469
-0.00548404102946
-0.00532768615767
-0.00493064841358
-0.0044407198926
-0.00416430394213
-0.00362977105762
-0.0029662301688
-0.00424817324018
-0.00430118918668
-0.00410181362314
-0.0036542145187
-0.00296741978884
-0.00205446004202
-0.000999118504227
-0.000989073963958
-0.000748335144306
-0.000281106517406
-4.56310995543e-05
0.000263587414191
-0.00416186121993
-0.00380375132988
-0.00544568829874
-0.00508966173797
-0.00469543356881
-0.00440581230265
-0.00412967847774
-0.00359567843695
-0.00281544291575
-0.00243640037244
-0.00248902044151
-0.00229112238713
-0.00184678076669
-0.00270992018282
-0.00180313462868
-0.000687113771757
-0.000428810423356
-0.000191470226553
-0.00506868352654
-0.00498374150212
-0.00467310809725
-0.00414197294902
-0.00361525891089
-0.00379632329217
-0.00478618733313
-0.00439548447038
-0.00430475015963
-0.00402942990132
-0.00349696663671
-0.002718893779
-0.00210950684382
-0.00216165132
-0.00196553475548
-0.00152512363637
-0.000849028366554
5.02967227397e-05
0.00115760268046
-0.00313983188958
-0.0050530044962
-0.00519566094274
-0.00511044600347
-0.00479882446791
-0.00426603507109
-0.0035206776782
-0.00362217786307
-0.00295768671259
-0.00260720961634
-0.0025953329854
-0.00232134375006
-0.00333418245106
-0.00255965022417
-0.00172402131246
-0.0017756158885
-0.00158155939598
-0.00114569571815
-0.00523165517473
-0.00434097889009
-0.00324378767647
-0.00320912183311
-0.00357785581594
-0.00372076523692
-0.00363539868616
-0.00332322732705
-0.00433460473277
-0.00358800207024
-0.00338152160321
-0.00272172434278
-0.00237588389656
-0.00236408705694
-0.00209192389085
-0.00156542668675
-0.000795756398161
0.000201913196494
0.00021003752889
-0.00589628243932
-0.00546552259824
-0.00480381699157
-0.00392286971674
-0.00283707462179
-0.00322205032735
-0.0035909050125
-0.00373386182253
-0.00364846692283
-0.00333619293284
-0.00280231298833
-0.00205547845634
-0.00307577885921
-0.00242185108141
-0.00208121316562
-0.00206951642734
-0.00179964456394
-0.00127748059292
-0.00528566341572
-0.0042955386615
-0.00406402459156
-0.00387481109876
-0.00344964801762
-0.0027962993128
-0.00345236666222
-0.00259062507853
-0.00317856259528
-0.00354701158785
-0.00368980912094
-0.00360450950326
-0.00329258046419
-0.0027592778957
-0.00201322587339
-0.00133086168111
-0.000683883361916
-0.00172479444426
-0.00171321653628
-0.00621781058959
-0.00570079494816
-0.00494449784055
-0.00396335685238
-0.0035136775581
-0.00332718765217
-0.0029080478985
-0.00226370302011
-0.00140499107208
-0.000966029474519
-0.00155252272233
-0.00192004295131
-0.00358879835413
-0.0035037164138
-0.0031925754785
-0.00266059218196
-0.00191632844706
-0.000900481137558
-0.00512160482158
-0.0047928308536
-0.00478139151486
-0.00451734965027
-0.00400622220855
-0.00454564407186
-0.00357480400545
-0.00291291513879
-0.00272931040013
-0.0023165558176
-0.00168176711287
-0.000835324006287
-0.000812734710286
-0.00139698933917
-0.00176307319527
-0.0019049434961
-0.00182019883298
-0.00151027820147
-0.000980339643354
-0.00176517060278
-0.00527124032413
-0.00464095950128
-0.00431871813834
-0.00430742960051
-0.00404684221433
-0.00354226168348
-0.00280354407816
-0.00184418975902
-0.00100903279103
-0.000796063739318
-0.00167739155099
-0.00105261801844
-0.000685568376463
-0.000811201204702
-0.00118628759608
-0.00155044348588
-0.00169155713799
-0.00160726509519
-0.00129898356583
-0.00077179017399
-0.00482724332773
-0.004725215144
-0.00419022409593
-0.00393238085228
-0.00377792744275
-0.00352109434965
-0.00302363507477
-0.00229500424446
-0.00158590460292
-0.000924598857026
-0.000104559248856
0.000294590478022
0.000908980201962
0.000637487395359
0.000511965333501
-0.000921275594734
-0.00128303533982
-0.0014232088139
-0.00613269889656
-0.00582645527968
-0.00530267513454
-0.00456953897041
-0.00335253232352
-0.00312009303034
-0.00286434365329
-0.00242264581422
-0.00294243998013
-0.00245259124913
-0.0018773750032
-0.00144222621184
-0.000783326520356
8.8367143017e-05
0.00102233374157
0.00107115455443
0.000728026806161
0.000602782780475
0.000663854559164
-0.0045638082021
-0.00470286915967
-0.00581114768318
-0.00550731486945
-0.00498757558677
-0.0042599271813
-0.00277286175637
-0.00276369495387
-0.0025104096892
-0.00201795549775
-0.00154067989545
-0.00110432504393
-0.000901654891914
-0.000468770391451
-0.000585822762081
0.000281625836069
0.00131480890505
0.00119261230498
-0.00401619040211
-0.00414099152594
-0.0040466884898
-0.00419027051199
-0.00432805934291
-0.00424575605588
-0.00394467909403
-0.00342956324583
-0.00270819904938
-0.00235917063172
-0.00235010591954
-0.00209962151352
-0.00161250634454
-0.000897717464985
-0.000842976318763
-0.000641669257422
-0.000211649238583
0.000439695974314
0.00130176818217
-0.00280867348526
-0.00362379129431
-0.00381718262063
-0.00394138120927
-0.00384753379996
-0.00379373094937
-0.0039020896613
-0.00382063440534
-0.00352263124425
-0.00301267307681
-0.0022983243423
-0.00149418928515
-0.00188121220855
-0.00163382943535
-0.00115263068741
-0.000494886647719
-0.000525609075094
-0.00032593288513
-0.00486810183964
-0.00422181066103
-0.00336618225291
-0.00268225923072
-0.00280387196649
-0.00287186691016
-0.00299531122239
-0.00290203488144
-0.00348516545026
-0.00342652658079
-0.003345997696
-0.00305135328768
-0.00254703442826
-0.00184036321262
-0.000971907969282
-0.000963080272987
-0.000719062586102
-0.000244287574303
0.000272827471357
-0.00512234030129
-0.0049245417072
-0.00450190083306
-0.00386143761204
-0.00301324658952
-0.00250257687728
-0.00262366740125
-0.00256747418323
-0.00269001815615
-0.00259742191411
-0.00243217434732
-0.00224488623898
-0.00213037715177
-0.00183934392598
-0.00203422626084
-0.00133582308691
-0.000510066089158
-0.000389811739126
-0.00513951562506
-0.00467160084398
-0.00429246992921
-0.00432257701467
-0.00412688110775
-0.0037086673766
-0.00307474001275
-0.00260950384183
-0.00227030687746
-0.00239072897239
-0.00229753721541
-0.00233350604156
-0.00224169156532
-0.00202233023295
-0.00183684260668
-0.00156178884612
-0.0012745865127
-0.000782775624428
-0.000116039043116
-0.00503129144035
-0.00481795637171
-0.00456264158341
-0.00408338769688
-0.00381622154212
-0.0038459723717
-0.00365258268436
-0.00323922389247
-0.00261247005881
-0.00178180437902
-0.00161170777236
-0.00173132255769
-0.00163875456677
-0.00192706256351
-0.0018361234108
-0.00156393155275
-0.00138041722349
-0.000990185713886
-0.000665721683676
-0.000180671667653
0.000228595471625
-0.00419711251324
-0.00407808929085
-0.00382549606306
-0.00366521294463
-0.00329035920723
-0.00331972633892
-0.00312882089098
-0.00272069467759
-0.00210167945004
-0.00128092312888
-0.00127701682966
-0.00139569399838
-0.00130385206733
-0.00109749828778
-0.00100751937444
-0.00070977980341
-0.000877129817132
-0.00049136401889
-0.00498865039468
-0.00451062925782
-0.0043535666175
-0.00362755847547
-0.00360065924246
-0.00335104882025
-0.00291507784367
-0.00243323938097
-0.0024317798375
-0.0025574668456
-0.00215490037005
-0.0015441155605
-0.000733912068992
-0.000892808285238
-0.00101042710193
-0.000919404711395
-0.000621052563199
-0.00050660359465
-0.00021226264614
-0.00494412022935
-0.00456310724684
-0.00398532117254
-0.00346769970702
-0.00391556939703
-3.71227680798e-05
0.00185574820496
-0.000752002636732
0.00078254534902
0.00231721049461
-0.00271624956799
-0.000949972245625
-3.16650982268e-05
0.00185592907548
-0.000751819695985
0.000782730046197
0.00231739660429
-0.00271606241509
-0.000944451756955
-2.5288706331e-05
0.00185703894611
-0.000750697122067
0.000783863397898
0.0023185386234
-0.00271491399465
-0.000937966679716
-1.79937718374e-05
0.00185907778491
-0.000748634948013
0.000785945370125
0.00232063651715
-0.00271280434203
-0.00093051721509
-9.7804999834e-06
0.00186204553324
-0.000745633234511
0.000788974969105
0.00232369022164
-0.00270973352221
-0.000922103594107
-6.49121770016e-07
0.00186594210574
-0.000741692069882
0.000792953966593
0.00232769964389
-0.00270570162975
-0.00091272607761
0.0029431481725
0.00187076739034
-0.000736811570078
0.000797881311944
0.00233266279916
-0.0027007087888
-0.000902384956214
0.00295411496754
0.00187652124832
-0.000730991878657
0.000803756857426
0.00233858326161
-0.000563901209531
-0.00089108055026
0.0029659990217
0.00188320351425
-0.000724233166766
0.00081058042692
0.0023454589884
-0.000556988824874
-0.000883169855846
0.00297880000128
0.0018908139961
-0.000716535633116
0.00081835181594
0.00235328977032
-0.000549114178755
-0.000875267689951
0.00299251754702
0.00189935247521
-0.000707899503949
0.000827070791673
0.00236207536918
-0.000540279376033
-0.000866403880145
0.00300715127415
0.00190881870633
-0.00069832503301
0.000836737093006
0.00237181551785
-0.000530484688359
-0.000856574975645
0.00302270077243
0.0019192124177
-0.000687812501504
0.000847350430568
0.00238250992026
-0.00051973041678
-0.000845783143306
0.00300904522694
0.00193053331101
-0.000676362218061
0.000858910486775
0.00239415825152
-0.000508016891689
-0.000834028716992
0.00299163332888
0.00194278106151
-0.000663974518687
0.000871416915874
0.00240676015789
-0.000495344472779
-0.000821312060173
0.00297513673795
0.00195595531804
-0.000650649766714
0.000884869343998
0.00242031525689
-0.000481713548983
-0.000807633565866
0.0029595559165
0.0019686058402
-0.000636388352749
0.000899267369218
0.00243482313733
-0.00046712453842
-0.000792993656575
0.00294489130144
0.00195379137405
-0.000621190694617
0.000914610561606
0.00245028335938
-0.000451577888326
-0.000777392784226
0.00293114330428
0.00193990285092
-0.000605057237298
0.000930898463298
0.00246669545464
-0.000435074074989
-0.0007608314301
0.00291831231102
0.00192694066876
-0.000587988452865
0.000948130588563
0.00248405892621
-0.000417613603675
-0.000743310104754
0.00290639868211
0.00191490519919
-0.000569984840411
0.000966306423872
0.00250237324875
-0.00039919700855
-0.000724829347947
0.00135741021088
-0.0018631414748
0.00146665274429
0.000238801253449
-0.00114131813412
0.000660964295268
-0.000638883643981
0.00135604690795
-0.00186723286892
0.00146238344627
0.000234344497056
-0.00114597135521
0.000656106677391
-0.000643951819948
0.00135577133393
-0.00187018956536
0.00145929817321
0.00023112374037
-0.00114933410669
0.00065259619601
-0.000647614486821
0.00135658908757
-0.00187201423114
0.00145739706932
0.000229139147441
-0.00115140620184
0.00212559027973
-0.000649871403345
0.00135849734248
-0.00187270120013
0.00145667929215
0.00022839081937
-0.00115218752559
0.0021247746271
-0.000650722420832
0.00136149602302
-0.0018722532368
0.00145714673785
0.000228878794281
-0.00115167803455
0.00212530650365
-0.000650167483211
0.00136558501034
-0.00187067036038
0.00145879845325
0.000230603047313
-0.00114987775701
0.00212718587721
-0.000648206627044
0.00137076414242
-0.00186795263882
0.00146163436113
0.000233563490627
-0.00114678679295
0.00213041263403
-0.00064483998152
0.00137703321406
-0.00186410018879
0.00146565432894
0.000237759973426
-0.00114240531401
0.00213498657885
-0.000640067768405
0.00138439197696
-0.00185911317565
0.00147085816881
0.000243192281994
-0.00113673356342
0.00214090743496
-0.000633890301975
0.00139284013977
-0.00185299181339
0.00147724563761
0.000249860139754
-0.00112977185596
0.00214817484426
-0.000626307988909
0.00140237736811
-0.00184573636462
0.00148481643697
0.000257763207331
-0.00112152057786
0.00215678836741
-0.000617321328157
0.00141300328469
-0.00183734714047
0.00149357021343
0.000266901082647
-0.00111198018669
0.00216674748392
-0.000606930910774
0.00142471746931
-0.00182782450059
0.00150350655842
0.000277273301017
-0.00110115121125
0.00217805159232
-0.000595137419731
0.00143751945905
-0.00181716885299
0.00151462500844
0.000288879335267
-0.00108903425139
0.00219070001037
-0.000581941629681
0.00145140874824
-0.00180538065403
0.00152692504511
0.000301718595874
-0.00107562997788
0.00220469197521
-0.000567344406717
0.00146638478865
-0.00179246040828
0.00154040609534
0.000315790431107
-0.00106093913222
0.00222002664365
-0.000551346708081
0.00148244698957
-0.00177840866839
0.00155506753142
0.000331094127198
-0.00104496252641
0.00223670309238
-0.00053394958185
0.00149959471791
-0.00176322603505
-0.00299717919721
0.000347628908521
-0.00102770104273
0.00225472031826
-0.000515154166602
0.00151782822966
-0.00174691315679
-0.00298015909022
0.000365393937785
-0.00100915563355
0.00227407723862
-0.000494961691037
0.00153714494474
-0.00172946979853
-0.00296196080659
0.000384388316251
-0.000989327320993
0.00229477269161
-0.00047337347358
-0.00599974283635
-0.00421617533872
-0.00564411333048
-0.00383850146646
-0.00523481007043
-0.00691549342319
-0.00498922404758
-0.00606110952999
-0.00428079063208
-0.00571175849663
-0.00387740392045
-0.00526252236468
-0.00694453026319
-0.00502640727488
-0.0061205308852
-0.0043433668714
-0.00577727849769
-0.0039140028919
-0.00528781108009
-0.00697102955304
-0.00506093730265
-0.00617799906896
-0.00440389494937
-0.00584066292551
-0.00394829179123
-0.00531067121981
-0.00699498554745
-0.00509280589454
-0.00623350646568
-0.00446236600512
-0.00590190164641
-0.00398026442197
-0.00533109825501
-0.00701639303764
-0.00512200541871
-0.00628704568197
-0.00451877143029
-0.00596098480875
-0.00400991498625
-0.0019263556644
-0.00703524735689
-0.00514852885688
-0.00633860955135
-0.00457310287507
-0.00601790378178
-0.00403723808997
-0.00195441305361
-0.00705154438562
-0.00517236981264
-0.00638819113879
-0.00462535225406
-0.00607264743759
-0.00406222967897
-0.00198046722439
-0.00706528055586
-0.00519352251909
-0.00643578374527
-0.00467551175201
-0.00612520774629
-0.00408488331824
-0.0020040857348
-0.00707645285516
-0.00521198184573
-0.00648138091204
-0.00472357382944
-0.00617557605764
-0.00410519578399
-0.00202526480932
-0.00708505696721
-0.00522774330469
-0.00652497642491
-0.00476953122807
-0.00622374403925
-0.00412316334215
-0.00204399975131
-0.00709109472509
-0.00524080119343
-0.00656656431833
-0.00481337697609
-0.00626970368318
-0.00417534246944
-0.00206028680995
-0.00709456293756
-0.00525115605005
-0.00259095114648
-0.00485510439334
-0.00631344731234
-0.00423369925107
-0.00207412271821
-0.007095460841
-0.00525880348128
-0.0026285069186
-0.00489470709616
-0.00635496758675
-0.00428977953731
-0.00208550469622
-0.00709378823766
-0.00526374161611
-0.0026640387054
-0.00493217900225
-0.00639425750945
-0.00434357324547
-0.00209443045395
-0.0070895454959
-0.00526596924549
-0.00269754157409
-0.00496751433512
-0.0064313104323
-0.00439507064796
-0.00210089819359
-0.0070827335497
-0.00526548582376
-0.00272901085885
-0.00500070762853
-0.00646612006144
-0.00444426238063
-0.00210490661131
-0.00707335389774
-0.00526229146936
-0.00275844216404
-0.00503175373061
-0.00650727868302
-0.00449113945103
-0.00210645489861
-0.00706140860167
-0.00525638696463
-0.0027858313672
-0.00506064780778
-0.00654999123188
-0.00453569324624
-0.00210554274308
-0.00340205623242
-0.00524777375492
-0.00281117462193
-0.00508738534846
-0.00659046486721
-0.00457791554058
-0.00212255328909
-0.00338498807316
-0.00523645394675
-0.00283446836054
-0.00511196216656
-0.00662869267979
-0.00461779850293
-0.00216373521513
-0.00336536380708
-0.00522243030532
-0.00266351212858
-0.0043478802941
-0.00603884409903
-0.00321436834701
-0.00505228251689
-0.00443162301839
-0.001849381454
-0.00264364808731
-0.0043280331044
-0.00601916547799
-0.00319499874122
-0.00502071616237
-0.00440043609803
-0.00195028768185
-0.00262196269155
-0.00430636608982
-0.00599768233526
-0.00317385267725
-0.00498740623439
-0.00436752606259
-0.00204965929533
-0.00259845834858
-0.00428288165156
-0.00597439701163
-0.00315093238778
-0.0049523561438
-0.00433289620253
-0.00214748748209
-0.00257313766282
-0.00425758238746
-0.00594931203969
-0.0031262402886
-0.00491556947002
-0.00429654997122
-0.00224376350058
-0.0025460034344
-0.00423047109056
-0.00592243014243
-0.00309977897735
-0.00487704995931
-0.00425849098325
-0.00233847868341
-0.00251705865759
-0.00420155074761
-0.00589375423184
-0.00307155123216
-0.00483680152281
-0.00421872301269
-0.00243162444061
-0.00248630651923
-0.00417082453743
-0.00586328740729
-0.0030415600102
-0.00479482823467
-0.00421479551779
-0.00252319226296
-0.00245375039693
-0.00413829582915
-0.00583103295392
-0.00300980844615
-0.00475113433002
-0.00431261264659
-0.00261317372534
-0.0024193938573
-0.00410396818046
-0.00579699434086
-0.0029762998506
-0.00470572420287
-0.00442405680445
-0.00270156049005
-0.00238324065399
-0.00406784533562
-0.00576117521942
-0.00294103770835
-0.004658602404
-0.00453399455561
-0.00278834431017
-0.00234529472568
-0.0040299312235
-0.00572357942113
-0.0029040256766
-0.0046097736387
-0.00464241623267
-0.00287351703294
-0.002305560194
-0.00399022995548
-0.00568421095579
-0.00286526758313
-0.00455924276457
-0.00474931268597
-0.0029570706031
-0.0022640413613
-0.00394874582325
-0.00121375506718
-0.00282476788997
-0.00459603244461
-0.00485467342447
-0.00303899706627
-0.00222074131146
-0.00390548329659
-0.00117085399945
-0.00278252982882
-0.00469932538077
-0.00495848941305
-0.00311928857227
-0.00217566749538
-0.00386044702095
-0.00112619334209
-0.00274758540315
-0.00480106989197
-0.00506075121342
-0.00319793737856
-0.00212882334673
-0.0038136418151
-0.00115171729074
-0.00287400069078
-0.00490125673516
-0.00516144945326
-0.00327493585349
-0.00210326517503
-0.00390087105337
-0.00127835772634
-0.00299895391356
-0.00499987673677
-0.00526057482977
-0.00335027647972
-0.00222901244211
-0.0040267998394
-0.00140351372606
-0.00312243421944
-0.00509692079621
-0.000976583469783
-0.00342395185749
-0.00235325993901
-0.0041512275987
-0.00152717407596
-0.00324443077854
-0.00519237988939
-0.00107253550721
-0.00349595470796
-0.00247599633654
-0.00427414295952
-0.00164932758489
-0.00336493278656
-0.00528624507227
-0.00116688722585
-0.00356627787649
