-0.0023764236151
-0.0022080868335
-0.00131764254339
-0.000495876200201
0.000251687028345
-0.00380034691075
-0.00294609460928
-0.00229350311753
-0.0021253279914
-0.00123525105296
-0.000414049618901
-0.00466211618939
-0.00371411133504
-0.00286091798674
-0.00220961900414
-0.00204160709678
-0.00115190106934
-0.000331270036371
-0.00458009425806
-0.00362694987544
-0.00277482480682
-0.0021247740833
-0.00195692694256
-0.00106759535055
-0.000247540157473
-0.00449712928962
-0.00353886524428
-0.0026878176892
-0.00203897118443
-0.00187129034266
-0.000982336675462
-0.000162862707719
-0.00441322393962
-0.00344986017184
-0.00259989927124
-0.00199285417061
-0.00178470013162
-0.000896127843443
-7.72404328743e-05
-0.00432838088362
-0.00335993740603
-0.00251107220759
-0.00196187519044
-0.00169715916414
-0.000808971673904
9.32390143296e-06
-0.00424260281674
-0.00326909878064
-0.00242133916993
-0.00192986734825
-0.00160867031473
-0.000720871005912
9.68275101087e-05
-0.00415589245333
-0.00317734894032
-0.00233070284652
-0.00189683178518
-0.00151923647723
-0.000631828697783
0.000185267588985
-0.00406825252655
-0.00308468975224
-0.00223916594192
-0.00186276967725
-0.00142886056443
-0.000541847626678
0.000274641315214
-0.00397968578804
-0.00299112403103
-0.00214673117661
-0.00182768223511
-0.00133754550769
-0.000450930688195
0.000364945847661
-0.0038901950075
-0.00314995013299
-0.00205340128664
-0.00179157070389
-0.000739839418165
-0.000359080795968
0.000456178327298
-0.00379978297235
-0.00305457985209
-0.0019591790233
-0.00175443636296
-0.000646654939584
-0.000266300881259
0.000548335877597
-0.00370845248731
-0.00296144860437
-0.00186406622142
-0.00171628052569
-0.000552540218138
-0.000172593892559
0.000641415604918
-0.00361620637406
-0.00287022566818
-0.00176806752436
-0.00167710453925
-0.000457498255183
-7.79627951811e-05
0.000735414598905
-0.00352304747083
-0.00277809795613
-0.00167118479567
-0.00163690978434
-0.000361532068559
1.75894291366e-05
0.000830329932874
-0.00342897863207
-0.00268506823538
-0.00157342084409
-0.00159569767502
-0.00026464469218
0.000114059782634
0.000926158664201
-0.00333400272801
-0.00259113928876
-0.00147477849184
-0.00155346965839
-0.000166839175625
0.000211445251929
-0.00397455302364
-0.00323812264436
-0.0024963139144
-0.00137526057432
-0.00151381870663
-6.81185837363e-05
0.000309742808414
-0.00387690638728
-0.00314134035055
-0.00240059492538
-0.00127486993972
-0.00148651166326
3.15140037865e-05
0.000408949408653
-0.00377835527317
-0.0030436606247
-0.00230398514934
-0.00117360944872
-0.00145817887555
9.30898846581e-05
0.000509061994779
-0.00367890268383
-0.00294508546526
-0.00220648742819
-0.00107148197413
-0.00478914466741
-0.00195627505208
-0.00401860536914
-0.000534700811763
-0.00307719574336
-0.000861030577138
-0.00364363160886
-0.00471586392084
-0.00188135756939
-0.00394215738498
-0.0004432980834
-0.0029836081833
-0.00562277099377
-0.0035461675706
-0.00464158000907
-0.00180541751552
-0.00386466886268
-0.000350867338148
-0.00288897333172
-0.00552608332171
-0.0034476229697
-0.00456629557967
-0.00172845771077
-0.00378614279013
-0.00025933901691
-0.0027932950168
-0.00542833480325
-0.0033480020884
-0.00449001330635
-0.00165048100272
-0.00370658218359
-0.000178335319324
-0.00269657709
-0.00532952952494
-0.00324730923273
-0.00441273588858
-0.00157149026581
-0.00362599008715
-0.000786804197077
-0.00259882342536
-0.00522967159621
-0.00314554873176
-0.00433446605113
-0.00149148840079
-0.00354436957218
-0.000703709262719
-0.00250003791889
-0.00512876514864
-0.00304272493679
-0.0042552065436
-0.00141047833429
-0.00346172373684
-0.000619573585554
-0.00240022448789
-0.00502681433528
-0.00293884222063
-0.00417496014004
-0.00132846301832
-0.00337805570555
-0.000534400452179
-0.00229938707031
-0.00492382332989
-0.00283390497678
-0.00409372684452
-0.0012454454298
-0.00329336862844
-0.000448193175634
-0.00219752962411
-0.0048197963263
-0.00272791761873
-0.00401151506655
-0.00116142857006
-0.00320766568085
-0.000360955094839
-0.00209465612661
-0.00471473753763
-0.00262088457913
-0.00392832485688
-0.00107641546439
-0.00312095006279
-0.000272689574022
-0.00199077057381
-0.00460865119567
-0.00251281124045
-0.00384415908286
-0.000990409161499
-0.00303322499843
-0.000183400002147
-0.00188587697983
-0.00450154155014
-0.00240370020885
-0.00375902063412
-0.000903412733107
-0.00294449373554
-0.0050233848425
-0.00177997937621
-0.00439341286799
-0.00229355690148
-0.00398750666849
-0.000815429273402
-0.00285475954499
-0.00493205743152
-0.00167308181129
-0.00428426943276
-0.00218238582034
-0.00390043162585
-0.000726461898584
-0.00276402572024
-0.00483971627915
-0.00156518834962
-0.00417411554388
-0.00207019148297
-0.00381239270632
-0.000636513746378
-0.00267229557676
-0.00474636486761
-0.00145630307129
-0.00406295551599
-0.00195697842168
-0.00372339288404
-0.00054558797555
-0.00257957245156
-0.00465200670107
-0.00233857546065
-0.00395079367825
-0.00184275118284
-0.0036334351532
-0.000453687765428
-0.00248585970264
-0.00455664530502
-0.00222771884845
-0.00383763437374
-0.00172751432618
-0.0035425225276
-0.000360816315416
-0.00239116070848
-0.00446028422573
-0.00211588274707
-0.00372348195872
-0.00161127242405
-0.00345065804018
-0.000266976844521
-0.00229547886749
-0.00436292702969
-0.00200307129273
-0.00360834080205
-0.00149403006078
-0.00652122405699
-0.00534158575311
-0.00394578511184
-0.00568127621208
-0.00414280929894
-0.00297213483839
-0.0020939097922
-0.00494778885013
-0.0070159936618
-0.00577842235069
-0.00443302251821
-0.00298594425213
-0.00212574345526
-0.00455752354422
-0.00349519736255
-0.00599671029671
-0.00472863282895
-0.00676259280653
-0.00530843462258
-0.00430063147518
-0.00336348110701
-0.00666944926668
-0.0054868033712
-0.00408780889877
-0.0026574274932
-0.00112557808449
-0.00312004859128
-0.00609745254913
-0.00509145027538
-0.0039653854678
-0.00591708276759
-0.00456898623785
-0.00320537903836
-0.00236462584119
-0.0014091402542
-0.00739666215578
-0.00622539854886
-0.00495349765635
-0.00358593239012
-0.00212769127173
-0.00464060983453
-0.00369950148179
-0.00371040674468
-0.00559359970506
-0.00419224655183
-0.00276944311695
-0.00122503467909
-0.00411749776463
-0.00620870658228
-0.00520099179346
-0.0040730716137
-0.00283095152814
-0.00467263733398
-0.0034159319674
-0.00257269161764
-0.0054438099689
-0.00437508302239
-0.0064245330508
-0.00514928417071
-0.0037782426231
-0.00239740515099
-0.00155609544747
-0.00766743586705
-0.00377999187364
-0.0025494360072
-0.0042588994097
-0.00283452291766
-0.00530418418996
-0.00419499061845
-0.00331214412165
-0.00527624164409
-0.00418634550254
-0.00303946463286
-0.00178075868808
-0.000416247650542
-0.00657902986489
-0.0056184314673
-0.00454714909047
-0.00336997613194
-0.00531576611343
-0.0039417547921
-0.00268626374259
-0.00564748938113
-0.00469932820985
-0.00380999897748
-0.00257882866581
-0.00126366116504
-0.00687826823727
-0.00533154824615
-0.00424256796912
-0.00346153234886
-0.00255135679432
-0.00449037056053
-0.00333830224149
-0.00606759792561
-0.00469735646247
-0.00369697655094
-0.00576214090144
-0.00468874634737
-0.00350932295896
-0.00222884949007
-0.00407628478044
-0.0067908838227
-0.00590571423916
-0.0049544792032
-0.00380036528192
-0.0025693923048
-0.00526594556886
-0.00401406055066
-0.00261040092025
-0.00452551317945
-0.0037410160043
-0.00282691212946
-0.00178860325388
-0.00759835429239
-0.00632921582592
-0.00495382336099
-0.00381112033739
-0.00284704134401
-0.00479969695345
-0.0036185042343
-0.00233617269075
-0.00503594976464
-0.00402770087646
-0.00613611113342
-0.0051821167202
-0.000761527306169
-0.00653265721583
-0.00522550346326
-0.00423578579965
-0.00293951382905
-0.00199757838128
-0.0039863400773
-0.00306876016423
-0.00616717847268
-0.00500631615846
-0.00655874058932
-0.00517879732547
-0.00389359743145
-0.00292840823629
-0.00185214952837
-0.00369738622177
-0.00636993927161
-0.0053218870542
-0.0043099048621
-0.00326515177707
-0.0053820035991
-0.0047743063852
-0.00372399328153
-0.00553208181857
-0.00453638878326
-0.00323377778061
-0.0022648751947
-0.00142078459521
-0.00741707925058
-0.00637162581024
-0.00520719538579
-0.00392991926365
-0.00254604411377
-0.00394429686088
-0.00297842395315
-0.00190142428502
-0.00482204950061
-0.00648837530991
-0.00557927269244
-0.0045639064109
-0.00344642154091
-0.00248064679818
-0.00491159522884
-0.00399874472444
-0.00294665583649
-0.00203896001768
-0.00350797082103
-0.00255366259746
-0.00580988267521
-0.00488677088274
-0.00654218710465
-0.00537476328745
-0.00409432237472
-0.00270715068639
-0.00121954940509
-0.00299702275141
-0.00602363604966
-0.00484007878461
-0.00383964162863
-0.00292776288487
-0.00478942549937
-0.00366870404302
-0.00262442863549
-0.0051522986949
-0.00423562231126
-0.00317927242295
-0.00226696142828
-0.00118915681204
-0.00702072765189
-0.00595055484005
-0.00502541387309
-0.00397494493671
-0.005508766967
-0.00422578397756
-0.00283596507165
-0.00140236636812
-0.00435683692198
-0.00601098388618
-0.00484514164383
-0.0040415172581
-0.00312720112601
-0.00210615772703
-0.00386264948773
-0.00680537395956
-0.00264100932612
-0.00443415579615
-0.00365050368269
-0.00245800211951
-0.00564327661928
-0.00456003784089
-0.00608795877736
-0.0051291324142
-0.00407698581224
-0.00290535148492
-0.00162046139607
-0.00717040335237
-0.00581637587428
-0.00436212780373
-0.00323613796048
-0.00501921264494
-0.00421370905366
-0.00329730366965
-0.00227398632994
-0.0053254557277
-0.0068924352959
-0.00281739300212
-0.00188089109016
-0.00380737964911
-0.00680955634126
-0.00583945345085
-0.00474272241231
-0.00358815440332
-0.00519775623966
-0.00414449671044
-0.00297166481141
-0.00592859633505
-0.00467733936127
-0.00600027992851
-0.00454228507865
-0.00316162347337
-0.0024318382078
-0.00435601063199
-0.00343787148719
-0.00659012786979
-0.00546211851257
-0.0042357246531
-0.0029969078634
-0.00200161000021
-0.00544666185869
-0.00424861446952
-0.00599897000974
-0.00488932584466
-0.00373205431295
-0.00255203457371
-0.00417736978024
-0.00722818084403
-0.00608663935464
-0.00483249163064
-0.0034718124264
-0.004691304232
-0.00332031456484
-0.00254531204455
-0.00173701429169
-0.00503768512516
-0.00669950216916
-0.00556989594966
-0.00434181806889
-0.00313667733442
-0.00629753546898
-0.00552656529273
-0.00432689919334
-0.00344239885292
-0.00499958944369
-0.00384027625467
-0.00260463168457
-0.0057180516321
-0.00735518749316
-0.00621148029189
-0.00495503974109
-0.00359196642409
-0.00224058827331
-0.00357296314242
-0.00262825732154
-0.0060392369063
-0.00511872015755
-0.00409092916416
-0.00564866703381
-0.00441935545042
-0.00477994701612
-0.00633944716792
-0.00556770491643
-0.00436720370724
-0.00352778627162
-0.00240045413102
-0.00393056810474
-0.00694992764993
-0.00579557634472
-0.00476909651115
-0.0036237995955
-0.00504480792821
-0.00371640245401
-0.00246715603805
-0.00111469605851
-0.00690075239653
-0.0060909782565
-0.00516982623022
-0.00414134784137
-0.00300982976111
-0.00446825203284
-0.00483941227106
-0.00367080242718
-0.00289713583435
-0.00440846341927
-0.00357583765438
-0.00246426781675
-0.00556324708442
-0.00703840057754
-0.00585544883107
-0.00482803406062
-0.00368172787877
-0.00242253192102
-0.00391533304515
-0.00266256553323
-0.00552808050869
-0.0043962334616
-0.00618429561973
-0.00519094212227
-0.00416217790812
-0.00303035417736
-0.0017999410519
-0.00485848871749
-0.00363355834896
-0.00286057795654
-0.00174641211268
-0.00358646341257
-0.0067129886737
-0.00561741222043
-0.00441240261111
-0.00588058232976
-0.00485277458422
-0.0037060442117
-0.00254966759465
-0.00562481046591
-0.00704820626841
-0.00568897378013
-0.00455770620707
-0.00366468676472
-0.00266193185997
-0.00423292577407
-0.0030239382134
-0.006013072702
-0.00483713482966
-0.00355681160712
-0.00278524247558
-0.00201578579001
-0.00518433597231
-0.00671731111116
-0.0056354687887
-0.00443011628033
-0.00319180070139
-0.0021641438109
-0.00372049050953
-0.00690835569071
-0.00575957249384
-0.00450142858086
-0.00581881699544
-0.00468861387468
-0.00379400757458
-0.0027895160912
-0.00167950969657
-0.00736932890962
-0.00606209754049
-0.0021866262691
-0.00373443885383
-0.00288886481532
-0.0063814638549
-0.00532584579113
-0.00414095319439
-0.00561738537624
-0.00441237627655
-0.00314739079344
-0.00212042787049
-0.00536872268791
-0.00701246382124
-0.00586194537143
-0.00460196623942
-0.00323830824902
-0.004788791297
-0.0038929668589
-0.00288714246491
-0.00599735229814
-0.0047848758842
-0.00615519483831
-0.00208463865206
-0.00114279941572
-0.00464206473382
-0.00648752911366
-0.00543003792883
-0.00424312016414
-0.00305557884256
-0.00444206419151
-0.00306828841289
-0.00635669692652
-0.00544085189674
-0.00440435519269
-0.00593178462755
-0.004670550453
-0.00330558402968
-0.00217897841852
-0.001282309131
-0.00717634399572
-0.00606391023631
-0.00485038352086
-0.00354047152917
-0.00628929131226
-0.00548978451123
-0.00471102901765
-0.00388420316071
-0.00549671702553
-0.00435392165832
-0.00317920635215
-0.0018840359801
-0.00737642424072
-0.00639566106419
-0.00547928322864
-0.00444219506537
-0.0032898555598
-0.00470708740463
-0.00334142292241
-0.0022173525228
-0.00554186656584
-0.0045346053737
-0.00610075319745
-0.00488664431392
-0.00358015761929
2.25624146239e-05
0.00118791820959
-0.003254687231
-0.00168575503623
-0.000534677710974
0.000748105291334
-0.00351333245475
5.53784865489e-05
0.00124437976203
-0.00319856473907
-0.00161852901392
-0.000467636742581
0.000814763054559
-0.00344724596607
8.25211908021e-05
-0.00360948686908
-0.00314133062768
-0.00155021798737
-0.000399513434496
0.000882497631363
-0.00338009092306
0.000110817061819
-0.00355079214306
-0.00308298733798
-0.00148082477642
-0.000330310584198
0.000951306270182
-0.00331187000971
0.000140264835483
-0.00349098459746
-0.00302353735103
-0.00141035223555
-0.000260031023634
0.00102118618541
-0.00273277360466
0.000170863198177
-0.00343006679731
-0.00296298318737
-0.00133880325341
-0.000188677618687
0.00106572966446
-0.00271250021312
0.000202610787072
-0.00336804134714
-0.00196442062174
-0.0012661807522
-0.000143186562921
0.00108728903463
-0.00269111103265
0.000235506190429
-0.00330491089051
-0.00190166582159
-0.00121987220846
-0.000120388659142
0.00110997207429
-0.0026686069547
0.000269547947907
-0.00326995510568
-0.00183781463803
-0.00119589588757
-9.64624308037e-05
0.00113377782409
-0.00264498891617
0.000304734550878
-0.0032349646606
-0.00177286974432
-0.00117078993539
-7.14088988369e-05
-0.00378897383895
-0.00262025789921
0.000341064442764
-0.00319883711519
-0.0017068338506
-0.00114455635764
-4.5229130954e-05
-0.00376292573192
-0.002594414931
0.000378536019365
-0.00316157404726
-0.00163970970339
-0.0011171944129
-1.79242414246e-05
-0.00373575806978
-0.00256746108358
0.000417147629214
-0.00312317708114
-0.00157150008501
-0.00108870620035
1.05046091594e-05
-0.00370747199581
-0.00253997557279
0.000456897573928
-0.00308364788737
-0.00150220781306
-0.00105909293419
4.0056214128e-05
-0.00367806869868
-0.00251225675501
0.000497784108577
-0.0030429881823
-0.001436345149
-0.0010283558747
7.07293209855e-05
-0.00364754941227
-0.00248342946578
0.000539805442054
-0.00300119972777
-0.00139491123379
-0.000996496328039
0.000102522631673
-0.00361591541533
-0.00245349489549
0.000582959737462
-0.00295828433069
-0.00135235954838
-0.000963515645897
0.000135434802839
-0.00358316803126
-0.00242245427846
0.0006272451125
-0.00291424384273
-0.00130869189834
4.38280476088e-06
0.000169464446119
-0.00354930862786
-0.00239030889266
0.000672659639865
-0.00286908015984
-0.00126391013261
3.96015219244e-05
0.000204610128422
-0.00351433861699
-0.0023570600595
-0.0041922446649
-0.00282279522194
-0.00121801614303
7.59370489499e-05
0.00024087037223
-0.00347825945434
-0.0023227091435
-0.00414457779276
-0.00277539101246
-0.00117101186399
0.000113387854792
0.000278243655902
-0.00344107263907
-0.00228725755208
-0.000170222115613
-0.00260909966281
-0.00488393840665
-0.00194468457843
-0.00379568039229
-0.00108961818104
-0.00318920071317
-0.000100962204663
-0.00253771277238
-0.00481051082472
-0.00186934946757
-0.00370519559522
-0.00101669770782
-0.00311417405045
-3.05317520357e-05
-0.00246512373643
-0.00473585114506
-0.0017927545977
-0.00361345439434
-0.000942435434766
-0.00303777205266
-0.00023109268552
-0.00239133625768
-0.00465996338191
-0.00171490428831
-0.00353898243031
-0.000866836092796
-0.0029599998519
-0.000158331375711
-0.00231635408443
-0.00458285159764
-0.00163580290948
-0.00346441299876
-0.000789904475203
-0.00288086264611
-8.44098352626e-05
-0.00224018100965
-0.00450451990185
-0.00155545488077
-0.00338855128485
-0.000711645436255
-0.00280036569751
-0.00499947714887
-0.00216282087015
-0.00442497245033
-0.00147386467009
-0.00362535434944
-0.000632063889815
-0.00271851433104
-0.0049232457495
-0.00208427754567
-0.00434421344407
-0.00139103679264
-0.00354692161281
-0.000551164807944
-0.00263531393274
-0.00484586480212
-0.00200455495802
-0.00426224712826
-0.00130697580972
-0.00346721024455
-0.000468953219507
-0.0025507699482
-0.00476733794663
-0.00192365707017
-0.00417907779132
-0.00122168632767
-0.00338622490155
-0.000385434208775
-0.00246488788098
-0.00468766886109
-0.0018415878854
-0.00409470976387
-0.00113517299673
-0.00330397029203
-0.000300612914018
-0.00237767329101
-0.00460686126102
-0.00175835144641
-0.00400914741771
-0.00104744050991
-0.00322045117427
-0.000214494526109
-0.00228913179299
-0.0045249188986
-0.00167395183437
-0.00392239516487
-0.000958493601896
-0.0031356723554
-0.000127085218434
-0.00219926905484
-0.00444184835584
-0.00158839316814
-0.00383445745659
-0.000876812215088
-0.00304963869016
-0.0050285181518
-0.00210809079611
-0.00435764786793
-0.00150167960326
-0.00374533878226
-0.000822251490281
-0.00296235507968
-0.00493854013458
-0.00201560278637
-0.00427232408629
-0.00141381533117
-0.00367803332373
-0.000766410325154
-0.00287382647026
-0.0048472862856
-0.00192181084366
-0.00418588090188
-0.0016405849569
-0.00362235914061
-0.000709291873192
-0.00278405785212
-0.00475476203766
-0.00182672083289
-0.00409832223843
-0.00158523704582
-0.00356544069001
-0.000650899349309
-0.00269305425818
-0.00466097286777
-0.00173033866433
-0.00402530268879
-0.00152867962196
-0.00350728101154
-0.000591236028984
-0.00260082076285
-0.00489047903709
-0.00163267029196
-0.00396923734023
-0.00147091553816
-0.00344788506348
-0.000530305247398
-0.00250736248078
-0.00479417662407
-0.001533721712
-0.00391200094731
-0.00141194769886
-0.0033872522715
-0.000468110398544
-0.00241268456566
-0.00469662597128
-0.00143349896128
-0.00331262905126
-0.00567882583763
-0.00589269769894
-0.00366380700595
-0.0038200912227
-0.00596687377659
-0.00621318058252
-0.00342155948184
-0.00581024715114
-0.00602737037584
-0.00378189275777
-0.00392626028159
-0.00607569664408
-0.0063161231003
-0.00352968300693
-0.00594089820489
-0.00616126304489
-0.00391896252312
-0.00403153396203
-0.0061836083199
-0.0064181154578
-0.00363844824267
-0.00607077579705
-0.00629437230051
-0.00405523978224
-0.00413590904414
-0.00629060536072
-0.00411038891552
-0.00376429835833
-0.00619987672711
-0.00642669473732
-0.00419072092392
-0.00421678657198
-0.00639668433526
-0.00421047051888
-0.00388937973687
-0.00632819779618
-0.0065582269505
-0.00432540233629
-0.00433609015052
-0.0065018418247
-0.00430959156037
-0.00401368938434
-0.00645573580727
-0.00668896553605
-0.0044592804071
-0.00447300851182
-0.00660607442316
-0.00440774860562
-0.0041372243098
-0.00658248756555
-0.00681890709113
-0.00459235152406
-0.00460911093649
-0.00670937873812
-0.00450493823752
-0.00420348749826
-0.00670844987865
-0.00694804821432
-0.00472461207514
-0.00474439360363
-0.00678915564258
-0.00460115705671
-0.00432546402044
-0.00240019441357
-0.00707638550596
-0.00485605844896
-0.00487885269167
-0.00689059326874
-0.00469640168206
-0.00444665686874
-0.00252456827044
-0.00720391556846
-0.00498668703505
-0.00501248437873
-0.0069910925186
-0.00479066875121
-0.00456706306708
-0.0026481431226
-0.00733063500659
-0.00511649422422
-0.005145284843
-0.00709065005767
-0.00487443866697
-0.00468961241438
-0.00266777181525
-0.00745654042781
-0.00524547640894
-0.00527725026307
-0.00282081114317
-0.00496674061415
-0.0048238798207
-0.0027897391229
-0.00758162844264
-0.00537362998362
-0.00540837681832
-0.00291847532024
-0.0050580550356
-0.00495739238685
-0.00291089789886
-0.00770589566488
-0.00550095134501
-0.00553866068932
-0.00301518787879
-0.00514837864902
-0.00509014693746
-0.0030312449761
-0.00762855580953
-0.00562743689254
-0.00566809805815
-0.00314145619312
-0.0052377081934
-0.00522214029754
-0.00315077719241
-0.00775117130318
-0.00575308302868
-0.00339601956489
-0.00327285275908
-0.00532604042955
-0.00535336929268
-0.00327701094717
-0.00787295586914
-0.0058778861593
-0.00352375248382
-0.0034033851235
-0.00541337214056
-0.00548383074934
-0.00341086566553
-0.00799390613797
-0.00600184269405
-0.00365062746007
-0.00353304925927
-0.00549970013235
-0.0056135214951
-0.00354393926019
-0.00811401874524
-0.00590491104995
-0.00377664068582
-0.00366184114126
-0.00558502123419
-0.00574243835893
-0.00367622834708
-0.0082332903319
-0.00602716363885
-0.0039017883568
-0.00378975674673
-0.00566933229919
-0.00706951875143
-0.00410451838423
-0.00557131201649
-0.00587896002457
-0.00278709169463
-0.00445342899122
-0.00604600780544
-0.00718473495133
-0.00422332383923
-0.00569063630945
-0.0059973711862
-0.00290593739133
-0.00457250759416
-0.0061651140969
-0.00246619057974
-0.00410304464108
-0.00580923853376
-0.00611505609341
-0.00302405514848
-0.00469085735874
-0.00628349144338
-0.00258284966282
-0.00422040749122
-0.00592711623808
-0.00623201229255
-0.00314144248856
-0.00480847579467
-0.00640113735303
-0.00246173056288
-0.00433704540793
-0.00604460560049
-0.00634823733421
-0.00325809693827
-0.00492536041575
-0.00651804933812
-0.00257694301139
-0.00445295597614
-0.00616247692889
-0.0064637287734
-0.00337401602864
-0.00504150874013
-0.00663422491528
-0.00269142858184
-0.00456813678519
-0.0062796196375
-0.00657848416975
-0.00348919729529
-0.00515691829049
-0.00674966160565
-0.00280518490657
-0.00468258542902
-0.00639603127218
-0.00669250108773
-0.00360363827859
-0.00527158659425
-0.0068643569351
-0.0029217813276
-0.0047962995064
-0.00651170938315
-0.0068057770968
-0.00371733652389
-0.00538551118379
-0.00697830843446
-0.00304462460858
-0.00490927662109
-0.00538022620206
-0.00691923222898
-0.00383028958171
-0.0054986895966
-0.00709151363968
-0.00316675501092
-0.00502244098233
-0.00549442993489
-0.00221667097727
-0.00394249500794
-0.00561111937555
-0.00720397009207
-0.00328817004611
-0.00513539066602
-0.00560789282303
-0.00233045469849
-0.00405395036407
-0.00572279806905
-0.0073156753385
-0.0034088672287
-0.00524759933292
-0.00572061243624
-0.00244349374077
-0.00416465321737
-0.00583372323131
-0.00741293276446
-0.00352884407655
-0.00535906458744
-0.00583258634968
-0.00255578566087
-0.00427460114111
-0.00594389242248
-0.00752312826283
-0.00364809811096
-0.00546978403963
-0.00594381214407
-0.00266732802111
-0.00438379171477
-0.00595721959022
-0.00763256523129
-0.00376662685686
-0.00557975530539
-0.00605428740595
-0.00277811838954
-0.00449222252425
-0.00606586954471
-0.00774124124101
-0.00388442784306
-0.00568897600665
-0.00616400972784
-0.00288815434022
-0.00440006659048
-0.00617375624663
-0.00784915386983
-0.00400149860239
-0.00579744377158
-0.00627297670847
-0.00276113363312
-0.00450697065606
-0.00628087728218
-0.00325190073669
-0.00411783667191
-0.00590515623483
-0.00638118595299
-0.00286965349535
-0.00461310775582
-0.00638723024464
-0.00335827936468
-0.0042334395931
-0.00601211103766
-0.00626005777971
-0.00297741169987
-0.0047184755035
-0.00649281273454
-0.00346388738707
-0.00434830491211
-0.00588972853477
-0.00636674439415
-0.00308440584672
-0.00482307152031
-0.00659762235989
-0.00356872241031
