0.00228703001055
0.0034437388792
-0.000302386489691
0.00117468166976
-0.00117295022711
0.000497335459258
0.00219635373165
0.00229987548134
0.00345661350514
0.000840770844519
0.00118747963251
-0.00116025571123
0.000509886824176
0.00218495399236
0.0023139473817
0.00347071733248
0.000854857147336
0.001201499508
-0.0011463491186
0.000523636653076
0.00217473919673
0.00232924500495
0.00348604964972
0.000870170421276
0.00121674059733
0.00283131266171
0.000538584286638
0.0021657098236
0.00234576758348
0.00350260968404
0.000886709896373
0.00123320214136
0.00284764130272
0.000554729008652
0.00215786629644
0.00236351428893
0.00352039660143
0.000904474741727
0.00125088332087
0.00286517979787
0.000572070046194
0.00215120898328
0.00238248423241
0.00353940950696
0.000923464065718
0.00126978325672
0.0028839272891
0.000590606569806
0.0021457381966
0.00240267646469
0.00355964744496
0.000943676916222
0.00128990101016
0.00290388286011
0.000610337693696
0.00214145419328
0.00242408997647
0.00358110939928
0.000965112280855
0.00131123558298
0.00292504553658
0.000631262475947
0.00213835717451
-0.000657275722383
0.00360379429355
0.00482370050754
0.00133378591777
0.00294741428638
0.000653379918741
0.00213644728577
-0.000633422918557
0.00362770099142
0.0048475776235
0.00135755089824
0.00297098801984
0.000676688968598
0.00213572461681
-0.000608352221043
0.000492436362653
0.00487267385744
0.0013825293494
0.00299576559002
0.000701188516618
0.00213618920156
-0.000582064876819
0.000518783020282
0.00489898795858
0.00242462346613
0.00302174579298
0.000726877398752
0.0021378410182
-0.000554562191551
0.00054634771561
0.00171634562883
0.00245202510065
0.00304892736806
0.000753754396067
0.00214067998913
-0.00052584552927
0.000575129075412
0.00174509147694
0.00248063633202
0.00307730899818
0.000781818235041
0.00214470598098
0.00302860039711
0.000605125668052
0.00177505108809
-0.000578135866649
0.00310688931018
0.000811067587852
0.00214991880465
0.00305974068955
0.000636336003836
0.00180622297802
-0.000547109718323
0.00313766687514
0.000841501072699
0.00215631821538
0.00309209052012
0.000668758535376
0.00183860560503
-0.000514878363682
8.1048588373e-05
0.00484480942879
0.00216390391277
0.00312564829481
0.000702391657967
0.00187219737029
-0.000481443379428
0.000114216151102
0.00175399094958
0.00217267554084
0.00316041236304
0.000737233709983
0.00190699661823
-0.00044680639824
0.000148576348866
0.00178796800477
0.00218263268818
0.00319638101806
0.000773282973272
0.00194300163698
-0.000410969108381
0.000184127533199
0.00182312313154
-0.000799598312315
1.88642118591e-05
-0.00212237224073
-0.00142047105451
-0.00293698245856
0.00202317693471
0.000378855513972
0.000552076309995
5.04909968041e-06
-0.00213664614977
-0.0014351816604
-0.0029520953673
0.00199860588975
0.00035358325284
0.000526194016985
-7.41761600366e-06
-0.00214952705396
-0.00144845681748
-0.00296573374
0.00197554392556
0.000329862586999
-0.00126435951459
-1.85351779138e-05
-0.0021610141181
-0.00146029561159
0.00148980402256
0.00195399280523
0.000307695434309
-0.00128706266109
-2.83029102453e-05
-0.00217110659683
-0.00147069722683
0.00147911758889
0.00193395417882
0.000287083589883
-0.00130817327654
-3.67202188735e-05
-0.0018663253128
-0.00147966094585
0.00146990834493
-0.00022732433496
0.000268028725366
-0.00132768956541
-4.37865915336e-05
-0.00187362674496
-0.00148718615008
0.00146217696144
-0.000244333478471
0.000250532388264
-0.00134560986537
-4.95015979766e-05
-0.0018795318967
-0.00149327231994
0.00145592400188
-0.000259825862023
-4.32097956422e-07
-0.00136193264797
-5.38648901006e-05
-0.00188404038402
0.000498423057726
0.00145114992215
-0.00027380029348
-1.48072373606e-05
-0.00137665651935
-5.68762020561e-05
-0.00188715191363
0.000495216118499
0.00144785507047
-0.000286255696439
-2.761995769e-05
-0.00138978022078
-5.85353503273e-05
-0.00188886628308
0.000493449176782
0.00144603968722
-0.000297191110646
-3.8869213761e-05
-0.00141062816172
-0.00263612658478
-0.00188918338081
0.000493122354717
0.00144570390486
-0.000306605692362
-4.85540871593e-05
-0.00144042766148
-0.00263508118472
-0.00188810318619
0.000494235674899
0.0014468477479
-0.000314498714692
-5.66737866139e-05
-0.00146863671901
-0.00263268356487
0.00241315294697
0.000496789060364
0.00144947113287
-0.000320869567861
-6.322764832e-05
-0.00149525293102
-0.00262893387135
0.0024170274245
0.000500782334616
0.00145357386836
-0.000325717759452
-0.00220252521781
-0.00152027402544
-0.00262383233265
0.00242229871083
0.00050621522169
0.00145915565509
-0.000329042914597
-0.00220594592377
-0.00154369786246
-0.00261737925955
0.0024289664631
0.000513087346247
0.001466216086
-0.000330844776117
-0.00220779956782
-0.00156552243538
-0.00260957504503
0.00243703024781
0.000667088283676
-0.000999769899974
-0.000331123204627
-0.0022080859982
-0.00158574587149
-0.00260042016415
0.00244648954094
0.000676837360359
-0.000989753832095
-0.000329878178588
-0.00220680519146
-0.00160436643285
0.00154372002666
0.0024573437281
0.000688023953721
-0.000978260986067
-0.000327109794314
-0.00220395725247
-0.00162138251705
0.00155557448753
-0.000291480374426
0.000700647292558
-0.000965292198116
-0.000322818265936
-0.00219954241434
-0.00192552128247
-0.00481088037515
-0.00289263403484
-0.0039747473133
-0.00495595257855
-0.00151631849269
-0.00263956691665
-0.0056988755207
-0.00660931384661
-0.00293685720159
-0.00361822119282
-0.0066035186889
-0.0033119904496
-0.00425014189372
-0.00506981894713
-0.00152852386465
-0.00477761190917
-0.00530570159148
-0.00609653824979
-0.00268001615759
-0.00355012942472
-0.00699449103993
-0.00500589595518
-0.00128731382192
-0.00405910998823
-0.00514335176429
-0.00172807269781
-0.00285448836197
-0.00387646323815
-0.00682990312803
-0.00315987843324
-0.00384336243039
-0.0045564067222
-0.00121535103849
-0.00470399759655
-0.00552913334731
-0.00623079088793
-0.00256687664115
-0.00589654288735
-0.00669451872886
-0.00317609080349
-0.00405296592754
-0.00479923087761
-0.00517341961247
-0.00134233184676
-0.00246029193653
-0.00363466000727
-0.00655239890231
-0.00303998486658
-0.00406452543143
-0.00498002840778
-0.00335240529953
-0.00403773011736
-0.00496839341333
-0.00163361379035
-0.0025836213129
-0.00595832560271
-0.00666447763715
-0.00300431292139
-0.00377966210457
-0.00458455219652
-0.00371625162528
-0.00452427386558
-0.00527615636758
-0.00531327935419
-0.00632206136423
-0.00271082530035
-0.00378574620527
-0.00501739702481
-0.00319584111038
-0.00422254366822
-0.00514002977512
-0.00134967659982
-0.00420106985748
-0.00535072772638
-0.00642149064336
-0.00297725955007
-0.00381241827747
-0.00706719668051
-0.00341055806152
-0.00431182455694
-0.00512337536838
-0.00158165526337
-0.00496334474357
-0.00572053765948
-0.00387765118426
-0.00654135636273
-0.00293330151715
-0.00396726287667
-0.00514153770176
-0.00154962690941
-0.00435032443717
-0.00526942356399
-0.00148051795497
-0.00235163194417
-0.00353840591692
-0.00677917495404
-0.00333998168078
-0.00417966556553
-0.00489398093781
-0.00386840771878
-0.00481354042925
-0.00563147328587
-0.0020952301135
-0.00269036691951
-0.006131672171
-0.0039937771995
-0.00518506421976
-0.003127479817
-0.00416405742792
-0.00523614094188
-0.00164566869778
-0.00267547302936
-0.00536804233563
-0.00617469900127
-0.00266782954026
-0.00386000295351
-0.00494131431591
-0.00367128893394
-0.00451514939495
-0.00523310176969
-0.00170146513322
-0.00528409527505
-0.00610810442717
-0.00679911052265
-0.00313064087132
-0.00382975891357
-0.00414348884245
-0.00534834007091
-0.00173252962941
-0.00277135364516
-0.00530109772513
-0.00171161346315
-0.00274234347298
-0.00366352817603
-0.00624523957197
-0.00295348163897
-0.00415057567548
-0.00523649932941
-0.00166795792681
-0.00481838760571
-0.00553965959702
-0.00213370953254
-0.00309213360808
-0.00392189476408
-0.00724850213467
-0.00358406935561
-0.00417243475273
-0.00426529255024
-0.00548332945742
-0.00186950439565
-0.00291019005709
-0.00393055895839
-0.00653750439815
-0.0027786134917
-0.00370025917892
-0.00472309554005
-0.00320821508303
-0.00440973555394
-0.00549980268592
-0.00193507728345
-0.00278617755755
-0.00581319586188
-0.00685830489196
-0.00349832309532
-0.00433347984113
-0.00503406263876
-0.00400408406924
-0.00447998203227
-0.0028139748609
-0.00558988646983
-0.00197763354277
-0.00301979355606
-0.00413842164165
-0.00518768084762
-0.00296431324003
-0.00382428546483
-0.00494247098403
-0.00155176053607
-0.00275718640885
-0.00573085198491
-0.0021695001484
-0.00302363277739
-0.00382872645689
-0.00722571964771
-0.0038713700568
-0.0047115438102
-0.00541644254665
-0.00171878400268
-0.00481100231979
-0.00288203709344
-0.00412280778752
-0.00526698947684
-0.00316138688262
-0.00431686492539
-0.00536865700503
-0.00155700027009
-0.00410801723004
-0.00513084811082
-0.0017436803422
-0.00295248225563
-0.00404938236384
-0.00690877392563
-0.00322763545143
-0.00415720276594
-0.00525709217744
-0.00421067996806
-0.00505547088137
-0.00576434170716
-0.00206993350854
-0.00239818741126
-0.00311928417455
-0.00418031368183
-0.00531709617531
-0.00176285243314
-0.00446567847768
-0.00551959072819
-0.00173697941609
-0.00277091877581
-0.00532063640973
-0.00190378377984
-0.0031154147903
-0.00421497195731
-0.00519687722083
-0.00339787263038
-0.00445239037372
-0.00555741187533
-0.00206802924933
-0.00291701458515
-0.00607716838008
-0.00238571510762
-0.00271620806453
-0.003348203121
-0.00441234092724
-0.00537651546982
-0.00188004444906
-0.00303959885304
-0.00564029932194
-0.00195678574246
-0.00299389940002
-0.00394564771485
-0.0051843188841
-0.00324575216444
-0.00434744419891
-0.00533131595085
-0.00152680248737
-0.00471382941614
-0.00582343677214
-0.0023382581703
-0.00319099466942
-0.00390670394514
-0.00692814548887
-0.00315612010661
-0.00200421811507
-0.00461618440554
-0.00558086179993
-0.00196774030361
-0.00312865654106
-0.00420884095448
-0.00214619313667
-0.00318605788033
-0.00412999216556
-0.00537196224602
-0.00175167056548
-0.0044466027366
-0.00543195165141
-0.00170091301916
-0.00293382782712
-0.00605473078828
-0.00704261493232
-0.00342926259153
-0.00414780448183
-0.00472389202328
-0.00362651962706
-0.00217728179637
-0.00324654155951
-0.00421342180842
-0.00202583758344
-0.00318766058717
-0.0043651292919
-0.00551515983229
-0.00334714480521
-0.00428280855981
-0.00552752776416
-0.00190982938646
-0.00292940597416
-0.005498629643
-0.0018899998338
-0.00312657520979
-0.00424363106929
-0.00523466246273
-0.00363139792463
-0.00435236061675
-0.00494263020644
-0.00157161550058
-0.00232212641073
-0.003393381599
-0.00436211420086
-0.000509187264946
-0.00323604150139
-0.00449105167472
-0.00564308917657
-0.00193186530671
-0.00440819963948
-0.00565079827438
-0.00203516335806
-0.00305665352196
-0.00395725635498
-0.00671012806661
-0.00328447958778
-0.00440436181274
-0.0053979868878
-0.00164569111554
-0.00451999751086
-0.00534102048477
-0.00197170603243
-0.00243859589073
-0.00351145732165
-0.0044816883826
-0.00534533698811
-0.00178475254063
-0.00458645141623
-0.00574001411447
-0.00203021525713
-0.00298162334737
-0.00423842090211
-0.00217789622577
-0.00320949179432
-0.00412021599918
-0.00518947407095
-0.00340728063539
-0.00452937089883
-0.00552502270297
-0.00177684371854
-0.00262846108796
-0.00571690343579
-0.00228460640169
-0.000981480198142
-0.00205556271508
-0.00457200769887
-0.00543668848752
-0.00184841651481
-0.0031061309702
-0.00580580941975
-0.00209697920364
-0.00312297236134
-0.00438235719881
-0.00553183397372
-0.00335814509554
-0.00427093414439
-0.0052752843974
-0.00178491898488
-0.00463426082102
-0.00569402784458
-0.00203359565506
-0.0029627837717
-0.00390525267398
-0.0070528086385
-0.00579647634007
-0.00211575780215
-0.0030878865151
-0.00549834722176
-0.00188187513724
-0.00314016515761
-0.00429530785468
-0.00213206979345
-0.00323237007897
-0.00449376474757
-0.00564514156999
-0.00192549390353
-0.00438761184639
-0.00547536125243
-0.00199160489904
-0.0031284212468
-0.00419458099746
-0.00225390099654
-0.00326081523297
-0.00420812766615
-0.00519963233664
-0.00582718462934
-0.00214689302029
-0.00311941819514
-0.0039851595067
-0.00188508763909
-0.00314343294981
-0.00429862810749
-0.00534563534185
-0.00176458427737
-0.00457248476614
-0.00572520797685
-0.00200681133333
-0.00292234187688
-0.00564360255799
-0.00216320669546
-0.00330318002501
-0.00437514677382
-0.0052597795499
-0.00352200246595
-0.00447360110352
-0.00545065403572
-0.00582919502002
-0.00214893326134
-0.00312148535839
-0.00398724943919
-0.000312969187022
-0.00311593022283
-0.00427068400605
-0.00531727878569
-0.00180967183031
-0.00307332165874
-0.00577191450216
-0.00205424904728
-0.00315653492584
-0.00422942884727
-0.00229943674847
-0.00344192894974
-0.00451909606171
-0.00547699137844
-0.00188444181148
-0.00469992742727
-0.00566297758032
-0.00431942811963
-0.000605873992413
-0.00309408375056
-0.00395953362929
-0.00501099361671
-0.0015126079532
-0.00421151286303
-0.00542789200785
-0.00187459986784
-0.00308637493112
-0.00424010793719
-0.00222219673256
-0.00339728774068
-0.0044529089484
-0.00559278261919
-0.00198186638178
-0.00462616735679
-0.0056596509771
-0.00207052242267
-0.00293515554887
-0.0058361656105
-0.00131545372334
0.000834345282084
-0.00200870475617
-9.13605601415e-05
0.000382073054923
-0.00229137078507
-7.96087348577e-05
-0.00146484336613
0.000672768311921
-0.00217020399471
-0.000252377292779
0.000221932823086
-0.00245025966866
-0.000236897806697
-0.00161344464238
0.000511933970408
0.00235503542818
-0.000412651892814
6.25339041894e-05
-0.00260840850116
-0.000393448596412
-0.00176125345126
0.000351846430061
0.00219502547998
-0.000572180219571
-9.61196108631e-05
-0.0027658132626
-0.000549257174499
-0.00190826568559
0.000192509875119
0.00203576644078
-0.000730958121011
-0.000254023620353
-0.00292246992296
-0.00070431960235
-0.00205447723211
3.39285012888e-05
0.00187726250176
-0.000888981433986
-0.000411174012003
-0.00307837444246
-0.000858631932501
-0.00219988397182
-0.000123893484518
0.00171951786526
-0.0010462459845
0.000866251006507
-0.00323352277173
-0.00101219020889
-0.0026298436738
-0.000280951864456
0.00156253674452
-0.00120274758798
0.00071062022828
-0.00338791085219
-0.00116499046713
0.00377258859519
-0.000437242410019
0.00140632336336
-0.00135848204956
0.00055575546542
-0.00354153461622
-0.00131702873476
0.00362962104209
-0.000884575909922
0.00125088195594
-0.00151344516434
0.000401660869752
0.00109783555961
-0.00146830103154
0.00348747482223
-0.00103931806001
0.00109621676648
-0.00166763271769
0.000248340602291
0.000945752665788
-0.00161880336973
0.00334615407806
-0.00119327962911
0.000644258533605
-0.00182104048556
9.57988329426e-05
0.000794446342338
-0.00176853175434
0.00320566295564
-0.00134645634898
0.000491158551296
-0.00197366423476
-5.5960259795e-05
0.000643920689989
-0.0019174821835
0.00306600560425
-0.0014988439422
0.000338847576763
-0.00241320575565
-0.000206932489136
0.000494179817015
-0.00206565064866
0.00292718617602
-0.00165043812247
0.000187329891327
-0.00256424873292
-0.00064963556175
0.00034522783892
-0.00221303313498
0.00278920882553
-0.00180123459498
3.66097848009e-05
0.00200298545103
-0.000799021472364
0.000197068878127
-0.0023596256216
0.00265207770941
-0.00195122905669
-0.000113308444846
0.00185354028025
-0.000947607912666
-0.000242814837778
-0.00250542408195
0.00251579698597
-0.00210041719668
-0.000262420491819
0.00170490042011
-0.00109539066591
0.000949663463323
-0.00265042448408
0.00238037081474
-0.00224879469654
-0.000410722042845
0.0015570701519
-0.00124236550871
0.000803908353266
-0.00307574716676
0.0022458033561
-0.000601157530951
-0.000558208777524
0.00141005376374
-0.00138852821135
0.000658962812834
-0.00321913933677
0.00211209877085
-0.000747900766886
-0.000704876368684
0.00126385555025
-0.00153387453816
0.000514830994083
-0.00336172132378
-0.000613574396856
-0.00107036649112
-0.00244514915102
-0.00304849101864
-0.00371208761381
0.000553530254603
-0.000857412217106
-0.000782491388366
-0.00124206709432
-0.0026192957239
-0.0032311584283
0.00104956614034
0.00036453380905
-0.000997202160273
-0.000950685418583
-0.00141304408649
-0.00280206526383
-0.00341312585727
0.000864238129429
0.000176231681181
-0.00113607545385
-0.00111815218844
-0.00158329302067
-0.00299016676366
-0.00359438857195
0.000679612363026
-1.13710998836e-05
-0.00127402712059
-0.00128488738354
-0.00175280943259
-0.00317841280666
-0.00377494181451
0.000495693760447
-0.00019826947529
-0.00141105218054
-0.00145088667434
-0.00192158884084
-0.00337131991288
-0.00395478080311
0.000312487267953
-0.000384458356543
-0.0015471456516
-0.00161614571642
-0.0020896267471
-0.00263733855918
0.000784871995266
0.000129997858624
-0.000569932625616
-0.00168230255016
-0.0017806601507
-0.00225691863636
-0.00272152053245
0.000606475955601
-5.17694677856e-05
-0.000754687135068
-0.00181651789164
-0.00194442560367
-0.0024234599772
-0.002912475139
0.000428808658205
-0.000232809684992
-0.000938716708163
-0.00198824497187
-0.00210743768766
-0.00258924622198
-0.00310276969066
0.000251874979518
-0.000413117740342
-0.00112201613901
-0.00192251067412
-0.0019867608595
-0.00275427280712
-0.00329239953079
7.56798191816e-05
-0.00059268855498
-0.00130458019271
-0.00210761384364
-0.00214825298708
-0.00291853515337
0.00145223754466
-9.97719001604e-05
-0.00077151702402
-0.0014864036055
-0.00229197836786
-0.00230897850019
-0.00308202866605
0.00126395120713
-0.000274475233066
-0.000949598016737
-0.00166748108492
-0.00247559881948
-0.0024689329571
-0.00324474873534
0.00107634371529
-0.00044842521151
-0.00112692637676
-0.00184780730999
-0.00265846974011
-0.00262811190324
-0.00340669073657
0.000889419834992
-0.000621616845105
-0.00130349692227
-0.0020273769314
-0.00284058564046
-0.00278651087151
-0.0035678500305
0.00070318435923
-0.000794045121336
-0.00147930444622
-0.00220618457169
-0.00302194100052
-0.00294412538258
0.0011848687646
0.000517642107985
-0.000843452154074
-0.00165434371657
-0.00238422482547
-0.00320253026969
-0.0031009509452
0.00102528885974
0.000332797928156
-0.00101433859073
-0.00182860947652
-0.00256149225963
-0.00338234786707
-0.00325698305651
0.000844959718025
0.000148656693437
-0.00046157323762
-0.00200209644473
-0.00273798141357
-0.00356138818156
-0.00341221720234
0.000942972163924
-3.47766957985e-05
-0.000648168798498
-0.00217479931561
-0.00291368679943
-0.00373964557219
-0.00356664885758
0.000763778853056
-0.000217497312621
-0.000834054268844
-0.00234671275957
-0.00308860290237
-0.00391711436825
-0.00419980485421
-0.00605878980253
-0.00451113593604
-0.00678010067546
-0.00525016440582
-0.00376770140786
-0.00211375178255
-0.00417966767308
-0.00604220729293
-0.00449389123142
-0.0067624136637
-0.0052280859324
-0.00373445641361
-0.0020797018155
-0.00416250536026
-0.00602465838651
-0.00447565805786
-0.00674371301981
-0.00520892926152
-0.00370015609854
-0.0020445716651
-0.00414439832245
-0.00600614363114
-0.00445643701105
-0.00672399938636
-0.00518873413371
-0.00366480175126
-0.00200836271489
-0.0075413274763
-0.00598666360439
-0.00443622871841
-0.0067032734401
-0.00516750220773
-0.00362839469782
-0.00197107638842
-0.00752133263728
-0.00596621891347
-0.00441503570167
-0.00668153589192
-0.00514523424762
-0.0035909363014
-0.00193271414898
-0.00750039477742
-0.00594481019507
-0.00439285492617
-0.00665878748667
-0.00512193105388
-0.00355242796211
-0.00534046090717
-0.00747851452
-0.00592243811534
-0.00436968897663
-0.00663502900306
-0.00509759346337
-0.0035128711167
-0.00529995138922
-0.00745568879049
-0.00589910336974
-0.00434553860644
-0.00661026125353
-0.0050722223491
-0.00347226723832
-0.00525837058378
-0.00743192571757
-0.00587480668293
-0.00432040460017
-0.00293964056698
-0.00504581862015
-0.00343061783623
-0.00521572011022
-0.00740722228135
-0.00584954880868
-0.00429428777348
-0.0029128568571
-0.00501838322144
-0.00338792445557
-0.0051720016262
-0.00738157921439
-0.00582523857235
-0.00426718897297
-0.00288506651952
-0.00498991713358
-0.00676753115827
-0.00512721682732
-0.0073549972763
-0.00580659177004
-0.00423910907603
-0.00285627050015
-0.00496042137275
-0.00672275459781
-0.00508136744681
-0.00732747725365
-0.0057869818198
-0.00421004899072
-0.00282646977786
-0.00492989699042
-0.00667693890643
-0.00503445525524
-0.0073040092923
-0.00576640933021
-0.00418000965561
-0.00279566443302
-0.00489834507328
-0.00663008576979
-0.00498648206013
-0.00728295140187
-0.00574487493918
-0.00414899203967
-0.0027638573726
-0.00486576674294
-0.00658219690798
-0.00493744970566
-0.00726095331923
-0.00572237931385
-0.00411699714204
-0.00273104874209
-0.00825489468947
-0.006542259382
-0.00488736007231
-0.00723801569561
-0.00569892128782
-0.00408402599195
-0.00269723965061
-0.00822026703657
-0.00650684344937
-0.00483621507651
-0.00721413920943
-0.00567450531166
-0.00405007964851
-0.00266243123935
-0.00818461654321
-0.00647038207141
-0.00478401667031
-0.00354448004904
-0.00564913027688
-0.00401515920054
-0.00262662468144
-0.00814794446892
-0.00643287659466
-0.00473076684099
-0.00351872798112
-0.00562279696644
-0.00397926576645
-0.00258982118174
-0.00811025210712
-0.00639432840179
-0.00467646854202
-0.00560893179527
-0.00518373288328
-0.00317951937761
-0.00551249334411
-0.00493258336346
-0.00718972119497
-0.00249888785523
-0.00560015485343
-0.00519364344523
-0.00318940951013
-0.00552234423734
-0.00494237687471
-0.0071760270433
-0.00248529012197
-0.00559046108619
-0.00520264008408
-0.00319838759994
-0.00553128669963
-0.00495126723687
-0.00716143677738
-0.00562471341562
-0.00557984890328
-0.00521072254906
-0.00320645339782
-0.00553932048471
-0.00495925420794
-0.00714595078853
-0.00560933639844
-0.00556831953409
-0.0052178906148
-0.00321360667977
-0.00554644537125
-0.00496633757045
-0.00712956949181
-0.00559307033723
-0.00555587330225
-0.00522414408135
-0.00321984724711
-0.0055526611629
-0.00497251713146
-0.00313202739572
-0.0055759156616
-0.00554251055701
-0.00522948277425
-0.00322517492642
-0.00555796768832
-0.00497779272261
-0.00312268872376
-0.00555787282433
-0.0055282316731
-0.00771055031544
-0.00322958956965
-0.0055623648012
-0.00498216420013
-0.00312702688586
-0.00553894230131
-0.00551303705074
-0.00771405903957
-0.00323309105408
-0.00556585238028
-0.00498563144486
-0.00313046770435
-0.00551912459149
-0.00549692711555
-0.00771665261963
-0.00323567928236
-0.00556843032937
-0.00498819436229
-0.00313301108687
-0.00549842021677
-0.00547990231849
-0.0077183309832
-0.00323735418253
-0.00557009857736
-0.00787924950532
-0.00313465696512
-0.005476829722
-0.00546196313583
-0.00344145126711
-0.00323811570801
-0.00557085707822
-0.00788000358318
-0.00313540529491
-0.00545435367486
-0.00544311006905
-0.00344129908267
-0.00323796383761
-0.00557070581103
-0.00787985319807
-0.00313525605614
-0.00543099266578
-0.00542334364479
-0.00344023161781
-0.00323689857558
-0.00556964477996
-0.00787879835409
-0.00313420925281
-0.0054067473079
-0.00540266441476
-0.00343824890235
-0.00323491995152
-0.00556767401428
-0.00787683908002
-0.00313226491305
-0.00538161823698
-0.00538107295567
-0.00343535099165
-0.00323202802046
-0.00556479356836
-0.00787397542927
-0.00312942308906
-0.0053556061113
-0.00535856986916
-0.00343153796661
-0.00322822286281
-0.00556100352165
-0.00787020747992
-0.00312568385713
-0.00533544105583
-0.00533515578172
-0.00342680993368
-0.00322350458435
-0.00555630397869
-0.00786553533467
-0.00312104731766
-0.00533084776092
-0.00531083134456
-0.00342116702482
-0.00321787331623
-0.00555069506906
-0.00785995912088
-0.00311551359509
-0.00532536564568
-0.00528559723359
-0.0034146093975
-0.00593698629059
-0.00554417694741
-0.00387321306018
-0.00310908283792
-0.00531899485452
-0.00525945414927
-0.00340713723466
-0.00592952953795
-0.00553674979339
-0.0038658291897
-0.00310175521869
-0.00531173555517
