0.00651342015438
0.00473653419433
0.00310743515213
0.00629763054746
0.00440532454413
0.00255696019605
0.00645382468778
0.00654215400201
0.00476574331989
0.00313709405129
0.00633321144293
0.00444139016214
0.00259346431286
0.00649071496744
0.00657170423391
0.00479578206598
0.00316759508485
0.00636964319727
0.00447831788063
0.00263084068753
0.00652848830294
0.00660207018771
0.00482664973705
0.00319893752488
0.0064069249191
0.00451610677168
0.00266908835826
0.00656713997671
0.00663325118347
0.00485834561917
0.00323112062424
0.00644505569752
0.00455475588713
0.00270820634232
0.00660667083753
0.00666524652383
0.00489086898009
0.00326414361667
0.00648403460221
0.00459426425864
0.00274819363612
0.00664707985009
0.00669805549399
0.00492421906936
0.00329800571688
0.0065238606836
0.00463463089787
0.0034019349066
0.00668836595777
0.0067316773619
0.00495839511838
0.00333270612065
0.00656453297292
0.00467585479657
0.00344365772645
0.00673052808275
0.00676611137823
0.00499339634051
0.00336824400489
0.00660605048235
0.0047179349267
0.00348624672158
0.00677356512615
0.00680135677654
0.00502922193117
0.0034046185278
0.00664841220512
0.00476087117189
0.00352970080636
0.00681747596823
0.00683741277331
0.00506587106787
0.00344182882891
0.00669161711564
0.00480466060227
0.00357401887495
0.00686225946843
0.00687427856805
0.00510334291038
0.00347987402918
0.00673566416961
0.00484930306254
0.00361919980152
0.0069024936319
0.00691195334338
0.00514163660078
0.00351875323117
0.00676266941232
0.00487845872055
0.00365051398092
0.00691841778797
0.00695043626513
0.00518075126357
0.00355846551904
0.00678581740693
0.00490191884328
0.00367425630107
0.00693523055233
0.00674649296559
0.00522068600575
0.00359900995876
0.00680981965629
0.00492624459089
0.00369887452078
0.00695293148127
0.00678658961087
0.00526143991694
0.00364038559812
0.00683467557322
0.00495143535223
0.00372436800668
0.00697152010797
0.00682749180013
0.00530301206948
0.003669389279
0.00686038455017
0.00497749049499
0.00375073610351
0.00699099594257
0.00686919863291
0.00534540151853
0.00369556352856
0.00688694595938
0.00500440936583
0.00377797813424
0.00701135847219
0.00691170919242
0.00538860730215
0.00372257734807
0.00691435915291
0.00503219129045
0.00380609340011
0.00703260716104
0.00695502254562
0.00543262844145
0.0037504300981
0.00694262346271
0.00506083557365
0.00383508118075
0.00705473958782
0.00699913774335
0.00547746394068
0.00377912112007
0.00697173820076
0.00509034149944
0.00386494073427
0.00707775889637
0.00604793612831
0.00723334584574
0.00242661147068
0.00365441161111
0.00493696506218
0.0045625050619
0.00126480241939
0.00606319281668
0.00234572383244
0.00244328648277
0.00367187575253
0.00495527586626
0.00458172230538
0.00128498671647
0.00607948478762
0.00236274557683
0.00246109239124
0.00369052391631
0.00497482763138
0.00632028288278
0.00130653773056
0.00609681145767
0.00238084804669
0.00248002843483
0.0037103552283
0.00499561935044
0.00634210265644
0.00132945411419
0.0061151722068
0.00240003053515
0.00250009380473
0.00373136875982
0.00501764995368
0.00636522187755
0.00135373443647
0.00613456637853
0.00242029229384
0.00252128764473
0.00375356352787
0.0050409183089
0.00638963923841
0.00137937718352
0.00615499328001
0.00244163253301
0.00254360905141
0.00377693849541
0.00506542322184
0.00641535335976
0.00140638075895
0.0061757256697
0.00246405042174
0.00371812148514
0.00380149257155
0.00509116343638
0.00644236279123
0.00143474348434
0.00618421688847
0.00248754508803
0.00374269512703
0.00382722461182
0.00511813763495
0.00647066601169
0.00146446359977
0.00619374387788
0.00251211561904
0.00376839334402
0.00385413341844
0.00514634443879
0.00650026142973
0.00149553926436
0.006204306297
0.00253508318087
0.00379521504584
0.00388221774057
0.00517578240838
0.00653114598708
0.00152796855681
0.00621590376804
0.00254719226281
0.00382315909606
0.00391147627465
0.00520645004371
0.00656332074699
0.00156174947599
0.00622853587639
0.00256038145816
0.00385222431232
0.00394190766464
0.00523834578473
0.00659678251287
0.00159687994158
0.00624220217069
0.00257465025328
0.00387760641428
0.00397351050236
0.00527146521774
0.00663152941665
0.0016306905189
0.00625690216296
0.00258999809283
0.00389364833084
0.00400628332782
0.00530581225166
0.00666755952235
0.00164874465379
0.00627263532861
0.00260642437994
0.00391081716259
0.00404022276689
0.00534138235469
0.0067048708266
0.00166815924329
0.0062894011066
0.00262392847623
0.00392911218086
0.00406821228958
0.00537817373055
0.00674346125918
0.00168893308566
0.00630719889951
0.00264250970203
0.00394853260984
0.00408853083975
0.00541618452498
0.00678332868359
0.00171106489659
0.00632602807365
0.00266216733646
0.00396907483283
0.0041100254758
0.00545541282622
0.00682447089763
0.00173455330961
0.00634588795916
0.00268290061757
0.00399074356825
0.00413269520245
0.00548621501804
0.00686688563397
0.00175939687647
0.00636677785016
0.0027047087425
0.00401353510603
0.0041565389712
0.00551118266179
0.00688351603345
0.00176866598757
-0.000959539531366
-0.00239866378023
-0.0028138232017
-0.00301066304364
-0.00319090748323
0.00105966541647
0.000544028122377
0.00027181747239
0.000248558217301
5.84340411884e-05
-0.000346487974702
-0.000684059176353
-0.000936042987108
-0.00129326447361
0.00143457959769
0.000979666832992
0.000241153701642
-0.000309293527803
-0.000644893322728
-0.00069893018095
-0.00122093671352
-0.00211639100685
-0.00251528571941
-0.0029210462653
-0.00311844912222
0.00146945175816
0.00107726535527
0.000561878124163
0.000289801906516
0.000266554738125
-0.000163831546923
-0.000571313310303
-0.00226464616109
-0.00252605751219
0.00179298721713
0.00126427188999
0.000807026402912
0.000406796658003
-0.000199666038938
-0.000534111406577
-0.000587960111329
-0.000961106605143
-0.00225235820463
-0.00257305927914
-0.00296874482712
0.00170897717007
0.00131397285935
0.00103955398587
0.000641633711797
-0.00098287894754
-0.00102181480242
-0.00167692762543
-0.00208627296429
-0.00242870341315
0.00197957201198
0.00161804501651
0.00116020128277
0.000701517962536
0.00051096648435
-2.08554797035e-05
-0.000353434925631
-0.000528719710016
-0.000869263151811
-0.00232997919492
-0.00259598638016
0.0019186832458
0.000274676542415
-0.000134253283207
-0.0004244704194
-0.000732942634973
-0.000840565339259
-0.0011170514819
-0.00177393125668
-0.00218441439161
0.00215037649517
0.00187129165574
0.00150861035823
0.00112298366302
0.000663784103807
0.000473013925532
-0.0017691785199
-0.00209921656457
-0.00260997761195
0.00164070304545
-0.00357202292568
0.000907299391619
0.000637388568585
0.000240621898309
-0.000168685177546
-0.000474281675933
-0.000783177181449
-0.000845504566976
-0.00114986984462
-0.00180736073817
0.00246050364048
0.00211566818905
0.00182845819064
-0.000529862040799
-0.000842338331771
-0.00130112270815
-0.00149171739127
-0.00171174275339
-0.00207343468739
0.00189984156382
0.00162514870191
0.00121330871004
0.000947447124948
0.000768486414365
0.000266826251991
-0.000142190475478
-0.000462667691073
-0.000771464398111
-0.000833771644457
-0.00112009900792
0.000906524415161
0.000496006161382
0.000150929181462
-0.000143862677692
-0.0005067581856
-0.000745582698692
-0.00120302984992
-0.00144667340499
-0.00176760289881
0.00250620200088
0.00195518248058
0.00168097137663
0.00131178265982
0.00104660770016
0.000958324213405
0.000353163064011
-5.48999615478e-05
-0.000389686791001
-0.00256096327871
-0.00262314427282
0.0016556658859
0.00100044056037
0.000591024182915
0.000246347350918
-5.54425172242e-05
-0.000417393768963
-0.000741991329434
-0.00103771488744
-0.00143376006388
0.00277067697712
0.00262980470711
-4.81605980104e-05
-0.000321282736159
0.00146841273876
0.00120432260539
-0.00079142333056
-0.0013638803253
-0.00177034012703
-0.00211880251211
-0.0024258496555
0.00205885932616
0.00180982808592
0.00115744371111
0.000749856154767
0.000406208033875
8.10765682415e-05
-0.000356224459739
-0.000700307225934
-0.000914995677313
0.00104346765936
0.000723458835348
0.00067685850444
0.000147140878108
-0.000124307962908
-0.000180604217526
-0.000445060041855
-0.000883037536194
-0.00115879990001
-0.00156302982317
-0.0019244797522
0.00231675867361
0.00225513836855
0.00202516081984
0.00137670330465
0.000971642424941
0.000629629880051
-0.00194651624205
-0.00238253261185
-0.00271984233476
0.00159011120452
0.0011921838896
0.000873622634865
0.000827235450072
0.000410752241321
0.000141529578094
8.99830549007e-05
-0.000477314410033
-0.00091566336116
-0.00112043703056
-0.00129705268312
0.00287589910793
0.00257257354392
0.00251138030319
0.000172800270706
-0.000470703486806
-0.000872579358425
-0.00121238148732
-0.0017817926395
-0.00221571569702
0.0019782917627
0.00176539875574
0.0014076483238
0.00109116115839
0.00104507954786
0.000741023719791
0.000474538957182
6.02129288139e-05
-0.000451102530988
-0.000889149094306
-0.00109377932629
0.00135766404593
0.00106002233114
0.000759234268915
0.000698557930582
0.000506979886569
-0.000130614969177
-0.000528693981815
-0.000970312476259
-0.00155345287423
0.00253944275079
0.00221740040731
0.00200600422459
0.00168858038762
0.0013747570999
-0.000907138755863
-0.00110024305903
-0.00136352705903
-2.0570124455e-06
-0.00247180198331
-0.0029088778695
0.00141108640392
0.00144358264882
0.00142869320633
0.00113084997016
0.00107077334949
0.000898337350062
0.000267526168341
-0.000255798078805
-0.000878047590986
0.00326121794447
0.00283376035607
0.000283878922759
7.43466079438e-05
-0.000202847974848
-0.000513462216939
-0.000558679690228
-0.000691917033137
-0.00108332214508
-0.00211186095491
-0.00240639096978
0.00175940663102
0.00155601149406
0.00158838417991
0.00183161530904
0.00147598072928
0.00110746446899
0.000976057299458
0.000721858459934
-0.000103520535843
0.00156462130994
0.00118905584326
0.000931768992882
0.000648484775169
0.000441155394012
0.000203859997192
-0.000103053316341
-0.000147726439059
-0.000394287177989
0.0035342049493
-0.00205866004174
0.00216944264296
0.0018716548921
0.00166426642551
0.00165802714353
0.00188679264402
0.00149392663545
-0.00102662874193
-0.00115797244618
-0.00119599485416
0.0023973331943
0.00178139619492
0.00140811464079
0.00117693433091
0.000953326949557
0.000868272839037
0.000670332872004
0.000367556742235
0.000323491896991
0.00428300510251
0.00102803351796
0.00257618200446
0.0022790997593
0.00198215998639
-0.000373748600819
-0.000379968811285
-0.00015188012744
-0.000581247201496
-0.000948835239659
-0.00107990719172
0.00346796436446
0.00267021941923
0.00205891373178
0.00168851562856
0.00148345474696
0.00126177806474
0.00129290885639
0.00119421036453
-0.00169231448041
0.0022977758957
0.00183396380679
0.0014549103913
0.000591700034823
0.000294006339939
-1.65128895063e-06
-0.000201366465794
-0.000207558800903
1.95137155172e-05
-0.000445467565347
-0.000811737542835
0.00349762785497
0.00360514596862
0.00300156978847
0.00239579353875
0.00202883606644
-0.000738497714072
-0.000957910731993
-0.000927099546076
-0.0008152773051
0.00292478745457
0.00288209610534
0.00231516938026
0.00194136754884
0.000815731141654
0.000517859663518
0.000223903317468
2.84184496632e-05
2.22628861725e-05
0.000247996208582
-0.000251572307527
0.00382398470828
0.00369406290578
0.00121276000843
0.000801573623992
0.000202149691395
-0.000160857068199
-0.000314193258873
-0.000531041269311
-0.000500592135761
0.00381002755633
0.00356095532166
0.00320505707316
0.0027065609364
0.0023674701243
0.00109510836276
0.000797478513815
0.000505619859666
0.000314591362459
0.000308480988052
0.00053256665693
0.00185126157674
0.00148924541509
0.00136018616114
0.00146643736027
0.00124502117252
0.000652689987637
0.000294089255547
0.000166108072464
-4.79080464254e-05
0.00401563315419
0.00406427804787
0.00381882949159
0.00349806555549
-4.87033409805e-05
-0.000333902795541
0.00142867423448
0.0011316878745
-0.00151652385908
-0.00170289963566
-0.00170895790254
0.00259045361408
0.00215853393043
0.00179939765457
0.00167137813028
0.00169405378161
0.00156093393324
0.00115715891702
0.000803364858836
0.000602937413749
0.00452279541491
0.00141497293479
0.00117948478606
0.000935718291595
0.000673514393601
0.000345279686454
0.000147768690193
-0.000543731562784
-0.000839695046384
-0.00112627624659
-0.00130783367691
0.00289668604863
0.00283538199725
0.00252062666895
0.00216482647916
0.00203800972517
0.00196579119796
0.00183360701763
0.00171343890144
-0.00171770107872
0.00189844408574
0.00187214043823
0.00196898364848
0.00149059579254
0.00124886909403
0.00104465065991
0.000780478338475
0.000601269794348
-0.000105962403818
-0.000400550231016
-0.000684012654805
0.0033499001735
0.00331996776217
0.00313514925836
0.00293604221747
0.00258399249445
-0.000524850810553
-0.000690184813343
-0.000821259004543
-0.00091938361177
0.0026086867266
0.00235254234464
0.00232655091609
0.00233251331496
0.0018587276608
0.00161937081229
0.00147230125283
0.00121117065806
0.00108106158274
0.0048290486374
0.00309768027313
0.00618679156431
0.00432380736356
0.00325688154751
0.00645077793479
0.00471335700246
0.00487046674824
0.00311758716071
0.00622054848786
0.00435799101223
0.00329143982654
0.00647878326267
0.00474165720871
0.00491274554181
0.00313838071968
0.0062529123588
0.00439307692057
0.00332690997843
0.006507715602
0.00477089400418
0.00494136221127
0.00316006040283
0.0062748879038
0.00442906412435
0.0033632910072
0.00653757411701
0.00479419747971
0.00496359199219
0.00318262564011
0.00629776095052
0.00446595163596
0.00340058003017
0.0065683579462
0.00481685578411
0.00498669373365
0.0032060758387
0.00632153088165
0.00450373844461
0.00343877972865
0.00660006620249
0.00484045301075
0.00501066684705
0.0032304103831
0.00634619705627
0.00453960125816
0.00347788717224
0.00663269797337
0.00486498846243
0.00503551072219
0.0032556286352
0.00637175880993
0.00456546898377
0.00351790126953
0.00666625232098
0.00489046141491
0.00506122472728
0.00328172993436
0.00639821545478
0.00459224407117
0.00355394175945
0.00670072828228
0.00491687111713
0.00508780820905
0.00330871359749
0.0064255662796
0.00461992392067
0.00358890983577
0.00673612486919
0.0049442167912
0.00511526049284
0.00333657891917
0.00645381054993
0.00464850777112
0.00362478671266
0.00677244106868
0.00497249763261
0.00514358088264
0.00336532517171
0.00648294750818
0.00467799483746
0.00366157138918
0.00680327525888
0.00500171281027
0.00517276866126
0.00339495160525
0.0065129763737
0.00532723698568
0.0036992628406
0.00683309090393
0.0050318614667
0.00520282309033
0.00342545744787
0.00654389634288
0.00535852803318
0.00373211446519
0.00686382905925
0.0050629427181
0.00523374341044
0.00345684190567
0.0065757065893
0.0053907197986
0.00376463778936
0.00689548884447
0.00509495844848
0.00526552884124
0.00348910416289
0.00660840626379
0.00542381140209
0.00379806999093
0.006928069354
0.00512051640546
0.00529817858152
0.00352224338199
0.00664199449458
0.00545780194042
0.00383241013873
0.00696156965714
0.00514491733863
0.0053316918093
0.0035562587038
0.00667647038738
0.00549269048707
0.003861661304
0.00699598879822
0.00517025309877
0.00536606768196
0.00359114924758
0.00671183302553
0.00552847609235
0.00388325677107
0.00703132579677
0.00519652294313
0.00540130533632
0.00362691411116
0.00674808147008
0.00556515778357
0.00390576615317
0.00211051838663
0.00522372610243
0.00543740388875
0.00366355237105
0.00678521475996
0.00560273456513
0.00392918882051
0.00214768805996
0.00525186178093
0.00446578447247
0.00578361114932
0.00247737125483
0.00215920946814
0.00373211637749
0.00544447204198
0.00503585251259
0.00448811713113
0.00580690020163
0.00250167195473
0.00218457614711
0.0037586002805
0.00547211835188
0.00506731606771
0.00451153018286
0.005831315325
0.00252714696191
0.00221116786644
0.00378636228816
0.00550109785461
0.00510017459929
0.0045360227119
0.00585685548155
0.00255379509804
0.00223898328685
0.00381540087754
0.00553140881933
0.00513442595344
0.00456159376138
0.00588351958691
0.00258161513225
0.00226802100949
0.0038457144583
0.00556304943888
0.00517006788967
0.00458824419614
0.00591130651051
0.00261060578135
0.00229827957636
0.00387730137306
0.0055960178303
0.00518257594388
0.00461596925234
0.00594021507576
0.00264076571017
0.00232975747059
0.0039101598979
0.00563031203541
0.0051759147945
0.00464476971355
0.00597024406034
0.00267209353181
0.00236245311687
0.00394428824278
0.00566593002133
0.00517066235113
0.00467464446035
0.00600139219641
0.00270458780803
0.00239636488181
0.00397968455205
0.00570286968116
0.0051668184955
0.00470559233324
0.00603365817093
0.00273824704949
0.00243149107435
0.00401634690494
0.00574112883449
0.00516438348193
0.00473761213279
0.00606704062588
0.00277306971615
0.00246782994618
0.00405427331605
0.00577401796042
0.00516335747154
0.00477070261993
0.00610153815858
0.00280905421761
0.00250537969216
0.00409346173591
0.00577438200731
0.00516374053223
0.00480486251616
0.00613714932194
0.0028461989134
0.00254413845076
0.0041339100515
0.00577608516262
0.000572224554934
0.00484009050378
0.00617387262481
0.00288450211346
0.00258410430452
0.0041756160868
0.00577912732454
0.000575425588492
0.00487638522618
0.00621170653224
0.0029239620784
0.00262527341785
0.00421857760338
0.00578350831127
0.00244804397332
0.00490171209955
0.00625064946581
0.00296457701998
0.0026676474881
0.00426279230098
0.00578922786105
0.00245406213262
0.00492411620135
0.00629069980397
0.00300634510144
0.00271122257018
0.00430825781811
0.00579628563225
0.00246148830435
0.00494759500059
0.00632478948088
0.00304926443793
0.00275599652763
0.00435497173264
0.00580468120346
0.00247032199765
0.00497214758854
0.00163147960399
0.00309333309695
0.00461440565104
0.00440293156246
0.00581441407363
0.0024805626289
0.00499777301605
0.00165817526723
0.00313687932525
0.00466157073633
0.00445213476608
0.0058254836622
0.00249220952194
0.00502447029365
0.00168598959559
0.00316586458049
0.00470992796866
0.00450257874331
0.0058378893093
0.0025052619083
-0.00232711505398
-0.00560624613822
-0.00624148045609
-0.00248465665447
-0.00322719135204
-0.00444437881631
-0.00252200941262
-0.00225680190564
-0.00553222536372
-0.00616351984299
-0.00240254732501
-0.0031407700605
-0.00438243542324
-0.00245642178806
-0.00218519088911
-0.00545684711822
-0.00608413991291
-0.00231895529991
-0.00305280219832
-0.00431878157575
-0.0023949912015
-0.00211228625421
-0.0053801163258
-0.00600334637427
-0.00223388719069
-0.00298603680697
-0.00425342374942
-0.00233443152553
-0.00203809230848
-0.00530203797445
-0.00592114500576
-0.0021473496853
-0.00292273077571
-0.00418636855919
-0.00227206206068
-0.00196261341603
-0.00522261711462
-0.00583754165449
-0.00205934954585
-0.00285781918329
-0.00411762275626
-0.00220788989589
-0.00188585399637
-0.00514185885776
-0.00575254223411
-0.00196989360624
-0.00279130786004
-0.00404719322493
-0.00214192228644
-0.00180781852322
-0.0050597683748
-0.00566615272298
-0.00187898876986
-0.00272320275071
-0.0039750869794
-0.00207416665007
-0.00172851152335
-0.00497635182602
-0.00557837916233
-0.00178664200729
-0.00265350991202
-0.00562501415752
-0.00200463056308
-0.00164793757535
-0.00489161263426
-0.00548922765435
-0.00169286035395
-0.00258223551018
-0.00555173481875
-0.00665124219762
-0.0015661013085
-0.00480555707138
-0.00539870436038
-0.00159765090783
-0.00250938581833
-0.00548271132013
-0.00657816855297
-0.00148300833286
-0.00471819053147
-0.00530681549902
-0.00150102082715
-0.00243496721405
-0.00541201669042
-0.00650333809863
-0.00139866151279
-0.00462951846069
-0.00521356734432
-0.00141240236078
-0.00235898617674
-0.00533965786844
-0.00642675853986
-0.00131306655372
-0.00453954635578
-0.0051189662239
-0.00589387883023
-0.00230259203066
-0.00526564191658
-0.00634843911751
-0.00387938468277
-0.00444827976258
-0.00502301851712
-0.00586519743836
-0.00227233605424
-0.00518997601772
-0.00626838780988
-0.00379130795027
-0.00435572427454
-0.00493215417434
-0.00583495552069
-0.0022404357357
-0.00511266747201
-0.00618661319133
-0.00370199767154
-0.00426188553123
-0.00490200701294
-0.00580315555331
-0.0022068939779
-0.00503372369367
-0.00610312396244
-0.00361145879701
-0.00416676921688
-0.00487038342134
-0.00576980013428
-0.00217171382566
-0.00495315220777
-0.00601792894592
-0.00774863096388
-0.00407409889307
-0.00483728571951
-0.00573489198249
-0.00213489846446
-0.00490431307137
-0.00593103708246
-0.0076556499123
-0.00404130510004
-0.00480271633034
-0.00569843393665
-0.00209645121903
-0.00486380044323
-0.00584245742655
-0.00756145535808
-0.00400711560693
-0.0047666777788
-0.0056604289541
-0.00205637555183
-0.00482157527904
-0.00575219914241
-0.00363462407668
-0.00538067694548
-0.00689586522435
-0.00488567025052
-0.00282823656133
-0.00485141323247
-0.00560475342719
-0.00357017626013
-0.00531487054751
-0.00682880213755
-0.00481747709402
-0.00275906451942
-0.00478143665784
-0.00552952013431
-0.0035047141756
-0.00524803068583
-0.0067606879525
-0.00474821708309
-0.00268881205387
-0.00471036856293
-0.00545478241526
-0.0034382401746
-0.00518015985827
-0.00669152530732
-0.00467789298613
-0.0026174820491
-0.00463821192974
-0.00537895264852
-0.0033707566376
-0.00511126059298
-0.0066213168717
-0.00460650760427
-0.00254507742327
-0.00456496977485
-0.00530203404475
-0.00330226597355
-0.00504133544792
-0.00655006534646
-0.00453406377087
-0.00247160112774
-0.0073515712405
-0.00522402984785
-0.00687367564217
-0.00497038701052
-0.00647777346303
-0.00446056435101
-0.00239705614652
-0.00727616722734
-0.00514494333437
-0.00681084073709
-0.00489841789716
-0.006404443983
-0.00438601224093
-0.00232144549571
-0.00719968694385
-0.00506477781288
-0.0067489460551
-0.00482543075276
-0.00633007969759
-0.00431041036757
-0.00224477222293
-0.00712213353907
-0.00498353662332
-0.00668603879223
-0.00476006545851
-0.00625468342722
-0.00423376168801
-0.00216703940681
-0.00704351019372
-0.00492190078225
-0.00662212119235
-0.00469483430346
-0.00617825802099
-0.00415606918892
-0.00208825015635
-0.00696382011956
-0.0048683822006
-0.00655719552862
-0.00462857644768
-0.00611043210905
-0.00407733588608
-0.00200840761045
-0.00688306655884
-0.00481374454644
-0.00649126410304
-0.00456129433282
-0.00604190477269
-0.00399807560274
-0.00192751493725
-0.00680125278367
-0.00475799017383
-0.00642432924614
-0.00449299043036
-0.00597233884415
-0.00392737928944
-0.00184557533366
-0.00671838209546
-0.00470112147816
-0.00635639331652
-0.00442366724123
-0.00590173696015
-0.00385563219128
-0.00176397464339
-0.00664440554477
-0.00464314089563
-0.00628745870053
-0.00435332729528
-0.00583010178754
-0.00378283710163
-0.00566827387153
-0.00658595893259
-0.00458405090277
-0.00621752781186
-0.00774791618942
-0.00575743602286
-0.00370899684459
-0.00559342136473
-0.00652641649435
-0.00452385401594
-0.00614660309112
-0.0076755504333
-0.00568374239187
-0.0036341142744
-0.00551751417702
-0.00646578070551
-0.00446255279082
-0.00607468700547
-0.0076021747483
-0.00560902364909
-0.00355819227503
-0.00544055530685
-0.00640405407933
-0.00440014982188
-0.00600178111692
-0.00752779363859
-0.00553328257729
-0.0034812337596
-0.00536254778265
-0.00634123916639
-0.0043366477419
-0.0059278898072
-0.00745240884119
-0.00545652198706
-0.00340324166993
-0.00528349466223
-0.00627733855408
-0.00427204922141
