0.00150776825132
-0.000644616270042
0.00115206828826
0.000184586473303
-0.00212213528271
-0.000276342528823
0.00153356553181
0.0014379146355
0.00330429626626
0.00108117340432
0.00288114216731
-0.00219388244911
-0.000348437636161
0.00146980574235
0.00136860960105
0.003234452322
0.0010108343318
0.00281035492558
0.00196011536073
-0.000419968650614
0.00140661996353
0.00129985388338
0.00316516148447
0.00094105183819
0.00274012739745
0.0018894923846
-0.000490934766594
0.00134400892245
0.00123164821337
0.0030964245011
0.000871826686339
0.00267046035985
0.00181943269046
-0.000561335183356
0.00128117878672
0.00116399331732
0.00302824211467
0.000803159634362
0.00260135458497
0.00174993706311
-0.000631169105045
0.00121106052797
0.00109688991694
0.00296061506328
0.000735051435627
0.00253281084016
0.00168100628248
-0.000700435740733
0.00114151160195
0.00103033872931
0.00289354408032
0.00066750283871
0.00246482988793
0.00161264112355
-0.00076913430446
0.00107253280391
0.000964340466816
0.00282702989441
0.000600514587357
0.00239741248586
0.00154484235638
-0.00083726401528
0.00100412492403
0.000898895837153
0.00276107322939
0.000534087420448
0.00233055938662
0.00147761074602
-0.000904824097298
0.000936288747396
0.000834005543266
0.00269567480428
0.000468222071955
0.0022642713379
0.00141094705246
-0.000971813779712
0.000869025053957
0.000769670283324
0.00263083533321
0.00040291927091
0.00219854908236
0.00134485203065
-0.00103823229685
0.000802334618482
0.000705890750681
0.00256655552544
0.000338179741361
0.00213339335764
0.00127932643038
-0.00110407888823
0.000736218210517
0.000642667633842
0.00250283608527
0.00027400420234
0.00206880489625
0.00121437099632
-0.00116935279857
0.000670676594345
0.000580001616428
0.00243967771204
0.000210393367823
0.00200478442559
0.00114998646791
-0.00123405327784
0.000605710528944
0.000515784927049
0.00237502698168
0.000145350520888
0.00193939424998
0.00108429642073
-0.00129999331199
0.000539572532631
0.000452096803587
0.00231083766515
8.07006082311e-05
0.00187432732594
0.00101885887725
-0.00136575250473
0.000473542963219
0.000388966087046
0.00224720972857
1.66157181789e-05
0.00180982871532
0.000953992566177
-0.00143093793616
0.000408089277712
0.000326393462391
0.00218414387272
-4.69034337867e-05
0.00174589914709
0.000889698228607
-0.00149554885456
0.00034321223685
0.000264379609636
0.00212164079332
-0.000109856137307
0.00168253934504
0.000825976600379
-0.00155958451353
0.000278912595996
0.000202925203818
0.00205970118101
-0.000172241687184
0.00161975002769
0.000762828412018
-0.00162304417202
0.000215191105091
0.000389330668586
-0.000620193159436
-0.0016019148848
0.00185488182817
-0.00125083722418
-0.00238716575693
0.00106388518703
0.000318249338505
-0.000692935677119
-0.00167559695327
0.00179200802675
-0.0013174977415
-0.00245553132746
0.00099377012331
0.000247786395817
-0.000765047112336
-0.00174863404211
0.00172980659908
-0.00138347304859
-0.0025231960234
0.000924371860007
0.000177942792602
-0.000836526447432
-0.00182102507293
0.00166827852604
-0.00144876019608
-0.00259015867544
0.000855691655086
0.0001087194745
-0.000907372671511
-0.0018927689745
0.00160742477978
-0.00151336183157
-0.00265641812388
0.000787730756398
4.01173806528e-05
-0.000977584780503
-0.00196386468285
0.00154724632361
-0.00157727502383
-0.00272197321868
0.000720490401572
-2.78625563538e-05
-0.00104716177723
-0.00203431114131
0.00148774411199
-0.0016404987135
-0.00278682281952
0.00065397181791
-9.52194105496e-05
-0.00111610267147
-0.00210410730058
0.00142891909039
-0.0017030318505
-0.00285096579597
0.000588176222287
-0.000161952262638
-0.00118440648001
-0.00217325211884
0.00137077219528
-0.00176487339414
-0.00291440102753
0.00052310482104
-0.000228060200056
-0.00125207222676
0.00228913045051
0.00131330435401
-0.00182602231316
-0.00297712740372
0.000458758809873
-0.000293542317029
-0.00131909894274
0.00222129140961
0.0012549715198
-0.00188647758585
-0.00303914382419
0.000395139373748
-0.000358397714632
-0.0013854856662
0.00215410678978
0.00118617309284
-0.00194623820009
-0.00310044919881
0.000332247686788
-0.000422625500845
-0.00145123330533
0.00208757760232
0.00111804414415
-0.00200530315347
-0.00316104244774
0.00027008491217
-0.00048622479061
-0.00151633718771
0.00202170485071
0.00105058574866
-8.42943326346e-05
0.00138903856112
0.00020865220203
-0.000549194705892
-0.00158079823627
0.00195649139321
0.000983798972972
-0.000141964996248
0.00132987276138
0.000147950697357
-0.00061153437573
-0.00164461551876
0.00189193449218
0.000911383718863
-0.000198937050724
0.0012714222641
8.79815278971e-05
-0.000673242936299
-0.00170778811047
0.00182803698988
0.000838951024912
-0.000255209533215
0.001213688107
2.87458120533e-05
-0.000734319530961
-0.00177031509428
0.00176479985787
0.000767187480123
-0.000310781490955
0.00115667131707
-2.97553432137e-05
-0.000794763310325
-0.00183219556074
0.00170222405951
0.000696090490944
-0.000379535964266
0.00110037291044
-8.75208424829e-05
-0.000854573432303
-0.00189342860811
0.00164031054996
0.000625663043741
-0.000451701131398
0.00104479389233
-0.00014454960197
-0.00091374906216
-0.00195401334245
0.00157906027606
0.000555906254136
-0.000523181067108
0.000989935256984
-0.000200840549623
-0.00140646679257
-0.00200841164186
-0.00252140911377
-0.00297236045906
-0.00349513798121
-0.00403303602928
-0.00447393478963
-0.00498053144901
-0.000562165168202
-0.00185732169065
-0.00233973447888
-0.00293613762494
-0.00351514031306
-0.00406322550664
-0.00450977528343
-0.00485319663964
-0.00531442692657
-0.0010085335398
-0.0015143822625
-0.00198028601269
-0.00251932948175
-0.00102312304187
-0.00160961426333
-0.00212039289562
-0.00258378800558
-0.00311830960718
-0.00365397209558
-0.00409301859903
-0.00462519365205
-0.00515221540457
-0.000637876306445
-0.00114052866536
-0.0017243468253
-0.00316053266407
-0.00370637184711
-0.00415107059899
-0.00449305532768
-0.00498304233012
-0.00556609163835
-0.00118899296875
-0.00165308539618
-0.00221583341761
-0.00504063181636
-0.000628027603627
-0.00113648327673
-0.00218975755483
-0.00271846657014
-0.00325177725232
-0.00368887545389
-0.0042462760136
-0.00477106779073
-0.00522879524287
-0.000781927907692
-0.00135310187901
-0.0019194703226
-0.00246035049196
-0.00290308844836
-0.00324987050749
-0.00462665612445
-0.00520726177114
-0.00572946263088
-0.00132318095878
-0.00188966804897
-0.00461621273221
-0.0051647026236
-0.000690659864938
-0.00121275508377
-0.00173557303724
-0.00226642071471
-0.00326181460513
-0.00384407478146
-0.00436652017017
-0.00484848888126
-0.00534697829908
-0.000957965245429
-0.00152178633862
-0.00205496604032
-0.00249563815991
-0.00290937845205
-0.00338083682366
-0.00395885214635
-0.00448889643846
-0.00499713344505
-0.00154376053024
-0.00416990479262
-0.00469989772352
-0.00520494357714
-0.000773756505642
-0.00129061202441
-0.00181889065526
-0.00225182109008
-0.00285856318926
-0.00337855093092
-0.00388441919529
-0.00494099276838
-0.00548675230434
-0.00110040246653
-0.00162581025024
-0.00206431635109
-0.00254430596506
-0.00299788181004
-0.00355068050418
-0.0040883438402
-0.00461951082603
-0.00519903251558
-0.00370201636251
-0.00422938554801
-0.00474661983363
-0.00529281683196
-0.000823569491685
-0.00134917827309
-0.00183639132647
-0.00241073365227
-0.00292815775167
-0.00345757202908
-0.00395145129949
-0.00448446574746
-0.00504281716091
-0.000582020944205
-0.00160947496432
-0.00215496169666
-0.00260650227957
-0.00311835238307
-0.00366340919788
-0.00421713798606
-0.00480283491713
-0.00286121115352
-0.00337591010137
-0.00390509332246
-0.00444849875538
-0.00531485269425
-0.000857620015127
-0.00141164791217
-0.00194058180909
-0.00245543487925
-0.00300793769097
-0.00350137310965
-0.00404558205474
-0.00457970444654
-0.00508474500486
-0.000601234110704
-0.00115045999299
-0.00159986006768
-0.0020710199331
-0.00321445325435
-0.00379710598965
-0.00438200823662
-0.00237716091617
-0.00287514744632
-0.00344137284284
-0.00395863480468
-0.00444303967169
-0.00501938887408
-0.000595070022059
-0.00111216438198
-0.00199608273668
-0.00254155110486
-0.00305211681196
-0.00359361428475
-0.00412216516875
-0.00460315113669
-0.00514540810127
-0.000713556315737
-0.00116071560854
-0.0015989139665
-0.00215064029926
-0.00276383134859
-0.00334570724238
-0.00189060231542
-0.00246420908179
-0.00301419872659
-0.0035317935766
-0.00398800311647
-0.00456794794726
-0.00513101869249
-0.00064109916525
-0.00114296368983
-0.00168556830181
-0.00220873547278
-0.00311907500711
-0.00364197962741
-0.00412038908957
-0.00468806613369
-0.00523176099006
-0.000698214372643
-0.0011061673463
-0.0016928716951
-0.00229800670012
-0.00287672740411
-0.00110803658191
-0.00203166866305
-0.00256544423513
-0.00309108205507
-0.00354517153163
-0.00409480270795
-0.00466995080043
-0.00519232218208
-0.00066199052946
-0.00117938752756
-0.00171489608161
-0.0022651673178
-0.00282910074639
-0.00332417675996
-0.0038362726293
-0.00474869492716
-0.00519109216931
-0.00059771238743
-0.00128391469136
-0.0018719276168
-0.00238424855174
-0.000657024223234
-0.00126386226033
-0.00178145760511
-0.00231494601653
-0.00276683325297
-0.0036155969715
-0.0042013414052
-0.00473144530348
-0.00518896948044
-0.000716350214671
-0.00120318752999
-0.00180656128745
-0.00236765341084
-0.00288221284788
-0.0033337123282
-0.00387143867124
-0.00431132495287
-0.00477512665351
-0.000467873315255
-0.00143636941471
-0.00192174267788
-0.00517523826905
-0.000788995165069
-0.00130360741304
-0.00183159995364
-0.00228120690145
-0.00281459901597
-0.00339732810494
-0.00393496561402
-0.00440250878816
-0.00529476056345
-0.000789303596929
-0.00132579803828
-0.00189715570427
-0.0024176609389
-0.00284171332843
-0.0033436919347
-0.00378098754715
-0.00432263592826
-0.0050019923368
-0.000593948731798
-0.00107676872132
-0.00468270529202
-0.00528355910751
-0.000805410207046
-0.00132740850549
-0.00177466127372
-0.00230653255229
-0.00288615106307
-0.00343112310499
-0.00397120761973
-0.00454684072402
-0.00502925276185
-0.00050926929977
-0.00109916121101
-0.00193086522195
-0.00235265013079
-0.00279418170388
-0.00322881212037
-0.00384730165972
-0.0045230243052
-0.00510192664134
-0.000591991965946
-0.00388421609967
-0.0044819339632
-0.00499122241116
-0.000802695838627
-0.00124752470598
-0.00177777776213
-0.00236411460073
-0.00290630660321
-0.00351807440152
-0.00409093191785
-0.00457099159407
-0.00497536692514
-0.000593322594957
-0.00110822354709
-0.00152766576525
-0.00190934708293
-0.00265519735603
-0.00334948562112
-0.00402144423607
-0.00459707642022
-0.0051624965556
-0.00335139444468
-0.00394588873791
-0.00445240048322
-0.00496227600181
-0.000410703579767
-0.000939245479769
-0.00153230361087
-0.00238273838151
-0.00304342145744
-0.00361340021612
-0.00409102049916
-0.00447486929604
-0.00505617265672
-0.000585305327302
-0.0010112513686
-0.00134101702114
-0.00175382283398
-0.00251560599007
-0.00318367806685
-0.00379413199736
-0.00472190031087
-0.00279890371704
-0.00339009301619
-0.00389375762472
-0.00439751694114
-0.00483730548452
-0.000370135937974
-0.000969716558345
-0.00160086088654
-0.00225813781659
-0.00282513914607
-0.00358967035058
-0.00397744979137
-0.00458848505069
-0.00510667672241
-0.000540333466161
-0.000868414974159
-0.00121665504684
-0.00197394645705
-0.00263801724687
-0.00333363888643
-0.0039442834047
-0.0022270690733
-0.00281487625457
-0.00331562783401
-0.00381324238512
-0.00425042276258
-0.00477528052655
-0.000387274610717
-0.00108765092072
-0.00174141538293
-0.00230534792852
-0.00277784691642
-0.00320338628202
-0.00381127009766
-0.0043267569639
-0.0050377417606
-0.0003739488315
-0.000658261493078
-0.00141093970745
-0.00214823458914
-0.00285055613755
-0.00345790900729
-0.00149435771325
-0.00207871083516
-0.00257648798988
-0.00306793499083
-0.00364431488495
-0.00416720955085
-0.00481016819654
-0.000554005529193
-0.0012041573875
-0.00176493431982
-0.00223476072654
-0.00269755832867
-0.00330218746256
-0.00381488144724
-0.00423412677018
-0.0045586644722
0.000206278495053
-0.00056293069603
-0.00164680446667
-0.00234524456851
-0.00294919221358
-0.000884822752224
-0.00146565499095
-0.00196040076326
-0.00244566302835
-0.00287747323724
-0.00340225188356
-0.00411871072569
-0.00485231208128
-0.000646704590187
-0.00120424451776
-0.00167132991593
-0.00217087058379
-0.002772147765
-0.00328196595909
-0.00369883642662
-0.00402152214637
-0.0042490454634
-4.42245051033e-05
-0.000830552967909
-0.00152499086851
-0.00212542657497
-0.000260489629856
-0.000834186586929
-0.00132584838579
-0.00180491413911
-0.00223396842102
-0.00276631530782
-0.00354944936986
-0.00427880453927
-0.00492145541623
-0.000477314135956
-0.000941594704399
-0.0014773503919
-0.00222149974087
-0.00272836439173
-0.00314279620685
-0.00346357949703
-0.00368975360014
-0.00449806091414
-0.000286017761319
-0.000976336710246
-0.00157316061568
0.000260781351837
-0.000291941083236
-0.000706771411962
-0.00118188183641
-0.00157229521081
-0.00219560830876
-0.00296086290264
-0.00368587930479
-0.00432465400175
-0.00487549635511
-0.00033854554798
-0.00090997684277
-0.00150428303881
-0.00200812151976
-0.00242005607838
-0.00288520433632
-0.00310999662387
-0.00393724364061
-0.00471427095926
-0.00040658231236
-0.000999700435228
0.000951134531381
0.00278533456762
0.00171491321973
-0.000462767516
0.00140898230033
0.0031987675241
0.000604600001235
0.000892559079825
0.00272633996519
0.0016555321327
-0.000522500241926
0.00134238670183
0.0031318274471
0.000537359391171
0.000834506440764
0.00266787162063
0.00159668047477
-0.000581700658121
0.00127632092703
0.00306541965153
0.000470653203129
0.000776977164274
0.0026099300956
0.00153835881844
-0.000640368182138
0.00121078562644
0.00299954479767
0.000404482106034
0.000719971796235
0.00255251594748
0.00148056773185
-0.000698502235935
0.00114578144636
0.00293420354161
0.000338846764549
0.000663490878304
0.00249562972938
0.00142330777878
-0.0007561022459
0.00108130902892
0.00286939653516
0.000273747839042
0.000607534947891
0.00243927199007
0.00136657951862
-0.00081316764288
0.001017369012
0.00280512442587
0.000209185985558
0.000552104538137
0.00238344327398
0.00131038350632
-0.000869697862205
0.000953962029238
0.00274138785697
0.000145161855784
0.00049719831524
0.00232814412114
0.00125472029242
-0.000925692343719
0.000891088709962
0.00267818746736
8.1676097023e-05
0.000442820529016
0.00227337506722
0.00119959042296
-0.000981150531801
0.000828749679198
0.00261552389156
1.87293521615e-05
0.000388969837002
0.00221913664346
0.00114499443948
-0.00103607373804
0.00076694555762
0.00255339775969
-4.36777403626e-05
0.000335646755014
0.00216542937662
0.00109093287903
-0.00109045769068
0.000705673236235
0.00249180969744
-0.000105544546588
0.000282851794478
0.00211225378903
0.00103740627408
-0.00115974281923
0.000644940777516
0.00243075846339
-0.000166870437064
0.000230585462404
0.00205961039851
0.00389512974907
-0.00123259711038
0.000573345997795
0.00237024839959
-0.000227654786873
0.000178848261367
0.00200749971834
0.00384267463428
-0.00130492747277
0.000500598656257
0.00230693068733
-0.000287896975671
0.00012764068948
0.00195592225728
0.00378739343013
-0.00137673320279
0.000428378599078
0.00223434243617
-0.000347596387707
7.69632403747e-05
0.00190487851953
0.00371656805416
-0.00144801360069
0.0003566865377
0.00216228454258
-0.000415181219533
2.6816403175e-05
0.00185436900466
0.00364626574185
-0.0015187679706
0.000285523179628
0.0020907577245
-0.000487023719232
-2.27993375235e-05
0.00180439420767
0.00357648717248
-0.00158899562055
0.0002148892284
0.00201976269585
-0.000558332364076
-7.18835016764e-05
0.00174421345043
0.00350723302143
-0.00165869586256
0.000144785383556
0.00194930016655
-0.000629106435099
-0.000120435613813
0.00167596709096
0.00343850396016
-0.00172786801261
7.52123406041e-05
0.00187937084241
-0.000699345217446
0.000803102695465
-0.000238738845193
-0.00335658164111
0.000139094127013
-0.000852423089264
-0.00188208358531
0.00164537171935
0.000733419604872
-0.00030993694101
0.00110250912658
7.55536780462e-05
-0.00091740321629
-0.0019427439336
0.00158459183815
0.000664308093228
-0.000380552477012
0.00103035351433
1.26293193416e-05
-0.000981754630402
-0.00200855460674
0.0015244736635
0.00059576895645
-0.000450584606271
0.000958792509705
-4.96781152042e-05
-0.00104547644156
-0.0020737228034
0.0014650181108
0.000527802985324
-0.00052003248724
0.000887827008294
-0.000111367798387
-0.00110856776676
-0.00213824758114
0.00140622608703
0.000460410965462
-0.000588895283788
0.000817457900014
-0.000172438909746
-0.00117102773012
0.00239713402393
0.00134809849067
0.000393593677258
-0.000657172165255
0.00287650321011
-0.000232890635616
-0.00123285546293
0.00233389888135
0.00128671773241
0.00032735189585
-0.000724862306496
0.00280732953489
-0.000300522611165
-0.00129405010369
0.00227130993985
0.00122270569242
0.000261686391076
-0.000791964887925
0.00273875488799
-0.000370100564523
-0.00135461079818
0.00220936811156
0.00115935411539
0.000196597927431
-0.000858479095564
0.00267078013611
-0.000439066205502
-0.00141453669953
0.00214807430083
0.00109666396688
0.000132087264029
-0.000924404121087
0.00260340614002
-0.00050741862276
-0.00147382696824
0.00208742940425
0.0010346362042
6.70373336937e-05
-0.000989739161867
0.00253663375451
-0.000575156911268
-0.00153248077227
0.00202743431054
0.000973271776412
-2.05018670668e-06
-0.00105448342102
0.00247046382834
-0.000642280172374
-0.0015988582315
0.00196808990047
0.000912571624169
-7.15014425489e-05
-0.00111863610745
0.00240489720419
-0.000708787513855
-0.0016668636754
0.00190939704685
0.000852536679712
-0.000140377797335
-0.00118219643591
0.0023399347186
-0.00077467804997
-0.00173423988476
0.00185135661443
0.00079316786678
-0.000208678448911
-0.00124980241104
0.00227557720193
-0.000839950901519
-0.00180098592174
0.00179396945986
0.000734466100545
-0.000276402600355
-0.00131710878852
0.00221040002416
-0.000904605195894
-0.00186710085542
0.00173723643162
0.000676432287544
-0.000343549460019
-0.00138382484653
0.00214341747843
-0.000968640067138
-0.00193258376188
0.00167221297772
0.000619067325616
-0.00041011824157
-0.00144994976864
0.00207703886748
-0.00103205465599
-0.00199743372424
0.00160589663497
0.000562372103833
-0.000476108164036
-0.00151726845173
0.00201126504108
-0.00109484810996
-0.00206164983276
0.00154022704676
0.000506347502435
-0.000541518451844
-0.00158411307282
0.0019460968428
-0.00115701958334
-0.00212523118483
0.00147520517621
0.000450994392769
-0.00597345320101
-0.00404836157449
-0.00553523952393
-0.0070883654039
-0.00514059739185
-0.00314691178239
-0.00523463939358
-0.00595664834861
-0.00403121392055
-0.00551777548323
-0.00705378352351
-0.00510540356673
-0.00311118189958
-0.00519846193678
-0.00593879839271
-0.00401299999561
-0.00549922564322
-0.00701810649241
-0.00506909577321
-0.00307432158852
-0.0051611403264
-0.00591990398509
-0.00399372049202
-0.00547959073519
-0.00698133575546
-0.00503167553338
-0.0030363324411
-0.00512267621422
-0.00589996581508
-0.003973376142
-0.00545887153248
-0.00694347279914
-0.00499314441305
-0.00299721609486
-0.00508307129925
-0.00587898460943
-0.0039519677175
-0.00543706885035
-0.00690451915129
-0.00495350402143
-0.00693506831864
-0.00504659316512
-0.00585696113218
-0.00392949603002
-0.0054141835458
-0.00686447638078
-0.00491275601084
-0.00689370266806
-0.00501020352142
-0.00583389618451
-0.00390596193047
-0.00539021651742
-0.00682334609721
-0.00487090207634
-0.00685121500148
-0.00497267269736
-0.00580979060463
-0.00388136630904
-0.0053651687052
-0.00342401381762
-0.00482794395539
-0.00680760713539
-0.00493400234565
-0.0057846452676
-0.00385571009499
-0.00533904109038
-0.00338071349807
-0.00478388342751
-0.00676288093008
-0.00489419416582
-0.00576013107245
-0.00383352301595
-0.00531932148515
-0.00333633073546
-0.00473872231392
-0.00671703828929
-0.0048532499039
-0.00576460473442
-0.00383808764613
-0.0053239700792
-0.00329086729908
-0.00469246247717
-0.0066700811598
-0.00481117135201
-0.00576803231723
-0.00384158306994
-0.00532753170265
-0.00329101704041
-0.00464510582076
-0.00662201153102
-0.004767960348
-0.00577041369581
-0.00384401287983
-0.00533000621518
-0.00329353167062
-0.00459665428878
-0.0065728314346
-0.00472361877504
-0.00577174878326
-0.00384537512086
-0.00533139351932
-0.00329494146729
-0.00454710986552
-0.00652254294401
-0.00467814856126
-0.00577203753088
-0.00384566974125
-0.00533169356038
-0.00329524637306
-0.00449647457506
-0.00647114817409
-0.00463155167929
-0.00577127992811
-0.00384489672983
-0.00533090632655
-0.00329444637552
-0.00445245613099
-0.00641864928068
-0.00458383014588
-0.00576947600261
-0.00384305611596
-0.00532903184885
-0.00329254150722
-0.00446168258761
-0.00636504846014
-0.00453498602147
-0.00576662582021
-0.00384014796957
-0.00532607020113
-0.00328953184567
-0.00446978902359
-0.00631034794893
-0.00448502140976
-0.0057627294849
-0.00383617240113
-0.00532202150009
-0.00328541751333
-0.00447677509962
-0.00631516663487
-0.00443393845729
-0.00575778713883
-0.00383112956163
-0.00531688590519
-0.00328019867754
-0.00448264052317
-0.00632110972018
-0.00438203977852
-0.00593126991771
-0.00338431320983
-0.00550119282616
-0.00746661935732
-0.00521871647763
-0.00429448955348
-0.00609868343332
-0.00595442934009
-0.00336780274206
-0.00548473842824
-0.00745026063673
-0.00520249098349
-0.00427843207386
-0.00608282544401
-0.00836412473116
-0.00335025882213
-0.00546725406453
-0.00743287790003
-0.00518524975904
-0.00426136931522
-0.00606597458758
-0.00838520740644
-0.00333168207637
-0.00544874035502
-0.00741447175648
-0.00516699339883
-0.00424330185384
-0.00604813141917
-0.00840525054584
-0.00331207316745
-0.00542919795567
-0.00739504285071
-0.0051477225319
-0.00422423029952
-0.00602929652618
-0.00842425342365
-0.00329143279421
-0.00540862755827
-0.00737459186255
-0.00512743782167
-0.00420415529535
-0.00600947052814
-0.00844221535119
-0.00326976169162
-0.00538702989034
-0.00735311950697
-0.00510613996588
-0.00418307751771
-0.00598865407663
-0.00845913567695
-0.00327761833808
-0.00536440571499
-0.00733062653391
-0.0050838296964
-0.00416099767608
-0.00596684785516
-0.00847501378671
-0.00329335024362
-0.00534075583078
-0.00730711372819
-0.00506050777912
-0.00413791651298
-0.00594405257907
-0.00848984910364
-0.0033080489102
-0.0053160810716
-0.00728258190933
-0.00503617501387
-0.0041138348038
-0.00592026899542
-0.0085036410884
-0.00332171381322
-0.00529038230652
-0.00725703193145
-0.00501083223423
-0.00701574747181
-0.00589549788283
-0.00413485832107
-0.00333434446466
-0.00526366043961
-0.00723046468309
-0.00498448030739
-0.00698966712755
-0.00586974005139
-0.00414656217398
-0.00334594041319
-0.00523591640983
-0.00720288108708
-0.00495712013406
-0.00696258875942
-0.00584299634255
-0.00415722130265
-0.00335650124419
-0.00520715119083
-0.00717428210037
-0.00492875264824
-0.006934513273
-0.00581526762891
-0.00416683531867
-0.00336602657986
-0.00517736579078
-0.00714466871388
-0.00489937881712
-0.00690544160611
-0.00578655481414
-0.00417540387152
-0.00337451607932
-0.00514656125222
-0.00711404195229
-0.00486899964089
-0.00687537472857
-0.00575685883282
-0.00418292664867
-0.00338196943859
-0.00511473865188
-0.00708240287393
-0.00483761615257
-0.00684431364209
-0.0057497100868
-0.00418940337565
-0.00338838639071
-0.00508189910046
-0.00277541036144
-0.00480522941787
-0.0068122593801
-0.00574633419503
-0.00419483381605
-0.00339376670578
-0.00504804374247
-0.00274174995802
-0.00477184053496
-0.00677921300756
-0.00574196633583
-0.00419921777162
-0.00339811019097
-0.00501317375602
-0.00270708061261
-0.00473745063433
-0.00674517562079
-0.00573660665249
-0.00420255508226
-0.00340141669059
-0.00497729035265
-0.00267140351613
-0.00470206087857
-0.00671014834732
-0.00573025532077
