0.00208308704209
0.00386697413043
-0.00131279341949
0.000642765138675
0.00251689804007
0.000321375736086
0.00202412545853
0.00219880780939
0.00398397144223
-0.00118306992106
0.000773755499416
0.00263716341145
0.000456508486705
0.00216048748069
0.00231511890171
0.00410156325897
-0.00105277053813
0.00089765446724
0.002758035291
0.000592222689475
0.00229743349718
0.00243201873322
0.0042197479483
-0.000921897040568
0.00101789238614
0.00287951191453
0.00072851642777
0.00243496154795
0.0025495057158
0.00433852387562
-0.000791648477034
0.00113872952703
0.00300159151594
0.000856190429275
0.00257306967343
0.00266757825908
0.000605327356686
-0.000671086297971
0.0012601641685
-0.000827668358228
0.00098000437225
0.00271175591464
0.00278623477057
0.000725280847829
-0.000549932529382
0.00138219458727
-0.000704388106665
0.0011044210211
0.00285101831324
0.00290547365569
0.00084582066079
-0.000428188855256
0.00150481905825
-0.000580510186239
0.00122943856189
0.00299085491168
0.00302529331789
0.000966945152979
-0.000305856961353
0.00162803585469
-0.000456036369876
0.00135505517922
0.00313126375323
0.00314569215872
0.00108865268001
-0.00018293853511
0.00175184324821
-0.000330968431976
0.00148126905638
0.00327224288208
0.0032666685779
0.0012109415958
-5.94352655648e-05
0.00187623950891
-0.000205308148317
0.00160807837538
0.00341379034346
0.00338822097342
0.00133381025261
6.46511567375e-05
0.00200122290547
-7.905729597e-05
0.00173548131711
0.00355574825056
0.00351034681025
0.00145725700119
0.000189319039823
0.00212679170523
4.77823467959e-05
0.00186347606138
0.00368477134148
0.00363304634576
0.00158128019079
0.000314566690375
0.00225294417425
0.000175209000599
0.00199206078702
0.00381438700395
0.00375631704186
0.00170587816931
0.000440392413816
0.00237967857746
0.000303220885035
0.00212123367201
0.00394459337851
0.00388015729032
0.0018310492833
0.000566794514391
0.00250140467491
0.000431816218766
0.00225099289353
0.00407538860506
0.00400456548156
0.00195679187813
0.000693771295249
0.00262243161975
0.000560993219606
0.00238133662804
0.00420677082295
0.000288383864752
0.00208310429799
0.000821321058522
-0.00113614283321
0.000690750104608
0.00251226305142
0.000129001808954
0.000413923107783
0.00220998488602
0.000949442105411
-0.00101393718024
0.00082108509015
0.00264377033902
0.000261552425767
0.000540025457486
0.00233743198435
0.00107813273626
-0.000891144702378
0.000951996392018
0.00277585666575
0.000394684449502
0.000666689299613
0.00246544393421
0.00120739125063
-0.000767767087921
0.0010834822255
0.00290852020618
-0.00219206614015
0.00201740558004
0.00127511545861
0.00038943882778
-0.00268840788272
0.000923687628455
8.72333447985e-05
-0.000703861716862
0.00216744068791
0.00142936335704
0.000500400390034
-0.00257406538828
0.00105662129725
0.000224311632816
-0.000562539084169
0.00231808750222
0.00158422812125
0.000612107500818
-0.00245896223715
0.00119029019551
0.0003621381375
-0.000420457971121
0.00246934352069
0.00172444607579
0.000724557764983
-0.0023431010236
0.00132469504039
0.000500709612936
-0.000277621873964
0.00262120624465
0.00183431772223
0.000837748781795
-0.00222648434709
0.00145776957622
0.000640022814567
-0.000134034285894
0.00277367317911
0.00194491300587
0.00095167814514
-0.00210911481203
0.00157867610615
0.000780074499432
1.68164440051e-06
0.00292674183291
0.00205622969954
0.00106634344372
-0.00199099595891
0.0017003468683
0.000920861426406
0.000130489971238
-0.00135502894395
0.00216826557075
0.00118174226124
-0.00187212853875
0.00182277903812
0.00106238035644
0.000260087575345
-0.00120297308635
0.00228101838187
0.00129787217664
-0.00175251610085
0.00194596978739
0.00120462805279
0.000390471161981
-0.00109278501151
0.00239448589035
-0.00074023698339
-0.00163216126727
-0.00245421595235
0.00134143768508
0.000521637434901
-0.000981898435597
0.00250866584882
-0.000622652153656
-0.00151106666396
-0.0023295165422
0.0014643020362
0.000653583096646
-0.000870315441142
0.00262355600532
-0.000504343516066
-0.00138923492049
-0.00220406705672
0.00158794341836
0.000786304848823
-0.000758038115412
0.00273915410343
-0.000385313508914
-0.00126666866991
-0.00207787033632
0.00171235884552
0.00091979939239
-0.000645068550247
0.0028554578825
-0.000265564574324
-0.00114337054848
-0.00195092922387
0.0018375453284
0.00105005524652
-0.000531408841916
0.00297246507774
-0.000145099158057
-0.00101934319551
-0.0018232465645
0.00196349987469
0.00117983252498
-0.000417061090957
0.00309017342047
-2.39197093263e-05
-0.000894589253112
-0.00169482520533
0.00209021948934
0.00131038760327
-0.000302027402034
0.00320858063823
9.79713193848e-05
-0.000769111366026
-0.0015656679953
0.00221770210612
0.00144171724707
-0.000186309883782
-0.00117531421002
0.000220571472511
-0.000642912181408
-0.00143577778488
0.00234594286259
0.00157381822095
-6.99106486621e-05
-0.00105551607381
0.000343878291583
-0.000515994348627
-0.00130515742592
0.00247493968826
0.00170668728861
4.71681871913e-05
-0.000935025900865
0.000467889315414
-0.000388360519071
-0.00117380977138
-0.00193456454189
0.0018403212132
0.000164924504113
-0.000813845977042
0.000592602080271
-0.000260013345948
-0.00104173767515
-0.00180406458996
0.00197471675754
-0.00220539516136
-0.00581048435542
-0.0048078723823
-0.00363242704964
-0.00229692978614
-0.00614967668896
-0.00512154371099
-0.00397719293694
-0.00281395429702
-0.00646425780223
-0.00377854837678
-0.00266504844945
-0.00146684711736
-0.00520292201425
-0.0040625453379
-0.00286944066134
-0.00155219400613
-0.0051741802574
-0.00398049739099
-0.00284050262014
-0.00184546270569
-0.00223644662221
-0.00584891260792
-0.00484222527269
-0.00366276839701
-0.00233262384198
-0.00611574610136
-0.00352919017579
-0.00234510346216
-0.0012548079733
-0.00493442188109
-0.00379064786112
-0.00267650617622
-0.00143740619012
-0.00517400319241
-0.00401935003262
-0.0028012514947
-0.00624200793406
-0.00500062303388
-0.00381019793211
-0.00272866517668
-0.00510069221264
-0.00234958996553
-0.00588137934566
-0.00487396734046
-0.00209720324159
-0.000811190987612
-0.00460698147717
-0.00348448729814
-0.0023384914932
-0.00603887754373
-0.0049085048355
-0.00380308320643
-0.00264722205552
-0.00615182183223
-0.00510598200457
-0.00395266699947
-0.00269559679606
-0.00468383598569
-0.00333681485598
-0.00215028991797
-0.00112751433713
-0.00495653603901
-0.00549692031506
-0.00435517876041
-0.0032593390964
-0.00207953546114
-0.0055943155564
-0.00463426379348
-0.0035111524815
-0.00233842674452
-0.00603881411235
-0.00484017111779
-0.00377392823988
-0.00258531002226
-0.0045843171661
-0.00349990652598
-0.00234868999556
-0.00106958860495
-0.00454397062825
-0.00311749982162
-0.00191067891743
-0.000946854279719
-0.0047785894045
-0.00550543605401
-0.00438233018169
-0.00319139717415
-0.00201332231044
-0.00557483261058
-0.00461516635227
-0.00349248709969
-0.00229408689117
-0.00599537558098
-0.00326308306764
-0.00217374648006
-0.000986645367772
-0.00447626807321
-0.0033541743001
-0.00220580366189
-0.00573057668861
-0.00436787403402
-0.00294539023706
-0.00163696496089
-0.00555234418584
-0.00456712479556
-0.00546149687797
-0.00435835692873
-0.00312150154473
-0.00189877125163
-0.00553477455884
-0.00300678960525
-0.00188558891071
-0.0054313751157
-0.00437916660989
-0.00317833908623
-0.00206170729994
-0.00566269419442
-0.0043440977694
-0.00317028384258
-0.0020251931715
-0.00555378223852
-0.00416194831314
-0.00273814333519
-0.0013408646003
-0.00419794763091
-0.00321641050195
-0.00546107228286
-0.0027452180389
-0.00150344815161
-0.00494857580384
-0.0040033164683
-0.00290409603581
-0.00177653889903
-0.00529894594152
-0.00424941132264
-0.00305150655244
-0.00190856239539
-0.00551281038263
-0.00419768428373
-0.00302512770247
-0.00184000003653
-0.00415305082797
-0.00279493387501
-0.00137580190459
0.000131810487561
-0.00391630931913
-0.0029389151772
-0.00391876771939
-0.00278359726191
-0.00148984631749
-0.00489875170226
-0.0039675467337
-0.002869133285
-0.00162267859415
-0.00512464278938
-0.0040769261603
-0.00288288492815
-0.00650034828295
-0.00405140909315
-0.00274065079334
-0.00157012913295
-0.00527377779076
-0.00396709265907
-0.00262980389528
-0.00121435958898
-0.00459272501418
-0.00360180335185
-0.0026289948479
-0.00389333389968
-0.00277091772567
-0.00623495233311
-0.00481417196955
-0.0038846178959
-0.00278807086583
-0.00630424691573
-0.00358088665278
-0.00251175041413
-0.00132248608602
-0.00499451525875
-0.00382209562996
-0.00253877977197
-0.00134884930655
-0.0050568767523
-0.0037548373136
-0.00242900348397
-0.00101801797403
-0.00440096549956
-0.00325489671903
-0.00228709697632
-0.00382797724337
-0.00270722344386
-0.00617307183344
-0.00472479465324
-0.00233439373564
-0.00124075688112
-0.00483009992294
-0.00343626076861
-0.0022551646195
-0.00107155731199
-0.00479740377353
-0.00356958663596
-0.00233409333006
-0.0010901151794
-0.00480322199129
-0.00350657416554
-0.00219287607871
-0.00492841979765
-0.00341529758206
-0.002157505637
-0.001153603054
-0.0022318311806
-0.00111405201403
-0.00464144837654
-0.00319660165782
-0.00215801781604
-0.00106830908563
-0.0046619312504
-0.00327262245049
-0.00195739326526
-0.00568173927753
-0.00456735517859
-0.00332136715516
-0.0020911808861
-0.00567954100734
-0.00369493949084
-0.002404400774
-0.00110348167939
-0.00466329514542
-0.00315627450412
-0.00191317098954
-0.000807936414976
-0.0020626834623
-0.00576488599549
-0.00448120731222
-0.00304127276232
-0.00193561910571
-0.00568956433906
-0.0044498016287
-0.00306616618751
-0.00161912544343
-0.00540662842845
-0.00341169353754
-0.00216591227183
-0.000924455378428
-0.00452909606708
-0.00336922686497
-0.00208548330879
-0.000797946590227
-0.004364386977
-0.00287347227133
-0.00163626614959
-0.00052634660269
-0.0018424549992
-0.00555015297111
-0.0042724794286
-0.00283889429109
-0.00166783067052
-0.00542763437691
-0.0032285052311
-0.00185164373042
-0.000342329030822
-0.00420574673884
-0.00310312480032
-0.00186407244955
-0.000606594807843
-0.00421612898933
-0.00300831945514
-0.00173202307179
-0.00541809004174
-0.00403216230116
-0.0026349251506
-0.00138686584828
-0.00475527448104
-0.00161718820221
-0.00528629249867
-0.00295604112044
-0.00153018517758
-0.00029551807056
-0.00415620333206
-0.00293020585785
-0.00156116943806
-0.00502333301961
-0.00385190793334
-0.00275622374048
-0.00152465086396
-0.00520498707491
-0.00386959631381
-0.00261283860173
-0.00134992530929
-0.00459069962732
-0.00321269501499
-0.00190897457844
-0.000665914549698
-0.0044199253642
-0.00513524425796
-0.0039142835712
-0.00265244756801
-0.00130522274064
-0.00497940094185
-0.00380758244203
-0.00258989080949
-0.00122967510991
-0.00479710690778
-0.00345979119032
-0.00237169495811
-0.0011483091287
-0.00433356961026
-0.0030068009969
-0.00170242830273
-0.000518659555382
-0.00422700540172
-0.00286423738148
-0.00160489256136
-0.000367384535776
-0.00405376040992
-0.00484787595112
-0.00361927075405
-0.00230735231367
-0.00103702385922
-0.00469916254349
-0.00341926589597
-0.00220838760482
-0.00085792773341
-0.00453048947691
-0.00266148964777
-0.00143739264336
-0.000222855989237
-0.00390793849675
-0.00259044654083
-0.00130012889936
-0.0051262167894
-0.0038680879549
-0.00254129875586
-0.00129145050399
-0.00502470265884
-0.0037271703881
-0.00451188401832
-0.00329228726165
-0.00198567547597
-0.00565665678318
-0.00437518641698
-0.00255188024719
-0.00123504951873
-0.00492558399422
-0.00371116336889
-0.0023624755723
-0.00097994102741
-0.00475960670857
-0.00345407981209
-0.00222007541137
-0.000880745169447
-0.00471446689627
-0.00350090415791
-0.00218913830849
-0.000628508917781
-0.00434653146384
-0.00306959218343
-0.00412835799436
-0.0023199106562
-0.00101980487612
-0.0047477103306
-0.00345677335272
-0.00219411015148
-0.000790739744738
-0.00457224188979
-0.00336560704391
-0.00202517449485
-0.0005602336194
-0.00427698266925
-0.00315441215277
-0.00192641699389
-0.000579162309708
-0.00397969592771
-0.00278953318195
-0.00148547679155
-0.000253738730748
-0.00395461522197
-0.00269861052053
-0.00309952672028
-0.00190120738483
-0.000608730395394
-0.00434711017566
-0.00304795710063
-0.00179527740299
-0.00040244851471
-0.00417974560359
-0.00298164433158
-0.00165026819588
-0.00524080165547
-0.00359074970766
-0.00249563709061
-0.00127429740069
-0.00492417802623
-0.00354821798984
-0.00236586376057
-0.00107004779491
-0.0048381943974
-0.00354663314585
-0.00229779500907
-0.00262464307459
-0.00143841079794
-0.00513489585841
-0.00390435500567
-0.00266890952365
-0.00143531468121
-0.00504438251805
-0.00342007033037
-0.0022408271139
-0.000995495752376
-0.00464850407851
-0.00330550084451
-0.00212529091929
-0.000911219790925
-0.00456875613179
-0.00312493035127
-0.00191091812033
-0.000623834876959
-0.00440216563985
-0.0031186501216
-0.00186764913915
-0.00229747883157
-0.00104690970318
-0.00463891657742
-0.00308437283028
-0.00198883370079
-0.00076333496132
-0.00440045510659
-0.00299210833363
-0.00188994434869
-0.000652211218517
-0.00434263032815
-0.00300645833097
-0.00172053320988
-0.000514308657467
-0.00418011569883
-0.00274487163602
-0.00142533622485
-0.0048316474917
-0.00363042786744
-0.00235539763522
-0.00110277429848
0.00086815825228
0.0024862530304
0.00414854588014
-0.00115145780198
0.0007038344012
0.00267825202646
0.000710440343388
0.000977536150366
0.00258503916863
0.00424888546795
-0.00104966228587
0.000806970981065
0.00278259754952
0.000821271647036
0.0010754182624
0.00268456455801
0.00434997300482
-0.0009471107929
0.000910870824477
0.00288771281522
0.000918894205292
0.00117402839102
0.00278482716692
0.00445180637032
-0.000843805528706
0.00101553164568
0.00299359546424
0.00101730721666
0.00127336458828
0.00288582495623
0.00455438343644
-0.000739748706474
0.0011209511514
0.00310024312976
0.00111650839098
0.00137342489894
0.00298755587946
0.00465770206782
-0.00063494254674
0.00122712704104
0.00320765343772
0.00121649542867
0.00147420736058
0.00309001788294
0.00476176012193
-0.000529389277196
0.0013340570069
0.00331582400697
0.001317266021
0.00157571000376
0.00319320890599
0.00486655544923
-0.000423091132498
0.00144173873434
0.00342475244952
0.00141881785026
0.00173514944857
0.00329712688107
0.00497208589335
-0.000316050354076
0.00155016990204
0.00353443637077
0.00152114859003
0.00183808651939
0.00345750845876
0.0050783492913
-0.000208269189938
0.00165934818216
0.00364487336966
0.00162425590539
0.00194173782308
0.00356287410882
0.00142420098135
-9.97498944874e-05
0.00176927124055
-0.000157877028913
0.0017281374531
0.00204610136382
0.00366896046899
0.00153192377233
2.13163045657e-05
0.00187993673695
-4.59411025217e-05
0.00183279088186
0.00215117513955
0.00377576544606
0.00164037299015
0.000131305074822
0.0019915863317
6.67406619099e-05
0.00193821383254
0.00225695714218
0.00388328694084
-0.00150600802786
0.00024202517673
0.00210372965989
0.000202240047374
0.00204440393834
0.00236344535772
0.0039915228483
-0.00139611252541
0.000353474332206
0.00221660837063
0.000316406208478
0.00220329961637
0.00247063776644
0.00410047105774
-0.00128549717645
0.000465650257711
0.00233022010117
0.000431310917628
0.00231101690259
0.00257853234303
0.00421012945296
-0.00117416418545
0.000578550664436
0.00244456248365
0.000546951734576
0.0024194941999
0.00268712705673
0.00432049591242
-0.0010621157621
0.000692173258483
0.00255963314525
0.000663326214283
0.00252872911313
0.00279641987152
0.00443156830941
-0.000949354121125
0.000806515741047
0.00267542970842
0.000780431907116
0.00263871924051
0.00290640874625
0.00454334451221
-0.000835881482149
0.000921575808597
0.00279194979103
0.00089826635905
0.00274946217393
0.00301709163479
0.00465582238423
-0.000721700069491
0.00103735115306
0.00290919100657
0.00101682711186
0.00286095549912
0.000455578811643
-0.000316507770277
0.00320456547381
5.47325791265e-05
-0.000707273171609
-0.00169815166574
0.0019699200268
0.000583541236427
-0.000183535764634
0.00334279940214
0.000198472648269
-0.000557800418498
-0.00156311340098
0.00210539540471
0.000712331447444
-4.97189837951e-05
0.00348189404304
0.000343087933377
-0.000417952586338
-0.00144414226265
0.00224189203353
0.000912840922356
8.49386169302e-05
-0.000813105606478
0.000488573650459
-0.000302793641884
-0.00132413540141
0.00237086238972
0.00104327593174
0.000220433082268
-0.000672302597428
0.000634925021845
-0.000274158140706
-0.00120309790077
0.00249696319267
0.00117452794953
0.000356760457361
-0.000530651926834
0.000782137276651
-0.000156995538061
-0.00108103485422
-0.00190655285058
0.00130659337994
0.000493916788153
-0.000388157938361
0.000930205651228
-3.88379751012e-05
-0.000957951364512
-0.00177835675577
0.00143946862617
0.000631898121758
-0.000244824971642
0.00107296833954
8.03099546448e-05
-0.000833852542806
-0.00164912152605
0.00157315009075
0.000770700506835
-0.000100657361877
0.00115525527014
0.000200443647732
-0.000708743507942
-0.00151885284169
0.00170763417582
0.000910319993946
4.43405605695e-05
0.00127158010908
0.000321558491471
-0.000582629385653
-0.00138755638655
0.00184291728352
0.00105075263592
0.000190164470553
0.001388857191
0.000443649864583
-0.000455515307819
-0.00125523784725
0.00197899581626
0.00119199448819
0.000336810048535
0.00150708235002
0.000566713137857
-0.000327406411714
-0.00112190291231
0.00211586617705
0.00133404160917
0.000482082581507
0.00162625141117
0.000690743674795
-0.000198307839279
-0.000987557271321
0.00225352476983
0.00147689006056
0.000536884673668
-0.00271615295046
0.000815736832247
-6.82247363901e-05
-0.000852206614152
0.00239196799974
0.00162053590771
0.000653243199455
-0.00259510864375
0.000941687961041
6.28377478532e-05
-0.000730934742595
0.00253119227346
0.00176497521993
0.000770510373015
-0.00247313300906
0.00106859240661
0.000194874461832
-0.00059359111967
0.00267119399948
0.00191020407083
0.00088868240086
-0.00235023025235
0.0011964455096
0.000327880252104
-0.000455259543741
0.0028119695884
0.00204449318742
0.00100775548156
-0.00222640458597
0.00132524260649
0.000461849964085
-0.000315945697822
0.00295351545325
0.00216134366859
0.00112772580621
-0.00210166022812
0.00145497903017
0.000568576132518
-0.000175747948635
0.00309582800971
0.00227763871612
0.00124858955888
-0.00197600140237
0.00158565011054
0.000704458222956
-4.92982911969e-05
0.00323890367647
0.00239480218159
0.00137034291708
-0.00184943233709
0.00171725117511
0.000841288771182
7.81716716612e-05
-0.00593813282954
-0.00690995723185
-0.00553575538435
-0.00410578472722
-0.00261968692032
-0.00812368042341
-0.006446776122
-0.00599822524225
-0.00697124866129
-0.00559948290097
-0.00417198806643
-0.00268837078308
-0.00819480384735
-0.00652024141307
-0.00605717130533
-0.00443239188827
-0.00566198014198
-0.00423691798054
-0.00275573852321
-0.00826456969709
-0.00659230986084
-0.00611496832674
-0.00449130573089
-0.00572324380233
-0.00430057077671
-0.00282178603163
-0.00833297342649
-0.00666297647328
-0.00617161365873
-0.00454902640443
-0.00578327063076
-0.00436294282087
-0.00288650926318
-0.00512091597416
-0.00673223633231
-0.00622710469839
-0.00460555105768
-0.00584205743051
-0.00442403053868
-0.00294990423773
-0.00518658210197
-0.00680008459542
-0.00628143888825
-0.00466087688969
-0.00589960106019
-0.00448383041652
-0.00301196704139
-0.00525087289065
-0.00686651649722
-0.00633461371685
-0.00471500115045
-0.00595589843456
-0.00454233900238
-0.00307269382757
-0.0053137840783
-0.00693152735098
-0.00638662671925
-0.00476792114154
-0.0060109465253
-0.00459955290687
-0.00313208081817
-0.00537531147741
-0.00699511255021
-0.00643747547761
-0.00481963421673
-0.00606474236181
-0.00465546880412
-0.00319012430463
-0.00543545097617
-0.00705726757013
-0.00648715762172
-0.00487013778269
-0.00611728303196
-0.00471008343267
-0.00324682064905
-0.00549419853975
-0.00711798703791
-0.00653567082953
-0.00491942929952
-0.00616856568282
-0.00476339359643
-0.00330216628531
-0.00555155021161
-0.00717726845941
-0.00658301282769
-0.00496750628145
-0.00348005211726
-0.00481539616554
-0.00335615772004
-0.00560750211473
-0.00723510663275
-0.00662918139202
-0.0050143662974
-0.00352881041142
-0.00486608807725
-0.00340879153377
-0.00566205045289
-0.00729149737503
-0.00667417434807
-0.00506000604025
-0.00357630249026
-0.0049154663368
-0.00346006438192
-0.00571519151183
-0.00396039451164
-0.00671798957155
-0.00510442505272
-0.00362252574506
-0.00496352801824
-0.0035099729958
-0.00576692166055
-0.00401387820093
-0.00676062498889
-0.00514767266773
-0.00366747762992
-0.00501027026531
-0.00355851418363
-0.00581723735242
-0.00406590245072
-0.00680207857767
-0.00521745345895
-0.00371115566241
-0.00505569029221
-0.00752225761097
-0.00586613512636
-0.00411646344292
-0.00684234650443
-0.00528604831297
-0.00375355742426
-0.00509978538444
-0.00756805468394
-0.00591361160803
-0.00416555745403
-0.00688143057575
-0.00535345382685
-0.00380537666145
-0.00514255289955
-0.00761247522676
-0.00595966351088
-0.00421318085652
-0.00691932706281
-0.00541966664395
-0.00387422690597
-0.00518399026796
-0.0076555163649
-0.00600428763734
-0.00425933012008
-0.00355850500401
-0.00536700262175
-0.00734242182953
-0.00490894917044
-0.00515247902663
-0.00722816699752
-0.00488888661265
-0.00354929814135
-0.00534925724054
-0.00736440956896
-0.00311385331985
-0.00517465610239
-0.00725034857887
-0.00491101195164
-0.00353902621408
-0.00533044328333
-0.00738532337188
-0.0031348853116
-0.00519575008786
-0.00727144685214
-0.00493205670141
-0.00352768867958
-0.00531056146855
-0.00740516242972
-0.00315483653993
-0.00521576015348
-0.00729146098724
-0.00495202003816
-0.00351528782928
-0.00528961255471
-0.00742392597474
-0.00317370622403
-0.00523468551153
-0.007310390196
-0.00497090117966
-0.00350182320065
-0.00529591817039
-0.00744161328014
-0.00319149362474
-0.00525252541629
-0.00732823373222
-0.0049886993854
-0.0034907018623
-0.00531304175663
-0.00745822366018
-0.00320819804464
-0.00526927916418
-0.00734499089192
-0.00266035582102
-0.00349694614467
-0.00532909652569
-0.00747375647039
-0.00322381882827
-0.00528494609392
-0.00736066101339
-0.00267598610123
-0.00350212528577
-0.00534408186411
-0.0074882111076
-0.00323835536218
-0.00529952558662
-0.00737524347737
-0.00269053147577
-0.00350623908964
-0.00535799719888
-0.00750158701013
-0.0032518070751
-0.00531301706594
-0.00738873770716
-0.00270399137235
-0.00350928740059
-0.00537084199754
-0.00751388365787
-0.00326417343803
-0.00532541999817
-0.00740114316875
-0.00271636526098
-0.00351127010326
-0.00538261576826
-0.00752510057236
-0.00327545396434
-0.00533673389237
-0.00741245937088
-0.00272765265417
-0.00351218712258
-0.00539331805998
-0.00753523731693
-0.0032856482099
-0.00534695830045
-0.00742268586519
-0.00273785310694
-0.00351203842384
-0.00540294846246
-0.00606529830021
-0.00329475577311
-0.00535609281725
-0.00743182224627
-0.002746966217
-0.00351082401267
-0.00541150567504
-0.00607327356235
-0.00330277629503
-0.00536413708063
-0.00743986815176
-0.00275499162473
-0.00350854393504
-0.00541899123201
-0.00608016759591
-0.00330970945944
-0.00537109077154
-0.00744682326241
-0.00278203977432
-0.00350519827726
-0.00542540391474
-0.00608598013203
-0.00331555499286
-0.00537695361408
-0.00745268730217
-0.00281259122768
-0.00350078716596
-0.00543074347701
-0.00609071094396
-0.00332031266467
-0.00538172537558
-0.00539856287075
-0.00284206412912
-0.00349531076806
-0.00543500971377
-0.00609435984712
-0.0033239822871
-0.00538540586659
-0.00540224411351
-0.00287045732344
-0.00348876929076
-0.00543820246111
-0.00609692669908
-0.00332656371531
-0.00538799494098
-0.00540483371675
-0.00289776969619
-0.00348116298145
-0.00544032159638
-0.00609841139965
-0.00332805684739
-0.00538949249593
-0.00540633157762
-0.00292400017391
