0.00234514155132
-0.00209791674048
0.000370457668096
0.00275465787427
-0.00166554681324
0.000751620571986
-0.00126786356576
0.00237276265797
-0.00207024425639
0.00039812342541
0.00277222177907
-0.00164799931423
0.000769115174942
-0.00121884269192
0.00240132640949
-0.00204162740567
0.000426734255263
0.00279073356316
-0.00162950481472
0.000787553944834
-0.0011689039648
0.00243083195288
-0.00201206704605
0.000456287437894
0.00281019267035
-0.00161006386936
0.000806936331999
-0.00111804882448
0.00246127840808
-0.00198156406246
0.000486783020337
0.00283059851644
-0.00158967706071
0.000827261759104
-0.00108597656428
0.00249266486813
-0.00195011936689
0.000518220091263
0.00285195048932
-0.00156834499917
0.000848529621231
-0.00106481599991
0.0025249903993
-0.00191773389825
0.00055059771244
0.00287424794908
-0.00154606832289
0.000870739285968
-0.00104271833355
0.00255825404118
-0.00188440862223
0.000583914918865
0.00289749022808
-0.00152284769763
0.000893890093503
-0.00101968421509
0.0025924548069
-0.00185014453119
0.000618170718911
0.00292167663106
-0.00149868381673
0.000917981356719
-0.000995714321372
0.0026275916832
0.00063046456783
0.000653364094468
0.00294680643523
-0.00147357740095
0.000943012361296
-0.000970809356009
0.00266366363061
0.000666603206062
0.000689494001095
-0.00153577383392
-0.00144752919841
0.000968982365817
-0.00094497004933
0.00270066958361
0.000703677523898
0.00072655936817
-0.00150875950522
-0.00142053998444
0.000995890601876
-0.000918197158254
0.00273860845075
0.000741686423906
0.000764559099046
-0.00148080410768
0.000738244313376
0.00102373627419
-0.000890491466188
0.00277747911485
0.000780627851446
0.000803492071209
-0.00145190847304
0.000767113115887
0.00105251856071
-0.000861853782912
0.00281728043314
0.000820502520124
0.000843357136441
-0.00142207345999
0.000796920441634
0.00108223661276
-0.000832284944458
0.00285801123741
0.000861308324024
0.000884153120988
-0.00139129995403
0.00082766540756
0.00111288955514
-0.000801785812997
0.0028996703342
0.000903044063164
0.000925878825724
-0.00135958886735
0.000859347103988
0.00114447648626
-0.000770355414063
0.00294225650498
0.000945708512351
0.000968533026325
-0.0013269411387
0.000891964594756
0.00117699647827
-0.000737998387008
0.00298576850627
0.000989300421347
0.00101211447344
-0.00129335773326
0.000925516917354
0.00121044857719
-0.000704713809003
0.00303020506989
0.00103381851506
0.00105662189289
-0.00125883964247
0.000960004945707
0.00124483180307
-0.000670502645481
0.00307556490306
0.00107926149371
0.00110205398581
-0.00122338788391
0.00099542393974
0.0012801451501
-0.000635365887354
0.000442466159065
2.19541027219e-05
0.00216455119358
0.00172510010972
0.00117876231618
0.000519678162831
-0.000623747061571
0.00050684952287
8.81978775634e-05
0.00224323565755
0.0018060848401
0.00126199581567
0.000605071699952
-0.00063042654437
0.000572227947147
0.000155462500661
-0.00227955740193
0.00188812415909
0.00134630829682
0.000644265180892
-0.000635868462066
0.00063859917166
0.000223745517639
-0.00219881749095
0.00197121478975
0.00143169621885
0.000640190897903
-0.000640072536686
0.000705960908847
0.000293044445006
-0.00211705441283
0.00205535342697
0.00151815601155
0.000637316459076
-0.000643038553428
0.000774310844188
0.000363356770568
-0.0020342712404
0.00214053673805
0.00160568407601
0.000635642002375
-0.000644766360719
0.000843646636573
0.000434679953854
-0.000181932343969
0.00222676136329
0.00169427678523
0.000635167608177
-0.000645255870249
0.000913965918673
0.000507011426535
-9.7118304201e-05
0.00231402391659
0.00178393048479
0.000635893299258
-0.000644507056997
0.000985266297316
0.000580348592855
-1.12935414799e-05
0.00240232098601
0.00184046788254
0.00063781904078
-0.000642519959239
0.00105754535386
0.000654688830053
7.55387711905e-05
0.00249164913435
0.00184349318354
0.000640944740303
-0.000639294678532
0.00113080064458
0.000730029488796
0.000163375437058
0.00258200489978
0.00184767976742
0.000645270247809
-0.000634831379695
0.00120502970103
0.000806367893607
0.000252213236141
0.00267338479637
0.00185302744599
0.000650795355733
-0.000629132153409
0.00128023003043
0.000883701343301
0.00034204892574
0.00276578531471
0.00185953597891
0.000657519799019
-0.000622193565575
0.00135639911606
0.000962027111414
0.000432879240958
0.00285920292246
0.00186720507375
0.000665443255176
-0.000614017833117
0.00143353441763
0.00104134244664
0.000524700895215
-0.00177333627719
0.00187603438608
0.000674565344364
-0.000604605373306
0.00151163337167
0.00112164457328
0.00061751058076
-0.000267493925955
0.00188602351952
0.000684885629478
-0.000593956666302
0.00159069339192
0.00120293069165
0.000711304969188
-0.000256713108289
0.00189717202584
0.000696403616255
-0.000582072255029
0.0016707118697
0.00128519797854
0.000806080711951
-0.000244811521723
0.00190947940506
0.000709118753392
-0.000568952745039
0.00175168617432
0.00136844358765
0.000901834440868
-0.000231789665146
0.00192294510557
0.000723030432679
-0.000554598804355
0.00183361365346
0.00145266465003
0.000997580619447
-0.000217648084068
0.00193756852424
0.000738137989144
-0.000539011163306
0.00191649163354
0.00153785827451
0.00104372949777
-0.000202387370501
0.00195334900654
0.000754440701207
-0.000522190614339
-0.00181970590889
-0.000680844508645
-0.00514865651037
-0.00417657793059
-0.00298323944619
-0.00189921126197
-0.00166262778387
-0.000452476703128
-0.00444833344884
-0.0036245876947
-0.00379619629326
-0.00259417157897
-0.00122442152078
-0.00501794162243
-0.00392678122434
-0.00430963324698
-0.00313695289308
-0.0018139093965
-0.00515964184984
-0.00556226323129
-0.00449053330513
-0.00141810233661
-0.000292761612597
-0.0043452191115
-0.00378020132743
-0.00259967935971
-0.00147144768036
-0.000473305724371
-0.00493758579041
-0.0042580372181
-0.00343804831098
-0.0024227638113
-0.00122572052299
-0.00108167145891
-0.0048607993565
-0.00382616351047
-0.0028163112413
-0.00307891451648
-0.00175738135919
-0.00506313986766
-0.00406451763753
-0.00452510858106
-0.000953449961559
-0.00483349212845
-0.00387854401599
-0.0030077290362
-0.00243718950256
-0.00125916846523
-3.99545060252e-06
-0.00396360488215
-0.0040139046436
-0.0031986860216
-0.00218905641997
-0.000998347320589
-0.00470615836313
-0.00465578469479
-0.00371807909294
-0.00271047897274
-0.00154170666716
-0.00642289346397
-0.00497980095641
-0.00405758587549
-0.0029852960297
-0.000114402638413
-0.00432515618856
-0.00353089899896
-0.00279760384588
-0.00183654023666
-0.00106076453159
-0.00466569414186
-0.00380935995547
-0.00302998492755
-0.0022142626203
-0.00190456711457
-0.000732688003554
-0.00456155548509
-0.00331236043929
-0.00356294882813
-0.00255856449099
-0.00139335950209
-0.0049111697506
-0.00492981948473
-0.00400846829669
-0.00293714613361
0.00045098855181
-0.00379591788821
-0.00325488304252
-0.00252712110766
-0.0015729832172
-0.000409214539861
-0.00441881973548
-0.00360060428986
-0.00282513695988
-0.00187211419833
-0.000877153311397
-0.0054457651531
-0.00436815479585
-0.00312328468237
-0.00227006387194
-0.00236099766975
-0.00120039995406
-0.00472315883843
-0.00346982667529
-0.00391728120767
-0.00284775097552
-0.00429775576578
-0.00365313590888
-0.00280101361103
-0.00219760647445
-0.00125177515004
-0.00508771939247
-0.00374305319993
-0.00296356524459
-0.00256755904806
-0.00160040268924
-0.000494224056537
-0.00456816725562
-0.00412657250439
-0.00288807561989
-0.00202234468618
-0.00102716380147
-0.00579617553467
-0.00449213080756
-0.00333446122431
-0.00241703178548
-0.00135010535521
-0.00405522123187
-0.00344721251435
-0.00259993765109
-0.00152971681336
-0.000874369185905
-0.00472137538381
-0.00338880936804
-0.00264847055364
-0.00188361201647
-0.00129798985197
-0.00515926549893
-0.00427230042614
-0.00320734998406
-0.00260660726748
-0.00172933155193
-0.000740061231688
-0.00451882629939
-0.0042186614683
-0.00315684414766
-0.00224244603382
-0.00117891748747
-0.00357562102363
-0.0031792412238
-0.00233819452644
-0.00127544005716
-0.000128461308657
-0.00398787000739
-0.00298285546365
-0.00228190625995
-0.00152363328208
-0.000571348043865
-0.00480903662462
-0.00392889628216
-0.00287179794117
-0.0017642881118
-0.00139184234406
-0.00533647862182
-0.00419553561488
-0.00290660417676
-0.00194058471764
-0.00202671950232
-0.000967360054384
-0.00344578854486
-0.00253665829247
-0.00170312711443
-0.000963346058931
-0.00469734221934
-0.00351677537347
-0.00247694329582
-0.00207336661019
-0.00115775590607
-0.000170879418304
-0.00409990031449
-0.00353902169279
-0.00251193648907
-0.00156414274639
-0.000450700609299
-0.00496291302512
-0.00383029884401
-0.00275038548649
-0.00167982944773
-0.000773528154395
-0.00557428882314
-0.00325249917787
-0.00214901507393
-0.00132418002989
-0.000280899519406
-0.00434058294213
-0.00315252657303
-0.00230931672499
-0.00154716645209
-0.000950012901155
-0.00484399119329
-0.00389631739355
-0.00288850141535
-0.00226090401485
-0.00131805401683
-0.00518811771347
-0.00396804181831
-0.00303878415043
-0.00260848915406
-0.00144950330959
-0.000477075496923
-0.00436749121706
-0.00268283748211
-0.00170422528629
-0.000889149856777
-0.00488699903041
-0.00384157792444
-0.0030130384819
-0.00217265540073
-0.00128300343658
-0.000377443231888
-0.00459174434615
-0.00364410450239
-0.00264176133732
-0.00160523454867
-0.000668170277969
-0.00490330389369
-0.00369926303546
-0.00285084892379
-0.00184470642779
-0.00126915319489
-0.00508043380483
-0.0040379133509
-0.00236604439906
-0.00104948336735
-0.000535941646137
-0.00469495704337
-0.00365457852435
-0.00250510596512
-0.00198257546434
-0.000967884619836
-0.00505899642275
-0.00397670895254
-0.0033440660817
-0.00234815740707
-0.00126289148498
-0.000332407027906
-0.00422860985622
-0.00346471448879
-0.00262014180819
-0.00161839525424
-0.000468229882604
-0.00470584712732
-0.00367026639789
-0.00198977590786
-0.000686431380067
-0.00495790177815
-0.00444615576995
-0.00341223924807
-0.00225740367204
-0.00142584846033
-0.000714882647224
-0.00470148230472
-0.00362776544861
-0.00268318456282
-0.00169461483719
-0.000979298397717
-0.00499336537363
-0.00393276680268
-0.00284095578355
-0.00234723129553
-0.00135063595869
-0.000206150852265
-0.00390373561716
-0.00328326173739
-0.00155586418239
-0.00026744075261
-0.00464688868263
-0.00382772136274
-0.00311555717803
-0.00195694078205
-0.0011312869863
-0.00510347655679
-0.00429622487489
-0.00323206239261
-0.00229041321513
-0.00131002404013
-0.000403996819325
-0.00472321318768
-0.00366829862773
-0.00252137793754
-0.00168642786397
-0.00104205228024
-0.00488485593523
-0.00360857775941
-0.00262607030675
-0.000763404852555
0.000116620883225
-0.00428044142531
-0.00346883785968
-0.00245176858633
-0.0016048533681
-0.000786010255858
-0.0047662439078
-0.00357816239197
-0.00256848154747
-0.00185295169253
-0.000936690075782
-0.00508794698478
-0.00409525582739
-0.00336082429133
-0.00217553448968
-0.00133117273753
-0.000346997160525
-0.00454338458277
-0.0033255525034
-0.00246747920391
-0.000220422292439
-0.00414782600607
-0.00386011096305
-0.00305701485216
-0.00205013491633
-0.000888479994586
-0.000391237818857
-0.00438051744796
-0.00326788937306
-0.00238686093955
-0.0013309985561
-0.000580394716177
-0.00473774829394
-0.00373862375524
-0.00269716903568
-0.00196200474324
-0.00102174371401
-0.00494907641631
-0.0038262456248
-0.00312499319018
-0.00226993207676
0.000366616039955
-0.00382447465567
-0.00308869334709
-0.0025938630754
-0.00159820596457
-0.000437146525661
-0.00462450873328
-0.00363360123927
-0.00303390664055
-0.00215733050324
-0.00110658622796
0.000107022658845
-0.0043444804625
-0.00335315035157
-0.00230609714666
-0.00139240981518
-0.000770611550405
-0.00467540613705
-0.00344924795766
-0.00254828859294
-0.00169679969437
-0.00429003821281
-0.0034938686342
-0.00256584958488
-0.00178221000158
-0.000798690530184
6.15661569076e-05
-0.00413489265466
-0.00315476834822
-0.0024379128813
-0.00188059855311
-0.000835960023059
-0.00461922040929
-0.00359521068173
-0.0029263212716
-0.00187459238569
-0.00109526994052
-0.00515483465843
-0.00438924907669
-0.00318438327265
-0.00226999723074
-0.00142261914282
-0.00383887178047
-0.00310936335995
-0.00211486285276
-0.0012217113063
-0.000251129711325
-0.00409035760757
-0.00360012147093
-0.00279153537165
-0.00210869932753
-0.00124354528225
-0.000519902644791
-0.00431092557013
-0.00311893430053
-0.00214521432762
-0.00152590019618
-0.000757329553848
-0.00482272726242
-0.00377819015667
-0.00265189325195
-0.00195365197702
-0.00111089922385
-0.00339327323881
-0.00261370478294
-0.00162975704961
-0.000615355583752
0.000341603361184
-0.00351306542338
-0.00272709578479
-0.00241054662327
-0.00173331592753
-0.000875032215376
-0.00483549620527
-0.00395906576282
-0.00261926835958
-0.00176943509247
-0.000971594500606
-6.54091158609e-05
-0.00449344639265
-0.00351530683371
-0.00239426351187
-0.00128592966296
-0.000762242063623
-0.00289622432563
-0.00212618272475
-0.00115375335787
7.27153070335e-06
-0.00401667485234
-0.00289311555209
-0.00229598284507
-0.00170204916029
-0.00131287109999
-0.000462157009077
-0.00443134823654
-0.00325060845999
-0.00223508551927
-0.00156577283247
-0.00077101690447
-0.00481011482494
-0.00387191235468
-0.00321314050422
-0.00209807618756
-0.000895420099389
-6.33506287648e-05
0.00121263045974
0.000904384475509
-0.000201408039751
0.00231651113821
0.00176626396341
0.000584541905201
0.00331832251151
0.00121226343111
0.000889719192459
-0.000219044103524
0.00229874787325
0.00178386906038
0.000602214969976
0.00333602441541
0.00121285525738
0.00406313108641
-0.000235716585175
0.00228195416417
0.00180244976735
0.000620867382887
0.00335470725346
0.00121440592043
0.00405038624583
-0.000251424966823
0.00226613240278
0.00179876248517
0.000640498545657
0.00337437042445
0.00121691537274
0.00403860316159
-0.000266168760192
0.00225128215666
-0.00209671715122
0.000661107829143
0.00339501329616
0.00121142695919
0.00402778033438
-0.00027994750669
0.00223740389438
-0.00211066600464
0.000676893783034
0.00341663520547
0.00120160461191
0.00401791902936
-0.00029276077748
0.00222449805413
0.00092868189098
0.000663884795143
0.00343923545843
0.00119274029841
0.00400901955087
-0.000304608173545
0.00221256504362
0.000916688149577
0.000651856386206
0.0034628133304
0.0011848342902
0.00400108217365
-0.000315489325749
0.00220160524005
0.000905672554132
0.000640808942517
0.00346348877058
0.00117788682952
0.00399410714284
-0.000325403894899
0.00219161899001
0.000895635456556
0.000630742819047
0.00345341601907
0.00117189812931
0.00398809467392
-0.000334351571792
0.00218260660945
0.00088657717765
0.000621658339383
0.00344432555646
0.00116686837318
0.0039830449527
-0.000342332077267
0.00217456838362
0.000878498007048
0.000613555795681
0.00343621767552
0.00116279771536
0.00397895813527
-0.000349345162248
0.00216750456706
0.000871398203174
0.000606435448613
0.0034290926374
0.00115968628072
0.00397583434795
-0.000355389676459
0.00216141538348
0.000865277993203
0.00060029752733
0.00342295067174
0.0011575341647
0.000121102326595
-0.000360467293748
0.00215630102583
0.00086013757302
0.000595142229421
-0.000772435040316
0.00115634236464
0.000119904859535
-0.000364576924183
0.00215216165616
0.000855977107191
0.000590969720887
-0.000776610298809
0.00115610905451
0.000119670623042
-0.000367718439368
0.0021489974057
0.000852796728937
0.000587780136109
-0.000779801985905
0.00115683517278
0.00012039962436
-0.000369891741135
0.00214680837474
0.000850596540113
0.000585573577827
-0.000782009998658
0.00115852069717
0.000122091840943
0.00281347230669
0.0021455946327
0.00084937661119
0.000584350117126
-0.000788877672094
0.00116116557597
0.000124747220459
0.00281323560525
0.00214535621806
0.000849136981244
0.000584109793424
-0.000801177240815
0.00116476972804
0.000128365680797
0.00281396723022
0.00214609313838
0.000849877657952
0.000584852614464
-0.000812494350097
0.000522319857427
-0.000442175862784
0.00101825972963
0.000215582317366
-0.000440844456644
-0.000931767327866
0.00115831217278
0.000579621373963
-0.000398203343404
0.00106403071191
0.000263214368959
-0.000391298945463
-0.000880276296754
0.00334064773601
0.000637989616068
-0.000353100298909
0.00111097225243
0.000312062072395
-0.000340491730947
-0.000827474281932
0.00339544281323
0.000697422287693
-0.000306872404219
0.00115908215754
0.000362122960924
-0.00028842558258
-0.000773369972168
0.00345158885354
0.000757917057684
-0.000259521652923
0.00120835818467
0.000413394513452
-0.000235103330067
-0.00071796374081
-0.00101506108619
0.000813338958852
-0.000211050082148
0.00125879804281
0.000465874155152
-0.000180527862599
-0.00066125882078
-0.000956223782992
0.000861001058249
-0.000161459772146
0.00131039659912
0.000519559258082
-0.0001247021281
-0.000603258509704
-0.000896046322906
0.000909738734069
-0.000110752845853
0.00136315705527
0.000574447141815
-6.76291324726e-05
-0.000543966168999
-0.000877927497802
0.000959550059404
-5.89314684592e-05
-0.000977347773256
0.000630535074083
-9.31193882291e-06
-0.000483385222952
-0.000878538169997
0.00101043306965
-5.99784696075e-06
-0.000922276451015
0.000687820271421
5.02463333176e-05
-0.000421519157786
-0.000877755474229
0.00106238576289
4.8045770289e-05
-0.000866053460631
0.000746299899827
0.000111042508784
-0.000363535035143
-0.000875579461148
0.00111540610024
0.000103197094037
-0.000808681372508
0.000805968281459
0.000173073357576
-0.00036010603272
-0.000872010271558
0.00116949200629
0.000159453794595
-0.000750162801706
0.000866828071178
0.000236335595671
-0.000355338771224
-0.000867048136371
0.00122464136943
0.000216813502305
-0.000690500407376
0.000928873493427
0.000300825885836
-0.000349233535259
-0.000860693376532
0.00128085204227
0.000275273808019
-0.000629696892184
0.000992101518785
0.000338088817956
-0.000341790689189
-0.000852946402913
0.00130848755994
0.000334832263575
-0.000567755001737
0.0010565090707
0.000346516902421
-0.000333010677026
-0.000843807716184
0.00130261496811
0.00039413742833
-0.000504677523995
0.00112209302618
0.000356227228859
-0.000322894022301
-0.00083327790665
0.00129784015796
0.00038917781459
-0.000440467288682
0.00331774558869
0.000367221126586
-0.000311441327907
-0.000821357654061
0.00129416332136
0.000385358654683
-0.000415253095062
0.00333586121579
0.000379497060865
-0.00029865327592
-0.000808047727391
0.00128021171629
0.000382680114236
-0.000418034933596
0.00334887004512
0.000393054358363
-0.000284530627394
-0.000793348984591
0.00126520828656
0.00038114230943
-0.0004196320473
0.00336310791488
0.000407892276012
-0.00026907422214
-0.000777262372317
-0.00703401703494
-0.00544609714402
-0.00358046685683
-0.00522740810102
-0.0034889986559
-0.00524358437246
-0.00383876161298
-0.00717632956229
-0.00559421438531
-0.00373393476875
-0.0053855086281
-0.00363588900063
-0.00539630804332
-0.00399643732034
-0.00731730969548
-0.00574097794654
-0.00388603290936
-0.0055422282872
-0.0037812851924
-0.00554751731742
-0.00415258504837
-0.00745694664076
-0.00588637593933
-0.00403674835436
-0.00569755324151
-0.00392517295476
-0.00569719653862
-0.00430718794607
-0.0039503846092
-0.00603039644821
-0.00418606813604
-0.00585146959433
-0.00406753797975
-0.00584532999594
-0.00446022908419
-0.00408730275044
-0.00617302753358
-0.00433397924641
-0.00226390092081
-0.00420836593218
-0.0059919019282
-0.00461169145998
-0.00422284525877
-0.00631425723464
-0.0044804686403
-0.00241495815717
-0.00434764245407
-0.00334462288064
-0.00476155800225
-0.00435699897866
-0.00645407357245
-0.00462552323874
-0.00256456477526
-0.00448535316918
-0.00348802430228
-0.00490981157655
-0.00448975773809
-0.00659246455309
-0.00476912993226
-0.00271270667207
-0.00462148368776
-0.00362981666255
-0.00505643499068
-0.00462110838161
-0.00672941817092
-0.00491127558451
-0.00285936970195
-0.00475601961134
-0.00376998404889
-0.00520141100031
-0.00475104008656
-0.00686492241187
-0.00505194703578
-0.00300453968047
-0.00488894653776
-0.00390851052427
-0.00534472231491
-0.00487954203778
-0.00699896525692
-0.00519113110684
-0.0031482023884
-0.00502025006624
-0.00404538013277
-0.00548635160389
-0.00500660343078
-0.00713153235723
-0.00532881460273
-0.00329034357586
-0.00514991580269
-0.00418057690554
-0.00562628150289
-0.00513221347485
-0.00363896920137
-0.00546498431674
-0.00343094896653
-0.00527792936507
-0.00431408486679
-0.00576449462041
-0.0052563613964
-0.00376855574773
-0.00559962703451
-0.00357000426212
-0.00540427638896
-0.0044458875744
-0.00590097354459
-0.00537903644215
-0.00389663284366
-0.0057327295382
-0.00370749514687
-0.00552894253317
-0.00457596998895
-0.00334899773826
-0.00550022788264
-0.00402318849958
-0.00586427861082
-0.00384340729222
-0.00566163508569
-0.00470431568634
-0.00348195599409
-0.00561992501555
-0.00414821074328
-0.00599426010929
-0.00397772636167
-0.00579939038044
-0.00483090872725
-0.00361312777025
-0.00573811716925
-0.00427168762398
-0.00612266269431
-0.0041104380157
-0.00195054767163
-0.00495573319834
-0.00374249564595
-0.00585479370638
-0.00439360721641
-0.006249472247
-0.00424152791689
-0.00208503269478
-0.00507877321945
-0.00387004082048
-0.0059699440274
-0.00451395762502
-0.006374675599
-0.00437098173515
-0.00221785966262
-0.00520001295081
-0.00399574870922
-0.00292710506689
-0.0053307074132
-0.00370533400422
-0.00402743375519
-0.00298464870755
-0.00594588947317
-0.0016287837173
-0.00301457362542
-0.00541816227023
-0.00119329444341
-0.00412718796218
-0.0030843966998
-0.0060450686943
-0.00172685989409
-0.00310061625081
-0.00550419137701
-0.00129110088548
-0.00422554514558
-0.0031827477343
-0.00614285700116
-0.00182355697114
-0.00318522656035
-0.00558878835364
-0.00145176347205
-0.00435033549367
-0.00327969460606
-0.00623924730199
-0.00191886807337
-0.00326839824039
-0.00567194688929
-0.0016466979847
-0.00454625300502
-0.00346655405105
-0.00638838438648
-0.00208223735364
-0.0033501250484
-0.00575366074423
-0.00184072138332
-0.00474126152651
-0.0036614236218
-0.00658199808059
-0.00227085561593
-0.00343040081508
-0.00583392375193
-0.00203382434436
-0.00493535166116
-0.00385537451022
-0.0067746905144
-0.00232439193334
-0.00350921944641
-0.00595796671947
-0.00222599746177
-0.00512851392715
-0.00404839724515
-0.00690053888974
-0.00251111290608
-0.00358657492575
-0.00614713002948
-0.0024172312471
-0.005320738758
-0.00423352436007
-0.00709136059871
-0.00269687128674
-0.00373032304716
-0.00633534097864
-0.00256203871709
-0.00551201650262
-0.00442466203713
-0.0072812326805
-0.00288165767972
-0.00387358437989
-0.00641308192228
-0.00275136504439
-0.00570233742555
-0.00461484264151
-0.00423866852481
-0.00306546261688
-0.00383564616364
-0.0065993596428
-0.00293972308196
-0.00589169170713
-0.00480405636554
-0.00442661241772
-0.00324827655797
-0.00397645352357
-0.00249831637021
-0.003127103014
-0.00608006944377
-0.00499229331797
-0.00461357758778
-0.00343008989116
-0.00411602010476
-0.00268262234297
-0.00331349494356
-0.00626746064829
-0.00517954352429
-0.0047995541758
-0.00361089293352
-0.00425433669892
-0.00286592780753
-0.00349888889297
-0.0023424712086
-0.00536579692706
-0.00498453224293
-0.00379067593165
-0.00439139409014
-0.00304822290747
-0.00368327480428
-0.00252785905456
-0.00555104338635
-0.0051685017711
-0.0039694290623
-0.00452718305683
-0.00069697179249
-0.00386664253972
-0.00271222990881
-0.00573527268017
-0.00154361645127
-0.00414714243303
-0.00466169437372
-0.000877216296556
-0.00404898188224
-0.00289557345364
-0.00591847450499
-0.00172553853284
-0.00432380608295
-0.00479491881394
-0.00105642042223
-0.00423028253607
-0.00307787928997
-0.00610063847626
-0.001906421551
-0.00449940998352
-0.00492684715111
-0.00123457401892
-0.00441053412742
-0.00325913693797
-0.00628175412906
-0.00208625517617
-0.00467394403935
-0.00505747016149
-0.00141166686421
-0.00458972620509
-0.00343933583767
-0.00646181091875
-0.00226502900254
-0.0048473980891
