0.000191607097711
0.00200645501383
-0.000345435875214
0.00120377611047
0.00271342039149
-0.00242684631059
-0.000739932554339
0.000208096958535
0.0020231579851
-0.000328546781853
0.00121111515547
0.00272082955881
-0.00241938350332
-0.000732431739802
0.000225511625455
0.00204079763423
-0.000310710644835
0.00121941615149
0.00272920772883
-0.0024109446885
-0.00073507900691
0.000243850600593
0.00205937344384
-0.00029426173892
0.0012286769807
0.00273855463921
-0.00240964760555
-0.000749122506243
0.000263113360026
0.00207888486951
-0.000284154969919
0.00123889735851
0.00274374416536
-0.00242264132458
-0.000762186163544
0.000283299353871
0.0020993304085
-0.000273099601105
0.00124790392128
0.00273181523463
-0.00243466001291
-0.000774269559765
0.000304408006356
0.0021207113252
-0.000261095964416
0.00123704710142
0.00272085445212
-0.00244570328889
-0.000785372307091
0.000326438715902
0.00214302606319
-0.000270157170999
0.00122714960779
0.00271086216085
-0.0024557708017
-0.000795494048998
0.000349390855213
0.0021662739707
-0.000278993269613
0.00121821174444
0.00270183867368
-0.00246486223137
-0.000804634460316
0.000373263771359
0.00219045436934
-0.000286880376427
0.00121023378605
0.00269378427327
-0.00247297728882
-0.000812793247274
0.000398056785871
0.0022155665542
-0.000293818254455
0.00120321597789
0.002686699212
-0.00248011571592
-0.000819970147553
0.000423769194838
0.00224160979396
-0.000299806695163
0.00119715853578
0.00030789975472
-0.00248627728554
-0.000826164930327
0.000450400269003
0.00225464191319
-0.000304845518508
0.00119206164607
0.000302754007628
-0.00249146180157
-0.00083137460233
0.000477949253865
0.00225060665718
-0.000308934572962
0.00118792546556
0.000298578174879
-0.00249566909895
-0.000835604583761
0.00050641536979
0.00224750879871
-0.000312073735533
0.00118475012157
0.000295372387461
-0.00249889811239
-0.000838851944503
0.000535797812112
0.00224534842852
-0.000314262911787
0.00118253571182
0.000293136745948
-0.00250115060168
-0.000841116580018
0.000566095751254
0.00224412560992
-0.000315502035861
0.00118128230448
0.000291873183132
-0.00250242556373
-0.000842398417394
0.000597308332836
0.00224384037874
-0.000315791070471
0.00118098993814
0.000291578013432
-0.00250272295795
-0.000842697415359
0.000602910438106
0.00224449274334
-0.000315130006922
0.00118166048445
0.000292253108754
-0.00250204277486
-0.000842013564285
0.000608647136088
0.00224608268459
-0.000313518865103
0.00118329019752
0.000293898447914
-0.00250038503612
-0.000840346886192
0.000615307393109
0.00224861015592
-0.000310956762167
0.00118588088984
0.000296513979285
-0.00249774979454
-0.000837697434741
0.000145848817104
-0.00309485660962
0.000116334742619
-0.00153351665488
0.00157980755076
-0.00111236693662
-0.0027082818516
-0.00172022628022
-0.00312496694045
8.49429187516e-05
-0.00156624457016
0.0015456978036
-0.00114789062908
-0.00272417291581
-0.00174799806528
-0.00315391413022
5.47627276909e-05
-0.00159771042971
0.00151290211031
-0.00118204722672
-0.00273862564577
-0.00177465188763
-0.00318169685978
2.57956632349e-05
-0.00162791254209
0.00148142238414
-0.0012148345703
-0.00276976498597
-0.00180018662689
0.00147100279368
-1.95683855285e-06
-0.00165684928094
0.00145126046507
-0.00124625058289
-0.00280244675494
-0.0018246012083
0.00144555273704
-2.84933996945e-05
-0.00168451908544
0.00142241811926
-0.00127629327047
-0.00283370108549
-0.00184789460299
0.00142127078986
-5.38127006366e-05
-0.00171092046068
0.00139489703855
-0.00130496072256
-0.00286352582834
-0.00187006582813
0.00139815806489
-7.79134805744e-05
-0.0017360519781
0.00136869883999
-0.00133225111283
-0.0028919189285
-0.0018911139472
0.00137621562261
-0.000100794537763
-0.00175991227586
0.00134382506534
-0.0013581626997
-0.00291887842597
-0.00191103807013
0.00135544447096
-0.000122454729814
-0.00178250005919
0.00132027718065
-0.00138269382682
-0.00294440245639
-0.00192983735354
0.00133584556519
-0.000142892973978
-0.00180381410076
0.00129805657581
-0.00140584292368
-0.00296848925168
-0.00194751100087
0.00131741980756
-0.000162108247416
-0.00182385324101
0.00127716456415
-0.00142760850603
-0.00299113714069
-0.00196405826258
0.00130016804718
-0.000180099587449
-0.00184261638844
0.00125760238205
-0.0014479891764
-0.00301234454969
-0.00197947843629
0.00128409107979
-0.000196866091802
-0.00186010251994
0.00123937118859
-0.00146698362454
-0.00303211000301
-0.00199377086694
0.0012691896476
-0.000212406918828
-0.00187631068102
0.0012224720652
-0.00148459062782
-0.00305043212345
-0.00200693494692
0.00125546443912
-0.000226721287718
-0.00189123998612
0.00120690601535
-0.00150080905163
-0.00306731056418
-0.00201897011621
0.00124291608896
-0.000239808478695
-0.00190488961883
0.00119267396422
-0.00151563878108
-0.00308274228382
-0.00202987586249
0.00123154517774
-0.000251667833196
-0.0019172588321
0.00117977582714
-0.00152907699603
-0.00309672713481
-0.00203965172124
0.00122135223192
-0.000262298754039
-0.00192834694847
0.00116821423464
-0.00154112375934
-0.0031092641385
-0.00204829727587
0.00121233772368
-0.00027170070557
-0.00193815336021
0.00115798894423
-0.00155177829184
-0.00312035241681
-0.00205581215775
0.00120450207084
-0.000279873213797
-0.00194667752956
0.00114910056553
-0.00156103990394
-0.00312999119252
-0.00559106896356
-0.00604990466
-0.00635504469565
-0.00378073296608
-0.00419096625893
-0.0045873481236
-0.00497131808395
-0.0051951521091
-0.00525690564726
-0.00595697857944
-0.00661017912056
-0.00710275141314
-0.00346301953404
-0.00377938915326
-0.00420076034297
-0.00465456754476
-0.00513589516075
-0.00244418613761
-0.0026330114811
-0.00270890301488
-0.00296933309652
-0.00284835551597
-0.00330975496941
-0.00361662292324
-0.00409685902634
-0.00450940612462
-0.00490673976308
-0.00529292879235
-0.00551807074319
-0.00558018700474
-0.00623835102822
-0.0068862270091
-0.00738135631427
-0.00771055871389
-0.00524830825064
-0.00153160563358
-0.00187788441107
-0.00236132252042
-0.00272110763931
-0.00297463719311
-0.00305104174197
-0.00340145250273
-0.0031308208226
-0.00359450822344
-0.00390659999532
-0.00437470247897
-0.00478930492155
-0.00518732406236
-0.00557548388187
-0.00580178763196
-0.00588712425157
-0.00652988511017
-0.00431211304319
-0.00479113790967
-0.00512182683172
-0.00553674498116
-0.00596314575412
-0.00621807068593
-0.00672903044614
-0.00301881617138
-0.0032738458271
-0.00335070542967
-0.00379212028421
-0.00337532044234
-0.00384100674674
-0.00420333237962
-0.00461369292517
-0.00503007981378
-0.00542850846963
-0.00299060660442
-0.00321791965766
-0.00345217719497
-0.00395337310066
-0.00456625495324
-0.0050152744176
-0.00531900876286
-0.0057834519785
-0.00621189467357
-0.00646805663888
-0.00699126730847
-0.007414290551
-0.00767061796423
-0.00360713009058
-0.00136577543528
-0.0076811882079
-0.00404874991451
-0.00163373983755
-0.00199693510058
-0.00240344806221
-0.00280200202865
-0.00319331090964
-0.00350476919625
-0.00380612258143
-0.00416379025648
-0.00477910757816
-0.00522994751855
-0.00551204962429
-0.00598783232502
-0.00641798154959
-0.00668299063888
-0.00453782460137
-0.00492650484318
-0.00518391780981
-0.00530717562834
-0.00588710454586
-0.00512284031396
-0.00559161144389
-0.00605490340223
-0.00641953162468
-0.00256451999698
-0.00296290851033
-0.00335537536885
-0.00381730906594
-0.00412041932207
-0.0043980861783
-0.00495017136707
-0.0054024851542
-0.00299931036052
-0.0034504943335
-0.00388200215929
-0.00418378826091
-0.00473970935531
-0.0051474723543
-0.00541925798898
-0.00569195940004
-0.00615736101082
-0.0052507957513
-0.00572063396446
-0.00623444390641
-0.00660025528607
-0.00696123832236
-0.00728517336496
-0.0036201816848
-0.00408970814814
-0.00169547793717
-0.00205404644707
-0.00247904063326
-0.00295396247506
-0.00330850888694
-0.00356881171363
-0.00400132004027
-0.00434477568977
-0.0049492270098
-0.00540094616264
-0.00567412756585
-0.00603382438224
-0.00650250451636
-0.00533926833751
-0.00584900899291
-0.00637405135806
-0.00685312869354
-0.00726759212266
-0.00484023962504
-0.00537255582891
-0.00584410004005
-0.00615008735199
-0.00236854523094
-0.00274604958268
-0.00322265054656
-0.00357582028624
-0.00375884271673
-0.00407674042126
-0.00466733603258
-0.00516251838726
-0.00561017206557
-0.00320538220707
-0.00365273290085
-0.00412431033261
-0.00538807273646
-0.00326812559404
-0.00386242567305
-0.0044384883429
-0.00485496844084
-0.0051081827384
-0.00556124087323
-0.0060344569451
-0.00641710858055
-0.006863603632
-0.0071928282092
-0.00344987216665
-0.0038005888639
-0.00398441765467
-0.004276320134
-0.00226789683144
-0.00276587227526
-0.00309545194265
-0.00337071723195
-0.00390614370747
-0.004380212225
-0.00271778197114
-0.00335117442005
-0.00408481550175
-0.00466322496675
-0.00508143288915
-0.00540111185398
-0.00570855272842
-0.00618308237092
-0.0066468412757
-0.007095302959
-0.00746734058523
-0.00521809388036
-0.00558919987321
-0.00578555257864
-0.00183015850931
-0.00250400315151
-0.00300436117507
-0.00332591992807
-0.00349054102234
-0.00411421959761
-0.00459035340952
-0.00268702547353
-0.00353112759717
-0.00426716968419
-0.00484751971765
-0.00532460837585
-0.00565847337962
-0.0058257063817
-0.00362414858066
-0.00416916276141
-0.00464366132991
-0.00503753721969
-0.00545317201888
-0.00582599662264
-0.00602326887856
-0.00625478163005
-0.00693119500974
-0.00319821132221
-0.00352104661714
-0.00366083659015
-0.00427637191401
-0.00475412777892
-0.00278330790321
-0.00367116733203
-0.00440908885842
-0.00237482077154
-0.00287422214004
-0.00320943153786
-0.00337734477536
-0.00369665232738
-0.00431457387091
-0.00483511776724
-0.00523046201628
-0.00564514812417
-0.00601938812454
-0.0062174178023
-0.00639997107231
-0.00707836809744
-0.00758218808194
-0.00537042360747
-0.00551064460469
-0.0017585622858
-0.00223748297033
-0.000216082782111
-0.00110551451223
-0.00188593702158
-0.00254712405076
-0.00304813263163
-0.0033844377759
-0.00355290511165
-0.00379812038219
-0.00441739464659
-0.00498366428084
-0.00538015538865
-0.00579353346914
-0.00616887489401
-0.00383190733401
-0.00396505232254
-0.00464483207024
-0.00514970344719
-0.00547421204274
-0.00561473350406
-0.00616088130568
-0.00664049843961
-0.00455242771556
-0.00547579163463
-0.00629334058573
-0.00267822458862
-0.0031804630302
-0.00351760676647
-0.00368649819711
-0.00385709572014
-0.00452151500426
-0.00255334329713
-0.00295065023013
-0.00336235805222
-0.00373847887175
-0.00393751493486
-0.00402092911605
-0.00470147855383
-0.00520693545094
-0.00553182683002
-0.00567251564152
-0.00618299046746
-0.00666283136952
-0.00459590496739
-0.00556298991041
-0.00638184732368
-0.00704571275699
-0.00754879520518
-0.00360862301211
-0.0012422188179
-0.00133784947269
-0.0020469736225
-0.0026150615753
-0.00301284895524
-0.0034225241626
-0.00379909530676
-0.0039983724141
-0.0040318650982
-0.00471256538203
-0.0052181370367
-0.00554310344115
-0.00568382505386
-0.0039279187911
-0.00440750739193
-0.00464170376601
-0.00560959028947
-0.00403782245971
-0.00470227188471
-0.0052058065859
-0.0055438338286
-0.00571317233662
-0.00575381020792
-0.00206479124662
-0.00263307605714
-0.00303100389111
-0.00343828683076
-0.00381497613259
-0.00401431648754
-0.00403418926269
-0.00467806186303
-0.00295308867263
-0.00327782217027
-0.00341844175288
-0.00385611517202
-0.00433497857408
-0.00225617477041
-0.00322416287041
-0.00404381104797
-0.00470833448295
-0.00521192650057
-0.00554999283218
-0.00571935111056
-0.00572870997207
-0.00646148915523
-0.00702949277919
-0.00300506804378
-0.00340960459334
-0.00155589153496
-0.00175511683279
-0.00177548993959
-0.00236787554499
-0.00287226452956
-0.00319645824405
-0.00333684184234
-0.00378389289353
-0.00424248362531
-0.00230688534164
-0.00318934896779
-0.00400847321973
-0.00467256017185
-0.00517581416485
-0.00551364997205
-0.00568289165687
-0.00568191771445
-0.00433764384364
-0.00490489036052
-0.0053020774239
-0.00570352175618
-0.00607945022863
-0.00168122631409
-0.00182383625792
-0.0022426024139
-0.00274570382953
-0.00306905591733
-0.00320907159277
-0.00374926483227
-0.00418129057251
-0.00238017926012
-0.00321261152251
-0.00393188930275
-0.00459503228915
-0.00304237224537
-0.00337970956495
-0.00354869913484
-0.00354772664789
-0.0042259438981
-0.00479196307787
-0.00518827459646
-0.00558629182175
-0.0059613468611
-0.00615981223682
-0.00642435985915
-0.00221439734416
-0.00257375919038
-0.00289597484867
-0.00121107621599
-0.00182344590381
-0.00225473514848
-0.00247570444999
-0.00119116895682
-0.00187161005887
-0.00242074762874
-0.00292215181692
-0.00325872623345
-0.00342732997846
-0.00342635971886
-0.00407148177526
-0.00463581252715
-0.005064856107
-0.00547061008378
-0.00579904972481
-0.00599687626571
-0.00465903511784
-0.00504590477734
-0.0052534400403
-0.00556976145773
-0.00114874794782
-0.00169560562534
-0.00212574259339
-0.000534758846618
-0.00118417889095
-0.00186453280588
-0.00238665101948
-0.00276025187263
-0.00309580434647
-0.00326389130098
-0.00347054151389
-0.00387463460093
-0.00443682823515
-0.00492260175331
-0.00360761243827
-0.00386927872364
-0.0041113701657
-0.0045914000625
-0.00495873370138
-0.00516590369478
-0.00554627854571
-0.00585948923738
-0.00623956572938
-0.00195022417847
0.000894832173064
-0.000126036313687
0.0015910575041
-0.00128411593036
0.000291303119736
0.00204175927352
-0.00277032384506
0.00091682980473
-0.000103802143064
0.00157485523867
-0.00130045277807
0.000274864322165
0.00202525308221
-0.00276737533428
0.000939760072013
-8.06254255442e-05
0.00155960736914
-0.0013158273452
0.000259393777341
-0.000119175349629
-0.00276344915289
-0.00180057289713
-6.42922209795e-05
0.00154531435988
-0.00133023915572
0.000244891970253
-0.000133736649375
-0.00275854542598
-0.00177577938986
-7.74941681155e-05
0.00153197664648
-0.0013436877631
0.000231359355818
-0.000147324797326
-0.00275266430977
-0.0017500553311
-8.97501069437e-05
0.00151959463564
-0.00135617275044
0.000218796358806
-0.000159939363467
-0.00274580599155
-0.00172340146824
-0.000101059671105
0.00150816870513
-0.00136769373047
0.000207203373772
-0.000171579948371
-0.00274539341455
-0.00172259671811
-0.000111422522363
0.00149769920371
-0.00137825034564
0.000196580765
-0.000182246183253
-0.00275608006051
-0.00173189954438
-0.000120838350651
0.00148818645113
-0.00138784226819
0.00018692886644
-0.000191937730036
-0.0027657901573
-0.00174026641589
-0.000129306874123
0.00147963073802
-0.00139646920018
0.000178247981658
-0.000200654281397
-0.00277452339583
-0.00174769708809
-0.000136827839192
0.00147203232586
-0.00140413087351
0.00017053838379
-0.000208395560826
-0.00278227949799
-0.00175419134369
-0.00014340102057
0.00146539144699
-0.00141082705004
0.000163800315496
-0.000215161322657
-0.00278905821672
-0.00175974899275
-0.000149026221302
0.00145970830449
-0.00141655752153
0.000158033988923
-0.000220951352119
-0.00279485933599
-0.00176436987268
-0.000153703272791
0.00145498307223
-0.00142132210977
0.000153239585672
-0.000225765465362
0.00172686821065
-0.00176805384825
-0.000157432034831
0.0014512158948
-0.00142512066651
0.00014941725677
-0.00022960350949
0.00172302281386
-0.00177080081165
-0.000160212395622
0.00144840688748
-0.00142795307357
0.000146567122646
-0.000232465362582
0.00172015547783
-0.00177261068247
-0.000162044271789
0.00144655613625
-0.0014298192428
0.000144689273109
-0.000234350933717
0.001718266294
-0.00177348340772
-0.000162927608393
0.00144566369776
-0.00143071911611
0.00014378376734
-0.000235260162981
0.00171735532263
-0.00177341896186
-0.000162862378941
0.00144572959934
-0.00143065266551
0.000143850633875
-0.000235193021484
0.00171742259277
-0.00177241734678
-0.000161848585389
0.00144675383897
-0.00142961989305
0.000144889870607
-0.00023414951136
0.00170895972117
-0.00178263220884
-0.000162549310222
0.00144873638529
-0.00142762083088
0.000146901444785
-0.000232129665765
0.00169143208759
-0.0014816655007
0.000390371285377
-0.00114132394039
-0.00276240715457
0.000605207499608
-0.00101322937879
-0.00357226225411
-0.00149308639226
0.000378524087218
-0.00115360867741
-0.00277513685275
0.000585092820453
-0.0010241352457
-0.00358359400252
-0.00150340448183
0.000367820746672
-0.00116470743187
-0.00278663774223
0.000553444787483
-0.00103372088691
-0.00359355408888
-0.00151261935048
0.000358261731334
-0.00117461968248
-0.00280562454889
0.000523057890693
-0.0010419857447
-0.00360214188757
-0.00152073062387
0.000349847459023
-0.00118334403208
-0.0028337438537
0.000493933759848
-0.00104892933794
-0.00360935685887
-0.00152773797238
0.00034257829769
-0.00120123629156
-0.00286064171218
0.00046607395962
-0.00105455126223
-0.0036151985491
-0.00153364111113
0.000336454565336
-0.00122600003384
-0.00288631677436
0.000439479989179
-0.00105885119004
-0.00361966659082
-0.00153843980006
0.000319617671687
-0.00124958257285
-0.00291076774977
0.000414153281789
-0.00106182887077
-0.00362276070286
-0.00154213384397
0.000298026781597
-0.00127198280398
-0.00293399340778
0.000390095204428
-0.00108104247002
-0.0036244806905
-0.00155796052449
0.000277576912482
-0.00129319967672
-0.0029559925779
0.000367307057425
-0.00111814935868
-0.00362482644548
-0.0015765643386
0.00025826895665
-0.0013132321949
-0.00297676415009
0.000344921194977
-0.0011539521968
-0.00362379794601
-0.00159406677188
0.000240103757439
-0.00133207941693
-0.00299630707502
0.000311616880072
-0.00212158478201
-0.00362139525686
-0.00161046711373
0.000223082109032
-0.00134974045602
-0.00301462036431
0.000279576537908
-0.00215477340404
-0.00361761852924
-0.00162576469779
0.000207204756281
-0.0013662144804
-0.00303170309084
0.000248801896802
-0.00218665200331
-0.00361246800084
-0.00163995890197
0.000192472394553
-0.0013815007135
-0.00304755438892
0.000219294619762
-0.00221721873279
-0.00360594399569
-0.00165304914868
0.000178885669567
-0.00139559843411
-0.00306217345457
0.000191056304049
-0.00224647181817
-0.0035980469241
-0.00166503490486
0.000166445177264
-0.00140850697663
-0.00307555954565
0.000164088480747
-0.00227440955844
-0.00360831043087
-0.00314773876352
0.000155151463669
-0.00142022573111
-0.00309523841624
0.000138392614354
-0.00230103032629
-0.00364737996851
-0.0031575141183
0.000145005024775
-0.00143075414349
-0.00311878311864
0.000113970102389
-0.00232633256866
-0.00368509729225
-0.00316618365185
0.000136006306432
-0.00144009171571
-0.00314109748644
9.08222750151e-05
-0.00235031480712
-0.00372146006231
-0.00317374701039
0.000128155704253
-0.00144823800577
-0.00316218225074
6.89503946812e-05
-0.00237297563834
-0.00375646601782
-0.00526879294144
-0.00371339104439
-0.00213766389594
-0.00696705114332
-0.00550462426575
-0.00397007181534
-0.00438900072278
-0.00523959602716
-0.00368313781998
-0.00210101575288
-0.00692893794913
-0.00546497029471
-0.00392880371324
-0.00434604860178
-0.00520944761157
-0.00365189939884
-0.00206335086325
-0.00688976872388
-0.0054242191502
-0.00388639367128
-0.004301913778
-0.00517834861287
-0.00361967680167
-0.00683983922276
-0.00684954494678
-0.00538237249561
-0.0038428472865
-0.00425659649503
-0.00514629997702
-0.00358647107985
-0.00680014482401
-0.00680826813402
-0.00533943203555
-0.00379816461398
-0.00421009891033
-0.00511330267752
-0.00355228331527
-0.00675943772877
-0.00676593983844
-0.00529539951552
-0.00375234761698
-0.0041624232321
-0.00507935771531
-0.00351711462014
-0.0067177174901
-0.00672256164926
-0.00525027672156
-0.00370539830396
-0.00411357171878
-0.00504446611861
-0.00348096427421
-0.00667498928139
-0.00667813519182
-0.00520406547988
-0.00365731872805
-0.00406354667851
-0.00500862801143
-0.00344383717513
-0.00663125272033
-0.00663266212724
-0.00515676765653
-0.00360811098669
-0.00401235046864
-0.00497184633872
-0.00340573266243
-0.00658650931915
-0.00658614415217
-0.00510838515703
-0.00355777722118
-0.00395998549516
-0.00493412127829
-0.00336665196784
-0.0065599187965
-0.00653858299842
-0.00505891992596
-0.00350631961618
-0.00390645421219
-0.00489545396589
-0.00332659635255
-0.00654576095855
-0.00651065552073
-0.00500837394664
-0.00345374039931
-0.00385175912141
-0.00485584556375
-0.00328556710691
-0.00653057736284
-0.00649487696423
-0.00497903696984
-0.00340004184069
-0.00379590277149
-0.00481529726041
-0.00324356555032
-0.006514368543
-0.00647803325202
-0.00496152765992
-0.00336922414747
-0.00373888775755
-0.00477381027055
-0.00320059303095
-0.00649713506826
-0.00646012502273
-0.00494291207667
-0.00526940986934
-0.00371400528839
-0.0047313858348
-0.00315665092555
-0.00647887754338
-0.00644115295479
-0.00492319098192
-0.0052489069791
-0.00368909827502
-0.00468802521956
-0.00311174063928
-0.00645959660855
-0.0064211177663
-0.00490236518197
-0.0052272560278
-0.00366300046733
-0.00464372971681
-0.00306586360543
-0.00643929293923
-0.00640002021492
-0.00488043552744
-0.00520445797083
-0.00363900126589
-0.00459850064394
-0.00303493337703
-0.00641796724611
-0.00637786109769
-0.00485740291308
-0.00518051381309
-0.00361410943072
-0.00455233934358
-0.00301341660928
-0.00639562027492
-0.00635464125089
-0.00483326827762
-0.00515542274606
-0.00358802984077
-0.00450676429637
-0.00299091682861
-0.00637225280633
-0.0063303615499
-0.00480803260354
-0.00512918959819
-0.00356076187171
-0.0059913566199
-0.00268871036301
-0.00445058866561
-0.00566980981104
-0.00733079985557
-0.00413088078068
-0.0059206699282
-0.00595689511744
-0.00265377190023
-0.00441520897754
-0.0056340297806
-0.00729466535501
-0.00409444236292
-0.00588398236287
-0.00592163996079
-0.00261802910912
-0.00437901509812
-0.00559742661924
-0.00725769981599
-0.0040571661327
-0.00584645143588
-0.00588559189985
-0.0025814827708
-0.00434200783811
-0.00556000116528
-0.0072199041017
-0.00401905297494
-0.00580807805023
-0.00584875170038
-0.00254413368293
-0.00430418802541
-0.00552175427468
-0.00718127909349
-0.00398010379313
-0.00576886312782
-0.00581112014395
-0.00749751775691
-0.0042655565049
-0.00548268682097
-0.00714182569075
-0.00394031950925
-0.00572880760941
-0.00577269802787
-0.00745856562845
-0.00422611413843
-0.00544279969513
-0.00710154481084
-0.00389970106362
-0.00568791152314
-0.00573348616509
-0.00741881324157
-0.00418586180463
-0.00540209380552
-0.00706043738893
-0.00385824941486
-0.00564617770973
-0.00569348538413
-0.0073782614591
-0.00414480039891
-0.00536057007775
-0.00701850437795
-0.0038159655397
-0.00561241177633
-0.00565269652896
-0.00733691115995
-0.00410293083328
-0.0053182294546
-0.00697574674845
-0.00378030775206
-0.0055820555717
-0.00561112045896
-0.00729476323899
-0.00406025403633
-0.00527507289591
-0.00693828397377
-0.00374932124001
-0.00555085434357
-0.00556875804881
-0.00725181860701
-0.00401677095305
-0.00583991342866
-0.00690672660171
-0.00371749613366
-0.00551880884205
-0.00552561018839
-0.00720807819056
-0.00397597617073
-0.00580784450358
-0.00687433827291
-0.00368483318684
-0.00548591983661
-0.00548167778271
-0.00716576133614
-0.00394345405814
-0.00577495336491
-0.00684111974094
-0.00365133317228
-0.00545218811602
-0.00543793579249
-0.00713284275598
-0.00391011946915
-0.00574124076216
-0.00680707177774
-0.00361699688155
-0.00541761448824
-0.00540467522702
-0.00709912231396
-0.00387597314573
-0.00570670746262
-0.00677219517351
-0.00358182512492
-0.0053821997803
-0.005370624173
-0.00706460074138
-0.003841015847
-0.00567135425126
-0.00673649073667
-0.00354581873131
-0.00534594483826
-0.00533578334827
-0.007029278786
-0.00380524834912
-0.00563518193067
-0.00669995929372
-0.00350897854816
-0.00530885052706
-0.00530015348644
-0.00699315721195
-0.00376867144522
-0.00559819132095
-0.00666260168918
-0.00347130544136
-0.00527091773043
-0.00526373533679
-0.00695623679964
-0.00373128594529
-0.00556038325959
-0.00662441878545
-0.00343280029513
-0.00523214735081
-0.00522652966419
-0.0069185183457
-0.00369309267612
-0.00552175860144
-0.00658541146279
-0.00339346401192
-0.00519254030922
