0.00543248078956
0.00123693286901
0.00374791871179
0.00389194506042
0.00204614742283
0.00197497425097
0.00452784710516
0.00547370909581
0.00127874702922
0.00379030538628
0.00393107794883
0.00208375662909
0.00201305846482
0.0045663854955
0.00551553829399
0.00132117027687
0.0038333091431
0.00396882261722
0.00212200213392
0.00205178674556
0.00460557537094
0.0055579678711
0.00136420207712
0.00387692942547
0.00400719501076
0.00216088341309
0.00209115854908
0.00464541616789
0.0056009973074
0.00354508563579
0.00392116566927
0.00404619461749
0.00220039993421
0.00213117332282
0.00468590731407
0.0056446260764
0.00358933290858
0.00396601730316
0.00408582091763
0.00224055115682
0.00217183050588
0.00472704822856
0.0056888536449
0.00363418708735
0.00401148374856
0.00412607338365
0.00228133653241
0.002213129529
0.00476883832179
0.00573367947304
0.00367964760932
0.00405756441969
0.00659223467387
0.00232275550444
0.00225506981464
0.00481127699565
0.00577192367472
0.00372571390481
0.00410425872362
0.00663373785816
0.0023648075084
0.00229765077697
0.00485436364349
0.00580827933671
0.00377238539728
0.00415156606031
0.00667586557949
0.00240749197183
0.00234087182199
0.00489809765016
0.00583984111932
0.00381966150335
0.00419948582262
0.00671861727962
0.00245080831438
0.00502851499293
0.00494247839207
0.00587078074495
0.00386754163287
0.0042480173964
0.00676199239271
0.00249475594782
0.00507301438854
0.00496780317879
0.00590232472465
0.00391602518891
0.00429716016046
0.00680599034539
0.0025393342761
0.00511815203583
0.00495674948966
0.00593447267034
0.00396511156784
0.00434691348667
0.00685061055674
0.00258454269539
0.00512725662604
0.00494635566269
0.00596722418685
0.00401480015931
0.00436836211341
0.0068958524384
0.00263038059409
0.00511764349439
0.00493662184894
0.00600057887193
0.00403486241866
0.00436951256189
0.00690850362649
0.00262366479023
0.00510868234798
0.00492754818993
0.00146711806884
0.00403661576172
0.00437129029198
0.00691030510043
0.00261546420615
0.00510037331392
0.00491913481762
0.00150167785622
0.00403898775924
0.00437369528035
0.00691274220954
0.00260790735071
0.0050927165101
0.0049113818544
0.00153683956332
0.00404197838095
0.00437672749546
0.00691581492099
0.00260099432838
0.00508571204519
0.00490428941308
0.00157260275988
0.0040455875887
0.00438038689756
0.0069195231934
0.00259472523474
0.00507936001861
0.00489785759687
0.00157805101774
0.00404981533646
0.00438467343864
0.00692386697684
0.0025891001565
0.00507366052054
0.00489208649939
0.00190905538284
0.00197984554725
0.00206345347982
0.00215762081789
0.0052512386747
0.00138631194386
0.00155610694093
0.00192783039001
0.00198747705013
0.00207135241658
0.00216580448185
0.00525972581107
0.00139512286185
0.00156526362083
0.00193595401842
0.00199587746086
0.00208004716386
0.00217481259379
0.00526906791257
0.0014048212977
0.00157534257328
0.00194482110316
0.0020050466138
0.00208953753798
0.00514416457418
0.00527926475141
0.00141540699659
0.00158634351231
0.00195443148076
0.0020149843282
0.00209982333855
0.00515482095077
0.00529031607907
0.00142687968047
0.00159826612586
0.00196478497409
0.00202569040823
0.00211090434844
0.00516630110683
0.00530222162628
0.00143923904815
0.00161111007594
0.0019758813924
0.00203716464298
0.00212278126515
0.00517860478239
0.00531498110312
0.00145248477527
0.0016248749986
0.00198772053131
0.00204940680651
0.00213545197555
0.00519173169893
0.005328594199
0.00146661651444
0.00163956050401
0.00200030217285
0.0020624185205
0.00214891714382
0.00520568155945
0.00534306058271
0.0014816338952
0.00165516617651
0.00201362608547
0.00207619580367
0.00216317648619
0.00522045404847
0.0053583799025
0.0014975365241
0.00167169157466
0.0020151897639
0.00209074024774
0.00217822970231
0.00523604883208
0.00537455178605
0.00151432398476
0.00168913623134
0.00200055353363
0.0021060515668
0.00219407647529
0.00525246555801
0.00539157584058
0.0015319958379
0.00170749965377
0.00198665927774
0.00212212946004
0.00221071647168
0.00526970385561
0.00540945165287
0.00155055162145
0.00172678132358
0.00197350725184
0.00213897361174
0.00222814934158
0.00528776333593
0.00542817878932
0.00156999085052
0.00174698069693
0.00196109769799
0.00214935729845
0.0022463747186
0.00530664359176
0.00544775679597
0.00159031301756
0.00176809720455
0.00194943084469
0.00213730623401
0.00226539221997
0.00532634419766
0.00143394539981
0.00161151759236
0.00179013025181
0.00193850690683
0.00212602248007
0.00228520144651
0.00534686471003
0.00145522370398
0.00163360402215
0.00181307921882
0.0019283260857
0.00211550625843
0.00230580198275
0.00536820466714
0.00147735139508
0.00165657173165
0.00183694346054
0.00191888856898
0.00210575777592
0.00232561020751
0.00539036358918
0.00150032793838
0.00168042012317
0.00186172230683
0.00191019453068
0.00209677722433
0.0023163264323
0.00541334097836
0.00152415277915
0.00170514857666
0.00186825619644
0.00190224413117
0.00208856478037
0.00230783665667
0.00543713631888
0.00154337549376
0.00170546009574
0.00186732900754
0.00097778893779
0.000895190421327
0.000454079279678
-0.000764994087718
-0.000955112269844
-0.00116459241269
-0.00158652519944
-0.00186700338665
-0.00212782469979
-0.00228407555945
-0.00243089055638
-0.00245012599028
-0.0028886105835
-0.00311400338752
0.0017886028116
0.00103333572559
0.00049440141561
-0.00017930122617
-0.000638597209174
-0.000876049780779
-0.000887679847991
0.000654251032917
0.000397676087347
-4.73517362463e-05
-0.000331054303607
-0.00051929890561
-0.000596770508745
-0.00101320040955
-0.00134562223517
-0.00160327727046
-0.00165654406093
-0.00180120400722
-0.00177506042885
-0.00315101330008
-0.0033727565733
-0.00338143691213
0.00171581623279
0.00111639523456
0.000452899854684
7.55355982381e-07
-0.000232936640978
-0.000244381393249
-0.00366304138692
0.000856958789665
0.00042556264918
0.000149029648772
-3.71847923957e-05
-2.16183466558e-05
-0.000396343688351
-0.000779027883911
-0.00197778676164
-0.00202605629854
-0.0020732714301
-0.00200872451478
-0.00242749812014
-0.00264549734598
-0.00265403036284
0.00243976684772
0.00178236633299
0.00112945986431
0.000684724683895
0.000454925652649
0.000443672682217
-0.0032361198513
0.00131464214851
0.000943037457273
0.000673788343515
-0.00045471504059
-0.000439330632855
-0.000682210505823
-0.0011134102308
-0.00136419527231
-0.00141179298837
-0.00136012852769
-0.00129662299051
-0.00166457684682
-0.00187876299157
-0.00188714601128
-0.00168960498532
0.00249027596615
0.000625134444565
0.000188008297152
-3.77966202766e-05
-4.88528623762e-05
-0.00370269417211
-0.0040328889588
0.000559111855291
0.000297227167533
0.000115474122792
0.000130666282684
-1.7513679001e-05
-0.000461619463534
-0.000708754829838
-0.000755655270362
-0.000608175447963
-0.000545732200182
-0.00086426966765
-0.00220367566414
-0.00221190553173
-0.00210518739853
-0.00278372170298
0.00138406313183
0.000954691872441
0.00073295470779
0.000722098737014
-0.00318850293467
-0.00348856536433
-0.00374363060384
0.000906680107565
0.000727323437397
0.000742314575702
0.000667554271309
0.000230101815551
-1.32745455733e-05
-0.00118853533682
-0.00103692439165
-0.00101142758227
-0.00115763021268
-0.00136407395988
-0.00137216549331
-0.00156390263902
-0.00199800387287
0.00218104622879
0.00175952652226
0.00154190438704
0.00153125095401
-0.00263272761619
-0.00290309286423
-0.00313186340881
0.00155607361727
0.00137920166363
0.00139398439992
0.000196561474323
-0.000169106797362
-0.000408640119275
-0.000454088825845
-0.000304881638618
-0.000454063325383
-0.00059578444954
-0.000731230665301
-0.000826368494038
-0.000979725302198
-0.00134824165322
-0.00178463602807
0.000894704431223
0.000681220880346
0.000604273909454
-0.0020368017295
-0.00227797325346
-0.00356481340578
-0.00372205985978
0.000940384912061
0.000954953198912
0.000807666485252
0.000597141009089
0.000361513947785
0.000316810872184
0.000463575517363
0.000144783294412
4.8821871063e-06
-0.000133301441745
-0.000238470775187
-0.00189937009926
-0.00226286568798
-0.00246266182864
-0.00286836078748
0.00149576406643
0.0014132947159
-0.00246324548377
-0.00267578537868
-0.00289848706908
-0.00299767562776
-0.00316937663372
0.00160383409166
0.00145781316776
0.00135403657033
0.0011663477971
0.00112239821386
0.00111005693662
-0.000761549825931
-0.00089956052139
-0.00104029240842
-0.0011551418137
-0.00125326002301
-0.00159261153116
-0.00175937545887
-0.00202367565931
0.00233812454947
0.00225717136961
-0.00179143090941
-0.0019759522548
-0.00219549047064
-0.00223823070751
-0.00240727354213
0.00228940857233
0.00214544024732
0.000482870921604
0.000418102695941
0.000415857641089
0.000237477332393
-8.44726185238e-05
-0.000220534561152
-0.000363631528389
-0.000487803191643
-0.000584545432274
-0.000884261234483
-0.0010485183417
-0.00115349482201
-0.00142459864156
0.00109248878817
-0.00108390163062
-0.00124105835172
-0.00145737013202
-0.00289840061862
-0.00301588990929
-0.00323011871051
0.00132389542276
0.00119318720632
0.00112935214463
0.00124788358478
0.000946601279165
0.000629329741438
0.000495263454067
0.000349977723427
0.000216844660452
0.000121513997238
-0.00208142233186
-0.0022431239095
-0.00221709916187
-0.00246004921133
-0.00253796958261
-0.00174635469688
-0.00187683373827
-0.00208987191035
-0.00212612828511
-0.00218837570769
-0.0024743400449
-0.00261407621056
0.00193834766204
0.00187546305207
0.00199223156622
0.00169077648681
0.00137827013757
-0.000695685508883
-0.000842989826366
-0.000984723370627
-0.0010786156128
-0.00130191718562
-0.0014610279565
-0.00143542131917
-0.00152417445241
-0.00178457829628
-0.000971829562923
-0.00108735877479
-0.00128607511735
-0.00132176611787
-0.00137346851642
-0.00168575046046
-0.00182332779556
0.00271682165526
0.00265490020413
0.000827960480184
0.000526535598694
0.000218858870606
8.69717321146e-05
-6.02810745821e-05
-0.000210256739605
-0.000302689138893
-0.000489305170987
-0.000645802169262
-0.000687578747281
-0.000744894556167
-0.00100468676438
-0.000165984923829
-0.00027974377561
-0.000451669944959
-0.000486792403546
-0.000558455205914
-0.00268213678053
-0.00281753971835
-0.0029850742465
0.00152423287139
0.00163741238056
0.00133620352711
0.00103339759183
0.000899526566144
0.000754625990844
0.000596761755667
0.0004998485129
0.000354814550954
0.000200943125141
-0.00204392977048
-0.00210037888231
-0.00230625057305
0.00066976498589
-0.0012585093721
-0.00140438951468
-0.00143894186065
-0.00152989518045
-0.00183236822118
-0.00196558857263
-0.00214445455932
-0.00220442852619
0.00247719723345
0.00217637232074
0.00187845979951
0.00174274710031
0.00160020926068
-0.00067954807396
-0.000825737076745
-0.000938786650722
-0.00103670701903
-0.00125305080134
-0.00130862314573
-0.00146214426225
-0.000310666383025
-0.000392449793409
-0.000513038698032
-0.000547022141413
-0.000690608329511
-0.000954155705588
-0.00108519322686
-0.00127493027692
-0.00133392676439
0.00334588558619
0.000931244460874
0.000638230871338
0.000500811273533
0.000360637647139
0.000155201810587
-5.79064550586e-06
-0.000133794775898
-0.000202887489399
-0.000430799671057
-0.000485488902864
-0.000588256313212
0.000515752619924
0.000500796659726
0.00040473920584
0.00019187161699
4.55515650518e-05
-4.8870845067e-05
-0.00224597169378
-0.00244612952465
-0.00250415138834
-0.00239640634612
0.00182812112088
0.00153999395492
0.0014009961546
0.00126318151271
0.000986675252341
0.000838518873881
0.00070147109478
0.000645592908349
0.000421353788049
-0.00176264486615
-0.00181626772915
0.00137013412984
0.00139088476816
0.00126183149717
-0.00111143917002
-0.00125574241118
-0.00123806363346
-0.00131277311078
-0.00152291358216
-0.00157996456698
-0.00147402085592
-0.00177284856906
0.00246803375166
0.00232757623089
0.00214312608372
0.00184698007142
-0.000424483623211
-0.000564595231641
-0.000607648061256
-0.000828213954598
-0.000881131111934
-0.000887220662021
0.000182978672925
0.000143817136683
-1.62419320641e-05
-0.000317001435032
-0.000459268162681
-0.000441839424789
-0.000358963222527
-0.00057481265463
-0.000630899853856
-0.000526744393756
-0.000824674540631
0.00342103433627
0.00114903372147
0.000895953081918
0.000604565083437
0.000470038600853
0.000327031711444
0.000296409081915
7.95062566253e-05
2.74723101571e-05
6.73142001563e-05
0.00108954728462
0.000883691186011
0.000739298917693
0.000505716387374
0.000365498880412
0.000382676042316
0.000557104493542
0.000396934757259
-0.00178708996453
-0.00168470577101
-0.00198164476952
-0.00225530284383
0.00212449322476
0.0018051617805
0.00151851532566
0.00139057320176
0.00124483229264
0.00122624687026
0.00101298653899
0.000961830623559
-0.0011660541255
0.00194838455587
0.00165272421495
0.00151023787348
0.00135551310618
-0.000911540989606
-0.000894617084973
-0.000722742680064
-0.00073775044523
-0.000791938072931
-0.000691304799878
-0.000987171046671
-0.00125610625136
0.00306376946184
0.00273930397884
0.00245737063001
0.00233300738703
0.00218753205275
-3.14830875518e-05
-0.000241129745297
-0.00029141397008
-0.000181910355662
0.00364898304313
0.00611094824431
0.00182493944712
0.00438447924174
0.00428037567677
-8.45116537652e-05
0.00258702100185
0.00366329823208
0.00612546352811
0.00183964912675
0.00439937645575
0.0042954523536
0.0027828714402
0.0026024274003
0.00367824232144
0.00614061645926
0.00185500494979
0.00441492800771
0.00431119120871
0.00279878787517
0.00261851037779
0.00369381511377
0.00615640683194
0.00187100670207
0.00443113367516
0.00432759201148
0.0028153736819
0.00263526968831
0.00371001640339
0.00617283443174
0.00188765416047
0.00444799322637
0.00434465452175
0.00283262861199
0.00265270507562
0.00372684597644
0.00618989903573
0.001904947093
0.00446550642039
0.00436237848977
0.00285055240719
0.00267081627328
0.00374430361085
0.00620760041243
0.00192288525878
0.00448367300704
0.00438076365625
0.00286914479934
0.00268960300466
0.00376238907638
0.00622593832184
0.00194146840809
0.00450249272696
0.00439980975236
0.00288840551046
0.00270262635471
0.00378110213463
0.00624491251547
0.00196069628235
0.00452196531158
0.00441951649978
0.00290833425272
0.00271058543478
0.00380044253905
0.00626452273633
0.00198056861415
0.0045420904832
0.00443988361067
0.0029289307285
0.00271922189129
0.00382041003497
0.00628476871897
0.00200108512728
0.00456286795496
0.00446091078774
0.00295019463037
0.00272853559206
0.00384100435959
0.00630565018947
0.00202224553675
0.00458429743088
0.00448259772426
0.00297212564116
0.0027385263946
0.00386222524203
0.00189714850012
0.00204404954879
0.0046063786059
0.00450494410406
0.00299472343394
0.00274919414609
0.00388407240333
0.00191930009093
0.00206649686089
0.00462911116584
0.00452794960157
0.00301798767208
0.0027605386834
0.00390654555645
0.00194208629738
0.00208958716181
0.00465249478752
0.00455161388184
0.00304017008901
0.00277255983313
0.00392964440634
0.00196550681194
0.00211332013159
0.00467652913867
0.00457593660058
0.00305272818961
0.00278525741158
0.00395336864991
0.00198956131873
0.00213769544161
0.00470121387804
0.00460091740415
0.00306595512518
0.00279863122481
0.00397771797606
0.00201424949357
0.00216271275457
0.00472654865539
0.00462655592961
0.00307985069814
0.00281268106861
0.00400269206573
0.00203957100392
0.00218837172455
0.00475253311152
0.000480161592032
0.00309441470105
0.00282740672854
0.00402829059188
0.00206552550897
0.00221467199699
0.00477916687828
0.000507114435391
0.00310964691656
0.00284280797996
0.00405451321953
0.00209211265967
0.00224161320877
0.00480644957863
0.000534723856276
0.00312554711745
0.002858884588
0.00107645407002
0.00125877042267
0.00141971621633
0.00153710665863
0.00160169062349
0.00499955561632
0.00507029324758
0.00108732847152
0.00127000663473
0.00143133530736
0.00154913109911
0.0016141443158
0.00501246389341
0.0050836828259
0.00109895805103
0.00128202307405
0.00144376112533
0.00156199031187
0.00162746246846
0.00502626805816
0.0050980015513
0.00111134258719
0.00129481949648
0.00145699340029
0.00157568399778
0.00164164474919
0.00504096774064
0.00143857236914
0.0011244818444
0.00130839564213
0.00147103184492
0.00159021183845
0.00165669080434
0.00505656254711
0.00145474812377
0.00113837557278
0.00132275123542
0.00148587615456
0.00160557349626
0.00167260025894
0.00507305206014
0.00147185170758
0.00115302350825
0.00133788598506
0.00150152600719
0.00162176861443
0.00168937271672
0.00509043583862
0.00147583271441
0.0011684253725
0.00135379958412
0.00151798106354
0.00163879681702
0.00170700776019
0.00510871341783
0.00147881154403
0.00118458087305
0.00137049171005
0.00153524096707
0.00165665770903
0.00172550495069
0.00512788430951
0.0014827207119
0.00120148970329
0.00138796202473
0.00155330534403
0.00167535087637
0.00174486382841
0.00514794800192
0.00148756010521
0.00121915061114
0.00140621017444
0.0015721738035
0.00169487588599
0.00176508391248
0.00516890395989
0.00149332958437
0.00123692897631
0.00142523578999
0.00159184593743
0.00171523228586
0.00505287362639
0.00519075162492
0.00150002898299
0.00124134017337
0.00143735626449
0.00161232132067
0.00173641960506
0.00507481459658
0.00521349041523
0.00150765810788
0.00124650644243
0.00144269355344
0.00161839509203
0.0017514975646
0.00509761520472
0.00523711972588
0.00151621673916
0.00125242768529
0.00144881078907
0.00162471960477
0.00175804136834
0.00510630945433
0.00525556409636
0.0015257046302
0.00125910378943
0.00145570784731
0.001631850336
0.00176541931335
0.00511394898712
0.00526348041514
0.00153612150771
0.00126653462801
0.0014633845883
0.00163978713117
0.00177363122845
0.00512245201436
0.00527229146306
0.00154746707176
0.00127472005985
0.00147184085642
0.00164852981829
0.00178267692315
0.0051318183246
0.00528199700486
0.00155974099583
0.00128365992953
0.00148107648027
0.00165807820798
0.0017925561877
0.005142047685
0.00529259678147
0.00157294292685
0.00129335406732
0.00149109127274
0.00166843209348
0.0018032687931
0.00515313984136
0.00530409051011
0.00158707248527
0.00130380228923
0.00150188503099
0.00167959125064
0.00181481449112
0.00516509451815
0.00531647788425
0.00160212926509
-0.00602338205135
-0.00483875091987
-0.00361651229373
-0.00648620335213
-0.00537443397117
-0.00461974457084
-0.00634781097913
-0.00595738660477
-0.00476848386533
-0.00358027646113
-0.00644794060784
-0.00534287473627
-0.00457463163896
-0.00629816992205
-0.00588924169572
-0.00470734446792
-0.00354151791292
-0.0064070190547
-0.00530850754244
-0.00452656709783
-0.00624541161083
-0.00581895833294
-0.00466857021775
-0.00350024498285
-0.00636344848181
-0.0052713415121
-0.00447556473986
-0.00618955357959
-0.00574654779202
-0.00462743627823
-0.003456466505
-0.00631723925921
-0.00523138786311
-0.00442619577034
-0.00613061424962
-0.00567202160706
-0.00458395040446
-0.00341019180457
-0.00626840372288
-0.00518865430823
-0.00437798732346
-0.00606861290047
-0.00559539156225
-0.00453812075807
-0.00336143068825
-0.00621695057428
-0.00514315342348
-0.00432685631597
-0.00600356964015
-0.00551666968337
-0.00448995589975
-0.00331019343414
-0.00616289324925
-0.00509489704599
-0.00427281766378
-0.0059355053744
-0.00544956944552
-0.00443946478152
-0.00325649078134
-0.0061141954877
-0.00504389765612
-0.00421588702087
-0.0058644417754
-0.00540015583348
-0.00438665720439
-0.00320033391915
-0.00606306947852
-0.00499016836187
-0.00415608075772
-0.00579040124971
-0.00534857461467
-0.00433154194737
-0.00314173447592
-0.00600935016364
-0.00493372288267
-0.00409341593889
-0.00571340690579
-0.00529483315395
-0.00427412955297
-0.00308070450757
-0.00595304992462
-0.00487457553273
-0.0067068543308
-0.00568288954129
-0.00523894051556
-0.00421443045569
-0.00301725648591
-0.00589418165344
-0.00481274120369
-0.00663852625511
-0.00565749919474
-0.00518090559392
-0.00415245543873
-0.00295140328657
-0.00583275873845
-0.00474823534697
-0.00656739474927
-0.00562899514724
-0.00512073757254
-0.0040882156248
-0.0028831581768
-0.00576879504999
-0.00468107395554
-0.00649347941891
-0.00559738666623
-0.00505844591717
-0.00402172246668
-0.00281253480297
-0.00570230492565
-0.00461127354543
-0.00641680044379
-0.00556268398551
-0.00499404036872
-0.00395298773773
-0.00273954717794
-0.00563330315521
-0.00453885113683
-0.00635266975877
-0.00552489828899
-0.00492753093612
-0.00388202352214
-0.00266420966828
-0.00556180496531
-0.00446382423496
-0.00631427725382
-0.00548404099445
-0.00485892788906
-0.00380884220511
-0.00258653698125
-0.00548782600393
-0.0043862108106
-0.00627300421646
-0.00544012652853
-0.00478824175061
-0.0037334564629
-0.00637939971824
-0.00541138232466
-0.00430602928056
-0.00624116883511
-0.00539316811555
-0.00473454458297
-0.00365587925277
-0.0062971020958
-0.00533249037074
-0.0042232980222
-0.00621302009477
-0.00534318055001
-0.00562262659047
-0.0043715884753
-0.00504231733096
-0.00367370432302
-0.00657506125721
-0.00237697247175
-0.00528804440797
-0.00555546846266
-0.0043032460659
-0.00499199291079
-0.00361089457632
-0.0065117241186
-0.00231361251646
-0.00526821646071
-0.00548663056672
-0.00423319759672
-0.00493989461597
-0.00354631895147
-0.00644660770955
-0.00224847271215
-0.00524653153307
-0.00541611970916
-0.00416145022556
-0.00488602806295
-0.00347998445877
-0.0063797192121
-0.0021836143825
-0.00522299212732
-0.00534394282386
-0.00409811675085
-0.0048303990339
-0.0034118982609
-0.00631106596353
-0.00215827450572
-0.00519760095462
-0.00528203967757
-0.00404156815198
-0.00477301347377
-0.00334206766928
-0.00624065545266
-0.00213108945585
-0.00517036093349
-0.00525663316291
-0.00837717292722
-0.00471387748722
-0.00327050014044
-0.00616849531604
-0.00210206233836
-0.00514127518816
-0.00522947976841
-0.00831717656448
-0.00465299733558
-0.00319720327237
-0.00609459333415
-0.00207119646141
-0.00511034704675
-0.00520058227444
-0.00825546546639
-0.00459037943367
-0.0031221848008
-0.00601895742752
-0.00203849533408
-0.00507758003948
-0.00516994083951
-0.0082208559931
-0.0045337970209
-0.00304545259542
-0.00594159565288
-0.00200396266434
-0.00504297789657
-0.00513756417466
-0.00818797314613
-0.00449074969655
-0.0029721742294
-0.00586251526794
-0.00196760189134
-0.00500654408059
-0.00510345277805
-0.0081533291541
-0.00444593244824
-0.0073059012806
-0.00578172645273
-0.00192941804591
-0.00496828364686
-0.00506761010926
-0.00811692763966
-0.00439935004964
-0.00725889340697
-0.00569923671773
-0.00188941495427
-0.00492820044721
-0.00503003979351
-0.00807877239855
-0.00435100744431
-0.00721011010071
-0.00561505462525
-0.00184759709838
-0.00488629899025
-0.0049935187075
-0.00803886739762
-0.00430090974307
-0.00715955661113
-0.00553973664542
-0.00180396914781
-0.00484258397322
-0.00495756265506
-0.00799721677288
-0.00424906222145
-0.00710723835623
-0.00549474570249
-0.00175853595716
-0.00479706027944
-0.00491988281214
-0.00795382482738
-0.00419547031701
-0.00705316091987
-0.00544797122024
-0.00592677121604
-0.00474973297566
-0.00488048296231
-0.00790869602901
-0.00414013962661
-0.00699733004895
-0.00539941826738
-0.00860816269545
-0.00470060730931
-0.00483936705
-0.00786183500832
-0.00408307590358
-0.00693975165047
-0.00534909208505
-0.0085573447231
-0.00464968870572
-0.00479653917862
-0.00781324655621
-0.00402428505492
-0.00688043178858
-0.00530966444611
-0.00850474272613
-0.00459698276523
-0.00475200360851
-0.00776293562151
-0.00396377313836
-0.0068193766815
-0.00529130302739
-0.00845036244354
-0.00454249526021
