0.00238232820578
0.00114593282033
0.000584020454333
0.00311852881553
0.00145554237929
0.00133112021894
-0.000493522509886
0.00239199031991
0.00116076012624
0.000598913708597
0.00313347117669
0.00147051649359
0.00135263028991
-0.000469993483807
0.00240235851575
0.0011762948472
0.000614517507695
0.00314912641305
0.00148620498988
0.00136833351685
-0.000452591441985
0.00241343262083
0.00119253672348
0.000630831588416
0.0031654942588
0.00150260760064
0.00138475152484
-0.000441488244375
0.00242521245101
0.00120948548366
0.000647855675703
-0.000933854579833
0.00151972404632
0.00140188403354
-0.000429669076178
0.00243769781048
0.00122714084464
0.000665589482684
-0.000916062360582
0.00153755403537
0.00141973075058
-0.000417134139608
0.00245088849177
0.00123156734142
0.000684032710688
-0.00089755840106
0.00155609726423
0.00143683131389
-0.000403883649039
0.0024532065783
0.00122477222624
0.000703185049276
-0.000878343014775
0.00157535341742
0.00144432185071
-0.00038991783099
0.00245439908493
0.00121868565792
0.000723046176265
-0.000858416527096
0.00159532216749
0.00145252829914
-0.000375236924105
0.00245629809599
0.00121330773836
0.000739385301186
-0.000837779275219
0.00161600317509
0.00146145051889
-0.000359841179133
0.00245890357989
0.00120863855764
0.000734698623835
-0.000816431608148
0.00163701355144
0.00147108835749
-0.000343730858907
0.00246154015373
0.00120467819397
0.000730723418632
-0.000794373886656
0.00164735319199
0.0014814416503
-0.000326906238321
0.00245864679577
0.00120142671367
0.0036771613748
-0.000771606483262
0.00165840716922
0.00149251022048
-0.000309367604306
0.00245645988679
0.00119888417124
0.00367460930316
-0.000768621085663
0.00167017529489
0.00150429387908
-0.000291115255806
-0.0014252121312
0.00119705060926
0.00367276886894
-0.000770466288307
0.00168265736869
-0.00274962236636
-0.000277824536436
-0.00142598604482
0.00119592605847
0.00367164010319
-0.000771597978662
0.00169585317825
-0.000248021397778
-0.000264609572522
-0.00142927182547
0.0011955105377
0.00367122302499
-0.000772016137522
0.00170976249912
-0.000234093729038
-0.000250680065954
-0.00143693214038
0.00119580405393
0.00367151764136
-0.000771720757792
0.00172438509484
-0.000219451848948
-0.000236036254231
-0.00144936230928
0.00119680660223
0.00367252394734
-0.000770711844484
0.00173972071692
-0.000204096006974
-0.000220678386918
-0.00146108696952
0.0011985181658
0.00367424192594
-0.00076898941472
0.00175576910488
-0.000188026464623
-0.000204606725623
-0.00147210592622
0.00120093871596
0.00367667154815
-0.000766553497729
0.00177252998628
-0.000171243495416
-0.000187821543979
0.000231367475535
-0.000510612938064
-0.00116920238247
0.000695962515356
0.000141554124311
-0.000607212826108
-0.00146577820662
0.000254026213599
-0.000487374173342
-0.00114537413617
0.000720387116443
0.000196364745563
-0.000550957802357
-0.00142560908785
0.000277462795927
-0.000463337902499
-0.00112072842078
0.00282191755807
0.000252010563371
-0.000493847189405
-0.00138454616689
0.000301676747237
-0.000438504638077
-0.00109526578864
0.00284801685339
0.000291208096013
-0.000435882430772
-0.00134259055671
0.000326667576891
-0.00041287397783
-0.00106898680988
0.00287495258475
0.000318804579676
-0.000377064988245
-0.00129974339256
0.000352434778942
-0.000386448329958
-0.00104189207235
0.00290272411938
0.000347257007578
-0.000317396341709
-0.00125600583183
0.00037664752311
-0.000359227325112
-0.00101398218155
0.00293133080552
0.000376564679143
-0.000256877988968
-0.00121137905391
0.000397433445373
-0.000331211541629
-0.000985257760599
-0.00162819801064
0.000406726873535
-0.000199423618617
-0.00116586426001
0.000418996962496
-0.000302401574144
-0.000955719450103
-0.00159792305224
0.000437742849746
-0.000154242975952
-0.001119462673
0.000441337637853
-0.000272798033532
-0.000925366976813
-0.00156681501063
0.000469611846686
-0.000108198956462
-0.00107217553729
0.000464455019426
-0.000242401546842
-0.000894202878826
-0.00153487461266
0.000502333083275
-6.12927302253e-05
-0.00102400411865
0.000488348639853
-0.000211212757229
-0.000862226917575
-0.00150210260374
0.00246020166824
-1.35254870558e-05
-0.000974949704001
0.000513018016471
-0.000179232323894
-0.000829439803044
-0.00146849974776
0.0024946249614
3.51015636393e-05
-0.000925013601331
0.000538462651367
-0.000146460922007
-0.000795842262368
-0.00143406682703
0.00252989803199
8.45871930096e-05
-0.000874197139467
0.000564682031425
-0.000113204390925
-0.000761435039755
-0.00139880464214
0.00256602001992
0.00013493015291
-0.000822501667922
0.000591675628383
-8.55376402187e-05
-0.000726218896404
-0.00136271401191
0.00260299004562
0.000175775837987
-0.000769928556729
0.000619442898877
-5.70782634785e-05
-0.000690194610419
-0.00132579577326
0.00264080721014
0.000214491145022
-0.000716479196258
0.000647983284504
-2.78268616515e-05
-0.000653362976732
-0.00128805078117
0.00267947059522
0.000254072074974
-0.000662154997047
0.00280619344667
2.21594822422e-06
-0.000615724807011
-0.00124947990851
0.00271897926343
0.000294517622897
-0.000606957389616
0.00283627832746
3.30495330835e-05
-0.000577280929574
-0.00121008404602
-0.00191118898612
0.000335826763502
-0.000550887824297
0.00286461355278
6.46732438996e-05
-0.000538032189301
-0.00116986410213
-0.00186999264005
0.00209103221683
-0.000493947771044
-0.00158838593412
-0.000625226794161
-0.00453498138724
-0.00348218143071
-0.00235538540206
-0.00222100425366
-0.00123229150743
-0.0050207747625
-0.00378990236447
-0.00371246318898
-0.00267861928317
-0.00155140061322
-0.00534640702875
-0.00552335150438
-0.00425953234358
-0.003123706205
-0.00199473644808
-0.000764290292867
-0.00576599261604
-0.00443288480794
-0.00329681775681
-0.000727355162997
-0.00475464415876
-0.00426296681785
-0.00321488251573
-0.00215137191294
-0.00117205463521
-0.00590668042875
-0.00479763502179
-0.00357091826644
-0.00241550039816
-0.00249059892809
-0.00142019762092
-0.00521450798794
-0.00405826029098
-0.00279669340177
-0.0030484775743
-0.00192063984771
-0.00548268168023
-0.00421365664477
-0.0043576169124
-0.00323778404126
-0.000342600122124
-0.0043823493891
-0.00347364539617
-0.00291187654311
-0.00191174628653
-0.000906582812721
-0.00488519115461
-0.0045406998229
-0.00331873379637
-0.00219177315467
-0.00124120178443
-0.00613289323905
-0.00505096021915
-0.00389734941102
-0.00270909019818
-0.00160758726898
-0.00181666175679
-0.00538037750279
-0.00410818125266
-0.00278018176678
-0.00315068560866
-0.00503893391959
-0.00403305885588
-0.00312961564674
-0.00211844051813
-0.001636919418
-0.000606688898693
-0.00458987187746
-0.00349026476753
-0.00303372594221
-0.00201448260154
-0.00107666632018
-0.00493665680782
-0.00382411966373
-0.00370550045807
-0.00261344703031
-0.00150361347988
-0.0052095177186
-0.00524878810469
-0.00397390941167
-0.00266350161025
-0.00155983923853
-0.00444673933785
-0.00364817984154
-0.00275046385337
-0.00180404346895
-0.000846334163667
-0.00523251894994
-0.00426108503234
-0.00316697766607
-0.00197605072648
-0.00105479698695
-0.000879804554744
-0.00474276771508
-0.00365481044312
-0.00250164845334
-0.00248715239584
-0.00137920706804
-0.00504618262918
-0.00382336364939
-0.00381098997716
-0.00251858565149
-0.0014169145263
-0.00414109613728
-0.00293005304028
-0.00244601448538
-0.00150361481435
-0.000502544256649
-0.00441084927431
-0.00389933846581
-0.00287756374756
-0.00176178126676
-0.000822741267538
-0.00485588906363
-0.00451729207734
-0.00345426142188
-0.00230429931616
-0.00129616644565
-0.00608667392315
-0.00487810665602
-0.00363368829148
-0.00235490152358
-0.00234558851054
-0.00137868291975
-0.00379909771667
-0.00265190823459
-0.00184550235915
-0.00123077513487
-0.00515040238059
-0.00403875070665
-0.00316456599121
-0.00217198469066
-0.00151479564342
-0.000558543579193
-0.00459524571736
-0.00355101682628
-0.0032227360127
-0.00210443310534
-0.00110908106532
-0.00493143432602
-0.00469673465663
-0.00345726457682
-0.00213525403973
-0.000912377333022
-0.0049367618539
-0.00342136870441
-0.00239013662495
-0.00155089395118
-0.000599663689024
-0.00484792406191
-0.0037404247923
-0.00287625749904
-0.00188797556287
-0.000781016980836
-0.00522767364984
-0.00430322713095
-0.00328406383254
-0.00225101771864
-0.00188430725528
-0.000891928706216
-0.00471748425605
-0.00354085346576
-0.0032858905122
-0.00196444486341
-0.000828471051457
-0.00485374521788
-0.00269788954318
-0.00209261866303
-0.00125741094762
-0.00528168776018
-0.00423013715498
-0.00309536437296
-0.00255505533802
-0.00157151995873
-0.000469714440889
-0.00446825346133
-0.00398022660726
-0.00298725821398
-0.00195847596041
-0.000924476020618
-0.00557016384922
-0.00447414926982
-0.00333755822025
-0.00211488764822
-0.000796801191109
-0.000716436851808
-0.00474289602761
-0.00225076278294
-0.00144918170391
-0.000929133751214
-0.00496079882887
-0.00391450290746
-0.00282257280576
-0.00192408212889
-0.00122320160499
-0.00511433356248
-0.00411000563786
-0.00319458165877
-0.00266008490406
-0.00163596245658
-0.000644282859734
-0.00462852828894
-0.00422447410779
-0.00310534654251
-0.001886333936
-0.000572064157102
-0.00453945001362
-0.00460432891047
-0.00177125366637
-0.00108178019865
-0.000255920794473
-0.004297600931
-0.00356555365485
-0.00253505222576
-0.00164044693464
-0.000624262395271
-0.00480447565137
-0.00372131692224
-0.00281093097627
-0.00187087050435
-0.00128387673652
-0.00530408221258
-0.00432289328823
-0.00329456735884
-0.00217930455755
-0.00162955213413
-0.000319544357833
-0.00437154361307
-0.00352336673479
-0.00118997357153
-0.000680336341214
-0.00485206360882
-0.00390965633716
-0.00287532396396
-0.00221464148748
-0.00132432690355
-0.000312879200249
-0.00424435695744
-0.0034518712439
-0.0025423795196
-0.00151915228453
-0.000470556998386
-0.00496651746326
-0.00400824253442
-0.00300108617248
-0.00189007701365
-0.00067964381218
-0.00497349161474
-0.0041759494722
-0.00332981804164
-0.000750330616316
-7.01726029783e-05
-0.00442286074217
-0.00348906685751
-0.00246139031993
-0.00155331708471
-0.000976180811107
-0.00501325695982
-0.0039694551034
-0.0028773561075
-0.00228806506709
-0.00126844362859
-0.000146195928799
-0.00426764779507
-0.00329080333948
-0.00267918627843
-0.00157280576507
-0.000367266546586
-0.00420304180737
-0.00395286945775
-0.0031090589644
-0.000277704662411
-0.00459876321096
-0.00378976030853
-0.00303646831636
-0.00201585986715
-0.00116859497391
-0.0003254194102
-0.00470236851035
-0.003663238737
-0.00258878074355
-0.00168624478679
-0.000670634084209
-0.00485196808354
-0.00395284347811
-0.00298641721827
-0.00192228037047
-0.00122783474977
-0.00510550124072
-0.00403409115669
-0.00308882097672
-0.00286131041746
0.00022716054079
-0.00409926089142
-0.00329653732889
-0.00238098725275
-0.00153936978544
-0.000773781768144
-0.00497125818669
-0.00405422737907
-0.00332612004463
-0.00226961777534
-0.0013710948075
-0.000359883112225
-0.00423075088883
-0.00363288365417
-0.00267512752008
-0.0016120701237
-0.000544123339941
-0.00489574054514
-0.00383735762248
-0.00285795629057
-0.00196081039112
0.000558572741112
-0.00356853152094
-0.00277237457353
-0.00186639417503
-0.000932898624474
-0.000391231500951
-0.00459316902809
-0.00368115348888
-0.00265261713126
-0.00161434750095
-0.00102610586667
-0.00500980926964
-0.0038956653067
-0.0029997285568
-0.00236117006138
-0.00130566707417
-0.000300371579613
-0.00426099095275
-0.00361304567219
-0.0026277599611
-0.00168674984401
-0.00394066142599
-0.00315199356769
-0.00221801562846
-0.00140752189577
-0.000494484288196
-0.00480278349834
-0.00418437007887
-0.00327771620758
-0.00225506072377
-0.00123526837128
-0.000345776770102
-0.00464053637097
-0.0035319090709
-0.00265328253984
-0.00170385462026
-0.00103043767461
-0.0050196032827
-0.00399572900421
-0.00296427284432
-0.00237914526386
-0.00140518849123
-0.0034239810392
-0.00263995880956
-0.00185936918881
-0.000932252787849
-2.5632046664e-05
-0.00435876715999
-0.00357782073811
-0.00267685579163
-0.00182802720327
-0.000826922810272
-0.00493543709196
-0.00393959525999
-0.00313989952616
-0.00227874200997
-0.00133394574876
-0.000412023084934
-0.00472318415866
-0.00370311735123
-0.00268552027575
-0.00170663056096
-0.000700264400035
-0.00287674519063
-0.00209925374785
-0.00134802967499
-0.000571514477982
0.000459564992558
-0.00388488856165
-0.00310926409712
-0.00221429287952
-0.00120446019438
-0.000389805868534
-0.00450359457152
-0.00351354121829
-0.00241702970845
-0.00187652107113
-0.000970924779959
-0.00507128507617
-0.00408511634032
-0.00340902268029
-0.00237995626777
-0.00140471387997
-0.000382934216352
-0.00281105875255
-0.00152899853377
-0.00080699724727
-3.66823337945e-05
-0.00416389773253
-0.00351648017353
-0.00261170823321
-0.00172301555168
-0.000720080234705
0.000243151653831
-0.00404377280303
-0.00305980809341
-0.00197143950252
-0.00114400678159
-0.000608617756445
-0.00471309068249
-0.00373457253833
-0.00278938810575
-0.00174449325138
-0.0010968576761
-0.00507942040086
-0.00220502402477
-0.00144143831232
-0.00074832424971
0.000526902832169
-0.00362717448634
-0.00298473547739
-0.00222048616341
-0.00120361619278
-0.000207872036176
-0.0042608621532
-0.00339297841732
-0.00257889673462
-0.00151023593835
-0.0006906355198
-0.00490932529093
-0.00432795620693
-0.00339852889552
-0.00245728313304
-0.00142077055784
-0.000466074811651
-0.00476020470481
0.00171741537865
0.0041927148811
-0.000360230844728
0.0021923679379
0.00078410310363
0.000111396253834
0.00276516042258
0.00169655987764
0.0041716849531
-0.000381414797841
0.00217105184649
0.000780603688607
0.000113403108714
0.00276845074368
0.00167640090324
0.00415135732272
-0.000401891358445
0.00215044751764
0.000777823957767
0.000111957725531
0.00277246769012
0.00165693878309
0.00413173232588
-0.000421660183226
0.00213055530111
0.000775763959111
0.000109886697843
0.00277721119117
0.00163817383371
0.00411281028708
-0.000440720940522
0.00211137553479
0.000774423728211
0.000108539291281
0.00277789802895
0.00162010636044
0.00409459151936
0.00287840588613
0.00209290854466
0.000773803288213
0.000107915529365
0.00277727165938
0.00160273665744
0.00407707632433
0.00286076221203
0.0020751546448
0.000773902649833
0.000108015422982
0.00277737197061
0.00158606500768
0.000434654148816
0.00284382753019
0.00205811413732
0.000774721811353
0.000108838970389
0.00277819896087
0.00157009168289
0.000418546958017
0.00282760212539
0.00204178731235
0.000776260758628
0.000110386157209
-0.00107677127818
0.00155481694357
0.000403144175711
0.00281208627061
0.00202617444802
0.00077851946508
0.0032997759859
-0.00107449098632
0.00154024103892
0.000388446057421
0.00279728022704
0.00201127581044
0.00076841926878
0.0033027703579
-0.00107148409747
0.00152636420686
0.000374452847095
0.00278318517535
0.00199709165365
0.000754162421143
0.00330648825042
-0.00107165439429
0.00151318667401
0.000361164777086
0.0027697994904
0.00198362221963
0.000740623943777
0.00331092959858
-0.00107390943027
0.00148716919116
0.000348582068135
0.00275712432914
0.00197086773828
0.000727804070119
0.00331609432487
-0.00107543784514
0.00145868457614
0.000336704929346
0.00274515990532
0.00195882842737
0.000715703021309
0.00332198233921
-0.00107623961199
0.00143089488718
0.000325533558178
0.00273390642078
0.00194750449255
0.000704321006171
0.00332859353889
-0.00107631471672
0.00140380057579
0.000315068140421
0.00272336406543
0.00193689612732
0.000693658221195
0.00333592780862
-0.00107566315799
0.00137740208253
0.000305308850185
0.00271353301724
0.00192700351301
0.000683714850519
0.00334398502053
-0.00107428494729
0.00489370771548
0.000296255849882
0.00270441344224
-0.00188293041054
0.000674491065914
0.00335276503417
-0.00107218010887
0.00486870213641
0.000287909290218
0.00269600549448
-0.00189139102773
0.00066598702677
0.0033596003206
-0.00106934867976
0.00484439363137
0.000280267008263
0.00268830931601
-0.00189913449179
0.000658202880079
0.00335178529973
-0.00106579070981
0.000637441450365
0.00015456444936
0.00379723146426
0.000588418157684
0.000113721661445
-0.000453219448939
-0.0011982005884
0.000638178013357
0.00016031868007
-0.000414674771566
0.000594645924937
0.000120145081232
-0.000446594127774
-0.00118283924503
0.000635763663712
0.00016616945012
-0.000407785335277
0.000601750915089
0.000127473252492
-0.000439035650299
-0.00116651682835
0.000634150092184
0.000172845195319
-0.000400045432368
0.000609732945829
0.000135705975195
-0.000430544235993
-0.00114923384213
0.000633337333266
0.000180345764175
-0.00039145524953
0.00326736075893
0.000144843024693
-0.000421120131343
-0.00113099081941
0.000633325404331
0.000188670986521
-0.000382014993898
0.00327709623416
0.000154884151745
-0.00041076360981
-0.00111178832241
0.000634114305635
0.000197296274188
-0.000371724893027
0.00328770806849
0.000165829082557
-0.000399474971784
-0.00109162601112
0.000635704020313
0.000198934173328
-0.000360585194865
0.00329919598999
0.000177677518813
-0.000387254544549
-0.00107050636849
0.000638094514383
0.000201397120904
-0.000348596167724
0.00331155970443
0.000190429137724
-0.000374102682226
-0.00104842911243
0.000641285736749
0.000204685061033
-0.000336282042417
0.00332479889528
0.000204083592064
-0.00036001976573
-0.00102539492097
0.000645277619206
0.000208797919118
-0.000323451348338
0.00333891322376
0.000218640510219
-0.000345006202711
-0.00100140450086
0.000650070076446
0.000213735601862
-0.000309772019682
0.00335390232891
0.000234099496242
-0.000329062427495
-0.000979688081708
0.000655663006071
0.000219497997273
-0.000300519876677
0.0033697658276
0.000250460129901
-0.000312188901023
-0.000962287608818
0.000662056288602
0.000226084974681
-0.000293731861084
0.0033865033146
0.00273060079002
-0.000294386110783
-0.00094392906115
0.00066924978749
0.000233496384751
-0.00028609428105
-0.000921698319897
0.00274876336141
-0.000275654570741
-0.000924613002195
0.000677243349131
0.0002417320595
-0.000277607320404
-0.00090321416015
0.00276782617463
-0.000255994821268
-0.000904340024357
0.000686036802886
0.000250791812317
-0.000268271183356
-0.000883945886223
0.00278778871293
-0.00023540742906
-0.000883110748864
0.000695629961096
0.000260675437982
-0.000258086094474
-0.000866063447241
0.00280865043556
-0.000213892987058
-0.000860925825669
0.0007060226191
0.000271382712691
-0.000247052298654
-0.000854691585677
0.00283041077792
-0.000191452114364
-0.000837785933356
0.000717214555263
0.000282913394082
-0.000235170061094
-0.00084244536928
0.00285306915156
-0.000168085456153
-0.000813691779034
0.00359859175693
0.00029526722126
-0.00022243966726
-0.00082932511053
0.0028766249443
-0.000143793683576
-0.000788644098231
-0.00564029838654
-0.00393421457219
-0.00236922195605
-0.00793515146466
-0.00627143818609
-0.00456967289124
-0.00287725617271
-0.00579585341911
-0.00409366113463
-0.00252654584914
-0.00445525004749
-0.00643758158018
-0.00473367152071
-0.00302805922339
-0.00595061312396
-0.00425230754521
-0.00268303971856
-0.00461613947354
-0.00660288712933
-0.00489808667067
-0.00317791229344
-0.00610457302975
-0.00441014907602
-0.00283869859744
-0.00477618859419
-0.00676734924195
-0.00506686269858
-0.00333002927207
-0.00625772865498
-0.00456718098613
-0.00299351750604
-0.0049353921104
-0.00693096230553
-0.0052347871533
-0.00349544143069
-0.00641007550825
-0.00472339852187
-0.00314749145209
-0.00509374470685
-0.00709372068697
-0.00540185408227
-0.00365996279302
-0.00656160908864
-0.00487879691727
-0.00330061543129
-0.00525124105232
-0.00725561873308
-0.00556805750815
-0.00382358709198
-0.00671232488608
-0.00503337139435
-0.00345288442769
-0.00540787580017
-0.00741665077097
-0.00573339142924
-0.00398630803622
-0.00686221838169
-0.00518711716353
-0.00360429341413
-0.00556364358877
-0.00757681110852
-0.00589784981993
-0.00414811931063
-0.00701128504817
-0.00534002942403
-0.00375483735268
-0.00571853904196
-0.00773609403482
-0.00606142663116
-0.00430901457691
-0.00715952035016
-0.00549210336423
-0.00390451119512
-0.0058725567695
-0.00429042539986
-0.0062241157909
-0.0044689874741
-0.00730691974465
-0.0056433341621
-0.00405330988339
-0.00602569136759
-0.00444793629828
-0.00638591120463
-0.0046280316192
-0.00745347868138
-0.00579371698559
-0.00420122835006
-0.00617793741935
-0.00460455254496
-0.00654680675584
-0.00478614060777
-0.00759919260323
-0.00594324606175
-0.00434826151883
-0.00290334117349
-0.0047602683588
-0.00670679630659
-0.00494330801449
-0.0077440569466
-0.00609191840242
-0.00449440430502
-0.00305379383213
-0.00491507794247
-0.006865873698
-0.00510542991944
-0.00788806714192
-0.00623972821677
-0.00463965161611
-0.00320334162044
-0.00506897548295
-0.00702403275086
-0.00526757804459
-0.00803121861399
-0.00638667063703
-0.00478399835218
-0.00335197907439
-0.00522195515205
-0.00718126726615
-0.00542879678999
-0.00444437570969
-0.00653274078762
-0.00492743940655
-0.00349970071955
-0.00537401110707
-0.00733757102569
-0.00558907958295
-0.00458579598947
-0.0066779337856
-0.00506996966623
-0.00364650107167
-0.0055251374913
-0.0074929377927
-0.00574841982736
-0.00472634379126
-0.00682224474118
-0.0052115840125
-0.00379237463719
-0.0056753284347
-0.00415385485106
-0.00590681090432
-0.00487333617542
-0.00696566875821
-0.00535227732149
-0.00393731591393
-0.00582457805449
-0.0043073288515
-0.00606424617279
-0.00710124844128
-0.00538677983616
-0.00820616512878
-0.00409314199586
-0.00689985817304
-0.00536500878537
-0.00815085185328
-0.00723819669759
-0.00552384197537
-0.00834394993673
-0.00423134232416
-0.00703601061649
-0.00550172053969
-0.00828780745232
-0.00281788886505
-0.00566614492011
-0.00848094969221
-0.0043687564932
-0.0071713671953
-0.0056376348517
-0.005797579388
-0.00296797055358
-0.00581733651157
-0.00862837517996
-0.0045059741488
-0.00730592430492
-0.00577274807983
-0.00593293508207
-0.0031173132255
-0.00596778728344
-0.00439419365324
-0.00465765055229
-0.00743967834051
-0.00590705658194
-0.00606748533634
-0.00326591324858
-0.00611749354027
-0.00454468180601
-0.00480858047106
-0.00757262569719
-0.00604055671568
-0.00620122649206
-0.00341376698498
-0.00626645158044
-0.0046944204268
-0.00495876013264
-0.00332714340707
-0.00617324483881
-0.0063341548905
-0.00356087079154
-0.00641465769647
-0.00484340576245
-0.00510818575804
-0.00345846659304
-0.00630511730954
-0.00648315965296
-0.00370722101997
-0.0065621081752
-0.0026040619739
-0.005256853562
-0.00358897228883
-0.00643920313298
-0.00236497693251
-0.00385281401717
-0.00670879929813
-0.002751529456
-0.00540475975329
-0.00371865782423
-0.00659426769595
-0.00252039305373
-0.00399764612548
-0.00685472734167
-0.00289823328975
-0.00555190146627
-0.00386146971683
-0.00674858542126
-0.00267506187394
-0.00414171368293
-0.00699988857737
-0.00304416783688
-0.00569827303591
-0.00401432190675
-0.00690215238703
-0.0028289794509
-0.00428905448336
-0.00714427927226
-0.00318933024813
-0.005843871586
-0.00416642046088
-0.00705496466314
-0.00298214183392
-0.00443822413023
-0.00728789568911
-0.0033337167383
-0.00598869330413
-0.00431776148338
-0.0072070183115
-0.00313454506417
-0.00458663963507
-0.0074307340867
-0.00347732351783
-0.00613273437332
-0.00446834107111
-0.00735830938634
-0.00328618517492
-0.00473429725404
-0.00757279072015
-0.00362014679311
-0.00627599097234
-0.00461815531393
-0.00750883393447
-0.00343705819181
-0.00488119323774
-0.00771406184119
-0.00376218276676
-0.00641845927598
-0.00476720029492
-0.00765858799555
-0.00358716013317
-0.00502732383156
-0.00785454369848
-0.00390342763799
-0.00656013545538
-0.00491547209075
-0.00533270824554
-0.0037364870103
-0.00517268527592
-0.00799423253793
-0.00404387760286
-0.00670101567833
-0.00506296677191
-0.00548090942447
-0.00388503482771
-0.00531727380655
-0.00813312460295
-0.00418352885462
-0.00684109610962
-0.005209680403
-0.00562832819547
-0.0040327995835
-0.0054610856548
-0.00827121613488
-0.00432237758403
-0.00698037291131
-0.00535560904308
-0.0057749605726
-0.00417977726959
