0.00187523026461
0.00363384274066
-0.00159317369344
0.000165638575409
0.00195271584282
0.00374768518187
0.00137048726356
0.00189086489864
0.00364994358707
-0.00158204105077
0.000176871499037
0.00196404267333
0.00375909896859
0.00138198049782
0.00188554619796
0.0036666169391
-0.00157032994909
0.000188688076611
0.00197595802215
0.0037711057776
0.00139407086915
0.00188079639052
0.003670311504
-0.00155804051919
0.000201088173776
0.00198846175151
0.00378370546794
-0.00136114549664
0.0018766155276
0.000478973403295
-0.0015451728983
0.000214071649586
0.00200155371692
0.00379689789177
-0.0013478631526
0.00187300365431
0.000475329324569
-0.00153172723002
0.000227638356514
0.00201523376713
0.00381068289432
-0.00133398226172
0.00186996080964
0.000472259347078
-0.00151770366437
0.000241788140456
0.00202950174414
0.00382505845131
-0.00131950485169
0.00186748702644
0.000469763504554
0.00235449907622
0.000256520840747
0.00204435748324
0.00384002811949
-0.00132447318335
0.00186558233141
0.000467841824425
0.00236548731599
0.000271836290162
0.00205980081297
0.0038555898608
-0.00132917186358
0.00186424674513
0.000466494327809
0.00236412864165
0.000287734314932
0.00207582969255
0.00387174349298
-0.00133327283683
0.001863480282
0.000465721029516
0.00236334892862
0.000304214734751
0.00209244766242
0.00388848882688
-0.00133677605424
0.0018632829503
0.000465521938043
0.00236314818562
0.000321277362783
0.00210965266839
0.00390582566656
-0.00133968147408
0.00186365475216
0.00046589705558
0.00236352641488
0.000338922005681
0.00212744451223
0.00392375380919
-0.00134198906173
0.00186459568358
0.000466846378003
0.00236448361218
0.000357148463588
0.00214582298906
0.00393259678848
-0.00134369878971
0.00186610573438
0.000468369894879
0.00236601976683
0.000375956530156
0.00216478788735
0.00393149357904
-0.00134481063765
0.00186818488828
0.000470467589465
0.00236813486166
0.000395345992555
0.0021843389889
0.00393098361761
-0.00134532459228
0.00187083312281
0.000473139438708
0.00237082887304
0.000415316631481
0.0022044760689
0.00393106691019
-0.00134524064749
0.00187405040939
0.000476385413248
0.00237410177087
0.000435868221177
0.00222519889591
0.00393174345578
-0.00134455880428
0.0018778367133
0.000480205477419
0.0023779535186
0.000457000529437
0.00224650723189
0.00393301324646
-0.00134327907077
0.00188219199366
0.00048459958925
0.00238238407319
0.000478713317623
0.00226840083223
0.00393487626733
-0.00134140146222
0.00188711620347
0.000489567700468
0.00238739338518
0.000497242367227
0.00227136887745
0.00393733249653
-0.00133892600099
-0.000414327179288
0.00281123827814
-0.000688949372075
-0.00188323175637
0.00139473324609
0.000191976039944
-0.000951495225801
-0.000412476064531
0.00280449974061
-0.000700980081402
-0.00189559169365
0.00138203132592
0.000178919292672
-0.000964919594024
-0.000423228326976
0.00279346057728
-0.000712317723678
-0.0019072396559
0.0013700610163
0.000166614523395
-0.000977570888528
-0.000433323047939
0.00278309645777
-0.000722962117066
-0.00191817544596
0.00135882253119
0.000155061964505
-0.00098944885675
-0.000442760081737
0.00277340753973
-0.000732913090788
-0.00192839887864
0.00134831607157
0.000144261834279
-0.00100055326147
-0.000451539292141
0.00276439397058
-0.000742170485141
-0.00193790978078
0.00133854182537
0.000134214336853
-0.00101088388081
-0.000459660552382
0.00275605588752
-0.000750734151508
-0.00194670799122
0.0013294999675
0.000124919662201
-0.00102044050831
-0.000467123745165
0.00274839341747
-0.000758603952374
-0.00195479336085
0.00132119065982
0.000116377986124
-0.00102922015892
-0.000473928762674
0.00274140667712
-0.000765779761331
-0.00196216575257
0.0013136140511
0.000108588538902
-0.00103722824492
-0.000480075506581
0.00273509577288
-0.000772261463093
-0.00196882504138
0.00130677027703
0.000101553330576
-0.00104446181214
-0.000485563888052
0.0027294608009
-0.000778048953504
-0.00197477111433
0.00130065852888
9.52715629978e-05
-0.00105092071582
-0.000490393827756
0.00272450184704
-0.000783142139543
-0.00198000107656
0.00129528077881
8.97433551027e-05
-0.00105660482669
-0.000494565255865
0.00272021898685
-0.000787540939339
-0.00198452042724
0.00129063619185
8.4968811581e-05
-0.00106151403094
-0.000498078112069
0.00271661228563
-0.000791245282168
-0.00198832629569
0.00128672485125
8.09480228658e-05
-0.00319382275875
-0.000500932345569
0.00271368179834
-0.000794255108468
-0.00199141861731
0.00128354682714
7.76810651248e-05
-0.00319718187037
-0.000503127915088
0.00271142756966
-0.000796570369838
-0.00199379733962
0.00128110217649
7.5168000253e-05
-0.003199765827
-0.000504664788873
0.00270984963397
-0.000798191029041
-0.00199546242224
0.00127939094313
7.3408875867e-05
-0.00320157457687
-0.000505542944695
0.00270894801531
-0.000799117060012
-0.0019964138369
0.00127841315775
7.24037253004e-05
-0.00320260808376
-0.000505762369853
0.00270872272743
-0.000799348447857
-0.00199665156743
0.00127816883788
7.21525676008e-05
-0.00320286632695
-0.000505323061172
0.000303232287417
-0.000798885188854
-0.00199617560982
0.00127865798789
7.26554075274e-05
-0.00320234930127
-0.000504225025007
0.000304359661103
-0.000797727290454
-0.00199498597213
0.00127988059903
7.39122355516e-05
-0.00320105701709
-0.00356995022627
-0.00391509545237
-0.00414230031759
-0.00425049651726
-0.00453621035986
-0.00493852028955
-0.00522174932797
-0.00545188056829
-0.00509677690203
-0.000438810382017
-0.000628710290058
-0.000959053796627
-0.00125813836559
-0.00150360343213
-0.00177778956004
-0.00204607507844
-0.00232954173188
-0.00258314802527
-0.00278772336737
-0.00313030959279
-0.00334682305475
-0.0031180639132
-0.00346115799681
-0.00368700245688
-0.00381997871199
-0.0034468718405
-0.00382368333238
-0.00410520813831
-0.00434880748083
-0.00462530406913
-0.00493487961964
-0.00512355977286
-0.000469293561946
-0.000766374273987
-0.00101760129383
-0.00128594263743
-0.00155854982066
-0.00180920847039
-0.00206643267603
-0.00182863600326
-0.00216868881517
-0.00238358861483
-0.00263955627255
-0.00231532818634
-0.0025397498485
-0.00272712686378
-0.00301754912855
-0.00334689092172
-0.00362663096548
-0.00388344528709
-0.00412668485967
-0.00443418569089
-0.0046215928828
-0.00492186251666
-0.0052168570636
-0.00548805762783
-0.000334530113135
-0.000611296356459
-0.000834915105073
-0.00111814470904
-0.00133968545418
-0.00161173048135
-0.00182495882548
-0.00146974460018
-0.00180845945942
-0.00203140004217
-0.00227244843664
-0.00256113945497
-0.00285268404722
-0.00312135716634
-0.00339112557328
-0.00361843959887
-0.00390680434128
-0.00411416888752
-0.00402802614606
-0.00425791123085
-0.00454870478782
-0.00477697409012
-0.00505750864048
-0.00033963585658
-0.000624703558532
-0.000861670275761
-0.00102797670344
-0.00123948089972
-0.000976437026275
-0.0012838964957
-0.0014972944744
-0.00179124484806
-0.00207812600452
-0.00235322383482
-0.00258991748659
-0.00245918376264
-0.00268494082109
-0.00294010623713
-0.00322324593229
-0.00352263815955
-0.00373695721954
-0.00399602455878
-0.00422259358042
-0.00448882818297
-0.00480927655051
-0.00509964368504
-0.00534442055083
-0.00047812173857
-0.0003108976808
-0.00047781198086
-0.000783307273215
-0.00097432714706
-0.000870821146128
-0.00115581898472
-0.00141459220209
-0.0016208845983
-0.0019145349593
-0.00213868015002
-0.00236103920884
-0.00271880065897
-0.00300375255289
-0.0032591135734
-0.00343587110533
-0.00368440782482
-0.00393280700717
-0.00426376860097
-0.00425343473193
-0.00449644673259
-0.00461769627073
-0.00466381814858
-0.00453973783408
-0.00483330962044
-0.00502304762039
-0.000348223386171
-0.000647498911133
-0.000863694648574
-0.00106851786523
-0.00138798591273
-0.00164945833187
-0.00183694523443
-0.00218817459763
-0.00249649451964
-0.00275772809976
-0.00261811761473
-0.00292010735247
-0.00316701790453
-0.00337693496726
-0.00369596816037
-0.00393715365101
-0.0040574874027
-0.00410626142664
-0.0040573229442
-0.00431528207466
-0.00449042206591
-0.00483178695941
-0.00511405015102
-0.000307939035189
-0.000588301197509
-0.00090953183007
-0.00117641174936
-0.00104755276996
-0.00131917561502
-0.00165257149717
-0.00191491299956
-0.00208927784576
-0.00244392574992
-0.00268927732062
-0.0028158003589
-0.00311263891645
-0.00336958888921
-0.00355391049759
-0.00361776771186
-0.00354964459993
-0.00381588580581
-0.00398992452846
-0.00432780987958
-0.00460344748824
-0.00476553277645
-0.00479069441535
-0.00508011668729
-0.000362102549175
-0.000547240336756
-0.000767244707568
-0.0010982510842
-0.00136159741005
-0.00158053022789
-0.00194117589451
-0.00218490275897
-0.00231058387707
-0.00255414271229
-0.00285597331726
-0.00273598515821
-0.00279940495035
-0.00304315839351
-0.00329151565966
-0.0031501315431
-0.00349831965599
-0.00377786418012
-0.0039446126258
-0.00429241693038
-0.00456828160027
-0.00482756672376
-0.00501145865479
-0.00019034258512
-0.000518887763321
-0.000783138903883
-0.00105420957223
-0.00141238026357
-0.00135137363642
-0.0014761803401
-0.00171340909987
-0.00201309933327
-0.00219485188914
-0.00225781741625
-0.00220208290815
-0.00242837732228
-0.00260009565167
-0.00297128971523
-0.00324898911524
-0.00341463080308
-0.00376890218554
-0.00404294000601
-0.0042778278614
-0.00446043421802
-0.00457916336392
-0.00490518189725
-0.00487031983266
-0.000199414512756
-0.000555026951544
-0.000795324885226
-0.000919228956537
-0.00115013881973
-0.00144761826612
-0.00162802160352
-0.00169051822323
-0.00165106601925
-0.00186849801631
-0.00203385336936
-0.00241981017984
-0.00269560480202
-0.00286010407874
-0.00322064639566
-0.00349279683411
-0.00340362984162
-0.00358491325358
-0.00365405501828
-0.00397748759704
-0.00424326146207
-0.00461604617181
-0.00496902380909
-0.000214258478476
-0.000337233163123
-0.000561842951193
-0.00085704801093
-0.00103606351253
-0.00109807783878
-0.00107631549901
-0.00129221983475
-0.00146114251387
-0.00184437887929
-0.00181829337364
-0.00199062493023
-0.00234823319282
-0.00261844041446
-0.00280534550681
-0.00298526998221
-0.00305266124135
-0.00332635802174
-0.00359275665049
-0.00401506585001
-0.00436533878191
-0.00460200227891
-0.00472402318598
-0.00494235894413
-7.84521521287e-05
-0.00025604475185
-0.000317563703908
-0.000478326663418
-0.00039274296204
-0.000565134296429
-0.000945579705388
-0.0012174052147
-0.00143831853872
-0.00175202053577
-0.00202023335129
-0.00218358720834
-0.00236212087402
-0.0024289896043
-0.00265244118169
-0.00293153654727
-0.00339029546693
-0.00357847430914
-0.00381325366907
-0.0039342987277
-0.00414639329181
-0.00443688091686
-0.00461301902697
0.000323420123264
-0.00455113921908
-0.0047638743288
5.38242175966e-05
-0.000323765942658
-0.00059353526566
-0.000862271002265
-0.00113260578673
-0.00139877757794
-0.00155496868235
-0.00171600788623
-0.0016230182453
-0.0017969809492
-0.00212789940496
-0.00258296600054
-0.00292764578079
-0.00316050255443
-0.0032805519601
-0.00348644451434
-0.00377450124115
-0.00394915666414
-0.00400965509518
-0.00393310724344
-0.00411928053415
-0.00429831451439
-0.00467299029521
-0.0049572718013
-0.000262979420644
-0.000490512776603
-0.000595277255646
-0.000750238742616
-0.000888150424431
-0.000953942948299
-0.00107919823948
-0.00146098197797
-0.00191228895696
-0.00225409288741
-0.00248499287046
-0.00260402902227
-0.00280376465195
-0.00308934927145
-0.00326249709873
-0.00344092110645
-0.003297315899
-0.00345293223006
-0.00363514146663
-0.00385179751069
-0.00418241454213
-0.00447935244447
-0.00466880690741
7.10884550951e-05
-8.26222180406e-05
-0.000205034595765
-0.000262985157432
-0.000421253726509
-0.00080395823863
-0.00121949863707
-0.00155838195932
-0.00178729505818
-0.00190530248843
-0.00221738106268
-0.00250045756049
-0.00267207606006
-0.00273151947494
-0.00248479046962
-0.00261028685357
-0.00279937993067
-0.00319899071701
-0.00354042121772
-0.00383508426863
-0.00402307890362
-0.00423861845168
-0.00439435663301
-0.00455308967947
0.000394065969882
0.000241436637346
-0.000138193705779
-0.00062360394341
-0.000959527707825
-0.00118642779292
-0.00130339309018
-0.00149097149624
-0.00177150885656
-0.00194157935152
-0.00200048505758
-0.00180613907844
-0.00190196357926
-0.00215641171918
-0.00255300261364
-0.00287674201789
-0.00316908979159
-0.00335559885672
-0.00356441773521
-0.00372412409007
-0.00399329158166
-0.00404346046067
-0.00418363505078
0.000430843403862
0.00011173639407
-0.000221194445344
-0.000446059194342
-0.000561970921372
-0.000743558608699
-0.00102153060624
-0.00119003734599
-0.00124839991443
-0.00110680512778
-0.00117341789617
-0.00149212082938
-0.00188563936013
-0.00219188226989
-0.00259358347115
-0.00277858408061
-0.00298370853601
-0.00314430851309
-0.00330048187407
-0.00335023892137
-0.00347812691869
-0.00385146786361
-0.00412346645602
-0.00445337634768
0.000314798536311
0.000199949928747
2.42886980554e-05
-0.00025109628457
-0.00083741949241
-0.000895234464948
-0.000387285953361
-0.000425156607044
-0.000918701343449
-0.00130910073798
-0.00159805179818
-0.00188566535117
-0.00206913738253
-0.00227057826458
-0.00243201815422
-0.00258688526224
-0.00263622513282
-0.00275200045184
-0.00312213790005
-0.00338714897583
-0.00367465644857
-0.00429104613917
-0.00440482387686
0.000392613977009
0.000119833312089
-4.55096956432e-05
-0.00010277353625
-0.000242572564282
0.00158850982374
0.000280148426576
0.00208835374976
-0.00019293323406
0.0015490367198
0.00329098801447
-0.000235395745563
0.00160011091
0.000294690207778
0.00210301497917
-0.000178161633808
0.00156390890314
0.00330595031994
-0.000227644961754
0.0016122902496
0.000309814630758
0.00211826361206
-0.000162798230789
0.00157937689796
0.00331011678671
-0.000219320298012
0.0016250477066
0.000325521523987
0.00213409947262
-0.000146843204776
0.00159544052082
0.00330201188927
0.00364717958821
0.00163838313864
0.000341810709401
0.0021505223784
-0.00013029674239
0.00161209958124
0.00329450755917
0.00365665173121
0.0016462213636
0.000358682002412
0.00216753214022
-0.000113159037086
0.00162935388183
0.0032876038867
0.0036631786907
0.00164654355335
0.000370615399694
0.00218512856225
-9.54302891427e-05
0.00162371560629
0.00328130095493
0.00366942449713
0.00164744473082
0.000371524035505
0.00220331144199
-7.7110705651e-05
0.00161805101593
0.00327559883974
0.00367624417889
0.00164892488592
0.000373016440518
0.00222208057028
-5.82005005014e-05
0.00161298335884
0.00327049760976
0.00368363766109
0.00165098400214
0.000375092597781
0.00224143573135
-5.01596537847e-05
0.00160851269524
0.00326599732642
0.00369160486254
0.00165362205645
0.000377752483711
0.00226137670278
-5.40049689304e-05
0.00160463907826
0.00326209804391
0.00370014569579
0.00165683901938
0.000380996068095
0.00228089485056
-5.72575528417e-05
0.00160136255393
0.00325879980919
0.00370926006709
0.001660634855
0.000384823314097
0.00228475120332
-5.99173674207e-05
0.0015986831612
0.00325610266197
0.00371355949628
0.0016650095209
0.000389234178251
0.00228919561093
-6.19843815102e-05
0.00159660093191
0.00325400663475
0.00371810362006
0.00166996296822
0.000394228610472
0.00229422802214
-6.34585708956e-05
0.00159511589083
0.00325251175278
0.00372322156434
0.00167549514164
0.000399806554055
0.0022936138632
-6.43399183064e-05
0.00159422805561
0.00325161803407
0.00372891327293
0.00168160597938
0.000405967945677
0.00228540363011
-7.20466237825e-05
0.00159253282272
0.00325132548938
0.00373517868336
0.00168829541321
0.000412712715404
0.00227778115237
-7.97302715121e-05
0.00158479291647
0.00324822885687
0.00374201772687
0.00169556336846
0.000420040786693
0.00227074651784
-8.68213641029e-05
0.00157764989885
0.00324103878888
0.00374943032841
0.00170340976402
0.000427952076395
0.00226429980759
-9.33198185022e-05
0.00157110385474
0.00323444962267
0.00375741640667
0.00171183451231
0.000436446494764
0.00225844109594
-9.92255585854e-05
0.00156515486197
0.00322846143758
-0.00163935020449
0.00162203107277
0.00039690537466
-0.00290512479799
0.000509220328267
-0.000663927880107
-0.00191294568698
-0.00165381351336
0.00160719973689
0.000381693116985
-0.00292073087855
0.000493207655499
-0.000665534945202
0.00266466236597
-0.00166762433278
0.00159303741844
0.000367166977854
-0.0029356331668
0.000477917014722
-0.000666398411163
0.00266377477719
-0.00168078246629
0.00157954432924
0.000353327185822
-0.00294983141598
0.00046334867244
-0.000666518262076
0.00266365157795
-0.00169328772662
0.00156672067121
0.000340173958739
-0.00296332539092
0.000449502882691
-0.000665894495731
0.00266429277065
-0.00170513993574
0.0015545666363
0.000327707503733
-0.00297611486798
0.000436379887026
-0.000664527123626
0.00266340347792
-0.00171633892486
0.00154308240652
0.000315928017195
-0.00298819963514
0.000423979914482
-0.000662416170963
0.00265931898023
-0.00172688453442
0.00153226815391
-0.00183074658348
-0.00299957949195
0.000412303181568
-0.000659561676648
0.00265599878676
-0.00173677661415
0.00152212404054
-0.00184115158693
-0.00301025424961
0.000401349892244
-0.000655963693285
0.00265344296217
-0.00174601502303
0.00151265021845
-0.00185086909733
0.00150386100845
0.000391120237902
-0.000662923501017
0.00265165155625
-0.00175459962933
0.0015038468297
-0.00185989896137
0.00149459696895
0.000381614397353
-0.000672681386127
0.00265062460388
-0.0017625303106
0.00149571400633
-0.00186824103657
0.00148603852516
0.000372829742838
-0.000681693549198
0.00265036212507
-0.00176980695371
0.00148825187036
-0.00187589519127
0.00147818581924
0.000364772015889
-0.000689962618205
0.00265086412495
-0.00177642945482
0.00148146053375
-0.00188286130461
0.00147103898168
0.000357438563509
-0.000697488440799
0.00265213059371
-0.0017823977194
0.00147534009844
-0.0018891392666
0.00146459813126
0.000350829514027
-0.000704270878287
0.00264310505937
-0.00178771166227
0.00146989065631
-0.00189472897808
0.00145886337506
0.000344944983123
-0.000710309805648
0.00263405878664
-0.00179237120756
0.00146511228918
-0.00189963035076
0.00145383480842
0.000339785073816
-0.000715605111542
0.00262577646083
0.00268094953816
0.0014610050688
-0.00190384330719
0.00144951251498
0.000335349876456
-0.00072015669832
0.00261825824324
0.00267759897831
0.00145756905686
-0.0019073677808
0.00144589656663
0.000331639468714
-0.000723964482034
0.0026115042803
0.00267490298763
0.00145480430497
-0.00191020371589
0.00144298702351
0.000328653915577
-0.000736174165167
0.0026055147036
0.00267286160464
0.00145271085466
-0.00191235106763
0.00144078393403
0.000326393269343
-0.000753357181064
0.00260028962985
-0.00517588726039
-0.00697527516875
-0.00504491681536
-0.00656534576986
-0.00452294623691
-0.00240462822321
-0.00734471667695
-0.00511183204087
-0.00691977865712
-0.00499720347389
-0.00651636292034
-0.0044728301445
-0.00237559746005
-0.00731519636506
-0.0050465351805
-0.00686299183411
-0.00494815356583
-0.00646600994364
-0.00442131409942
-0.0023451116283
-0.00728419695964
-0.00498000019168
-0.00680491796004
-0.00489777008544
-0.00641429007422
-0.00436840156081
-0.00231317289866
-0.00725172074214
-0.00491223063983
-0.00674556035776
-0.00484605609905
-0.00636120662378
-0.00431409606972
-0.00227978354065
-0.00721777009767
-0.00486212886546
-0.00669235807051
-0.00479301474423
-0.00630676298023
-0.00425840124799
-0.00224494592181
-0.00718234751411
-0.00484382841649
-0.00666590877614
-0.00473864922883
-0.00625096260661
-0.00420900573159
-0.00220866250689
-0.00714545558127
-0.00482423600884
-0.00663813824523
-0.00468296283004
-0.00619380904009
-0.00417205839411
-0.00546737353024
-0.00710709698993
-0.00480335273633
-0.00660904810567
-0.00462595889352
-0.00613530589089
-0.00413369925527
-0.00542820630189
-0.00706727453085
-0.00478117976349
-0.00657864005981
-0.00457965990376
-0.00607545684117
-0.00409393090121
-0.00538760124621
-0.00702599109384
-0.00475771832524
-0.00654691588401
-0.00454714491131
-0.00601426564397
-0.00405275600642
-0.0053455612079
-0.00698324966669
-0.00473296972656
-0.00651387742813
-0.0045132836939
-0.00595173612207
-0.00401017733284
-0.00530208912429
-0.00693905333415
-0.00470693534208
-0.00647952661495
-0.00447807832031
-0.00589643406223
-0.003966197729
-0.00525718802436
-0.0068934052768
-0.00834766596616
-0.00644386543969
-0.00444152907428
-0.0058521508462
-0.00392082012906
-0.00521086102767
-0.00684630876998
-0.00831906441088
-0.00640689503805
-0.00440364190452
-0.00580650470615
-0.00387404755185
-0.00516311134336
-0.00679776718266
-0.00828918160801
-0.00636861941096
-0.00436441724807
-0.00575949852928
-0.00382588309992
-0.00511394226904
-0.00674778397623
-0.00825801920697
-0.00632903983601
-0.00432385748031
-0.00571113528025
-0.00377632995857
-0.0050633571897
-0.00669636270334
-0.00822557892479
-0.00628815859215
-0.00428196505152
-0.00566141800036
-0.00372539139475
-0.0050113595766
-0.00664350700671
-0.00819186254568
-0.00624597802768
-0.00423874248623
-0.00561034980657
-0.00367307075612
-0.00495795298611
-0.00658922061783
-0.00815687192049
-0.00620250055964
-0.00419419238243
-0.0055579338906
-0.00361937146993
-0.00490314105856
-0.00653350735575
-0.00812060896624
-0.0061577286731
-0.00414831741083
-0.00550417351793
-0.00356429704197
-0.00484692751701
-0.00647637112577
-0.00487612561568
-0.00691739592929
-0.00218856308938
-0.00404098881778
-0.00592915811044
-0.0077574403609
-0.00517634848864
-0.00482287152387
-0.00686413563166
-0.00213548942696
-0.00400090583484
-0.00588038136126
-0.00770955301728
-0.00512899589858
-0.00476840548321
-0.00680966325345
-0.0088274653022
-0.00395960588603
-0.00583040713041
-0.00766047653644
-0.00508046674182
-0.00471273024499
-0.00675398154691
-0.00877197812857
-0.003917091046
-0.00577923786975
-0.00761021329042
-0.00503076331335
-0.004655848613
-0.00669709331676
-0.00871528833752
-0.00387336344555
-0.00572687608279
-0.00755876570213
-0.00497988795748
-0.00463010443614
-0.00663900141959
-0.00865739875656
-0.00382842527104
-0.00567332432418
-0.00750613624471
-0.00492784306738
-0.00461034211713
-0.00657970876309
-0.00859831226391
-0.0037822787639
-0.00561858519909
-0.00745232744102
-0.00487463108446
-0.00458933694138
-0.00652452222651
-0.0085380317878
-0.00373492622007
-0.00556313857064
-0.007397341863
-0.00482025449787
-0.00456708999481
-0.00649857630758
-0.0084765603058
-0.00368636998945
-0.00550653440902
-0.00734118213115
-0.00476471584395
-0.00454360242614
-0.00647139403868
-0.00842289858097
-0.00363661247533
-0.00544875019405
-0.0072838509139
-0.00470801770561
-0.00451887544666
-0.00644297681467
-0.00839460607205
-0.00358565613385
-0.00538978870471
-0.00722535092699
-0.00465016271182
-0.00449290846718
-0.00641332609157
-0.00836508537368
-0.00353350347336
-0.00535228994283
-0.0071656849329
-0.004591153537
-0.00446570654836
-0.00638244152347
-0.00833433705158
-0.00348015705389
-0.00531487570488
-0.00710485574018
-0.00453099290043
-0.00443726922447
-0.00635351553612
-0.00830236452502
-0.0034256194865
-0.00527625877092
-0.0070428662029
-0.00446968356567
-0.00440759795362
-0.00632389207228
-0.00826916847857
-0.00338153932922
-0.00523644289095
-0.00697971921993
-0.00440722833996
-0.00437669425474
-0.00629303812452
-0.00823475058693
-0.00334021612535
-0.00519542907551
-0.00691541773438
-0.00434363007362
-0.0043445597072
-0.00626095526465
-0.00819911258323
-0.00329768832323
-0.00515321932053
-0.00684996473291
-0.0042788916594
-0.00431119595042
-0.00622764512425
-0.00816225625857
-0.0032539580184
-0.00510981567549
-0.0067833632451
-0.00421850754667
-0.00427660468345
-0.00619310939425
-0.00812418346162
-0.00320902736056
-0.00506522024296
-0.00671561634277
-0.00417889501383
-0.00424078766454
-0.00615734982453
-0.00808489609811
-0.00316289855311
-0.00501943517812
-0.00664672713937
-0.00413811168194
-0.00420374671073
-0.00612036822348
-0.00804439613041
-0.00311557385256
-0.00497246268822
-0.00659037060947
-0.00409615944647
