0.00243879587177
0.00309583073546
0.00117039016777
0.00342407330912
0.0018419903999
0.000472188398416
0.00566551184242
0.00251591640113
0.00317227574756
0.00124592948058
0.00349850154284
0.00191513047744
0.00054389327189
0.00572182023912
0.00259416618968
0.00324984153943
0.00132257814606
0.00357402502073
0.00198934931957
0.000616658396773
0.0057791985747
0.00267354167967
0.00332852464139
0.00140033281053
0.00365064052811
0.00206464386825
0.000690480883954
0.00583764458136
0.00275403927744
0.00340832154842
0.00147919008572
0.00372834481666
0.00214101103296
0.000765357813057
0.00589715595568
0.00283565535409
0.00348922872082
0.00155914654942
0.00380713460506
0.0022184476912
0.000838888630272
0.00191264717155
0.00291838624629
0.00357124258496
0.00164019874617
0.00388700657956
0.00229695068914
0.000901347648609
0.00197428223066
0.00300222825698
0.00365435953393
0.00172234318791
0.0039679573947
0.00237651684212
0.000964877757102
0.00203697553782
0.00308717765608
0.00373857592832
0.00180557635469
0.00404998367385
0.00245714293533
0.00102947641827
0.00210072465151
0.00317323068128
0.00382388809686
0.00188989469529
0.00413308200988
0.0025388257243
0.00109514106015
0.00216552709678
0.00326038353873
0.00391029233717
0.00197529462793
0.00421724896581
0.00262156100423
0.0011618690768
0.0022313803657
0.0033486324038
0.00399778491646
0.00206177254095
0.0043024810754
0.00270534733581
0.00122965782878
0.00229828191782
0.00343797342181
0.00408636207223
0.00214932479344
0.00034368793101
0.00279018045794
0.00129850464361
0.00236622918066
0.00352840270877
0.00417602001298
0.00223794771596
0.000431039835447
0.00287605701353
0.00136840681629
0.0024352195501
0.0036199163521
0.00426675491894
0.00232763761119
0.000519446325749
0.00296297361884
0.00143936160979
0.0025052503909
0.00371251041138
0.00435856294275
0.00241838982329
0.000608903825055
0.00305092686401
0.00151136625551
0.00257631903714
0.00380618091909
0.00445144021018
0.00251020246385
0.000699408730427
0.00313991331366
0.00158441795382
0.0026484227927
0.00389503279886
0.00454538282082
0.00260307082464
0.000790957413482
0.0032299295075
0.00165851387454
0.00272155893174
0.00396940636316
0.00463441973782
0.00269699110356
0.000883546221019
0.0033209719609
0.00173365115744
0.00279572469914
-0.000185278360708
0.00470925065782
0.00278593627099
0.000977171475654
0.00341303716547
0.00180982691275
0.00287091731099
-0.000108681807343
0.00478518308625
0.00286098573139
0.00106576920282
0.00350612158965
0.00188703822168
0.0029471339551
0.00131698986923
-0.000331759082233
0.00144754009953
0.00336010913484
-0.00154329558642
0.000706224196446
0.00289851391374
0.0013950172385
-0.000266563690421
0.00151412757095
0.00342792348874
-0.00147445425382
0.000760087098722
0.00295317132608
0.00147115830692
-0.000200198982155
0.00158190670255
0.00349694905751
-0.00140438543865
0.000815221657092
0.00300911782927
0.00154842008783
-0.000132668129101
0.00165087412299
0.0035671813562
-0.00133309285181
0.000871624803164
0.00306635022067
0.00162679912743
-6.39743468931e-05
0.00172102641491
0.00363861864588
-0.00126058025365
0.000929293408151
0.00312486523502
0.00169798011264
5.87910557727e-06
0.00179236011563
0.000500828175748
-0.00118685145309
0.000988224283698
0.00318465954527
0.00176734699557
7.68889268772e-05
0.001864871718
0.000574662592684
-0.00111191030672
0.00104841418272
0.00324572976354
0.00183784335948
0.000149051773753
0.00193855767116
0.000649689985637
-0.00103576071781
0.00110985980024
0.00330807244198
0.00190946604028
0.0038149932475
0.00201341438136
0.000725906569936
-0.000958406635454
0.00117255777425
0.00337168407369
0.00198221183539
0.00388945195211
0.00208943821274
0.000803308517294
-0.000879852053618
0.00123650468659
0.00343656109369
0.00205607750445
0.00396505340888
0.00216662548814
0.000881891956685
-0.000800101010189
0.00130169706381
0.00350269987979
0.00213105976994
0.00404179411455
0.00224497248992
0.000961652975215
-0.000735966756907
0.00136813417201
0.0035700967536
0.00220715531789
0.00411967052771
0.00232447546077
0.00104258761901
-0.000691196180245
0.00143580684188
0.00363874798144
0.00228436079849
0.00419867906953
0.0024051306045
0.00112469189408
-0.000645172446829
0.00150471423341
0.0037086497753
0.00236267282681
0.00427881612449
0.00248693408688
0.00120796176721
-0.000597898019049
0.00157485266089
0.000592679730051
0.00244208798344
0.00436007804115
0.00256988203645
0.00129239316687
-0.000549375419499
0.00164621838784
0.000665071079573
0.00252260281519
0.00444246113287
0.00265397054532
0.00134160048371
-0.000499605367681
0.00171880762788
0.000738701314958
0.00260421383574
0.00452596167858
-0.000571846072539
0.00139175752621
-0.000448594229922
0.00179040089156
0.000813566440688
0.00268691752633
0.00461057592353
-0.000485488310251
0.00144313530218
-0.00039634284283
0.00184336488501
0.000889662411836
0.00277071033643
0.00469630008002
-0.000398001922586
0.00149573118811
-0.000342853963192
0.00189758213176
0.000966985135051
0.00285558868442
0.00478313032816
-0.000328591514133
0.00154954250603
-0.000288130404626
0.0019530497043
0.00104553046957
-0.00366769556581
-0.00386294320159
-0.00393709257067
-0.00388977926154
-0.00438175776457
0.00073715989159
0.00103521180399
0.00145204152055
0.00112986639614
0.00101928886238
0.00079396607677
0.000687785205866
0.000701250076812
-0.000120902564681
2.82442250565e-05
0.000296050608932
0.000424740142655
0.000391877682192
-0.000459237060707
-0.000255193647492
-0.000234567170449
0.000964352283049
0.000768185340819
8.6040784576e-05
0.000133577534201
0.000206281656418
0.000384971534941
0.000684435962295
0.000247403774748
0.000783520120252
0.000630053789978
0.000403559919851
0.000296824733355
-0.000626259021285
-0.000492518507859
-0.000275203459036
-7.04868683158e-05
-0.000904189604343
-0.000937223810075
-0.000850987096717
-0.00064588793573
-0.000591301708442
0.000646177022953
-0.000158484565908
-0.000233307797588
-0.000185564351665
-0.000117837758928
6.16380486985e-05
-0.000493408243499
-7.28087892921e-05
0.000465598010081
0.000268895524552
4.13040869316e-05
-0.00100256872649
-0.00098896843846
-0.000854577393136
-0.000686186649169
-0.00144673451463
-0.00126829246204
-0.00130148691404
-0.00121483217024
-0.00100874264472
-0.00185679873687
-0.000250354925358
-0.000448149091065
-0.000523268785419
-0.000475336101486
-0.000412655939357
-0.00108827762251
-0.000786305295184
-0.000364043812893
0.000176464096811
-0.00100039525402
-0.00122900715972
-0.00133674498453
-0.00132308335764
-0.00118808744571
-0.00203579808833
-0.00185846408647
-0.0016040653647
-0.00163740897903
-0.00155036512303
-0.0023469032609
-0.00215687733053
-0.000535177196077
-0.000708103496441
-0.00078349125445
-0.000735546281644
-0.00153363603667
-0.00135278598744
-0.00104972599116
-0.000625958516077
-0.00102016594809
-0.001304198834
-0.00153375069195
-0.00164193351296
-0.00162821538267
-0.00247713861025
-0.00242037070591
-0.00224211657141
-0.001943249195
-0.00288151205029
-0.00282929360352
-0.00274761410023
-0.00254552857833
-0.00103015708576
-0.00118958084094
-0.00209185482932
-0.00201404839917
-0.00187466823502
-0.00162189828645
-0.00128335211934
-0.00179485807274
-0.00125074877115
-0.00157877697679
-0.00180918411876
-0.00191777324598
-0.0028409104272
-0.00283341297346
-0.00277637020271
-0.00259725575848
-0.00323386113244
-0.00316291840778
-0.00320224146534
-0.00312015222618
-0.00291705360434
-0.00151722795385
-0.00250246111366
-0.00254921187199
-0.00247091130596
-0.00233124042967
-0.00207687664982
-0.00263626821775
-0.00213807437963
-0.00152136144294
-0.00182380258583
-0.00299188599407
-0.00310083944984
-0.0030950759207
-0.00316067762455
-0.00310338001348
-0.00386037196588
-0.00355874483683
-0.00350705483327
-0.00354656137269
-0.00346408930841
-0.00419695397733
-0.0029002903454
-0.00293099264036
-0.00297802356351
-0.00289925397048
-0.00275934433164
-0.00344008770198
-0.00306063547077
-0.00255954002883
-0.00193928985257
-0.00297588642207
-0.00320774304805
-0.00331701848055
-0.003392672379
-0.00345854187639
0.000573514925516
0.000754160954816
0.00105700652
0.00108925560469
0.00104957861409
0.000193930169099
0.000398845794739
-0.00339978793359
-0.00333047834389
-0.00337777348455
-0.00423518150293
-0.00409508635277
-0.00383778407
0.00145519618745
0.00195902610249
0.00164570233657
0.00175047663204
0.0015180319497
0.00140847899704
0.00125089763694
0.000247879374433
0.000305624978481
0.000486935086554
0.00079088752902
-0.00013494685406
-0.000174778816161
-9.16297255592e-05
0.000114082697795
0.00104076950633
0.00121129429664
0.000226843164717
0.000306469158586
0.000446691663432
0.00070532949215
0.00108884137049
0.000658323435173
0.00128502646347
0.00159575389395
0.00136281340393
0.00120335762051
7.619862259e-05
9.86999296124e-06
6.78052920192e-05
0.000249709036442
-0.000383822294983
-0.000390938187644
-0.000430907230874
-0.000347469098598
-0.000141037532935
0.000598513085253
-0.000119786279652
-0.000113332511825
-3.33212579015e-05
0.000106971270724
0.000366848761417
-0.000184725499997
0.000324039612241
0.000953636213507
0.00147156309001
0.000301317822956
5.95672086061e-05
-0.000131229746986
-0.000197748969037
-0.000139647176058
-0.000895694755229
-0.000589886172721
-0.000616878497224
-0.000656971814486
-0.000573274398183
-0.00140150960045
-0.0007511962598
-0.000531297430142
-0.000452099607077
-0.000342685017837
-0.000202382531235
-0.000878273540595
-0.000491266314148
1.96810230454e-05
0.000651935398269
0.000441154574383
0.000198091714205
-0.000116768373298
-0.000308032107564
-0.000374714648994
-0.00125494345594
-0.00107207131792
-0.000765519364951
-0.000812486871751
-0.000852688405564
-0.001804068086
-0.00159644408243
-0.00113401544213
-0.000912907075027
-0.000867313172158
-0.00166859254059
-0.00141787410128
-0.00115582385374
-0.000767298784458
-0.000254368535632
-0.000556609585871
0.000196601943284
5.31609471158e-05
-0.000262331846513
-0.000453982629101
-0.00145927479728
-0.00140091110055
-0.00121766877145
-0.000910500449339
-0.00201282294992
-0.00205311623912
-0.00196899881256
-0.0017609031217
-0.00148635426814
-0.00126412086805
-0.00218942954302
-0.00205304926893
-0.00178762006027
-0.00140234538158
-0.00101246048694
-0.00143466557017
-0.000797841079733
-4.21178941182e-05
-6.09438728541e-05
-0.00131540893349
-0.00150736741426
-0.00157429239403
-0.00151583521545
-0.00133230316439
-0.00205995349173
-0.00214706574403
-0.00218743398056
-0.00210316018677
-0.00189467922486
-0.00180774379254
-0.00255073187128
-0.00254413193695
-0.00240705100661
-0.00214026606703
-0.00174526641582
-0.00216333582523
-0.00164707816967
-0.00100835851351
-0.000250429805173
-0.0010825490153
-0.0013989069698
-0.00159108889056
-0.00165809205345
-0.00159956657703
-0.00245112648821
-0.00214311534088
-0.00225034897622
-0.00229077506556
-0.00220638057027
-0.00328392819576
-0.00303465369336
-0.00287448487858
-0.00286785378312
-0.00273012801798
-0.00339899765483
-0.0030021667433
-0.00247872892864
-0.00183150385693
-0.00118788943991
-0.00141234234081
-0.00113460280245
-0.00145118987878
-0.00164351197352
-0.0017105641847
-0.00268730153291
0.00235507210174
0.0026633064564
0.00253595432426
0.00112093008541
0.00120540915131
0.0014143958672
-0.00329287162438
-0.00316681397488
-0.003160154489
-0.0039587443839
-0.00368957183016
-0.00329107016744
-0.00276546204615
-0.00211559594923
0.0023917024837
0.00300737656894
0.00374261670004
0.00343257425375
0.00324019766257
0.00209154915979
0.00215013377895
0.0023340675134
0.0026423916111
0.00112039246392
0.00107990277915
0.00116442995672
0.00137353520905
0.00139249201785
0.001484118959
0.000553898096251
0.000692740711656
0.000962935679368
0.00136293628509
0.00189049600302
0.00143483744451
0.00193105556338
0.00255072594248
0.00329064826456
0.00236130873574
0.00216895982162
0.00210189757426
0.00216047373336
0.00234438099604
0.00127594624506
0.00111062776886
0.00107013258868
0.00115467123158
0.0013638047318
0.00112290941041
0.000318906246251
0.00032561654468
0.000464925686851
0.000736023086472
0.00113734659409
0.000627808167071
0.00100025856952
0.00149956007061
0.00212302098057
0.00178580625811
0.00197765850455
0.0021377628401
0.00214365650671
0.00220219855175
0.00101144145585
0.0012973845905
0.00113211533364
0.00109163224434
0.00117614566148
-0.000345609097443
-0.000180362610393
0.000123124374912
0.000129854101091
0.000269565814164
-0.000403699650922
-2.40830577118e-05
0.000220904108399
0.00059555047866
0.00109775884158
0.000643214605973
0.00139175794056
0.00156022297869
0.00172126570005
0.00200791502505
0.000900695885837
0.00108430980614
0.0013499758401
0.00118482720098
-0.000549348118991
-0.000464896520301
-0.000355290562715
-0.000515121289258
-3.9852036251e-05
-3.31079142798e-05
-0.000838199916451
-0.000565671307114
-0.000401800891389
-0.000155458143991
0.000221242482103
-0.000355407035198
0.000274964631919
0.00102741646047
0.00117216477073
0.00133408974702
0.000247741922662
0.000660710183643
0.00118833363486
0.00143365202011
-0.000425026931699
-0.000465433337293
-0.000381079909253
-0.00035472767713
0.00337916701654
0.00481820710333
0.00358813164306
0.00260626534608
0.00455032121753
0.0025840874781
0.00390257623642
0.00348325079496
0.00491981312333
0.00368694516224
0.00270206155097
0.00468478920886
0.0027164070442
0.00403230589908
-0.000456414121185
0.00502273499377
0.00378704659254
0.00279911657704
0.00482036147817
0.00284982201298
0.00416311970497
-0.000349659194917
0.00512696741338
0.0038884306583
0.00289742472444
0.00495703114377
0.00298432577293
0.00429501136249
-0.000241579460215
0.00523250085098
0.00399109111356
0.00299698025476
0.00509479132602
0.00311991171232
0.00442797457736
-0.00013218214354
0.00533932992919
0.004095021675
0.0030607707323
0.00523363514846
0.00325657322032
0.00456200305367
-2.14726433801e-05
0.00544744783824
0.00420021602348
0.00309211926129
0.0053735557389
0.00339430368801
0.00469709049491
9.05380210847e-05
0.00555684773469
0.00430666780565
0.00312484723901
0.00551454623054
0.00353309650945
0.00483323060492
0.000203844387749
0.00566752274319
0.00441437063547
0.00315895256776
0.00161802139798
0.0036729450827
0.00497041708885
0.000318439102881
0.00577946595819
0.00446737455394
0.00319443306607
0.00176113111829
0.0038138428108
0.00510864365418
0.000434314785622
0.00589267044563
0.00450520293672
0.00323128646941
0.00190529018203
0.00393690746919
0.00518412450121
0.000551464029827
0.00600712924466
0.00454443691581
0.0032695104309
0.00195800392326
0.00396160653398
0.00520837410134
0.000669879405872
0.00612132662305
0.00458507386736
0.00330910252201
0.00198441799601
0.00398763352069
0.00523392780559
0.000789553462449
0.00616431961044
0.00462711108057
0.00335006023333
0.00201217784796
0.00401498688968
0.00526078415636
0.000910478728332
0.0062087404532
0.0046705457586
0.00339238097536
0.00204127946259
0.00404366502541
0.00528894162414
0.00103264771412
0.00220949869308
0.00471537501942
0.00343606207928
0.00207172572957
0.0040736662369
0.00531839860786
0.00113581266573
0.00225676591776
0.00476159589679
0.00348109800385
0.0021035124755
0.00410498875825
0.00534915343538
0.00118539644642
0.00230545149103
0.0048092053412
0.00352749151205
0.00213663777763
0.00413763074912
0.00538120436392
0.00123641982086
0.00235555206784
0.00485820022081
0.00357523690819
0.00216707611582
0.0041715902953
0.00541454958061
0.00128887916848
0.00240706421686
0.00490857499417
0.00362433121463
0.00219446007931
0.00420686540924
0.00544918720293
0.00134277077946
0.00245998442164
0.00496033102446
0.00367477137874
0.00222318477224
0.0042434540306
0.00548511527929
0.003455644778
0.00181605818528
0.000632009414069
0.00251595578074
0.000836277141722
0.00326117497228
-0.00194217592405
0.00355545870684
0.00191742648113
0.000688159131935
0.00257332456399
0.000894630473668
0.00332023605759
-0.00188669212351
0.00365653051632
0.00202006716066
0.000745723687614
0.00263213651153
0.000954449735023
0.00338077937435
-0.0018296877964
0.00375885422182
0.00212397398133
0.000804699104507
0.00269238738972
0.00101573047701
0.00344280031492
-0.00177116748675
0.00386242380321
0.00222914066513
0.000865081323992
0.00275407287848
0.00107846816082
0.003506294179
0.00229886535687
0.00396723320629
0.00233556090011
0.000926866206742
0.00281718857277
0.00114265815916
0.000439181569626
0.0023604035932
0.00407327634427
0.0024432274106
0.000990049534069
0.00288172998407
0.0012082957579
0.000505606817534
0.00242344357488
0.00418054709919
0.00255213568404
0.00105462700928
0.00294769254185
0.00127537615765
0.000573490348857
0.00248798036036
0.00428903932333
-0.00052483971357
0.00112059425903
0.00301507159512
0.00134389400978
0.000642827109537
0.00255400891318
0.00439874684068
-0.000437454496532
0.00118794683474
0.00308386241394
0.00141384528067
0.000713611961402
0.00260559194284
0.00450966344828
-0.000370412724011
0.00125668021396
0.00315406019097
0.00148522445946
0.000785839683929
0.0026563101782
0.00462178198636
-0.000302024887954
0.0013267898018
0.00322566004302
0.00155802642233
0.000845967377269
0.00270854379086
0.00473509806494
-0.000232295331027
0.00139827093237
0.0032986570126
0.00163224596855
0.000898556165764
0.00276228866881
0.00484960447731
-0.000161228461886
0.00147111887015
0.0033730465352
0.00170787782219
0.000952621755847
0.00281754059659
0.00496529492666
-8.88287538884e-05
0.00154532881151
0.0034488225782
0.00178491663381
0.0010081600963
0.00287429525685
0.00502783863411
-1.51007437945e-05
0.0016208958861
0.00352598043643
0.00186335698222
0.00106516704098
0.00293254823199
0.00503808974137
7.30759521336e-06
0.00169781515836
0.00360451487118
0.00194319337614
0.00112363835026
0.00299229500574
0.00504972338517
1.9155933238e-05
0.00177608162893
0.00368442057739
-0.00116121331393
0.00118356969254
0.00305353096489
0.00506273882357
3.24114727621e-05
0.00185569023618
0.00376569218535
-0.00107860157425
0.00124495664579
0.00311625140091
0.00507713522716
4.70733376684e-05
0.00193663585764
0.00384832426223
-0.000994610665733
0.00130779469905
0.00318045151169
0.00188879182186
6.31405597364e-05
0.00201891331152
0.00393231131381
-0.000909246342453
0.00137207925403
0.00324612640327
-0.00456992460381
-0.00234161056772
-0.00333681417044
-0.00439193991537
-0.000629852419429
-0.00308771239217
-0.00466595658698
-0.00453522613715
-0.00230469838154
-0.00327447966894
-0.00432812303848
-0.000564576881874
-0.00305622845542
-0.00463363289921
-0.00449968245641
-0.00226827478527
-0.00322242683471
-0.00426342752711
-0.000498404637128
-0.00302378836138
-0.0046003281693
-0.00446329441916
-0.00223098470669
-0.00318423987575
-0.00419785512381
-0.000439975391959
-0.00299039310931
-0.00456604347786
-0.00442606290215
-0.00219283281381
-0.00314516912376
-0.00415560766829
-0.000406541345608
-0.00295604372641
-0.00453077993563
-0.00438798880119
-0.00215381820713
-0.00310521561235
-0.00411472432477
-0.000372178945595
-0.0029207412677
-0.00449453868329
-0.00434907303104
-0.0021139418701
-0.0030643803968
-0.00407293955
-0.000366722240495
-0.00288448681587
-0.00445732089135
-0.00430931652535
-0.00207320480634
-0.00302266455394
-0.00403025449668
-0.00146881032646
-0.00289290816593
-0.00443002403313
-0.0042687211678
-0.00203160803952
-0.00298006918202
-0.0039866703403
-0.00148032917404
-0.00290473765965
-0.00444216302404
-0.00422728606676
-0.00198915261326
-0.00293659540056
-0.003942188279
-0.00149090909284
-0.00291560297166
-0.00445331267913
-0.00571245015198
-0.00194583959096
-0.00289224435021
-0.00389680953343
-0.00150054977148
-0.0029255037647
-0.00446347263402
-0.00566934041357
-0.00190167005571
-0.00284701719258
-0.00385053534654
-0.00150925092609
-0.00293443973132
-0.00447264255647
-0.00562539488666
-0.00185664511011
-0.00280091511016
-0.00380336698346
-0.00151701230037
-0.00294241059392
-0.00448082214652
-0.00558061461564
-0.0018107658762
-0.00275393930609
-0.00375530573131
-0.00152383366562
-0.00294941610478
-0.0044880111365
-0.00553500066294
-0.00176403349528
-0.00270609100406
-0.00374404113267
-0.00152971482077
-0.00295545604612
-0.00449420929106
-0.00548855410894
-0.00171644912778
-0.00265737144814
-0.00374884912253
-0.00153465559243
-0.00296053023012
-0.00449941640724
-0.00544127605179
-0.00166801395313
-0.0026077819026
-0.00375274185
-0.0015386558349
-0.00296463849896
-0.00450363231449
-0.00539316760735
-0.00161872916961
-0.00255732365181
-0.00375571920635
-0.00154171543019
-0.00296778072483
-0.00450685687469
-0.00534422990899
-0.00156859599421
-0.00250599800003
-0.00375778110842
-0.00154383428804
-0.00296995680997
-0.00450908998219
-0.00529446410755
-0.00151761566249
-0.00245380627127
-0.00375892749858
-0.00154501234594
-0.00297116668665
-0.00451033156381
-0.00524387137113
-0.00146578942841
-0.0024007498091
-0.00502818407292
-0.00154524956914
-0.00297141031723
-0.00451058157886
-0.00590779993325
-0.00389859707645
-0.00190546352896
-0.00627911257046
-0.00450194083661
-0.002696342496
-0.000811222908251
-0.00585809676191
-0.00384889011541
-0.00185582685138
-0.0062296193119
-0.00445473052248
-0.00264923985433
-0.000759936474684
-0.00580761363469
-0.00379840314247
-0.00180541120119
-0.00617934920233
-0.00440674251428
-0.00260136120025
-0.000707880039291
-0.00575635160369
-0.00374713720994
-0.00358853008022
-0.00612830328085
-0.00435797780357
-0.00255270751872
-0.00541033743593
-0.00570431173528
-0.00369509338446
-0.00353655964294
-0.00607648260067
-0.00430843739628
-0.0025032798089
-0.00690182882879
-0.00565149511006
-0.00364227274683
-0.00348381341956
-0.00602388822906
-0.00425812231253
-0.00245307908412
-0.0068474687982
-0.00559790282268
-0.00358867639198
-0.00343029250047
-0.0059705212472
-0.00420703358658
-0.00240210637172
-0.00679234215316
-0.00554353598177
-0.00353430542878
-0.00337599798997
-0.00591638275012
-0.0041551722667
-0.00235036271299
-0.00673645186964
-0.00548839570984
-0.00347916097997
-0.00332093100619
-0.00586147384654
-0.00410253941509
-0.00229784916307
-0.00667979814286
-0.00543248314314
-0.00342324418208
-0.00326509268097
-0.0058057956588
-0.00404913610774
-0.0022445667908
-0.00662238211248
-0.00537579943157
-0.00336655618525
-0.00320848415974
-0.00574934932275
-0.00399496343436
-0.00219051667867
-0.00656420493122
-0.00531834573857
-0.00330909815317
-0.00315110660143
-0.00569213598761
-0.00394002249827
-0.00213569806004
-0.00650526776468
-0.00526012324097
-0.00325087126294
-0.00309296117832
-0.00563415681589
-0.00388431441627
-0.00208011576962
-0.00647220728613
-0.00520113312892
-0.00319187670498
-0.00303404907596
-0.00557541298327
-0.00382784031854
-0.0020237690675
-0.00644099291874
-0.00514137660577
-0.00514987074427
-0.00297437149305
-0.00551590567846
-0.00377060134856
-0.00196665908961
-0.00640899807715
-0.00508085488791
-0.00508934447471
-0.00291392964131
-0.00545563610314
-0.00371259866295
-0.00345650447427
-0.00637622341792
-0.0050195692047
-0.00502805418732
-0.00285272474538
-0.00539460547179
-0.00365383156875
-0.00339787140489
-0.00634266961286
-0.00495752079834
-0.00496600112456
-0.0027907580427
-0.00533281501159
-0.00359430497387
-0.00333847854564
-0.00630833734893
-0.00489471092375
-0.00490318654163
-0.00272803078336
-0.00527026596236
-0.00353401821114
-0.00327832708416
-0.00627322732822
-0.00483114084844
-0.00483961170631
-0.00266454423004
-0.00520695957633
-0.00347297248872
-0.00321741822074
-0.00623734026784
-0.00476681185239
-0.00477527789887
-0.00260029965785
-0.00514289711814
-0.00341116902739
-0.00315575316819
-0.00620067689984
