0.00335419144199
0.00116138776719
-8.53092641785e-05
0.00167587861547
-0.000945445155121
0.000608056659831
0.00215530973204
0.00335326500792
0.0011770256827
-6.94967808861e-05
0.00168070411659
-0.0009405752738
0.000612968166746
0.00216025399829
0.00335312657727
0.00119345829711
-5.2880780338e-05
0.00167584640174
-0.000934881955204
0.000618707949407
0.00216603206102
0.00335377615291
0.00121068526362
-5.66391754201e-05
0.00166319183518
-0.000928367190101
0.000625274945208
0.00217264378631
0.00335521372138
0.00122870621884
-6.83590513052e-05
0.00165135006946
-0.000921031125066
0.000632670866602
0.00218008902093
0.00335743925293
0.00122513610056
-7.92742109804e-05
0.00164032136585
-0.000921862785275
0.000640894613183
0.00218836759242
0.00336045270151
0.00121514263622
-8.93844184547e-05
0.00163010596776
-0.000932170553705
0.000649945996996
0.00219747930901
0.00336425400476
0.00120594506377
-9.86894550582e-05
0.00162070410076
-0.000941657450179
0.000659824811239
0.00220742395977
0.00336884308401
0.00119754357763
-0.000107189119466
0.00161211597252
-0.000950323261344
0.000663090347136
0.0022182013145
0.00337421984432
0.00118993835546
-0.000114883227719
0.0016043417728
-0.000958167792248
0.000655186139315
0.00222981112388
0.00338038510581
0.00118312955813
-0.000121771613245
0.00159738167343
-0.00096519086636
0.000648109630143
0.0022422531194
0.00338733687834
0.00117711732971
-0.000127854126877
0.00159123582828
-0.000971392325596
0.000641860981341
0.00224966898298
0.00338965221903
0.00117190366006
-0.000133130636867
0.00158590437326
-0.000976772030327
0.000636440335745
0.00224421524983
0.00338137248729
0.0011674849343
0.00273178892233
0.00158138742627
-0.000981329859404
0.000631847817292
0.0022395946961
0.00337388002319
0.00116386310861
0.00272812474511
0.00157768508726
-0.000985065710168
0.000628083531005
0.00223580742874
0.00336717498166
0.00116103825969
0.00272526686212
0.00157479743813
-0.000987979498459
0.000625147562977
0.00223285353543
0.00335826645955
0.00115901044735
0.00272321533531
0.00157272454277
-0.000990071158629
0.000623039980366
0.00223073308457
0.00334600884361
0.00115777971453
0.00272197020912
0.00157146644707
-0.000991340643549
0.000621760831388
0.00222944612525
0.00333453805113
0.0011573460873
0.00272153151057
0.00157102317886
-0.000991786061968
0.000621310145306
0.00222899268729
0.00332385431925
0.00115770957485
0.00272189924916
0.00157139474796
-0.000991411129097
0.000621687932432
0.00222937278118
0.0033139578689
0.00115887016948
0.00272307341691
0.00157258114614
-0.00099021399074
0.000622895115444
0.00223058639812
0.000805381401846
-0.000333086966724
0.00310335421998
0.000103116194473
-0.00104274188531
0.00227012172191
0.000433275899371
0.000819707298023
-0.000318264839674
0.00311869176452
0.000118986806074
-0.00102632292984
0.00229012577553
0.00045408228415
0.000834972027184
-0.000302471531836
-0.00152126960424
0.000135896887499
-0.00100882882339
0.00231124284496
0.000476045867062
0.000847515937996
-0.000285707540868
-0.00150392308959
0.000153845828124
-0.000990260241893
0.00233347205457
0.000499165663281
0.00085896307972
-0.000267973394646
-0.00148557295024
0.000172832980339
-0.000970617902197
0.00235681248358
0.000523440637349
0.000864039483316
-0.000255377276466
-0.00146621980422
0.000192857659656
-0.000949902561903
0.0023812631663
0.000548869703398
0.00086053208589
-0.000259005364958
-0.00145868444429
0.00021391914484
-0.000928115019229
0.00240682309227
0.000575451725396
0.000857965312467
-0.000261660468067
-0.00146143119625
0.000216029100158
-0.000907091941857
0.00243349120655
0.000603185517397
0.000856339238759
-0.000263342501994
-0.00146317129349
0.000214229022275
-0.000908953636642
0.00243011170956
0.000632069843801
0.000855653912735
-0.000264051413646
-0.00146390467723
0.000213470358278
-0.000925011820874
0.00239610812426
0.000662103419629
0.000855906560645
-0.000263787180645
-0.00146363132269
0.000213753135595
-0.00095674810959
-0.00244160119578
0.000693284910801
0.000857102762888
-0.000262549811332
-0.00146235123911
0.000215077344002
-0.000987418358908
-0.00247339760575
0.000725612934433
0.000859239690209
-0.000260339344766
-0.00146006446972
0.000217442935627
-0.00101702139344
-0.00250408844346
0.000737664554242
0.000862317279571
-0.000257155850715
-0.00145677109178
0.000220849824958
-0.00104555607705
-0.00253367244382
0.000707002202144
0.000866335440202
-0.00025299942965
-0.00145247121652
0.000225297888858
-0.0010730213131
-0.00256214838551
0.000677487507274
0.000871294053604
-0.000247870212725
-0.00144716498915
0.000230786966588
-0.00109941604461
-0.00258951509128
0.00064912177959
0.000877192973572
-0.000241768361756
-0.00144085258882
0.000216786436141
-0.00112473925449
-0.00261577142816
0.000621906279937
0.000884032026215
-0.0002346940692
-0.0014335342286
0.000193399856213
-0.00114898996574
-0.0026409163077
0.000595843151088
0.000891811009983
-0.00022664755812
-0.00142521015542
0.000171048907085
-0.00117216724161
-0.00266494868619
0.00057093169219
0.000900529695696
-0.000217629082152
-0.00141588065009
0.000149734392907
-0.00119427018581
-0.00268786756487
0.000547173946441
0.000910187826576
-0.000207638925466
-0.00140554602717
0.000129457081314
-0.00121529794266
-0.00270967199015
0.000524570975558
-0.00671596093314
-0.0063769529126
-0.00601066653975
-0.00549747961959
-0.004843221557
-0.00425752992355
-0.00353844239826
-0.00285658783594
-0.00201046535547
-0.00204999562491
-0.00225478513025
-0.00228623065214
-0.00214401668795
-0.00436514778445
-0.00388153523813
-0.00323336411475
-0.00284590698362
-0.00699627847925
-0.0067368778244
-0.00631348098891
-0.00599088672735
-0.00448181061955
-0.00414283214393
-0.00378364320384
-0.00550061163314
-0.00480964666481
-0.00421531323787
-0.00370276331353
-0.00301871316208
-0.00216994651512
-0.00210853113806
-0.00231355234209
-0.00234503360353
-0.00220265834802
-0.00188784968646
-0.00140370123952
-0.00517697922116
-0.00718697877173
-0.00709377957872
-0.00683391081674
-0.00640975951855
-0.00610882243153
-0.00443035023172
-0.00409173723572
-0.00373998960321
-0.00322723027059
-0.00253687179784
-0.00210640614171
-0.00159261906093
-0.00313714345535
-0.00228643489834
-0.00216218523189
-0.00232886614424
-0.00236035673219
-0.00664009087026
-0.00632518995898
-0.00584090179393
-0.00519184501921
-0.0048515233192
-0.00475822718582
-0.00449808989252
-0.00407923902512
-0.00618584745912
-0.00433154258856
-0.0039936291427
-0.00364964421407
-0.00313783645157
-0.00251970097362
-0.00218263452803
-0.00166806651912
-0.000981386404068
-0.000197557928162
-4.9635733287e-05
-0.00672284037556
-0.00675431334086
-0.00661197295826
-0.00629724174964
-0.00581321061162
-0.00516449099017
-0.00486546412158
-0.00477214376834
-0.0045119393853
-0.00411536862691
-0.0038304616318
-0.00418568232251
-0.00384879630727
-0.00351286900586
-0.00300249517238
-0.00255088113668
-0.00221360282935
-0.00169871688801
-0.00560877884145
-0.00492227085663
-0.00472115583169
-0.00472508736411
-0.00462748755423
-0.0044853435355
-0.00417104271458
-0.00574284651129
-0.00509498204194
-0.0048374422426
-0.00474417056001
-0.00448410099656
-0.00411011785327
-0.00382523823322
-0.00214873512335
-0.00181319545098
-0.00148559113288
-0.000977121437136
-0.00253640622687
-0.00679638261468
-0.00628164431683
-0.0056411821548
-0.00500636090135
-0.00475205910789
-0.0047559929921
-0.0045859963816
-0.0043707471425
-0.00405713419644
-0.00357479690584
-0.002928299461
-0.00271234031391
-0.00261918985116
-0.00441463913032
-0.00406349868445
-0.00377886188484
-0.00191019069299
-0.00158234996245
-0.0059751807449
-0.00550554378378
-0.00534976973395
-0.00501299763508
-0.00449887135735
-0.00395839479474
-0.00504677091662
-0.00473942390308
-0.00474335682539
-0.00457340164867
-0.00423125724593
-0.00390061224076
-0.00341969944521
-0.00277507119291
-0.00260068773866
-0.00250773019893
-0.00224853085645
-0.00192043423196
-0.00163625591283
-0.00651059077014
-0.0060252327697
-0.00570196765235
-0.00539967186048
-0.00524423132382
-0.00490817312598
-0.0044189844877
-0.00395497947083
-0.00331969483177
-0.00295957958642
-0.00296350824043
-0.00279373692212
-0.00417566155805
-0.00370185642508
-0.00322274046586
-0.00272366507311
-0.00244756047737
-0.0023548662295
-0.00210048881163
-0.00182852700231
-0.00150797876403
-0.0048034683636
-0.00429643662648
-0.00564915313277
-0.00535982319588
-0.00509353442
-0.00476660716489
-0.00437080698221
-0.00390724212962
-0.00327254725685
-0.00294901265857
-0.00286399369898
-0.00269454728158
-0.00235341661358
-0.00184392701382
-0.00126068081387
-0.00275568625167
-0.00240963473872
-0.00216094790171
-0.00663513273742
-0.00636379064586
-0.00599845304623
-0.00472185148108
-0.00426798017826
-0.00401751724909
-0.00372861194014
-0.00337353811355
-0.00462484467467
-0.00427802705223
-0.0038153075275
-0.00320559711974
-0.00297933954854
-0.00272135978851
-0.00255237689154
-0.00221217031877
-0.00171462712961
-0.00120180535669
-0.00102208718038
-0.00541866463778
-0.00494527701398
-0.00482906772664
-0.00620628575685
-0.00578941369286
-0.00461022432042
-0.00419354524258
-0.00392942493577
-0.00361117822089
-0.00318623727167
-0.00287956533454
-0.00258176454807
-0.00212028748867
-0.00163324160513
-0.0029661690172
-0.00256800813208
-0.00236757608583
-0.00207293557263
-0.00636375290447
-0.00589240459274
-0.00571285979191
-0.00536720310505
-0.00485859006743
-0.00462396982762
-0.00436933718531
-0.00395342816447
-0.00445261331201
-0.00407334109136
-0.00380986443477
-0.00345766470004
-0.0029833215922
-0.00268596478801
-0.00240063061422
-0.00194078631383
-0.00157635883505
-0.00135040713097
-0.00095267791349
-0.00541503798444
-0.00513235970208
-0.00622817301127
-0.00580260681542
-0.00561929231538
-0.00527423276045
-0.00478169134052
-0.0044818692053
-0.00413284410226
-0.00371870037154
-0.00270651084502
-0.00236475062752
-0.0021021557946
-0.0032692223331
-0.00279366197167
-0.00246003784484
-0.00217596868853
-0.00171813360188
-0.00623125658715
-0.00600574208713
-0.00560877328109
-0.0052351694897
-0.00495345168558
-0.00454346915211
-0.00420914396153
-0.00393776612835
-0.00359356529579
-0.00471903269148
-0.00441955202153
-0.00395922592641
-0.00364170805741
-0.00245838653595
-0.00215413527421
-0.0018926532487
-0.00149360471304
-0.00102023221214
-0.000647975491605
-0.00513413900725
-0.00620817914514
-0.00608760505441
-0.00586271321268
-0.00546682746194
-0.00501334445429
-0.00473280224463
-0.00445403213721
-0.00412026211264
-0.00376139551558
-0.00341830913587
-0.00306898718919
-0.00277006964415
-0.0023105977608
-0.00353223906181
-0.00216596533128
-0.00189911453881
-0.00163896741415
-0.00598607065744
-0.00551527021805
-0.00510510396639
-0.00482423565279
-0.00447816795651
-0.00437155035533
-0.00414746201556
-0.00528247811722
-0.00475008829913
-0.00448896014909
-0.00432272401241
-0.00398976708764
-0.00354418051537
-0.00320245682962
-0.00292458788672
-0.00262645138215
-0.00216816373261
-0.00183642755603
-0.000423865506164
-0.00636910837517
-0.00611050784512
-0.00567535380852
-0.00519903610793
-0.00475175953119
-0.0044728038321
-0.0042951393099
-0.0041677509582
-0.00391945057765
-0.00352666549704
-0.00296794971271
-0.00278604873895
-0.00262034854345
-0.003817960167
-0.00332290783487
-0.00294648683446
-0.00273975430355
-0.00244261162401
-0.00198583102019
-0.00164739583882
-0.00492576423088
-0.00473719013865
-0.00442017831445
-0.00398792350217
-0.00484105345795
-0.0043575332422
-0.00408068101567
-0.00406970561337
-0.00394286511929
-0.00364972328464
-0.00325893329752
-0.00270300523065
-0.00257135424286
-0.00240631339769
-0.00207572951537
-0.00158259964779
-0.00112145276605
-0.000985387713655
-0.00221894883165
-0.00651926751883
-0.00617441932312
-0.00461404515189
-0.00442663312484
-0.00406295245624
-0.0036092953215
-0.00309180349841
-0.00257296433842
-0.00240715961816
-0.00245203064032
-0.00367621554166
-0.00338017298128
-0.00295040083375
-0.00239765118257
-0.00231586508286
-0.00215160207781
-0.0018225621125
-0.00133170090068
-0.000854708503076
-0.00550667112518
-0.00521212802992
-0.00475928971594
-0.0044083206326
-0.00425988831766
-0.00407377933324
-0.00371260020143
-0.00326684859382
-0.00271087722042
-0.00209980216501
-0.00209890367503
-0.00214351306213
-0.00201805079264
-0.0017237181457
-0.00126328938664
-0.000702187310751
-0.00202015666088
-0.00185678485325
-0.00631520497116
-0.00582694490773
-0.00536256469583
-0.00520328070697
-0.00491032663699
-0.00445989920555
-0.00410310691493
-0.00289841892666
-0.00271374465171
-0.00332107683794
-0.00291426172255
-0.00236201357457
-0.0016465769561
-0.00175017093877
-0.00179448799154
-0.00166984665951
-0.00137742489469
-0.000919943780402
-0.00033250700237
-0.00519897302296
-0.00503659958314
-0.00471131192097
-0.0042259668453
-0.00512234828258
-0.00486153730525
-0.00457035277983
-0.0041416810061
-0.00377039420802
-0.0024621060902
-0.00227898834474
-0.00193634078688
-0.00155540524966
-0.0010072500822
-0.000296991313753
-0.00136175074056
-0.00140574666941
-0.00128200715031
-0.00585615868525
-0.00540191704997
-0.00484712142292
-0.00482485412557
-0.00466358094118
-0.00434047816439
-0.00385834602684
-0.00357158066548
-0.00321713997626
-0.00292128967704
-0.00388735889952
-0.00351771060785
0.00427430479763
-0.000966993744637
0.000862661997865
0.00271642879132
0.000482159392904
0.00203569324244
0.00104058803323
0.00427639920171
-0.000964873616777
0.000861626404519
0.00271538143528
0.000467343450623
0.00204594289611
0.00106032509239
0.00427927986924
-0.000961957570025
0.000861396387911
0.00271514880602
0.000453348672294
0.00203180160714
0.00106217661822
0.00428294674086
-0.000958245665958
0.000861971953015
0.00271573090868
0.000440175373282
0.00201849036269
0.00104874499335
0.00428739974102
-0.000953737982948
0.000863353087383
0.00271712773039
0.000427823850591
0.0020060094692
0.00103615120144
0.00429263877797
-0.000948434616158
0.000865539761139
0.00271933924023
0.000416294382825
0.0019943592141
0.0010243955378
0.0042986637438
-0.000942335677526
0.000868531926985
0.00272236538928
0.000405587230161
0.00198353986581
0.0010134782782
0.00430547451443
-0.000935441295761
0.000872329520209
0.0027262061106
0.000395702634316
0.00197355167374
0.00100339967885
0.00429726753448
-0.000927751616319
0.000876932458687
0.00273086131923
0.000386640818523
0.0019643948682
0.000994159976388
0.0042826262686
-0.000919266801399
0.000882340642897
0.00273633091223
0.000378401987504
0.00195606966041
0.000985759387812
0.00426876950368
-0.000909987029916
0.000888553955924
0.00274261476865
0.000370986327447
0.00194857624248
0.000978198110491
0.00425569752469
-0.00091394721241
0.00089557226348
0.002728923367
0.000359737359322
0.00194191478737
0.000971476322125
0.00424341060059
-0.000926377211057
0.00090339541391
0.00271287561007
0.000343507516158
0.00193608544887
0.000965594180726
0.00423190898432
-0.000938012785735
0.000912023238214
0.00269764038729
0.000328099376784
0.0019310883616
0.000960551824601
0.00422119291272
-0.000948853691224
0.000921455550067
0.00268321803495
0.000313513289049
0.00192692364098
0.000956349372336
0.00421126260656
-0.00095889969896
0.000931692145831
0.00266960887157
0.000299749582422
0.00192359138322
0.000952986922781
0.0042021182705
-0.000968150597059
0.000942732804586
0.00265681319785
0.000286808567958
0.00191764544551
0.000950464555037
0.00419376009305
-0.000976606190342
0.000930935418356
0.00264483129667
0.000274690538265
0.00190540626159
0.000948782328451
0.00418618824658
-0.000984266300352
0.000919906888448
0.00263366343302
0.000263395767466
0.0018939985428
0.000947940282604
0.00417940288726
-0.000991130765377
0.000909682508621
0.002623309854
0.000252924511171
0.00188342255247
0.000947938437312
0.00417340415512
-0.000997199440462
0.00090026249958
0.00261377078878
0.000243277006447
0.00187367853487
0.000948776792616
0.00285220563299
-0.000431474857702
-0.00168598129739
0.00166574271191
0.000444697654545
-0.000940719553917
0.000626942270131
0.00286919928286
-0.00041947485788
-0.00167352310222
0.00167868242543
0.000453824470282
-0.000931219584211
0.00063683269029
0.00288713429258
-0.000406498225548
-0.00166005112614
0.00169267494195
0.000464047130899
-0.000920579070202
0.000647910412615
0.00290601013078
-0.000392545373878
-0.0016455658314
0.00170771974361
0.000475365226871
-0.000908798473667
0.000660174916089
0.00292582623864
-0.000377616746863
-0.00163006771471
0.001723816274
0.000487778305027
-0.00089587830557
0.000673625624238
0.00294658203
-0.000361712819251
-0.00161355730712
0.00174096393827
0.000501285868642
-0.000881819125954
0.000688261905256
0.00296827689139
-0.000344834096463
-0.00159603517401
0.00175916210318
0.000515887377535
-0.000866621543814
0.000704083072161
0.00295580654848
-0.00032698111452
-0.00157750191489
0.00177841009727
0.000531582248175
-0.00085028621697
0.000721088382951
0.00294020407472
-0.000324733273542
-0.0015579581634
0.00178555206381
0.000544504301734
-0.000832813851922
0.000739277040782
0.00292554305721
-0.00033991417373
-0.00153740458712
0.00178159264111
0.000540386412181
-0.000814205203701
0.000758648194149
0.00291182579299
-0.000354119936274
-0.00151584188749
0.001778686738
0.000537364197008
-0.000811720233157
0.000779200937087
0.00289904896349
-0.000367350109682
-0.00149510445645
0.001776834462
0.000535437777178
-0.000813724411397
0.000793016489667
0.00288721481036
-0.000379602410575
-0.00149587266144
0.00177603588165
0.000534607229806
-0.000814588484351
0.000787284055965
0.00287632368482
-0.000390880174331
-0.00149562629018
0.00177629102651
0.00053487258814
-0.000814312414578
0.000774964460293
0.00286637591024
-0.000401181179276
-0.00149436721372
0.00177759895582
0.000536233841557
-0.000812896214042
0.000763829640472
0.00285737178214
-0.000410505097323
-0.00149209454386
0.00177996148378
0.000538690935564
-0.000810339944102
0.000753880118443
0.00284931156809
-0.000418851631379
-0.00148880835842
0.00178337759164
0.00054224377181
-0.000806643715508
0.000745116360844
-0.00168195163029
-0.000426220515391
-0.00148450876993
0.00178784715301
0.000546892208103
-0.000801807688368
0.000737538778905
-0.00168812332539
0.00169628292644
-0.00148116212548
0.00179337000252
0.000552636058442
-0.000795832072119
0.000731147728349
-0.00169335047162
0.0016908700163
-0.00148676872632
0.00179994593592
0.000559475093051
-0.000799823169423
0.000725943509307
-0.00169763291348
0.00168643536772
-0.00149136207829
0.00180757471006
0.000567409038427
-0.000803679849022
0.000721926366252
-0.00608124308247
-0.00633940761841
-0.00477095982505
-0.00311801574752
-0.00374848934158
-0.00623645148
-0.00656560693278
-0.0060966870158
-0.00638956732584
-0.00482313122938
-0.00317225946859
-0.00380484638821
-0.00629493563533
-0.00662619603498
-0.00611175299619
-0.00643858814935
-0.00487412076728
-0.0032252773783
-0.00385993317064
-0.00635210516698
-0.00668542700901
-0.0061577785944
-0.00648646790721
-0.00492392598898
-0.00327706672941
-0.00391374661523
-0.00640795664854
-0.00674329605485
-0.00620270315762
-0.00653320446311
-0.00497254449508
-0.00332762483039
-0.00396628370977
-0.00646248672111
-0.00679979944615
-0.00624652482571
-0.00657879572658
-0.00501997393711
-0.00337694904613
-0.00401754150435
-0.00651569209425
-0.00685493353137
-0.00628924178016
-0.00662323965347
-0.00506621201804
-0.00342503679858
-0.00406751711211
-0.00656756954687
-0.00690869473491
-0.00633085224445
-0.0066665342464
-0.00511125649285
-0.00347188556738
-0.00411620771003
-0.00661811592827
-0.00454038685357
-0.00637135448443
-0.00670867755517
-0.00515510516904
-0.00351749289053
-0.00416361053971
-0.00666732815894
-0.00459139187616
-0.00641074680863
-0.00674966767721
-0.00519775590716
-0.003561856365
-0.00420972290812
-0.00671520323157
-0.00464101375681
-0.00644902756865
-0.00678950275796
-0.00523920662131
-0.00360497364733
-0.00425454218833
-0.00676173821184
-0.00468924923452
-0.00648619515945
-0.00682818099135
-0.00527945527962
-0.00364684245427
-0.00429806582022
-0.00680693023936
-0.00473609512955
-0.00652224801973
-0.00686570062011
-0.00531849990479
-0.00368746056332
-0.00434029131124
-0.00685077652848
-0.00478154834448
-0.00655718463223
-0.00690205993624
-0.00535633857449
-0.00372682581333
-0.00438121623703
-0.00689327436914
-0.00482560586516
-0.006591003524
-0.00693725728135
-0.00539296942186
-0.00376493610506
-0.00442083824217
-0.00693442112766
-0.00486826476166
-0.00662370326679
-0.00697129104702
-0.00542839063597
-0.00380178940172
-0.00445915504079
-0.00697421424757
-0.00490952218927
-0.00665528247726
-0.00700415967519
-0.00546260046224
-0.00383738372952
-0.00449616534856
-0.00701265125036
-0.00494937538939
-0.00668573981734
-0.00703586165851
-0.00549559720289
-0.00387171717815
-0.00453186515802
-0.00704972973624
-0.00498782169042
-0.00671507399447
-0.00706639554064
-0.00552737921731
-0.00390478790132
-0.00456625332712
-0.00708544831616
-0.00502485850866
-0.00205790233445
-0.00709575991664
-0.0055579449225
-0.00393659411724
-0.00459932785452
-0.00711980288732
-0.00506048334914
-0.00208498649137
-0.00712395343323
-0.00558729279345
-0.00396713410907
-0.00463108681151
-0.00715279222168
-0.00509469380644
-0.00364713614613
-0.00551949769132
-0.0065090912063
-0.00339068684088
-0.00532295557544
-0.00712376969194
-0.00390476775211
-0.00370219331062
-0.00557524754211
-0.00656543684112
-0.00344982986811
-0.00534809928175
-0.0071490684324
-0.00393016555442
-0.00375633224699
-0.00563006841253
-0.0066208442715
-0.00350802976277
-0.0053722612709
-0.00717337948396
-0.00395457185284
-0.00380955137976
-0.00568395866821
-0.00667531181132
-0.00356528472835
-0.00539544076099
-0.0071967020502
-0.00397798677295
-0.00386184915671
-0.0057369166988
-0.0067288377991
-0.00362159299304
-0.00545087610134
-0.00721903629762
-0.00400040767827
-0.00391322404909
-0.00578894091816
-0.00678142059828
-0.00367695374134
-0.00550663225851
-0.00724037963047
-0.00402183475839
-0.00396367455183
-0.00584002976465
-0.00683305859743
-0.00373136338901
-0.00556143191615
-0.00726073227874
-0.00404226730375
-0.00401319918375
-0.00589018170128
-0.0068837502105
-0.00378482117125
-0.00561527334227
-0.00730664454024
-0.00406170463707
-0.00406179648777
-0.00593939521599
-0.00693349387707
-0.00383732541769
-0.00566815483107
-0.00735978875254
-0.00412243932658
-0.00410946503114
-0.00529278855983
-0.00698228806253
-0.00388887448395
-0.00572007470324
-0.00741196687107
-0.00418893471431
-0.00415620340561
-0.00534012079524
-0.00703013125839
-0.00393946675187
-0.00577103130617
-0.00746317721896
-0.00425447733365
-0.00420201022764
-0.00538651022418
-0.0070770219824
-0.00398910062979
-0.00582102301425
-0.00751341814669
-0.00431906509739
-0.0042468841386
-0.00543195543638
-0.0071233498462
-0.00403777455274
-0.0058700482291
-0.0075626880323
-0.00438269594276
-0.00429082380498
-0.00547645504754
-0.00717061969021
-0.00408548698274
-0.00591810537977
-0.00761098528167
-0.00444536783175
-0.00433382791855
-0.00552000769957
-0.00721693501996
-0.00413223640898
-0.00596519292308
-0.00765830832876
-0.00323614567465
-0.0043758951966
-0.00556261206074
-0.00726229439232
-0.00417802134807
-0.00601130934376
-0.00770465563585
-0.00329689363731
-0.00441702438206
-0.0056042668259
-0.00730669639117
-0.00422284034429
-0.00605645315475
-0.0077500256938
-0.00335667668105
-0.00445721424373
-0.00564497071668
-0.00735013962754
-0.00426669196976
-0.0061006228974
-0.00779441702226
-0.00341549286988
-0.00449646357645
-0.00568472248166
-0.00739262273985
-0.00430957482473
-0.00614381714171
-0.00783782816994
-0.00347334029404
-0.00453477120128
-0.0057235208966
-0.00743414439413
-0.00435148753773
-0.00618603448656
-0.0078802577148
-0.00353021707034
-0.00457213596564
-0.00576136476456
-0.00747470328419
-0.00439242876584
-0.00622727355992
-0.00792170426429
-0.00358612041109
