0.00396527876486
0.000671097467162
0.00411004319878
0.000747960089813
0.00432999862985
0.000865666271914
0.00433063792837
0.00390790838137
0.000636002714486
0.00407468534094
0.000712381082319
0.00428585902936
0.00085043182716
0.00431532602849
0.00385125698126
0.000601649429275
0.00404007435827
0.000677553492729
0.0042424689365
0.000835965080876
0.0043007857114
0.00379532557824
0.000568038249991
0.00400621090356
0.000643477986074
0.00419982918202
0.000822266318035
0.00428701726643
0.003740115175
0.000535169802015
0.00397309561626
0.00061015521378
0.00415794058355
0.000802731935824
0.00427402096769
0.00368562676311
0.00481670859499
0.00394072912239
0.000577585813616
0.00411680394543
0.000761420386451
0.00426179707403
0.00363186132297
0.00476257056554
0.00390911203451
0.000545770409623
0.00407641726474
0.000720864669053
0.00425034396639
0.00357881982372
0.00470916116413
0.00387824495161
0.00468916374975
0.00403678690704
0.000681065571116
0.00423966559833
0.00352650322314
0.00465648136819
0.00384812845911
0.00465275074174
0.00399791084255
0.000642023866497
0.00129095144686
0.00347491246758
0.00460453214349
0.00381876312878
0.00461484153894
0.0039597898219
0.00466028063319
0.00128181945617
0.00342404849187
0.00455331444407
0.00379014951867
0.0045776840502
0.0039224245821
0.0046227559819
0.00127346093519
0.00337391221924
0.00450282921218
0.00376228817309
0.00454127898696
0.00102748069422
0.00458599096301
0.00126587605079
0.00332450456124
0.00445307737816
0.00373517962256
0.00450562704717
0.000991629172407
0.00454998629513
0.00125906495439
0.00327582641769
0.00440405986039
0.00370882438371
0.00447072891515
0.000956535560148
0.00451474268292
0.00123715018325
0.00322787867654
0.0043557775652
0.00105362270494
0.00443658526156
0.00092220053934
0.00448026081696
0.00120256776779
0.00318066221384
0.00430823138677
0.00100580394252
0.00440319674334
0.000888624777925
0.00444654137372
0.00116874994048
0.00313417789365
0.00426142220707
0.000958726189537
0.00437056400362
0.000855808929833
0.00441358501549
0.00113569736935
0.000717923768213
0.00421535089577
0.000912390330481
0.00433868767171
0.00082375363492
0.00438139239032
0.00110341070809
0.000672906276867
0.00417001831019
0.000866797237265
0.00430756836297
0.000792459518908
0.00434996413194
0.00107189059598
0.000628623447496
0.00412542529518
0.00082194776916
0.00427720667881
0.00076192719332
0.00431930085971
0.00104113765776
0.000585076095434
0.00408157268307
0.00077784277272
0.00424760320662
0.000732157255427
0.00428940317857
0.00101115250368
0.00123469949855
0.00181503209769
0.00552811141364
0.0022547710023
0.0028798145242
0.00347888383714
0.00404571852168
0.00122284939435
0.00180279257731
0.0022684304756
0.00224016199248
0.0028646945561
0.00346323335953
0.00402951973074
0.0012118621329
0.00179144417116
0.00225523286622
0.00222650585101
0.00285056063256
0.00344860335569
0.00401437697995
0.00120173798732
0.00178098718015
0.00224295664454
-0.00103175932277
0.0028374132129
0.00343499433491
0.00400029083394
0.00119247720937
0.00177142188169
0.00223160215869
-0.00104350851323
-0.000555438908025
0.00342240677126
0.00398726181835
0.00118408002943
0.00176274852961
0.00222116973079
-0.00105430367851
-0.000566612069316
0.00341084110349
0.00397529041965
0.00116131149918
0.00175496735418
0.00221165965695
-0.00106414449054
-0.000576797539908
-0.000122051786586
0.00396437708509
0.00113733693189
0.00174807856204
0.00220307220721
0.00260164599166
-0.000585994988103
-0.000131572488047
0.000285030253569
0.00111422184241
0.00174208233618
0.00219540762548
0.00259371475472
-0.000594204114248
-0.000140070190063
0.000276234231739
0.0010919668037
0.00171740977029
0.00218866612955
0.00258673868176
-0.000601424650787
-0.000147544595876
0.000268497379655
0.00106336814513
0.0016865413928
0.00218284791105
0.0025807179851
-0.000607656362306
-0.000153995444369
0.000261819986906
0.00103432745862
0.00165655734806
0.00217795313538
0.00257565284803
-0.00061289904557
-0.00015942251011
0.000256202303507
0.00100614455957
0.00162745842629
0.00217398194173
0.00257154342476
-0.000617152529556
-0.000163825603394
0.000251644539858
0.000978820145929
0.00159924539529
0.00217093444306
0.00256838984047
-0.00062041667548
-0.000167204570275
0.000248146866704
0.000952354895105
0.00157191900031
0.00216881072604
0.00256619219122
-0.000622691376822
-0.000169559292592
0.000245709415098
0.000926749463897
0.001545479964
0.00214356936146
0.00256495054394
-0.000623976559342
-0.000170889687991
0.000244332276384
0.000902004488395
0.00151992898629
0.00211718052894
0.00256466493647
0.00291970451326
-0.00017119570994
0.000244015502173
0.000878120583913
0.00149526674427
0.00209170915106
0.00256533537751
0.00292039846193
-0.000170477347733
0.000244759104337
0.00085509834491
0.00147149389217
0.00206715594826
0.00256696184664
0.00292208195837
-0.000168734626497
0.000246563055009
0.000832938344915
0.00144861106121
0.00204352161568
0.0025695442943
0.00292475494763
-0.000165967607187
0.00024942728658
0.000811641136459
0.00142661885956
0.00202080682312
0.00257308264182
0.00292841734248
-0.000162176386571
0.000253351691721
0.000733252942809
0.00109835571038
-0.00310379017718
-0.000651574311074
-4.05694464186e-05
0.000502710430427
0.00121998345372
-0.00144651236403
-0.000831181364242
-6.31858734788e-05
0.000799064295952
-0.00303652684439
-0.00120156518938
-0.000232575189074
0.000744251328698
-0.00328716073056
-0.00137003340441
-0.000504148985115
0.000436397559578
-0.00351128427263
-0.00189212377234
0.00134019686751
0.00170197957253
-0.00250587222186
-0.00192626887631
0.000663159828577
0.00115439248493
-0.00288579872136
-0.002095465298
-0.0014888912031
0.000453454793094
0.00130507754663
-0.00262047601198
-0.00184669702844
6.02506244665e-05
0.000976520646311
-0.00306221450696
-0.00206350945421
-0.000126501207756
0.000782904443157
-0.00317155424616
-0.00217171181402
-0.000128915073548
0.00235694088198
-0.00185689348295
-0.00128727722316
-0.000491390076088
0.00185298272562
-0.00219963933568
-0.00147367933225
-0.00087631398404
-0.00020535649474
0.00185807383033
-0.00226578444491
-0.00149824262536
-0.000550135797553
0.0012567530541
-0.00279012179315
-0.00179711801437
-0.000743151165383
0.00117226529172
-0.00278969891839
-0.00177388475471
0.00057873834535
0.000932758924978
-0.00115948475836
-0.000600226934888
0.000101799988844
0.000677086280597
-0.0032894703864
-0.000936464973099
-0.000335651203678
0.000404716176716
-0.00356557130729
-0.00186238536557
-0.00110181715575
-0.000216579650646
0.000639615719866
-0.00247170336578
-0.00151381704597
-0.000468246999179
0.000689821557457
-0.00338582517233
-0.00153599287791
0.00124003478132
0.00168232164991
-0.0025215355884
0.000132347261576
0.000660581113719
0.00122786650056
-0.00273810683493
-0.0020994486344
0.000199648659914
0.000965119563894
-0.0030994412048
-0.00254069308673
-0.00065869294312
0.00016383926878
0.00101303224247
-0.00304568755577
-0.00118789151692
-0.000149231118838
0.000997962779469
-0.00312252160869
-0.00217089956672
0.00185896393879
0.00247519191261
-0.00175721471014
-0.00139515357052
-0.000837682763643
0.00182641880074
-0.00213970537934
-0.00151014039278
-0.000924681216429
0.00153626294412
-0.00259643438511
-0.00204398987987
-0.00129931683071
0.00058996053114
-0.00347333850968
-0.00263752195836
-0.00175567294067
-0.000724748131137
0.00130833918143
-0.00281690640485
-0.00187082310546
0.000373511389843
0.00322258799174
-0.00116862420755
-0.000811858669543
-0.000237118181807
0.000354410944246
-0.00149627470295
-0.000876204712721
-0.00029903035286
0.000435614689684
-0.00205824950526
-0.001502869842
-0.000766982629434
-6.85475193259e-05
-0.00301112393502
-0.00219968442674
-0.00134256970698
-0.000320147244521
0.00072306346219
-0.00246972692077
-0.00152985862513
0.00108570331232
0.00170806188834
-0.00266259942703
-0.000181808526977
0.000384193607727
0.000996211178266
-0.00285137346566
-0.000268825115511
0.000368973787119
0.00100486503451
-0.00304164536494
-0.000918910444758
-0.0001994916835
0.000445135776639
-0.00356743035927
-0.00279760802447
-0.000887454175233
0.000125760059011
-0.00379370108931
-0.00301871822599
-0.00123241316769
0.00184092825077
0.00239065967226
-0.00198216921373
-0.00163670370698
0.00104980246688
0.00168104722086
-0.00218096824664
-0.00168204616463
0.00105509462427
0.00161679151658
-0.00243763293806
-0.00183882165916
0.000363530900936
0.00100053859857
-0.00302147619675
-0.00229306207762
-0.00145252909739
0.000611890640894
-0.00335956676057
-0.00266456344964
-0.00183948293722
0.000278005228321
0.00308756203382
-0.00125908988914
-0.00091953525858
-0.000371931172817
0.0023693596868
-0.00150342938283
-0.0010120922136
-0.000326773817212
0.00226968374111
-0.00179295579291
-0.00117406793841
-0.000577905105527
5.11292478109e-05
-0.0024356932991
-0.00174836281207
-0.000916886705195
7.60509963765e-05
-0.00294922495288
-0.00228919362801
-0.00146986485255
0.00102230279578
0.00144701662302
-0.000495528797969
-0.000162000668112
0.000295316493287
0.000868706049296
-0.000856975291506
-0.000302336077853
0.000372397011681
0.00092029174936
-0.00305120665775
-0.00047139401241
6.48553428198e-05
0.000685614974933
-0.00322305342703
-0.00116481516529
-0.000342829054264
0.000563149110113
-0.00354163690221
-0.00187434040895
-0.00106127786332
0.00178821788357
0.00220541000285
-0.00197874525333
0.000608446265653
0.000974430399086
0.0015391133459
-0.00238121757134
0.000445379829668
0.00110930749414
0.0016499388312
-0.00233021590676
-0.00167437173846
0.000745180505508
0.00135741427468
-0.00259391193828
-0.00194796754104
0.00017959678935
0.00101895244177
-0.00308263785755
-0.00243336983138
-0.000614595229391
0.00259227382687
0.00296606409403
-0.00122234336661
-0.000887395707791
0.00169342463785
0.00224476225144
-0.00173577924738
-0.0010106584963
-0.00024646337446
0.00233864911989
-0.00162253830973
-0.000908083592041
-0.00048039593971
0.00206503023551
-0.00192835787245
-0.00139202435275
-0.000722291917206
0.00151331934905
-0.00258567756136
-0.00194234226651
-0.00114319353508
0.000687129248777
0.00376289031645
-0.00042861786687
-0.00012438578275
0.000229666117487
0.00294221387784
-0.00105102570669
-0.000336386188304
0.00034874796413
0.000738927968981
-0.00109982603851
-0.000354176587391
0.000201074897188
0.000865050228998
-0.0013411805816
-0.000844813586064
-0.000182036713889
0.000640966796695
-0.00205179878204
-0.00141471801843
-0.000623138440438
0.00156132532456
0.00184984955595
0.000400490891166
0.00067483512289
0.00102279222396
0.00145200518018
-0.00248004848393
0.000375242047731
0.000922471889102
0.00130808431953
-0.00265157665352
0.0002000876441
0.000735511208567
0.00141221086466
-0.00256760801287
-0.000260512130763
0.000394994496647
0.00119228162105
-0.00277142265984
-0.00214088570115
-6.78858491648e-05
0.00246765592363
0.00271558688801
-0.00124188231817
0.00150841623001
0.00184450361635
0.00221859984132
-0.00172176723087
-0.00102879437355
0.00153522099807
0.00191607182557
-0.00205042817788
-0.00132182179211
0.00130816222698
0.00197742333135
-0.00194166595874
-0.00145663560697
0.00100762006666
0.00171768224641
-0.00224237412112
-0.00154322776844
-0.000767810130767
0.00340427034327
0.00361299329347
-0.000347601623148
-0.000130420202307
0.000191397436188
0.00301953743171
-0.000929238709856
-0.000247335357132
3.41700892353e-05
0.00256148146433
-0.00141210045507
-0.000738204833384
-0.000196585635213
0.00257928572037
-0.00128091707896
-0.000801834219752
-0.000162382269018
0.000462594348726
-0.00168906452024
-0.000912178915636
-0.000145275141175
0.0013153088373
0.00148621181359
0.000576601013264
0.000765816095048
0.00103050772448
0.00134816335409
-0.000104099542603
0.00052600084504
0.00072064470197
0.00109150329688
-0.000737976202002
-0.00013725708648
0.000448689318492
0.00110220490384
-0.000586636750196
-0.000113648727914
0.000440305900794
0.00105852571771
-0.00278190789384
-0.000248841067576
0.000509311167625
0.0023072766322
0.00244173955758
-0.00133329146842
0.00168578128513
0.00190066524552
0.0022128061338
-0.00157345728486
0.00124990917883
0.00144180630048
0.00180748790391
-0.00216873098203
0.000499525636955
0.0011283406448
0.0017736337923
-0.00194837357484
-0.00146156587021
0.00107684093359
0.00168808001915
-0.00216084704026
-0.00125319871687
0.00111706383721
0.00319591604492
0.00342387462199
-0.000356515528773
-0.000228811505415
0.00280027166035
0.00310690833734
-0.000687834017929
-0.000318405429974
0.00219621317414
0.00255663152255
-0.00149056233054
-0.000959334135526
-0.000289123468612
0.00247795876782
-0.00125422755022
-0.000771765739943
-0.000322162267329
0.00235014477495
-0.00150751651657
-0.000646766286476
-0.000102021196889
0.000873082953942
0.000490572305587
0.000623785755821
0.000737554094991
0.000865448851282
0.00402894849931
0.000225763846463
0.000470646653095
0.000656928408654
0.00333753274531
-0.000778973401419
-0.000254731621442
0.000380585367219
0.00108373149622
-0.000528624164367
-6.54184527454e-05
0.000378626569854
0.000975360325931
-0.0008229979856
-0.000146590024857
0.000393590454233
0.00310801980495
0.00633117828299
0.00318509613056
0.00664927544052
0.00360315385845
0.00512129845269
0.00388717097505
0.00304876229638
0.00627125486997
0.00312455364142
0.00474445935372
0.00355381916344
0.00507549833268
0.00384196066628
0.00298054468993
0.00621200146488
0.00306468750767
0.00468403212385
0.0035051834196
0.00503040638363
0.00379746607012
0.00290206868577
0.00615341899165
0.00300549868137
0.00462428802455
0.00345724744126
0.00498235189373
0.00375368796421
0.00282423636489
0.00426878619051
0.00294698810559
0.00456522802494
0.00341001203227
0.00493467610458
0.00371062711481
0.00274704888186
0.0042115483175
0.00288915671429
0.00450685308482
0.00336347798595
0.00488770788731
0.00366828427668
0.00267050738442
0.00414499251161
0.00283200543228
0.00444916415463
0.00331764608498
0.00484144804637
0.00362666019301
0.0025946130134
0.00407761968141
0.00277553517515
0.00439216217537
0.00327251710139
0.00479589737525
0.0035857555954
0.00251936690262
0.00401091143541
0.0027197468492
0.00433584807854
0.00322809179649
0.00475105665644
0.00354557120376
0.00244477017886
0.00394486880841
0.00266464135134
0.00428022278602
0.00318437092077
0.00470692666138
0.00350610772626
0.00237081930512
0.00387949282699
0.00259964394341
0.00422528721007
0.00314135521386
0.00466350815035
0.00346736585926
0.00229752470703
0.00381478450947
0.00253428412513
0.00417104225319
0.00309904540449
0.00462080187243
0.00342934628728
0.00222488283308
0.0037507448658
0.00246959905642
0.00411748880809
0.0030574422104
0.00457880856546
0.00339204968292
0.002152894781
0.0036873748975
0.00240558976838
0.00406462775763
0.00301219620925
0.00453752895593
0.00335547670676
0.00208156164105
0.00362467559758
0.00234225728344
0.00400129854251
0.00295958827643
0.00449696375897
0.00331962800741
0.00201088449599
0.00356264795049
0.00227960261521
0.00393807266268
0.00290767996802
0.00445711367825
0.00328450422133
0.00194086442097
0.00350129293201
0.00221762676847
0.00387553123005
0.00285647215819
0.00441797940594
0.00325010597286
0.00654460349139
0.00344061150923
0.00215633073906
0.00381367526714
0.00280596571071
0.00437956162263
0.00109782961645
0.00647590075111
0.00338060464041
0.0020957155138
0.00375250578727
0.0027404886851
0.00434186099733
0.00106488426736
0.00640785825993
0.00332047745898
0.00668465751559
0.00369202379447
0.00266526074723
0.00430487818732
0.00103266625549
0.00634047706187
0.00325243084233
0.00662540682276
0.00363223028341
0.00068838588716
0.00426861383818
0.00100117615602
0.00455794028271
0.0053572974682
0.0061551745055
0.00265559998288
0.00343979117195
0.00407621413894
0.00470138795466
0.00451114948687
0.00530891733949
0.00610512020547
0.00260378345049
0.00340933316355
0.0040445741131
0.00466849523287
0.0044651567072
0.00526136094778
0.0060559165859
0.00255284578681
0.00337980412967
0.00401389835426
0.00463660408609
0.00441996294476
0.00521462939791
0.00600756486823
0.00250278834435
0.00335120492886
0.00398418782419
0.00460571559407
0.00199122320638
0.00516872377746
0.00596006625504
0.00245361245494
0.00330873439747
0.00395544345559
0.00457583080406
0.00194763041849
0.00263766394562
0.00591342192988
0.00240531942957
0.00325870720271
0.00392766615199
0.00454695073071
0.00190483955607
0.00259341337727
0.00586763305715
0.00235791055822
0.00320959417854
0.00390085678759
0.00451907635581
0.00186285155654
0.00254999189652
0.00322763934568
0.00231138710972
0.00316139673295
0.00387501620712
0.00449220862822
0.00182166734113
0.0025074005208
0.00318356479372
-0.000329311104747
0.00311411625047
0.00385014522572
0.00446634846362
0.0017811286898
0.00246564024972
0.00314034907108
0.00380294038699
0.000355800496739
0.00382624462881
0.00444149674444
0.00173306300338
0.00242471206494
0.00309799326415
0.00375908060575
0.000310357999402
0.00380331517196
0.00441765431964
0.00168579710523
0.00238461693007
0.00305649843951
0.00371611110766
0.000265836476275
0.00095907578802
0.00439482200462
0.00163933203016
0.00234535579055
0.00301586564373
0.00367403305326
0.000222237216263
0.000938090758044
0.00147256033517
0.00159366879717
0.00230692957352
0.0029760959033
0.00363284758097
0.000179561483902
0.000909973832917
0.00145175055085
0.00154880840934
0.00226933918776
0.0029371902245
0.00359255580694
0.000137810519182
0.000866689080369
0.00143195311961
0.00150475185379
0.00223258552355
0.00289914959323
0.00355315882491
9.69855373757e-05
0.000824362956273
0.0014131687212
0.00146150010149
0.00219666945256
0.00286197497495
0.00351465770605
5.7087728858e-05
0.000782996785331
0.0013953980011
0.00141905410721
0.0021615918278
0.00282566731452
0.00347705349882
1.8118258944e-05
0.000742591864557
0.00137864157052
0.00137741480939
0.00212278717142
0.00279022753608
0.00344034722885
0.0040892746326
0.000703149463082
0.0013629000062
0.00133658313008
0.00208057723454
0.00275565654296
0.00340453989877
0.00405216523476
0.000664670821962
0.00134817385034
0.00129655997477
0.00203920206203
0.00272195521755
0.0033696324881
0.00401598751945
0.000627157153985
0.00133446361055
-0.00375460306314
-0.003021938182
-0.00224397250123
-0.00161880417474
-0.00354057808462
-0.00673933886612
-0.00558118702331
-0.00389836510853
-0.00317297783668
-0.00242370382829
-0.00178742805037
-0.00370961621492
-0.00691558865795
-0.00576280794023
-0.00407437023171
-0.00332246636925
-0.00260203831105
-0.0019544842976
-0.00387700977092
-0.00277439128821
-0.00594278707029
-0.00426438332075
-0.00347038719966
-0.00277895777935
-0.00211995282761
-0.00404273654328
-0.00294732448463
-0.00159613391631
-0.00445320186775
-0.00361672509334
-0.00295444389447
-0.00228381340274
-0.0042067741481
-0.0031185628421
-0.00177275220655
-0.00464081081275
-0.00376146337227
-0.00312847815186
-0.0024460456416
-0.00436910049889
-0.00328808168782
-0.00194765086451
-0.00482719494049
-0.00390458578288
-0.0033010418842
-0.00260662902464
-0.0045296919506
-0.00345585612283
-0.00212080337157
-0.00501233888131
-0.00406361763836
-0.00347211626457
-0.00276554289992
-0.00203645840957
-0.00362186102877
-0.00229218293401
-0.00519622711217
-0.00422463084345
-0.00364168230996
-0.00292276648928
-0.00219351224291
-0.00378607107538
-0.00246176249001
-0.00537884395784
-0.00438412761079
-0.00380972088509
-0.00307827889492
-0.00234876260553
-0.00394846072841
-0.00262951471714
-0.00556017359219
-0.00454209070369
-0.00397621177507
-0.00323205910619
-0.00250218621305
-0.00410900425814
-0.00279541204066
-0.00574020003968
-0.00469850279274
-0.00414113741504
-0.00338408600691
-0.00265375965966
-0.00426767574852
-0.00295942664242
-0.00591890717702
-0.00485688463894
-0.00430447730684
-0.00353433838295
-0.00280345942748
-0.00442444910691
-0.00312153047049
-0.00609627873494
-0.00504223430434
-0.00446621174921
-0.00368279493019
-0.00295126189654
-0.00457929807441
-0.00328169524949
-0.00333911834052
-0.00522624024674
-0.00462632091164
-0.00382943426292
-0.00309714335514
-0.00473219623684
-0.00343989249175
-0.00351376935798
-0.00540888447514
-0.00478478483995
-0.00399870032469
-0.00324108001075
-0.00488311703639
-0.00359609350914
-0.00368703513305
-0.00559014881268
-0.00494158346207
-0.00417583697069
-0.0033830480014
-0.00260084740211
-0.00375026942575
-0.00385889883418
-0.00577001489855
-0.00509669659424
-0.00435138391225
-0.0035230234076
-0.00274773328983
-0.00390239119132
-0.00402934349553
-0.00594846419021
-0.0052571458232
-0.00452531833933
-0.0036609822647
-0.00289256140534
-0.00405242959556
-0.00419835201994
-0.00612547796576
-0.00542072599993
-0.004697617219
-0.00379907081056
-0.00303530474567
-0.00420035528322
-0.00436590718205
-0.00630103732659
-0.0055826560068
-0.0048682573004
-0.00394183947402
-0.00317593623227
-0.00434613877006
-0.00676528736222
-0.00629996908617
-0.00326095147306
-0.00705977597908
-0.00369191302011
-0.00381303377925
-0.00741045357541
-0.00692146249783
-0.00643992495992
-0.00340378094218
-0.00720469943519
-0.00383803681944
-0.00396267720928
-0.00760036577393
-0.00707647377368
-0.00657860238623
-0.00354532056821
-0.00734832531666
-0.00398285883298
-0.00411102884019
-0.00778924241206
-0.00723031156251
-0.00672295154944
-0.00368556017484
-0.00749064308094
-0.00412636830634
-0.00425807765585
-0.00455307730984
-0.00738296620469
-0.0069118465594
-0.00382448957338
-0.00763164216854
-0.00426855446541
-0.0044038126129
-0.00473984880425
-0.00318264257861
-0.00709974590948
-0.00398057377827
-0.00777131200545
-0.00440940651883
-0.00454822264316
-0.00492555051346
-0.00336501286639
-0.00471803298945
-0.00417107878108
-0.00790964200558
-0.00454891366052
-0.00469129665614
-0.00511017082822
-0.00354636153271
-0.00490390996402
-0.00436057318821
-0.00807703978529
-0.0046870650722
-0.00483302354151
-0.00529369803979
-0.00372667993473
-0.00508876144683
-0.00454904615107
-0.00446219096322
-0.0048238499261
-0.00501027374706
-0.0054761203406
-0.00390595516491
-0.00527257406197
-0.00473648672497
-0.00465215828186
-0.00500182855317
-0.0051899318903
-0.00565742629074
-0.00408417843362
-0.00545533853924
-0.00492288386954
-0.00484108633482
-0.00519203873376
-0.00536845947188
-0.00583760295608
-0.00426133948197
-0.00563704412677
-0.00510822644922
-0.00502896372609
-0.00538120051275
-0.00554584506659
-0.00601663870323
-0.00443742797956
-0.00581767998874
-0.00529250323379
-0.00521577895717
-0.00556930225811
-0.00572207669382
-0.0025504102373
-0.00461243352537
-0.00599723520606
-0.00547570289894
-0.00218594763088
-0.00575633223175
-0.00589714228439
-0.00272712747099
-0.0047863456487
-0.00617569877719
-0.00565781402701
-0.0023706036389
-0.00594227858998
-0.00607102968176
-0.00290266692222
-0.0049591538101
-0.00635305961904
-0.00583882510767
-0.00255416238186
-0.00612712938414
-0.00624372664335
-0.0030770161178
-0.00513084740244
-0.00652930656782
-0.00601872453873
-0.0027366119571
-0.00631087256119
-0.00641522084192
-0.00325016249416
-0.00530141575199
-0.00670442838011
-0.00619750062706
-0.00291794036266
-0.00649349596447
-0.00658549986712
-0.0034220933988
-0.00547084811963
-0.00687841373388
-0.00637514158951
-0.00309813549818
-0.00667498733449
-0.00675455122701
-0.00359279609185
-0.005639133702
-0.00705125122965
-0.00655163555393
-0.0032771851658
-0.00685533430982
-0.00692236234978
-0.0037622577477
-0.00580626163287
-0.00722292939171
-0.00672697056035
-0.00345507707119
-0.00703452442806
-0.00366876509011
-0.00393046545674
