0.00329320179125
0.00621583101737
0.0047877818087
0.00324503483596
0.00660617102223
0.00489635198567
0.00330320245452
0.00333668030044
0.00625992234909
0.00481061289451
0.00326817418715
0.00665203293494
0.00495082117539
0.0033583096968
0.00338075793507
0.00630462087311
0.00483406961106
0.00329194751177
0.00667611271139
0.00499352973076
0.0033928999836
0.0034254341566
0.00633742531535
0.00485815165059
0.00331635448947
0.0067008341996
0.00501855337417
0.00342094135358
0.00347070841984
0.00636179029786
0.00488285869733
0.00334139479159
0.00672619705807
0.00504422611348
0.0034496382481
0.00351658017297
0.00638677143533
0.00490819042753
0.00336706808115
0.00675220093674
0.00507054758567
0.00347899025256
0.00355405115424
0.00641236840957
0.0049341465095
0.00339337401295
0.00677884547692
0.00509751741883
0.0035089969433
0.00357988846788
0.00643858089479
0.00496072660361
0.00342031223351
0.0068061303114
0.00512513523221
0.00353965788755
0.00360633229153
0.00646540855761
0.00498793036233
0.00344788238112
0.00683405506442
0.0051534006362
0.00357097264352
0.0036333822986
0.00649285105705
0.00501575743022
0.00347608408589
0.0068626193517
0.00518231323237
0.00360294076041
0.00366103815522
0.0065209080446
0.00504420744401
0.00350491696976
0.0068918227805
0.00521187261353
0.00363556177842
0.00368929952031
0.00654957916422
0.00507328003256
0.0035343806465
0.0069216649496
0.00524207836372
0.00366883522882
0.00371816604559
0.00657886405234
0.00510297481692
0.00356447472176
0.00695214544938
0.00527293005825
0.00370276063397
0.00374763737559
0.00660876233793
0.00513329141036
0.0035951987931
0.0069832638618
0.00530442726374
0.00373733750736
0.00377771314769
0.00663927364246
0.00516422941837
0.00362655245001
0.00701501976045
0.00533656953813
0.00377256535361
0.00380839299212
0.00667039758
0.0051957884387
0.00365853527394
0.00704741271058
0.00536935643074
0.00380832668022
0.00383967653201
0.00670213375718
0.00522796806138
0.00369114683829
0.00708044226912
0.00540278748227
0.00384214008744
0.00387156338337
0.00673448177325
0.00526076786876
0.00372438670852
0.00711410798472
0.00543686222485
0.00387660435389
0.00390405315516
0.00676744122009
0.00529418743552
0.00375825444209
0.00714840939778
0.00547158018207
0.00391171898678
0.0039371454493
0.00680101168222
0.0053282263287
0.00379274958855
0.00718334604047
0.005506940869
0.00394748348453
0.00397083986067
0.00683519273689
0.00536288410774
0.00382787168953
0.00721891743677
0.00554294379225
0.00398389733683
0.00276350768079
0.00392803196477
0.00453231425647
0.00576599772598
0.00641895131808
0.0026698997214
0.00391594465788
0.00279207827109
0.00395752988302
0.00456279155703
0.00579750969312
0.00645155648964
0.00271514414059
0.00396235024134
0.00282138525749
0.00398778762194
0.00459405336813
0.00582983219713
0.00648499869956
0.00276124832157
0.0039996619779
0.00285142810552
0.00401880459373
0.00462609904192
0.0058629635912
0.00651927901861
0.00280821017365
0.0040377016521
0.00288220626785
0.00405058019645
0.00465892791506
0.00589690500541
0.00655439570479
0.00285602851803
0.00407663791898
0.00291371918428
0.00408311474542
0.00469253930875
0.00593165475889
0.00659034792873
0.00290470215661
0.00411646971856
0.00294596628184
0.00352871046977
0.00472693252884
0.00596721208523
0.00662713484249
0.00295422987219
0.00415719596826
0.00297894697483
0.00356275821332
0.00476210686588
0.00600357620119
0.00666475557959
0.00300461042855
0.00419881556296
0.00301266066489
0.00359756204004
0.00479806159519
0.0060407463068
0.00670320925517
0.00305584257065
0.00424132737519
0.00304710674099
0.00363312127825
0.00483479597695
0.00607872158546
0.00674249496607
0.00309841109111
0.00428473025528
0.00308228457957
0.00366943524257
0.00487230925625
0.00611750120404
0.00678261179095
0.00314107809538
0.00432902303148
0.00311819354451
0.00370650323389
0.00491060066319
0.00615708431292
0.00186313918021
0.00318460259862
0.00437420451014
0.00315483298729
0.00374432453948
0.00494966941294
0.00619747004612
0.00190491539672
0.00322898351252
0.00442027347585
0.00319220224692
0.00378289843307
0.00498951470581
0.00623865752139
0.00194751985505
0.00327421972919
0.00446722869163
0.00323030065011
0.00382222417489
0.00503013572737
0.00628064584028
0.00199095156212
0.00332031012141
0.00451506889905
0.00326912751128
0.00386230101173
0.0050715316485
0.00632343408827
0.00203520950725
0.00336725354266
0.00456379281842
0.0033086821326
0.00390312817706
0.00511370162547
0.00636702133485
0.00208029266219
0.00341504882736
0.00461339914892
0.00334896380411
0.00394470489104
0.00515664480004
0.00641140663359
0.00212619998128
0.00346369479091
0.00466388656883
0.00338997180372
0.00398703036066
0.00520036029952
0.0064565890223
0.00217293040157
0.00351319116123
0.00471525373565
0.00343170539733
0.00403010377974
0.0052448472369
0.00650256752307
0.00222048284291
0.0035635348536
0.00476749928627
0.00347416383884
0.00407392432907
0.0052901047109
0.00654934207376
0.00226885620809
0.00361472555869
0.00482062183717
0.00163866822994
0.0022192135081
0.00302659073422
0.00316589903881
0.00341437117694
0.0037626386398
0.000485197320111
0.00110110569547
0.0012906950922
0.00170048244684
-0.000881191734002
-0.000619801172575
-0.00015451453945
0.000426166949993
0.000788035810597
0.00117621413905
0.00174163975597
0.0021824646813
0.00246740526884
0.00294977527319
0.00341456569716
0.00222035344726
0.00280000165294
0.00352963399913
0.00381287308162
0.00401145273241
0.00435447368433
0.00491907752881
0.00225057790788
-0.00129973434135
-0.0008960273567
-0.000281597894524
5.03069458688e-06
0.000463523203516
0.00108277395603
0.00143921378545
0.001819797816
0.00237708342208
0.00270121882617
0.00298289701053
0.00345983620107
0.000610621994034
0.00280175244769
0.00343023471403
0.00399906946971
0.0010264027589
0.00134684317597
0.00168437457077
0.00224014201526
0.00291318160801
0.00309694890019
0.00349432857601
0.00409935528165
0.00067313356166
0.00112457597817
0.00177593340315
0.00213148497618
0.00250435214006
-0.000268549467827
-5.83343318008e-05
0.000219891585276
0.000691079725228
0.001170810078
0.000123439682416
0.000674071158973
0.00121040122383
0.0015425066147
0.00203655498518
0.0023684025263
0.00291501088996
0.00361871521708
0.00379942374654
0.00419027824307
0.00470445880795
0.00511957230674
0.0055637617595
-0.00085391959922
-0.000458819605813
-9.37503323961e-05
0.00044651143462
0.000545779441054
0.000820388233485
0.00128554779406
0.00177184860048
0.00080131123436
0.00123533800135
0.001770123519
0.00210738469935
0.00265105568293
0.00309520725472
0.00363240679209
0.00436506326698
0.00454264477613
0.00132534299101
0.00170259160081
0.00227969097972
0.0027501059193
0.00338081433077
0.00381386966212
0.00417109806072
0.00110239350472
0.00119015853853
0.00146101106847
0.0019199061819
0.00241220488882
0.00152384645803
0.00184449169703
0.00237132524973
0.00271903602377
0.0032547602335
0.000243426299488
0.000795031780462
0.00148869527148
0.00175748814876
0.00192730054523
0.00229943959926
0.00286888719703
0.00352864730374
0.00414874929163
0.00461816917694
0.00496754809534
0.0052788935854
0.00537415947672
0.00214014630469
-0.000956894046664
-0.000459146079541
0.00219551721777
0.00249940235464
-0.000537004429822
-0.000179531905923
0.000347916791986
0.000842604474524
0.0013866176342
0.00203212496437
0.00240413819821
0.00257149480676
0.00293831630315
0.00349979363454
0.00424885942801
0.00469427613059
0.00529060762209
0.00198765389806
0.00217881876494
0.00227268212867
0.00254999830116
0.00299581519039
0.00349848973851
0.0024935462421
0.00284861481254
0.00335859308321
0.000519510844837
0.00103842152723
0.0014851487166
0.00202124752621
0.00261924537041
0.00298693392466
0.00325612779802
0.00361746136786
0.000360647341741
0.00104713903907
0.0014519494234
0.00204122715036
0.00275165486015
0.0029245357059
0.00301696969933
0.00329233291303
0.00374039063571
0.00424749647572
0.00318004791733
0.0035885877293
0.00408979612231
0.00446480005203
0.00497497145482
0.00216917253548
0.00269709381167
0.00324836110407
-0.000199064255481
0.000169340359647
0.000525051208654
0.00106985262627
0.00166020657595
0.0020598481553
0.00264175465455
0.00329651041607
0.00367177013105
0.00379536209388
0.00406644024023
0.00451471045512
0.00502964348055
0.00390808565996
0.00436789222597
0.00486018309537
0.00524300762464
0.00175151823393
0.00210565486301
0.00262519102803
0.00313062036136
0.00046509669114
0.000929460935977
0.00127944746315
0.00181564554642
0.00231212100799
0.00270640854964
0.00328067357532
0.00388057545874
0.00425146957806
0.00460628410243
0.000903329324934
0.00134454622346
0.00187372191888
0.000682803898747
0.00119166874566
0.00159326710923
0.00206500118816
0.00254855232727
0.00286698113762
0.00337797644463
0.00383855584924
0.00419058961365
0.00469007572856
0.00206885989675
0.00259633996118
0.00300133037355
0.00339011079958
-1.31989677189e-05
0.000530485101295
0.000899136325185
0.00143840459295
0.00174089440062
0.00217501825734
0.00271767947681
0.00148770825979
0.00196030928822
0.00230391135038
0.00284197840799
0.00329615678269
0.00362255976258
0.00413829616766
0.00455422984564
0.00492986946148
0.00540544566896
0.00179323883099
0.0023915080243
-0.000243425996191
0.000139724695526
0.000667564183999
0.00116808714315
0.00155282984632
0.00208532028622
0.00260794617168
0.00303496263007
0.00359038110153
0.00232802725923
0.00271455487724
0.00305252108225
0.00358192853304
0.00402006463884
0.00437060443314
0.000836572493713
0.00121842241048
0.00166249008271
0.00211454253744
0.00253752160183
0.00312573518575
0.00346666416472
0.0038440905713
0.00432975380043
0.00184131511904
0.00224147720132
0.00276700836295
0.0034562256007
0.00392296726096
0.000457359722895
0.00304648381059
0.00350501905821
0.00383727314028
0.000316196802953
0.000683016915233
0.00111211946161
0.00155279199079
0.00196012727629
0.00240105910953
0.00289602080361
0.00330901405092
0.00381098487745
0.00425849883213
0.00460334831267
0.00507452980751
0.00549973475655
0.0018695635228
-0.000550945846838
0.000129157960252
0.000804583017772
0.00137724001843
-0.000277062809365
0.000288186160551
0.000614681138488
0.00109750756328
0.0014239147758
0.00185446829902
0.00227794503455
0.00273604207052
0.00317227417553
0.00365969702672
0.00403593053625
0.00453081677231
0.00508152311548
0.00134213421841
0.00180632389243
0.00219501971174
0.00262403091817
0.00313523265477
0.00380606756757
0.00463076449245
0.00230775218461
0.00341620626821
0.00408423586295
0.00140141179608
0.00181539041579
0.00219942053015
0.00262324187899
0.00303758741973
0.00354459041982
0.0039191948975
0.000369698674036
0.00075102664264
0.00123871434595
0.00186613655025
0.00215677473355
0.00261391376414
0.00296692579597
0.00340938954384
0.0039132827447
0.00457472934388
0.00538818855884
0.00620139430981
0.00420577101478
0.00487255349035
0.00509921959548
0.00550685470977
0.0030079231935
-0.00062014273934
-0.000214915870611
0.000315714115408
0.000641205660618
0.00112950677035
0.00154303458327
0.00202344037263
0.00266744690408
0.00300079135294
0.00344741415808
0.00376903407045
0.00420997927915
0.004720848036
0.00537282253421
0.00211901101264
0.00306503977436
0.00502850169882
0.0015958727498
0.0018189231342
0.00222013705968
0.00271331631056
0.00312350133555
0.00351964941588
0.0011274930852
0.00143998891292
0.00192092234352
0.00236545002822
0.00283851996399
0.00347289382324
0.00381800667586
0.00422738050152
0.000544118200282
0.000978525816414
0.00150074450409
0.0021431954714
0.00293387901958
0.00386682967865
0.00180967308988
0.00242426321132
0.00264367279359
0.00303841707755
0.00358313124125
0.00398646751638
0.00437360356088
0.00487109809489
0.0051795881395
0.00274254945787
0.00321688964084
-0.000373322919449
0.000251372980771
0.000577303446062
0.000980723720419
0.00140274181698
0.00183059620373
0.00236357891023
0.00299648445454
0.00377570415875
0.00469551557313
0.00269386527739
0.00328309321363
0.0034988513522
0.00388710320358
0.00444402556883
0.00487785215157
0.00525606474998
0.0057112587301
0.00188983984485
0.00235591842269
0.00285890217937
0.00331724174371
0.00111343278048
0.00142059034892
0.00181803095002
0.00228774499832
0.00270904647635
0.00325223211294
0.00387559709778
0.00464334636432
0.00554999447759
0.00360645745848
0.00417086252473
0.00438297151317
0.00476473118727
0.0011648424915
0.00164858397839
0.00201798101301
0.00243200221776
0.00277527325301
0.00323391483822
0.00376439658684
0.00421538692811
0.00482071422694
0.00510952424296
0.00268216374779
0.0031979257897
0.00361269333125
6.29381533078e-05
0.000676792423227
0.00143309380276
0.00232658871186
0.00675966409394
0.00470848938655
0.00319252468967
0.00664781666392
0.00508454443102
0.00344064459444
0.00671808676871
0.00679719933743
0.00474915285231
0.00322604523813
0.00668184979396
0.00511907765241
0.00347566230314
0.00675357007725
0.00683536196061
0.00478787712001
0.00326021446193
0.00671654125452
0.00515427861264
0.00351135685438
0.0067897389667
0.00687415145494
0.00482723716671
0.00329503187587
0.00675189053802
0.00519014678165
0.00354772769571
0.00682659286253
0.00691356730414
0.00486723245325
0.00333049698607
0.00678789712779
0.00522668161991
0.00358477426482
0.00686413117996
0.00695360898411
0.00490786243241
0.00336660928994
0.00682456049813
0.00526388257848
0.00362249598961
0.00690235332406
0.00699427223779
0.00494672189051
0.00340336827628
0.0068618801143
0.005301749099
0.00366089228822
0.00694125868975
0.00703556397627
0.00498354613717
0.00344076969999
0.0068998554326
0.00534028061379
0.00369996256906
0.00698084666188
0.00707747992713
0.00502100630881
0.00347882048328
0.0069384859004
0.00537947654583
0.00373970623086
0.00702111661525
0.00712001953562
0.00505910189287
0.00351751636395
0.00697777095615
0.00541933630887
0.00378012266275
0.00706206791468
0.0071631822394
0.00509783236868
0.00355685679661
0.00701771002946
0.00545985930742
0.00382121124424
0.00710369991506
0.00720696746861
0.00513719720748
0.0035968412274
0.00705830254114
0.0055010449368
0.00386297134533
0.00714601196139
0.00725137464584
0.00517719587242
0.00363746909406
0.00709954790317
0.00554289258323
0.00390540232651
0.00718150217051
0.00729640318625
0.0052095342413
0.00367873982594
0.00714144551886
0.00558540162381
0.00394699291966
0.00720707464337
0.00732997042619
0.00523594116746
0.00372065284407
0.00718399478279
0.00562857142659
0.00397290654921
0.00723333501458
0.00735661728674
0.00526298763385
0.00376320756114
0.00722719508088
0.00565911195472
0.00399949872532
0.00726028286698
0.00738389402916
0.00529067326892
0.00380640338164
0.00726367223311
0.00568600336068
0.00402676903687
0.00728791777283
0.0074118002899
0.00531899769263
0.00384861183896
0.00729083185489
0.00571356322382
0.00405471706263
0.00731623929387
0.00744033569734
0.0053479605165
0.00387601032964
0.00731864998587
0.00574179113042
0.00408334237125
0.00734524698133
0.00746949987177
0.00537756134362
0.00390405717095
0.00734712622073
0.00577068665707
0.0041126445213
0.00737493851332
0.00749929242542
0.00540779976864
0.00393275196668
0.00737626014488
0.00580024937074
0.00414262306131
0.00740531714546
0.00733436671451
0.00305497897142
0.00417296278979
0.00532528250547
0.00589963052052
0.00217347830399
0.00346078524374
0.00736960003454
0.00308342049566
0.0041999399849
0.00535325170838
0.00592865520172
0.00220362645172
0.00349212940548
0.00740560320088
0.00311026618246
0.00422774681123
0.00538208050015
0.00595857128077
0.00223470164105
0.00352443461822
0.00744237549255
0.00313791269606
0.00425638262578
0.00541176816471
0.00598937982071
0.00226669925137
0.00355769987678
0.00747991617411
0.00316635944083
0.00428584676708
0.00544231489682
0.00602107627385
0.00229962022458
0.00359192414753
0.00253107965296
0.00319560580452
0.00431613762393
0.00547371807685
0.00605366165772
0.00233346361464
0.00362710636862
0.00257015485041
0.00322565115832
0.00434725636079
0.00550597785883
0.00608713510462
0.00236822845033
0.00366324545011
0.00260784976256
0.00325649299427
0.00437920132989
0.00553909344523
0.00612149572441
0.00240391373545
0.00370034027412
0.00263842812609
0.00328813437595
0.00441197179664
0.00557306401841
0.00615674260455
0.00244051844886
0.00373838969502
0.00266157485063
0.00332057276261
0.00444556700836
0.00560788874069
0.00619287481029
0.00247804154474
0.00377739253962
0.00268336827718
0.00335380745991
0.00447998619438
0.00564356675446
0.00622989138476
0.00251648195262
0.00381734760731
0.00270593626637
0.00338783775726
0.00451522856613
0.00568009718229
0.0062677913491
0.00255583857763
0.00385825367025
0.00272927836459
0.00341375858624
0.0045512933172
0.00571747912703
0.00630657370258
0.00259611030058
0.00390010947359
0.00275339410303
0.00343870381648
0.00458817962348
0.00575571167193
0.00634623742273
0.00263729597816
0.00394291373559
0.00277828299774
0.00346444841504
0.00462588664321
0.00579479388074
0.00638678146549
0.00267939444307
0.00398666514789
0.00280394454967
0.00349099182987
0.00465476260265
0.00583472479781
0.00642820476534
0.0027224045042
0.00403136237564
0.00283037824474
0.00351833349234
0.00468306708167
0.00587550344823
0.0064705062354
0.00276632494679
0.00406801021098
0.00285758355388
0.00354647281729
0.00471219679469
0.00591712883792
0.00651368476761
0.00281115453257
0.0041019922625
0.00288555993307
0.00357540920307
0.00474215107469
0.00594915457024
0.00655773923286
0.002856892
0.00413692347819
0.00291430682341
0.00360514203163
0.00477292923655
0.00598104158133
0.00660266848113
0.0029035342017
0.00417281023795
0.00294382365117
0.00363567066856
0.00480453057707
0.00601378073548
0.00664846947899
0.00295108355529
0.00420964771829
-0.00352416202243
-0.00467591362469
-0.00191133106475
-0.00306276311693
-0.00462039205451
-0.00126870424338
-0.00272173033956
-0.00354040505627
-0.00469310804893
-0.0019349376894
-0.00310219603945
-0.00461718714947
-0.00126530166291
-0.00276823431762
-0.00355450130313
-0.0047080305971
-0.00195614892507
-0.00313913215308
-0.00461130188085
-0.00125905307677
-0.00281179845642
-0.00356644859057
-0.0047206786926
-0.00197496068765
-0.00317356364017
-0.00460273812345
-0.00125913978578
-0.00285240987978
-0.00357624507502
-0.0047310501485
-0.00199136934725
-0.00320548411508
-0.00459149699477
-0.00129466018447
-0.00289005651641
-0.00358388924326
-0.00473914316942
-0.00200537173169
-0.00323488490654
-0.0045775816465
-0.00132736826965
-0.00292472711747
-0.00358937991351
-0.00474495635308
-0.00201696512957
-0.0032617606527
-0.0045819941753
-0.00135725528773
-0.00295641127296
-0.00359271577075
-0.00474848869152
-0.00202614729288
-0.00328610558256
-0.00464320023344
-0.00138431320836
-0.00298509942706
-0.00359389722997
-0.00474973957198
-0.00203291643918
-0.00330791445332
-0.00470183026091
-0.00140853473502
-0.00301078289238
-0.00359292364262
-0.00474870877741
-0.00203727125331
-0.00332718255607
-0.00475787070345
-0.00142991331477
-0.00303345386286
-0.00358979515942
-0.00474539648666
-0.00205075896196
-0.00334390572078
-0.00481130851644
-0.00144844314703
-0.00305310542557
-0.00358451226453
-0.00473980327435
-0.00206416209026
-0.00335808032079
-0.00486213117935
-0.00146411919139
-0.00306973157115
-0.00357707577524
-0.00473193011037
-0.00207515202466
-0.00336970327674
-0.00491032670979
-0.00149655380686
-0.00308332720295
-0.00356748684127
-0.00472177835898
-0.00208372662714
-0.0033787720599
-0.00495588367702
-0.00154326929627
-0.00309388814478
-0.00355574694395
-0.00470934977773
-0.00208988422782
-0.0034091224433
-0.00499879121508
-0.00158717854299
-0.00310141114734
-0.00354185789501
-0.00469464651584
-0.00209362362656
-0.00344663709662
-0.00503903903531
-0.0016282697194
-0.00310589389316
-0.00352582183525
-0.00467767111242
-0.00209675405284
-0.00348162635607
-0.00507661743834
-0.00166653169672
-0.00310733500024
-0.00350764123284
-0.00465842649425
-0.00212736075164
-0.00351408265849
-0.00511151732548
-0.00170195405964
-0.00312428238287
-0.00348731888147
-0.00463691597327
-0.00215556941756
-0.00354399896123
-0.00514373020951
-0.00173452595605
-0.00315002255707
-0.00346485789818
-0.00461314324377
-0.0021813745829
-0.00357136874963
-0.0051732472935
-0.00176424076668
-0.00317273611944
-0.00344026172102
-0.0046150263849
-0.00220477123129
-0.00359618604405
-0.00520006320553
-0.0017910891322
-0.00338311671592
-0.00490990865328
-0.00306943694477
-0.00374369310615
-0.00586948636424
-0.00378960219903
-0.0016436487923
-0.0042280093076
-0.00492398971415
-0.00305612819238
-0.00373021037434
-0.00590343755898
-0.00382386142818
-0.00167796557349
-0.00426212937212
-0.00493636972082
-0.00304109261509
-0.0037149772875
-0.00593563460386
-0.00385635097904
-0.00171050977627
-0.00429448677253
-0.00494704747633
-0.00302433078013
-0.0036979954039
-0.00596607415171
-0.00388706741309
-0.00174127794488
-0.00432507811178
-0.0049560210161
-0.00300584435607
-0.00367926645855
-0.0059947530302
-0.00391600747129
-0.0017702668039
-0.0043539001702
-0.00496329133368
-0.00298563518064
-0.00365879236227
-0.00602166824353
-0.00394316807575
-0.00179747325995
-0.00438094990718
-0.00496885679325
-0.00296370525987
-0.00367051595107
-0.00604681697393
-0.00396854633137
-0.00182289440331
-0.00440622446271
-0.00497271685527
-0.00294005676706
-0.00369352205291
-0.00607019658314
-0.00399213952734
-0.00184652750949
-0.00442972115893
-0.00497487114537
-0.00291469204173
-0.0037147845783
-0.00609180461379
-0.00401394513861
-0.00186837004064
-0.0044514365702
-0.00497531945458
-0.00288761358845
-0.00373430135907
-0.00611163879066
-0.0040339608272
-0.00188841964693
-0.00447137024967
-0.0049740617394
-0.00287931415569
-0.0037520704019
-0.00612969702188
-0.00405218444345
-0.0019066741678
-0.0044895191426
-0.00497109812186
-0.00287631620809
-0.00376808988931
-0.00614597740001
-0.00406861402718
-0.0019231316331
-0.00450883843472
-0.00496642888939
-0.00287159289598
-0.00378235818064
-0.00616047820307
-0.00408324780872
-0.00193779026415
-0.00453685484138
-0.00496005449478
-0.00286514468803
-0.00379487381284
-0.00617319789544
-0.00409608420989
-0.00195064847472
-0.00456309157344
-0.00495197555585
-0.00285697222379
-0.00380563550122
-0.00618413466298
-0.0041071218448
-0.00196170487186
-0.00458754583527
-0.00494219285526
-0.00284707631338
-0.00381464214015
-0.00619328827644
-0.00411635952063
-0.00197095825669
-0.0046102150159
-0.00493070734003
-0.00283545793707
-0.00382189280357
-0.00620065729806
-0.00412379623829
-0.00197840762497
-0.00463109669041
-0.00491752012115
-0.00284758662198
-0.00382738674551
-0.00620624094474
-0.00412943119292
-0.00198405216775
-0.00465018862118
-0.00490263247304
-0.00286061431526
-0.00383112340045
-0.00621003862282
-0.00413326377432
-0.00198789127173
-0.00639119175609
-0.0048938302609
-0.00287191971497
-0.00384213059929
-0.00621204992837
-0.00413529356734
-0.00198992451961
-0.00640669824172
-0.00490641753299
-0.00558039023751
-0.00385189423534
-0.00621227464742
-0.00413552035205
-0.00199015169034
-0.00642040940615
