0.00441144541794
0.00206471237827
0.00624283439804
0.00413082146831
0.00216794027463
0.00478519792558
0.00482560990835
0.00449483808319
0.00214878705702
0.00632739421828
0.00421565892375
0.00225001547807
0.00486932728701
0.00490969971123
0.00457917811973
0.00223381551896
0.00641291236292
0.00430145729495
0.00233305837531
0.00495442098865
0.00499475347956
0.00463110212134
0.00231979496877
0.00649938599092
0.00438821371452
0.00241706616728
0.00504047617045
0.00508076835709
0.00466684291264
0.00240672259093
0.00658681224089
0.00447592529464
0.00250203603331
0.00512748995155
0.00516774146676
0.00470359440262
0.00249459555018
0.00667518823155
0.00456458912747
0.00258796513164
0.00521545943071
0.00525566991114
0.00474135532241
0.00258341099189
0.00676451106209
0.0046542022856
0.00267485059977
0.00530438168667
0.00534455077281
0.0047801243705
0.00267316604251
0.00685477781264
0.00474476182244
0.00276268955493
0.00539425377866
0.0032480138266
0.00481990021297
0.0027638578099
0.00694598554463
0.00483626477268
0.00285147909447
0.00548507274675
0.00333879069291
0.00486068148369
0.00285548338381
0.00703813130125
0.00492870815266
0.00294121629629
0.00556432999483
0.00341337020209
0.00490246678457
0.00294803983624
0.00713121210785
0.00502208896083
0.00300636966271
0.00104510763522
0.00346966794473
0.0049452546858
0.00300827194318
0.00539585504737
0.00511640417816
0.00306545494367
0.00110242971729
0.00352696664514
0.00498904372604
0.00305221098777
0.00549079696063
0.00521165076856
0.00312553645971
0.00116075115096
0.00358526432118
0.00503383241273
0.00309715294818
0.00558666489698
0.00529331143101
0.00318661214444
0.0012200699225
0.00364455896155
0.00507961922229
0.00314309628538
0.00567292250144
0.00535519032339
0.00324867990309
0.00128038398932
0.00370484852607
0.00512640260039
0.0031900394293
0.00106958306891
0.00541805642925
0.00331173761291
0.00134169128027
0.00376613094604
0.00517418096219
0.00323798077909
0.0011161270702
0.00548190761712
0.00337578312349
0.00140398969596
0.00382840412456
0.00522295269263
0.00328691777206
0.00116367280579
0.00554674172842
0.0034408142571
0.00146727710914
0.00389166593687
0.00527271614666
0.00333685060924
0.00121221864701
0.00561255657778
0.00350682880904
0.00153155136501
0.00395591423071
0.00532346964952
0.00338777666772
0.00126176293456
0.00567934995337
0.003573824548
0.00159681028155
0.00402114682663
0.00537521149702
0.00343969422622
0.0013123039788
0.00574711961731
0.00364179921639
0.00166305164993
0.00408736151836
0.00326376680116
0.00501018778058
0.00396528634241
0.00178742864253
0.000540875174785
0.00236283349164
0.00412997385989
0.0033513736022
0.0021616058542
0.00406121691175
0.001876725731
0.000632979298413
0.00245761245947
0.0042354817319
0.00344005615595
0.00225304906847
0.00415826835526
0.00196719641198
0.000726286243988
0.00255362144245
0.00434221982744
0.00352981072698
0.00234559085827
0.0042564361518
0.00205883613413
0.000820791050369
0.00265085506988
0.00445018201209
0.0036206335523
0.00243922712465
0.000314535738364
0.00215164031125
0.000916488720496
0.00274930793431
0.00455936212251
0.00371252084204
0.00253395374085
0.000414922569325
0.00224560432331
0.00101337422252
0.00284897459293
0.00466975396784
0.0038054678488
0.00262976655319
0.000516412029702
0.00234072351735
0.00111144249091
0.00294984956873
0.00477020440093
0.00389947259364
0.00272666138177
0.000618999494462
0.00243699320859
0.00121068842761
0.00305192735184
0.00484767825474
0.00399453027882
0.00282463402128
0.000720471411397
0.00253440868128
0.00131110690311
0.00315520240069
0.00492645051602
0.00409063701377
0.00292368024174
0.000822380844915
0.00263296518979
0.00141269275757
0.00325966914336
0.00500651644773
0.00418778888445
0.00302379578931
0.000925382495733
0.0027326579595
0.00151544080193
0.00336532197871
0.00508787125862
0.00428598195402
0.00312497638702
0.00102947174037
0.00283348218784
0.001619345819
0.00347215527766
0.00517051010451
0.00438521226349
0.00322721773555
0.00111587874626
0.00293543304519
0.00172440256456
0.00358016338441
0.00525442808957
0.00448547583245
0.00333051551397
0.00118778000934
0.00303850567588
0.00183060576842
0.00368934061762
0.00163883492879
0.00458676865968
0.00343486538051
0.00126083971286
0.00314269519915
0.00193795013551
0.00379968127163
0.0017252963047
0.00468908672383
0.00354026297331
0.00133505439304
0.00324799671007
0.00204643034695
0.00391117961763
0.00181302183546
0.00479242598411
0.00364670391113
0.00141042054543
0.000350869488279
0.00215604106112
0.00402382990486
0.00190200643164
0.00489678238092
0.00373735414463
0.00148693462573
0.000458380167826
0.00226677691468
0.00413204262433
0.00199224495862
0.00500215183648
0.00380999762547
0.00156459305051
0.000546386562219
0.00237863252363
0.00422084026548
0.00208373223792
0.0021841047281
0.00388309081569
0.00164339219796
0.000627449649569
0.00249160248435
0.00431085219661
0.00217646304846
0.00225848577106
0.00395729902772
0.00172332840872
0.000709677306826
0.00260568137463
0.00440207357537
0.00227043212784
-0.00483593958713
-0.00393491842893
-0.00291383088097
-0.00176910397655
-0.000533527482794
-0.00458879548717
-0.00365033203462
-0.00257695711039
-0.00142623297022
-0.000483300254435
-0.00440465768418
-0.00321202604539
-0.00208079096214
-0.00114931341945
-0.000229861870725
-0.00422834008093
-0.00327544642624
-0.00220784873452
-0.000864207057554
0.00022474494906
-0.00379501655114
-0.000203054470373
-0.00428197810094
-0.0032441754997
-0.0020862492686
-0.00114621490138
-0.000250796698814
-0.00429369569513
-0.00320873538737
-0.00200166190968
-0.00104994542665
3.06754537588e-05
-0.00375864535324
-0.002572462912
-0.00167104976475
-0.000572908388677
-0.00458879246478
-0.00362860778943
-0.00255307686372
-0.00136742108004
-0.000251138473667
-0.00436768762238
-0.000839185282346
-0.00490714277564
-0.00385289204069
-0.00268218429318
-0.0017254821437
-0.000872639785445
-0.00490534992659
-0.00380914401574
-0.00258335165917
-0.00158508552948
-0.000319850911008
-0.00410301058321
-0.00286158949484
-0.0020143966997
-0.00108268782235
-9.09924643915e-05
-0.00412047087704
-0.00303733946243
-0.00184357350777
-0.000698890208884
8.31750707486e-05
-0.00143940472429
-0.000505539482774
-0.00442640634301
-0.0032433981842
-0.00228510111329
-0.00146141995515
-0.000313504461091
-0.00420188175599
-0.00296442073072
-0.00191255238011
-0.000813790529983
0.00040866962418
-0.00341829550033
-0.00260474029812
-0.00166469490975
-0.000603479831762
0.000413830090447
-0.0034924498356
-0.00229096101732
-0.00121514584813
-0.000570749483107
-0.00200244088648
-0.00105842109778
-0.0049635728311
-0.00363417316871
-0.00266914946608
-0.00183716105729
-0.00085871166343
-0.00473666607987
-0.00348801837308
-0.00238220751158
-0.00127503724638
-4.3570231855e-05
-0.0039863103399
-0.0031655881679
-0.00221748442788
-0.00114744723752
-0.000163056218125
-0.00405254836918
-0.00284375109615
-0.00189757627569
-0.00106233439545
-0.00234477404608
-0.00139109393057
-0.000289768226585
-0.00422113927943
-0.00319662141921
-0.0023566964615
-0.001369215037
-0.000241790283087
-0.00397793083079
-0.0028179349157
-0.00170284881023
-0.000462909565822
0.00031617778963
-0.00384081357136
-0.0028849591606
-0.00180644313513
-0.000611172857944
0.000487123045248
-0.00334573194523
-0.00241756727528
-0.00152572753223
-0.00282973334875
-0.00186694709384
-0.00076884465596
0.000222511453677
-0.00368754502709
-0.00284009724004
-0.00184406227393
-0.000707236034732
0.000562134298907
-0.0033751441489
-0.00225267235631
-0.00100483445437
-0.000189969367702
0.000644253126399
-0.00337709089408
-0.00229047113781
-0.00108652714954
-2.77812080634e-05
-0.00385201586458
-0.00290921947705
-0.00196252917804
-0.00327387941294
-0.00230260095018
-0.00129249937402
-0.000291229574053
-0.00414091443698
-0.00345604648238
-0.00245198299635
-0.00130634058396
-2.75375972973e-05
-0.00374081733582
-0.00261152642438
-0.00136938586256
-0.00066402399506
0.000176477698643
-0.00383782034837
-0.00274350373148
-0.00156860240395
-0.000513176679353
0.000657556619757
-0.00384847164904
-0.00289555527164
-0.00378030996364
-0.00294355835375
-0.00196299130307
-0.000952366528088
0.00020885480015
-0.00386432982059
-0.00285280858671
-0.00169898396753
-0.000411434788791
0.000911501390234
-0.00293494081354
-0.00181571075045
-0.00110524638896
-0.000258815428377
0.000718147378803
-0.00367622801622
-0.00254249101438
-0.00147975925671
-0.000301187948104
0.000670266611593
-0.00332283996801
0.000520117775914
-0.00342142937175
-0.00240783731995
-0.00138847514773
-0.000235189805843
-0.00423372523807
-0.00321536137732
-0.00205403556094
-0.000758475084661
0.000618520151341
-0.00322233844259
-0.00277927003617
-0.0020640246183
-0.0012120407947
-0.000228854519551
-0.00406534332382
-0.00297386729852
-0.0019042308881
-0.000718257069037
0.000267161950511
-0.00372038596046
7.41307410444e-05
-0.00385801548279
-0.00281165298613
-0.00178422878227
-0.000668045367313
0.000375761938934
-0.00356897287846
-0.00298556430161
-0.00167415007492
-0.00023747175015
0.000915097308533
-0.00315717350405
-0.00243749111592
-0.00158035657099
-0.00059140069451
0.000523254589127
-0.00337344886312
-0.0022973368367
-0.00110442482351
-0.000105326235986
0.000864245479426
-0.000328695602439
0.000721871664256
-0.00317592102537
-0.00213868256372
-0.00169740240321
-0.000616748537988
0.000423885910653
-0.00332743220636
-0.00200856647099
-0.000564227657813
0.000538256694715
0.00138217222196
-0.00277611021167
-0.00191425179915
-0.000920007150071
0.000200411306651
0.00120420811843
-0.00346987066056
-0.00227051269465
-0.00125805080266
-0.000283670310832
-0.00136595809637
-0.00030758209771
-0.00417683217263
-0.00308731215146
-0.00204965329844
-0.000959728049011
8.85577063066e-05
-0.00365618760036
-0.00232975629732
-0.00100228061979
1.3291029983e-05
0.000864680042321
-0.00308586887881
-0.00221316259522
-0.00205553048131
-0.000935431040514
2.85571232354e-05
-0.00379858857951
-0.00259330365629
-0.00156782581215
-0.000589040408168
-0.0016792363384
-0.000628613975925
0.000433561715604
-0.0034481740563
-0.00236030262361
-0.00126389304879
-0.000207507131743
0.000990070199356
-0.00275030288821
-0.00153005921747
-0.00134655673054
-0.000488059615823
0.000508781420509
-0.00335978439643
-0.00231468908457
-0.0012408353088
-0.000272241659466
0.000820462057843
-0.0029455513523
-0.00195105596979
-0.000886163215213
-0.00195335095556
-0.000917800089925
8.08400502834e-05
0.00113490394366
-0.00272605766775
-0.00163617700518
-0.00139812140205
-0.000340534158169
-0.00405150522879
-0.00289183697054
-0.00180247697491
-0.000937271633518
6.7114215085e-05
-0.00379374631731
-0.00265533467923
-0.00151182586425
-0.000539108965649
0.000558097944081
-0.00335848651401
-0.00235783921629
-0.00222379906735
-0.00234906279996
-0.00133049402061
-0.00114500544963
-8.42777714165e-05
-0.00397705840315
-0.00287960813967
-0.00180967076311
-0.000743967490399
0.000465323760205
-0.0033487551507
-0.00222259997885
-0.00135112033561
-0.000339682711806
0.000718475028974
-0.00304748975754
-0.00177836954299
-0.00170813678949
-0.000670091219213
0.000238690882156
-0.00366634853509
-0.002597359827
-0.00361275673388
-0.00261243952485
-0.0014851881735
-0.000345872157801
0.000619161389235
-0.00318807517538
-0.00218134235177
-0.00110820275926
0.000109119726484
0.00114253580225
-0.00260612975253
-0.00172884293097
-0.00164779011941
-0.000582967855766
0.000569754249241
-0.00306524143135
-0.00206082945527
-0.00105507631276
-0.000110052099036
0.000901654061471
-0.00293946467743
-0.00391605864329
-0.00293526107793
-0.00180037449182
-0.000603745389125
0.000347129290304
-0.00345420812242
-0.00251227883778
-0.00143243095313
-0.00028070769593
-0.000176890959073
-0.00390684842475
-0.00300663027983
-0.00198271288463
-0.000911799247964
0.000247191400456
-0.00341626768527
-0.00242360049033
-0.00140707284859
-0.00042589582368
0.000590672176273
-0.00324963031386
0.000728571492336
-0.00321166725082
-0.00207016154872
-0.000836333465966
0.000119001771302
0.000240842992641
-0.00373860285191
-0.0026528198863
-0.00156839034892
-0.000521004253255
0.000667732340849
-0.00331000777125
-0.00228072919241
-0.00120432914443
-3.97049470532e-05
0.00116104183366
-0.00275240476467
-0.00172553145941
-0.00166488619635
-0.000643931253413
0.000427490465666
0.000494476812266
0.000526166761912
-0.00323156424853
-0.00208089958783
-0.00100240632241
-1.0919980749e-05
0.000924759978623
-0.00289489491322
-0.00187934651602
-0.000825982716339
0.000369265079626
-0.00357527918768
-0.00254126701845
-0.0014600154177
-0.000290422600862
-0.000116759552695
-0.00400323053612
-0.00296647431904
-0.00192269432577
-0.000888674758775
0.000182504023881
-0.000635117277216
0.000344972494644
-0.00340833567168
-0.00240148394231
-0.00129688359355
-0.000219091751455
0.000720398410518
-0.00309498694678
-0.00214978378102
-0.00109116598954
0.000109801014022
9.70716386054e-05
-0.00374251225289
-0.0026570705791
-0.00148320113137
-0.000380333228416
0.000626733543407
-0.00321637992122
-0.00216851923672
-0.00109971202761
-2.93234516182e-05
0.00339126432429
0.00672965580336
0.00512431936397
0.00342995336095
0.00726280403813
0.00490005820038
0.00261283743183
0.00344683035026
0.00678590514655
0.00518109233719
0.00348707587335
0.00733616657125
0.00497413962136
0.00268739792333
0.00350351461654
0.00684328545614
0.0052390060035
0.00354534555936
0.00741066202416
0.00504936359738
0.0027631073671
0.00356131467831
0.00690179419846
0.00529805775978
0.0036047597688
0.0074862870104
0.00512572664617
0.00283996221611
0.00362022804997
0.00696142879781
0.00535824495988
0.00366531580784
0.00756303810598
0.00520322524719
0.00291795888457
0.00368025220562
0.00702218663697
0.00541956491524
0.00372701093959
0.00764091185005
0.00528185584236
0.00299709374871
0.0037413845796
0.00708406505777
0.00548201489538
0.00378984238464
0.00771990474561
0.00536161483682
0.00307736221621
0.00380362256698
0.00714706136163
0.00554559212855
0.00385380732171
0.00301550837723
0.00544249859964
0.00315876245226
0.00386696352412
0.00721117281012
0.00561029380225
0.00391890288817
0.00309672894375
0.00552450346458
0.00324128979235
0.00393140476916
0.00727639662548
0.00567611706383
0.0039851261807
0.00317905796102
0.00560762573084
0.0033249404684
0.00399694358258
0.00734272999124
0.00574305902111
0.00405247425587
0.00171554637168
0.00569186166379
0.00340971067813
0.00406357720771
0.00246761507224
0.00581111674292
0.00412094413075
0.00180008135448
0.00577720749573
0.00349559658589
0.0041313028513
0.00253615893726
0.00588028725973
0.00419053278353
0.00188571378763
0.00586365942661
0.00358259432335
0.00420011768404
0.00260580367654
0.00595056756426
0.00426123715413
0.00197243994106
0.00595121362482
0.00367069999036
0.0036093507139
0.00267654632436
0.00602195461205
0.00433305414484
0.00206025605431
0.00603986622789
0.00375990965563
0.0036803352956
0.00274838387917
0.00609444532207
0.00440598062091
0.00211919758908
0.00612961334328
0.00385021935756
0.00375240036776
0.00282131330413
0.0061680365774
0.00445181939718
0.00215443309631
0.0062204510491
0.00394162510499
0.00382554109976
0.00289533152774
0.00624272522574
0.00448786894303
0.00219083953243
0.00631237539484
0.00403412287793
0.0038615082437
0.00293913762115
0.00629440270959
0.00452507662352
0.00222841521115
0.00640538240215
0.00412770862837
0.00389233486291
0.00297032947478
0.00632587332726
0.00456344075161
0.00226715839541
0.00645268246462
0.0042191095531
0.00392429149839
0.0030026644261
0.00635849701971
0.00460295959127
0.0023070672978
0.00649285888628
0.00428177289813
0.00287722948182
0.00422472932284
0.00562722807195
0.00014702322675
0.00176359622709
0.00361803463952
0.0024977221808
0.00294878600079
0.0042998411228
0.00570603896661
0.000229627057381
0.00185001173035
0.0037065079283
0.00259701649574
0.00302167085612
0.00437633845312
0.00578629354272
0.000313732689879
0.00193798583462
0.00379659985791
0.002697958137
0.00309587950773
0.00445421609812
0.00586798581985
0.000399333293095
0.0020275107849
0.0038883018265
0.00280053687224
0.00317140735433
0.00453346877485
0.00595110974435
0.000486421956928
0.00211857874219
0.00398160514101
0.00290474238975
0.00324493136278
0.00461409113471
0.00603565919128
0.000574991694791
0.00221118178654
0.00112556539611
0.0030105643028
0.00329197042961
0.0046960777651
0.00612162796646
0.00066503544606
0.00230531191992
0.00122204497596
0.00311799215383
0.00334037651887
0.00477942319105
0.00620900980846
0.00075654607854
0.00240096106928
0.00132009931048
0.00322701541865
0.00339014654169
0.00486412187682
0.00347898530881
0.000849516390908
0.00249812108948
0.00141971937699
0.00332687960242
0.00344127733186
0.00495016822755
0.00356917424128
0.000943939115165
0.00259612742011
0.00152089607921
0.00339594721223
0.0034937656468
0.00503755659091
0.00366075707293
0.00103980691907
0.00269470268073
0.00162362025068
0.00346673950242
0.00354760816855
0.00512628125869
0.00375372729344
0.00113711240857
0.00279476992087
0.00172788265823
0.003539249072
0.00360280150476
0.0052163364685
0.00384807833527
0.00123584813022
0.00289632083265
0.0018336740054
0.00361346838431
0.00365934218973
0.00530771640533
0.00394380357563
0.0013360065736
0.00299934704793
0.00194098493578
0.00368938977054
0.00371722668544
0.00540041520324
0.0040408963385
0.00143758017368
0.0031038401412
0.00201463795022
0.00376700543341
0.00377645138261
0.00549442694696
0.00413935036224
0.00154056131323
0.00320979163238
0.00208577545554
0.00384630745079
0.00383701260173
0.00558857902618
0.00423915793891
0.00164494279084
0.00331719392096
0.00215854392727
0.00392728777935
0.00389890659421
0.00563140559112
0.00434031271023
0.00175071596059
0.00342358867577
0.00223293653861
0.00400993825823
0.00396212954341
0.00567564996869
0.00444280780683
0.00185787352839
0.00349641272657
0.00230894634968
0.00409425061272
0.00402667756576
0.00572130913482
0.00454663631589
0.0019664076916
0.00357078840593
0.00238656631055
0.00418021645797
0.00409254671192
0.00576837997774
0.000546262670439
0.00207631060702
0.00364670938026
0.00246578926415
0.00426782730263
-0.00407506920965
-0.00496398879001
-0.00588489380801
-0.00250016267468
-0.00352706625897
-0.006805597556
-0.00331808858466
-0.00414526868574
-0.00503645643515
-0.00595974023501
-0.00257750129342
-0.00360701209063
-0.0068882655903
-0.00340359156824
-0.0042147174902
-0.00510815205487
-0.00603379253929
-0.00265402297649
-0.00368611750325
-0.00697006911799
-0.00348820544465
-0.00428341424212
-0.00517907413553
-0.00610704905973
-0.00272972589906
-0.00376438049049
-0.00705100593184
-0.00357192778498
-0.00435135757223
-0.00524922117593
-0.00617950814848
-0.00280460825046
-0.00384179906106
-0.00713107384061
-0.0036547561772
-0.004418546123
-0.00531859168743
-0.0062511681712
-0.0028786682344
-0.00624797966449
-0.0072102706693
-0.00373668822646
-0.00448497668612
-0.0053871832628
-0.00632202750712
-0.00295190406917
-0.00632370348934
-0.00284281791607
-0.00381772155541
-0.00455065165322
-0.00545499630167
-0.00639208454931
-0.00302431398779
-0.00639857701643
-0.00292026612593
-0.0038978538045
-0.00461556784012
-0.0055220284227
-0.00646133770478
-0.00309589623827
-0.00647259831708
-0.00299683683088
-0.00397708263228
-0.00467972393751
-0.00558827818904
-0.00222665041686
-0.00316664908375
-0.0065457654788
-0.00307252792356
-0.00405540571572
-0.00474311864848
-0.00565374417715
-0.00229429107664
-0.00323657080273
-0.00661807660556
-0.0031473373142
-0.00413282075052
-0.00480994498578
-0.00571842497691
-0.00236112315622
-0.00330565968923
-0.006689529818
-0.00322126293085
-0.0042093254514
-0.0048845809365
-0.00578399661256
-0.00242714512012
-0.00337391405303
-0.00676012325363
-0.00329430271968
-0.0042849175524
-0.00495846696388
-0.00585514339143
-0.00249961097714
-0.00344595256872
-0.00683165422323
-0.00336645464518
-0.00435959480723
-0.0050316015905
-0.00592551061235
-0.00257232591039
-0.00352113104475
-0.00690941435449
-0.00344569363984
-0.00443841776759
-0.00510398335014
-0.005995096764
-0.00264423685021
-0.00359548180472
-0.00698632228756
-0.003525276885
-0.00452079314262
-0.00517561078791
-0.00606616026252
-0.00271534214932
-0.00366900303557
-0.00706237602502
-0.00360398054888
-0.00460226291677
-0.00524648246039
-0.00613934610822
-0.00278564017448
-0.00374169293931
-0.00713757358549
-0.0036818024464
-0.00468282467919
-0.00531659693578
-0.00621175305081
-0.00285512930666
-0.00381354973314
-0.00721191300388
-0.00375874040981
-0.00476247603746
-0.005385952794
-0.00628337953234
-0.00292380794117
-0.00388457164967
-0.0072853923316
-0.00383479228902
-0.00484121461793
-0.00545454862685
-0.00635422400752
-0.00299167448789
-0.00395475693715
-0.00735800963678
-0.00390995595183
-0.00491903806604
-0.00436555349887
-0.00633040269504
-0.00463543003727
-0.0029235061456
-0.00527557516567
-0.00641485265655
-0.00462673466946
-0.00442871164788
-0.00639435736237
-0.00470014010652
-0.00298892460513
-0.00534164911162
-0.00648152340687
-0.00469393799895
-0.00449122352574
-0.00645765836668
-0.00476418952883
-0.00305367589203
-0.00831712371376
-0.00654751550514
-0.00476045781661
-0.00455308822135
-0.00652030476303
-0.00482757732643
-0.00311775899711
-0.00439496633156
-0.00661282788505
-0.0048262930312
-0.00461430483137
-0.00658229561446
-0.00489030252975
-0.00318117291956
-0.00445901759839
-0.00667745948906
-0.00489144256048
-0.00467487246027
-0.00664362999206
-0.00495236417749
-0.00324391666708
-0.00452239258417
-0.00674140926849
-0.00495590533119
-0.00473479022039
-0.00670430697502
-0.0050137613167
-0.00330598925592
-0.00458509027609
-0.00680467618363
-0.00501968027919
-0.00479405723199
-0.0067643256507
-0.00507449300283
-0.00336738971095
-0.00464710967017
-0.00686725920375
-0.00508276634956
-0.00485267262332
-0.00682368511472
-0.00513455829979
-0.00342811706575
-0.00470844977136
-0.00692915730726
-0.0051451624966
-0.00491063553071
-0.00688238447098
-0.00519395628005
-0.00348817036265
-0.00476910959358
-0.00699036948172
-0.005206867684
-0.00496794509856
-0.00694042283175
-0.0052526860247
-0.00354754865285
-0.00482908815979
-0.00705089472396
-0.00526796240697
-0.00502460047948
-0.00699779931776
-0.00531074662348
-0.00360625099644
-0.0048883845021
-0.00711073204014
-0.00533145091562
-0.0050806008343
-0.00705451305819
-0.00536813717491
-0.00366427646252
-0.00494699766183
-0.00716988044582
-0.00539424852922
-0.00513594533213
-0.00338047471843
-0.00542485678629
-0.00372162412921
-0.00500492668958
-0.00722833896606
-0.00545635420124
-0.00519063315044
-0.00343586038961
-0.00548090457381
-0.00377829308377
-0.00506217064529
-0.00728610663549
-0.00551776689457
-0.00524466347511
-0.0034905807544
-0.00553627966262
-0.00383428242267
-0.00511872859832
-0.00734318249836
-0.00557848558164
-0.00529803550048
-0.00354463497661
-0.00559098118684
-0.0038895912516
-0.00517459962755
-0.00739956560865
-0.00563850924449
-0.00535074842941
-0.00359802222885
-0.0056450082897
-0.00394421868561
-0.00522978282142
-0.00337813713998
-0.00569783687488
-0.00540280147335
-0.00365074169256
-0.00569836012355
-0.00399816384913
-0.00528427727799
-0.00343313194623
-0.0057564674743
-0.00545419385238
-0.00370279255816
-0.00575103584993
-0.00405142587607
-0.00533808210504
-0.00348743122083
-0.00581440005414
-0.00550492479528
-0.003754174025
-0.00580303463967
-0.00410400390985
-0.00539119642014
-0.00354103405734
-0.00587163363568
