-0.000774314305246
0.000128888701522
-0.00342541817518
-0.00283393128913
-0.000904847147297
-0.00029952723069
0.000309510905276
-0.000826117577949
7.70415687073e-05
-0.00347674082787
-0.00289694029867
-0.000966406122661
-0.000353794572531
0.000255443363593
-0.000875797920268
2.7320403859e-05
-0.00352595779363
-0.00295790383088
-0.00102596270029
-0.000406029707344
0.000203401022292
-0.00092334622361
-2.02670627476e-05
0.00132968674076
-0.00301681297881
-0.00108350855943
-0.000456225192527
0.000153391243567
-0.000968755072316
-6.57133974313e-05
0.00127206452641
-0.00307365908644
-0.00113903561642
-0.000504373841814
0.000105421135736
-0.00101201735226
-0.00010901146871
0.00121653999844
-0.00312843375476
-0.00119253603003
-0.000550468730219
5.94975483752e-05
-0.00105312625625
-0.000150154452722
0.00116312069236
-0.0031811288476
-0.00124400220679
-0.000594503198842
1.56270676073e-05
-0.00109207528922
-0.000189135838446
0.00111181665953
-0.00323173649745
-0.0012934268061
-0.000636470859521
-2.61839884736e-05
-0.00112885827325
-0.000225949432724
0.000125731813768
-0.00328024911105
-0.00134080274528
-0.000676365599331
-6.59295742169e-05
-0.00116346935232
-0.000260589365065
7.86798886997e-05
-0.00332665937487
-0.00138612320445
-0.000714181584913
-0.00010360392067
-0.00119590299692
-0.000293050092232
3.37651438822e-05
-0.00337096026044
-0.00142938163123
-0.00074991326664
-0.000589740942329
-0.00122615400834
-0.000323326402595
-9.00540277385e-06
-0.00341314502946
-0.0014705717454
-0.000783555382599
-0.000623256630394
-0.00125421752281
-0.000351413420247
-4.96250397993e-05
-0.00345320723882
-0.00150968661196
-0.000815102962389
-0.000654685472483
-0.00128008901532
-0.000377306608877
-8.8087367286e-05
-0.00349114074536
-0.00154672237069
-0.000844551330733
-0.000684022845519
-0.00130376430327
-0.000401001775389
-0.000124386301802
-0.00352693971046
-0.00158167265231
-0.000871896110887
-0.000711264421743
-0.00132523954975
-0.000422495073263
-0.000158516081095
-0.00356059860444
-0.00161453230765
-0.000897133227851
-0.000736406171862
-0.0013445112667
-0.00044178300565
-0.000190471268572
-0.00359211221076
-0.00164529648012
-0.00092025891137
-0.000759444368002
-0.00136157631766
-0.000458862428195
-0.000220246757558
-0.00362147562999
-0.00167396060916
-0.000941269698726
-0.000780375586437
-0.00137643192033
-0.000473730551587
-0.000247837775307
-0.00364868102391
-0.00170052043364
-0.000960162437305
-0.000799196710119
-0.00138907471753
-0.00142329079728
-0.000273239886781
-0.00367373065759
-0.00172497199492
-0.000976934286949
-0.000815904930978
-0.00139950450443
-0.00143372938566
-0.00029644899817
-0.00369661734484
-0.00174731163983
-0.00099158272208
-0.000830497752011
-0.00238723491023
-0.00481840727719
-0.00165584501054
-0.00373337942485
-0.00112372093547
-0.00247561537638
-0.00479232149981
-0.00249467530857
-0.00456442268746
-0.00173743057609
-0.00378509806484
-0.0011789256062
-0.0025604743607
-0.00493127049079
-0.00259992874678
-0.00462183737503
-0.0018164101693
-0.00383393260421
-0.00123106384218
-0.00268965423973
-0.00506744814283
-0.00270297592091
-0.00467668669892
-0.00189276443827
-0.00387986906744
-0.00128011870035
-0.00281609564643
-0.000386988087354
-0.00280379771093
-0.00473894137994
-0.00196647449185
-0.00392289422582
-0.00132607412551
-0.00293975960118
-0.000517489205894
-0.00290237519534
-0.00480597150063
-0.00203752192075
-0.00396299561595
-0.00136891497557
-0.0030606072618
-0.000645085159384
-0.00299868966587
-0.00487045707438
-0.00210588881862
-0.00400016155724
-0.00140862704577
-0.0031785999679
-0.000769731454545
-0.00309272264237
-0.00493238342586
-0.00217155780279
-0.00403438116853
-0.00144519709148
-0.00329369928677
-0.000891383745142
-0.00318445588782
-0.00499173635574
-0.00223451203476
-0.00406564438363
-0.00147861284983
-0.00340586706066
-0.00100999788892
-0.00327387142349
-0.00504850215603
-0.00229473524035
-0.00409394196594
-0.00150886305978
-0.00351506545552
-0.00112553000668
-0.00336095154407
-0.000112539057582
-0.0023522117294
-0.00411926552181
-0.00157684227213
-0.00362125701093
-0.00123793654339
-0.00344567883294
-0.000164091514435
-0.00240692641508
-0.0041430785141
-0.00120701358665
-0.00372440469128
-0.0013471743312
-0.00352803617747
-0.00021880573245
-0.0024588648327
-0.00419748596767
-0.00129969999071
-0.00382447193802
-0.00145320065428
-0.00360800678426
-0.000302827062303
-0.00250801315791
-0.00424897879041
-0.00138945087327
-0.00392142272283
-0.00155597331533
-0.00337162349191
-0.000384342640026
-0.00255435822436
-0.00429754188144
-0.00147623764559
-0.00401522160167
-0.00165545070354
-0.00344677159635
-0.000463333909244
-0.00259788754068
-0.0043431609033
-0.00156003230898
-0.00410583376949
-0.00175159046687
-0.00351948465074
-0.000539782713018
-0.00267894727431
-0.00438582230242
-0.00164080749452
-0.0041932251154
-0.00184435517043
-0.00358974635932
-0.000613671312647
-0.00277924053552
-0.00445209636732
-0.00171853650265
-0.00427736227836
-0.00193370398587
-0.00365754361502
-0.000684982406328
-0.00287694848414
-0.00455429582747
-0.00179319334272
-0.00435821456554
-0.00201959835128
-0.0037228609263
-0.000769378269405
-0.00297204653768
-0.00465379468708
-0.00186475277224
-0.00443574655755
-0.00210200064658
-0.00378568415688
-0.000856489542403
-0.0030645104701
-0.00475056549248
-0.00193319033581
-0.00450992933996
-0.0021808742661
-0.00622226321029
-0.0076522994455
-0.00566489072908
-0.00306092936783
-0.00408235670077
-0.00494984999476
-0.00586619245265
-0.00364816415179
-0.00512964695702
-0.00308019524304
-0.00425609402153
-0.00526008950693
-0.00264681007671
-0.00403837651153
-0.00525609868342
-0.00682539356737
-0.0082625149711
-0.00258824782975
-0.00379958641398
-0.00478942850062
-0.00565420679
-0.00665284314223
-0.00805677283198
-0.00567854569151
-0.00346051290054
-0.00448975459031
-0.00549840267942
-0.0028565353742
-0.00420564450711
-0.00570457114308
-0.00705640684271
-0.00486323541917
-0.00219859908013
-0.00327631876861
-0.00468909780361
-0.00592660118737
-0.00344068895995
-0.00499034377412
-0.00641726897731
-0.00422154652545
-0.0052237859758
-0.00224241950458
-0.00344502553409
-0.0048606425129
-0.00614645883569
-0.00729299269555
-0.00491559758282
-0.00243942760017
-0.00348447219929
-0.0047229750307
-0.00623846625894
-0.00760618399385
-0.00516745396965
-0.00619867404786
-0.00386178672129
-0.00529489346344
-0.00290602215099
-0.00396859059699
-0.005325962605
-0.00676635155843
-0.008004388129
-0.00194992456565
-0.00262351828649
-0.0038687472106
-0.00529530603837
-0.00659156453493
-0.00774784373321
-0.00522829927363
-0.0030171257883
-0.00407449785167
-0.00519885233167
-0.00308495004665
-0.00446762521936
-0.00568783185146
-0.00673162758078
-0.00782354228917
-0.00220834233679
-0.00348292877672
-0.00456172459629
-0.00560333792694
-0.0070550513687
-0.00465874526855
-0.0056810434807
-0.00303283241815
-0.00425538745496
-0.00569208117217
-0.00699802263906
-0.00451850630263
-0.00575438173571
-0.00697869860051
-0.00462522630945
-0.00198706535211
-0.00353258448689
-0.00492917709502
-0.00616240715223
-0.00721794545246
-0.00467055515955
-0.0061409600385
-0.00400977148387
-0.00510383203599
-0.00598257136686
-0.00363703074129
-0.00489395006386
-0.00592358696177
-0.00692003731348
-0.00460417042132
-0.00240529192441
-0.00372009747651
-0.00489371373759
-0.00624115962951
-0.00747764088889
-0.00491307149206
-0.00240363425617
-0.00393511211533
-0.00534446416459
-0.00658965650049
-0.00401115401085
-0.00511296919886
-0.00659998591297
-0.0079071904515
-0.00194780847257
-0.0028385289071
-0.00380077356373
-0.00506381388869
-0.00609881766263
-0.00395255105348
-0.00469227012211
-0.00272384775616
-0.00404664307492
-0.00529397018765
-0.00668747984538
-0.00429048895387
-0.00538118364353
-0.00630366886742
-0.00429132530245
-0.00571216792567
-0.00332330706557
-0.0043994065538
-0.00550431033923
-0.00700634239571
-0.00468289392766
-0.00580392474825
-0.00335387418708
-0.00423472843365
-0.00516734329314
-0.00293483017613
-0.00457106517964
-0.00523441781096
-0.00642493291607
-0.00433205860913
-0.00568762601237
-0.0034474025183
-0.00470575085669
-0.00580607845738
-0.00673706846381
-0.00437800760676
-0.00238623485103
-0.00365173008916
-0.00473644526992
-0.00584307611775
-0.00371351494288
-0.00504745980638
-0.00624391061255
-0.0073694787432
-0.00484302874481
-0.00184660135371
-0.00346202531584
-0.00512708423665
-0.00581877031738
-0.00690775211357
-0.00799839736487
-0.00239487438848
-0.00380958476206
-0.00507747679313
-0.00618657460318
-0.00348047176345
-0.0046383958448
-0.00607799950397
-0.00392890287355
-0.00502099879982
-0.00248307398734
-0.00400968439223
-0.00541114714931
-0.00676410883728
-0.00426194979275
-0.00517269516578
-0.00240934365614
-0.00392577375721
-0.00561706498283
-0.0063674506729
-0.00382298518858
-0.00492377822465
-0.00618304511328
-0.00412823085358
-0.00540464280927
-0.00287673661985
-0.00382240819663
-0.00484952534845
-0.0062962168602
-0.0075765334191
-0.00502984833105
-0.00271282234384
-0.00429814197315
-0.00585725224536
-0.0035826706123
-0.00474105397567
-0.00566510129979
-0.00633458615588
-0.0043232016715
-0.00239281701653
-0.00323450849426
-0.00434573846748
-0.00549458427677
-0.00676837777141
-0.00788935336219
-0.0020414783334
-0.00316525234965
-0.00411697888736
-0.00507227764688
-0.00281799553622
-0.00410346043211
-0.00520629802194
-0.00635150048194
-0.00467081034819
-0.00260127606722
-0.00398698998768
-0.005159433872
-0.00609542332854
-0.00677399833593
-0.00442959665117
-0.00274097099605
-0.00370855390884
-0.00483002889792
-0.00602705717013
-0.00731471117118
-0.00480365441273
-0.00577240028302
-0.00340640185555
-0.00462707901919
-0.00213155981314
-0.00309951950572
-0.00422144360114
-0.00532751758075
-0.00665310238303
-0.00476445231458
-0.00293102550993
-0.00433012406166
-0.00557339677908
-0.00658264594842
-0.00368958120463
-0.00468692466432
-0.00643675018881
-0.00414371092482
-0.00527476005676
-0.00287512038967
-0.00417588071357
-0.00532180234833
-0.00630138915833
-0.00742163893591
-0.00162793156848
-0.00279461919788
-0.00377794808448
-0.00456471019214
-0.00539300659577
-0.00328901177412
-0.00511159817085
-0.00677209980683
-0.00482377175959
-0.00244180207739
-0.00346756983508
-0.00423236651121
-0.00487124059828
-0.00663250674857
-0.00796173661624
-0.00203404265591
-0.0033272764526
-0.00464029914652
-0.00579759091253
-0.0068421355078
-0.00439140651982
-0.00565400349293
-0.00341467107563
-0.00441282597665
-0.00521197511539
-0.00215526581862
-0.00366650513898
-0.00550799947082
-0.00718746617834
-0.00505649848909
-0.00289276263659
-0.00393350471437
-0.00471013484673
-0.00520186883935
-0.00312599495807
-0.00467138911594
-0.00581932877206
-0.0037375489897
-0.00506190278399
-0.00622971611795
-0.00375420575344
-0.00496344129696
-0.00621319477913
-0.00741252014535
-0.00135726332083
-0.00216826767311
-0.00276543803928
-0.00398834572098
-0.00584628151791
-0.00391847660218
-0.00542744800275
-0.00672252741864
-0.00433268096303
-0.00511974813911
-0.00199502032946
-0.00316295001987
-0.00498424363964
-0.00613938267746
-0.00752761530466
-0.00544206328827
-0.00301971570108
-0.00426769269045
-0.00549121268745
-0.00672648199216
-0.0043169646516
-0.0053426539334
-0.00616487345545
-0.00332688206775
-0.00425310609436
-0.00250098384269
-0.00421085856291
-0.00573339168915
-0.00704115971058
-0.00810621092302
-0.00183499446453
-0.00233947654397
-0.00311969543306
-0.00528773107616
-0.00641612367974
-0.00432120940947
-0.00571209744589
-0.00350332126929
-0.00473623397418
-0.00597309005624
-0.00356832227352
-0.00479660461996
-0.00583474848731
-0.00666743203947
-0.00728116284731
-0.000835763302607
-0.00271832351101
-0.00443918401046
-0.00597248166676
-0.003794664509
-0.00486859177104
-0.0056715571936
-0.00260927340548
-0.00299660031467
-0.00556193152857
-0.00318938181264
-0.00473581754298
-0.00613917048287
-0.00738605102675
-0.00515838700594
-0.00278366331244
-0.00398480759166
-0.00522584407721
-0.00627539656441
-0.00360809977615
-0.00422918152346
-0.00461798145054
-0.00287336232597
-0.00460214839868
-0.00264754474078
-0.00397271426754
-0.00505307622378
-0.0058611661525
-0.00637372689036
0.000470601997454
-0.00216916924963
-0.00354829076854
-0.00510646172111
-0.0065211514232
-0.00777870542372
-0.00545778255709
-0.00316916680314
-0.00435058791018
-0.00560304925183
-0.00315325768038
-0.00400417125458
-0.00463186735995
-0.00502492214906
-0.00652323142593
-0.00120311945664
-0.00274884776681
-0.00407839154751
-0.00516260993204
-0.00597377392862
-0.00331177786613
-0.00351350650109
-0.00235613428416
-0.0038634742229
-0.00543210104322
-0.0033379493282
-0.0046050407148
-0.00578320860075
-0.00705323207913
-0.00466429398206
-0.00241714508804
-0.00348588164286
-0.00434434707231
-0.00497783855926
-0.00537462444282
-0.00331266692474
-0.00504765029877
-0.00278005078929
-0.00411094786286
-0.00201976208584
-0.00283187806406
-0.00334711218359
-0.00392062386355
-0.00616762935881
-0.00413407550832
-0.00219283749077
-0.00362644770568
-0.00490185090292
-0.00605853207836
-0.00733697214622
-0.00518684383961
-0.00268596458436
-0.00376224950197
-0.00462709346258
-0.00526548565651
-0.00242656078994
-0.00327720015853
-0.00501035047614
-0.0065557141559
-0.000893554070738
-0.00197746931613
-0.00278839270795
-0.00330283473123
-0.00454754339597
-0.000182061573791
0.000528607307817
-0.00303033998978
-0.00172359502937
-0.00032031093505
0.00028456412344
0.000842122359141
-0.000260772402614
0.000436426045434
-0.00312061872593
-0.00181144461394
-0.000405339075257
0.000150634615377
0.000710348157229
-0.000337731954344
0.000345923964294
-0.00320924612419
-0.00189767949026
-0.000514339057761
1.80609579296e-05
0.000579918425962
-0.000412931766442
0.000257110474434
-0.00329621331098
-0.00198229097686
-0.000646877619513
-0.000113146678024
0.000450842926121
-0.000489495644485
0.000169994878795
0.00161025454833
-0.00206527095833
-0.00077803263343
-0.000242978125998
0.000323131410382
-0.000576087064854
8.4586368976e-05
0.0015266339841
-0.00214661142313
-0.000907793675691
-0.0003714232266
0.000196793620745
-0.001461975116
8.94020976035e-07
0.00144469961068
-0.00222630446703
-0.00103615032997
-0.000498474158584
7.18392859109e-05
-0.00154508566703
-8.10732090562e-05
0.00136445986111
-0.00230434229652
-0.00116309219031
-0.000624116128441
-5.1721881382e-05
-0.00162644194107
-0.000161306489077
0.0012859230486
-0.00238071723226
-0.000998251356344
-0.000748341343099
-0.00017388018708
-0.00170603488354
-0.000239797115394
0.00120909736265
-0.00245542171249
-0.00112233246737
-0.000871139699621
-0.000294625958579
-0.00178385557571
-0.000316536516899
0.00113399086524
-0.00252844829642
-0.00124496765881
-0.000992501116482
-0.00041394954754
-0.00185989523919
-0.000391516259294
0.00106061148695
-0.00259978966759
-0.00136614659643
-0.0011124155366
-0.000531841332751
-0.00193414524042
-0.000464728049288
0.000988967023188
-0.00266943863729
-0.00148585897176
-0.00123087293043
-0.000648291723031
-0.00200659709508
-0.000536163738778
0.000919065130358
-0.00273738814779
-0.00160409497098
-0.00134786329904
-0.000763291160187
-0.00207724247258
-0.000605816260322
0.000850913322137
-0.00280363127576
-0.00172084341559
-0.00146337667738
-0.000876830122001
-0.0021460732004
-0.000673675905968
0.000784518965729
-0.00286816123544
-0.00183609455975
-0.00157740313743
-0.000988899125275
-0.00221308126846
-0.000739735919273
0.000719889278172
-0.00293097138196
-0.00194983823098
-0.00168993279153
-0.0010994887289
-0.00227825883346
-0.000803988774049
0.000657031322692
-0.00299205521448
-0.00206206429935
-0.00180095579566
-0.00120858953698
-0.00234159822312
-0.000866427109688
0.000595952005086
-0.00305140637937
-0.00217276268091
-0.00191046235284
-0.00131619220199
-0.00240309194039
-0.000927043735101
0.000536658070168
-0.00304297300163
-0.00228192334128
-0.00201844271652
-0.00142228742794
-0.00246273266764
-0.000985831632612
0.000479156098257
-0.00309884037476
-0.00238953629923
-0.00212488719404
-0.00152686597364
-0.000953877237192
-0.00335927893558
-0.00106824520284
-0.00360543792372
-0.0042468431149
-0.00162584994108
-0.0044324624702
-0.0010027023996
-0.00340996151474
-0.00112052870548
-0.00217058426191
-0.00430115620853
-0.00176346177982
-0.00457424702132
-0.0010497170067
-0.00345876840832
-0.00117088072313
-0.00222213434976
-0.00435346754156
-0.00189941057955
-0.00471434571698
-0.00109491577657
-0.0035056937186
-0.00121929479136
-0.00227170298856
-0.00440376988189
-0.00203368041758
-0.00485274141049
-0.00113829361192
-0.00355073175188
-0.00126576466732
-0.00231928348677
-0.00445205624225
-0.00216625536772
-0.00498941693457
-0.00117984560284
-0.00359387702185
-0.0013102843336
-0.00236486939284
-0.00449831988491
-0.00229711671263
-0.00512435510808
-0.00121956702954
-0.00363512425277
-0.00135284800203
-0.00240845449948
-0.00454255432619
-0.00242625412613
-0.00525753874313
-0.00125745336492
-0.00367446838268
-0.00139345011731
-0.00245003284772
-0.00458475334086
-0.00255364891606
-0.00538895065225
-0.00129350027712
-0.00371190456637
-0.00143208536051
-0.00248959873091
-0.00462490910372
-0.00267928520694
-0.00551857365591
-0.00132770363193
-0.00374742817832
-0.00146874865252
-0.00252714669846
-0.00466301964434
-0.00280314715303
-0.00564639059017
-0.00136005949512
-0.00378103481547
-0.00150343515728
-0.00256267155959
-0.00469907767504
-0.00292521894547
-0.00577238431457
-0.00139056413464
-0.00381272029993
-0.00153614028489
-0.00259616838678
-0.00473307804534
-0.0030454848196
-0.00435145168283
-0.00141921402277
-0.00384248068151
-0.00156685969464
-0.00262763019084
-0.00476501588285
-0.00316392906247
-0.00447374770067
-0.00144600583812
-0.00387031224015
-0.0015955892978
-0.00265705723732
-3.96084787874e-05
-0.00328053602043
-0.00459416931007
-0.00147925691718
-0.00389621148822
-0.000430980682499
-0.00268444307969
-0.000145423895458
-0.00339529010701
-0.00471269954746
-0.00159690243741
-0.00392017517269
-0.000455719427529
-0.00270978387541
-0.000295025999351
-0.00350817581077
-0.0048293215152
-0.00171295228226
-0.00394220027711
-0.000478457637798
-0.00273307606029
-0.000443042365542
-0.00361917770347
-0.0049440183907
-0.00182739478454
-0.00400165001753
-0.000499192257804
-0.00275431635096
-0.000589456424533
-0.00372828044825
-0.00505677343564
-0.00194021832702
-0.00411826420865
-0.000517920495857
-0.00277350174718
-0.000734251558313
-0.003835468808
-0.00516757000544
-0.00205141134695
-0.00423321165869
-0.000534639825946
-0.00279062953394
-0.000877411105855
-0.0039407276538
-0.00527639155877
-0.00216096234072
-0.00434647979797
-0.000621801955307
-0.00280569728337
-0.00101891836882
-0.00404404197359
-0.00538322306438
-0.00722490064345
-0.00544131160127
-0.0048669178008
-0.00292323558436
-0.00707769103038
-0.00546538059962
-0.00506971475405
-0.0071115714467
-0.00533279711263
-0.00475427822153
-0.00280633728099
-0.00698070756508
-0.0053639545277
-0.00496361536821
-0.00699734276228
-0.00522333684674
-0.00464066850957
-0.00268844505864
-0.00688367216757
-0.0052613998489
-0.00485634997523
-0.00688221817885
-0.00635638709513
-0.00452609280801
-0.00256956441858
-0.00678717186387
-0.00515772147221
-0.00474792412228
-0.00676620129389
-0.00624504653692
-0.0044105552713
-0.00244969807814
-0.00668958183519
-0.00505292433154
-0.00463834338083
-0.00664929571331
-0.00613277148759
-0.00429406006468
-0.00232885155799
-0.00659090638453
-0.00494701338473
-0.00452761334553
-0.00653150505105
-0.00601956573226
-0.00417661322624
-0.00220702945615
-0.00649114983976
-0.00483999361257
-0.00441573963306
-0.00641283292857
-0.00590543306676
-0.00405821521579
-0.00692715567626
-0.00639031655278
-0.00473187001791
-0.004302727881
-0.00629328297452
-0.00579037729715
-0.00393887209014
-0.00680339623679
-0.00628841089879
-0.00462264762465
-0.00418858374672
-0.00617289853036
-0.00567440223919
-0.00381858805195
-0.00667867505556
-0.00618543727546
-0.00451233147687
-0.00407331290629
-0.00606018792552
-0.00555751078659
-0.00369736731188
-0.00655299675902
-0.00608140010215
-0.00440092663785
-0.00395692105336
-0.0059465871078
-0.00543970863572
-0.00357521408796
-0.00642636597917
-0.00597630381914
-0.00428843818918
-0.00383941389811
-0.00583209956664
-0.00532099869732
-0.00345213260511
-0.0062987873529
-0.00587015288686
-0.00417487122984
-0.00372079716614
-0.00571672880031
-0.00520138482119
-0.00332812709458
-0.00617026552147
-0.0057629517851
-0.00406023087531
-0.00360107659748
-0.00560047831546
-0.00508087086451
-0.00320320179342
-0.00604080512983
-0.00565470501227
-0.00394452132531
-0.00348025794544
-0.00548335162675
-0.00495946069129
-0.00307736094394
-0.00591041082607
-0.00554541708461
-0.00382774958826
-0.0033583469757
-0.0053653522564
-0.00483715817196
-0.00295060879322
-0.00704602767072
-0.00543509253549
-0.00370991989243
-0.00323534946518
-0.00524648373383
-0.00471396718288
-0.00282294959259
-0.00693924762712
-0.00532373591458
-0.00359247981801
-0.0079095307872
-0.00512674959521
-0.00458989160593
-0.00269438759709
-0.00683146945211
-0.00521135178718
-0.00347526646972
-0.00778437756606
-0.00500615338314
-0.00446493532803
-0.00740783891195
-0.00672269723843
-0.00509794473345
-0.00335700173484
-0.00765815519266
-0.00488469864616
-0.0043391022407
-0.00727748410435
-0.00661293509389
-0.00498351934768
-0.0032376907477
-0.00753086947915
-0.00513345743054
-0.00667012241112
-0.00322142020681
-0.00482795294484
-0.00589703180316
-0.0024396857212
-0.00401508205885
-0.00503804953043
-0.00656121615514
-0.00311097435485
-0.00471611592816
-0.00578397248339
-0.00726962415673
-0.00390015923023
-0.00494185735351
-0.006451541214
-0.00299975235568
-0.0046034961446
-0.00567012467811
-0.00715473728166
-0.00378443937552
-0.00484488309188
-0.00634110007302
-0.0028877567899
-0.0044900962625
-0.00555549113402
-0.00703905996795
-0.00366792536303
-0.00474712894717
-0.00622989522406
-0.00277499024456
-0.00437591895645
-0.00544007460386
-0.0069225950354
-0.00355062006687
-0.00464859713037
-0.00611792916533
-0.00266145531283
-0.00426096690705
-0.00532387784623
-0.00680534530946
-0.00343252636669
-0.0045492898616
-0.00600520440112
-0.00254715459384
-0.00414524280062
-0.00520690362527
-0.006687313621
-0.00331364714738
-0.00444920936992
-0.0058917234416
-0.00243209069242
-0.00402874932904
-0.00508915471047
-0.00656850280601
-0.00319398529884
-0.00434835789312
-0.00577748880264
-0.00730934731171
-0.00391148918942
-0.00497063387639
-0.0064489157054
-0.00307354371567
-0.00424673767749
-0.00566250300552
-0.00719276488159
-0.00379346508392
-0.0054512665147
-0.00632855516468
-0.00295232529696
-0.00414435097761
-0.00554676857679
-0.00707542711546
-0.0036746797195
-0.00533121018475
-0.00620742403377
-0.002830332946
-0.00404120005619
-0.00543028804799
-0.00695733663867
-0.00355513580769
-0.00521039028714
-0.00608552516669
-0.00270756957002
-0.00393728718382
-0.0053130639555
-0.00683849608118
-0.00343483606433
-0.00508880961427
-0.00596286142135
-0.00258403807996
-0.00383261463876
-0.00519509884026
-0.00671890807725
-0.00331378320937
-0.00496647096237
-0.00583943565929
-0.00736254938586
-0.00372718470677
-0.00508211899163
-0.00660319148383
-0.0031954520698
-0.00484567283075
-0.00571634289447
-0.00723749041393
-0.00362099968088
-0.00497984271359
-0.00649951557287
-0.00309051324749
-0.00473962587385
-0.00560935943383
-0.00712962445303
-0.00351406186121
-0.00487679591317
-0.00639506145765
-0.00298478938936
-0.00463278796583
-0.00550158008113
-0.00702109131827
-0.00340637355474
-0.00477298089555
-0.00628983153026
-0.00287828296743
-0.00452516165003
-0.00539300744083
-0.00691176102791
-0.00329793707513
-0.00466839997381
-0.00618382819065
-0.00277099646154
-0.00441674947752
-0.00528364412506
-0.00680163624354
-0.00318875474252
-0.0045630554687
-0.00607705384642
-0.0026629323591
-0.0043075540069
-0.0051734927534
-0.00669071963409
-0.00307882888331
-0.00445694970847
-0.00596951091259
-0.00753057435414
-0.00419757780405
-0.00506255595261
-0.00657901387564
