0.00200369389266
0.00266443710459
0.00232495117955
0.00299210196949
0.0026168352721
0.00286351277296
0.00268967950627
0.00198801994985
0.00264870187118
0.00229941709266
0.00298244174256
0.00260586800735
0.00285251223002
0.00267866189609
0.00197313324404
0.00263375693744
0.00227467224008
0.00297357768271
0.00259569934328
0.00284231270516
0.00266844654375
0.00195903408362
0.0026196026154
0.00225071713944
0.00296550997743
0.00258632949637
0.00283291441682
0.00265903366874
0.00194572276085
0.00260623920074
0.00222755229229
0.00295823879742
0.00257775866617
0.00282431756637
0.00265042347335
0.00193319955176
0.00259366697277
0.00220517818403
0.00294069832246
0.00256998703526
0.00281652233807
0.00264261614269
0.00192146285354
0.00258188619435
0.00218359528387
0.00291906810226
0.00256301476925
0.00280952889902
0.00263561184466
0.00191051663503
0.00257089711192
0.00216280404478
0.00289823126169
0.00255684201675
0.00280333739922
0.00262941072994
0.00190035926088
0.00255544527734
0.00214280490345
0.00287818824032
0.00255146890936
0.00279794797145
0.00262401293195
0.00189099094209
0.00253630849985
0.00212359828023
0.00285893946125
0.00254689556166
0.00279336073134
0.00261941856684
0.0018824118733
0.0025179617831
0.00210518457908
0.00283521961937
0.00253377081507
0.00278957577733
0.00261562773352
0.00187462223284
0.00250040551046
0.00208756418757
0.00280970435841
0.00250818716016
0.00278659319064
0.00261264051359
0.00186762218268
0.00248364004898
0.00207073747678
0.00278498164938
0.00248339815197
0.00278441303529
0.00261045697136
0.00184641279869
0.0024676657494
0.00205470480132
0.0027610520138
0.00245940431621
0.00278303535808
-0.000801964418834
0.00181107312574
0.00245248294611
0.00203946649922
0.0027379159569
0.00243620616218
0.00278246018858
-0.000802540481905
0.00177651323526
0.00243809102578
0.00201870023476
0.00271557396757
0.00241380418269
0.00278268753914
-0.000802312778135
0.0017427338378
0.00241791281553
0.00199460176757
0.00269402651828
-0.000780392474602
0.00278371740488
-0.00080128131243
0.00575493895683
0.00239469339004
0.00197129528646
0.00267327406509
-0.000801200692739
0.00278554976369
-0.000799446107
0.00572272261614
0.00237226351504
0.0029317671138
0.00265331704752
-0.00082121135726
0.00278818457624
-0.000796807201363
0.00569128880856
0.00235062365951
0.00291004606024
0.00263415588857
-0.000840424041756
0.00278410513049
-0.000793364652337
0.00566063818337
0.00232977427625
0.00288911841549
0.00261579099467
0.00290093138628
0.00276566862608
-0.000789118534038
0.00253753985891
0.00300239303683
0.00349831436021
0.00409593275855
0.00129194336271
0.00177753718123
0.00223090294063
0.00254104650239
0.00300600029031
0.00350202379106
0.00409974529638
0.00131755779654
0.00180393885605
0.00225171679742
0.00254544154419
0.0030105214211
0.00350667297426
0.00410452369607
0.00134416234924
0.00183135866619
0.00227358396496
-0.00120694844703
0.00301595630334
0.00351226177294
0.00411026780903
0.00137175242336
0.00185979565714
0.00229650363088
-0.00120077697883
0.00302230478574
0.00351879002259
0.00411697745666
0.00140032897814
0.00188202692371
0.0023204749446
-0.00119371752924
-0.000802683210568
0.00352625753113
0.00412465243038
0.001429891079
0.00189470370577
0.00234549701748
-0.00118577028386
-0.000794508083232
-0.000317887724141
0.00413329249172
0.00146043776039
0.00190840383915
0.00237156892299
-0.00117693545158
-0.000785419961818
-0.000308542384444
0.000287448224748
0.00467249329155
0.00192312684483
0.00239868969692
-0.00116721326456
-0.000775419099003
-0.000298258527505
0.000298017626274
0.00470500611415
0.00193887220835
0.00242093769342
-0.00115660397815
-0.000764505772732
-0.00028703645552
0.000309551220722
0.000829763035655
0.00195563937993
0.00243822418903
-0.00114510787092
-0.000752680286182
-0.000274876498106
0.000322048650285
0.000847007940242
-0.00192127103159
0.00245656331079
-0.00113272524457
-0.000739942967719
-0.000261779012254
0.000335509527453
0.000865242493599
-0.00190246203416
0.00247595437926
-0.00111945642393
-0.00072629417085
-0.000247744382275
0.000349933435074
0.000884466098583
-0.00188263308913
-0.0015037818616
-0.00110530175689
-0.000711734274178
-0.000232773019747
0.000365319926422
0.000904678126181
-0.00186178488662
-0.00148228909125
0.00212504482413
-0.000696263681346
-0.000216865363452
0.000381668525259
0.000925877915612
-0.0018399181516
-0.00145974664198
0.00214097004822
-0.000679882820986
-0.000200021879313
0.000398977794594
0.000948064774436
-0.00181703364368
-0.00143615534576
0.00215777993708
-0.000662592146654
-0.000182243060323
0.000417249062044
0.000971237978667
0.00122227613538
-0.00141151793497
0.00216498228252
-0.000644392136771
-0.000163529426481
0.000436480831985
0.000995396772887
0.00124719377217
-0.00138583159166
0.00216649145808
-0.000625283294557
-0.000143881524707
0.000456672510928
0.00102054037037
0.00127312669624
-0.00135909912326
0.0021688876788
-0.000605266147962
-0.000123299928768
0.000477823476287
0.00104666795321
0.00130007401063
-0.00133132151183
0.00217217088182
-0.000584341249589
-0.000101785239194
0.000499933076475
0.00107377867246
0.0013280347844
-0.00130249977652
-0.00198306862415
-0.00103110112758
0.000846893499899
-0.00309819600796
-0.00210676311088
-0.00114073120684
0.000535856410985
-0.00347795450925
-0.0024209188567
-0.00124496439197
6.96263990476e-05
-0.0037371418599
-0.00258962339898
-0.00130559162506
-9.54567539281e-05
-0.00433136829347
-0.00330894210431
-0.0021552629246
-0.00103266724945
-0.00511042140744
-0.00380406389642
-0.00155801215513
-0.00071310977966
0.000229791523457
-0.00275478606293
-0.00177063056395
-0.000798718866357
0.000168655587667
-0.00379977485746
-0.0020667350474
-0.000885133854104
0.000378814983675
-0.00360331429245
-0.00229243870375
-0.00101514367367
-6.94451080889e-05
-0.00402789505152
-0.00316719711153
-0.00206218160612
-0.000964117993847
-0.00473470149496
-0.00345140918391
-0.00109435779065
-0.000346482164575
0.000588761915841
-0.00327885141033
-0.0014562075456
-0.000508658904
0.000507210187532
-0.00346488445947
-0.00235321870546
-0.000484790195424
0.000728231585909
-0.00326027800899
-0.0021260774316
-0.000916340408467
-2.00928283276e-05
-0.00397941504323
-0.00281284033108
-0.00195549750614
-0.000859324321642
-0.0046319340148
-0.00337236308416
-0.00161769252219
6.75828790096e-05
0.000994325658782
-0.00284422796963
-0.00205885723585
-0.00111740362488
0.000888974802819
-0.00309038926102
-0.0019806531872
-0.000732775277604
0.00111709477924
-0.00287842089122
-0.00175194365291
-0.000996292731755
6.82091486924e-05
-0.00389267012591
-0.00272563502566
-0.00163677680878
-0.00054313425207
-0.00449379235997
-0.00325855315739
-0.0011498091044
-0.000416679230386
0.00050079286748
-0.00246408877758
-0.00170274147601
-0.000768172156414
0.000262370383807
-0.00273635970247
-0.00157351086954
-0.000325953706672
0.000908210945312
-0.00245854616118
-0.00161396334253
-0.000867222954877
2.56355416618e-05
-0.00376782941148
-0.00260322055541
-0.00145694838862
-0.000366463326021
-0.00414896802832
-0.00311016283224
-0.000636628073946
8.8249428718e-05
0.000977583494238
-0.00303258712321
-0.00130252174438
-0.000375571264304
0.000511525668514
-0.0033855709744
-0.00132478614032
-1.43609019987e-05
0.00125364242022
-0.00269254315415
-0.00144355782193
-0.000699044894072
0.000191225906733
-0.00376129032482
-0.00259982844399
-0.00124099695263
-0.000154279843786
-0.00394082654236
-0.00275588996527
-0.0012087626055
0.000595805746124
0.00130578719001
-0.00271053948865
-0.00179708089095
-4.25498136034e-05
0.000804223477618
-0.00309866283447
-0.00193764995373
0.000170674993999
0.00138637786186
-0.00262262626463
-0.00182755064771
-0.00108576030858
0.000395003740696
-0.00356105314262
-0.00240344136407
-0.00114545781689
9.30559139409e-05
-0.00369816888135
-0.002539102468
-0.000672774177154
-0.000153928866796
0.00167942186201
-0.00234381163303
-0.00131199721276
-0.00063914905721
0.00113970872318
-0.0027697336309
-0.00161595846006
-0.000540081506286
0.00149832350896
-0.00251253648069
-0.00157906105404
-0.00084047195211
4.29125747626e-05
-0.00332365278312
-0.00217057304138
-0.000957356991156
0.000218974312951
-0.00342138627118
-0.00228859982681
-0.000246757212562
0.000270344458708
0.00096833984383
-0.0019334177222
-0.000922031084529
-0.000255390484102
0.000579342394715
-0.00239958113384
-0.0013861558174
-0.00031643380669
0.000757480948531
-0.00323147868999
-0.00129719917596
-0.000557325102676
0.00032180141325
-0.00360062925657
-0.00190164192563
-0.000799366643145
0.000386108905771
-0.00332584897465
-0.00219952618198
0.00021282005979
0.000738340609733
-0.00340722090782
-0.00254151105924
-0.000490995541401
0.000169963076581
0.000997789228679
-0.00296750637101
-0.0011166897555
-5.22741357245e-05
0.000950285614508
-0.00304183699088
-0.00198005089198
-0.000236872015331
0.000637483897019
-0.00329029109052
-0.00221406727973
-0.000605594563839
0.000576256921318
-0.00322949478913
-0.00224926443825
-0.000829608644034
0.00124877740392
-0.00290404911779
-0.0020471533387
-0.00108002849258
0.000635872601537
0.0014562619648
-0.00265199670816
-0.00174346878947
-0.000685095583855
0.00118293273987
-0.00281297681749
-0.00176264470054
-0.000748696334224
0.00098937348851
-0.00294429351107
-0.00198089762951
-0.000927471024423
0.000801218749886
-0.00309849532646
-0.00212022027832
-0.000285219594633
0.000255222625374
-0.00236019506137
-0.00151262804326
-0.000568160530814
8.01825414704e-05
-0.00304161004441
-0.00229591022595
-0.00139338188121
-0.000341748526782
0.000518017941344
-0.00254537362927
-0.00152707144539
-0.000457876290075
0.000507860906615
-0.00263078578321
-0.00171210098848
-0.000663190646179
0.000509529422832
-0.00293306051247
-0.00195724371486
0.00029889599182
0.000846469478883
-0.00318120878623
-0.000939210016528
-1.76358749554e-05
0.000623855172132
-0.00365260627061
-0.00291251132862
-0.00100410810534
4.01301129922e-05
0.000828782024707
-0.00317647988382
-0.00125367183044
-0.00018942275554
0.000930199722929
-0.00316364566452
-0.00140814110305
-0.000364291784094
0.000802965330301
-0.00324479197481
-0.00227192493513
0.000886282995388
0.00147600901769
-0.00256003028613
-0.00173242228394
-0.000833896132766
0.00107739772321
-0.0032118076537
-0.00247777123081
-0.00158893639354
0.000424127997566
-0.00373375417806
-0.00283309166741
-0.00187988485824
0.000115705456064
0.00130456524342
-0.00281999430217
-0.0019109258812
-3.12646266586e-05
0.00108927641889
-0.00301132525809
-0.00204188595833
-0.000429893718687
0.00213571883975
-0.00190226237383
-0.0010851659373
-0.000244879396219
0.000157529327223
-0.00273263828018
-0.00200507649753
-0.00112385224268
-0.0001968098664
-0.00334742645517
-0.00245278646589
-0.001532488295
-0.000479960351621
0.00163914799758
-0.00244181290447
-0.00153823074745
-0.000506037634806
0.00051833064103
-0.00274436103261
-0.00177881201209
0.00023277622484
0.000848359228216
-0.00302559732598
-0.000402997395991
0.000281069279865
0.000679525654588
-0.00350546099415
-0.00149540874564
-0.000627820981027
0.000231789110646
-0.00390312056624
-0.00205876697808
-0.00114903687559
-0.000103221518393
-0.00391896294048
-0.00296625189584
-0.00113205313734
-0.000139228767446
0.00082226500634
-0.00325566370327
-0.0014830932766
0.000930934443814
0.00153819758129
-0.00229884244002
-0.00158982280463
0.000793909375445
0.0012380832667
-0.00295264677616
-0.00223913276658
-0.000119240618805
0.000696636306202
-0.00344425086429
-0.0026121504388
-0.00073022773357
0.000308352392181
-0.00364561126395
-0.0026698354231
-0.00172970007219
8.14763997447e-05
0.00108239886133
-0.00292296917187
-0.00197373831901
-0.000496053036814
0.00226191881112
-0.00154669026923
-0.00107233923022
-0.000510321712696
0.00183208216314
-0.00236462894273
-0.00166733834496
-0.000864903648058
0.00119685248243
-0.00295036065609
-0.00215178835124
-0.00125549714307
-0.000242980250285
-0.00333705036257
-0.00236802776153
-0.00147137539728
-0.000600222517727
-0.00358148725847
-0.00255812396181
-0.00163153092773
7.60081277326e-05
0.000903788348931
-0.000912711972364
-0.000518247755477
3.80793495952e-05
0.000644085788278
-0.00174251895946
-0.0010813539602
-0.000287120854107
0.000442180895838
-0.00242233268237
-0.00165719025309
-0.000768233795096
0.000104960986411
-0.0039503326053
-0.00206925164424
-0.00117890523881
-0.000311682647923
-0.00423431865503
-0.00226572587765
-0.00125788386419
0.000684419781246
0.00151815230734
-0.00238708741289
7.13398349612e-05
0.000621736557445
0.00130552962637
-0.00277978472303
-0.0004619999192
0.000323743623134
0.00101036530239
-0.00306995311175
-0.0023274586111
-0.000247944379968
0.000487421650952
-0.00357297349039
-0.00269291503144
-0.000852755650158
1.01253988643e-05
-0.00393972431801
-0.00290880973633
-0.000853313408832
0.00132794308967
0.0021518102883
-0.00175871023761
-0.00137295128071
0.0012395460544
0.00193772877552
-0.00212087038849
-0.0014909083171
0.000966654909456
0.00161109774461
-0.00250249724621
-0.00176695105245
-0.000982233503424
0.000903764027029
-0.00316211458127
-0.00232649228226
-0.0014499661612
0.000364711281352
-0.00361256064852
-0.00258664547802
-0.00149755099326
0.00169094180624
0.00500789216744
0.00172047074938
0.00516985804528
0.00182381165288
0.00536850843277
0.00204015545076
0.0016448623236
0.00496133764843
0.00167348920309
0.00513041531821
0.00178406975425
0.00532851650778
0.00201929936911
0.0015995109299
0.0049155183646
0.00162724930655
0.00509172583408
0.00174508661438
0.00256698177082
0.00199613224137
0.00155488844617
0.00487043516226
0.00158175192921
0.00505379033771
0.00170686299497
0.00252851735195
0.00195747721161
0.00151099568148
0.00482608887539
0.00153699792787
0.00501660956036
0.0016693996439
0.00249081783609
0.00191959075148
0.0014678334328
0.00478248032557
0.00149298814664
0.00251431761586
0.00163269729511
0.00245388397098
0.00188247361979
0.00142540248501
0.00473961032189
0.00144972341682
0.00247070671063
0.00159675666855
0.00241771649016
0.00184612656091
0.00138370361076
0.00469747966092
0.00140720455686
0.00242784739323
0.0015615784701
0.00238231611282
0.00181055030472
0.00589170818033
0.00245490635883
0.00136543237225
0.00238574048841
0.00152716339154
0.00234768354381
0.0017757455665
0.00585147572197
0.00241425672236
0.00132440765549
0.00234438680759
0.00149351211042
0.00231381947349
0.00174171304687
0.00581197758123
0.00237434874224
0.00570553854283
0.00230378714882
0.00146062529004
0.00228072457771
0.00170845343175
0.00577321448129
0.00233518316413
0.00566601108679
0.0022639422967
0.00142850357939
0.00224839951775
0.00167596739223
0.00573518713278
0.00229676072075
0.00562723339724
0.0022248530223
0.00567064604389
0.00221684494022
0.00164425558457
0.00569789623376
0.00225908213191
0.00558920621387
0.00218652008309
0.00564005644199
0.00218606147704
0.0016133186501
0.00566134246959
0.00222214810434
0.00555193026301
0.00214894422287
0.00561023381016
0.00215604974533
0.00569602112834
0.00562552651294
0.0021859593317
0.00551540625757
0.00211212617169
0.00557106334009
0.00212681034739
0.00566663580422
0.0055904490237
0.00215051649448
0.00547963489692
0.00207606664578
0.00552822917431
0.00209834387061
0.00563802718709
0.00555611064888
0.00211582025996
0.00544461686689
0.00204076634752
0.00548615504864
0.00207065088744
0.00561019585797
0.00552251202264
0.00208187128211
0.00541035283964
0.00200622596532
0.00544484179039
0.0020437319553
0.00558314238262
0.00548965376613
0.00204867020157
0.00537684347367
0.0019667238684
0.00540429021308
0.00200303967387
0.00555686731154
0.00545753648752
0.00201621764559
0.0053440894137
0.00192721974636
0.00536450111634
0.00196301607642
0.00553137117988
0.00287785317922
0.00359882996265
0.0043346312477
0.00511851903103
0.00188788943121
0.00256936142958
0.00323825711706
0.00286074731683
0.00358115953392
0.00431246650013
0.00509559314079
0.00188327981313
0.00256458016198
0.00323329661216
0.00283257744481
0.00356348285665
0.0042912224821
0.00507361925545
0.00187966124588
0.00256082683633
0.00322940256958
0.00280421128052
0.00354383001928
0.00427089979736
0.00505259804287
0.00187703384797
0.00255810158485
0.00322657513698
0.00277670453109
0.00352506895511
0.00425149902394
0.00503253014259
0.00187539770543
0.00255640450357
0.00322481442161
0.00275005788001
0.0035052810241
0.00423302071412
0.00501341616565
0.00187350496112
0.00255573565231
0.00322412049025
0.00272427199009
0.00347865056228
0.00421546539432
0.00499525669452
0.00185471729859
0.00255609505463
0.00322449336923
0.00269934750339
0.00345290929842
0.00419883356504
0.00497805228307
0.00183691749821
0.00255748269787
0.0032259330444
-0.000263637453536
0.00342805791651
0.00418312570079
0.00496180345638
0.00182010614138
0.00255989853313
0.00321847501713
-0.0002868372911
0.00340409707757
0.00416834225002
0.00494651071075
0.00574534475282
0.00256334247527
0.00320748925072
-0.000309173924653
0.000431257810844
0.00415448363503
0.00493217451359
0.0057305118997
0.00256781440295
0.00319756920991
-0.00033064679596
0.000409079948483
0.00114654723716
0.00491879530334
0.00571666904276
0.00257331415864
0.0031887152708
-0.000351255367919
0.000387794473363
0.00113453945591
0.00490637348943
0.00570381663541
0.00257984154864
0.00318092776922
-0.00037099912463
0.000367401953727
0.00111457918094
0.00180534739373
0.00569195509887
0.00258739634313
0.00317420700068
-0.000389877571455
0.000347902934435
0.0010834564312
0.00179484148434
0.00246026774792
0.00259597827618
0.00316855322028
-0.000407890235082
0.000329297936886
0.00105325179536
0.00177500273979
0.00245038908754
-0.000615230028341
0.0031639666427
0.0036092031352
0.000310908523329
0.00102396613162
0.00174471872586
0.0024415023678
-0.00060459476002
0.00316044744213
0.00359292337231
0.00028347187002
0.00099560027304
0.00171538526832
0.00242181437554
-0.000610158469066
-0.000208992400008
0.00357751068402
0.000256926165135
0.000968155027508
0.00168700326
0.00239246001785
0.00306833423123
-0.000210376486048
0.00356296545777
0.000231272117166
0.000941631177582
0.00165957356586
0.00236409001092
0.00304717979458
-0.000210692915664
0.00354928805943
0.000206510411522
0.00091602948039
0.00163309702282
0.00233670528018
0.00301586657322
-0.000209941676832
-0.00398893597173
-0.00313146800405
-0.00228196935172
-0.00418786034287
-0.00349954443893
-0.00279593556512
-0.00206398528621
-0.00415730008431
-0.00329401313771
-0.00244840405494
-0.00435264644528
-0.00367009230838
-0.00296134339428
-0.00223527714561
-0.00433427819314
-0.00345556620887
-0.00261527316322
-0.00451638755529
-0.00383959159128
-0.00312563515036
-0.00240544942628
-0.00451036920057
-0.00361611969634
-0.00278113775076
-0.00467907511426
-0.00400803308225
-0.00328880100391
-0.00257449154601
-0.00468556600308
-0.00377566604996
-0.00294598971777
-0.00484070052586
-0.0041754075263
-0.00345083107828
-0.00274239286043
-0.00485986145777
-0.00393419769141
-0.00310982092738
-0.00500125515698
-0.00434170561982
-0.00361171545093
-0.00290914266427
-0.00503324838281
-0.00409170701509
-0.00327262320654
-0.00516073033885
-0.00450691754596
-0.00377144415477
-0.00307473019272
-0.00520571955787
-0.00425785163212
-0.00343438834682
-0.00259359673123
-0.0046710348383
-0.00393000717964
-0.0032391446228
-0.00537726772469
-0.00442306242952
-0.00359597225967
-0.00275088687105
-0.00483404758807
-0.00408739447375
-0.00340237507484
-0.00554788558754
-0.0045872772086
-0.0037657426829
-0.00290707135228
-0.00499594630791
-0.00424359594522
-0.00356441061405
-0.00571756581379
-0.00476071024069
-0.00393450558999
-0.0030621413747
-0.00515672146748
-0.0043986014637
-0.00372524025208
-0.0058863010345
-0.00493525774686
-0.00410225255718
-0.00322411225574
-0.00531636349468
-0.00455240086203
-0.00388485294875
-0.00605408384499
-0.00510885172319
-0.00426897511814
-0.0033981581896
-0.00547486277698
-0.00470498393792
-0.00404323761377
-0.00622090680546
-0.00528148419405
-0.00443466476476
-0.00357118101482
-0.00563220966281
-0.00485634092142
-0.00420038310856
-0.00638676244166
-0.00545314713955
-0.00459931294804
-0.00374317160471
-0.00578839446297
-0.0050064606141
-0.00435627824817
-0.00655164324555
-0.00562383249613
-0.00476310556171
-0.00391412077913
-0.0059434074521
-0.00515533318489
-0.00451091180325
-0.00671554167602
-0.00579353215728
-0.00492766605832
-0.00408401930533
-0.00341791416133
-0.00530294830946
-0.00466427250209
-0.00687845015958
-0.00596223797418
-0.00509117023114
-0.00425285789885
-0.00357055421539
-0.00544929563782
-0.00481634903276
-0.00704036109117
-0.00612994175648
-0.00525360935773
-0.00442733712523
-0.00372199308094
-0.00559650494132
-0.00496713004529
-0.0072012668349
-0.00629663527303
-0.0054149746771
-0.00460510090194
-0.00387222090381
-0.00575199615018
-0.00511660415397
-0.0073611597249
-0.00646231025267
-0.00557525739077
-0.00478184372035
-0.00402122780184
-0.00590625345516
-0.00526476133671
-0.00642297232727
-0.00610354821586
-0.00698405787956
-0.00678041689416
-0.00343140645975
-0.00715250990213
-0.00383739679742
-0.00658645953411
-0.00626942331207
-0.00715187181441
-0.00694966796977
-0.00359987981247
-0.00732201120739
-0.0040076571235
-0.00674912678404
-0.00362162365638
-0.00331471797887
-0.00711809572295
-0.00376920153885
-0.00749068234572
-0.00418096859889
-0.00691096888067
-0.0037858500532
-0.00348088095937
-0.00728569455861
-0.00393769400052
-0.00765851761238
-0.00435381604645
-0.00707198061029
-0.00394924403835
-0.00364621019759
-0.00745245885877
-0.00410535151685
-0.00782551127888
-0.00452584127259
-0.0072321567423
-0.00411180021151
-0.00381070015528
-0.00761838298291
-0.00427216838373
-0.00434677582341
-0.00469703846082
-0.00739149202951
-0.0042735131536
-0.00397434527349
-0.00778346126838
-0.00443813887396
-0.00451206901122
-0.00486740176806
-0.00754998120865
-0.00443437742717
-0.00413713997302
-0.00794768803077
-0.00460325723768
-0.004676503275
-0.005036925325
-0.0077076190007
-0.00459438757683
-0.00429907865481
-0.00811105756434
-0.00476751770273
-0.00484007279535
-0.00520560323645
-0.00786440011135
-0.00475353812969
-0.00446015570036
-0.00511269443977
-0.0049309144751
-0.00500277173118
-0.00537342958173
-0.00802031923144
-0.00491182359574
-0.0046203654722
-0.00527433231534
-0.00509344173937
-0.0051645942202
-0.00554039841507
-0.00817537103741
-0.00506923846839
-0.0047797023143
-0.00543509572123
-0.00525509365917
-0.00532553344805
-0.0057065028347
-0.00832955019174
-0.00522577722487
-0.0049381605526
-0.00559497887078
-0.00541586437762
-0.00548558537408
-0.0058717387086
-0.00848285134343
-0.00538143432671
-0.00509573449541
-0.00575397595825
-0.00557574801783
-0.00564474314391
-0.00603609908694
-0.00438981747699
-0.00553620422027
-0.00525241843399
-0.00591208115936
-0.00573473868341
-0.00580300081524
-0.00619957792789
-0.00454134651896
-0.00569008133723
-0.00540820664298
-0.00606928863174
-0.00589283045895
-0.00253786583122
-0.00636216916675
-0.00469198142938
-0.00584306009508
-0.00556309338098
-0.00622559251552
-0.00605001741058
-0.00269430540429
-0.00652386671645
-0.0048417168083
-0.00599513489767
-0.00571707289108
-0.00249715200556
-0.00620629358649
-0.00284982694184
-0.00668466446805
-0.00499054724487
-0.00614630013577
-0.00587013940137
-0.00265163106509
-0.00636165301751
-0.00300442443001
-0.00684455629125
-0.00253950550259
-0.00629655018761
-0.00602228712555
-0.00280518885669
-0.00651608971766
-0.00315809183855
-0.00700353603496
-0.00268650978086
-0.00644587941944
-0.00617351026349
-0.00295781945591
-0.00666959768474
-0.00331082312134
-0.00716159752786
