0.00302472747528
0.00410932039633
0.00129903115796
0.00196796909092
0.00245989466575
0.00292589812728
-6.71328874596e-06
0.00294328603975
0.00402801593513
0.00116247752607
0.00188410876603
0.00237639391903
0.00284286965196
-8.91625777235e-05
0.00286258109045
0.00394744691541
0.00108216049643
0.00180097526557
0.00229361739838
0.00276056197984
-0.00017089527692
0.00278261420374
0.00386761490601
0.00100257852382
0.00166294041866
0.00221156667365
0.00267897665569
-0.000251909871987
0.00270338694603
0.00378852146582
0.000923733153263
0.00158126532513
0.00213024330545
0.0025981152151
-0.000337490961745
0.0026249008736
0.00371016814365
0.000845625919754
0.00150032179526
0.00204964884493
0.00251797918432
-0.000428157106149
0.0025471575325
0.00363255647809
0.000768258348131
0.00142011138974
0.00191415507369
0.00243857008016
-0.000518116799339
0.00247015845838
0.00355568799737
0.000691631952934
0.00134063565949
0.00183502304374
0.00234938824365
-0.000607368393067
0.00239390517635
0.00347956421922
0.000615748238271
0.00126189614556
0.00175662451715
0.00226023987087
-0.000695910246992
0.00231839920087
0.00340418665076
0.000540608697687
0.00118389437897
0.00167444330343
0.00211845600123
-0.000783740728805
0.00224364203562
0.00332955678834
0.000466214814027
0.00110663188058
0.00158624374559
0.00203073991776
-0.000870858214362
0.00615231136643
0.0032556761174
0.000392568059307
0.00103011016097
0.00149876603088
0.00194374245407
-0.000995418305022
0.00607905628871
0.00318254611236
0.000319669894575
0.00094454743307
0.00141201182369
0.00185746524894
-0.00108110495896
0.00600655446605
0.00311016823646
0.00396128881403
0.000858163328951
0.00132598277969
0.00177190993251
-0.00116607379451
0.00569999672209
0.00303854394164
0.00388989216791
0.000772508500484
0.00124068054569
0.00168707812614
-0.00125032322153
0.00562900577537
0.00296767466842
0.00381924842781
0.000687584604692
0.00464883184129
0.00160297144227
-0.00133385165865
0.00555877242644
0.00266936453189
0.00374935900962
0.000603393289415
0.0045649881317
0.00151959148431
0.00190192605928
0.0054892980996
0.00260000957697
0.00367368977848
0.000519936193174
0.00448187611811
0.00143693984647
0.00181984431003
0.00542058420722
0.00253141389522
0.00359074484379
0.000437214945025
0.00439949741058
0.00135501811364
0.00173848824044
0.00535263214971
0.00246357888008
0.00327931168909
0.00035523116442
0.0043178536096
0.00127382786126
0.00165785939527
0.00528544331531
0.00239650591288
0.00319784664971
0.000273986461067
0.00423694630601
0.00119337065517
0.00157795930976
-0.000877572389415
0.000246437972374
0.0014054715507
0.00264683497126
0.000674640695187
0.00186183197096
-0.00109486475556
-0.000953212771252
0.000169403979523
0.00131041146185
0.00255000694977
0.00367431967394
0.00177619674457
-0.00118202201815
-0.00102808328635
0.000151860637122
0.00121611936173
0.00245395796179
0.0035910992552
0.00169139111718
-0.00126833758428
-0.00110218235404
5.12369821629e-05
0.00112259731288
0.00235869017829
0.00350869759531
0.0016074172087
-0.00135380922576
-0.00117550840569
-4.86420001448e-05
0.00102984736828
0.0022642057606
0.00342711669066
0.00152427712537
-0.00143843472843
-0.00124805988484
-0.000147774227632
0.00093787157119
0.00217050686013
0.00334635852419
0.00144197295952
-0.00152221189239
-0.00133442119142
-0.000246157626015
0.000846671954931
0.00207759561821
0.00326642506512
0.00136050678936
-0.00160513853232
-0.00143017295814
-0.000343790129075
0.000756250542705
0.00198547416586
0.00318731826875
0.00127988347267
-0.00168721247764
0.00166412186651
-0.000440669678843
0.000725733429726
0.00189414462356
0.00310904007625
0.00120009947076
-0.00176843157285
0.00156985553723
-0.00053679422578
0.000636874453717
0.00180360910108
0.00303159241447
0.00112115961197
-0.00184879367772
0.0014763348308
-0.000632161728962
0.000548799688675
0.00171386969725
0.00295497719566
0.00397681211941
-0.00192829666756
0.00138356167185
-0.000726770156262
0.000461511115371
0.00162492849975
0.00287919631732
0.00389956658954
-0.00200693843351
0.00129153797614
-0.000820617484537
0.000367032163366
0.0015367875849
0.00280425166196
0.0038231712146
-0.00208471688271
0.00120026565044
-0.000913701699807
0.000272187296003
0.00144944901744
0.0027301450969
0.00374762796732
-0.00216162900733
0.00125160750956
-0.00100602079745
0.000178118885603
0.00138065095745
0.00264530714379
0.00367293880442
-0.00223767461001
0.0011618436073
-0.00109757278236
8.48290343845e-05
0.00129492323166
0.00255804308614
0.00359910566637
-0.00231285071626
0.00107283673963
-0.00118835566919
-7.68016533263e-06
0.00121000397595
0.0024715993781
0.00352613047722
-0.00238715529994
0.000984588775583
0.00188436672803
-9.94066313255e-05
0.00112589520667
0.00238597813986
0.00345401514429
-0.00246058635221
0.000897101574351
0.00179512795367
-0.000190348291672
0.00104259892752
0.00230118147864
0.00338276155803
-0.0025331418818
0.000810376985095
0.00170666417332
-0.000280503084951
0.000960117129377
0.00221721148846
0.00331237159171
0.00429991252075
0.000724416846776
0.00173821642347
-0.000369868960448
0.000878451790059
0.00213406745595
0.00324284710124
0.00422911393899
-0.000219556477033
-0.00070708019923
-0.000296228169163
-0.000909420768719
-0.00143315248078
-0.0018659630792
-0.00128333714519
-0.00179356444075
-0.00221148819224
-0.00253588256404
-0.00185622578433
-0.00241381073291
-0.00287804484183
-0.00324752837613
-0.00259167549864
-0.00307374885562
-0.00350407910755
-0.00383774016577
0.000572495788444
0.000980333560919
0.000570565528336
-7.07064713159e-05
-0.000557491666964
-0.0012438798288
-0.000918378852053
-0.00144215921381
-0.00187501227932
-0.00221569814252
-0.0017824869275
-0.00220036181423
-0.00252471795868
-0.00285468826998
-0.0024757324639
-0.00294027545375
-0.00331000703734
-0.00363823213425
-0.00410791531439
0.00130963100611
0.000975612170463
0.000684309168164
0.000177771683533
0.000683519025607
0.000100668015185
-0.000528783946521
-0.0012297237158
-0.00184288215999
-0.00142783621977
-0.00186062471748
-0.00220125935023
-0.00268467788376
-0.00216549385797
-0.00248973026359
-0.0028923569093
-0.00345053175896
-0.00391526397399
-0.00334824166512
-0.00372363104725
0.000730657634709
0.000299523564844
0.000902141134742
0.000665772674553
0.000314945943174
-9.36873235026e-05
-0.000721963650789
-0.000491845179295
-0.00119251973279
-0.00180544303278
-0.0023289446914
-0.00182281278671
-0.00216331285431
-0.00262635144646
-0.00304381636388
-0.00243094593629
-0.00290610978254
-0.00346436768999
-0.00392916903484
-0.00429910716455
0.00112672412689
0.000682260035164
0.000250897536895
-8.35684212802e-05
0.000616840956028
0.000476740099038
6.8840532873e-05
-0.000662373700007
-0.00144846328972
-0.00113229421329
-0.00174483724694
-0.00226801029651
-0.00270035400396
-0.0021018865956
-0.002544456806
-0.00296155967382
-0.00328531426323
-0.00383284318222
-0.0034541354292
-0.00391888564761
0.000622647461147
0.000153111793139
0.000658362638487
0.000226887259084
-0.000107665097987
-0.000344226238546
0.000454878116362
0.00012734978092
-0.000580415169721
-0.00136585047147
-0.00206550442518
-0.00166110815593
-0.0021838279001
-0.00261579328331
-0.00295577558194
-0.00243905463191
-0.00285569483828
-0.00317908750433
-0.00379875409282
0.000554680518872
0.00102700834891
0.000656987384603
0.000140804816848
-0.000280145452642
0.000227512147297
-0.0001070379121
-0.000343597417763
-0.000589446817202
-3.75752556358e-05
-0.000475876476093
-0.00126047881408
-0.00195937952372
-0.00257073113205
-0.00207645912305
-0.00250794200642
-0.00284754223434
-0.00324897164348
-0.00366504867026
-0.00309141405761
0.00117065489822
0.000613006913117
0.000148717098653
0.000669025089017
0.000152907116886
-0.000267987635286
-0.000684136020134
-8.16855121416e-05
-0.000318178950251
-0.000729067623439
-0.00111469843626
-0.00155829272428
-0.00113242120754
-0.00183040869188
-0.00244095073204
-0.00296239392689
-0.0023768783114
-0.00271601539331
-0.00309680456166
-0.00351221726965
0.000956553353531
0.00125248304941
0.000695320386891
0.000231442502681
-0.000231584740611
0.000189409083414
-0.00023131831083
-0.00063426223601
-0.000968537196487
-0.000360246132978
-0.000843970374551
-0.00123009426403
-0.00140882217133
-0.00219122974058
-0.001678681984
-0.00228827436337
-0.00280889702993
-0.00323911140836
-0.00357770526873
-0.00292141341039
0.00156938618413
0.00106144450968
0.000413365789279
0.000801561489689
0.000338211791085
-0.000171050488948
-0.000686626884881
-0.000170166832982
-0.000559814478372
-0.000893816377053
-0.00138676327282
-0.00187096828238
-0.00132057194014
-0.00123702948249
-0.00201807970367
-0.0027137686632
-0.00332227326515
-0.00263249219822
-0.00306192234549
-0.00339989407216
0.00113207862152
0.00176873442289
0.00118988246054
0.000542684983706
-1.30827465969e-05
0.000468942539982
-8.63281886152e-05
-0.000601431676472
-0.00102148883399
-0.000460851752678
-0.000870862936088
-0.00145161791838
-0.00193617148098
-0.00232296471632
-0.00104302969982
-0.00182255278606
-0.00251686114436
-0.00312414209544
-0.0036427678224
0.00200956673483
0.0016722947339
0.00135352079029
0.00094068585586
0.00134177102958
0.000695612598136
0.000140748528528
-0.000321195554607
2.25160483284e-05
-0.000491981161414
-0.000911538891074
-0.00127436487169
-0.00184756394813
-0.00149166458921
-0.00197643362893
-0.00236340053955
-0.00226634249234
-0.00304417169025
-0.00229755813236
-0.00290348205693
0.00138924127501
0.000961671300667
0.00182986128102
0.00151300490195
0.00118597290531
0.000466552991851
0.000872034361851
0.000318209127222
-0.000182324794566
-0.000789334117468
-0.00130309216358
-0.000777310965205
-0.00118713573745
-0.00186267274753
-0.00244377993996
-0.00199172126821
-0.00237875416472
-0.00202832892122
-0.00280430080496
-0.00349539917924
0.00214973205352
0.00161978475316
0.00112165989986
0.000713851171374
0.00166820787789
0.00139774815531
0.00066499055401
2.13741116606e-05
0.000519165833872
-4.60879118694e-05
-0.000632517898448
-0.00114540747006
-0.00156364174494
-0.00117762017374
-0.00185308663431
-0.00243413229655
-0.0029189312578
-0.00238220289933
-0.001768535208
-0.00254248995577
0.00150755087812
0.000871532320632
0.00179576128611
0.00129853519678
0.0008914691324
0.000575700416571
0.00161757137739
0.000886494307964
0.000244375272787
-0.000433188283394
-0.00106767228137
-0.000559569870205
-0.00100815694926
-0.00138119371575
-0.00208832988073
-0.00181881246858
-0.00239963918012
-0.00288425251154
-0.00334689167615
0.0015133013346
0.0024804051004
0.00174083491932
0.0010689243819
0.000484079666737
0.00149811514822
0.00109188383209
0.000776767465857
0.000553655065068
0.00113090474628
0.000343646952991
-0.00038073811981
-0.00101486789292
-0.00155690413567
-0.000954789665221
-0.00130805773075
-0.00202983042767
-0.00270461076871
-0.00234032895941
-0.00288491375865
-0.00334957047887
0.00181459621536
0.000975770256843
0.00195907507974
0.00128864525259
0.000705105812596
0.00021000965985
0.00131495476253
0.00100056132438
0.000777963614046
-3.94837134563e-05
-0.000851444781847
-0.000304544436045
-0.000938160337633
-0.00147975181339
-0.00192771173307
-0.00123023812696
-0.00194689935224
-0.00262106670763
-0.00324585827231
-0.00286260462453
-0.00332714570454
0.00205110189251
0.0012142460858
0.000460468402025
0.00153054667441
0.000948437533969
0.000454568212745
5.02755726045e-05
-0.000263325847894
0.000955799304465
5.88032494132e-05
-0.000752321998164
-0.00147537034134
-0.00083760805504
-0.00137861761443
-0.00182609110971
-0.00217867523786
-0.00183960267168
-0.00254259832563
-0.00319888610491
-0.00376007073662
-0.00327963432043
0.00230916419394
0.00147444753628
0.000722627185529
5.55815187046e-05
0.00121391028701
0.000721372494398
0.000318179843938
5.4379204775e-06
-0.000434045862863
0.000180329607806
-0.000629764580065
-0.0013518789693
-0.00198399319668
-0.00125357918458
-0.00170045274542
-0.00205256009089
-0.00277304411815
-0.00247137828229
-0.00312715121175
-0.00368788966272
0.000748066414728
0.000636921404677
0.00175620709328
0.00100649476983
0.000341345977622
-0.000237539021386
-0.00072864321605
0.000608233770235
0.000296416169168
-0.000290697848908
-0.00118524369701
-0.000483862514521
-0.00120486820393
-0.00183599800237
-0.00237543789355
-0.00155089355077
-0.00190243501841
-0.00267807289657
-0.00342607543845
-0.004081157481
0.00130902609036
0.000845605101963
0.000917886979286
0.000107647085107
0.00131188774046
0.000648767611513
7.1670205254e-05
-0.000417901108661
-0.000818643412682
0.00060941358814
-0.000124509032873
-0.00101751792465
-0.00182497364305
-0.00103444700384
-0.00166443945327
-0.00220289513764
-0.00264823404323
-0.00173635872479
-0.00255884661173
-0.00330587616001
0.000897240427548
0.000337850477405
0.000968046790911
0.00121130530683
0.000426864678351
-0.000313087139668
-0.000974050613723
0.000402450344651
-8.54917368157e-05
-0.000484888446685
-0.000794664737236
6.44041573454e-05
-0.000826864048307
-0.00163271802433
-0.00235099215153
-0.00146944552427
-0.00200678692056
-0.00245119457767
-0.00289848094524
-0.00368616483862
0.00169601163472
0.0010428323852
0.000484341462001
2.22991270222e-05
0.000585961768684
0.00176709982848
0.00198937196873
0.00332994991879
0.000675144637843
0.00173633598717
0.00252329463436
0.000474988492107
0.0016561932619
0.00187865475219
0.00321954281619
0.000565165377027
0.00162689818149
0.00241450681152
0.00440969979313
0.00154588504466
0.00176853518344
0.00310973220882
0.000455781014151
0.00151805324035
0.00230630939472
0.00429992523737
0.00143617670288
0.00165901478157
0.00300051960435
0.000346993041177
0.00140980263596
0.00219870383266
0.00419075233173
0.0013270697595
0.00557203954069
0.00289190650729
0.00023880294689
0.00130214783735
0.0020916915708
0.00408218259844
0.00121856573426
0.0054637220172
0.00278389441888
0.000131212216807
0.00119509031024
0.00198527405135
0.00397421755637
0.00111066614357
0.00535600819864
0.00267648483704
0.00380706650403
0.00445873959992
0.00187945271309
0.00386685872103
0.00100337250046
0.00524889959099
0.00256967925628
0.00370067894545
0.00435288099953
0.00177422899138
0.00376010760444
0.000896686314434
0.00514239769675
0.00246347916759
0.00359489518723
0.00424762404739
0.00526701285115
0.00365396571502
0.000790609091464
0.00503650401483
0.00235788605841
0.00348971670102
0.00414297019529
0.00516298865438
0.00354843455757
0.000685142333847
0.00493122004047
0.00225290141249
0.00338514495478
0.00403892089138
0.0050595663587
0.00344351563313
0.000580287540142
0.00482654726521
0.00214852670982
0.00328118141273
0.00393547758002
0.00495674738485
0.00333921043893
0.000476046205077
0.0047224871767
0.00204476342658
0.00317782753524
0.00383264170172
0.0048545331497
0.00323552046827
0.000372419819465
0.0046190412587
0.001941613035
0.00307508477875
0.00373041469306
0.00475292506623
0.00313244721044
0.000269409870116
0.00451621099097
0.00183907700333
0.00297295459568
0.00362879798663
0.00465192454336
0.00302999215066
0.00016701783975
0.00441399784918
0.00173715679571
0.00287143843439
0.0035277930109
0.00455153298594
0.00292815770129
6.52452069086e-05
0.00431240330479
0.0016358538721
0.00277053773903
0.00342740119017
0.00445175179465
0.00282694347644
-3.59065541327e-05
0.00421142882504
0.0015351696882
0.00267025394949
0.00332762394447
0.00435258236591
0.00272635187986
-0.000136435973453
0.00411107587278
0.00143510569536
0.00257058850133
0.00322846268951
0.00425402609179
0.0026263843795
-0.000236343448219
0.00401134590643
0.00133566334048
0.00247154282564
0.00312991883655
0.00414434660048
0.00252704243881
-0.000335623792193
0.00391224037988
0.00123684406595
0.00237311834902
0.00303199379234
0.0040226139099
0.00240747917231
-0.000508660682377
0.000508686263233
0.00164405636831
-0.000283466519963
0.00110657285286
0.00234319201148
0.00231762290608
-0.000600178466533
0.000415530420337
0.001549298544
-0.000379784107388
0.00100522447158
0.00225046859278
0.00222841897311
-0.000691034272681
0.00032304593375
0.00145521926821
-0.00047541261113
0.000900682431179
0.00215791686171
0.00213986876443
-0.000781226636431
0.000231234342393
0.00136182201757
0.0026167733438
0.000796826589406
0.00205229199631
0.00205197366474
-0.000870754099807
0.000140097178647
0.00126910839944
0.00252252806742
0.00069365880331
0.0019473636652
0.00196473505241
-0.000959615211358
4.96359682397e-05
0.00117708001438
0.00242897692112
0.000591180924273
0.00184313380719
0.00187815429931
-0.00104780852625
-4.01477698606e-05
0.00108573845611
0.00233612157322
0.00048939479788
0.00173960435528
0.00179223277076
0.00271570766007
-0.00012925252356
0.000995085311303
0.00224396368493
0.000388302263779
0.00163677723659
0.00170697182543
0.00262885238333
-0.000217676787745
0.000905122159544
0.0021525049102
0.000287905155542
0.00153465437215
0.00162237281522
0.00254267105963
-0.000305419064399
0.000815850573158
0.00206174689563
0.000188205300533
0.00143323767676
0.00475503061149
0.00245716324363
-0.000392477862707
0.000727272117114
0.00197169128029
8.92045197651e-05
0.00133252905888
0.00467175949977
0.00237233034551
-0.000478851699171
0.0006393883489
0.00188233969564
-9.09537223763e-06
0.00123253042044
0.00458915433742
0.00228817376822
-0.000564539097717
0.000552200818404
0.00179369376538
0.00308043204982
0.00113324365672
0.00450324359749
0.00220469490736
-0.000649537658488
0.000465711067795
0.00170575510533
0.00298353842095
0.00103467065617
0.00439118208563
0.00212189515109
-0.000733847783242
0.000379920631402
0.00161852532329
0.00288735201541
0.000936813300307
0.00427974298106
0.00203977588003
-0.000817467087527
0.000294831035597
0.00153200601892
0.00279187368907
0.000839673463501
0.00416892795765
0.00195833846713
-0.000900394126084
0.000210443798673
0.00144619878359
0.00269710522189
0.000743253012878
0.00405873868583
0.00187758427763
-0.000982627461636
0.000126760430723
0.0013611052003
0.00260304838656
0.000647553808143
0.00394917683251
0.00179751466887
-0.001064165665
4.37824335264e-05
0.00127672684351
0.00250970494824
0.000552576770114
0.00384024406098
0.0017112269917
-0.00114500731518
-3.84849742878e-05
0.00119306527902
0.00241707666451
0.000458325605853
0.00373194296217
0.00478967558375
-0.00122515099951
-0.000120047758517
0.00111012206384
0.0023251652852
0.000364801220586
-0.00397837405382
-0.00446556124171
-0.00605816465468
-0.00153284395871
-0.00193448570055
-0.00240607748385
-0.00288330414904
-0.0039685735129
-0.00445558435855
-0.00604802228002
-0.00152254924977
-0.00192405413384
-0.0023955267886
-0.00287265415174
-0.00395786824269
-0.00444468650803
-0.00603694370109
-0.00151130431274
-0.00191265974144
-0.00238400230315
-0.00286102122533
-0.00394625853556
-0.00443286799856
-0.00498769293879
-0.00149910948645
-0.00190030287585
-0.00237150439217
-0.00284840574486
-0.00393374470842
-0.00442012916446
-0.0049747429505
-0.00148596513812
-0.00188698391911
-0.00235803345093
-0.00283480811685
-0.00392032710272
-0.0044064703659
-0.00496085781149
-0.00147187166337
-0.00187270328279
-0.00234358990523
-0.00282022877922
-0.00390600608435
-0.00439189198883
-0.00494603792719
-0.00145682948616
-0.00185746140794
-0.00232817421136
-0.00280466820122
-0.00389078204365
-0.00437639444498
-0.0049302837301
-0.00144083905868
-0.00184125876498
-0.00231178685598
-0.00279322420553
-0.00387465539531
-0.00435997817174
-0.00491359567967
-0.00142390086132
-0.00182409585363
-0.00229442835608
-0.00279429024141
-0.00385762657832
-0.00434264363216
-0.00489597426225
-0.00140601540261
-0.00180597320288
-0.0022760992589
-0.00279437283705
-0.00383969605594
-0.00432439131482
-0.00487741999105
-0.0013871832191
-0.00178689137087
-0.0022568001418
-0.00279347198979
-0.0038208643156
-0.0043052217338
-0.00485793340603
-0.00136740487531
-0.0017668509448
-0.00223653161224
-0.00279158772866
-0.00380113186886
-0.00428513542862
-0.00483751507382
-0.000507317180039
-0.00174585254087
-0.00221529430761
-0.0027887201144
-0.00378049925133
-0.00426413296414
-0.00481616558767
-0.000485648320684
-0.00172389680416
-0.0021930888952
-0.00278486923945
-0.0037589670226
-0.00424221493048
-0.00479388556735
-0.000463035161533
-0.00170098440853
-0.00216991607204
-0.0027800352279
-0.00373653576617
-0.00421938194295
-0.00477067565902
-0.000439478378082
-0.00167711605655
-0.00214577656483
-0.00277421730421
-0.00371320608935
-0.00419563464194
-0.00474653653523
-0.000414978673327
-0.00165229247936
-0.00213723417161
-0.0027674175184
-0.00368897862321
-0.0041709736929
-0.00472146889471
-0.000389536777662
-0.00162651443656
-0.00212953702675
-0.00275963515813
-0.00366385402248
-0.00414539978614
-0.00469547346236
-0.000363153448774
-0.00159978271613
-0.0021208682972
-0.00275087047397
-0.00363783296544
-0.00411891363683
-0.00466855098911
-0.000335829471528
-0.00157209813426
-0.00211122825588
-0.00274112374799
-0.00361091615389
-0.00409151598485
-0.00464070225181
-0.000307565657852
-0.00154346153526
-0.00210061720616
-0.00273039529375
-0.00430167207681
-0.00140777019845
-0.00501166631293
-0.00212881120579
-0.00390075067617
-0.00231385357236
-0.00392802261872
-0.00434325182984
-0.00143509904629
-0.00503869193615
-0.00215549253785
-0.00392705175891
-0.00232754319966
-0.00391698209992
-0.00438391087156
-0.00146150701041
-0.0050648076648
-0.00218127447048
-0.00395246606997
-0.00235256019193
-0.00394345490683
-0.0044236480301
-0.00148699333789
-0.00509001090797
-0.00220615630278
-0.00397699293788
-0.00237670342928
-0.00398545351702
-0.00446246215821
-0.00151155730129
-0.00511430189342
-0.00223013735763
-0.00400063171396
-0.00239997229288
-0.00402660245905
-0.00450035213348
-0.0015351981988
-0.00513767994236
-0.00225321698178
-0.00402338177241
-0.00242236618572
-0.00406690072254
-0.00453731685845
-0.00155791535427
-0.00516014440087
-0.00227539454593
-0.00404524251043
-0.00244388453277
-0.00410634731639
-0.00457335526079
-0.00157970811738
-0.00518169463999
-0.00229667130749
-0.00406621334823
-0.00246452678099
-0.00414494126898
-0.00460846629343
-0.00160057586369
-0.0035845184356
-0.00231704296005
-0.00408629372919
-0.0024842923994
-0.00418268162827
-0.00464264893474
-0.00162051799473
-0.0036042384494
-0.00233651080933
-0.00410548311986
-0.0025031808792
-0.00421956746187
-0.00467590218867
-0.00163953393809
-0.00362304250762
-0.0023550743227
-0.00412378101007
-0.00253373508845
-0.00425559785723
-0.00470822508487
-0.00165762314753
-0.00364093008201
-0.00237273299187
-0.004141186913
-0.00102433634249
-0.00429077192168
-0.00473961667886
-0.001674785103
-0.0036579006697
-0.00238948633298
-0.00415770036522
-0.00105915381162
-0.00432508878258
-0.00477007605211
-0.00169101931077
-0.00367395379324
-0.00240533388665
-0.00417332278941
-0.00109310103412
-0.00435854758741
-0.00479960231226
-0.00170632530347
-0.00368908900069
-0.00242027521807
-0.00418805004385
-0.00112617714102
-0.00439114750388
-0.00482819459316
-0.00172070264017
-0.00370330586571
-0.00243430991701
-0.00420188359831
-0.00115838128457
-0.00442288772002
-0.00485585205508
-0.00173415090643
-0.00371660398755
-0.00244743759793
-0.00421482308357
-0.00118971263829
-0.0044537674443
-0.00488257388474
-0.00174666971437
-0.00372898299117
-0.0024596579
-0.00422686815408
-0.00122017039709
-0.00448378590572
-0.0049083592955
-0.00175825870273
-0.00374044252725
-0.00247097048717
-0.004238018488
-0.00124975564004
-0.00451294235388
-0.00493320752745
-0.0017689175369
-0.00375098227228
-0.00248137504817
-0.00424827378729
-0.00127846387987
-0.00454123605912
-0.00308314222785
-0.00177864590902
-0.00376060099725
-0.00249087129662
-0.00425763377769
-0.00130629623893
-0.00456866631255
