0.00304467008478
0.00192925034078
0.00145198028819
0.00039806516565
0.00293667554993
-0.00165871718095
0.000667923419609
0.00300230882929
0.00187331832606
0.00139561932356
0.00034154251122
0.00285415978415
-0.00174161020678
0.000585060236631
0.00296134324965
0.00181877084728
0.00134065322615
0.000286418442388
0.002772990243
-0.00182315184281
0.000503548035366
0.00292177606155
0.00176561198655
0.00128708569434
0.000232696688788
0.00269317223815
-0.00190333670791
0.000423392191416
0.00288360989466
0.00171384528037
0.00123492034504
0.000180380897944
0.00261471148573
-0.00198215948262
0.00034459801878
0.00284684729183
0.0016634741842
0.00118416071244
0.000129474634087
0.00253761224219
-0.00205961491067
0.000267170768274
0.00281149070817
0.00161450207129
0.00113481024694
7.99813769919e-05
0.00246188009671
-0.00213569780062
0.000191115625951
0.00277754251032
0.00156693223167
0.00108687231395
3.19045208374e-05
0.00238752010701
-0.0022104030274
0.000116437711537
0.00271998247535
0.00152076787102
0.00104035019285
-1.47526269178e-05
0.00231453726346
-0.00228372553388
4.31420768566e-05
0.00265039007905
0.00147601210968
0.00099524707586
-9.16912289493e-05
0.00224293648758
-0.00235566033243
-2.87662957175e-05
0.00258215325309
0.00143266798158
0.000951566067018
-0.000177016921068
0.0021727226305
0.0018875756257
-9.9282494819e-05
0.0025152764195
0.00135692980375
0.000909310181114
-0.000260997996125
0.00210390047147
0.00181843092007
-0.000168401681627
0.00244976393086
0.00128125473074
0.000868482342695
-0.000343628940069
0.00203647471632
0.00175068845272
-0.000236119091398
0.00238562006898
0.00120693646955
0.000829085385081
-0.00042490429803
0.00197044999602
0.00168435291781
-0.000302430034983
0.00232284904362
0.00113397989628
0.000791122980722
-0.000504818675923
0.00190583086516
0.00161942893234
-0.000367329900337
0.00226145499113
0.00106238982043
0.00073233793886
0.00342407052436
0.00184262180051
0.00155592103465
-0.000430814154012
0.00220144197325
0.00099217098345
0.000661742667224
0.00334689403771
0.00178082719956
0.00149383368293
-0.000492878342637
0.00214281397578
0.000923328057328
0.000585747211437
0.00327109433268
0.00172045137909
0.00143317125377
-0.000553518094381
0.00208557490738
0.000855865643116
0.000509394574411
0.00319667654423
0.00166149857376
0.00137393804069
-0.000612729120404
0.0020297285983
0.00464416313646
0.000434414158247
0.00312364573861
0.00160397293469
0.0013161382527
-0.000670507216281
0.00197527879917
0.00457947525845
0.000360811001139
0.0030520069117
0.00154787852808
0.00125977601292
-0.000726848263423
-0.000219865444602
-0.00255912139568
-0.00324533111094
0.000765235296397
-1.52571958176e-06
-0.000639229274562
-0.00162852239301
-0.000294756907942
-0.00263750046505
-0.00336620600646
0.000639238068469
-0.000129060699893
-0.000742437939566
-0.00173601749653
-0.000368040892918
-0.00271420751516
-0.00348550955577
0.000514851826701
-0.000254931151918
-0.000843791831748
-0.00184160220062
-0.000439710658756
-0.00278923486279
0.00123352952199
0.000392089670963
-0.000379122846935
-0.000943277737876
-0.0019452617314
-0.000509759576661
-0.00286257494734
0.00111740387681
0.000270964669708
-0.000501621586611
-0.00104088256591
-0.00204698143584
-0.000578181132633
-0.00295907173261
0.00100288470353
0.000151489854882
-0.000622413208884
-0.00113659335219
-0.00214674679017
-0.000644968930261
-0.00306680593699
0.000889983617262
3.36782167327e-05
-0.00074148359396
-0.00123039726869
-0.00224454340855
-0.000710116693499
-0.00317296262826
0.000778712178863
-8.24573014748e-05
-0.000858818670441
-0.00133367632047
-0.00234310994352
-0.000810353313439
-0.00327753167562
0.000669081890335
-0.000196903808843
-0.000974404421563
-0.00145680956021
-0.00244303624853
-0.00272682278242
-0.0033805030148
0.000561104190131
-0.00030964847231
-0.00108822689156
-0.00157816289125
-0.00254098015446
-0.00282545563266
0.00121401730006
0.000454790448416
-0.000420678522218
-0.00120027219211
-0.00169772085848
-0.0026369271958
-0.00292253767095
0.00111427128411
0.000350151962269
-0.000529981257949
-0.00131052650893
-0.00181546805995
-0.00273086306518
-0.00301806015526
0.00101615273029
0.000247199950834
-0.00063754405366
-0.00141897610846
-0.00193138915432
-0.00282277362241
-0.00311201441973
0.000919671396886
0.00014594555041
-0.000743354364081
-0.00152560734459
-0.00205067003429
-0.00291264490359
-0.00320439187805
0.000824836955604
4.63998095059e-05
-0.000847399730395
-0.00163040666558
-0.00216906398329
-0.00300046313027
-0.00329518402679
0.000731658987425
-5.14263161564e-05
-0.000949667786183
-0.00173336062095
-0.00228561987147
-0.00308621471856
-0.00338438244875
0.000640146978497
-0.000147521968676
-0.00105014626343
-0.00183445586859
-0.00240032257411
-0.0031698862884
0.00109827810229
0.000550310315992
-0.000241876393041
-0.00114882299859
-0.00193367964744
-0.00251315564485
-0.0032514646727
0.00101229202355
0.000462158283951
-0.00033447894223
-0.00124568593873
-0.0020310179221
-0.00262410411776
-0.00333093692658
0.000927924371839
0.000375700059116
-0.000425319082341
-0.00134072314767
-0.00212645818395
-0.00273315265292
-0.0034245705338
0.000845183185532
0.000290944706754
-0.000514386397739
-0.0014339228122
-0.00221998759588
-0.00284028601044
-0.00353554616938
-0.00347716857255
-0.00459972405408
-0.00563852122137
-0.00682939627143
-0.00429700031761
-0.00538645557109
-0.00637120374856
-0.00390643802131
-0.00466947023328
-0.00227724671506
-0.00354379515455
-0.00474020887753
-0.0058425226778
-0.00325347524177
-0.0041185405071
-0.00534720423252
-0.00659888361335
-0.00773184328086
-0.00527594197548
-0.0061545551816
-0.00361484945709
-0.00420123456602
-0.00530253479817
-0.00634833226602
-0.00435452225163
-0.00554544910639
-0.00278556776257
-0.00378016961508
-0.00466500722696
-0.00543604853512
-0.0029932113664
-0.00427276767941
-0.00548802877423
-0.00660257633865
-0.00760014808929
-0.0049000724998
-0.00612125957163
-0.0039012758491
-0.00504869046952
-0.0024881994058
-0.00337634026055
-0.004378448073
-0.00171508188334
-0.00279444542351
-0.00384940025545
-0.00504549937513
-0.00625175285366
-0.00350234225454
-0.00450668329613
-0.00540041160993
-0.00617938047982
-0.00368445546195
-0.00497682896582
-0.00621089449856
-0.00401676223094
-0.00502550396358
-0.00216924475914
-0.00338228836932
-0.00466456632096
-0.00582631577423
-0.00327904375255
-0.00417905693406
-0.00511340874804
-0.00637343445571
-0.00345207839207
-0.00451603743253
-0.0057131032158
-0.00693458768568
-0.00419549263356
-0.00520943629337
-0.00611193728381
-0.00689873389862
-0.0049187909618
-0.00233583369808
-0.00358723072065
-0.00472577793854
-0.00574553696108
-0.00289923489521
-0.00410343705594
-0.0054007454702
-0.00657666739999
-0.00762398011222
-0.00495426379954
-0.00581863362736
-0.00703092463119
-0.00408624843067
-0.00517120593035
-0.00635958475086
-0.00759330364133
-0.00170961774486
-0.00273300435433
-0.00364413865913
-0.00443864398407
-0.00555838439745
-0.00299396374963
-0.00425776302103
-0.0054080094134
-0.00643860097741
-0.00360209849141
-0.00479673065963
-0.00610882859342
-0.00729871552368
-0.00506250325124
-0.002222037788
-0.00302778823755
-0.00766506979832
-0.0016976898828
-0.00285493583907
-0.00398347008352
-0.00522767683627
-0.00636858742997
-0.00338614147411
-0.00430574746688
-0.00510782236674
-0.00617104892232
-0.00362498405567
-0.00490091002698
-0.0060626079883
-0.00710381370104
-0.00490493555399
-0.00216478876731
-0.00349138541063
-0.00469498198613
-0.00576790095808
-0.00298604900651
-0.00385376469879
-0.00541436905151
-0.00233387808034
-0.0035144763215
-0.00459217450161
-0.00583620743249
-0.00698681738838
-0.00401342207248
-0.00494131501531
-0.00576861498747
-0.00675605441496
-0.0011145393247
-0.00240227787258
-0.00357514261597
-0.0046267089937
-0.0055508040719
-0.00279954281419
-0.00414029506017
-0.00535729547298
-0.00651087916604
-0.00377127772908
-0.0046513345002
-0.00600010349321
-0.00707584629798
-0.0041496215606
-0.005236654206
-0.00641867831217
-0.00757872927903
-0.00166870116006
-0.00264476833228
-0.00351764010961
-0.00447479758761
-0.00580460156328
-0.00300605654124
-0.00417193456411
-0.0052335717644
-0.0061668031126
-0.00340361456776
-0.00477155421585
-0.00607699132463
-0.00725284393905
-0.00522825955377
-0.00215332428007
-0.00656078164938
-0.00767628134014
-0.00475974171288
-0.00304651463235
-0.00416507225516
-0.00534157083895
-0.00230429590285
-0.00330447534238
-0.00418588824167
-0.00521645924871
-0.00650712615617
-0.00372243723652
-0.00487732017753
-0.00590769830475
-0.00680723472797
-0.000947124469153
-0.00239002868748
-0.00371110400101
-0.00490167424327
-0.00595320219607
-0.00289031129116
-0.00438837951822
-0.00552766295898
-0.00253483006337
-0.00363986783089
-0.00473642126956
-0.00595528017113
-0.00292795891082
-0.00393735644355
-0.00482712279319
-0.00593222936831
-0.00718237877119
-0.00441130157702
-0.00269180379019
-0.00373404858417
-0.00464427986948
-0.00568104356739
-0.00304003035366
-0.00437638829669
-0.00558136431765
-0.00664614800498
-0.00359508045229
-0.00493709076668
-0.006076722606
-0.00309302983499
-0.00420668858398
-0.00533705886255
-0.00654191663909
-0.00767543898367
-0.0045426521047
-0.00267723854624
-0.00385793257629
-0.00510382952435
-0.00218452104879
-0.00336482277275
-0.00441871111078
-0.00533944771938
-0.00633927425828
-0.00365790461222
-0.00500912529733
-0.00622813321985
-0.00730584785731
-0.00426632987037
-0.00550621665486
-0.00659921463021
-0.00362435000881
-0.00474634148676
-0.00321153222616
-0.00442123428914
-0.0055445820206
-0.00235628908962
-0.00326209487138
-0.00451934878927
-0.00577831227023
-0.00281562140839
-0.00400820397136
-0.00507347115085
-0.00600448545401
-0.00708667377374
-0.00424259395635
-0.00278041916472
-0.00401302076413
-0.00510328044754
-0.0019014492375
-0.00343962175991
-0.00446862494883
-0.00565072039851
-0.00255909380999
-0.00375738710937
-0.00497678818395
-0.00608889564844
-0.00290416297235
-0.00389472058987
-0.00515229809973
-0.0064240276161
-0.00759782611395
-0.00462099452458
-0.00297181322861
-0.00394450467457
-0.00507879559457
-0.0019652830595
-0.00334470011398
-0.00459038913404
-0.00569274438389
-0.00666020850895
-0.0040273723621
-0.00506475057213
-0.00612650122934
-0.00304255356783
-0.0042919624145
-0.00554731811319
-0.00669070889821
-0.00350088547657
-0.00457741527442
-0.00307051084816
-0.00435466103431
-0.0055174561253
-0.00247672836905
-0.0035637850289
-0.0046176536492
-0.00576553749595
-0.00257188881608
-0.00387310328924
-0.00513130516133
-0.00624524103921
-0.00730451958764
-0.00458891584011
-0.00563442491868
-0.00657365399045
-0.00365158798276
-0.00491175937644
-0.00611064162414
-0.00458468537983
-0.00561930876833
-0.00254664536452
-0.00371152079914
-0.00494014226956
-0.00611427564307
-0.00302551227442
-0.00412288763155
-0.00525908726237
-0.00642023343729
-0.00744077438929
-0.00436456291838
-0.00293574573252
-0.00407411314466
-0.00526519617727
-0.00516785931895
-0.00620921523348
-0.00446578416339
-0.00156806128283
-0.00283934462005
-0.00399929112475
-0.0051283400678
-0.00617172384962
-0.00317235974491
-0.00434902755423
-0.00549417350235
-0.00667924366845
-0.00354091054511
-0.00464815858206
-0.00586771691605
-0.00436241107652
-0.00539472811587
-0.0021191619441
-0.0034003867369
-0.00468199904245
-0.00588781345109
-0.00306913698268
-0.00411895976689
-0.00505512875561
-0.00636482429131
-0.00341795335291
-0.00458810114811
-0.00564179511302
-0.0066935911067
-0.00376827614648
-0.0049564010575
-0.00601820416609
-0.00453410933811
-0.00559871416176
-0.00245933350981
-0.00376313752435
-0.0049495819851
-0.00599327902104
-0.00266405450979
-0.00397655112219
-0.00525209340335
-0.00647206256998
-0.00361517783001
-0.00467319756827
-0.00561688736674
-0.00690417398455
-0.00396771508535
-0.00514772473205
-0.00620906124346
-0.00458293917186
-0.00165619975758
-0.00285540154507
-0.00392748045837
-0.00503264734336
-0.0061065029086
-0.00297002390898
-0.00430293713054
-0.00550129536931
-0.00655591806757
-0.00323638746354
-0.00461071436561
-0.00584317605889
-0.00433740815612
-0.00413351563323
-0.00519943668485
-0.00615038083908
-0.00482795252202
-0.00183475129962
-0.00302424808192
-0.00409442034677
-0.00510544261012
-0.00643577301209
-0.00339980370436
-0.00448177512567
-0.00549665437963
-0.00657926695075
-0.00346179919638
-0.00480675064054
-0.00601644880745
-0.00441600742246
-0.00537078340199
-0.00252864150124
-0.00377624974555
-0.00486684048243
-0.0020371272147
-0.00311062804496
-0.00406853674479
-0.00530830406242
-0.00232466918768
-0.0035232428311
-0.0046018748798
-0.00559611414908
-0.00693718351053
-0.00391139795542
-0.00500283513638
-0.0059583450807
-0.00440509561166
-0.00125179447404
-0.00260809352687
-0.00382849444662
-0.00490336935461
-0.00591403259414
-0.00308725108142
-0.0043493759279
-0.00545329264233
-0.00249822891203
-0.00357896210676
-0.00454351935862
-0.00575817309613
-0.00707931151624
-0.00399083179604
-0.00507751454068
-0.00605419582619
-0.00740544940245
-0.00177830126734
-0.00287873371458
-0.00384240253181
-0.00480521113701
-0.00594795353519
-0.00303695204187
-0.0042673556351
-0.00535143674546
-0.00641829996168
-0.00360608736025
-0.00488200523037
-0.00599860518167
2.95851916387e-05
0.00281274932452
0.00112358089427
0.00130850821152
-0.000995692163138
0.00144949794003
-0.00252695346032
-2.82376137848e-05
0.00275500926424
0.00106612505665
0.00122078834441
-0.00108333096018
0.0013622418466
-0.00261353691318
-8.48693313277e-05
0.00269845871459
0.0010098533078
0.00113419065438
-0.0011698484273
0.00127610307683
-0.00269901011217
-0.000140307177467
0.00264310044744
0.000954768379767
0.00104871912092
-0.0012552405954
0.00119108555104
-0.00278336922184
-0.000194548418952
0.00258893718457
0.000900872955144
0.000964377690212
-0.00133950352861
0.00110719315649
-0.00286661043942
-0.000247590373449
0.00253597066568
0.00079754711977
0.000881170274384
-0.00142263332512
0.00102442974668
-0.00294872999553
-0.00029943041017
0.00248420537312
0.000689570100726
0.000799100750662
-0.00150462611792
0.000942799140456
-0.00302972415497
-0.000350065950504
0.00243364294326
0.000582669301125
0.000718172960584
-0.00158547807568
0.000862305121334
0.00144036673173
-0.000399494468624
0.00238428589122
0.000476849469328
0.000638390709199
-0.00166518540346
0.000782951436642
0.00136163443079
-0.000447713492097
0.00233613667892
0.000372115333229
0.000559757764262
-0.00174374434358
0.000704741796767
0.00128403851956
-0.000494722465125
0.00228919771449
0.000268471599403
0.000476717087878
-0.00182115117639
0.00062767987437
0.001207582589
-0.000540515298546
0.00224347135172
0.000165922952243
0.00037446265185
-0.00189740222103
0.000551769303609
0.00112408213354
-0.000585091546283
0.00216500085885
6.44740530917e-05
0.000273305626632
0.00255163560657
0.000477013679362
0.00103706565281
-0.000628448955325
0.00206472672662
-3.58704606292e-05
0.000173250613146
0.00247770702151
0.000397046213266
0.000951172010122
-0.000670585328923
0.00196556100712
-0.000135105976298
7.43021875243e-05
0.00240494502628
0.000311633892127
0.000866405151327
-0.000711498527133
0.00186750827842
-0.000233227906973
-2.35350997586e-05
0.00232885326326
0.000227359395768
0.000782768988645
-0.000751186467345
0.00177057309202
0.00413711221925
-0.000120256724765
0.00224537583926
0.000144226686344
0.000700267399886
-0.000789647124796
0.00167475997196
0.00162375519578
-0.000215858190972
0.00216304810061
6.22396903713e-05
0.000618904227648
-0.000828264323387
0.00158007341396
0.00152900127159
-0.000310335030156
0.00208187398342
-1.85977020925e-05
0.000538683278518
-0.000890244850022
0.0014865178845
0.00143537900556
-0.000403682803281
0.00200185738627
-9.8281638276e-05
0.000459608322277
0.00310902610256
0.00139409781991
0.00134289284285
-0.000495897101384
0.00192300216933
-0.000176808303514
0.000381683091106
-0.00220782193948
0.00165908071937
-0.00011369459229
-0.000782189190871
-0.00143545543528
-0.00210585867528
-0.00293664636752
-0.00230715068416
0.00154408298723
-0.000231833258381
-0.000867408039242
-0.00152273412061
-0.00219489623736
-0.00307595394369
-0.00241766834025
0.00143023863259
-0.000348798177912
-0.000951318732639
-0.0016086786537
-0.00228257776777
-0.00321407380507
-0.00252704983189
0.00131755358311
-0.000464582982375
-0.00106260140305
-0.0016932834562
-0.0023834321103
-0.0033509976525
-0.00263528970488
0.00120603374619
-0.000579181322057
-0.0011799901743
-0.00177654300629
-0.00251662198657
-0.00348671718217
-0.00274238252754
0.0010956850077
-0.00069258686738
-0.001296167238
-0.00185845184029
-0.00264861068371
-0.00362122408729
-0.00284832289177
0.000986513230816
-0.000804793310247
-0.00141112586811
-0.00193900408859
-0.00277939027827
-0.00375451005973
0.00194536820623
0.000878524254729
-0.000915794365407
-0.00152485796307
-0.00204145878696
-0.00290895285052
-0.00388656679175
0.00184174888322
0.00077172389344
-0.00102558190919
-0.00163735963521
-0.00216570099186
-0.00303729048606
-0.00401738597773
0.00173929809029
0.000666119797135
-0.00113415343148
-0.00174862283041
-0.00228984460003
-0.00316439527755
-0.00414695931594
0.00163802206138
0.000561714000347
-0.00124150086124
-0.00185864091755
-0.00241276434199
-0.00329025932637
-0.00427527851037
0.0015379242073
0.000458514096547
-0.00134761801854
-0.00196740729308
-0.00253445279774
-0.00341487474436
-0.00440233527255
0.0014390107025
0.000356525786281
-0.0014524987533
-0.00207491538261
-0.00265490256242
-0.00353823365565
0.00046732067212
0.00134128675867
0.000255754738526
-0.00155613694676
-0.00218115864247
-0.00277410624796
-0.00366032819835
0.000342813600232
0.00124475755488
0.000156206589383
-0.00165852651293
-0.00228613056135
-0.00289205648475
-0.00378115052649
0.000219593761764
0.00114942823646
5.7886940774e-05
-0.00175966140006
-0.00238982466187
-0.00300874592337
-0.00390069281179
9.76693958781e-05
0.00105530391378
-0.000995728857959
-0.00185953559209
-0.00249223450224
-0.00312416723633
-0.00401894724558
-2.29512755329e-05
0.000962389661179
-0.00109157484305
-0.00195814311016
-0.00259335367785
-0.00323831311978
-0.00413590604069
-0.000142260049885
0.000870690515693
-0.00118617574013
-0.00205547801409
-0.00269317582301
-0.00335117629533
0.000730389423343
-0.000260248745978
0.000780211475958
-0.00127952609723
-0.00215153440387
-0.0027916946125
-0.00346274951182
0.000616045171333
-0.000376909206093
0.000690957501001
-0.0013716205032
-0.0022463064212
-0.00288890376334
-0.00357302554715
0.000503019770949
-0.000492233298128
-0.00492560389513
-0.00391570109342
-0.00291729134109
-0.00197681943506
-0.00775939018659
-0.00686420783836
-0.00593893330248
-0.00482466118966
-0.00381177550323
-0.00286012664932
-0.0018961694661
-0.00766760068085
-0.00676940322609
-0.00584096529775
-0.00474251637547
-0.00375351551128
-0.00280223013491
-0.0018364646167
-0.00757507876018
-0.00667384741986
-0.00574222694595
-0.00466148776076
-0.00369663261349
-0.00274360286985
-0.00843765414512
-0.00749767172286
-0.00657754241467
-0.00564272043129
-0.00457981531336
-0.00363904007971
-0.00268424593752
-0.00837644710019
-0.00743452564507
-0.00648049021404
-0.00554244794664
-0.0045232155038
-0.00358073891229
-0.00262416043261
-0.00831449074715
-0.00737060872198
-0.00640657846759
-0.00544141169332
-0.00446592714416
-0.00352173012396
-0.00256334746101
-0.00825178629527
-0.0073059222775
-0.00633981681509
-0.00533961388086
-0.00440795117275
-0.00346201473778
-0.00250180813972
-0.00818833496572
-0.00724046764838
-0.00627226489888
-0.00526947142169
-0.00434928853744
-0.00340159378707
-0.00243954359677
-0.00812413799154
-0.0071742461841
-0.00620392419752
-0.00519891482348
-0.00428994019554
-0.00334046831528
-0.00237655497108
-0.0080591966175
-0.00710725924675
-0.00613479620312
-0.0051275483873
-0.00422990711375
-0.00327863937598
-0.00442091254917
-0.00799351209997
-0.00703950821087
-0.00606488242112
-0.00505537376354
-0.00416919026805
-0.00321610803268
-0.00435647921803
-0.00792708570685
-0.00697099446334
-0.00599418437018
-0.00498239261668
-0.00410779064368
-0.00315287535883
-0.0042913252855
-0.00785991871739
-0.00690171940322
-0.00592270358203
-0.00490860662519
-0.00404570923503
-0.00308894243767
-0.00422545193319
-0.00779201242215
-0.00683168444167
-0.0058504416013
-0.0048341355629
-0.00398294704554
-0.00302431036218
-0.00415886035316
-0.00772336812283
-0.00676089100178
-0.00577739998536
-0.00476008767999
-0.0039195050877
-0.00295898023499
-0.00409155174778
-0.00765398713217
-0.00668934051843
-0.0057035803042
-0.00468523814531
-0.00385538438289
-0.00289295316827
-0.00402352732962
-0.00758387077385
-0.00661703443818
-0.00562898414024
-0.00460958866506
-0.00379058596136
-0.00485873004405
-0.0039547883214
-0.00751302038235
-0.00654397421911
-0.0055536130882
-0.00453314095872
-0.00372511086211
-0.00479131247257
-0.00388533595584
-0.00744143730285
-0.00647016133072
-0.00547746875491
-0.00445589675894
-0.00365896013287
-0.00472320135453
-0.00381517147558
-0.00736912289111
-0.00639559725377
-0.0054005527592
-0.00437785688
-0.00359213482994
-0.00465439783942
-0.00374429613307
-0.00729607851331
-0.00632028348013
-0.00532286673173
-0.00429902494294
-0.00366950860105
-0.006671216593
-0.00353779399986
-0.00649102837089
-0.00458551765665
-0.00614753301722
-0.00425537381939
-0.00360791781205
-0.00660887635919
-0.00347055352774
-0.00642423729183
-0.00451821141601
-0.00607060705636
-0.00417764049498
-0.00354574707429
-0.00654594976112
-0.00340272419987
-0.00635710700471
-0.00445030245006
-0.00599308163264
-0.00409930232624
-0.00348299711516
-0.0064824375522
-0.00333430684134
-0.00628938101654
-0.00438179162428
-0.0059149577395
-0.00402036033664
-0.00341966866758
-0.00641834049155
-0.00326530228282
-0.00622106017027
-0.00431267981016
-0.00584063827451
-0.00394081555522
-0.00335576246997
-0.00635365934393
-0.0031957113605
-0.00615214531461
-0.00424296788513
-0.00577016814488
-0.00386066901647
-0.00329127926624
-0.00628839487972
-0.00312553491611
-0.00608263730403
-0.00417265673249
-0.00570125176628
-0.00377992176037
-0.00322621980569
-0.00622254787491
-0.0030547737968
-0.00601253699871
-0.0041017472414
-0.0056369822393
-0.00370905683137
-0.00316058484303
-0.00615611911097
-0.00298601205043
-0.00594184526444
-0.004034601162
-0.0055721023408
-0.00364351527135
-0.00309437513828
-0.00608910937491
-0.00416168055524
-0.00587056297264
-0.00396981939172
-0.00692175942961
-0.00357735859586
-0.00302759145679
-0.00602151945913
-0.00409331505296
-0.00580519779569
-0.0039044348649
-0.00685566132663
-0.0035105876807
-0.00296023456915
-0.00595335016149
-0.00402436425309
-0.00573996714626
-0.00383844841172
-0.00678895540333
-0.00344320340809
-0.00289230525118
-0.00588460228515
-0.00395482898573
-0.00567414159409
-0.00377186086847
-0.0067216425227
-0.00337520666665
-0.00282380428387
-0.00581527663864
-0.0038847100864
-0.00560772195388
-0.00370467307747
-0.00665372355389
-0.00330659835135
-0.00275473245334
-0.00574537403573
-0.00381400839605
-0.00554070904618
-0.00363688588705
-0.00658519937223
-0.00323737936342
-0.00268509055081
-0.0056748952954
-0.00374272476096
-0.00547310369732
-0.00356850015149
-0.00651607085913
-0.00316755061034
-0.00261487937254
-0.00560384124186
-0.00367086003274
-0.00540490673942
-0.00349951673096
-0.00644633890201
-0.00309711300575
-0.00254409971981
-0.0055322127044
-0.00359841506824
-0.00533611901026
-0.00342993649149
-0.00637600439433
-0.00302606746941
-0.00247275239886
-0.00546001051745
-0.00352539072954
-0.0052667413533
-0.0033597603049
-0.00630506823544
-0.00295441492715
-0.00240083822086
-0.00538723552046
-0.00345178788387
-0.00519677461761
-0.00328898904876
-0.0062335313306
-0.00288215631079
-0.00232835800186
-0.0053138885579
-0.00337760740359
-0.0051262196578
-0.00321762360633
-0.00616139459088
-0.00280929255812
