-0.00182242839922
0.000396611597756
0.00247654741979
0.000433474893297
0.00241992578303
0.00183073561786
-0.00038962194154
-0.00169047782117
0.000529519269599
0.00260757809529
0.000565406402317
0.00255262139669
-0.0023023637835
-0.000255837442565
-0.00155797061671
0.000662985635006
0.0027391756549
0.000697906824257
-3.4574544204e-05
-0.00216847643864
-0.000121479978245
-0.00142490848084
0.000797008967985
0.00287133835844
0.000830974388703
9.92604807597e-05
-0.00203401895618
1.34486181457e-05
-0.00129129310878
0.00093158754249
0.00300406446542
0.000964607325046
0.000233662516944
-0.0018989931534
0.0001489465134
-0.00115712619581
0.00106671963249
0.00313735223511
0.00109880386256
0.000368629768025
-0.0017634008475
0.000285011874463
-0.00102240943728
0.00120240351206
0.00327119992663
0.0012335622305
0.000504160437754
-0.00162724385551
0.000421642868515
-0.000887144528484
0.00133863745541
0.00340560579902
0.00136888065814
0.000640252730031
-0.00149052399422
0.000558837663049
-0.000751333164626
0.00147512178132
-0.00048231514001
0.0015047573749
0.000776904848991
-0.00135324308008
0.000696594425954
-0.00061497704072
0.00160959193123
-0.000346798128733
0.00164119061037
0.000914114999074
-0.00121540292917
0.000834911325592
-0.00047807785154
0.00174461294599
-0.000210728159216
0.00177817859444
0.00105188138511
-0.00107700535706
0.000973786530876
-0.000340637291543
0.00188018311824
-7.41069719961e-05
0.00191571955732
0.00119020221238
-0.000938052178787
0.00111321821135
-0.000202657054805
0.00201630074077
6.30636926793e-05
0.00205381172967
0.00132907568671
-0.000798545208745
0.00125320453726
-6.4138834949e-05
0.00215296410658
0.000200782094926
-0.000663702514825
0.00146850001454
-0.000658486260622
0.00139374367965
6.81200196389e-05
0.00229017150897
0.000339046495295
-0.000524513229567
0.00160847340298
-0.000517877147323
0.0015348338104
0.000197722909256
0.00242792124159
0.000477855154841
-0.000384778039652
0.00174899405991
-0.000376719680899
0.00167647310233
0.000327879132121
0.00256621159853
0.000617206335193
-0.000244498712022
0.00189006019404
-0.000235015672472
0.00181865972927
0.000458587056683
0.00270349367066
0.000757098298627
-0.000103677012839
0.00203167001498
-9.27669321613e-05
0.00196139186612
0.000589845050924
0.00282828966513
0.00089752930813
3.76852925871e-05
0.00217382173329
5.00247309833e-05
0.00210466768894
0.00072165148243
0.00295365050534
0.00103849762747
0.000179586439866
0.00231651356062
0.000193357509056
0.00224848537501
0.00085400471846
0.00307957458063
0.00116882405042
0.000322024665595
0.00245974370967
0.000337229595364
0.00239284310289
0.000538733349529
-0.000257784847306
-0.000973968313282
0.000830442860349
0.000109911849428
-0.000713475473502
-0.00163423069936
0.000657523699665
-0.000135905539715
-0.00084894169162
0.000958662642509
0.000231254857498
-0.000588844236144
-0.00150627589891
0.00077697084645
-1.33590121777e-05
-0.000723237755854
0.0010875694235
0.000353319843302
-0.000463479494575
-0.00137757659745
0.000894298716066
0.000109852559694
-0.000596858829585
0.00120638050656
0.000476104274095
-0.000337383962714
-0.00296116946335
0.000998737203767
0.000233729791972
-0.000469807238188
0.00131683438247
0.000599605614141
-0.000210560356813
-0.00283098986982
0.00110385828461
0.00034379047643
-0.00245798034899
0.00142801255558
0.000723821324905
-8.3011395245e-05
-0.00270007448805
0.00120966010248
0.000452295092129
-0.00233920692707
0.00153991277922
0.000848748865245
4.52602016986e-05
-0.00256842622474
0.00131614079606
0.00056149075979
-0.00222725045295
0.00165253280149
0.000974385691597
0.000174251712018
-0.00243604798746
0.00142329849893
0.000671375481528
-0.00211459307994
-0.00276986894464
0.00110072925816
0.000303960412202
-0.00230294268439
0.00153113133967
0.00078194725462
-0.00200123694914
-0.00265581423816
0.00122777701709
0.000434383577436
-0.00217669551075
0.00163963744206
0.000893204071648
-0.00188718420612
-0.00254104838094
0.00135552641867
0.000565518481791
-0.00207105293613
0.0017488158565
0.00100514392064
-0.0017724370008
-0.00242557178133
0.00148397491151
0.00069577075848
-0.00196462213181
0.00185866283483
0.00111776478522
-0.00165699748725
-0.00230938671469
0.00160108426303
0.000808487472021
-0.00185740561131
0.00196917741842
0.00123106464474
-0.00154086782357
-0.00219249546053
0.00171163341864
0.00092195529459
-0.00174940589592
0.002080357713
0.00134504147443
-0.00142405017172
-0.00207490030237
0.00182291819007
0.00103617174439
-0.00164062551445
0.00219220182014
0.00145969324554
-0.00130654669736
-0.00195660352753
0.00193493625708
-0.000773161575409
-0.00153106700298
0.00230470783731
0.00157501792547
-0.00118835677575
-0.00183760742703
0.00204768529397
-0.000657455337683
-0.00142073290467
0.00241787385807
0.00169101347792
-0.00106948816745
-0.00171791429535
0.00216116296978
-0.000541007949329
-0.00130962576946
0.00253169797218
-0.000321216577796
-0.000949940254351
-0.00159752643031
0.00227536694848
-0.000423821912267
-0.0011977481539
0.00264617826572
-0.000203885403325
-0.000829715215444
-0.00147644613289
0.00239029488916
-0.000310247628041
-0.00108510262088
0.0027613128212
-8.58894860824e-05
-0.000709734212108
-0.00135467570706
0.00250594537756
-0.000199788310714
-0.000971691739417
-0.00372626477294
-0.00355086211443
-0.00327546012266
-0.00286197457231
-0.00534749854233
-0.00479279422081
-0.00437478045907
-0.00401975731652
-0.00357147937284
-0.00157817977096
-0.00580504908419
-0.00528676768729
-0.00496939655221
-0.00452326022465
-0.00241657795206
-0.00172093506878
-0.00615439764403
-0.00572253996243
-0.00383246044649
-0.00315763699408
-0.00238293779323
-0.00376891669232
-0.00349701908857
-0.00322184850687
-0.00102690734811
-0.00526276372899
-0.00470877471659
-0.00431817408164
-0.00395376293839
-0.00196594780568
-0.00152366560822
-0.00575095884611
-0.00520110887015
-0.00334987942025
-0.00290429229472
-0.00233255777988
-0.00163774360019
-0.00596485426569
-0.00419881532128
-0.00364551559977
-0.00297242889707
-0.00218284930378
-0.00386271959882
-0.0034081382394
-0.00135155024068
-0.00566461998847
-0.00514370563463
-0.00467459906334
-0.00434609200355
-0.0023266727726
-0.00188419674926
-0.00619113600993
-0.00566383346025
-0.00354850668425
-0.00323207385943
-0.00278724333065
-0.00221646550122
-0.00630129750124
-0.00440888052877
-0.00397949582297
-0.00342787723829
-0.00275680125705
-0.00196953360649
-0.00393853438937
-0.00169183807214
-0.00131974371513
-0.00556546542263
-0.00499542098674
-0.00311118012228
-0.00278270342587
-0.00232062999343
-0.00176904128343
-0.00607016627649
-0.00400954532277
-0.00342674775997
-0.00309703612561
-0.00263932593868
-0.00206846046305
-0.00481941522677
-0.00415741959739
-0.00372953700168
-0.00317982204539
-0.00147682493978
-0.000692176132856
-0.00219724436356
-0.0017320510457
-0.00606572397436
-0.00558564635358
-0.00346917434706
-0.00312643853517
-0.00274411067427
-0.00228879929426
-0.00645787721912
-0.00438195871588
-0.00385677649324
-0.00328834553094
-0.00295929325571
-0.00250248806621
-0.0053635972299
-0.00465935077272
-0.00387546801448
-0.00344925725297
-0.00186746300608
-0.00120119958018
-0.00534465665047
-0.00220237610509
-0.00646279453144
-0.00605114243869
-0.00401386996595
-0.00351679003915
-0.00311017877522
-0.00271447586632
-0.00222955826355
-0.00486489788612
-0.0041952423179
-0.00367149171297
-0.00311762768421
-0.001389903438
-0.000934208744897
-0.00519619583427
-0.00449360708892
-0.0036726740335
-0.0021048100435
-0.00155954084475
-0.000896061812942
-0.00504272243621
-0.00217935138917
-0.00643276210904
-0.00444436914613
-0.00397912664411
-0.00353003597298
-0.00305976521962
-0.00266436328182
-0.00535770801002
-0.00477282999457
-0.00406071005969
-0.00345395402005
-0.00151535154069
-0.00118806564692
-0.00557634371753
-0.00499732031129
-0.00429669088897
-0.00244380057012
-0.00176534457391
-0.00122742884589
-0.00549690394248
-0.0040780697986
-0.0068539254359
-0.00481034948493
-0.00440923605724
-0.00395783583049
-0.00350889127686
-0.0014314478835
-0.00580140330894
-0.00527416025998
-0.00464755565109
-0.00393674319703
-0.00180498882721
-0.00128076128201
-0.00095457515117
-0.00534436310084
-0.00476723573062
-0.0030346612496
-0.00221854702986
-0.00146812132186
-0.000918740658902
-0.00452576292134
-0.00375848833133
-0.0052267021479
-0.00477931887969
-0.00437604145178
-0.00393196990863
-0.00190956190567
-0.00132770167317
-0.00568367108077
-0.00515735436481
-0.00450199894891
-0.00238061137881
-0.00154857825326
-0.00101469604265
-0.00553240779814
-0.00404703841693
-0.00347204673093
-0.00277620912339
-0.0019629996569
-0.00121463914289
-0.00484093987365
-0.00419090437823
-0.00342703685432
-0.00514936654716
-0.00477612624079
-0.00430804513813
-0.00233825259211
-0.00183491281309
-0.00600357395352
-0.00553237208798
-0.00500724106287
-0.00295385559991
-0.00219150006658
-0.00136173396732
-0.00556017392777
-0.00420240011243
-0.00375311346845
-0.00318048890744
-0.00248746552733
-0.00167747703854
-0.000221954278281
-0.00450263816709
-0.00382753862823
-0.00306733432458
-0.00510591138492
-0.00473788177692
-0.0027086186412
-0.00225385593216
-0.00175116321292
-0.00588122993457
-0.00394825267764
-0.00342456142067
-0.00277241941012
-0.00199548072441
-0.00116667883236
-0.00419807187201
-0.00387599710396
-0.00342877163405
-0.00285873673255
-0.0021687928482
-0.000652812944598
-0.00487897137494
-0.00416426049958
-0.00345938754886
-0.00226659233905
-0.00508015192668
-0.00312081976472
-0.00263593381497
-0.00213508550797
-0.00639815456283
-0.00436501236402
-0.00374502440965
-0.00320891692565
-0.00255847117536
-0.0018077875698
-0.00482759511079
-0.0039202661933
-0.00351942204567
-0.0030744268404
-0.00250719461562
-0.00111106743152
-0.00527795180215
-0.00453748417814
-0.00382602700298
-0.00266879643846
-0.00187009232764
-0.00347536731893
-0.00301271616268
-0.00252863821218
-0.00198212853712
-0.00484688114888
-0.00421466492112
-0.00356308580028
-0.00302841822155
-0.00236623424946
-0.000520272369176
-0.00464817817932
-0.00374314746115
-0.00313312670821
-0.00198100584024
-0.00141677927133
-0.000733745020951
-0.0049047257437
-0.00416742002876
-0.00304626699839
-0.00226371571714
-0.00146921584953
-0.0033793165259
-0.00286991792562
-0.00238690318911
-0.00516059736789
-0.00466139215372
-0.00403093310222
-0.00334825680563
-0.00281527954636
-0.00104910084109
-0.00522134713068
-0.00443713375659
-0.00353479159964
-0.00205555509738
-0.00158421564587
-0.00102932684037
-0.0053256291135
-0.00453727962337
-0.00335601285171
-0.00267020720638
-0.00189160994177
-0.00104545450764
-0.00324832796433
-0.00269265474187
-0.000756166977263
-0.004961250663
-0.00444248955192
-0.00381409174509
-0.00199479896017
-0.00146375520175
-0.000805981570528
-0.00497622857573
-0.00419474635639
-0.00258595560364
-0.00177341306786
-0.00125029998275
-0.00065567211208
-0.00495537919592
-0.00375775017903
-0.00294562577658
-0.00228560568117
-0.00151662602535
-0.000368450596123
-0.00308409683357
-0.00102642252829
-0.00536643815452
-0.00475331778007
-0.00419050293146
-0.00245840962134
-0.00177621660187
-0.0011862963802
-0.00544567557946
-0.00469976295758
-0.00321182162636
-0.00231598402183
-0.00151674640227
-0.000940414864601
-0.00485713395162
-0.00414348950863
-0.00337205828066
-0.00257015374574
-0.00191586477413
-0.000841410317874
-0.00497939073815
-0.00152976861672
-0.00562745210381
-0.00512293659141
-0.00451206952084
-0.00284352685055
-0.00221126966003
-0.00153912079202
-0.000877238427253
-0.00513953353858
-0.00368280379323
-0.00290775199168
-0.00201570544738
-0.00126445907685
-0.000169033341113
-0.00452077977202
-0.00377380536997
-0.00303028883081
-0.00217590417541
-0.00121414883381
-0.00047374181688
-0.00461571431482
-0.00139551701139
-0.00549468645763
-0.00484619440676
-0.00314314354461
-0.00260031929529
-0.0019394176681
-0.00126994050459
-0.00474200111552
-0.00409296368407
-0.00334479006948
-0.00257341284902
-0.00168549811883
-0.000550077102165
-0.0048022295205
-0.00415564725298
-0.00341237132164
-0.00266035773025
-0.00149490163238
-0.000815590638238
-0.00506911005102
-0.00422518311547
-0.00604692940395
-0.00532779838633
-0.00343057655473
-0.00286515142622
-0.00232456812921
-0.0016558188986
-0.00517404885155
-0.00438428731328
-0.00372544548483
-0.0029766421674
-0.00220922789372
-0.000893680843306
-0.000238129287099
-0.00449338840981
-0.00376215862114
-0.00304421124693
-0.00194747853385
-0.00110161013131
-0.000390120628374
-0.0046476349915
-0.00350827269072
-0.00473790377352
-0.00402099642643
-0.00317632775133
-0.00255477429732
-0.00201667134025
-0.000590833667577
-0.00484186862166
-0.00405586492005
-0.00332793820135
-0.0025908121267
-0.00140510342073
-0.00057635259293
-0.00488533600416
-0.00415552989271
-0.00308743848935
-0.00233294552733
-0.0015503249972
-0.000681251706459
-0.00492832194209
-0.00389996788711
-0.0030652406723
-0.00450102305966
-0.00378669361431
-0.00294499128912
-0.00221245923171
-0.000916963039756
-0.00521962000204
-0.00447884516794
-0.00369690776382
-0.00290094577705
-0.00179234783405
-0.00104996869462
-0.0052380275514
-0.00453701033263
-0.00347385309514
-0.00272709616066
-0.00190940113992
-0.00113108760335
-0.000244890078128
-0.00415044135138
-0.00342639584826
-0.00259659738336
0.000346578872731
0.00275682312325
0.00176316743256
-0.000456009292035
0.00143131803284
-0.00103761385004
0.00112993515404
0.000459390076838
0.00286953026605
-0.00222060140677
-0.000341369871939
0.00154666809971
-0.000921737876139
0.0012461444552
0.00103484592696
0.00298295277837
-0.00210612729841
-0.000226006992381
0.00166274454809
-0.000805133376879
-0.000869306823622
0.00114907221819
0.00309708840982
-0.00199093571646
-0.000109923007606
0.00177954498496
-0.000451496434714
-0.000751640210992
0.00126400273215
0.00321193490538
-0.00187502897182
6.87972372068e-06
0.00189706701293
-0.000333442154858
-0.00063324860739
0.00137963524914
0.00332749000556
-0.00175840937974
0.000124398838704
0.00201530823052
-0.000214666628087
-0.000514134461415
0.00149596754531
0.0034437514466
-0.00164107925962
0.000242631970397
0.00213426623225
-9.51722885571e-05
-0.000394300225495
0.00161299739283
0.00356071696061
-0.00152304093484
0.00036157674798
0.00249478142065
2.50384258866e-05
-0.000273748355696
0.00173072256001
0.00367838427576
-0.00140429673263
0.000481230796947
0.0026151657594
0.000145963073893
-0.000152481311538
0.00184914081153
0.00379675111643
-0.00128484898382
0.000601591739275
0.00273625964402
0.000267599210791
-3.05015558039e-05
0.00196824990855
0.00391581520341
-0.00116470002273
0.000957739775246
0.00285806065508
0.000389944388773
9.21884456434e-05
0.00208804760888
0.0010958694484
-0.00104385218697
0.00107950735706
0.00298056637009
0.000512996157077
0.000215586224044
0.00220853166716
0.00121632117667
-0.000922307817283
0.00120197467886
0.0031037743637
0.000636752062165
0.000339689307924
0.00232969983498
0.00133746329354
-0.000800069257366
0.00132513935032
0.00322768220785
-0.00160012521242
0.000464495223274
0.00245154986108
0.00145929350697
-0.000447891008003
0.00144899897848
0.00335228747198
-0.00147496840458
0.000590001493732
0.00257407949147
0.00158180952212
-0.000324271109732
0.0015735511679
0.0034775877232
-0.00134911483544
0.000716205640753
0.00269728646958
0.00170500904153
-0.000199964068427
0.00169879352085
-0.000752549499871
-0.00122256696786
0.000843105183793
0.00282116853647
0.00206060002784
-7.49722379729e-05
0.00182472363743
-0.000625866581739
-0.00109532726661
0.000970697640477
0.00294572343088
0.00218515965357
5.07020256083e-05
0.0019513391158
-0.000498495987603
-0.000967398198167
0.00111180018201
0.0030709488895
0.00231039587688
0.000177056364313
0.0020786375523
-0.000370440158045
-0.00083878223059
0.00124077101241
0.00319684264701
0.00243630639132
0.000304088418318
0.0022066165416
-0.000241701535146
-0.000709481833312
0.00137042730006
0.00245428007475
-0.000249441727602
-0.00107212151592
-0.00201703172243
0.00173157028399
-0.000600885723189
-0.00189196908163
0.00258433152888
-0.000120890094087
-0.000944592801093
-0.00190646926957
0.00184535192834
-0.000505915908476
-0.00179404950034
0.00270524583318
8.32972696413e-06
-0.000836369688102
-0.00179501712877
0.0019600405614
-0.000409965525586
-0.0016951261075
0.0028264983776
0.000133713230524
-0.000727277999542
-0.00168267869847
0.00207563251492
-0.000313037988254
-0.00159520261728
0.00294853827595
0.000259895902201
-0.000617320885357
-0.00156945738664
0.00219212411174
-0.000215136728909
-0.00149428276281
-0.00156070162349
0.000386874491597
-0.000506501505082
-0.0014553566104
0.000837688584883
-0.000116265198166
-0.00139237029562
-0.00143709605231
0.0004509096613
-0.000394823027492
-0.00134037979555
0.000955968403475
-1.64268643078e-05
-0.00128946898503
-0.00131271216969
0.000560161510961
-0.000282288630234
-0.00122453037627
0.00107513678496
8.43747872192e-05
-0.00118558261762
-0.00310802117075
0.000670249103397
-0.00016890149948
-0.00110781179464
-0.00355182447175
0.000186136254316
-0.00108071499662
-0.00298208973191
0.00078116948715
-5.46648295699e-05
-0.000990227500291
-0.00343089009615
0.000288854018734
-0.000974870872679
-0.00285538905414
0.000892919702475
6.04181773371e-05
-0.000871780950003
-0.00330907830229
0.00039252454658
-0.000868052217993
-0.00272792216706
0.00100549678165
0.000176344311609
-0.000752475607328
-0.00318639281731
0.000497144288812
-0.000760263813703
-0.00261251472609
0.00111889774928
0.000293110356488
-0.000632314942202
-0.00306283737378
0.000602709681742
-0.000651509524024
-0.00258163042875
0.00123311962262
0.000410713088429
-0.000511302430566
-0.00293841570925
0.000709217147529
-0.000541793227021
-0.00246518790599
0.00134815941187
0.00052914927744
-0.000389441553996
-0.00281313156592
0.000816663094668
-0.000431118814055
-0.00234795712565
0.00146401412045
0.000648415687422
-0.000266735799331
-0.0027068802937
0.000925043918485
-0.000319490189233
-0.00222994094297
0.00158068074538
0.000768509076495
-0.000143188658301
-0.00260083299014
0.00103435600162
-0.000206911268868
-0.0021111422184
0.00169815627747
0.000889426197333
-1.88036271678e-05
-0.00249387755086
0.0011445957145
-9.33859809363e-05
-0.00199156381735
0.00181643770171
0.00101116379749
-0.00153998370435
-0.00238601733176
0.00125575941585
2.10817354565e-05
-0.00187120860993
0.00193552199752
0.00113371861974
-0.00141393339813
-0.00227725570042
0.00136784345312
0.000136487930608
-0.00175007947068
0.00205540613904
0.00125708740235
-0.00128705571419
-0.00216759603568
0.001480844163
0.000252828644744
-0.00650997931353
-0.00462900103778
-0.00292573135258
-0.00477332510859
-0.00633005428362
-0.00443578486513
-0.00599848479379
-0.00645771599639
-0.00461743426692
-0.00291384989288
-0.00475337340022
-0.00630298552994
-0.00442153466967
-0.00598390722906
-0.00640434927036
-0.00460470090736
-0.00290077021972
-0.00473996483245
-0.00627466608796
-0.00440599430431
-0.0059680100135
-0.00634988136751
-0.00459080153749
-0.0066297270504
-0.00472532870005
-0.00624509744576
-0.00438916463303
-0.00595079407189
-0.00629431455974
-0.00457573678823
-0.00661425288764
-0.00470946573952
-0.00622301289344
-0.00437104659062
-0.00593226040471
-0.00623765115837
-0.00455950734287
-0.00659758256237
-0.00469237674841
-0.00620409376212
-0.00435164118244
-0.00591241008792
-0.00617989351364
-0.00454211393697
-0.00657971687158
-0.00467406258513
-0.00618392028631
-0.0043309494841
-0.00589124427261
-0.00615809701687
-0.0045235573581
-0.00656065666863
-0.00465452416878
-0.00616249352792
-0.00430897264121
-0.00586876418467
-0.00613893016436
-0.00450383844577
-0.00654040286304
-0.00463376247884
-0.00613981461351
-0.00428571186902
-0.00584497112444
-0.00611863409103
-0.00448295809114
-0.00651895642026
-0.004611778555
-0.00611588566536
-0.00426116845213
-0.00581986646635
-0.00609720966284
-0.00446091723692
-0.00649631836146
-0.00458857349687
-0.0060907060758
-0.0042353437441
-0.00579345165852
-0.00306170074157
-0.00443771687705
-0.00647248976331
-0.0045641484637
-0.0060642780949
-0.00420823916712
-0.00577849230043
-0.00303802239014
-0.00441335805658
-0.00644747175766
-0.0045385046741
-0.00603660310475
-0.00417985621158
-0.00578068421614
-0.00301321856411
-0.00438784187136
-0.00642126553135
-0.00451164340575
-0.00600768255051
-0.00779251613731
-0.00578155611185
-0.00298729031697
-0.00436116946785
-0.00639387232588
-0.00448356599507
-0.00255502855018
-0.00776158116667
-0.00578110979958
-0.00296023874858
-0.00818957443263
-0.00636529343712
-0.0044542738369
-0.00252362145338
-0.00772937269386
-0.00577934437388
-0.00293206500494
-0.00816059323293
-0.00633553021504
-0.00442376931548
-0.00249097350228
-0.00769589247791
-0.00577625993716
-0.00290277027791
-0.0081304595552
-0.00630458406338
-0.00439205207877
-0.00245708639024
-0.0076611423439
-0.00577185666827
-0.00287235580498
-0.00809917474556
-0.0062724564393
-0.0043591246261
-0.00242196187166
-0.00762512418246
-0.00576613482252
-0.00284082286903
-0.00806674019938
-0.00623914885309
-0.0043249885824
-0.0023856017615
-0.0075878399492
-0.00575909473154
-0.00280817279805
-0.00803315736087
-0.00620466286775
-0.0042896456292
-0.00234800793482
-0.00754929073297
-0.00575073680324
-0.00483853125022
-0.00476859668796
-0.00655659048246
-0.00403558084408
-0.00593116674968
-0.00543964743788
-0.00714358818068
-0.00476068051288
-0.00471540196979
-0.00650356856773
-0.00396059188345
-0.00588055500283
-0.00538932910111
-0.00709368698367
-0.00470640822921
-0.00466115923011
-0.0064495018095
-0.00388459703021
-0.00582890657167
-0.00533797973011
-0.00704276279589
-0.004651089443
-0.00460587051795
-0.00639439223736
-0.00380759901574
-0.00336992983315
-0.00528560119591
-0.00699081744319
-0.00277751845715
-0.00454953791631
-0.00633824191461
-0.00372960059743
-0.00331621377645
-0.00523219540238
-0.00693785278355
-0.0027201129586
-0.00449216354187
-0.00628105293794
-0.00805941807774
-0.00326146684485
-0.0051777642859
-0.00688387070679
-0.00266166731724
-0.00443374954457
-0.00622282743702
-0.00800153341717
-0.00320569104057
-0.00512230981504
-0.00682887313421
-0.00260218371935
-0.00437429810722
-0.00616356757417
-0.00794261996715
-0.00314888839813
-0.00506583399018
-0.00677286201831
-0.00254166438375
-0.00431381144514
-0.00610327554392
-0.00788267988497
-0.00309106098401
-0.00500833884318
-0.0067158393424
-0.00248011156139
-0.00425229180575
-0.00604195357269
-0.00782171535936
-0.00303221089627
-0.00494982643707
-0.00667277095454
-0.00241752753499
-0.00418974146818
-0.00597960391833
-0.00775972861005
-0.00297234026419
-0.00489029886565
-0.00663135871109
-0.00235391461863
-0.00412616274289
-0.00591622886982
-0.00769672188743
-0.00291145124793
-0.00482975825316
-0.00658891986185
-0.00700823821413
-0.00406155797124
-0.00585183074677
-0.00763269747218
-0.00284954603814
-0.00476820675391
-0.00654545592591
-0.00694257458347
-0.00399592952511
-0.0057864118991
-0.00756765767481
-0.00278662685559
-0.00470564655194
-0.00650096845595
-0.00687588918916
-0.00392927980648
-0.00571997470663
-0.00750160483537
-0.00272269595079
-0.0046420798606
-0.00645545903795
-0.00680818446664
-0.00386161124702
-0.00565252157863
-0.00743454132295
-0.00265775560364
-0.00457750892228
-0.00640892929097
-0.00673946288068
-0.00379292630769
-0.00558405495345
-0.00736646953539
-0.00259180812303
-0.00451193600793
-0.0063613808668
-0.00666972692494
-0.0037232274783
-0.00551457729812
-0.00730774233671
-0.00692566289024
-0.00444536341678
-0.00631281544974
-0.00659897912156
-0.00365251727713
-0.00544409110791
-0.00726518141712
-0.00688329264595
-0.00437779347587
-0.00626323475625
-0.00652722202072
-0.00358079825045
-0.00537259890591
-0.00495052428288
-0.0068398886792
-0.00431568168203
-0.00621264053473
-0.00645445820027
-0.00350807297218
-0.00530010324267
-0.00490588860746
-0.00679545256664
-0.0042667193798
-0.00616103456516
