-0.00104378567596
0.000300104078963
-0.00299015684311
-0.00100342047299
-0.000439791164932
-0.0034725092549
-0.00167461992899
-0.00120691660161
0.000137300643501
-0.00315059588603
-0.00115971226546
-0.000576648064953
-0.00360629794388
-0.00182529650292
-0.001368375949
-2.38318034699e-05
-0.00330936869523
-0.00131434824144
-0.000711732255211
-0.00373833386968
-0.00197437209348
-0.00152814227675
-0.000183271915383
-0.00346645460757
-0.00146730892926
-0.000845025807951
-0.00386860010105
-0.00212182960735
-0.00168619400583
-0.000340998210496
-0.00362183284185
-0.00161857476666
-0.000976510795336
-0.00399707971929
-0.00226765189654
-0.00184250942648
-0.000496989078764
0.00109813737489
-0.0017681261075
-0.00110616929754
0.000770930105674
-0.00241182176407
-0.00199706670544
-0.00065122278911
0.00094623727806
-0.00191594322867
-0.000297180003151
0.000646074381444
-0.00256103379551
-0.00214984389365
-0.00080367749708
0.000796107841163
-0.0020620063374
-0.000423131849562
0.000523055874237
-0.00271124014076
-0.00230081893433
-0.000954331252907
0.000647770245755
-0.00220629557884
-0.000547203584028
0.000401891374666
-0.00265904846021
-0.00244996967147
-0.00110316200998
0.000501245753692
-0.00234879104396
-0.000669377404539
0.000566826560444
-0.00280595924693
-0.00259727385871
-0.00125014763372
0.000356555698463
-0.00248947277776
-0.000505406621557
0.000449420229574
-0.00295119547644
-0.00274270916872
-0.00139526591088
0.000213721476147
-0.00234767185225
-0.000623731425745
0.00033391792899
-0.00309473922823
-0.0028862532029
-0.00153849455926
0.000303616584828
-0.00248466611768
-0.00074010526027
0.000220336187388
-0.00323657253848
-0.00302788350159
-0.0015880415053
0.000164558419411
-0.00261978659815
-0.000854510588956
0.000108691445714
-0.0033766774069
-0.00316757755472
-0.00172742382483
2.74205544818e-05
-0.00275301324354
-0.000966929966809
-9.9995208775e-07
-0.00351503580372
-0.00330531281278
-0.0018648493588
-0.000107775461643
-0.00288432600369
-0.0010773460503
-0.000108721768466
-0.00365162967701
-0.00344106669839
-0.00200029565486
-0.000241008069045
-0.00301370483857
-0.00118574160782
-0.000214457881814
-0.00378644096017
-0.00357481661813
-0.00213374024669
-0.000372255707552
-0.00314112972876
-0.00129209953034
-0.000318192296146
-0.0039194515798
0.00101823360339
-0.00226516066626
-0.000501496828471
0.00162216852956
-0.00139640284219
-0.000419909150911
0.000873647815561
0.000888559397383
-0.00239453445651
-0.000628709906692
0.00149871145053
-0.001498634712
-0.000519592730922
0.00074429273038
0.000760956907803
-0.0025218391845
-0.00075387345317
0.0013772681417
-0.00159877846382
-0.000633323024604
0.000616792488689
-0.00180171233802
-0.00302521831862
-0.00423708499556
-0.00101133303408
-0.00239245097822
-0.00344349148386
-0.00449306278766
-0.0019365630835
-0.00316361594708
-0.00436114389071
-0.0011409011282
-0.00252163062744
-0.0035793156111
-0.00463172349206
-0.00206940716785
-0.00329998131781
-0.00448300785161
-0.00126821863422
-0.00264848021887
-0.00371278602525
-0.00476800680542
-0.00215747445782
-0.00343429049042
-0.00460265318834
-0.00139325902589
-0.00277297146003
-0.00384387159104
4.77908200858e-05
-0.00228623795345
-0.00356651951659
-0.00472005630948
-0.0015159958441
-0.00289507613739
-0.00397254119273
-8.36393097347e-05
-0.00241292756427
-0.00369664445422
-0.00485093610921
-0.00163640271705
-0.00301476613945
-0.00409876375946
-0.000212593654087
-0.00253752094758
-0.00382464138216
1.70007144638e-06
-0.001754453381
-0.00313201348054
-0.0042225082915
-0.000339039467733
-0.00265999581624
-0.00384276126455
-0.000133659857978
-0.00187368146857
-0.00324679032528
-0.00434374388733
-0.000462944079353
-0.00278032995313
-0.00396643056999
-0.000266861969007
-0.00201285896803
-0.00335906901367
-0.00446243977175
-0.000584274921599
-0.00289850122586
-0.0040879003824
-0.000397880201276
-0.00214980478761
-0.00346882208681
-0.00457856532476
-0.000702999562157
-0.00301448760196
-0.00420714702113
-0.000526688510721
-0.00228448983464
-0.00357602231316
-0.00469209011125
-0.000819085735793
-0.0031282671644
-0.00432414690716
-0.000653260887333
-0.00241688500141
-0.00368064271539
-0.00480298391154
-0.000932501377336
-0.0032398181274
-0.00443887658057
-0.000671948916165
-0.0025469611861
-0.00378265659767
-0.0049112167526
-0.00104321465557
-0.00358706897649
-0.00455131271842
-0.000793971625623
-0.00267468931442
-0.003893943139
-0.00501675894005
-0.00115119400795
-0.00369409798962
-0.00466143215303
-0.00091368076293
-0.00280004036208
-0.00402306526866
-0.000129453221809
-0.00128977292728
-0.00379883399702
-0.00478975479149
-0.00103105064354
-0.00292298537803
-0.00414974009358
-0.000257523616971
-0.00144853055691
-0.00390125590287
1.71477714686e-05
-0.00114605571442
-0.00293630028012
-0.00427393644589
-0.000410012109362
-0.00160497260997
-0.00400134282649
-0.000141138163146
-0.0012586705751
-0.00305434679324
-0.00439562325164
-0.000560163680382
-0.0017590600361
-0.00409907411984
-0.000297443354486
-0.00136886999937
-0.00316990110469
-0.00451476955893
-0.000707941284046
-0.00191075350969
-0.00421866821139
-0.000451739342409
-0.00147662895725
-0.00328293480373
-0.004631344567
-0.00131872823206
-0.0020600134561
-0.00436550147162
-0.000603997495357
-0.00158192263762
-0.00339341968004
-0.00474531765605
-0.00146164605903
-0.00220680007966
-0.00374941514787
-0.00449679543433
-0.00510891189748
-0.00163526542343
-0.00267083521691
-0.00357407261189
-0.00433892097681
-0.00457955201151
-0.00565639219267
-0.00659406703379
-0.00738553824161
-0.00450937662888
-0.00525247119518
-0.00583780377622
-0.00650273490804
-0.0035790641677
-0.00393185340023
-0.00411336982656
-0.00103994139399
-0.00178697975506
-0.00651577202288
-0.00417594297116
-0.00492841082821
-0.0055447857185
-0.00218305366106
-0.00322802728611
-0.00413973572403
-0.00491196226883
-0.00176632881478
-0.00285329596476
-0.00380010855705
-0.00794698982011
-0.00512780405926
-0.00587947399828
-0.00650229690704
-0.00719483053165
-0.00427812328659
-0.00463571178064
-0.00481972346395
-0.00484358582399
-0.00249210824539
-0.00359165003241
-0.00456964319293
-0.00532686929508
-0.0059472296137
-0.00673594713649
-0.00375277364982
-0.00467260757798
-0.00545191687801
-0.00615819279768
-0.0033629366744
-0.00431846856684
-0.00512549408839
-0.002185954243
-0.00294590250273
-0.00362583593869
-0.00785260098881
-0.00494268859066
-0.00530496169244
-0.00549141239245
-0.00550583927422
-0.00324097214168
-0.00427654552303
-0.00215357594983
-0.002915208493
-0.00353926098875
-0.00444248332718
-0.0042442130039
-0.0051717901712
-0.00595785413548
-0.00662303417122
-0.00383690972174
-0.00480069733673
-0.00561492389672
-0.00644963149411
-0.00350161565082
-0.0042395138814
-0.00494919534052
-0.00549018041249
-0.00231456947457
-0.00250338469389
-0.00625974900146
-0.00743558801911
-0.00502828222066
-0.00669303214993
-0.00324547173896
-0.00391670640596
-0.00489167080318
-0.00178850428437
-0.00272340572195
-0.00351586350143
-0.00415988088939
-0.00427429932009
-0.00524583416488
-0.00606682376613
-0.00696038908573
-0.00401992680329
-0.00481653345975
-0.00553433849147
-0.00608167232656
-0.00291044567286
-0.0031015432231
-0.00335570856829
-0.00454922848995
-0.00213671245876
-0.00706220965037
-0.00364462141263
-0.00440982301187
-0.00530642504472
-0.00638470305737
-0.00315262932865
-0.00395108757759
-0.00460010693428
-0.00565310361277
-0.00254986203831
-0.00338937183507
-0.00432994319311
-0.0082156069797
-0.00535564014286
-0.00608120609263
-0.00663461037265
-0.00346757844991
-0.00366086051763
-0.0040394827568
-0.00525030937874
-0.00285347666088
-0.00475180412546
-0.00133063612056
-0.00486944857052
-0.00568602137331
-0.00677135160569
-0.00354565596263
-0.00434968948253
-0.00500335990443
-0.00601475730184
-0.00291811490792
-0.00381514645171
-0.00476345005811
-0.00556923011109
-0.00253428514037
-0.00326720122722
-0.00714768377713
-0.00752706182387
-0.00417998487573
-0.00468588280502
-0.00591354427291
-0.00697594175326
-0.00508601102338
-0.00595855448949
-0.00260726767129
-0.00334223918138
-0.00443403523635
-0.00807557651776
-0.00471088611656
-0.00536882856805
-0.00633736672727
-0.00324668731949
-0.0042013895433
-0.00515681931801
-0.00602069949618
-0.00299393444534
-0.00373374154124
-0.00429829769287
-0.00468141060982
-0.00113864836856
-0.00177441331638
-0.00653729111727
-0.00761448367928
-0.0053851287438
-0.00634324457766
-0.00299761958494
-0.00373245815686
-0.00474716858408
-0.00570646411385
-0.00229923708842
-0.00296104841119
-0.0038855208877
-0.00761681345481
-0.00454722029138
-0.00550912298476
-0.00643132721868
-0.00734625997825
-0.00415832474603
-0.00472788588544
-0.00511446328986
-0.00157350723234
-0.00234146378253
-0.00360096163669
-0.00469235478037
-0.00570713857185
-0.00669268369717
-0.00335226729855
-0.00409159674442
-0.0050226005664
-0.00598660289877
-0.00258349703059
-0.0032487505984
-0.00412801534412
-0.00512917637595
-0.00200180461649
-0.00296948336301
-0.00395007983918
-0.0077219440479
-0.00453983924187
-0.00511397443982
-0.00550371964522
-0.00570447902452
-0.00286658241487
-0.00414086172732
-0.00524575761787
-0.0034024848316
-0.00432711527368
-0.00521306064931
-0.00441396816496
-0.00525978330437
-0.00622787629668
-0.00704936743229
-0.00349660135689
-0.00432959045446
-0.00533558195092
-0.00226445634907
-0.00323717127546
-0.00427606486703
-0.00520410280586
-0.00183545516077
-0.00241369771306
-0.00280628974931
-0.00605033010638
-0.00334831831445
-0.00463647086425
-0.00575406315484
-0.00374174729446
-0.0046042373509
-0.00549440334226
-0.00201981798161
-0.00277910128595
-0.00375064304775
-0.00457515713148
-0.00384814036041
-0.00451078724049
-0.00555089840341
-0.00668179196366
-0.00346287549143
-0.00455840861244
-0.00549188133049
-0.00625372685755
-0.00270967601417
-0.00310476842021
-0.00330831707339
-0.000498577093781
-0.00179958128025
-0.00621565940019
-0.00404518904241
-0.00484440008751
-0.00573825671103
-0.00226685750314
-0.00298576048243
-0.00410565844196
-0.0050828750525
-0.00168796029835
-0.00235711937935
-0.00332331620018
-0.00705647622373
-0.00375436923802
-0.00479635521434
-0.00573445827792
-0.00650021889082
-0.00295924454897
-0.00335647025397
-0.00401078222367
-0.00487442462939
-0.00220217659368
-0.00334231091277
-0.00163312732793
-0.00504714918662
-0.00594414559132
-0.00669709327979
-0.00344281290794
-0.00457204060412
-0.00555771475265
-0.00639183292024
-0.00284551946133
-0.00380649191945
-0.00487000158787
-0.00155247170004
-0.0022883004075
-0.0032270341232
-0.00670526597669
-0.00331652780771
-0.00386830066276
-0.00468529741476
-0.00551891967655
-0.00255622761102
-0.0037059982859
-0.00188528718123
-0.00256833241405
-0.00343252967143
-0.00418769903612
-0.00386313003519
-0.00500107550653
-0.00599466145354
-0.00683570745279
-0.00329516664821
-0.00425008847836
-0.00532305221442
-0.00623552046769
-0.00275674985089
-0.00360791745853
-0.0045321551683
-0.0052778783105
-0.00162217914161
-0.00252696047944
-0.00616502865774
-0.00684549768983
-0.00401871353141
-0.00653322808717
-0.00290602441441
-0.00356133883782
-0.00450610700515
-0.00578837699741
-0.00271274184511
-0.00371364640832
-0.00456110637344
-0.00370504615765
-0.00465306423469
-0.00573476480806
-0.00665496803019
-0.00320059594566
-0.0040971598563
-0.00502033093602
-0.00577410414086
-0.00212460780304
-0.00311855225838
-0.00397603338702
-0.00463696001684
-0.0013068182696
-0.00692403274557
-0.00330085625955
-0.00374813067606
-0.00484261844774
-0.00613275463344
-0.00306446863048
-0.00407205422395
-0.0049253733551
-0.00561670256861
-0.00233530678412
-0.00342496647951
-0.00435222389508
-0.00786091060635
-0.0045443025913
-0.00546430494037
-0.0062255521337
-0.00261040440095
-0.00366605561581
-0.00453464732551
-0.00520445252619
-0.0016862634208
-0.00460741357221
-0.000980012798736
-0.0041092376724
-0.00514085288599
-0.00643804258774
-0.00337635167393
-0.00438993724695
-0.00524852183627
-0.00594424701051
-0.002654182921
-0.00375096146928
-0.00468453495983
-0.00557662291989
-0.00226777406724
-0.00318364039043
-0.00663085634122
-0.00731405777076
-0.00416777125669
-0.00504680291436
-0.00572496225348
-0.00644425489411
-0.0049251154785
-0.00553063351102
-0.00175371517232
-0.00278094815928
-0.00402444937296
-0.00519019536609
-0.00466655363238
-0.00552977281121
-0.00622937100887
-0.00292973415995
-0.00403274264834
-0.00497184601216
-0.00592652153811
-0.00262466177251
-0.00353538735209
-0.00430960806525
-0.005077997593
-0.00193536051196
-0.00282406657175
-0.0062559508883
-0.00698933292658
-0.00520531838943
-0.00581382765744
-0.00203918752838
-0.00323147131118
-0.00447048899756
-0.00556776170044
-0.00232339714661
-0.003233812439
-0.00398087011062
-0.00738287250139
-0.00426953571478
-0.00521333749124
-0.00623045527563
-0.00715639207016
-0.00383930500184
-0.00461890983919
-0.00547311208046
-0.00234068362851
-0.00323820337885
-0.0040555276113
-0.00479798194861
-0.00544747012351
-0.00605858845842
-0.00228593598661
-0.0036445360097
-0.00489313016964
-0.00599926840835
-0.00273628964131
-0.00365415854202
-0.00440753732138
-0.0049888532805
-0.00178154357151
-0.00272917270038
-0.00380838167227
-0.0074187256413
-0.00409440725216
-0.00487859008627
-0.00588540195917
-0.00691723228134
-0.00360098329409
-0.00449093585162
-0.00524170916893
-0.000191565557062
0.00148470621148
-0.0016789062431
-0.00118131051662
0.000392342800409
-0.00273481791186
-0.000667711473645
-0.000316970574425
0.00136025830979
-0.00180179006814
-0.00129668752344
0.000265774032362
-0.00285967722752
-0.000790361432009
-0.000441125445675
0.00123705494745
-0.00192343871124
-0.0014108104541
0.000140403027109
-0.0029833481906
-0.000911835609851
-0.000564022317245
0.00111510382307
-0.00204384472389
-0.00152367227444
1.62370928995e-05
-0.00310582374616
-0.00103212727335
-0.000685653350226
0.000994412619661
-0.00216300067457
-0.00163526597621
-0.000106716473546
-0.00322709685228
-0.00115122970345
-0.000806010722194
0.000874989002852
-0.00228089915046
-0.00174558457877
-0.000228450388589
-0.00334716048162
-0.00126913619731
-0.000925086629068
0.000756840619101
-0.00239753275916
-0.00185462113076
-0.000348957383253
-0.00346600762285
-0.00138583913835
-0.00104287328699
0.000639975093852
-0.00251289413047
-0.001965831298
-0.000468230204818
-0.00358363128223
-0.00150133372297
-0.00115936293424
0.000524400029678
-0.00262697591816
-0.00208495698111
-0.000586259755802
-0.00370002448509
-0.00161561237411
-0.00127454783315
0.000410123004394
-0.00273977080174
-0.0022028248338
-0.000703042546184
-0.0038151802775
-0.00172866846798
-0.00138842027212
0.000297151569159
0.00206016055442
-0.00231943120921
-0.000818569519202
0.000982343108936
-0.00184049540421
-0.00150097256752
0.00018549510918
0.00194996132836
-0.00243476689468
-0.000932833503621
0.000869682908664
-0.0019510866074
-0.00161219706579
7.51573911899e-05
0.00184107079501
-0.00254882456408
-0.0010458273528
0.000758280840693
-0.00206043552858
-0.00172208614542
-3.38522626663e-05
0.00173349615341
-0.00266159691698
-0.0011575439464
0.000648143760208
-0.00216853564676
-0.001830632219
-0.000141526427401
0.00160766049322
-0.00277307668046
-0.00126797619218
0.000539278493597
-0.00227538047051
-0.00193782773533
-0.000247857714556
0.00143626122715
-0.00289441281443
-0.00137711702772
0.000431691836773
-0.00238096353948
-0.00204366518151
-0.000352838774241
0.00126589091395
-0.00306312017051
-0.00148495942222
0.000325390553482
-0.00248527842599
-0.00214813708505
-0.000456462297182
0.00109655850565
-0.0032307903355
-0.00159149637832
0.000220381373598
-0.00258831873664
-0.00225123601602
-0.000558721016795
0.00092827300288
-0.00339741449138
-0.00169672093388
0.000116670991398
-0.00269007811385
-0.00235688896551
-0.000659607711275
0.000761043454062
-0.00262607559412
-0.00180062616388
1.4266063824e-05
-0.00279055023755
-0.00251055837628
-0.000759115205696
0.000594878954414
-0.00279058110159
-0.00190320518222
-8.68267912615e-05
-0.00288972882673
-0.00402365526626
-0.000723258868856
-0.00234561671932
-0.00337083855064
-0.00488449416585
-0.00121839693284
-0.00228441266469
-0.00413671991069
-0.000839549780928
-0.00246469993328
-0.00349215650436
-0.00502207065649
-0.00135862524331
-0.00238637844385
-0.00424846493551
-0.000954496200307
-0.00258241800062
-0.00361209337965
-0.00515831313229
-0.00149750771704
-0.00248680112546
-0.00435888276625
-0.00106808995987
-0.00269876222272
-0.00373064004043
-0.000303085792605
-0.00163503359643
-0.00262100948477
-0.00446796586133
-0.0011803229235
-0.00281372392975
-0.00384778737718
-0.000436629456013
-0.00177119211572
-0.00275895110932
0.000418566471581
-0.00129118698831
-0.00292729448308
-0.00396352630952
-0.000568808319071
-0.00190597250367
-0.00289550596019
0.000312175330626
-0.001400674087
-0.00303946527781
-0.00407784778896
-0.000699612121517
-0.00203936398637
-0.00303066290738
0.000207141332048
-0.0015087761901
-0.00315022774532
-0.00419074280156
-0.000829030608335
-0.00217135485873
-0.00316441081728
5.76166180304e-05
-0.00161548437706
-0.00325957335578
-0.00430220237069
-0.000957053532512
-0.00230193621274
-0.00329673855562
-0.000102140902679
-0.00172079256385
-0.00336749362077
-0.00441221755983
-0.00108367065787
-0.00243109635249
-0.00342763499064
-0.000260777223906
-0.00182469191741
-0.00347398009593
-0.00452077947536
-0.00120887176191
-0.00255882452253
-0.00355708899622
-0.000418283041682
-0.00192717458342
-0.00357902438357
-0.00464301411793
-0.00133264663881
-0.00268510997968
-0.00368508945515
-0.000574649016225
-0.00206562447958
-0.00368261813536
-0.00479943769495
-0.00145498510233
-0.00280994199617
-0.00382354964632
-0.000729865773296
-0.00222481430352
-0.0037847521237
-0.000278456666972
-0.00157587698895
-0.00293330986293
-0.00396509756341
-0.00088392390562
-0.00238283812012
-0.00390814569388
-0.000432404297764
-0.00169531216088
-0.00305520289287
-0.00410524530377
-0.00103681397434
-0.00253968593293
-0.00405744864154
-0.000585097679837
-0.00181328050928
-0.00317561042431
-0.00424398105337
-0.00118852651053
-0.00269534770658
-0.00420549577691
-0.00073652591297
-0.00192977195742
-0.00329452182433
-0.00438129298592
-0.00133905201675
-0.00284981336838
-0.00435227672697
-0.000886676199519
-0.00204477646396
-0.00341192649232
-0.0045171692661
-0.00148838096869
-0.00300307280999
-0.0044977810943
-0.00103554129714
-0.00215828402625
-0.00352781386353
-0.00465159805287
-0.00163650381677
-0.0031551158891
-0.00464199845929
-0.00118310834515
-0.00227028468366
-0.00364217341265
-0.00478456750284
-0.00178341098791
-0.00330593243126
-0.00478491838227
-0.00132936631739
-0.002380768521
-0.00375499465748
-0.00491606577377
-0.004459818823
-0.00284525615561
-0.0080196473004
-0.00654094405712
-0.00493981129137
-0.00561256167756
-0.00428616311817
-0.00443448632023
-0.0028191567146
-0.00797478669386
-0.00649459411099
-0.00489193907985
-0.00557525057356
-0.00424798652667
-0.00440822254883
-0.00517706636006
-0.00354741702747
-0.00644723996448
-0.00484303143581
-0.00553741599451
-0.00420868895728
-0.00438102827327
-0.00514904972362
-0.00350061093102
-0.00639888324737
-0.00479309015168
-0.00549850234583
-0.00416827208227
-0.00435290428424
-0.00512007577144
-0.00345283433822
-0.00634952562031
-0.00474211705351
-0.00545851116151
-0.00412673761806
-0.00432385139852
-0.00509014539611
-0.0034040887856
-0.00629916877451
-0.00469011400063
-0.00541744401503
-0.00408408732488
-0.00429387045886
-0.00505925951856
-0.00337157003012
-0.00624781443155
-0.00463708288537
-0.00537530251898
-0.0040403230064
-0.00426296233386
-0.00502741908783
-0.00333878279885
-0.00619546434299
-0.00458302563266
-0.00533208832481
-0.00399544650937
-0.00423112791785
-0.00499904156376
-0.00331669133552
-0.00614212029015
-0.00452794419977
-0.00528780312249
-0.00394945972324
-0.00421247396602
-0.00498233102382
-0.00329948312663
-0.00608778408383
-0.0044718405759
-0.00524244864019
-0.00390236457975
-0.00419531645655
-0.00496465934472
-0.00328128535678
-0.00603245756394
-0.00682348296964
-0.00519602664396
-0.00385416305258
-0.00417723002749
-0.00494602707221
-0.00326209862178
-0.0059761425993
-0.00676534105763
-0.0051485389374
-0.00380485715691
-0.00649615710477
-0.00492643478126
-0.00324192354934
-0.00591884108726
-0.00670618311067
-0.00509998736129
-0.00375444894903
-0.0064762069907
-0.00490588307595
-0.00322076079889
-0.00586055495344
-0.00664601124237
-0.00505037565593
-0.00370294052594
-0.00645532588979
-0.00488437258942
-0.00319861106154
-0.00580128615142
-0.00658482759656
-0.0049997020102
-0.00365033402492
-0.00643351440784
-0.00486190398374
-0.00317547505994
-0.0057410366624
-0.00652263434693
-0.00494797023706
-0.00359663162308
-0.00641077317711
-0.00483847794981
-0.00315135354814
-0.00571510417526
-0.00645943369668
-0.00489518232261
-0.00354183553698
-0.00638710285619
-0.00481409520728
-0.00312624731151
-0.00568926851395
-0.0063952278781
-0.0048413402884
-0.00348594802215
-0.00636250412992
-0.00478875650442
-0.00310015716661
-0.0056624208044
-0.00633001915226
-0.00478644619101
-0.00342897416662
-0.00633697770928
-0.00476246261801
-0.00307308396101
-0.00563456196976
-0.00626380980861
-0.00473050212172
-0.00337091071464
-0.00631052433132
-0.00473521435321
-0.00304502857323
-0.00801445915452
-0.0061966021646
-0.00467351020611
-0.00331176282996
-0.0070247820832
-0.00276493797007
-0.00471202457431
-0.00661099832484
-0.00223452005361
-0.00424223907516
-0.00638855848516
-0.00703265180587
-0.00277285007712
-0.00472529330295
-0.00662434156231
-0.00224791684846
-0.00421259778384
-0.00635879698429
-0.00703969518029
-0.00277993139066
-0.00473772677921
-0.00663684487398
-0.0022604703584
-0.00418211656463
-0.00632819221969
-0.00704591204603
-0.00278618174765
-0.00474932471336
-0.00664850796521
-0.00227218028523
-0.00415079614117
-0.00629674958039
-0.00705130226144
-0.00279160007281
-0.00476008683502
-0.00665933056104
-0.00379802878279
-0.00413146172704
-0.00626887624981
-0.00705586570369
-0.00279618810396
-0.00477001289317
-0.0066693124062
-0.00380805072849
-0.0041134281653
-0.00625077114737
-0.00705960226876
-0.00279994480407
-0.00477910265622
-0.00667845326519
-0.00381722831608
-0.00409455015704
-0.00623181827462
-0.00706251187147
-0.00280287008657
-0.00478735591202
-0.00668675292224
-0.00382556132721
-0.00407822181644
-0.00621201808717
-0.00706459444547
-0.00404902364789
-0.00479477246787
-0.0066942111814
-0.00383304956354
-0.00408572786756
-0.00619137106068
-0.00706584994329
-0.00405028591209
-0.00480135215056
-0.00670082786652
-0.00383969284679
-0.00409238695754
-0.00616987769075
-0.0070662783363
-0.00405071661391
-0.00480709480638
-0.00670660282129
-0.00384549101876
-0.00409819892704
-0.00614753849292
-0.00706587961472
-0.00405031574343
-0.00481199936983
-0.00671153590924
-0.00385044394134
-0.00410316363695
-0.00612435400254
-0.00706465378766
-0.00404908330989
-0.00481606758891
-0.00671562701379
-0.00385455149652
-0.00410728096843
-0.00610032477476
-0.00706260088305
-0.00404782184144
-0.00481929843721
-0.00671887603823
-0.00385781358643
-0.00411055082291
-0.00607545138443
-0.00705972094772
-0.0040501981828
-0.00482169183918
-0.00672128290575
-0.00386023013332
-0.00411297312208
-0.00604973442606
-0.00705601404732
-0.00405174299136
-0.00482324773889
-0.00672284755944
-0.00386180107961
-0.00583242072559
-0.00602317451372
-0.00705148026635
-0.00405245623151
-0.00482396609994
-0.0067235699623
-0.00386252638783
-0.00583314776042
-0.005995772281
-0.00704611970817
-0.0040523378868
-0.00482384690554
-0.00672345009725
-0.00386240604071
-0.00583302712681
-0.0059675283809
-0.00703993249492
-0.00405138795997
-0.00482289015847
-0.00672248610449
-0.00386144004111
-0.00583205882765
-0.00593844348579
-0.00703291876759
-0.0040496064729
-0.00482109588111
-0.00672068173205
-0.00385962841206
-0.00583024288612
-0.00590851828729
-0.00702507868593
-0.00404699346667
-0.0061168544443
-0.00671803515995
-0.00385697119674
-0.00582757934573
-0.00590379224282
