0.000468213538646
0.00294730395976
0.00277992134912
0.00119971230553
0.000961871576125
0.00372075846217
0.00356149077304
0.000379127990946
0.00285681679263
0.00268809273233
0.00110661464114
0.000867589821954
0.00362539019691
0.00346377501801
0.000290729693023
0.00276702557171
0.0025969710859
0.00101422885416
0.000774027055184
0.00353074737818
0.00336678881925
0.000203020172305
0.00267793189295
0.00250655248507
0.00503541965476
0.00068118506619
0.00343683185443
0.00327053410337
0.000116000948796
0.00258954107002
0.00241684137929
0.0049444627997
0.000589065637431
0.00334364546612
0.00317501278915
0.00240017633471
0.002501847233
0.0023278394162
0.00485422298337
0.00049767054331
0.00325119004557
0.00308022678739
0.00231454223535
0.00241485568004
0.00223954823548
0.00476470191019
0.000407001550024
0.0031594674168
0.00298617800076
0.00222960667281
0.00232856797606
0.00487427564575
0.00467590127636
0.000317060415417
0.00306847939538
0.0028928683236
0.00214536368564
0.00224298567792
0.00478741091631
0.00458782276972
0.00314250856777
0.00297822778825
0.00280029964182
0.0020618184803
0.00215811033426
0.00470126183919
0.00450046806957
0.00305402838989
0.00288871439361
0.00566799345737
0.00640037988667
0.00207394348545
0.00461583002089
0.00441383884657
0.00296628129263
0.00279994100072
0.0055769123893
0.00631823465584
0.0019904866634
0.0045311170593
0.00432793676259
0.00287926899894
0.00271190938977
0.00548657792182
0.00623679160113
0.00190774139145
0.00444712454354
0.00424276347056
0.00279299322266
0.00262462133172
0.00539699190531
0.00615605217053
0.00182570918429
0.00436385405385
0.00415832061434
0.00270745566843
0.00253807858815
0.00530815618086
0.00607601780345
0.00174439154778
0.00428130716146
0.00407460982856
0.00262265803148
0.00245228291107
0.00522007258012
0.00599668993061
0.00166378997885
0.00419948542843
0.00399163273854
0.0025386019975
0.00236723604282
0.00513274292511
0.00591806997394
0.00158390596539
0.00411839040755
0.00390939096005
0.00245528924249
0.00228293971587
0.00504616902808
0.00584015934643
0.0015047409861
0.00403802364221
0.00382788609927
0.00237272143264
0.00219939565267
0.00496035269132
0.00576295945203
0.0014262965104
0.00395838666622
0.00374711975259
0.00229090022414
0.00211660556553
0.00487529570702
0.00568647168555
0.00134857399826
0.00387948100374
0.00366709350649
0.00220982726306
0.00203457115642
0.00478652855642
0.00561069743254
0.00127157490014
0.00380130816911
0.00358780893738
0.00212950418517
0.00195329411682
0.00467326559137
0.00153877502393
0.00166282942344
0.0017249636217
0.00171758472897
-0.00160057179485
0.00223470202434
0.00237531257708
0.00144523739818
0.00156572601929
0.00162408908931
0.00161272795865
-0.00170962436549
0.00212124243392
0.00225724379188
0.00133921100523
0.0014694885819
0.00152410592875
0.00150878836373
0.00185175821262
0.00200875197649
0.00214016973172
0.00122815532082
0.00137411980114
0.0014250171289
0.00140576926828
0.00174459570004
0.00189723476739
0.00202409497263
0.00111790560187
0.00127962235363
0.0013268256651
0.00497316595184
0.00163838375114
0.00178669490936
0.00190902407936
0.00100846461779
0.00118599890236
0.0012295344988
0.0048719977728
0.00153312603747
0.00167713649198
0.00179496160464
0.000899835130264
0.00109325209642
0.00113314657715
0.00477175998227
0.00142882621628
0.00156856359108
0.00168191208852
0.00079201989292
0.00100138457065
0.00456001435414
0.00467245584738
0.00132548792997
0.0014609802681
0.00156988005767
0.000685021651091
0.000910398945344
0.0044654417042
0.00457408861997
0.00122311480562
0.00135439056951
0.00145887002465
0.00057884314152
0.00420098945854
0.00437178105087
0.0044766615361
0.00450826290002
0.00124879852619
0.00134888648723
0.000473487092078
0.00411177543517
0.00427903528037
0.00438017781559
0.0044078309168
0.00114420815284
0.00123993392765
0.000368956221485
0.00401491433853
0.00418720726276
0.0042846406616
0.00430837581077
0.00104062344731
0.00113201681188
0.00351081555401
0.00390737246763
0.00409629985153
0.00419005326017
0.00420989927972
0.000938048390032
0.00102513958895
0.00340794315922
0.00380068322149
0.00400631588322
0.00409641877977
0.00411240579745
0.000836487874664
0.000911749048955
0.00330590404167
0.00369484957003
0.00391725817706
0.00400374037084
0.0040158988879
0.000732388733676
0.00079832296669
0.00320470088057
0.00358987447303
0.00382912953454
0.00391202116534
0.00392038205597
0.000624570113572
0.000685925223526
0.00310433634459
0.00348576087973
0.0037419327391
0.00382126427631
0.0038180374916
0.000517755114014
0.00057456044908
0.00300481309147
0.00338251172855
0.00365567055566
0.00372738251293
0.00371652591642
0.00041194785883
0.000464233257868
0.00290613376782
0.00328012994671
0.00356970775018
0.00363089010542
0.00361599592458
0.000307152455241
0.000354948248558
0.00280830100874
0.00317861844989
0.00347795272563
0.00353535263849
0.00351645116674
0.000203372993222
0.000246710003206
0.00271131743759
0.00307798014193
0.00338712588799
0.00344077335489
0.0034178952756
0.00010061354485
0.000139523086493
-0.00242468835966
-0.00378761703401
-0.00503667782436
-0.00117262571237
-0.00217336409605
-0.00350944870515
-0.00472524172542
-0.000817113072267
-0.00176109679106
-0.0025581878158
-0.00401466510186
-0.000522271842225
-0.00190314778637
-0.0033467700462
-0.00464761403246
-0.000803767673343
-0.00198022513028
-0.00320033067935
-0.00430487999164
-0.000488026907577
-0.00159164507665
-0.00213312390574
-0.00366504009554
-0.00491166699231
-0.00104533183882
-0.00210179090247
-0.00344018845437
-0.00465453391543
-0.000745063014213
-0.00168783535491
-0.00248387134898
-0.0035039147358
-4.79552389934e-06
-0.00154120957365
-0.00298343117701
-0.00459645385732
-0.000751370647882
-0.00194520293878
-0.00316435895241
-0.00421223906817
-0.00037441948809
-0.0014706694194
-0.00197904428686
-0.00333616361467
-0.00457967945364
-0.000706631614511
-0.00182180024752
-0.00333317830678
-0.00454529310931
-0.000633755072901
-0.00157466214293
-0.00236907385844
-0.00326504955889
0.000121486463541
-0.00144903395752
-0.00288859432227
-0.00418557066526
-0.000337732969394
-0.00154766860624
-0.00276456420863
-0.00415810509563
-0.000443494199963
-0.00154156283097
-0.00179115100514
-0.0031443169937
-0.00438406173037
-0.000507478547063
-0.00168040917488
-0.00301328463545
-0.00422240045704
-0.000304486544057
-0.00124288608268
-0.0022140459954
-0.00305193761276
0.000253166071131
-0.00131334088314
-0.00274900167743
-0.00404226794645
-0.000190994368509
-0.00141572919154
-0.00262907437494
-0.00386018703889
-0.000146023738212
-0.00124452581637
-0.00156973251088
-0.00291826954745
-0.00415360043332
-0.000272880894601
-0.00150253845532
-0.00283145053919
-0.00403681529687
-0.00011542590883
-0.0010506910994
-0.00184019169898
-0.00280514398737
0.000609045786915
-0.00113447294219
-0.00256502602155
-0.00385343533565
2.33396714627e-06
-0.00123587273807
-0.00244441176052
-0.00382506220722
-0.00510002451546
-0.00121396388573
-0.00145977382524
-0.00280302744962
-0.00403332269521
-0.000159392632313
-0.00128850531739
-0.00261267971891
-0.00381356248802
0.000111977915155
-0.000819545107262
-0.00160578975706
-0.0027769529219
0.000824174383299
-0.000730604795332
-0.00215488136294
-0.003437325814
-0.00456659088178
-0.00100865117116
-0.00230419603095
-0.00373893136429
-0.00501133033524
-0.0011545949242
-0.00117235688681
-0.00250969630869
-0.00373435754828
9.28376468614e-05
-0.00119484241798
-0.00251353002699
-0.00370922470488
0.000377274181919
-0.000549921089357
-0.00147314081276
-0.00270781305954
0.00092922936991
-0.000527849443123
-0.00188370070998
-0.00315911918605
-0.00439752839683
-0.000549473810377
-0.00198637869264
-0.00341681643248
-0.00468516438202
-0.00104147503583
-0.000852553606823
-0.00218337394142
-0.00340182840894
0.0003639016624
-0.000909671473
-0.00222215175859
-0.00341198035893
0.000510298989468
-0.000412008071282
-0.00153526461322
-0.0027675255933
-0.00392532813931
-0.000383931186413
-0.00170175517042
-0.00298224912055
-0.00424497612665
-0.000357353778845
-0.00180513453257
-0.00322973768545
-0.00449258946839
-0.000687213243384
-0.00103345749975
-0.00233588887695
-0.00304902650475
0.000669263655268
-0.000589634374048
-0.00189521837223
-0.00307853391481
0.000849767794918
-6.7118220253e-05
-0.00138806502154
-0.00261704036908
-0.00391357228541
-0.000383185030212
-0.00169620572559
-0.002974575401
-0.0040465983637
-0.000154358260458
-0.00157576216594
-0.00299305035567
-0.00424901739126
-0.000468091105717
-0.000683226822068
-0.00194509049213
-0.00322779746027
0.000457333712046
-0.000786363670432
-0.00208439608508
-0.00270948796175
-0.00375655179596
0.000152838079087
-0.00120149839323
-0.00242633476844
-0.00369119835109
-0.000154699161955
-0.00146188109063
-0.00273704522705
-0.00398863480622
-0.000110258669205
-0.00150413966356
-0.00270753791636
-0.00395530063947
-0.00019709854731
-0.000301705196123
-0.00153384925266
-0.00287058051582
-0.00411508194648
-0.0003982439336
-0.0016881066639
-0.00285659103732
-0.00389654049686
-0.000220521900001
-0.00156960991401
-0.00219582243376
-0.00342835572969
0.000115300577855
-0.00118504915697
-0.00245596479356
-0.0037003956804
0.000184552738877
-0.00118078253213
-0.0025792875292
-0.00381760599678
-0.000105074042881
-0.000700773170436
-0.00115780328892
-0.00248689659119
-0.00370995033011
2.30072399614e-05
-0.00125810519311
-0.00241834400003
-0.00354998937298
3.74479448316e-05
-0.00130554617247
-0.00251965435437
-0.00376541380196
-0.000210164118169
-0.000866389065059
-0.00213205821382
-0.00336834184385
0.000524079751703
-0.000814714933673
-0.00220391107064
-0.00343372337122
0.000247044554373
-0.000277636736309
-0.00156189310527
-0.00288281313042
-0.00412898789919
0.000476734409761
-0.000795086785497
-0.00194657725153
-0.00329605911558
0.000332593769121
-0.00100349622078
-0.00221107964119
-0.00348430889527
0.000140889915458
-0.00114301189675
-0.00240845841753
-0.00362969542622
0.000228687805135
-0.000411957870115
-0.00178901123523
-0.00300744914365
0.000635143588522
0.000131783461539
-0.00115975179058
-0.00252762172721
-0.00378627545614
-1.44692234079e-05
-0.00114117093988
-0.00245638774343
-0.00384729751972
0.000662284106162
-0.000664056044437
-0.00186745036146
-0.00316389977655
0.000531332321206
-0.000743063699239
-0.00201433436449
-0.00321272406212
0.000501092101683
-0.000644301816003
-0.00200814712123
-0.00321423249061
0.000350409513124
0.000571092522644
-0.000798997038305
-0.00215949645661
-0.00341109777392
0.000367350470667
-0.00073657231623
-0.00213783263626
-0.00352143982106
0.000126147816501
-0.00115684696751
-0.00238556226389
-0.00367383210955
0.0009603156799
-0.000303798646801
-0.00157983741392
-0.00285867059266
0.000809394153867
-0.000300586342855
-0.00150522591088
-0.00272807053795
0.000832634935783
0.000106593092839
-0.00134051768078
-0.00269310729401
-0.00300400757224
0.000716377900781
-0.000440876343287
-0.00178484473812
-0.00316045003691
0.000494771975999
-0.000744644449694
-0.00199757078115
-0.00327691597978
0.000489539826178
-0.000719567943463
-0.00201475501241
-0.00340910428792
0.00116106350581
5.91137679306e-05
-0.000960322956234
-0.00221650551949
-0.00356640600654
0.000527598380466
-0.000918566469355
-0.00226273588484
-0.00354107061919
0.000103459570239
-0.00104795100841
-0.00233452773336
-0.00276494747176
0.000898532564924
-0.000297170051422
-0.00157319121653
-0.00284291640563
0.000932524083778
-0.000321258584432
-0.00171529997334
-0.00302461145582
0.000641526545554
-0.00045156099152
-0.00138204692435
-0.00166251666896
-0.00303682084732
0.000970135411073
-0.000466831151553
-0.00182262737593
-0.00319150500975
0.000459776941145
-0.000685267738671
-0.00191445686204
-0.00327211713221
0.00039981891214
-0.000752128576219
-0.00111321990996
-0.00237268262664
0.00141233375887
-2.20036139764e-06
-0.00138784718816
-0.00266118272402
-0.00383433441366
-6.34857988295e-06
-0.000928298687317
-0.00213129598982
-0.00361682883489
0.000497838970737
1.41121599807e-05
-0.00144901490484
-0.00281028576909
0.000848276989175
-0.000289907256382
-0.00146181288871
-0.00280961242711
0.000871707407098
-0.000236532734646
-0.0015554007649
-0.00280401069594
0.000922052335071
-0.000580786669388
-0.00102021944799
-0.00227113531049
-0.00340395032051
0.000479961726765
-0.000502103245771
-0.00187510671223
-0.00323689046943
0.000997291006253
-0.000533423794433
-0.00198838437045
-0.00334152121043
0.000311864179433
0.000137536666968
-0.000977541154095
-0.00231468770069
0.00137651509291
0.000280555398659
-0.00102679155404
-0.00226401287348
-0.00360309014091
-0.000183967661924
-0.0015501486012
-0.00278036163115
-0.00390138752308
3.94707573688e-05
-0.000208694102493
-0.00157328509843
-0.00285243914185
0.0014334282749
-0.000108076198363
-0.00155412361642
-0.00289863026699
0.000763003825511
-0.000360092542043
-0.00152912567406
-0.0028160205942
-0.00398455990589
0.000699799963611
-0.000548004327635
-0.00176749836069
-0.00317996364112
0.000244972289589
-0.00111897207228
-0.00234794584929
-0.0034323564639
0.000527717781057
-0.00080942835508
-0.00216448342295
-0.00343775822555
0.00362930414413
0.003451049139
0.00203220292662
0.00184616144285
0.00464757462501
0.0043955612894
1.41628884197e-05
0.00354661902844
0.00334250698444
0.00193789617196
0.00175092160854
0.00455364838083
0.00430078800821
0.00311868540013
0.00346455119287
0.00323223263736
0.00184420433806
0.00165630143808
0.0044603496126
0.00420497147889
0.00300872706684
0.00338310176615
0.00312254277935
0.0017511305989
0.00156230227926
0.00436767967884
0.00409664813127
0.00289938264582
0.00329740029698
0.00301343885581
0.00164744760815
0.0014689254749
0.00427563993278
0.00398893625831
0.0027906537253
0.00319008774835
0.00290492230919
0.00153780459949
0.00137617236277
0.00418423172231
0.00388183740502
0.00268254189001
0.00308335940161
0.00279699644149
0.00547490514866
0.0012840442755
0.00408395666974
0.00377535311277
0.00257504872107
0.00297721665019
0.00268965896366
0.00536644976618
0.00118798002433
0.00397388308483
0.00366948491923
0.00246817579594
0.00287166088429
0.00258291317135
0.00525859040893
0.00107909254857
0.00386441429989
0.00356423435826
0.00236192468826
0.00276669349076
0.00247676049428
0.00515132854737
0.00097080656279
0.00375555185857
0.00345960295981
0.00225629696783
0.0026623158531
0.00237120235877
0.00504466564858
0.000863123572283
0.00364729730121
0.00335559224986
0.00215129420047
0.00255852935131
0.00226624018773
0.00493860317624
0.000756045078925
0.00353965216472
0.00325220375029
0.00204691794793
0.00245533536186
0.00216187540052
0.00483314259051
0.000649572581114
0.00343261798251
0.00314943897884
0.00194316976781
0.00235273525759
0.0020581094129
0.00472828534797
0.000543707573683
0.00332619628436
0.00304729944895
0.00184005121346
0.00225073040766
0.00195494363693
0.00462403290153
0.000438451547815
0.00322038859639
0.00294578666975
0.00173756383388
0.00214932217745
0.00185237948093
0.00452038670034
0.000333805990956
0.00311519644096
0.0028449021459
0.00163570917362
0.0020485119285
0.00175041834937
0.00441734818973
0.000229772386733
0.00301062133652
0.00274464737753
0.00153448877272
0.00194830101844
0.0016490616428
0.00431491881109
0.000126352214865
0.00290666479761
0.00263677348204
0.00143390416654
0.0018486908009
0.00154831075775
0.00421310000183
2.35469510771e-05
0.00280332833471
0.00252719324536
0.00133395688575
0.00174968262543
0.00435687933968
0.00411189319527
-7.8641932983e-05
0.00270061345417
0.00241822991399
0.00123464845617
0.00165127783744
0.00425734427094
0.00401129982058
0.00275884736056
0.00259852165811
0.00230988508438
0.0011359803987
0.0027442634878
-0.000520368205843
-0.00039578714604
-0.000281318003597
-0.000112473721662
0.0001298991069
0.000381998818323
0.00264149339118
-0.000626127371262
-0.000504640223769
-0.000393365695208
-0.000227810077944
9.38819729759e-06
0.00413912121308
0.00253941161923
-0.000731183694773
-0.000612775932739
-0.000504681567405
-0.000342400338675
-0.000110366763614
0.00401577382941
0.00243802000008
-0.000835535199164
-0.000720192134653
-0.000615263308425
-0.000456242006065
0.00362400086377
0.00389319894105
0.00233732035591
-0.000939179913143
-0.000826886697023
-0.000725108612098
-0.000569332587588
0.00350576596595
0.00377139948594
0.00223731450282
-0.00104211587148
-0.000932857493333
-0.00083421517804
-0.000681669596193
0.00338829517374
0.0036503783982
0.0021380042507
-0.00114434111518
-0.00103810240322
-0.000942580711844
0.00305861393641
0.00327159119693
0.0035301386079
0.00201667578826
-0.00124585369161
-0.00114261931263
-0.00105020292527
0.00294779151182
0.00315565674031
0.00340854448114
0.00189518203564
-0.00134665165466
-0.00124640611401
0.00266894074904
0.0028377300863
0.00304049450346
0.00328494175669
0.00177434457406
-0.00146043245021
-0.00134946070647
0.00256281201544
0.00272843212284
0.0029261071805
0.00316211674932
0.00165416548095
-0.00158410479391
-0.00145178099595
0.00245743342798
0.0026199000779
0.00281249745983
0.00304007244546
0.00153464683112
-0.00170710509713
0.00218942934525
0.00235280817961
0.00251213640114
0.00269966802389
0.0029188118277
0.00141579069664
0.00148536943388
0.00206351407374
0.00224893666215
0.00240514353524
0.00258762154894
0.00279833787457
0.00129759914669
0.00511061316594
0.00193828695561
0.00214582205406
0.00229892391564
0.00247636070479
0.00267865356022
0.00118007424745
0.00498964237403
0.00181375039306
0.00202372969704
0.00219348090169
0.00236588815454
0.00255976185418
0.00106321806192
0.00486935254063
0.00168990678611
0.00189621748826
0.00207664203802
0.00225620655436
0.00244166572107
0.00458377279789
0.00474974588846
0.0015667585325
0.00176941246225
0.00195135642141
0.00214731855322
0.00232436812034
0.00446826021554
0.00463082463722
0.00144430802748
0.00164331720209
0.0018268056401
0.0020346425292
0.00220787200596
0.00435342251565
0.00451259100341
0.00132255766366
0.0015179342889
0.00170299241284
0.00190706479947
0.00209218032616
0.00423926174726
0.00439504720024
0.00120150983079
0.00139326630162
0.00157991945558
0.00178024026555
0.00197729602315
0.00412577995552
0.00427819543738
0.00108116691567
0.00126931581687
0.00145758948128
0.00165417185893
0.00186322110148
-0.00611411536472
-0.00537369156849
-0.00451943404256
-0.0036054135215
-0.00268215784586
-0.00586853244131
-0.00526098643623
-0.00606726687857
-0.00531456519259
-0.00445784162778
-0.0035413203945
-0.00261557130494
-0.00579951447113
-0.00518789794194
-0.00601919257636
-0.00525418062485
-0.00439494319958
-0.0034758733417
-0.00647203450913
-0.00572905002069
-0.00511331943553
-0.00596989492449
-0.00519254117742
-0.0043307424878
-0.00340907654896
-0.00640265045821
-0.00565714427271
-0.0050372567765
-0.00591937644523
-0.00512965021933
-0.00426524328487
-0.00708253016482
-0.0063318747378
-0.00558380249038
-0.00495971590934
-0.00586763971616
-0.00506752558822
-0.00419844944478
-0.00701304672281
-0.00625971216953
-0.00550903001567
-0.00488070286142
-0.00581468736948
-0.00501239187184
-0.00413036488199
-0.00694222650476
-0.0061861676466
-0.00543283226749
-0.00480022374091
-0.00211820238978
-0.0049559987901
-0.00763632137655
-0.00687007396317
-0.00611124613226
-0.00535521473996
-0.00471828473461
-0.00206282691983
-0.00489834942592
-0.00756566734835
-0.00679659361397
-0.0060349526583
-0.00527618300055
-0.00463489210585
-0.00200624405028
-0.00830364466049
-0.00749373469305
-0.00672179003526
-0.00595729232346
-0.0051957426883
-0.00455005219234
-0.00194845662537
-0.00824349221256
-0.0074205275563
-0.00664566786598
-0.00587827029193
-0.00511389951203
-0.00446887457206
-0.00188946754069
-0.00818209307745
-0.00735504530855
-0.0065682318046
-0.00579789179179
-0.0050306592485
-0.00438782691423
-0.00529347748246
-0.00811945056631
-0.00728989805779
-0.00648948660785
-0.00571616211342
-0.00494602774058
-0.00430533189059
-0.00523209396693
-0.00805556804528
-0.00722346615395
-0.00640943708931
-0.00563308660798
-0.00486001089545
-0.00422139524442
-0.00516951777952
-0.00799044893464
-0.00715575342847
-0.00632808811818
-0.00554867068583
-0.00477261468276
-0.00413602325681
-0.00510575201419
-0.00792409670794
-0.00708676377098
-0.00624544461786
-0.00546291981495
-0.00468384513284
-0.00404922227886
-0.00504079981275
-0.00785651489113
-0.0070165011283
-0.00616697569082
-0.00537583951938
-0.00459370833482
-0.00396099872961
-0.00497466436408
-0.0077877070617
-0.00694496950337
-0.00609270610323
-0.00528743537768
-0.00450221043484
-0.00387135909399
-0.00490734890343
-0.0077176768478
-0.00687217295421
-0.00601712951531
-0.00519771302131
-0.00440935763427
-0.00378030992071
-0.00483973355275
-0.00764642792734
-0.00679811559284
-0.00594025050598
-0.00510667813311
-0.0043151561878
-0.00368785782017
-0.00479708618911
-0.00757396402712
-0.00672280158423
-0.00586207371119
-0.0050143364457
-0.00421961240174
-0.00359400946242
-0.00657706685275
-0.00532662973171
-0.00606041418101
-0.00493116588278
-0.00532001599135
-0.00464001644024
-0.00801651657176
-0.0065470813494
-0.00528233077775
-0.00601571984083
-0.00488619249172
-0.00526545929286
-0.00458518004393
-0.00796155529852
-0.00651603077493
-0.00523697102129
-0.00596995567328
-0.00484014291096
-0.00520983323654
-0.00452926919658
-0.00790551730217
-0.00648391631481
-0.00519692081135
-0.00592312346294
-0.0047930189581
-0.00515314001372
-0.0044722861225
-0.00784840482189
-0.0064507391933
-0.00516348097576
-0.00587522596322
-0.00474482248893
-0.00509538185158
-0.00441423308236
-0.00779022013338
-0.0064165006732
-0.00512897155768
-0.00582626317077
-0.00469555539703
-0.00503656101278
-0.00435511237276
-0.0077309655485
-0.00638120205559
-0.00509339388905
-0.00577623791305
-0.00464521961347
-0.00787080829414
-0.00429492632576
-0.00767064341475
-0.00634484467964
-0.00505674934072
-0.0057251521227
-0.00459381710641
-0.00785043289824
-0.00423367730849
-0.0076092561149
-0.00630742992231
-0.00503368915243
-0.0056730077685
-0.00456267035042
-0.00782896011767
-0.00417136772268
-0.00754680606652
-0.00626895919812
-0.00502565838075
-0.005619806855
-0.00454020875898
-0.00780639081814
-0.00410800000425
-0.00748329572153
-0.00622943302755
-0.00501654680839
-0.00556555142216
-0.00451665672265
-0.00778272590857
-0.00404357662281
-0.00741872756575
-0.00619733813805
-0.00500635479032
-0.00553961095756
-0.0044920151799
-0.00775796634094
-0.00397810008128
-0.00735310318711
-0.00618616723505
-0.00499508272345
-0.00552826620813
-0.00446628511147
-0.00773211311009
-0.00392504410238
-0.00728642700051
-0.00617392638016
-0.00498273104652
-0.00551583491011
-0.00443946754017
-0.0077051672535
-0.00389804459796
-0.00721870065938
-0.00616061604107
-0.00496930024002
-0.00806026299106
-0.00441156353066
-0.00767712985112
-0.00386995141216
-0.00714992678056
-0.00614623672602
-0.00495479082607
-0.00804566010779
-0.00438257418927
-0.0076480020251
-0.00384076567383
-0.00708010801246
-0.00613078898369
-0.00493920336838
-0.00802997227268
-0.00435250066377
-0.00761778493966
-0.00381048855409
-0.00700924703458
-0.00611427340312
-0.00492253754076
-0.0080132001026
-0.00432134414314
-0.00758647980076
-0.00377912126605
-0.0069373465571
-0.0060966906136
-0.00490479585232
-0.00799534425657
-0.00428910585736
-0.00755408785592
-0.00374666506463
-0.00687191719459
-0.00607804128451
-0.0048859780594
-0.00797640543557
-0.00425578707714
-0.00752061039398
-0.00371312124628
-0.00683840100375
-0.00605832612526
-0.00486608489075
-0.00795638438247
-0.00422138911368
-0.0074860487448
-0.00367849114874
-0.00680379940466
