-0.000870074741819
-0.000468211504602
-0.00385505257441
-0.0022843075446
-0.000636889901999
0.000895818850169
-0.00358130037551
-0.000965784776188
-0.00056350951198
-0.00392957567698
-0.00235587798368
-0.000751023492949
0.000782408304617
-0.00367696873559
-0.00106062417975
-0.000657939804129
-0.00402340166039
-0.00242655039454
-0.000864347841418
0.000669803575379
-0.00377179660755
-0.00115459028202
-0.000751499742445
0.000795070379502
-0.00249632276124
-0.000976860051581
0.000558007509455
-0.00386578150326
-0.0012476804263
-0.000844186702082
0.000702978935481
-0.0025430313356
-0.00108855723468
0.000447022946677
-0.00395892094698
-0.00133989197005
-0.000935998072269
0.000611758614498
-0.00261099764544
-0.00119943650931
0.000336852719435
-0.00405121247568
-0.00143122228514
-0.00102693125662
0.00052141196649
-0.00267805798286
-0.00130949500172
0.000227499652385
-0.00415960998691
-0.00152166875826
-0.00111698367347
0.000435639808737
-0.0027728764085
-0.00141872984611
0.000118966562167
0.000632485930397
-0.00161122879117
-0.00120615275616
0.000347048097773
-0.00288176484718
-0.00152713818491
1.12562571141e-05
0.000519153803365
-0.00169989980105
-0.00129443595337
0.000259337620744
-0.00298982135627
-0.0016347171691
-9.56284630371e-05
0.000406629900393
-0.00178767922083
-0.00138183072946
0.000172510867324
-0.00309704306139
-0.00174146395847
-0.00020168480744
0.000294917082806
-0.00187456449951
-0.00146833456475
8.65703113456e-05
-0.00320342709721
-0.00184737572197
-0.000306909994428
0.000371417070504
-0.00196055310248
-0.00155394495586
1.51841049419e-06
-0.00330897060787
-0.001952449638
-0.000411301251817
0.000261334978392
-0.00204564251185
-0.00163865941602
-8.26423940026e-05
-0.00341367074719
-0.00205668289467
-0.000514855817193
0.00015207251101
-0.00212983022676
-0.0017224754754
-0.000165909677685
-0.00351752467903
-0.00216007269018
-0.000430172072398
4.36324989659e-05
-0.00221311376373
-0.00180539068141
-0.00024828103317
-0.0036205295776
-0.00226261623307
-0.000532045007105
-6.39822355382e-05
-0.00229549065697
-0.00188740259904
-0.000329754070459
0.00117430367048
-0.00236431074255
-0.000633073024203
-0.000170768878998
-0.0023769584587
-0.00196850881115
-0.000410326417253
0.00107300527285
-0.00246515344879
-0.000733253403376
-0.000276724626904
-0.00245751473948
-0.00204870691883
-0.000489995719251
0.00097256432063
-0.00234627333768
-0.00083258343559
-0.000381846684036
-0.00253715708852
-0.00212799454166
-0.00056875964047
0.000872983595063
-0.00244540417352
-0.000931060423395
-0.000486132264767
-0.00261588311406
-0.0022063693181
-0.000646615863541
0.000774265865465
-0.0025436749657
-0.00192277184196
-0.000589578593356
0.000209412844628
-0.00184193895098
-0.00365641808871
-0.000550427051893
-0.00229081808799
-0.00419202680153
-0.00114973402821
0.000103518534842
-0.00195028860188
-0.00376710710406
-0.000663300846029
-0.00240568150018
-0.00428946777019
-0.00124921915015
-1.47784774268e-06
-0.00205772556257
-0.00387686975185
-0.000775235848683
-0.0025195951064
-0.00438589369669
-0.00134767303761
-0.000105573075821
-0.00216424639813
-0.0039857023928
-0.000886228224044
-0.00263255488714
-0.0044813008744
-0.00114022729348
-0.000208763934502
-0.00226984768589
-0.00409360139962
-0.000996274147942
-0.00274455683411
-0.00458064024334
-0.00124736182328
-0.000311047221715
-0.00237452601587
-0.00420056315752
-0.00110536980837
-0.0028555969508
-0.00468453748788
-0.00135348128758
-0.000412419748616
-0.00247827799123
-0.00430658406462
-0.001213511406
-0.00296567125306
-0.00478743099829
-0.00145858150327
-0.000512878339999
-0.00258110022874
-0.00441166053253
-0.00132069515471
-0.00307477576962
-0.00488931684311
-0.00156265830472
-0.000612419834706
-0.00268298935918
-0.00451578898678
-0.00142691728214
-0.00318290654271
-0.00499019110918
-0.00166570754448
-0.000711041086044
-0.00272330920297
-0.00461896586733
-0.00153217403019
-0.00329005962859
-0.00509004990217
-0.00176772509393
-0.000808738962195
-0.00282332207016
-0.00465541856018
-0.00146066520638
-0.00339623109815
-0.00518888934725
-0.00186870684398
-0.00090551034664
-0.00292239181151
-0.00475668167344
-0.00156397998117
-0.00328155878597
-8.32387272738e-05
-0.00175305032366
-0.00100135213857
-0.00302051511857
-0.00485698262447
-0.00166631819332
-0.00338575529693
-0.000180027933157
-0.00185194822909
-0.00109626125331
-0.00311768869921
-0.00495631791597
-0.00176767614727
-0.00348895849779
-0.000275786289871
-0.00194979813178
-0.00119023462274
-0.0032139092781
-5.95233314448e-05
-0.00186805016442
-0.00359116452374
-0.000370510006841
-0.00204659600757
-0.00128326919572
-0.00330917359719
-0.000156916880265
-0.00196743658374
-0.00369236952755
-0.000464195316145
-0.00214233785529
-0.0013753619385
-0.00340347841615
-0.000253334381353
-0.00206583176228
-0.00379256968016
-0.000556838473145
-0.00223701969741
-0.00146650983517
-0.00349682051286
-0.000348772408252
-0.00216323207579
-0.00390264895751
-0.000655163131203
-0.00233063758077
-0.00155670988806
-0.00358919668385
-0.0004432275535
-0.0022596339192
-0.0040213094549
-0.000775996086032
-0.00242318757731
-0.00164595911817
-0.00368060374482
-0.000536696429147
-0.00235503370726
-0.00413900926071
-0.000895857384386
-0.00251466578472
-0.00173425456562
-0.00377103853107
-0.000629175667275
-0.00244942787505
-0.00425574407612
-0.00101474251684
-0.00260506832718
-0.00432601620276
-0.00528410408567
-0.00630379515512
-0.00324306741435
-0.00431999734677
-0.00535772211129
-0.0064400136305
-0.00479436742265
-0.00158105149861
-0.00258966513987
-0.00373900675117
-0.00479665228506
-0.00585918844892
-0.00267243405906
-0.00360907180754
-0.00476332849796
-0.00586023537939
-0.00685377406448
-0.00377588541488
-0.00488559280136
-0.0060948501664
-0.00455123204648
-0.00551161058444
-0.00647450784785
-0.00495843184157
-0.0018157736647
-0.00286160699525
-0.00394612757538
-0.00496079703238
-0.00597105040325
-0.00281402514845
-0.0039664140394
-0.00502693789868
-0.00604271267866
-0.00707992524432
-0.00379708680009
-0.00497929403279
-0.00607922687067
-0.00439893655535
-0.00550898801479
-0.00238469680146
-0.00359714169099
-0.00207415207388
-0.00303659412644
-0.00394658444498
-0.00510714183145
-0.00618788301541
-0.00301993827683
-0.00410639468633
-0.00510364824512
-0.00611378248937
-0.00723431330143
-0.0041677771042
-0.00523086283654
-0.0061993313151
-0.00455940886428
-0.00128883646707
-0.00248830173034
-0.00359088438368
-0.0046021584366
-0.00567067672854
-0.00254922387429
-0.00376438325704
-0.00225289198819
-0.00327943552166
-0.00424372516759
-0.00523157928148
-0.00631380293224
-0.00315344950125
-0.00424154369077
-0.00524033635808
-0.00623075779765
-0.00740707659244
-0.0016637763329
-0.0027291003601
-0.00369869574
-0.00469062597973
-0.00566819660565
-0.00264841673151
-0.00380443779631
-0.00486675075202
-0.00582546604842
-0.00690105053507
-0.00390132450754
-0.00671955341684
-0.00355038250076
-0.00451749627825
-0.00547176364204
-0.00656187881431
-0.00756463746836
-0.0016723247393
-0.00267237268063
-0.00364273803001
-0.00487466065366
-0.00603415035822
-0.00287974599838
-0.00385112141988
-0.00479431169792
-0.00583224596279
-0.00709334674256
-0.00403732787478
-0.00510287197946
-0.00606458073296
-0.00433022325722
-0.00554935506897
-0.00696438772806
-0.00379798062196
-0.0020885578167
-0.00308495960909
-0.00417860689086
-0.00518469274359
-0.00187858553196
-0.00275792924725
-0.00374542156183
-0.00499519840223
-0.00615635246369
-0.00300352120955
-0.003976364097
-0.00487036034092
-0.00607257112785
-0.00729484602349
-0.00156272795603
-0.00263135709892
-0.00359571057659
-0.00440484752718
-0.00562522275221
-0.00451709193655
-0.0055663327037
-0.00231498135005
-0.00335349842895
-0.00445041246057
-0.00545957460032
-0.00637796202439
-0.00298107086155
-0.00383830287618
-0.0050894447251
-0.00625190347296
-0.00732194230269
-0.00139516703851
-0.0024926809646
-0.00371036331623
-0.00483209731657
-0.00596031349681
-0.00280977339811
-0.00377641390092
-0.00462712531548
-0.00553382841516
-0.00473812643581
-0.00576668970188
-0.00674088034828
-0.00359803606006
-0.00469794199725
-0.00570992217532
-0.0066309305855
-0.0074580744494
-0.00139370154521
-0.00264652937746
-0.00381047326416
-0.00488177039977
-0.0058567724295
-0.00277808199198
-0.00400015063323
-0.00512604655749
-0.00615155893714
-0.00295901602098
-0.00392757798929
-0.00482208560903
-0.00573200809411
-0.00493565118542
-0.00594318708344
-0.00691925368141
-0.00381837801303
-0.00492099392247
-0.00326650836891
-0.00418989070919
-0.00501921047931
-0.00165063645119
-0.00290727168021
-0.00407485552534
-0.00514959402686
-0.00612780703082
-0.00303643652822
-0.00426250333682
-0.00539219408923
-0.00642125992991
-0.0073440590161
-0.00136988754827
-0.00233790319516
-0.00327777319382
-0.00510951713147
-0.00348571002675
-0.0044422220972
-0.00560660616161
-0.00245036598265
-0.00346718073252
-0.00439268584878
-0.00522395084555
-0.00611378582867
-0.00314212853726
-0.0043130106613
-0.00539086824805
-0.00637199219403
-0.00748912014381
-0.00182193052412
-0.00295503813325
-0.00398730349253
-0.00491459590522
-0.00573301418123
-0.00247270805299
-0.00341482454913
-0.00262843252976
-0.00363742271218
-0.00458574491903
-0.00577804374144
-0.00262393075397
-0.00364275008243
-0.00457012049096
-0.00540309499106
-0.00631945876967
-0.00335088308388
-0.00452471270498
-0.00295685567564
-0.00394058208951
-0.00504411745579
-0.00202861708936
-0.0031647509085
-0.0041998514438
-0.00512975698115
-0.00595053561451
-0.00257716859083
-0.00352103170673
-0.0027546014363
-0.0037649726661
-0.00473059219301
-0.00592480951542
-0.00703380921712
-0.00379306597877
-0.0047220393972
-0.00297133847864
-0.00391406300886
-0.00517993466483
-0.00206125601663
-0.00314434949137
-0.00413036316798
-0.00521986005863
-0.00645547691317
-0.00334588571027
-0.00438344771706
-0.00531562239663
-0.00613845105692
-0.00692241401433
-0.00359625869766
-0.00716740113263
-0.00386825947159
-0.00485096623524
-0.00355628545079
-0.00466680959833
-0.00568878746794
-0.0022631639313
-0.0030988329181
-0.0040677291683
-0.00533592314081
-0.00651456331594
-0.0033046626505
-0.00429263970005
-0.00536766112993
-0.00660561343492
-0.00774659372304
-0.00453788253511
-0.00286315192634
-0.00368771308491
-0.00447313831624
-0.00118105147301
-0.00486188921229
-0.00145670514262
-0.00245627365986
-0.00365336490938
-0.00476510464886
-0.00578822841973
-0.00236367149491
-0.00320031829487
-0.00419516810076
-0.00546529454707
-0.00664578407049
-0.00343763355207
-0.00442724508971
-0.00297064588209
-0.00421049618837
-0.00535327993778
-0.00205415334785
-0.00298980619723
-0.00381577616675
-0.00463629991355
-0.00574916192947
-0.00491582963865
-0.0059287753455
-0.00252742932669
-0.00372546989645
-0.00483811424166
-0.00586209081597
-0.00679426218671
-0.00327570233984
-0.00429626156249
-0.0031659483618
-0.00434791007207
-0.00543624971694
-0.00201732340799
-0.00306212411292
-0.00430342884591
-0.00544759475012
-0.00649022258889
-0.00308661180989
-0.00391366184373
-0.00476905401766
-0.0058841324019
-0.00494558503598
-0.00595885867374
-0.00699141492545
-0.00377254017172
-0.00488577584488
-0.00591030991217
-0.00455586107441
-0.00092293845482
-0.00196893840224
-0.00324173961973
-0.00442479020415
-0.0055141605293
-0.00209619697891
-0.00312527938872
-0.00436759024592
-0.00551271236727
-0.00655623673695
-0.00315345286046
-0.00398125030194
-0.00248826160047
-0.00368536042602
-0.00495113216999
-0.00596446696571
-0.00483162718912
-0.00150740177749
-0.00262091120358
-0.00364570600157
-0.00457863720955
-0.00541671017638
-0.00201708238259
-0.00329061830586
-0.00447437219063
-0.00556440827123
-0.0065569051086
-0.00316004388963
-0.00440290928059
-0.00554855845988
-0.00429866618553
-0.00523679586966
-0.00159477619147
-0.00255974062744
-0.00375803967391
-0.00275097489141
-0.00376410392721
-0.00482857158756
-0.00602748760397
-0.00261777580355
-0.00364253388953
-0.00457543092073
-0.00541347255179
-0.00650944540162
-0.00331253709164
-0.00449660663266
-0.00558694152936
-0.00440557476931
-0.00540207591078
-0.00211543587588
-0.00326118117209
-0.00430528985352
-0.00524350266903
-0.0060717872844
-0.00260042760465
-0.00379941091312
-0.00270811141108
-0.00372076825646
-0.00480075694099
-0.00599930114627
-0.00258923502083
-0.00361365904796
-0.00454624509323
-0.00538400159298
-0.00443947304477
-0.00113333103797
-0.00231732859112
-0.00340759445825
-0.00440030595913
-0.00537997718454
-0.00209298453395
-0.00323839468066
-0.00428218911012
-0.00522011206047
-0.00604813466094
-0.00264461812026
-0.00380941995167
-0.00264108335576
-0.00365300269672
-0.00474820596749
-0.00594604833308
-0.00509321878948
-0.0014941216684
-0.00242611888554
-0.00326333723471
-0.00440791628726
-0.00568122391343
-0.00228482868964
-0.00337465789101
-0.0043669614676
-0.00532946723548
-0.00657127593659
-0.00318631425048
-0.00422939114545
-0.00516665226999
-0.00395695630579
-0.00511606742412
-0.00163130149833
-0.00711842564534
-0.00159558519131
-0.00270568647885
-0.00390249871397
-0.00501396261066
-0.00603683073471
-0.00234507595456
-0.0031815045952
-0.00434981865516
-0.00562224010356
-0.00222499660033
-0.0033140228233
-0.00430557630698
-0.00525060037357
-0.00456283377323
-0.00106470820523
-0.00210666677466
-0.00304289647138
-0.00396906109755
-0.0051266994682
-0.00158477019047
-0.000352987998636
0.00107187779364
-0.00318058862242
-0.00154049601138
-9.06196918684e-05
-0.00375036064942
-0.00252462045581
-0.000444380494196
0.00098089919568
-0.00327101418217
-0.00161311728135
-0.00018182788279
-0.00384119982575
-0.00261495639872
-0.000535011118777
0.000890679710753
-0.00336068432872
-0.00168496163669
-0.000272290377756
0.00101283878384
-0.00270455236268
-0.000624879800475
0.000801221248929
-0.0034495971844
-0.00175602754094
-0.000362005327726
0.000923488000276
-0.00279340654786
-0.000713980889285
0.000712525710506
-0.00353775088127
-0.00182631347028
-0.000450970892896
0.000834884146091
-0.00288151716355
-0.000802314333144
0.000624594985821
-0.00362514356126
-0.00189581791371
-0.000539185242865
0.000747029030871
-0.00296888242835
-0.000889878227536
0.000537430955084
-0.00371177337633
-0.00196453937318
-0.000626647488119
0.000659924454679
-0.00305550057026
-0.000976670678314
0.000451035488198
-0.0037976384887
-0.00203247636378
-0.000713353954905
0.000573572207906
-0.00314136982694
-0.00106268980188
0.000365410444583
-0.00388273707095
-0.00211369927422
-0.000799303773332
0.000487974071103
-0.00322648844577
-0.00114793372536
0.000280557673
-0.00396706730624
-0.00221819289608
-0.000884495152244
0.00040313181482
-0.00331085468407
-0.00123240058678
0.000196479011376
-0.00405062738847
-0.00232195617528
-0.000968926310708
0.000319047199446
-0.00339446680922
-0.00131608853529
0.000113176286629
-0.00413341552243
-0.00242498887816
-0.00105259547818
0.00023572197505
-0.00408987817058
-0.00139899573125
-0.000906256401607
0.000691668138002
-0.00253312686866
-0.00113550089466
0.000153157881213
-0.00417197691273
-0.00148112034651
-0.000988001816772
0.00058938803664
-0.00264087434343
-0.00121764081087
7.13566468719e-05
-0.00425331640594
-0.00156246056452
-0.00106896588213
0.000487851401424
-0.00274789592488
-0.00129901348841
-9.68000984189e-06
-0.0043338949595
-0.00164301458056
-0.00114914681657
0.000387058477916
-0.00285418945277
-0.00137961719993
-8.99503817662e-05
-0.00441371089354
-0.00172278060186
-0.00123719639911
0.000287011366793
-0.00295975277308
-0.00145945022927
-0.000169452772867
0.000451371964395
-0.00180175684784
-0.0013370438894
0.000187712161018
-0.00306458373815
-0.00153851087166
-0.000248185498401
0.000373086264752
-0.00187994155025
-0.00143613826406
8.91629456607e-05
-0.00316868020688
-0.00161679743386
-0.000326146885074
0.000295568157471
-0.00195733295335
-0.00153447741429
-8.63420228961e-06
-0.00327204004491
-0.00169430823432
-0.000403335271202
0.000218819277392
-0.00204695340674
-0.00163205923953
-0.000105677214104
-0.0033746611248
-0.00177104160336
-0.000479749006872
0.000142841247712
-0.00262873219853
-0.00460527100212
-0.00119712037549
-0.00303188082473
-0.0049627123018
-0.001737057547
-0.00345576396515
-0.00272861739477
-0.00470683605543
-0.00130026553623
-0.0031372748084
-0.00506983470379
-0.00184577953011
-0.00356474004215
-0.00282774016097
-0.00480762909741
-0.00140262982153
-0.00324188070006
-0.00517615977732
-0.00195369486612
-0.00367289821023
-0.002926098335
-0.00490764786423
-0.00150421086951
-0.0033456960266
-0.000291548686388
-0.00206080272641
-0.00378023755676
-0.00302368976329
-0.00500689010068
-0.00160500632692
-0.00344871832332
-0.000396271355908
-0.00216709949669
-0.00388675438376
-0.00312051230106
-0.0051053535604
-0.00170501384941
-0.00355094513425
-0.000500188966893
-0.00227258250254
-0.00399244593342
-0.00321656381253
-0.000212142589997
-0.00180423110171
-0.00365237401231
-0.000603298960106
-0.00237724907841
-0.00409730945712
-0.0033118421711
-0.000309041793647
-0.00190265575788
-0.00375300251963
-0.000705598785467
-0.00248109656784
-0.00420134221569
-0.00340634525955
-0.000405155536699
-0.00200028550152
-0.00385282822773
-0.000807085902312
-0.00258412232377
-0.00430454147971
-0.00350007097025
-0.000500481610305
-0.00209711802604
-0.00395184871778
-0.000907757779652
-0.00268632370879
-0.0044069045298
-0.00359301720534
-0.000595017815533
-0.00219315103485
-0.00405006158087
-0.00100761189644
-0.00278769809544
-0.00450842865692
-0.00368518187697
-0.000688761963578
-0.00228838224159
-0.00414746441823
-0.00110664574182
-0.00288824286648
-0.00460911116265
-0.00377656290746
-0.000781711875982
-0.00238280937037
-0.00424405484148
-0.0012048568154
-0.00298795541515
-0.00470894935952
-0.00386715822952
-0.000873865384849
-0.00247643015604
-0.00433983047288
-0.00130224262754
-0.00308683314549
-0.00480794057126
-0.00395696578645
-0.000965220333063
-0.00256924234435
-0.00443996462604
-0.00139880069954
-0.0031848734726
-0.00490608213316
-0.00404598353236
-0.0010557745745
-0.00266124369222
-0.00455843542678
-0.00149452856402
-0.00328207382292
-0.00500337139229
-0.00413420943233
-0.00114552597426
-0.00275243196799
-0.00467613634878
-0.00158942376508
-0.00337843163452
-0.0050998057079
-0.00422164146266
-0.00123447240886
-0.00285527982163
-0.00479306463371
-0.00168348385862
-0.00347394435737
-0.00519538245161
-0.00430827761104
-0.00132261176649
-0.00296954731992
-0.00490921752827
-0.00177670641262
-0.00356860945366
-0.000300083828906
-0.00439411587675
-0.00140994194718
-0.00308304500771
-0.00502459135315
-0.00186908528208
-0.00366242439806
-0.000393937595037
-0.00448089512691
-0.00149646086307
-0.00319577025959
-0.00513918522852
-0.00196062551047
-0.00375538202138
-0.00017285607001
-0.0038078565747
-0.00620149141968
-0.00675561034897
-0.00471374819038
-0.00260190256303
-0.00359873165759
-0.00581822082817
-0.00370922437644
-0.00610059518316
-0.00665247436382
-0.00460841429714
-0.00249443534656
-0.00352472617726
-0.0057424637577
-0.0036098412789
-0.00599893516683
-0.00654856121271
-0.00450229131008
-0.00238616773858
-0.00344984086556
-0.00566580887677
-0.00350970844825
-0.00589651267154
-0.00644387326568
-0.00439538173888
-0.00227710238848
-0.00337407777834
-0.00558825838346
-0.00340882798994
-0.0057933299374
-0.00633841290069
-0.00428768810108
-0.00216724195332
-0.00329743898907
-0.00550981449423
-0.00330720201716
-0.00568938921232
-0.00623218250344
-0.00417921292183
-0.00205658909765
-0.00321992658854
-0.00543047944366
-0.00320483265067
-0.00558469275175
-0.00612518446711
-0.00406995873365
-0.00194514649321
-0.00314154268459
-0.00535025548412
-0.00310172201864
-0.0054792428185
-0.00601742119217
-0.0039599280762
-0.0048367916123
-0.00306228940191
-0.00526914488551
-0.00299787225642
-0.00537304168257
-0.00590889508614
-0.00384912349606
-0.00472377755302
-0.00298216888169
-0.00518714993499
-0.0028932855064
-0.00526609162088
-0.0057996085634
-0.00373754754645
-0.0046099818008
-0.00290118328144
-0.00510427293664
-0.00278796391781
-0.00768493056973
-0.00568956404496
-0.00362520278707
-0.00449540705365
-0.0028193347747
-0.0050205162112
-0.00268190964654
-0.00757648951425
-0.00557876395823
-0.0035120917838
-0.00438005601548
-0.00273662555076
-0.00493588209581
-0.00257512485498
-0.00746730640367
-0.00546721073684
-0.00339821710849
-0.00426393139594
-0.00265305781442
-0.00485037294365
-0.00246761171181
-0.00735738354082
-0.00535490682044
-0.00328358133876
-0.0041470359101
-0.00256863378575
-0.00476399112372
-0.00235937239184
-0.00724672323454
-0.00524185465441
-0.00316818705775
-0.00403752322992
-0.00248335569975
-0.00467673902052
-0.00225040907583
-0.00713532779943
-0.00512805668977
-0.0030520368539
-0.00395341468698
-0.0023972258062
-0.00458861903375
-0.00214159215414
-0.00702319955573
-0.00501351538285
-0.00293513332072
-0.00386847302989
-0.0023102463693
-0.00449963357804
-0.00203667452629
-0.00691034082905
-0.00489823319519
-0.00281747905659
-0.00378270038966
-0.00611062622389
-0.00440978508266
-0.00193102850569
-0.00679675395028
-0.00478221259327
-0.0026990766645
-0.00369609891077
-0.00602195454944
-0.00431907599122
-0.00182666974265
-0.00668244125529
-0.00466545604834
-0.00257992875188
-0.00360867075096
-0.0059324402084
-0.00422750876138
-0.00175071760319
-0.00656740508484
-0.00454796603618
-0.00246003793035
-0.00352041808098
-0.0058420855202
-0.00413508586457
-0.00552359339642
-0.00545940142799
-0.00272913459266
-0.0047729455088
-0.00690608726781
-0.00227169094514
-0.00431690779685
-0.00544051554226
-0.00537637070777
-0.00264627234764
-0.00470786478434
-0.00684114630043
-0.00219113359481
-0.00423660634215
-0.0053567033267
-0.00529260597271
-0.00256267732754
-0.00464202933934
-0.0067754520709
-0.00210984475752
-0.00415557535978
-0.00527215838029
-0.00520810885074
-0.00247835115094
-0.00457544048477
-0.00670900588202
-0.00443659404504
-0.0040738163971
-0.00518688234291
-0.00512288097915
-0.00239329544579
-0.00450809954351
-0.00664180904849
-0.00435384692752
-0.00399133101093
-0.00510087686372
-0.00503692772974
-0.00230751184922
-0.00444000785022
-0.00657386289672
-0.00427037303563
-0.00390812076743
-0.00501414360094
-0.0049502433075
-0.0022210020074
-0.00437116675124
-0.00650516876476
-0.00418617395892
-0.00382418724197
-0.00492668422172
-0.00687868267767
-0.00213376757543
-0.00430157760448
-0.00643572800213
-0.00848277942027
-0.00373953201897
-0.00483850040205
-0.00679054836274
-0.00204581021718
-0.00423124177923
-0.00636554196973
-0.00839713477888
-0.00365415669183
-0.00474959382657
-0.00670169162012
-0.00197292176122
-0.0041601606561
-0.00629461203971
-0.00831076977546
-0.00356806286271
-0.00465996618843
-0.00661211414029
-0.00190104710468
-0.00408833562689
-0.00622293959535
-0.00822540849906
-0.00348125214248
-0.00456961918918
-0.00652181762213
-0.00182842949527
-0.00401576809441
-0.00615052603091
-0.00815325082119
-0.00339372615054
-0.00447855453861
-0.00643080377276
-0.00627115595935
-0.00394245947243
-0.00607737275153
-0.00808035571562
-0.00330548651468
-0.0043867739546
-0.00633907430739
-0.00619705670471
-0.00386841397947
-0.00600348117311
-0.00800672458394
-0.003216534871
-0.00429427916302
-0.00624663094917
-0.00612221877919
-0.00379362746279
-0.00592885272217
-0.00793235883829
-0.00553563812013
-0.00420107189753
-0.00615347542911
-0.00604664363141
-0.00371810416215
-0.00585348883571
-0.0078572599012
-0.00544526740149
-0.00410715389949
-0.00605960948587
-0.00597033272041
-0.0036418455337
-0.00577739096114
-0.00778142920553
-0.00535418963161
-0.00401252691781
-0.00596503486565
-0.00589328751554
-0.00356485304391
-0.0057005614874
-0.00770486819432
-0.00526240647835
-0.00391718898349
-0.00586975332206
-0.00800207981285
-0.00348712816942
-0.0056230000196
-0.00762757832064
-0.00516991961719
-0.00382114931069
-0.00577376661596
-0.0079235704688
-0.00340867239685
-0.00554470896681
-0.00754956104749
-0.00509320893152
-0.00372440594482
-0.00567707651534
-0.00784433129942
-0.00332948722279
-0.00546568981662
-0.00747081784769
-0.00501583454242
