0.00144279464685
0.00277599767892
-0.000592643521201
0.00258316555261
-0.000562205997243
0.0012553100243
0.000483667496442
0.00149479498077
0.00282914030787
-0.000532147610337
0.00264479307594
-0.000499411976289
0.000213656829978
0.00054906666749
0.00154806507116
0.00288357873495
-0.000470340955243
0.00270775365471
-0.000435528035859
0.00027961937615
0.000615850544777
0.00160260196883
0.0029393098172
-0.00040722724195
0.00277204339908
-0.000370297331092
0.000346946969513
0.000684014651907
0.000394719933398
0.00299633034752
-0.000342810220189
0.00283765835268
-0.000303723988761
0.00041563522064
-0.0003526919347
0.000451781356106
0.00305463705559
-0.00027709370235
0.00290459449375
-0.000244038126156
0.000485679670769
-0.000281781086214
0.000510100377613
0.00311422660875
-0.000210081562425
0.00297284773633
-0.00019339067429
0.000557075793141
-0.000209503867264
0.000569673810805
0.00186531939987
-0.00014177773494
0.00304241393136
-0.000141377595181
0.000629818994352
-0.000135865036312
0.000630498411128
0.00192746440038
-7.21862138857e-05
0.00311328886792
-8.80022142525e-05
0.00070390461571
-6.08694187717e-05
0.000692570877414
0.00198857977697
-1.31105163184e-06
0.00318546827431
-3.32679328134e-05
0.000779327934607
1.54780944448e-05
0.000755887852737
0.00204921055607
-0.00121682390426
0.00325894781935
2.28217729826e-05
0.000856084165888
0.00416149642508
0.000820445925257
0.00211111430271
-0.00114339384478
0.00333372311349
8.02633531882e-05
0.000934168463236
0.00424053280218
0.000886241629085
0.00217428753405
-0.00106869264055
0.00340978971003
0.000139053185132
0.00101357592056
0.00432090602376
0.000953271445157
0.00223872670891
-0.000992724566485
0.0021423193622
0.000199187574501
0.00109430157338
0.00440261095149
0.0010215318021
0.0023044282287
-0.000921699026115
0.00221434011266
0.000260662756444
0.00117634040023
0.00447469836756
0.00109101907715
0.00237138843839
-0.000853436277238
0.00227610924024
0.00456444269566
0.00125968732405
0.0045383558765
0.00116172959697
0.0024396036274
-0.000783896846084
0.00233919133077
0.0032655847308
0.00134433721362
0.00460337910006
0.00123365963865
0.0025090700306
-0.000713084712815
0.00240358260266
0.0033310590127
0.00141313448182
0.00466976380948
0.00130680543053
0.00257978382926
-0.000641003913449
0.00246927921084
0.0033978583448
0.000155153346026
0.00473750570545
0.00138116315312
0.00265174115204
-0.00056765853881
0.00253627724775
0.00346597862648
0.000224134922063
0.00480660041941
0.00145672894006
0.00272493807591
-0.000493052733454
0.0026045727445
0.00353541569345
0.000294448034072
0.00487704351484
0.0013767863031
0.00200480735918
0.00260093570818
0.000725798306243
0.00139032294092
-0.0017859691048
-0.00116504447326
0.00145645803402
0.00209098628742
0.002676445318
0.000806790458606
0.00145805167855
-0.00169891178329
-0.0010720442819
0.00153516432145
0.00217801064328
0.00275386913924
-0.000211099038668
0.00152800921132
-0.00160954989095
-0.000976615424938
0.00160135490649
0.00226628503674
0.00283319709409
-0.000126056167406
0.00160018335656
-0.00151790065795
-0.000878778598605
0.00166925530712
0.0023563033328
0.00291441893014
-3.90065732772e-05
0.000528728000871
-0.00142425539376
-0.000778554777971
0.00173885857771
0.00244805556062
0.00299752422633
5.00370656033e-05
0.000605297660305
-0.00134233139252
-0.00070580342249
0.00181015763741
0.00254153163537
0.00308250239891
0.000141061890952
0.000684045664968
-0.00125810122836
-0.000643443187085
0.00188314527352
0.00263672136301
0.00316934270747
0.00022665789983
0.000764958719331
-0.002305641321
-0.000578542361648
0.0019578141448
0.00272996296557
0.00325803426089
0.000304119401748
0.000848023274782
-0.00221684740251
-0.00051111551088
0.00203415678492
0.00281087675134
0.00334856602338
0.000383596841487
0.000933225539781
-0.0021257964431
-0.00160147193188
0.00211216560576
0.00289354090912
0.00344092682046
0.000465078706204
-0.00260336807146
-0.00203250534456
-0.00152903850588
0.00219183290096
0.00297794635064
0.00353510534489
0.000548553283526
-0.00251393268279
-0.00193699124998
-0.0014541253816
0.00227315084925
0.00306408386098
0.0036310901627
0.000634008669072
-0.00242240231491
-0.00183927153018
-0.00137674882659
0.00109222901876
0.00315194410304
0.00372886971905
0.000721432773993
-0.00232879162925
-0.00173936377034
-0.00129692549428
0.00117682436724
0.003241517622
0.00382230619564
0.000810813332515
-0.0022331154793
-0.00163728575666
-0.00121467240781
0.00126304625038
0.00202317742722
0.00390754562198
0.00424600365052
-0.00213538890053
-0.00153305546318
-0.0011300069437
0.00135088642203
0.0021161486868
0.0039946122615
0.00433925964889
-0.00203562710036
-0.00143474601144
-0.00104294681549
0.00144033653849
0.00221080419684
0.00272278162452
0.0044344343173
-0.0019338454482
-0.00135662037907
-0.000953510057356
0.00153138816199
0.00228127104201
0.00281347099475
0.00453151475748
-0.00183005946559
-0.00127624137845
-0.000861715007723
0.00162403276411
0.0023435064066
0.00289831066985
0.00321881618147
-0.0017242848164
-0.00119362357118
-0.000767580292909
0.00171826172929
0.00240751754948
0.00296638263073
0.00331966892
-0.00161653729716
-0.00110878179399
-0.000671124810835
-0.00404511952989
-0.00504577969907
-0.00348360529828
-0.00199274222372
-0.00265639741211
-0.00127580807986
-0.00366221399648
-0.00245489219758
-0.00571252849139
-0.0058695324639
-0.00487391649945
-0.00481819002836
-0.00385715233412
-0.00348981334514
-0.0026716935186
-0.00190578631486
-0.00137314781277
-0.000635006924357
0.000149160079892
-0.00602796136744
-0.00565279214354
-0.00473809974106
-0.0057557237757
-0.00420779902254
-0.00279890131594
-0.00344624085941
-0.00207234012126
-0.00259395786183
-0.00129191811036
-0.00459092089978
-0.00464080112646
-0.005628954176
-0.00559416170646
-0.00457913325004
-0.0042586973811
-0.00345763371351
-0.00268177989191
-0.00205996343865
-0.00136443578752
-0.000658892961164
-0.00467920848049
-0.00428349994195
-0.00380810212721
-0.00642221460262
-0.00488813970957
-0.00356355329264
-0.00422394735931
-0.0028466124147
-0.00337918564114
-0.00204508421409
-0.00535006465886
-0.00539625383827
-0.0044562687087
-0.00440465141654
-0.00332325294906
-0.00251600380958
-0.00419924031334
-0.00341361944197
-0.00270002200617
-0.00214587854495
-0.00142631291803
-0.000858566360389
-0.00499754835268
-0.00455266586812
-0.00315758230893
-0.00400453841931
-0.00263400275443
-0.0033071954785
-0.00357583869036
-0.00411916256232
-0.00275691054919
-0.00160425076578
-0.00610915634421
-0.00516119669481
-0.00510855055683
-0.0039818253901
-0.00325751826166
-0.00296933999938
-0.00214585771406
-0.00143347985823
-0.00288400407115
-0.00242570926258
-0.00154818379269
-0.00567135738099
-0.00525555361463
-0.00385003004142
-0.00471532527618
-0.00332329096245
-0.00399367471422
-0.002570368473
-0.00140027457703
-0.00176130342295
-0.00226616577708
-0.00677196760441
-0.00581550827528
-0.00576186980085
-0.00462944082092
-0.00397288806133
-0.00365729008917
-0.00282313661854
-0.00213526388413
-0.00162366346639
-0.00116434645192
-0.000251879433865
-0.00450159886775
-0.00591354200526
-0.00451420116279
-0.00537926582211
-0.00399783198889
-0.00463050850723
-0.00320126137856
-0.00204120927103
-0.00244537623197
-0.00120047981197
-0.00573309651782
-0.00474257141506
-0.00468798829707
-0.00527997517214
-0.00464896066803
-0.00432722352477
-0.00351839995464
-0.00279249698655
-0.00226738454893
-0.0017951752234
-0.000868140060835
-0.000536132013265
-0.00523129677859
-0.00378272446593
-0.00466335889352
-0.00462228526776
-0.00522553827938
-0.00384392857728
-0.00271211223849
-0.00307660845435
-0.00183591624432
-0.00179574434244
-0.00530409730967
-0.00447398846211
-0.00432665764138
-0.0035933609657
-0.0032942415561
-0.00249347050775
-0.00345094212719
-0.00285999214548
-0.00240104372253
-0.00153423107034
-0.00114603788985
-0.00584818278427
-0.00434946095915
-0.00528837287029
-0.00382956226341
-0.00441188010223
-0.0030837605629
-0.00187669399592
-0.00370723116249
-0.00241526458973
-0.00237438710914
-0.00603846080198
-0.00520848698628
-0.00505667295742
-0.00418398158742
-0.00392262658254
-0.00311277522978
-0.00236620543466
-0.00171519176269
-0.00137603405375
-0.000494013972484
-0.00170639811845
-0.00641698890248
-0.00490876225561
-0.0058608797401
-0.00444076423348
-0.00309288052945
-0.00371842516395
-0.00249205433841
-0.00282195208967
-0.00145323008383
-0.00150972383319
-0.00059106429819
-0.00588961410803
-0.00573337197381
-0.00485415468869
-0.00449459704315
-0.00367618587959
-0.00291720546304
-0.00232219393034
-0.00197192050802
-0.00107543364601
-0.000537368504439
-0.0059146917269
-0.00440859179246
-0.00639685729013
-0.00500085568542
-0.00371822814526
-0.00429673625051
-0.00307962150167
-0.00334426419883
-0.00195795136009
-0.00212827294766
-0.00121522753126
-0.0050892663872
-0.00492869483571
-0.00405284925844
-0.00510048992688
-0.00420425595024
-0.00353531619029
-0.00287418266061
-0.00251346834037
-0.00160342137321
-0.00106968200314
-0.00644595781834
-0.0049530359773
-0.00585199448564
-0.0044202992055
-0.00311521977875
-0.0048156656383
-0.00360714583792
-0.00387407483402
-0.00242234588848
-0.0015220945447
-0.00177911277999
-0.00565600354368
-0.00548851442304
-0.00464178254431
-0.00425802332676
-0.00339866813511
-0.00272328314484
-0.0020157466244
-0.00299811226488
-0.0021165109234
-0.00167982055579
-0.00280164681949
-0.00549455152011
-0.00640572181292
-0.00491825130835
-0.00362418377076
-0.0041462268491
-0.00297362776664
-0.00328568382625
-0.00190307921796
-0.00212670590248
-0.00235755349393
-0.00141656145892
-0.00598488935598
-0.00516886484054
-0.00447575539861
-0.00397776111577
-0.00331969902665
-0.00261752940429
-0.00210043752258
-0.00125836407621
-0.000808388217502
-0.00329067492124
-0.00597958927709
-0.00465242776279
-0.00543444925534
-0.00407059846407
-0.00467448131248
-0.0035121061809
-0.00382970080991
-0.00253794381664
-0.00151614599058
-0.00165883132652
-0.000702150653095
-0.00526173911229
-0.00563087234249
-0.00494522546413
-0.00449534498354
-0.0038753574718
-0.00316118265263
-0.00265281566216
-0.002330257745
-0.00131081751865
-0.00287121433613
-0.00556205900953
-0.00425854681878
-0.00507691109931
-0.00446908882425
-0.00513866359507
-0.0039855706253
-0.00436062711238
-0.00311024889553
-0.00207538070599
-0.00213356575727
-0.00120850850164
-0.000897993867201
-0.00483563972214
-0.00419991831936
-0.00375906422734
-0.00319197002991
-0.00364374566609
-0.00314590337249
-0.00279223630376
-0.00175575437862
-0.00325642399512
-0.0016639854567
-0.00468596124239
-0.00551540066853
-0.00404889235117
-0.00476162398799
-0.00358474958555
-0.00246906861268
-0.00361629660144
-0.00256895860636
-0.00262661911349
-0.00164576050929
-0.00136238504222
-0.00540055779941
-0.00459105411349
-0.00420903399963
-0.00363739328657
-0.00287664645833
-0.00238743442212
-0.00202401457131
-0.00215187939192
-0.00373117548095
-0.00214906005801
-0.00507940713126
-0.00588787709161
-0.0044281797355
-0.00523360435594
-0.0040348205361
-0.00289432454406
-0.0031881646647
-0.00210840386921
-0.00219010555945
-0.00207037698106
-0.0012537199186
-0.00589853312558
-0.00506933592299
-0.0046765511857
-0.00406067665636
-0.00324543237566
-0.00275402427093
-0.00241300647609
-0.00142512392871
-0.0009712057276
-0.00199814567745
-0.00494812195786
-0.00619195308988
-0.00482367527532
-0.00566033149056
-0.0044398811166
-0.00331722938663
-0.00361218472146
-0.0024882300724
-0.00259194201088
-0.00160973722986
-0.000762423264027
-0.000547032061409
-0.0046224652386
-0.00507486701615
-0.00445067888197
-0.00401724165832
-0.00317985580481
-0.00284905112743
-0.0018483121075
-0.00132428345354
-0.00235662185602
-0.000895495453798
-0.00607126325519
-0.00457895484666
-0.00366085874638
-0.00480216585067
-0.00371827218136
-0.00396168546736
-0.00286482980053
-0.00299513963876
-0.00200588761222
-0.00111899933696
-0.000900874365472
-0.0050281464985
-0.00453439823321
-0.00394512829442
-0.00355459258159
-0.00272073428143
-0.00322093970799
-0.00220897252377
-0.00167955378087
-0.00267400658742
-0.00126528649433
-0.00647271798981
-0.00495306827643
-0.00394239930925
-0.00450323520219
-0.00348643022475
-0.00366828473062
-0.00261733435353
-0.00335310764373
-0.00232521875429
-0.00139854736842
-0.00117823035918
-0.00545954965095
-0.00491819511029
-0.00430937502825
-0.00391041505291
-0.00308204316729
-0.00263692074844
-0.00166412062979
-0.00166045401051
-0.00302089830016
-0.00157402827242
-0.00236793725194
-0.00537800712741
-0.00428645468271
-0.00478069585872
-0.00376896503421
-0.00395270571012
-0.00289496927723
-0.00209995329874
-0.00196303838061
-0.00100115383279
-0.000840113538081
-0.000892289212666
-0.00526838546007
-0.00465706351956
-0.00421078132999
-0.00337384438856
-0.00290685393307
-0.00194639059569
-0.00190074069835
-0.00301959030458
-0.00150835558941
-0.00239604947051
-0.00544842018801
-0.00467711821164
-0.00513347950981
-0.00397165735192
-0.00432498156603
-0.00328275020169
-0.00229750463456
-0.00212116039342
-0.00122496041084
-0.00121385565543
-0.000543259238507
-0.0050020644437
-0.00439489109834
-0.00450935550433
-0.00359413017367
-0.00311985523515
-0.00221394276755
0.000990526487887
0.00328769466585
0.000364476332845
0.00197284291471
0.000957734711098
0.00243119659477
-0.000617345247916
0.00091925675501
0.00321479548325
0.000296087190037
0.00190238239811
0.000895854253711
0.00236835149481
-0.000687762148802
0.000849212220507
0.00402845252468
0.000228983844397
0.00183322771415
0.000835317660118
0.00230686936383
-0.000756814130063
0.000780396602492
0.00395805697536
0.000163170200477
0.00176538302736
0.000767093343039
0.00224675418747
-0.000824496648643
0.000712813568511
0.00388891914301
0.000969870706743
0.00169885244063
0.000689372676937
0.00218800987779
-0.000890805231999
0.000646466734636
0.00382104288943
0.000906647940185
0.00163363999401
0.000612965944422
0.00213064027207
-0.000955735479472
0.000581359664566
0.00375443202134
0.00084472622679
0.00156974966362
0.000537877864344
0.00207464913164
-0.00101928306365
0.000517495868741
0.0036890902894
0.000784109226173
0.00238361671385
0.00046411309615
0.00202004014068
-0.00108803884092
0.000454878803449
0.00362502138721
0.000724800534147
0.00232238228273
0.000391676238575
0.00196595773628
-0.00115855149031
0.000393511869957
0.00356222895037
0.000666803681715
0.00226248150115
0.000320571828325
0.00189780150489
-0.00122768904416
0.000333398413641
0.00350071655548
0.000610122134075
0.00220352867094
0.00112723569216
0.0018310074895
-0.00129544688494
0.000274541723128
0.00344048771921
0.000554759289645
0.00213624349985
0.00105880953206
0.00176558005096
-0.00136182046717
0.000216945029445
0.00338154589733
0.000500718479083
0.00207028389334
0.000991729044253
0.00170152347898
-0.00142680531887
0.000160611505182
0.00332389448378
0.000448002964346
0.00200565392338
0.000925998504379
0.00253239617539
-0.00149039704292
0.000105544263659
0.00326753680977
0.000396615937736
0.00194235759605
0.000861622119635
0.00247109391448
-0.00155259131852
5.1746358114e-05
0.00321247614283
0.000346560520987
0.00188039885038
0.0007986040275
0.00241117494923
-0.00161338390246
0.000627027191082
0.00315871568593
0.000297839764344
0.00181978155718
0.000736948294499
0.00235264327175
-0.000801576569713
0.000575776872832
0.00310625857661
0.000250456645679
0.00176050951796
0.000676658914967
0.00229550279652
-0.000859553358237
0.00052580468174
0.00305510788604
0.000198278543453
0.00170258646373
0.000617739809837
0.00223975735923
-0.00091611620502
0.000477113422749
0.00366023225736
0.000138328304243
0.00164601605395
0.00056019482543
0.00218541071552
-0.000971261190933
0.000429705836803
0.0036117033483
7.97005215332e-05
0.00159080187538
0.000504027732274
0.00213246653977
-0.00102498448113
0.000124023990601
-0.00159916414046
-0.000728899047903
-0.00153791929193
-0.000664158844551
8.03322641308e-05
-0.00233092061217
-0.00263989679581
-0.00169861430579
-0.000807916310349
-1.85226556475e-05
-0.000754025160165
-1.47673370114e-05
-0.00243392010735
-0.00273205662987
-0.00179641671512
-0.000885101900351
-0.000100933503314
-0.000841852345522
-0.000107710754159
-0.00253465897085
-0.00282263410105
-0.00189256140467
-0.00096044652732
-0.000181397577729
-0.00092762699935
-0.000198481936355
-0.00263311769471
-0.00291162084746
-0.00198703850109
-0.00103394106156
-0.000259903864131
0.000650015961935
-0.000287065053647
-0.00272927699507
-0.00299900859657
-0.00207983822576
-0.0011055765393
-0.000336441535531
0.000564297259841
-0.000373444509037
0.000369911374572
-0.00308478916858
-0.0021709508991
-0.00117534416771
-0.000411455983923
0.000460485414595
0.00126686033404
0.000278407797248
-0.0031689544798
-0.0022603669449
-0.00125314245414
-0.000506804375054
0.000358668351436
0.00118493400172
0.000187975222111
-0.00325149654595
-0.0023480768947
-0.00134626732412
-0.00060024106635
0.000258861450595
0.00110525660471
0.00189186788794
-0.00333240748558
-0.0024340713921
-0.00143767309227
-0.000691753369223
0.000161079942487
0.00102784268834
0.00180573027653
-0.00341167952336
-0.0025183411972
-0.0015357227792
-0.000781328747343
6.53388980236e-05
0.000952706505076
0.0017219939445
-0.00348930499347
-0.00260087719089
-0.00163198530273
-0.000868954824045
-2.83467811643e-05
0.000879862002722
0.0016406764734
-0.00235375140191
-0.00268167037928
-0.00172644916467
-0.000954619389766
-0.000119962372566
0.000809322812578
0.00156179510154
-0.00242806119388
-0.00276071189804
-0.00181910298559
-0.00103831040949
-0.000209493342692
0.000741102237775
0.00148536670768
-0.00250070211099
-0.00158313270502
-0.00190993551067
-0.00112001603022
-0.000296925357021
0.000675213241706
0.00141140779472
-0.0025716669586
-0.00165864483155
-0.00199893561554
-0.00119972458837
-0.000382244289975
0.000604222472069
0.00133993447359
-0.0026409486681
-0.00173237951633
-0.000788915962344
-0.00127742461728
-0.000465436234919
0.000515459727033
0.00127096244717
-0.00270854030013
-0.00180432845667
-0.000874218405205
-0.00135310485455
-0.000546487514165
0.000421593327156
0.00120450699445
0.00118705541937
-0.00187597336913
-0.000957655896736
-7.33371919536e-05
-0.000625384688962
0.000326123509446
0.00113263762048
0.00112286422726
-0.00195168533254
-0.00103921789358
-0.000144944912866
-0.000702114569467
0.000232890440786
0.00103261520895
0.00106038312316
-0.00202560943718
-0.00111889401243
-0.000214500354345
-0.000776664224679
0.00014191146463
0.000934973395283
-0.00248560624271
-0.00638340748728
-0.00618961349847
-0.00514030284123
-0.00502642447617
-0.00189752754284
-0.00173191567968
-0.00248695027541
-0.00638480731006
-0.0061910732977
-0.00514675539672
-0.0050331772705
-0.00190460520102
-0.00173934510119
-0.00248737406661
-0.00638524869294
-0.00619153359236
-0.00603437846762
-0.0050388381315
-0.00191053843913
-0.00174557327686
-0.00248942045096
-0.0063847316224
-0.00619099436711
-0.00603874398702
-0.00504340683407
-0.00191532699798
-0.00175059990691
-0.00250569969275
-0.0063832561143
-0.00618945563992
-0.00604206573162
-0.00504688319648
-0.00191897066833
-0.00175442474934
-0.0025210610682
-0.00638395878656
-0.00618691746201
-0.00604434358076
-0.00303880706877
-0.00192146929095
-0.00175704761994
-0.00253550414461
-0.00639899610688
-0.00618337991791
-0.00605186449144
-0.00304009837941
-0.00192282275661
-0.00175846839238
-0.00254902851485
-0.00236130328222
-0.00618262294612
-0.00606314590466
-0.00304618637576
-0.00288297405479
-0.00175868699822
-0.00256163379752
-0.00237442749996
-0.00619630416825
-0.00607338441947
-0.00305690019429
-0.00288748614168
-0.00175770342693
-0.00257331963691
-0.00238659454981
-0.0062089877475
-0.00608257966412
-0.00306652241389
-0.00289757012446
-0.00274314436947
-0.0025840857031
-0.00239780405945
-0.00622067326217
-0.00609073130457
-0.00307505265184
-0.00290650981905
-0.00275252717454
-0.00259393169202
-0.00240805568567
-0.00623136032349
-0.0060978390446
-0.00308249056872
-0.0029143048348
-0.00276070865143
-0.00260285732544
-0.00241734911446
-0.00624104857576
-0.0061039026258
-0.00308883586843
-0.00292095483092
-0.00276768840615
-0.00360862175285
-0.00242568406106
-0.00624973769636
-0.00610892182769
-0.00309408829831
-0.00292645951657
-0.00277346610243
-0.00361570594429
-0.00243306026995
-0.00625742739585
-0.00611289646769
-0.00309824764914
-0.00293081865094
-0.00277804146181
-0.00362186910118
-0.0034623928708
-0.00626411741794
-0.00611582640121
-0.00310131375521
-0.00293403204328
-0.00278141426375
-0.00362711104914
-0.00346785095506
-0.00626980753964
-0.00328548320376
-0.00310328649435
-0.00293609955293
-0.0027835843456
-0.00363143163981
-0.00347234971111
-0.00729741292707
-0.00328632344246
-0.00310416578792
-0.0029370210894
-0.00278455160273
-0.0036348307509
-0.00347588900091
-0.00730110271207
-0.00328611876888
-0.0031039516009
-0.00293679661234
-0.00278431598847
-0.00363730828618
-0.00347846871581
-0.00730379212743
-0.00434751290472
-0.00310264394182
-0.0029354261316
-0.00278287751421
-0.00363886417549
-0.00348008877662
-0.00730548108341
-0.00434521846695
-0.00310024286278
-0.00293290970714
-0.0027802362493
-0.00422000646996
-0.0035974775158
-0.00328544548774
-0.00531782272106
-0.00502664008215
-0.00247279877643
-0.00561299775998
-0.00421908777089
-0.0036081776879
-0.00328873120434
-0.00532116566707
-0.00503003850201
-0.00247625044061
-0.00650650066238
-0.00421743708494
-0.00361813409726
-0.00329125889085
-0.0053237373821
-0.00503265289508
-0.00247890579655
-0.00650919488146
-0.0042150544416
-0.00362734656004
-0.00329302849884
-0.00532553781516
-0.00503448320777
-0.00248076478812
-0.00651108108188
-0.00421193988341
-0.00363581490609
-0.00125536184006
-0.00532656693055
-0.00503552940258
-0.002481827376
-0.00651215922259
-0.00421283967661
-0.00364353897894
-0.00125561520383
-0.00532682470787
-0.00503579145807
-0.00248209353775
-0.00651242928012
-0.00421969844683
-0.00365051863586
-0.00125511043096
-0.00532631114198
-0.00503526936886
-0.00248156326772
-0.0065118912486
-0.004225825556
-0.00365675374782
-0.0012538475311
-0.00532502624309
-0.00503396314566
-0.00248023657714
-0.00651054513973
-0.00423122089474
-0.00366224419955
-0.00125182652846
-0.00532297003668
-0.00503187281523
-0.00247811349404
-0.00650839098281
-0.00423588436668
-0.00366698988951
-0.00124904746175
-0.00532014256351
-0.00502899842042
-0.00247519406332
-0.00650542882474
-0.00423981588854
-0.00367099072992
-0.0012455103842
-0.00531654387966
-0.00502534002012
-0.00247147834669
-0.00650165872997
-0.00424301539009
-0.00367424664678
-0.00124121536357
-0.00531217405647
-0.0050208976893
-0.00246696642269
-0.00649708078053
-0.00424548281417
-0.00367675757985
-0.00123927734045
-0.00530703318057
-0.00279029392206
-0.00246165838667
-0.00649169507604
-0.0042472181167
-0.00367852348268
-0.00124036417768
-0.00530112135385
-0.00278428401926
-0.00245555435079
-0.00648550173364
-0.00424822126666
-0.00367954432257
-0.00124069297973
-0.00529443869347
-0.00277749050709
-0.002448654444
-0.00647850088803
-0.00424849224614
-0.00367982008066
-0.00124026374031
-0.00529246287698
-0.00276991352463
-0.00244095881204
-0.00647069269143
-0.00424803105028
-0.00367935075182
-0.00123907646763
-0.00529125512193
-0.00276155322698
-0.00243246761739
-0.00646207731356
-0.00523248337641
-0.00469398855021
-0.00228123040358
-0.00630706936206
-0.00379560298567
-0.00347561280154
-0.00645265494165
-0.00523055786771
-0.00469202908739
-0.00227852714712
-0.00630431947321
-0.00379280795339
-0.003465531036
-0.00747973100134
-0.00522790024764
-0.00468932460506
-0.00227506596918
-0.00630079859155
-0.00378922927454
-0.00345465429568
-0.00746869527286
-0.0052245105637
-0.00468587515326
-0.00227084693603
-0.00629650678686
-0.00378486702236
-0.00344616022502
-0.0050822608529
