-0.00277717684351
0.00119449399424
-0.00128202252275
-0.000554631875474
9.86959513844e-05
-0.0010340660029
-0.00346867119593
-0.00278382058467
0.00118787861167
-0.00127518856275
-0.000547829794401
0.000105454234043
-0.00104172515261
-0.00347626394543
-0.00102583193592
0.00118216517102
-0.00126834408452
-0.000540135479395
0.000113099012622
0.000868274030028
-0.00348298425784
-0.00103066390948
0.00117735382731
-0.00127312611748
-0.000531549134716
0.000118013419561
0.000862375172394
-0.00348883196254
-0.00103458978849
0.00117344471111
-0.00127701141726
-0.000522070988238
0.000112959503829
0.000857356700803
-0.00349380691103
-0.00103760946546
0.00117043792851
-0.00127999987968
-0.000511701291407
0.000108792320056
0.000853218744967
-0.00161033884163
-0.00103972285774
0.00297122877926
-0.00128209142459
-0.000500440319215
0.000105511977497
0.000849961411859
-0.00161356792074
-0.00104092990744
0.00297002688424
-0.00128328599591
-0.000488288370162
0.000103118562169
0.000847584785698
-0.00161592393099
-0.00104123058153
-0.000118920936809
-0.00128358356161
-0.000475245766215
-0.00314296670151
0.000846088927939
-0.00161740681254
-0.00104062487176
-0.000118317813739
0.000493062937266
-0.000461312852767
-0.00314358609734
0.000845473877264
-0.00161801652768
-0.00103911279472
-0.000116812193932
0.000494559382716
-0.00044648999859
-0.00314331844741
0.000845739649581
-0.00161775306093
-0.00103669439181
-0.000114404118265
0.000496952785566
-0.000433238033474
-0.00314216375875
0.000846886238016
-0.00161661641899
-0.00103336972926
-0.00011109365211
0.00050024308163
-0.000431185500506
-0.00314012206165
0.000848913612917
-0.00161460663073
-0.00102913889808
-0.000106880885326
0.000504430182682
0.00136189665542
-0.00313719340964
0.000851821721858
-0.00161172374723
-0.00102400201409
-0.000101765932248
0.000509513976462
0.00136573243328
-0.00313337787953
0.000855610489646
-0.00160796784174
-0.00101795921787
-9.57489316708e-05
0.000515494326698
0.00137045969291
-0.00312867557136
0.00086027981833
-0.0016033390097
-0.00101101067476
-8.88300468277e-05
0.00052237107312
0.00137607830909
-0.00135729062502
0.000865829587211
-0.00159783736868
-0.00100315657484
-8.1009465372e-05
0.000530144031481
0.00138258813298
-0.00135081515375
0.000872259652865
-0.00159146305841
-0.000994397132894
-7.22873993495e-05
0.000538812993584
0.00138998899218
-0.00134345334386
0.000879569849153
-0.00158421624075
-0.00098473258838
-6.26640851703e-05
0.000548377727307
0.00139828069077
-0.0013352053882
0.000887759987247
-0.00157609709965
0.000670704266946
-5.21397835768e-05
0.000558837976639
0.00140746300927
-0.00132607150277
0.00269788291774
-0.00156710584117
-0.00251309872213
-0.00171685607368
-0.00144172995823
-0.000367741752792
0.000574831114713
0.00101656743041
-0.00241617572692
-0.00252730388463
0.000307686143948
-0.00145650527246
-0.000382777054243
0.000580513715996
0.00102238196419
-0.00241023514895
-0.000537707069972
-0.00246605671264
-0.00147030430609
-0.00039681897386
0.000587209535872
0.00102923321794
-0.00240323539995
-0.000550034314343
-0.00247863761026
-0.0014831266196
-0.000409867048525
0.000594918345145
0.00103712094614
-0.00239517674177
-0.000561422041151
-0.00249025971813
-0.00149497180432
-0.000421920847641
0.000603639880033
0.00104604486622
-0.00238605947573
-0.000571869914734
-0.00250092267943
-0.00150583948253
-0.000432979973203
0.000613373842208
0.00105600465861
-0.00237588394261
-0.000581377626988
-0.00251062616666
-0.00151572930753
-0.000443044059862
0.000601930436023
-0.00281542400776
-0.00236465052258
-0.00058994489742
-0.00251936988166
-0.00152464096364
-0.000452112774985
0.000568779426061
-0.00280339357714
-0.00235235963509
-0.000597571473186
-0.00252715355565
-0.0015325741663
-0.00046018581871
0.000536630192091
-0.00279032845428
-0.00233901173887
-0.000604257129126
-0.00253397694926
-0.00153952866211
-0.000467262923997
0.000505483823233
-0.00277622910611
-0.00232460733176
-0.000610001667802
-0.0025398398526
-0.00154550422886
-0.000473343856672
0.000475341376142
-0.00276109603619
-0.00230914695068
-0.000614804919523
-0.00254474208529
-0.00155050067553
-0.000478428415462
0.000446203874827
-0.00274492978463
-0.00229263117149
-0.000618666742374
-0.00254868349646
-0.00155451784242
-0.000482516432034
0.00041807231048
-0.00272773092803
-0.00227506060889
-0.000621587022232
-0.00255166396477
-0.00155755560104
-0.000485607771018
-0.00344117094439
-0.0027095000793
-0.000237171181073
-0.000623565672788
-0.00255368339848
-0.00155961385427
-0.000487702330032
-0.00346728779331
-0.00070788705394
-0.000217493050647
-0.000624602635554
-0.0025547417354
-0.00156069253626
-0.000502327560091
-0.00154319831752
-0.00068759420468
-0.000196762212884
-0.000624697879879
-0.00255483894295
-0.00156079161252
0.00142866413898
-0.0015672968841
-0.000666557440341
-0.000174979436682
-0.000623851402946
-0.00255397501814
-0.00155991107987
0.00140601625439
-0.00159038505563
-0.000690054070651
-0.000152145529153
-0.000622063229778
-0.00255214998756
0.000361423486259
0.00138436048152
-0.00161246204113
-0.000712521830472
-0.000128261335465
-0.000619333413232
-0.000667018491756
0.000364263120897
0.00136369753511
-0.00163352708348
-0.000733959921928
-0.000103327738694
0.00126668338166
-0.00066327144781
0.000368082185964
-0.00248132908604
-0.00165357945956
-0.000754367582936
-7.7345659662e-05
-0.00147075987526
-0.0062897166594
-0.00352091739965
-0.00438751986193
-0.00209872080407
-0.00383653059326
-0.00446984618927
-0.00226882346205
-0.00280115104131
-0.000766868646213
-0.00567384813179
-0.00370634112726
-0.00421688008624
-0.00218019154673
-0.00696748072477
-0.00453063014361
-0.00257058166764
-0.0027050790654
-0.000809395075044
-0.0054974622632
-0.00368256480905
-0.00112114916706
-0.00595496781312
-0.00376315555405
-0.00463202157868
-0.00234528862325
-0.00303245182785
-0.00471469113377
-0.00253911754148
-0.00309694175537
-0.000992574904501
-0.00590136466551
-0.00347662599035
-0.00398850989277
-0.0020138241641
-0.00243972343358
-0.0048349966743
-0.00287572451491
-0.0030352223983
-0.00114016644314
-0.00579512734474
-0.00398047536021
-0.00133534046877
-0.00617152173362
-0.00398192646617
-0.00485284700058
-0.00256798958199
-0.00326869394145
-0.00507170577861
-0.00289873609578
-0.00300561136415
-0.000863127228871
-0.00565111696299
-0.00368054478255
-0.00424211193774
-0.00229050942534
-0.00271778281194
-0.00511410716369
-0.00315555178367
-0.00334018201236
-0.00144571053077
-0.00608327664632
-0.00393021916731
-0.00156026592631
-0.00260037181884
-0.00420065405474
-0.00506807186144
-0.0023428863324
-0.00316279968567
-0.00496560588228
-0.0027814010727
-0.00334428529888
-0.00121936752834
-0.00174385277838
-0.00386124281308
-0.00449196276327
-0.00254189837935
-0.0029704279825
-0.00536771333692
-0.00309212429666
-0.00330199701211
-0.0014043992363
-0.00146194821598
-0.00417687417665
-0.00142193745052
-0.002465259428
-0.00406941892937
-0.00493963092319
-0.00264460461773
-0.00346977314426
-0.00527515879792
-0.00309324575434
-0.00367399513227
-0.00155141698172
-0.00207789825704
-0.00413067236585
-0.00471644320108
-0.00246144712451
-0.00289111175627
-0.00528482957972
-0.00550562825081
-0.00355579284284
-0.00165868794668
-0.00171641057726
-0.00439755201829
-0.00168918460592
-0.00273548663231
-0.00434244198916
-0.00521524406325
-0.0029225809416
-0.00375282135453
-0.00151972572287
-0.00338081564488
-0.00397939532885
-0.00154968364701
-0.00207802751867
-0.00415051952644
-0.00462423254982
-0.00266159604698
-0.0030922715042
-0.00104606394279
-0.00570808886497
-0.00378364818827
-0.00188698833117
-0.00194486776103
-0.00459204817837
-0.00193334208714
-0.00298238169552
-0.00459190588378
-0.00546708812137
-0.00317659699337
-0.00371247962473
-0.00147031547335
-0.00618375822649
-0.00395064852851
-0.00183254146241
-0.00236260991045
-0.00443651275936
-0.00479739736265
-0.00283584284906
-0.00326740220702
-0.00122187096251
-0.00589882452692
-0.00398535211619
-0.00192790237848
-0.00198592132563
-0.0046322734947
-0.00215423024772
-0.00320575897577
-0.0045282340222
-0.00540558108468
-0.00310721233398
-0.00394701585354
-0.00170685879494
-0.00642208556534
-0.00420668584102
-0.0020904326231
-0.00262208329775
-0.00469728066901
-0.00502447389047
-0.00298402857892
-0.00325973875127
-0.00121017857269
-0.00591739505363
-0.00400115435762
-0.00210361207589
-0.0021617528701
-0.000161509320069
-0.00206584063502
-0.00311960449551
-0.000860412889482
-0.00560931341345
-0.00331271956506
-0.00415699974182
-0.00191864871358
-0.00663548098071
-0.0044377054056
-0.0023231343252
-0.00285622083677
-0.000489081704488
-0.00512853448529
-0.00303455372464
-0.00338235036448
-0.00133326704063
-0.00606577122428
-0.00415001270263
-0.00225276511318
-0.00231100974102
-0.000310677967755
-0.00223971385576
-0.00329545384003
-0.00103811736518
-0.00578873748663
-0.00349371344671
-0.0043422579485
-0.00210550743956
-0.00667052471251
-0.00448762250224
-0.00237278709882
-0.00290715933491
-0.000698728476182
-0.0053811834152
-0.00328840602617
-0.00358841703571
-0.00142981038923
-0.0061875853455
-0.00427222396136
-0.00443821408483
-0.00243833811126
-0.000434078926964
-0.00238987420604
-0.00344732681803
-0.00119159829743
-0.00579081290205
-0.00349513162025
-0.00434772185206
-0.00211128668394
-0.00278250017433
-0.00466802946481
-0.00255452025854
-0.00309002472714
-0.000882520460421
-0.00560807867627
-0.00351638814174
-0.00381721152406
-0.00163448342222
-0.00184486706494
-0.00438772998934
-0.00455391017783
-0.00253404234887
-0.000529726262641
-0.00236313059755
-0.00342202841561
-0.00116446060756
-0.00592120647107
-0.00362667393885
-0.00448308551681
-0.00224782836208
-0.00292008936512
-0.00482288221631
-0.00545980611809
-0.00324699599742
-0.00104029029667
-0.00580915765466
-0.00371843451706
-0.00401998102929
-0.00184540618031
-0.00193343664835
-0.0044563213051
-0.00462263834949
-0.00260281874266
-0.000598461683988
-0.00576941149739
-0.0035256122706
-0.00126914732753
-0.00215392981701
-0.00373331698347
-0.00459332024202
-0.00235902510145
-0.00303214160519
-0.00495362701354
-0.00559150726751
-0.00337892421959
-0.00118373636036
-0.00169532431907
-0.00389406864587
-0.0041962470458
-0.00202208358557
-0.00211030024725
-0.00449799048271
-0.00466439077718
-0.00264460050427
-0.000640218521724
-0.00585516121433
-0.00362491490488
-0.00138221312027
-0.00228093256963
-0.00387439000153
-0.00468007115614
-0.00244686881301
-0.00312143923561
-0.00505698234635
-0.00569562995405
-0.00348370216251
-0.00133132210329
-0.00184380489461
-0.00404327005093
-0.0043459873281
-0.00217217471454
-0.00226055017179
-0.00467846606701
-0.00484489576363
-0.00282087460784
-0.000819252644712
-0.0059949029033
-0.00376631550442
-0.00152602443611
-0.00242616765637
-0.00402175900148
-0.00473978816
-0.0025071089903
-0.00319824116585
-0.00102117641515
-0.0057736628284
-0.00356222715896
-0.00145261753828
-0.00196583811457
-0.00432250137588
-0.00462566299611
-0.00246048061427
-0.0025489870159
-0.000299357964201
-0.00483260116328
-0.00280857136358
-0.00275889151459
-0.00611062014218
-0.00388343736561
-0.00164441954116
-0.00254574579161
-0.00414242005078
-0.00485770938094
-0.00254178118217
-0.00325477606128
-0.0010726646254
-0.00582553469507
-0.00377125858839
-0.00170618935247
-0.0022199886017
-0.00441843838367
-0.00472194854543
-0.00255699310038
-0.00264560221823
-0.000395950467419
-0.00479328784625
-0.00276923042385
-0.00271957404479
-0.00620232581106
-0.00397621756122
-0.0017382107018
-0.0026404763552
-0.0002998376329
-0.00495407282795
-0.00281801633073
-0.00355209613351
-0.00127555193481
-0.00600600345361
-0.00379766721902
-0.00441445113823
-0.00228880654063
-0.000151491093594
-0.00479135492858
-0.00262656339466
-0.00271524670281
-0.000465578556752
-0.00483825958966
-0.0030183281254
-0.00296871127332
-0.00626989742136
-0.00404458229803
-0.00519001939476
-0.00286855256814
-0.000530630210866
-0.00517948860876
-0.00293354095941
-0.0036685966419
-0.00139291147214
-0.00604020629953
-0.00383920781727
-0.00445629472615
-0.00233090613326
-0.000193796940594
-0.00483381498502
-0.0029816747852
-0.00307040354145
-0.000810076609526
-0.00517729241639
-0.0029250528604
-0.00287549147743
-0.00277240782322
-0.00424176805006
-0.00523439384857
-0.00291337284635
-0.000575858648493
-0.00522508392354
-0.00302351322413
-0.00375933074273
-0.00148431622545
-0.00202150852506
-0.0038543450726
-0.00479137540012
-0.0026522425677
-0.000514717778878
-0.00515544491353
-0.00299718393338
-0.00308592926264
-0.00082559866825
-0.000697738930611
-0.00289359392764
-0.00275544278069
-0.0027915720228
-0.00426115761878
-0.00525399548137
-0.00293317155514
-0.000595837787232
-0.00525825797751
-0.00308785428441
-0.00413238570201
-0.00186574554977
-0.00240334821893
-0.00420516062893
-0.00478001290085
-0.00264081050053
-0.000503229662514
-0.00514391489068
-0.00298562662406
-0.00307435960264
-0.000814031737626
-0.000686189777457
-0.00288207739295
-0.00309039139074
-0.00278650056149
-0.00425602650836
-0.00524880824304
-0.0029279321556
-0.000893459574158
-0.00166723028321
-0.00343467568147
-0.0041713672491
-0.00190501609757
-0.00244286560592
-0.00424488013113
-0.00474205088665
-0.00260261619733
-0.00301241405909
-0.000768638723786
-0.00294701414043
-0.00350963079338
-0.00125843993411
-0.00113065733189
-0.00332531182313
-0.00298303304626
-0.00392383763596
7.18859049186e-06
0.00102022000658
-0.00117053662332
0.00247065145306
-0.00244351485942
-0.00146539621264
-0.00400192081751
-0.00263177449212
0.000939077732328
-0.00125131633398
0.00239036066213
-0.00252319729278
-0.00154435914845
-0.00407920429202
-0.00270853533906
0.000858721711713
-0.00133131276128
-0.000462225295655
0.000358203909721
-0.00162255379408
-0.00132632830931
-0.00278449937954
0.000779153732619
-0.00141052414001
-0.000540955818979
0.000280071673224
-0.00169997849529
-0.00140200707744
-0.00285966489207
-0.00240603411308
-0.00148894871707
-0.000618903618103
0.000202717069833
-0.00177663160947
-0.00147688087279
-0.00293403016834
-0.0024840206944
-0.00156658475159
-0.000696066982213
0.000126141773433
-0.00185251150577
-0.00155094796702
-0.00300759351348
-0.00256121394438
-0.00164343051518
-0.000772444212801
5.03474457823e-05
0.00105089086412
-0.00162420664553
-0.000240495533747
-0.00263761212495
-0.00171948429204
-0.000848033623829
-2.4664263655e-05
0.000976562248313
-0.00169665520765
-0.000312449986334
-0.00271321351094
-0.00179474437916
-0.000922833541899
-9.88917178684e-05
0.000903011670799
-0.00176829196681
-0.000383597505173
-0.00278801639027
-0.00186920908651
-0.0039571442421
-0.000172333292466
0.000830240713805
-0.00183911525075
-0.000453936450678
-2.21613517003e-05
-0.00194287673717
-0.00403036020547
-0.000244987375835
0.000758250947014
-0.00190912340168
-0.000523465197526
-9.5362134605e-05
-0.00201574566757
-0.00410278173322
-0.000316852369305
0.000687043927409
-0.00197831477645
-0.000592182134832
-0.000167759354785
-0.00208781422756
-0.00417440720419
-0.000387926687311
0.000616621199113
-0.00204668774674
-0.000660085666319
-0.000239351354211
-0.0021590807807
-0.00424523501072
-0.000458208757548
0.000546984293242
-0.00211424069924
-0.000727174210495
-0.000310136488806
0.000635112334258
-0.00431526355877
-0.000527697021138
-0.00237621995184
-0.00218097203582
-0.000793446200816
-0.000380113128619
0.000565454648794
-0.00438449126812
-0.000596389932786
-0.00244428067232
-0.00224688017372
-0.000858900085865
-0.00311383359084
0.000496603795987
-0.00445291657252
-0.000664285960938
-0.00251155105663
-0.00231196354568
-0.000923534329514
-0.00318218840861
0.000428561356003
-0.0016858341466
-0.00357459964953
-0.00257802962721
-0.00237622060017
-0.000987347411095
-0.00324972992822
0.00036132889451
-0.00175264999908
-0.0036408973718
-0.00264371492029
-0.00243964980154
-0.00105033782557
-0.00331645657795
0.000294907962511
-0.00181865883335
-0.00370639369994
-0.00270860548603
-0.00250224963019
-0.00111250408369
-0.00338236680105
0.000229300096181
-0.00188385914069
-0.00377108715895
-0.00277269988863
-0.00181881469143
-0.00136563890939
-0.000983634094611
-0.00274987097727
-0.00230559633142
-0.00501010109669
-0.00448574965781
-0.00188333734979
-0.0014596375085
-0.00107943746088
-0.00284739704147
-0.00239421603286
-0.00510020957017
-0.00457722745709
-0.00194703333628
-0.00155283897149
-0.00117443177159
-0.00294410285317
-0.00248198351181
-0.00518945427082
-0.00141667514377
-0.00200990112864
-0.00164524110738
-0.0012686147165
-0.00303998598487
-0.00573617550291
-0.00206754521561
-0.00150640184708
-0.00207307992825
-0.00173684173605
-0.00136198399644
-0.00313504402029
-0.00265603003669
-0.00215505505956
-0.00159524919602
-0.00216206095429
-0.00182763868848
-0.00145453732347
-5.96131667581e-05
-0.00274122692553
-0.00224169384917
-0.00168321467315
-0.0022502491515
-0.00191762980692
0.00162338896657
-0.000153013806718
-0.00282556235871
-0.00232745918731
-0.00177029577657
-0.00233764249215
0.00111489091798
0.00153247436272
-0.000245582171175
-0.00290903406505
-0.0024123486923
-0.00185649002017
0.000658518855734
0.00102651789441
0.00144238250541
-0.000337315891153
-0.00299163978879
-0.0024963599983
-0.00194179493399
0.000572721265319
0.000938957108014
0.00135311563502
-0.000428212610162
-0.0030733772898
-0.00257949075552
-0.00202620806452
0.000487724545077
0.000852210669105
-0.00108513935197
-0.00370092239085
-0.00315424434391
-0.00266173863053
-0.002109726975
0.000403530675699
0.000766280675587
-0.00117274957757
-0.00379013808968
-0.00323423874313
-0.00274310130658
-0.00219234924574
0.00032014162561
0.000681169212729
-0.001259528171
-0.00387850979556
-0.00331335829597
-0.00282357648388
-0.00227407247443
0.000237559350769
0.000596878352944
-0.00134547294326
-0.00396603520456
-0.00339160082766
-0.00290316187986
-0.00235489427646
0.000155785794459
0.000513410155561
-0.00143058171882
-0.00405271202652
-0.00346896418045
-0.00298185522949
-0.0024348122852
7.48228870918e-05
0.000430766666608
-0.00151485233586
-0.00413853798532
-0.00355614686456
-0.00305965428558
-0.00251382415235
-5.3274540041e-06
0.000348949918588
-0.00159828264647
-0.00422351081918
-0.00364257173153
-0.00313655681901
-0.00259192754822
-8.46633247807e-05
0.000267961930255
-0.00483070218448
-0.00430762828088
-0.00372812918593
-0.00321256061912
-0.00266912016207
-0.000163182834676
0.000187804706392
-0.00491244549553
-0.00439088813807
-0.00381281688568
-0.00328766349388
-0.00274539970238
-0.000240884106816
0.000108480237588
-0.00499334214253
-0.00447328817347
-0.00389663250421
-0.00336186327028
-0.0028352909216
-0.000317765278218
2.99905000198e-05
-0.00507339003578
-0.00455482618518
-0.00397957373074
-0.00343515779455
0.000245591588173
-0.00306184654568
-0.00311816396367
-0.00329025676679
-0.00583945033886
-0.00588362933996
-0.00192479450322
-0.00187285336655
-0.00303173555171
-0.0030873559221
-0.00324805492812
-0.00579625852101
-0.00583944815768
-0.00187963145244
-0.0018267238633
-0.00300085999616
-0.00305576600706
-0.0032050601874
-0.00575225600071
-0.00579443853914
-0.00183362242208
-0.00177973116842
-0.0029692204866
-0.00302339486895
-0.00316127346346
-0.00570744376198
-0.00574860153642
-0.0017867685347
-0.00173187647674
-0.00293681764497
-0.0029902431735
-0.00560069970386
-0.00566182280527
-0.00570193821905
-0.00173907093139
-0.00168316100277
-0.00290365210751
-0.00295631160172
-0.00555533183179
-0.00561539414743
-0.00565444967398
-0.00169053077171
-0.0037257630288
-0.00286972452471
-0.00292160084981
-0.00550917482545
-0.00556815882154
-0.0016600943858
-0.00370735448919
-0.00367532971156
-0.00283503556122
-0.00288611162911
-0.00546222966497
-0.00552011787684
-0.00364369037484
-0.00365713276846
-0.00362403937189
-0.00279958589584
-0.002849844666
-0.00541449734553
-0.00743508244247
-0.00359373284042
-0.00360607207926
-0.00357189330141
-0.00276337622139
-0.00281280070188
-0.00730251422828
-0.00738543347183
-0.00354295459751
-0.00355417365351
-0.00351889281058
-0.00272640724471
-0.00471151584399
-0.0072532106363
-0.00733498212578
-0.00349135681813
-0.00350143874087
-0.00346503922862
-0.00268867968651
-0.00467292016151
-0.00720312296036
-0.00728372951699
-0.00343894069094
-0.0034478686086
-0.00341033390333
-0.00455719646222
-0.00463354979131
-0.00715351423362
-0.00336890836203
-0.00338570742108
-0.00339346454143
-0.00335477820089
-0.00451795395855
-0.00459340553395
-0.00711246491684
-0.00331605662786
-0.00333165823008
-0.00333822784136
-0.00329837350575
-0.00447795511841
-0.00455248820458
-0.00707062577532
-0.00326240706183
-0.00327679435569
-0.00328215982756
-0.00324112122045
-0.0044372007175
-0.0045107986329
-0.00702799769532
-0.00320796083815
-0.00322111705177
-0.00322526183622
-0.00318302276543
-0.00439569154509
-0.00446833766303
-0.00698458157845
-0.00315271914609
-0.00316462758811
-0.00316753522037
-0.0031240795789
-0.00435342840395
-0.00442510615345
-0.00694037834159
-0.00309668318991
-0.00310732725036
-0.00310898134974
-0.00306429311662
-0.00431041211023
-0.00438110497691
-0.00689538891677
-0.00303985418866
-0.00304921733984
-0.00304960161061
-0.00300366485181
-0.00426664349345
-0.00433633502033
-0.00303203361078
-0.00298223337614
-0.0029902991734
-0.00298939740564
-0.00294219627488
-0.00422212339638
-0.00429079718475
-0.0029854746663
-0.0029238220007
-0.00293057408331
-0.00292837015375
-0.00287988889335
-0.00407785033236
-0.00440321205531
-0.00284015504093
-0.00631378262396
-0.0030127118564
-0.0036017784113
-0.00538724765123
-0.00404233435131
-0.00436761952791
-0.00280452823324
-0.00627816416976
-0.00297714429969
-0.00356773889928
-0.00535318138643
-0.00400611204029
-0.00433131919293
-0.00276819295634
-0.00624183740757
-0.00294086941738
-0.00521996381394
-0.00531840644082
-0.00396918401006
-0.00429431166506
-0.00273114982666
-0.00620480295341
-0.00290388782289
-0.00518450861163
-0.00528292340399
-0.00393155088256
-0.00580652136269
-0.00269339947192
-0.00616706143453
-0.00286620014083
-0.00514834645783
-0.00524673287689
-0.00389321329084
-0.00576810133796
-0.00265494253105
-0.00612861348943
-0.00282780700698
-0.00511147796332
-0.00520983547172
-0.00385417187904
-0.00572897603162
-0.00261577965414
-0.00608945976776
-0.00278870906824
-0.00507390375011
-0.00517223181194
-0.0038144273023
-0.00568914610298
-0.0025759115024
-0.00604960093027
-0.00443613566225
-0.00503562445134
-0.00513392253216
-0.00377398022674
-0.00564861222242
-0.00253533874811
-0.00600903764876
-0.00439563009865
-0.00137475329563
-0.00509490827814
-0.00527523003546
-0.00560737507127
-0.00249406207455
-0.00596777060604
-0.00435442173704
-0.00133506576956
-0.00505518970671
-0.00523338000418
-0.00556543534179
-0.00245208217593
-0.00592580049586
-0.00431251126825
-0.00129467512379
-0.00501476748571
-0.00519082953767
-0.0055227937371
-0.00240939975737
-0.00588312802283
-0.00426989939394
-0.00125358203557
-0.00497364229396
-0.00514757934533
-0.00547945097113
-0.00236601553482
-0.00401951559531
-0.00422658682656
-0.00121178719302
-0.00493181482116
-0.00510363014728
-0.00543540776854
-0.002321930235
-0.00397544055375
-0.00418257428931
-0.00116929129509
-0.0048892857679
-0.00505898267425
-0.0053906648647
-0.00227714459537
-0.00393066532796
-0.00413786251602
-0.00112609505151
-0.00484605584555
-0.00501363766753
-0.0053452230056
-0.00223165936401
-0.00388519066553
-0.00409245225115
-0.00108219918273
-0.00659350984731
-0.00496759587893
-0.00189615226342
-0.00218547529961
-0.00383901732464
-0.00404634424971
-0.00103760441984
-0.00654888036376
-0.0049208580707
-0.00184931477398
-0.00382134684609
-0.00379214607397
-0.0039995392772
-0.000992311504554
-0.0065035522094
-0.0048734250155
-0.00180178063042
-0.00377376743379
-0.00374457769271
-0.00395203810953
-0.000946321189094
-0.00645752613821
-0.00482529749627
-0.00175355062063
-0.00372549152748
-0.00369631297041
-0.003903841533
-0.000899634236179
-0.00641080291465
-0.00477647630626
-0.00170462554283
-0.00367651992764
-0.003647352707
-0.00385495034418
-0.00267257727038
-0.00636338331363
