-0.00196621917916
0.00188974190587
0.00313715666825
7.96838803723e-05
0.00326059005778
0.00023308793171
0.00108866261674
-0.00189889838635
0.00195745209586
0.00319874040507
-0.000703739342337
0.00332239403629
0.000303138275445
0.00115864854397
-0.00183020052332
0.00202654644294
0.00326172635842
-0.000640483245853
0.00338560478723
0.000374579540554
0.00123002426525
-0.00176013015756
0.00209702030306
0.00332611022314
-0.000575823817602
0.00345021796059
0.00044740686005
0.00130278492645
-0.00168869192706
0.00216886896079
-0.00155755682258
-0.000509765494788
0.00351622912838
0.000521615295861
0.00137692560246
-0.00161589053882
0.00224208763085
-0.00149039035868
-0.000442312791314
0.00357850999212
0.000597199840368
0.00145244129878
-0.00154173076751
0.00231667145951
-0.00142183935747
-0.000373470296348
0.00363546450493
0.000674155417944
0.00152932695302
-0.00146621745396
0.00155265988699
-0.00135190842512
-0.000303242672872
0.00369382810166
0.000752476886508
0.00160757743645
0.00112341473552
0.00162995920533
-0.00128060223947
-0.000231634656219
0.00375359677907
0.00083215903908
0.00168718755553
0.0012016203535
0.00170860872529
-0.00120792554864
-0.000158651052602
-0.000167451063468
0.000913196605341
0.00072509079338
0.000454419314492
0.00178860333426
-0.00113388316953
0.00269911956711
-0.000104884555734
0.000995584253203
0.000807404351832
0.000535297115452
0.00186993785859
-0.00105847998637
0.00277483964992
-4.09254557534e-05
0.00107931659038
0.00394977498736
0.00061750331232
0.0019374759535
-0.000981720949242
0.00285192049067
2.44219185169e-05
0.000136922833645
0.00403477047257
0.000701032697621
0.00199647455057
-0.000916998681466
0.00293035701452
9.11531738148e-05
0.000223328139635
0.00412109870855
0.000785880007903
0.00205685569479
-0.000856356849192
0.00301014408329
0.000159263842949
0.000311061612598
0.000366305795792
0.000872039925205
0.00211861538823
-0.000794331039259
0.00308033376646
-0.000793747340174
0.000400117635179
0.000455282831065
0.000959507078536
0.00218174955758
-0.000730925376262
0.00315111195104
-0.000722891533688
0.000490490537695
0.000545575808748
0.00104827604535
0.00224625405548
-0.000666144059632
0.0032232544039
-0.000650670144541
0.000582174599705
0.000637179022557
0.001138341353
0.00231212466174
-0.000599991362331
0.00225801320806
-0.000577087921613
0.00067516405158
0.000730086717067
0.00122969748025
0.00237935708468
-0.000532471629534
0.00233286992889
-0.000502149680646
0.000769453076068
0.000824293089273
0.00132002928432
0.00244794696238
-0.000463589277299
0.00240907651741
-0.000425860302804
0.000856386881085
0.000919792290146
0.00180977002105
0.00321686518642
0.0010357749076
0.00139791340493
-0.00124376578694
-0.000449639931221
0.000587493129417
0.0018753224324
0.0032851747951
0.00112060569476
0.00148820407532
-0.00114783120786
-0.00034807201926
0.000694393057053
0.00194252187471
0.00335519303958
0.0012071662411
0.00158031393006
-0.00104998929622
-0.000244513404231
-0.00072628007486
0.00201136197544
0.00342691274391
0.00129544718059
0.00167423181952
-0.000950253236864
-0.000138979495871
-0.000615267577831
0.00208183624047
0.00350032659933
0.004842695508
0.00176994646882
-0.00084863634512
-0.0015101993061
-0.000502225458073
0.002153938057
0.00357542716777
0.00487437120124
0.00186744648364
-0.000745152059367
-0.00140076155398
-0.00038717164594
0.00222766069637
0.00365220688522
0.00490789762675
-0.00128510929433
-0.00207690566796
-0.00128939548518
-0.000270124174664
0.00230299731696
0.00373065806524
0.00494327091644
-0.00118407318057
-0.0019697273649
-0.00117611697717
-0.000151101169477
0.00237994096708
0.00381077290245
0.00498048700085
-0.00108128654366
-0.00186072264821
-0.00106094200178
-3.01208369368e-05
0.00245848458793
0.00389254347599
0.00501954161141
-0.00236137057744
-0.00174990537578
-0.000943886616417
9.27985455335e-05
0.00253862101646
0.00396226673416
0.00506043028281
-0.00225511843022
-0.00163728949259
-0.000824966955441
0.000217638639872
0.00262034298839
0.00400303446044
0.00368838880531
-0.00214715147247
-0.00152288902379
-0.000704199221733
0.00034438105738
0.0027036431411
0.00404554685956
0.00373293142827
-0.00203748177584
-0.0014067180679
-0.000581599678389
0.000473007368483
0.00278851401666
0.00271554460634
0.00377929356136
-0.00192612148668
-0.00128879079005
-0.000457184640593
0.000603499112247
0.00287494806474
0.00276153301502
0.00382746997831
-0.00181308282063
-0.00116912141543
-0.000330970467664
0.000735837805651
0.001626377061
0.0028092524345
0.00387745526951
0.00175497489684
-0.00104772422274
-0.000202973555282
0.000870004952599
0.00171591444846
0.0028586979887
0.00392924384496
0.00187133341871
-0.000924613537886
-7.32103278877e-05
0.00100598205269
0.00180699183287
0.00290986464447
0.00398282993725
0.00197932502474
-0.000799803727672
5.83027687248e-05
0.00114375060972
0.00189960132407
0.00296274721403
0.00403820760464
0.00203708200125
-0.000673309193722
0.000191549274633
0.0012832921399
0.00199373495431
0.00301734035752
0.00409537073423
0.00209669510568
-0.000545144366477
0.00032651272282
-0.000292454463678
0.00208938468127
0.00307363858556
0.00415431304517
0.00215815723803
-0.000415323699335
0.000463176646014
-0.000149422349087
-0.00144516746315
-0.00159381154343
-0.0017100467591
-0.00193020757175
-0.00268936982575
-0.00367991366182
-0.00463417660394
-0.00343136681008
-0.00410417708374
0.00118578667858
4.09897352722e-05
-0.00114059428096
-0.000618126725854
-0.00149747524981
-0.000498241401666
-0.00164970763118
-0.00103325517241
-0.00244754411424
-0.00393961820182
-0.00214866905739
-0.00342016462424
-0.00197355500138
-0.00207058570471
-0.0022718218462
-0.00151358364965
-0.00195033190346
-0.00295605358625
-0.00391664990842
-0.00390363140654
-0.00457238116187
0.000519943137613
-0.000551279716255
-0.000281635830588
-0.00119676899191
-0.00206341272591
-0.00104847907561
-0.00140957240188
-0.000781938018979
-0.00200680913246
-0.00350822257188
-0.00258414277847
0.000410495894817
-0.00124057396956
-0.0013422131543
-0.00179347653003
-0.0022480296255
-0.00235003846706
-0.00336227481234
-0.00432616750955
-0.00431298369733
-0.00517873330084
-9.05390852211e-05
-0.00109769538188
-0.000811775076063
-0.000764955022131
-0.00163726221703
-0.000607759146097
-0.00203497740447
-0.00139662246592
-0.00257952763941
-0.00390047124242
-0.00296716985146
3.81159347524e-05
-0.00165586858569
-0.00201081715555
-0.00247132091406
-0.00292973227574
-0.00284174724097
-0.00370360050643
-0.00397134122455
-0.00482513649706
1.04178468636e-05
0.000336818444543
-0.000633466167047
-0.000318485340736
-0.00122719647431
-0.00208873534279
-0.00113413256578
-0.00260784553778
-0.00195934706925
-0.0031290225871
-0.00424158235279
0.00103905342188
-0.000281612168714
-0.0020083540706
-0.00262188319666
-0.00309320689261
-0.00355530294451
-0.00249957654465
-0.00301346940034
-0.0034164245914
-0.00435627187866
-0.000485076649607
-0.000153560713927
-0.00106970253766
-0.000749191175169
-0.00162738521203
-0.00247936524764
-0.00165791960904
-0.00312558890733
-0.00246764421598
-0.00294997623828
-0.00183716852068
0.00145617099338
0.000112959877199
-0.00252766938518
-0.00220736648789
-0.00268274327953
-0.00315535516156
-0.0030640264581
-0.00337343767358
-0.00384417635324
-0.00478737560901
-0.000915542569027
-0.000579451393276
-0.00144064528247
-0.00111640693909
-0.00197346450598
-0.000409209439109
-0.00142168057093
-0.00290267329448
-0.00223610173321
-0.0033902702338
-0.00226426364487
0.00120347101909
-0.000299770150537
-0.00210176175029
-0.00269987177724
-0.00318284430466
-0.00365863845629
-0.00356582010975
-0.00391145876882
-0.00433988098487
-0.000337672152378
-0.00127822592247
-0.00020034006836
-0.00100531042419
-0.000677959771602
-0.00153572663742
-0.000963134680453
-0.00199100171617
-0.00330285636898
-0.0026285976457
-0.00377279241772
0.00181926131877
0.000750706797572
-0.000827416023787
-0.00258270932711
-0.00312759548739
-0.0036173650258
-0.00409600962666
-0.00400185675653
-0.00438516332394
-0.00407190811625
-6.4579993623e-05
9.58326483623e-05
-0.000489542886866
-0.00123903681249
-0.000909247137458
-0.00189275214758
-0.00148448954735
-0.00250179641055
-0.00364095458378
-0.0029600631401
-0.0040956644651
0.00196253665735
0.000721387434361
-0.000860220627831
-0.00299878183226
-0.0034878262798
-0.0032519441507
-0.0034562107789
-0.00366808715396
-0.00404309182194
0.000426998860653
-0.000478839056916
-0.000316188010889
-0.000884618732743
-0.00145153248732
-0.00107007604621
-0.00235780759746
-0.0019435735932
-0.0029513037912
-0.00344475443459
-0.00275838961038
-0.00391452602133
0.00170926066649
0.000287714970459
0.00122698751877
-0.0026158231543
-0.00304663547369
-0.00354711945783
-0.00378508335334
-0.00416613895385
-0.0044526341828
8.56997245149e-05
-0.000821791608706
-0.000657239771669
-0.00122038787462
-0.00199994698875
-0.000918443320878
-0.00227081181487
-0.00185130984099
-0.0028602404486
-0.00190600780931
-0.00296274188751
0.000354264101113
0.00149901073737
-8.97370643873e-05
0.000858952492243
-0.00289457418586
-0.00326505762989
-0.00378875216004
-0.00421249579271
-0.0045952728226
-0.00487902647824
-0.000182084194309
-0.000592037722859
-0.000425963064109
-0.00111309275918
-0.00197442735165
-0.00129433157231
-0.00260188865491
-0.00217791735993
-0.00317969875026
-0.00221615513073
-0.00310162321957
0.000219129499536
0.001173052354
-0.000409218935156
0.00078210691396
-0.00325832415933
-0.00362070158052
-0.00413925920961
-0.0040675649502
-0.00445887388748
0.000194141773889
0.000142426059221
-0.000785226540983
-0.000618041227127
-0.00153284724612
-0.00113895580199
-0.00169916883902
-0.00286246096028
-0.00243490504095
-0.00343095816302
-0.00245996457375
0.00162363476518
0.000391598421169
0.00115082057357
-0.000434673891633
0.000528840783338
-0.00310567969712
-0.00347236665639
-0.003915731331
-0.00434878308741
-0.00474128169281
0.000432880926874
2.728024843e-05
-0.000900957332237
-0.000951558271376
-0.00188010450158
-0.00148150259
-0.00203377262985
-0.00280746908822
-0.00237728588162
-0.00335891234459
-0.0023824686056
0.00147660451668
-3.25003918061e-06
0.000727590094145
-0.000633847345643
0.000334869264088
-0.00365468062045
-0.00375388311784
-0.00411722112367
-0.00455334941137
-0.00494672833555
0.000228835951207
-9.86142256077e-06
-0.000995449121647
-0.0012244956734
-0.00188479502898
-0.00148242325872
-0.00210944940899
-0.00292202538783
-0.00249022758087
-0.00346927729818
-0.00248948845192
0.0012976015234
0.00178228734062
0.000347466200413
-0.000995170712117
3.86272596709e-05
-0.00385851912038
-0.00396032769593
-0.00424154903362
-0.00467959774824
-9.334479276e-05
0.00038041604833
0.000291934402307
-0.000923600076163
-0.0011542269878
-0.00207955549662
-0.00174134008994
-0.00245507533996
-0.0031026201811
-0.0025296874252
-0.0035078325254
0.00212412816599
0.000967173665182
0.00145663743707
5.30315887506e-05
-0.00130539211766
-0.000222507244656
-0.0039866219071
-0.00387318106891
-0.00415020014704
-0.00450956953763
0.000137074781001
0.000333659672137
0.000282992265673
-0.00103883013371
-0.00127040716675
-0.0022638277573
-0.0020181903892
-0.00272661303125
-0.00187426442424
-0.00249538036977
-0.00347920991306
0.002151141407
0.000727081863857
0.00122044603361
-0.000202368042078
-0.00155359441182
-0.000422776887816
-0.00376700994567
-0.00392521804677
-0.00452269764833
0.000176619265521
-8.52180372177e-06
0.000344406055629
9.24107971269e-05
-0.000297215548138
-0.00137549211484
-0.00246481376228
-0.00221593069244
-0.00292253714664
-0.0020645357051
-0.00243004799805
-0.00337384509512
0.00225331120089
0.000529049447975
0.00102536855604
-0.000393108988693
-0.00173889224812
-0.00056160468807
-0.0037412386966
-0.00421309850972
-0.00481935821622
-0.000123142952117
-0.000307927936276
4.87773627946e-05
-0.000334550715742
-0.000670631960645
-0.00149214151947
-0.00258433930467
-0.0023358685877
-0.00304010959141
-0.00217867001123
-0.00253995238653
0.00138068728976
0.00212788707799
0.00039924003931
0.000897515232339
-0.000518093225173
0.000229767854608
-0.000998445621535
-0.00373558690295
-0.00442679808862
-0.00503774152706
-0.000343852705449
-0.000528370765614
-0.000168832507957
-0.000688982582006
-0.00102940585758
-0.00181910489674
-0.00262432302597
-0.00237549593107
-0.00307895105129
-0.00221636966714
-0.00257624802004
0.000900698486504
0.00138750618465
7.41499415686e-05
0.000573346076789
-0.000831355955974
0.000103193025419
-0.00117690371023
-0.0038665988835
-0.00456203898177
-0.000188236887457
-0.000483587336215
-0.000667934020213
-0.000306578975686
-0.000966041081016
-0.00130993793734
-0.00209978635397
-0.00280116911472
-0.0023344707412
-0.00303873942725
-0.00243614949197
0.00150570049545
0.0019931742776
0.00098372527828
4.1958397025e-05
0.000581880862277
-0.000840872521453
-1.6303173404e-05
-0.00129284616291
-0.00392049529208
-0.0046176865516
-0.000245128420333
-0.000541097351371
-0.000725372991639
-0.000363264916823
-0.00116337019098
-0.00150978485185
-0.00258356632664
-0.00226602922858
-0.00263195159206
-0.00317861756997
-0.00264796794526
0.00115514111895
0.00164827335384
0.00064738148677
-0.000283569139272
0.000658742226654
-0.000896650030352
-7.07436187696e-05
-0.00134565975821
0.000520084126116
-0.00280307246861
0.00159130611908
-0.00157151316957
-0.000657607642517
-0.000936818559607
-0.000508602372251
0.000494503193124
-0.00282888732224
0.0015561635693
-0.00160679172779
-0.000692828542577
-0.000975199940365
-0.000547063665483
0.000470422672138
-0.00285318822976
0.00152253786809
-0.00164054772078
-0.000726529300656
-0.00102267939505
-0.000583998277454
0.000447844384092
0.00076561995
0.00149043163161
-0.00167277850207
-0.00077006129271
-0.00107239765528
-0.00061940328895
0.000426770039002
0.000744352434275
0.00145984736347
-0.00170348153908
-0.000818020300455
-0.00112060667706
-0.000653275894659
0.0012654489811
0.000724604135732
0.00143078745366
-0.00173265441402
0.00222897005492
-0.00116730269366
2.91287086378e-05
0.00124738720512
0.000706376581814
0.00140325417773
-0.0017602948249
0.00218402575617
-0.00121248204464
-1.67113059997e-06
0.00123083383039
0.000689671184158
0.00137724969585
-0.00178640058637
0.00214059411273
-0.00125614117719
-3.09308422517e-05
0.00121579011725
0.000674489238053
0.001352776052
-0.00182156854162
0.00209867851562
-0.000580094229004
-5.86480871218e-05
0.00120225721228
0.000636663625196
0.00132983517314
-0.00186337681416
0.00205828224711
-0.000620702703568
-8.48206449575e-05
0.00119023614793
0.000588338694257
0.00130842886851
-0.00190366429199
0.00201940847947
-0.000659780960489
-0.000109446415328
0.00117972784208
0.000541505668724
0.00128855882888
-0.0019424278056
0.00270843088034
-0.000697325890714
-0.000132523418459
0.00117073309773
0.000496168118538
0.00126185662251
-0.00197966429705
0.00267261118523
-0.00073333449924
-0.00016723999423
0.00113489763843
0.000452329510503
0.00122633680145
-0.00201537082116
0.00263832283583
-0.000767803906288
-0.000201697134223
0.00109304854289
0.000409993206999
0.00119234197831
-0.00133873447765
0.00260556855265
-0.000800731348429
-0.000234612844363
0.00105268833804
0.000369162464736
0.00115987482732
-0.00137137268822
0.00257435094047
-0.000832114179673
-0.000265984481464
0.00101382006737
0.000329840433528
0.00112893790836
-0.00140247278362
0.00254375668661
-0.000861949872515
-0.000295809520704
0.000976446669717
0.000292030155117
0.00182941861831
-0.0014320322807
0.00251420680479
-0.000890236018938
-0.000324085556628
0.000940570978158
0.000255734562016
0.00180154938083
-0.00146004881435
0.00248619939358
-0.000916970331369
-0.0003508103041
0.000906195718986
0.000220956476403
0.00177521735933
-0.00148652013842
0.00245973669694
-0.000942150643597
-0.000375981599222
0.000873323510681
0.000902301954881
0.00175042464684
-0.00151144412667
0.00243482083904
-0.000965774911639
-0.000399597400193
-0.00115951787485
-0.000224356491717
0.000904017691375
0.00106964911548
0.00134078677018
-0.00111965853986
-0.000289748870607
-0.00122569057626
-0.000293954358876
0.000831091519036
0.0010200053617
0.00128763059688
-0.0011763862818
-0.000349911561776
-0.00129012753223
-0.000361736167154
0.000760058062172
0.000972455681363
0.00123670798393
-0.00123074045692
0.000276584232664
-0.00135282193205
-0.000427694030106
0.000690926349528
0.000927007228172
0.00118802768455
-0.00128271046462
0.000221446862338
-0.00141376711498
-0.00049182022961
0.000623705223347
0.000883666870177
0.00114159810935
-0.000664056109239
0.000168840578903
-0.0014729565735
-0.000554107220071
0.000558403334141
0.000842441184768
0.00109742731927
-0.000711227613266
0.000118777025533
-0.00153038395665
-0.000614547632584
0.000495029135516
0.000803336453826
0.00172375301978
-0.000755985621259
7.12673490372e-05
-0.00158604307324
-0.000673134279023
0.000433590879067
0.000766358659061
0.00168412255076
-0.000798321212361
2.63221879245e-05
-0.00163992789498
-0.000729860156079
0.000374096609337
0.0013769698475
0.00164677288557
-0.000838225908033
-1.60483390966e-05
-0.00169203255963
-0.000784718449221
0.000316554158861
0.00134426264738
0.00161171062153
-0.000875691680309
-5.58346441557e-05
-0.00174235137404
-0.000837702536589
0.000880746293263
0.00131369848385
0.00157894197509
-0.000910710959679
-9.30276807719e-05
-0.00179087881711
-0.000888805992803
0.00082713010659
0.00128528209529
0.00154847277641
-0.000943276642572
-0.00012761895389
-0.00183760954272
-0.000938022592694
0.000775487916451
0.00125901789964
0.00152030846431
-0.000973382098422
-0.000159600529379
-0.00188253838258
-0.000381539621835
0.000725826659559
0.00123490999104
0.00149445408141
-0.00100102117632
-0.000188965042964
-0.00192566034895
-0.000426964652515
0.000678153037227
0.00121296213661
-0.00158822753379
-0.00102618821119
-0.000215705708573
-0.00137778896832
-0.000470485388552
0.000632473511023
0.0011931777736
-0.00160944853696
-0.00104887802955
-0.000239816326075
-0.00141728296019
-0.00051209644106
0.000588794298537
0.00117556000669
-0.00162834690289
-0.00106908595477
-0.000261291288389
-0.00145495622529
-0.000551792638589
0.000547121369291
0.00116011160554
-0.00164491921478
-0.00108680781185
-0.000280125587947
-0.00149080452419
-0.00058956903025
0.000507460440773
0.00114683500268
-0.00165916247089
-0.0011020399317
-0.000296314822488
-0.0015248238106
-0.00062542088873
0.000469816974618
0.00113573229157
-0.00167107408718
-0.00111477915494
0.00017575920763
-0.00155701023361
-0.000659343713188
0.000432972105705
0.00112680522493
-0.00168065189972
-0.00112502283513
0.000164870863783
-0.00293005111506
-0.00283257047473
-0.00292616136415
-0.00301104725469
-0.00307720917823
-0.00309784524296
-0.00163056486193
-0.00294299214686
-0.00284606790368
-0.00294701910658
-0.00303289809561
-0.0031001136959
-0.00171692986055
-0.00165950657514
-0.00295481533233
-0.00286305843286
-0.00296665988567
-0.00305347458192
-0.00312318354539
-0.00175247016928
-0.00170490867554
-0.002965520178
-0.00288065705254
-0.00298508272685
-0.00308270010513
-0.00316314886996
-0.00179438558349
-0.00174886646848
-0.00297510623686
-0.00290446753352
-0.00301987065639
-0.00311955685573
-0.0018379143894
-0.00183491819706
-0.00179137682359
-0.0029835731084
-0.00293690751658
-0.00305383656962
-0.00315514996337
-0.00187523595426
-0.00187406537348
-0.00183243670498
-0.00299092043872
-0.00296819140519
-0.00308659331359
-0.00186630281835
-0.00191123227936
-0.00191182456002
-0.00187204317227
-0.00299714792058
-0.00299831778855
-0.00311813927045
-0.00189936293144
-0.00194590122317
-0.00194819328851
-0.0019147057801
-0.00300225529349
-0.00302728530592
-0.00185038523037
-0.00193115382287
-0.0019792407188
-0.00198316917612
-0.00195713274121
-0.00300624234375
-0.00305509264687
-0.00187950498812
-0.00196167376384
-0.00201124877454
-0.00201674992615
-0.00199810514887
-0.00300910890451
-0.00181432587419
-0.00190740944913
-0.00199092109168
-0.0020419234745
-0.00204893332876
-0.00203762005265
-0.00301085485576
-0.00183980913379
-0.00193409722606
-0.00201889421037
-0.00207126297912
-0.00207971726167
-0.00207567459955
-0.00178271081461
-0.00186412859057
-0.00195956699009
-0.00204559159087
-0.00209926552578
-0.00210909969088
-0.00211226603494
-0.0017829971947
-0.00188728313824
-0.00198381747123
-0.00207101177164
-0.00212592942925
-0.00213707867129
-0.00214739170358
-0.0018040124947
-0.0019092717222
-0.00200684745866
-0.00209515335896
-0.00215125308226
-0.0021636523474
-0.00519545710252
-0.00182391200126
-0.00193009333981
-0.00202865580101
-0.00211801502733
-0.00217523495591
-0.00218881895383
-0.0052276436741
-0.00184269488429
-0.00194974704053
-0.00204924140663
-0.00213959551986
-0.0021978736002
-0.00221257681598
-0.00402651584137
-0.00186036035953
-0.00196823192624
-0.00206860324391
-0.00215989364855
-0.0022191676444
-0.00223492435054
-0.00405575391034
-0.00187690768869
-0.00198554715136
-0.00208674034149
-0.00217890829468
-0.00223911579751
-0.00102401878869
-0.00408351445882
-0.00189233617965
-0.00200169192309
-0.00210365178853
-0.00219663840908
-0.00225771684861
-0.00104354128593
-0.00410979544644
-0.00190664518655
-0.00201666550156
-0.00211933673493
-0.00221308301242
-0.00227496966726
-0.00106164925854
-0.00413459493817
-0.00254037920601
0.000194727500139
-0.0039514907644
-0.00419459739692
-0.00137863257651
-0.00540499317225
-0.0025155057498
-0.00254350920554
0.000179848384864
-0.00396767349859
-0.00421374188263
-0.00139797314379
-0.00541836677877
-0.00252899338965
-0.00254571810541
0.00015307527648
-0.00398291331965
-0.00423193330281
-0.00141635095916
-0.00543076613016
-0.00254654749355
-0.00254700584315
0.000127228281872
-0.00399720977456
-0.00424917110431
-0.00143376545235
-0.00544219083329
-0.00257212615355
-0.00254737238234
-0.00277268650437
-0.00401056243806
-0.00426545476258
-0.00145021608253
-0.00545264052573
-0.00259672685744
-0.00254681771259
-0.00279667906215
-0.00402297091274
-0.00428078378177
-0.00146570233848
-0.00546211487586
-0.00262034881501
-0.00254534184961
-0.00281974334892
-0.00403443482908
-0.00429515769476
-0.00148022373859
-0.00547061358283
-0.00264299126667
-0.00254473080065
-0.00284187869778
-0.00405196769865
-0.00430857606327
-0.00149377983097
-0.00547813637672
-0.00266465348363
-0.00256563535835
-0.00286308446811
-0.00407344335266
-0.00432103847792
-0.00150637019352
-0.00548468301848
-0.00268533476793
-0.0025856228145
-0.00288336004562
-0.0040939770887
-0.00433254455827
-0.00151799443397
-0.00549025330003
-0.00270503445261
-0.00260469260588
-0.00290270484248
-0.00411356829628
-0.00434309395291
-0.00152865218999
-0.00550557990344
-0.00272375190183
-0.00262284419471
-0.00292111829737
-0.0041322163924
-0.0043526863395
-0.0015383431292
-0.00552314367182
-0.00274148651091
-0.00264007706873
-0.00293859987559
-0.00414992082172
-0.00436132142479
-0.00154706694924
-0.00553973343995
-0.00275823770647
-0.00265639074123
-0.00295514906909
-0.00416668105656
-0.00436899894471
-0.00155482337783
-0.00555534868133
-0.00277400494654
-0.00267178475115
-0.00297076539662
-0.00418249659706
-0.00437571866441
-0.00156161217278
-0.00444713518134
-0.00163998176703
-0.00160140942476
-0.00188812223679
-0.00310004080425
-0.00327201162758
-0.000427348073078
-0.00446079991211
-0.00165377959611
-0.00161544651913
-0.00190187149591
-0.00311396556789
-0.00327681515919
-0.000432200994821
-0.00447348872042
-0.00166659203288
-0.00163781674667
-0.00191468660643
-0.00312694430492
-0.00328066036151
-0.000436085737385
-0.00448520120255
-0.00167841866171
-0.00165926903234
-0.00192656719478
-0.00313897662728
-0.00328354711678
-0.000439002179353
-0.00449593698563
-0.00168925909876
-0.00167980277012
-0.00193751291442
-0.00315006217501
-0.00329137145214
-0.000440950229561
-0.00450569572774
-0.001699112992
-0.00169941737942
-0.00194752344594
-0.00316020061631
-0.00330162092488
-0.000441929827107
-0.00451447711792
-0.0017079800213
