0.000258081563627
0.00132176788387
0.000310278155716
0.00136227370784
-0.00187841788744
0.000995256180891
-0.0019043452727
-0.00158772461335
0.00137692135415
0.000359835479293
0.00141070866246
-0.00182408165434
0.00104844371235
-0.00186164807646
-0.00152993072221
0.00143401839294
0.00041131900205
0.00146102869685
-0.00176790775161
0.00110343274743
-0.00181717441769
-0.00147017896529
0.00149305156931
0.000464722185972
0.00151322769801
-0.00170990270894
0.00116021715165
-0.00177092906693
-0.00140847726043
0.00155401324015
0.000520038280488
-0.000490361018477
-0.00165007323649
0.00121879061944
-0.00172291696669
-0.00134483373907
0.0016168955548
0.000577260326548
-0.000434423220537
-0.00158842622115
0.00127914667746
-0.00167314322886
-0.00127925674129
0.00168169045987
0.000636381160797
-0.000376625982255
-0.00152496872282
0.00134127868799
-0.00375633672092
-0.00121175481064
0.00174838970403
0.000697393419833
-0.000316976195793
-0.00145970797061
0.00140517985239
0.000424540797025
-0.00114233668897
0.00181698484295
0.000760289544544
-0.000255480938553
-0.00139265135895
0.00147084321455
0.000479567122137
-0.00107101131119
0.00188746724425
-0.00123259858655
-0.000192147469214
-0.00132380644374
0.00153826166452
0.000536332996859
-0.000997787799892
0.00195982809258
-0.00116595816853
-0.000126983223693
-0.0012531809383
0.00160742794199
0.00059483250303
-0.000922675460054
0.00203405839463
-0.00109745769198
-5.99958110597e-05
0.00290094289908
0.00167833464003
0.0006550595698
-0.000845683773585
0.00211014898433
-0.00102710545404
8.80699061983e-06
0.00297510583504
-0.000425042826123
0.000717007976618
-0.000766822393887
0.00218809052797
-0.0009549099249
7.94172384777e-05
0.00305102531651
-0.000350678076111
0.000780671356258
-0.000686101140373
0.000185247489468
-0.000880879743027
0.000151826829091
0.00312869304063
-0.00027459596955
0.000846043197905
-0.000620910268743
0.000262171002106
-0.000805023710468
0.000226027502766
0.00320810056737
-0.000233993504721
0.000913116850266
-0.000575124805467
0.000340933277093
0.00323227098039
0.000302010847863
0.00327948757997
-0.000198580144326
0.000981885524734
-0.000527394794199
0.000421524830023
0.00331175167787
0.000379768305145
0.00110670281103
-0.000161366634404
0.00105234229858
-0.000477726387511
0.000503936023604
0.00339303088646
0.000459291172163
0.00114645943938
-0.000122357048188
0.00112448011818
-0.00247284701642
0.000588157072828
0.00122500545644
0.000540570607653
0.0011880409018
-8.15556423205e-05
0.00119829180228
0.0013493664401
0.00067417805014
0.00130985332318
0.000623597635957
0.0012314425045
-3.89668545861e-05
0.00124053021538
0.000496656433706
4.69233341615e-05
-0.000511589811629
-0.00167458505402
-0.00191859357332
-0.00245484725587
0.00143213917371
0.00056259916773
8.09021168656e-05
-0.000475958334525
-0.00161001756949
-0.00184219849142
-0.00237630910084
0.00146225317198
0.000630475819891
0.000116960399318
-0.000438648414583
-0.00154331432852
-0.00176365999938
-0.00229557646831
0.00149475710638
0.00070027751272
0.000155092921216
-0.000399194672321
-0.00147448594741
-0.00168299093192
-0.00221266324085
0.00152964473143
0.00077199517355
0.00019529413894
-0.000357603240644
-0.00140354330705
-0.00160020436547
-0.00212758355439
0.00156690936783
0.000845619539963
0.000237558229501
-0.000313880559449
-0.00133049754497
-0.00151531360869
0.00230209757581
0.00160654390873
0.000921141165285
0.000281879094648
-0.000268033370771
-0.00127839425804
-0.00142833219294
0.00239146681263
0.00164854082638
0.00099855042413
0.000328250365151
-0.00022006871374
-0.0012292330831
-0.00133927386278
0.00248295868774
0.00169289217905
0.00107783751798
0.000376665405243
-0.000169993919344
-0.00117791218917
-0.0012481525664
0.00257655815898
0.00173958961842
0.00110959340191
0.000427117317207
-0.000994290333598
-0.00112443976478
-0.00115498244614
0.00267224998443
-0.000772187651471
0.00113315783199
0.000479598946117
-0.000940018397695
-0.00106882429777
-0.00105977782898
0.00277001873297
-0.00072082467184
0.00115871802332
0.000534102884715
-0.00088366001369
-0.00101107456883
0.00335414274874
0.000333551019069
-0.000667143012625
0.00118627056343
0.000590621478412
-0.000825223624348
-0.000951199644963
0.000933073170739
0.000412921846398
-0.000611152569573
0.00121581178252
0.000649146830426
-0.0007647179357
-0.00333877537106
0.00103429361163
0.000439627634838
-0.000552863604133
0.00124733775597
0.000709670807018
-0.00313473061988
-0.00327467836945
0.00111589606766
0.000455221037317
-0.00049228673451
0.00128084430681
-0.00166039366612
-0.00307011347293
-0.00320848502329
0.0011830006428
0.000473106276318
-0.000429432926498
-0.00109444105707
-0.00159589776253
-0.00300345466235
-0.00314020547581
0.00125221699484
0.00049328021365
-0.000364313484122
-0.00105698687769
-0.00152942900325
-0.00293476388464
-0.00306985012146
0.00132353431195
0.000515739316414
-0.000296940040096
-0.00101756613755
-0.00146099641535
-0.00286405106777
0.00122926149096
0.00139694153116
0.000540479660073
-0.000227324546117
-0.000976183994068
-0.00139060923514
-0.00279132636451
0.00130373630745
0.00143343949372
0.000567496931862
-0.000155479263022
-0.000932845841898
-0.00131827690241
-0.00271660014573
0.00138025431374
0.00146171506937
0.000596786434505
-8.14167508047e-05
-0.00226263269995
-0.00362080044254
7.93752046099e-06
-0.00151755141571
-0.00329328027222
-0.00366090279503
-0.00526746349007
-0.00141658307706
-0.00309322505952
-0.00305512201521
-0.00457398465195
0.00177204075774
-0.000252735539307
-0.00225089697456
-0.00217539211703
-0.00422629092853
-0.000315100859176
-0.0022405521188
-0.00187734058845
-0.003848556239
0.000154980493727
-0.00291379427305
-0.00432247312175
-0.00069900893426
-0.00212850407686
-0.00382339729391
-0.00419448524631
-0.00580305238307
0.000595383171249
-0.00113470717477
-0.00109610856069
-0.00263673065903
0.00105936723513
-0.000966636669622
-0.000902258452308
-0.00280128199703
-0.00485063639074
-0.000936164547436
-0.00284659351353
-0.00247433506313
-0.00444021586321
0.00215934863646
-0.00353328728789
-0.00499337538989
-0.00543503777463
-0.00283025706632
-0.00164237664133
-0.00201676027053
-0.00378124085899
-9.62951461688e-05
-0.00182793164727
-0.00178884671301
-0.00332696277886
-0.00345413300056
-0.00164888452724
-0.00158370863097
-0.00341731887995
-0.00544142795775
0.00104242072735
-0.000902197252901
-0.000510627499902
-0.00251514184762
-0.00183803246452
-0.00146471728858
-0.00299666758941
-0.00344336510317
-0.00081133536251
-0.00104416717616
-0.00256373126555
-0.0044369169079
-0.000755425912936
-0.00248857249368
-0.00244901255912
-0.00398468131861
-0.00410236256113
0.000276754689289
0.000342708432612
-0.00152018871019
-0.00349184733829
0.000489315086224
-0.00145071957066
-0.00103969524502
-0.00303929348256
-0.0023559895185
-0.00205320967737
-0.0036027436145
-0.0040604688058
-0.00144878051041
-0.00168432053223
-0.00318060951472
-0.00505894885825
-0.00138081332317
-0.00311542699234
-0.000498827146053
-0.00212127768142
-0.0022299454791
-0.000338611570042
-0.00027190343028
-0.00213217494148
-0.00401230183979
-2.82303367629e-05
-0.00196389344025
-0.00153331115198
-0.00352823950909
-0.00283905460067
-0.00261902969291
-0.00417477668277
-0.00465966201872
-0.00205234507359
-0.00229050820415
-0.00121292487974
-0.0031165962199
-0.00341353235584
-0.00113072020877
-0.00109025303343
-0.00278727286472
-0.00288080249583
-0.000918759413408
-0.000851324085696
-0.00270906513061
-0.00453326425057
-0.00418469086275
-0.00244072363347
0.000413281137982
-0.00161670136747
-0.000921979667987
-0.00315000557019
-0.00217614672424
-0.00268844709493
-4.08271769321e-05
-0.000281515346579
-0.00175939692851
-0.00366783634898
-0.00396787971238
-0.00168642682803
-0.00171697607407
-0.00341890505464
-0.00349686557128
-0.0015041878384
-0.00139439225941
-0.000829267355274
-0.000493488609853
-0.0023357010242
-0.000604392542425
-0.00012634692238
-0.00205924652272
-0.00133260837824
-0.00109327137799
-0.00268774748883
-0.00322878508899
-0.00474032105574
-0.000816334597113
-0.00226899202858
-0.00418196766496
-0.00448496844128
-0.00221237102444
-0.00231380728632
-0.0015896791353
-0.00165165366517
-0.00353826461814
0.000549801460706
-0.00135414098771
-0.00109652135912
-0.00293394532186
-0.00124940835082
-0.000765647260346
-0.00269108631462
-0.00194194268019
-0.00162059899638
-0.00323986616549
-0.00373963070524
-0.00523549467373
-0.00131379706353
-0.00274063555413
-0.00077888361776
-0.00255208089419
-0.000317016548645
-0.000419556531126
-0.00214884226343
-0.00219443195896
-0.00408042267406
5.78303107248e-05
-0.0019237593612
-0.00166332203657
-0.00349614538544
-0.00185971710204
-0.00137042138902
-0.00104425899799
-0.000366086292155
-0.00212981905849
-0.00375541153754
-0.0042600649613
-0.00331694633701
0.000685786081864
-0.000735708054561
-0.00121553702075
-0.00301266433904
-0.00490214314164
-0.000941395274002
-0.00266993742594
-0.00269876559062
-0.00458416815965
-0.000443613975121
-0.00245582088323
9.93512522557e-05
-0.00178714700426
-0.00388294886966
0.000339422944152
-0.00160637873147
-0.0010012377255
-0.00018911713633
-0.00182775205484
-0.0023370239968
-0.00380260197902
0.000260450975475
-0.00112840432865
-0.00161191671675
-0.00349157039595
-0.00538370084337
-0.00142394363307
-0.00315178450539
-0.0031635008325
-0.00277750254557
0.00141317542792
-0.000657098570235
-0.000391430981693
-0.00232781919989
-0.0044202164435
-0.000192758023717
-0.00213193397855
-0.00160182484819
-0.000704941008395
-0.00226697287505
-0.00278056509439
-0.00424907960549
-0.00441895293224
-0.00168627743172
-0.00200236003316
-0.00393029054908
-0.0035714723113
0.000451242690222
-0.00129690040245
-0.00129118524843
-0.00320102213227
-0.00300322844898
-0.00111054717813
-0.000842499237627
-0.00283002719265
-0.00249755708133
-0.000686921177568
-0.0026607076497
-0.00216666988253
-0.00124071525315
-0.00272132640038
-0.0031841199178
-0.00465535072716
-0.00265888814739
1.03687816944e-08
-0.000234622801712
-0.00204331077295
-0.00397122584863
5.06373223259e-05
-0.00175697246874
-0.0017024976734
-0.00358283829759
-0.00348757983105
-0.00155238600303
-0.00125278295573
-0.00329262234556
-0.000830799439147
0.0010063670784
-0.00109087202987
-0.000582277061485
-0.00383875324554
-0.000960479829583
-0.00141186142545
-0.00281840384865
-0.00324238117874
-0.00058699812603
-0.000835530098747
-0.00249471283872
-0.00268741395844
-0.0044912492723
-0.00231430720586
-0.00225921311564
-0.0039920453626
-0.00188152837707
8.55981514145e-05
0.000400682635142
-0.00158818138346
-0.00124987277086
-0.00319022984854
-0.00159839011005
-0.0010721970024
-0.00429768192179
-0.00144280126412
-0.00189850350077
-0.00333745671027
-0.00378738141974
-0.00113535727487
-0.00139791785439
-0.00305900569681
-0.00307315281719
-0.00287244609785
-0.000684737074528
-0.000629055457212
-0.00237333321687
-0.00236789646017
-0.000399436923763
-8.1246591831e-05
-0.00196831542135
-0.00162743425223
-0.00360479418904
-0.00206672193057
-0.00152300374751
-0.00471910451768
-0.0018850795753
-0.00235577751102
-0.00382649371369
-0.00429260763151
-0.00590284555645
0.000253690133248
-0.00142969433135
-0.00148371256315
-0.00334711499815
-0.00116069077255
-0.00110445740702
-0.00284636588164
-0.00281256855988
-0.00480613759414
-0.000521783249449
-0.00234970028662
-0.00196253697027
-0.00207997731073
-0.000518592729868
4.25231168217e-05
-0.00510743470253
-0.0022862521116
-0.000646944006044
-0.00214100624481
-0.00262323439358
-0.00425680699064
-0.000227680171907
-0.00191276694795
-0.00200748343194
-0.00377929688245
-0.00159406479712
-0.00153731945195
-0.00327702979937
-0.00323013920307
-0.00520681049747
0.0011037659833
-0.000751791694586
-0.00043166327776
-0.00256103124863
0.00176614574983
-0.000327097189472
-0.00335136446761
-0.00494482864529
-0.00105012570628
-0.00254703791991
-0.00304525046314
-0.00468158387511
-0.000666643266655
-0.00235331255353
-0.00248947176611
-0.0041678268004
-0.00612308381435
9.09944159238e-05
-0.00166249247623
-0.00166783400095
-0.00366304778296
0.000711536058789
-0.00111100349613
-0.000887190277983
-0.00301322032527
-0.00247113376538
-0.000723138222889
-0.00365521303929
-0.00530129317177
-0.00141044338469
-0.00292082341373
-0.00342395305896
-0.00506280579681
-0.0010620164363
-0.000723563588304
-0.000901815612082
-0.00261630670128
-0.00264518288442
-0.000253358733637
-0.00204243514109
-0.00206347561219
-0.00405727782108
0.000320254264646
-0.00149790230781
-0.00130043441977
-0.00342338254686
-0.00287738312355
0.000673578831968
-0.00393774011782
-0.00464752970942
-0.00172693980009
-0.00125504077835
-0.00176167308624
-0.00341778650648
0.000630711365809
-0.00109249310421
-0.00129644019156
-0.00303614637289
-0.00294411331102
-0.000551919188844
-0.00239307520907
-0.00241427363823
-0.00440680437363
-2.66173569258e-05
-5.23878622416e-06
0.000165856147009
-0.0019982616815
-0.00146013378835
0.000280740571999
-0.00223526941727
-0.00294892308148
2.47890072329e-05
-0.00154103607842
-0.00205073592057
-0.00370882751398
-0.00405602769771
-0.00144015142519
-0.00164702253247
-0.00341092498555
-0.00329380753694
-0.000803801380054
-0.000979919196474
-0.000885099813218
-0.00288465734106
-0.0025208564238
-0.000368908326695
-0.000197590864874
-0.00235900887965
-0.00181687671413
-6.93576291817e-05
0.00203082023369
-0.00207250601194
0.000569025939888
-0.00139463979924
-0.000237793122179
-0.002674225008
0.000198187005273
0.00195939792169
-0.00214276525594
0.000501506420672
-0.00146103258274
-0.000302567927025
-0.00270062015924
0.00017251646446
0.00188989847028
-0.00221112942781
0.000435865871709
-0.00152557462385
-0.000882651522784
-0.00272517631502
0.000148635112661
0.00182233097341
-0.00227758985608
0.000372112441297
-0.00158825816363
-0.000943799244221
-0.00274789068428
0.000126545518059
0.00140671237242
-0.00234213805999
0.000310254088633
-0.00164907562496
-0.00100312276429
-0.00276876068025
0.000106250060532
0.00134303527006
-0.00240476575451
0.000250298579168
-0.00170801961691
-0.00106061520914
-0.00278778392195
8.77509303752e-05
0.00128131619594
-0.00246546485529
0.000192253480016
-0.00176508293891
-0.00111626988412
-0.0028049582355
2.37979641299e-05
0.0012215634207
-0.00252422748361
0.000136126155446
-0.00233737730715
-0.00117008027743
-0.00282028165539
-6.13747053036e-05
-0.00111408706359
-0.00258104597113
8.19237624548e-05
-0.00239065846983
-0.00122204006379
-0.00283375242557
-0.00014488047255
-0.00116988331054
-0.00263591286469
2.96532464231e-05
-0.00244203854442
-0.00127214310798
0.00183329388665
-0.000226710911595
-0.00122368978146
-0.00268882093093
-2.06786631328e-05
-0.00249151113271
-0.00132038346828
0.00175127237819
-0.000981711277324
-0.00127549911233
-0.00273976316084
-6.90654567116e-05
-0.00253907004688
-0.00136675539993
0.00167097617748
-0.00106016624115
-0.00132530417805
-0.00278873277419
-0.000630893830343
-0.00258470931322
-0.00141125335836
0.00159241390927
-0.001136921297
-0.00137309809718
-0.00283572322389
-0.000675371763644
0.00199951706926
-0.00145387200241
0.00151559406782
-0.00121196849688
-0.00141887423652
-0.00288072820018
-0.000717886412462
6.80242964746e-05
-0.00149460619747
0.00144052501273
-0.0012853000217
-0.00146262621552
-0.00292374163474
-0.000758432186692
2.8177621339e-05
-0.00153345101846
0.000674379887164
-0.00135690818492
-0.00150434791061
-0.00296475770466
-0.000797003735321
-9.72772284615e-06
-0.00157040175275
0.000602836924332
-0.00142678543629
-0.00154403345935
0.000967235419356
-0.000833595949875
-4.56868849582e-05
-0.00160545390294
0.000533068977562
-0.00149492436548
-0.00158167726445
0.000930230546877
-0.000868203967721
-7.96952479965e-05
-0.00163860318954
0.000465083826826
-0.00156131770572
-0.0016172739976
0.000895238997805
-0.000900823175234
-0.000111748431988
-0.00166984555354
0.00039888909709
-0.00162595833739
-0.00165081860318
0.000862265576584
-0.000931449210816
-0.00014184229676
-0.00237596880817
0.00033449225435
-0.00168883929157
-0.000939374311005
-0.00139145522158
-0.00161524502794
-0.00204963847759
-0.0044378402652
-0.000523435448076
-0.00122593331734
-0.000991457636356
-0.00144509544762
-0.0016700270359
-0.00286128343899
0.000410825875345
-0.000589257191531
-0.00129332639255
-0.00104160996591
-0.00149675050007
-0.00241059213543
-0.00297026546461
0.000349345708596
-0.000652880479772
-0.0013584737579
-0.00108982486571
-0.00222549606431
-0.00248490788568
-0.00307737912055
0.000290006680208
-0.000714294527572
-0.00142136386087
-0.00113609612337
-0.00227315995658
-0.00257298469647
-0.00318261001227
0.000232818268861
-0.000773488857191
-0.0014819854739
-0.00185802104889
-0.00231881834554
-0.00265913636299
-0.0032859438539
0.000177789662716
-0.000830453306797
-0.00154032770387
-0.00190038729062
-0.00236246494521
-0.00274335121544
-0.0033873664761
0.000124929752404
-0.000885178038709
-0.00159638000124
-0.00194079262055
-0.00242352240207
-0.00282561775507
-0.0034868638341
7.42471241777e-05
-0.000937653547472
-0.00165013216918
-0.00197923175004
-0.00250182836946
-0.00290592466109
0.00132785566795
2.57500532415e-05
-0.000987870667731
-0.00170157437232
-0.00201569963013
-0.00257820563939
-0.00298426079764
0.00123225043432
-2.05535027426e-05
-0.00103582058189
-0.0017506971454
-0.0020501914548
-0.00265264403177
-0.00306061522068
0.00113861177126
-6.46559099474e-05
-0.00108149482758
-0.0017974914016
-0.00209795715979
-0.00272513355592
-0.00313497718492
0.00104695314429
-0.000106549864467
-0.00112488530481
-0.00184194844064
-0.00216614451638
-0.00279566441663
-0.00320733615067
0.000957287853484
-0.000146228398187
-0.00116598428298
-0.00188405995659
-0.00223242204203
-0.00286422702025
-0.00327768179066
0.000869629025193
-0.000183684884424
-0.00120478440755
-0.00192381804541
-0.00229678122756
-0.00293081198072
-0.00334600399681
0.000783989603678
-0.000256170734272
-0.00124127870642
-0.00196121521215
-0.00235921376163
-0.0029954101255
0.0014807790626
0.000700382342741
-0.000341971942741
-0.0012754605961
-0.00199624437785
-0.00241971153577
-0.00305801250147
0.0014165331383
0.000111082287449
-0.000425683834806
-0.00130732388751
-0.0029167324218
-0.00247826664932
-0.0031186103807
0.00135433959044
3.15768053925e-05
-0.000507293117505
-0.00222494219628
-0.002947006045
-0.00253487141431
-0.00317719526622
0.0012942075842
-4.58594811057e-05
-0.00148715306655
-0.00225215132865
-0.00297489299008
-0.00258951836024
-0.00323375889756
0.0012361460329
-0.00101721263871
-0.00156451816142
-0.0022770257153
-0.00300038790406
-0.00264220023873
-0.00328829325635
0.000284165616795
-0.00109047504116
-0.00163974215608
-0.00229956079648
-0.00302348587912
0.000371719581756
-0.00114001375225
-0.00441551959013
-0.00355167450608
-0.00264194491121
-0.0016696226924
-0.000792683693414
0.000365249295466
-0.0011505069951
-0.0044263739654
-0.00356290506173
-0.00265356597202
-0.00168164734282
-0.000788666080588
-0.00198185757408
-0.00116008709741
-0.00443628384451
-0.00357315846666
-0.00266417599262
-0.00169262593747
-0.000783563109435
-0.00198655893608
-0.00526794216507
-0.00444524893235
-0.00358243439404
-0.00267377461092
-0.00170255807524
-0.000777374980353
-0.00199037564042
-0.00527569521179
-0.00445326896187
-0.00359073254808
-0.00268236149918
-0.00171144339306
-0.000770101936287
-0.00199330758751
-0.00528253439416
-0.00446034369408
-0.00359805266405
-0.00268993636409
-0.00171928156598
-0.000761744262683
-0.00199535470083
-0.00528845952163
-0.00446647291807
-0.00360439450836
-0.00269649894682
-0.00172607230724
0.000890613132802
-0.00199651692696
-0.00529347042911
-0.00447165645109
-0.00360975787858
-0.00270204902306
-0.000122657597449
-0.00182281930384
-0.00199679423554
-0.00529756697693
-0.00447589413855
-0.00361414260344
-0.00113447385023
-0.000127352768101
-0.00181120987842
-0.00199618661935
-0.00530074905088
-0.00447918585402
-0.00361754854292
-0.00113799837879
-0.000130999876402
-0.00179851738902
-0.00199469409425
-0.00530301656226
-0.00448153149931
-0.00208664517006
-0.00114050993538
-0.000133598788779
-0.00178970700382
-0.00199231669919
-0.00530436944782
-0.00297826017583
-0.00208809324366
-0.00114200843408
-0.000135149410034
-0.00179131120205
-0.00198905449623
-0.00382611980979
-0.002978713499
-0.0020885622993
-0.00114249382362
-0.000135651683364
-0.00179183083034
-0.000506219710411
-0.00382564335606
-0.00297822062669
-0.00208805232198
-0.00114196608739
-0.00280463930502
-0.0017912658683
-0.000501188170098
-0.00382425223987
-0.00297678157361
-0.002086563328
-0.00114042524345
-0.0028030448657
-0.0017896163381
-0.000495272146477
-0.0038219465
-0.00297439638272
-0.00208409536493
-0.00113787134452
-0.00280040213847
-0.00178688230441
-0.000488471793855
-0.00381872620076
-0.00297106512518
-0.00208064851161
-0.00113430447796
-0.00279671122014
-0.00178306387441
-0.000480787289555
-0.00381459143191
-0.00296678790038
-0.00207622287813
-0.00112972476577
-0.00279197224587
-0.00178828446653
-0.000472218833904
-0.00380954230873
-0.00296156483591
-0.00207081860584
-0.00112413236456
-0.00278618538919
-0.00180413236693
-0.000462766650195
-0.00380357897194
-0.00295539608754
-0.00206443586729
-0.00111752746555
-0.00277935086195
-0.00181889834018
-0.000452430984669
-0.00379670158772
-0.00294828183921
-0.00205707486622
-0.00372350411869
-0.00277146891428
-0.00183258180843
-0.00366689003061
-0.00164541603475
-0.00436828259074
-0.000805938056544
-0.00478090584908
-0.00301723617108
-0.00375110817172
-0.00366806497441
-0.00165731205332
-0.00436353920319
-0.000801156593807
-0.00341128290938
-0.00301723681178
-0.00375110881661
-0.00524087777369
-0.00166843675729
-0.00435801691689
-0.00264354631367
-0.00340567902979
-0.00301644225634
-0.00582364919349
-0.00524052030687
-0.00167878992567
-0.00435805568261
-0.00263719467137
-0.00339928486609
-0.0030148525215
-0.00582204908357
-0.00523939663773
-0.00168837135273
-0.00436771767384
-0.00263005812701
-0.00339210055145
-0.00162521609975
-0.00581964863897
-0.00398164716739
-0.00169718084802
-0.00437660125444
-0.00262213682719
-0.00338412623542
-0.00162203612339
-0.00581644791092
-0.00397899117458
-0.00170521823635
-0.0043847062448
-0.00261343093461
-0.00337536208399
-0.00161806111841
-0.00581244696776
-0.00397556909038
-0.00171248335788
-0.00439203248099
-0.00260394062801
-0.00336580827952
-0.00161329116856
-0.00580764589489
-0.00397138098175
-0.00044162431613
-0.00439857981479
-0.0025936661022
-0.00335546502073
-0.00160772637434
-0.00442906018429
-0.00396642693061
-0.000447344485749
-0.00440434811371
-0.00258610224845
-0.0033443325227
-0.00160136685296
-0.00442265917648
-0.00396070703386
-0.000452292000958
-0.00440933726099
-0.00259112690394
-0.00333241101682
-0.00159421273835
-0.00441545839751
-0.00395422140335
-0.000456466763262
-0.00441354715564
-0.00259536676319
-0.0033197007508
-0.00158626418112
-0.00440745800098
-0.00394697016588
-0.000459868689539
-0.00314878738065
-0.00259882173914
-0.0033062019886
-0.00157752134857
-0.00439865815748
-0.00393895346317
-0.000462497712046
-0.00315143853008
-0.00260149176082
-0.00329191501043
-0.00156798442468
-0.00438905905459
-0.0039301714519
-0.000464353778423
-0.00315331021848
-0.00260337677339
-0.00327684011275
-0.00155765361006
-0.00437866089689
-0.00392062430361
-0.000465436851703
-0.00315440240794
-0.00132845305219
-0.00326158294701
-0.00154652912194
-0.00436746390587
-0.00391031220476
-0.000465746910315
-0.00315471507633
-0.00132876794649
-0.00326189965669
-0.00153461119416
-0.00435546831996
-0.00389923535667
-0.00218246396174
-0.00315424821732
-0.00132829776389
-0.0052140581625
-0.00152190007713
-0.00434267439451
-0.00389476824493
-0.00218122798788
-0.00315300184037
-0.00132704251404
-0.00521279567621
-0.00150839603781
-0.00432908240171
-0.00389277848577
-0.00217921902702
-0.00315097597073
-0.00132500222274
-0.00394465621769
-0.00149409935968
-0.00431469263062
-0.0038900231664
-0.00217643711916
-0.00314817064942
-0.00132217693189
-0.00394181464035
-0.00147901034272
-0.0042995053871
