0.00203254331582
-0.000703204878373
-0.000664547383854
0.000746632033827
5.43839853086e-05
0.00132692478113
-0.001758824054
0.00206589698988
-0.000660783263827
-0.000621276520627
0.000789818871276
-0.00216496893312
0.00135698484941
-0.00172889486083
0.00210007015992
-0.000626661592087
0.000622619730362
0.000833815099471
-0.00213400763448
0.0013878589632
-0.00169815509198
0.00213506205162
-0.00059172239894
0.000667511400845
0.000878619737737
-0.00210223073355
0.00141954643381
-0.00166660542726
0.00217087187314
-0.000555966472701
0.000713211978995
0.000912298553701
-0.00206963894231
-0.000819614979695
-0.00163424656359
-0.000203400101263
-0.000520871751039
0.000759720445644
0.000938797063917
-0.00203623299013
-0.000786302930792
-0.00160107921494
-0.00016595686541
-0.000496561173035
0.000807035765363
0.000966114649593
-0.0020020136237
-0.000752179694853
-0.00156710411225
-0.000127698179668
-0.000471428707732
0.000855156886576
0.000994250695187
-0.00196698160695
-0.000717246029439
0.00288380009791
-8.86249051561e-05
-0.00281755352218
0.000904082741669
0.00102320456736
-0.00193113772096
-0.000681502709131
0.000628170070747
-4.87379200804e-05
-0.00279077900884
0.000953812247109
0.00105297561505
-0.0018974371056
-0.000644950525437
0.000664563881464
-8.03811963224e-06
-0.00276318437082
0.000985461487862
0.00108356316954
-0.00186692441708
-0.000607590286713
0.00070176235441
3.34735841074e-05
-0.00273477023158
0.00101382958108
0.00111496654452
-0.00183559786138
-0.000569422818071
0.000739764675035
7.5796262268e-05
-0.00270553723248
-0.00134873569209
0.00114718503618
-0.0018034581372
-0.000530448961292
0.000778570012318
0.000118928969291
-0.00267548603262
-0.00131873313902
0.00226759663381
-0.00177050596052
-0.000490669574733
0.000818177518863
0.000162870743031
-0.00264461730884
-0.00128791435756
0.00230144317781
-0.00173674206457
-0.00045008553324
0.000858586330985
0.000207620604864
0.00156287652511
-0.00125628003885
0.00233610262283
-0.00170216719973
-0.000408697728045
0.0008997955688
0.000253177559787
0.00159537819579
-0.00122383089147
-3.24478346774e-05
-0.00166678213342
-0.000366507066679
0.000941804336326
0.000299540596532
0.0016286952544
-0.00119056764143
3.83507621039e-06
-0.00163058765008
-0.000323514472873
0.00098461172157
0.000334181632452
0.00166282695404
-0.00115649103206
4.09285178235e-05
-0.001593584551
-0.000279720886455
0.00102821679663
0.000369128617835
0.0016977725305
-0.0011216018239
7.88316660955e-05
-0.00390967097255
-0.000235127263256
0.00107261861779
0.000404888730425
0.00173353120231
-0.00108590079467
0.000117543680125
-0.00387105311309
-0.000189734575006
0.00111781622561
-0.00198112459352
-0.00232444077986
0.000264657507888
-0.00164008486595
-0.00164506665589
-0.00371783456732
0.000812081392621
-0.00194731897168
-0.00228979777571
0.000300131586377
-0.00160379375263
-0.00160384829888
-0.00367923446088
-0.0011397424192
-0.00191263607666
-0.00225425637054
0.000336524990862
-0.00156656278527
-0.00156167211732
0.000936546633734
-0.00109923970319
-0.00187707680935
-0.00432199094755
0.000373836681934
-0.00152839307593
-0.00151853942517
0.000977109909363
-0.00105773410842
-0.00184882319028
-0.0042846556697
0.000412065595586
-0.0014892857629
-0.00147445156375
0.00101865279921
-0.00101522705152
-0.00182156678235
0.00023374884524
0.000451210643357
-0.0014492420105
-0.00142940990146
0.0010611739503
-0.000971719980561
-0.0017934301889
0.000654318518071
0.000491270712486
-0.00140826300895
-0.00342820346404
0.00110467198036
-0.000927214374765
-0.00176441414237
0.000694336938368
0.000532244666067
-0.00136634997418
-0.00338125841265
0.00114914547807
-0.000881711744302
-0.00173451939724
0.00073524760448
0.000574131343204
-0.00132350414765
-0.0033333638262
0.00120558167832
-0.000835213630023
-0.00170374672995
0.000777049411573
0.000616929559175
-0.00127972679617
-0.00328452117948
0.00125200176222
-0.000787721603213
-0.00167209693875
0.000819741232631
-0.00148584156809
-0.00123501921175
-0.00323473197328
0.00129939290766
-0.000739237265329
-0.00163957084369
0.000863321918605
-0.00144122392312
-0.00118938271136
-0.00318399773424
0.00134775358932
-0.000689762247743
-0.00160616928641
0.000907790298557
-0.00139569843481
-0.00114281863679
-0.00313232001462
0.00139708225398
-0.000639298211478
-0.0015718931301
0.000953145179822
-0.00134926638154
-0.00109532835442
-0.00307970039203
-0.000658035684029
-0.000587846846936
-0.00153674325939
0.000999385348155
-0.00130192906467
-0.00104691325507
-0.00302614046921
-0.000606775823517
-0.000535409873629
-0.00370041788843
0.00104650956789
-0.00125368780837
-0.000997574753768
-0.00297164187385
-0.000554552804756
-0.000481989039904
-0.00366352332787
0.00109451658211
-0.00120454395946
-0.000947314289555
-0.00291620625827
-0.000501368290192
-0.00042758612266
-0.00362575783415
0.0011434051128
-0.00115449888718
-0.00306069462677
-0.00285983529925
-0.000447223968948
-0.000372202927067
-0.00358712237643
0.00119317386099
-0.000853986541402
-0.00300859464895
0.0017181779973
-0.000392121556567
-0.000315841286283
-0.0035476179447
0.00123401028393
-0.000802143219016
-0.00295557716746
0.00177641451637
-0.000336062794756
-0.000258503061161
-0.00350724554969
0.00127530660765
-0.000749402913863
-0.00290164371536
0.0018355812044
-0.000279049451121
-0.00230560314471
-0.00158160818968
-0.00356310223114
-0.00377459126483
-0.00401083087519
-0.00423507436801
2.2940068615e-05
-0.00244552775385
-0.00274070588628
-0.00320023537663
-0.00325745182688
-0.00361961884499
-0.00125835326917
-0.00177385972636
-0.00160891741986
-0.00208271942057
-0.0050048174647
-0.00473720022327
-0.00531590352638
-0.00062955397582
-0.00131786792631
-0.00314100602838
-0.00135555990053
-0.00181493620948
-0.00383083532202
-0.0040672484294
-0.00435681181447
-0.00472577663017
-0.000496511517041
-0.00276073011539
-0.00322030662641
-0.00327753835693
-0.00363968869703
-0.0042137693058
-0.00177674955256
-0.00231562002093
-0.00214246756541
-0.00283018907666
-0.00479226805345
-0.00537069420202
-0.000617895129841
-0.00130627408613
-0.000762186775021
-0.00137594381016
-0.00184179317787
-0.00205138967271
-0.00228788609704
-0.0044492138563
-0.00481862821531
-0.000589672354326
-0.00105414927012
-0.00321046628535
-0.00369231215012
-0.00362984904133
-0.00418674358754
-0.00414123312919
-0.00228866971119
-0.00217247495919
-0.00285986089223
-0.00258786811931
-0.00321194877708
-0.00497423493439
-0.00126556967072
-0.000721766856336
-0.00606853985076
-0.00183948927849
-0.00204907519755
-0.00228556447229
-0.00269896222039
-0.00502136427273
-0.00527363622307
-0.00106394333737
-0.00119104814801
-0.00365254171226
-0.00359011160794
-0.00412983279685
-0.00408435672358
-0.00011560340405
-0.00217270616334
-0.00286009159454
-0.00258752964086
-0.00323559357257
-0.0038897953253
-0.00123562117784
-0.00194738157015
-0.00439265903178
-0.00166510263521
-0.00201746868209
-0.00225386036533
-0.00273240679972
-0.00324790735576
-0.00530735636584
-0.00571079309989
-0.00112145540949
-0.00161024312561
-0.00154787073449
-0.00404310463496
-0.00399768086242
-0.00457428280505
-0.000883562954893
-0.00283061044013
-0.00356323575333
-0.00322976065031
-0.00389191423298
-0.00334354194413
-0.00202810485912
-0.00434086743995
-0.00469339100615
-0.000331704140988
-0.0022760887129
-0.00273629720598
-0.00325181676163
-0.00350421409334
-0.00571472253665
-0.00111604409422
-0.00151080514678
-0.00201316187942
-0.00196814824895
-0.00457937259378
-0.00451496038261
-0.000824276126885
-0.000660130781016
-0.00143645106496
-0.00322328731176
-0.00389011798007
-0.00339572644222
0.0001560838971
-0.00434814093631
-0.00470071065021
-0.00507642557128
-0.000597815307767
-0.00271062890854
-0.00322602314377
-0.00347833426065
-0.00388698563812
-0.00612484137933
-0.00141680021455
-0.00188415567467
-0.001822128156
-0.00247639321644
-0.0044259485363
-0.0052101036948
-0.000622977152597
-0.00140504217917
-0.00108441154105
-0.00385901889635
-0.00341881040665
-0.0041758385905
-0.00432645527735
-0.00467888742939
-0.00505449564826
-0.000575810956032
-0.00111761890885
-0.00317055681678
-0.0036976696979
-0.0038312355042
-0.00427267289575
0.00046430018771
-0.00173793248448
-0.00164670164768
-0.00230107140193
-0.00235030506018
-0.00512143327538
-0.000561846938409
-0.00134407520488
-0.00214365951952
-0.00170743569693
-0.00465241024907
-0.00416983345111
-0.00261317150763
-0.00462794603612
-0.00500211798274
-0.00526178800174
-0.00103295706176
-0.00141759665674
-0.00364492968305
-0.00379545915176
-0.00425213316754
-0.00416432111829
0.00012373719104
-0.00167961260849
-0.00231997727436
-0.003051717106
-0.00308553168405
-0.00590704163877
-0.00125362109598
-0.00205358415794
-0.00165467081981
-0.00254340756192
-0.00413488921159
-0.00253367244701
-0.00302254286315
-0.00339632468624
-0.00518112372643
-0.000981750153412
-0.00136754975468
-0.00191719645858
-0.00374513428329
-0.00420178734407
-0.00411403379149
0.000161157351795
-0.000600586859472
-0.00237998385176
-0.00304361335728
-0.00296524209362
-0.00385352543914
0.000851881636012
-0.00193424817008
-0.00159012093689
-0.00247916503777
-0.00199720461488
-0.00242538327217
-0.00291357023072
-0.00328682196339
-0.00354585013163
-0.00563178779534
-0.00128793213242
-0.00183729637677
-0.00241350992343
-0.00412169499806
-0.00459096617513
-0.00450753146526
-0.000630951801534
-0.000571714546792
-0.00307388351496
-0.00281559976943
-0.00370404905385
-0.00350194710048
0.000183948079553
-0.00149642548423
-0.00238591481302
-0.00328895801623
-0.00228842376447
-0.00277574905578
-0.00314833251394
-0.003545688656
-0.00399688134754
-0.00145974394619
-0.00172781473898
-0.00230381098401
-0.00233514432507
-0.00280396598672
-0.0045081716375
-0.000631592478252
-0.000572354722421
-0.00124619627863
-0.0027789196695
-0.00352542402087
-0.00332379310418
-0.00413095868586
-0.000674524382265
-0.0022637615153
-0.00317227764611
-0.000748309442364
-0.00121838534783
-0.00298101195325
-0.00337780720003
-0.00385912945579
-0.00452601237937
-0.00158887938801
-0.00216460077508
-0.00219587658447
-0.00266485884927
-0.00280172744945
-0.00522362457948
-0.00054329311825
-0.00121720272544
-0.00190411078508
-0.00331785413399
-0.00422511247912
-0.00397882764135
-0.000522888292147
-0.000156656116191
-0.0030593993745
-0.000626929805492
-0.0010233577383
-0.00139538687023
-0.00319442320039
-0.0036923288391
-0.00435837342813
0.000134524018342
-0.00199604142747
-0.00202724785823
-0.0025649707792
-0.003445719593
-0.0035052884987
-0.0059334677736
-0.00115861085469
-0.00184574582662
-0.00143420757738
-0.00219398063862
-0.00379787373991
-0.00478560541527
2.28635174824e-05
-0.000979111151168
-0.00530166416937
-0.000800032218606
-0.0012504681686
-0.00178386215086
-0.00349666824501
-0.00416173411324
-0.00485471344076
-0.000251232302566
-0.000841490292317
-0.00247684988767
-0.00335739205039
-0.00341689159324
-0.00419412183921
-0.00107048903937
-0.00175796463177
-0.00134689677299
-0.00195318881523
-0.00179283099672
-0.0045767061088
0.00023078549207
-0.000809224104618
-0.00513310992744
-0.000698846793796
-0.00134511085176
-0.0017337614976
-0.00228899994688
-0.00393631703003
-0.00462851257672
-0.00477713131238
-0.000614756020195
-0.000814983631546
-0.00323956904229
-0.0032989763109
-0.0040762982123
-0.00389914887864
-0.00164086845713
-0.00123042641118
-0.0018375086024
-0.00280526978057
-0.00255614937889
-0.00537551454552
-0.000611094158987
-0.00380006879629
-0.0042186866859
-0.00126638899611
-0.00165464471552
-0.00220960253696
-0.00236720316035
-0.00437369265753
-0.00452181761898
-0.000373846489208
-0.00066814423902
-0.00154850884689
-0.00315167982787
-0.00392911582425
-0.00470926239072
0.000199099474407
-0.000539892660993
-0.00169299465225
-0.0025391760393
-0.00229090292898
-0.00336697227301
-0.000384934122715
-0.00368112530631
-0.00411186734966
-0.00475257730893
-0.00154660057828
-0.00210117609581
-0.00225855522326
-0.00272327492224
-0.00427145409853
-0.00495672042858
-0.00119534279644
-0.00137213839016
-0.00227862404914
-0.00375274444835
-0.00453329847152
-0.00424006632772
-0.000365531666179
0.00015688117229
-0.00229907003458
-0.00199789579824
-0.00311187254353
-0.00276744838103
-0.00353389107937
-0.00397656305658
-0.00461640581439
-0.000157924602524
-0.00196384255181
-0.00254476923284
-0.00260498092774
-0.00336726636295
-0.0035075552378
-0.000990458337653
-0.00116678081479
-0.00207310768261
-0.00201450708137
-0.00432841189762
-0.00403595969655
-0.000162502347089
0.000242963901167
-0.000584045758569
-0.00170342863482
-0.00282913363508
-0.00404489611088
-0.00228395175913
-0.0039530501888
-0.0044517185486
-0.00513158073836
-0.000563804173692
-0.00237834516302
-0.00251139816199
-0.00327342429957
-0.00341264695787
-0.00414882338716
-0.000932668660314
-0.00183881553985
-0.00178039371984
-0.00257380691731
-0.00380326555903
-0.00457876154032
-0.000939979071321
-0.000505966259439
-0.00133717906111
-0.00265694762738
-0.00380026381741
-0.00208063788473
-0.00267170545314
-0.00425869507323
-0.00493760241797
-0.000369147478489
-0.000958414437114
-0.00238886911105
-0.00315055669845
-0.0032886637334
-0.00402476232997
0.00074863736903
-0.00157601029276
-0.00248659416391
-0.00231179728045
-0.00316253119669
-0.00295748145121
-0.000832702498293
-0.000399283082011
-0.00123206756084
-0.000915181190824
-0.00365164562758
-0.0012941002971
0.000503611908214
-0.00225089909063
-0.000501953861435
-0.000213594051538
-0.00180314075979
9.65623195718e-05
-0.00133103437516
0.000466678366632
-0.00228605332922
-0.00053704415223
-0.000254360843701
-0.00184374521595
5.39158819649e-05
-0.00136714958788
0.000430563678842
-0.00232038841787
-0.000572298245972
-0.000294315973663
-0.00306340575479
1.20720948118e-05
-0.00271053982548
0.000395268664721
-0.00235390357767
-0.000612260398287
-0.00033345854719
-0.00310343703438
-2.89681244225e-05
-0.00274501486535
0.000360794126593
-0.00238659804737
-0.000651407617748
-0.000371787686959
-0.00314389019079
-6.92038745337e-05
-0.00277866863291
0.000327140849145
-0.00241847108345
-0.000689739021781
-0.000409302532656
-0.00318353379756
-0.00129800304765
-0.00281150036115
-0.00102410043961
-0.00244952196021
-0.000727253744972
-0.000446002241066
-0.00322236697232
-0.00133662722142
-0.0028435093009
-0.00105610891264
-0.00247974996984
-0.000763950939157
0.000957094004607
-0.00326038884945
-0.00137444432098
-0.00287469472087
-0.00108729387764
-0.00250915442251
-0.000799829773521
0.000922027031535
-0.00329759858027
-0.0014114535111
-0.00111923183244
-0.00111765462134
0.00202099808668
-0.000834889434685
0.000887777621856
-0.00333399533304
-0.0014476539733
-0.00114876809104
-0.00114719044854
0.000663317218582
-0.000869129126802
0.000852576589193
-0.0033695782931
-0.0014830449059
-0.00117747874424
-0.00117590068217
0.00062985285727
-0.000902548071642
0.000817673155893
-0.00340434666298
-0.00151762552415
-0.00120536313314
-0.00120378466337
0.000597211093109
-0.000935145508677
0.000783588176742
-0.00343829966243
-0.00155139506025
-0.00123242061717
-0.00123084175158
0.000565392671844
-0.00227780937301
0.000750322423499
-0.00347143652854
-0.0015861834038
-0.0012586505741
-0.0012570713246
0.000534398321279
-0.0023087615841
0.000717876650308
-0.00350375651583
-0.00162912794053
-0.00128405240012
-0.00128247277866
0.000504228751193
-0.00233889011288
0.000686251593615
-0.00353525889632
-0.00167126643488
-0.00130862550995
-0.0013070455285
0.000474884653259
-0.00236819427048
0.000655447972088
0.00107773477423
-0.0017125979548
-0.00133236933687
-0.00133078900742
0.00044636670097
-0.00239667338613
-0.000695931235232
0.00104786972088
-0.00175312158474
-0.0013552833328
-0.00135370266736
0.000418675549556
-0.00242432680725
-0.000725089901942
0.00234103698148
-0.00179283642566
-0.00137736696833
-0.00137578597895
0.000391811835918
-0.00245115389954
-0.000753425084955
0.00231281195518
-0.00183174159519
-0.00139861973285
0.00028370544898
0.000365776178548
-0.00247715404701
-0.000780936137506
0.000958945656361
-0.0018698362277
-0.00324389534365
0.00106467594706
-0.00117127085569
-0.00250507888014
-0.00313278560681
0.000278072218074
-0.000944702820526
-0.00328072324861
0.00102697375351
-0.00120983653839
-0.00255508049956
-0.00319139275496
0.000218181807853
-0.000996802220207
-0.003316683789
0.000990158885763
-0.00124749522415
-0.00261145694922
-0.00324907217709
0.000159237811065
-0.00183837033302
-0.00335177604891
0.000954232325887
-0.00128424586257
-0.00266692342738
-0.00330582215171
0.000101242061783
-0.00188851334891
-0.0033859991333
-8.28465893585e-05
-0.00132008742702
-0.00272147834611
-0.00336164098094
4.41963692031e-05
-0.00193767568238
-0.00341935216813
-0.000116993676646
-0.00135501891476
-0.00277512014002
-0.0034165269907
-1.18974826243e-05
-0.0019858557112
-0.00345183430045
-0.000150249644185
-0.00138903934711
-0.00282784726637
-0.00435787527637
-6.70377350575e-05
-0.00203305184212
-0.00348344469848
-0.000182613599857
-0.000664282161817
-0.00287965820538
0.00045999805561
-0.000121222655127
-0.00207926251106
-0.00351418255179
-0.000214084674327
-0.000696477644148
-0.00293055146037
0.000407920306879
-0.000174450535795
-0.00212448618341
-0.00354404707132
-0.000244662021161
-0.000727759280597
-0.00298052555801
0.000356781830933
-0.000226719696213
-0.00216872135421
0.00122702420574
-0.000274344816938
-0.000758126189955
-0.00302957904849
0.000306584179198
-0.000278028481973
-0.00182048137894
0.00119890863477
-0.000303132261358
-0.0017970287411
-0.00307771050578
0.00025732887788
-0.000328375265361
-0.00186273515183
0.00117166863527
-0.000331023577349
-0.00182556365151
-0.00312491852774
0.000209017427747
-0.000377758445605
-0.00190399608892
0.0011453049097
-0.000358018011172
-0.00186496857037
-0.00317120173639
0.000161651303905
-0.00134910315072
-0.00194426280644
0.00111981813861
-0.000384114832517
-0.00190924479065
-0.0032165587781
0.00011523195558
-0.00139655443134
-0.00198353395144
-2.01988141126e-05
-0.000409313334608
-0.00195261464937
-0.00326098832374
6.97608059094e-05
-0.00144303747057
-0.00202180820211
-6.53644989501e-05
-0.000433612834292
-0.00199507693197
-0.0033044890689
2.52392517238e-05
-0.00148855077782
-0.00205908426789
-0.000110448139629
-0.000457012672132
-0.0020366304472
-0.00334705973406
-1.83313366558e-05
-0.00153309289062
-0.00209536088978
-0.000154666608225
-0.000479512212497
-0.00207727402726
-0.00439815029019
-6.09496156244e-05
-0.00157666237487
-0.00213063684046
-0.000198018775486
-0.000501110843646
-0.00211700652803
-0.00383100423329
-0.000102614268494
-0.00161925782504
-0.00216491092458
-0.000240503532374
-0.000532956251496
-0.00215582682915
-0.00387077723308
-0.000143324005691
-0.00166087786441
-0.00312006671028
-0.00296924983926
-0.00440218884902
-0.00248171305354
-0.00447609605768
-0.00275996703222
-0.00427630284032
-0.00246171701811
-0.00296148125514
-0.00442031873917
-0.00250030176676
-0.00449512882041
-0.00276203142831
-0.00427841328251
-0.00246635613862
-0.00295270925732
-0.00443742532638
-0.002922977025
-0.00451308768806
-0.00276299283715
-0.00427939613628
-0.00246984457551
-0.00294293414035
-0.00445350801123
-0.00293946705325
-0.00452997196734
-0.00276285121977
-0.00427925135998
-0.00247218217477
-0.00293215623234
-0.00446856622978
-0.00295490680823
-0.00454578100588
-0.00276160658189
-0.00427797895975
-0.00248361459756
-0.00292037589491
-0.00448259945363
-0.00296929572041
-0.0045605141924
-0.00275925897401
-0.004538490421
-0.00249629335683
-0.0029075935231
-0.00449560719001
-0.00298263325867
-0.00457417095679
-0.00276226404237
-0.00453496298246
-0.00250782265475
-0.00341055015053
-0.00450758898189
-0.00299491893036
-0.00458675077023
-0.0027751237584
-0.00453030822509
-0.00251820198255
-0.00339576502846
-0.00451854440804
-0.00300615228143
-0.000971151254567
-0.00278688213932
-0.00452452634609
-0.00252743088199
-0.00337997925703
-0.00452847308311
-0.00301633289648
-0.00139457539768
-0.00628891430411
-0.00451761759032
-0.0025355089454
-0.00336319336429
-0.00453737465771
-0.00302546039885
-0.00140392159981
-0.00629846863017
-0.00450958225032
-0.00254243581578
-0.00334540791137
-0.00454524881844
-0.00303353445071
-0.0014121891506
-0.00630692032537
-0.00450042066615
-0.00254821118689
-0.00333643538829
-0.00455209528799
-0.00304055475306
-0.00141937772906
-0.00631426904682
-0.00449013322542
-0.00282004615115
-0.00656850444976
-0.00455791382513
-0.00304652104588
-0.00142548705599
-0.00632051449626
-0.00447872036311
-0.00282351780839
-0.00658975592597
-0.005078526546
-0.00305143310807
-0.00143051689406
-0.00632565642011
-0.00447741877526
-0.00282583735281
-0.00661000912513
-0.00508228863938
-0.0030552907576
-0.0014344670478
-0.00632969460957
-0.00448888449975
-0.00282700468178
-0.00662926337094
-0.0050850222938
-0.00305809385146
-0.00143733736366
-0.00673838565725
-0.00449922483466
-0.00282701974364
-0.00664751801986
-0.00508672741287
-0.00305984228571
-0.00143912773007
-0.00674021593062
-0.00450843934279
-0.00282588253771
-0.00293438037775
-0.00508740393645
-0.00306053599553
-0.00143983807741
-0.00674094211197
-0.00451652763431
-0.00282359311434
-0.00295063403402
-0.0050870518407
-0.00306017495519
-0.00143946837806
-0.00674056417179
-0.00452348936691
-0.00282015157482
-0.00296588636063
-0.00508567113802
-0.00305875917808
-0.00143801864639
-0.00325273380937
-0.00452932424586
-0.00281555807143
-0.00292542916951
-0.00507408429919
-0.00214909230997
-0.00425483379673
-0.00348808515361
-0.00467578071456
-0.00293448363705
-0.00291732178848
-0.00507954137831
-0.00215452759095
-0.0042602358551
-0.00349344319151
-0.00466773509942
-0.00292648931547
-0.00290823830297
-0.00508402454614
-0.00215899284899
-0.00426467381681
-0.00349784498524
-0.00465874222399
-0.00291755376251
-0.00289817900163
-0.00508753366089
-0.00216248794398
-0.00426814754431
-0.00350129040059
-0.00464880235741
-0.00290767724221
-0.00288714420401
-0.00509006861154
-0.0030638983069
-0.00427065692991
-0.00350377933249
-0.00463791579705
-0.00289686004629
-0.00287513426047
-0.0050916293179
-0.00306545277719
-0.00427220189581
-0.00350531170502
-0.00134955314653
-0.00288510249411
-0.00286214955216
-0.00509221573059
-0.00306603684671
-0.00427278239412
-0.00350588747145
-0.00133677420336
-0.00287240493264
-0.00284819049092
-0.00509182783105
-0.00306565049713
-0.00427239840683
-0.0035055066142
-0.00132304962738
-0.00285876773639
-0.00283847524261
-0.00509046563156
-0.00306429374058
-0.00427104994584
-0.0035041691449
-0.00130837982835
-0.00284419130737
-0.00525631779562
-0.00508812917521
-0.00306196661965
-0.00426873705298
-0.00350187510435
-0.00129276524401
-0.00282867607502
-0.00625836383724
-0.000860983812703
-0.00305866920736
-0.00426545979994
-0.00626600023288
-0.00127889116396
-0.00281222249614
-0.00625440430745
-0.000856699095227
-0.00305440160722
-0.0051483626453
-0.00626179328889
-0.00127472663911
-0.00355589668696
-0.00625724026965
-0.000851440435074
-0.00304916395311
-0.00514315700657
-0.00625663007102
-0.0012696154775
-0.00353756789462
-0.00625910029235
-0.000845207998539
-0.00304295640936
-0.00513698740205
-0.00625051073667
-0.00126355783183
-0.00351830228971
-0.00625998431648
-0.000838001982662
-0.00303577917065
-0.00512985402287
-0.00624343547236
-0.00125655388303
-0.00350787947264
-0.00625989231397
-0.000829822615194
-0.00302763246201
-0.00512175708998
-0.00623540449367
-0.00124860384022
-0.00351825554074
-0.00625882428774
-0.000820670154567
-0.00301851653879
-0.00511269685406
-0.00622641804522
-0.00123970794072
-0.00352769231901
-0.0062567802717
-0.00183842419503
-0.00300843168662
-0.00510267359555
-0.00709055802719
-0.00122986644997
-0.0035361895296
-0.00625376033076
-0.00182732644588
-0.00299737822135
-0.00509168762455
-0.00306688588168
-0.00122352420387
-0.00354374692218
-0.00624976456079
-0.00181525656249
-0.002985356489
-0.00507973928078
-0.00305503478155
-0.00123018227758
-0.00355036427406
-0.00624479308863
-0.00180221492554
-0.00297236686571
-0.00506682893356
-0.00304222947978
-0.00123589433405
-0.00355604139019
