0.000819349919566
0.00356143528081
0.000168004946976
0.00303511515324
0.000141075299456
0.00298063303501
-0.000199456154911
0.000850812155606
0.00359083294115
0.000197459797985
0.000632796430522
0.000178610147143
0.00302085532096
-0.000159345610978
0.000883188951463
0.00362114965029
0.000227835449307
0.000671267758937
0.000217060334552
0.00306198933385
-0.000122961651984
0.000916479394727
0.00365238454666
0.00025913103438
0.00071065382187
0.000256424771206
0.00310403391357
-8.94357725743e-05
0.000950682548508
0.00368453674375
-0.00210816876773
0.000750953502896
0.000296702342499
0.00314698787638
-5.49962108986e-05
0.000985797451563
0.00371760533017
0.00083495028711
0.000792165661571
0.000337891909838
0.00319085001503
-1.96439370755e-05
0.00102182311843
0.00131187440163
0.000869000223624
0.000834289133591
0.000379992310811
0.00323561909898
1.66200544945e-05
0.00105875853955
0.00134677293386
0.000903966377838
0.000877322730955
0.000423002359337
0.0032812938745
5.3794745266e-05
-0.00130952600075
0.00138258497353
0.000939847758937
0.00092126524212
0.000466920845839
0.00332787306491
9.15911215052e-05
-0.00127077419539
0.0014193095112
0.000976643351658
0.000966115432177
0.000511746537398
0.00337535537071
0.00012995573098
-0.00123111580751
0.00145694551324
0.00101435211643
0.00101187204301
0.000557478177931
0.00342373946975
0.000169228353483
-0.00119055194159
0.00149549192199
0.00105297298951
0.00105853379348
0.000604114488355
0.00347302401743
0.0002094078922
-0.00114908372546
0.00153494765591
0.00109250488315
0.00109814830248
0.000651654166765
0.0035232076469
-0.00227163633866
-0.00110671231015
0.00157531160971
0.00113294668572
0.00113858775699
0.000700095888604
0.00357428896918
-0.00222964635181
-0.00106343886977
0.00161658265452
0.00117429726188
0.00117993593436
0.000749438306847
0.00361370897868
-0.00218675287958
0.00202292666572
0.00165875963802
0.00121655545274
0.00122219167587
0.000799680052177
0.00108148785199
-0.00214295711187
0.00206800054256
0.00170184138462
0.00125972007598
0.00126535379943
0.000844848221861
0.00111594811657
-0.00209826026144
0.00211397278547
0.00174582669562
0.00451485512158
0.0013094210997
-0.0016470808338
0.00115131839744
-0.00205266356377
0.00216084212975
0.00179071434935
0.0045598289699
0.00135439234828
0.00168268983646
0.00118759770554
-0.0020061682769
0.00220860728847
0.00183650310134
0.00460570556493
0.00140026629384
0.00171993288879
0.00122478502789
-0.00195877568123
0.00225726695262
0.00188319168452
0.00465248363237
-0.0010858409536
0.00175808423372
0.0012628793277
0.00149590626234
0.00248810215919
0.00210399101052
-0.000307490814941
-0.000497812550593
-0.00103383995218
-0.00151487385765
-0.001933853512
-1.93096192641e-05
0.00214627982169
-0.000263969364541
-0.000467906232728
-0.00100298451884
-0.00148307758651
-0.00190113889588
2.27515562457e-05
0.00218960415517
-0.000219383533422
-0.000436893000281
-0.000970987822215
-0.00145010607507
-0.00186721594614
6.58178023916e-05
0.00223396243184
-0.000173735040539
-0.000404774132089
-0.000937851265713
-0.00141596085789
-0.00183208633282
0.000109887640711
-0.000299837730095
-0.000127025641987
-0.000371550950504
-0.000903576300324
-0.00138064352131
-0.00179575178215
0.000154959561287
-0.000253416441594
-7.92571306703e-05
-0.000337224821127
-0.000868164424296
-0.00134415570313
-0.0017582140761
0.000201032023002
-0.000205966152313
-3.04313359692e-05
-0.000301797152528
-0.000831617182813
-0.00130649909223
-0.00171947505193
0.000248103453791
-0.000157488577098
-0.00255974089171
-0.000265269395967
-0.000793936167664
-0.00126767542817
0.00220935727067
0.000296172250904
-0.000107985463988
-0.00250880616259
-0.0002276430451
-0.000755123016909
-0.00122768650083
0.00225049320014
0.000345236781166
-5.74585939109e-05
-0.0024568198537
-0.000188919635676
-0.000715179414523
0.00266300109919
0.00229282460841
0.000395295381245
-5.90978037512e-06
-0.00240378393688
-0.0027552747225
-0.000674107090042
0.0027053149843
0.00233634944144
0.000446346357928
4.6659130842e-05
-0.00234970041872
-0.00271436197006
-0.000631907818202
0.00274878846537
0.0023810655922
0.000498387988392
0.000100246262012
-0.00229457134019
-0.00267235701581
0.000534184618465
0.00279341955544
0.00242697090111
0.000551418520483
0.000154849703777
-0.000205336497034
-0.00262926156072
0.000578632281919
0.00283920621938
0.00247406315663
0.000605436173004
0.000210467515474
-0.000148122556297
0.00113008481916
0.000624201301134
0.00288614637432
0.00252234009571
0.000660439135993
0.000267097725465
-8.98693806095e-05
0.00117535601127
0.000670889724409
0.000214268401442
0.00257179940433
0.000716425571021
0.000324738331467
-3.05791447001e-05
0.00122171235964
0.000718695556793
0.000263509101129
0.00261602775037
0.000773393611479
0.000383387300895
0.00374490810968
0.00126915200338
0.000767616760499
0.000313896761402
0.00265568370029
0.000831341362877
0.000443042571192
0.00380626581227
0.00131767304253
0.000817651255322
0.000365429113108
-4.85486357863e-05
0.000890266903142
0.0041777556372
0.00386865385753
0.00136727353839
0.000868796919066
0.000418103841727
-6.51346781987e-06
-0.00169350726044
0.00423941720344
0.0039320699431
0.00141795151393
0.000921051587976
0.000471918587876
3.67083117428e-05
-0.00101739050179
-0.00152792184447
-0.00376190679966
-0.00414268810796
-0.00114561695471
-0.00153495339839
-0.00320069756386
-0.00337202041681
-0.00042762378265
-0.00223421930814
-0.00227016183756
-0.00401445960935
0.000748704741371
-0.00125672565569
-0.0020069188893
-0.00386586027136
0.000735597025031
-0.00122430360681
-0.000886690407216
-0.00286917228398
0.00193320990975
-0.000967487551747
-0.00156533335108
-0.00312759237237
-0.00346976520259
-0.000347495728476
-0.00153627821329
-0.00325086989806
-0.00342233915898
-0.000481898763538
-0.00228857657975
-0.00226613884448
-0.00401044267245
0.000665787089822
-0.00136029596809
-0.00118091204523
-0.00305069094833
0.00157804867505
-0.000366724759492
-0.000874309881327
-0.00285689026913
-0.000706722938027
-0.00102771047328
-0.00165959107115
-0.00322261352206
-0.00356532875696
-0.000297368015509
-0.000762477817477
-0.00248549913367
-0.00422189214787
0.000298336480569
-0.00230447906797
-0.00223936741225
-0.00396803167918
0.000600350897989
-0.00142570261801
-0.00124611940714
-0.0031148288119
0.00151418546486
-0.000430156926231
-0.00236593812294
-0.00188250464375
0.000280321722117
-0.00108445600812
-0.00171692714603
-0.00328041515751
-0.00362346118313
-0.00026444121075
-0.000736390886471
-0.00245926902618
-0.00419558543572
0.000320885923171
-0.00149267402298
-0.001427587486
-0.00312808494947
0.00133887522691
-0.00145281796271
-0.0012731520042
-0.00314098516953
0.00148814128478
-0.000456025058291
-0.00238951838963
-0.00179636360321
0.000220019478114
-0.000487052240102
-0.00111973282478
-0.00269127193631
-0.00303443529072
-0.000285100432723
-0.00207212441975
-0.002394877043
-0.00413100568695
0.000381818850621
-0.00143164874175
-0.0013666299835
-0.00319437115349
0.001304459876
-0.000672875558281
-0.000477441834202
-0.00235369372864
-7.97681645684e-05
-0.000444280424807
-0.00237788095297
-0.00175359303772
-0.00397836162778
-0.000470471388351
-0.00110297918958
-0.0026743820798
-0.0042419571524
0.000356761119236
-0.00134665942547
-0.00166885535824
-0.00339598342488
0.000481015781362
-0.00133230187279
-0.00135105063491
-0.00326364821446
0.00130844138602
-0.000668899478579
-0.00043638755446
-0.00230380920425
-0.00435729776411
0.000373949634359
-0.00156706004651
-0.00102317117234
-0.00400968565743
-0.000474620603947
-0.00104919277556
-0.00262015885036
-0.00418742355513
0.000411471864184
-0.00120714999315
-0.00152858668109
-0.00325530856695
0.00126772895112
-0.000555562342857
-0.000742653654761
-0.00329454915049
0.00133788324089
-0.000633637925415
-0.00260639389324
-0.00224801700365
-0.00426987553514
0.000460782735399
-0.00148101692624
-0.00101778665444
-0.00324760042815
-2.73342421721e-05
-0.00157980781714
-0.00206817640359
-0.00409544533856
0.000503748131253
-0.00118967883367
-0.00144665562092
-0.00310866086071
0.00144280142298
-0.000520284403612
-0.000735125617953
-0.00266852884452
-0.00458668854299
4.62028942506e-05
-0.00193471849473
-0.00220032982321
-0.00417804650624
0.000571046944982
-0.00135797430167
-0.00102818361982
-0.00320558177278
-5.51830784658e-07
-0.00152653697737
-0.00193965647418
-0.00350625687788
0.00102710323326
-0.000782621052789
-0.00150257260707
-0.00316467792747
0.00157576193417
-0.000474542283489
-0.000689215909156
-0.00262257080491
-0.0045408025628
0.000132563501557
-0.00184866048949
-0.00152884159449
-0.00357559676784
0.00118928976184
-0.000741028434336
-0.00102586963726
-0.00317029060049
6.28611775309e-05
-0.0014703432633
-0.00180183851583
-0.00333997251598
0.00100934428036
-0.000800501418198
-0.00105779743711
-0.00271603688852
-0.00266983059636
7.83249914613e-05
-0.00247675080236
-0.00253828099846
-0.00445664462489
0.000256970659865
-0.00172468769584
-0.00150042826275
-0.00354731352108
0.00121737438817
-0.000713206647521
-0.000365525736407
-0.00252054830973
0.00046113881367
-0.00140462145118
-0.00173575779816
-0.00321569265504
-0.00376857811221
-0.000780552640694
-0.00103776200352
-0.00269596555177
-0.00266966100033
0.000200209624758
-0.00189401166957
-0.00195541382334
-0.00387576720644
0.000886666271053
-0.00156303779195
-0.0014341744626
-0.0034813625716
0.00128286291703
-0.000648330075182
-0.000289491804519
-0.00244507570098
0.00056281266777
-0.000995878231966
-0.00132645657033
-0.00285372655716
-0.00340608797336
-0.000722812740106
-0.000979771614227
-0.0026405929911
-0.00432907117381
0.000359849650721
-0.00173379287675
-0.00179502813257
-0.00371563035621
0.0010461443039
-0.000995028371983
-0.000873129182955
-0.00292294254299
0.00138563338961
-0.000546517295313
-0.00278605063679
-0.00233318422394
-0.00418955199768
-0.000868117913009
-0.00125319352723
-0.00275981460784
-0.00331131214027
-0.000313942289441
-0.00212677113759
-0.00226428934212
-0.0039575277625
0.000499631530189
-0.00153599154925
-0.0015970220058
-0.0035179295813
0.00124303660354
-0.000853253746783
-0.000731644025868
-0.00278209965525
0.00199710419637
7.60756599887e-06
-0.00220584355377
-0.0017207897219
-0.00405716404475
-0.000778207657375
-0.00116271540681
-0.00262898707579
-0.00317928565785
-0.000181020117508
-0.00200795809982
-0.00215959390931
-0.00385283198977
0.000817181499909
-0.00112261732313
-0.00105013915522
-0.00328303951757
0.0014769730554
-0.00067415363404
-0.000552907633027
-0.00260417032356
-0.000315526016066
8.14729834634e-05
-0.00213247369922
-0.00158857675179
-0.00377668351042
-0.000493928771684
-0.000877641109755
-0.00249984064397
-0.00437635607855
-1.08465035764e-05
-0.00186597827427
-0.00201725221379
-0.00371048983402
0.000861865852912
-0.00107788750741
-0.000986685462178
-0.00275490681096
0.00206745188034
-0.00014276827686
-2.19582351737e-05
-0.0023894824772
-0.000102315788183
0.000192097841377
-0.00202258880388
-0.00148194609228
-0.00361542258334
-0.000331290094904
-0.000713983714676
-0.00217974193934
-0.00401787163858
0.000332294382295
-0.00152778115354
-0.00183753364909
-0.00353077069138
0.000944348044598
-0.000995321576405
-0.000904246037464
-0.00267280126033
0.00224290624489
0.000109915905285
-0.00209932264928
-0.00183060593205
0.0003869691277
0.00065149387776
-0.00156613221159
-0.00133929828678
-0.00341849061874
-0.000132685408236
-0.0017424655708
-0.00197912556565
-0.00378521188538
0.00054743277207
-0.00131156667639
-0.00146184169992
-0.00322350255933
0.00122601979263
-0.000711976240457
-0.000784184972472
-0.00255322479366
0.000155619908017
0.00039873468569
-0.00181107687505
-0.00154363189373
0.000571245254273
0.000834976228589
-0.00138386553023
-0.00085062858206
-0.00424757490335
0.000102198526591
-0.00150679187916
-0.00174254437495
-0.00353553072826
0.000798951790492
-0.0010587993619
-0.00120844282544
-0.00306651881901
0.0013835569321
-0.000554280448773
-0.000463628200816
-0.00223605454597
0.000479834171845
0.000891575690139
-0.00148727529045
-0.00122124466754
-0.00351793585824
0.00105443169197
-0.00116798069727
-0.000636746905288
-0.00398515560835
0.000371643348404
-0.00123503669997
-0.00164615922769
-0.0033275840294
0.00108699564303
-0.000769936731384
-0.000946485104159
-0.00287254234717
0.0015782132007
-0.000359429299169
-0.00228209494119
-0.00204227491086
0.000672371198706
0.00120476075743
-0.000956762028087
-0.000771491019689
-0.00310095920295
0.00130947756061
-0.000916873713348
-0.000387763565357
-0.00368819141697
0.0006758530867
-0.00107885808609
-0.00153372001047
-0.00321457313773
0.00131692138432
-0.0005459855354
-0.000827476257674
-0.00265628258901
0.00180962850838
-0.0001277839513
-0.00205079712425
-0.00181189445374
-0.00356561738917
0.00143168877382
-0.000774536851473
-0.000659335610354
-0.00284451453657
0.00175704607924
-0.000475028231878
-4.65184200578e-05
-0.00335716708119
0.000890844731577
-0.000931300720844
-0.00138507687661
-0.00306517747408
0.00144079015537
-0.000390839605885
-0.00067161062657
-0.00250007305063
-0.00443114577666
0.000127473803526
-0.00178903534539
-0.00155118538149
-0.00330073633314
0.00169303777821
-0.000664150321533
-0.000549155090669
-0.00273479722221
0.00197477967554
-0.0002547867928
-0.00259649265978
0.000152472265391
-0.000106555883663
-0.000722622131832
0.00216334495465
-0.00288737876759
0.000209881962027
-0.000727799764333
0.000107220839652
-0.000135716420574
-0.000756838689086
0.00212866525633
-2.26634368443e-05
0.000178257021871
-0.000759359529509
6.28748596936e-05
-0.000163957037012
-0.000790538598444
0.00081777545284
-5.64170820847e-05
0.000147551108116
-0.000790002121676
1.94355661549e-05
-0.00019127692853
-0.00082332009771
0.000784934839573
-8.92508887901e-05
0.000117765095225
-0.000819726671733
-2.30958234925e-05
-0.000217675316018
-0.000863732632173
0.00075301518949
-0.000121163918756
8.88998325241e-05
-0.000848532335566
-6.47181151102e-05
-0.000243151445809
-0.00217127341475
0.000722017416269
-0.000152155258866
6.09561440821e-05
-0.000876418294167
-0.000105430138056
-0.000267704589786
-0.00221964542067
0.000691942408363
-0.000182224021219
3.21482184547e-05
-0.000903383753752
0.00343940842393
0.00162216597293
-0.00226710972112
0.000662791028863
-0.000211369343255
3.06750981419e-06
-0.000929427945869
0.00340052035548
0.00159946088221
-0.0023136649771
0.000634564115384
-0.000239590387879
-2.50909333943e-05
-0.000954550127507
0.00336254592505
0.00157768080734
0.00132049276859
0.000604639604002
-0.000266886343578
-5.23263050136e-05
-0.000978749581204
0.00203479884788
0.00154689556451
0.00127575952606
0.000559870710273
0.00355773913844
-7.86378244195e-05
-0.00100202561514
0.0019986548945
0.001503198157
0.00123193920579
0.000516015434266
0.00353229569223
-0.000104024736631
-0.00102437756326
0.00196342773146
0.00146041246106
0.0011890330534
0.00047307502452
0.00350777961486
-0.000128486312418
0.00291044606107
0.00192911836058
0.00141853968838
0.00114704229068
0.000431050705733
0.00348419161439
-0.000152021848404
0.00288994417936
0.00189572775902
0.00137758102688
0.0011059681155
0.000389943678594
0.00346153237278
-0.000174630667169
0.00145584383499
0.00186325687908
0.00133753764052
0.00106581170157
0.000349755119613
0.00342472932819
-0.000196312117342
0.00143719437272
0.0018317066481
0.0012984106692
0.00102657419834
0.000310486180959
0.00338550862181
-0.00160727499521
0.00141947193724
0.00180107796832
0.00126020122853
0.00098825673081
0.000272137990299
0.0033472075705
-0.00162709985876
0.00140267703829
0.00177137171676
0.00122291040972
0.000950860399354
0.00023471165064
0.00189163067704
-0.00164599555682
0.00138681015927
0.00174258874509
0.00118653927941
0.000914386279602
0.000198208240171
0.00185517220809
-0.00166396154314
0.00137187175717
0.0017147298795
0.00115108887953
0.00087883542227
0.000162628812116
0.00181963661683
-0.00169009515955
0.00135786226252
0.000101402159354
6.60837124404e-05
0.000115492624446
-0.000288754480792
-0.000669345289652
-0.00295795621281
-0.0018643960799
4.84716904724e-05
1.16693380228e-05
5.96107794035e-05
-0.00034028564812
-0.000722475575137
-0.00301266952026
-0.00191309654016
-3.47675815345e-06
-4.17372784764e-05
4.76199843565e-06
-0.000390745186997
-0.000774503028992
-0.00306624929247
-0.00196062289017
-5.44414619836e-05
-9.41342664805e-05
-5.5648609548e-05
-0.000440131105938
-0.000825425472273
-0.00115989919354
-0.00327674925965
-0.000104420725209
-0.000145519786274
-0.000119622403096
-0.000488441451044
-0.00087524076675
-0.00121120481305
-0.00332447257625
-0.00146115275723
-0.00019589202931
-0.000182572384726
-0.000535674306384
-0.000923946815343
-0.00126136990343
-0.00337606085261
-0.0015091561681
-0.000245249218519
-0.000244496248513
-0.000581827794357
-0.000971541562544
-0.00131039222257
-0.00342647581671
-0.00155616922602
-0.000293589608609
-0.000305391719361
-0.000626900076049
-0.00101802299483
-0.00135826957375
-0.00347571508302
-0.00160219035277
-0.00165756132564
-0.000365256553394
-0.000670889351595
-0.0010633891411
-0.00140499980609
-0.00352377631537
-0.0016472180002
-0.0017038630102
-0.000424088538342
-0.000713793860522
-0.00110763807302
-0.00145058081509
-0.00357065722756
-0.00169125065044
-0.00174914285337
-0.00183188878858
-0.000755611882093
-0.0011507679055
-0.00149501054301
-0.00361635558379
-0.00173428681619
-0.00179339923989
-0.00188864856692
-0.000796341735641
-0.00119277679703
-0.00153828697935
0.000747911286155
-0.00177632504093
-0.00183663058772
-0.00194436905288
-0.000835981780898
-0.00123366295005
-0.00158040816133
0.000704584544855
-0.00181736389916
-0.00187883534832
-0.00199904816443
-0.00225766085695
-0.00127342461138
0.00278740831113
0.000662446759102
-0.00185740199668
-0.0019200120069
-0.00205268385309
-0.00229511652802
-0.00131206007255
0.00274760333341
0.000621499957851
-0.00189643797077
-0.00196015908269
-0.00210527410421
-0.00233147771559
-0.00134956767015
0.00270895920807
0.000581746117137
-0.00193447049043
-0.00199927512924
-0.00215681693738
-0.00236674294414
0.00154547583644
0.00267147770294
0.000543187159605
-0.0019714982566
-0.00204713329473
-0.00220731040678
-0.00240091078007
0.00151022877415
0.00263516053611
0.000505824954065
-0.00200752000242
-0.0020951633921
-0.00225675260153
0.00185246957053
0.00147611429174
0.00260000937551
0.000469661315041
-0.00204253449336
-0.0021421688606
-0.00230514164603
0.00182050065137
0.00144313386889
0.00112699928165
0.000434698002342
-0.00207654052751
-0.00218814801108
-0.00235247570031
0.0017896331711
0.00141128893858
0.00109418493487
0.000400936720647
-0.000154515402778
-0.00296173291602
-0.00504788775846
-0.00560183364283
-0.00476611889017
-0.00380255571537
-0.00275991083161
-0.000147431688293
-0.0029544322142
-0.00505611125526
-0.00430938690523
-0.00477487769759
-0.00381156332699
-0.00275813362568
-0.0038091855376
-0.00294589848259
-0.00506306506821
-0.00431657070487
-0.00478228427744
-0.00381918035278
-0.00275492881127
-0.00379970934838
-0.00293613215386
-0.00205439478807
-0.00432244247669
-0.00478833817786
-0.00382540630127
-0.00275029660609
-0.00378903757156
-0.00292513372294
-0.00205880817958
-0.00432700188355
-0.00347097727461
-0.00383024077059
-0.00274423732472
-0.00377717071604
-0.00291290374687
-0.00206195096996
-0.0043302486636
-0.00347432479022
-0.00383368344856
-0.00274037063782
-0.00376410934739
-0.00289944284467
-0.00206382299006
-0.0043321826303
-0.00347631876549
-0.00383573411284
-0.00274247311762
-0.00374985408768
-0.00288475169718
-0.00206442413908
-0.00433280367255
-0.00347695907866
-0.00250156989427
-0.00274314827567
-0.00373440561536
-0.00286883104691
-0.00206375438468
-0.00433211175465
-0.0034762456906
-0.00250083622367
-0.00274239606614
-0.00371776466507
-0.0028516816978
-0.00206181376289
-0.00433010691637
-0.00347417864489
-0.00249871041176
-0.00137505038262
-0.00369993202752
-0.0028333045151
-0.0020586023782
-0.0043267892729
-0.00347075806778
-0.00249519259587
-0.00137144368807
-0.00256371913442
-0.00281370042506
-0.00205412040347
-0.00432215901481
-0.00346598416814
-0.00249028300319
-0.00136641006988
-0.00254350571756
-0.00279287041478
-0.00204836807989
-0.00431621640805
-0.00345985723744
-0.00248398195073
-0.00135994986968
-0.0025432621787
-0.0027708155319
-0.00204134571692
-0.00430896179381
-0.0034523776496
-0.00247628984523
-0.0013520635258
-0.00256329064312
-0.00160436636372
-0.00203305369223
-0.00430039558846
-0.00344354586093
-0.00246720718296
-0.00134275157304
-0.00258212907982
-0.00157986511955
-0.00202349245157
-0.00429051828342
-0.00343336240994
-0.00245673454964
-0.00133201464259
-0.00259977659534
-0.00155414250644
-0.00201266250866
-0.00427933044501
-0.00342182791725
-0.0024448726202
-0.00134088461691
-0.00261623235189
-0.00155106197173
-0.000836500633747
-0.00426683271432
-0.00340894308531
-0.00243162215858
-0.00136322399657
-0.00263149556755
-0.00156675437999
-0.000823135098659
-0.00425302580698
-0.00339470869825
-0.00241698401747
-0.0013841437606
-0.00264556551645
-0.00158122012837
-0.000808502808825
-0.00307384670169
-0.00337912562164
-0.00240095913809
-0.00140364249541
-0.00265844152894
-0.00159445848921
-0.000792604548285
-0.00305742388518
-0.00336219480218
-0.0023835485498
-0.00142171888175
-0.000778615599185
-0.00363005735358
-0.000481994988829
-0.00337214284405
-0.00247235969014
-0.00292987990387
-0.00239406772509
-0.000785036054372
-0.00362066499973
-0.000473711219196
-0.00336388574982
-0.00246415263952
-0.0029242033773
-0.00238841893402
-0.000790330308012
-0.00362036187159
-0.000464306181696
-0.00335451099177
-0.00245483468656
-0.00291742214654
-0.00238167083132
-0.000794498136163
-0.00362451980849
0.00037486305872
-0.00334401896052
-0.00244440621481
-0.00196093881045
-0.00237382368887
-0.00079753936249
-0.00362755381662
-0.00277516682606
-0.00333241009299
-0.0024328676533
-0.00195194904388
-0.00236487782275
-0.000799453858299
-0.00362946376819
-0.00276240053835
-0.00331968487236
-0.00242021947652
-0.0019418555353
-0.00235483359314
-0.000800241542563
-0.00363024958274
-0.00274851484068
-0.00330584382796
-0.00240646220422
-0.00193065869488
-0.00234369140425
-0.000799902381945
-0.00362991122719
-0.00273351031397
-0.00329088753515
-0.0023915964014
-0.00191835897743
-0.00233145170426
-0.000798436390799
-0.00362844871577
-0.00271738758552
-0.00327481661518
-0.00237562267815
-0.00190495688222
-0.00231811498519
-9.72203837269e-05
-0.00363602401887
-0.00270014732884
-0.00244143460058
-0.00235854168951
-0.00189045295298
-0.00230368178285
-9.35009653405e-05
-0.00364469605634
-0.00268179026353
-0.00242313647315
-0.00234035413537
-0.0018748477777
-0.00134137387262
-8.86550455723e-05
-0.00365224454193
-0.00266231715515
-0.00240372585655
-0.0023210607603
-0.00185814198855
-0.00132474948562
-8.26828294204e-05
-0.00365866915772
-0.00266137895302
-0.00238320355433
-0.00230066235344
-0.00521602110425
-0.00130703048421
-0.00310567702491
-0.00366396963301
-0.00266665888996
-0.00236157041522
-0.00227915974828
-0.00519711615999
-0.00128821757808
-0.00309745302124
-0.00366814574444
-0.00267081881783
-0.00233882733297
-0.00225655382254
-0.00517711276216
-0.00126831152008
-0.00308810362142
-0.00298262303909
-0.00267385856262
-0.00231497524614
-0.00141456126951
-0.00515601171829
-0.00124731310603
-0.0030776292204
-0.00298454994203
-0.00267577799716
-0.0022900151379
-0.00138975151168
-0.00513381387937
-0.00122522317461
-0.00306603026044
-0.00298535209515
-0.00267657704114
-0.00226394803589
-0.00136384132985
-0.00511052013965
-0.00120204260715
-0.00306234155606
-0.00298502946461
-0.00267625566112
-0.00223677501195
-0.00133683177671
-0.00508613143652
-0.00118652531757
-0.00306089275565
-0.00298358206403
-0.00267481387056
-0.0022084971819
-0.00130872394821
-0.00508432193622
-0.00119731439303
-0.00305831815862
-0.00298100995444
-0.00267225172978
-0.00217911570538
-0.00127951898328
-0.00509406053878
-0.00120700823898
