0.000681400539468
9.05321733437e-05
-0.000340101656596
0.0024065039465
-0.00176541833889
0.0014559054996
-0.00252205664611
0.000733577366163
0.000604400844987
-0.000287443776512
0.00244938358545
-0.00172244271067
0.00149890991578
-0.00247909104904
0.000786540163131
0.000657646829167
-0.000243334811035
0.00249306756299
-0.00137402820059
0.00154272091029
-0.00243531957034
0.000840287806312
0.000711681577811
-0.000199015106567
-0.000613633686746
-0.00132944141673
0.00158733751353
-0.00239074317705
0.000894819157175
0.000766503934459
-0.000153895887199
-0.000568343932097
-0.00128405052277
0.00163275873965
-0.00234889016247
0.000950133062842
0.000822112728103
-0.000107978135343
-0.000522252771021
-0.00123785651872
0.00167898358671
-0.00230744079037
-0.00239149809764
0.000878506773309
-6.12628491463e-05
-0.000475361212834
-0.00119086042054
0.00172601103672
-0.00226518561985
-0.00187954579159
0.000935684870333
-1.37510423891e-05
-0.000427670282643
-0.00114306326009
0.00177384005579
-0.0022221255829
-0.00182189128056
0.000993645805246
3.45562556269e-05
-7.48294604599e-05
-0.00109446608502
0.00182246959421
-0.00217826162779
-0.00176345896742
0.00105238835006
8.3658000183e-05
-2.55429241856e-05
-0.00104506995861
0.00187189858662
-0.00197720423824
-0.00170425007505
0.00111191126283
0.000133553131253
2.45398151353e-05
-0.000994875959728
0.00192212595204
-0.00193173535616
-0.00164426583996
0.00117221328781
0.000184240573615
7.54176703389e-05
-0.000943885182647
0.00197315059404
-0.00188546549732
-0.00159104077277
0.00123329315557
0.00023571923696
0.000127089539027
-0.000892098736978
0.00202497140085
-0.00183839567405
-0.0015404896953
0.00129514958309
0.000287988016006
0.000179554303682
-0.000839517747537
0.00207758724546
-0.00179052691443
-0.00149364572424
0.00135778127394
0.000645397351386
0.000232810831783
-0.000786143354228
0.00213099698575
-0.00174186026218
-0.00145422228712
0.00142118691836
0.000699242986671
0.000286857975921
-0.000731976711929
-0.000645736177537
-0.00169239677657
-0.00141400764702
0.00148536519341
0.000753875333122
0.000341694573922
-0.000677018990367
-0.000590742132147
-0.00164213753228
-0.00137300265751
0.00153698423415
0.000809293226714
0.00039731944896
-0.000621271374
-0.000534957706958
-0.0015910836193
-0.00133120818769
0.00157896410904
-0.0023767932271
0.000453731409682
-0.000564735061898
-0.000478384103359
-0.00153923614283
-0.00128862512207
0.00193380815957
-0.00231980778874
0.000510929250328
-0.000507411267614
-0.000421022537249
-0.00148659622313
-0.0012452543605
0.00197737102422
-0.00226204038119
0.000568911750854
-0.000449301219068
-0.000362874238913
-0.00143316499545
-0.0017773290011
-2.70292367371e-05
-0.000185132296831
-0.000336669151132
-0.000705226742818
-0.00100182832066
-0.00318092463522
-0.0017273672045
1.79053811133e-05
-0.000138976774594
-0.00028929345095
-0.000662361661624
-0.000954703962367
-0.00312931764417
-0.00168523615411
6.37486343905e-05
-9.18891444248e-05
-0.000433345586114
-0.000618511778774
-0.000906573672751
-0.00307712082883
-0.00163351587872
0.000110499233135
-4.38708023636e-05
-0.0003840604557
-0.00057367854065
-0.00085743911537
-0.00336800044336
-0.00158091840771
0.00015815586437
5.07683082411e-06
-0.000333822897986
-0.000527863423144
-0.00080730198471
-0.00331698237602
-0.00152744513072
0.000206717192279
5.49523098522e-05
-0.000282634473279
-0.000481067931421
-0.000756164005903
-0.00326493905249
-0.00147309745754
0.000256181858385
0.000105754165119
-0.00023049676791
-0.000433293599679
-0.000704026934446
-0.00321187234942
-0.00141787681791
0.000306548481737
0.000157480902915
-0.000177411394006
-0.000384541990908
-0.00262429151704
-0.00315778417563
-0.00136178466133
0.000357815659094
1.84052151349e-05
-0.000123379989247
-0.000334814696642
-0.00257016164677
-0.00310267647181
-0.00376190379716
0.000409981965113
7.19771414916e-05
-6.84042166261e-05
-0.000284113336708
-0.0028510105908
-0.00304655121018
-0.00370407303341
0.000463045952537
0.00012646932673
-1.24857642037e-05
-0.000232439558973
-0.00279802124536
-0.00298941039416
-0.00364537521806
0.000517006152391
0.000181880182846
4.43736551387e-05
-0.000179795039089
-0.0027440380575
-0.00293125605799
-0.00358581187791
0.000571861074176
0.00023820809881
0.000102172303949
-0.000126181480227
-0.00268906286064
-0.00287209026646
-0.00353129146172
0.000627609206062
0.000295451440787
0.000160908420456
-7.16006128171e-05
-0.00263309751726
-0.00281191511448
-0.00348367882219
0.000510494956313
0.000353608552363
0.000220580218824
-1.60541942811e-05
-0.0025761439186
-0.00275073272681
-0.00343789128334
0.000568024888599
0.000412677754773
0.00027683268701
-0.000294233402401
-0.00251820398437
-0.00268854525762
-0.00339122643767
0.000626443369527
0.000472657347132
0.000332831902435
-0.00238300251559
-0.0024592796624
-0.00262535489021
-0.00334368551036
0.000685748803962
0.000533545606661
0.00038976848005
-0.00232457025405
-0.00239937292839
-0.00256116383661
-0.00329526974725
0.000745939576455
0.000595340788929
0.000447640693164
-0.00226517973554
-0.00233848578553
-0.00249597433722
-0.00324598041468
0.000807014051446
0.000658041128083
0.00050644679106
-0.00220483284833
-0.00227662026424
-0.00242978866045
-0.00335885799187
0.000860858657542
0.000721644837085
0.000566184999237
-0.00214353150601
-0.00221377842182
-0.00236260910236
-0.00234135392588
-0.00292997379055
-0.00349969320933
-0.0040959219645
-0.00288100185398
-0.00325559195383
-0.00389293640534
-0.00416847685902
-0.00323892220556
-0.00406413575052
-0.00402601409114
-0.00491336263103
-0.0032780822665
-0.00417952998157
-0.00386742542541
-0.000190629590552
0.00147117342739
0.000257536465423
-0.0010569537602
-0.000528929124725
-0.0018002045889
-0.00262948250439
-0.00322021806588
-0.00187744725275
-0.00247570964277
-0.00315418051668
-0.00353008022626
-0.0042054750369
-0.00275867299019
-0.00349960029198
-0.00357767016607
-0.00428682587434
-0.00368228531143
-0.00356684707042
-0.00447237741898
-0.00412665258464
-0.00373288210154
0.00113624745656
-5.74549448012e-05
0.00040782822516
-0.000795017785144
-0.000923574447774
-0.00308003019322
-0.00159748048497
-0.00211946771872
-0.0027195685422
-0.00339956021772
-0.00206005735882
-0.00279000358345
-0.00304438666959
-0.003760184488
-0.00381030835064
-0.00304288131603
-0.00304362011273
-0.00388504355459
-0.00478962436572
-0.00311167056903
-0.00404152648953
-0.00379232714631
-0.00493365330456
0.00127912634823
0.000118536683293
0.000733676185965
-0.00144360146885
-0.0018547226498
-0.00240355832703
-0.00293553229686
-0.00170840416635
-0.00228641518918
-0.00304671794985
-0.00330194870724
-0.00401821037404
-0.002523388711
-0.0033358274684
-0.00333431457482
-0.00417529995094
-0.00259976003177
-0.00339975779522
-0.00432250988918
-0.00407241469823
-0.00408319246708
-0.0036068760406
-0.000156546695256
0.000487432840638
-0.00167160235388
-0.00210757342333
-0.00266951720954
-0.00140525332222
-0.00189742660161
-0.00251369130847
-0.0028851443353
-0.00198440894609
-0.0027093141091
-0.00279543493721
-0.00360806669051
-0.00359671177941
-0.00309467631859
-0.00286096531792
-0.00365978478528
-0.00324182410962
-0.00318238358098
-0.00433422957961
-0.00385639480435
-0.00494956554952
0.00119830877737
-0.00188336462362
-0.00234410100867
-0.00118858379283
-0.00163616188749
-0.00205794641387
-0.00271250026352
-0.00154537913795
-0.00218484616647
-0.00232458109544
-0.00303897207713
-0.00385177776942
-0.00248039730459
-0.00332812716504
-0.00309370443366
-0.00389146729687
-0.00231331228714
-0.00340644439824
-0.00304023033838
-0.00407805038186
-0.00424983747732
-0.00359203815336
-0.00207318025978
-0.000833673638554
-0.00139881021018
-0.0018476090507
-0.00220316023717
-0.00134308685841
-0.00171632669183
-0.00235636771502
-0.002534834024
-0.00189111473654
-0.00194077975673
-0.00268535265479
-0.00353276760906
-0.00329771741285
-0.00294125017626
-0.0025096172635
-0.00360211191124
-0.00323497749218
-0.00332671803761
-0.00273515417016
-0.00378491339883
-0.00053039691436
-0.00120618961737
-0.00158081809669
-0.00203067917208
-0.000854390891513
-0.00148433054652
-0.00185825902233
-0.00249877857273
-0.00135667379771
-0.00209018057672
-0.00212664146085
-0.00286122167092
-0.00274352697676
-0.00230825919574
-0.00311550334493
-0.00267722274699
-0.00376917057018
-0.00244653116392
-0.00349196548402
-0.00289916051992
-0.00394992218794
-0.00541137349994
-0.00608846611583
-0.00173440998772
-0.000646830412156
-0.00107644055988
-0.00149442495149
-0.00203018238005
-0.00129304310822
-0.00152797419204
-0.00226006158285
-0.00228324225142
-0.00183752610965
-0.00171960411271
-0.00245415918244
-0.00212200970882
-0.00288581273235
-0.00295271907685
-0.00258413925905
-0.00362872466468
-0.00306668285091
-0.00337283276674
-0.00553441555818
-0.00621256982204
-0.00510396032927
-0.000816641364814
-0.00126988472649
-0.00167855943809
-0.000837258477986
-0.0010663807694
-0.00168562910813
-0.00240056103962
-0.00124849109289
-0.00195464721373
-0.00183947425817
-0.00259944987112
-0.00134844462351
-0.00211961592297
-0.00170976713052
-0.00269293346207
-0.00376225215363
-0.00246438240543
-0.00351568078175
-0.00414405620454
-0.00484024673331
-0.00524235619571
-0.0057680144378
-0.001434507186
-0.000451173708738
-0.000993072619252
-0.00121872809959
-0.00181384640621
-0.000751356078893
-0.00135947516065
-0.00210080897244
-0.00199964662759
-0.00179744455656
-0.00151642012537
-0.00230741530644
-0.00190176996922
-0.00282028782788
-0.00159377835285
-0.00257997071902
-0.00363030121285
-0.00463785419708
-0.00497210597967
-0.00537522442027
-0.0045798626988
-0.00502443490958
-0.000577094274262
-0.0011195619725
-0.00134559456792
-0.000732753049525
-0.000850139167738
-0.00144998754337
-0.00145356804035
-0.00114458076116
-0.00193668093025
-0.00165514138719
-0.00246748237273
-0.00129362374891
-0.00221036732312
-0.00171807582389
-0.00266697092851
-0.00200376360673
-0.00475381002138
-0.00507538243493
-0.00434306510387
-0.00468568196507
-0.00513088834536
-0.00551426625531
-0.00121771729291
-0.000262156804121
-0.00080167912164
-0.0009191726636
-0.00153677585051
-0.000566362914321
-0.0012456550249
-0.00106063163475
-0.0017644479063
-0.00182671042054
-0.00142807918507
-0.00232956683967
-0.00183651858292
-0.00276986558604
-0.00148411022311
-0.00484134837989
-0.00382179792455
-0.00441821904476
-0.00476239118169
-0.00522218933455
-0.00445281469671
-0.00479443127409
-0.00521039015331
-0.000840820089908
-0.000958374722106
-0.000622053775029
-0.000637788436865
-0.00131698431328
-0.00114069402206
-0.00106344462447
-0.000751061918311
-0.00153334606647
-0.00241970942788
-0.00134054900924
-0.00228126032765
-0.00156571587044
-0.00357223483024
-0.00386759956189
-0.0044643735806
-0.00480990320709
-0.00412489447379
-0.00449962935193
-0.00484145721562
-0.00525755560549
-0.00538352044738
-4.64205729631e-05
-0.000712122530341
-0.000679344263692
-0.00135848406647
-0.000408641947785
-0.00113462530084
-0.000823104195152
-0.00160930374842
-0.000518296587746
-0.00140114352307
-0.00234138415647
-0.00162529315402
-0.00360268429175
-0.00388457193076
-0.00448147682689
-0.00368307112281
-0.00414326513109
-0.0045460814137
-0.00487181710312
-0.0043141750999
-0.00450168285576
-0.00500000983693
-0.000166621369436
-0.000712544425333
-0.000593037312966
-0.000429153286317
-0.0011780592207
-0.000865592411525
-0.00105932937183
-0.000567880159198
-0.00143269570549
-0.000826101302196
-0.0012712112919
-0.00360452399822
-0.00424305839348
-0.00332794646775
-0.003672059623
-0.00414265088008
-0.00457820307976
-0.00393795381216
-0.00434325891237
-0.00455075606312
-0.00503024935265
-0.00509032024537
5.13752001535e-05
0.000208857687146
-0.000419835018276
-0.00119870961553
-0.000280794480084
-0.00108113653651
-0.000604255320833
-0.00143517002014
-0.000449424259023
-0.00127364400294
-0.00357775194207
-0.00307747507477
-0.00330576375466
-0.003822307013
-0.00414514208674
-0.00362136924458
-0.00394047032569
-0.00435454461675
-0.00456993300882
-0.00426874157162
-0.00431952727076
-0.0048545034577
0.000230481038196
-0.000398414033427
0.000403424921642
-0.000271738797474
-0.00108197082742
-0.000611347428579
-0.00103957855832
-0.000423024858455
-0.00124748488897
-0.00238380518059
-0.0030651910563
-0.00333192194508
-0.00384864095163
-0.00315202066169
-0.00359425608131
-0.00391324037034
-0.00414638806601
-0.00379572424101
-0.00425798564569
-0.00428984127749
-0.00482484109263
-0.00405766815849
-0.00465098030686
0.000442251202638
-0.00023607801517
0.00012463949311
-0.000214001395334
-0.00105095475546
-0.000427491291644
-0.00123517860653
-0.00235608784653
-0.00306230678949
-0.00332901424971
-0.00288675693644
-0.00309564817235
-0.00353755572297
-0.00385629604171
-0.00334210772685
-0.00375507573695
-0.00385193011648
-0.00423021578775
-0.00417741405828
-0.00399823181025
-0.00458228898428
-0.00438640595608
-0.00017823119459
0.000551364249852
-0.00017159186537
0.000339622397912
-0.000409928493766
-0.00102596688865
-0.00290117233802
-0.00207882327367
-0.00233808716485
-0.00285457186432
-0.00305936185185
-0.00346810997466
-0.00302341963785
-0.00327333967829
-0.00370027296584
-0.0038154607405
-0.00361580614687
-0.00356037050874
-0.00397401983166
-0.00448391458304
-0.00391910933064
-0.0045942413211
0.00063253204745
-0.000124516200407
0.000386387250093
-0.000169160773098
0.000563174960048
-0.00107525576825
-0.00251573360205
0.00151085654065
-0.00271349026941
-0.000442372688076
-0.000490132965228
-0.000447128956825
-0.00112407158095
-0.00255901977625
0.00146737931606
-0.00276702402339
-0.000496016037761
-0.000543802236338
-0.00050352442639
-0.00117209781766
-0.00260150822862
0.00142470318758
-0.00281976298576
-0.000548863073706
-0.000596674833789
-0.000559126238734
-0.00121933345279
-0.00264319803841
0.00138282908808
-0.00287170600897
-0.000600912641436
-0.000648749601464
-0.000613933183054
-0.00126577747586
-0.000820686917604
0.0013417579343
-0.00292285196062
-0.000652163601709
-0.000700025398504
-0.000667944063439
-0.00131142889168
-0.00086077674371
0.00130149062674
-0.00297319972358
0.0010323087407
-0.000750501099424
-0.000721157699004
-0.00135628672039
-0.000900065260871
0.0012620280496
-0.00302274819613
0.000982658351505
-0.00312761217549
-0.000773572924007
-0.00140034999761
-0.000938551612601
0.00121348097834
-0.00307149629203
0.000933809894859
-0.00317648436983
-0.000825188587977
-0.00144361777451
-0.000976234958717
0.0011657071707
-0.0031194429407
0.000885764447865
-0.00322455318504
-0.000876003555828
0.000382341407155
-0.00101408592457
0.00111873311932
-0.00316658708728
0.0008385230718
-0.00327181755834
-0.000926016707985
0.00034066741466
-0.00105593268867
-0.00157626217973
-0.00321292769276
0.000792086812005
-0.00331827644287
-0.000975226940499
0.000299791674631
-0.00109697801821
-0.00162163365043
-0.00153826716662
0.000746456697771
-0.00336392880787
-0.00102363316517
0.000259715072679
-0.00113722101667
-0.00166620232843
-0.00158299763683
0.000701633742231
-0.00340877363873
0.000493487267231
0.000220438478375
-0.00117666080373
-0.00170996723348
-0.00162692154511
0.000657618942249
-0.00345280993717
0.000446692259322
0.000181962745154
-0.0012152965154
-0.00175292740146
-0.00167003791695
0.000614413278316
-0.00349603672128
0.000400704428258
0.000144288710228
-0.0012531273041
-0.00179508188448
-0.00171234579423
0.000572017714438
-0.00353845302564
0.000355524798124
0.000107417194495
-0.00129015233874
-0.000116024567221
-0.0017538442353
0.000530433198039
-0.00358005790147
0.000311154376693
7.13490024512e-05
-0.00132637080485
-0.000157302211979
-0.00179453231513
0.000489660659851
-0.00362085041669
0.000267594155319
3.60849221082e-05
-0.00136258316988
-0.000200205054328
-0.00183440912537
0.000449701013818
-0.00211565560867
0.00022484510883
1.62572490439e-06
-0.00140446511826
-0.000242300930448
-0.00187347377446
0.000410555156992
-0.00215606574942
0.000182908195425
-3.20278343754e-05
-0.00144554311391
-0.000283588907158
-0.00191302295044
0.000372223969438
-0.00219718655327
0.000141784356561
-0.00136256682866
-0.00209874147821
-0.00137576513286
-0.00227692791745
-0.00331154518919
-0.00418886510974
-0.000436337295034
-0.00142375526272
-0.00216153425865
-0.00142591584642
-0.00233580188372
-0.00337198752104
-0.00425085924366
-0.000496542062627
-0.00148408679615
-0.00222344965628
-0.00147515158653
-0.00239374699765
-0.00343147827024
-0.00431187946117
-0.000555746212806
-0.00154355988731
-0.000771375534773
-0.00152347093899
-0.00245076152502
-0.00349001556397
-0.00437192374556
-0.000613947685369
-0.00160217301281
-0.000831531198562
-0.00157989583723
-0.00250684375521
-0.00215208052575
-0.00443099010696
-0.000671144449488
-0.00165992466782
-0.000890804550511
-0.00164069226431
-0.0025619920015
-0.00220870539121
-0.00448907658259
-0.000727334504046
-0.00171681336614
-0.000949193987143
-0.00170058393765
-0.00261620460129
-0.00226437133514
-0.00454618123715
-0.00078251587797
-0.00177283764047
-0.00100669792509
-0.001759569152
-0.00266947991632
-0.00371619549093
-0.00460230216305
-0.000836686630558
-0.00182799604253
-0.00106331480131
-0.00181764622375
-0.00272181633296
-0.00376993830716
-0.00465743748074
-0.000889844851807
-0.000378644494815
-0.00111904307326
-0.00187481349112
-0.00277321226237
-0.00382271697011
-0.00471158533903
-0.000941988662731
-0.000432066884586
-0.00117388121913
-0.00193106931441
-0.00144100695141
-0.00387452978916
-0.00476474391537
0.000282875180342
-0.000484619173306
-0.001227827738
-0.0019864120762
-0.00149051724039
-0.00392537510081
-0.00481691141614
0.000229413385011
-0.000536299990638
-0.00128088115008
-0.0020408401816
-0.00154809791139
-0.00397525126888
-0.00486808607692
0.000176967513731
-0.000587107986165
-0.00133303999688
-0.00209435205844
-0.00160859845802
-0.00402415668482
-0.00491826616284
0.000125539431106
-0.000637041829553
-0.00138430284139
-0.00214694615752
-0.00166816565356
-0.0040720897679
-0.00496744996878
7.51309699842e-05
-0.000686100210721
-0.00143466826831
-0.00219862095278
-0.00172679769382
-0.00412688045012
-0.00501563581972
2.57439311528e-05
-0.000734281840008
-0.00148413488419
-0.000882280946352
-0.00333402357275
-0.0041822324443
-0.00384519998948
-2.26199169776e-05
-0.000781585448333
-0.00153270131765
-0.000932112649574
-0.00339077998528
-0.00423661779998
-0.00390100026624
-6.99588386749e-05
-0.000828009787358
-0.00158036621954
-0.000981020611944
-0.00344659597367
-0.00429003476252
-0.00395580868805
-0.000123619937258
-0.000873553629648
-0.00162712826315
-0.00102900340217
-0.0035014698304
-0.00434248160438
-0.00400962339205
-0.000178773040415
-0.000918215768825
-0.00167298614434
-0.00107985932994
-0.00355539987271
-0.00439395662543
-0.00406244254463
-0.000232907493589
-0.00213121547287
-0.00154114139495
-0.00445134622089
-0.00205924216032
-0.00141353913657
-0.000806518394324
-0.00195801608272
-0.00213531231065
-0.00154418402958
-0.00272726626077
-0.00207459612026
-0.00142932500184
-0.000817249915168
-0.0051855253494
-0.00213859896875
-0.00154639415826
-0.00272859207298
-0.0020890726112
-0.00144420883881
0.000876724794055
-0.00519560776989
-0.00214107537524
-0.00510950222651
-0.0027290622851
-0.00210267126059
-0.00145819024263
0.000867851314689
-0.00520473456007
-0.00214274147593
-0.00511004720934
-0.00273867470421
-0.00211539171827
-0.00147126883278
0.000859907252873
-0.00521290544179
-0.00214359723435
-0.00510975959073
-0.0027501895444
-0.00212723365651
-0.0014834442531
0.000852892837565
-0.00522012016591
-0.00214364263177
-0.00510863937734
-0.00276084977007
-0.00213819677009
-0.00149471617187
0.000846808270989
-0.00522637851241
-0.00214287766718
-0.00341364832516
-0.00277065512126
-0.00214828077629
-0.00150508428184
0.000841653728611
-0.00523168029034
-0.00214130235734
-0.00341086301908
-0.00277960535879
-0.00215748541497
0.000148093463407
0.000837429359111
-0.00523602533792
-0.00213891673673
-0.00340724525357
-0.00278770026427
-0.00216581044859
0.000139533794694
0.000834135284362
-0.00523941352254
-0.00213572085755
-0.00340279511219
-0.0027949396401
-0.00217325566223
0.000131878709305
-0.00255844839448
-0.00524184474076
-0.00213171478976
-0.0033975278818
-0.00280132330952
-0.00217982086361
0.00012512841622
-0.00256459855217
-0.00524331891837
-0.00576492120026
-0.0034034968328
-0.00280685111661
-0.00218550588315
0.000119283099774
-0.00257060643965
-0.00524383601034
-0.00410446927502
-0.00341267423501
-0.00281152292634
-0.00219031057397
0.000114342919628
-0.00257568403254
-0.00524339600089
-0.00411259109921
-0.00342101977913
-0.00281533862457
-0.000561827504265
0.000110308010751
-0.00257983118431
-0.00374196419865
-0.00411990314913
-0.00342853327249
-0.00281829811803
-0.000564871187864
0.000107178483397
-0.00258304777523
-0.00373961005589
-0.00412640526482
-0.00343521454153
-0.00282040133442
-0.000567034238458
0.000104954423095
-0.00258533371245
-0.00373629893967
-0.00413209730403
-0.00344106343191
-0.0028216482223
-0.000568316600124
0.000103635890632
-0.00258668892996
-0.0037380633534
-0.00413697914216
-0.00344607980848
-0.00282203875122
-0.000568718239707
0.00010322292205
-0.00590123222098
-0.00373900022111
-0.00414105067237
-0.0034502635553
-0.00122248087512
-0.000568239146823
-0.00337155284277
-0.00590072590854
-0.00373898003848
-0.00414431180551
-0.00345361457565
-0.00122115867838
-0.000566879333859
-0.00337015467447
-0.0044297987213
-0.00373800280613
-0.00115419282695
-0.00401539777144
-0.00280209690657
-0.00165237421322
-0.000477228272472
-0.00335904917698
-0.00241841549955
-0.00115372654501
-0.00401492812604
-0.00280255293261
-0.00165283285393
-0.00048285272825
-0.00335658605658
-0.00241594510219
-0.00115253795705
-0.0040137309645
-0.00280227687788
-0.00165393810388
-0.000487737743679
-0.00335903422915
-0.00241273030037
-0.00115062708375
-0.00401180630793
-0.000950692607344
-0.00165806446714
-0.000491883229692
-0.00336488236198
-0.00240877115346
-0.00114799395833
-0.00400915419029
-0.000948952418967
-0.00166145463616
-0.000495289110695
-0.00336998841305
-0.00240406773459
-0.00114463862659
-0.00216802283023
-0.000949975183045
-0.00166410854967
-0.000497955324572
-0.00337435228859
-0.00239862013062
-0.00114056114685
-0.00216391594362
-0.000951881653821
-0.0016660261597
-0.000499881822693
-0.00337797390845
-0.00239242844213
-0.00113576159002
-0.00215908177477
-0.000953056063636
-0.00166720743162
-0.000501068569917
-0.00338085320611
-0.00238549278342
0.000729947349456
-0.00216026689298
-0.00095349839151
-0.00166765234406
-0.000501515544595
-0.00338299012867
-0.00238277287534
0.000736190797687
-0.00216271290535
-0.000953220816577
-0.00166736088898
-0.000501222738573
-0.00338438463687
-0.00238417081521
0.000743156035148
-0.00216443151605
-0.000954950416962
-0.00166633307165
-0.000500190157194
-0.00338503670509
-0.0045345311945
0.000750842940835
-0.00216542269477
-0.000955947933933
-0.00166456891065
-0.000498417819293
-0.00338494632135
-0.00453444058833
0.000757502339694
-0.00216568642403
-0.000956213349669
-0.00166206843786
-0.00451545580501
-0.0033841134873
-0.00453360570478
0.000757962597739
-0.00216522269918
-0.000955746659429
-0.00165883169847
-0.00451220406455
-0.00165130175298
-0.00453202655926
0.000759144863448
-0.00216403152839
-0.00507471335371
-0.00165485875097
-0.00450821270501
-0.00164898407787
-0.00452970318093
0.000761049116277
-0.00216211293268
-0.00507278248961
-0.00165014966714
-0.00278945710643
-0.00164592403929
-0.00452663561269
-0.00350001721232
-0.00215946694589
-0.00507011958378
-0.00164470453205
-0.00278398674059
-0.00164212169345
-0.00452282391116
-0.00349666909705
-0.00215609361468
-0.00506672468379
-0.00163852344407
-0.00277777701446
-0.00163757711019
-0.00451826814671
-0.00349259913154
-0.00215199299855
-0.00506259785028
9.7827841293e-05
-0.00277214198203
-0.00163229037298
-0.00451296840342
-0.00348780738649
-0.00214716516979
-0.00505773915694
0.00010548048695
-0.00276613553983
-0.0016262615789
-0.00450692477909
-0.00348229394512
-0.00214161021353
-0.00505214869055
-0.00219105035318
-0.00275938989959
-0.00161949083863
-0.00450013738522
