-0.000157704618684
0.00283480572757
-0.00142336169659
0.00138431037307
0.00030377579741
-6.42491647396e-06
-0.00106583905883
-0.000125971639008
0.00287092221963
-0.00137697843062
0.00142765566363
0.000347384639024
3.73410242295e-05
-0.00102176473611
-0.000540537485626
0.00290383901844
-0.00132959153423
0.00147201399054
0.000392012402113
8.2129392076e-05
-0.000976665435956
-0.000506797157621
0.00293776429809
-0.00128120263652
0.00151738380485
0.00043765750976
0.000127938593324
-0.000930542771665
-0.000472054856593
0.00297269689493
-0.00123181339742
0.00156376352557
0.000484318352466
0.000174767001329
-0.00088339838966
-0.000436311759609
0.00255492039998
-0.00118142550738
0.00161115153989
0.000531993288421
0.000222612956829
-0.000835233969182
-0.000399569075716
0.00259186400971
-0.00113004068712
0.0016595462035
0.000580680643788
0.000271474768223
-0.00078605122201
-0.000361828045746
0.0026298112504
-0.00152302473044
0.00170894584087
0.000630378712982
0.000321350711861
-0.000735851892162
-0.000323089942108
0.00266876082889
-0.00146965133149
0.00175934874546
0.000681085758964
0.000372239032341
-0.0006846377556
-0.000283356068578
0.00270871142018
-0.00141528634316
0.0018107531801
0.000732800013525
0.0004241379428
-0.000632410619928
-0.000242627760088
0.00274966166764
-0.00135993160434
0.00140931364203
0.000785519677589
0.000477045625219
-0.000579172324085
-0.000200906382501
0.00279161018325
-0.00130358898272
0.00146271580391
0.00083924292151
0.000530960230728
-0.000545753629148
-0.000158193332395
0.00283455554779
-0.00124626037451
0.00151711410307
0.000442732784749
0.000585879879915
-0.000515048432085
-0.000114490036828
0.00287849631113
-0.00118794770412
0.00157250668254
0.000498457578693
0.00376456823402
-0.000483312539572
-6.97979531123e-05
0.00292343099242
-0.00112865292385
0.00162889165613
0.000555180283199
0.00382149221172
-0.000450547086872
-2.41185685757e-05
0.00296935808035
-0.0010683780136
0.00168626710875
0.00061289894942
0.00341329312278
-0.000416753244329
2.25465996786e-05
0.00301627603341
-0.00100712498055
0.00174463109673
0.000671611599496
0.00347221355274
-0.000381932217163
7.01960050151e-05
0.0030641832801
-0.000944895858826
0.00180398164811
0.000731316226877
0.00353212918227
-0.000803152287845
0.000118828071514
0.00311307821925
-0.000886008365319
0.00182899143202
0.000792010796644
0.00359303795538
-0.00076628064553
-0.000433435332846
0.0031629592202
-0.000872978749046
0.00184211330452
0.00085369324584
0.00365493778785
-0.000728385641363
-0.000382842787655
0.00321382462313
0.00247781647911
0.00185625797847
0.000892864844633
0.00371782656747
-0.000689468617897
-0.000692174338362
-0.00363152556671
0.000436552072563
0.000209012624196
-0.000148943733679
-0.000451778418161
-0.000826629463128
-0.000664945375427
-0.00360317934056
0.000466047830902
0.000236419423908
-0.000120357185788
-0.00042199770313
-0.000781936791281
-0.000636519947526
-0.00357358848027
0.000496837667487
0.000265175848021
-9.03640378907e-05
-0.000390752860214
-0.000735737071463
-0.000606899421766
-0.00354275452689
0.000528919847639
0.000295280136678
-5.89662851746e-05
-0.000358046143015
-0.000688033877712
-0.000576085220515
-0.00351067908355
0.000562292567165
0.000326730450812
-2.6166012222e-05
-0.000323879905627
-0.000638830888527
-0.000544078821068
-0.00347736381498
0.000596953952856
0.000359524872699
8.03460767049e-06
-0.000288256601796
-0.000588131885498
-0.000516828324357
-0.0034428104471
0.00063290206301
0.000393661406535
4.36333132004e-05
-0.000251178784062
-0.000535940751908
-0.000842845446184
-0.00340702076661
0.000670134887958
0.00042913797903
8.06277557938e-05
-0.000212649102855
-0.000482261471303
-0.000813246634274
-0.00372441980818
0.000708650350623
0.000465952440032
0.000119015500366
-0.000172670305571
-0.000427098126037
-0.000782456492021
-0.00111707997889
-0.00354822901736
0.000504102563161
0.000158794026104
-0.000131245235615
-0.000406921298946
-0.000750476489753
-0.0010775926814
-0.00385576930607
0.000543586046472
0.000199960727279
-8.83768314117e-05
-0.000387107175277
-0.000717308152056
-0.00103687681636
-0.00381341905825
0.000584400513133
0.000242512914078
-4.40681253925e-05
-0.000365768181694
-0.000682953057419
-0.000994934467176
-0.00376979514356
0.000260429897831
0.000286447813458
1.67775704796e-06
-0.00034290597871
-0.00064741283786
-0.000951767775093
-0.00372489996731
0.000303898904658
-2.63356165233e-05
4.88575986211e-05
-0.000318522342695
-0.000610689178552
-0.000907378938655
-0.00367873599861
0.000348691322094
2.03560603987e-05
9.74680912398e-05
-0.000292619165189
-0.000572783817424
-0.000861770213167
-0.00363130576965
0.000394804480931
6.8421640305e-05
-0.000200187147949
-0.000265198452176
-0.000533698544764
-0.000814943910138
-0.00358261187508
0.000442235640749
0.000117858026245
-0.000148725635069
-0.000236262323316
-0.000493435202801
-0.000766902396713
-0.00353265697131
0.000490981990706
0.000168662042647
-0.000117219538485
-0.000575612334513
-0.000451995685283
-0.000717648095096
-0.00348144377582
0.000541040650342
0.000220830436299
-8.659019757e-05
-0.000543652183546
-0.000409381937042
-0.00066718348196
-0.00342897506641
0.000592408670398
0.000274359877351
-5.45138314853e-05
-0.00051018364946
-0.000365595953551
-0.000615511087848
-0.00337525368053
0.000645083033654
0.000329246960332
-2.09927013602e-05
-0.000475209298115
-0.00409349258336
-0.00271717097178
-0.00343384956092
-0.0035952998674
-0.00439358264494
-0.00317303233596
-0.0036085366401
-0.0024693159988
-0.00154622493892
-0.00191812468141
-0.00544922703488
-0.00542450023805
-0.00415387830959
-0.00339082925733
-0.00365641184588
-0.00308135031057
-0.00447926607258
-0.00388835136001
-0.00329935090512
-0.00291979071681
-0.00237480490611
-0.00431054288197
-0.00293775177221
-0.00358535776125
-0.00252318565558
-0.00332389028334
-0.00208689771528
-0.000824167733504
-0.00261383862424
-0.00169254213381
-0.0020656491852
-0.00559732569763
-0.00557251737878
-0.00430116147452
-0.00349393112653
-0.00376012448029
-0.00322497551452
-0.00324410634924
-0.00263751748987
-0.00203697759633
-0.00158505806889
-0.00254689593122
-0.00448407150419
-0.00311412528968
-0.00376405428422
-0.00262137051518
-0.00342373070169
-0.00223749712466
-0.00104396653318
-0.00150748984577
-0.000493951263756
-0.005515915938
-0.00443073501943
-0.00567079738893
-0.00440891347151
-0.0036334206279
-0.00394324366774
-0.00345544084457
-0.00344452679295
-0.00283712256516
-0.0022348983149
-0.00171051064968
-0.00115770431124
-0.0036246183823
-0.00224463920276
-0.00389749526665
-0.00280542406849
-0.0036642407363
-0.00248590530202
-0.00132049130818
-0.00178682763687
-0.00519715019627
-0.00556396941866
-0.00447897716372
-0.0033925633653
-0.00351804628137
-0.00273838923318
-0.00418253629797
-0.00369556285329
-0.00364671213566
-0.00298707715925
-0.00238357772027
-0.00180530681079
-0.00123312952186
-0.00370986755646
-0.00233130072036
-0.00299015483479
-0.00197715686401
-0.00283952786522
-0.00268709047141
-0.00154953553613
-0.00201822799095
-0.00542994743257
-0.0055619651475
-0.00447696501544
-0.00357747408352
-0.00385947142362
-0.0030804259892
-0.00308767713525
-0.00259036813159
-0.00209506575156
-0.00184273710446
-0.00248735243561
-0.00190299464061
-0.00125978909668
-0.00378466769293
-0.00237269204578
-0.00313539889162
-0.00212553724613
-0.00299063673566
-0.00178848789971
-0.000655483673925
-0.00577030301857
-0.00457017766301
-0.00568865191533
-0.00447118374985
-0.00386853629129
-0.00415239841858
-0.00337388530388
-0.00324965191041
-0.0027302821139
-0.00223482363396
-0.00198169762764
-0.0013035541348
-0.000655558672607
8.06416972729e-05
-0.00392423982867
-0.00245893202938
-0.00323484975318
-0.00222714674309
-0.00309412474985
-0.00189351611664
-0.00543181121504
-0.0059037616283
-0.00470445513617
-0.00478287185241
-0.00373225985204
-0.00305199050465
-0.00333742128825
-0.00361778830093
-0.00349286333446
-0.00281928565057
-0.00232372735304
-0.0020700915051
-0.00139104893441
-0.000741800301722
8.36026536692e-05
-0.00321813628069
-0.00173465188472
-0.00254812602137
-0.00143277230102
-0.00126134175141
-0.00194989657251
-0.00551469303951
-0.00598751399766
-0.00478872389303
-0.00503858696759
-0.00398919777444
-0.00324388773414
-0.00353057541707
-0.00272406417157
-0.00259858501578
-0.00175598385321
-0.00125680259022
-0.00210761468016
-0.0014281893781
-0.000778407334166
-0.00506568817109
-0.00326839642988
-0.00178566385348
-0.00271357455529
-0.00156280543582
-0.000397181761911
-0.005694889931
-0.00470326495799
-0.00517643781398
-0.00483848081117
-0.0039829017286
-0.00419645692465
-0.00338513750275
-0.00367275747062
-0.00286651245274
-0.00274062220096
-0.00174314620626
-0.00124324725291
-0.00098947235587
-0.000308728471775
0.000196541066984
-0.00530265733536
-0.00327373888862
-0.0018952084108
-0.00283296236593
-0.00168451715918
-0.00512672016938
-0.00569201858209
-0.00468710601828
-0.00522189354123
-0.00414001673429
-0.00327414540157
-0.00348846123719
-0.00347524793484
-0.0037634658399
-0.00295739158332
-0.00216519905339
-0.00187871511478
-0.0013398529415
-0.00104624248661
-0.000326076097225
-0.00490372198376
-0.00442927305164
-0.00277068397106
-0.00138292398735
-0.00228993311602
-0.00175892851368
-0.00520232930102
-0.00576855763208
-0.00472808250031
-0.00532088173618
-0.00424065804684
-0.00337957840915
-0.0035944110267
-0.00263718650328
-0.00292566166603
-0.00210536927034
-0.00131470567809
-0.00201270863244
-0.00147357300838
-0.00117906872172
-0.0053671110413
-0.00504479638796
-0.00456885858527
-0.00283681169429
-0.00145020346944
-0.00233088546593
-0.00572525560696
-0.00461616092
-0.00518272603358
-0.00477629300862
-0.00536973151721
-0.00429453167616
-0.00343396414628
-0.00364906431455
-0.00262424718632
-0.00291263618144
-0.00209231917654
-0.00130169358415
-0.00120594742605
-0.000675414982306
-0.000380356970334
-0.0045892378938
-0.00513870809778
-0.0046589950252
-0.00285788853418
-0.0014716480674
-0.00480854886036
-0.00571938983831
-0.00460325002503
-0.00516141483917
-0.00413781252858
-0.00473123200289
-0.00364983710728
-0.00277453733577
-0.00365222849023
-0.00257465082592
-0.00284772075967
-0.00202728133019
-0.00123684477792
-0.00123686751184
-0.000706271488344
-0.00533362057159
-0.00461954315104
-0.00431788615474
-0.00383773875689
-0.00243672329012
-0.00144719764946
-0.00482260773559
-0.00566593470188
-0.00458150640166
-0.0051883684514
-0.00408673882354
-0.00319033080849
-0.00360219072604
-0.00272643791205
-0.00294131689715
-0.00184913299685
-0.00205397654286
-0.00124850619556
-0.00112039085212
-0.00121599391985
-0.00560805572632
-0.00531293022721
-0.00459908471184
-0.00430829557227
-0.00382825027579
-0.00236764926437
-0.00553703879259
-0.00443165618468
-0.0052248569982
-0.00416807151704
-0.00517288468777
-0.00398619270467
-0.00308845615249
-0.00350394225073
-0.00262725835786
-0.00287088014821
-0.00188969111715
-0.00188615955972
-0.00108037610725
-0.000360352030596
-0.000477540922363
-0.00490126953177
-0.00524097341562
-0.0045297602162
-0.00424832174167
-0.0037689139485
-0.00225371874422
-0.00550301027923
-0.00439698608687
-0.0051623457244
-0.00410450169929
-0.00471032367732
-0.00355043366724
-0.00265283569175
-0.00349211237605
-0.00255818084284
-0.00288297184951
-0.00190181620305
-0.000929654868268
-0.000861499023707
-0.000236630384957
-0.00528581893477
-0.00477746914754
-0.00448365906153
-0.00379228269081
-0.00349634143762
-0.00301810017784
-0.00653184881178
-0.00542321119554
-0.0043156860287
-0.00505253761831
-0.00399284105671
-0.00459719633001
-0.00350967429109
-0.00261152233136
-0.00302709924102
-0.00208119235807
-0.00240569423652
-0.0014201828817
-0.000890332711351
-0.000600496636997
-0.0050472655934
-0.00519791875371
-0.00472382637118
-0.00423956327391
-0.00377884048694
-0.00335448817979
-0.00294833670596
-0.00402740026789
-0.00509388794258
-0.00397595409496
-0.00491961435074
-0.00383343317874
-0.00443570691308
-0.00341959780077
-0.0025202251427
-0.00293495117125
-0.0020099530788
-0.00231515933593
-0.00132939891618
-0.000358675564877
-6.94342129478e-05
-0.00456411567014
-0.00471454575053
-0.00465882990884
-0.00417494927257
-0.00371489435945
-0.00329481664609
-0.00288919901394
-0.00386045167288
-0.00492333876212
-0.00380223036405
-0.00453119577491
-0.00340927163951
-0.00400886807339
-0.0030665222501
-0.00237924736386
-0.00279266634713
-0.00190508464893
-0.00217369611442
-0.00118754858235
-0.000217099572739
-0.00484926573315
-0.00444826584053
-0.00459829907666
-0.0041326760011
-0.00363763212896
-0.0031787654728
-0.002763414238
-0.00278066831005
-0.00364967710805
-0.00470805335977
-0.00358296970224
-0.00430860824078
-0.00315595794248
-0.00208940476781
-0.00287883941479
-0.00196998349437
-0.00238165218537
-0.00152020260009
-0.001787677365
-0.000995124463219
-2.50447944273e-05
-0.00465845559049
-0.00428182164557
-0.00443128838359
-0.00396587198181
-0.00347179942213
-0.00301462935237
-0.00260443396497
-0.00220120112437
-0.00342007576571
-0.00447306604645
-0.00331878296718
-0.00404045337995
-0.00285674475156
-0.00185769525964
-0.00264316842796
-0.00173118761943
-0.00216884395922
-0.0013151008502
-0.000474673815911
-0.000539087182245
-0.00448616070039
-0.00420064076621
-0.00406535146488
-0.00421408781906
-0.00374893787354
-0.00325611770283
-0.00280113562504
-0.00239649912217
-0.0019950941307
0.00287342898079
-0.00115855307605
0.000771440953522
0.00022958075124
-0.000226421240722
-0.000767680099697
-0.00135893300832
0.00280452295012
-0.00120986875765
0.000719799203856
0.000174999399207
-0.00384192393622
-0.000822694480418
-0.00141396871928
0.00273655501801
-0.00126021596438
0.000669131718938
0.000121394324303
-0.00389580482525
-0.000876725360924
-0.00146802057455
0.00266952729084
-0.00130959307381
0.00166583228706
6.87672889247e-05
-0.00394870296786
-0.000929770937436
-0.00152108676829
0.00260344185203
-0.00135799849127
-0.00183993902745
1.71200274449e-05
-0.00400061660331
-0.00098182943477
-0.0015731655233
0.00253830076174
-0.00140543065007
-0.0018876739134
0.00102139685381
-0.00405154399954
-0.00103289910663
-0.00162425509127
0.00247410605658
-0.00145188801173
-0.00193442809298
0.000971714229776
-0.00410148345345
-0.00108297823589
-0.00167435375312
-0.000919126957092
-0.00151019338609
-0.00198020002756
0.000923016411872
-0.00415043329116
-0.00113206513485
-0.00172345981922
-0.000981422877914
-0.00157289889087
-0.00202498820772
0.000875305019667
-0.00316248176856
-0.00118015814555
-0.00177157162968
-0.00104276644811
-0.0016346463404
-0.00206879115348
0.000828581643364
-0.00320944747052
-0.00122725563999
-0.00181868755465
-0.00110315572827
-0.00169543375786
-0.00211160741454
0.000782847843551
-0.0032554187127
-0.000219991072997
-0.00186480599453
-0.00116258880398
-0.0017552591918
-0.00215343557053
0.000738105150947
-0.00330039394082
-0.00026509277223
-0.0019099253803
-0.00122106378616
-0.00181412071655
-0.0021942742312
0.000694355066156
-0.00334437163111
-0.000309194253796
-0.00195404417372
-0.00127857881133
-0.00187201643238
-0.00223412203671
0.000651599059421
-0.0033873502906
-0.000352294012267
-0.00094668953941
-0.00133513204186
-0.00192894446591
-0.00227297765777
0.000609838570387
-0.00342932845735
-0.00039439057349
-0.000992082594778
-0.000506318191652
-0.00198490297032
-0.00231083979592
0.000569075007863
-0.00347030470071
-0.00043548249483
-0.00104181205304
-0.000560942424938
-0.00203989012567
-0.00234770718372
0.000529309749589
-0.000227416768747
-0.000475568365413
-0.00109054377082
-0.000614599508753
-0.00120950066454
-0.00239228820502
0.000490544142015
-0.000266384999632
-0.000514646806358
-0.00113827608446
-0.000667287711736
-0.00126253977081
-0.00244555847982
0.000452779500071
-0.000304347205161
-0.000552716471015
-0.00118500736086
-0.000719005329766
-0.00131460223221
-0.00249784812198
0.000416017106954
-0.000341302082115
-0.000589776045184
-0.0012307359977
-0.000769750686225
-0.00136568633905
-0.0016619346744
0.000380258213916
-0.000377248359688
-0.000625824247343
-0.00127546042373
-0.00341871628381
0.000494074712628
0.000480849238303
0.00051430617641
0.000349377974071
-0.00220362964145
-0.00224241665149
-0.00349580665074
0.000430287654048
0.000414714279523
0.000445801190607
0.000259413373458
-0.00229709494835
-0.00233936828142
-0.00357182946417
0.000367631574044
0.000349747875949
0.000378502244192
0.000170651949474
-0.00238931986604
-0.0024350435588
-0.00364678162894
0.000306109272826
0.000285953138416
0.000312412782806
8.3098414515e-05
-0.00248029914903
-0.00252943667371
-0.00372066008179
0.000245723508937
0.000223333132407
0.000247536202949
-3.24255901298e-06
-0.00257002759367
-0.00262254185947
-0.00379346179185
0.00018647699867
0.000161890877368
0.000183875851167
-8.8366339783e-05
-0.00265850003943
-0.00271435339417
-0.00257852437157
0.000124836232172
0.000101629346021
0.00012143502325
-0.000172268338641
-0.00274571137017
-0.00280486560216
-0.00264916363614
5.16689119594e-05
4.25514636844e-05
4.41164207481e-05
-0.000254944009699
-0.00283165651545
-0.00289407285556
-0.00271871726569
0.0013120245413
-1.53398923897e-05
-3.41441029528e-05
-0.000336388851426
-0.00291633045182
-0.0029819695758
-0.00278718236478
0.00124110000378
-7.20418936855e-05
-0.000111210562329
-0.000416598407739
-0.00299972820412
-0.00306855023511
-0.00285455607321
0.00117130162688
0.00123769449015
-0.000187079023023
-0.000495568269094
-0.00308184484676
-0.00315380935804
-0.00292083556659
-0.00288626302646
0.00118337948576
0.00113347247938
-0.000573294073572
-0.00316267550501
-0.00323774152302
-0.00298601805689
-0.00295379973678
0.00113026202278
0.00106001164118
-0.000649771507967
-0.00324221535629
-0.00332034136383
-0.00305010079297
-0.00302020102039
0.00107834472832
0.000987760335561
0.000697523486734
-0.0033204596315
-0.00340160357117
-0.00311308106113
-0.0030854638689
0.00102763017757
0.000916722314419
0.00062355553188
-0.00339740361624
-0.00348152289414
-0.00317495618566
-0.00314958531513
0.00097812089316
0.000846901281798
0.000550848583668
-0.00205052285653
-0.00356009414178
-0.00323572352936
-0.00321256243374
0.000912829151903
0.000778300892987
0.000479406749682
-0.00212485234249
-0.00363731218457
-0.00329538049407
-0.00327439234186
0.000829976000699
0.000710924753645
0.000409234083429
0.000151168078414
-0.00226198977681
-0.00335392452119
-0.00333507219972
0.00074827258043
0.000644776418918
0.000340334583282
7.9471260063e-05
-0.0023364862747
-0.00341135309221
-0.00339459921124
0.000667722792751
0.000579658451426
0.000272712191424
9.09743846064e-06
-0.00240961456296
-0.00346766372923
-0.00345297062463
0.000588330501525
0.000497192851673
0.000206370792812
-5.99490271361e-05
-0.00248136977292
-0.00320822694745
-0.00219599854145
-0.00126546848811
-0.00406118007073
-0.00659879930687
-0.00579397607019
-0.00403350370716
-0.00320065637263
-0.00218814969673
-0.00127369510112
-0.00406975180194
-0.0066077224223
-0.00578952306631
-0.00402885242318
-0.00319188293492
-0.00217905385019
-0.00128062641793
-0.00407697396495
-0.00661524072073
-0.00578360582949
-0.00508733830232
-0.00318190705768
-0.00216871147355
-0.00128626205058
-0.00408284612091
-0.00662135370709
-0.00577622478265
-0.00507962873275
-0.00317072922203
-0.0021571231029
-0.00129060168351
-0.00408736791286
-0.00662606097868
-0.00576738045309
-0.00507039086223
-0.00315834996676
-0.00214428933853
-0.00129364507367
-0.00409053906582
-0.00662936222531
-0.00575707347234
-0.00505962541031
-0.0031447698882
-0.00213021084482
-0.00129539205057
-0.00409235938692
-0.00663125722938
-0.00574530457589
-0.00504733321498
-0.00312998964006
-0.00211488835001
-0.00129584251631
-0.00409282876544
-0.00663174586596
-0.00573207460296
-0.00503351523232
-0.00311400993331
-0.00209832264606
-0.00129499644567
-0.000568984841035
-0.00663082810283
-0.00571738449619
-0.00501817253612
-0.00419618239815
-0.00208051458845
-0.00129285388605
-0.00056675233089
-0.0066285040005
-0.00570123530128
-0.00500130631749
-0.00417780613508
-0.00319304623845
-0.00128941495749
-0.000563169039033
-0.00662477371218
-0.00568362816668
-0.00498291788437
-0.00415823288787
-0.00317275629277
-0.00128467985263
-0.000558235183394
-0.00661963748373
-0.00566456434313
-0.00496300866106
-0.0041374635946
-0.00315122693852
-0.00243299709085
-0.000551951063969
-0.0066130956536
-0.00565645476227
-0.00494158018763
-0.00411549924954
-0.00312845928283
-0.00242567050142
-0.000544317062721
-0.00660514865267
-0.00564819401561
-0.00491863411935
-0.00409234090302
-0.00310445449502
-0.00241704874857
-0.00171349674723
-0.00659579700415
-0.00563847327194
-0.00489417222608
-0.00406798966113
-0.00307921380641
-0.0024071323146
-0.00170316445552
-0.00658504132341
-0.00562729322233
-0.00486819639154
-0.00404244668542
-0.00305273850991
-0.00239592175394
-0.00169148391842
-0.00431473706737
-0.00561465466109
-0.00484070861262
-0.00402448205467
-0.00302502995977
-0.00238341769299
-0.00167845584438
-0.0043011755358
-0.00679395988914
-0.00481171099864
-0.0040105048286
-0.00299608957116
-0.00236962082995
-0.001664081023
-0.0042862123688
-0.00677840709885
-0.00478120577051
-0.00399533131997
-0.00297931267078
-0.00235453193461
-0.00164836032477
-0.00426984854798
-0.00676139879602
-0.00598524751226
-0.00397896225402
-0.00296359813208
-0.00233815184819
-0.00163129470082
-0.0042520851458
-0.0067429361846
-0.00595173416077
-0.0033502903136
-0.00626675677044
-0.00249208797088
-0.00554727092947
-0.00451052852945
-0.00451896278647
-0.00357173999222
-0.00333527220889
-0.00625167175812
-0.00248819869233
-0.00554336345851
-0.00450080909689
-0.00451616984917
-0.00356894394089
-0.00331920070363
-0.00623552867851
-0.00248324408636
-0.00553838567942
-0.00449001761207
-0.00451230354095
-0.00356507332221
-0.00330207639365
-0.00367979052882
-0.00247722434043
-0.0055323377823
-0.00447815448881
-0.00450736401028
-0.00356012828514
-0.00328389991333
-0.00366153316511
-0.00247013968222
-0.00552521999804
-0.00446522018173
-0.00450135144684
-0.00355410902
-0.00326467193543
-0.00364221966256
-0.00246199037963
-0.00551703259832
-0.00445121518624
-0.00449426608142
-0.00354701575836
-0.00324439317106
-0.00362185074177
-0.00245277674069
-0.0055077758955
-0.00443614003839
-0.00448610818592
-0.00353884877302
-0.00322306436945
-0.00360042716198
-0.00244249911353
-0.00549745024261
-0.00441999531481
-0.00447687807329
-0.00352960837798
-0.00320068631789
-0.00357794972097
-0.00243115788629
-0.00548605603325
-0.00440278163259
-0.00446657609746
-0.00351929492836
-0.00317725984153
-0.00355441925492
-0.00241875348706
-0.00547359370155
-0.00438538406753
-0.00445520265327
-0.00350790882031
-0.00315278580326
-0.0035298366382
-0.00240528638381
-0.00546006372204
-0.00437182656902
-0.00444275817642
-0.00349545049098
-0.00312726510355
-0.00350420278326
-0.00239075708428
-0.00544546660961
-0.00435719977707
-0.00442924314334
-0.00348192041841
-0.0031170282623
-0.00348434304491
-0.0023751661359
-0.00542980291936
-0.00434150425017
-0.00441465807115
-0.00346731912143
-0.00311368808441
-0.0034834389661
-0.00235851412567
-0.00541307324654
-0.0043247405872
-0.00439900351753
-0.00345164715959
-0.00310929458473
-0.00348147683515
-0.00234080168008
-0.00539527822643
-0.00430690942731
-0.00438228008062
-0.00343490513302
-0.00310384792575
-0.00347845672527
-0.00232202946496
-0.0053764185342
-0.00150144122114
-0.00436448839891
-0.00341709368233
-0.00309734830888
-0.00460825094522
-0.00345347493772
-0.00649403928576
-0.00264813934653
-0.00549928263868
-0.00456901448732
-0.00422366817045
-0.00460311525498
-0.00343258533784
-0.00647305243373
-0.00262710993146
-0.00547935654362
-0.00454906627156
-0.00421506339739
-0.00459692204215
-0.00341506071759
-0.00645100317317
-0.0026050159761
-0.00545836436006
-0.00452805079518
-0.00420540650365
-0.00458967153766
-0.00340777654427
-0.0064278923375
-0.00258185831894
-0.00543630688662
-0.00450596885942
-0.0041946978458
-0.00458136401177
-0.00339943044822
-0.00640372079933
-0.00255763783789
-0.00541318496153
-0.00448282130531
