0.000996968886667
0.00281492690586
0.000471183513688
0.00174914763793
-0.000595975386698
0.00110084165158
0.00488511276929
0.00105734095773
0.00287560392675
0.000527229339498
0.00180684445511
0.00344695718427
0.00115888740827
0.00494322535188
0.00111840464209
0.00293697575214
0.000579655344159
0.00186524530922
0.00350557023127
0.00121764112367
0.00500204664353
0.00118015892552
0.00299860573944
-0.00154704763559
0.00192434919877
0.00356488866211
0.00127710177849
0.00506157562157
0.00124260278438
0.00304567294595
0.000311267771465
0.00198077470069
0.00362491145443
0.00333166304046
0.00512181125298
0.00130573518563
0.00309344587151
0.000359249534171
0.00203556984836
0.00368563757572
0.00339253447534
0.00518275249455
0.00136955508693
0.00314192370334
0.00448402976094
0.00209107039048
0.00374706598344
0.00345410973054
0.00524439829295
0.00142738984303
0.00099810265634
0.00453342633497
0.00214727537519
0.00380380075085
0.00351638774622
0.00292813575936
0.00147379250349
0.00104798781952
0.00458352905268
0.00220418384028
0.00386090779646
0.00357936745259
0.00299118747126
0.00152089646257
0.00109857538657
0.00463433705843
0.0022617948133
0.003918719614
0.00364137157911
0.00305494052001
-0.000594534168692
0.00114986450222
0.00468584948596
0.00232010731158
0.00397723521076
0.00370001927605
0.0031193938126
-0.000546029995439
0.0012018543008
0.00473806545845
0.0023791203424
0.00403645358386
0.00140210902096
0.00318454624633
0.00364617737799
0.00125454390622
0.00479098408859
0.00243883290299
0.00409637372033
0.00146216416759
0.00324671219897
0.00369607851799
0.00130793243211
0.00484460447865
0.00249924398064
0.00415699459715
0.00152292149949
0.00330753113607
0.00374667689758
0.00136201898188
0.00489892572056
0.00256035255279
0.00186105299468
0.00158437997693
0.00336905186767
0.00379797167384
0.00141680264876
0.00495394689595
0.00262215758711
0.00192307224351
0.00164653855024
0.00343127334101
0.00384996199364
0.00147228251589
0.00500966707628
0.00268465804156
0.00198578910436
0.00170939615996
0.0034941944935
0.0039026469937
0.00152845765643
0.00506608532289
0.00274785286449
0.00204920251495
0.00177295173685
0.00355781425277
0.00395602580065
0.00158532713356
0.00512320068706
0.000469870776225
0.00211331140342
0.00183720420205
0.00362213153677
0.00401009753113
0.00337048592594
0.00518101221008
0.000534451143165
0.00409046266074
0.00190215246711
0.00368714525386
0.00406486129182
0.00342874122646
0.00523951892339
0.000599722666818
0.00415595925131
0.00196779543409
0.0037528543029
0.00313679197354
0.00390584608655
0.00456364057609
-0.000816852902795
-0.000221538034641
0.000411772432158
0.00110456027101
0.00321395547096
0.00398510504495
0.00461704037572
0.00280197908383
-0.000163881770793
0.000471144169255
0.00116567854228
0.0032918749171
0.004065137408
0.00466875302248
0.0028588097497
-0.000105351519025
0.000531413766358
0.00122771878545
0.0033705487237
0.00414594146154
0.0047212954137
0.00291648948491
-4.59488258501e-05
0.000592579538975
0.00129067916777
0.0034499752916
0.00422751547998
0.0047746663073
0.00297501685261
1.43247428993e-05
0.000654639781875
0.00135455783427
0.00353015301093
0.00429036092912
0.00482886444413
0.00538997527292
7.54676022602e-05
0.000717592769306
0.00141935290802
0.00361108026127
0.00434380340992
0.00488388854814
0.00545019352406
0.000137478148338
0.000781436755227
0.00148506249037
0.00369275541175
0.00439804847616
0.00493973732651
0.00551125499103
0.000200354758505
0.000846169973529
0.00155168466125
0.00125430640387
0.00445309492557
0.00499640946981
0.00557073774231
0.000264095791599
0.000911790638268
0.00161921747939
0.00133747242107
0.00194969038858
0.00505390365213
0.00562992845088
0.000328699588125
0.000978296943893
0.00168765898261
0.00142138138474
0.00200633593637
0.00249547869937
0.0056899621025
0.000394164470458
0.00104568706548
0.00175700718807
0.00150603162379
0.00206377916917
0.00255461291687
0.00307071995417
0.000460488743047
0.00111395915896
0.00182726009253
0.00159142145744
0.00212201882421
0.0026145650983
0.00313243503886
0.000203138302976
0.00118311136137
0.00189841567266
0.00167754919537
0.00218105362399
0.00267533385338
0.00319498857934
0.000271176198739
-0.00144336581933
0.00197047188524
0.00175884129117
0.00224088227633
0.00273691777606
0.00325837904594
0.000339750094065
-0.00137245906245
0.00204342666751
0.00181774153246
0.00230150347451
0.00279931544475
0.0033226048923
0.000405850305567
-0.00130067789664
-0.000638111611488
0.00187741240454
0.00236291589746
0.00286252542242
0.00338766455557
0.000472806179394
-0.00122802425814
-0.000563365955197
0.00193785267949
0.00242511820984
0.0029265462568
0.00345355645658
0.000540615999262
-0.00115450010089
-0.000487728032356
0.00199906111622
0.00248810906218
0.00299137648051
0.00352027900004
0.000609278031674
0.00128394785724
-0.000411199981358
0.00206103646057
0.00255188709108
0.00305701461122
0.00358783057467
0.000678790526125
0.00135920712047
-0.000333783958809
0.00212377744546
0.00261645091926
0.00312345915182
0.00365620955344
0.00423836198565
0.0014353309367
-0.000255482139257
-0.00110554348172
0.00138654107219
-0.000461621552604
-0.000134354209241
-0.00180147432624
-6.68246583095e-05
0.00190950523252
0.00230573298269
0.000309417054034
0.000976637104199
0.00246274930497
3.30833358166e-05
0.000636841534908
-0.00157931034446
-0.000680030291745
0.000729519264963
0.00156509475181
0.000544931525527
0.00164706014428
0.00280673144012
0.000361565887752
-0.00254170677287
0.00173694562986
-0.000112258309497
0.000212853638611
-0.00148200984369
-0.00142015315879
0.000543823094224
0.000938486223408
0.000519703874773
0.00123302933851
0.00276587742902
0.000333797487029
0.000934362059023
-0.00128568769899
-0.000429314347074
0.00105083739073
0.00192440669813
-0.000364238776529
0.000731638872544
0.00177551179544
-0.000630601244086
-0.002151229785
0.00212753585017
0.000277187345349
0.00059992972953
-0.00122582098824
0.00295541318731
0.000798632022782
0.00119144830857
-0.000780999059494
-0.00272291548564
0.00156308484752
-0.000817098199501
0.00126969377766
-0.000974593070307
0.00354187752391
0.00133420801286
0.00231868375434
2.3856832363e-05
0.00101546287314
0.00202276627706
-0.000387447477562
-0.00347957729006
0.000745085731517
-0.00108173750457
0.00102601447614
-0.000929214208442
0.0032516826107
0.0010936573749
0.00148435672964
-0.000491024537416
-0.00243661785765
0.00194241974084
-0.000440712226001
0.000136304130257
-0.00209762747677
0.00237247821737
0.000189389915587
0.002728284651
0.000445791529564
0.00130122477709
0.00230431101547
-0.000110534435652
0.00122833063488
0.00121334193395
-0.000614810019617
-0.000430953226883
-0.00234400153854
0.00177917561827
-0.000334873408271
0.00181657415386
-0.000162097537966
0.0017447287144
0.00235875489849
-3.97570201141e-05
0.000513787443949
-0.00172469405382
0.00273323440308
0.00054451931155
0.00161284748264
-0.000602018009763
0.000287667565572
0.00122108515479
0.000199707901897
0.00173381844962
0.00171896913082
-0.000224585961775
-0.000134214059431
-0.00200473872857
0.00215414712835
3.85617710615e-05
0.000424272317106
-0.00150710897882
0.000395999947454
0.00109167386774
0.000377829895146
0.000927411749842
-0.00131598884053
0.00312943512135
0.000934616796598
0.00199620360842
-0.000243646476861
0.000641513147415
0.00156981139815
-0.000829755362652
0.000305636989454
0.000196723455678
0.000112158489465
0.000201975281255
-0.00167010522204
0.00256731090789
0.000450056740417
0.000832925769
-0.00110239746384
0.000795765037127
0.00142364226853
-0.000834695186214
-0.00028935084714
-0.00249962712031
0.00356038120586
0.00135901347709
0.00241336135424
0.000148313853523
0.00102858101933
0.00195134275285
-0.000454313497604
0.000808278140601
0.000571746217218
-0.00145206670526
-0.00136286097832
0.00081057414
0.00106296028584
0.000898771319344
-0.0011968105297
-0.000660968871822
0.0011917252691
0.00171974255834
-0.000462422206628
0.000194225462732
0.00158538365914
0.00236541756853
0.000202420474474
0.00118323967284
-0.00106375666231
0.00144827208563
0.00236510429354
-4.70773363716e-05
0.0012195061718
0.000984723888488
-0.0010385386766
-0.00094999630547
0.00122157912465
0.00154991063498
-0.000522608429305
-0.00257115951592
-0.0020398221431
0.00152794072427
0.00205291539162
-0.000125949071775
0.000530363646787
0.00204273228818
0.00286360004752
0.000693255732346
0.00147785776218
-0.000773375337561
0.000333216421211
0.00124375111055
-0.00113330270568
0.00166772201313
0.00143481743456
-0.000587854565689
-0.000500024017641
0.00166903691872
0.00201106876101
-2.15980206072e-06
-0.00205413116444
0.00230317827617
5.24577051367e-05
0.000574097907853
-0.00157161785168
-0.000919381813722
0.00240632254416
0.00333566986245
0.00102871093649
-0.00135819853918
0.00296500817282
0.000673723232416
0.00172011826033
-0.000664251545638
2.97837014264e-05
-0.000201125431243
-0.00217627643219
-0.00208920224407
0.00211379293008
0.00245316029363
0.000552729889824
-0.00150282052687
0.00271476109461
0.000461438436811
0.000979470166215
-0.00116375007792
-0.000515920316576
0.000985824236463
0.00190921068528
-0.000370165552815
-0.00272404045357
0.00332241653208
0.00102549023749
0.00217353069364
-0.000165233636631
0.000549306749779
0.000320500330779
-0.00165398952124
0.00243609491164
0.000502457997678
0.000838992143299
-0.000923187941727
-0.00293700908228
0.00316181043787
0.000905702437926
0.00141987029218
-0.00072124121994
0.00356049221507
0.00141801628304
0.00233501875591
3.03019159526e-05
-0.00232841276445
0.00194872399361
-0.000307271917566
0.000834194684957
0.000363094042872
0.00110307694247
0.000876470006459
-0.0010973283725
0.00295330972561
0.00101805570999
-0.00090037976853
-0.000414864510956
-0.00242109322186
0.00157704932335
-0.000639754539154
-0.000129686817117
-0.00222104857544
0.00403188456301
0.00188346368565
0.00279368824756
0.00046360022119
-0.00190028365336
0.0023709653092
0.000108459763436
0.00124289346416
-0.000884820431391
-0.000658199669586
-0.000816246918144
-0.00277326910687
0.00350464480469
0.0015676985548
-0.000353863887619
0.000127162494075
0.00181949837339
0.00209258441635
-0.000127329166093
0.000378421624051
-0.00171156603489
0.00251690868186
0.000415127445192
0.0013182099221
0.000929063897133
0.00193848550977
0.00282471142465
0.000555301588371
0.00167201037641
-0.000519946454313
-0.000110165326613
-0.000201066819848
-0.00218854932254
0.0017917881441
-0.000101269251329
-0.00198888806689
0.000604311145167
0.00224796244941
0.00264107414931
0.000417909996045
0.000919146612815
-0.00116981238533
0.00305316126675
0.000944831041799
-0.00113932042437
-0.000493575219455
0.000521075287186
0.00140073200104
-0.000826233372619
0.00207410463263
-0.000124589594806
0.000470653910624
0.000414481819654
0.00238625288426
0.00240846094566
0.000513584650734
-0.00137739690642
-0.00114553804995
0.000499004497173
0.0008928066714
-0.00118413962482
0.00149163002118
0.00299898999179
0.00362062617735
0.00150548522848
-0.000586446532093
3.41091494024e-05
0.00104273654138
0.00191552140689
-0.000387085713725
0.000649420690248
0.00163766591499
-0.00132901262939
0.00106118454326
0.00303435179079
0.00305631984523
0.00115957278559
-0.000760857601472
-0.000647276900629
0.000995246757338
0.00138585500658
-0.000695862630941
-0.000149865576649
0.0014345770225
0.00205631729055
-1.4763238214e-05
-1.81924938576e-05
0.000591803041203
0.00159416816063
0.00239826795789
8.22463426554e-05
0.00111172297921
0.00209241027338
-0.000685487988035
-0.000674273658073
0.00127532159212
-0.000728959407003
-0.000673009343321
-0.000297789113122
0.00367634059101
0.00152417348347
0.00191143381635
-0.000175213421519
0.000366249714727
0.00194511761004
0.00268368325141
0.000605347692186
-0.00149031947097
0.00247674926734
7.32070883421e-05
0.00085554870594
0.000581143874872
0.00160325094929
0.00257600985647
-4.70312700805e-05
3.17509868894e-05
0.00187836708839
-0.000230617531505
-0.00017512311594
-0.00214180306053
0.00184271670543
-0.000267602632799
0.000116170129056
0.0003770016685
0.000913737224972
0.0024867894281
0.00329215732599
0.00125394260064
-0.000946719669501
0.0030476930375
0.000614219076802
0.00139036368168
-0.000890542142367
0.000123881261688
0.00110652442878
0.000522647512849
0.00451208186662
0.00240838880435
0.000300191668549
0.000355208838866
-0.00161320290235
0.00243676058737
0.000324159310358
0.000704319048782
-0.0013376000925
0.00274560124172
0.000755785142251
0.00103597032914
0.00193018405045
-0.000471082853828
0.00352223769678
0.00118398276662
0.00195370569566
-0.000334449338143
0.00384655560337
0.00164605681358
-0.00141866997402
0.00246613540546
0.000406581003114
0.000862637380546
0.000917157733704
-0.0010530570228
0.00302463200295
0.000934740328613
0.00129817037364
-0.00072474697254
0.00335339582376
0.00135735048082
-0.000619570621067
0.000185039431197
-0.00215924356556
0.00178960373893
0.00169106137661
0.00254488057674
0.000249242243009
0.00442201218891
0.00221263550461
0.000376929034344
0.00406347434943
0.00138615289565
0.00286479564677
0.00106865476823
0.00251798584638
-0.000226229708613
0.000361918289072
0.0040483728952
0.00136660076077
0.00284513347589
0.00106339243908
0.00251270029922
-0.000231531584974
0.00034764867976
0.00403401703454
0.00134779658026
0.00282622343457
0.00105888875366
0.00250817674137
-0.000236069119105
0.000334120468361
0.00402040703416
0.00132974070634
0.00159069409685
0.0010551437984
0.0025044152604
-0.000239842222611
0.000321333903332
0.00400754314706
0.00131243347739
0.00157328937514
0.00105215764516
0.00250141592914
-0.00024285082198
0.00030928921961
0.00399542561244
0.00129587521798
0.00155663781537
0.00104014675212
0.00249917880569
-0.000245094858589
0.000297986638592
0.00398405465575
0.00128006623879
0.00154073973349
0.00102417941348
0.00249770393337
-0.000246574288705
0.000287426368115
0.00397343048862
6.08840474176e-05
0.00152559543133
0.00100896912094
0.00249699134074
-0.000247289083498
0.000277608602434
0.00396355330884
4.65745051256e-05
0.00151120519656
0.000994516165926
0.0024970410416
-0.000247239229037
0.00026853352221
0.00395442330036
3.30150916234e-05
0.00149756930265
0.000980820825512
0.002497853035
-0.000249151388355
0.000260201294486
0.00273225164709
2.02060618437e-05
0.00148468800888
0.000967883362358
0.00249942730521
-0.000263981787355
0.00225012204394
0.00272461647765
8.14765671742e-06
0.00366866303204
0.000955704024709
0.00250176382174
0.000765335693039
0.00224327596782
0.00271772894816
-3.15989684938e-06
0.00365729165933
0.000944283046356
0.00250486253933
0.000752031537043
0.0022371731635
0.00271158918702
-1.37163859963e-05
0.00364667557904
0.000933620646625
0.00250872339797
0.000739490898332
0.00103672478321
0.00270483773924
-2.35216119289e-05
0.00363681499332
0.000923717030349
0.00117618969186
0.000727714021099
0.00103210884616
0.00269664451757
-3.25753899372e-05
0.00362771009003
0.000914572387849
0.00118157459359
0.00071670113476
0.00102823647721
0.00268919903976
-4.08775494133e-05
0.00361936104269
0.000906186894918
0.00117913288246
0.000706452453931
0.00102318963324
0.00268250144468
-4.84279338672e-05
0.00361176801045
0.000898560712804
0.00117148343534
0.000696968178409
0.00101727636831
0.00267655185728
-5.52264009417e-05
0.0036049311381
-0.000422763517748
0.00116459576001
0.000688248493148
0.00101210665771
0.00267135038858
-6.12728224255e-05
0.00359885055602
-0.000428870652745
0.00115846998979
0.000680293568247
0.00100768059675
0.00266689713567
-6.65670842658e-05
0.00359352638022
-0.000434218080608
0.00115310624327
0.00067310355893
-0.000925019608181
3.48965895993e-05
0.000939425079923
0.00183234395441
0.00277816701891
0.00236548706456
0.00328978525126
-0.000925256953849
3.46522510782e-05
0.000944358743075
0.00183743145968
0.00278341276881
0.00237089481066
0.0033002345314
-0.000924654461078
3.52724948721e-05
0.000950183109882
0.00184343742238
0.0027896055222
0.000935903428529
0.00331169037129
-0.000923212144032
3.67573055268e-05
0.000956898026288
0.0018503616736
0.00279674509393
0.000943263420205
0.00185129553419
0.00310594672589
3.91066460479e-05
0.000964503314725
0.00185820401864
0.00280483127058
0.000951599199451
0.00186476329786
0.00310906857002
4.23204579052e-05
0.000972998774138
0.00186696423707
0.0028138638105
0.000960910501569
0.00187923635807
0.00311303007748
4.63986610399e-05
0.000982384180008
0.00187664208273
0.00282384244388
0.000971197030998
0.00189471422636
0.00311783115518
5.1341153875e-05
0.000992659284387
0.00188723728379
0.00283476687277
0.00385017482592
0.00191119638071
0.00312347169029
5.71478133276e-05
0.00100382381593
0.00189874954275
0.00284663677109
0.00386241080007
0.00192868226562
0.0031299515503
6.38184948244e-05
0.00101587747992
0.00191117853654
0.00285945178475
0.00387562093014
0.00194717129224
0.00313727058299
7.13530323193e-05
0.00102881995833
0.00192452391651
0.00287321153163
0.00388980479765
0.00192899482085
0.0031454286165
7.97512383148e-05
0.00104265090983
0.0019387853085
0.00288791560169
0.00390496195351
0.00189556717065
0.00314011424343
8.90129038846e-05
0.00105736996988
0.00195396231292
0.00290356355701
0.00392109191812
0.00186313451975
0.00312086445664
9.91377986997e-05
0.00107297675072
0.00197005450475
0.00292015493185
0.00393819418146
0.00474623190267
0.00166314788946
7.95800922398e-05
0.00106850312236
0.00198706143364
0.00293768923273
0.00391966673191
0.00471579247097
0.00164557129252
-0.00138444923856
0.00104304183445
0.00200498262396
0.0029561659385
0.00389118628124
0.00468635119541
0.00162883191798
-0.00140831666467
-0.000456543728493
0.00202381757489
0.00297558450039
0.00386367294067
0.00465790906424
0.00161293015837
-0.00143132475496
-0.000480236512403
0.000524732081842
0.00296542245457
0.00383712757601
0.0046304670334
0.00419120767028
-0.00145347293935
-0.000503044099586
0.000501248374823
0.00293681655617
0.00381155102362
0.00460402602637
0.00417698224035
-0.00147476066861
-0.000524965890461
0.000478676422433
0.00136440345064
0.00378694409021
0.00457858693404
0.00416359548624
-0.00149518741437
-0.000546001308222
0.00045701685413
0.00133767337153
0.00218252066151
0.0045541506145
-0.00118159330864
-0.00130333574629
-0.001514482841
-0.00161123955039
-0.00157000329638
-0.00155491253604
0.00234113078278
-0.00126466729113
-0.00138171878523
-0.00159565035436
-0.00169493664151
-0.00165586182202
-0.00159890094775
0.00229608363222
0.000525528099092
-0.0014586050347
-0.00167527588536
-0.00177705142019
-0.00174010413911
-0.00164112939778
-0.0018187758543
0.000445325244077
-0.00153398832396
-0.00175335261491
-0.00185757644363
-0.00182272224538
-0.00168159342674
-0.00186021720698
0.000366566964581
-0.00160786256997
-0.00182987381747
-0.00193650436769
-0.00190370824147
-0.00172028874746
-0.001899848667
0.000289259168541
-0.00168022177952
-0.00190483286367
-0.00201382794998
-0.00198305433425
-0.00181518398928
-0.00193766581946
-0.00372884584729
-0.00175106005155
-0.00197822322288
-0.00208954005275
-0.00206075284023
-0.00192340816456
-0.00197366443817
-0.00139158011397
-0.00182037157929
-0.00205003846584
-0.00216363364595
-0.00213679618887
-0.00203005552628
-0.00204588180537
-0.0014645017963
0.00058769497502
-0.00212027226722
-0.00223610181017
-0.00221117692592
-0.00213511589198
-0.00215314462715
-0.00153595015761
0.000521453967973
0.000324401311421
-0.00230693773956
-0.00228388771676
-0.00223857914483
-0.00225878629342
-0.00160591969695
0.000456756537802
0.000257348940715
0.000176824857491
-0.00235492134967
-0.00234043523758
-0.00236279617029
-0.00167440500065
0.000393608092278
0.000191896338513
0.000109273346221
0.000168540156171
-0.00244067419655
-0.00246856691164
-0.00174140074424
0.000332013934085
0.00012804938903
4.33737765143e-05
0.000100881966249
7.32236390412e-05
-0.00257635872875
-0.00180690169442
-0.00373446475215
6.58138599742e-05
-2.0867529242e-05
3.49217992614e-05
-2.37514459048e-05
-4.40009659349e-05
-0.0018709027109
-0.00379293485838
5.195400096e-06
-8.34443766611e-05
-2.93336572527e-05
-0.000119079958066
-0.000148515727104
-0.00193339874831
-0.00384983542049
-5.38004632143e-05
-0.000144350702152
-9.18778547829e-05
-0.000212752258754
-0.000251375744191
-0.00199438485809
-0.00390516157675
-0.000111168326306
-0.000203580575679
-0.000152704386968
-0.00030475880332
-0.000352570309541
-0.00205385619028
-0.00395890858068
-0.00016690291161
-0.000261128203483
-0.000211806992679
-0.000395090145323
-0.000452088798535
-0.00211180799535
-0.004011071803
-0.000220999069942
-0.000316987930759
-0.000293657073118
-0.000483736940701
-0.000549920674208
-0.00216823562604
-0.0040616467335
-0.000273451782768
-0.000371154244298
-0.000378178160443
-0.000570689951965
-0.000646055491913
-0.00222313453904
-0.00411062898296
-0.00437918156892
-0.000423621775071
-0.000461035836964
-0.000655940052398
-0.000740482904005
-0.00204187115997
-0.000370863359019
-0.00411147382102
-0.00119616363227
-0.00401861554917
-0.001075072223
-0.0041337786884
-0.00208068950673
-0.000422442916915
-0.00133635645021
-0.00123497444221
-0.00195581016265
-0.00112920478755
-0.00420223705073
-0.00211805915383
-0.00051486685512
-0.00137379208859
-0.00127234846045
-0.00200894447038
-0.00118194084414
-0.004269342559
-0.0021539774409
-0.000605967013843
-0.00140978601573
-0.00130828306994
-0.00206066880575
-0.00123327684626
-0.00433509088994
-0.00218844180479
0.00126834310803
-0.00144433569697
-0.0013427757484
-0.00211097962728
-0.00128320933001
-0.00439947778982
-0.00222144978041
0.00117990812056
-0.00147743869377
-0.00137582406923
-0.00215987347886
-0.00133173491521
-0.00446249907578
-0.00228334167553
0.00109281441975
-0.00150909266453
-0.00140742570232
-0.00220734699095
0.000783172675261
-0.00452415063703
-0.00236958123079
0.00100706773345
-0.00153929536543
-0.00143757841488
-0.00225339688164
0.000737470687257
-0.00458442843617
-0.00245446168769
0.000922673732855
-0.00156804465121
-0.0014662800722
-0.00229801995778
0.00069318522503
-0.0046433285104
-0.00253797734144
0.000839638030792
0.000380856781261
-0.00149352863842
-0.00234121311604
0.000650319323041
-0.00470084697275
-0.00262012254777
0.000757966180116
0.000355020363601
-0.00152444103699
-0.00238297334395
0.000596214593466
-0.00475698001331
-0.00270089172464
0.000677663672038
0.000330643198199
-0.00156487544712
-0.00242329772094
0.000540931398917
-0.00269940001652
-0.00278027935393
-0.00297564704494
0.000307727028919
-0.00160386739029
-0.0024621834193
0.000487053808213
-0.00275275109796
-0.00285827998309
-0.003053194649
0.000286273497648
-0.00164141411044
-0.00249962770519
0.000434585497396
-0.0028047058021
-0.00293488822688
-0.00312935682314
0.000266284143709
0.00029868231014
-0.00253562793955
0.000383530058683
-0.00285526063903
-0.003010098769
-0.00320412833917
0.000247760403311
0.000264033921234
-0.00259757009874
0.00033389099929
-0.00290441220171
-0.0030839063638
-0.00327750403873
0.000230703609038
-0.00349920709761
-0.00266544962258
0.000285671740272
-0.00295215716705
-0.00138826164185
-0.00334947883494
0.000174611017332
-0.00356582708082
-0.00273193287511
0.000220427076716
-0.00299849229703
-0.0014592478959
-0.00342004771398
0.000104806862487
-0.00363104364249
-0.00279701529793
0.000155800628068
-0.00304341443971
-0.00152881590608
-0.00348920573671
3.63999845865e-05
-0.00369485227419
-0.000885472712703
9.25705763033e-05
-0.00308692053031
-0.00159696072583
-0.00355694804028
-3.06049045393e-05
-0.00375724854612
-0.000947740109614
-0.00382003313835
-0.00312900759219
