0.000620303024676
0.00396319030379
0.00217164106034
0.000588083870942
0.00395335990048
0.00215516100834
0.000655418916214
0.000657772282769
0.00400114385466
0.00221006377664
0.000627371005165
0.00399310314091
0.00233005203221
0.000696875291163
0.000695837529556
0.00403935439056
0.00224909713629
0.000667275617286
0.0040334707673
0.00237086005668
0.000738968677176
0.000734498307317
0.00407851434
0.00228874064617
0.000707797191445
0.00407446224587
0.00241229847828
0.00051316280547
0.000773754151654
0.00411827676858
0.002328993806
0.00074893520439
0.00411607703517
0.0024543667379
0.000556528464769
0.000813604591514
0.00415864118698
0.00236985610835
0.000790689125518
0.00415831458618
0.00249706426862
0.000735053328192
0.000854049149216
0.00419960709905
0.00254276086837
0.000833058416901
0.00420117434233
0.00254039049574
0.000779688875499
0.000895087340483
0.00424117400178
0.00258483990514
0.000876042533326
0.00424465573951
0.0025843448368
0.000824958452424
0.000936118173646
0.00428103752463
0.00262347777424
0.000919640922325
0.00428875820613
0.00262892670164
0.000870861438837
0.000972982519244
0.00431837671901
0.00266127695551
0.000963853024211
0.00433348116317
0.00267413549242
0.000917397206758
0.00101044189672
0.00435631836445
0.00269968576584
0.00100857396398
0.00437882402418
0.00271997060367
0.000964565120398
0.00104849585731
0.00439486199483
0.00273870372188
0.00105401178388
0.00442478619532
0.00276643142235
0.0010123645362
0.00108714394559
0.00443400713711
0.0027783303331
0.00109936360522
0.00447136707546
0.00281351732783
0.00106079480288
0.0011263856995
0.0044737533114
0.0028185651019
0.0011400683803
0.00451856605613
0.002861227692
0.00110985526148
0.00116622065038
0.00451410003093
0.00285940752358
0.00118138763597
0.00456595597587
0.00290956187925
0.00115954524538
0.00107789297705
0.00455504680214
0.00290085708638
0.00122332084259
0.00461438930322
0.00295851924657
0.0012098640804
0.00111891288958
0.00459659312467
0.00294291327154
0.00126586746327
0.00466343886233
0.00300809914352
0.00126081108477
0.00116052455372
0.00463873849141
0.00298557555328
0.00130902695388
0.00471310401593
0.00305830091236
0.00131238556924
0.00120272747465
0.00468148238852
0.0030288433989
0.00136368406139
0.00476338411965
0.003109123888
0.00136458683709
0.00124552115108
0.00472482429546
0.00307271626875
0.00140806763085
0.00481427852207
0.00316014085236
0.00141741418418
0.00128890507528
0.00463706163445
0.00311719361631
0.00145306239496
0.00486578656473
0.00321220421738
0.001470866899
0.000380461990926
0.00104279122957
0.00226735263266
0.00345385257044
0.00389072930373
0.000225130065244
0.00152010779052
0.000425289350012
0.00108900026609
0.00230198359469
0.00348963624359
0.00392773052421
0.000263417388588
0.0015597533864
0.000470825879394
0.00113593926119
0.00233737597253
0.00352620593369
0.00396554366731
0.000302543907416
0.00160026687556
0.000517070798554
0.00118360736126
0.00237305502772
0.00356356087702
0.00400416788957
0.000342508688381
0.00164164722311
0.000564023316003
0.00121987538186
0.00240842616514
0.00360170029447
0.00404360233068
0.000383310779572
0.00168389337376
0.000611682629346
0.00125336419572
0.00244455757538
0.00364062339162
0.00408384611351
0.000424949210618
0.00172700425187
0.000660047925351
0.00128759046128
0.00248144855269
0.00368032935885
0.00412489834427
0.000467422992804
0.00177097876164
0.000709118380014
0.00132255355043
0.00251909837742
0.00372081737139
0.00416675811253
0.000510731119185
0.00181581578722
0.000903350603176
0.00150619900122
0.00255750631602
0.00376208658943
-0.000706148211497
0.0005548725647
0.000861353841447
0.000948970764658
0.00154263380221
0.00274888791406
0.00396115528162
-0.000506421657764
0.000599846286293
0.000907912471589
0.000985011189791
0.00157980346604
0.00278800860878
0.00400398433142
-0.000462144903973
0.000806906001534
0.00112121174015
0.00102176417782
0.00161770731382
0.00282712485311
0.00328109114716
-0.000417064418335
0.000853541074725
0.00116948727438
0.00105922909779
0.00165634465412
0.00286699723012
0.00332547649098
-0.000371181192757
0.000901005188048
0.00121861944935
0.00109740530729
0.00169571478302
0.00290762496707
0.00337023976452
-0.000324496235132
0.000949297227673
0.0012686070319
0.0005573811088
0.00173581698419
0.00294900727765
0.00341459052968
-0.000277010569236
0.000998416062387
0.00131944876982
0.000596977924567
0.0017766505289
0.00299114336206
0.00345971749544
-0.000228725234614
0.00104836054372
0.001371143392
0.000637284034436
0.00181821467617
0.00303403240709
0.00350561973565
-0.000179641286475
0.00109912950609
0.00142368960861
0.00067829875072
0.00186050867276
0.00307767358623
0.00355229630977
-0.000129759795575
0.0011507217669
0.00147708611122
0.000720021374554
0.00190353175328
0.00312206605968
0.00359974626292
-7.90818481123e-05
0.00120313612672
0.00153133157298
0.000762451195953
0.00194728314023
0.00316720897448
0.00364796862604
-2.76085456071e-05
0.00125637136935
0.00158642464877
0.000805587493872
0.0019917620441
0.00321310146457
0.00369696241594
2.46589952105e-05
0.00131042626204
0.00164236397535
-0.00281687328244
-0.000723355301187
-0.00146009336145
0.000611105576537
8.36868720979e-05
-0.00104786782303
-0.00150002686381
0.000493104415715
0.000311611364552
-0.00118455503184
-0.00273470159529
-0.0025977522213
-0.00104206997544
-0.000835455020742
-0.00273281558069
-0.00233649890897
-0.000846744932741
0.000575497844933
0.00141219616973
-0.000909823931813
-0.000171110461158
-0.0023263950386
-0.000237610188621
-0.0009761939564
0.00116612329199
0.000647587683499
-0.00047687171603
-0.00410653198412
-0.00217867538085
-0.000412965458318
-0.000645975184348
-0.00219267765808
-0.00205724748115
-0.000476571533338
-0.000272333360025
0.00133397112147
-0.00177515210502
-0.000290249501613
0.00112469096497
0.00195253135912
0.00330130724718
-0.00304655800123
0.000843613164656
0.000271524932597
-0.000459850783943
-0.00151784357369
-0.00195678009338
-0.000116100507488
-0.00349203063337
-0.00166634485361
0.000104739921359
-6.48393037509e-05
0.00166132408189
-0.0014771267241
0.000127890654117
0.00029468019992
0.00189729740259
0.00232547857499
-0.00311190177095
-0.0017313324706
-0.00103114217824
0.000289363996493
0.00102598595055
-0.00170044310565
-0.00230407106132
-0.0030278671978
-0.000957848235527
-0.0014020646155
0.000450221386692
-0.00296309642375
-0.00111815462148
0.000655301764012
0.000554576252348
0.00228134121381
-0.000920226821863
-0.00278702302891
-0.00259789115619
-0.0010458104161
-0.000615915798226
-0.00254361032892
-0.00120062887332
-0.000537461881641
0.000775401203329
0.00155614973718
-0.00111332869781
0.000911563597698
-0.00243743748969
-0.000401064017006
-0.000848974272531
0.00101056457196
0.000536907585634
-0.000531631665826
0.00124430521405
-0.00225504314265
-0.000602520269385
-0.000601276234354
-0.00221761090023
-0.00200265425055
-0.000454414074965
-5.17282139581e-05
0.00143064746742
-0.000662646733676
-6.16604744277e-06
0.00129862602178
0.00212212796536
-0.000513400343651
0.00152905751829
0.000792389592032
0.000183857912379
-0.000267473742255
-0.00181331425083
-0.00228150937352
-0.000406023335948
-0.00159292476607
-0.00168256302402
-2.87315354864e-05
6.83031323981e-06
-0.00161062314488
-0.00137060127069
0.000173657048289
0.000549472637366
0.00202619275754
-8.78498616754e-05
0.000561633475279
-0.00172752129221
-0.000862666372478
7.92692872614e-05
-0.00117947267925
-0.00193558442623
-0.00254707827578
-0.00300619826782
-0.00118013213213
-0.00164267459858
0.000248143801442
-0.000931028746234
-0.00107296771582
0.000582185744642
0.000651232642885
0.00224238120952
-0.000703070132572
0.000837086602742
-0.00243242408108
-0.000996610019061
0.000280694461806
-0.00240242245664
-0.00113314993723
-0.000228359657098
-0.00255415605081
-0.000540842327327
-0.00130346349393
0.000699134711445
-0.00240161104739
-0.000512426915933
-0.000969155152432
0.0009254089678
0.00272112022605
-0.000427551160588
0.00122893292746
-0.00230709724555
-0.000767148387528
-0.000505881745797
-0.00208429596348
-0.00176099969156
-0.000341815581228
0.000918678573045
0.00156027336228
-0.000504869305107
0.000431164859557
-0.00190153195709
0.000106176278703
-0.000646989033625
0.00136290368121
-0.00177590432464
0.000188527367587
-0.000262252985925
-0.00198681943045
-0.000256505924086
-0.00333313373359
-0.00172749117445
-0.00161812364721
-5.53818107733e-05
0.000173946049636
-0.00144682056815
-0.00105638243319
0.000312990252292
0.00158401529754
0.0022306715759
0.000156191663289
0.00108147271976
-0.0012174638547
0.000757402206408
4.16873469711e-05
0.00202333361321
-0.00205148324648
-0.00265153226116
-0.00306582190371
-0.0012439352845
0.00045369059868
0.000233382667701
-0.00101301508924
-0.00090509722344
0.000688651584053
0.000826099577916
0.00233761949904
-0.000343715137489
0.0010007238923
-0.00151803484326
-0.000869631251877
0.000380284506655
-0.00193084208209
-0.00167783622625
-0.00202459489935
-0.00271905029686
-0.000842263223614
-0.00135978314579
0.000633543179942
-0.00229603447163
-0.000470200333581
0.00119574419768
0.0009784308222
0.00263802374373
-0.000160191478201
0.00138341375155
0.00151151845679
-0.000828151468526
-0.00340382732508
-0.00204648832418
-0.000805595322445
-0.0001489520816
0.00110230374785
-0.00123650452045
-0.000974251058458
-0.00131138648924
-0.00202214229145
-0.000125875888704
-0.00063686375516
0.00136108266207
-0.00149671416707
0.000333103504935
0.00196837899819
0.00175409812171
-0.000443680070128
-0.00315920057565
-0.00172965170122
-0.00157950760125
-0.000114436904396
0.00128144800174
-0.00129652862286
-6.2756300957e-05
0.000590476469346
0.00180549715098
0.00268091583032
-0.00024147801243
0.00172888477515
-0.00129513548441
0.000620454356693
0.000116097708798
0.00211873157316
-0.00181981703509
-0.00255510596045
-0.00101604205073
-0.00122726373574
0.00036227925333
0.00034869160028
-0.00102108799811
-0.000840376435763
0.00062790270745
0.00202009444833
0.00250412204739
0.000682759043926
0.00127338920351
0.00247984612397
-0.000546114863798
0.000519429356803
0.00247708239039
-0.00189606523638
-0.00226809282213
-0.0027657428829
-0.000834244559457
-0.00102671011141
-0.00169640542824
-0.000185992111585
-0.000394138266075
0.00119615697491
0.00108845406386
-0.000281788184319
-8.87979335524e-05
0.00138161689673
0.00277277709929
-0.000771112734275
-0.00248621658398
-0.00190274849697
-0.000718794450183
0.000147981230767
-0.0022580965652
-0.000402917174865
-0.00111216433492
-0.00146528116894
-0.00195617140296
-1.99003758869e-05
-0.000209690048844
0.00162251925332
0.000670944354542
0.000465880616783
0.00197919220549
0.00185777614327
-0.000674836863101
-0.00321734898392
-0.00178251411788
-0.000448255473654
-3.37753284623e-05
0.00122097336881
-0.00116081627833
1.42646120037e-05
0.000870742847521
-0.00144402734377
0.000398487247836
-0.000301438711782
0.00163567460819
-0.00111999153849
0.00082107254595
0.00265137511173
0.0023023259257
0.0039866743018
-0.00266307323734
-0.00118509926931
-0.00128245245705
0.000122404161006
0.000310240327049
-0.000972093020567
0.000322994269341
0.000732124917272
0.00198289831283
-0.000390967813874
0.000775130648682
0.00162117471296
-0.000612602765265
0.00122561673133
0.000535056276158
0.00247980100819
-0.000258301052954
-0.00215564926155
-0.000557901047953
-0.000902824862955
0.000726178520839
-0.00194169719383
-0.000454414322123
-0.00045749376834
0.000946606779463
0.00111053873709
-0.000182440909939
0.00112177069534
0.00152550408542
0.0027690608698
-0.000725235636592
-0.00243462989101
-0.00159912464595
0.000206396446424
-0.00167777034274
-0.00235894524212
-0.000486824170802
-0.00098709039151
-0.00136530092415
0.000176563146848
-0.000164169343912
0.0014681121679
0.00130294659908
0.000304877290026
0.00035426925814
0.00175645145018
0.00191817984131
0.00338549162546
-0.00211240012792
-0.0017140956191
-0.000507385273821
9.73277052315e-05
0.00124008645969
-0.000796294365229
-0.000785678574103
-0.000802188933137
-0.00149050304612
0.000275578509738
-0.00023646525149
0.00163104485418
0.000938826126192
0.000602336929223
0.00223704416738
0.00207881944239
0.00109170366134
-0.00288462944078
-0.00147514854433
-0.00131563372375
9.67826308269e-05
-0.00126179316285
-0.00086893429829
0.000330485649648
0.000944728263389
0.00207833574034
3.12944523631e-05
-7.59975689103e-06
2.18671585207e-05
-0.000727211420908
0.00104665914295
0.00054086641226
0.00241296884612
0.00172786811389
-0.00260308228807
-0.00103842298579
-0.00118981490082
0.000318086840906
-0.00207196649383
-0.000614019838901
-0.000456722684581
0.000951472620792
0.00228737884296
5.76356769852e-07
0.00119269718402
0.00181598302336
0.00294042941359
0.00374397886881
0.000795218878888
0.00279270404354
6.16972869056e-05
0.00184342344789
-0.0025837552467
-0.000777924084832
0.000746611140486
-0.00178395620054
-0.000216835307736
-0.000361509455799
0.00115683797503
0.00120430228892
0.000271184474641
0.000426265249526
0.00183024064046
0.00313430200372
0.00357724835849
-0.00207090026827
-0.00144660420445
-0.000383316751625
0.000374732363453
0.00279975059272
0.0016623173656
0.000454581472458
0.00405110868004
0.00241389263764
-3.86421861911e-05
0.00354477623027
0.00390171837043
0.00161982188982
0.000415074103441
0.00401111986103
0.00237344214037
-7.95316715879e-05
0.00349866319431
0.00385976684384
0.00157733059023
0.000376176003131
0.00397174747473
0.00233361493671
-0.000119791347838
0.00345318344389
0.00381840813893
0.0015354394363
0.000337887661462
0.00393299202901
0.00229441155212
-0.0001594206724
0.00340833760189
0.00377764275001
0.0014941489414
0.0003002095612
0.00389485402431
0.00225583250439
0.00111993845603
0.00336412628335
0.00373747116483
0.00260284764231
0.000263142177912
0.00385733395364
0.00221787830364
0.00107682736549
0.00332055009535
0.00369789386454
0.00256275997845
0.000226685979943
0.00382043230252
0.00257120574469
0.00103434550092
0.00327760963704
0.00365891132369
0.00252327447291
0.000190841428381
0.00378414954897
0.0025345027373
0.000992493434963
0.00323530549954
0.00362052401021
0.00248439161174
0.000155608977028
0.00374848616349
0.00249842606077
0.000951271732454
0.00454705113253
0.00358273238534
0.00244611187408
0.00127208603589
0.00371344260898
0.00246297619414
0.000910680950385
0.00450602137784
0.00430438598803
0.00240843573213
0.00123480782607
0.00367901934077
0.00242815360859
0.000870721637861
0.00446562966893
0.00426778709735
0.00237136365112
0.00119814145897
0.00364521680655
0.00239395876745
0.00083139433607
0.00442587656454
0.00423178523878
0.00233489608931
0.00116208739942
0.00361203544637
0.00236039212611
0.000792699578241
0.0043867626152
0.00419638084664
0.00229903349792
0.00112664610495
0.00357716817262
0.00232607003688
0.000754637889615
0.0043482883632
0.00416157434846
0.00226377632113
0.00109181802575
0.00472647223457
0.00229135388409
0.000717209787406
0.00431045434256
0.00412736616495
0.00222912499604
0.00105760360466
0.00469277608685
0.00225726613535
0.000680415780768
0.00427326107901
0.00409375670997
0.00219507995265
0.00102400327711
0.00465970175435
0.00222380724555
0.000644256370761
0.00423670908992
0.00406074639049
0.00216164161385
0.000991017471144
0.0046272496689
0.00219097766162
0.000876768549936
0.00420079888428
0.00402833560661
0.00212881039535
0.000958646607347
0.00459542025458
0.00334829654242
0.000841879803828
-0.000659580515869
0.0050334350917
0.0020965867057
0.000926891098842
0.00456421392771
0.00331672687903
0.000807627108634
-0.000694205661269
0.00500222455159
0.00206497094623
0.000895751351257
0.00453363109683
0.00328578781422
0.00077401093271
-0.000728187546824
0.00469212925977
0.000914040096956
0.00190456462898
0.00274857472305
0.00377525461993
-0.00160659274828
-0.000858669267554
0.00464165589763
0.000859323387173
0.00186011004311
0.00270266810087
0.00372781673758
-0.000213700022078
0.000883140923711
-0.000175103738524
0.000805321876318
0.00180550452911
0.00265753122587
0.00368117301682
-0.000261932845812
0.000833232741899
-0.000226781010484
0.000752036517232
0.00175052541647
0.00261316501123
0.00363532446382
-0.000309344786999
0.000784172403264
-0.000277761510178
0.000699468251778
0.00154534055967
0.00256329948268
0.00359027206922
-0.000355934751959
0.000735961117374
-0.000328044387018
0.000647618010766
0.00149183919168
0.00250805839296
0.0035460168081
-0.00040170166408
0.000688600075105
-0.000377628800699
0.000596486713867
0.00143907821457
0.00245358014416
0.0035012363104
-0.000446644463938
0.000642090448504
-0.000426513921266
0.000546075269541
0.00138705862451
0.00239986583064
0.00344573594071
-0.000490762109417
0.000596433390642
-0.00047469892918
0.000496384574957
0.00133578140546
0.00234691653344
0.00339102429254
-0.000536310037418
0.000551630035482
-0.000522183015388
0.000447415515917
0.00128524752901
0.0022947333202
0.00333710254115
-0.000591624196036
0.000507681497737
-0.000568965381384
0.000399168966779
0.00123545795434
0.00224331724508
0.00328397184715
-0.00064612176261
0.000456534510876
-0.000615045239276
0.000351645790382
0.00118641362812
0.00219266934862
0.00323163335632
-0.000699801482541
0.000400985435862
-0.00066042181185
0.000304846837971
0.00113811548441
0.00214279065766
0.00318008819955
-0.000752662117546
0.000346282028306
-0.000705094332633
0.000258772949127
0.0010905644446
0.00209368218523
0.00312933749267
-0.000804702445792
0.00029242563925
-0.000749062045957
0.00021342495169
0.00104376141728
0.00204534493045
0.00307938233637
-0.000855921262029
0.000239417601633
-0.00079232420702
0.000168803661687
0.000997707298225
0.00199777987845
0.00303022381607
-0.00090631737773
0.000187259230128
0.000592512393362
0.000124909883265
0.000952402970246
0.00195098800025
0.00298186300181
-0.000955889621219
0.000135951820987
0.000550663527461
0.00154767687471
0.00241501980152
0.00190497025269
0.00293430094813
-0.0010046368378
8.54966518907e-05
0.000509522382425
0.001505240484
0.002371217652
0.0034148500134
0.00418702984614
-0.0010525578899
3.58949817894e-05
0.000469089658988
0.00146353394532
0.00232816786359
0.00337038334035
0.00414106841474
0.000500996619341
0.00163627073595
0.000429366046719
0.00142255801459
0.00228587126654
0.00332669358232
0.0040959088135
0.000454731239875
0.00158837976503
-0.000833585742142
-0.00233097075605
-0.00395510614173
-0.000988970824233
-0.00261864220183
-0.00421900610933
-0.0012363611269
-0.000851641731669
-0.00234399081382
-0.00445886384185
-0.00101904875163
-0.00262456026944
-0.00423681249486
-0.00125488479232
-0.000867801864226
-0.00235501642919
-0.00446878858691
-0.00104695827428
-0.0026281848474
-0.00425223320292
-0.00127092726269
-0.000882064196095
-0.0023640461372
-0.00447661864119
-0.00107269497078
-0.0026325155237
-0.0042652652967
-0.00128448523218
-0.00241135404328
-0.00390137863155
-0.00448235285808
-0.00109625475327
-0.00265718135174
-0.00427590629054
-0.00129555590238
-0.00242181584788
-0.00390641318731
-0.0060162902919
-0.00271957202897
-0.00428962926654
-0.00428415415227
-0.00130413698513
-0.00243037538097
-0.00390944902863
-0.00601783062038
-0.00273876706998
-0.00430972745926
-0.00590510831105
-0.00298883739112
-0.00243703160871
-0.00392054759606
-0.00601727351219
-0.00275577496567
-0.00432753635627
-0.00590856563535
-0.00299243448687
-0.00244178372663
-0.00393396151504
-0.00601461904902
-0.00277059299202
-0.00434305283126
-0.00591909069932
-0.00299353821331
-0.00244463116009
-0.00394537855984
-0.00601924725185
-0.00278321877204
-0.00435627415569
-0.0059366103714
-0.0029921483417
-0.00244557356469
-0.00395479720962
-0.00603106409111
-0.0027936502777
-0.00436719800122
-0.00128513835089
-0.00298826516009
-0.00244461082642
-0.00396221620858
-0.00604078554458
-0.00280188583154
-0.00437582244172
-0.00129787249611
-0.00298188947298
-0.00244283708123
-0.00396763456678
-0.00604841018706
-0.002807924108
-0.00438214595499
-0.00130820999072
-0.00297302260055
-0.00244834058471
-0.00397105156084
-0.00138577795514
-0.00281176413452
-0.00438616742407
-0.00131614885154
-0.00296166637724
-0.00245193927219
-0.00397246673438
-0.00138920592682
-0.00281340529231
-0.00438788613825
-0.00132168755403
-0.0029478231499
-0.00245363270826
-0.0039722884772
-0.00139053465391
-0.00281284731683
-0.00438730179371
-0.00132482503384
-0.00293149577533
-0.002453420688
-0.0039715535339
-0.00138976394123
-0.00281009029803
-0.00438441449375
-0.00132556068776
-0.00291268761736
-0.00245130323708
-0.00396881668491
-0.00138689390199
-0.00280513468025
-0.00437922474872
-0.00132389437431
-0.00289140254342
-0.00244728061172
-0.00396407829579
-0.00138192495776
-0.00279798126188
-0.00437173347557
-0.00131982641392
-0.00286764492052
-0.00244135329857
-0.00395733899925
-0.00137485783815
-0.00278863119474
-0.00436194199706
-0.00131335758857
-0.0028414196109
-0.00243352201441
-0.0039485996947
-0.00136569358026
-0.00277708598308
-0.00436062541433
-0.00130448914107
-0.00284721020065
-0.00513074219716
-0.00333467504131
-0.00491287915836
-0.00304083231863
-0.00542620487238
-0.00360425683801
-0.00175777636079
-0.00513354678058
-0.00449669914868
-0.00491952065937
-0.00303962347073
-0.00543551579483
-0.00361357306255
-0.00317162748027
-0.00513474851236
-0.004501667496
-0.00492452718735
-0.0030367676094
-0.00544317715056
-0.00362123878239
-0.00318122796049
-0.00513434728956
-0.00450501289206
-0.00492789829594
-0.00303226499287
-0.00544918824393
-0.0036272533007
-0.00318918412341
-0.00101310852131
-0.00450673504305
-0.00492963368452
-0.00302611602811
-0.00545354852888
-0.00502199545837
-0.00319549525118
-0.00217016611363
-0.0045068337977
-0.00492973319828
-0.00301832127074
-0.00545625760915
-0.00502470608269
-0.00320016077405
-0.00216495678231
-0.00450530914733
-0.00492819682836
-0.00300888142467
-0.00545731523848
-0.00502576431486
-0.00320318027069
-0.00215814545712
-0.00450216122587
-0.00493916289939
-0.00299779734187
-0.00545672132071
-0.00502517005855
-0.00320455346831
-0.00214973272084
-0.00449739030979
-0.00494879001976
-0.00298507002194
-0.00248694644533
-0.00502292336787
-0.00320428024286
-0.00213971929285
-0.00449099681799
-0.00495678209136
-0.00297070061171
-0.00248304974548
-0.00501902444729
-0.00320236061901
-0.00212810602885
-0.00448298131161
-0.00496313840119
-0.00295469040463
-0.00247750211081
-0.00501347365156
-0.00319879477021
-0.0021148939205
-0.00447334449377
-0.00496785838189
-0.0029370408403
-0.00247030404535
-0.00500627148557
-0.00319358301854
-0.00210008409498
-0.00446208720928
-0.00497094161198
-0.00428780444815
-0.00246145620277
-0.00499741860413
-0.00318672583464
-0.00208367781451
-0.00444994105709
-0.00497238781606
-0.00426688106916
-0.0024509593861
-0.00498691581161
-0.00317822383742
-0.00206567647585
-0.00444975190362
-0.00497219686493
-0.00426182219043
-0.00243881454733
-0.00497476406165
-0.00316807779386
-0.00204608160966
-0.00444794102378
-0.00633634378679
-0.00425998797365
-0.00242502278703
-0.00496096445669
-0.0031562886186
-0.00202489487986
-0.00444450857631
-0.00633287872267
-0.00425651129625
-0.00240958535379
-0.00494551824746
-0.00314976050564
-0.00200520304666
-0.000251649749606
-0.0063277769932
-0.00425139247083
-0.00239250364374
-0.00493774857298
-0.00314675063954
-0.00198452872559
-0.000244975211343
-0.0063210390539
-0.00424463195751
-0.00237377919982
-0.00493307975874
-0.00314209635229
-0.00196226508123
-0.00165154941427
-0.00631266550615
-0.00423623036373
-0.00235341371118
-0.00492676181556
-0.00476275806531
-0.00194014031921
-0.00164163512317
-0.00630265709686
-0.00422618844394
-0.00233140901235
-0.00491879531623
-0.00475481634229
