-0.00124365153837
-0.00256275152462
3.79830041635e-05
-0.00326404897476
-0.00212568868917
-0.00355156679964
-0.00199371983825
0.000417718814423
-0.00257407079327
2.68007671627e-05
-0.00327504534041
-0.00213645773246
-0.00358115094342
-0.00202261209337
0.000389610173326
-0.00258390323798
1.70873954293e-05
-0.00328459720254
-0.00214581207052
-0.00360936444619
-0.0020501651968
0.000363000048298
-0.00259224813309
8.84358859549e-06
-0.00329270389579
-0.000325633782314
-0.00363620552309
-0.00207637748541
0.000337890449613
-0.00259910486237
2.0699407926e-06
-0.0032993648552
-0.000332156929371
-0.00366167247323
-0.00210124737448
0.00031428327749
-0.00260447291921
-3.23305956266e-06
-0.00330457961629
-0.000337263779368
-0.00368576368017
-0.0021247733581
0.000292180321372
-0.000930915152721
-7.06502994426e-06
-0.00330834781532
-0.000340953990665
-0.00370847761247
-0.00214695400968
-0.00395377324506
-0.000933304784324
-9.4256938547e-06
-0.00331066918937
-0.000343227316327
-0.00372981282416
-0.00216778798237
-0.00397286284724
-0.000934204883194
-1.03148809248e-05
-0.00331154357643
-0.000344083604203
-0.00194990046675
-0.00218727400944
-0.00399044353624
-0.000933615382759
-9.73252697496e-06
-0.00331097091547
-0.000343522796975
-0.00196847424344
-0.00220541090468
-0.00400651397201
-0.000931536326619
-7.67867403866e-06
-0.00330895124647
-0.000341544932183
-0.00198566547885
-0.00222219756276
-0.00402107292824
-0.000927967868529
-0.00268694735582
-0.00330548471038
-0.000338150142206
-0.00200147307318
-0.00223763295957
-0.00403411929282
-0.000922910272342
-0.00268195105574
-0.00330057154908
-0.00034185780899
-0.00201589601414
-0.00225171615251
-0.00404565206824
-0.000916363911912
-0.00267548401972
-0.00329421210531
-0.00035516339413
-0.00202893337722
-0.00226444628079
-0.00405567037199
-0.000908329270956
-0.0026675467141
-0.00328640682253
-0.00036705413601
-0.00204058432604
-0.000475955077265
-0.0040641734369
-0.000898806942873
-0.00265813971097
-0.0032771562448
-0.00480023951666
-0.00205084811257
-0.000485976822416
-0.00407116061142
-0.00088779763053
-0.00264726368801
-0.00161280791267
-0.00480929828086
-0.00205972407742
-0.000494643413919
-0.00407663135988
-0.000875302145999
-0.00263491942816
-0.00160066877847
-0.00481694009921
-0.00206721165001
-0.000501954320608
-0.00408058526268
-0.000861321410257
-0.0026211078194
-0.00158708658281
-0.00482316445977
-0.00207331034876
-0.000507909094185
-0.00260409480651
-0.000845856452853
-0.00260582985443
-0.00157206226981
-0.00482797094539
-0.00207801978127
-0.000512507369365
-0.00260501422431
-0.000828908411525
-0.00258908663028
-0.00155573140389
-0.00483135923381
-0.00208133964441
-0.00502025813418
-0.0027258532177
-0.00374301397156
-0.0047632319015
-0.00148402636786
-0.00244131640242
-0.00326270877944
-0.00398382399136
-0.000674369933047
-0.00372081644992
-0.00474053804356
-0.00151024995454
-0.0024680539522
-0.00328983777421
-0.00401120383403
-0.000668314244009
-0.00166416932186
-0.00471637815556
-0.00153497802469
-0.00249326710016
-0.00331542038414
-0.00403702321225
-0.000695921536172
-0.00163910471116
-0.00263103398662
-0.00155820871989
-0.0025169538769
-0.0033394545524
-0.00406128001183
-0.000722132379274
-0.00161260909536
-0.00260394736113
0.00054534061779
-0.00253911242911
-0.00336193834332
-0.00408397224306
-0.000746945054349
-0.00158468429491
-0.00260367534598
0.000525109808204
-0.00255974102037
-0.00338286994317
-0.00410509804149
-0.000770357931526
-0.00155533222511
-0.00262196317801
-0.00405949981164
-0.000453310322052
-0.00340224766091
-0.00412465566873
-0.000792369470557
-0.00152455489547
-0.00263878245181
-0.00407672462688
-0.00047087425286
-0.00130594533269
-0.00414264351311
-0.000812978221324
-0.00149235440903
-0.00265413195346
-0.00409244443342
-0.000486903721072
-0.00132221070703
-0.0020459180396
-0.000832182824307
-0.00145873296164
-0.00266801057396
-0.00410665804017
-0.000501397463979
-0.00133691786864
-0.00206076199357
-0.000849982011038
-0.00142369284123
-0.00268041730962
-0.00411936436913
-0.000514354338652
-0.00135006562345
-0.00207403209657
-0.000866374604508
-0.00138723642706
-0.00269135126241
-0.0041305624557
-0.000525773322396
-0.00136165290293
-0.00208572725002
-0.000881359519561
-0.00136516022236
-0.0027008116403
-0.00414025144913
-0.000535653513151
-0.00137167876461
-0.0020958464849
-0.00089493576325
-0.00137292896953
-0.00270879775756
-0.00414843061278
-0.00511455186571
-0.00138014239238
-0.00210438896209
-0.000907102435164
-0.00137926297934
-0.00271530903497
-0.00415509932445
-0.00512135224857
-0.00138704309686
-0.00211135397279
-0.000917858727726
-0.00138416181687
-0.00272034500007
-0.00416025707656
-0.00512661185938
-0.00139238031567
-0.00211674093875
-0.000927203926461
-0.0013876251456
-0.0027239052873
-0.0041639034764
-0.00513033028171
-0.00139615361367
-0.00212054941255
-0.000935137410233
-0.00138965272758
-0.00272598963814
-0.00397930341342
-0.00513250722104
-0.00139836268312
-0.00212277907777
-0.00094165865145
-0.00139024442347
-0.00272659790124
-0.00397992639065
-0.00513314250493
-0.00139900734381
-0.00212342974912
0.000930319020833
-0.0013894001926
-0.0027257300324
-0.0039790375278
-0.00513223608304
-0.00139808754317
-0.00212250137253
0.000926623472477
0.000503005125786
-0.00272338609466
-0.00397663689259
-0.00512978802718
-0.00597788132102
-0.00211999402515
-0.0080341116626
-0.00569662397197
-0.00335054109089
-0.00413352543121
-0.00209966442011
-0.00606346790616
-0.00397564372898
-0.00462247534793
-0.00243970699552
-0.00617154383544
-0.00401115057704
-0.00188880020191
-0.00215799789278
-0.00276614696797
-0.0062947379195
-0.00431461707224
-0.00445959481335
-0.00263639330176
-0.00634618594003
-0.00447069952921
-0.00261380007643
-0.00628799791304
-0.00391302829093
-0.00152133331014
-0.00221920951385
-0.00585483249696
-0.00669443596613
-0.00461184812706
-0.00526331946747
-0.00308455090831
-0.00681970888807
-0.00463131039995
-0.00251160628771
-0.00278273925514
-0.0040341861151
-0.00431238754353
-0.00229131134001
-0.00241814152874
-0.00342072451087
-0.00713187171061
-0.0052567839548
-0.00339932288046
-0.00379662753733
-0.00459275644473
-0.00220623916734
-0.00292581355278
-0.0039620323724
-0.0047604478173
-0.00263833131757
-0.00329435470876
-0.00370843365765
-0.00744685176955
-0.00522994638852
-0.00311283284737
-0.00338586065899
-0.00477384173581
-0.00509173936048
-0.0030725974329
-0.00318091846133
-0.00132266675344
-0.00508671744185
-0.00317272946523
-0.00416556341406
-0.00445123215446
-0.00525303064206
-0.00287161705534
-0.00361402077196
-0.00465695984156
-0.00544582859508
-0.00326559122312
-0.0038929812902
-0.00499607506604
-0.0028195046928
-0.00317875270414
-0.00369202582572
-0.00402233103636
-0.00553094241613
-0.00585168336145
-0.00383446197056
-0.00394350851673
-0.0056817072879
-0.00583330825254
-0.00391971300256
-0.00202705996297
-0.00270175549195
-0.00350913022668
-0.0010904094526
-0.00428244363707
-0.00533200984601
-0.00612692202912
-0.00395208968743
-0.00455312421274
-0.00559521815728
-0.00340323368703
-0.00376493419895
-0.00156409684907
-0.00207118223435
-0.00358522022487
-0.00390877911675
-0.00457637453807
-0.00468638906062
-0.00640663238804
-0.0065595541595
-0.00464634770192
-0.00275314694449
-0.00331638261939
-0.00412923094665
-0.00172377378625
-0.00566219845827
-0.00354698986935
-0.0043478529687
-0.00461808136376
-0.00522376251981
-0.00626977888709
-0.00403398208705
-0.00433201245
-0.00224753505854
-0.00278427567598
-0.004301974104
-0.00462832079936
-0.00257149182043
-0.00268246422389
-0.00438966081053
-0.0025516573062
-0.00535209558852
-0.00345835362651
-0.00391040530208
-0.00472861504168
-0.00238587177747
-0.00632786593093
-0.00418091687474
-0.00498762784761
-0.00277454898661
-0.00338479962724
-0.00443260224347
-0.00215303976168
-0.00499087793446
-0.00293527400222
-0.00695259129536
-0.00499776033161
-0.00532685970946
-0.003271890981
-0.00338380945273
-0.00507231541653
-0.00323559873236
-0.00328127030675
-0.001351544799
-0.00221316075443
-0.00530686619529
-0.00302752589058
-0.00697524571225
-0.00479360006215
-0.00560604505675
-0.0033981003992
-0.00401283477668
-0.00506442453874
-0.00278791224366
-0.00310433656974
-0.00101925560306
-0.00508271213523
-0.00309186160158
-0.00600385785321
-0.00395072244708
-0.00406357338689
-0.00573302683924
-0.00389757624758
-0.0039436205768
-0.00201336995333
-0.00276475888196
-0.00362256639122
-0.00132749176141
-0.00531493640961
-0.00305245713235
-0.0062026416887
-0.00399972127265
-0.00515797721527
-0.00567414292761
-0.00340061807051
-0.00379460412841
-0.00166371721057
-0.00573146466053
-0.00374411318164
-0.00407859166599
-0.00198713391479
-0.00577603951531
-0.00637125593206
-0.00453704810066
-0.00458345833734
-0.00265269224723
-0.00329454635744
-0.00421595579966
-0.00192691863817
-0.00591986672652
-0.00362130090776
-0.00444482796154
-0.00219943617197
-0.00335317764927
-0.00626127119486
-0.00402765323719
-0.00446331113142
-0.00228576389364
-0.00635771774829
-0.00437379737593
-0.00471089138494
-0.00262120206917
-0.00641100731533
-0.00437482881342
-0.0024999654661
-0.00254673397236
-0.000580499466032
-0.00380213242888
-0.004787708815
-0.00569686089959
-0.00650289192612
-0.00416755793249
-0.00499641033205
-0.00275579208348
-0.00391370643688
-0.00443702161073
-0.00224054593785
-0.00267963674435
-0.00397244588119
-0.00696094762006
-0.00498038298509
-0.00532003563244
-0.00323207656888
-0.0048612639412
-0.00496648320096
-0.00309280783975
-0.0031399261674
-0.0050294796794
-0.00217663129021
-0.00317429129677
-0.0040762468678
-0.00706356368549
-0.00472102414413
-0.00552481019939
-0.00328882447318
-0.0044507897072
-0.00503807649118
-0.00286117856561
-0.00330363374492
-0.00460507155445
-0.00511028375336
-0.00308745301878
-0.00342960159711
-0.00130142299569
-0.00544926637375
-0.00553405300334
-0.00366153406397
-0.00370899293796
-0.00559806671822
-0.00270212138699
-0.00370150025398
-0.00460903285472
-0.00542539195742
-0.00304315165644
-0.00380928617627
-0.00492880668087
-0.00497164921716
-0.00563160161812
-0.0034587408323
-0.00390448453843
-0.00524251269461
-0.00566591262518
-0.00364626399039
-0.00399083986338
-0.00558720373616
-0.00350681822906
-0.00357085094412
-0.00166026861859
-0.00170805792412
-0.00620966800613
-0.00320495899601
-0.00420581448713
-0.00511874683671
-0.00594003555076
-0.00356220651616
-0.00127724655543
-0.00541384826156
-0.00326335108588
-0.00392792005583
-0.00171157851788
-0.00216052744258
-0.00585672403539
-0.00619859596176
-0.00418041130359
-0.0045273398252
-0.00612529539569
-0.00404571993447
-0.00408868986287
-0.00217919226243
-0.00227967968341
-0.00429630234639
-0.00163722877339
-0.00584959985714
-0.00560497248999
-0.00643101973141
-0.00405745025748
-0.0017334947118
-0.0059052760311
-0.0038049283774
-0.00447398041731
-0.00226146012987
-0.00629971095201
-0.00413285549643
-0.00447730063209
-0.00232992581296
-0.00503858917889
-0.00663808207322
-0.00455928905698
-0.00458090125016
-0.00270925573154
-0.00673965265649
-0.00488582441095
-0.00209358805885
-0.00630692137503
-0.00401194328721
-0.00484256688775
-0.00242401264077
-1.61768773387e-05
-0.0064175942015
-0.00432217492953
-0.00499556570962
-0.00278674477866
-0.0068625523995
-0.00469898232958
-0.00504593144469
-0.0028132379659
-0.000761828109723
-0.00477144865934
-0.0026587603812
-0.00267975478236
-0.0032723716823
-0.00730394479303
-0.00545043343233
-0.00255745049858
-0.00674016579779
-0.00444998394733
-0.00528499073619
-0.00287036250622
-0.0039071278551
-0.00479339970021
-0.00266108121559
-0.00333865552388
-0.00328693990545
-0.00740065066722
-0.00524026619925
-0.00558964377364
-0.00330270586966
-0.00499468749861
-0.00523212157071
-0.00312015420402
-0.00321549188794
-0.00138165985481
-0.00547638447379
-0.0035731401415
-0.00307518203883
-0.00724986248056
-0.00489424776552
-0.00570253780933
-0.00329165394447
-0.00436469446026
-0.00525601875412
-0.00312826064201
-0.00380985239222
-0.00156961348329
-0.00575197255869
-0.00355378150665
-0.00390550566631
-0.00382255516992
-0.00542723008332
-0.00566601361204
-0.00355473324743
-0.00372533199718
-0.0018933872799
-0.00598921138571
-0.00408626330794
-0.00488425838117
-0.00585433864845
-0.0034595097769
-0.00104321469035
-0.0036924626242
-0.00479697679691
-0.00569312785499
-0.00356972794121
-0.00425516024416
-0.00565689896071
-0.0062390516828
-0.00404382181547
-0.00439780430378
-0.00207631076698
-0.00359697243081
-0.00383703466951
-0.00169207585963
-0.00420874928371
-0.00631140676739
-0.00647549835648
-0.0045728349529
-0.00535479215401
-0.00633035257535
-0.00394056488517
-0.00152882137165
-0.00220202132909
-0.00335343590503
-0.00414012530346
-0.00195033551028
-0.00467413525789
-0.00611425371569
-0.00669987846642
-0.00450748513532
-0.0048636313222
-0.00254359932524
-0.00403900446806
-0.00421600269911
-0.00207165695007
-0.00239527287051
-0.00451404565854
-0.0046791475443
-0.0050323339863
-0.00580112029308
-0.00678193682305
-0.00439698601002
-0.00198961110154
-0.00607846610048
-0.00388247086656
-0.00467443799743
-0.00239715802026
-0.00303163610397
-0.00450917614919
-0.00509810949778
-0.00286488795657
-0.00274375447228
-0.00298385773619
-0.00447996771006
-0.00456686829046
-0.00242309567993
-0.00282432542802
-0.00494474734865
-0.00511081028652
-0.00317242546625
-0.0013900721478
-0.00196239388046
-0.000873541805702
-0.00122643638652
-0.00113813822699
-0.00335924601721
-0.00070125104244
-0.00487293812553
-0.00206452272094
-0.000974096517862
-0.00132512843831
-0.00123473080547
-0.00347961609599
-0.000819712015476
-0.00200525689961
-0.00216550590069
-0.00107351878075
-0.00142270394206
-0.00133022510073
-0.00359897596834
-0.000937172876993
-0.0021063063653
-0.00226533841525
-0.0011718037997
-0.00151915834476
-0.0014246168236
-0.00371732078725
-0.00105362898024
-0.00220618961382
-0.00236401528852
-0.00126894680824
-0.00161448712136
0.00162026607112
-0.00383464571626
-0.00116907568973
-0.00230490153008
-0.00246153157375
-0.00485456964061
-0.00170868577565
0.00152809224945
-0.00395094593021
-0.00128350838201
-0.00240243702955
-0.00255788235461
-0.00494941444659
-0.00180174984118
0.00143703369904
-0.00406621661601
-0.00139692244629
-0.00249879105936
0.000366153724218
-0.00504310312171
-0.00189367488214
0.00132663195685
-0.00418045297336
-0.00150931328522
-0.00259395859936
0.000272148574278
-0.00513563102206
-0.0019844564943
0.00119962773137
-0.00429365021558
-0.0016206763156
-0.0026879346633
0.00017932348483
-0.00522699353681
-0.00207409030588
-0.00255500758874
-0.00133032683451
-0.00173100696908
-0.00278071429987
8.76832401042e-05
-0.00531718608924
-0.0021625719785
-0.00267997480442
-0.00144143154461
-0.00184030069294
-0.00287229259387
-2.76741133112e-06
-0.00540620413768
-0.00224989720806
-0.00280391558783
-0.00155148286881
-0.00194855295083
-0.0029626646673
-9.20237576367e-05
-0.00253226509458
-0.00233606172568
-0.00292682466355
-0.00166047608258
-0.0020557592235
-0.00305182568048
-0.000180081124763
-0.00261892065531
-0.0024210612986
-0.00304869676435
-0.00176840647896
-0.00582064554623
-0.00313977083318
-0.000266934877516
-0.00270438830743
-0.0025048917311
-0.00316952663196
-0.0018752693693
-0.0028835280875
-0.00322649536576
-0.000352580420625
-0.00278866365949
-0.0025875488654
-0.00328930901792
-0.00199249976579
-0.00298756947135
-0.00331199456028
-0.000437013199808
-0.0028717423601
-0.0026690285826
-0.00340803868443
-0.00210912492704
-0.00309054697919
-0.0033962637416
-0.00052022870284
-0.00295362009888
0.000257143586087
-0.00352571040522
-0.00222470420461
-0.00319245618872
-0.00347929827857
-0.00060222246062
-0.00303429260751
0.000178030899753
-0.00364231896637
-0.00233923262614
-0.00329329269937
-0.00356109358511
-0.00068299004824
-0.00311375566069
0.000100107744887
-0.00375785916724
-0.00245270523337
-0.00339305213306
-0.000771779815069
-0.000762527086048
-0.00319200507711
2.33780757988e-05
-0.00387232582133
-0.00256511708292
-0.003491730135
-0.00341496806586
-0.00367000495416
-0.00385444254119
-0.00416137954845
-0.00095375218375
-0.00137661193781
-0.00170919786501
-0.00352691577643
-0.00378362390569
-0.0039646828935
-0.00425642231813
-0.00469223082096
-0.00147306260378
-0.00180611461363
-0.00363780376785
-0.00389617247786
-0.00407854539983
-0.0043503155247
-0.00478669078406
-0.0015683447931
-0.0019018585267
-0.00374762721048
-0.00400764564486
-0.00419132407196
-0.00444305456471
-0.00487998535144
-0.00166245366288
-0.00199642469595
-0.00385638129205
-0.00411803839788
-0.00430301374259
-0.00453463486715
-0.00497210982851
-0.0017553844036
-0.00208980824657
-0.00396406121853
-0.00422734574594
-0.00441360926189
-0.00462505189441
-0.00506305955481
-0.0018471322401
-0.00218200433831
-0.00407066221496
-0.00433556271679
-0.00452310549844
-0.00471430114325
-0.00515282990496
-0.00193769243265
-0.00227300816647
-0.000888365900099
-0.00444268435783
-0.00463149734017
-0.00480237814573
-0.00524141628976
-0.00202706027802
-0.00236447737387
-0.00099279479215
-0.00124854836135
-0.00473877969529
-0.00488927847027
-0.00532881415713
-0.00576204071826
-0.00245308240868
-0.00109613055229
-0.00135346456803
-0.00484494749327
-0.00497499772256
-0.00541501899318
-0.00584900991081
-0.0025404809903
-0.00119836849042
-0.00145727071402
-0.00163820981649
-0.00505953154653
-0.00550002632323
-0.00594374640471
-0.00265183737148
-0.00129950393985
-0.00155996193439
-0.00174213337843
-0.00182517814459
-0.00561970528296
-0.0060716164175
-0.00278037307193
-0.00139953225813
-0.00166153338847
-0.00184492730881
-0.00192883536813
-0.00240405007453
-0.00619840460558
-0.00290782380413
-0.00149844882798
-0.00176198026077
-0.00194658663182
-0.00203135098041
-0.00252860193261
-0.00297874207144
-0.00303418343122
-0.00159624905814
-0.00186129776192
-0.00204710639779
-0.00213271991676
-0.00265206571339
-0.00310334845108
-0.0034608925888
-0.00169292838428
-0.00195948112961
-0.00214648168417
-0.00223293713966
-0.00277443551927
-0.00322685486256
-0.0035850516233
-0.0017884822699
-0.00205652562958
-0.00224470759655
-0.00234409104485
-0.00289570546278
-0.00334925527539
-0.00370810118703
-0.00188290620722
-0.00215242655655
-0.00234177926967
-0.00246269191315
-0.00301586966765
-0.0034705436695
-0.00383003517662
-0.00197619571808
-0.00224717923517
-0.00243769186844
-0.00258019029616
-0.00313492226977
-0.00359071403636
-0.00395084749982
-0.0057953894024
-0.00234077902103
-0.00253244058892
-0.00269658054199
-0.00325285741838
-0.00370976038003
-0.00407053207655
-0.00507011113873
-0.0024332213016
-0.00262602065937
-0.00281185701388
-0.00336966927702
-0.00382767671833
-0.00418908284013
-0.00221515510038
-0.00157551998103
-0.00722001243058
-0.00455050879883
-0.00378122877253
-0.00297006142275
-0.00212276308156
-0.00218846865863
-0.00154815927353
-0.00719195631153
-0.00648364868518
-0.00375172086839
-0.00293979929612
-0.0021006278765
-0.00216111401058
-0.00152011376686
-0.00716319830285
-0.00645415708112
-0.00571290483864
-0.0029087812244
-0.00207771362372
-0.00213309156651
-0.00149138390302
-0.00713373888084
-0.00642394652859
-0.00568192250448
-0.00491012316896
-0.00205402078923
-0.00210440174638
-0.00146197013435
-0.00710357853298
-0.00639301755307
-0.00565020379856
-0.0048775950112
-0.00411247235038
-0.00207504497978
-0.00143187292359
-0.00465801997667
-0.00636137069197
-0.00561774930021
-0.00484431274021
-0.00408722381221
-0.00204502170592
-0.00140109274378
-0.00462645928403
-0.00632900649464
-0.00558455960157
-0.0048102769942
-0.00406119818282
-0.00201433237355
-0.00136963007824
-0.00459419919459
-0.0062959255223
-0.00555063530755
-0.00477548842512
-0.00403439598968
-0.001982977441
-0.00133748542054
-0.00456124024012
-0.00626212834799
-0.00551597703573
-0.00473994769852
-0.00400681777552
-0.00195095737607
-0.00130465927447
-0.00452758296333
-0.00622761555653
-0.00548058541639
-0.00470365549356
-0.00397846409825
-0.00191827265606
-0.00127115215396
-0.00449322791786
-0.00619238774447
-0.00544446109234
-0.00466661250292
-0.00394933553091
-0.00188492376769
-0.0012369645831
-0.00445817566821
-0.00615644552002
-0.00540760471898
-0.00462881943271
-0.0039194326616
-0.00185091120708
-0.00120209709604
-0.00442242678974
-0.0036743385191
-0.00537001696414
-0.00459027700244
-0.00388875609347
-0.00181623547973
-0.001166550237
-0.00438598186855
-0.00363696934099
-0.0053316985081
-0.00455098594494
-0.00385730644459
-0.00178089710044
-0.0011303245602
-0.00434884150152
-0.00359888764468
-0.00529265004348
-0.00451094700627
-0.00382508434793
-0.00174489659334
-0.00109342062982
-0.00431100629618
-0.00356009408459
-0.00525287227519
-0.00447602782391
-0.0037920904513
-0.00370891654772
-0.00105583901995
-0.00427247687071
-0.00352058932651
-0.0052123659204
-0.00444313167578
-0.00375832541727
-0.00367159339426
-0.00304373776824
-0.0042332538539
-0.0034803740476
-0.00517113170841
-0.00440948438785
-0.00372378992312
-0.00363360974065
-0.00300480256118
-0.00235621097437
-0.00343944893631
-0.00512917038066
-0.00437508660043
-0.00368848466074
-0.00359496614777
-0.00296519145603
-0.00231560270329
-0.00546143832187
-0.00260247774604
-0.00433993896736
-0.00365241033661
-0.00355566318561
-0.00292490506612
-0.00227430279022
-0.00541909565611
-0.00467551270508
-0.00430404215598
-0.0036155676717
-0.00598144587507
-0.00431052041112
-0.00494997946652
-0.00322706993177
-0.00331786635546
-0.00362355971071
-0.00184887927651
-0.00596286427144
-0.00429184192825
-0.00492889623819
-0.00320590468424
-0.00329663730573
-0.00360228558261
-0.00181374978512
-0.0059436714496
-0.00427254906642
-0.00490772693878
-0.00318412065915
-0.00327478763274
-0.00358038952728
-0.00177800303913
-0.00592386764946
-0.0042526420693
-0.000619425683504
-0.00494341645222
-0.00325231761837
-0.00355787182842
-0.00175495470593
-0.0059034531184
-0.00423212118816
-0.000598815124568
-0.0049203957179
-0.00322922755235
-0.0035347327776
-0.00173178741129
-0.00588242811133
-0.00421098668187
-0.00057758828543
-0.0048967570674
-0.00320551773221
-0.00351097267422
-0.00170799831549
-0.00586079289059
-0.00418923881692
-0.00234863452445
-0.0048725008033
-0.00318118846327
-0.00348659182555
-0.00168358772692
-0.00583854772602
-0.00416687786733
-0.00232617594247
-0.00484762723589
-0.00315624005861
-0.00346159054666
-0.0016585559618
-0.00581569289487
-0.00414390411472
-0.00230310191319
-0.00482213668315
-0.00313067283908
-0.00343596916042
-0.00163290334416
-0.00146633776823
-0.00412031784821
-0.00227941272951
-0.0047960294707
-0.00310448713322
-0.00340972799747
-0.00160663020587
-0.0014422644654
-0.00585856351789
-0.00225510869199
-0.00476930593182
-0.00307768327731
-0.00338286739622
-0.00157973688655
-0.00141758237225
-0.00583375312105
-0.00223019010875
-0.00474196640738
-0.00305026161531
-0.00335538770279
-0.00345244774871
-0.00139229179563
-0.00392593448437
-0.00220465729551
-0.00471401124588
-0.000956750194016
-0.00332728927103
-0.00342431511725
-0.003140711566
-0.00389990120374
-0.00217851057554
-0.00468544080339
-0.000928093982326
-0.00329857246248
-0.00339556337013
-0.00311420497238
-0.00387325696731
-0.00215175027965
-0.00465625544351
-0.000898821042301
-0.00513825676725
-0.0033661928779
-0.00308709085987
-0.00384600210904
-0.00212437674616
-0.00462645553738
-0.000868931748417
-0.00510830432033
-0.00333620401874
-0.00306359076033
-0.0038181369703
-0.0020963903209
-0.00459604146368
-0.00083842648272
-0.00507773462711
-0.00330559717853
-0.00304469066665
-0.00378966189984
-0.00206779135717
-0.00456501360852
-0.000807305634805
-0.00504654807964
-0.00327437275073
-0.00302518096107
-0.00376057725378
-0.0020385802157
-0.0045333723655
-0.00265448123111
-0.00501474507753
-0.00324253113641
-0.00300506188619
-0.00373088339554
-0.00200875726469
-0.00450111813566
-0.00262213041761
-0.00498232602796
-0.0032100727442
-0.00298433369207
-0.0037005806959
-0.0019783228797
-0.00446825132742
-0.00258916523572
-0.0049492913456
-0.00317699799029
