0.00111002978289
-0.00110758336196
-4.24565519106e-05
-0.00370576344375
-0.00258077531204
-0.00138034989031
-0.00376466330611
0.00106591225349
-0.00115420253177
-8.91774798023e-05
-0.003727265112
-0.00260226333919
-0.00506114342926
-0.003785947106
0.0010228642591
-0.00119975291509
-0.00137902965639
-0.00374767406237
-0.00262265933508
-0.00508146988576
-0.00380614915593
-0.0024636984709
-0.00124423273363
-0.00142360677949
-0.00376698947816
-0.00264196248458
-0.00510070719017
-0.00382526866373
-0.00250460239799
-0.0012876402471
-0.00146710935374
-0.00378521058572
-0.00266017201548
-0.00511885457816
-0.00461185089401
-0.00254443186987
-0.00132997375351
-0.00150953566609
-0.00380233665453
-0.00267728719867
-0.00513591132801
-0.00462880310816
-0.00258318532408
-0.00137123158952
-0.0015508840424
-0.00381836699739
-0.00269330734825
-0.00515187676083
-0.00464467065468
-0.00262086123744
-0.00141141213075
-0.00159115284771
-0.00385559844534
-0.0027082318217
-0.00516675024063
-0.00142663294968
-0.00265745812638
-0.00145051379207
-0.00163034048655
-0.00389476229638
-0.00272206001997
-0.00518053117448
-0.00144032933009
-0.00269297454722
-0.00148853502796
-0.00520406161489
-0.0039328440607
-0.00273479138765
-0.00196039905312
-0.00145293929669
-0.00272740909641
-0.00152547433274
-0.005241082294
-0.0039698422255
-0.00274642541303
-0.0019719932891
-0.00146446235225
-0.00276076041085
-0.00156133024091
-0.00527701726039
-0.00400575531834
0.000508483492382
-0.00198249345981
-0.00147489804215
-0.00279302716814
-0.00159610132742
-0.00531186507964
-0.0040405819074
0.000499045511288
-0.00199189914563
-0.00148424595445
-0.00282420808683
-0.00300647841362
-0.00534562435833
-0.000827564331245
0.000490706144265
-0.0020002099705
-0.00149250571995
-0.00285430192667
-0.00303907574482
-0.00537829374427
-0.000860213781216
0.000483465727181
-0.00200742560198
-0.00149967701232
-0.00288330748886
-0.00307058422465
-0.00218990515015
-0.00089177267851
-0.00322528524805
-0.00294414189434
-0.00150575954812
-0.00291122361628
0.000139723364321
-0.00222039086045
-0.000922239756561
-0.00325350998343
-0.0029491663166
-0.00151075308684
-0.00293804919373
0.000110396327151
-0.00224978287163
-0.000951613790758
-0.00328278354393
-0.00295309481059
-0.00151465743101
0.000276942808716
8.21617974806e-05
-0.00227807999915
-0.000979893598693
-0.00331096655286
-0.00295592721898
-0.00151747242617
0.000252301508084
5.50209098491e-05
-0.00230528110094
-0.00100707804039
-0.00333805788183
-0.00295766342832
-0.00151919796097
0.00022875384941
2.89747563334e-05
-0.00233138507768
-0.00103316601854
-0.00336405644471
-0.00295830336906
-0.00530381528292
-0.00421126580591
-0.00266696027669
-0.00140339617876
-0.00333498532815
-0.00237430186383
-0.00410491375264
-0.00595548361992
-0.00423569156915
-0.00269216192382
-0.00142935294065
-0.00335464276791
-0.00239454198024
-0.00412582314432
-0.00599880867812
-0.00425891673916
-0.00655373965594
-0.00145403487753
-0.0033729852665
-0.00241342849539
-0.00416835584347
-0.00304832849657
-0.00428094019225
-0.00657646359883
-0.00147744064179
-0.00339001176192
-0.0024382408693
-0.00420951891676
-0.00309048743118
-0.00430176086159
-0.00659794690121
-0.00149956895375
-0.00340572126736
-0.00247696579114
-0.00424930973591
-0.00313124216798
-0.00432137773746
-0.00350006086973
-0.00152041860198
-0.00343414198276
-0.00233866032806
-0.00428772575384
-0.00317058997269
-0.00433978986745
-0.0035190596273
-0.00153998844366
-0.00346912522173
-0.00237470462553
-0.00432476450552
-0.00320852819868
-0.00468712785772
-0.00353681460662
-0.00547117518544
-0.00350280332122
-0.00240940527654
-0.0043604236087
-0.00324505428785
-0.00470312786934
-0.00355332488823
-0.00548818226153
-0.00043633724177
-0.00244276016118
-0.00439470076466
-0.00328016577145
-0.00471792062423
-0.00356858961633
-0.00550390651723
-0.000467399315474
-0.00247476723755
-0.00442759375896
-0.00331386027094
-0.00473150540156
-0.003582607999
-0.00551834708706
-0.000497150646697
-0.00250542454239
-0.00445910046214
-0.00334613549872
-0.00474388153883
-0.00359537930835
-0.00553150317548
-0.000525589512464
-0.00253473019164
-0.00148976362801
-0.00337698925896
-0.00475504843209
-0.00360690288078
-0.00554337405718
-0.00453800933518
-0.00256268238103
-0.00151849170379
-0.00340641944828
-0.00476500553604
-0.00361717811711
-0.00555395907719
-0.00456381839433
-0.00258927938662
-0.00154582761652
-0.00343442405649
-0.00166409236458
-0.00362620448274
-0.00556325765114
-0.00458831026007
-0.00261451956535
-0.00157176958314
-0.00346100116725
-0.00167397002087
-0.00363398150781
-0.00557126926539
-0.00461148350494
-0.0026384013555
-0.00159631590873
-0.00348614895873
-0.00170776112882
-0.00364050878727
-0.00557799347716
-0.00463333677639
-0.00266092327721
-0.00161946498697
-0.00350986570423
-0.00174035476877
-0.00364578598107
-0.00255849232967
-0.00465555635377
-0.0066673790051
-0.00164121530075
-0.00353214977275
-0.00177174936214
-0.00366367854081
-0.00256264069223
-0.00467476592259
-0.00668717707993
-0.00166156542262
-0.00355299962955
-0.00180194338583
-0.00369480909297
-0.00256550075034
-0.00469265191397
-0.00670561134219
-0.00168051401527
-0.00357241383669
-0.0018309353725
-0.00372470107642
-0.00256707234572
-0.00470921327889
-0.00379292143183
-0.00169805983195
-0.00359039105351
-0.00384653299006
-0.00465390480008
-0.00243766202396
-0.00410372072105
-0.00522922294378
-0.00394191354373
-0.00786043529017
-0.00320577280385
-0.00394420999431
-0.00252148189494
-0.00625508611572
-0.00148931021628
-0.00203591241336
-0.00428819110911
-0.00484612533188
-0.00362278112771
-0.0042787682844
-0.00293565749516
-0.0032903840473
-0.00225827291363
-0.00618832296677
-0.00663926118296
-0.00162408057711
-0.00271837220924
-0.00438896981175
-0.00551877172628
-0.00423547603386
-0.00491103642016
-0.00350631592604
-0.00423924487668
-0.00601713733877
-0.00334960910651
-0.00179114784548
-0.00229536772476
-0.00455023892072
-0.00511032860767
-0.00238249274517
-0.00454583730585
-0.00471217579707
-0.00357144301705
-0.00755992308963
-0.00347039818007
-0.00363419148428
-0.00187807423075
-0.00297079644279
-0.0046455046242
-0.00253866580877
-0.00120631505922
-0.00517843999965
-0.003776712002
-0.00452073011074
-0.00517360814639
-0.00361868847742
-0.00403300351848
-0.00252311251665
-0.0065711782834
-0.0021833500068
-0.00261592419337
-0.00478031467432
-0.00494723793623
-0.000738217742218
-0.00480129847241
-0.0037760515667
-0.00385769111529
-0.00210391380906
-0.00606112329439
-0.00410987341365
-0.0027696704119
-0.00381800407425
-0.00549330347477
-0.00636328808584
-0.00169598315092
-0.0055487805949
-0.00396194376306
-0.00434328928434
-0.00296753996134
-0.00365776985001
-0.0023826992162
-0.00281656114855
-0.00498185647652
-0.00210939104445
-0.000953416614572
-0.0050725093882
-0.00404869790824
-0.00405307361254
-0.0048703411308
-0.0031006347743
-0.00434513509297
-0.00306794134516
-0.0041641819628
-0.00584422019972
-0.00355610409571
-0.00205501689244
-0.00591107911946
-0.00432690985019
-0.00158762664456
-0.00324159596557
-0.00382285158691
-0.00254916492743
-0.00298410809454
-0.00213909430343
-0.00249759416032
-0.00272130114267
-0.00531046477138
-0.00565906596706
-0.00422012793471
-0.00186311105058
-0.00345714164294
-0.00470572621529
-0.00337999600201
-0.0043888728021
-0.00300296694803
-0.00388123364774
-0.00238366995024
-0.0062427505378
-0.00153839148724
-0.00192364053443
-0.00555541087712
-0.00395507561232
-0.00452361237066
-0.00382830635021
-0.00432305281567
-0.00299003733505
-0.00321542903088
-0.00259125913393
-0.00294095773583
-0.0011826207696
-0.00215058037609
-0.00378557582227
-0.00503967335428
-0.000558073061265
-0.00467585849302
-0.00567177008692
-0.00417585376084
-0.00493940813004
-0.00347175472907
-0.00398730307811
-0.00222821503094
-0.00586113213396
-0.00421756945755
-0.00195575370023
-0.00428394446879
-0.00478213159151
-0.00345166097821
-0.000728041809645
-0.00301280273332
-0.00311227831157
-0.00401790230753
-0.00244529125827
-0.00667315213818
-0.00224127591381
-0.00339870024806
-0.00498346473849
-0.00593221615182
-0.00443957939337
-0.00536164338412
-0.00374087895591
-0.00425846447182
-0.00250092591935
-0.00316284760327
-0.00161404997526
-0.00237620958087
-0.00470843643089
-0.00520987252506
-0.000931192252491
-0.00490980206068
-0.00499922918115
-0.00339482388913
-0.00409899979259
-0.00558363737898
-0.00389371424061
-0.00251711667761
-0.00367893611401
-0.00526781397077
-0.00621094237182
-0.00159609841292
-0.00559670551103
-0.00397815381517
-0.0044975488628
0.000290659502148
-0.00340422866333
-0.00402229378053
-0.0027651667256
-0.00694968805898
-0.00270540840849
-0.0030737854535
-0.00530925527164
-0.00539924050525
-0.00379452151872
-0.00421786664153
-0.00277078123381
-0.00413583394487
-0.00276339633857
-0.00392916839493
-0.00250142105853
-0.00344795203781
-0.00427786965895
-0.00579987363962
-0.00644777439955
-0.00171881513199
-0.00550554437655
-0.00361289454855
-0.00437506081074
-0.00312206379797
-0.00445125399676
-0.00306864055625
-0.00343910962672
-0.00567589750286
-0.00299254303644
-0.00135160688202
-0.00138703039857
-0.00297970160044
-0.00434857660752
-0.00562021809769
-0.00421363961793
-0.00527548353032
-0.00367415358732
-0.00450677911807
-0.0060214085932
-0.00373206874697
-0.00192470742776
-0.00570284128529
-0.00392231694136
-0.00469557945774
-0.000528962670259
-0.00477878639482
-0.00339876916069
-0.00377116037702
-0.0032353013249
-0.00332628145411
-0.0017290136574
-0.00159121514579
-0.00590459557617
-0.0045316903118
-0.00285415250271
-0.00440296266595
-0.00546764135755
-0.00386891936059
-0.00470389075987
-0.00333795053492
-0.00398062458642
-0.00217516013385
-0.00595472761481
-0.001436219807
-0.00210930002005
-0.00442583524716
-0.00507294230486
-0.00558519942351
-0.00127186193249
-0.00528098589315
-0.00362606649097
-0.00369305156175
-0.0019255035357
-0.00607312869722
-0.00173259350438
-0.00301009474458
-0.00456145022497
-0.00562851374148
-0.00110672993838
-0.00523001954494
-0.00355204374147
-0.00419675606976
-0.00471319556705
-0.00334848643043
-0.00399273401978
-0.00244577531364
-0.00670853618966
-0.00533326118725
-0.00309121787928
-0.00531140823144
-0.00554594477286
-0.00389141142447
-0.00137134722896
-0.0022318703592
-0.00340414558607
-0.00194991105107
-0.00319499775789
-0.00737073696587
-0.00288786736523
-0.00388247657154
-0.00540964139868
-0.00618106003196
-0.00438015089894
-0.00207264372006
-0.00353437088061
-0.00431651895809
-0.00277281618666
-0.00693232194112
-0.00280292602728
-0.00331912455491
-0.00554067753702
-0.0057760730477
-0.00148414715219
-0.00167729508757
-0.00538719054664
-0.0036052015363
-0.00495281516533
-0.00340322310043
-0.00476619221735
-0.00308921342706
-0.00402786650452
-0.00555692255679
-0.0063300164873
-0.00170517645686
-0.00562861278923
-0.00381820311142
-0.00460746613523
-0.000296742040245
-0.00444427736371
-0.00299437594399
-0.00351214263234
-0.00762325085142
-0.00334486015321
-0.00353660469561
-0.00588820022402
-0.00563673175986
-0.00377680136875
-0.00512755365774
-0.000723518021062
-0.00494679692663
-0.00327247960307
-0.00419584752398
-0.00567165433838
-0.0036728535838
-0.00182233960666
-0.00574668993608
-0.00640172285917
-0.00214689607699
-0.00280915771158
-0.00470672745436
-0.00522030621059
-0.00366995073309
-0.0051958124139
-0.00350422574098
-0.0037717974396
-0.00612413142765
-0.00585742322463
-0.0039187425868
-0.00247120081356
-0.00394660425002
-0.00509622035073
-0.00342411543831
-0.00157904196666
-0.00562896140147
-0.00375581150076
-0.0044056222622
-0.00583110722814
-0.00396148021865
-0.00237089035835
-0.00661184664643
-0.00493490969245
-0.00534163487704
-0.00114773264568
-0.00531888867304
-0.00363165755589
-0.00397145503239
-0.00384464173737
-0.00604901246861
-0.00418896407101
-0.00258538115507
-0.00687393445593
-0.00521426564925
-0.00354255462195
-0.00170044752395
-0.00575180129891
-0.00382412437058
-0.00445585744035
-0.00322567971153
-0.00414914278771
-0.00256085997916
-0.00680378873638
-0.00512845450184
-0.00292811673114
-0.00123438160827
-0.00540606626626
-0.00379453630492
-0.00163315290595
-0.00578631105834
-0.00346654642597
-0.00435315365713
-0.00266905141267
-0.00695906284349
-0.00258733336466
-0.00363035474424
-0.00503319381681
-0.00584183631868
-0.00391507215375
-0.00180891993974
-0.00337728056514
-0.00430288704685
-0.00271650437485
-0.00441357410195
-0.00494650240794
-0.00308769766451
-0.00714729897861
-0.00545719430164
-0.00338854655708
-0.00176076258959
-0.00591432856947
-0.00359929866183
-0.00448748633529
-0.00272210707953
-0.00435846076263
-0.0026421935721
-0.00368603443032
-0.00508962362488
-0.0058989363212
-0.0039707806889
-0.00186683281313
-0.00599846652551
-0.00442247303468
-0.00267006603729
-0.00453591381304
-0.00506987387962
-0.00321184369401
-0.00720703594666
-0.00301097073768
-0.00347925899797
-0.00185197944359
-0.00600583798723
-0.00370238149923
-0.00459180030973
-0.00305867914317
-0.00438122640648
-0.00553535414694
-0.003709516814
-0.00527609218902
-0.00330947488277
-0.00401670478333
-0.00541090017191
-0.00608250911928
-0.00195456061654
-0.00275636691079
-0.00462312252761
-0.00515782052769
-0.0033003443603
-0.00488198682646
-0.00304836357511
-0.00353361768764
-0.00586391874506
-0.00374626941542
-0.00209718164558
-0.00394296720194
-0.00300772802918
-0.00481794097188
-0.00404738883176
-0.00368084029763
-0.00572433034818
-0.00219500223806
-0.00404075678567
-0.00310526392811
-0.00490722614308
-0.00414676777661
-0.00377982304948
-0.00582270528547
-0.00229193340353
-0.00413765715821
-0.00320191238371
-0.0050034066868
-0.0046627957836
-0.00387793256226
-0.00188957641589
-0.00238797227888
-0.00423366545893
-0.00329767055591
-0.00509870027992
-0.00476042012282
-0.00397516603459
-0.00198621028365
-0.0024831160152
-0.00432877884147
-0.00339253561883
-0.00519310413444
-0.00485716292371
6.15041743751e-06
-0.00208196949877
-0.00257736177818
-0.00442299447399
-0.00348650476114
-0.00528661547685
-0.00495302138056
-0.00302262458589
-0.00217685133385
-0.00537433152592
-0.00451630953964
-0.00357957518642
-0.00537923154848
-0.000983297723213
-0.0031172132622
-0.00227085307527
-0.00546677289937
-0.00460872123684
-0.00367174411353
-0.00547094960587
-0.00107737913068
-0.00321091482779
-0.00236397202355
-0.0055583078876
-0.00470022677966
-0.0037630087769
-0.00149707194279
-0.00117056786165
-0.00330372655057
-0.00245620549366
-0.00564893371822
-0.00479082339822
0.000251931421592
-0.00158698580382
-0.00126286116803
-0.00339564571334
-0.00254755081535
-0.00573864763522
-0.00488050833898
0.000162483518023
-0.00167599351485
-0.00135425631701
-0.0034866696141
-0.00263800533351
-0.00582744689936
-0.000884037048249
7.39480775128e-05
-0.0017640923967
-0.00144475059141
-0.00357679556642
-0.00272756640845
-0.00591532878849
-0.000971890440219
-0.00286168364198
-0.00185127978712
-0.00153434129002
-0.00366602089977
-0.00281623141631
-0.00193850365915
-0.00105882399576
-0.00294838607532
-0.0025017706086
-0.00162302572795
-0.00375434295986
-0.00290399774931
-0.00202454270211
-0.0011448350305
-0.00303416799972
-0.00258712709894
-0.00171080123698
-0.00384175910898
-0.00299086281617
-0.00210965630995
-0.00122992087827
-0.003119026769
-0.0026715642163
-0.00179766516592
-0.00392826672638
-0.00307682404235
-0.00219384183261
-0.00131407889147
-0.00320295975548
-0.00275507936972
-0.00188361488096
-0.00401386320856
-0.00316187887048
-0.002277096639
-0.0013973064414
-0.0032859643503
-0.00283766998696
-0.00196864776599
-0.00409854596965
-0.00324602476063
-0.00235941811728
-0.00147960091868
-0.00336803796383
-0.00291933351484
-0.00498010272142
-0.00418231244175
-0.00332925919067
-0.00244080367531
-0.00156095973356
-0.00344917802601
-0.00300006741956
-0.0050632941708
-0.00426516007527
-0.00341157965661
-0.00252125074095
-0.00164138031631
-0.00352938198668
-0.00307986918712
-0.00514556105174
-0.00434708633927
-0.0034929836729
-0.00380860345203
-0.00296075182116
-0.00139097009724
-0.00331870369141
-0.00566849246049
-0.00421422749696
-0.00664627011926
-0.00390827887986
-0.00306261573838
-0.00148987386678
-0.00343919640347
-0.00186716672661
-0.00431469008221
-0.00674874243283
-0.00400702656451
-0.00316353669344
-0.00160660252688
-0.00355875149362
-0.00198939275578
-0.00441411594311
-0.00685016259702
-0.00410484331773
-0.00625113544737
-0.00172240363181
-0.00367736477833
-0.00211066405608
-0.00451250106255
-0.00695052636944
-0.00420172596691
-0.00635016033882
-0.00183727326264
-0.00379503208241
-0.00223097620276
-0.00460984144503
-0.00321969745476
-0.0042976713555
-0.00644823216079
-0.0019512075101
-0.00391174923954
-0.00235032477901
-0.00470613311732
-0.00237312115929
-0.00439267634347
-0.00654534757693
-0.0020642024751
-0.00402751209283
-0.00246870537655
-0.00480137212914
-0.00247029052283
-0.00448673780773
-0.00269690512973
-0.00217625426931
-0.00414231649541
-0.00258611359627
-0.00491691775425
-0.00256638674951
-0.00457985264255
-0.00279209779433
-0.0048720539003
-0.00425615831097
-0.0027025450488
-0.00503574105364
-0.00266140571288
-0.00467201776005
-0.00288632414901
-0.00498220773327
-0.00436903341435
-0.00281799535518
-0.00515357032942
-0.00275534331195
-0.00476323009057
-0.00297958092899
-0.00509140679987
-0.000536971921792
-0.00293246014745
-0.00527040097164
-0.00284819547189
-0.00485348658317
-0.00307186488859
-0.00519964725985
-0.000647901272793
-0.00304593506932
-0.00538622838121
-0.0029399581448
-0.00494278420602
-0.00316317280173
-0.0053069252863
-0.000757851608816
-0.00315841577678
-0.00550104797063
-0.00305664138868
-0.0050311199469
-0.00325350146236
-0.00541323706623
-0.00395983984562
-0.00326989793877
-0.00175835176
-0.00317752210853
-0.00511849081359
-0.00335536174661
-0.0055185788011
-0.00406781994157
-0.0033803772378
-0.0018711419964
-0.00329738869087
-0.00520489383434
-0.00345701569668
-0.00562294670736
-0.00417480884123
-0.00348984937066
-0.00198291072658
-0.00341623622206
-0.00134072858038
-0.00355771083624
-0.00572633701702
-0.00428080251395
-0.00359831004903
-0.00209365341636
-0.00353405979884
-0.00142518707805
-0.0036574436752
-0.00582874597816
-0.004385796945
-0.00370575500018
-0.00142527440658
-0.0036508545291
-0.00150866894172
-0.00375621074008
-0.00593016985555
-0.00448978813618
-0.00381217996762
-0.00153395147421
-0.00376661553263
-0.00159117128593
-0.00385400857455
-0.00213363183535
-0.00459277210646
-0.00700167404408
-0.00164158899252
-0.00388133794193
-0.00167269124789
-0.00366229044854
-0.002233074409
-0.00469474489256
-0.00710604634306
-0.00174818249221
-0.00399501690295
-0.000536246650829
-0.00581658102871
-0.0042421481408
-0.00298696319615
-0.00122735035737
-0.00425474754565
-0.00256921864436
-0.000500585802093
-0.00577988377277
-0.00460354351362
-0.00294814200086
-0.00546477214117
-0.00421211355403
-0.00252035102855
-0.000464053835045
-0.00574229086692
-0.00456487023156
-0.00290837509523
-0.00542390616344
-0.00418250221964
-0.00247046534137
-0.000426651686655
-0.00329908001482
-0.00452527749587
-0.00286766368445
-0.0053820705842
-0.00415188509568
-0.00241956335223
-0.00479212793302
-0.0032596988921
-0.00448476644062
-0.00282600900025
-0.00588825828639
-0.00412026322436
-0.00236764686238
-0.00475298831644
-0.00321942524762
-0.00444333822428
-0.00278341230063
-0.00585652581907
-0.00408763768058
-0.00231471770459
-0.0047129814545
-0.00317826016907
-0.00440099402954
-0.00273987486978
-0.00582381757089
-0.00405400957173
-0.00226077774281
-0.00467210836714
-0.00313620476638
-0.0043577350631
-0.0026953980178
-0.00579013459128
-0.00401938003755
-0.00292079031129
-0.00463037009476
-0.0030932601716
-0.00187593933788
-0.00264998308057
-0.00575547795942
-0.00398375024989
-0.00286483445672
-0.00458776769802
-0.00304942753871
-0.0018308545436
-0.00260363141953
-0.005719848784
-0.00394712141256
-0.00280787357416
-0.00454430225779
-0.00339868543226
-0.0017848587404
-0.00255634442148
-0.00568324820306
-0.00390949476112
-0.00274990964923
-0.00449997487496
-0.00335308027223
-0.00173795322952
-0.00250812349838
-0.00564567738383
-0.00387087156264
-0.00269437886245
-0.00445478667033
-0.0033065906663
-0.00169013933535
-0.00245897008718
-0.00560713752254
-0.00383125311553
-0.00265368823136
-0.00440873878445
-0.00325921785476
-0.00164141840529
-0.00480879775355
-0.00556762984423
-0.00379064074933
-0.00261197781465
-0.00436183237753
-0.00321096309907
-0.00159179180959
-0.00476319626184
-0.00552715560256
-0.00374903582445
-0.0025692490846
-0.00431406862924
-0.00316182768172
-0.00154126094109
-0.00472290957669
-0.00548571607962
-0.00370643973201
-0.00252550354649
-0.00426544873859
-0.00311181290605
-0.00148982721511
-0.00468168470267
-0.00544331258571
-0.00435852950504
-0.00248756224034
-0.00421597392381
-0.00306092009606
-0.00143749206922
-0.00463952287097
-0.00539994645919
-0.00431395537232
-0.00245133121579
-0.00416564542215
-0.0030091505963
-0.00138425696304
-0.00459642533854
-0.0053556190662
-0.00426839442709
-0.00241407877912
-0.00450076498654
-0.00295650577164
-0.00133012337808
-0.00455239338791
-0.00283186356868
-0.00422184818086
-0.0023758062444
-0.00444873289838
-0.00290298700716
-0.00127509281751
-0.00450742832697
-0.00278561785152
-0.00417431817461
-0.00233651495936
-0.00324368671378
-0.000839025562542
-0.00274362321734
-0.00293338377162
-0.00504029939894
-0.00266470105545
-0.00263189863261
-0.00320623076322
-0.00540827968967
-0.00270598784216
-0.00290019863302
-0.00500705630275
-0.00263165783169
-0.00259520625183
-0.00318152226629
-0.00536990768329
-0.00266755316574
-0.00274082222541
-0.00497300825375
-0.000450722596802
-0.00255771122656
-0.00316056605188
-0.00510093368762
-0.00262832001939
-0.00270603065627
-0.00493815599624
-0.000415863133917
-0.00251941437394
-0.00313880577767
-0.00506096809915
-0.00258828925047
-0.00267043699905
-0.00490250029112
-0.000380200062027
-0.00248031652744
-0.00311624191479
-0.0050202070005
-0.00254746172237
-0.00263404202722
-0.00486604191586
-0.00034373415907
-0.00244041853676
-0.0030928749514
-0.004988030375
-0.000565017812524
-0.0025968465306
-0.00482878166438
-0.000306466219463
-0.00239972126775
-0.00306870539262
-0.00496380159355
-0.000543351107509
-0.00255885131532
-0.004790720347
-0.00481283957355
-0.00235822560232
-0.00304373376046
-0.00493876880047
-0.000520877907982
-0.00252005720374
-0.00475185879031
-0.00477397000936
-0.00231593243836
-0.00301796059378
-0.00491293253857
-0.000497598703638
-0.00248046503434
-0.00471219783713
-0.00473430088975
-0.00227284268961
-0.00299138644824
-0.0048862933676
-0.000473514001316
-0.00244007566162
-0.00467173834637
-0.00469383307418
-0.0022289572856
-0.00296401189624
-0.00485885186411
-0.000448624324945
-0.00240671467501
-0.00463048119299
-0.00465256743813
-0.00230962480818
-0.00293583752682
-0.00483060862147
-0.00042293021549
-0.00238099220329
-0.00458775019637
-0.00461050487302
-0.00226415094484
-0.00290686394564
-0.00480156424978
-0.000270336742221
-0.00235446498283
-0.00454490040626
-0.00456764628614
-0.00221788430849
-0.00264805347679
-0.00477171937578
-0.0048592550077
-0.00232713359038
-0.00246166109784
-0.00452399260052
-0.00217082589076
-0.00261748335521
-0.00474107464282
-0.00483115101423
-0.00229899861959
-0.00241722236077
-0.00447954475485
-0.00212297669858
-0.00258611593786
-0.00470963071076
-0.00480224492067
-0.00227006068098
-0.00237199057295
-0.00443430370336
-0.00207433775402
-0.00255395189618
-0.00467738825593
-0.00477253735225
-0.00224032040182
-0.00232596670351
-0.00438827041578
-0.00202491009423
-0.00252099191787
-0.00279258812005
-0.00474202895086
-0.00220977842609
-0.00227915173692
-0.00434144587717
-0.00197469477132
-0.00248723670682
-0.00275875071409
-0.00471072037496
-0.00217843541444
-0.00223154667289
-0.00429383108786
-0.00642628452926
-0.00245268698306
-0.00272411691234
-0.00467861229955
-0.00214629204408
-0.0021831525263
-0.00424542706332
-0.00637449709573
