-0.00261710890862
-0.00126378880329
-0.00469938647128
-0.00317588188692
-0.00160557776659
-0.00531007120856
-0.00338323200094
-0.00258957756806
-0.00121801023609
-0.00465676141733
-0.00313427263829
-0.000860632338265
-0.00460255561995
-0.0033581781797
-0.00256071230587
-0.00117094448163
-0.00461287263224
-0.00239493893649
-0.000833118901593
-0.00457567064281
-0.00333196389122
-0.00253051484785
-0.000397006369393
-0.00386669085132
-0.00235086217546
-0.000835482123168
-0.00454759722892
-0.00330459032009
-0.00177339916629
-0.000347374283657
-0.00382028181501
-0.00230584820214
-0.000841139484623
-0.00451833671013
-0.00327605870155
-0.00174054279928
-0.000296463183078
-0.00377261638246
-0.00231039080771
-0.000845570561474
-0.0044878904725
-0.00324637032123
-0.00170635987044
-0.000244275919725
-0.00372369712139
-0.00231367604443
-0.000848775131522
-0.00446034309959
-0.00321552651489
-0.00167085240815
-0.000190815408362
-0.00371141976398
-0.00231570373912
-0.000850753034041
-0.0044554772683
-0.00318352866806
-0.00163402251501
-0.000136084625672
-0.00371220718712
-0.00231647378489
-0.000851504169813
-0.00444941525699
-0.00315037821579
-0.00159587236724
-9.86475644571e-05
-0.00371170853882
-0.00231598614113
-0.000851028501156
-0.00444215735482
-0.00314106988892
-0.00155640421403
-9.68279906407e-05
-0.00370992384657
-0.00231424083356
-0.000849326051932
-0.0044337039079
-0.00313283299215
-0.00151562037688
-9.36973419171e-05
-0.00370685320875
-0.00231123795418
-0.000846396907544
-0.00442405531915
-0.00244654719614
-0.00149354132855
-8.92557976573e-05
-0.00370249679463
-0.0023069776613
-0.00084224121491
-0.00441321204827
-0.002435981558
-0.00149422711884
-8.35045436064e-05
-0.00369685484427
-0.00230146017945
-0.000836859182431
-0.00440117461158
-0.00242425223953
-0.00149357449776
-7.64420465208e-05
-0.00368992766851
-0.00229468579934
-0.000830251079935
-0.00438794358191
-0.00241135977073
-0.00149158350427
-6.80696420092e-05
-0.00368171564883
-0.00228665487779
-0.00082241723861
-0.00437351958847
-0.00239730473379
-0.00148825425725
-5.83878091267e-05
-0.00367221923731
-0.00227736783762
-0.000813358050924
-0.00435790331672
-0.00238208776298
-0.00148358695543
-4.73971015607e-05
-0.00366143895645
-0.00226682516754
-0.000803073970523
-0.00434109550815
-0.00185172751668
-0.00147758187737
-3.50981474726e-05
-0.00364937539904
-0.00225502742206
-0.000252768394349
-0.0038091149324
-0.00183418878836
-0.00147023938134
-2.14916493184e-05
-0.00363602922801
-0.00170528102988
-0.000240036133593
-0.00378992649811
-0.00181549033976
-0.00146155990523
0.000546716632639
-0.00309146093617
-0.00169097505937
-0.000226080706929
-0.00376954908611
-0.00179563301183
-0.00341820068267
-0.00532106088582
-0.000613913091743
-0.00256985501319
-0.00446123042577
-0.00179168823129
-0.00367603547357
-0.00341563700849
-0.00531957664991
-0.000598795636204
-0.00255465479388
-0.00443911841396
-0.00176956020802
-0.00367231180087
-0.003411875778
-0.0053168858317
-0.000582465949388
-0.00253823574495
-0.00441578842372
-0.00174621333485
-0.00366736493579
-0.00340691717102
-0.00480284544565
-0.000564924833018
-0.00252059868133
-0.00439124161462
-0.00172164877383
-0.00366119512506
-0.00340076142453
-0.00479774191308
-0.000546173147509
-0.00250174447759
-0.00436822139015
-0.00169586774603
-0.00365380267631
-0.00339340883265
-0.00479143236542
-0.000526211811755
-0.00248167406775
-0.00434811027411
-0.00166887153124
-0.00364518795801
-0.00286808468238
-0.00478391710864
-0.000505041802904
-0.002460388445
-0.00432678150481
-0.00164658247851
-0.00331517387407
-0.00285833951023
-0.00477519650701
-0.00048266415612
-0.00243788866151
-0.00430423614078
-0.00163551545247
-0.00330411596487
-0.00284739871703
-0.00476527098308
-0.000459079964337
-0.00241417582814
-0.00428047529963
-0.00620830647171
-0.00329183725548
-0.0028352628246
-0.00475414101751
-0.000438613719614
-0.00238925111416
-0.00425550015772
-0.00585498850839
-0.00327833835658
-0.00282193241137
-0.00474180714901
-0.000426206218529
-0.002363115747
-0.0042293119499
-0.00584025796886
-0.00326361993909
-0.00280740811228
-0.00472826997416
-0.000412588255669
-0.00233577101191
-0.0042019119692
-0.0058243076434
-0.00324768273399
-0.00279169061862
-0.0047135301473
-0.000397760497146
-0.00230721825169
-0.0038372598925
-0.0058071383248
-0.00323052753212
-0.00277478067788
-0.00469758838037
-0.00514029028566
-0.00227745886631
-0.00382006411315
-0.00578875086566
-0.00321215518398
-0.00275667909356
-0.00468044544272
-0.00512304516844
-0.00191342821423
-0.00380321511581
-0.00576914617821
-0.00319256659957
-0.00273738672497
-0.00466210216096
-0.0051045926049
-0.00188440438017
-0.00378515022392
-0.00574832523407
-0.0031717627481
-0.00271690448707
-0.0046425594187
-0.00508493349451
-0.00186517306545
-0.0037658703303
-0.00572628906397
-0.00314974465779
-0.00269523335019
-0.0046218181564
-0.00473226277562
-0.00184473073219
-0.00374537638685
-0.00570303875757
-0.00312651341564
-0.00267237433986
-0.00459987937113
-0.00471019350104
-0.00182307838354
-0.00372366940432
-0.00567857546314
-0.00310207016709
-0.00264832853652
-0.00457674411631
-0.00468692072409
-0.00180021708083
-0.00370075045206
-0.00565290038729
-0.0030764161158
-0.00262309707532
-0.00422060748251
-0.00466244557412
-0.0017761479433
-0.00367662065776
-0.00562601479468
-0.00304955252336
-0.00279108762982
-0.00226059980829
-0.00279492786426
-0.00529256691345
-0.0058213202227
-0.00540064814119
-0.00502187051539
-0.00532599153415
-0.00490687522634
-0.00115433586263
-0.000686200898249
-0.000893398049329
-0.00388076169222
-0.00377062647388
-0.00383159000897
-0.00367743023007
-0.00356985556523
-0.00337480553621
-0.00323053202398
-0.0028725341797
-0.00271995282184
-0.0034655658029
-0.00291825990498
-0.00644244424642
-0.00599382526947
-0.00649848705512
-0.00222079315932
-0.00260949718419
-0.00213512964254
-0.00170211346083
-0.00184093914043
-0.00137315342288
-0.00469143504579
-0.00453067382421
-0.00442142708212
-0.00448276459498
-0.00432846162898
-0.00422022763405
-0.00402400682185
-0.00374723273184
0.000289958123732
-0.00297414704586
-0.0041236967777
-0.00767482631048
-0.00329270518934
-0.00283949740434
-0.00334737220386
-0.00288402493628
-0.00327514387871
-0.00280269024829
-0.00237107367514
-0.00251077480756
-0.00519285570506
-0.00532267334772
-0.00516328807285
-0.00505491667846
-0.00511662265606
-0.0011397318121
-0.00103084821705
-0.000870804875177
-0.00064774180862
-0.00375186861219
-0.00375982104081
-0.00394488531324
-0.00456462386019
-0.00398015995133
-0.0035079112993
-0.00401896113358
-0.00353926594414
-0.00392375949714
-0.00345319401031
-0.00302295833035
-0.0063069176302
-0.00584594465878
-0.00213191198741
-0.00196338325378
-0.00211112427085
-0.00192195515422
-0.00181986664496
-0.00176632465426
-0.00162360058324
-0.00467796162517
-0.00452006375004
-0.00453005547576
-0.00457950459049
-0.00523197675056
-0.00465105117672
-0.00417534449281
-0.00468704021974
-0.00420747836496
-0.00455502983481
-0.004086324397
-0.00366938501854
-0.00314772636847
-0.00267721035258
-0.00272766515188
-0.00259498636227
-0.00280001388083
-0.0026597394309
-0.0025578800544
-0.00250395853292
-0.00563926915632
-0.00541302614289
-0.00527631878607
-0.0052845105834
-0.00522609392918
-0.00588250006034
-0.00530506631889
-0.00586680143271
-0.00155796915268
-0.00105972311072
-0.00140738895994
-0.00405937016397
-0.00428616469446
-0.00376534331195
-0.00329515735611
-0.00342297350186
-0.003314015624
-0.00352046759926
-0.00338102206495
-0.00327938985961
-0.00650418664241
-0.00635942577576
-0.00241105986912
-0.00229966824488
-0.00204617279944
-0.00211136267577
-0.0027716448481
-0.00217224947468
-0.00273978220785
-0.00220374654743
-0.00170816867141
-0.00523372419715
-0.004711625285
-0.00488982998478
-0.0043649181782
-0.00396000841424
-0.00412318618782
-0.00401621767397
-0.00422408002359
-0.000312125483972
-0.00367747058322
-0.00348659705514
-0.00334219136818
-0.00311282344601
-0.00302330638958
-0.00276803928995
-0.00272349009665
-0.00338758557286
-0.00279157631566
-0.00336488171937
-0.00283195045426
-0.00551472526384
-0.00586668727734
-0.00534620877722
-0.00552551056356
-0.00499835645991
-0.00148119129757
-0.00108425781486
-0.000932909076908
-0.00114216602
-0.00433170582898
-0.00436492763276
-0.0041736856462
-0.00402832343448
-0.00379741826441
-0.00373011385151
-0.00347309226276
-0.00331793437356
-0.00398577552243
-0.00339309299835
-0.00397214104349
-0.00660516242002
-0.00612761961209
-0.00277016269633
-0.00223261406022
-0.00241299484332
-0.00197507797816
-0.0022048877698
-0.00180895562572
-0.00160041652385
-0.0051397296592
-0.00500139183054
-0.00503483330978
-0.00484322746357
-0.00469692070228
-0.00446449764031
-0.00441974036931
-0.000495304432028
-0.00389439654728
-0.00456591076833
-0.0039764911473
-0.00404136834531
-0.0035051062483
-0.00394731397356
-0.00336685656841
-0.00283087247367
-0.00303908381376
-0.00268012935994
-0.00291153888748
-0.00251659833449
-0.0055787347775
-0.00579072651742
-0.00565317898126
-0.00568683707291
-0.0018243401857
-0.00167930745681
-0.00145780685318
-0.00142615563279
-0.00116568506556
-0.00208740366638
-0.00143345640838
-0.00402158660785
-0.00461200879602
-0.00407868065195
-0.0045233727794
-0.00394493184176
-0.0034104810427
-0.00372457763263
-0.00336779399006
-0.00360078543015
-0.00652913344707
-0.00661664923638
-0.00276249511211
-0.00262036583315
-0.00265423717939
-0.00245773862005
-0.00231178902769
-0.00211313870023
-0.00208036639539
-0.00526948418254
-0.00262701563686
-0.00515962094088
-0.00456783298147
-0.00516387580944
-0.00463341640637
-0.00508053809681
-0.00450406937427
-0.00398053474828
-0.0043923540632
-0.000344240217406
-0.00394920726812
-0.00355104035518
-0.00360582398829
-0.00337667122191
-0.00323530658915
-0.00326938753079
-0.0030725418123
-0.00292569112651
-0.00275021852798
-0.00616762071228
-0.00590379596564
-0.00631246666396
-0.00568379663049
-0.00509505287263
-0.00569666461101
-0.00516900446481
-0.00197672887782
-0.00138451702406
-0.00177323962892
-0.00136187680801
-0.00436647024618
-0.00460256384245
-0.00420535177421
-0.00426049723377
-0.00397191696866
-0.00383130248983
-0.00386558906041
-0.00366840275394
-0.00352066806394
-0.00682233285769
-0.00309036905777
-0.00296732545019
-0.00681407120847
-0.0025977469714
-0.00319952361805
-0.00259477357018
-0.00204337164341
-0.00249517334895
-0.00190483626555
-0.00240188843744
-0.00535315830659
-0.00499982539743
-0.00523743499751
-0.00484116290352
-0.00490336494312
-0.00456163457163
-0.00467390411587
-0.000831242141749
-0.000629092731198
-0.00399267939659
-0.003865236101
-0.0036888258138
-0.0035641771423
-0.00374885794299
-0.00315137477232
-0.00382044258088
-0.00319281567062
-0.00260083254565
-0.00301118385098
-0.00250339802405
-0.00635918616202
-0.00596565175007
-0.0056143622288
-0.00585346153855
-0.00186200850242
-0.00195136125209
-0.00160113848162
-0.00162588615503
-0.00138851381138
-0.00469822544348
-0.00454877939371
-0.0044454555767
-0.00426800224304
-0.00414178165252
-0.00437628829562
-0.00376290858406
-0.00443603385585
-0.00381199445059
-0.0032231021715
-0.00363602397983
-0.00643857518162
-0.00695001498116
-0.00298868903601
-0.00332054401028
-0.00286878257736
-0.00245973906001
-0.00257657187888
-0.00222683665757
-0.00221035285512
-0.00543540191518
-0.00523520540021
-0.00510304164889
-0.00502210178975
-0.0048497407412
-0.00472804717474
-0.00498545133543
-0.00435585123638
-0.00503295804896
-0.00441243981312
-0.0013571921291
-0.00404539646798
-0.00345852146099
-0.00397293242053
-0.00356256443426
-0.00389638098053
-0.00344604991362
-0.00303789346663
-0.00318252516723
-0.00283326851056
-0.00632208521593
-0.00595239232886
-0.00575188674424
-0.0022021120867
-0.00212129578274
-0.0019478750175
-0.00182937709316
-0.00207223212407
-0.00139762274877
-0.00207862933542
-0.00143449462635
-0.00531174813231
-0.00463221452114
-0.00400724699386
-0.00452455914964
-0.00411660970498
-0.00445234220769
-0.00400340838888
-0.00359811426886
-0.00376885632085
-0.0069254725993
-0.00342267566974
-0.00303760217755
-0.00291361888692
-0.00277900610701
-0.0026977063825
-0.00252324845931
-0.00240316857425
-0.00264387177326
-0.00195239743157
-0.00263721610531
-0.00536666565159
-0.005876615261
-0.00519950093262
-0.00457035913259
-0.00505607550871
-0.00465048269392
-0.00498808235423
-0.00101848398184
-0.00119905548456
-0.00435435804589
-0.00400617010525
-0.00398938198982
-0.003603652606
-0.00347037707543
-0.00333583706783
-0.0032540652067
-0.00307859438224
-0.0029569696592
-0.00319626090875
-0.0024876021312
-0.00652770840227
-0.00590887940329
-0.00642166628014
-0.00574691312416
-0.00261589639154
-0.00208040234459
-0.00165380226243
-0.00199321707798
-0.00153498666505
-0.00529184665985
-0.00490036335309
-0.00455262246578
-0.00453573756916
-0.00414936843505
-0.0040067213928
-0.00387225229569
-0.00379002038286
-0.0036135626289
-0.00375119287433
-0.00372907853333
-0.00636992221852
-0.00704664362727
-0.00298487832253
-0.00350042749794
-0.00281166509864
-0.00314491304413
-0.00257070431638
-0.00214632497148
-0.00248749972778
-0.00557832593345
-0.00581619656805
-0.00542567350652
-0.00507836761902
-0.00506138854961
-0.00467439692176
-0.00109281794592
-0.000953850567227
-0.000871369865633
-0.00438655003118
-0.00426397562237
-0.00267672869001
-0.00159982090015
-0.00492049541724
-0.00325042702828
-0.00187624546572
-0.00505308245029
-0.00378917061107
-0.00275103729075
-0.00168790611997
-0.00500686294735
-0.00333489846452
-0.00195868476099
-0.00512170938542
-0.00385606930087
-0.0028241666241
-0.00177486260056
-0.00509211979399
-0.00341827942007
-0.00204005553754
-0.00518926773363
-0.00392192352022
-0.00290801665988
-0.00186068629589
-0.00517626213019
-0.0035005663014
-0.0021203544422
-0.00525575477923
-0.00398673074711
-0.0029941524653
-0.00194537319362
-0.00492461911991
-0.00358175554663
-0.00219957815221
-0.00532116784062
-0.00405048849169
-0.00307913137545
-0.00202891931598
-0.00500652108628
-0.00366184362621
-0.00227772337579
-0.00538550427075
-0.00411319429672
-0.00316294925368
-0.0021113207206
-0.00508729726105
-0.00374082704364
-0.00235478685285
-0.00544876145767
-0.00417484573802
-0.00324560200051
-0.00219257350128
-0.00516694395291
-0.0038187023361
-0.0024307653555
-0.005510936825
-0.0042354404249
-0.00332708555454
-0.00227267378886
-0.00524545750632
-0.00389546607521
-0.00250565568874
-0.00557202783239
-0.00429497600059
-0.00340739589329
-0.00235161775203
-0.00532283430233
-0.00397111486764
-0.00257945469102
-0.00563203197609
-0.00435345014269
-0.00348652903416
-0.00242940159816
-0.00539907075927
-0.00404564535583
-0.00265215923489
-0.00569094678935
-0.00443423365331
-0.00356574143318
-0.00250602157411
-0.00547416333353
-0.00411905421867
-0.00272376622757
-0.00577377952318
-0.00244198037909
-0.0036604286815
-0.00258147396706
-0.0055481085203
-0.00419133817214
-0.000624721283752
-0.0037683437737
-0.00253344661479
-0.00375396986224
-0.00265575510531
-0.00562090285432
-0.00208713118933
-0.000694124037483
-0.00385918396671
-0.00262390622343
-0.0038463604209
-0.000483141814524
-0.0035109076724
-0.00215715562385
-0.000762420175826
-0.0039489888368
-0.00271335583278
-0.00169076056628
-0.000568179392219
-0.00358139006704
-0.00222604552636
-0.000829606750746
-0.00403775484741
-0.00280179209341
-0.00178083634749
-0.000656623881225
-0.00365071145783
-0.00229379776799
-0.000895680851875
-0.00412547848705
-0.00288921167927
-0.00186974804078
-0.00074392137801
-0.00371886854508
-0.0023604092603
-0.000963848317153
-0.00421215626989
-0.00297561128823
-0.00195749122661
-0.00083006768489
-0.0037930417349
-0.00242587695597
-0.00105116977096
-0.00429778473639
-0.00306098764262
-0.00204406152153
-0.000915058639433
-0.00387624247692
-0.00249019784939
-0.0011374158534
-0.00438236045387
-0.00314533748977
-0.0021294545792
-0.000998890115343
-0.00395830411874
-0.00255336897736
-0.00122258292813
-0.00446588001716
-0.00322865760257
-0.00336008526122
-0.00551676689698
-0.00559862010954
-0.00170885022187
-0.00361692070071
-0.00542667323403
-0.00335122540147
-0.00345970493799
-0.00558910755031
-0.00567330370168
-0.00178388064506
-0.0036920790516
-0.0055017372327
-0.00343465603479
-0.00355833871661
-0.00359382827671
-0.00574693183117
-0.00185785134248
-0.0037661761065
-0.00557574109336
-0.00351704354516
-0.003655983001
-0.00366406135984
-0.00581950158071
-0.00193075935766
-0.00383920889445
-0.00564868185575
-0.00359838469059
-0.00375263421393
-0.00373323649458
-0.00589101006437
-0.00200260176584
-0.00391117447626
-0.00572055659133
-0.00367867625707
-0.00175949058748
-0.00380135094815
-0.00596145442816
-0.00207337567449
-0.00398206994513
-0.00579136240383
-0.00182396785362
-0.00185414500379
-0.00386840202048
-0.00603083185056
-0.00214307822388
-0.00405189242711
-0.00586109642978
-0.00190215073498
-0.00194779573538
-0.00393438704471
-0.00609913954301
-0.00221170658756
-0.00412063908172
-0.00592975583906
-0.00197927456895
-0.00204043928586
-0.0040098421184
-0.00616637475045
-0.00227925797292
-0.00418830710243
-0.00408720268545
-0.00205533625912
-0.00213207218044
-0.00410206935868
-0.00623253475183
-0.00234572962172
-0.00425489371718
-0.00415370450701
-0.00213033273991
-0.00222269096649
-0.00419327725699
-0.00629761686063
-0.00241111881061
-0.00432039618896
-0.00421912342685
-0.00220426097708
-0.00231229221412
-0.00428346232069
-0.00636161842534
-0.00247542285163
-0.0024513572804
-0.00428345675346
-0.00227711796833
-0.00240087251671
-0.00437262108059
-0.00642453683
-0.00253863909277
-0.00251468339787
-0.00434670183132
-0.00234890074386
-0.00248842849152
-0.00446075009156
-0.00648636949469
-0.000638040776634
-0.00257691737664
-0.00440885604135
-0.0024196063669
-0.00257495678019
-0.00454784593306
-0.00654711387601
-0.000699073608132
-0.00263805662498
-0.00446991680146
-0.00248923193428
-0.00266045404937
-0.00463390520977
-0.00660676746759
-0.00075901090427
-0.00269809858873
-0.00452988156706
-0.00255777457696
-0.00274491699125
-0.00471892455215
-0.0031333353651
-0.000817850161778
-0.00275704075186
-0.00458874783152
-0.00262523146061
-0.00282834232411
-0.00480290061702
-0.00319080000859
-0.000875588915821
-0.00281488063692
-0.00464651312671
-0.00269159978611
-0.00291072679291
-0.00488583008814
-0.00324716657022
-0.000932224740489
-0.00287161580557
-0.00470317502345
-0.00275687679014
-0.00299206716987
-0.0030277209817
-0.00331821643544
-0.000987755249277
-0.00292724385902
-0.00475873113202
-0.00282105974565
-0.00307236025499
-0.00310854742727
-0.00339934083788
-0.00104217809557
-0.00298176243858
-0.00481317910265
-0.00700608933942
-0.000287740394508
-0.0053861882627
-0.0038398088399
-0.00224016197541
-0.00284175414567
-0.00571276338302
-0.00403338121536
-0.000282399971914
-0.00538073719649
-0.00383424492553
-0.00223448318586
-0.00283652124243
-0.00570742030405
-0.00402792644709
-0.000276464348508
-0.00537467860747
-0.00382806092144
-0.0022281715146
-0.00283100343181
-0.00570141736808
-0.00402179803925
-0.000269933594402
-0.00536801257021
-0.00382125690693
-0.00222122704592
-0.00282447808935
-0.00569475466227
-0.00401499608457
-0.00485351282384
-0.00536073916672
-0.00381383296921
-0.00221405406656
-0.00281730665907
-0.00568743228332
-0.00400752068595
-0.00484579204673
-0.00535285848648
-0.00380578920343
-0.00220584428966
-0.00280948924078
-0.0056794503375
-0.00399937195643
-0.00483747639134
-0.00534437062642
-0.00379712571265
-0.00219700201882
-0.0028010259433
-0.00567080894061
-0.00399055001925
-0.00482856595582
-0.0053352756909
-0.00378804377353
-0.00218752737201
-0.00279191688437
-0.005661508218
-0.00398105500776
-0.00481906084531
-0.00532557379175
-0.00377814117361
-0.00217742047564
-0.0027821621907
-0.00565154830454
-0.00397088706545
-0.00480913501789
-0.0053152650482
-0.00376761920536
-0.0021666814645
-0.00277176199796
-0.00564092934463
-0.00396004634595
-0.00480431112743
-0.00530390627737
-0.00375647800346
-0.00215531048177
-0.000575725657253
-0.00562965149215
-0.003948533013
-0.00479889227016
-0.00529238423244
-0.00374471771047
-0.00214330767902
-0.000564034909037
-0.0056177149105
-0.00393634724042
-0.00479225638656
-0.00528025574535
-0.00373233847685
-0.00213067321617
-0.00055169912227
-0.00560511977258
-0.00392348921214
-0.00478564779455
-0.00526752096499
-0.00371934046089
-0.00211740726153
-0.000538718468284
-0.00559186626071
-0.00402545429729
-0.00477844444861
-0.00322365282847
-0.00370572382875
-0.00210350999171
-0.0005250931273
-0.00557795456673
-0.00401125234966
-0.00477064643374
-0.0032097059378
-0.00369148875444
-0.0020889815917
-0.000510823288419
-0.00556338489189
-0.00399637875849
-0.00476225384188
-0.00319515324483
-0.00367663541981
-0.0020738222548
-0.000495909149606
-0.00566242513884
-0.0039808337479
-0.004753266772
-0.00317999492797
-0.00366116401451
-0.00205803218259
-0.000480350917679
-0.00564654014376
-0.00396461755203
-0.00474368533005
-0.00316423117295
-0.00364507473601
-0.00204161158499
-0.000464148808294
-0.0056299978281
-0.00394773041501
-0.00473350962895
-0.00314786217286
-0.00362836778957
-0.00202477530707
-0.000562440593181
-0.00561279843077
-0.00393017259094
-0.0047227397886
-0.0031308881281
-0.00361104338826
-0.00200764732131
-0.000544951411116
-0.00559494220001
-0.0039119443439
-0.00237179634144
-0.00429487784964
-0.0045232188834
-0.001689018372
-0.0035495412344
-0.00553033740748
-0.00282833748855
-0.00236161440803
-0.00410626807211
-0.00451520875046
-0.00168099296015
-0.00354150627984
-0.00552020888708
-0.00281819949973
-0.00235087882809
-0.00409550555175
-0.00450664192465
-0.00167240979526
-0.00353291291009
-0.00550952133689
-0.00269635606112
-0.00233958971142
-0.00408418810945
-0.00449751849454
-0.00166326896638
-0.00352376121453
-0.00549827486837
-0.000865605832838
-0.00214879540339
-0.00407231586152
-0.0044878385544
-0.00165357056836
-0.00351405128833
-0.00548646959877
-0.000853789531868
-0.00213639956521
-0.00405988892993
-0.00447760220426
-0.00164331470176
-0.00350378323242
-0.00536399352048
-0.000841414032539
-0.0021234505535
-0.00404690744233
-0.00446680954986
-0.00163250147295
-0.00349295715354
-0.00535107102362
-0.000828479464036
-0.00211338290147
-0.004033371532
-0.00445546070265
-0.00162113099402
-0.00348157316419
-0.00533759011213
-0.000815864363739
-0.0021055863105
-0.00402081323756
-0.0044435557798
-0.0016092033828
-0.00335771434882
-0.0053235509264
-0.000808650158921
-0.00209762128432
-0.00400838486838
-0.00443109490419
-0.00159671876288
-0.00334521489904
-0.00530895361256
-0.000800876351902
-0.00209171580539
-0.00399540211963
-0.00441807820439
-0.00158367726355
-0.00333215791083
-0.00529379832249
-0.000792543023872
-0.0020852565518
-0.00246470339761
-0.00440450581466
-0.00145738526305
-0.0033185435197
-0.00527808521384
-0.000783650261846
-0.00207824358963
-0.00245061229506
-0.00439037787496
-0.00144323041575
-0.00330437186691
-0.00526181444999
-0.000774198158662
-0.00207067699056
-0.00243596722953
-0.00437569453092
-0.0014285191113
-0.00328964309945
-0.00524498620003
-0.000764186812973
-0.00206255683195
-0.00242076835115
-0.00424814960721
-0.00141325150187
-0.00327435737001
-0.00522760063881
-0.000753616329246
-0.00205388319678
-0.00240501581566
-0.00423235591406
-0.00139742774532
-0.00325851483702
-0.00520965794687
-0.000742486817752
-0.00204465617368
-0.00238870978441
-0.00421600728745
-0.0013810480052
-0.00324211566463
-0.00519115831044
-0.000730798394563
-0.00203487585692
-0.0023727682334
-0.00419910389566
-0.00136411245074
-0.00322516002264
-0.00517210192149
-0.000718551181546
-0.00202454234639
-0.00224945121604
-0.00418164591259
-0.00134662125684
-0.0032076480866
-0.00515248897763
-0.000705745306356
-0.00201365574759
-0.00223854193879
-0.00416363351777
-0.00132857460405
-0.00318958003769
-0.00513231968215
-0.00069238090243
-0.00200221617167
-0.00222707853576
-0.00414506689637
-0.00130997267859
-0.00317095606279
-0.00511159424404
-0.000678458108978
