-8.58993880674e-05
-0.00400178363923
-0.0020568753345
-0.000455042072281
0.000336593575354
-0.00285084688903
-0.00153963709135
-4.18130036159e-05
-0.00395840067748
-0.00202693577982
-0.00136112387658
0.000365445314834
-0.00279047694035
-0.00148049503146
3.80638697944e-06
-0.00391350805982
-0.00199549926598
-0.00133019465074
0.000395740737801
-0.00272874097374
-0.00142001238564
5.09551342006e-05
0.00097939469137
-0.00288901433305
-0.00129779439372
0.000427477720973
-0.00266564298723
-0.00135819292
9.96294783449e-05
0.00102729607389
-0.0028545911196
-0.00126392546634
0.000460654044504
-0.00260118705091
-0.00129504046934
0.000149825550973
0.000119414561231
-0.00281867837949
-0.00122859033103
0.000495267392738
-0.00254758894495
-0.00123055893601
0.000201539376392
0.000170309949181
-0.00278127880239
-0.00119179155098
0.000531315355011
-0.00251241304425
-0.00116475228878
-0.000702514921233
0.000222696548885
-0.00274239518247
-0.00115353178919
0.000568795426472
-0.00247583864184
-0.00109762456173
-0.000647777938735
0.000276570365901
-0.00270203041736
-0.00111381380753
0.000607705008937
-0.00243786815391
-0.00102917985303
-0.000591535758765
0.000331927307252
-0.00266018750708
-0.00107264046581
0.000648041411772
-0.00239850408298
-0.000959422323869
-0.000533792770597
0.000388763182915
-0.00261686955298
-0.00103001472071
0.000689801852797
-0.00235774901711
-0.000888356197191
-0.000474553462891
0.000447073707326
-0.00257207975657
-0.000985939624777
0.000732983459228
-0.00231560562908
-0.00186736326164
-0.000413822422046
0.000506854500922
-0.00252582141845
-0.000940418325385
0.000777583268637
-0.00227207667549
-0.00179489802972
-0.000351604330514
0.000568101091694
-0.00247809793706
-0.000893454063604
0.000823598229937
-0.00359112043409
-0.00173480625884
-0.0012200651957
0.000630808916771
-0.00242891280749
-0.000845050173101
0.000871025204397
-0.00354482895027
-0.00167339201237
-0.00115488742584
0.000694973324021
-0.00237826962029
-0.000795210079
0.000919860966675
-0.00349716066498
-0.00162222280526
-0.00108823721187
0.000760589573669
-0.00232617206014
-0.000743937296705
-0.000118832744649
-0.00344811866126
-0.00159723335545
-0.00102011960322
0.000827652839936
-0.0022726239046
-0.000691235430713
-6.71894238735e-05
-0.0033977061014
-0.00157087785416
-0.000950539736684
0.000896158212697
-0.0022176290228
-0.0017252892183
-1.41475002527e-05
-0.00334592622594
-0.00154315795151
-0.000879502834599
0.000966100699151
-0.00216119137408
-0.00166974034866
4.02894652474e-05
-0.00329278235269
-0.00151407538021
-0.000807014203037
0.0010374752255
-0.00317465634242
-0.00161277373109
9.61178305633e-05
-0.00323827787572
-0.00148363195497
-0.00184569396971
-0.00359336831991
-2.81570985412e-05
-0.0016550315437
-0.00445461355618
-0.00168656675767
-0.00255323775545
-0.00179712108337
-0.00355378750697
1.23252046291e-05
-0.00272087425792
-0.00438805065483
-0.00163963794026
-0.00250554409024
-0.0017492852337
-0.00305550739562
-0.00106075042307
-0.00267809893484
-0.0043199367238
-0.00159108595765
-0.00245620223647
-0.00169997917149
-0.0040914148173
-0.00101717158971
-0.00263375090656
-0.00425027750063
-0.00154091517661
-0.00240521677348
-0.002727725112
-0.00404729341263
-0.000972049745267
-0.0025878339022
-0.00419974791852
-0.00148913009307
-0.00235259241535
-0.0026754896467
-0.00400166517566
-0.000925388544908
-0.0025403517704
-0.00417755642154
-0.0014357353302
-0.0022983340088
-0.00262179518107
-0.00395453363321
-0.000877191756344
-0.00249130847777
-0.00415374738349
-0.00138073563639
-0.00224244653107
-0.00256664564052
-0.00390590241674
-0.000827463258386
-0.00244070810724
-0.00412832289132
-0.00132413588325
-0.00218493508771
-0.00251004504217
-0.00385577526104
-0.000776207039436
-0.00238855485651
-0.0041012851696
-0.00126594106356
-0.00212580491038
-0.0024519974935
-0.00380415600279
-0.000723427195943
-0.00233485303629
-0.00407263657956
-0.00120615628917
-0.00206506135461
-0.00239250719087
-0.00375104857918
-0.00066912793084
-0.00227960706866
-0.00404237961811
-0.00116444098381
-0.00200270989747
-0.00233157841815
-0.00369645702647
-0.000613313551933
-0.00222282148528
-0.00401051691672
-0.00113203515085
-0.00193875613525
-0.00226921554524
-0.00364038547852
-0.000555988470275
-0.00216450092565
-0.00397705124032
-0.00109799970713
-0.00187320578112
-0.00220542302656
-0.00358283816528
-0.000497157198508
-0.00210465013529
-0.00394198548611
-0.00106233769905
-0.00180606466272
-0.00214020539958
-0.00352381941131
-0.00043682434917
-0.00204327396392
-0.00390532268232
-0.00102505231042
-0.00301976478272
-0.00207356728333
-0.00346333363419
-0.000374994632989
-0.00198037736362
-0.00386706598694
-0.00226857292411
-0.00294946006449
-0.00200551337684
-0.00340138534299
-0.000311672857145
-0.0019159653869
-0.00382721868639
-0.00222805086868
-0.00287758272749
-0.00193604845761
-0.00333797913666
-0.000246863923514
-0.00185004318484
-0.00503690803968
-0.00218591579469
-0.00280413903285
-0.00186517738005
-0.00327311970246
-0.000180572826886
-0.00304078996264
-0.00499388989474
-0.0021421714213
-0.00273543954003
-0.00179290507391
-0.0032068118143
-0.00137395511758
-0.00297186314774
-0.00494929176033
-0.00209682159764
-0.00268959400649
-0.00171923654272
-0.00436415790167
-0.00130471504198
-0.00290144213273
-0.0049031174223
-0.00204987030115
-0.00264213037152
-0.00318056618735
-0.00350565285175
-0.00385759507687
-0.00430731022111
-0.00465893577153
-0.0050831784054
-0.00194000533221
-0.00196711248491
-0.00230783729873
-0.00248430667951
-0.00319224773191
-0.00389753993426
-0.00377563667068
-0.00453288490516
-0.00453093039849
-0.00197132897256
-0.0017195435702
-0.0024910641042
-0.00337465016134
-0.00291019613083
-0.000488847635467
-0.00375292404801
-0.00408172314571
-0.00444214042582
-0.00132983902268
-0.00166342961646
-0.0020255366267
-0.00244473675904
-0.00247203587989
-0.00296471754183
-0.00313867973142
-0.0038478147584
-0.00385160243926
-0.00443011326205
-0.005103873497
-0.00510190332114
-0.00595995401988
-0.00229282809056
0.000408729885295
-0.000482962766
-6.74659281439e-05
-0.00101372913488
-0.000731440212876
-0.0010581858552
-0.00143639671107
-0.00190077610975
-0.00223704618795
-0.00260084538368
-0.00295897129766
-0.00302034121256
-0.00362729221261
-0.00376717578096
-0.00447747851782
-0.00448130013412
-0.00505871056881
-0.00222717247597
-0.00220326049367
-0.00308937918086
-0.00283365121859
-0.00359139714966
-0.00449294833227
-0.00407415548942
-0.00153727668891
-0.00481885251642
-0.00515217382229
-0.00197667372588
-0.00244455991231
-0.00278342246888
-0.00314885919986
-0.00323364174712
-0.00365548324
-0.00426396049019
-0.000884782571654
-0.00161172340943
-0.0016155781023
-0.00220734619865
-0.00282703084807
-0.00271914682916
-0.00360431727641
-0.00334672277511
-0.00410171363385
-0.0050390909072
-0.00461710823451
-0.00548344272212
-0.00531011736098
-0.00579645446757
-0.00606092969741
-0.00653129161697
-0.00330192072492
-0.00017523407366
-0.000260649098816
-0.000778290274714
-0.00138969506302
-0.00145943374556
-0.00218747963983
-0.00219136645054
-0.0027820931883
-0.00339968035899
-0.00320655453435
-0.00409081622329
-0.00383143310978
-0.00458378442631
-0.00555764734743
-0.00183536150368
-0.00273091449987
-0.00577318889357
-0.00288857517064
-0.00317641642371
-0.00359089310849
-0.00393464706873
-0.00430388857608
-0.00441253266842
-0.00135956245601
-0.00197241378699
-0.00201416447314
-0.00273524596334
-0.00273916383134
-0.00332888364089
-0.00395505102847
-0.00369220437958
-0.00120774915316
-0.000946661419269
-0.00174978892696
-0.00275077767117
-0.00232277303883
-0.00321457664082
-0.00288360573004
-0.00342028846542
-0.00371151522308
-0.00404949859732
-0.00439553516627
-0.00476621921843
-0.00496338561322
-0.00554395692563
-0.00614669416365
-0.00256919306807
-0.00325434634212
0.000136999735645
-0.000476566007113
-0.00116013412486
-0.000895108690664
-0.00163559454984
-0.00137289218927
-0.00225850183145
-0.00326288113625
-0.00283731176919
-0.00373061613592
-0.00341200967621
-0.00392376653493
-0.00421824710091
-0.00454385745689
-0.00482672843883
-0.00519877971887
-0.00548566006608
-0.00606857750682
-0.00333891957647
-0.00338133766432
-0.00403671815567
-0.00404069454315
-0.00096544015209
-0.00170054489415
-0.00143341584347
-0.00207431796111
-0.00178039679271
-0.00277402823113
-0.00377618532164
-0.0033474807558
-0.00423678720417
-0.00391213275744
-0.00439839321019
-0.00469598490123
-0.00502384977162
-0.00187599973708
-0.00225548461147
-0.00263317652734
-0.00322826266741
-0.00383549417337
-0.00387822615027
-0.00449652256312
-0.00450052620537
-0.00513997991099
-0.00585928354616
-0.00194270894282
-0.00258063185659
-0.00226815237996
-2.818941995e-05
0.000274655885956
-0.000622453080862
-0.00153316962575
-0.00103798896782
-0.0014981980265
-0.0017934247207
-0.00212246470128
-0.00231851204999
-0.00265312440111
-0.00309632600096
-0.00369355439133
-0.00430201759332
-0.00434504872695
-0.00492573766129
-0.00492976708447
-0.00562251281751
-0.00548542035418
-0.00286493927693
-0.00348906975671
-0.00315790417302
-0.000485114615129
-0.000180243520595
-0.00107449568689
-0.00198157146413
-0.00147973066666
-0.00193505103311
-0.00221137157642
-0.00254243652274
-0.00273970602556
-0.00318577083774
-0.00352896886747
-0.00412822545243
-0.00430714153764
-0.00478116936897
-0.00207977410679
-0.0021069892749
-0.00285155181089
-0.0027135256063
-0.00331424221729
-0.00393566919009
-0.00358571493682
-0.00458220602453
-0.00427541851744
-0.00149659010239
-0.00240022335083
-0.00566513046096
-0.00234949348144
-0.00259856916466
-0.00293153263489
-0.00312994813865
-0.00370674409086
-0.000773022919444
-0.00127945443295
-0.00145946682432
-0.00193909092252
-0.00244966282013
-0.00252798669548
-0.00327253456997
-0.00313362733904
-0.0037326127542
-0.00435148966392
-0.00398267093467
-0.00497813077525
-0.00466954350301
-0.00552699040103
-0.00336449943779
-0.00604620793911
-0.00650687294975
-0.00673680634465
-2.36316229978e-05
-0.000307838578023
-0.000935153309931
-0.00126649884623
-0.00175828644212
-0.0018321331335
-0.00231200547119
-0.00295219134501
-0.00297828317362
-0.00366182827392
-0.00352209627715
-0.00411946123328
-0.00473595164364
-0.0012506642566
-0.00226153906123
-0.00195127573198
-0.00283616647379
-0.003722042462
-0.00320370010793
-0.00369536575184
-0.00391727089671
-0.00420056121498
-0.00461592969628
-0.00524282310732
-0.00172922881874
-0.00222240693123
-0.00228139217391
-0.00266097180264
-0.00342938571051
-0.0034556694305
-0.000948035322754
-0.000736199267472
-0.00136389195305
-0.00200939063048
-0.00159303996947
-0.00259427753828
-0.00228246864188
-0.00316518146728
-0.00404828467908
-0.00365262971102
-0.00416467568099
-0.00438925249406
-0.00463518921857
-0.00504384019889
-0.00567194074066
-0.00600783141231
-0.0064952073879
-0.002714427193
5.08719498366e-05
-0.000716303777706
-0.000742769339736
-0.00139325774583
-0.00117591871115
-0.00183662988769
-0.00249539411816
-0.00208823911428
-0.00308726961653
-0.00276358570463
-0.00363360514932
-0.00450330579093
-0.00408792801012
-0.00460333856064
-0.00483044709978
-0.00510376722801
-0.00550795048523
-0.0029658754714
-0.00330383645221
-0.00380424081168
-0.00386399171056
-0.00426432399285
-0.00502260930679
-0.00115672407196
-0.00180648254105
-0.00163533622404
-0.00229430558424
-0.00295038036888
-0.00255274803298
-0.00355044325939
-0.00322448272917
-0.0011305431147
-0.00053885054062
-0.00449216674668
-0.00190665204418
-0.00213283897608
-0.00245553453442
-0.00285190032399
-0.00337710867178
-0.00367049392763
-0.00417204341787
-0.00423213868185
-0.00464445363249
-0.00540373552701
-0.00543053164324
-0.00606196409982
-0.0020628287628
-0.0027201549732
-0.000372492664048
1.52927036493e-05
-0.000996260239178
-0.000668147849268
-0.00155728695283
-0.00096179628769
-0.00176068531435
-0.00228221201535
-0.00251062107087
-0.0028831711312
-0.00328217257527
-0.00378011490872
-0.00402463327271
-0.00450655712058
-0.00456696904861
-0.00499141262825
-0.00575161459852
-0.00279435552176
-0.00346188957938
-0.00335339037483
-0.00400553480983
-0.00361633159638
-0.000385886352008
-0.00139625513163
-0.00106612439931
-0.00195244863754
-0.00135339742526
-0.00210112460201
-0.00262537776466
-0.00288905824534
-0.00327865495959
-0.00368012538315
-0.00415028812559
-0.00439623521469
-0.001803998684
-0.00186469812657
-0.00236222101173
-0.00253882117117
-0.00316862672842
-0.00382425390482
-0.00371513187328
-0.0043658511973
-0.00397444879136
-0.00464883458605
-0.00563234850838
-0.00143174529682
-0.00231545330731
-0.00171309373769
-0.00240889198521
-0.00296276339449
-0.0032437673919
-0.00364138943825
-0.00103457350799
-0.00131342359898
-0.00172321530061
-0.00213697066173
-0.00216632668768
-0.00270300458619
-0.00288056591129
-0.00351055658625
-0.00415281175389
-0.00404311879358
-0.00469253187837
-0.00429911405064
-0.00498428724613
-0.00315340796049
-0.00281967479084
-0.00368344666002
-0.00307804496601
-0.00374664238249
-0.00432421030835
-0.00460736261569
-0.000960277339374
-0.00136610247607
-0.00163140679216
-0.00202722760066
-0.0024793166968
-0.00258190623662
-0.00303710975146
-0.00318806361312
-0.0038182225918
-0.00448647125721
-0.00433681975732
-0.00212237367645
-0.00172713353963
-0.00244975315233
-0.00345426933813
-0.0031189679856
-0.00398055410968
-0.00337238981395
-0.00318715401381
-0.00174891000463
-0.000218349673525
-0.00361302813017
-0.00205248424414
-0.000445101232187
-0.00412823138822
-0.00322428403789
-0.00179206301868
-0.000260848692262
-0.00367108199377
-0.00210935364276
-0.000512744975122
-0.00419058910073
-0.00325987239727
-0.0012006801018
-0.000301857480563
-0.00372769790017
-0.00216481229094
-0.00057903115714
-0.00425160601108
-0.00329391622697
-0.00124080536895
-0.000341372938501
-0.00378287179171
-0.00221885636908
-0.000643955483617
-0.0043112782942
-0.00269535093145
-0.00127941200661
-0.000379392070893
-0.00383659969934
-0.00227148214172
-0.000707513730586
-0.00436960219524
-0.00272629757871
-0.00194633601268
-0.00041591198841
-0.00388887774406
-0.00232268595879
-0.000769701746021
-0.00442657403067
-0.0027556918118
-0.00198189643153
-0.000450929908649
-0.00393970213818
-0.0023724642568
-0.000830515451105
-0.00448219018938
-0.00278353124288
-0.00201592948541
-0.000484443157173
-0.00398906918671
-0.00242081356005
-0.000889950841489
-0.00453644713377
-0.0028098136059
-0.0020484324887
-0.00052010667223
-0.00403697528859
-0.0024677304818
-0.000948003988537
-0.00458934140085
-0.00283453675747
-0.00207940287059
-0.000567314993298
-0.00408341693797
-0.00251321172539
-0.00100467104055
-0.0042025966502
-0.0028576986778
-0.00210883817618
-0.000613032383
-0.00412839072548
-0.0025572540854
-0.00105994822398
-0.00425275547722
-0.00287929747148
-0.00213673606736
-0.000657255365287
-0.00417189333939
-0.00259985444869
-0.000664425395873
-0.00430154169588
-0.00289933136823
-0.00216309432375
-0.000699980567444
-0.00421392156682
-0.00264100979552
-0.000716911840048
-0.00434895215189
-0.00291779872366
-0.00218791084361
-0.000741204721343
-0.00425447229491
-0.0022296148134
-0.00076799757575
-0.00439498377066
-0.00293469801991
-0.00221118364461
-0.000780924664653
-0.00429354251191
-0.00226787144675
-0.000817679153793
-0.00443963355822
-0.00295002786628
-0.00223291086464
-0.000819137342023
-0.00387364130787
-0.00230467457492
-0.000865953208926
-0.00448289860221
-0.00296378699982
-0.00225309076258
-0.000855839806234
-0.00390974187732
-0.0023400215618
-0.000912816460929
-0.00452477607278
-0.00297597428581
-0.00227172171892
-0.000428902301165
-0.00394435351789
-0.00237390986958
-0.000958265715689
-0.00456526322347
-0.00298658871825
-0.00228880223649
-0.000462575935423
-0.00397747363289
-0.00240633705962
-0.00100229786625
-0.00460435739213
-0.00305381855663
-0.00183899049432
-0.000494731174555
-0.00400909973188
-0.00243730079335
-0.00104490989385
-0.00464350838968
-0.0031212426272
-0.00189112278592
-0.000525365514596
-0.00403922943157
-0.00246679883307
-0.00108609886892
-0.00468379748418
-0.00350440479196
-0.00550305570332
-0.00198350447449
-0.00387780500951
-0.000804288901924
-0.00254126050289
-0.00456636622527
-0.00357315959889
-0.00556463640097
-0.00204657074095
-0.00394283668092
-0.000400180656252
-0.00260438429669
-0.00463039615474
-0.00364051152207
-0.00562476607996
-0.00210815406466
-0.00354162734741
-0.000464666849154
-0.0026659428264
-0.00469284039931
-0.00370645589308
-0.00568344033036
-0.00170055954423
-0.00360363840105
-0.000527619410162
-0.00272593082607
-0.00475369346946
-0.00377098812095
-0.00528176379386
-0.00175916289369
-0.00366413165944
-0.000589033159031
-0.00278434314135
-0.00481294999113
-0.00383410369369
-0.00533751431673
-0.00181626940295
-0.00372310226498
-0.000648903019636
-0.00284117473158
-0.00487060470799
-0.00344409276124
-0.00539179672415
-0.00187187463363
-0.00378054546236
-0.00070722402195
-0.00289642067186
-0.0049266524836
-0.00350436181097
-0.00544460697313
-0.00192597424716
-0.00383645660039
-0.000763991303987
-0.00295007615505
-0.00498108830364
-0.00356320115806
-0.000566686353226
-0.00197856400639
-0.00389083113378
-0.000819200113729
-0.00300213649381
-0.005033907278
-0.00362060662094
-0.000616540539286
-0.00202963977715
-0.00394366462489
-0.00087284581101
-0.0030525971225
-0.00508510464289
-0.00367657410425
-0.000664911015856
-0.00207919752985
-0.00399495274547
-0.000924923869382
-0.00310145359917
-0.00513467576289
-0.00373109960017
-0.000711794129858
-0.00212723334096
-0.00404469127835
-0.000975429877932
-0.00314870160735
-0.00518261613299
-0.0037841791898
-0.000757186329091
-0.00217374339456
-0.00409287611912
-0.00102435954308
-0.00319433695798
-0.00398236753483
-0.00383580904451
-0.000801084163529
-0.00221872398373
-0.00413950327773
-0.0010730295974
-0.00323835559112
-0.00402703342144
-0.00388598542729
-0.000843484286595
-0.00226217151206
-0.0041845688801
-0.00113320073921
-0.00328075357777
-0.0040700558449
-0.00393470469397
-0.000884383456398
-0.00230408249498
-0.00422806916968
-0.0011918101061
-0.00332152712152
-0.0037981699384
-0.00398196329457
-0.000923778536935
-0.00234445356113
-0.00427000050897
-0.00124885272807
-0.00336067256024
-0.00385317755287
-0.00402775777451
-0.000961666499268
-0.00238328145372
-0.00431035938099
-0.00130432374771
-0.00308418308705
-0.00390655593605
-0.00407208477585
-0.000372463407758
-0.00242056303176
-0.00434914239069
-0.00102703685498
-0.00313906307607
-0.00395830019607
-0.00411494103843
-0.000407328480769
-0.00245629527132
-0.00408298423588
-0.00107935055783
-0.00319233508466
-0.00400840557208
-0.00415632340112
-0.000440678002329
-0.00218544011521
-0.00411860583063
-0.00113007878111
-0.00324399435804
-0.0040568674364
-0.00178879774444
-0.000308126711978
-0.00522372589358
-0.00362388693969
-0.00193827867667
-0.00249511029027
-0.00540100133931
-0.00179247135772
-0.000311904330818
-0.00522761046946
-0.00362788113108
-0.00194238474266
-0.00249529313508
-0.00540118976524
-0.00179534794284
-0.00490405958721
-0.00523065225708
-0.00363100875812
-0.00194559997867
-0.00249455861503
-0.00465667489161
-0.00179742743885
-0.00490619796317
-0.00523285118443
-0.00363326974249
-0.00194792429963
-0.00174914881734
-0.00465497260774
-0.00179870980174
-0.00490751663668
-0.00523420719942
-0.00363466402758
-0.00121276810051
-0.0017465796551
-0.00465232503094
-0.00179919500432
-0.00490801557819
-0.00523472026993
-0.00291058815649
-0.00121331043044
-0.00174309326699
-0.00464873224008
-0.00179888303633
-0.00490769477654
-0.0045224138333
-0.00291024895999
-0.00121296173153
-0.00173868975079
-0.00464419434215
-0.00179777390437
-0.00490655423891
-0.00452124099838
-0.00290904302458
-0.00121172201302
-0.00173336922996
-0.00463871147229
-0.00179586763193
-0.00419839909087
-0.00451922524242
-0.00290697038047
-0.0012095913077
-0.00172713185367
-0.00463228379372
-0.00108696935942
-0.00419561917627
-0.00451636661317
-0.00290403107953
-0.00120656967197
-0.00171997779673
-0.00462491149774
-0.00108346894404
-0.0041920196574
-0.00451266517832
-0.00290022519538
-0.00120265718577
-0.00171190725959
-0.00461659480372
-0.00107917155994
-0.00418760061486
-0.00450812102552
-0.00289555282328
-0.00119785395261
-0.00170292046832
-0.00460733395902
-0.00107407729813
-0.00418236214758
-0.00450273426234
-0.00289001408017
-0.00119216009953
-0.00169301767457
-0.00459712923901
-0.00106818626643
-0.00417630437284
-0.0044965050163
-0.00288360910467
-0.00118557577711
-0.00168219915551
-0.00458598094698
-0.00106386205287
-0.00416942742622
-0.00448943343481
-0.00287633805701
-0.00117810115943
-0.00167046521384
-0.00457388941414
-0.00107146193093
-0.00416173146158
-0.00448151968518
-0.00286820111906
-0.00116973644406
-0.00165781617771
-0.00456085499951
-0.00107826524968
-0.00415321665108
-0.00447276395459
-0.00285919849428
-0.001160481852
-0.00164425240068
-0.00454687808994
-0.00108427186514
-0.00414388318514
-0.00446316645008
-0.0028493304077
-0.00115033762772
-0.00162977426169
-0.00453195909999
-0.00108948165013
-0.00413373127242
-0.00445272739849
-0.0028385971059
-0.00113930403906
-0.00161438216498
-0.00451609847192
-0.00109389449436
-0.00412276113979
-0.0044414470465
-0.00282699885698
-0.00112738137722
-0.00159807654006
-0.00386340731675
-0.00109751030436
-0.00411176627603
-0.00442932566052
-0.00281453595049
-0.00111456995673
-0.000944968482809
-0.00384566484951
-0.00253685811697
-0.00419348612816
-0.000994782365325
-0.00274218010569
-0.00325946664205
-0.000288792290323
-0.00217894251361
-0.0025415941871
-0.0041982476489
-0.000999564009476
-0.0027287922971
-0.00327599949942
-0.000305386873687
-0.00218999911473
-0.00254561818079
-0.00420229326817
-0.00100362672778
-0.00271468394027
-0.00329180921548
-0.000321255631333
-0.00220032607588
-0.00254893003002
-0.00420562291684
-0.00100697045023
-0.00269985527981
-0.00330689551376
-0.000336398283707
-0.00220992321351
-0.00188007776746
-0.00420823653801
-0.00100959511919
-0.00271042793945
-0.00332125813034
-0.000350814563909
-0.00221879035702
-0.00188196517181
-0.0035362532864
-0.000324280555585
-0.00204538321102
-0.00333489681382
-0.000364504217722
-0.00222692734874
-0.00188314029982
-0.00353743473078
-0.00032546699424
-0.0020582344219
-0.00266919474948
0.000311610187422
-0.00223433404392
-0.00188360313161
-0.00353790005035
-0.000325934280864
-0.00207036477324
-0.00268138486287
0.000299374498203
-0.00155698275074
-0.00188335365936
-0.00353764923715
-0.000325682407402
-0.00208177405453
-0.00269285036444
0.00028786612172
-0.0015629284705
-0.0018823918873
-0.00353668229549
-0.000324711378196
-0.0020924620677
-0.00270359105318
0.000277085261252
-0.0015681435373
-0.00188071783167
-0.00353499924187
-0.000323021209985
-0.00210242862712
-0.0027136067407
0.000267032107299
-0.00157262785831
-0.0018783315208
-0.00353260010508
-0.000320611931906
-0.00211167355964
-0.00272289725129
0.000257706837558
-0.00157638135368
-0.00187523299503
-0.00352948492612
-0.000317483585488
-0.00212019670459
-0.00273146242191
0.000249109616917
-0.00157940395657
-0.00187142230677
-0.00352565375823
-0.00031363622465
-0.00212799791382
-0.00273930210217
0.00024124059743
-0.00158169561315
-0.00186689952043
-0.00352110666689
-0.000309069915699
-0.00213507705167
-0.00274641615443
-0.00452821992963
-0.0015832562826
-0.00186166471248
-0.00351584372978
-0.000303784737318
-0.00214143399503
-0.00275280445373
-0.00453463214202
-0.00158408593712
-0.00185571797139
-0.00350986503683
-0.000297780780566
-0.00214706863331
-0.00275846688783
-0.00454031577419
-0.00158418456193
-0.00184905939766
-0.00350317069016
-0.000291058148866
-0.00215198086847
-0.00276340335726
-0.00454527072552
-0.00158355215527
-0.00184168910379
-0.00349576080408
-0.000283616957995
-0.00215617061503
-0.00276761377524
-0.00454949690827
-0.00158218872841
-0.00183360721428
-0.00348763550513
-0.00510455953188
-0.00215963780007
-0.00277109806777
-0.00455299424762
-0.00158009430564
-0.00182481386561
-0.00347879493198
-0.00510058649447
-0.00216238236323
-0.00277385617361
-0.00455576268161
-0.00157726892426
