-0.00189977758902
-0.000140793331812
-0.0032080914364
-0.00266656483081
-0.000721210103598
0.000744188479824
-0.00267633487318
-0.00187395476539
-0.000115040648643
-0.00316611181628
-0.00262481143889
-0.000702114839467
0.000763201767042
-0.00265743662911
-0.00184723210753
-8.83905371212e-05
-0.00312324971667
-0.00258218012875
-0.000833394721747
0.000783097822105
-0.00263766091282
-0.00181961034185
-6.08437178033e-05
-0.00307950627195
-0.00253867201678
-0.000812526901391
0.000803876126219
-0.00261700823378
-0.00179109021841
-3.24009346785e-05
-0.00305095866136
-0.0024942882404
-0.00079077361405
0.00067759927233
-0.00259547912363
-0.00176167251075
-3.06295507134e-06
-0.00302175467516
-0.00244902995789
-0.000768135430879
0.000700140427945
-0.00257307413609
-0.00173135801587
2.71694304606e-05
-0.00299166028603
-0.00240289834825
-0.00074461294575
0.000723562141083
-0.00269762733584
-0.00170014755404
5.82954082325e-05
-0.00296067629664
-0.00235589461104
-0.000720206775166
0.000747863803095
-0.00267347234284
-0.00166804196876
9.03141415396e-05
-0.00292880353238
-0.00230801996625
-0.000694917558189
0.000773044783059
-0.00264844326558
-0.0016350421266
0.000123224770769
-0.00289604284124
-0.00225927565414
-0.00066874595635
0.000799104427862
-0.00262254074549
-0.00187651678803
0.000157026413511
-0.00286239509372
-0.00222189695067
-0.000641692653567
-0.00408124745763
-0.00259576544572
-0.00184173112359
0.00019171816468
-0.00282786118272
-0.00218758220231
-0.000613758356057
-0.00405343253084
-0.00256811805104
-0.00180605393935
-5.76157620122e-05
-0.00279244202337
-0.00215238766841
-0.000584943792245
-0.00402474103086
-0.00253959926779
-0.00176948619304
-2.11465993707e-05
-0.002756138553
-0.00211631426873
-0.000555249712665
-0.00399517369871
-0.00251020982376
-0.00173202886489
1.62098215665e-05
-0.00301052275202
-0.00207936294466
-0.00052467688987
-0.00396473129716
-0.00247995046814
-0.00169368295749
5.44525062144e-05
-0.00297245355951
-0.0020415346591
-0.000493226118332
-0.00393341461062
-0.00244882197136
-0.00165444949563
9.35804379313e-05
-0.00293350299955
-0.00229440141743
-0.000460898214334
-0.00390122444506
-0.00241682512506
-0.00161432952622
0.000133592578151
-0.00289367209684
-0.00225482218306
-0.000427694015875
-0.00386816162789
-0.00238396074194
-0.00157332411809
0.000174487866516
-0.00285296189753
-0.00221436900379
-0.000393614382554
-0.00383422700786
-0.0023502296557
-0.00153143436192
0.000216265221019
-0.00281137346921
-0.00217304292732
-0.000648036089238
-0.00379942145498
-0.00231563272089
-0.00148866137004
0.000258923538136
-0.00276890790069
-0.00213084502227
-0.000612208250864
-0.00376374586036
-0.00228017081285
-0.00363301216582
-0.000504410388298
-0.0023682607105
-0.0042060509912
-0.000869514988355
-0.00260173653077
-0.00453370794861
-0.00360575738846
-0.000476517399336
-0.00233974838749
-0.00417694628221
-0.000839853602123
-0.0025595486547
-0.00449070399636
-0.00357755794437
-0.000447658024118
-0.00231024862774
-0.00414683402701
-0.000809165795209
-0.00251902688802
-0.00445541530522
-0.0035484146791
-0.000417833168574
-0.00227976239844
-0.00411571525387
-0.00077745265554
-0.0024984043444
-0.0044343930228
-0.00351832846545
-0.000387043767755
-0.00224829069779
-0.00408359102395
-0.000744715305782
-0.00247673173715
-0.00441230053713
-0.00348730020331
-0.000355290785682
-0.00221583455483
-0.00405046243114
-0.000710954903136
-0.00245400986639
-0.00438913869558
-0.00345533081958
-0.000322575215205
-0.00218239502931
-0.00401633060186
-0.000676172639144
-0.00243023957012
-0.00436490838556
-0.00342242126796
-0.000288898077843
-0.00214797321147
-0.00398119669489
-0.000640369739478
-0.00240542172404
-0.00433961053438
-0.00338857252889
-0.000254260423631
-0.00211257022194
-0.00394506190115
-0.000603547463729
-0.00237955724141
-0.00431324610906
-0.00335378560934
-0.000218663330959
-0.00207618721147
-0.00390792744353
-0.00056570710519
-0.00235264707287
-0.00428581611614
-0.00347512164434
-0.000182107906404
-0.00203882536081
-0.0038697945767
-0.000526849990634
-0.00232469220628
-0.00425732160152
-0.00343846149029
-0.000309850093527
-0.0020004858805
-0.00383066458683
-0.000486977480084
-0.00229569366653
-0.0042277636502
-0.00340086633458
-0.000271381436852
-0.00210096897971
-0.00379053879147
-0.000446090966584
-0.00226565251535
-0.00419714338616
-0.00336233728891
-0.000231957935459
-0.00206067798994
-0.00374941853926
-0.00040419187596
-0.00223456985112
-0.00416546197208
-0.00332287549078
-0.000191580806959
-0.00201941317897
-0.00384830279094
-0.000361281666575
-0.00220244680871
-0.00413272060914
-0.00328248210331
-0.000150251296271
-0.00197717587454
-0.00380519779438
-0.000462823239372
-0.0021692845592
-0.00409892053684
-0.00324115831508
-0.000107970675433
-0.00193396743322
-0.00376110257141
-0.00041789529648
-0.00230526208984
-0.00406406303269
-0.00319890533994
-6.47402434167e-05
-0.00188978924012
-0.00371601859293
-0.000371960802664
-0.00227002508342
-0.00419505079932
-0.00315572441688
-2.05613259273e-05
-0.00184464270873
-0.00366994735978
-0.000325021343932
-0.00223375259859
-0.00415808241509
-0.0031116168098
2.45647247904e-05
-0.00179852928071
-0.00362289040253
-0.000277078537546
-0.00219644594931
-0.00412006065752
-0.00306658380737
7.06365301539e-05
-0.0017514504256
-0.00357484928126
-0.000228134031761
-0.00215810648468
-0.00408098695391
-0.0049239624424
-0.00367064834662
-0.00244580404068
-0.00280984907405
-0.00158648965008
-0.00199430486527
-0.00114181660229
-0.00429702429705
-0.00460306319195
-0.00374529154525
-0.00384567616385
-0.00579813110721
-0.00497872145506
-0.00517505995016
-0.00467325184968
-0.00466230070663
-0.00409716498922
-0.00357091445328
-0.00325024332812
-0.00267090289296
-0.00218297898017
-0.00255911606863
-0.00396992721631
-0.00281223817368
-0.00318985764621
-0.0058845970319
-0.00611513855841
-0.00529206066203
-0.00450308383279
-0.00480984785157
-0.00395256138154
-0.00405318608873
-0.00313710591836
-0.0024249004651
-0.00262197151269
-0.00210814959752
-0.00498579315114
-0.00442022817568
-0.00389316477459
-0.00357130582816
-0.00299041504952
-0.00250319898893
-0.00106667103315
-0.00164289885225
-0.00440043366949
-0.00477956909636
-0.00356373957827
-0.00641882186336
-0.00547192623917
-0.00468379282201
-0.00499119559504
-0.00413433652898
-0.00423517274107
-0.00331908590434
-0.00272248977271
-0.00292024175928
-0.00240674299265
-0.00239571266793
-0.00181365820633
-0.00127794533029
-0.000954982338753
-0.0032852707749
-0.00279890465128
-0.00530273060081
-0.00588107680127
-0.00473105339683
-0.00511161306764
-0.00389683765345
-0.00271022655582
-0.0029157208501
-0.00210240983187
-0.00241036332442
-0.00429045612116
-0.00439147469801
-0.00347538211336
-0.00299495712757
-0.00319333671395
-0.00268013579306
-0.00266907030879
-0.00208664806711
-0.00155023879961
-0.0012262583182
-0.000641340661182
-0.00427030314963
-0.00560540690987
-0.00618572958134
-0.00503736718689
-0.00541925600016
-0.00420546438415
-0.00301948156291
-0.00325837338707
-0.00244282690373
-0.00274812396766
-0.00187313031821
-0.00104386651194
-0.00103678938411
-0.000459523741651
-0.00344101543397
-0.0029280862851
-0.0029169887189
-0.00233423089455
-0.00590786152907
-0.00558295272018
-0.00500048288418
-0.00451625103294
-0.00335789577728
-0.00394004830541
-0.00276670820482
-0.00570224028184
-0.0044893597527
-0.00330395880371
-0.00365223468977
-0.00283855111885
-0.00314525469309
-0.00227119614518
-0.00144238589668
-0.00143527582118
-0.000681048861925
-0.000880517270936
-0.000357446064661
-0.00450463669006
-0.00666260212372
-0.00612924364122
-0.0058034980848
-0.0052199364805
-0.0047369921906
-0.00361176180424
-0.00419559314153
-0.00302366422046
-0.00340791328803
-0.00216430448078
-0.000953893228072
-0.00402180190502
-0.00320988192324
-0.00351791716549
-0.00264474403158
-0.00181636326094
-0.00180922198655
-0.00506600558484
-0.00522014128555
-0.0047121841242
-0.0042357282983
-0.00411890255861
-0.00357700284481
-0.00325051433198
-0.00266395963342
-0.00493233404505
-0.00384089694582
-0.00442625191083
-0.00325560385488
-0.00364087815096
-0.00239802835257
-0.00124198742573
-0.00175724030944
-0.000930423227803
-0.00123971201496
-0.000353419339778
-0.00629250257639
-0.00628533192948
-0.00541462438151
-0.00539032791013
-0.0048825602576
-0.00440608206023
-0.00428902231872
-0.0037466795768
-0.00341954388776
-0.00283214486997
-0.00242165717923
-0.00404510841607
-0.00463182801963
-0.00346232727584
-0.00384851997109
-0.00260635013211
-0.00156012626852
-0.00207729462403
-0.00539742751069
-0.00570788855956
-0.00484660098761
-0.00401350696925
-0.00400630885095
-0.00310741137539
-0.0029036520622
-0.00502673454967
-0.00455023735107
-0.00443297886158
-0.00389025984478
-0.00356257451228
-0.00297445845309
-0.00265718033325
-0.00180464200164
-0.00239256379867
-0.00119368574971
-0.00158068763843
-0.00278908576663
-0.00596590455428
-0.00648485025952
-0.00569373659219
-0.00600528560058
-0.00514472155718
-0.00431197853716
-0.00430475492004
-0.00340545573753
-0.00318518419584
-0.00249632014162
-0.0020143656468
-0.00189694421227
-0.00136775709415
-0.00367947548083
-0.00309168417702
-0.00286718004106
-0.00195850560153
-0.00254746406644
-0.00545380003388
-0.00584149979135
-0.00460877464221
-0.0037925956842
-0.00431317603209
-0.00349463267871
-0.00627703225935
-0.00541713382129
-0.00458471371173
-0.00457746663602
-0.00367779789356
-0.00345681489171
-0.00258771293086
-0.00210574632391
-0.0019881982012
-0.00145877124171
-0.00113028497203
-0.000634753189811
-0.000410631109797
-0.00615188737073
-0.00674171429435
-0.00558387883634
-0.0044545861943
-0.004791998847
-0.00403483864742
-0.00455690663834
-0.00373956915858
-0.00405302992892
-0.00317020565477
-0.00232253665361
-0.00482419256562
-0.00392418740756
-0.00370255677739
-0.00275472350822
-0.0021705988987
-0.00205296069993
-0.00152336321368
-0.00119462786481
-0.000793580629189
-0.000569043185919
-0.00399965314456
-0.00459017805007
-0.00568814860467
-0.00455932592756
-0.00500690472062
-0.00425132005719
-0.00477472472126
-0.00395847083794
-0.00318272100185
-0.00339047050232
-0.00254306568553
-0.00253577806217
-0.0016233121398
-0.00140109948356
-0.00043571438224
-0.00220886227389
-0.00209117086503
-0.00156147264522
-0.00551743955246
-0.00521494447085
-0.00499004287387
-0.00407705274414
-0.00466810331916
-0.00348294374086
-0.00232903688767
-0.00288702392504
-0.00444184281249
-0.00496642956014
-0.00415113403015
-0.00337610826829
-0.00358433940559
-0.00273716827052
-0.00272986367033
-0.00181713030956
-0.000957622209949
-0.00062826145066
0.000192764101416
-0.00389198817426
-0.00336209724765
-0.00311872298956
-0.00532147468298
-0.00509629275903
-0.00412879922972
-0.00472020177188
-0.00353533820507
-0.00238166836714
-0.00305020582775
-0.00227344568254
-0.00279905668152
-0.00196175743722
-0.00116580648366
-0.00375162795136
-0.00290465933552
-0.00289734002232
-0.00198437488778
-0.005448759043
-0.00513955249523
-0.0044358222556
-0.00409413158402
-0.00356056601283
-0.0034032385394
-0.00298368756744
-0.00267878869068
-0.00415484706863
-0.00474642694112
-0.00356171251521
-0.00245820572154
-0.00318729099144
-0.00241154848582
-0.00293802306231
-0.00210142404051
-0.00130600218815
-0.00151500269563
-0.00065306155288
-0.00499711756432
-0.00409530235416
-0.00558889343294
-0.00540629026963
-0.00470180978793
-0.00435903861839
-0.00382296526025
-0.0035054817385
-0.00324172880308
-0.00287287252494
-0.00201721429667
-0.00260879639077
-0.00139865965836
-0.00256812629645
-0.00329815329977
-0.00252323619538
-0.00305041125658
-0.00221438024394
-0.0057430023683
-0.00595228840921
-0.00511825878131
-0.00511091699567
-0.00420894322855
-0.00342712001988
-0.00329767907808
-0.00258670172665
-0.00225833234396
-0.0040888207007
-0.00373841795654
-0.00347393826651
-0.00310407360664
-0.00199181863299
-0.00258322783408
-0.00137294569267
-0.000461713941767
-0.00119246068331
-0.000394797314697
-0.00524588692669
-0.0065987994183
-0.00582946778028
-0.00603897208871
-0.00520504836834
-0.00519769888841
-0.00429560391567
-0.00364164019207
-0.00351186502547
-0.00280027828532
-0.00249881602769
-0.00196727985264
-0.00157548989295
-0.00131036159284
-0.00330933800814
-0.00196875176679
-0.000830265289683
-0.00132121067816
-0.00480608261616
-0.0055373251153
-0.00477674384808
-0.00530482314589
-0.00448984406346
-0.00370395042524
-0.00391360509861
-0.00526473302515
-0.00525737824454
-0.00448300253568
-0.00382952617637
-0.00369945686139
-0.0029873338206
-0.00271301247116
-0.0021809153906
-0.00175598628861
-0.00149028931143
-0.00111105423994
-0.00210834016853
-0.00505054199351
-0.0055416674518
-0.00483748680156
-0.005568999704
-0.00480865546577
-0.00533693594161
-0.00452212000477
-0.00373634965587
-0.00394608635093
-0.00308453315346
-0.00313007977939
-0.00242219013321
-0.0017589852885
-0.00386027368345
-0.00314768896049
-0.00290071869106
-0.00236812770911
-0.00190999597732
-0.00164381184356
-0.00126390094043
-0.0044621369778
-0.00316886276962
-0.00372713703454
-0.00282854265457
-0.00557418643646
-0.0048138810289
-0.00410380365918
-0.00452740525304
-0.00374165510216
-0.00395140523457
-0.00308985855729
-0.00326406955588
-0.00255632205106
-0.00189308228222
-0.00176254816265
-0.00104044981574
-0.00082101625504
-0.000298650379441
-0.00203737258306
-0.00622390866612
-0.00583599475401
-0.00195773639249
-0.00178870624608
-0.00444358579316
-0.00248006013361
-0.000508194015594
0.0014950533646
-0.00380742063928
-0.00201845324646
-0.00184932179906
-0.00450399057524
-0.00254014807758
-0.000554055018815
0.00144956326044
-0.00388020321881
-0.00207831620806
-0.00190908476549
-0.00456354548958
-0.00259939024566
-0.000599061345858
0.001404921238
-0.00267731154969
-0.00213732375934
-0.00196799363478
-0.00462224904091
-0.00265778516538
-0.000643211874164
0.00136112839322
-0.00274846860374
-0.00219547440051
-0.00202604691447
-0.00468009975187
-0.00271533138198
-0.000697533439495
0.001318185803
-0.00281881038722
-0.00225276665013
-0.00208324313034
-0.00473709616326
-0.00277202745857
-0.000753833409247
0.00127609452514
-0.00288833524766
-0.00230919904528
-0.00213958082665
-0.00479323683413
-0.00282787197632
-0.000809287343244
-0.00348923625209
-0.00295704154739
-0.00121464077883
-0.00219505856626
-0.00484852034204
-0.00288286353463
-0.000863893869377
-0.00352962180912
-0.00302492766375
-0.00126934915131
-0.00224967493086
-0.00490294528314
-0.00293700075128
-0.0009176516336
-0.00358168252577
-0.00309199198919
-0.00132319339352
-0.00115329915814
-0.00495651027242
-0.0029902822626
-0.000970559300099
-0.00363413173522
-0.00315823293152
-0.00137617211841
-0.00120618859378
-0.00500921394383
-0.00304270672366
-0.00102261555144
-0.0036964102691
-0.00322364891406
-0.00142828395832
0.000354981608964
-0.00392352172533
-0.00309427280839
-0.00107381908874
-0.0037688788666
-0.00328823837581
-0.00147952756517
0.000303824545688
-0.00397449873957
-0.00314497920977
-0.0011241686318
-0.00384052594495
-0.00335199977161
-0.00152990161062
0.000253535661069
-0.00402461045329
-0.00203756972803
-0.00117366291928
-0.00391134979129
-0.00241542873469
-0.0015794047862
0.000204116257062
-0.00407385557798
-0.00208655291862
-0.00122230070886
-0.00398134870775
-0.00247752942746
-0.00162803580353
0.00015556761565
-0.00412223284492
-0.00213467262064
-0.000105904276007
-0.00405052101168
-0.0025387975157
-0.00167579339443
0.000107890998681
-0.00416974100535
-0.00218192760481
-0.000152825419514
-0.00411886503577
-0.00259923151941
-0.00172267631113
6.10876477143e-05
-0.0042163788306
-0.00222831666167
-0.000198886453615
-0.00305891443152
-0.00265882997531
-0.00176868332639
1.515878386e-05
-0.00426214511226
-0.00227383860173
-0.00024408621347
-0.00312559695645
-0.00271759143697
-0.00181381323364
-2.98943923723e-05
-0.00430703866231
-0.0023184922556
-0.000288423553974
-0.00319144629372
-0.00164514777711
-0.00185806484719
-7.40707012265e-05
-0.00435105831331
-0.00236227647418
-0.000331897349898
-0.00325646083938
-0.00170223097939
-0.00220522393125
-0.0040951281042
-0.000603569424402
-0.00244902778196
-0.00427945057816
-0.00131214603785
-0.00451706342837
-0.0022876517084
-0.00417917543906
-0.000689155155648
-0.00252008191981
-0.00435206495388
-0.00138625011789
-0.00302564686094
-0.00236923041211
-0.00426235978
-0.00077386481963
-0.00259021527489
-0.0044237407629
-0.00145939879955
-0.0031001768808
-0.00244995792015
-0.00434467888414
-0.000857696055117
-0.00265942574577
-0.00449447576784
-0.00153158971062
-0.00317373334937
-0.00252983212547
-0.00398195298612
-0.000940646517004
-0.00272771125239
-0.00456426775373
-0.0016028205023
-0.00324631378783
-0.00260885093644
-0.00406253495099
-0.0010227138766
-0.0027950697364
-0.00463311452827
-0.00167308884945
-0.00331791574199
-0.0026870122771
-0.00414224504554
-0.00110389582192
-0.00286149916136
-0.00470101392221
-0.001742392451
-0.00338853678267
-0.0027643140874
-0.00422108109119
-0.00118419005797
-0.00292699751309
-0.00476796378965
-0.00181072903029
-0.00345817450612
-0.00284075432345
-0.00429904092609
-0.00126359430706
-0.00299156279995
-0.00483396200834
-0.0018780963354
-0.00352682653432
-0.00291633095778
-0.00437612240543
-0.00134210630906
-0.00305519305308
-0.00489900648
-0.00194449213949
-0.00359449051542
-0.00299104197952
-0.00445232340166
-0.00141972382171
-0.00311788632674
-0.00496309513064
-0.00200991424118
-0.00382273089565
-0.00173309038776
-0.00452764180478
-0.0014964446209
-0.00317964069852
-0.00502622591085
-0.00207436046484
-0.00388841183345
-0.00180606421966
-0.00326534450594
-0.00157226650098
-0.00324045426971
-0.00508839679612
-0.00213782866096
-0.00395309782921
-0.00187816650877
-0.00333889146431
-0.000275458087353
-0.00330032516546
-0.00514960578716
-0.00220031670649
-0.00401678663937
-0.00194939531328
-0.00341154960745
-0.000349475587432
-0.00197044096015
-0.00520985091017
-0.00226182250513
-0.00407947604837
-0.00201974870923
-0.00348331689819
-0.000422587664944
-0.00202842097763
-0.00387628980936
-0.00232234398771
-0.004141163869
-0.00208922479073
-0.00355419131819
-0.000494792190866
-0.00208545284144
-0.00393460137843
-0.0023818791125
-0.00420184794278
-0.00215782167024
-0.00362417086826
-0.000566087056047
-0.00214153477516
-0.00399194331409
-0.00102123741077
-0.00426152614025
-0.00222553747881
-0.00369325356858
-0.000636470171491
-0.00220476285314
-0.00404831374754
-0.00107879380614
-0.00290109917629
-0.00229237036625
-0.00376143745896
-0.000705939468639
-0.00227127664945
-0.00410371083694
-0.00113535788635
-0.00295875935091
-0.00235831850145
-0.00382872059912
-0.000774492899647
-0.00233685133514
-0.00415813276775
-0.00119092772266
-0.00301540743884
-0.00490488371599
-0.00324873667791
-0.00422112961739
-0.00249760129755
-0.00484735594837
-0.00589711846676
-0.0033516595006
-0.00491015769588
-0.00324042735062
-0.00421263615342
-0.00249161290219
-0.00484123259656
-0.0058908619161
-0.00335151320884
-0.00491464171407
-0.0032313106981
-0.00420331750634
-0.00248478073408
-0.00483424647561
-0.00588372384855
-0.0041511093853
-0.00491833567724
-0.00322138691853
-0.00419317388782
-0.00247710495541
-0.00482639775892
-0.00587570444907
-0.00414915996326
-0.00492123950852
-0.00321065622759
-0.00418220552819
-0.00246858574836
-0.00481768664124
-0.00586680392541
-0.00414630904307
-0.00492335314748
-0.00319911885842
-0.00417041267637
-0.0024660303216
-0.00480811333866
-0.00585702250803
-0.00414255670199
-0.0049246765501
-0.00318677506154
-0.00415779559992
-0.00247245173705
-0.00479767808858
-0.00584636045014
-0.00413790304164
-0.00492520968886
-0.00317362510493
-0.00416277785997
-0.00247802948357
-0.00478638114965
-0.00583481802762
-0.00413234818805
-0.00492495255264
-0.00315966927388
-0.00416740794377
-0.00248276342877
-0.00477422280178
-0.00582239553901
-0.00412589229162
-0.0049239051468
-0.00314490787105
-0.0041712126224
-0.00248665346025
-0.00476120334609
-0.00580909330545
-0.00411853552713
-0.00492206749314
-0.0031293412164
-0.00417419180943
-0.00248969948562
-0.00475653283253
-0.00579491167067
-0.00411027809365
-0.00577547595025
-0.00311296964716
-0.00417634543717
-0.00249190143256
-0.000716748576804
-0.00577985100089
-0.00410112021459
-0.00577205793216
-0.00398434127058
-0.00417767345669
-0.00249325924877
-0.000718135891006
-0.00576391168485
-0.00409106213761
-0.00576784983034
-0.00398483234735
-0.00417817583782
-0.00249377290198
-0.000718660703328
-0.00574709413369
-0.00408010413462
-0.00576285173237
-0.00398451635273
-0.00505902342311
-0.00249344238001
-0.000718323000757
-0.00572939878094
-0.00406824650174
-0.00575706374222
-0.00398339329358
-0.00505787451197
-0.00339229037622
-0.000717122791665
-0.00572252859513
-0.00405548955924
-0.00575048598031
-0.00398146319429
-0.00505589998447
-0.00339027154747
-0.00163363473703
-0.00572042285866
-0.00404183365152
-0.00574311858343
-0.00397872609676
-0.00505309988547
-0.00338740862724
-0.00163070962557
-0.00662734816841
-0.00402727914706
-0.00573496170477
-0.00397518206041
-0.0050494742786
-0.00338370168351
-0.00162692216101
-0.00662348166427
-0.00494432713603
-0.00572601551388
-0.00397324875792
-0.00504502324621
-0.00337915080432
-0.00162227243725
-0.00661873491476
-0.00492797663955
-0.00571628019669
-0.00397237676863
-0.0050397468894
-0.00337375609772
-0.00161676056954
-0.00661310804249
-0.00491072879568
-0.00123937583998
-0.00301347117377
-0.00485766851238
-0.00223876599091
-0.00176778209626
-0.003460900303
-0.00113508137608
-0.00123233045078
-0.00300643790111
-0.00484615693592
-0.00222728471595
-0.0017563457199
-0.00345964614319
-0.001133830107
-0.00122453068083
-0.00299865154341
-0.00483389435542
-0.00221505440739
-0.00174416322971
-0.0034576480216
-0.00113183659077
-0.00121597667816
-0.00299011224793
-0.00482088100173
-0.00220207529427
-0.00173123485207
-0.0042647067862
-0.00195791928209
-0.00120666860507
-0.00298082017614
-0.00480711711972
-0.00300882511267
-0.00253803832019
-0.00426122086534
-0.00195444139503
-0.00119660663811
-0.00377520351486
-0.00559624308058
-0.00299434913321
-0.00252361890173
-0.00425699113445
-0.00195022141152
-0.00199084482803
-0.00376440643154
-0.00558097893261
-0.00297912511974
-0.00250845435737
-0.00425201767153
-0.00194525940903
-0.00197927565994
-0.00375285714133
-0.00556496507493
-0.00296315335684
-0.00249254496838
-0.00424630056829
-0.00193955547866
-0.001966953213
-0.00374055586231
-0.0055482018083
-0.00294643414291
-0.00247589102967
-0.00423983993015
-0.00193310972508
-0.00195387772059
-0.00372750282666
-0.00553068944739
-0.00292896779015
-0.00245849284981
-0.0042326358762
-0.00192592226656
-0.00194004943028
-0.00371369828067
-0.00551242832074
-0.00291075462451
-0.00244035075096
-0.0042246885392
-0.00191799323496
-0.00192546860373
-0.00369914248467
-0.00549341877073
-0.00289179498571
-0.00242146506889
-0.00421599806559
-0.00190932277569
-0.00191013551675
-0.00368383571305
-0.00547366115354
-0.00287208922713
-0.00240183615287
-0.00420656461544
-0.00189991104774
-0.00189405045922
-0.00366777825418
-0.00545315583916
-0.00285163771585
-0.00238146436572
-0.00419638836246
-0.00188975822361
-0.00187721373505
-0.00365097041045
-0.00543190321129
-0.00283044083258
-0.00236035008372
-0.00418546949398
-0.00187886448934
-0.00185962566221
-0.00363341249818
-0.00540990366735
-0.00280849897163
-0.00233849369661
-0.00417380821093
-0.00186723004448
-0.00185429589591
-0.00361510484763
-0.00538715761844
-0.00278581254089
-0.00231589560754
-0.00416140472782
-0.00185485510206
-0.00185093621756
-0.00359604780295
-0.00536366548927
-0.00276238196174
-0.00229255623301
-0.00414825927271
-0.00184173988859
-0.00184682299184
-0.00357624172216
-0.00533942771816
-0.00273820766909
-0.0022684760029
-0.00413437208724
-0.00182788464401
-0.0018419562966
-0.00356890352802
-0.00531444475698
-0.00271329011128
-0.00224365536035
-0.00411974342652
-0.00181328962171
-0.00183633622397
-0.0035632952853
-0.00528871707111
-0.00268762975006
-0.00221809476176
-0.0050402633397
-0.00274364517645
