0.00409304475874
0.0021291627945
0.00344111395073
0.00332149150506
0.00174240435552
-0.000456320822339
0.00327286571844
0.00416490962093
0.00218012861679
0.00349225150296
0.00339953953687
0.00182060965388
-0.000378267427076
0.00335575675131
0.00423799787943
0.00223235435236
0.00354465295067
0.000766739313333
0.0019000318055
-0.000298999190416
0.00343984488457
0.00431230567006
0.00228583715788
0.00359831542234
0.000847212708809
0.00198066660939
-0.000218520290167
0.00352512577485
0.00438782908083
0.00234057413046
0.00365323598639
0.000928892476397
0.00206250982023
-0.00013683494837
0.0036115950386
0.00446456415289
0.00239656230838
0.00370941165189
0.00101177435165
0.00214555714927
0.00227878185714
0.00369924825308
0.00454250688144
0.00245379867188
0.0031783673681
0.00109339753671
0.00222980426541
0.00236286724395
0.00378808095739
0.00462165321672
0.00251228014388
0.00323704403029
0.00115204157322
0.00231524679616
0.00244814615071
0.0038780886534
0.00470199906493
0.00257200359082
0.00329696647301
0.0012119307544
0.00240188032868
0.00253461418842
0.00396889686522
0.0047835402892
-3.62707993203e-05
0.00335813147588
0.00127306186509
0.00248970041075
0.00262226692877
0.00405604745328
0.00486627271052
2.59269747944e-05
0.0034205357632
0.00133543163485
0.0025787025518
0.00271109990521
0.00125200990755
0.00495019210875
8.93569921558e-05
0.00348417600474
0.00139903673883
0.00266888222389
0.00280110861396
0.00134150556651
0.0050352942235
0.000154015901243
0.0035490488166
0.00146387379855
0.00276023486276
0.00289228851491
0.00143216707706
0.00242574328498
0.000219900298102
0.00361515076204
0.00152993938277
0.00285275586876
0.00012894204261
0.00152118244056
0.00251319789567
0.00028700672718
0.00368247835234
0.00159723000831
0.00294644060794
0.000222450567665
0.00159910287186
0.00258994948492
0.000355331682173
0.00375102804764
0.00166574214095
0.00304128441295
0.000317116457031
0.00167821254962
0.00265562341441
0.000424871606878
0.00382079625782
0.00173547219625
0.00313728258413
0.000412935035479
0.00175850747913
0.00272251233827
0.000495622896047
0.00389177934339
0.00180641654044
0.000378737400304
0.000509901596461
0.00183998362405
0.0027906128028
0.000567581896257
0.00396397361631
0.0018785714913
0.000477030080298
0.000608011403091
0.00192263690742
0.00285992130514
0.000640744906773
0.00403737534092
0.00195193331902
0.000576462843181
0.000699134477208
0.0020064632125
0.00293043429419
0.000715108180426
0.00411198073483
-0.000785218622377
0.000677030869732
0.000784503751138
0.00209145838371
0.00170308721248
0.0023812524655
0.00292291650233
0.000814973014499
0.00116157037937
-0.000977936299084
-0.000388338517051
0.00178217420503
0.00245140049414
0.00299594846266
0.000890785100517
0.00125891572394
-0.000876407593954
-0.000282909878174
0.0018626373673
0.00252300156721
0.00307048563456
0.000968151824217
0.00135780897634
-0.000773281536047
-0.000175839722333
0.00194447124783
0.00259605036084
0.00314652204237
0.00104706653727
0.00145824132589
-0.000668568009971
-6.81858300279e-05
0.00202767033177
0.00267054147025
0.00322405162278
0.00112752249731
0.0015602038931
-0.000562276969224
2.32003523018e-05
0.00211222904255
0.00274646941167
0.00330306822702
0.00120951287054
0.00166368773291
-0.000454418432337
0.000116275298316
0.00219814174356
0.00282382862409
0.00338356562309
0.00407246516942
0.00176868383795
-0.000345002479055
0.000211029274148
0.0022854027398
0.00290261347114
0.00346553749795
0.00415750351495
0.00187518314175
-0.000234039246562
0.000307452447028
0.00237400627952
0.00298281824298
0.00354897745975
0.00424405524974
0.00198317652191
-0.000121538925745
0.000405534889627
0.00246394655592
0.00306443715813
0.00363387904003
0.00433211320034
0.00209265480329
0.00242386461403
0.00050526658438
-0.000505825855451
0.00314746436534
0.003720235696
0.00442167011489
0.00220360876108
0.00253940834243
0.000606637427792
-0.000413229738089
0.00323189394548
0.0038080408127
0.00451271866579
0.00231602912397
0.00265645830095
0.0007096372347
-0.000319314618288
0.000187793403259
0.0038972877053
0.00460525145223
0.00242990657711
0.00277500412032
0.000814255742516
-0.000224086506553
0.000275009709714
0.00078479319362
0.00469926100286
0.00536477500393
0.00289276325671
0.000920482615426
-0.00012755146019
0.00036361024316
0.000876903314952
0.00152345992177
0.00548153853419
0.00299643708842
0.00102830744855
-2.97155816699e-05
0.000453588831694
0.000970434760437
0.00162040031738
0.00226192116325
0.00310165477766
0.00113771977208
6.94149830071e-05
0.000544939244911
0.00106538058783
0.00171879466557
0.00238153306413
-0.000141037977918
0.00124870905531
0.000169834045934
0.000637655195777
0.00116173379606
0.00181863523855
0.00250255493302
-3.27610529901e-05
-0.00198818011817
0.000271535378911
0.000731730342501
0.00125948732746
0.0019199142508
0.00262497725615
7.70311353135e-05
-0.0018740687309
0.000374512715055
0.000827158290392
0.00135863406991
0.00202262386163
0.00274879049653
0.000188328946513
-0.00175841230108
0.000478759750395
0.000923932593723
0.00145916685904
0.00212675617769
0.00287398509668
0.00309989883351
-0.00164122156304
-0.00225767050166
-0.00358568174049
0.000597359442923
-0.00120270159164
-0.00299064004023
-0.00293247538186
-0.0006071583858
-0.000161763790747
-0.0019403060465
-0.00105756840459
-0.00263021063908
0.00204427086947
-0.000245262187168
-0.00244922286773
-0.00254556359812
-0.00070620360398
0.000511142199492
-0.00174328882179
-0.000611618552235
-0.00263021018541
0.00231860944513
-0.00264371012038
0.000640720432654
0.000981711317822
-0.000889753764915
-0.00269453328726
-0.00248465295131
-0.00105149780321
-0.000600928719106
-0.00237191513613
-0.00147960802848
0.00112608348265
0.00171560263147
-0.000569776570897
-0.00276816839865
-0.00184016146794
-7.45018937266e-05
0.00113043565728
-0.00101786359128
-0.000871697392145
0.000634426813352
0.00206233347255
-0.00297162996309
0.00031527197361
0.000430782027383
-0.00144061080741
-0.00324170448548
-0.00287634336883
-0.000533919517207
-7.87160893191e-05
-0.00185949417427
-0.00184909235454
0.000720620584867
0.00134932774607
-0.000878511661269
-0.0031595112481
-0.00230391736943
-0.000527450101951
0.000689483967506
-0.00123763921473
-9.44993357841e-05
0.00135685785416
0.00252210900864
-0.00323983778969
-1.83691896437e-05
-0.00194241032444
-0.00193747454907
-0.00373514810738
0.00119011541188
-0.000866712237505
-0.000407472732363
-0.00218236781747
-0.00127407566811
0.00103765358976
0.00167513457953
-0.000455885960274
-0.00358420880376
0.0011341503764
-0.000933769810094
0.000294128099946
-0.00169346136013
-0.000371520837667
0.000864060293321
0.00204081979654
-0.00294210363951
0.000150551898086
-0.00170003607709
-0.00169503926988
-0.00417264831609
0.000758588781121
-0.00114132994433
-0.000678705944043
-0.00244867136237
-0.00153415647077
0.000520408782926
-0.00168383809437
-0.000836866869262
-0.00312793757219
0.00162416597655
-0.000468880214966
0.000754907065826
-0.00214764332389
-0.000814916611468
0.000412858200365
0.00160035342184
0.0012970853673
-0.000327450161643
-0.00208234156398
-0.00207729057276
-0.00387709126151
0.00108543726332
-0.000665680192778
-0.000200369983892
-0.00265720760531
0.00231970568052
5.4085949615e-05
-0.00214255834623
-0.0012768772446
-0.00345168203809
0.00130711900138
-0.000778138014128
0.000334828275859
-0.00175532032374
0.00321075196699
0.000804651881526
0.00120180934781
0.000876553396963
-0.000747129452812
-0.00240436284424
-0.00239926529296
-0.00419669312951
0.000770384243654
-0.000820274067564
-0.000353014334455
-0.00214663411167
0.00257922107213
0.000292034057904
-0.00190139149709
-0.00167475263164
-0.00372305916521
0.00104143497423
-0.00105486401237
-3.80453368683e-05
-0.0021184145379
0.00283807158511
0.000440096586831
-0.00188158899215
-0.000701574696942
-0.000629638357411
-0.00219975536731
-0.00265928424457
-4.36738294106e-07
0.000516045861592
-0.00107873598987
-0.00065370542394
-0.00248638685135
0.00221601735561
-6.70335774061e-05
-0.00225435682694
-0.00137212182856
0.000496915007159
0.00142038768979
-0.00138706568772
-0.000362503336293
-0.0024342323016
0.00251117695711
0.000120433355201
-0.00219328356168
-0.000999044724607
-0.00092647962673
-0.00249372556627
-0.00238561655922
0.000260461121615
0.000779802488436
-0.00153399083042
-0.00110360705107
-0.00292819263924
0.00190943130582
-0.000370066914969
-0.00255215245975
-0.001663255755
0.000168049899334
0.00109888016942
-0.00104605502144
-1.48363935509e-05
-0.00209126222669
0.002829950955
-0.000153420035738
-0.00246022711696
-0.00123236722385
-0.0011593012191
-0.00272426052235
-0.00251783200746
0.000129258702347
0.000650539601265
-0.00147271554068
-0.00103754839049
0.00136147705818
-0.00068186483264
-0.000615712398434
-0.00279349186347
-0.00189912297089
-0.000107332609037
0.000829748459746
-0.00127606093183
-0.000239342064193
0.00126367742091
0.00253293545254
0.000221561900807
-0.00210135285813
-0.00114673781406
-0.00132677362008
-0.00289006882294
-0.00258485577296
6.27514204913e-05
0.0003160768977
-0.00181023544783
-0.00137092163061
0.00103436248004
-0.00105872464292
-0.000356072211412
-0.00254247077118
-0.00164388921254
0.0001069518932
0.000614029154034
-0.00145361158634
-0.000468264080282
0.00100724315494
0.00228369034921
4.1624058474e-05
-0.00227666501194
-0.00124810385775
-0.00117445126439
-0.00274229211101
0.00221155322155
0.000304412129891
3.8675875639e-05
-0.00208615543551
-0.00164339295271
0.000767092122728
-0.00137766944644
-0.000593381586615
-0.00266791876558
-0.00176643953963
-5.83369315212e-05
0.000887648652766
-0.00118170416307
-0.00025852531301
0.00122180915668
-0.00138277757592
-9.04636610648e-05
-0.00240533516241
-0.00128239416938
-0.00120866618185
-0.00277616300321
0.00204850915712
-8.64126324192e-05
6.77744374082e-05
-0.00206447860674
-0.00161901887807
0.000790904434793
-0.00163716702037
-0.000847371790813
-0.00278127398603
0.00217146505919
-0.00016742799366
0.000781104044148
-0.00134524211299
-0.000418512845672
0.00106588989955
-0.00116031023435
4.55844379126e-05
-0.00214965394108
-0.00124940251236
-0.00117574706646
-0.0027435748966
0.00168906328845
-0.000445444245298
-0.000141153078948
-0.00221306959042
-0.00176570740028
0.000589032369174
-0.0015945262808
-0.000813138768796
-0.00281933686239
0.00205304599092
-0.000219855984275
0.000729904678196
-0.00145515780509
-0.000526027045777
0.000961126231833
-0.00139773494946
-0.000185597724113
-0.00237415478854
-0.00115422515338
-0.00108078888181
-0.00292116635087
0.00139306425062
-0.000741095477753
-0.000434142924206
-0.00235509562895
-0.000111528411586
0.000449849986674
-0.00173154530508
-0.00101987398961
-0.00302121858809
0.00209104151016
6.90239553576e-06
0.000956558405255
-0.00148762058295
0.00299765583192
0.000756632346259
-0.0015858006836
-0.000368673240562
-0.00255189340262
-0.000987663639991
-0.000914589279496
-0.00315044633698
0.00118714432842
-0.000947485135869
-0.000638424558532
-0.00257010314296
-0.000295078606698
0.000374101000363
-0.00182228209491
-0.00116591469806
-0.00316379865842
0.00193532739936
6.82322164364e-05
0.00076986767718
-0.00168317885273
-0.000362569827892
0.000779490977014
-0.00151917358225
-0.000298356417948
-0.0026823384806
-0.00117219138528
-0.000973713859762
0.00125398810645
0.00102279483623
-0.00111163611662
-0.000801057186228
-0.00271948754075
-0.000441628024004
0.000206078445141
-0.00192284549396
-0.00128596842561
0.000711921589652
0.00179717499565
-1.0439321579e-05
0.000625762648419
-0.00182463149881
-0.000500798341267
0.000644933168806
-0.00160679687471
-0.000383626780672
0.000864743151528
-0.00181302899558
-0.00161225846264
0.00115781484549
0.000925947112446
-0.0012083659366
-0.00089688530766
-0.00280281499974
-0.000570177939905
5.07839532622e-05
-0.00200827925718
-0.00136989876235
0.000630378232122
0.00171796326675
-8.74784495336e-05
0.000537340997132
-0.00191141602732
-0.000585594105203
0.000562400729081
-0.00164366488551
-0.00041950210602
0.00082992817294
-0.00213429751232
-0.00193157445308
0.000864941065814
0.000632872354165
-0.00149184949226
-0.00118010017959
0.00151490163676
-0.000663075913473
-4.04554548979e-05
-0.00203053784829
-0.00139176450041
0.000609026619178
0.00169722067664
-0.000107544130419
0.000504972658996
0.0018108488335
-0.000617219654416
0.000531605821627
-0.00162965065991
-0.000405865406077
0.000843161632046
-0.00238960185325
-0.00218529996125
0.00090418967237
0.000672397167074
-0.00146457702626
-0.00361705687095
0.00117259810794
-0.000924193928814
-0.000301086788741
-0.00198950267578
-0.00135145320603
0.000648390547386
0.00173546232997
-7.05499024941e-05
0.000528793063642
0.00183422694217
-0.000594378891867
0.000553835191002
-0.00160779446282
-0.000342761192974
0.000904402845749
-0.00257738214994
0.00226230594474
0.000768422156487
0.000744712061142
-0.00150882621921
-0.00366106082465
0.0011291852558
-0.000885472229613
-0.000263058550774
-0.00213683396523
0.00260913589234
0.000518027226766
0.00160226143371
2.33441070055e-05
-0.0025978116612
0.00191265602074
-0.000517748171308
0.000628419370833
-0.00153543564867
0.00327372971468
0.00101346413886
-0.000998537402949
0.00299387744841
0.000160372101403
0.00156687638077
0.00154103997556
0.00153393780992
-0.000920044848476
-0.00101043956895
0.00299975700925
0.000166279943404
0.00157278466091
0.00155528047058
0.00154813372069
-0.000899078891962
-0.0010209231816
0.00300706000071
0.000173618055464
0.00158012331708
0.000224965174227
0.00156375309921
0.00288591194856
-0.00102998753649
0.00301578592944
0.000182385937084
0.00158889184865
0.000242060432339
0.00158079488844
0.00290969635703
-0.0010376320242
0.00302593420627
0.000192582990555
0.00159908965779
0.000260581375542
0.00159925793628
0.00293488766577
-0.0010438561305
0.00303750414639
0.000204208521159
0.00161071604962
0.000280526745319
0.00161914099594
0.00296148420289
-0.00104865943652
0.00305049496961
0.000217261737407
0.00027778652606
0.000301895188017
0.00164044272638
0.00298948420612
-0.0010520416189
0.00303306984937
0.000231741751306
0.000292267611759
0.00425358967693
0.00166316169275
0.00301888582337
-0.0010540024499
0.00299958320047
0.000247647578662
0.000308174615883
0.00427779982629
0.00168729636687
0.00302822655421
-0.00105454179744
0.00296750366756
-0.00106446527808
0.000325506458132
0.00430342842152
0.00171284512772
0.00298469178685
-0.00105365962521
0.0029368333956
-0.0010457111595
0.00034426196268
0.0043304737333
0.00173980626201
0.00294254283692
-0.00105135599261
0.00290757443938
-0.0010317085559
0.000364439858573
0.00435893393977
0.00176817796476
0.00290178246242
-0.0010476310548
0.00287972876289
-0.00105958908941
0.00302863305802
0.00438880712712
0.00179795833983
0.00579334787839
0.00134904467259
0.0015062113806
0.00295116963157
0.00305165154541
0.00442009129022
0.00182914540062
0.00418510545519
0.00135561137279
0.00148119778894
0.00292612467544
0.00304925238526
0.00445278433333
0.00186173707069
0.0041485265118
0.00133516890504
0.00145760281758
0.00290250009555
0.00301470399491
0.00448688407074
0.00187541822035
0.00411334632846
-1.2129428222e-05
0.00143542806097
0.00288029749233
0.00298156520872
0.0044643341672
0.00183588050368
0.00407956723539
-3.18108113696e-05
0.00141467501976
0.00285951837207
0.00294983825216
0.0044327058871
0.000267083828705
0.00404719147485
0.00412835128743
0.0013953451003
0.0028401641464
0.00291952526029
0.00440248726649
0.000230342040309
0.00401622120048
0.0041115047076
0.00137743961417
0.00282223613185
0.00289062827702
0.00437368033041
0.000195001917302
0.00398665847652
0.00409607727688
0.00136095977774
0.00280573554938
0.00286314925447
0.00279652713317
0.000161065810549
0.00395850527718
0.00124999369942
0.00205046675153
0.00123624581537
0.00251351722062
2.82118075426e-05
0.000577939150961
0.00131638941497
0.00122340879077
0.00202253365881
-0.000349220818726
0.00248293753528
0.00358847430348
0.000611296442457
0.00135160831945
0.0011984734684
0.00199633251011
-0.000376686503047
0.000854621490186
0.00362192031851
0.000646750232561
0.00138903724001
0.00117519001291
0.00197186594934
-0.00040233513122
0.000827831369201
0.00200065375216
0.000684295266691
0.00142867000412
0.00115356055761
0.00194913645024
-0.000426163855261
0.00080294100593
0.00203804743889
-0.000937247999864
0.00147050010083
0.00113358708756
0.00192814631514
-0.000448170023927
0.000779953420235
0.00207740772005
-0.000895537400691
-0.00020252195758
0.00111527143867
0.00190889767379
-0.000468351184182
0.000758871406811
0.00211872944621
-0.000851753049927
-0.000156318055846
0.00109861529682
0.00189139248232
-0.000486705082554
0.000739697533495
0.00216200723066
-0.000805901340657
-0.000107938331507
0.00108362019717
0.0018756325222
-0.000503229666385
0.000722434139718
0.002161343814
0.00280266867329
-5.73905947175e-05
0.00107028752337
0.00186161939938
-0.000517923084971
0.000707083335083
0.00213209993595
0.00285263483012
-4.68296574978e-06
0.00105861850698
0.00184935454347
-0.000530783690597
0.000693646998082
0.0020774245874
0.00290464754277
5.01761312758e-05
0.00104861422688
0.001838839207
-0.000541810039455
0.00068212677495
0.00202468277932
0.00295869935202
0.000102144363235
0.00104027560878
0.00183007446477
-0.000551000892456
0.000672524078663
0.00197388131773
0.00301478254457
7.00623941725e-05
0.00103360342478
0.00182306121334
0.00276571619512
0.00066484008807
0.00192502678845
0.00304999572842
4.01755738244e-05
0.00102859829303
0.00181780017053
0.00276019922888
0.000659075747169
0.00187812555308
0.00300090653251
1.2488761412e-05
0.00102526067744
0.0018142918751
0.00275652024109
0.000655231764535
0.00183318374495
0.00295386356872
0.00361833144422
0.00102359088745
0.00181253668641
0.00275467964618
0.000653308612875
0.00179020726528
0.00290887359037
0.00359505784215
-0.000638344880632
0.00181253478431
0.00275467765152
0.000653306528745
0.00174920177941
0.00286594308387
0.00357399674206
-0.000636678709574
9.20323099472e-05
0.00275651425734
0.000655225512402
0.00171017271317
0.00282507826421
0.00355515160287
0.00253725265457
9.55368019607e-05
0.000983436728906
0.000659065327802
0.00167312524937
0.00278628507058
0.00353852552566
0.00254225416873
0.000100794042318
0.000988949707852
-0.00111192702505
0.00163806432448
0.00274956916218
0.00352412125117
-0.00244785127939
-0.00219495847159
-0.00200160627947
-0.00183474245195
-0.00162029018484
-0.00134420361564
-0.00391488705264
-0.0025009559339
-0.00226143120727
-0.00204086692979
-0.00187563902254
-0.00166288157492
-0.00138853434014
-0.00396098081079
-0.00255299770726
-0.00232681912187
-0.0020954196744
-0.00191532259273
-0.0017042116306
-0.00143155437214
-0.00400571410989
-0.00260397457505
-0.00239111951572
-0.00216230803213
-0.00195379117833
-0.00174427811371
-0.00147326119162
-0.00404908412152
-0.000988310982186
-0.00245432972535
-0.00222806669896
-0.00199104285176
-0.00178307884945
-0.0015136523493
-0.00409108809597
-0.00432760976285
-0.00080514003044
-0.00229269272868
-0.00202707574254
-0.00182061172696
-0.00155272546737
-0.00417097470426
-0.00438584736509
-0.000866162028358
-0.000600571244816
-0.00208364044295
-0.0018568746999
-0.00159047824015
-0.00426326974491
-0.00444344421125
-0.000926086073669
-0.000662923325332
-0.00214850959383
-0.00189186578696
-0.00167709606445
-0.00435429646864
-0.0044999800727
-0.000984909652637
-0.000724134177091
-0.000420019114574
-0.0019367543064
-0.00176325378302
-0.00444404947676
-0.00455545274537
-0.00104263029022
-0.000784201020555
-0.00048251913908
-0.000180145364857
-0.00184817439597
-0.00453252341608
-0.00460986006073
-0.00109924555055
-0.00084312111935
-0.000543829968817
-0.000260392700847
-4.86192784148e-05
-0.00461971298028
-0.00466319988614
-0.00450436177915
-0.000900891780859
-0.000603948580004
-0.000339436717831
-0.000131051543194
-0.00282237901396
-0.00471547012527
-0.0045587591366
-0.000957510356802
-0.0006628719977
-0.000417273302086
-0.000212232657674
-0.00290698410353
-0.0047666687185
-0.0046120440492
-0.00101297424381
-0.000720597296494
-0.000493898384387
-0.000292158034478
-0.00299028919431
-0.00481679364333
-0.00466421424266
-0.00106728088401
-0.000777121601192
-0.000569307940965
-0.000370823135254
-0.00307228918143
-0.00486584291471
-0.00471526748427
-0.00112042776555
-0.000832442087502
-0.000643497994467
-0.000448223471833
-0.00315297901389
-0.00491381458546
-0.00476520158333
-0.0011724124232
-0.000886555982696
-0.000716464614906
-0.00052435460738
-0.00323235369591
-0.00496070674664
-0.00481401439162
-0.00122323243887
-0.000939460566282
-0.000788203920618
-0.000599212157549
-0.000346021106175
-0.00500651752789
-0.00486170380385
-0.00467951068318
-0.000992259208215
-0.000858712079201
-0.000672791791627
-0.000422750727799
-0.00505124509782
-0.00490826775807
-0.00472799435187
-0.00105861627609
-0.000927985308464
-0.000745089233676
-0.000498150556839
-0.00509488766434
-0.00495370423615
-0.00477530641251
-0.0011237814664
-0.000996019877352
-0.000816100263668
-0.000572215832244
-0.00231360109467
-0.00077708441384
-0.00466643881618
-0.00179733714164
-0.00182309513024
-0.00398619345964
-0.00410631969131
-0.00234025056952
0.000440994372628
-0.00471163834822
-0.0018430031933
-0.001869144126
-0.00403550175483
-0.00415597233635
-0.00236598779193
0.000414941988269
-0.00475591807399
-0.00188774037935
-0.00191425682978
-0.00408386932244
-0.0042046780423
-0.00239081204208
0.000389813595884
-0.00479927671516
-0.00193154738205
-0.00195843189088
-0.00413129469532
-0.00425243531158
-0.00241472262498
0.000365609916207
-0.0048417130177
-0.00197442290863
-0.00200166798416
-0.00278109431854
-0.00429924267271
-0.00243771887055
0.000342331644156
-0.00488322575203
-0.00201636569149
-0.00204396381023
-0.00282663100321
-0.00434509868054
-0.0024598001337
0.000299497434787
-0.00492381371323
-0.00205737448837
-0.00208531809563
-0.00287122124625
-0.00439000191643
-0.00250198465948
0.000251213519791
-0.00373605124119
-0.00209744808255
-0.00212814234337
-0.00291486368424
-0.00443395098848
-0.00254877214635
0.000203838249212
-0.00377478614081
-0.00213658528302
-0.00217106953197
-0.0029575569802
-0.00447694453175
-0.00259466038924
0.000157372962185
-0.0038125928021
-0.00217478492462
-0.00221305446952
-0.00299929982379
-0.00310834415758
-0.00263964811984
0.000111818974675
-0.00384947012038
-0.00221204586828
-0.00225409588699
-0.00304009093151
-0.00314942265727
-0.0026837340924
-0.00280781707118
-0.00388541701646
-0.00224836700111
-0.00229419254163
-0.00307992904689
-0.0031895416971
-0.00272691708393
-0.0028515446053
-0.00392043243673
-0.00103045753703
-0.00233334321722
-0.00311881294067
-0.00322870002193
-0.00276919589433
-0.00289435703278
-0.00395451535339
-0.0010683323896
-0.00237154672419
-0.00315674141101
-0.00326689640459
-0.00281056934657
-0.00293625313208
-0.00398766476455
-0.0011052668134
-0.00240880189985
-0.00319371328366
-0.00330412964603
-0.00176618704844
-0.00297723170571
-0.00401987969436
-0.00413983806371
-0.00244510760853
-0.0032297274121
-0.00334039857553
-0.00180574634632
-0.00301729158038
-0.00405225132057
-0.00417488833585
-0.00248046274175
-0.00326478267778
-0.00337570205084
-0.00184439689492
-0.00305643160717
-0.00409181746882
-0.00420899493836
-0.001251406074
-0.00329887799024
-0.00341003895842
-0.00188390441215
-0.0030946506617
-0.00413045295868
-0.00424215684444
-0.0012848568405
-0.00333201228731
-0.00344340821354
-0.00192717151734
-0.00313194764425
-0.0041681566545
-0.00427437305434
-0.00131735387095
-0.00646375272343
-0.0034758087605
-0.00196953186306
-0.00207099531305
-0.00420492744628
-0.00430564259545
-0.00134889616728
-0.00649496191709
-0.00350723957277
