0.000371617404563
0.00481467337172
0.00344137493648
0.00220256192589
0.00094604281202
0.00341924255187
0.00231081970433
0.000411735647639
0.00485519343157
0.00348164373622
0.00224243480832
0.000978176972595
0.00345093681612
0.00204715468087
0.00045312745403
0.00489697669102
0.00352316820464
0.00228355148135
0.00471690342809
0.00348385242985
0.00207952079405
0.00049579054654
0.00494002088779
0.00356594612069
0.00232590978788
0.00475151164009
0.00087709778115
0.00210930487812
0.000539722583713
0.00498432369693
0.00360997520171
0.00236950751089
0.00210804721828
0.000912451072617
0.00212913790925
0.000584921160454
0.00502988273152
0.00365525310411
0.00241434237401
0.00214512234612
0.000949020576476
0.00215017900484
0.00063138380867
0.00507669554321
0.00370177742388
-0.000181124253363
0.0021834281063
0.00098680446521
0.00217242713713
0.000679107997921
0.00512475962292
0.00107761475833
-0.000133822173748
0.00222296253616
0.00102580085446
0.00219588122064
0.00462818183424
0.00517407240146
0.00112662446252
-8.60385760512e-05
0.00226372361449
0.00106600780347
0.00222054011249
0.00635600517128
0.00252267493709
0.00117687301614
-4.36158188821e-05
0.00230570926199
0.0011074233156
0.00224640261264
0.00640749818762
0.00257447716861
0.00122835778001
4.15580276719e-08
0.00234891734181
0.00115004533874
0.00227346746419
0.00373136954647
0.00262752003743
0.00128107605781
4.49312926465e-05
0.00239334566005
0.00119387176589
0.00230173335367
0.00378536134958
0.00268180074068
0.00133502509673
9.10510648488e-05
0.00243899196637
0.0012389004356
0.00233119891137
0.00384059824004
0.00273731641883
0.00139020208815
0.000138398496996
0.00248585395444
0.00128512913251
0.00236186271167
0.00389707727037
0.00279406415636
0.00144660416839
0.000186971154529
0.00253392926261
0.00133255558789
0.00239372327336
0.00395479543639
0.00285204098255
0.00150422841935
0.000236766546574
0.0025832154744
0.0035719722759
0.00242677906001
0.00401374967803
0.00291124387219
0.00156307186927
0.00396705298264
0.00263371011915
0.00362178723117
0.00246102848034
0.00407393688008
0.00297166974632
0.00162313149346
0.00401928614892
0.00268541067255
0.00367279282385
0.00249646988859
0.00413535387296
0.00303331547301
0.00168440421502
0.0040727342454
0.00273831455733
0.00372498657715
0.00253310158487
0.00418633816159
0.0030961778681
0.00174688690558
0.00412687754518
0.0027924191438
0.00377836596372
-0.000166273415376
0.00423120423981
0.003160253696
0.00181057638606
0.00417328382123
0.00284772175051
0.00383292840619
-0.000127266456958
0.00309452785249
0.00188028880613
4.1909172935e-05
0.00122934288498
0.00278598901314
0.00100883581538
-0.000327605720692
0.00313604493857
0.00191203587575
7.45739292634e-05
0.00126284490364
0.00284120621101
0.00106542139412
-0.000291881025919
0.00317887647173
0.00194514225776
0.000108636301079
0.00129777941044
0.002897856801
0.00112347320119
-0.000254621850986
0.00322301993874
0.0019796058911
0.000144094045214
0.00133414398708
0.00295593677112
0.00118298692746
-0.000215831160314
0.00326847275604
0.00201542463468
0.000180944831704
-0.00125107477033
0.00301544202367
0.0012439581728
-0.000175512032072
0.00331523227055
0.00205259626796
0.000219186244541
-0.00121185768083
0.00307636837664
0.00130638244764
-0.000133667656974
0.00336329576038
0.00209111849165
0.000258815782448
-0.00117121833216
0.00311897371977
0.00455568306481
-9.03099566324e-05
0.00341266043562
0.00213098892844
0.00338785809853
-0.00112915951027
0.000493110507221
0.00459485240807
-5.01605587202e-05
0.0034633234391
0.00217220512367
0.00343025604569
-0.00108568409073
0.00053752372727
0.00463550816955
-8.48896689522e-06
0.0035152818472
0.0022147645461
0.0034740341106
-0.00104079503782
0.0005833796565
0.00467764730529
3.47015440843e-05
0.00356853267064
0.00225866458864
0.00351918945913
-0.000994495403533
0.000630675044676
0.00472126666905
0.00279192044449
0.000900150142784
0.00230390256914
0.00356571917613
-0.000946788326565
0.000679406549758
0.0020452405474
0.00283813853296
0.000955976570687
0.00235047573122
0.00361362026631
-0.000897677031296
0.000729570739037
0.00209181052501
0.00288586506474
0.00101308606059
0.002398381245
0.00366288965518
-0.00084716482673
0.0007811640903
0.00213985068969
0.00293509633511
0.00107147536902
0.00244761620801
0.00371352419003
-0.000795255105424
0.000834182993022
0.00218935749777
0.000273319871704
0.00113114119111
-0.000231571661019
0.00376552064086
-0.000741951342396
0.000888623749576
0.00224032730924
0.000325549090078
0.00119208016151
-0.000179686793172
0.00381887570139
-0.000687257094005
0.000944482576467
0.00229275638913
0.000379271313943
0.00125428885524
-0.000126481610657
0.00387358599007
-0.00063117599682
0.00100175560559
0.00234664090879
0.00043448243079
0.00129334334845
-7.1959297774e-05
0.00114869788854
-0.000573711766464
0.00106043888549
0.00240197694723
0.000491178229854
0.00133287401522
-1.61231070375e-05
0.00120610819292
0.0024193078127
0.00112052838269
0.00245876049247
0.000549354403645
0.00137370377353
4.1023641747e-05
0.00126486313949
0.00547121156465
0.00118201998296
0.00251698744294
0.000609006549506
-0.00416171414639
0.000166935079996
4.9745152185e-05
-0.00103416229292
-0.00145442664987
-0.00263232261722
-0.0027807134175
-0.00323364083153
0.00144858065647
0.000152718253822
8.32378842311e-05
-0.000606408342425
-0.000628366302751
-0.00205791304223
-0.00348516122715
-0.0032835008256
0.000336353264163
0.000789463986789
-0.000832950156146
-0.000433561227775
-0.00198063228625
0.000299342199581
-0.000841160855182
-0.00126199314366
-0.00146812148863
-0.00189118086579
-0.00307099434562
-0.00322038948713
0.00047353716542
0.00100769359013
-0.000319027159733
-0.000389016950723
-0.00167979827234
-0.00309629680791
-0.00241504350581
-0.00388135888145
0.000964113442629
-0.000533002194296
0.000379352542456
-0.00121807758936
-0.00081637487852
-0.00236041424945
-0.000106043497552
-0.001220686313
-0.00164395159539
-0.0027626140591
-0.00229617063192
-0.00347778540159
0.00119533983551
1.64545786095e-05
-0.000207210142853
-0.000759071553581
-0.00219013761214
-0.00211984388247
-0.00342077047981
-0.00334447769341
0.000397362690581
0.000581324483291
-0.00091390054595
-0.000455284044184
-0.00157122007977
-0.00116737213163
-0.00270860130798
-0.00154646129902
-0.00158247819312
-0.0020194935843
-0.0031327966385
-0.00356092521014
6.29432494644e-05
0.00082015681131
-0.000408660635175
-0.000633819430421
-0.00192716216548
-0.0025982750903
-0.00252753000743
-0.00382432588118
0.00105537647942
-0.000572179749142
0.000231306158653
-0.00126217053427
-0.000801096312422
-0.00234219682972
-0.00193638120914
0.00141233925633
-0.00188829582242
-0.00299771167831
-0.00239596339609
-0.00347024352024
0.000929744040978
-0.000278302638024
-0.000430330439384
-0.000801166152771
-0.00223687374465
-0.00232159007067
-0.00372276452065
0.00105581007611
0.00049262858324
0.000747220944088
-0.000889808426802
-0.000703921240207
-0.00157728126138
-0.00111396059431
-0.00262985307887
0.000180230141514
0.000570364130603
-0.00219758527132
-0.00333918654743
-0.0037810453948
0.00104197094456
0.000623497413443
-0.000585957534837
-0.0018044143012
-0.0020711235931
-0.00259745554645
-0.00268265829161
0.000643133822906
0.000714685593468
-0.000611727040612
0.000463288502472
-0.00117353988641
-0.000986823475717
-0.00246998711292
-0.00334892075436
0.00164978005296
-0.000176182634644
0.000216072471184
-0.0024968567433
-0.00364767040969
0.000729869662317
-0.000342652517102
-0.00163595285657
-0.00085953133655
-0.0020786503681
-0.00239662264139
-0.00383389186525
0.00173754785744
0.000335782934955
0.000407686341435
-0.000931850161682
-0.000718947721644
-0.00142291736127
-0.00304573031256
-0.00271735252899
0.000316505628
0.000747660537023
-0.000499845286535
-0.000105643948169
-0.00395333371487
0.000898831539187
0.000452941868058
-0.000620912169706
-0.00187388858173
-0.00216982933013
-0.00231828263881
-0.00268780538653
0.000599417203384
0.000513366358548
6.30987759488e-05
0.000131530114473
-0.00133891678517
-0.00112462877202
-0.00243581497851
-0.00325970840588
0.00163786709459
0.000105189824075
0.000456079253053
-0.00139431865891
-0.000394301025562
0.000618351066178
-0.000559859293262
-0.000556249599269
-0.000864900317385
-0.00207706114413
-0.00237395908406
-0.00363359607596
0.00181874200192
0.000331536143072
0.000200280325166
-0.00117335546035
-0.00116368999406
-0.00171233567011
-0.00316473706561
-0.00280582370952
0.000358539315277
0.00145983847326
-0.000168753978452
7.19536362985e-05
-0.00165675625897
-0.00125350970512
-0.000181211364817
-0.000766704067258
-0.00197617105814
-0.00107422004083
-0.00224513391646
-0.00254282838837
0.000844245211818
0.000423843006787
-1.62741649232e-06
-0.000133593899112
-0.00150715332264
-0.00302482892554
-0.0029537003576
-0.0035027141698
0.00145870276022
9.80161013172e-05
0.000546064241446
-0.000559599119738
-0.00031741032965
-0.0020438049821
-0.00152394734814
-0.000351877474198
-0.00093893667413
-0.00214962471584
-0.00246014492755
-0.00358603596588
0.00208364959379
0.000549300129694
0.000126886520454
-0.00138805765586
-0.00182024692951
-0.00180602472889
-0.00332951388395
-0.00325803188178
-0.000126788980497
0.00115721124846
-0.000201047704091
0.00021231915526
-0.00167540805183
-0.0014318484194
-0.00239779500373
0.0025530222711
-0.00184827065463
-0.0010762761382
-0.0022937568742
-0.00270023963429
0.000846341709185
0.000434178901981
0.000227227737851
-0.000134841669013
-0.00165097871358
-0.00316734950312
-0.00208435083701
0.00102639207146
0.00109818939445
-0.000394815383976
-3.0606713892e-05
-0.000465332000874
-0.000111794294429
-0.001998998166
-0.00175418430795
0.000936748516482
-7.49431928465e-05
-0.00204611441159
-0.0027306590786
-0.0026793454206
0.00165701536095
0.000456585990784
6.18775466648e-05
-0.00137378430816
-0.00161230178308
-0.00189936401351
-0.00341783851785
0.00121700736536
-0.000320302560138
0.000865024467584
-0.000627144509609
-0.000261557731724
-0.00160055939974
-0.000401415091628
-0.00228814671907
0.000262359332192
0.000650499762157
-0.00112196863955
-0.00239123506047
-0.00307952921046
0.000322671795825
-8.86426743745e-05
0.000100802594424
-0.00135489905437
-0.0017046198941
-0.00316508079156
-0.00211318697476
0.000996582592484
0.00100270424456
-0.000517470783607
-0.000445163443222
-0.000823367400187
-0.000456608560551
-0.00179400165526
-0.0035438644468
0.000999057762934
9.1374873873e-06
0.000398845804444
-0.00137152180056
0.00202844899611
0.00133673506796
4.96361187659e-06
-0.00040846794979
-0.00160465994837
-0.00165783428593
-0.00200316865837
-0.00346183967053
0.0010816207616
0.00081880763131
0.000824947322858
-0.000678011407922
-0.000605512063477
-0.00207641847041
-0.000615415087044
-0.00214810164517
0.000544331933773
0.000780186060217
-0.00113332088213
0.000182204723959
-0.00158634098389
0.00018619785436
0.00105629400777
-0.000277991077972
-0.00161992368548
-0.00189077411836
-0.0033000169346
-0.00227214003191
0.000912597893511
0.000820355395191
-0.000640634898491
-0.000697790612846
-0.000919720857279
-0.000728983813492
-0.00219943978407
-0.00381514192348
0.00200263832483
0.000213011883942
0.000549827017138
-0.0013157289741
-0.000923515487509
-0.00176824927006
-5.65917022476e-05
-0.00152128587874
-0.000525713413543
-0.00186932744976
-0.00214128675933
-0.00353150050158
0.000759000134327
0.000688090474559
0.000595502454722
-0.000888029404241
-0.000945421557016
-0.00240458111586
-0.00261753571875
-0.00250021134389
0.000339420617993
0.000593006883043
-8.31942689952e-05
0.000255248215805
-0.00146222870003
-0.00106909059305
-0.00289581882697
-0.000264401804365
-0.00173143546754
-0.00229250493596
-0.00360766355586
-0.0023557571059
0.000882426406605
0.000562759544768
-0.000895287972412
0.000407473042713
-0.00109871911649
-0.00270847314362
-0.00261514513657
0.000359714333337
0.00173587721836
6.35589174538e-05
0.000318302772646
-0.00142688951844
-0.00108700239992
-0.00168076813063
-0.00122461456752
0.00120075460755
-0.000436883441721
-0.00190587089011
-0.00246853903499
-0.00378490924695
0.000559912813785
0.000659015668592
0.000393970644085
-0.00106524556978
-0.00113902426571
-0.00127231396899
-0.00288223626082
0.00174549189762
0.000115228865029
0.000233585244589
-0.000176022414487
7.97353794832e-05
-0.00165137942385
-0.00131023784612
-0.00297058494021
0.00296845051893
0.00104660363433
-0.00225396993555
-0.00204428895765
-0.00260823221251
0.000692968232514
0.000388870223455
-0.00108409328531
0.000228450575238
-0.00122226002843
-0.00268116794471
-0.00279063490776
0.000110284628598
0.00158586707527
-9.88916253192e-05
2.63932235826e-05
-0.00162454708307
-0.000122264180729
-0.00183937787371
-0.00149717862623
0.00116547124812
-0.000577323570745
0.000928292964387
-0.00236034495397
0.000783781494143
0.000218893430657
0.000589149541834
0.000240183001082
-0.00123375539708
-0.0027145989121
-0.00134179514329
-0.00280083013743
0.00164598442725
1.16922881098e-05
-2.55488712065e-06
-0.000281873513612
-0.000143602322297
-0.00179031948121
-0.00153298574192
-0.00199054267331
0.000527466636266
0.00101636385393
-0.000683937467201
-0.000240349468734
0.00170239946408
0.00226598360455
0.000748944024047
0.00358312826282
0.0020119036904
0.000139871021773
0.00245240001285
0.0016429329108
0.00220699607702
0.000723288423259
0.00355774751581
0.00195948102839
8.78842953012e-05
0.00505085674622
0.00158471329232
0.00214924622608
0.000698899546626
0.0035336201047
0.00190826963284
3.70993676984e-05
0.00500066309043
0.001527743752
0.00209273712157
0.000675778708651
0.00351074730234
0.00185827208891
-1.24812386502e-05
0.00362206995215
0.00147202737598
0.00203747177721
0.00497643271322
0.003489130317
0.00180949092762
-0.00135806819151
0.00357426084987
0.00141756719232
0.00198345314982
0.00495585162907
0.00346877029203
0.00176192862517
-0.0014052328008
0.00352764755074
0.00136436617026
0.00193068413861
0.00493654212577
0.00344966830555
0.000402103328537
-0.00145118584204
0.00348223233589
0.00131242721943
0.00187916758437
0.00491850524924
0.00210137612435
0.000356985950246
-0.00149592500838
0.00343801743335
0.00126175318908
0.00182890626881
0.00490174197749
0.00208479318704
0.000313094524699
-0.00153944804825
0.00339500501762
0.00316272586274
0.00177990291379
0.00351094176063
0.00206947112861
0.000270431303002
-0.00158175276596
0.00335319720909
0.00311458997591
0.000395251281396
0.00346376276573
0.00205541076367
0.000228998478554
-0.00162283702219
0.00331259607353
0.0030677271877
0.000348771770195
0.00341783280837
0.0020426128404
0.000188798186499
-0.00166269873455
0.00327320362164
0.00166913654817
0.000303558019105
0.00337315433917
0.00203107804027
0.000149832503189
0.00237357570884
0.00323502180851
0.00162482769441
0.000259612503696
0.0033297297481
0.00202080697794
0.000112103445663
0.00233616510111
0.00319805253318
0.00158179954783
0.000216937636287
0.00328756136393
0.00201180020106
7.56129711332e-05
0.00229998293781
0.00316229763817
0.00154005451485
0.000175535765309
0.00324665145356
0.00200405819014
4.03629764935e-05
0.00478898416368
0.00312775890903
0.00149959493588
0.000135409174671
0.00320700222145
0.00199758135838
6.35529783188e-06
0.00475526437889
0.0030944380739
0.0014604230847
9.65600831465e-05
0.00316861580907
0.00197006586544
-2.64082900367e-05
0.00472277840903
0.00306233680307
0.00142254116784
0.00441022563861
0.00313149429427
0.00193839229674
-5.7926074026e-05
0.00469152792433
0.00303145670863
0.00138595132396
0.00437393793813
0.0030956396908
0.00190797221817
-8.81964032187e-05
0.00466151453438
0.00300179934398
0.00135065562326
0.00433893399638
0.00306105394774
0.00187880724157
-0.000117217689293
0.00463273978766
0.00297336620351
-0.000875858299546
0.0010989678649
0.00433924029452
-0.000430553508598
0.00152996308325
8.3490196332e-05
0.00216979335267
-0.000926408607966
0.00104235111854
0.00428116461183
-0.000495285085593
0.00146356103131
4.18500415084e-05
0.00212728783459
-0.000975675059504
0.000987042858556
0.0042244286347
-0.000558657239626
0.00139855003507
-1.87747504223e-05
0.00208453636249
-0.00102365486628
0.000933046360656
0.00416903589259
-0.000620665872301
0.00133493450835
-8.11348402172e-05
0.00202089599916
-0.00107034530545
0.000880364833428
0.00287884864977
-0.000681306957439
0.00127271878834
-0.000142059114034
0.00195871827854
-0.00111574371998
0.00082900141741
0.00282615267883
-0.000740576542311
0.00121190713415
-0.000201543191862
0.00189800784825
-0.00115984751934
0.000778959184199
0.00277481009775
-0.000798470748853
0.00115250372553
-0.000259582780024
0.00183876926527
-0.00120265418023
0.000730241135568
0.00272482414357
-0.00206592165436
0.00109451266145
-0.000316173672644
0.00178100699427
-0.00124416124732
0.000682850202603
0.00267619797768
-0.00212105377469
0.00103793795878
-0.000371311753089
0.0017247254061
-0.00128436633386
0.000636789244849
0.00262893468494
0.00134557251564
0.000982783550988
-0.000424992995396
0.00166992877615
-0.00132326712243
0.00059206104948
0.00258303727268
0.00129321706812
0.000929053286814
-0.00047721346567
0.00161662128284
-0.00136086136553
0.000548668330481
0.0025385086698
0.00124225522788
-0.000363884827392
-0.000527969323463
0.0015648070061
0.0015865019094
0.000506613727851
0.00249535172586
0.00119269040037
-0.000414755603329
-0.000577256823128
0.00151448992587
0.0015515272168
0.000465899806823
0.00245356921017
0.00114452590836
-0.000464191210395
-0.000625072315144
0.00146567392064
0.00151786538625
0.0004265290571
0.002413163811
0.00109776499083
-0.000512188151294
-0.00192342690304
0.001418362766
0.000140122803092
0.000388503892116
0.00237413813465
0.00105241080196
-0.000558743019625
-0.00196828782219
0.00137256013324
0.000109092508374
0.000351826648313
0.00233649470467
0.00100846641005
-0.000603852501054
-0.00201166637477
0.00132826958799
7.93807410312e-05
0.000316499584437
0.0023002359611
0.000965934796547
-0.000647513374449
-0.00205355930851
0.00128549458886
0.00382366523327
0.000282524880858
0.00226536425961
0.000924818855076
-0.000689722513
0.00134885110018
-2.66242757713e-05
0.00379659566962
-0.00110686052329
0.00223188187083
0.000885121390446
-0.000730476885301
0.00130993875044
-6.63582414576e-05
0.00377084963278
-0.00113812428195
0.00219979097959
0.000846845117741
-0.000769773556413
0.00127252115773
-0.000104566940255
-0.00341178871174
-0.00022305394673
-0.00317338656212
-0.00473968889739
-0.00147690192611
-0.0048538420131
-0.00154046332098
-0.00339999995848
-0.000230020256611
-0.00318057267337
-0.00474710003542
-0.00148454203388
-0.00486171335525
-0.00155341183375
-0.0033873074674
-0.000236053951226
-0.00318679677032
-0.0047535190638
-0.00149115941208
-0.00486853104801
-0.001565275311
-0.00337371158451
-0.000241154855543
-0.00319205866084
-0.00475894577177
-0.00149675382983
-0.00302475991754
-0.00157605328627
-0.00274233906579
-0.000245322821551
-0.00319635818246
-0.00476337998112
-0.00150132509187
-0.00302946959302
-0.0015857453355
-0.00275448443489
-0.000248557728291
-0.0031996952024
-0.00476682154621
-0.00150487303865
-0.0030331249786
-0.0015943510772
-0.00276777579772
-0.000250859481865
-0.0032020696176
-0.00476927035398
-0.00150739754628
-0.0030357259388
-0.000784072094416
-0.00278016371333
0.000386781273989
-0.0032034813547
-0.00477072632395
-0.0015088985266
-0.00303727237722
-0.000790504247045
-0.00279164784396
0.000386346000115
-0.00320393037009
-0.00477118940828
-0.00150937592721
-0.00303952761502
-0.000795849203547
-0.00280222787636
0.000386843998594
-0.0032034166499
-0.00477269738223
-0.00151372003789
-0.00304511402587
-0.000800106753227
-0.00281190352182
0.000386004968361
-0.00320690578407
-0.00477696395967
-0.00151811866805
-0.00304964604848
-0.000803276728214
-0.00282067451619
0.000382927996564
-0.00257107069939
-0.00478023772982
-0.00152149377185
-0.00305312351484
-0.000805359003497
-0.00282854061993
-0.00441006572414
-0.00131358365026
-0.00478251858509
-0.00152384523141
-0.003055546296
-0.00080635349695
-0.00283550161814
-0.00441127616414
-0.00131483234398
-0.0047838064505
-0.00152517296459
-0.00305691430211
-0.000806260169344
-0.00284155732061
-0.00441155327196
-0.00131511820943
-0.00415826275815
-0.00152547692499
-0.00305722748245
-0.000805079024362
-0.00284670756179
-0.00441089703957
-0.00131444123777
-0.00415756454952
-0.001524757102
-0.0030564858254
0.000155930602619
-0.00285095220088
-0.00440930748601
-0.00131280144993
-0.00415587332198
-0.00152301352076
-0.00305468935846
0.00015928719969
-0.0028542911218
-0.00440678465745
-0.00131019889657
-0.0041531891311
-0.0015202462422
-0.00305183814826
0.000163731345695
-0.00285672423323
-0.00440332862712
-0.0013066336581
-0.00414951206511
-0.000872137534842
-0.00304793230052
0.000169262865413
-0.00285825146861
-0.00439893949536
-0.00130210584467
-0.00414484224483
-0.000867323187341
-0.00304297196007
-0.00468861836341
-0.00285887278618
-0.00439361738956
-0.00129661559613
-0.0041391798237
-0.000861485539687
-0.00303695731077
-0.00468091279317
-0.00582410624094
-0.00442064686716
-0.00279531568299
-0.00112838580419
-0.00166813806727
-0.00456278256528
-0.00291124862515
-0.00581930086349
-0.00441581605037
-0.00279541728979
-0.00112848774134
-0.00166824017486
-0.00457384893841
-0.00292094713525
-0.00581367867037
-0.00441016409659
-0.00279469376473
-0.00112776186397
-0.00166751308382
-0.00458408568748
-0.00292981489977
-0.00580723978666
-0.00440369113289
-0.00279314512422
-0.00112620818867
-0.00166595681083
-0.00459349257728
-0.00293785171448
-0.00579998435555
-0.004156619926
-0.0027907714034
-0.00112382675092
-0.00625535478616
-0.00460206939161
-0.00294505739424
-0.00579191253835
-0.00414850539729
-0.00278757265615
-0.00112061760512
-0.00591045993588
-0.00460981593328
-0.00295143177299
-0.00578302451447
-0.00413957035029
-0.00278354895503
-0.00111658082455
-0.00591736204645
-0.00461673202412
-0.00295697470382
-0.00577332048142
-0.00413291725646
-0.00277870039133
-0.00111171650139
-0.00405299956205
-0.00462281750503
-0.00296168605892
-0.00576280065474
-0.00412727104496
-0.00277302707504
-0.0011060247467
-0.00405824366864
-0.00462807223598
-0.00296556572966
-0.00352817010839
-0.00412080414579
-0.00276652913481
-0.00109950569039
-0.00406265858345
-0.00463249609603
-0.00296861362655
-0.00351601941325
-0.00411351670419
-0.00275920671797
-0.00109215948124
-0.00406624420525
-0.00463608898335
-0.00297082967931
-0.00350305367926
-0.00410540888378
-0.00251336691169
-0.00108398628684
-0.00406900045184
-0.00463885081522
-0.00297221383681
-0.00348927319396
-0.00409648086653
-0.00250439605821
-0.00107498629362
-0.00407092725999
-0.00429035837084
-0.00297276606711
-0.0034746782628
-0.00408673285278
-0.00249460128194
-0.00106515970679
-0.00407202458553
-0.00429145792017
-0.00297248635748
-0.00346746778131
-0.00407616506118
-0.00248398280471
-0.00105450675034
-0.00407229240329
-0.00429172628068
-0.00297137471437
-0.00346771813409
-0.0040647777287
-0.00247254086688
-0.00104302766697
-0.00407173070711
-0.00429116344618
-0.00296943116343
-0.00334636076854
-0.00405257111055
-0.00246027572738
-0.00103072271815
-0.00407033950989
-0.00428976942965
-0.00296665574948
-0.00334497891042
-0.00403954548022
-0.00244718766362
-0.000788748532285
-0.00406811884353
-0.00428754426317
-0.00296304853656
-0.00334278098381
-0.00402570112939
-0.0024332769715
-0.000774792711585
-0.00406506875897
-0.004284487998
-0.00260398618582
-0.0033397670375
-0.00401103836794
-0.00241854396538
-0.000760011921747
-0.00406118932613
-0.00251006708318
-0.0025987156437
-0.00333593713839
-0.00187993163577
-0.00240298897799
-0.000744406498761
-0.00405648063398
-0.00250534885084
-0.00259261360967
