0.00312183117438
0.00160432302406
0.00271430064231
0.00224147160742
0.000826240624511
0.00182234333667
-3.45762707101e-05
0.00319147777088
0.00167436081868
0.00278466122636
0.00231208360134
0.000897030283735
0.00189691003477
4.02459300297e-05
0.00326175871576
0.00174503610976
0.00285566189922
0.00238333769985
0.000968463470319
0.00197211852915
0.000115711831304
0.00333267301314
0.00181634788525
0.00292730163533
0.00245523286684
0.00104053914061
0.00204796771985
0.000191820322314
0.00340209064355
0.00450807293224
0.00299957940214
0.00252776805909
0.00111325624386
0.00212445650006
0.000268570285387
0.00346909360085
0.00458065461262
0.00307249416014
0.00260094222642
0.00118661372228
0.00220158375622
0.000345960596055
-0.00032655393151
0.00465386969982
0.00314604486295
0.00267475431171
0.00126061051113
0.0022793483681
0.00323576380328
-0.000258280458126
0.000818197280819
0.00322023045737
0.00274920325099
0.00133524553878
0.00235774920886
0.00331443140892
-0.000189373171617
0.00089267605663
0.00329504988349
0.00282428797351
0.00141051772678
0.00243678514511
0.00339373594872
-0.00011983304459
0.00096778510097
-0.000527565325152
0.00290000740179
0.00148642598993
0.00251645503704
0.00347367627177
-4.96610565675e-05
0.00104352335457
-0.000451481442018
0.00297636045172
0.00156296923636
0.00259675773842
0.00355425122074
2.11418060747e-05
0.00111988975171
-0.000374766946687
0.000757337862965
0.00164014636759
0.00267769209673
0.00363545963195
9.25745501736e-05
0.00119688322024
-0.000297422925339
0.000834954877639
0.00443544099866
0.00275925695321
0.00371730033546
0.000164636175842
0.00127450268169
-0.00021945047054
0.000913202222468
0.00058350852934
0.00284145114293
0.00379977215511
0.000237325676532
0.00134910321176
-0.000140850681177
0.00099207878747
0.000662580659127
-0.000996991287658
0.00388287390865
0.000310642039103
0.00142279780917
-6.16246623869e-05
0.00107158345637
0.000742282215188
-0.000913541950483
0.00396660440777
0.000384584243882
0.00149712105882
1.8226474515e-05
0.00115171510669
0.000822612067095
-0.000829466811054
0.000108063983538
0.000459151264731
0.00157207191932
9.87016121027e-05
0.00123247260978
0.000903569078248
-0.000744767058193
0.000193048385062
0.000534342069112
0.00164764934283
0.00277827342912
0.00131385483093
0.000985152105946
-0.000659443886513
0.000278657931708
0.000610155618151
0.00172385227508
0.00285999319172
0.00139586062943
0.00106736000146
-0.000573498496343
0.000364891411742
0.000686590866705
0.0018006796555
0.00294233356677
0.00147848885862
0.00115019161009
-0.000486932093649
0.000451747607758
0.00316231509443
0.000260396119218
0.0022114478989
0.000208856015442
0.0020442233985
-0.000721399907165
0.000296050116418
0.00324258441232
0.000345660644388
0.00229893703692
0.000286516144036
-0.00180158329519
0.00236276094237
0.000379967115493
0.00332354986962
0.000431631436493
0.00238714746069
0.000364931091133
-0.00172109636603
0.00244535380205
0.000464689784922
0.00340521005857
0.00051649802428
0.0024760774996
0.000444099261676
-0.00163983939015
0.00252873356084
0.000550216137625
0.00348756356314
0.00158196489012
-0.0013741179985
0.000524019049841
-0.00155781409691
0.0026128983581
0.000636544174294
0.00357060895919
0.00165172667826
-0.00130255366505
0.000604688839187
-0.00147502222679
0.00269784632162
0.000723671883601
0.00365434481456
0.00172221343016
-0.00123024789587
0.000686107002799
0.00156040048462
0.00278357556781
0.0008115972424
-0.000205708308548
0.00179342384118
-0.00115720209496
0.000768271903439
0.00164472024354
0.00354248326823
0.00090031821594
-0.000120595862561
0.00186535659643
-0.00108341767709
0.000851181893688
0.00172980129298
0.00362976938429
0.000989832758063
-3.47973007582e-05
0.00193801037093
-0.00100889606766
0.000934835316098
0.0018156418497
0.00371783106571
0.00108013881142
5.16859137255e-05
0.0020113838297
-0.000933638702612
0.00101923050334
0.00190224012019
-0.000185636889393
0.00117123430765
0.000138852310285
0.00208547562789
-0.000857647028269
0.00110436577834
0.00198959430083
-9.60298696614e-05
0.00126311716764
0.000226700410957
0.00216028441086
-0.00078092250123
0.004129978719
0.00207770257805
-5.65309772933e-06
0.00135578530167
0.00031522873053
0.00223580881434
-0.000703466588231
0.000218807786158
0.00216656312847
8.54914682403e-05
0.00144923660966
0.000392349280191
0.00231204746451
-0.000625280766025
0.000299786225971
0.00225617411913
0.00017740186017
0.00154346898132
0.000467381295347
0.00238899897811
-0.000546366521252
0.000380700681789
0.00234653370759
0.000270076100251
0.00163848029645
0.000543109474907
-0.00150016125768
0.000413458301734
0.000462357605258
0.00243764004213
0.000363512201127
0.00173426842505
0.000619532514689
-0.00142178820411
0.00338556751716
0.000544755379382
0.00252949126191
0.000457708166078
0.00183083122756
0.000696649101845
-0.0013427064923
0.00346665801284
0.000627892377253
0.00262208549712
0.000552661989201
0.00192816655507
0.00077445791496
-0.00126291754206
0.00354847088823
0.000711766962191
0.00271542086915
0.000648371655595
-0.00143957858802
0.000852957624163
-0.00118242278208
0.00363100460915
0.000796377487888
0.00280949549076
0.000744835141539
-0.00134070469367
-0.00158552781274
-0.00279285318412
-0.000755192441042
-0.000502524445206
-0.00262444382054
0.00181458146456
-0.00197478906444
-0.00137087956721
-0.00356677425939
0.000893109699843
-0.00302884997941
-0.00239301221434
-0.00111431948583
-0.000232007431674
-0.00242844303929
-5.01709663181e-06
-0.00229845149114
-0.00122101330568
-0.00337515155262
0.000822795176951
-4.98952924157e-05
-0.00137136400521
-0.00347736356389
-0.000512287871229
-0.00277561951241
-0.00238399259257
-0.000664524122355
-0.000166316926399
-0.00112325682179
-0.00326346175324
0.00111323047683
-0.00111258185641
-0.000475545920568
-0.000893505801361
-1.39862080293e-05
-0.00217761668531
0.00210326127606
-0.00201762159419
-0.000944289530838
-0.00310279889249
0.00108917536359
-0.00134902924313
-0.00112221047142
-0.00322916841941
0.00122624077718
-0.00106932215705
-0.00210939255243
-0.00432532582084
8.70840109473e-05
-0.00209318843653
-0.00303125717733
-0.00163702983735
-0.000914369456133
-0.000220084624009
0.00105576883903
0.000235498316837
-0.00197287058299
-0.00097599889845
7.97254094822e-05
-0.000638186650252
-0.00280149400256
0.00138416549033
-0.00105796065793
-0.000838480409382
-0.00294652061214
0.0015376451251
-0.000759134664416
-0.000371067426949
-0.0040363089874
0.000373908288964
-0.00180909817149
-0.00124140335165
-0.00140377975565
-0.000683601039358
-0.00297154624515
0.00133992393685
-0.00101376584743
-0.00174437338421
-0.00394750804383
0.000419733510479
0.00148367099948
-0.000732252934985
0.00170743459716
-0.000738954981072
-0.00164300266675
-0.00264355041888
-0.00473335962537
-0.000415534050862
-2.9522534075e-05
-0.00231781491336
0.000693718387232
-0.00149230877172
-0.000973246232408
0.000412876642158
0.00113024795339
-0.00265283942098
-0.00191078619448
-0.000751110432943
0.000168927847223
-0.00369195325159
0.000784099627014
-0.00153673497116
-0.000374110106107
0.000313472612137
-0.00039235557398
-0.00134559482788
-0.0010934993324
-0.00443504745774
-3.90514017488e-05
-0.00232355654851
-0.00196285725973
-0.000370982120145
-0.00114328610152
-0.00359619514517
0.000710846089266
0.00142509600687
-0.000818881960397
-0.00161396644669
-0.000457655752567
0.000458619466969
-0.00179790621873
0.00106527444631
-0.0011447808272
1.18672081802e-05
0.000692205065215
0.00170083667493
-0.00101451674484
-0.000763715938896
-0.00288022786104
0.00163418969367
-0.00192818851528
-0.00157570207536
1.33249555577e-05
0.000563269219032
-0.00326360919695
-0.00267872930325
-0.00132942821178
-0.000496510173806
-0.00294450751812
-0.000133782879165
-0.00250664695482
-0.00148265050754
0.00301227713194
0.000827584826685
0.000425258543109
-0.00204897505717
0.00210150183159
-0.000650286271457
-0.00290615739963
-0.00251956925224
0.00207469511767
-0.000266718782417
-0.00118588870511
0.000306852944128
0.000828346940005
-0.0015283486956
-0.00231772680857
-0.000972135867797
-0.000161745808722
-0.0025866463997
0.00173022138968
-0.00215722662103
-0.00113810250203
-6.66893613076e-05
0.00116138268625
-0.00102751188117
-0.00161638953652
-0.00104799389146
0.000836328510541
-0.00251084936282
-0.00212659049821
-0.000193423161517
0.000101212476506
-0.00245721234405
-0.00327490584599
0.00112568526515
-0.00117221342319
-0.000554782197771
0.000775777181061
0.000124995695574
-0.00224419776886
0.00211366092903
-0.000308108621201
-0.000764672429554
-0.00300319773426
0.0015232696121
-0.000653204091207
0.000406623803436
-0.000594893139419
0.00121736434761
-0.00101853911294
-0.000636766231968
0.000227991076447
0.000436118013535
-0.00212358000058
-0.00173738816817
-0.00149029677819
-0.000846146013176
-0.00318885471348
0.00112825256827
-0.00140486784438
-0.00193028260552
0.00250461768717
9.93340613984e-05
0.0011076633208
-0.00260729891432
0.0019128471797
-0.00027022712805
0.000811966329922
0.0014163581268
0.00159170111245
-0.000591745557266
-0.000180909580555
-0.00231100346055
0.000802881061062
-0.00175819676434
-0.0013740874173
7.56422992039e-05
-0.000488964560394
-0.00278094299819
0.0014793629973
-0.00105709545164
-0.0002668102465
-0.00394209917749
0.000535083248536
-0.00186562725406
-0.000757560648798
0.000250968895944
7.13177687271e-05
0.00102261714662
0.00162423766074
-0.000532002817365
-0.000187616936532
-0.00235200776593
-0.00190825276074
-0.000568151362267
-0.00136157618318
-0.000979702154905
0.000467075945377
0.0011042373704
-0.00121363065997
0.00186058837066
-0.000679457371855
0.000106688028566
-0.00227672446118
0.000900208472994
-0.00140825858482
-0.000306842742591
0.000694646073632
0.00172949435908
-0.00230670710566
-0.00125752417286
-0.00339775475815
0.00024770215204
-0.00191977086068
-0.00147861839731
-0.00013926238412
0.000109774495519
-0.00346017659346
0.00088886676026
-0.00155562870973
-0.000800201015328
-0.00340706545258
-0.000272425440705
0.000509305962772
-0.00187904982528
0.00261428590817
-0.000998427540833
0.000170574957844
0.00115766109062
0.00199867975005
-0.00065229819744
-0.000995002164072
-0.00292947205613
0.00161365037734
-0.00057878964075
-0.00104917530163
0.000319835082223
0.000567206682717
-0.00199407180191
-0.00250077855618
-0.00110810902531
-0.000357448275588
-0.00296709063173
0.00133409801581
-0.00234392477661
-0.00145303000885
-0.000399593021637
0.000706500933341
-0.00159717291223
-0.00181192938385
0.00229543353907
-0.000359053017618
0.000682885249886
-0.00243111644769
-0.000553748740677
-0.000130652511625
0.000141053229317
0.000808537153375
0.00105416034569
-0.0015097587658
-0.0010087677067
-0.000631568053451
0.000114081974486
-0.00249853068674
0.00179840219078
-0.000752673725679
-0.000999152799576
4.82497924491e-05
0.0011478570423
-0.00116268472406
-0.000234187167458
-0.000976733792548
-3.88416773086e-05
-0.00266383080846
-0.00190334844988
-2.85828325512e-05
0.000213846672568
-0.00230151545962
-0.00190226187481
-0.0014468041942
-0.00106330272539
-0.00357969924585
0.000849275539215
0.00160132970046
-0.00200194021702
0.00229054157776
-0.000265678422925
0.000613937683068
-0.00290111734224
0.00161596793967
-0.000728362072361
0.000120465921452
0.000609831141014
0.000308014464184
-0.0023213837484
-0.000649523529969
0.000450078922759
0.000589231822106
-0.00192759491892
-0.00153048356509
-0.000171161713476
-0.000644723205362
-0.00316412658961
0.00126117427704
-0.001188088211
-0.000477430288083
-0.000513259887956
0.000248382215678
-0.00227052838965
-0.00128880362535
0.00211034771601
-0.000416697913178
0.0005019356059
0.000987342685556
0.00191679874712
-0.00195292721832
-0.00268793187343
-0.00260906952954
0.00168988873002
-0.00152339024181
-0.00112856898467
0.000279139970375
0.000657924705407
-0.00271942679157
0.00170198944821
-0.000751806921815
7.34896482322e-05
-0.00257295313776
0.000788951095786
-0.00173619014304
-0.000761298489859
0.000191180283387
0.00103389140683
-0.00270356218904
0.00139105250821
-0.00137309684924
-0.000349355492648
-0.00218111164323
-0.00217257955642
-0.000663011606117
-0.000397354616297
-0.00359049523708
0.000758310091269
-0.00191502623545
-0.00141531465826
0.00217119306779
-0.000287369451014
0.000565410819629
-0.00200071428572
0.00234463974922
-0.00117611795231
-0.000208287766427
0.000561195557408
0.00139996038198
-0.00126009271269
0.00182056833679
-0.000948436688254
7.00558939675e-05
-0.00171521800007
-0.00170674254482
-0.000198085185313
6.58221755992e-05
-0.00245489166325
0.00126576774428
-0.00141022724608
-0.000914004211826
-0.00343955136241
0.00103889585368
-0.00230744695055
-0.00145728959318
-0.000516502638806
0.000255037106502
0.000178959023398
0.000958109449343
0.00179268176268
-0.000871978634992
0.000125666632613
-0.000498611451735
0.000514379345195
-0.000702410739586
-0.000693994595914
0.00029556493141
0.000557639573935
-0.0019657567917
0.00249608542734
-0.000877843829009
-0.000385247756864
-0.00291523198695
0.00152128232543
-0.00104549980446
-0.00102214403944
-0.000107828731531
0.00065962845566
-0.00195659299302
0.00233035631804
-0.00139098690953
-0.000457864474005
0.000574710292681
0.00104022327907
0.000983218302697
0.00140017460531
0.0029434191264
0.00131309782037
0.00288121702512
-0.00101637183913
0.000523269955244
0.00203057338788
0.00140381121931
0.00294708072255
0.00132355192738
0.00289172376705
-0.00101346332305
0.000529451783705
0.00203677848162
0.00140815370607
0.00295145303865
0.00133472028291
0.00289801306498
-0.00100983246682
0.000536358807463
0.00204371149717
-0.00168587538774
0.00295653600107
0.00134660269681
0.00290234412484
-0.00100547933359
0.000543990905392
0.00205137231204
-0.00168012138356
0.00296232952424
0.00135919896689
0.00290739372587
0.00227247493837
0.000552347943683
0.00205976079088
-0.00167366175813
-0.000161431069621
0.00137250887886
0.00291316178116
0.00227827238594
0.000561429775854
0.00206887678557
-0.0016664966187
-0.000154216729481
0.00138653220639
0.00291964819143
0.00439147238054
0.000571236242763
0.00207872013517
0.000723188559541
-0.000146292156984
-0.00173484941486
0.00292685284508
0.0043987137393
0.000581767172623
0.00208929066593
0.000731764358512
-0.000137657485444
-0.00172616494385
0.00293477561818
0.00440667687114
0.000593022381018
0.00210058819136
0.000741045279678
-0.000128312860082
-0.00171676643216
-0.000226051298258
0.00441536163771
0.000605001670917
0.0021126125122
0.00075103116911
-0.000118258438016
0.0014368120381
-0.000216692707376
0.00442476788817
0.000617704832689
0.00212536341644
0.000761721861237
-0.000107494388247
0.00144763813952
-0.000206616442748
0.00122538650369
0.000631131644128
0.00213884067938
0.000773117178861
-9.60208916431e-05
0.00145917776581
-0.000195822677523
0.00123623521945
-0.00252117111106
0.00215304406358
0.000785216933169
-8.38381409257e-05
0.00147143072092
-0.000184311597116
0.00124780489169
-0.00250629771713
0.00216797331895
0.00079802092375
-7.09463406539e-05
0.00148439679672
-0.000172083399192
0.00126009531972
-0.00249070141543
-0.00101734892664
0.000811528938611
-5.73457072063e-05
0.0014980757731
-0.000159138293655
0.00127310629042
-0.00247438247827
-0.00100096872983
0.00387944130559
-4.30364687634e-05
0.00151246741789
-0.000145476502622
0.00128683757828
-0.00245826772744
-0.000983863488009
0.00389435668679
-2.80188652882e-05
0.00152757148699
-0.00013109826041
0.00130128894537
-0.000505887062139
-0.000966033501754
0.00390997538699
-1.22931485067e-05
0.00154338772429
-0.000116003813511
0.00131646014145
0.00279465653055
-0.000947479084215
0.00392629714805
0.00228532752031
0.00155991586176
-0.000100193420576
0.00133235090389
0.00281060946489
-0.000928200561068
0.00394332170034
0.00230246866158
0.00157715561944
-8.36673523908e-05
0.00134896095777
0.00282728448784
-0.000908198270496
0.00299684364941
0.00139774626369
0.0013946977597
-0.000128096221447
-0.00168589538705
-0.000205816388784
0.000684958604408
0.00301025216189
0.00141154585318
0.00140890122272
-0.000113476894701
-0.00166664323403
-0.000185994441481
0.00070401138199
0.00302445628087
0.00142616414828
0.00142394723672
-9.79904741523e-05
-0.00164650021898
-0.000165255509734
0.000724008788746
0.00303945570609
0.00144160082173
-0.00167593775607
-8.16373487791e-05
-0.00162595798175
-0.000143600177244
0.000744950227596
0.00305525012063
0.00145785552815
-0.00165920773021
-6.4417929075e-05
-0.00160823649129
0.00359633941566
0.000766835073813
0.00307183919098
0.00147492790406
-0.000157909036388
-4.63326469992e-05
-0.00158962407994
0.00361747574556
0.000774726754527
-6.83577043374e-05
0.00149281756792
-0.000139496583566
-2.73819559228e-05
-0.00157012124176
0.00361917705584
0.000776479004225
-5.01803892343e-05
0.00151152412019
-0.00012024356073
-7.5663305717e-06
-0.00154972849407
0.00362179868545
0.00077917912518
-3.12095182263e-05
0.00153104714335
-0.000100150422953
1.31137330324e-05
-0.00152844637737
0.00362534056039
0.00195971702233
-1.14454909277e-05
0.00155138620199
-7.92176448129e-05
3.46577176336e-05
0.0021235229694
0.00045397024949
0.00196431261483
9.11127662519e-06
0.0015725408428
-5.74457203429e-05
5.70650848062e-05
0.00212874749618
0.000459352289167
0.00196985575091
3.04603520171e-05
0.00159451059466
-3.48351629673e-05
8.03352750214e-05
0.00213486499034
0.00046565419637
0.00197634626463
5.26012864995e-05
0.00161729496868
-1.13865054442e-05
-0.0030361382784
0.00214187528927
0.000472875793309
0.00198378396178
7.55336150371e-05
0.00164089345826
1.28997001969e-05
-0.00301114420475
0.00214977820661
0.000481016876304
0.00199216861983
9.92568563565e-05
0.00166530553913
3.80228827204e-05
-0.00298528911255
0.0021585735324
0.000490077215813
0.00200149998804
0.000123770512996
-0.0014972924399
6.39824517501e-05
0.000598984526414
0.00216826103301
0.000500056556467
0.00201177778743
0.000149074071358
-0.00147125481957
9.0777797839e-05
0.000615625823697
0.00217884045121
0.000510954617101
0.00202300171088
0.000175167001762
-0.00144440528611
0.000118408292539
0.000626760644746
0.0021903115062
0.0005227710908
0.00203517142314
0.000202048758498
-0.00141674443382
0.000146873288475
0.00201694773229
0.00220267389365
0.000535505644936
-0.00115762003887
0.000229718779886
-0.00138827287434
0.00017617211942
0.00202981282965
0.00221592728575
0.000549157921219
-0.00114355986699
0.000258176488332
-0.00135899123662
0.00376386227182
0.00204354259391
0.00223007133122
0.000563727535743
-0.00112855508026
-0.00397055008282
-0.00177787589212
-0.00122096634628
-0.00269987353217
-0.00205572819283
0.000159086732269
-0.00263147400568
-0.0040261898652
-0.00184650054999
-0.00129133688324
-0.00277181920829
-0.00213978650589
7.47638262519e-05
-0.00269652753392
-0.00408060346983
-0.00191389274304
-0.0013604471
-0.00284247965963
-0.0022227426143
-8.24942566305e-06
-0.00276020024564
-0.00413378807044
-0.00198004886721
-0.00142829312048
-0.0029118507539
-0.00230441103528
-0.00319262760053
-0.000934141963218
-0.00418574089616
-0.00204496537089
-0.00149487112402
-0.00297992841696
-0.00238478687513
-0.00327300611988
-0.0009950403656
-0.00423645923226
-0.00210863875577
-0.00156017734638
-0.00305569082052
-0.00246386529337
-0.00335205967265
-0.00105454542762
-0.00428594042083
-0.00217106557772
-0.00162420808072
-0.00313181354457
-0.000860236384452
-0.00342978326892
-0.00111265312928
-0.00434504395043
-0.00223501419473
-0.00168695967864
-0.003206653336
-0.000936705657433
-0.00350617197828
-0.00116935953006
-0.00441958420728
-0.00231142581435
-0.00174842855107
-0.00328020580135
-0.00408678871257
-0.0035812209312
-0.00124167636363
-0.00449292603052
-0.00238661292464
-0.000319797038874
-0.0033524666032
-0.00416063014953
-0.00365492532049
-0.00131666760603
-0.00456506567411
-0.00246057150267
-0.000378689935472
0.000246757137052
-0.00423315080631
-0.00372728040266
-0.0013902890046
-0.00336772528734
-0.00253329757408
-0.000436289705243
0.000177092444661
-0.00430434618901
-0.00379828149932
-0.00146253564175
-0.00343744951893
-0.00260478721396
-0.000492593006153
0.000108732080388
-0.00437421186601
-0.00386792399861
-0.00153340266882
-0.00350596061311
-0.0026750365479
-0.000547596560252
-0.00303324524685
-0.00444274346924
-0.00393620335652
-0.00160288530755
-0.00357325501365
-0.00274404175291
-0.000601297154583
-0.00309898471132
-0.00450993669542
-0.0040031150983
-0.00167097885159
-0.00363932921395
-0.0028117990584
-0.000653691642074
-0.0031634077288
-0.00457578730731
-0.00237791226008
-0.00173767866796
-0.00370417975784
-0.00287830474713
-0.00070477694242
-0.00322651038625
-0.00464029113499
-0.00244207562912
-0.00180326085616
-0.0037678032405
-0.00294355515614
-0.000754550042952
-0.00328828883577
-0.00470344407705
-0.00250485838681
-0.00188132209835
-0.00383019630919
-0.00300754667773
-0.0038425794561
-0.00184935558539
-0.00476524210183
-0.00256625634885
-0.00195800845278
-2.94310308013e-05
-0.00307027576034
-0.00389935365238
-0.00190847434145
-0.00482568124862
-0.00262626540688
-0.00203331473015
-8.93534261321e-05
-0.0031317389095
-0.00397302704481
-0.00196625774773
-0.00488475762886
-0.00268488152978
-0.00210723580909
-0.00327463147318
-0.00501894654072
-0.000419839052626
-0.00178547287761
-0.00154906475929
-0.00330618312889
-0.00182739530083
-0.00332995760965
-0.0050737795945
-0.000473994569366
-0.00183878705091
-0.00163492140722
-0.0033911099179
-0.00190837192232
-0.00338404818676
-0.00512738736097
-0.000526938945875
-0.00189090770294
-0.0042876461412
-0.00347492971332
-0.00198824691312
-0.00343690035297
-0.00517976706262
-0.000578669504315
-0.00194183227637
-0.004371264928
-0.0035576387889
-0.00206701678454
-0.00348851131357
-0.00523091597745
-0.000629183620608
-0.0019915582655
-0.00445375905316
-0.00363923345138
-0.00214467808169
-0.00353887833134
-0.00528083143967
-0.00067847872508
-0.00204008321686
-0.00453512474145
-0.00371971004117
-0.00222122738421
-0.00311967758268
-0.00532951084032
-0.000726552303085
-0.00208740472977
-0.00461535825269
0.000361203299078
-0.00229666130692
-0.00316754873666
-0.00537695162797
-0.000151617417198
-0.0021335204569
-0.00469445588256
0.000282973694894
-0.00237097650051
-0.00321416808814
-0.00542315130935
-0.000197240621526
-0.00217842810489
-0.00400761931565
0.000205872932579
-0.00244416965223
-0.0032595331368
-0.00546810744997
-0.000241635091745
-0.00222212543485
-0.004084434217
0.000129904529583
-0.00159289727772
-0.0033036414432
-0.00551181767477
-0.00279262578409
-0.00226461026292
-0.00416010234671
5.50719660041e-05
-0.00166383655697
-0.00334649062941
-0.0055542796687
-0.00283455597871
-0.00230588046079
-0.00423462015147
-1.86213161352e-05
-0.00173364408207
-0.00338807837961
-0.00126353828508
-0.00287525074841
-0.00234593395623
-0.00430798411763
-9.11719136116e-05
-0.00180231669317
-0.00342840244076
-0.00130349711515
-0.00291470798041
-0.0023847687336
-0.00438019077195
-0.000162576462718
-0.00186985127027
-0.00346746062313
-0.00134220113521
-0.00295292562157
-0.0024445523976
-0.00445123668236
-0.00294203038308
-0.00193624473394
-0.00350525080091
-0.0013796482761
-0.00298990167895
-0.00251498697664
-0.00452111845869
-0.00301113290597
-0.00200149404594
-0.00354177091276
-0.00141583653154
-0.00302563422024
-0.00258424588434
-0.00458983275344
-0.00307907953359
-0.00206559620985
-0.0035770189624
-0.000971332135732
-0.00306012137434
-0.00265232574038
-0.00465737626251
-0.00314586706743
-0.00212854827176
-0.00361099301908
-0.00100499685546
-0.00309336133178
-0.00210431654815
-0.00472374572594
-0.00321149235201
-0.00219034732086
-0.00602657408889
-0.00103739705323
-0.0031428383033
-0.00217002834033
-0.00060871704155
-0.00249760315915
-0.00225099049009
-0.00605799463231
-0.00106853097931
-0.00320377146731
-0.00223455121239
-0.000672728813963
-0.00256089465444
-0.0023104749568
