0.000475391641881
-0.00140637068356
0.000451820629372
0.000741845434884
0.00261366066099
-0.00205399694911
-0.00019055260683
0.00051018541008
-0.00137130965308
0.000490510417386
0.000780778828527
0.00264817331892
-0.00201804981937
-0.000154441365742
0.000545595646325
-0.00133562755337
0.000529823688426
0.000819752750163
0.00268331913709
-0.00198146701893
-0.000117691639285
0.000581621896046
-0.00129932484946
0.000569759924612
0.000855328752995
0.00271909763967
-0.00194424904756
-8.03039340485e-05
0.000618263697224
-0.00126240201396
-0.00097282546827
0.000891533483299
0.00275550834276
-0.00190639641321
-4.22787648654e-05
0.000655520580419
-0.0012248595271
-0.000932441872533
0.000928366457344
0.00279255075439
-0.00186790963189
-3.61665477908e-06
0.0006933920688
-0.00118669787664
-0.000894019072681
0.00096582718351
0.0028302243746
-0.00182878922771
3.56818649926e-05
0.000731877678177
-0.00271408547868
-0.00085497351495
0.00100391516233
0.00286852869546
-0.00178903573282
-0.0016406864527
0.000770976917028
0.00107513620337
-0.000815305712378
0.00104262988651
0.00290746320107
-0.00174864968735
-0.00160011673973
0.000810689286529
0.00111515234303
-0.000775016185603
0.00108197084097
0.00294702736764
-0.00170763163941
-0.00155891225942
0.000851014280591
0.00115578562036
-0.000734105462826
0.00112193750289
0.00298722066349
-0.00166598214504
-0.00151707357532
-0.000664387356492
0.00119703551031
-0.000692574079783
0.00116252934171
0.0030280425491
-0.00331805692817
-0.00147460125899
-0.000622838660501
0.00123890148049
-0.000650422579708
0.00120374581919
0.00306949247715
0.000645867084867
-0.00143149588991
-0.000580678901521
0.00128138299116
-0.000607651513294
0.00124558638946
0.000449417840624
0.000689407503566
-0.00138775805551
-0.000537908614398
0.00132447949531
-0.000564261438668
0.001288050499
-0.0012080928611
0.000733577065997
-0.00134338835108
-0.00049452834109
0.00136819043867
-0.000520252921344
0.00133113758673
-0.00116476216719
0.000778375177033
-0.00129838737975
-0.000450538630626
0.00141251525973
-0.000475626534197
0.00137484708404
-0.00112080569747
0.00082380123385
-0.00125275575245
-0.000405940039076
0.00145745338982
-0.000430382857421
0.00141917841478
-0.00107622403776
0.000869854625959
-0.00120649408785
-0.000360733129518
0.00150300425309
-0.000384522478495
-0.000236084046282
-0.00103101778144
0.000916534735245
-0.00115960301236
-0.000314918472002
0.00154916726659
-0.000338045992143
-0.000190510806908
-0.00098518752947
0.000963840936013
-0.00111208316005
-0.000268496643512
0.00159594184029
-0.000290954000303
-0.000144317507166
-0.000938733890287
0.00101177259503
-0.00106393517263
0.000856689568279
-0.00239020292831
0.000644197730226
-0.00056859095158
0.00248745698724
-0.000475415211679
-0.00171083388914
0.000891412693091
0.00182107073221
0.000680774675255
-0.000531045547055
0.00252599648401
-0.000438147318415
-0.00166877181377
0.000926836036843
0.00185742463252
0.000718088091594
-0.000492744802091
0.00256531063838
-0.000400083261524
-0.0016258954969
-0.00115595071861
0.00189449598769
0.000756137294668
-0.000453689456431
0.00260539865102
-0.000361223857589
-0.00158220590467
-0.0011191287078
0.00193228415236
0.000794921587276
-0.0004138802634
0.00264625970801
-0.000321569939101
-0.00153770402001
-0.00289536643529
0.00197078846949
0.000834440259653
-0.000373317989831
0.00268789298091
-0.000281122354377
-0.00149239084248
-0.00285714819101
0.00012663374333
-0.00103246605347
-0.0022325114845
0.00273029762684
-0.000239881967469
-0.00144626738817
-0.0028182327696
0.00016656834784
-0.000991480800784
-0.00219044540403
0.000802645209051
-0.00216867723757
-0.00139992021114
-0.00277862081176
0.000207217064181
-0.00094976337236
-0.00214762862385
0.00084659001504
-0.00212585390094
-0.00334552029015
-0.00273831296886
0.000248579189157
-0.000907314527573
-0.0021040619641
0.000891303579611
-0.00208224044778
-0.00330073768903
-0.00269730990286
0.000290654008179
-0.000864135038032
-0.00205974625806
0.000936785002966
-0.00203783780418
-0.00325514571815
-0.0026556122863
0.000333440795323
-0.000820225687515
-0.00201468235205
0.000983033371296
-0.00199264691148
-0.0032087453953
-0.00261322080221
0.000376938813391
-0.0007755872719
-0.00196887110541
0.00103004775687
-0.00194666872621
0.0010664152771
-0.00257013614408
0.000421147313976
-0.00073022059909
-0.00192231339034
0.00107782721812
-0.00189990421996
0.00111442918544
-0.00252635901577
0.000466065537521
-0.00068412648895
-0.0018750100919
0.00112637079975
-0.00185235437932
0.00116324829505
-0.00248189013149
0.000511692713382
-0.000637305773229
0.00235600618079
0.00117567753279
-0.00180402020574
0.00121287152362
-0.00243673021574
0.000558028059897
-0.000589759295492
0.00240479793997
0.00122574643474
-0.00175490271545
0.00126329777301
-0.0023942781598
0.000605070784445
-0.00054148791104
0.00245433255128
0.00127657650961
-0.00170500293935
0.00131452592937
0.00172562910066
0.000652820083515
-0.000492492486846
0.00250460907922
0.00132816674806
-0.00165432192291
0.00136655486323
0.00176806292228
0.000701275142772
-0.000442773901467
0.00255562657586
0.00138051612749
-0.00160286072605
0.00141938342962
0.00181118824225
0.000750435137121
-0.000392333044981
0.00260738408097
0.00143362361211
-0.00155062042307
0.00147301046824
-0.000857902533999
-0.00204433700928
-0.0033364914115
-0.00383383555278
-0.0037109580487
0.00055806980652
-0.000927482942442
-0.00114842566712
-0.00265135732402
-0.00274399852314
0.000137397725578
-0.00172035641997
-0.00169429039663
-0.00349950031025
-0.00323801168266
-0.000781056055759
-0.000403282736641
-0.000865905057174
-0.00276260453201
-0.00212676932975
-0.000176315934667
-0.00388071405896
-0.00030872018509
-0.00164988917588
-0.00217354072903
-0.00357759556122
-0.00391020996226
-0.000673487461603
-0.00089369871515
-0.00238461585193
-0.00402493838271
-0.00419261388412
-0.00157229384483
-0.00150430098407
-0.00328321896362
-0.00168239361436
-0.00352875115345
0.00114933921148
-0.000680815352709
-0.0025789380916
-0.00198136649863
-0.00401772497494
-0.00365735811613
-0.0048707312334
-0.00148794584677
-0.00201236359101
-0.00341549152484
-0.00374740883337
-0.000483098383114
-0.000610589701062
-0.00209611831284
-0.00385313050863
-0.00267287549666
-3.27055833194e-07
6.75126955964e-05
-0.0017304852378
-0.00150340602327
-0.00331289638716
0.00136414612597
-0.000467357529927
-0.00236711339403
-0.00180784524037
-0.00384552077975
-0.00344486543827
-0.00468234352562
-0.0012977912313
-0.00182278281853
-0.00322482543523
-0.00355592656477
-0.00357777117045
0.000988795952434
-0.000583922806859
-0.00232498492582
-0.00247173581719
-0.00425408560627
0.000268605192635
-0.00152987706843
-0.00129565827561
-0.00309531313334
-0.00269397221055
-0.000225763410868
-0.00212735705416
-0.00160638971439
-0.00252797777024
-0.00323610459387
-0.00447182115317
-0.00450013456795
-0.000254881609859
-0.00166318394422
-0.00199335247576
-0.0033572068513
-0.00345693198718
-0.000409253927397
-0.00214989405887
-0.00224186805612
-0.00402406919816
-0.00395660969874
-0.0013006133413
-0.00105938204456
-0.00286006986341
-0.00124141874261
-0.00303646759671
-0.000718385862162
-0.000225703995554
-0.00230052191892
-0.00166865072998
-0.00291725804887
-0.00425419565585
-9.13882778154e-06
-0.00141604999149
-0.00174517251105
-0.00310833961438
-0.00320774530871
-0.000205906972077
-0.00194605823963
-0.00201492469682
-0.00376556402306
-0.00254267457289
0.000153113452822
0.000401224388175
-0.00141527437388
-0.000964333267715
-0.0027394050939
-0.000510668786154
3.09581291658e-05
-0.00204577688295
-0.00198714521524
-0.00265175482897
-0.00398073770311
-0.00450632093452
-0.00114106617303
-0.00146903258317
-0.00283144012906
-0.00296157776226
-0.00459501417138
-0.000545507388881
-0.000614167072599
-0.00232319961256
-0.0022562147559
-0.00401000297014
0.000693748748446
-0.00112401166122
-0.000674739169027
-0.00248842276193
-0.00445175438559
0.000297348823522
-0.00176400061368
-0.00170814985324
-0.00235915519924
-0.00368004333881
-0.0042054579696
-0.00557646238036
-7.12857965698e-07
-0.00137350685963
-0.00154927721338
-0.00319277466468
-0.000284891337638
-0.000353320570226
-0.00205106272076
-0.00196880523371
-0.0037256470298
0.000981915535071
-0.000805191215472
-0.000357731153136
-0.00223335577142
-0.00327006663205
0.00150235538795
-0.000535524435965
-0.00140246690203
-0.000910566933899
-0.00222586223634
-0.00275093201899
-0.00412323723159
0.000330438020597
-0.00104145916251
-0.00126245719512
-0.00290485877995
-0.00460517986415
-6.44721817442e-05
-0.0017623900317
-0.00166213681842
-0.00341698973822
-0.00315583411456
0.000479760005705
0.000955894390403
-0.00100183736279
-0.00298924566238
-0.00241111393291
-0.000240844833548
-0.0047927095719
-0.000570397479165
-0.00191509849657
-0.00243225981398
-0.00377489472808
-0.00410407133203
-0.000713993046657
-0.000948122817088
-0.0025893326245
-0.00428891521371
-0.00435681551402
-0.00049638989407
-0.000400234723978
-0.00216081553279
-0.00190071183061
-0.00359957097976
0.00125458725367
-0.000692234210574
-0.00268144773529
-0.00210551094637
-0.00404456839479
-0.00443457049369
-0.000226355437488
-0.00160152514026
-0.00211666727948
-0.00346174885397
-0.00380222659633
-0.000411275939431
0.000355614480954
-0.00129181213653
-0.00300042642259
-0.00306802988164
-0.00015503600654
-6.24246649664e-05
-0.00181607023818
-0.00155709917047
-0.00325907568539
0.00154950675831
-0.000356324487638
-0.00234698103523
-0.00177341061339
-0.00371522750362
-0.00406645790868
-0.00474035820025
-0.00126143927421
-0.00177440931893
-0.0022016130815
-0.00254069522518
-0.00389420399526
0.000703361333206
-0.000922082532606
-0.00262984645531
-0.00269713266189
-0.00437198129807
0.000295471392766
-0.00145251327203
-0.00118667835551
-0.00293553654892
-0.00477280670704
0.000733249938384
-0.00124034014912
-0.000663817407228
-0.00261547166543
-0.00281515250533
-0.00345850674443
-0.00480654119537
-0.000454155593583
-0.00184754335
-0.00218512940262
-0.00356214158103
-0.003757452844
-0.000525803404156
-0.00223266470021
-0.0023183344799
-0.00399757928315
0.000677332346683
-0.000299736553978
-4.74890208568e-05
-0.00183774082586
-0.00369522715545
0.00109205287487
-0.000883689016921
-0.000290058226588
-0.00223450157993
-0.00245646687311
-0.00308261861937
-0.00441444493371
-6.77255486388e-05
-0.00146722859178
-0.00180322232456
-0.00321144140751
-0.00341646050829
-0.000158147982297
-0.00184864603627
-0.00118771091162
-0.00287310384997
-0.00277265277126
8.7148203366e-05
0.000330610104365
-0.00146105034658
-0.00332044728479
-0.00287899097334
-0.000501121888699
8.9756664596e-05
-0.0018567940858
-0.00207238409587
-0.0026956353486
-0.00399688800601
-0.00452678093891
-0.00106103679135
-0.00141749977227
-0.00208718174019
-0.00230175499185
-0.00378165964097
-0.000692222221471
-0.000777200767144
-0.00246273408469
-0.00236152339673
-0.00404688718306
0.000734824895009
-0.00105832697927
-0.00291974705792
-0.00246845282882
-0.00437548106815
0.000494970337721
-0.00091962647872
-0.00166325276445
-0.0022834438853
-0.00282686757888
-0.00337003473339
0.000125284227948
-0.000261263425943
-0.00168986945851
-0.0019081107425
-0.00339157192742
-0.000297101169775
-0.000340854317738
-0.00202653528211
-0.00192460535123
-0.00362617359554
0.00115354129791
-0.000629957018769
-0.00194057919935
-0.0014796871674
-0.00338345789072
0.00149709191676
-0.000522213774738
-0.000494048155412
-0.00111102729145
-0.00237155990224
-0.00291569513056
-0.00428995870193
0.00016585955702
-0.00127158203962
-0.0028005804076
-0.0029756285664
-0.00457481636636
0.000118572486325
-0.00156492438343
-0.00090593486647
-0.00261851972275
-0.0023822789992
0.00038018813991
-0.00148919678969
-0.0010189499068
-0.00292537589068
-0.00235418820724
-0.00010000641007
-0.00495261362315
-0.000649550303071
-0.00189904044963
-0.00243701527703
-0.00384584764622
-0.00423372980205
-0.000827980769101
-0.00235580124831
-0.00196842603466
-0.003574040429
-0.00357488249444
-0.000504325580656
-0.000454816495601
-0.002168287153
-0.00193139908747
0.000829246189467
-0.00101308318392
-0.000533726475536
-0.00244291732459
-0.0019044098031
0.000346625419584
-0.0044705784784
-0.000164023420446
-0.00141056966709
-0.00197098452855
-0.00337704630931
-0.00319323699542
0.000222585632503
-0.00132217919249
-0.00150197310628
-0.00310695439569
-0.0031077916614
-2.79798028051e-05
2.12419213856e-05
-0.00169315297869
-0.00145569637223
-0.00316684752561
-0.000535394831272
-2.44425168233e-05
-0.00160672985561
-0.001101053552
-0.00304760457194
-0.00400269564887
-0.00402698563219
-0.000328481443535
-0.000910917255332
-0.00231447538536
-0.00269993047319
-0.00412150691152
-0.00084723196168
-0.00101089546428
-0.00261521797331
-0.00261605024475
-0.00417492601452
0.000521809006569
-0.00119354625688
-0.000955597836441
-0.0023216953105
-0.00409962942432
0.000855506845568
-0.00113990524427
-0.000637000967946
-0.0025868431081
-0.00297660606427
-0.00354891749827
-0.00473424609999
-0.000396976522544
-0.00179755041007
-0.00219388421841
-0.00362270453416
-0.000348622980291
-0.000495629857367
-0.002099269529
-0.00210009662393
-0.00329386313068
0.00141944397514
-0.00031553468532
-7.71689736688e-05
-0.00179968351812
-0.00359787493787
0.0013190177104
-0.000649211257063
-0.000149188266143
-0.00210245198932
-0.00110016188996
-0.00219493351053
-0.000526189448503
0.00118501628139
-0.00146335054231
-0.000177731605578
-0.000859207268161
-0.00113745169651
-0.00223615821371
-0.000567718347393
0.00114321581767
-0.00150538782793
-0.000219969066684
-0.000899109004921
-0.00117412675307
-0.00227676558782
-0.000608625535284
0.0011020409736
-0.00193288703699
-0.000261574624872
-0.000938374379385
-0.00121018659024
-0.00231675510692
-0.000648910474671
0.00106149229715
-0.00197366571391
-0.000302547715008
-0.000977002851833
0.00290619597833
-0.00235612625254
-0.000688572635624
0.00102157032862
-0.00201381425846
-0.00267957053166
-0.0010149938907
3.49375130446e-05
-0.00239487851361
-0.000727611495813
0.00098227560053
-0.00205333212909
-0.00271927702205
-0.00105234697263
7.26076000795e-07
-0.00243301138657
-0.000766026540548
0.000553688090039
-0.00209221879216
-0.00275834939672
-0.00108906158247
-3.28683385466e-05
-0.00247052437539
-0.000803817262811
0.000515649409301
-0.00213047372197
-0.00279678712249
-0.00112513721336
-6.58452985502e-05
-0.00250741699154
-0.000840983163286
0.000478239519812
0.00218695608529
-0.00283458967423
-0.00116057336672
-9.82043795114e-05
-0.00254368875411
-0.000877523750393
0.000441458922794
0.00214996616722
-0.00287175653497
-0.00119536955231
-0.000129945164507
-0.00257933918979
-0.00128487047218
0.000405308111556
0.00211360951157
-0.00290828719584
-0.00122952528826
-0.000161067244214
-0.00261436783289
-0.00132015898892
0.000369787571463
0.00207788661197
-0.00294418115617
-0.00126304010108
-0.00019157021694
-0.0026487742254
-0.00135482076428
0.000334897779905
0.00204279795393
-0.00297943792351
-0.00129591352574
-0.000221453688644
-0.00304796977975
-0.00138885533796
0.000300639206261
0.00200834401483
-0.00301957711571
-0.00184891274969
-0.000250717272964
-0.00308113032789
-0.00142226225751
0.000267012311877
0.00197452526388
-0.00305962568765
-0.00188050203675
-0.000279360591242
-0.00311366729773
-0.00145504107843
0.000234017550024
0.00194134216209
-0.00309903878694
-0.00191590461101
-0.000307383272544
-0.00314558026222
-0.00148719136415
0.000201655365877
0.00190879516224
-0.00313781587326
-0.00195425122076
-0.000717199041344
0.000961312183929
-0.0015187126861
0.000169926196483
0.00187688470884
-0.00370569642016
-0.00199195813895
-0.000743979366929
0.000930648480006
-0.00154960462369
0.000138830470728
0.00184561123811
-0.00374319989214
-0.00202902484255
-0.000770137989343
0.000900610015591
-0.00157986676439
0.000108368609313
0.00181497517797
-0.00378006577909
-0.0020654508169
-0.000795674568795
0.000871197186324
-0.00160949870371
7.85410247274e-05
0.0012347236312
-0.0038162935734
-0.00210123555566
0.00110890578178
-0.00208292994321
-0.00335856538666
-1.67732986833e-05
-0.00145836055273
-0.00293441861432
-0.00108011256602
0.00106215992653
-0.00213087183882
-0.00340773757958
-7.00310674687e-05
-0.00150868608128
-0.00298607933453
-0.00113313770611
0.00101610068654
-0.00217811043968
-0.00345618939083
-0.000122553347314
-0.001558254014
-0.00303696354265
-0.00118536709989
0.000970728803898
-0.00222464494623
-0.00350391995881
-0.000174339159923
-0.00160706337473
-0.00308707018422
-0.00123679960887
0.000926045010644
-0.00227047456966
-0.00355092843339
-0.000225387539017
-0.00165532556271
-0.00313639821905
-0.0012874341098
0.000882050028746
-0.00231559853194
-0.003597213976
-0.000275697530423
-0.00170696697501
0.00156458616769
-0.00133726949481
0.000838744570028
-0.00236001606591
-0.00364277575968
-0.000325268192159
-0.00175785064366
0.00151681840942
-0.00138630467149
0.000796129336113
-0.00240372641534
-0.0036876129692
-0.000374098594516
-0.00180797556464
0.00146983229196
-0.00143453856304
0.000754205018374
-0.00244672883496
0.00089798030018
-0.000422187820147
-0.00185734074713
0.00142362879751
-0.00148197010838
0.000712972297873
-0.00248902259058
0.000854594637593
-0.000469534964143
-0.00190594521365
0.00137820889349
-0.00152859826224
0.000672431845313
-0.00253060695909
0.000811935924022
-0.000516139134122
-0.00195378800016
0.001329764415
-0.00157442199528
0.000632584320981
-0.00257148122857
0.000770004927223
-0.000561999450308
-0.00200086815612
0.00128143403106
-0.00161944029422
0.000593430374696
-0.00261164469833
0.000728802402908
-0.00060711504561
-0.0020471847446
0.00123388645198
-0.00166365216191
0.00055497064576
-0.00265109667895
0.000688329094678
-0.0006514850657
-0.00209273684236
-0.000360159886401
-0.00170705661748
-7.11852132882e-05
-0.00327822746854
0.000648585733963
-0.000695108669096
-0.00213752353997
-0.00040613887804
-0.00174965269641
-0.000108254631956
-0.00331625444808
3.19263690782e-06
-0.00133526454608
-0.00218154394184
-0.000451332116777
-0.00179444583896
-0.000144627978992
-0.00335356793853
-3.50886835175e-05
-0.0013773928434
-0.00282744948516
-0.00111284323226
-0.0024647145295
-0.000180304657675
-0.0033901672962
-7.26379358348e-05
-0.00141877227741
-0.0028699346648
-0.00115646212177
-0.00250949193663
-0.000215284082049
-0.00342605188896
-0.000109454437951
-0.00145940205876
-0.0029116509461
-0.00119929244522
-0.00255346074906
-0.00219530622028
-0.00346122109631
-0.00014553752026
-0.00149928141134
-0.00295259748986
-0.00124133329531
-0.00259661998631
-0.00222888942146
-0.00349567430941
-0.000180886525704
-0.0015384095723
-0.00299277347114
-0.00128258378013
-0.00263896868441
-0.00179891437858
-0.00256310412347
-0.000713544374558
-0.00282410061245
-0.00381109290464
-0.00189595671405
-8.32773124711e-05
-0.00181065622574
-0.0025751567083
-0.00462753244202
-0.00284132721552
-0.00382874793087
-0.00191401496922
-0.00010137971661
-0.00182135493628
-0.00258613862752
-0.0046388046131
-0.00285742903038
-0.00384525036922
-0.00193089448333
-0.000118275574565
-0.0018310101215
-0.00259604946077
-0.00465339304272
-0.00287240537563
-0.00386059948625
-0.00194659447161
-0.00330468343354
-0.000383204287123
-0.00260488882852
-0.00466688441194
-0.00288625561698
-0.00387479459921
-0.00196111420353
-0.00331916378816
-0.000390771406691
-0.00113395083689
-0.00320057262296
-0.00569727754125
-0.00388783507622
-0.0019744530029
-0.0033324353021
-0.000397294061597
-0.00114064629858
-0.0032118682874
-0.00421730860388
-0.00237271639246
-0.000409725598416
-0.0033444973273
-0.000402772014489
-0.00114626940166
-0.0032220653952
-0.00422777720119
-0.00238344590599
-0.000420700722513
-0.00177521896549
-0.00294675315757
-0.00115081993049
-0.00323116353554
-0.00423711763139
-0.00239301919436
-0.000430493213372
-0.00178486030379
-0.00295014114625
-0.00115429771048
-0.00323916234168
-0.00424532949768
-0.00240143583038
-0.000439102613799
-0.00179329056167
-0.00295248394876
-0.0011567026082
-0.00324606149109
-0.00425241245105
-0.00240869543828
-0.000446528521644
-0.00180050932652
-0.00295378147978
-0.00115803453137
-0.00325186070544
-0.00425836619036
-0.00241479769384
-0.00045277058989
-0.00180651624485
-0.00295403369205
-0.00115829342886
-0.00325655975074
-0.00426319046241
-0.00241974232443
-0.000457828526738
-0.00181131102242
-0.00295324057638
-0.00115747929074
-0.00326015843732
-0.00426688506195
-0.00242352910907
-0.000461702095672
-0.00181489342431
-0.00295140216166
-0.00115559214825
-0.00326265661989
-0.00426944983179
-0.00242615787849
-0.000464391115517
-0.00181726327494
-0.00294851851484
-0.00115263207382
-0.00326405419759
-0.00427088466277
-0.00242762851517
-0.000465895460481
-0.00181842045814
-0.00294458974094
-0.00114859918103
-0.00326435111398
-0.00427118949382
-0.00242794095334
-0.000467557164381
-0.0018183649172
-0.00293961598301
-0.00114349362462
-0.00326354735708
-0.00427036431196
-0.00242709517904
-0.000472107080338
-0.00181709665484
-0.00293359742211
-0.0011373156004
-0.00326164295933
-0.00426840915233
-0.00242509123008
-0.000475472349396
-0.00181461573322
-0.00292653427727
-0.00113006534529
-0.00326748123273
-0.00426532409813
-0.00242192919607
-0.000477652814089
-0.00181092227396
-0.00291842680548
-0.00112174313724
-0.00327237337269
-0.00426110928064
-0.00241760921836
-0.00360132360497
-0.00180601645806
-0.00378759179984
-0.000722815252697
-0.00232901974081
-0.00231299642381
-0.00503727643504
-0.00216234784637
-0.00376477265284
-0.00379025077674
-0.000727254659319
-0.00233350595595
-0.00231748185933
-0.00504301613708
-0.00216806856092
-0.0037641929547
-0.00379193634717
-0.00073071848207
-0.00233701607088
-0.0023209913642
-0.00504778197808
-0.00217281863427
-0.00376497899362
-0.00379264845788
-0.00537676699823
-0.00233954997408
-0.00232352482699
-0.0038617579955
-0.00217659791718
-0.00377016066139
-0.00275842717612
-0.00537827935444
-0.00234110758506
-0.00232508216723
-0.00386457569303
-0.00217940629091
-0.00377437633584
-0.00275719233067
-0.00537881588989
-0.00234168885432
-0.00232566333546
-0.0038664191697
-0.00218124366719
-0.00377873954667
-0.00275498405028
-0.00537837658756
-0.0023412937634
-0.00232526831321
-0.0038672883672
-0.00218210998828
-0.00378258933994
-0.00275180240468
-0.00537696146138
-0.00233992232484
-0.00232389711303
-0.00386718325802
-0.000971196472964
-0.00378547289563
-0.00274764749437
-0.0043565884161
-0.00233757458223
-0.00232154977849
-0.00386610384548
-0.000970120632482
-0.00378739012398
-0.00274251945055
-0.00435322180795
-0.00233425061016
-0.00231822638412
-0.00386405016374
-0.00096807374668
-0.00378834096532
-0.00273641843509
-0.00434887960359
-0.00232995051421
-0.00231392703547
-0.00386102227777
-0.000966812257475
-0.00378832539004
-0.00272934464057
-0.0043435619408
-0.00232467443098
-0.00402839301979
-0.00385702028337
-0.000965825573515
-0.00259613525956
-0.00272129829018
-0.00433726898824
-0.00128159786949
-0.00402214220306
-0.00385204430713
-0.000963867886315
-0.00259418688259
-0.00271227963775
-0.00433000094551
-0.00127437034526
-0.0040149159344
-0.0038460945064
-0.0009609392574
-0.00259127218071
-0.00270228896763
-0.00432175804302
-0.00126616742917
-0.00400671444309
-0.0038391710693
-0.000957039778799
-0.00258893059617
-0.00269132659472
-0.00431254054203
-0.00125698938148
-0.00399753798925
-0.00383127421468
-0.000952169573032
-0.00258645720512
-0.00267939286437
-0.00430234873455
-0.00124683649327
-0.00398738686382
-0.00382240419205
-0.000946328793089
-0.00258301759972
-0.00266648815238
-0.00429118294335
-0.00123570908644
-0.00295063588396
-0.0038125612816
-0.000939517622408
-0.00257861188702
-0.00265395296
-0.00427904352187
-0.00122540364564
-0.00294799700403
-0.00380174579411
-0.000931736274843
-0.0025732402041
-0.00264087514812
-0.00426593085417
-0.00122189376146
-0.00294448743736
-0.00378995807091
-0.000922984994635
-0.00256690271805
-0.00262682707962
-0.00425184535487
-0.00121740856824
-0.00294000264984
-0.00377719848385
-0.000913264056369
-0.00255959962597
