-0.000375092966102
0.0024533970402
0.0025873474962
6.55189623482e-05
0.00291509890108
-0.000410808730529
0.000677645768865
-0.000345579590376
0.00248309120911
0.000885664857227
0.000114716045086
0.00296421834613
-0.000362203141124
0.000730806842315
-0.000314118423187
0.0025147448421
0.00091722559997
0.00016583578286
0.00301525758933
-0.000311696683387
0.000785841878656
-0.000280713479077
0.00254835385107
0.000950736121275
0.000218871710279
0.00306821019516
-0.000259295597251
0.000842744235008
0.0032207221102
0.00258391390781
0.000986192130546
0.000273817150201
0.00312306951724
-0.00207209528279
0.000901507076073
0.00325800162332
0.00262142044674
0.00102358910179
0.000330665217755
0.00317982870226
-0.00201592447683
0.000962123378033
0.00329721146471
0.000929579117135
0.00106292227645
0.000389408824457
0.00323848069413
-0.00195787897846
0.00102458593252
0.00333834669244
0.000970963988781
0.00110418666635
0.000450040682405
0.00329901823807
-0.00189796582546
0.00108888735068
0.00338140214001
0.00101428025112
0.00114737705683
0.000512553308565
0.00336143388493
-0.00183619224516
0.00115502006723
0.00342637241955
0.00105952241916
0.0011924880099
0.000576939029121
0.00150991681634
-0.00178083070067
0.00122297634469
0.00347325192505
0.00110668478621
0.0012395138676
0.000623735289198
0.00157606556566
-0.0017478937246
0.00129274827754
0.00177248065245
0.00115576142733
0.00128844875543
0.000661430553884
0.00164070603183
-0.00171304745498
0.00136432779651
0.00182316093643
-0.0018767608618
0.0013392865859
0.000701047831148
0.00168022263243
-0.00167629617428
0.00143770667291
0.00187573235403
-0.00182387430221
0.00139202106216
0.0007394063266
0.00172165160682
-0.00163764438524
0.00151287652294
0.00193018846168
-0.0017690925163
0.00144664568177
-0.0011031079295
0.00176498782032
-0.00159709680815
0.0015898288121
0.00198652261562
-0.00171242226496
0.00150315374053
-0.00106445598389
0.00181022592149
-0.00155465837803
0.00166855485959
0.00204472797578
-0.00165387050837
0.0015615383364
-0.00102389001931
0.0018573603454
0.00224865270447
0.00172103149124
0.00210479750976
-0.0015934444019
0.00161253598487
-0.000981415068415
0.0019063853169
0.00229485719136
-0.000280147764408
0.00216672399678
-0.00153115129199
0.00165888487696
-0.000937036381755
-0.000783810534796
0.0023429364676
-0.000232756706134
0.00223050003188
-0.00147316975916
-0.000182127029386
-0.00089075942469
-0.00073102261719
0.00239288476956
-0.000183521913835
0.00229611803
-0.00142293576734
-0.000131997699044
0.00276053884226
-0.000676362704003
0.00244469613455
-0.000132449102933
-0.000591234143871
-0.000948750193868
-0.00107543377657
-0.00157117068173
0.00239764581011
0.00215716854827
0.00188062275209
-0.000523762100886
-0.000876893202481
-0.00101285101906
-0.00150430643549
0.0024277542749
0.00218899398224
0.00188972342153
-0.000454066516678
-0.000802685934688
-0.000947744459105
0.00276064126112
0.00246082453615
0.00222394580734
-0.000461681147445
-0.000382159466407
-0.000726142854487
-0.000880128519875
0.00283284414784
0.00249684683763
-9.33139104301e-05
-0.000445915330022
-0.000308053316923
-0.000647278757082
-0.000823419393716
0.00290768966625
0.000205179350395
-5.21447677913e-05
-0.000426825078256
-0.000231760716998
-0.000566108755923
-0.000801031619247
0.000669541269799
0.000247073190043
-7.88660062385e-06
-0.000404417438104
-0.000153294587466
-0.000483638777654
-0.00296845020933
0.000749616238865
0.000291884929908
3.94462682179e-05
-0.000378700654549
-7.26681112966e-05
-0.00261258092862
-0.00294084655148
0.000832277114929
0.000339601620324
8.98386186516e-05
-0.000349684156555
-0.00212801158622
-0.00258414517177
-0.00291064408768
0.000917504112717
0.000390209556247
0.000143274356996
-0.000317378539957
-0.00204310496422
-0.0025532658633
0.00118426135527
0.00100527704349
0.00044369429625
0.000199736540666
-0.000281795548366
-0.00199206104297
-0.002519949199
0.00121964031844
0.00105802342164
0.000500040682317
0.00025920740385
-0.000242948052171
-0.00195859641227
-0.00248420184027
0.00125759586189
0.00111340497487
0.000559232860376
0.000321668384084
-0.00020085002571
-0.00192285850928
-0.00244603090753
0.00129811947823
0.00116136210882
0.000621254301512
0.000387100149631
-0.000155516522721
-0.00188485356151
-0.00240544397327
0.00134120212573
0.00120289728374
0.000686087823787
0.00045548262758
-0.00127712785715
-0.00184458816658
-0.00236244905471
0.00138683423818
0.00124712875933
0.000753715614622
0.000526795032579
-0.00122537274747
-0.00180206928661
-0.00231705460611
0.00143500573519
0.00129404562339
0.000824119253658
0.000601015896105
-0.00117043352949
-0.00175730424238
0.00174539295631
0.00148570603301
0.00134363636547
0.000879959640408
0.000678123096191
-0.00111232929798
-0.00171030070717
0.00179555939497
0.00153892405567
0.0013958888905
0.000935604110548
0.000758093887522
-0.00105108008199
-0.00166106670041
0.00184809746135
0.00159464824667
0.001450790533
0.000994056923327
0.000840904931809
-0.000986706812149
-0.00160961058104
0.00190299703724
0.00165286658096
0.00150832807179
0.00105530219657
0.000918359885093
-0.000919231286995
-0.00155594104072
0.00196024761105
0.00171356657727
0.00156848774517
0.00111932341755
0.000984532380266
-0.00335613085411
-0.000807846237831
-0.00158729202009
-0.00324591299507
-0.00375468476132
-0.00509236685259
-0.00227602892693
-0.000119308513763
-0.0020757330955
-0.00248763733791
-0.000224465628222
-0.000111544091675
-0.00202315219826
-0.00193077490744
-0.00374933975892
0.000271487010262
-0.00156325862359
-0.00363632474271
-0.00314270241081
-0.00131754351023
0.00145957908932
-0.000743219625407
-0.00562566821123
-0.00207640796378
-0.00369226681184
-0.00184035248989
-0.00320129545089
-0.00024383804141
-0.000432641329521
-0.00249951711435
-0.00293341427468
-0.00473652941976
-0.000557958074652
-0.00244342251504
-0.00234985765748
-0.00421572849772
-0.000192983380024
0.000201581418832
-0.00198199983862
-0.0014806094298
-0.00331751185701
0.000827581569571
-0.0012134386102
-0.00388742088685
-0.000282101652216
-0.00172131287601
-0.00223268953917
-0.0035966393347
0.000523471621078
-0.000979846096393
-0.0028766427945
-0.00331560678407
-0.00512064582256
-0.00094071079833
-0.000580146555734
-0.000485551916966
-0.00241264766141
0.00167644758158
-0.000279559065615
-0.00245968098509
-0.00195117273205
-0.00390801696655
0.000248880293976
-0.00176368936429
-0.00441033416837
-0.000816679215273
-0.00226408903016
-0.0026771706274
-0.00394526870474
-0.00440750172072
-0.00164876657267
-0.00338931194352
-0.00139370567709
-0.00324665954211
0.000725090632523
-0.00109038630649
-0.000866935534022
-0.00297937258422
-0.00277280784815
-0.000698499416614
-0.00287552666688
-0.0023606566555
-0.004457820921
-0.000273821230033
-0.000252767839408
-0.00489090154315
-0.0012930084526
-0.00276962805073
-0.00319605900531
-0.00233439174822
-0.00280527583816
-1.57062614131e-05
-0.00178576043808
-0.00176057176727
-0.00377253696729
0.000160837094316
-0.00165309775737
-0.00138212962427
-0.00349579824404
-0.00328585479484
-0.00111642491078
-0.00322715410976
-0.000685212174016
-0.00294190255642
0.0013300965671
-0.000706765683042
-0.00315149770153
-0.00392575302761
-0.000995968728027
-0.00144895737368
-0.0028752483657
-0.00335421516089
-0.000586000211109
-0.00236081171657
-0.00235629403407
-0.00427027504547
-0.0044756066889
-0.00215270723712
-0.00183321745063
-0.00189260484248
-0.00167961110843
0.000526440436191
0.000994462137172
-0.00111943691928
-0.00337167434376
-0.00279448061024
-0.0011008252725
-0.00351168176769
-0.0042943977214
-0.00138424238809
-0.00190491730323
-0.00335391262799
-0.00384026957481
-0.00109366679227
-0.00287286350813
-0.00293126910089
-0.00265913759569
-0.00286740941838
-0.000513336511149
-0.000212029072353
-0.00229929106637
-0.00206206266141
0.000150078119002
0.000546150031514
-0.00164266901372
-0.00373767135868
-0.00313425244312
-0.00143285002385
-0.00380840655923
-0.0045982343654
-0.00176019510066
-0.00229586787124
-0.00376751203188
-0.00220221724125
-0.0037926347911
0.000299396103157
-0.00135863892483
-0.00310352766892
-0.00323276963214
-0.000877603164662
-0.000655551666866
-0.0027432923633
-0.00247802086986
-0.00415950132132
7.47197368264e-05
-0.00210996496802
-0.0022944294125
-0.00170441798364
3.54544373788e-05
-0.0040399711279
-0.00483544057108
-4.77289297043e-06
-0.00054591901566
-0.00205519570437
-0.00255376248861
-0.00416584380319
-7.72307504964e-05
-0.00180187094077
-0.00357620602643
-0.00352626813685
-0.00117020366085
-0.00102990649202
-0.00311806237437
-0.000949674439065
-0.0026631973628
0.00158634210344
-0.000619420050792
-0.00270355444137
-0.00214403241071
-0.000393421268472
-0.00218654513225
-0.00300343858241
-0.00473307001078
-0.000799829746311
-0.00233110817917
-0.00283426501622
-0.00446777436502
-0.000381990240214
-0.00217447796593
-0.00398932142068
-0.00380389396866
-0.00363605039812
0.000577965342464
-0.00152115453468
-0.00124982064602
-0.00295775641799
0.00121651342874
-0.00100631079285
-0.00308909227289
-0.00251887581074
-0.00445716397357
-0.00228404993209
-0.00317828078128
-0.00491248351749
-0.000982432725244
-0.0025351101137
-0.0030417158911
-0.00469623181
0.00131727511832
-0.000570328505801
-0.00242678765327
-0.00223917310889
-0.00395158185088
8.73129379161e-05
-0.0018668964726
-0.0014764802012
-0.00318012336023
0.000890398497132
-0.00132956067467
-0.000769878563439
-0.00283593109158
-0.00322647084584
-0.00254131223381
-0.00328358060906
-0.00502056154743
0.000815286220717
-0.000777838232213
-0.00128667766612
-0.0029844132631
-0.00333099294897
-0.000834509111636
-0.00269213254632
-0.00250277784282
-0.00441772093882
-0.000332668558372
-0.00228465198597
-0.00182045591085
-0.00333675200337
-0.00167093904635
0.000135113168955
0.000676845721679
-0.0015367218554
-0.003600424517
-0.00125413338956
-0.00200860691914
-0.00341533848176
0.00077863853642
-0.000834142293346
-0.00134395060775
-0.00306129861905
-0.00347543519277
-0.00102170575063
-0.00114896051539
-0.0027824011733
-0.00488359568215
0.00108996554383
-0.000906248347647
-0.000436492553799
-0.00212647367975
-0.00187436128069
-4.35441033066e-05
0.000357843570385
-0.00185097858072
-0.00390734940184
-0.00103210843317
-0.00253464747605
-0.00394970248546
0.000392228135596
-0.000815702311604
-0.00132519290117
-0.00306120213859
-0.00355789977747
0.00061902695016
0.000491280398283
-0.00144020478083
-0.0035806250227
-0.00347578868229
-0.00117430214363
-0.000700125026833
-0.00262213854619
-0.00236573461516
-0.000318746464089
0.00011038572147
-0.00209468748976
-0.00414527215215
-0.00148176524342
-0.00299565658789
-0.0044182489332
-0.00461795367823
-0.00113053445609
0.000505897597843
-0.0012998246025
-0.00199477419311
0.000334259757584
5.60617622677e-05
-0.00175355657334
-0.00389647805273
-0.00379043807641
-0.00136394696053
-0.000886591631128
-0.00304723864772
-0.00278703657068
0.000819566001193
0.00125490365356
-0.000744579077665
-0.00292545609194
-0.00186480075892
-0.00169437330277
-0.00313034509536
-0.00333277532613
0.000205001811122
-0.000128261137288
-0.00180018220194
-0.00250753615162
-9.69020955964e-05
-0.000379501255758
-0.00208236312807
-0.00413307150086
-0.00402611170045
-0.00147357281428
0.000511979605467
-0.00187396828581
-0.00161054158398
0.000481584209923
0.00092193963015
-0.0010414982999
-0.000446171372602
-0.000472921677384
-0.00201661563642
-0.00345814399508
-0.00366286641519
-0.000280898108116
-0.000706927788625
-0.00222980235473
-0.00294817052314
-0.00489341547116
-0.000738343628065
-0.00088008873941
-0.00275657509817
-0.00273535962175
-0.00027342725026
0.000127831804111
-0.00214873500129
-0.00188273043285
-0.00380440661013
0.000662664106369
-0.00129438206782
-0.000729640921783
-0.000715532592561
-0.00226579740374
-0.00371170820588
-0.00391823976849
-0.000783330024773
-0.00121701428751
-0.00114805073749
-0.00177208044406
-0.00372267636682
0.000566959676421
-0.00115861748355
-0.00109285944578
-0.00305079121819
-0.000585085332741
-0.000297295221824
-0.00234465185394
-0.00207677830937
-0.00399087799661
0.00047906162325
-0.000142061913073
0.000390241258484
-0.000885126800092
-0.002440050521
-0.00142828191597
-0.00258844438288
-0.00428208558934
-0.000102552480495
-0.0015875866764
-0.00205837882251
-0.00401339986653
0.000370295113075
-0.00135493086893
-0.00132690301686
-0.00328490125588
-0.00506552204772
-0.000645633630932
-0.00120095252808
-0.000860870305914
-0.00278461992095
0.00173144923554
-0.000245853248715
0.000252337782914
0.000570135351632
-0.00101047568586
-0.00152802775651
-0.00273727403312
-0.00463811169125
-0.000464351808644
-0.00195095454823
-0.00226344255086
-0.00422169277448
0.000185836489494
-0.00164922570782
-9.9932045822e-05
-0.00206712298497
-0.00393166716886
0.000444101349186
-0.00146510192008
-0.00114719731709
-0.00302121371175
0.00170294681819
-0.00054241655495
0.000113742649236
-0.004190775389
-0.00103141304746
-0.00154934399612
-0.00300798589846
-0.00491633349421
-0.000747192509082
-0.00223505108152
-0.00238539331742
-0.00299533031494
-0.00309567639337
-0.000488421684717
-0.000276553538893
-0.00213281591071
-0.00411881846358
0.000257770541901
-0.00168142787084
-0.00139186713414
-0.00326055738812
-0.00255473132274
-0.000851612979483
0.00096088976799
-0.000647077531392
-0.00205193869504
0.000482075215138
0.000521478317431
-0.000994647560466
0.00154941534119
-0.00239026608749
-0.000684409318469
0.00199842755551
0.000419837734952
0.000459530441544
-0.00103725434255
0.00150694776275
-0.00245806835329
-0.00071980879272
0.00193835171539
0.000359497866728
0.000399472100604
-0.0010779379725
0.00146639729342
-0.00286340733173
-0.000753271475817
0.0018801733943
0.000301063188456
0.000341310769965
-0.00111669332719
0.00142776900681
-0.00292752355731
-0.000784793121718
0.0018238998753
0.000244541077364
0.00028505372649
-0.00115351550943
0.00138709797685
-0.00298978516788
-0.000814369719318
0.00176953823853
1.68728941082e-05
0.000230708044238
-0.00118839985087
0.00132531701144
-0.00305018467366
-0.000841997494963
0.00171709535692
-3.58027759719e-05
0.000178280590236
-0.00123343336355
0.00126541760964
-0.0031087147703
-0.000867672914823
0.00166657789208
-8.65449954604e-05
0.000127778020332
-0.00130585094864
0.000855618686289
-0.00316536834301
-0.000915650355637
0.00161799229021
-0.0028654015486
7.32055632676e-05
-0.00137640805256
0.000799504388434
-0.00322013847069
-0.000980634935206
0.00157134477821
-0.00291225749602
4.08877636948e-06
-0.00144509601786
0.000745293234426
-0.00327301842993
-0.00104373559632
0.00134902650324
-0.00295716106972
-6.31399260618e-05
-0.00151190636475
0.000692992014212
-0.00332400169896
-0.00110494449595
0.00130627295509
-0.00300010641618
-0.000128472095467
-0.00157683079597
0.000642607309163
-0.00337308196151
-0.00116425398455
0.00126547482349
-0.00304108791525
-0.000191899473261
-0.00163986120158
0.000594145488115
-0.00342025311053
-0.00122165661057
0.00122663742062
-0.00308010018371
-0.000253413995709
-0.00204609217503
0.000547612703488
0.00094492433109
-0.00127714512487
0.00118976582126
-0.00311713807871
-0.00031300779873
-0.00210531097242
-0.00188392063338
0.000901588875109
-0.00150621184233
0.00115486485955
-0.0031521967011
-0.000370673222625
-0.00216261258523
-0.00192657777225
0.000860179562265
-0.00155785121702
0.00112193912586
-0.0031852713986
-0.000426402816739
-0.00221798969938
-0.00196728875299
0.000820701627088
-0.00160755599004
0.00109099296385
-0.0032163577688
-0.000480189344016
-0.00227143521109
-0.00200604832536
0.000783160077637
-0.00165531976444
0.00106203046767
-0.00324545166208
-0.000878056825436
0.00199238329353
-0.0020428514732
0.000747559692401
-0.00170113636647
0.00103505547923
-0.00327254918432
-0.000927936384573
0.00194282143552
-0.00207769341765
0.000713905017322
-0.00174499984946
0.00101007158575
-0.00329764669948
-0.000975852491589
0.00189521118693
-0.00211056962013
0.000183231255082
-0.00163095762753
-0.00242393429742
0.000285489388437
-8.48592960153e-05
-0.000596328203185
-0.00149886013832
-0.00210311101292
-0.001672258287
-0.00246788517382
0.000239018850898
-0.000115707662913
-0.000661750598807
-0.00156879622651
-0.00218731388532
-0.0017378850192
-0.00250947258875
0.000195041316127
-0.000143890504896
-0.000724454421609
-0.00163584562693
-0.00226854328694
-0.0018199334121
-0.00254868862079
0.000153566129548
-0.000169401071092
-0.000784423422705
-0.00169998860332
-0.00234677315909
-0.00189987231621
-0.00258552576771
0.000114602147673
-0.00019223323107
-0.000841641940543
-0.00176120610618
-0.00242197811673
-0.00197768889047
-0.00261997695356
7.8157728887e-05
-0.000212381482136
-0.000896094920222
-0.0018194797993
-0.00249413348566
-0.00205337053446
0.0020800307645
4.42407246943e-05
-0.000229840955908
-0.00095474072462
-0.00187479208557
-0.00256321533936
-0.00212690489757
0.00039131342205
1.28584714309e-05
-0.000244607424164
-0.00102753875252
-0.00192712613222
-0.00262920053543
-0.00219827988823
0.00036405821516
-1.59822175312e-05
-0.000256677303933
-0.00109761836775
-0.00198368876025
-0.00324791452284
-0.00226748368294
0.000339212883242
-4.22750590689e-05
-0.000266047661829
-0.00116496118889
-0.00260298820542
-0.00330764029134
-0.00233450473533
0.000316782278747
-6.60143070654e-05
-0.000272716217607
-0.00177852726642
-0.002672091768
-0.00336420503461
-0.00239933178504
0.000296770793709
-8.71947586227e-05
-0.000276681346931
-0.00184034362262
-0.00273824924259
-0.00341758909787
-0.00246195386652
0.000279182355478
-0.000105811759714
-0.000841728215615
-0.00189937149604
-0.00280144037319
-0.00346777378183
0.00215158959077
0.000264020422892
-0.000703912208024
-0.000840284251752
-0.00195559488058
-0.00286164563828
-0.00351474137399
0.00209340911995
-0.000320210198778
-0.000717390566386
-0.000836135939656
-0.00200899841652
-0.00291884627911
-0.00355847517869
0.00146596647753
-0.000330510634078
-0.000728294853255
-0.000877140316642
-0.00205956741045
-0.00297302432728
-0.00359895954576
0.00141226772797
-0.000367252256908
-0.000736622654936
-0.000921276883775
-0.00210728785463
-0.00302416263153
-0.00363617989775
0.00136082405418
-0.000421180082095
-0.000742372126014
-0.00096275747292
-0.00215214644561
-0.00307224488366
0.00118288998331
0.00131164447634
-0.000472741131459
-0.000759654367352
-0.00100157210323
-0.00219413060211
-0.00311725564349
0.00115223697695
0.00126473766271
-0.00052192544299
-0.000860582545912
-0.00110719819753
-0.00223322848217
-0.00315918036277
0.00112488503471
0.00122011192219
-0.000568723461716
-0.000959208149147
-0.00121107825113
-0.00226942899934
-0.00319800540797
0.00109078447062
-0.00283173656803
-0.00202245050123
0.000404575952221
-0.00123816504755
-0.0042258669216
-0.00333361182826
-0.00248566276033
-0.00284042628994
-0.000455820348052
0.000389644075291
-0.00125380456212
-0.0042422473885
-0.00332806475648
-0.00249182825526
-0.00284792861695
-0.000468841497457
0.000376010171886
-0.00126808487693
-0.0042572045896
-0.00332101949415
-0.00249641550274
-0.00130876646897
-0.000480622081151
0.000363675009686
-0.00128100511003
-0.00427073751171
-0.0033124765685
-0.00249942412172
-0.00131389300322
-0.000491161493566
-0.0021457639078
-0.00129256446281
-0.00428284523731
-0.00330243661849
-0.00250085386222
-0.00131783125122
-0.0005004591926
-0.00215549957516
-0.00130276222024
-0.00429352694482
-0.00329090039457
-0.00250070460542
-0.00132058102752
-0.000508514699758
-0.00216393463467
-0.0013115977511
-0.00430278190891
-0.00327786875846
-0.00249897636373
-0.00132214220266
-0.000515327600273
-0.00217106861016
-0.00131907050819
-0.00431060950075
-0.00326334268273
-0.00249566928077
-0.00132251470309
-0.000520897543215
-0.00217690109873
-0.00132518002846
-0.00431700918817
-0.00324732325052
-0.0024907836313
-0.00132169851128
-0.000525224241579
-0.00218143177086
-0.00132992593319
-0.0043219805359
-0.00322981165512
-0.00248431982114
-0.00131969366566
-0.000528307472362
-0.00218466037051
-0.00133330792807
-0.00432552320571
-0.00322363784255
-0.00247627838698
-0.00131650026066
-0.00296718262977
-0.00218658671517
-0.00133532580335
-0.00432763695648
-0.0032258509997
-0.00246665999613
-0.00131211844664
-0.00296777851265
-0.00218721069593
-0.00133597943385
-0.00432832164432
-0.00322656788887
-0.00245546544632
-0.00130734200368
-0.00296713064343
-0.00218653227751
-0.00532114872178
-0.00432757722264
-0.00322578845658
-0.00244269566527
-0.00130553449844
-0.00296523905551
-0.00218455149828
-0.0053190738257
-0.00432540374211
-0.00322351276098
-0.000859157922529
-0.001302538643
-0.00296210384642
-0.00218126847021
-0.00531563481708
-0.00432180135067
-0.00168122681227
-0.000843240980461
-0.00129835457837
-0.00295772517779
-0.00217668337889
-0.00531083190923
-0.00281277141415
-0.00167595921111
-0.000825752366551
-0.00129298250147
-0.00295210327529
-0.00217079648342
-0.00383934481282
-0.00280631203353
-0.00166919619073
-0.000806693524348
-0.00367240590864
-0.00294523842861
-0.000698287529259
-0.00383181508441
-0.00279842476881
-0.00168918160973
-0.000786066024996
-0.00366465862127
-0.00293713099135
-0.000689798096669
-0.00382292260341
-0.00278911015618
-0.00170955208703
-0.000795743681507
-0.00365572424718
-0.00149837538622
-0.000680008077723
-0.00381266792056
-0.00277836882852
-0.00172843211351
-0.000815612820407
-0.000822550136115
-0.00344616529079
-0.00111241990929
-0.00385632075114
-0.00210399943018
-0.00276722700467
-0.00111486592035
-0.000824731684039
-0.0034483726114
-0.00112855105856
-0.00385084726924
-0.00209847175177
-0.0027616572898
-0.00111558583025
-0.000825932502438
-0.00344958761673
0.000170150178931
-0.00384436006152
-0.00209192031875
-0.00275505604188
-0.00111526496843
-0.000826152552809
-0.00344981026691
-0.00154857033184
-0.00383685935023
-0.00208434536006
-0.00471593487537
-0.0011139033465
-0.000825391828097
-0.00344904055461
-0.00156170060226
-0.0038283453923
-0.00207574714033
-0.00470727130044
-0.00111150101359
-0.000823650352693
-0.00344727850511
-0.00157382965671
-0.0025149342785
-0.0020661259598
-0.00469757700452
-0.00110805805645
-0.000820928182431
-0.00344452417624
-0.00158495708908
-0.00252263902841
-0.00205548215431
-0.00468685233113
-0.00110357459935
-0.000817225404581
-0.0034407776584
-0.00159508252659
-0.00253287143346
-0.00204381609521
-0.00467509766016
-0.00109805080411
-0.000812542137829
-0.00343603907454
-0.00160420562989
-0.00254209093642
-0.00203112818934
-0.00466231340777
-0.00109148687003
-0.000806878532267
-0.00343030858012
-0.00161232609308
-0.00255029722158
-0.000701596985381
-0.00464850002629
-0.00108388303388
-0.000800234769359
-0.00342358636312
-0.00161944364377
-0.00255749000784
-0.000686866747883
-0.00463365800419
-0.00107523956986
-0.000792611061921
-0.00341587264397
-0.00162555804314
-0.00256366904873
-0.000671116096084
-0.00461778786597
-0.00106555678954
-0.00078400765408
-0.00340716767555
-0.00163066908596
-0.00256883413245
-0.000668982677923
-0.00329623204224
-0.00105483504179
0.000392287671464
-0.00339747174313
-0.00163477660064
-0.00257298508189
-0.000673168280514
-0.00327830738889
-0.00104307471275
0.00040284962267
-0.00338678516431
-0.00163788044925
-0.00257612175471
-0.000676331141234
-0.00325935640812
-0.00103027622575
0.000414390354425
-0.00337510828901
-0.00163998052754
-0.00257824404334
-0.00067847114978
-0.00323937976756
-0.0010164400412
0.000426909497787
-0.00219978025985
-0.00164107676498
-0.00257935187495
-0.000679588231512
-0.00321837817033
0.000327388747897
0.000440406652743
-0.00219220527552
-0.00164116912475
-0.00257944521156
-0.000679682347467
-0.00320019955381
0.00034329879824
-0.0011013334882
-0.00219130515628
-0.00164025760374
-0.00439715210034
-0.00067875349436
-0.00318423754478
-0.00177304068371
-0.00108588163405
-0.00218941374284
-0.00163834223256
-0.00439521647212
-0.000676801704592
-0.00318227402031
-0.00175505905238
-0.00106945315409
-0.00218653109712
-0.000448170263478
-0.0043922664437
-0.000673827046238
-0.00317928147849
-0.00173604257913
