0.000801420776142
-0.00109763669124
0.00136887263859
-0.000502944247801
-0.00236127375904
0.00326903073202
0.00140139164775
0.000846867673537
-0.00104207354603
0.00142432414883
-0.000447890632643
-0.00230855903
0.00332127748595
0.00145304839453
0.000893392089752
-0.00098544807357
0.00148083326141
-0.000391786457603
0.00111346675871
0.00337455977176
0.00150572971997
0.000940992183013
-0.00092776247808
0.00153839779645
-0.000334633857154
0.00116826787598
0.00342887562663
0.00155943372554
0.000989666073307
-0.000869018998799
0.0015970155395
-0.000276434999716
0.00122410913145
-0.000652114843921
0.00161415848064
0.00103941184273
-0.000809219909549
0.00165668424198
0.000542589251013
0.00128098844322
-0.000595737870966
0.00166990202302
0.00109022753588
-0.000748367518324
0.00171740162154
0.000602873983349
0.00133890369642
-0.00053833341387
0.00172666235903
0.00114211116018
-0.00068646416687
0.00255113585066
0.00066419826767
0.00139785274355
-0.000479903565232
0.001784437464
0.00119506068629
-0.000623512230259
0.00261394360448
0.000726559803721
0.00145783340487
-0.000420450449202
0.0018432252826
0.00124907404848
-0.000559514116459
0.00267779299004
0.000789956259294
0.00151884346876
-0.000359976221108
0.00190302372915
0.00130414914501
0.000267783596449
0.0027426815942
0.000854385270639
0.00158088069217
-0.000298483067094
0.00196383068798
0.00136028383852
0.000333866711289
-0.00154730791863
0.000919844442874
0.00164394280092
-0.000235973203743
0.00201997057688
0.00219364019012
0.000400988586361
-0.00148034824292
0.000986331350406
0.00170802749015
-0.0001724488777
0.00207532853188
0.00225188752504
0.00046914668646
-0.00141235677624
0.00105384353735
0.00177313242471
-0.000107912365296
0.00213169898294
0.00231118783515
0.000538338445678
-0.00134333605575
0.00112237851794
0.00183925523953
-4.23659721644e-05
0.00218907993721
0.00237153884461
0.00060856126785
-0.00127328864848
0.00119193377697
0.00190639354005
2.41879671459e-05
0.00224746937152
0.00243293824402
0.000679812527008
-0.00120221715096
0.00126250677022
0.00197454490262
9.17470895563e-05
0.00285513017573
0.00249538369076
0.00075208956783
-0.00113012418873
0.00133409492488
0.00204370687489
0.00016030900385
-0.0011533825574
0.0025588728095
0.000825389706098
-0.00105701241589
0.00140669563998
0.00211387697624
0.000780373270952
-0.00109198012055
0.00262340319253
0.000899710229155
-0.000982988484385
0.00148030628681
0.00218150799562
0.000850933484775
-0.00102957759312
0.00268897240026
0.000975048396364
-0.000907988620537
0.00154650699005
0.00279741337463
0.000922489151942
-0.000966177144953
0.000815346625844
-0.000756278678012
-0.00210262434679
0.000324818128252
0.00215149797642
-0.00298275061446
-0.000746279567055
0.000870386651091
-0.000700119714351
-0.00165549794502
0.000363197535749
0.00221043056883
-0.00292278367201
-0.000685450490498
0.000926528488706
-0.000642838195875
-0.00161663777657
0.000402763153176
0.00227054447841
-0.00286161643873
-0.000623405378539
0.000983769789418
-0.000584436614133
-0.00157661363937
0.000443513094949
0.00233183679908
-0.00260072473239
-0.000560147417729
0.00104210816482
-0.000524917501807
-0.00153542737078
0.000485445423219
0.00239430457756
-0.00253716613772
-0.000495679845454
0.00110154118785
-0.000464283432194
-0.00149308085747
0.000528558148316
-0.000793823834531
-0.00247241657005
-0.000430005949166
0.00116206639324
-3.72513445032e-06
-0.001449576035
0.000572849229216
-0.000729014185514
-0.0024064792317
-0.000363129065591
0.00122368127805
5.91309700344e-05
-0.0014049148874
0.000618316574006
-0.000663038214722
-0.00233935737194
-0.000295052579944
-0.00237479661296
0.000123094073525
-0.00135909944672
0.000664958040364
-0.000595899057304
-0.00227105428626
-0.000225779925129
-0.00231101002655
0.000188161445584
-0.0013121317926
0.000712771436047
-0.000326983696364
-0.00220217394954
-0.000160035222473
-0.00224614149088
0.00025433031784
-0.00126401405177
0.000761754519393
-0.0002712198408
-0.0021488971387
-0.000106001795952
-0.0021801936548
0.000321597884537
-0.00121474839762
0.000811904999821
-0.000217668362247
-0.00209441900269
-5.0751157103e-05
-0.00172434761539
0.000389961303092
-0.00116433704975
0.000863220538357
-0.000162937250371
-0.00203874224549
5.71387618062e-06
-0.00165624926533
0.000442084995276
-0.00111278227342
0.000915698748149
-0.000107029125399
-0.00198186962217
6.33904330486e-05
-0.00158707977061
0.000493726529834
-0.00106008637912
0.0011699533908
-4.99466558977e-05
-0.00192380393831
0.000122275590388
-0.00151684191785
0.000546485495884
-0.00100625172204
0.00122474959373
8.30744182727e-06
-0.00186454804926
0.000182366373525
-0.00144553852685
0.000600359632023
-0.000951280701577
0.00128070102548
6.77304043483e-05
-0.00180410485953
0.000244362905481
-0.00137317245001
0.000655346635344
-0.000895175760842
-0.0020380715818
0.000128319421736
-0.0017424773221
0.000306855813516
-0.00129974657189
0.000711444161898
-0.00083793938611
-0.00197981745635
0.000190071638188
-0.00167966843772
0.00037054512112
-0.00122526380858
0.00076864982718
-0.000581334645728
-0.00192041595573
0.000252984152662
-0.00161568125426
0.000435427654568
-0.00114972710728
0.000826961206605
-0.000521843031929
-0.00185986978655
0.000317054019519
-0.00155051886598
0.000501500192207
-0.00130938094053
-0.00189609650289
-0.00169728997346
-0.00209630083247
-0.00194589036348
-0.00149303864002
-0.00184442941107
-0.00191439811893
-0.00207026323556
-0.00216557668882
-0.00183148503829
-0.00200891185704
-0.0019091429853
-0.00208644788943
-0.00221406505761
-0.00190025823638
-0.00218455151022
-0.00167878829945
-0.00207406275992
-0.00157342188322
-0.00208667035786
-0.00196873096481
-0.00255840925865
-0.00236314287249
-0.00276504331092
-0.00205509129398
-0.00250606998292
-0.00253145782594
-0.00260335424557
-0.00242073553826
-0.0024976843115
-0.002516875575
-0.00270228846801
-0.00260175420313
-0.00259535427839
-0.00237751377019
-0.00258919769708
-0.00287040037372
-0.00236086673277
-0.0027913945909
-0.0022773263701
-0.0027498930441
-0.00262942276765
-0.00320107412972
-0.00300929188249
-0.00288405835267
-0.00271648192547
-0.00317075706443
-0.00319875597568
-0.00311671107141
-0.0030911058558
-0.00314939748356
-0.00319051263988
-0.00337591875265
-0.00309079952935
-0.00326863158836
-0.00304916306558
-0.00325849798958
-0.00283621963243
-0.00304627473121
-0.00349397012093
-0.00297598651911
-0.00339361916594
-0.00412486119289
-0.00330088447188
-0.0031053391915
-0.00351287871004
-0.00335779641353
-0.00381531440621
-0.00350597390643
-0.00376570787539
-0.00374125568442
-0.00379973826603
-0.00384395466918
-0.00384552406914
-0.00374349168877
-0.0039217682797
-0.0037006970497
-0.00390200612561
-0.00348244243378
-0.00373274095513
-0.00417725219107
-0.00365540325759
-0.00424203666503
-0.00421142478432
-0.00392563067838
-0.00440121797699
-0.00412110338599
-0.00397860402437
-0.00410816836982
-0.00413248792058
-0.00439405873346
-0.00437073902678
-0.00428696888847
-0.00433656981617
-0.00433564788913
-0.00437555370358
-0.00455431886224
-0.00432918543409
-0.00453071068232
-0.00410820142117
-0.00439943060173
-0.00397080544879
0.000404609557474
-3.43904412227e-05
-0.00481181948889
-0.00452978889579
-0.00500326164201
-0.00471041600562
-0.00477240062644
-0.00471115913442
-0.0047379504681
-0.00500132129788
-0.00483644217547
-0.00489574963735
-0.00494827848122
4.93063157448e-05
2.034324828e-06
-0.000190393709973
3.37958856144e-05
-0.000180391893441
0.000245004251036
-0.000111513480325
0.000134327098275
-0.000235026039214
0.000390363579088
-0.00539129370319
-0.00511595023514
-0.00530032236674
-0.00503597781125
-0.00040454090708
-0.000323523279874
-0.000690153646749
-0.000412045679615
-0.000426605615253
-0.000486312308991
-0.000541796362273
-0.000540861716544
-0.000584827715461
-0.000425035780173
-0.000554742919054
-0.000766753201062
-0.000546532457352
-0.000923194388558
-0.00048844964454
-0.000854124994834
-0.000224446547745
-0.00110358878693
-0.000481393324932
-0.0010057426198
-0.000719465078076
-0.00104435665814
-0.000908387610514
-0.00109701486793
-0.00101593923792
-0.00103903473354
-0.00110657097205
-0.00110999582072
-0.00110905503916
-0.00115233795124
-0.000993175029517
-0.00112140898441
-0.000979588506369
-0.00115354735764
-0.00152790076315
-0.00109018588392
-0.00145225898133
-0.00115484166626
-0.00137274139419
-0.00198995527154
-0.00161917883009
-0.00133588124837
-0.00166306868839
-0.00133920912026
-0.00171835959119
-0.00163926208716
-0.00181174424467
-0.00173162587906
-0.00169494997869
-0.00165483812566
-0.00169745640957
-0.00153897193006
-0.00185360156934
-0.0015218852572
-0.0017389707813
-0.00139945042914
-0.0016704496722
-0.00236546355966
-0.00173112488636
-0.00195708178996
-0.00257839388296
-0.00221117242729
-0.00193079060144
-0.00207166368163
-0.00193620196622
-0.00231798909392
-0.00224082786578
-0.00241713185086
-0.00233488728795
-0.00229795219679
-0.00217778172589
-0.00221975524753
-0.00225469234174
-0.00237523877027
-0.00204151762871
-0.00230236479492
-0.00230455909423
-0.00257793623869
-0.00203430054562
-0.00230592004241
-0.00251972724844
-0.00314503725729
-0.00259540957295
-0.00302949065732
-0.00264681521462
-0.00251108415214
-0.00289544525491
-0.0028227813415
-0.00299766504134
-0.00291588978111
-0.00287870157656
-0.00273548764121
-0.00276021131261
-0.0028082759818
-0.00291163280762
-0.00256018994136
-0.00318721176817
-0.00284335134509
-0.00311397707279
-0.00256700655662
-0.00285889380235
-0.00306025898184
-0.00351118298023
-0.00314320692972
-0.00358005817479
-0.00319951808126
-0.00360294417099
-0.00345288140746
-0.00337945158667
-0.00355549071932
-0.00347417250514
-0.00358488327775
-0.00344332791537
-0.00336640300168
-0.00341344988339
-0.00316450011679
-0.00350113523375
-0.00370525537103
-0.00335932061654
-0.00362727936449
-0.00308859427549
-0.0039383618846
-0.00339998882196
-0.00403296170697
-0.00366826160723
-0.00410780148074
-0.00372933423809
-0.00413829717539
-0.00398505380579
-0.00426958977244
-0.00409211317644
-0.00416015587751
-0.00412325024613
-0.0039869877829
-0.00395014348013
-0.00399619639827
-0.00409867484901
-0.00407972943922
-0.00365583548878
-0.00385205315491
-0.00411743517842
-0.00413722902979
0.000410947357955
-0.00495234602185
-0.00453168467857
-0.00417015337692
-0.0046203010507
-0.00427635204623
-0.00465104593838
-0.00449835753736
-0.00478464510254
-0.0047983556967
-0.00486944382324
-0.0046396164529
-0.0045480532213
-0.00451096075502
5.63917942692e-05
0.000308740159509
0.000320104555873
0.000751336661446
5.4099104902e-05
0.000508022756757
0.000267932882711
-7.41067191879e-05
-0.00542409268761
-0.00500694757636
-0.00555993200747
-0.00512481870744
-0.00482173193741
-0.000227798340344
-3.5370752088e-05
-0.000497992996293
-0.000310122010865
-0.000381633512635
-0.00014444071386
-9.55673893899e-05
-0.000433784191814
-0.000480096355867
-0.000226120060272
-0.00021245844422
-0.000373157658982
-0.000453159320863
4.56028442777e-05
-0.000196888535231
-0.000535729123723
-0.0010125255373
-0.000567329493629
-0.00113098558745
-0.000713893314652
-0.00112966000936
-0.000733540743658
-0.000735615788753
-0.000998050195985
-0.000783842280821
-0.000849795533218
-0.000985414492077
-0.000982405493006
-0.000947364578627
-0.000800514160613
-0.000737215408656
-0.00129041663473
-0.000905283530773
-0.000988043345814
-0.000426625565179
-0.000637766225394
-0.000769724357212
-0.00148534670724
-0.000996485320881
-0.00162350840893
-0.00120949435759
-0.00162932330158
-0.00143173368493
-0.00178050014896
-0.0014833477695
-0.0012700526168
-0.00168023083894
-0.00142852042275
-0.00147191370655
-0.00143664787519
-0.0012889202282
-0.00178523915808
-0.00179030648092
-0.00141367814805
-0.00149936520471
-0.00167233089895
-0.00178437352916
-0.00118335754693
-0.00196707417828
-0.00146560835031
-0.00209194099562
-0.001873159296
-0.00230089744424
-0.00191307019612
-0.00223957169636
-0.00194390727317
-0.00244682148059
-0.00214192077732
-0.00188392918558
-0.00193667726321
-0.00190119537833
-0.00231287896385
-0.00224748501091
-0.00192144034577
-0.00189790229545
-0.00272449275875
-0.00215635560412
-0.00221286307082
-0.0015812563966
-0.00242480721424
-0.00303048582005
-0.00271829311525
-0.00231993129301
-0.0027555394987
-0.00236966275403
-0.00267354905114
-0.00272667147376
-0.00288305862655
-0.00257840082755
-0.00232005442115
-0.00293266278716
-0.00290083459716
-0.00275145845335
-0.00268466923434
-0.00238320033947
-0.00309956696313
-0.00263417458566
-0.00261608586125
-0.00267831752994
-0.00207228306488
-0.00285815205754
-0.00364695803951
-0.00313733287502
-0.0036694580614
-0.00318510737522
-0.00280109368476
-0.00343734174124
-0.00313650324002
-0.00329368713625
-0.00298926039129
-0.00348007881244
-0.00334667036294
-0.00331464549753
-0.00316450236126
-0.00309638529478
-0.00355767680555
-0.00354012999755
-0.00307223634091
-0.00305111576157
-0.00242089883365
-0.00347469281554
-0.00344669579662
-0.00405854333016
-0.00353109717371
-0.00406579169112
-0.00394674388566
-0.00356227318437
-0.00381993447672
-0.00352037537978
-0.00367831295785
-0.00393135792454
-0.00386460393538
-0.00373469638924
-0.00369609926581
-0.00355161617465
-0.00424366851977
-0.00396881144427
-0.00395533572926
-0.00348506009472
-0.00439129601023
-0.00379706719035
-0.00391735721261
0.00213005379641
0.000159403330777
-0.00173682406061
-8.16618530706e-05
-0.00197817274331
-0.00106226927202
-0.0028666970615
0.00207077300675
0.000100217642747
-0.00179575121621
-0.000143748876169
-0.00203237569161
-0.00111326471986
-0.00292718130767
0.0020125500097
4.20881842634e-05
-0.00185362639468
-0.000204795239095
-0.00208553605332
-0.00118040036018
-0.000624443869968
0.00195538706662
-1.49827938944e-05
-0.00191044737389
-0.000264798637861
-0.00213765183605
-0.00124857904175
-0.000691882771985
0.00189928640401
-7.09930757068e-05
-0.00196633875737
-0.000323756801212
-0.00218872108164
0.00110149813069
-0.000758318743526
0.00184425021303
-0.000125940480321
-0.00202461686468
-0.000381667491026
-0.00224536630807
0.0010353474089
-0.000823749436716
0.00179028064913
-0.000179822862457
-0.00208183914052
-0.000438528502723
-0.00230171975677
0.000970214272965
-0.000888172532037
0.00173737983167
-0.000232638112803
-0.00213800337366
-0.00401780756823
6.02130112375e-05
0.000906101087707
-0.000951585738714
0.00168554984344
-0.000284384158417
-0.00219310738775
-0.00407256274609
5.94790520657e-06
0.000843010188074
-0.0010139867951
0.00163479273037
-0.000335058963107
-0.0022471490417
-0.00172551899353
-4.72699421311e-05
0.000780943878745
-0.00107537346903
0.00158511050107
-0.000384660527825
-0.00230012623013
-0.00177815993155
-9.94385181581e-05
0.000719904433739
-0.00113574355825
0.00153650512648
-0.000433186891037
9.24902282504e-05
-0.0018297406854
-0.00015055584493
0.000659894096016
-0.00119509489073
0.00148897853948
-0.000480636129102
4.16481424246e-05
-0.00188025925993
-0.000200619979536
0.000600915077098
-0.00125342532506
0.00144253263453
-0.000527006356638
-8.12337961759e-06
-0.00192971369623
-0.000249629014451
0.000542969556675
-0.00131073275081
-0.00240590695525
0.00191450970466
-5.68223790442e-05
-0.00197810207196
-0.000297581077888
0.00048605968223
-0.0013670150889
-0.00245018596824
0.00187030299949
-0.000104446934606
-0.00202542250177
-0.000344474334138
0.000430187568657
-0.00142227029196
-3.42718831084e-05
0.00182718072786
-0.000150995163002
-0.0020716731376
-0.000390306983916
0.000375355297893
-0.00147649634467
-7.63768963944e-05
0.00178514461855
-0.000196465219237
-0.00211685216903
-0.000435077264687
0.000321564918544
-0.0015296912641
-0.000117392344249
0.00174419636035
-0.00024085529698
-0.00216095782367
-0.000478783451001
0.000268818445521
-0.00158185310011
-0.0001573165702
0.00170433760171
-0.000284163628905
-0.00220398836746
-0.000521423854809
0.000217117859683
-0.00163297993563
-0.000214852055257
0.00166556995042
-0.000326388487038
-0.00224594210498
-0.00408277030906
0.000166465107475
0.000541749847682
-0.00228743133823
0.00133562501101
-0.00110186084831
-0.0025644620541
-0.00281747236388
-0.0015944596821
-0.000373351506395
-0.00235808967672
0.00125896583992
-0.00116632413621
-0.00263017294916
-0.00288427822261
-0.00166437827029
-0.000442915012984
-0.00242768777068
0.00118306939342
-0.00122967214428
-0.00269474907491
-0.00294993230646
-0.00173313252403
-0.000512621691764
-0.000216428081749
0.00110824579633
-0.00129190211666
-0.00275818751741
-0.00301443155812
-0.00180071915489
-0.000581146357475
-0.000283897429257
0.00103449811855
-0.00135301133726
-0.00282048540434
-0.00307906742755
-0.00186713491823
-0.00064848563354
-0.000350298340994
0.000961829397317
-0.00141299713037
-0.000732169755135
-0.00314842007453
-0.00193237661387
-0.00293487288555
-0.00041562815352
0.000890242636631
-0.00147185686116
-0.000792178083461
-0.00321662148178
-0.00199644108687
-0.00299983143684
-0.000479884237713
0.00081974080667
-0.00152958793625
-0.000851037495005
-0.00328366846331
-0.0020600758311
-0.00306359474702
-0.000543063999261
0.000750326843235
-0.00428533950562
-0.000908745289941
-0.00334955787557
-0.00212701631848
-0.00110936848504
-0.000605164879152
0.000682003647186
-0.00435504347258
-0.000965298813048
-0.00341428661814
-0.00219277949258
-0.00117073179633
-0.000666184354164
0.000614774083877
-0.00442363413766
-0.00102069545429
-0.00347785163445
-0.00225736215297
-0.00123089044835
-0.000726119937342
0.000548640982601
-0.00238446522084
-0.00107493264939
0.000243440830717
-0.00232076114535
-0.00129383527279
-0.000784969178476
0.000483607136041
-0.00245082032604
-0.00112800788039
0.000182212257989
-0.00238297336234
-0.00135681081628
-0.00084272966458
0.000419675299713
-0.00251605325038
-0.00117991867622
0.000122156311592
-0.00042720460157
-0.00141858134137
-0.000899399020351
0.000356848191425
-0.00258016111239
-0.00123066261323
6.32758661184e-05
-0.000487034136573
-0.00147914371778
-0.000954974908641
0.000295128490738
-0.00264314107065
-0.00128023731575
5.57374902568e-06
-0.000545667862287
-0.00153849486591
-0.00100945503091
0.00241014704605
-0.00270499032441
-0.00132864045663
-5.09472600094e-05
-0.000603102865864
-0.00159663175759
-0.00106283712768
0.00235065004356
-0.00276570611417
-0.00137586975773
-0.000106284429724
-0.00309268100662
-0.00165355141681
-0.00111511897899
0.00229226825252
-0.00282528572228
-0.0014238361986
0.00186948864425
-0.00314771002954
-0.00170925092043
-0.00116629840481
0.00223500419415
-0.00288372647347
-0.00148332753128
0.00181652715017
-0.00320153189671
-0.00176372739893
-0.00121939562381
-0.000780546585837
-0.00294102573544
-0.00154165846878
0.00176475739248
-0.00325414390079
-0.00181697803706
-0.00160396735117
-0.00281893815851
-0.00410527795606
-1.35453934766e-05
-0.00332624547629
-0.00464083807136
-0.00145551426816
-0.00161209739163
-0.00282655068665
-0.00411308399343
-2.15517021985e-05
-0.00333502193086
-0.00464984466751
-0.00146616283752
-0.00161959005109
-0.00283350990272
-0.00412022013107
-2.887094545e-05
-0.00334309357351
-0.0046581279988
-0.000601009705853
-0.001626445228
-0.00283981570763
-0.00412668626217
-3.55030079729e-05
-0.00335046027047
-0.00466568792064
-0.00061017372149
-0.00163266282943
-0.00284546801158
-0.00413248228991
-4.14477853081e-05
-0.00335712189961
-0.00467252430106
-0.000618595200656
-0.00163824277109
-0.00285046673409
-0.00320113720168
-4.67051838037e-05
-0.00336307835048
-0.00467863702067
-0.000626273988422
-0.00164318497733
-0.00285481180395
-0.00320559277233
-5.12751206222e-05
-0.00336832952428
-0.00468402597272
-0.000633209943484
-0.0016474893811
-0.00285850315925
-0.0032093780093
-0.00212203985095
-0.00337287533392
-0.00385206350517
-0.000639402938176
-0.00165115592403
-0.00286182205164
-0.00321249285588
-0.00212523465919
-0.00337671570398
-0.00385600465229
-0.000644852858484
-0.00165418455639
-0.00286492604744
-0.00321493726541
-0.00212774182219
-0.00337985057073
-0.00385922178731
-0.000649559604053
-0.00165657523707
-0.00193522663032
-0.00321671120125
-0.00212956130043
-0.00338227988216
-0.00386171485402
-0.000653523088201
-0.00165832793365
-0.00193702294347
-0.00321781463681
-0.00213069306522
-0.00338400359794
-0.00386348380885
-0.000656743237921
-0.00165944262235
-0.00193816537223
-0.00321824755557
-0.00213113709872
-0.00255522072608
-0.00386452862087
-0.000659219993893
-0.00165991928804
-0.00193865390033
-0.00321800995104
-0.00213089339393
-0.00255553317648
-0.00386484927182
-0.000660953310486
-0.00165975792425
-0.0019384885208
-0.00321710182678
-0.00212996195469
-0.00255513998055
-0.0038644457561
-0.000661943155764
-0.000748462193968
-0.00193766923599
-0.00321552319638
-0.00212834279568
-0.00255404114481
-0.00386331808075
-0.000662189511489
-0.000747024786448
-0.00193619605758
-0.00321327408353
-0.00212603594244
-0.0025522366875
-0.0038614662655
-0.000661692373122
-0.000744949381991
-0.00193406900657
-0.0032103545219
-0.00212304143133
-0.00254972663857
-0.0038588903427
-0.00254221602019
-0.000742236008755
-0.00193128811327
-0.00320676455526
-0.00129635327565
-0.00254651103968
-0.00385559035738
-0.00254023193481
-0.000738884703553
-0.00192785341732
-0.00320250423739
-0.00129252649716
-0.00254258994419
-0.00385156636722
-0.00253750442392
-0.00073489551185
-0.00192376496765
-0.00532855144154
-0.00128801745896
-0.00253796341715
-0.00384681844253
-0.00181959363903
-0.000657630267932
-0.00307548176766
-0.00320628456629
-0.00165982699916
-0.00418793576596
-0.00263397847685
-0.00241641862004
-0.000657107085472
-0.00589826299762
-0.00320817619323
-0.001661733243
-0.00418985546059
-0.00154074766723
-0.00242071118631
-0.00066448847772
-0.00589957001107
-0.00320949414202
-0.00166306137601
-0.00419119296534
-0.00154209367248
-0.00242441457423
-0.00067130604767
-0.00473082025793
-0.00321023839822
-0.00166381138338
-0.00419194826508
-0.00409544503683
-0.00242752874095
-0.000677559723034
-0.0047309893982
-0.00321040895365
-0.00166398325677
-0.00419212135129
-0.00409561922311
-0.00243005365042
-0.00068324943749
-0.00473058959606
-0.00321000580644
-0.00166357699426
-0.00419171222201
-0.00409542528031
-0.0024319892734
-0.00068837513069
-0.00472962085583
-0.00320902896102
-0.00166259260038
-0.00311796021048
-0.00409676380112
-0.0024333355875
-0.000692936748259
-0.00472808318797
-0.0032074784281
-0.00166103008608
-0.00311638667066
-0.00409751640877
-0.00243409257712
0.000494076456873
-0.00472597660906
-0.00320535422469
-0.00165888946879
-0.00311423094896
-0.00409768309465
-0.00243426023351
0.000490643129771
-0.00472330114183
-0.0032026563741
-0.00165617077235
-0.00311149306971
-0.00409726385683
-0.00243383855472
0.000487774005544
-0.00472005681515
-0.00319938490591
-0.00165287402704
-0.00310817306387
-0.00409625870013
-0.00243282754564
0.000485469114639
-0.00471624366401
-0.00319553985602
-0.000565004985307
-0.00310427096893
-0.00409466763604
-0.00243122721796
0.000483728481519
-0.00471186172954
-0.00319112126659
-0.000560552258858
-0.00309978682896
-0.00409249068278
-0.00242903759021
-0.00248681530496
-0.00471138375982
-0.00318612918608
-0.000555521613005
-0.00309472069461
-0.00408972786524
-0.00242625868775
-0.00248742737307
-0.00471200079379
-0.00318056366922
-0.000549913103765
-0.00572815581485
-0.00408637921505
-0.0014403154242
-0.00248747514595
-0.00471204895426
-0.00317442477704
-0.000543726793581
-0.00572192586993
-0.00408244477051
-0.00143635807561
-0.00248695862308
-0.00471152824071
-0.00209197167321
-0.000536962751317
-0.00571511412196
-0.00407792457662
-0.00143181156926
-0.00248587780994
-0.00471043865876
-0.00208468623854
-0.000529621052258
-0.0057077206478
-0.00407281868511
-0.00142667595775
-0.002484232718
-0.00470878022015
-0.00207682764923
-0.000521701778101
-0.00570085717765
-0.00406712715435
-0.0014209513005
-0.00248202336474
-0.00470655294279
-0.00206839599139
-0.000513205016955
-0.00569462088027
-0.00309067083436
-0.00141463766374
-0.00247924977359
-0.00470375685069
-0.00205939135738
-0.000504130863333
-0.00568780288309
-0.00308380822705
-0.0014077351205
