-0.00153234637952
0.00102656706171
-0.00282186449501
-9.12545743046e-05
-0.0010488191923
0.00150478616995
-0.000320379603342
-0.00146230875446
0.00108551688253
-0.0027618350511
-3.09881762232e-05
-0.00097413188621
0.00156168157204
-0.00207701312163
-0.00139492713674
0.00114593306142
-0.00270033082019
3.07583236407e-05
-0.000897997704006
0.00162006473788
-0.00201889988262
-0.0013337355252
0.00120781109899
0.000323347824738
9.39802318794e-05
-0.000820422301908
0.00167993120381
-0.00195930964458
-0.00127110134684
0.00127114640605
0.000387787618892
0.000158672763475
-0.000756114112376
0.00174127641129
-0.00189824690497
-0.00120702913008
0.0013359343052
0.000453688009444
0.0002248310435
-0.000693349126422
0.00180409570852
-0.00183571625347
-0.00114152348773
0.00140217003247
0.000521044089134
0.000292450108831
-0.000629115943958
0.00186838435213
-0.00177172237032
-0.0010745891154
0.0014698487389
0.000589850864993
0.000361524909885
-0.00056341938616
0.00193413750885
-0.00170627002472
-0.00100623078999
0.00153896549228
0.000660103260063
0.000432050312374
-0.00049626436223
0.0020013502572
-0.00163936407315
-0.000936453368033
0.00160951527873
0.000731796115134
0.000504021099062
-0.000427655867688
0.00207001758922
-0.00157100945768
0.00233455210331
0.00168149300445
0.000804924190488
0.000577431971553
-0.000357598982642
0.00214013441221
-0.00150121120429
0.00240715283802
0.00175489349737
0.00087948216766
0.000652277552078
-0.000286098870047
0.00221169555047
-0.00142997442112
0.00248115763764
0.0018297115089
0.000955464651211
0.000728552385295
-0.000213160773948
0.00228469574704
-0.00135730429679
0.00255656134307
0.0019059417156
0.00103286617051
0.000806250940107
-0.000147694382979
0.00235912966552
-0.00128320609864
0.00263335872363
0.00198357872094
0.00111168118151
0.000885367611478
-8.5536917922e-05
0.00243499189184
-0.00120768517098
0.00271154447874
0.00206260470438
0.00119190406857
0.000965896722264
-2.19250277428e-05
0.00251227693604
-0.00113074693333
0.000729856566364
0.00213451473342
0.00127352914623
0.00104783252504
4.31366061866e-05
0.00259097923408
-0.00105239687863
0.000810802897472
0.000142074085948
-0.000709399410146
-0.000926775220494
-0.00192977720188
0.000573182879583
-0.000972640571517
0.000893121298535
0.000216803352014
0.00281660373934
-0.000857892131948
-0.00186183046666
0.000654702706005
-0.00291986556412
0.000969578788036
0.000292934416035
0.00289324075846
-0.000788963693252
-0.00179244854085
0.000737622667906
-0.00283731372377
0.0010409488484
0.000370461968338
0.00297128222064
-0.000718606374567
-0.0017216364397
0.00082193692315
-0.00275337273701
-0.000804303907403
-0.00148240220596
-0.00348671679188
0.000399485980157
-0.000195488332204
0.00104216455732
0.000235601575088
-0.000743152833289
-0.00141802660275
-0.00341350851525
0.000475753190864
-0.000114229838096
-0.000818119587591
0.000309066922592
-0.000684750211977
-0.00135185603829
-0.0033384540028
0.000553932996339
-3.10023068644e-05
-0.000750937796892
0.000384675783496
-0.000624618966634
-0.00128389795136
-0.0032615623068
0.000634015223866
5.41826773819e-05
-0.000681665031688
-0.00147778843251
-0.000562765314758
-0.00121415993898
0.00119376111627
0.000715989527845
0.000136487032651
-0.000610311901964
-0.00139792967567
-0.000499195620871
-0.00114264975244
0.0012742993863
0.000799845395788
0.000201418691411
-0.000536889261424
-0.00131596502457
-0.00043391639344
-0.00106937529336
0.0013566467412
0.000874408416022
0.000268361526916
-0.000461408199904
-0.0012319074919
-0.00230414437594
-0.000994344609653
0.00144079351751
0.000941233253876
0.000337306085321
-0.000383880035704
-0.00114577031154
-0.00223546616694
-0.000917565891463
0.00152240322755
0.00100998145531
0.000408242691925
-0.00030431630787
-0.00105756692927
-0.00216509878205
-0.00282783932777
0.00160419811481
0.00108064411467
0.000481161457452
-0.000222728768426
-0.000974360887551
-0.0020930492739
-0.00274758965971
0.00168778481474
0.00115321213553
0.000556052284399
-0.000139129374573
-0.000896843798576
-0.0020193248231
-0.00266561734032
0.00310791105265
0.00122767623604
0.000632904873443
-5.35302808591e-05
-0.000817237771423
-0.00194393273496
-0.00258193108783
0.0010627042267
0.00130402695441
0.000711708729892
3.40561686609e-05
-0.000735555188138
-0.00186688043616
-0.00249653974218
0.00113476557237
0.00138225465436
0.000792453170184
0.000123617448276
-0.000651808652252
-0.00178817547141
-0.00240945226087
0.0012086396008
-0.000653097543508
0.000875127328404
0.000215140858462
-0.000566010980096
-0.00170782550015
0.00197963209596
0.00128431773937
-0.000571145459466
0.000959720162843
0.000308613533707
-0.000478175192101
-0.00162583829315
0.00207008452653
0.00136179126206
-0.000487346294159
-0.00110472071192
0.000404022450318
-0.000388314504092
-0.00154222172915
0.00216220555632
0.00144105129403
-0.00040171032631
-0.00101632432055
0.000501354434194
-0.000297283309165
-0.0014569837915
0.00225598579897
0.00152208881621
-0.000314247981304
-0.0009260433672
-0.00156111668282
-0.000204518528109
-0.00137013256474
0.00234694785813
0.00160489466992
-0.00022509979106
-0.000833889531103
-0.00145997864977
-0.000109764390196
-0.00128167623127
0.00243910709993
0.0016894595615
-0.000135086650774
-0.000739874634446
-0.00135695789716
-0.00219371997299
-0.000595150589262
-0.00137929018359
-0.00414260185794
-0.00466436822101
-0.00438887381315
-0.00419742523091
-0.00455906042043
-0.0043658838927
-0.00456296180605
-0.0044937433801
-0.0045480499245
-0.000818556831209
-0.000853517329762
-0.000596391569244
-0.00430328825056
-0.00397744439537
-0.00415633977758
-0.0044085207176
-0.00367977606298
-0.00415914866328
-0.00351345519715
-0.00141535219531
-0.00220941906265
-0.00180079075813
-0.00232943772432
-0.00202857160474
-0.00505255514695
-0.00541920503602
-0.00522932890775
-0.00544519843462
-0.00533971769161
-0.00540654268361
-0.00166902730873
-0.00170142570065
-0.00146342453725
-0.00170459701153
-0.0013711978322
-0.00156628925316
-0.00183119155013
-0.00451287975021
-0.0050021391397
-0.00433416814868
-0.00599788502741
-0.00301514519399
-0.00261496004284
-0.0031504637186
-0.00285307532691
-0.00265463430823
-0.00302629003135
-0.00282786999731
-0.00306297505704
-0.00619476157309
-0.00623247819407
-0.00618890371813
-0.00252422246261
-0.00230597160369
-0.00254452837029
-0.00286689185252
-0.00239235682108
-0.00264931594656
-0.00193378649383
-0.00248156467082
-0.0018046882218
-0.00676847268957
-0.0037955351825
-0.00340373625687
-0.00394605533152
-0.00365199646902
-0.0034595437751
-0.00383618373732
-0.00364104499544
-0.00389582051691
-0.00378263135658
-0.00379319489825
-0.00374903951054
2.45738158094e-05
-0.0031230077872
-0.00335895866507
-0.00367679591334
-0.00319289061598
-0.00344195119779
-0.00278048972386
-0.0033210066049
-0.00263524075292
-0.0045652671776
-0.0015108340903
-0.00110120286698
-0.000758980547325
-0.0044289043826
-0.00425344116893
-0.00461940035547
-0.00444367145722
-0.00470238876208
-0.0045906455729
-0.00459661528696
-0.00457008789033
-0.00463849914847
-0.000571492691035
-0.000812444649414
-0.00114722169281
-0.00396687925792
-0.00427802897244
-0.00360240705017
-0.00413568758613
-0.00472674741956
-0.00528255147583
-0.00611556832807
-0.00183625849303
-0.00154626010847
-0.0021666323436
-0.00197723205153
-0.00231473387005
-0.0021088794995
-0.00526238866766
-0.00537128391852
-0.00544215698822
-0.00540880480741
-0.00547790101357
-0.00142110392537
-0.00162086097772
-0.00190407251806
-0.0014804273983
-0.00182115798958
-0.00112630361653
-0.00165861808812
-0.00550689385872
-0.00601158828859
-0.00685024025994
-0.00264027661061
-0.00237371132761
-0.00295717243258
-0.00277434189316
-0.00311646831619
-0.00285621512761
-0.00289364553662
-0.00305734846176
-0.00314253481356
-0.0062206283538
-0.00629049616079
-0.00269252026548
-0.00244056189525
-0.00271818674119
-0.00229380966749
-0.00262699671846
-0.0019228490161
-0.00242081244473
-0.00302831155114
-0.00401300714544
-0.00484780562847
-0.00734577362948
-0.00317452995304
-0.00371980459882
-0.00354348306611
-0.00389019394949
-0.00363243547563
-0.00361998305323
-0.00384735574094
-0.00393349460894
-0.00388809967059
-0.00396899720918
-0.00416853919544
-2.5513981474e-05
-0.00350482514356
-0.00307989631839
-0.00340559549547
-0.00269223082673
-0.00315524613276
-0.00375415079141
-0.00479654605948
-0.00453142547178
-0.00528656155085
-0.00100078460148
-0.00150659007475
-0.0013229835351
-0.004634763169
-0.004435448607
-0.00437787044875
-0.00460832039202
-0.00469540221881
-0.00465292693011
-0.00473808542925
-0.00493551979196
-0.000789033330485
-0.00107375719528
-0.000648473428073
-0.000991533759849
-0.00141325882518
-0.00391054989003
-0.00448716354023
-0.00555257446558
-0.00528087285255
-0.0060264008938
-0.00174500906381
-0.00224345570532
-0.00203277538045
-0.00197557695056
-0.00224352908729
-0.00213086817398
-0.0023643523368
-0.00542705453739
-0.00539392302146
-0.00547721250028
-0.00567585769112
-0.00152270907408
-0.00180453082368
-0.00137658911135
-0.0017123464294
-0.00212509729513
-0.0015183277851
-0.0021218371501
-0.00364173326103
-0.0060167017556
-0.006756092204
-0.00651790071768
-0.00296403321057
-0.00274229468478
-0.00271602364365
-0.00298759089115
-0.00285920614324
-0.00306361742738
-0.00313670771461
-0.00334952735938
-0.00320616246421
-0.003456133302
-0.00614053294397
-0.00251680295059
-0.00207399757949
-0.00240258462345
-0.00284407789872
-0.00222978878934
-0.0028241782947
-0.00434640884306
-0.00406214883119
-0.00479287898791
-0.0045237128859
-0.000872497727417
-0.00344588712489
-0.00342520382526
-0.00370032641823
-0.00357337024869
-0.00373020094307
-0.00380418395357
-0.00402687360205
-0.00388457721535
-0.00416525581419
-0.00388578728271
-0.000157013495593
0.000320166069902
-0.00306111684602
-0.00353245712942
-0.00291078107792
-0.00349623312571
-0.00504091396962
-0.00473914806259
-0.00546059938924
-0.00519794383602
-0.0015513229154
-0.00131802384121
-0.00128677988559
-0.00156538298969
-0.00425492607524
-0.00436287596298
-0.00449305712746
-0.00473113128601
-0.00461057132175
-0.00484170065779
-0.00456104017762
-0.00483003922344
-0.00125992804786
-0.000656919675703
-0.0011941382525
-0.000565249336112
-0.00118157801912
-0.00570423173864
-0.00538408470345
-0.00609561732042
-0.00586767365004
-0.00572368976401
-0.0019556322128
-0.00192971044613
-0.00221170328539
-0.00208847844138
-0.0022626974892
-0.00237272442114
-0.00260266183084
-0.00530377773692
-0.00549304409688
-0.00523435477042
-0.00549806192044
-0.00188045554787
-0.00125628082987
-0.0018409260817
-0.00120802078112
-0.00181873198682
-0.00388175474827
-0.00352899964087
-0.00422333473457
-0.0065224862417
-0.00638513870261
-0.00258228051735
-0.00253765569554
-0.00282293078348
-0.00281078438131
-0.00295338484912
-0.00304817301018
-0.00326916204531
-0.00313961332748
-0.00333748742125
-0.00307563055312
-0.003358005342
-0.00255783504552
-0.00196673299018
-0.00251838333801
-0.0018777221516
-0.00247906229956
-0.00447938157736
-0.00413540278578
-0.00482071918462
-0.00463034266107
-0.00449086120147
-0.00487798711618
-0.000454129740741
-0.00348558247004
-0.00349939687988
-0.00361615951596
-0.00371217728126
-0.00390786599359
-0.00376330212128
-0.00396655696897
-0.0036791476343
-0.00395654679437
-0.00442510481151
0.000217885652812
-0.000322975571212
0.000325239048812
-0.00310667122361
-0.00504252122313
-0.00470699109087
-0.00543279806616
-0.00521552658727
-0.00508226136507
-0.00547381394827
-0.0011124695634
-0.00148058262073
-0.00149618032349
-0.00159228409802
-0.00168949475694
-0.0045101056301
-0.00435026748166
-0.00462879418029
-0.00501242811258
-0.00461201125726
-0.00507623407275
-0.000425845526505
-0.000932878152892
-0.000277348184786
-0.000899328937909
-0.00331733412493
-0.00297176491024
-0.00515249413355
-0.00577255097179
-0.00563678943825
-0.00608995543305
-0.00176227578097
-0.00209450383265
-0.00211328382258
-0.00219614348547
-0.00228041911378
-0.00244096595818
-0.00228027942336
-0.00262131388031
-0.00563453842031
-0.00524089125912
-0.00569187713732
-0.00103889293042
-0.00155919985113
-0.00227859851766
-0.00147971911558
-0.00392215387145
-0.00355236466869
-0.00339033600183
-0.00401748533738
-0.00379297972453
-0.00669754510289
-0.00669832894765
-0.00242694629534
-0.00269258180646
-0.00277642086744
-0.00283278820545
-0.00302312544336
-0.00287091775824
-0.00321009563926
-0.00360329550975
-0.00321687201239
-0.00367066267127
-0.00308274797197
-0.002151012
-0.00285999891068
-0.00203554893854
-0.00449153767902
-0.00411055658701
-0.00394273993301
-0.00457668757809
-0.00434992479574
-0.00490718269917
-0.00492475830868
-0.000544864189265
-0.000771882224402
-0.00331750445324
-0.00337881113358
-0.00362232948775
-0.0039363818834
-0.0037601232769
-0.00414956780923
-0.00377083196257
-0.00421148962538
-0.00364525552623
-3.79077861779e-05
-0.000787339459297
4.8261308112e-05
-0.00502433601541
-0.00465173252504
-0.0044570520378
-0.00510745747039
-0.00493774195745
-0.00543809133215
-0.00546084921869
-0.00108424860246
-0.00127876997497
-0.00135168572501
-0.0014723742045
-0.0017211195311
-0.00203638793059
-0.00427008159307
-0.00465909350573
-0.00428539233481
-0.00471303632171
-0.00416938188753
-0.0046562048961
-0.00130666183941
-0.000467064667489
0.000427809906884
-6.95931414209e-05
-0.000717917940607
0.00197533115948
0.000820797011448
-0.00318054888324
-0.000299325071818
0.000366498550175
-0.00015978712483
-0.00077544073825
0.00189760502181
0.000742775894288
-0.00325844109861
-0.00036916646887
0.000306619162701
-0.000248609149618
-0.000851044492809
0.00182130775414
0.000666188306525
-0.0033349018196
-0.000437560528416
0.000245369700162
-0.000336053080179
-0.000925225113891
0.00174644492962
0.000591039882171
-0.00340992543885
-0.000504502195401
0.000160142792113
-0.000422112840315
-0.000997977247399
0.00167302204478
0.0005173361781
0.000614836771349
-0.000569986499298
7.62949362437e-05
0.00296190616233
-0.00106929561622
0.00160104451777
0.00044508267218
0.000542703868209
-0.000634008555821
-6.1680775543e-06
0.00287863272477
-0.001139175022
0.00153051768648
0.000374284761408
0.000472024420104
-0.000696563568627
-8.72405233596e-05
0.00279676131131
-0.00120761034683
0.00146144680674
0.000304947760062
0.000402803715724
-0.000757646830997
-0.000166916740994
0.002716297742
-0.00127459655505
0.00139383705054
0.000237076897864
0.000335046959505
-0.000817253727501
-0.000245191137789
0.0026372477683
-0.00134012869491
0.00132769350418
0.000170677318155
0.000268759269818
-0.000875379735638
-0.000322058190352
0.00255961707111
-0.00141215510732
0.00126302116655
0.000105754076088
0.000203945677176
-0.000932020427461
-0.000397512446325
0.00248341125904
-0.00148871472228
0.00119982494734
4.23121368333e-05
0.000140611122456
-0.000987171471173
-0.000239237560476
0.00264552661094
-0.00156383817337
0.00113810966531
-1.96436261918e-05
7.87604551367e-05
-0.0010408286327
-0.000311850159079
0.00257218709642
-0.00141347957346
0.00130786782803
0.000156586267935
0.000255093132576
-0.000860819769615
-0.000383034047702
0.00250028884053
-0.00148571418056
0.00124912850426
9.7617101843e-05
0.000188362611504
-0.000911476863194
-0.000452784075565
0.0024298371443
-0.00155649626642
0.00119188401118
4.01481642553e-05
0.000117878591548
-0.000973932005441
-0.000521095171595
0.00236083722734
-0.00162582054057
0.00113613878678
-1.58160557678e-05
4.88687305315e-05
-0.00104259230203
-0.000587962346131
0.00229329422607
-0.00169368179654
0.0010818971697
-7.02711694745e-05
-1.86616744001e-05
-0.00110977983211
-0.000653380692616
0.00222721319197
-0.00176007491372
0.00102259307035
-0.00012321289006
-8.47074150678e-05
-0.00117548946366
-0.000717345389264
0.00216259908979
-0.00182724437135
0.000950733564574
-0.000174637034278
-0.000149263374123
-0.00123971615444
-0.000779851700726
0.00209945679582
-0.00189709699097
0.000880347221669
-0.000224539524022
-0.000212324526894
-0.00130245495385
-0.000892694600944
-0.00110123285796
-0.00137157235103
-0.00162118374038
-0.00199158534811
-0.00338586584738
-0.00450671036794
-0.000979129983846
-0.00119148078364
-0.00145768065378
-0.00171064668045
-0.00206866293877
-0.00242104163657
-0.00459877722923
-0.00106396546246
-0.0012800714967
-0.00154204605308
-0.00179831134363
-0.00214382815986
-0.00249867384322
-0.00387702761028
-0.00114719313044
-0.00136699606454
-0.00162465922328
-0.00188416733851
-0.00221707118458
-0.00257432930119
-0.00396512185413
-0.00122880518059
-0.00145224566008
-0.00170551096784
-0.00197665113572
-0.00228838237255
-0.00264799743092
-0.00405121043438
-0.00130879390813
-0.00153581156568
-0.00178459222388
-0.00207196284179
-0.00235775227565
-0.00271966785811
-0.00413528069249
-0.000895784060869
-0.00161768517702
-0.00186189406675
-0.00216548556636
-0.00242743171391
-0.00278933042035
-0.00421732016368
-0.000972503454566
-0.00169785800712
-0.00193740771454
-0.00225720818981
-0.00252243376469
-0.00285697517378
-0.00429731658512
-0.00105615819837
-0.00127811300722
-0.00201112453259
-0.00234711971683
-0.00261557363322
-0.00292259239966
-0.00437525790413
-0.00114103496174
-0.00135485930263
-0.00208303603801
-0.00243520928218
-0.00270683932848
-0.00298617261079
-0.00445113228629
-0.0012242861067
-0.00142988009878
-0.00215313390414
-0.00252146615629
-0.0027962190007
-0.00304770655797
-0.0045249281236
-0.0013059036491
-0.00150316741699
-0.00174636825032
-0.00260587975107
-0.00288370094794
-0.00310718523628
-0.00459663404252
-0.00138587971061
-0.00157471341539
-0.00183265964003
-0.00268843962557
-0.00296927362281
-0.00316459989127
-0.00466623891199
-0.00146420652214
-0.00164451039273
-0.00191717627042
-0.00227739530968
-0.00305292563912
-0.00321994202507
-0.00473373185136
-0.00154087642722
-0.0017125507922
-0.00199990845048
-0.00235621703797
-0.00313464577858
-0.00328172929796
-0.00479910223828
-0.00161588188536
-0.00177882720523
-0.0020808466253
-0.0024331546632
-0.00271503526006
-0.00336378638811
-0.00486233971643
-0.00168921547545
-0.0018433323752
-0.0021599813811
-0.00250819839008
-0.00279285869578
-0.00344384240361
-0.00492343420319
-0.00176086989908
-0.00190917118566
-0.00223730345002
-0.00258133859895
-0.00286871767373
-0.00301357829403
-0.00498237589719
-0.00183083798385
-0.00198142754105
-0.00231280371509
-0.00265256585137
-0.00294260171374
-0.00308959765174
-0.00503915528567
-0.00189911268672
-0.00205192219062
-0.00238647321504
-0.00272187089568
-0.00301450053671
-0.00316358184352
-0.0045854556725
-0.00196568709721
-0.00212064738139
-0.00245830314916
-0.00278924467254
-0.00308440407113
-0.00323551993524
0.00109717430362
-0.00330119630427
-0.00222741949162
-0.00600279126323
-0.00518982455617
-0.00438363945539
-0.00356071990536
-0.00271556821903
-0.00330293012659
-0.00222920869511
-0.00600463891502
-0.00519548497245
-0.00438949628443
-0.00356678463696
-0.00272185301907
-0.00330393319792
-0.00223024380696
-0.00600802184644
-0.00520034061277
-0.00439452042899
-0.00357198714482
-0.00272724432972
-0.00330420550041
-0.00251908300009
-0.00602044911597
-0.00520439137227
-0.00439871177291
-0.00357632729998
-0.00273174200745
-0.00330374702922
-0.00252623659776
-0.00603209878984
-0.00520763716344
-0.00440207021925
-0.0035798049948
-0.0027353459325
-0.00330377872423
-0.00253676273204
-0.00175684626183
-0.00521659840875
-0.00440459569035
-0.00358242014303
-0.00273805600888
-0.00331324752691
-0.00254653550119
-0.00176694005431
-0.00522703137468
-0.00440628812779
-0.00358417267983
-0.0027398721644
-0.00332198617518
-0.00255555472009
-0.00177625559233
-0.00553250391944
-0.0044071474924
-0.0035850625617
-0.00274079435068
-0.00332999451356
-0.00256382021781
-0.00178479268759
-0.00554132797699
-0.00440717376432
-0.00358508976658
-0.00274082254316
-0.00333727239957
-0.0025713318377
-0.00179255116747
-0.00554934728579
-0.00471549949847
-0.00358425429379
-0.00273995674108
-0.00334381970365
-0.00257808943732
-0.00179953087505
-0.00555656167255
-0.00472296191067
-0.00358255616406
-0.00273819696752
-0.00334963630924
-0.00258409288854
-0.00180573166912
-0.00556297098136
-0.00472959159519
-0.0038920126964
-0.00273554326934
-0.00335472211279
-0.00258934207747
-0.00181115342422
-0.00556857507365
-0.00473538839867
-0.00388858940054
-0.00273199571724
-0.00335907702369
-0.00259383690453
-0.00181579603059
-0.00557337382824
-0.004740352187
-0.00388839476165
-0.00273051167149
-0.0033627009644
-0.00259757728442
-0.00181965939428
-0.00557736714135
-0.00474448284533
-0.00389267059173
-0.00305712935562
-0.00336559387034
-0.00260056314616
-0.00182274343705
-0.00558055492661
-0.00474778027805
-0.00389608392093
-0.00306261909243
-0.00336775568998
-0.00260279443309
-0.00182504809646
-0.00558293711504
-0.00475024440884
-0.0038986346646
-0.00306721507168
-0.00378821914475
-0.00260427110284
-0.00182657332585
-0.00558451365512
-0.00475187518065
-0.00390032275946
-0.00307091717095
-0.00378891868924
-0.00260499312739
-0.00182731909432
-0.00558528451272
-0.00475267255574
-0.00390114816364
-0.00307372529161
-0.00378888707095
-0.00260496049303
-0.00182728538676
-0.00558524967117
-0.00475263651563
-0.00390111085665
-0.00307563935884
-0.00378812429044
-0.00303806334938
-0.00182647220387
-0.00558440913122
-0.00475176706117
-0.00390021083943
-0.00307665932164
-0.00117634597316
-0.00311573589391
-0.00129615039648
-0.00435139719889
-0.00122935386731
-0.00426883829674
-0.00222954735963
-0.0011804052743
-0.00311955688168
-0.00130002176744
-0.00435531730213
-0.00123332075857
-0.0042667511866
-0.00222743717558
-0.00168523835739
-0.00312275661088
-0.00130326369007
-0.00435860003569
-0.00123664267493
-0.004264011596
-0.0022246672987
-0.00168807153669
-0.00312533504034
-0.00130587612152
-0.00436124535511
-0.0012393195703
-0.00426061956383
-0.00261773904208
-0.00169029159799
-0.00312729213687
-0.0013078590273
-0.00436325322455
-0.00124135140756
-0.00425657513821
-0.00261364990964
-0.00169189851345
-0.00363001469657
-0.00130921238121
-0.00436462361683
-0.00124273815851
-0.00425187837654
-0.0026089012336
-0.00169289226294
-0.00363072905969
-0.00130993616536
-0.00436535651336
-0.00124347980394
-0.00424652934543
-0.00260349308283
-0.00169327283401
-0.00363082203831
-0.00131003037019
-0.00436545190424
-0.00124357633354
-0.00424052812077
-0.0026055056408
-0.00169304022188
-0.00363029363124
-0.00182001250225
-0.00436490978815
-0.00124302774597
-0.00423387478766
-0.00261041464843
-0.00169219442948
-0.00362914384528
-0.00181884755304
-0.00436373017245
-0.00124183404886
-0.00423109935829
-0.00261466413867
-0.00169073546739
-0.00362737269522
-0.00181705304573
-0.00436191307313
-0.00123999525875
-0.00422923991877
-0.0026182540499
-0.00168866335391
-0.00362498020387
-0.00181462900403
-0.00486627122137
-0.00123751140115
-0.00422672816861
-0.00262118433004
-0.00168597811501
-0.003621966402
-0.00181157545996
-0.00486317923725
-0.00123438251052
-0.00422538344766
-0.0026234549366
-0.00168267978432
-0.0036183313284
-0.00180789245386
-0.00485944986924
-0.00123060863025
-0.00422697626119
-0.00262506583662
-0.00167876840319
-0.00361407502985
-0.00180358003438
-0.00485508316784
-0.00174556233551
-0.0042279167518
-0.00262601700675
-0.0016742440206
-0.00360919756109
-0.00179863825847
-0.0048500791922
-0.00174049864192
-0.00422820490612
-0.00262630843317
-0.00166910669326
-0.00360369898488
-0.00179306719139
-0.00484443801004
-0.0017347901425
-0.00422784072008
-0.00262594011167
-0.00166335648549
-0.00359757937194
-0.00178686690669
-0.00483815969776
-0.00172843691639
-0.00473628558684
-0.00262491204758
-0.00165699346932
-0.00359083880096
-0.00178003748623
-0.00483124434032
-0.00172143905165
-0.00473461674482
-0.00262322425582
-0.00228472709754
-0.00358347735862
-0.00177257902014
-0.0048236920313
-0.00171379664525
-0.00473229560569
-0.00262087676088
-0.00227713871125
-0.00357549513954
-0.00176449160684
-0.0048155028729
-0.00170550980307
-0.00472932220238
-0.00313948660704
