0.00120914380459
0.00211397367522
-0.0010392893991
-0.000385325325261
-0.000119870154316
0.000410665930035
-0.00249633584432
0.00125812853854
0.00216307561877
-0.000986971174274
-0.00032916415019
-6.39211215375e-05
0.000466195873353
-0.0024520976555
0.00130836491867
0.00221343203238
-0.000933403151894
-0.000271763493282
-6.73693948393e-06
0.000522952395293
-0.00240663016144
0.00135985025173
0.00226504020384
-0.000878588206256
-0.000213126398237
5.16793815892e-05
0.000580932550977
-0.00235993570185
0.00141258178557
0.00231789736165
-0.000822529269454
-0.000153255964035
0.000111324776657
0.000640133341767
-0.0023120166734
0.00147214091992
0.00236759924518
-0.000772133224865
-0.000101933299878
0.000162418170975
0.000700551715995
-0.00226287552911
-0.00138317848473
0.00242294582744
-0.000713595329415
-4.25763942417e-05
0.000224512303695
0.000753566110603
-0.00221646079152
-0.00132672544043
0.0024795327328
-0.000653822578279
1.697803654e-05
0.000287825994377
0.000816410288317
-0.00216488299708
-0.00126903777924
0.00253735695973
-0.000592818127127
7.77600499715e-05
0.000352355966623
0.000880462583775
-0.00211209077798
-0.00121011853726
0.00259641545109
-0.000530585185576
0.000139766470419
0.000418098893158
0.000945719740717
-0.00205808680657
-0.00114997080513
0.00265670509485
-0.000467127016397
0.000202994069555
0.000485051396632
0.00101217845365
-0.0020028738084
-0.00108859772729
0.00271822272488
-0.000402446934712
0.000267439567147
0.000553210050434
0.00107983536865
-0.00194645456162
-0.00102600250118
0.00278096512178
-0.000336548307183
0.000333099631857
0.000622571379503
0.0011486870841
-0.00188883189629
-0.000962188376474
0.00284492901359
-0.000269434551188
0.000399970882046
0.000693131861148
0.00121873015156
-0.00183000869368
-0.000897158654259
0.00291011107667
-0.000201109134
0.000468049886589
0.000764887925883
0.00128343557493
-0.00176998788563
-0.000830916686267
0.00297650793646
-0.000131575571951
0.000537333165689
0.000837835958249
0.00134371260194
-0.00170877245385
-0.000763465874048
0.0030441161683
-6.08374295958e-05
0.000607817191706
0.000911972297661
0.00140519331657
-0.00164636542917
-0.000694809668166
0.0031129322983
1.11016811349e-05
0.000679498389986
0.000987293239242
0.00146787462741
-0.00158276989092
-0.000624951567375
0.00318295280409
8.42381017825e-05
0.000752373139697
0.00106379503467
0.00153175339355
-0.00151798896613
-0.000553895117794
0.00325417411572
0.000158568128216
0.000826437774671
0.00114147389303
0.00159682642534
-0.00145202582887
-0.000481643912074
0.00332659261647
0.00023408801149
0.000892018887678
0.00122032598167
0.00166309048514
-0.00138488369949
-0.00189233950201
-0.00107887663141
-0.00276292346977
-0.00203688030151
-0.00122338758982
-0.000314504623156
0.000381445517598
-0.00183053498379
-0.00101432624684
-0.0027148099296
-0.00197464446296
-0.00115956367131
-0.000262153711098
0.000440217961576
-0.00177077815083
-0.000948399267483
-0.00266525027543
-0.00191094761896
-0.00109424507255
-0.000208252038655
0.00050056192309
-0.0017096753569
-0.000881100055164
-0.00261424805018
-0.00184579450014
-0.00102743688235
-0.000152804057948
0.000562472242099
-0.00164723044048
-0.000812433043508
-0.00256180688779
-0.0017791899242
-0.000959144281738
-9.58143310561e-05
0.000625943648067
-0.00158344730933
-0.000742402736585
-0.00250793051201
-0.00171113879421
-0.000889372542023
-3.72875282241e-05
0.000450069742659
-0.00151832993927
-0.00329410283106
-0.00245262273515
-0.00164164609696
-0.000818127022955
2.27715739514e-05
0.000516647079565
-0.00145188237308
-0.00323055530868
-0.00239588745678
-0.00157071690124
-0.000745413170809
-0.000151957558358
0.000584769050125
-0.0013841087193
-0.00317405406133
-0.00233772866238
-0.00149835635615
-0.000671236516469
-8.88486034271e-05
0.000654429963201
-0.00131501315105
-0.00311617068516
-0.00227815042209
-0.00142456968936
-0.000840841793478
-2.42222984487e-05
0.000725624027965
-0.00124459990484
-0.00305690899786
-0.00221715688927
-0.00158685179024
-0.000767961139958
4.19161733013e-05
0.000798345356118
-0.00117287327938
-0.00299627289347
-0.00215475229922
-0.00151022886875
-0.00070183383802
0.000109561531679
0.000872587964134
-0.00109983763435
-0.00293426634116
-0.00231115638142
-0.00143219596272
-0.000634235113877
0.000178708401637
0.000948142012912
-0.00102549738918
-0.00287089338404
-0.00224594270334
-0.00135275859673
-0.000565170089086
0.000249351315206
0.00102009098155
-0.000949857021861
-0.00302639590336
-0.00217933115129
-0.00127196041458
-0.000494643971781
0.000321484713496
0.00109355721575
-0.00109315883313
-0.00296030255539
-0.00211132627409
-0.0012022362006
-0.000422662054853
0.000395102948712
0.00116853474199
-0.00101493188341
-0.00289285536296
-0.00204193269542
-0.0011310922458
-0.000349229714123
0.000470200286184
0.00124501749619
-0.000935418584338
-0.00282405865232
-0.00197115511227
-0.00105853359703
-0.000274352406493
0.000546770906407
0.0013229993259
-0.000854623635682
-0.00275391681732
-0.00189899829354
-0.000984565376895
-0.000198035668094
0.000624808907101
0.00140247399252
-0.00077255178953
-0.00268243431809
-0.00182546707853
-0.000909192782087
-0.00012028511242
0.000704308305267
0.00148343517364
-0.000689207849054
-0.00260961567975
-0.00175056637544
-0.000832421081724
-4.11064284563e-05
0.000785263039263
0.00156587646521
-0.00609939598992
-0.00685756503063
-0.00622623141891
-0.00468889335519
-0.00399649998423
-0.00345346777882
-0.00377057755422
-0.00325179265328
-0.00338236116099
-0.00289020013292
-0.0026048627083
-0.00257047485249
-0.00222958166331
-0.00196067759929
-0.00177084023295
-0.00438732456895
-0.0040108044195
-0.0038944541483
-0.00337520013441
-0.00337298403993
-0.00346026819452
-0.00048834121195
-0.00554649572772
-0.00487224398435
-0.00543181553464
-0.00474959303178
-0.00421045478342
-0.00451802891461
-0.00400167835487
-0.00413353811957
-0.00365577876196
-0.00337128542975
-0.00333654921496
-0.00103547140384
-0.000763865103464
-0.000585513940659
-0.00515083866038
-0.00477057991573
-0.00464941943676
-0.00411073935434
-0.00412431969357
-0.00420533969931
-0.00125651623783
-0.00631662490906
-0.00558778792128
-0.00615258262851
-0.00548059346836
-0.00495731981434
-0.0052756198886
-0.00472912729057
-0.00293163730016
-0.00246586274655
-0.00216904511347
-0.0021346326573
-0.00178750989075
-0.00151386105767
-0.00132961772267
-0.00125519202624
-0.00550838839476
-0.00538246581762
-0.004845653393
-0.00485397581109
-0.00418161747881
-0.00200335051917
-0.00271278699882
-0.00632411856071
-0.00685056394099
-0.00427933404845
-0.00376406417287
-0.00408157816875
-0.00351636816801
-0.00363725301024
-0.00320724365932
-0.00291128354658
-0.00287652667766
-0.00252786256845
-0.00227470156916
-0.00205103613415
-0.00178184312553
-0.00158642782355
-0.00441094115396
-0.00388335971758
-0.00386852265442
-0.0031900452978
-0.00272822363165
-0.00149506999175
-0.000699442065053
-0.00564368606553
-0.00499621033284
-0.00448513082626
-0.00480457099628
-0.00423619576664
-0.00432585364015
-0.00392600904239
-0.00401293012635
-0.00359527543746
-0.00325161425491
-0.00123395403658
-0.000954632295494
-0.000682912153342
-0.000489730396851
-0.00514533742604
-0.00461263942467
-0.00455296830162
-0.00386846365739
-0.00148118498534
-0.00220400545846
-0.00141408457281
-0.00636301881704
-0.00568963995476
-0.00518269164569
-0.00550517209684
-0.00493870205442
-0.0050351170829
-0.00286464969592
-0.00295127036744
-0.00251464592943
-0.00219010159809
-0.00196564600479
-0.00162868858131
-0.00135448288509
-0.00117766032462
-0.00116400855135
-0.00531901353912
-0.00524337434283
-0.00452345068977
-0.00216025624331
-0.00288962487646
-0.00210532728772
-0.00260385489408
-0.00635895826865
-0.0068057241671
-0.0044088171531
-0.00383723558026
-0.0039405050757
-0.00355174424105
-0.00363919142205
-0.00320221255453
-0.00290030186878
-0.00267364375734
-0.00231694737153
-0.0020014198865
-0.0018693887741
-0.00185179960827
-0.00445516214707
-0.00438180620276
-0.00362849371723
-0.00441066329729
-0.00355128273377
-0.000968406555214
-0.00147147969768
-0.000683780341454
-0.0057090676568
-0.00506027486336
-0.00449053202389
-0.00460074806848
-0.00421394586467
-0.00430220468503
-0.00388796518098
-0.0035860715315
-0.00335724532085
-0.002997229752
-0.00104574247959
-0.000943777763644
-0.000919421252391
-0.000371808639975
-0.00503457106579
-0.00433327482972
-0.00329949177551
-0.00238556380504
-0.00161087301905
-0.00211840260744
-0.00130288063255
-0.00633206159969
-0.00568613673636
-0.00511819215244
-0.00529673296211
-0.00485055606132
-0.00493960949564
-0.00295003293023
-0.0026417348251
-0.00241078047292
-0.00205354912309
-0.00169079281553
-0.00158608927513
-0.00115444818382
-0.00100554221165
-0.000952295392332
-0.00501447546437
-0.00394077763346
-0.00303686468693
-0.00224738051172
-0.00273984903156
-0.00191319882415
-0.00235431523954
-0.00628572337771
-0.00418248319378
-0.00440236023422
-0.00394087044437
-0.00396527399298
-0.00358575646105
-0.00327651343983
-0.00304347665539
-0.00269448966874
-0.00233723919456
-0.00220267825128
-0.00176733449148
-0.00161375461701
-0.00162234154926
-0.0043036819435
-0.00455689791557
-0.00366483838157
-0.00288070535303
-0.00175976696385
-0.000907337052577
-0.00129906214196
-0.00534750005742
-0.00486645495939
-0.00507389912807
-0.0046138048291
-0.00463004069032
-0.00419489840076
-0.0040887362668
-0.00364966621519
-0.00337753585745
-0.00302230316873
-0.00141047962422
-0.000931230547302
-0.000826222071265
-0.000848851981314
-0.000160851898903
-0.00356066660223
-0.00266679571683
-0.00187128081322
-0.00237136449797
-0.00152217384349
-0.00193395622602
-0.00133650064479
-0.00630581393711
-0.00571933680984
-0.00526060946641
-0.0052769980201
-0.00483996141277
-0.00331394741157
-0.00288463176957
-0.00260554752514
-0.00225250231039
-0.00206631827723
-0.00155205145386
-0.00145243988114
-0.00146845774692
-0.000767391290409
-0.00414640487444
-0.00324239747833
-0.00386956423414
-0.0029561840807
-0.00211014417283
-0.00255892486838
-0.00196538018418
-0.00227113245318
-0.00634701074239
-0.00445421914749
-0.00447661900541
-0.00404715919157
-0.00393662697026
-0.00351803697263
-0.00323645823878
-0.00288577634173
-0.00269597796001
-0.00216924690518
-0.0020640729636
-0.00206184034289
-0.00134774514743
-0.00472632420169
-0.00382704293632
-0.00442291617616
-0.00351354983997
-0.00267056251711
-0.0017115581019
-0.00110843429814
-0.00141689600141
-0.00553600896694
-0.00504653721165
-0.0050786700838
-0.00464329919441
-0.00453179367706
-0.0041242081257
-0.00384019883618
-0.0034920619695
-0.00329874122131
-0.00276743901458
-0.00141746648595
-0.00140794471364
-0.000684436691765
-0.00527919730088
-0.00297032498568
-0.00356048678045
-0.00261270206504
-0.00175751140171
-0.00228162647108
-0.00168219708331
-0.00199328770298
-0.00136531252866
-0.0056105100202
-0.00565253176167
-0.00521116450801
-0.0050987157957
-0.00470240956236
-0.00318791370005
-0.00284476609489
-0.00264119793668
-0.00210545964773
-0.00197479742868
-0.00133664227679
-0.00121789061815
-0.00441061093534
-0.00350089521833
-0.00409559933598
-0.00313136387179
-0.00226081340313
-0.00282318357417
-0.00222732217395
-0.00254095244417
-0.00191613782396
-0.00137353072177
-0.00496118279373
-0.00451555880257
-0.00440220019978
-0.0040220156706
-0.00374159151834
-0.00340385851102
-0.00319194757968
-0.00264801767828
-0.00250397130481
-0.00186095946383
-0.00175005006898
-0.00494662591881
-0.00401300174871
-0.00460200826018
-0.00364126256747
-0.00277467831596
-0.00335112323437
-0.00149640748105
-0.00180950841854
-0.00116217817217
-0.00124918029446
-0.00547648722091
-0.00502471508199
-0.00491048313255
-0.00454211041142
-0.0042594941526
-0.00393396442383
-0.00371875982656
-0.00316728485154
-0.00300433451714
-0.00132728629918
-0.00127015135908
-0.00545426945419
-0.00452572424397
-0.00509061514776
-0.00288725418119
-0.00212114639669
-0.00263376555704
-0.00202948840838
-0.00234512939022
-0.00168521941655
-0.00175903018929
-0.00113651864811
-0.0055037256815
-0.00538840315249
-0.00503209697301
-0.00478376785066
-0.00341266367663
-0.0031818747154
-0.0026263268402
-0.00245229966736
-0.00182691226015
-0.00178489913263
-0.00471908276699
-0.00378472878751
-0.00437444349163
-0.00342759112242
-0.0039388618609
-0.00316027618119
-0.0025325599574
-0.00285063617597
-0.00220637117734
-0.00228077435411
-0.00159046866887
-0.00118064758168
-0.0048636559508
-0.0044601422027
-0.00426246069811
-0.00392694093069
-0.00366399767698
-0.00314727964027
-0.00298386565709
-0.00235359021785
-0.00227075614282
-0.00516811577135
-0.00426129651598
-0.00489041893045
-0.00394741676508
-0.00447501178296
-0.00368171242563
-0.00302315665572
-0.00332532323663
-0.00162819716726
-0.00170316663971
-0.00104014724033
-0.000623198572881
-0.00538905523048
-0.00494799555017
-0.00474883048966
-0.00441082495812
-0.00414443957333
-0.00366012765941
-0.00348600772334
-0.0028510444486
-0.00189651667128
-0.00561193511615
-0.00474284069107
-0.00537652361847
-0.00444318594614
-0.00393785657549
-0.00312979473768
-0.00245355610977
-0.00271780502197
-0.0020872999019
-0.00216280731465
-0.00153567296302
-0.00111879400306
-0.000987249864846
-0.0054071022822
-0.00520400134063
-0.00486363583012
-0.00441490497091
-0.00331042041145
-0.00312287718351
-0.00248344326351
-0.00234932369302
0.0028757325088
-0.000164119045132
-0.00165086502089
-0.00148639445792
-0.00087269311727
-0.00370111353919
-8.90166928661e-05
0.00281370667983
-0.000226419251687
0.000357359816703
0.000521989183555
0.00114672530699
-0.00174602734008
0.0019158414608
0.00275290494575
-0.000287490420951
0.000290755091009
0.000455540704149
0.00109233479489
-0.00181175629116
0.00185063498358
-0.00106560850138
-0.000347329336617
0.000225373621734
0.000390312899946
0.00102570551392
-0.00187627745709
0.00178662762137
-0.0011239525737
-0.000405932836382
0.000161218842208
0.000326309180923
0.000950685604636
-0.00193958753942
0.00172382259692
-0.00118106318679
-0.000463297812732
9.82941338449e-05
0.000263532905421
0.000876864305772
-0.00200168328994
0.00166222308368
-0.00123693732812
-0.000519421213727
3.66028253079e-05
0.000201987379321
0.000804245392229
-0.00206256151145
0.00160183220504
-0.00129157204087
-0.000574300043769
-2.38518083154e-05
0.000141675855225
0.000732832592901
-0.00212221905853
0.00154265303358
-0.00134496442469
-0.000627931364365
-0.00358628204555
8.26015316483e-05
0.000662629589803
-0.0021806528383
0.00148468859037
-0.00139711163644
-0.000680312294874
-0.00364425372248
2.47675522171e-05
0.000593640017194
-0.00224685288199
0.00142794184417
-0.00144801089091
-0.00073144001325
-0.00370097922882
-3.18229951202e-05
0.000525867460714
-0.00231341345248
0.0013724157108
-0.00149765946151
-0.00078462036685
-0.0037564555119
-8.71670788771e-05
0.000459315456517
-0.00237875918357
0.00131811305233
-0.00155386538138
-0.00083876334972
-0.00381067957659
-0.0001412617248
0.000393987490417
-0.00244288669113
0.00126503667647
-0.00162211926386
-0.00089165293216
-0.00386364848614
-0.000194104016629
-0.00296966315628
-0.00250579264189
0.0012131893358
-0.00168914869551
-0.000952026993973
-0.00391535936287
-0.000245691096853
-0.00303253279435
-0.00256747375423
0.00116257372715
-0.00175495014029
-0.00101810572763
-0.00396580938899
-0.000296020167441
-0.00309416824739
-0.00262792679901
0.00110523875932
-0.0018195201137
-0.00108294831361
-0.00401499580728
-0.000345088490579
-0.00315456623937
-0.00268714860038
0.00104529941537
-1.6204415985e-05
0.000740054007531
-0.00406291592183
-0.000392893389381
-0.00321372354879
-0.0027451360365
0.000986582076169
-7.83012035219e-05
0.000677694086167
-0.00227323274359
0.00145183151203
-0.00142567557284
-0.000958278055933
-0.000320236604575
-0.000139156383883
0.000616580573371
-0.00232394550733
0.00140656124534
-0.00148234207471
-0.00101378761626
-0.000376500847867
-0.000198766687189
0.000556716779631
-0.00238382871005
0.00135203220971
-0.00153775856465
-0.00106805377798
-0.000431534108225
0.000643925795812
0.00116737318721
-0.00234917600558
-0.00389540210164
-0.00342406370953
-0.00286296981298
-0.00246928231826
0.000566599193319
0.00109165449514
-0.0024236347072
-0.00397045407176
-0.00350104510572
-0.00294159045722
-0.00255261752675
0.000490554658644
0.00101725993283
-0.00249672878398
-0.00404410789291
-0.00357659725765
-0.0030266139617
-0.00263448053942
0.000415796659825
0.000944194149307
-0.0025684533953
-0.00411635843924
-0.0036507146514
-0.00311076616806
-0.00271486493847
0.00034232960957
0.000872461731774
-0.00264109211454
-0.0041872006582
-0.00372339185012
-0.00319347425481
-0.00279380416021
0.000270157864068
0.000802067204279
-0.00271348335688
-0.00425662957215
-0.00379462349593
-0.00327473197262
-0.00287412681153
0.00019928572181
0.000733015026409
-0.00278449867091
-0.00432464027994
-0.0038644043117
-0.00335453314656
-0.000885541350968
0.000129717422411
-0.00326018226909
-0.00285413329273
-0.00439122795859
-0.00393272910283
-0.00141659509145
-0.000962879029052
6.14571454428e-05
-0.00333218315162
-0.00292238252968
-0.00445733321392
-0.00400739434004
-0.0014934649611
-0.00103871487415
-5.49099072641e-06
-0.0034028408216
-0.0029892417618
-0.00452238611273
-0.002091257541
-0.00156886022965
-0.00111304277075
-7.11229300833e-05
-0.003472150765
-0.0030547064433
-0.00458600476573
-0.00216353133629
-0.00164277504081
-0.00118585669265
-0.000135434680112
-0.00354010853419
-0.00311877210395
-0.00266867661916
-0.00223434789914
-0.00171520362314
-0.00125715070526
-0.000198422312929
-0.00360670974931
-0.001201926379
-0.0027294131187
-0.00230370190171
-0.00178614029211
-0.00132691896774
-0.000260081966403
-0.00367195009958
-0.0012673791004
-0.00278870188163
-0.00237158810101
-0.00185557945216
-0.00139515573527
-0.000320409845267
-0.00179070506205
-0.00352813816903
-0.00284653858457
-0.00243800134068
-0.00192351559872
-0.00146185536118
-0.000379402222217
-0.00185321103288
-0.00359242414865
-0.00290850202786
-0.00250293655289
-0.00198994332022
-0.00152701229917
0.00152507638162
-0.00191434363369
-0.00365530123014
-0.00297025642689
-0.00256638876004
-0.00205485730009
-0.00159062110539
0.00146876591313
-0.00197409884279
-0.00371676504855
-0.00303055929205
-0.00262835307664
-0.00211825231878
-0.00165267644064
0.00141380170988
-0.00203247271388
-0.00377681131962
-0.00308940619647
-0.002688824711
-0.00218012325565
-0.00171317307239
0.00136018721658
-0.00208946137733
-0.00383543584113
-0.00314679280273
-0.00274779896701
-0.00224046509097
-0.00177210587693
0.00130792580471
-0.00214506104138
-0.00389263449434
-0.00320271486448
-0.00280527124585
-0.00229927290782
-0.00182946984137
-0.00272995344605
-0.00266172296225
-0.00627282875072
-0.00605848895281
-0.00250235193934
-0.00241692804997
-0.0023852992224
-0.00274212587847
-0.0026718095586
-0.00628320821832
-0.00606917460511
-0.00251335752517
-0.00242510704073
-0.00239373475022
-0.00275361552581
-0.00268119365665
-0.00615290940215
-0.00607911612933
-0.00252359675653
-0.00243249576245
-0.00240135525513
-0.00276442220922
-0.00268987510185
-0.00616184299627
-0.00608831334174
-0.00253306943265
-0.00243909406121
-0.00240816056827
-0.00277454576042
-0.00255789831996
-0.0061700534136
-0.0060967660723
-0.00254177536779
-0.00244490179949
-0.00241415053878
-0.00264745972021
-0.00256517404194
-0.00617754051089
-0.00610447416468
-0.00254971439115
-0.00244991885625
-0.00241932503386
-0.0026562165445
-0.00257174671664
-0.00618430415746
-0.0061114374763
-0.00255688634695
-0.00245661091037
-0.00242368393875
-0.00266428979531
-0.00257897878812
-0.00619034423522
-0.00611765587832
-0.00256329109441
-0.00246272445606
-0.00242937585436
-0.00267167934678
-0.00258657728896
-0.00619566063871
-0.00612312925564
-0.0025689285078
-0.00246804722628
-0.00243486555456
-0.00267838508367
-0.00259347266065
-0.00620025327508
-0.00612785750696
-0.00257379847642
-0.00247257911002
-0.00243953957781
-0.0026844069014
-0.00259966478948
-0.00620412206412
-0.00613184054474
-0.00257790090462
-0.00247632001277
-0.00244339782041
-0.00268974470602
-0.00260515357332
-0.00620726693823
-0.00613507829522
-0.00258123571182
-0.00247926985648
-0.00244644019675
-0.00269439841426
-0.00260993892161
-0.00620968784246
-0.00613757069845
-0.0025838028325
-0.00248142857961
-0.00244442632763
-0.0026983679535
-0.00261402075539
-0.00621138473453
-0.00613931770826
-0.00258560221623
-0.00248279613713
-0.002445836787
-0.00270165326177
-0.0026173990073
-0.00621235758477
-0.0061403192923
-0.00258663382765
-0.00248191777464
-0.00244643123187
-0.00270425428781
-0.0026200736216
-0.00621260637618
-0.00271504527404
-0.00258690323442
-0.00248170293183
-0.00244620964905
-0.00270617099101
-0.00262204455413
-0.00621213110443
-0.00271455596468
-0.0025863992555
-0.00248069688732
-0.00244517204345
-0.00270740334144
-0.00262331177235
-0.0062109317778
-0.00271335194897
-0.00258512748871
-0.00247889966211
-0.00244331843812
-0.00270795131987
-0.00262387525535
-0.00620900841727
-0.00271137178248
-0.00258308795906
-0.0024763112937
-0.00244064887418
-0.00270781491774
-0.00632628053238
-0.00620646163927
-0.00270864623552
-0.00258028070661
-0.00247293183609
-0.00243766633927
-0.00270699413719
-0.00632561347994
-0.00620309032439
-0.00270517535859
-0.00257670578651
-0.00247087417607
-0.002436522167
-0.00541696187233
-0.00281145508813
-0.00288358053923
-0.00408471938116
-0.00419807540816
-0.00146939674671
-0.00573166135779
-0.00542101418841
-0.00281555159426
-0.00263582999494
-0.00408370153357
-0.00419704810749
-0.00147039274586
-0.00573266588986
-0.00542447646746
-0.00281905163096
-0.00263936607052
-0.00408207508917
-0.00419540655804
-0.00147076898381
-0.00573304535115
-0.0054273486693
-0.00282195515673
-0.00264229949435
-0.00407984006803
-0.00419315078046
-0.00147052545573
-0.0057327997367
-0.00542963076058
-0.00258064864068
-0.00264463023091
-0.00407699649774
-0.00419028080311
-0.00146966216475
-0.00573192904971
-0.00543132271482
-0.00258235904832
-0.00264635825198
-0.00407354441341
-0.00418679666207
-0.00146817912192
-0.00573043330153
-0.00519530605957
-0.0025834728629
-0.00264748353662
-0.00407410607444
-0.00418269840118
-0.00146607634622
-0.00572831251163
-0.00519581768764
-0.00258399007123
-0.00264800607121
-0.00407463364976
-0.00417798607194
-0.00146335386458
-0.00572556670763
-0.00519573914028
-0.00258391066716
-0.00264792584943
-0.0040745526541
-0.0041726597336
-0.00146001171185
-0.00559792210358
-0.00519507041841
-0.00258323465164
-0.00264724287225
-0.00407386308846
-0.0041667194531
-0.00145837970193
-0.00559392638678
-0.0051938115298
-0.00258196203269
-0.00264595714793
-0.00407256496134
-0.00416016530511
-0.00133296592846
-0.00558930578756
-0.00519196248905
-0.0025800928254
-0.00264406869204
-0.00407065828878
-0.00415299737198
-0.00133385867372
-0.00559005642409
-0.00518952331764
-0.00257762705196
-0.00264157752747
-0.00406814309431
-0.00414605101425
-0.00133413169788
-0.00559033177047
-0.00518649404389
-0.00257456474161
-0.00263848368436
-0.00406501940897
-0.00402008511319
-0.00133378499743
-0.00558998212114
-0.00518287470294
-0.00257090593068
-0.00263478720018
-0.00406128727132
-0.00401912754604
-0.00133281857682
-0.00558900748064
-0.00517866533682
-0.00256665066257
-0.00263048811968
-0.00392691546956
-0.00401755594804
-0.00133123244841
-0.00558740786168
-0.00517386599438
-0.00256179898775
-0.00262558649491
-0.00392196657297
-0.00401537033895
-0.00132902663253
-0.00558518328507
-0.0051684767313
-0.00255635096375
-0.00262008238519
-0.00391640938476
-0.00401257074622
-0.00132620115739
-0.00558233377978
-0.00516249761013
-0.00255030665516
-0.00248394459927
-0.00391024397349
-0.00400915720505
-0.00132275605916
-0.0055788593829
-0.00515592870021
-0.00254366613366
-0.00247723572678
-0.00390347041519
-0.00400512975832
-0.00131869138194
-0.00557476013966
-0.00514877007775
-0.00253642947793
-0.00246992459101
-0.00389608879341
-0.00400048845664
-0.00131400717774
-0.00557003610342
