-0.00019713046563
-0.000683719924951
-0.00255626850641
-0.000721520050906
-4.31653130183e-05
-0.00263576292345
4.98160126229e-05
-0.000171773082452
-0.00067524468061
-0.00254781892128
-0.000713113813156
-3.48192988952e-05
-0.00173587541844
5.15118102049e-05
-0.000148626474875
-0.000665805085416
-0.00253840789946
-0.000703751061842
-2.55236112831e-05
-0.0017266643725
5.41407518581e-05
-0.000138213643511
-0.000655401432186
-0.00252803573111
-0.000693432082695
-1.527852982e-05
-0.00171651255841
5.77027612776e-05
-0.000126836228831
-0.000644034043508
-0.0025167027359
7.55668562125e-05
-0.0045043579777
-0.00172055324485
6.21977350894e-05
-0.000114494584073
-0.000631703271685
-0.00250440926294
8.77973176843e-05
-0.00449221506113
-0.00173306632498
6.76255428655e-05
-0.000101189092214
-1.90261221477e-05
-0.00249115569076
0.000100982975695
-0.00447912376004
-0.00174463911078
7.39860271429e-05
-8.69201659144e-05
-4.76975954469e-06
-0.00247694242721
0.00011512342862
-0.0044837863503
-0.00175527126056
8.12790034463e-05
-7.16882474537e-05
0.0023089156128
-0.00246176990942
0.000130218246002
-0.00449355934029
-0.00176496246024
8.95042603148e-05
-5.5493808661e-05
0.00232509580179
-0.00244563860373
0.000146266968616
-0.0045023831645
-0.00177371242342
0.00100734833877
-3.83373508426e-05
0.00234223716871
-0.00242854900561
0.000140982738245
-0.00451025755767
-0.00178152089141
0.00101693882578
-2.02194047054e-05
0.00236033918423
-0.00241050163962
0.000134013361514
-0.00451718228296
-0.0017883876333
0.00101014238215
-1.71139529158e-05
0.0023794012898
-0.00239231906068
0.000127999980603
-0.00184399726726
-0.00179431244592
0.00100427823278
-4.04448095938e-05
0.00239942289772
-0.00239739840318
0.000122942778813
-0.00184902206034
-0.00179929515398
0.000999346547651
-6.28164194068e-05
-0.00202692546687
-0.00240151722724
0.000118841910335
-0.00185309664616
-0.00180333560998
0.000995347469771
-8.42280918466e-05
-0.00200929395019
-0.00179844867135
0.000115697500227
-0.00185622090207
-0.00180643369431
-0.00362731634224
-0.000104679165413
-0.00201149634438
-0.00180064610797
0.000113509644392
-0.00185839473398
-0.00180858931525
-0.00362944988474
0.000331206753079
-0.00201273576109
-0.00180188273465
0.000112278409567
-0.00185961807644
-0.00180980240896
-0.0036306505532
0.000312678745225
-0.00201301216201
-0.00180215851336
0.000112003833313
-0.00185989089259
-0.00181007293952
-0.00363091831278
0.000295113145705
-0.00201232553859
-0.0018014734356
0.000112685924007
-0.00185921317424
-0.00180940089892
-0.00363025315571
0.000278510499014
-0.00201067591205
-0.00179982752245
0.000114324660838
-0.00185758494178
-0.00105766371521
-0.00362865510129
-0.00321662039076
0.00109585214359
-0.00173613911448
-0.00212054276654
-0.00278833690063
-0.00340990975957
-0.000722035994288
-0.00321591837122
0.0010965672201
-0.00172117253173
-0.00215273183261
-0.00282115541159
-0.00344330224831
-0.000755935417058
-0.00321421261303
0.00109830470305
-0.00170516809229
-0.00218387308154
-0.00285290608338
-0.00347560866389
-0.00078873268164
-0.00321150317349
0.00110106453192
-0.000410413267036
-0.00221396535995
-0.00288358769412
-0.00350682771966
-0.000820426442319
-0.00320779014357
-0.00360386631001
-0.000392334878935
-0.00224300755173
-0.00291319906128
-0.00353695817034
-0.000851015396576
-0.00320307364794
-0.00359906211338
0.000755106628994
-0.0022709985782
-0.00294173904197
-0.00356599881226
0.000617589955271
-0.00319735384491
-0.00359323596605
0.000775256367612
-0.00229793739833
-0.00296920653306
-0.00359394848361
0.000589214347321
-0.00319063092644
-0.00358638807088
0.000782859485653
-0.00232382300893
-0.00299560047148
-0.00362080606468
0.000561947191577
-0.00318290511808
-0.00357851866624
0.000758549950805
-0.0010612537223
-0.00302091983436
-0.00364657047805
0.000535789615222
-0.00317417667897
-0.00356962802597
0.000735273619532
-0.00108503005648
-0.00304516363928
-0.00367124068882
0.000510742701005
-0.00316444590173
-0.00355971645931
0.000713031325775
-0.00110775040036
-0.0030683309444
-0.00369481570482
0.00048680748702
-0.00315371311249
-0.00354878431088
0.000691823867265
-0.00112941390385
-0.0030904208487
-0.00371729457683
0.000463984966499
-0.00205770778369
-0.0035368319606
0.000671652005384
-0.00115001975558
-0.00311143249212
-0.0037386763987
-0.00431597481201
-0.00204497208239
-0.00352385982364
0.000652516465027
-0.00116956718299
-0.0031313650557
-0.00375896030761
-0.0043365691464
-0.00203123554766
-0.0035098683503
0.000632567714653
-0.000214628715634
-0.00185061950755
-0.00377814548418
-0.00435604807883
-0.00201649863893
-0.00349485802602
0.00061057922743
-0.00023205713287
-0.00186839162
-0.0037962311527
-0.0043744107975
-0.00200076184872
-0.00347882937121
0.000589626929589
-0.00024842504262
-0.00188508244416
-0.00381321658121
-0.00439165653638
-0.00198402570264
-0.00237266358881
-0.00417437297671
-0.000263731829081
-0.00190069132713
-0.00382910108171
-0.00440778457544
-0.00196629075927
-0.00238031123094
-0.00419325067015
-0.000277976915936
-0.00191521765786
-0.00384388401026
-0.00442279424072
-0.00194755761007
-0.00239778291686
-0.00421109002198
-0.00029115976647
-0.00192866086728
-0.00255578814937
-0.00443668490452
-0.00192782687927
-0.002414236896
-0.00422789038841
-0.000303279883668
-0.00194102042836
-0.00256836617917
-0.00444945598551
-0.00356253393965
-0.00440636617371
-0.00306272780675
-0.00375539896404
-0.00485429489992
-0.00556993897139
-0.00448742914445
-0.00203444559157
-0.00263378397517
-0.00396171357376
-0.00597127554906
-0.00351828311589
-0.00377097632959
-0.00129667027577
-0.00530172782997
-0.0045741018623
-0.00466865301703
-0.00246261609397
-0.00253908655418
-0.00220098929416
-0.00610253277136
-0.00387008807705
-0.00471663175779
-0.00209607859941
-0.00446100480743
-0.00526999594257
-0.0028376246787
-0.00346423186857
-0.00240014638797
-0.00300436615413
-0.00433757566646
-0.00474968974295
-0.00390909942663
-0.00421589127929
-0.00174261254504
-0.0057481990693
-0.00322106895534
-0.00515981281334
-0.00295475712803
-0.00303165230078
-0.00478891051714
-0.00659426675073
-0.00415525138303
-0.00162450394767
-0.00238607910403
-0.00357188870975
-0.00566334909296
-0.00323404339398
-0.00386336208533
-0.00133344526008
-0.00708616970482
-0.00470011329875
-0.00511389513075
-0.00268763954053
-0.00299588207782
-0.00216542569927
-0.00617151867955
-0.00364441276247
-0.00382871608101
-0.00342413583728
-0.00350144049969
-0.00525856744577
-0.0051318147836
-0.00337264605282
-0.0019347110657
-0.00628553946685
-0.00393938473193
-0.00475499389214
-0.00360767712613
-0.00423957311489
-0.00171187465336
-0.00599166667812
-0.00358838519761
-0.00547664313633
-0.00308467092555
-0.00339429625368
-0.00482820238165
-0.0065713532596
-0.00404427041035
-0.00427405852271
-0.00203576352751
-0.00166012447392
-0.00570508592422
-0.0034655779087
-0.00376090599003
-0.00118982072042
-0.00662698888416
-0.00428415111495
-0.00510280871319
-0.00265455630642
-0.00459258032091
-0.00582496462867
-0.00630487177385
-0.0039033896963
-0.00439765816776
-0.00345804032629
-0.00376897742219
-0.00520377305023
-0.0027579270517
-0.00444715181387
-0.00227764603498
-0.00245853276736
-0.00434542004372
-0.00612811089406
-0.00388798643385
-0.00412710936101
-0.00155924467694
-0.00586591884156
-0.00460593435547
-0.00542745789784
-0.00298179589204
-0.0036184218362
-0.00484291625226
-0.00660028710482
-0.00423337069711
-0.00190123150353
-0.0023140543553
-0.00534480631695
-0.00555525663504
-0.00310984289797
-0.00320435468339
-0.00269106292185
-0.00285747751951
-0.00474472333849
-0.00471959467968
-0.00245303974814
-0.00447100067425
-0.00546859738444
-0.00621562616046
-0.00375767965198
-0.00255285352982
-0.00328545338306
-0.000825279126763
-0.00515056049364
-0.00265237627694
-0.00455513735506
-0.00222486669713
-0.00263921183522
-0.0041765249977
-0.00588236200039
-0.00343735367888
-0.00359492108026
-0.00139462420603
-0.00729530472301
-0.00511985409853
-0.00509461649026
-0.00282750498094
-0.000380768466717
-0.00579280085577
-0.00326351709049
-0.00403279088536
-0.00165355820019
-0.0023884026156
-0.00488945400915
-0.00543409693871
-0.00293733197214
-0.00351211617945
-0.00252408717624
-0.00684588001517
-0.00447824387009
-0.00469021446809
-0.00374018323255
-0.00396126617941
-0.00176202506972
-0.00600984159943
-0.00379330192928
-0.00544515623636
-0.003177520113
-0.00425941215241
-0.0051010422824
-0.0035671864
-0.00428424270899
-0.00190729219892
-0.00264420036643
-0.00396162261272
-0.0056932955868
-0.00319783600444
-0.00378506510296
-0.00143822635856
-0.00712174483792
-0.00475510711868
-0.00496775492206
-0.00249279335554
-0.0043030813988
-0.00620645167621
-0.00635323367306
-0.00411915588972
-0.00193143797587
-0.00350278652889
-0.00453495793367
-0.00537907888828
-0.00283033305623
-0.00349468626565
-0.00213696656692
-0.00661411985732
-0.00419483810781
-0.00474248732279
-0.0034336723858
-0.00403325358625
-0.00168788450564
-0.00604118193164
-0.00500687640778
-0.00522014380907
-0.00274550138545
-0.000618609380253
-0.0050122287511
-0.00438982090513
-0.00443208369818
-0.00223213066551
-0.00210150066684
-0.00393094699761
-0.00563371220226
-0.00308705206877
-0.00375124843386
-0.00130885388502
-0.00682123976387
-0.0044034528798
-0.00495238991763
-0.00248913849281
-0.00425647129765
-0.0058474590549
-0.00355436362166
-0.00387151802436
-0.00286307528349
-0.0030300219973
-0.000910503928903
-0.00530498407392
-0.00314124314119
-0.00472549036126
-0.00250749310463
-0.00237644190764
-0.00415989173794
-0.0050083990208
-0.00331999153111
-0.00398588446327
-0.00526159697701
-0.00598980185312
-0.00458729408931
-0.00226261363706
-0.00283113069593
-0.000412145054816
-0.00604669968048
-0.00375457003471
-0.00407246110625
-0.00167655596356
-0.00190749022631
-0.00531881047633
-0.00557231427801
-0.00340903835096
-0.00345158028295
-0.00276776456266
-0.00687621816904
-0.00436526968623
-0.00190444867808
-0.00266448857498
-0.00103584258855
-0.00557958549645
-0.00319225768641
-0.00385305195131
-0.00257818770991
-0.00314875410862
-0.00470492389246
-0.0050745064917
-0.00270409025097
-0.00424771252765
-0.00185224514231
-0.00214742749857
-0.00418795313447
-0.00581397917651
-0.00365112613873
-0.00369378965748
-0.00144066985073
-0.00709985520423
-0.00454692484316
-0.00208777879413
-0.00284934207148
-0.000442728923016
-0.00587365222911
-0.00348860713005
-0.00414193858418
-0.00181235383119
-0.00344174259799
-0.00499950221369
-0.00537034477471
-0.00290121792868
-0.00320584451583
-0.00216578703132
-0.00652188277058
-0.0044030871215
-0.00465795627015
-0.00386728563275
-0.00391005830495
-0.00165677593633
-0.00577239762058
-0.0039964481927
-0.0022470323586
-0.00307021693667
-0.00448507451611
-0.0052757663673
-0.00376062500217
-0.00440626602867
-0.00207870550606
-0.00658892572648
-0.00420988167034
-0.00564107422997
-0.00317279201671
-0.00352997656794
-0.0012473477914
-0.00684825119717
-0.00462498692354
-0.00251014858011
-0.00265958482939
-0.00191062111926
-0.00613234852856
-0.0039796858109
-0.00413025777057
-0.00165242188323
-0.00331123536544
-0.00472845317392
-0.00552129932573
-0.00311348674025
-0.00464581295254
-0.00232009751675
-0.00683191575272
-0.00445420668308
-0.00482726798961
-0.00341894539349
-0.00119990167167
-0.00568873332215
-0.0034744720962
-0.00492800304777
-0.00272145082785
-0.00282331206669
-0.000646410663276
-0.00629603494682
-0.00427121598776
-0.00423997980638
-0.0018218802034
-0.00652619002535
-0.00494745957246
-0.00574225439453
-0.00333618718778
-0.00396577594534
-0.00161736772844
-0.00419659487569
-0.00467307277421
-0.00229321471417
-0.00257362610043
-0.00147341685132
-0.00596337251014
-0.00374990130642
-0.00396405433598
-0.00299924313891
-0.00302359183796
-0.00510434329914
-0.00514359995051
-0.00312370126468
-0.00432552866889
-0.00201237842708
-0.00671874170668
-0.00440435056641
-0.00283229569297
-0.00353393826759
-0.00113071076977
-0.00576448277624
-0.00347529044403
-0.00486628523403
-0.00248727258728
-0.00282013552528
-0.000623884490072
-0.00621222459611
-0.00399947369833
-0.00421550355724
-0.00199122811003
-0.00327550877008
-0.00529321961102
-0.00538325217567
-0.00336339478128
-0.000513602566214
-0.00590640045857
-0.00368350601291
-0.00457409547243
-0.00224866398541
-0.00295167157255
-0.00129477668825
-0.0059298301585
-0.00364174802721
-0.00412022002769
-0.00265539338283
-0.00304086229885
-0.00501450109655
-0.00536519552697
-0.00422295845368
-0.00444080842899
-0.0022168884559
-0.00224137639767
-0.00427030150985
-0.00559664326684
-0.00357682283871
-0.000653884829326
-0.00546152123999
-0.003233108554
-0.00471898888199
-0.00239486262607
-0.00309903964385
-0.00464111650784
-0.00606950894787
-0.00378236800614
-0.00426162653396
-0.00187123810176
-0.00323560492301
-0.00521029581907
-0.00556180844118
-0.00331972000518
-0.00463975720755
-0.00241615272479
-0.00673140851727
-0.00446942534474
-0.00248264759037
-0.00376378355398
-0.000814537218751
-0.00557897655374
-0.0033518430404
-0.00424504822243
-0.00251586705301
-0.00322101493361
-0.00476394083961
-0.00543209965467
-0.00389702350292
-0.00437692525307
-0.00198704683384
-0.00660296399303
-0.00537978946362
-0.00324456076481
-0.00349042514265
-0.00133845260835
-0.00147117700454
-0.00472560679197
-0.00464198152817
-0.00264293439643
-0.0026574950188
-0.00237352452023
-0.00192333271748
-0.000427452462966
-0.0009344507648
-0.00202544315735
-0.00302852927045
-6.57675089818e-05
-0.00247076438306
-0.00202013390187
-0.000523641438053
-0.00102986390065
-0.00209904353563
-0.00310173216187
-0.000138451440628
-0.00256719267224
0.000575502080722
-0.0006190256096
-0.00112447727311
-0.00217181517233
-0.00317411022833
-0.000210315674584
-0.00266280701985
0.000480320745823
-0.00071360268011
-0.00121828863587
-0.000284784450371
-0.00324566172335
-0.000281358499782
-0.00275760506887
0.000385952832359
-0.000807370362882
-0.00131129575336
-0.000355893297299
-0.0033163849155
-0.000351578220026
-0.00285158447344
0.000292400656754
-0.000900326382252
-0.00140349640094
0.0019881813398
-0.00338627808867
-0.00042097315418
-0.00294474289904
0.000199666524095
0.000838424163549
-0.00149488836518
0.00191868375652
-0.0034553395422
-0.000489541636353
-0.00303707802278
0.000107752727892
-0.00312080267768
-0.00158546944406
0.00182899274739
-0.00352356759113
-0.000557282016085
-0.00312858753365
1.66615498349e-05
-0.00321131016673
-0.00167523744718
0.00174010838262
-0.00359096056635
-0.00062419265853
-0.00152214515077
-7.36047404506e-05
-0.00330099700479
-0.00176419019604
0.00165203278108
-0.00365751681478
-0.00069027194464
-0.00161199655163
-0.000163043885649
-0.00338986097491
-0.00185232552422
0.00156476804972
-0.00372323469962
-0.000755518271348
-0.00170101548033
-0.000251653640999
-0.00347789987261
-0.00193964127764
0.00147831628328
-0.00184044887604
-0.000819930051744
-0.00178919967584
-0.000339431774537
-0.00356511150609
-0.00202613531478
0.00139267956414
-0.0019044851891
-0.000883505715264
-0.00187654689028
-0.000426376067345
-0.0036514936965
-0.00211180550692
0.00130785996205
-0.00196767832739
-0.000946243707861
-0.0019630548891
-0.000512484313795
-0.00373704427816
-0.000354096011019
0.00122385953391
-0.00203002672092
-0.00100814249219
-0.00204872145139
-0.000597754321795
-0.0038217610988
-0.000438112179279
0.00114068032359
-0.00209152881685
-0.00106920054777
-0.00213354437013
-0.000682183913031
-0.00390564201979
-0.000521298195399
0.00105832436167
-0.00215218307967
-0.00112941637119
-0.00221752145241
0.000956636604049
-0.0014327408909
-0.000603651984119
0.000976793665231
-0.00221198799144
-0.00118878847625
-0.00230065051968
0.000873894324923
-0.00151494365255
-0.000685171484122
-0.00308724160656
-0.00227094205188
-0.00124731539416
-0.00238292940803
0.000791998912354
-0.001596304183
-0.000765854648262
-0.00316711577585
-0.00232904377863
0.000673833829385
-0.00246435596843
0.000710952487075
-0.0016768204006
-0.000845699443797
-0.00324615871157
-0.00238629170737
0.000617001621739
-0.00393177593223
3.67981967858e-05
-0.00161191209935
-0.00403014851509
-0.00399836159489
-8.70710634067e-05
-0.00289182496074
-0.00402105689269
-5.41549010964e-05
-0.00169746955504
-0.00411712208909
-0.00409275801332
-0.000183017362397
-0.000252586140792
-0.00410949995341
-0.000144257498539
-0.00178456588843
-0.00420320843281
-0.00418626789315
-0.000278065799202
-0.00034902088153
-0.00419710284147
-0.000233507200898
-0.00187536700578
-0.00428840507786
-0.00427888851264
-0.000372213525708
-0.000444544728699
-0.0042838632974
-0.000321901627327
-0.00196530090063
-0.00187336667633
-0.00437061716492
-0.000465457708904
-0.000539154732755
-0.00436977907546
-0.000409438411053
-0.00205436508872
-0.00195677658522
-0.00446145115836
-0.000557795531246
-0.000632847959806
-0.00445484794391
-0.00049611519965
-0.00214255710044
-0.00203928949052
-0.0045513878169
-0.000649224191018
-0.000725621492001
-0.00453906768528
-0.000581929655322
-0.000609452363726
-0.00212090299168
-0.00464042448039
-0.00479532475225
-0.000817472427916
-0.00233298071254
-0.000666879455175
-0.00069589267402
-0.00220161470589
-0.00472855850492
-0.0048849267469
-0.000908397882947
-0.0024154956055
-0.000750962291496
-0.000781453490087
-0.00228142226837
-0.00228618197143
-0.00497361127248
-0.000998394989696
-0.00249715480692
-0.00083417587203
-0.000866132403958
-0.0023603233327
-0.00237250285309
-0.00506137559428
-0.00108746089837
-0.00257795615885
-0.00497442914492
-0.000949927023824
-0.00243831557114
-0.00245791326506
-0.00514821699522
-0.00117559277716
-0.00265789751885
-0.00505589740033
-0.00103283497433
-0.00251539667489
-0.00254241063185
-0.00523413277629
-0.00126278781264
-0.00273697676027
-0.00282207106439
-0.00111485389688
-0.0025971520564
-0.00262599239597
-0.00531912025687
-0.00134904321018
-0.00281519177249
-0.00290178501807
-0.00119598144992
-0.00267958760165
-0.00270865601823
-0.00540317677508
-0.00143435619429
-0.00289254046115
-0.00298061849623
-0.00127621530927
-0.00276111733518
-0.00279039897809
-0.00293387606204
-0.00151872400906
-0.00297201346014
-0.0030595655304
-0.00135555316836
-0.00134844691359
-0.00287121877399
-0.00301606274691
-0.00160214391853
-0.00305961479675
-0.00314885233393
-0.00144535296022
-0.00143757576705
-0.00295111292372
-0.00309731060016
-0.00168461320709
-0.00314636364943
-0.00323727335258
0.00086081136827
-0.0015290336384
-0.00303007896473
-0.00317761703871
-0.00176612917987
-0.00323225771885
-0.00332482616008
0.000771693813974
-0.00161959936174
-0.00311541344988
-0.00325697950008
-0.00593501086382
-0.00331729472014
-0.00341150834509
0.000683459510655
-0.00170927028548
-0.0032122501022
-0.00333539544275
-0.00344634398819
-0.00686621410683
-0.00616076700182
-0.00262249956467
-0.00177760323453
-0.00423376357354
-0.00408432055907
-0.00375267372427
-0.00684170728965
-0.0061357533516
-0.00259698138963
-0.00175158593776
-0.00419231293095
-0.00681127122095
-0.00372169566673
-0.00681646649651
-0.00610999076569
-0.00257069940072
-0.00172479012169
-0.00415007531319
-0.00677496872707
-0.0036898848897
-0.0067904921836
-0.00608347972904
-0.00254365411265
-0.00169721633164
-0.00122913353681
-0.00674310835882
-0.00365724213613
-0.00676378482
-0.00605622074023
-0.00251584605459
-0.00166886512825
-0.00118532464966
-0.00671043622006
-0.00362376816751
-0.00356342200814
-0.00602821431147
-0.00527144784314
-0.00163973708738
-0.00114073149851
-0.00667695303642
-0.00358946376374
-0.0035352500016
-0.00599946096852
-0.00524211589025
-0.00160983280009
-0.00109535501717
-0.00664265955066
-0.00637378960845
-0.000827650362183
-0.00596996125062
-0.00521202284119
-0.00157915287258
-0.00104919615433
-0.0037153519622
-0.00633782674739
-0.000798015742255
-0.00593971571052
-0.00518116928247
-0.0015476979261
-0.00101930269613
-0.00367944016847
-0.00630103590057
-0.000767650608411
-0.00590872491433
-0.0051495558148
-0.00151546859691
-0.00101938457564
-0.00364272040271
-0.00626341792069
-0.000744860050321
-0.00587698944155
-0.00511718305303
-0.00432046712271
-0.0010186659726
-0.00360519347532
-0.00622497367842
-0.000721687077066
-0.00584450988496
-0.00508405162611
-0.00428669099659
-0.00101714690238
-0.00356686021336
-0.00618570406226
-0.000697781212671
-0.0058112868506
-0.00505016217697
-0.00426183641848
-0.00101482739741
-0.00352772146053
-0.00614560997852
-0.000673142887637
-0.00577732095769
-0.00501551536254
-0.00425878702825
-0.00101170750722
-0.003487778077
-0.00610469235112
-0.0034913313336
-0.00263086353394
-0.00498011185361
-0.00425495539883
-0.00100778729845
-0.00348348835303
-0.00606295212156
-0.00346522943009
-0.00260423461488
-0.00494395233484
-0.00425034160836
-0.00389296452912
-0.000568114057203
-0.0060203902488
-0.00343839643431
-0.00257686008418
-0.00490703750463
-0.00424494575095
-0.00388744395135
-0.00056246847857
-0.00315749473837
-0.00341083282786
-0.00254874045303
-0.00486936807508
-0.00423876793662
-0.0038811233573
-0.000556004784703
-0.0031132925253
-0.00338253910502
-0.00251987624604
-0.00483094477195
-0.00423180829132
-0.00387400288186
-0.000548723119853
-0.00306827164948
-0.00335351577269
-0.00535968496081
-0.0047946718114
-0.0042240669569
-0.00386608267694
-0.000540623646481
-0.00302243313856
-0.00332376335039
-0.00264771932971
-0.00476372517008
-0.00421554409112
-0.00385736291147
-0.00345654744257
-0.00299484054446
-0.0046536868162
-0.00672028605566
-0.00333416794516
-0.00560533087951
-0.00432744575098
-0.00425756768735
-0.00309586529946
-0.00462943280055
-0.00454178505527
-0.00330444634982
-0.00557560186116
-0.00429774264364
-0.00423671827834
-0.00307504513617
-0.00460448834923
-0.00451583030223
-0.00327403615002
-0.00554518406991
-0.0042673513514
-0.00421517750669
-0.00305353457018
-0.00457885386113
-0.00449021334839
-0.00324293783108
-0.00551407799142
-0.00423627235867
-0.00419294571721
-0.00303133394483
-0.00455252974588
-0.00446390723188
-0.00321115188881
-0.00548228412188
-0.0042070823617
-0.00417002326555
-0.00300844361428
-0.00452551642376
-0.00443691237215
-0.00317867882949
-0.00544980296796
-0.00418346286122
-0.00414641051811
-0.00298486394341
-0.00449781432571
-0.00440922919926
-0.00314551916985
-0.00541663504675
-0.00415915324741
-0.00412210785209
-0.00296059530783
-0.0044694238933
-0.00438085815386
-0.003111673437
-0.00538278088575
-0.00413415390852
-0.00409711565541
-0.00293563809385
-0.00444034557865
-0.00435179968717
-0.00307714216839
-0.00534824102283
-0.00410846524353
-0.00407143432668
-0.00290999269842
-0.00441057984445
-0.00432205426093
-0.00304192591179
-0.00531301600616
-0.00408208766207
-0.00404506427522
-0.00288365952913
-0.00438012716389
-0.00429162234737
-0.00300602522523
-0.00527710639417
-0.00172307553927
-0.00401800592094
-0.00285663900416
-0.00434898802063
-0.00426050442917
-0.00296944067697
-0.00524051275555
-0.00169532139637
-0.00399025969439
-0.00282893155227
-0.00431716290876
-0.00422870099943
-0.00293217284544
-0.00520323566914
-0.00166687962969
-0.00396182603668
-0.00280053761272
-0.00428465233278
-0.000608091177219
-0.00289422231919
-0.00516527572395
-0.00163775069127
-0.00672286028868
-0.00559965146376
-0.00425145680753
-0.00057491824511
-0.00285558969689
-0.00512663351908
-0.00441984749086
-0.00669305313411
-0.00556988590868
-0.00421757685816
-0.000541061342818
-0.00281627558722
-0.00440223064041
-0.00438934560706
-0.0066625599348
-0.00553943524661
-0.0021088030469
-0.000506521004692
-0.00555724148164
-0.00436222575357
-0.00435815797054
-0.0066313811738
-0.00550829995859
-0.0020833605617
-0.00327295077303
-0.00551656626325
-0.00432154046442
-0.00432628507515
-0.00325143504055
-0.00547648053601
-0.00485416758954
-0.00325697874251
-0.00547521144333
-0.00428017541195
-0.00429372742512
-0.00321888664683
-0.00544397748057
-0.00483531637982
-0.0032456719122
-0.00543317767028
-0.00423813124502
-0.00426048553498
-0.00318565420277
-0.00541079130426
-0.00481577561692
-0.00323367420836
-0.00539046560227
-0.00419540862229
-0.00422655992956
-0.00315173823273
-0.00537692252928
