0.00355029460308
-0.00146392805388
0.00130590038111
-0.000177100231765
-0.000827263770849
0.00222603943798
-0.00272478953193
0.00363030446257
-0.00138634633286
0.00138388619375
-9.88168865834e-05
-0.000748793214691
0.00230458447678
-0.00265948017019
0.000213987003017
-0.00130803661586
0.00146260323871
-1.97999316949e-05
-0.000669587555356
0.00238386521242
-0.00259341814032
0.000295437281871
-0.00122900038442
0.00154205001235
5.99491128717e-05
-0.000589648323243
0.00126940939644
-0.00252660475112
0.000377605504025
-0.00114923912975
0.00162222500128
0.000140428717259
-0.000508977058623
0.00133694187021
0.00128470033814
-0.000435947878481
0.00244380044939
0.00170312668246
0.000221637341914
-0.000427575311501
0.00140522274469
0.00135301247258
-0.00035234834771
0.00252500723882
0.00178475352337
0.000303573437718
-0.000345444641484
0.00147425067784
0.0014220719697
-0.000268035469332
0.00260693452106
0.0018671039821
0.000386235446121
-0.000262586617653
0.00154402431619
0.00149187747422
-0.000183010792742
0.00268958076749
0.000903058871889
0.000469621799274
-0.000179002818419
0.00161454229497
0.00156242761959
-9.72758758801e-05
0.00277294444044
0.000986851903702
0.000553730920158
-9.46948313994e-05
0.00168580323823
0.00163372102806
-1.08322850954e-05
0.00285702399332
0.00107136387268
0.000638561222722
-9.66425327775e-06
0.00175780575898
0.00170575631079
7.63184049732e-05
0.00294181787078
0.00115659320074
0.000724111112011
-0.00109418935387
-0.00130718346537
0.00177853206802
0.000164174611526
0.0030273245088
0.00124253830107
0.000810378984299
-0.00101816663406
-0.00123370199424
0.0018520468892
0.000249031523675
0.00311354233484
0.00132919757825
0.000897363227227
-0.000944086972705
-0.0011594831717
0.00192629935303
0.000302527305656
0.00320046976795
-0.00192791145118
0.000985062219925
-0.000869272587682
-0.00108452842773
0.000686652639156
0.000356767901967
0.00328810521893
-0.00183982864021
0.00107347433316
0.00284602713361
-0.00100883920271
0.000762376082403
0.000411752277161
0.00233565220377
-0.00175103648884
0.00116259792944
0.00292230665767
-0.000932416947359
0.00083883284164
0.000467479383552
0.0024246988904
-0.00166153662553
0.0012524313632
0.0029993165767
-0.000855263122537
0.000916021454105
0.000523948161306
0.00251444877891
-0.00157133068668
0.00134297298086
0.0030770554276
-0.000777379199176
0.000993940446975
0.00058115753854
0.00260490024826
-0.00148042031651
0.000270092117142
0.00315552173739
-0.000698766658123
0.0010725883375
0.000639106431422
0.00269605166981
-0.00138880716691
0.000354873116831
0.00323471402331
-0.000619426990022
0.00115196363312
0.00136874861551
-0.00129223686683
0.00120119873115
0.00141355271034
0.00156862303816
0.00164464412417
-0.00268195086211
0.00145263589828
-0.00120614398755
0.00128950987541
0.00150407872539
0.00166821845886
-0.000100611041903
-0.00260190548955
0.00153732127259
-0.00111923578711
0.00137865337512
0.00159545380217
0.00176866584879
-2.74459815529e-05
-0.00252378267816
0.00162280278954
-0.00257027252838
0.00146862697837
0.00168767552727
0.00186996247954
-0.00234267678286
-0.00244762025115
0.00170907848831
-0.00248173998817
0.00155942842048
0.00178074147419
0.0019721056114
-0.00226766720073
0.00160531279432
-0.000989825923125
-0.00239239845381
0.0016510554243
0.00187464920361
0.00207509249371
-0.00219173873364
0.00168335952167
-0.000901967789682
-0.00230225005838
0.00174350570043
0.00196939626366
0.000391688130056
-0.0021148936592
0.00176234471381
-0.000813321426192
-0.00221129694663
0.00183677694748
0.0020649801902
0.000496354218887
-0.00203713427482
0.00184226588584
-0.0022377462335
-0.00211954127475
0.00193086685228
0.00216139850707
0.000601855743362
-0.00195846289748
0.00192312053236
-0.00214752943999
-0.00202698521019
0.00202577309017
0.00225864872642
0.000708189911953
-0.00187888186335
0.0020049061278
-0.00205653046811
-0.00193363093136
0.00212149332525
0.0023567283489
0.000814039315157
-0.00179839352748
0.00208762012676
-0.00196475135635
-0.0018394806275
0.00221802521056
0.00245563486401
0.000893192156746
-0.00171700026356
0.00217125996437
-0.00187219415352
0.00211033057252
0.00231536638841
0.000798000098883
-0.00152280643432
-0.00163470446352
0.00225582305667
-0.00177886091854
0.00220606631674
0.00241351449055
0.000898552824296
-0.00144189273322
-0.00155150853724
0.00234130680092
-0.00168475372024
0.00230259145582
0.00251246713845
0.000999924846368
-0.00136447054883
-0.00146741491229
0.00242770857599
-0.00158987463716
0.00239990375957
0.00261222194356
0.00110211361253
-0.00130019003527
-0.00138242603352
0.000531063720934
-0.00149422575738
0.00249800098814
0.00271277650751
0.00120511656037
-0.00123500825163
0.00262838517405
0.000619293622409
-0.00139780917828
0.00259688089218
0.00108830852917
0.0013089311179
-0.00116892704642
0.00271515715807
0.000708433584435
-0.00130062700639
0.0026965412131
0.00119045537766
0.00139503053688
-0.00110194828851
0.00280281696044
0.000798480915813
-0.00120268135717
0.00279697968327
0.00129339473347
0.00146117506556
-0.00103407386687
0.00289136207012
0.000889432908712
-0.00110397435481
0.00289819402622
0.0013971241614
0.001528192982
-0.000965305690328
0.00103240539221
0.000981286839025
-0.00303143274197
-0.00294595712627
-0.000122416240427
-0.00135256951021
-0.00135376635505
-0.00336937122919
-0.00314330119269
-0.000138529688061
0.000245218997774
-0.00174103606639
-0.00109783464441
-0.00322056880589
0.00187917233071
-0.000391253427009
0.000263942736646
-0.00188148064288
-0.000646012630014
-0.00279949222311
0.00203396640605
-0.00011976601324
0.00100788081306
-0.00315317936128
-0.00306754595071
0.000674440736233
0.000536811287743
-0.00148068680077
-0.00134544821947
-0.00251070246212
0.00226040044095
0.000271801553588
-0.00171465612877
-0.00120529011304
-0.00279019469621
-0.00229435066599
-0.000387169484874
0.000267988601115
-0.00153478578504
-0.000642060612575
-0.00275855534693
0.00207438984198
9.37780813814e-05
0.000992684418539
-0.00324093522186
-0.00224888604768
0.000581672333433
0.000443848863597
-0.00157365091897
-0.000716542603859
-0.00260309641614
-0.00219774234452
0.00033191109914
0.00131715374563
-0.000804557773306
-0.000283662083529
-0.00237058482848
-0.000417182634487
0.000630558840153
-0.00149912425986
-0.000640961018159
-0.00271422197953
-0.00159153849884
0.000163676415096
0.00100720505459
-0.00238826250138
-0.00230244511078
-0.00402646575668
0.000384986191352
-0.000910835597244
-0.000775285346722
-0.00266159831646
-0.00225588795349
0.000865264247857
0.00121867748357
-0.000902465671013
-0.000380823959401
-0.00243797997027
-0.00149558260276
0.000564390115511
0.00136984248267
-0.000716757639832
-0.00261766967949
-0.00155486843491
0.000233138822525
0.00105142563518
-0.00240768095708
-0.00232183823608
-0.00405108537907
0.0010956057079
-0.00093550734608
-0.000799906314286
-0.0026861182122
-0.00174003349583
-0.0035159749631
0.00115345635779
-0.000967309460808
-8.07115083105e-05
-0.00210815019196
-0.0015300939403
0.000530223607192
0.0013247739142
-0.000590947668166
0.000362837169885
-0.00161948247691
0.003423488835
0.00112529420779
-0.00075062118315
-0.00230703521592
-0.00333304504193
-0.00347102329627
-0.000925948594584
-0.00079036724185
-0.00213639347236
-0.00173059153309
-0.00350660868707
0.00112158697761
-0.000634533215239
-0.000112153905201
-0.0021103070739
-0.0015322328783
0.00052810605206
0.00148424729213
-0.000604176816757
0.000344889753285
-0.00165486412868
-0.00052434053084
0.00122872425779
4.26652461562e-05
-0.00152906077819
-0.00158597638798
-0.0034272497684
0.001147736417
-0.000190728087792
-0.00209288841758
-0.00168735161381
-0.00349464360454
-0.00288148470335
-0.000633012373734
-0.000110644700935
-0.00209772787494
-0.00132731290975
-0.00337628343794
0.00150256242394
-0.000586075846287
0.000339925904952
-0.00166014553118
-0.000529161534236
0.00136159521269
0.00011911546906
-0.00156960534105
-0.00163244963183
-0.0033798661694
-0.00280462452102
-0.000112966412741
0.000158059596413
-0.00161037950521
-0.000810316100789
-0.00284655818119
0.00191662688608
-7.61860797842e-05
-0.00188891013005
-0.00126474328138
-0.00331433824488
0.00155255384737
-0.000546131644134
0.000367569952537
-0.00163454762063
-0.000503949979205
-0.00239104655211
0.000221227619873
-0.00158186316243
-0.0010945859956
-0.00284621694699
-0.00269267651918
-1.2476134383e-06
0.000269322183221
-0.00116418697553
-0.000741779909498
-0.00277828671998
0.00198450343461
0.000170742306987
0.000818900441595
-0.00116992758748
-0.000470143537297
-0.00247099221121
-0.000488561950509
0.000424417446252
-0.00157848860058
-0.000448736157228
-0.00250630696249
0.000296792468254
-0.00100979764087
-0.00107263268584
-0.00282428830858
-0.00261399627304
0.000488339221153
0.000758317133397
-0.00102015044974
-0.000639871958526
-0.00267677141071
-0.00210423569199
0.000270903027352
0.000918121900266
-0.00104299724076
-0.000342955105315
-0.00237539373615
0.00252996472693
0.000512081840073
0.00136327060344
-0.000534944030968
-0.00242253095649
0.000911158803267
-0.000953709277247
-0.00101649077289
-0.00276820941377
-0.00219047576439
-0.00385797636339
0.000936659675815
-0.000842880462784
-0.00050474354591
-0.00236111363835
-0.00197040011298
0.000403722574758
0.00101297589056
-0.000937457126881
-0.00021731631419
-0.0022541875917
-0.00145845588828
0.000459222930427
0.00148000685608
-0.000419959775565
0.000807970482977
-0.00372923055242
0.000802247394639
-0.000926247629024
-0.000491783872133
-0.00210061984593
-0.0037486396498
0.00114816518486
-0.000446832370829
-0.000248319718016
-0.00223551738002
-0.00181177428709
-0.003801610924
0.00108217035647
-0.000876686206355
-0.000157164553873
-0.00210170593429
-0.00148054823522
0.000608150221133
0.00162688558678
-0.000275277769475
0.000609606660525
-0.00360551594514
0.000926334126036
-0.000441373506702
-0.000367717974834
-0.00197694652282
-0.00163301212637
-0.00297190207556
0.00181245889787
-0.000187909017814
-0.002175386458
-0.00173089430696
-0.00369919208967
0.00118416095402
-0.000783843147241
-6.52653770124e-05
-0.00215082162297
-0.00129900209422
0.000787448392059
0.0018037282408
-0.00044179402253
0.000781033108906
-0.00344816169219
-0.0033018048018
-0.000283398735433
-0.000209918809465
-0.00181964455776
-0.00129369104408
-0.00281651774597
0.00190633162016
-9.4288608281e-05
0.000241887033148
-0.00163874872247
-0.00111748744308
0.00131837496006
-0.000659055236736
-0.000118675833307
-0.00202874002003
-0.00108694323871
-0.00303748314825
0.00166614306344
-0.000238261767583
0.000981330233645
-0.00291309520897
-0.00311048086338
-9.18948573265e-05
-1.86266895255e-05
-0.00144612315173
-0.00110397505325
-0.00262813798282
-0.00250072686793
5.49279450037e-05
0.000367996019027
-0.0015134564437
-0.000949837155036
-0.0028160603449
0.00195707454035
3.63063325216e-05
0.000870207569424
-0.000927548245957
-0.000284571322634
0.0019022409158
-5.64206294291e-06
0.00121027319952
-0.00268922414945
-0.00288594695106
-0.00454875693626
0.000392599359036
-0.00122232563612
-0.000881316571339
-0.00240703823331
-0.00232744345303
0.000214507565264
0.000526843709745
-0.00135563322923
-0.000966364785452
-0.00279356696171
0.00214520048644
0.000222542205809
0.00105428860219
-0.00108646050507
-0.000116036562968
-0.00195859594677
0.00317700242589
0.000862774397325
-0.00107237877758
-0.00262853733557
-0.00250404201527
0.000649966738808
-0.000965754188752
-0.000626041690768
-0.00218283585122
-0.0021346962534
0.000406743218843
0.000718202174784
-0.00134550589573
-0.000777792528729
-0.00260893284557
-0.00193204493563
9.05759099942e-05
0.000919822622042
-0.000911642957441
-1.6557153747e-05
-0.00186044885507
0.00275347277873
0.000957977517998
-0.000745483909196
-0.002173506565
-0.00221386761024
0.000939827156494
0.00114578089212
-0.000340104111626
2.57570018147e-05
-0.00190948600563
-0.00385301000556
0.00075763990758
-0.00112333461769
-0.000559088877751
-0.00243418248397
-0.00209416463017
0.000338548606185
0.00116496027061
-0.000780390663112
0.000113112171776
-0.00224236439713
-0.0011349267498
0.00108208891096
-0.000595848716947
-0.00202395431089
-0.00189158690234
-0.00342049547521
0.00146614134281
-2.07421463601e-05
0.000283290370747
-0.00165213318588
-0.00165070619614
0.00101316261352
0.00145093547937
-0.000351153593739
-0.00257718761031
-0.00188990097066
-0.00363698460989
0.00133979313261
-0.00114010928514
-0.000248548317777
-0.00208478731846
-0.000979631342843
0.00123497002486
-0.000413197089465
-0.00184140342346
-0.00166443269299
-0.00306694184867
0.00181863085444
0.00033001336482
0.000572625919291
-0.00154062536667
-0.00136232319369
-0.00317647652003
0.00173622539703
-0.000464721716995
9.85169166406e-05
-0.00165468969511
-0.000851395895642
0.00101203403188
-0.000948275199574
-5.90079324431e-05
-0.00189775652039
-0.000795296613096
0.000726489457727
-0.000197796250509
-0.00161935369938
-0.00144968953604
-0.00275613028048
-0.00247949523125
0.000525354401707
0.000705516509266
-0.00122010879783
-0.00104263216113
-0.00285820155184
0.00168357783375
-0.000194153277644
0.000366937600011
-0.00138883564255
-0.00110606691922
0.00123617932891
0.0020103932248
0.000160144618336
0.000478903545381
-0.00124223146748
-0.000123393810295
-0.00094441592859
0.00154220859146
0.000109921204872
-3.64607921857e-05
-0.0013689007649
0.00105019649868
0.000840682070676
-0.000959020809819
0.00152751943927
9.51698216666e-05
-5.12514995224e-05
-0.00138370733151
0.00104047880774
0.0008309454775
-0.00097280744444
0.00151365323426
0.000223743729777
-6.5213595496e-05
-0.00139768440226
0.00103159425352
0.000822043638612
-0.000985775524002
0.00150061029024
0.000210645500669
-7.8346759746e-05
-0.00141083165575
-0.00173022600576
0.000813976761008
-0.000997924758226
0.00148839090254
0.000198374306612
-9.06506907809e-05
-0.00142314878954
-0.00173744368843
0.000806745032328
-0.00100925487504
0.00147699534797
0.000186930427947
-0.000102125106013
-0.00143593005849
-0.00174382767476
0.000800348620836
-0.0010197656206
0.00146642388478
-0.00280856448087
-0.00011276974179
-0.00144658612136
-0.00174937781675
0.000794787675395
-0.00102945675934
0.00145667675265
-0.0028183529629
-0.000122584353427
-0.00145641127105
-0.00175409398571
0.000790062325455
-0.00103832807396
0.00144775417266
-0.00282731340135
-0.000131568715232
-0.00146540528113
-0.00175797607226
0.000643323630573
-0.0010463793655
0.00143965634724
-0.0028354455912
-0.000139722620535
-0.00147356794427
-0.00176102398634
0.000640269782249
-0.00105361045332
0.00157804789878
-0.00284274934631
-0.000147045881707
0.00263938375656
-0.00176323765725
0.000638051801144
-0.00106002117514
0.00157160011519
-0.00284922449947
-0.000153538330188
0.00263288433287
-0.00176461703363
0.000636669738918
-0.00106561138706
0.00156597758147
-0.00285487090238
-0.000159199816502
0.00262721676341
-0.00176516208347
0.000636123627765
-0.00107038096357
0.00156118042534
-0.00285968842571
-0.000164030210272
0.00262238117898
-0.00176487279413
0.000636413480404
-0.00107432979754
0.00155720875577
-0.0028636769591
-0.000168029400243
0.00261837769119
-0.00176374917232
0.000637539290086
-0.00107745780031
0.001554062663
-0.00286683641114
-0.000171197294285
0.00261520639248
-0.00176179124411
0.000639501030584
-0.00107976490159
0.00155174221852
-0.00286916670944
-0.000173533819414
0.00261286735606
-0.00190214612861
0.000642298656206
-0.00108125104956
0.00155024747506
-0.00287066780058
-0.000175038921789
0.00261136063595
-0.00189851974324
0.000645932101795
-0.00108191621083
0.00154957846659
-0.00287133965016
-0.000175712566729
-0.000291932342433
-0.00189405924579
0.000650401282736
-0.000940801904815
0.00154973520833
-0.00287118224277
-0.000175554738709
-0.00029177434477
-0.00188876473972
0.00065570609497
-0.000939825066297
0.0015507176967
-0.00287019558204
-0.000174565441367
-0.000290783984081
-0.00188632964405
0.000661846415001
-0.00114242519317
-0.00189149173097
-0.00234179122932
0.00165278969516
0.00105645754804
-0.00194711416557
-0.00243294781587
-0.0011496194184
-0.0018988976524
-0.00234941199089
0.00164033572865
0.00104362435997
-0.00196032885787
-0.00244279071535
-0.00115589730836
-0.0019053603011
-0.00235606214456
0.00162888002002
0.00103181972965
-0.00197248451895
-0.00245154265172
-0.00116125868722
-0.00191087948526
-0.00236174148135
0.0016184229505
-0.00104252740126
-0.00198358069345
-0.00245920327737
-0.00116570340479
-0.00191545504104
-0.00236644982276
0.00160896486827
-0.00152447939197
-0.00199361696545
-0.00246577228789
-0.00146351530029
-0.00191908683258
-0.00237018702074
0.00160050608835
-0.00153319599115
-0.00200259295857
-0.00247124942217
-0.00146612634736
-0.00192177475203
-0.00237295295779
0.00159304689262
-0.00154088258142
-0.00201050833604
-0.00247563446245
-0.00146782043657
-0.00192351871956
-0.0023747475469
0.00158658752973
-0.00154753889069
-0.00201736280079
-0.00247892723431
-0.00146859752042
-0.00192431868335
-0.00237557073163
0.00158112821506
-0.00155316468328
-0.00202315609544
-0.0024811276068
-0.00146845757715
-0.00192417461966
-0.0023754224861
0.00110446343965
-0.00155775975994
-0.00202788800242
-0.00248223549236
-0.00146740061067
-0.00192308653275
0.00209474727953
0.00110100473435
-0.00156132395788
-0.00203155834396
-0.00248225084692
-0.00146542665061
-0.00192105445494
0.00209683834106
0.00109854652352
-0.00156385715081
-0.00203416698216
-0.00248117366988
-0.00146253575229
-0.00191807844661
0.0020999007272
-0.00106917766391
-0.00156535924897
-0.00203571381898
-0.00247900400407
-0.00145872799675
-0.00191415859613
0.00210393434166
-0.00106963467308
-0.00156583019911
-0.00203619879628
-0.00311789957896
-0.00145400349067
-0.00190929501992
0.0016502133295
-0.00106909104185
-0.00156526998454
-0.00203562189584
-0.00311730605601
-0.00144836236642
-0.00190348786236
0.00165618898957
-0.00106754678836
-0.00156367862512
-0.00203398313934
0.0014556119309
-0.00144180478202
-0.00189673729584
0.00166313540595
-0.00106500196414
-0.00156105617725
-0.00203128258838
0.00145839028788
-0.00143433092112
-0.00188904352069
0.00167105236039
-0.00106145665413
-0.00155740273386
-0.00202752034442
0.00146226091783
-0.00142594099294
-0.00188040676516
0.00167993960419
-0.0010569109766
-0.0015527184244
-0.00265038747504
0.00146722366681
-0.00141663523231
-0.00231117056851
0.00168979685829
-0.00105136508322
-0.00154700341481
-0.00264450230905
0.00147327833751
-0.00140641389957
-0.00230064864848
0.00170062381329
-0.00104481915894
-0.00154025790751
-0.00263755599368
0.00148042468924
-0.00166193827644
0.001836469579
-0.00324214211923
-0.00250354224005
-0.00224031497134
0.0010160894167
-0.00197194637418
-0.00170774523301
0.00178588143209
-0.003293976157
-0.00255656243976
0.000695949530859
0.000977570500663
-0.00201146594431
-0.0017525283473
0.00173633812807
-0.00334474113372
-0.00260849062405
0.000659616423943
0.000940222911998
-0.0020497847704
0.00115406473762
0.00168784152364
-0.00339443505469
-0.00265932466091
0.00062442543543
0.000904048388189
-0.0020869009774
0.00111133408331
0.00164039344053
-0.00344305596254
-0.00270906245783
0.000590378118912
0.000869048615429
-0.0021228127454
0.00106963197948
0.0015939956652
-0.00349060193749
-0.00275770196227
0.000557475980176
0.000835225228229
-0.00438793622474
0.00102895992786
0.00154864994847
-0.00353707109782
0.000116702390713
0.00052572047687
0.000802579809044
-0.00442143387768
0.000989319395922
-0.0012008695784
-0.00358246160015
7.02654669528e-05
0.000495113018195
0.00077111388791
-0.00445372196692
0.000949663629139
-0.00427254635869
-0.00362677163984
2.49327494814e-05
0.000465654964588
0.000740828942091
-0.0044847988973
0.000908565648517
-0.00431472575555
-0.00366999945131
-1.92938730064e-05
0.000437347627431
0.000711726395737
-0.00451466313084
0.000868500237544
-0.00435584645298
-0.0037121433084
-6.48641454356e-05
0.000410192268758
0.000683807619554
-0.00166573877309
0.000829468848033
-0.00439590688292
-0.00375320152471
-0.000127074561154
0.000384190100979
0.000657073930486
-0.00169317322958
0.000791472896946
-0.00443490551476
-0.000923516144406
-0.000188199404401
0.000359342286612
-0.00267253116317
-0.00171939072208
0.000754513766143
-0.00447284085563
-0.00096239818053
-0.000248236164279
0.00031192411886
-0.00269689094376
-0.00174438994496
0.000718592802138
-0.00450971145069
-0.00100018975837
-0.000307182367047
0.000251492060624
-0.00507262660762
-0.00176816965153
0.000683711315856
-0.00454551588336
-0.00103688935373
-0.000365035576596
0.000192178312907
-0.0022682254585
-0.00179072865433
-0.00215448045683
-0.00458025277566
-0.00107249548371
-0.000421793394927
0.00013398545484
-0.00228901586036
-0.00181206582544
-0.00218727919841
-0.00179644089482
-0.00110700670707
-0.000477453462625
7.69160245285e-05
-0.00230861441882
-0.00183218009676
-0.00221903474534
-0.00182903872784
-0.00114042162444
-0.000532013459322
2.09725185285e-05
-0.00232702020119
-0.00185107046024
-0.00224974593132
-0.00186056512037
-0.00117273887862
-0.00058547110416
-3.38426086752e-05
-0.00234423233066
-0.00186873596817
-0.00527066979351
-0.00189101885116
-0.00120395715489
-0.000637824156242
0.0027864814347
-0.00236024998651
-0.00188517573343
-3.28421216424e-05
-0.00212400328853
-0.000852195827383
-0.00328507445962
0.000208303540926
-0.00192318662753
-0.000872160634147
-0.00239881461039
-0.00217566431754
-0.000876273531194
-0.00330913185703
0.000184320633656
-0.00194704235747
-0.000895838998127
-0.0024496356627
-0.00222636001323
-0.000899367335608
-0.00333220617474
0.000161317798977
-0.00196992314966
-0.000918549587258
-0.00249948750402
-0.00227608875186
-0.000935530724216
-0.00335429666442
0.000139295778306
-0.00199182827438
-0.000940291687916
-0.00254836852638
-0.00232484893714
-0.000984060113672
-0.00337540260894
0.000118255282151
-0.00201275703233
-0.00096106461625
-0.00259627714969
-0.00237263900044
-0.00103162373292
-0.0033955233225
9.81969899906e-05
-0.00203270875478
-0.000980867718294
-0.00264321182194
-0.00241945740106
-0.00107822006269
-0.00341465815067
7.91215501705e-05
-0.00205168280363
-0.000999700370064
8.81204423372e-05
-0.00246530262645
-0.00112384761151
-0.0034328064706
-0.00255701224103
-0.00206967857152
-0.00101756197766
4.31382145576e-05
0.000267118269358
-0.00116850491592
-0.00344996769105
-0.00257412015619
-0.00208669548197
-0.00103445197734
-8.65577208811e-07
0.000223223818229
0.00160390168216
-0.00346614125248
-0.0025902434618
-0.00210273298942
-0.00105036983566
-4.38894957708e-05
0.000180306908651
0.00156118914358
-0.000690677205684
-0.00260538163506
-0.00211779057934
-0.00106531504949
-8.59321332177e-05
0.000138368938201
0.00151945106923
-0.000704873897879
0.000186993355338
-0.00213186776833
-0.00107928714615
-0.000126992111144
9.74112751515e-05
0.00147868880817
-0.000718081443727
0.00017382688873
0.000661563435939
-0.00109228568344
-0.000167068080867
5.74352582552e-05
0.00143890368034
-0.000730299411458
0.000161646932962
0.000649448374255
0.00172265516424
-0.000206158723646
1.84421965292e-05
0.00140009697629
-0.000741527401429
0.000150453883963
0.000638314976348
-0.00139858590357
-0.000244262750892
-1.95666309527e-05
0.00136226995707
-0.000751765046191
0.000140248105768
0.000628163600467
-0.00140866141565
-0.000281378904375
-0.0024781003811
0.00132542385395
-0.000761012010543
-0.00309088610436
0.000618994573414
-0.00141776190594
-0.000317505956428
-0.00251413702367
0.00128955986826
-0.000769267991594
-0.00309911637671
0.000610808190494
-0.00142588708569
-0.000352642710145
-0.00254918577647
-0.00211641145699
-0.000776532718807
-0.00310635847809
0.000603604715461
-0.00143303669704
-0.000386787999576
-0.0025832454822
-0.00215030772452
-0.000782805954048
-0.00311261217257
0.000597384380481
-0.00143921051298
-0.00389205932837
-0.00261631501449
-0.00218321845218
-0.000788087491618
-0.00311787725638
0.00059214738609
-0.00144440833743
