0.00325246843269
0.00156870721396
0.00472415777132
0.00292467453254
0.00186729217499
0.00491742189042
0.00315250213794
0.00329585173692
0.00159142333195
0.00474712421347
0.00295036894004
0.00189324063279
0.00495343627344
0.00318882261518
0.00332627780417
0.00161494993122
0.00477090995775
0.0029768903687
0.0019200241602
0.00499028772286
0.00322598705512
0.0033503187732
0.00163928649377
0.00479551446894
0.00300423820956
0.00194764213011
0.00502797536572
0.0032639945626
0.00337515947313
0.00166443248423
0.00482093719386
0.00303241183529
0.00197609389653
0.00506649831049
0.00330284422344
0.00340079937108
0.00169038734995
0.0048471775615
0.00306141060032
0.00200537879468
0.0051058556472
0.00334253510458
0.00342723791752
0.00171715052099
0.00487423498301
0.00309123384082
0.00203549614104
0.00514604644751
0.00338306625419
0.00345447454634
0.00174472141025
0.0049021088518
0.00312188087488
0.00206644523343
0.00518706976487
0.00342443670174
0.00348250867489
0.00177309941348
0.00493079854363
0.0031533510025
0.00209822535113
0.00522892463458
0.00346664545818
0.00351133970407
0.0018022839094
0.00496030341663
0.00318564350572
0.00213083575491
0.00527161007394
0.00350969151599
0.00354096701835
0.00183227425971
0.0049906228114
0.00321875764869
0.00216427568715
0.00531512508233
0.00355357384934
0.00357138998588
0.00186306980921
0.00502175605107
0.00325269267775
0.00219854437189
0.00535946864134
0.00236032529395
0.00360260795853
0.00189466988583
0.00505370244139
0.0020816588962
0.00102785208969
0.00415804302834
0.00240587702819
0.00363462027196
0.000747841538656
0.00387777872628
0.00211723336561
0.00106377587883
0.00420404056277
0.00245226185172
0.00248612737884
0.00078104858629
0.00391134926599
0.00215362635408
0.00110052598366
0.0042432537123
0.00249947866663
0.00251972631636
0.000815058044476
0.00394573077003
0.00280217952729
0.00113810155589
0.00428114222511
0.00254752635728
0.00255411750514
0.000849869174479
0.0039809224754
0.00284020706438
0.00117650172937
0.0043198619777
0.00259640379045
0.00258930021673
0.000885481221094
0.00401692360206
0.00287905059636
0.00121572562018
0.00435941206414
0.00264610981545
0.00262527370684
0.000921893412716
0.00405373335311
0.00291870924736
0.00125577232677
0.00439979156048
0.0026966432643
0.00266203721543
0.000959104961432
0.0040913509148
0.0029591821244
0.00129664093002
0.00444099952476
0.0027480029518
0.00269958996675
0.0009971150631
0.00412977545667
0.00300046831752
0.00133833049334
0.0044830349972
0.00280018767568
0.0022196721718
0.00357873192893
0.000207737468041
7.04140165892e-05
0.00263180885034
0.00401971448796
0.0038695774441
0.00225144068852
0.00361168486183
0.000238182761433
0.000102122913466
0.00266485232081
0.00405416249502
0.00390549639569
0.00228417507815
0.00364563877525
0.000269670442434
0.000134916454358
0.00142103708643
0.00408978631736
0.00394263986763
0.00231787431157
0.00368059252176
0.000302199359166
0.000168793339278
0.00145633736822
0.00281666977772
0.00398100597745
0.00235253733087
0.003716544922
0.00498544004937
0.000203752227477
0.00149276380569
0.00285464019061
0.00268926250772
0.0023881630495
0.00375349476484
0.00502004783692
0.000239791737701
0.00153031483806
0.00289378127614
0.00273006801465
0.00242475035243
0.00379144080761
0.00505569318757
0.000276910448458
0.0015689888594
0.00293409121812
0.00277209016646
0.00246229809633
0.00383038177624
0.00509237480553
0.000315106898297
0.00160878421895
0.00297556815003
0.00281532685191
0.00250080510973
0.00387031636556
0.00513009135956
0.000354379586087
0.00164969922145
0.00301821015551
0.00285977590388
0.00254027019322
0.00391124323943
0.00516884148326
0.000394726971303
0.00169173212752
0.00306201526868
0.00290543509982
0.00258069211962
0.00395316103102
0.00520862377528
0.000436147474329
0.00173488115399
0.00310698147469
0.00295230216236
0.00262206963416
0.003996068343
0.00524943679957
0.00047863947675
0.00177914447431
0.0031531067101
0.00300037475977
0.0026644014547
0.00403996374776
0.00529127908566
0.000522201321666
0.00182452021885
0.00320038886335
0.00304965050663
0.00270768627186
0.00408484578767
0.00533414912888
0.000566831314006
0.00187100647539
0.00324882577527
0.00310012696431
0.00143151409212
0.0041307129753
0.00537804539064
0.000612527720845
0.00191860128941
0.00329841523949
0.0031518016416
0.00147670086669
0.00282968298315
0.00542296629872
0.000659288771733
0.00196730266456
0.00334915500299
0.00320467199529
0.00152283654864
0.00287751588591
0.00409431538028
0.000707112659028
0.002017108563
0.00340104276653
0.00325873543074
0.00156991972182
0.00292632929769
0.00414128073106
-0.000610837549308
0.00206801690588
0.00345407618521
0.00331014971033
0.0016179489439
0.00297612161429
0.00418926581233
-0.000560893559212
0.0021200255737
0.00350825286894
0.00334466274282
0.00166692274661
0.00302689120293
0.00423826892001
-0.000509892375395
0.000776190454351
0.00356357038296
0.00338038878498
0.00171683963589
0.00307863640252
0.00428828831784
-0.000457835950845
0.000830393253186
0.00218440833208
0.00341732606199
-0.00277959715198
0.000623548846818
0.000253960252322
-0.000291967463505
-0.000509860101531
0.00238342819224
0.00196954184915
0.00162961923471
0.00177693895306
0.00116404518399
0.000230129307862
0.000170547082381
-0.000362694587462
-8.29016456853e-05
-0.00103039658
-0.00187590941871
-0.00138947865445
-0.00210697453314
-0.00157596718849
0.00046052191421
-0.000878665525122
0.00149221835463
0.00104181779271
0.00065962501046
0.000120623117632
-1.6199935745e-05
-0.000356229656555
-0.000790596163949
-0.00112431682509
-0.000978515317856
0.00163991753898
0.000711590510872
0.000652952033979
0.000115927178846
0.000371310370448
-0.00057638726227
-0.00144983155357
-0.000966699741191
-0.00182998116464
-0.00130348186649
0.00173655455503
0.000537626472776
0.00192011841692
0.00147543589235
0.00112856864266
0.000784761419784
0.000525457645955
2.40435219637e-05
-0.000405039702528
-0.00073694751742
-0.000592952340095
-0.000883813315595
-0.00179727636181
-0.00185487898468
-0.00238026944942
0.00088535652403
-6.25346642466e-05
-0.000958911492704
0.00333905542536
0.00230082152221
0.00282182605328
0.00206719980096
0.00107809697087
-0.000777873008443
-0.00121621505393
-0.00152709249917
0.00132285510138
0.00106781338768
0.000469886773002
4.6835371569e-05
-0.000283004254371
-0.000513580001002
-0.000490708230406
-0.00118886143836
-0.00124535336596
-0.00177827835426
-0.00186682110275
0.00116337184579
0.00033658338408
0.000734588472679
0.00270982320411
0.00322444190028
0.0024606097529
0.00167447951949
-0.000233017226879
-0.000664486395854
-0.000939726794423
-0.0012645392871
-0.0015230491626
-0.00220528671475
-0.00262166072893
0.000234688188475
1.83296923427e-06
-0.000241074621288
-0.000815432887214
0.0032088251555
0.00237743055436
0.00132387162331
0.00151646001081
0.00083445167708
0.00120965068938
0.000140541912965
0.00064798816429
-8.47826140894e-05
0.00204234951741
0.000366460652411
-5.76928911978e-05
-0.000297492978713
-0.00061267252362
-0.000965773600529
-0.00163656419024
-0.00204572008657
-0.002460409017
-0.00282764595858
0.000631012010249
0.00331874417744
0.00347637768451
0.00279701476536
0.00174458750529
0.00193469484463
0.00124677950448
0.00174498501477
0.0006720480839
0.00117164436961
0.000427521751723
-0.000612225904
-0.00248512125285
0.00034651398004
0.000396626260719
9.14568021222e-05
-0.000352242277153
-0.00108477569055
-0.00161683327652
0.00168350686405
0.00129500581402
0.00101423937311
0.000434171787843
0.000542547782729
-1.10428248039e-07
-0.000979155148094
0.00241560973334
0.00172108263628
0.00233776199932
0.00126072448368
0.000258022409936
0.000995586728024
-0.000237454447167
-0.00212257034035
-0.00257889390762
-0.00242382751735
-0.00245494269258
0.00378103597297
0.00312007639921
0.00259498594851
0.00213512445831
0.00173800618482
0.00146099332153
0.000881015691522
0.000941085599065
0.000395958511115
-0.000435219790689
-0.000250912717765
-0.000921704849866
-0.000403364555544
-0.00125079511124
0.000892113703405
0.00147715027531
0.000195102098723
-0.00170272899111
-0.00215381147547
0.00167231172985
0.00166095380239
0.000785429491946
0.000148537451177
-0.000283231219813
-0.000740666213499
0.00224160976238
0.00196874341307
0.00138886511885
0.00140182113177
0.000837292665722
5.82930213262e-05
0.000347151959696
-0.000376376577992
-3.93434425931e-05
-0.000805350690515
-0.00162813596137
-0.00114849169862
-0.00240182040543
0.00242696517583
0.00236157298625
0.00215602631627
0.00209964290945
0.00123487486409
0.000606143034804
0.000226210201348
-0.000171044767504
-0.000577402585608
-0.00084578984095
-0.00140648063565
-0.00143924484237
0.00132884255557
0.000547705167511
0.000879344033891
5.15263610709e-05
0.000384489515926
-0.00040695672964
-0.00123666827953
-0.000601098535754
0.00159480383087
-0.000519214701897
-0.000589307781894
0.00262058381922
0.00259387480703
0.0017409089273
0.00112111591221
0.000746737948177
0.000427334276147
3.93153767631e-05
-0.000224319817388
-0.000798747445649
-0.000861826465964
-0.00146071439076
-0.00221743502649
-0.00196376028494
-0.00274772377802
0.000866016800323
0.00358193523907
0.00270312619544
0.00348956080097
0.00218800816914
6.03807043566e-05
-2.72046296623e-05
-0.000447486117594
-0.000432592222016
-0.00118299512382
-0.00179318579832
0.00112425963636
0.00100513816232
0.00070834623111
0.000449678799667
-0.000168242957416
-0.000230197892058
-0.000856579648491
-0.00166376088569
-0.00143811378052
0.00126958481403
0.00159316020258
0.000738006850632
-0.000107925935267
0.00404405756631
0.00283016215966
0.00068881039024
0.000439621836877
2.44786183376e-05
4.16630788257e-05
-0.000570893758288
-0.00117093073892
-0.0017277211878
-0.00184478067225
-0.00208359865333
0.00117327459055
0.000513576364437
-0.000274010010371
0.00332786992885
0.00242221112014
0.0026442391966
0.00186471696955
0.00218309385764
0.00130242937564
0.000447415369482
0.00127354268365
0.000253887298758
0.00122187296361
0.000958427054494
0.000548848030687
0.000568511423808
9.05215945079e-05
-0.00049891971775
-0.00104915166037
-0.00116406384439
-0.0014052723876
-0.00152505569709
0.00125485046361
0.00046696172131
0.000492681516277
0.00305769450333
0.00327591089337
0.00248734456546
0.00144186712289
0.0019176099828
0.00105299758359
0.00186645637401
0.000986773164278
-0.00177987681686
-0.00205005545421
-0.00245370443938
0.00114582734883
0.000798726561016
0.000220220259773
-0.000323252547434
0.00304686598138
0.00251531617058
0.00238483532546
0.00194407608741
0.00124412390432
0.00109335568845
0.000226939734671
0.000446847122573
-0.000402116005938
-0.0014030464416
0.00253011956683
0.00170649969398
0.00250671199919
0.00176146038975
-0.00117269792635
-0.00143348339751
-0.00183089561566
-0.00181212351805
-0.00208241866269
0.000789844516902
0.000253724907331
0.00372854165252
0.00298863236192
0.00285978061569
0.00241765292947
0.00181641253414
0.00163179125788
0.000764628484981
0.00105224362943
0.000255132887696
-0.000750061725668
-0.000274294631745
-0.00099552011986
-0.000209013165622
-0.000816725042971
-0.000520239697036
-0.000771244270914
0.00222814175841
0.0020993867425
0.00175134581374
0.00132955318323
0.000897336414981
0.000573115773737
-0.000144918528359
-0.00027200737087
-0.000690491115254
0.00240291744239
0.00222110508634
0.00135314878881
0.00163641114469
0.000958652271782
-5.09502152914e-05
0.000416507633542
-0.000309925748572
0.000519237004773
-0.00010989705202
-0.000226742210312
0.00332479661129
0.00290549626881
0.00259391239858
0.00224116189624
0.00182592298744
0.00139667854061
0.00114421960805
0.000431417633545
0.000306206146418
-0.000113854512819
-0.000577768495826
-0.000756634920927
-0.00161244952633
0.00226890964533
0.00166399726651
0.000691887620762
0.00115082700438
0.000412276804153
0.00128646703113
0.000563022809283
0.00038394600372
0.000280737682389
-0.000302813702915
-0.000614060209157
0.00278011225682
0.00237176046762
0.00194569977165
0.0017633114019
0.00105601087138
0.0009327721979
0.000511054481278
2.40741362359e-05
-7.2486759293e-05
-0.000929164259544
-0.000655205376534
-0.00134426406767
-0.00226901671697
-0.00176090252871
0.00430564814785
0.00521971386906
0.00446763044821
0.00103112830048
0.000860617451852
0.000285050753479
-2.42318264745e-05
-0.000389185266991
-0.000788230558576
-0.00120777694992
-0.00132197056433
0.00172662508891
0.00160543643169
0.00113760785969
0.000596096310917
0.000655574693411
-0.000237179463584
-2.73165203691e-05
-0.000739495478737
0.00151520970673
0.00201605502051
0.00129729145469
0.00219912531266
0.00167666511768
0.00171978759175
0.0014844293925
0.000917210295139
0.000610358792386
0.000242237141492
-0.000149421866094
-0.000565454074154
-0.000663777650301
-0.00129440707349
-0.00192553713092
-0.00196338055359
-0.00249973618876
0.00134288691865
0.00365883924759
0.00386534880733
0.00312378675758
0.00216060194265
0.00265386212807
0.00192469729443
0.00281373068951
0.00229982942424
0.00360408488508
0.00178547300969
0.000530248328268
0.00372346137791
0.00182501091076
-2.03355375933e-05
0.00307377682285
0.00358113019894
0.0017382336843
0.000482466334877
0.00368887653539
0.00179005073448
-5.56243933583e-05
0.00303821039425
0.0035589753346
0.00169178881505
0.00043548746377
0.00365511329595
0.00175592084227
-9.00753693706e-05
0.00300348825543
0.00353389394572
0.00164613940433
0.000389312751724
0.00362217242975
0.00172262202945
-0.000123687647861
0.00296961124344
0.00348960695527
0.00160128643902
0.000343943219513
0.00359005468915
0.00169015507294
-0.000156460429942
0.00293658017603
0.0034461077588
0.00155723089035
0.000299379871789
0.003554214642
0.0016585207312
-0.000188392935701
0.00290439585154
0.00340339727656
0.00151397371385
0.000255623696985
0.00351001317211
0.00162771974411
-0.000219484404296
0.00287305904882
0.00336147641355
0.00147151584918
0.0002126756672
0.00346662771851
0.00159775283292
-0.000249734094037
0.00284257052713
0.00332034605938
0.00142985822012
0.000170536738098
0.00342405926594
0.00156862070012
-0.000279141282479
0.00280870375285
0.00328000708815
0.00138900173437
0.000129207848806
0.00338230878214
0.00153980248878
-0.000308226807149
0.00277991399214
0.00324046035845
0.00134894728356
8.57562556987e-05
0.00333767055389
0.00151234194498
-0.000335946903057
0.00275197467177
0.00320167597952
0.00130676207695
4.60501967405e-05
0.0032975588423
0.00148571817391
-0.000362822446634
0.00272488647173
0.00316371624582
0.00126831430585
7.15689472602e-06
0.00325826789961
0.00145993180236
-0.000388852793237
0.00269865005202
0.00312655123502
0.00123067114681
-3.09227783767e-05
0.0032197986245
0.00143498343799
-0.000414037317872
0.00267326605251
0.00309018174256
0.00119383342601
0.00490007989785
0.0031821518981
0.00141087366929
-0.000438375415268
0.0026487350929
0.00305460854783
0.00115780195305
0.00486363003025
0.00314532858396
0.0013876030655
-0.000461866499946
0.00262505777263
0.00301983241419
0.00160252995307
0.0048279963049
0.00310932952789
0.00136517217649
-0.00048451000629
0.00260223467082
0.00298585408881
0.00156811333782
0.00479317952508
0.00307415555787
0.0013435815328
-0.000506305388616
0.00257127312651
0.00295267430263
0.00153450529884
0.00475918047667
0.003039807484
0.00132283164548
-0.000527252121239
0.00253963911939
0.00292029377027
0.00150170657855
0.00472599992808
0.00300628609839
0.00130292300609
0.0043616981584
0.00250885588621
0.00288871318996
0.00146971790236
0.00469363863013
0.00297359217503
0.00128385608661
0.00434245022195
0.00247892417824
0.00491283935683
0.00032171058169
0.0016157127999
0.00132138559278
0.00271287679713
-0.000527195624816
-0.00067209379458
0.004855862636
0.000268429415741
0.00156828644867
0.00141066659269
0.00266143812832
-0.000580806066464
-0.00072798202248
0.00479981414638
0.000210352035379
0.00152187214099
0.00136234096922
0.00275268594565
-0.000633280389254
-0.000782689144199
0.00474469555892
0.000153235713302
0.00147647150295
0.00283846372179
0.00270343506014
0.00402482868066
-0.000836212522476
0.00469050852076
9.7082277592e-05
0.00143208612849
0.00279224650826
0.00265528112586
0.00411930799513
-0.000888549569508
0.00463725465501
4.18935300375e-05
0.00138871757917
0.00274708615724
0.0026082261289
0.0040702558532
-0.000796446365739
0.00458493556048
-1.23287541459e-05
0.00134636738384
0.0027029843919
0.00256227201468
0.00402234889656
-0.000846403187703
0.00453355281148
-6.55828265853e-05
0.00130503703842
0.00265994289867
0.00251742068756
0.00397558927828
-0.00089516621772
0.00448310795761
-0.00011786696602
0.00126472800564
0.00261796332686
0.0024736740104
0.00392997910509
-0.000942733071726
0.0044336025235
-0.000169179478567
0.00122544171478
0.0025770472884
0.00243103380425
0.00388552043688
-0.000989101418016
0.00438503800858
-0.000219518697986
0.0011871795614
0.00253719635752
0.00238950184795
0.00384221528631
-0.0010342689778
0.00433741588691
-0.000268882985938
0.00114994290715
0.00249841207047
0.00234907987777
0.0038000656183
-0.00107823352574
0.00429073760694
-0.000317270732238
0.00111373307949
0.0024606959252
0.00230976958706
0.00375907334964
0.000607181386149
0.00424500459127
-0.000364680355115
0.00107855137147
0.00242404938111
0.00227157262591
0.00371924034857
0.000565629321422
0.00420021823649
-0.000411110301455
0.00104439904152
0.00238847385876
0.0022344906008
0.00368056843433
0.000525286618549
0.00415582484468
-0.000459444561107
0.00101127731319
0.00235397073958
0.00219852507428
0.00364305937678
0.000486155283841
0.00411293589624
-0.000508386219257
0.000979187374999
0.00232054136567
0.00216367756465
0.003606714896
0.000448237267606
0.00407099764017
-0.000555792600252
0.000948129448823
0.00228818703945
0.00212994954563
0.0035715366619
0.000411534463679
0.00403001136688
-0.000602217212709
0.000918106515045
0.00225690809219
0.00209734244606
0.00353752629385
0.000376048708952
0.00398997833974
-0.000647658526086
0.000889118724391
0.00222670760896
0.00206741854626
0.00350468536032
0.000341781782932
0.00395072067085
-0.000692115039171
0.000861167123038
0.00219758584054
0.00203705739116
0.00347385170617
0.000308735407297
-0.00171236479625
-0.00322457355391
0.000598693604595
-0.00104974297412
-0.00186705288763
0.00203068796064
-0.000778541875842
-0.0017361987115
-0.00322068038352
0.000602775373352
-0.00111652935197
-0.00195987280382
0.0019373765947
-0.000796751612734
-0.00175667664941
-0.00321318498955
0.000610633691864
-0.00117947147384
-0.00204888648389
0.0018456026683
-0.000810170084003
-0.00177379086885
-0.00320209061287
0.000561782612756
-0.00123853663299
-0.00213404620537
0.00175777959013
-0.000818786980333
-0.00178753488197
-0.00318740204339
0.000510311893796
-0.00129369379904
-0.00221530556253
0.00167395797358
-0.000822595665828
-0.00179790346646
-0.00319399715039
0.000462530160243
-0.00134491369505
-0.00229261957797
0.00159418693532
-0.000821593203513
-0.00180489267544
-0.00321413815031
0.000418459784144
-0.00139216887153
-0.00278830635358
0.00151851396769
-0.000815780366645
-0.00141055222806
-0.00323069004492
0.000378121560461
-0.00143543377705
-0.00285760102224
0.00144698481174
-0.000805161635731
-0.00141077598207
-0.00285338381431
0.000341534659485
-0.00147468482491
-0.0029228250948
0.00137964333158
-0.000789745181288
-0.00141408232373
-0.00286273760922
-0.00427804896021
-0.00150990045556
-0.00298394040827
0.00131653139076
-0.00076954283249
-0.00141434375194
-0.0028684854991
-0.00430708242223
-0.0011293211559
-0.00304091076966
0.00125768873145
-0.000744570031986
-0.00141122122133
-0.00287062499027
-0.00433231722553
-0.00115640966623
-0.00309370205693
0.00120315285705
-0.000714845777293
-0.00140471592343
-0.00286915515392
-0.00435374110735
-0.0011794107965
-0.00272074336697
0.00115295891919
-0.000680392549271
-0.00139664287761
-0.00286407662818
-0.00437134361541
-0.00119831162235
-0.00276508290424
0.00153639689447
-0.00064123622831
-0.00138850313106
-0.00285539161671
-0.00438511613316
-0.00121310148258
-0.00280515437407
0.00149498234283
-0.000178599783191
-0.00137698626183
-0.0028431038839
-0.0043950519008
-0.00122377200905
-0.00284093286047
0.00145800002073
-0.000130128027924
-0.00136209664874
-0.00282721874678
-0.00440114603181
-0.00123031715022
-0.00287239595271
0.00142547465312
-7.70502112093e-05
-0.00134383994174
-0.00280774306351
-0.0044033955249
-0.00123273318833
-0.00289952381401
-0.00357301064101
-1.94047544272e-05
-0.00132243328759
-0.00278468521864
-0.00440179927143
-0.00123101874987
-0.00292229924321
-0.00359655930752
4.27670970748e-05
-0.00130546651136
-0.0027580551052
-0.00439635805815
-0.00122517480955
-0.00294070772856
-0.00361559409107
0.000109421413892
-0.00128514251421
-0.00272786410362
-0.00438707456523
-0.0012152046875
-0.00295473749364
-0.00363010197557
0.000180347232233
-0.00335246866499
-0.00148490540991
-0.0039377510705
-0.00251616815342
-0.000853799780848
-0.00493069747737
-0.00294262373907
-0.00334505805171
-0.00146301801244
-0.00391644600141
-0.00252439338728
-0.000861881018517
-0.00493114773841
-0.00296929889078
-0.00333445154853
-0.00122760433411
-0.00389208473763
-0.00252955606279
-0.000866953272803
-0.00492866601692
-0.00299315773772
-0.00332065276675
-0.00119944789261
-0.00386467489483
-0.00253165456462
-0.000869015011764
-0.00492325302389
-0.00301419391774
-0.00330366639641
-0.0011681703067
-0.003631316598
-0.00253068823587
-0.000868065612407
-0.00491491030926
-0.00303240180547
-0.00328349819838
-0.00113378181015
-0.00359783612223
-0.00252665737907
-0.000864105361632
-0.00490364025975
-0.00304777651979
-0.00326015499464
-0.00109629360305
-0.00356133539741
-0.00251956325568
-0.000857135455797
-0.00488944609542
-0.00306031393035
-0.00323364465679
-0.00105571783388
-0.00352182564639
-0.00227990947987
-0.000847157998913
-0.00487233186509
-0.00307001066307
-0.00320397609291
-0.00101206758024
-0.00352427445921
-0.00226669643224
-0.000834175999472
-0.00485230244057
-0.00307686410471
-0.00317115923274
-0.000965356828345
-0.00357288761057
-0.00225042962904
-0.000614172487618
-0.0048293635098
-0.00308087240633
-0.00313520501131
-0.000966662199208
-0.00361851693194
-0.00223111413302
-0.000595194022482
-0.00480352156877
-0.00308203448584
-0.00309612535103
-0.00101016505639
-0.00366114849703
-0.00220875594123
-0.000573225415197
-0.00458870100541
-0.0030803500294
-0.00305393314225
-0.00105059787703
-0.00370076921604
-0.0021833619758
-0.000548273233615
-0.00455837021481
-0.00307581949189
-0.00300864222258
-0.00108794766925
-0.00373736685525
-0.0021549400733
-0.000520344914269
-0.00455081782016
-0.00288782479316
-0.00296026735478
-0.0011222023666
-0.00377093005542
-0.00212349897278
-0.000489448751394
-0.00454035447331
-0.00287760652888
-0.00290882420345
-0.00115335084715
-0.00380144834907
-0.00208904830247
-0.000455593884758
-0.00452698313012
-0.00286454814908
-0.00285432931058
-0.00118138295119
-0.00382891217653
-0.00205159856529
-0.000418790286346
-0.00451070756217
-0.00284865316701
-0.00287240902922
-0.00120628949758
-0.00385331290066
-0.00201116112314
-0.000407788571213
-0.00449153235139
-0.00282992585123
-0.0028941365967
-0.0012280622986
-0.00387464282034
-0.00196774817999
-0.000431087377616
-0.00446946288368
-0.00280837121996
-0.00291272970848
-0.00124669417325
-0.00389289518244
-0.00192137276397
-0.000451414211549
-0.00444450534137
-0.00278399503437
-0.00292818224033
-0.00126217895904
-0.00390806419247
-0.00189998006517
-0.000468763048881
-0.00442959455744
-0.00275680379093
