0.00322197234072
-0.000946172287521
0.00169126051744
0.00169864880222
0.000306805509914
0.000228136462985
0.0023858620069
0.00327078721968
-0.000896349923813
0.00174468042661
0.00175168473221
0.00035906208404
0.000276422948699
0.00243935821506
0.00332060849903
-0.000845501589983
0.00179914205209
0.0018057821567
0.000412399487355
-0.000245676213776
0.00249396682836
0.00337143445201
-0.000793629119631
0.0018546433607
0.00186093897971
0.000466815579382
-0.00019518627282
0.00254968552198
0.00342326332109
-0.00074073437879
0.00191118228592
0.00191715306989
0.000522308182176
-0.00014359772567
0.00260651193052
0.00347609331829
-0.000686819265601
0.00196875672822
0.00197442226093
8.85071704285e-06
-9.09127068698e-05
0.00266444364847
0.00352992262548
-0.000631885709987
0.00202736455541
0.00203274435192
6.64896597486e-05
-3.71333906242e-05
0.0027234782307
0.00358474939465
-0.000575935673326
0.00208700360306
0.00209211710779
0.00012121263147
1.77380096251e-05
0.00278361319295
0.00364057174822
-0.000518971148116
0.00214767167486
0.001582513896
0.000176305016275
7.36992416371e-05
0.0028448460123
0.00369738777938
-0.000460994157636
0.00220936654297
0.00164398114172
0.000232469281362
0.000130748014812
0.0029071741277
0.00375519555233
-0.000402006755603
0.00170399814601
0.00170649214611
0.000289703202289
0.000188882000638
0.00297059494047
0.00381399310269
-0.000342011025834
0.00176209704523
0.00177004454148
0.000348004518577
0.000248098833141
0.00303510581479
0.00387377843772
-0.000281824051471
0.00182122420101
0.00183463592804
0.000407370934133
0.000308396109344
0.00310070407824
0.00393371771553
-0.000771916895585
0.00188137744983
0.0019002638743
0.000467800117678
0.000369771389725
0.00316738702229
0.00399329297978
-0.000711892971421
0.00194255459687
0.00196623795324
0.000529289703183
0.000432222198685
0.00323515190285
0.00349486476282
-0.000650864968604
0.00200475341636
0.00203228381389
0.000591837290303
0.000495746025016
0.00330399594078
0.00355640741071
-0.000588835022003
0.00206797165197
0.00209936145849
0.000655440444817
0.000560340322379
0.00337391632239
0.00361893066864
-0.000525805295337
0.00213220701719
0.00216746838754
0.000720096699079
0.000626002509779
0.00266219783735
0.00368243244602
-0.000461777980824
0.00219745719573
0.00223660207146
0.000785803552458
0.000692729972048
0.00272912934056
-0.000647412008139
-0.000396755298823
0.00226371984187
0.00230675995099
0.000852558471799
-3.53697988255e-06
0.00279209312491
-0.000584822883732
-0.00033073949747
0.00233099258093
0.0023737730444
0.000920358891872
6.53130523649e-05
0.002856139417
0.000274827218297
0.000465496324621
0.000497683189808
0.000504361061517
0.000480561870889
-0.00361588164912
0.000317297599753
0.000336748742584
0.000530793268675
0.000555173395969
0.00056530257947
-0.000442661449533
-0.00354565520045
0.000391990933476
0.000399995783262
0.000597480794707
0.000614151972507
0.00062781409081
-0.000375000723736
-0.00347368109487
0.000468528414219
0.000464564475224
0.000665554395483
0.00067461440307
-0.000262293505177
-0.00030569231212
0.000343460732554
0.000546900808089
0.000529461919976
0.000724225105292
-0.000187125461929
-0.000196658168368
-0.000234742813793
0.00041890679017
0.000627098723589
0.000589754223007
0.000784143517553
-0.000123709249443
-0.000129469214751
-0.000162158947668
0.000496076867146
0.000709112616691
0.000651369987646
-4.97140710517e-05
-5.88232934213e-05
-6.07323148017e-05
-8.79475495331e-05
0.000574962814966
0.000792932795936
0.000714305468684
1.2991979666e-05
7.52752109753e-06
9.54675887997e-06
-1.21155690975e-05
0.000655556356922
0.000878549427539
-9.0487713117e-05
7.70855570922e-05
7.53382211515e-05
8.1362133819e-05
6.01227426289e-05
0.000735312279036
0.000965952540511
-2.49242963865e-05
0.000142562364735
0.000144603747591
0.000154707839927
0.000127095342176
0.000806460519838
0.00104198655702
4.19472116103e-05
0.000209418031677
0.000215318956832
0.000229577811783
0.000195701614629
0.000879332157002
0.00111880770622
0.000110122809636
0.000277648113933
0.000287478622619
0.000305965890927
0.000265935145152
0.000953919557724
0.00118994057827
0.000179598435204
0.000347248095827
0.000361077437808
0.000383865828173
0.0003377894015
0.00103021495609
0.00125463552438
0.000250369965703
0.000418213391378
0.000436110016156
0.000463271285921
0.000411257736814
0.00110821045677
0.00132068779168
0.000322433219526
0.000490539345693
0.000512570894126
0.000544175840494
0.000486333392457
0.0011878980387
0.00138857391609
0.000395783957206
0.000564221236376
0.000590454532697
0.00062657298447
0.000563009500847
0.00126926955885
0.000140324304737
0.000470417882569
0.000639254274943
0.000669755319183
0.00070850827988
0.000641279088325
9.32245144147e-05
0.000211854019537
0.000546330643875
0.000715633608241
0.000750467569063
0.000783801608799
0.000721135078031
0.000177939012643
0.000285193138818
0.000623517834984
0.000793354319882
0.000832585527816
0.000860596916246
-0.00351043111639
0.00026431232548
0.000360333190274
0.000701974996513
0.000872411431677
0.000916103372753
0.000938888047821
-0.00342742395118
0.000352335859409
0.000437265548322
0.000781697617004
0.000952799905077
0.00100101521486
-0.000157780706407
-0.00334285220464
0.000442000917687
0.000515981438605
-0.00551703284407
-0.0066122752905
-0.00663507752186
-0.000639207037072
-0.000935226800525
-0.00122400592886
-0.00173503209373
-0.00200242974921
-0.00234487598742
-0.00286868519589
-0.00350886106132
-0.00350081165964
-0.00418667625809
-0.00392269749615
-0.00476085565697
-0.00562957327042
-0.00289435892765
-0.00392691228244
0.000916229773792
-0.00026164814875
0.000832127893833
-0.00374095425203
-0.00480937279211
-0.00482091964031
-0.00557226077255
-0.00133210007145
-0.0016443699836
-0.00221745226282
-0.00248931366556
-0.00269500985834
-0.00336508232239
-0.00400601819096
-0.00397838871595
-0.0025522632589
-0.00228384085233
-0.00308958390169
-0.00248814884403
-0.00322411381145
-0.00433707547895
0.000514405346365
-0.000652433496328
0.000500420519212
-0.00418783339136
-0.00518780010634
-0.00528632310375
-0.00605301780498
-0.00613166278765
-0.0020495156477
-0.00263056448752
-0.00290636749857
-0.000933516020874
-0.00161728524604
-0.00166262131489
-0.00226833727118
-0.00301174430154
-0.00271155075557
-0.00351427977917
-0.00299021293772
-0.00371304058178
-0.00468062668251
-0.00400868068176
-0.00106016303275
1.17953553396e-05
-0.00457324984241
-0.00560649911345
-0.00569099074656
-0.00646781018511
-0.00453570397053
-0.000642217007324
-0.000789459348757
-0.00106894490741
-0.00145737287537
-0.00203113612201
-0.00207467843589
-0.0026745109629
-0.00340079905639
-0.00312686963367
-0.00395590856223
-0.00342393281277
-0.0041350631461
-0.00345530200969
-0.00270611537857
-0.00388018881569
0.00136857818645
-0.0048950544012
-0.00393543205707
-0.00399021071889
-0.00477568293522
-0.00493974820695
-0.00561631969661
-0.00110091991164
-0.00151504798111
-0.00190973774875
-0.00240833355233
-0.00245247398683
-0.00300772926528
-0.00378512857743
-0.00164238902023
-0.00248094291041
-0.00194217353458
-0.00269894012087
-0.00391459165444
-0.0031219297283
-0.0042591299604
0.000988985037236
-0.00430012880531
-0.00427095288623
-0.00432282147663
-0.00505075055112
-0.00528610965157
-0.00596219509846
-0.00144585379317
-0.0018869873218
-0.00228705546219
-0.00270794097444
-0.000955735661651
-0.00147702789336
-0.00226615961652
-0.00198014776071
-0.00277463818347
-0.00223033891651
-0.00302723330714
-0.00430567004471
-0.00350291885005
-0.00457828137602
-0.00350388702612
-0.00458286456245
-0.00457784966565
-0.00462694222589
-0.00526969245318
-0.00560484411112
-0.00628857247046
-0.00457404617358
-0.000278996697539
-0.00068343313169
-0.00114661244668
-0.00127360485576
-0.00179351081037
-0.00253677460842
-0.00223968197906
-0.00299055125444
-0.00244211438331
-0.00335309085009
-0.00283013843744
-0.00381463245384
-0.00342909922957
-0.00237721375721
-0.00484890560625
-0.00481539763522
-0.00311146452747
-0.00375953860887
-0.00412938571483
-0.00480827901113
-0.00494801521772
-0.00519644851266
-0.000901741018086
-0.00151163314575
-0.00151029854286
-0.00202915079235
-0.00180479827694
-0.00241874951522
-0.00316032993634
-0.000993302031715
-0.00201782342288
-0.0014903926905
-0.00254451834482
-0.00372861530392
-0.00266692691266
-0.00331859691566
-0.00322360356449
-0.00328319938164
-0.00400535290048
-0.00434427668933
-0.00506313783069
-0.00524410612431
-0.00543380504648
-0.00112846373497
-0.00179582337329
-0.0017743533787
-0.000584727256529
-0.000412226404652
-0.000932674987958
-0.00167301712609
-0.00110079191845
-0.00238311722291
-0.00177179556086
-0.00282511028155
-0.00395803261681
-0.00288871320398
-0.00350316494809
-0.00331811165699
-0.00347816006069
-0.00436755543076
-0.00455194381721
-0.00527472717195
-0.00545974892982
-0.00411693053948
-0.00450648680838
-0.000385134857724
-0.000363499432639
-0.000960858327571
-0.000782747990009
-0.00122829098699
-0.00168680746157
-0.00141924715773
-0.00267931144734
-0.00206169952533
-0.0030854790288
-0.00417842025217
-0.001826535625
-0.00368733272062
-0.00355362412
-0.00465925918859
-0.0046557123952
-0.00331603080365
-0.00391829979675
-0.00407434027468
-0.00442255911077
-0.004711647467
-0.00528021225206
-0.000647241724795
-0.00125514949822
-0.00107184706312
-0.00151200141581
-0.00202996254936
-0.00179831142749
-0.00163513995757
-0.00101280001862
-0.00202053218265
-0.00314389865426
-0.00190862206237
-0.00231891278949
-0.00227697569834
-0.00339122981175
-0.00337083417996
-0.00353392005261
-0.00415702276256
-0.00431749621138
-0.00470660320819
-0.0050143477218
-0.00549292416549
-0.000881899938781
-0.00146477766376
-0.00127678459382
-0.000414921602691
-0.00106300729426
-0.000828763615579
-0.0018637085606
-0.00117191257798
-0.0021966772684
-0.00112600056072
-0.00213591140643
-0.00236171939695
-0.00243251224774
-0.00355271712689
-0.00354381376834
-0.00367547943995
-0.00431399720873
-0.0044894543801
-0.00490687631759
-0.00523267435073
-0.00442545509379
-0.00455930244219
-0.000286204415324
-9.40962596074e-05
-0.000531398905381
-0.00128610912614
-0.00104992579516
-0.00208037761387
-0.00132395738252
-0.002360998503
-0.0012654106225
-0.00232423887715
-0.00241901900049
-0.00253958902269
-0.00364619142599
-0.00363781104695
-0.00375941278143
-0.00312517945681
-0.00334507291718
-0.00376431704241
-0.00411026729638
-0.00452627823428
-0.00466065947886
-0.00515047292899
-0.000143493752817
-0.00062146369468
-0.0001334684081
-0.00118884738263
-0.0022164401211
-0.00146391169564
-0.00153978296706
-0.000478417894854
-0.00156078781134
-0.00267758425815
-0.00142397962493
-0.00253508662432
-0.00247212183664
-0.00249881623703
-0.00311509611864
-0.00337232088187
-0.00383627215182
-0.0041797043807
-0.00423191250737
-0.0046732056507
-0.00530999647884
-0.000307860244239
-0.000823652461985
0.000761431501342
-0.000303505287958
-0.00135040847928
-0.000620922619351
-0.00160365674238
-0.000641177524272
-0.0016868680742
-0.00165276915238
-0.00155826669839
-0.0025797133932
-0.00255508933995
-0.003155227687
-0.00326194494796
-0.00337653383138
-0.00393801735016
-0.00423291918416
-0.00435083079108
-0.00386101235851
-0.00445076506212
-0.00427770891475
1.08039710424e-05
0.000523153667462
-0.000336019586803
-0.00144062658208
-0.000690050107371
-0.00164820491362
-0.000729236491468
-0.0017406658185
-0.00176909261535
-0.00164237062351
-0.00261972824653
-0.00255774746171
-0.00320397818329
-0.00336513046
-0.00348148090188
-0.00303854356342
-0.00332692317773
-0.00354268018765
-0.00395206173714
-0.00443239189233
-0.00430743454384
-0.00490049166162
0.000368999742764
-0.000436653375774
-0.00144833706566
-0.000691320336116
-0.00171224850835
-0.000128749800803
-0.00113349897739
-0.00181283982735
-0.00166787254912
-0.00262913267382
-0.00165272729497
-0.00230351958778
-0.00246176190653
-0.00258675513438
-0.00297223033209
-0.00329315745351
-0.00356564738143
-0.00395347850617
-0.00438424341464
-0.00424832375578
-0.00493991436514
0.000300463503299
-0.000508122297536
-0.000737585789296
-6.47417280641e-05
-0.00112204636053
-0.000106404286486
-0.00106204963932
-0.000909171908969
-0.000738130637386
-0.00169715208983
-0.00165285440346
-0.00232698396027
-0.00239571411509
-0.0025223780105
-0.00303472126897
-0.00328151863819
-0.00353189591639
-0.00386524751364
-0.0042966091489
-0.00360081589191
-0.00429355367489
-0.00386441992768
0.00015200506237
0.000889810792302
-1.48664746748e-05
-0.00106695534974
-5.3186688725e-05
-0.00095976288326
-0.00561911178703
-0.000675164603995
-0.0016541649644
-0.00159893994337
-0.00227174001246
-0.00224558814388
-0.00249769349624
-0.00300954396507
-0.00264927295067
-0.00285321218545
-0.00322842911656
-0.00296216045828
-0.00348482085963
-0.00421167105559
-0.00382601256389
-0.00452514821792
0.000984907676492
0.000115003217174
-0.000934238090707
4.38764178801e-05
-0.000987495931749
-0.00550691939949
-0.0053787470514
-0.00157938541405
-0.00146927699033
-0.00153262334335
-0.00140724693003
-0.0021080166399
-0.00226819894771
-0.00257587993683
-0.00277118514339
-0.00316275825254
-0.00289717548006
-0.00328170336888
-0.00408282329615
-0.00371300041215
-0.00441410168846
0.00116141395632
0.000669479406954
-0.000513403323971
0.000367349629346
-0.000668271160571
0.00119163635837
0.000936368113611
-0.000774643039138
-0.00117766842405
0.00120038804403
-0.00187601658423
0.000638905333947
0.00113361183538
0.000872388592085
-0.000839922785785
-0.0012441477753
0.00249326843528
-0.00193430369235
0.000573887011914
0.0010765764153
0.000809409834484
-0.000904183381577
-0.00130959111623
0.00243631827386
-0.0019915063799
0.000509958537064
0.00102053203162
0.000747434045069
-0.000967422489342
-0.00137399598263
0.00236866498431
-0.00204762231502
0.000447122567319
0.00096548058914
0.000686463399323
-0.00102963780208
-0.000129094799635
0.00230206519626
-0.00210264920363
0.000385381723605
0.000911423963658
0.000626500043588
-0.00109082704335
-0.000191415450688
0.0022365215077
-0.00215658478992
0.000324738589343
0.000858364001687
0.000565228347719
-0.00115098796767
-0.000252690425135
0.00217203648379
-0.00220942685674
0.00026519570994
0.000806302520139
0.000503349828558
9.1197252191e-05
-0.000312917387207
0.00210861265633
-0.00226117322609
0.000206755592281
0.000755241306031
0.00044247946319
3.30995724543e-05
-0.000372094034302
0.00204625252338
-0.00231182175949
0.000149420704235
0.000705182116188
0.00168393502007
-2.39632434872e-05
-0.000430218097399
0.00198495854871
-0.00236137035848
9.31934741605e-05
0.000656126676958
0.00162508739861
-7.99890778218e-05
-0.000487287341471
0.00192473316143
-0.00240981696497
3.80762904139e-05
0.000608076683921
0.00156725430735
-0.000134975845598
-0.00054329956589
0.00186557875547
-0.00245715956166
-1.59284991293e-05
0.00185280676164
0.00151043781126
-0.000188921495093
-0.00059825260483
0.00180749768916
-0.0025033961725
-6.88185875529e-05
0.00179818130141
0.00145463994446
-0.000241824008181
-0.000652144327667
0.00175049228478
-0.002548524863
0.00105109963382
0.00174455647634
0.0013998627099
-0.00029368140069
-0.000704972639375
0.00169456482812
-0.00259847172158
0.0010004457022
0.0016919341387
-0.0027035451084
-0.000344491722759
-0.000759007672907
0.00163971756805
-0.00265416635023
0.000950913142016
0.00164031611055
-0.00275627519609
-0.000394253059192
-0.000812581520623
0.00158595271607
-0.00156540993684
0.000902504091709
0.00158970418347
-0.00280797883321
-0.0004429635298
-0.000865089456268
0.00153327244592
-0.00161890632737
0.000855220646466
0.00154010011828
-0.00285865414495
-0.000490621289748
-0.000916529424462
0.00265732463196
-0.00167130022781
0.00080906485779
0.00149150564471
-0.00290829928931
-0.000537224529888
-0.000966899406498
0.00260681989343
-0.00172258944426
0.00076403873307
0.00144392246112
-0.00295691245752
-0.000582771477092
-0.00101619742073
0.00255740602706
-0.00177277182339
0.000720144235158
-0.00108978006397
-0.00127553311556
-0.00147897685259
-0.00178200581068
-0.00209913875399
-0.0010705360794
-0.0016081772057
-0.00115894659017
-0.00134843785459
-0.00155589537758
-0.00186237817545
-0.00218867547727
-0.00114740151006
-0.00168994223903
-0.00122683395747
-0.00142000247323
-0.00163140976849
-0.00194127502366
-0.000842722361125
-0.00123051087799
-0.00176994946458
-0.00129707879618
-0.00149022241341
-0.00170551470682
-0.000623314245031
-0.000929185630955
-0.00132222321796
-0.00185788070834
-0.00136864854124
-0.00155909318261
-0.00177820494719
-0.000699241612232
-0.00101410088868
-0.00141231168537
-0.00194645116387
-0.0014389401349
-0.00162661035517
-0.000493763016999
-0.000773675182052
-0.00109746072551
-0.00150076752995
-0.00203327858532
-0.00150794951418
-0.0016927695736
-0.000563608426247
-0.000846609031554
-0.00117925782227
-0.00158758209873
-0.00460722023668
-0.00157567267347
-0.000437184901034
-0.000632023857026
-0.00091803732673
-0.00125948495233
-0.00167274683972
-0.0046905327653
-0.000354167104277
-0.00050061541792
-0.000699004373302
-0.000987954324636
-0.0013381349844
-0.00175625330565
-0.00477207369105
-0.000419306041485
-0.000562675330235
-0.000764545120536
-0.00105635437551
-0.00141520088538
-0.00183809315762
-0.00485183375471
-0.000483147096642
-0.000623360566125
-0.000828641327317
-0.00112323192491
-0.00149067572324
-0.00191825816884
-0.00492980383675
-0.000545686504187
-0.000682667128319
-0.000891288306985
-0.00119562796123
-0.00156455266976
-0.0019967402283
-0.000991514592107
-0.000606920561198
-0.000740591095369
-0.000952481459237
-0.00126788205992
-0.00163682500344
-0.00207353134446
-0.00106587793456
-0.000668721176377
-0.00079712862288
-0.00101952884489
-0.0013386174935
-0.0017097021094
-0.00214862364889
-0.00113842482175
-0.00073925822549
-0.000852275944716
-0.00109108839199
-0.00140782848202
-0.00178314236162
-0.0022220094
-0.00120914673959
-0.000808502109339
-0.000906029374194
-0.00116120924256
-0.00148027399065
-0.00185497010341
-0.00229368098657
-1.90128918657e-06
-0.000876448738037
-0.000963819535271
-0.00122988626083
-0.00155304350063
-0.0019251787036
-0.00236363093144
-6.89483820705e-05
-0.000943094081537
-0.00103405445141
-0.00129711439303
-0.00162428787989
-0.00199376164533
-0.00120036824563
-0.00013414595872
-0.00100843417074
-0.00110292148134
-0.00136288866919
-0.00169400125193
-0.00086088453366
-0.00126685302968
-0.000197486183649
-0.00107246509861
-0.00117041607583
-0.00142720420476
-0.00176217783728
-0.000926197078978
-0.00133159458047
-0.000258961402151
-0.00113518302122
-0.0012365337567
-0.00149005620234
-0.000651288670543
-0.000989865128793
-0.00139458599252
-0.000318564144629
-0.00331723452028
-0.00437328976392
-0.00354538646312
-0.00275697222604
-0.00195992985665
-0.00115937956373
-0.00467387562535
-0.0033308764027
-0.00438759529601
-0.00356257872824
-0.00276072652307
-0.00196389060467
-0.00117717463398
-0.00468902548323
-0.00334339601486
-0.00440072417556
-0.003578536369
-0.00276317728072
-0.00196647614405
-0.00119352012138
-0.00383144443714
-0.00335479282998
-0.00441267579519
-0.00359325857176
-0.00276432436016
-0.00196768631177
-0.00120841487675
-0.00384351673834
-0.00336506636826
-0.00442344960162
-0.00360674458524
-0.00276416769641
-0.00196752103152
-0.000350665187917
-0.00385539808635
-0.00337421619693
-0.00443304509582
-0.00361899372071
-0.00276642942935
-0.00111923066361
-0.000362655435756
-0.00386810884114
-0.00338224193039
-0.00444314567461
-0.00363000535216
-0.00277801352221
-0.00112918678633
-0.000373192111043
-0.00387927892858
-0.00338914323024
-0.00445244941776
-0.00363977891647
-0.00195962500379
-0.00113776857746
-0.000382274470403
-0.00388890746315
-0.0033949198054
-0.00446057403623
-0.00364831391354
-0.0019686039675
-0.00114497549605
-0.00475118397542
-0.00389699368099
-0.00339957141216
-0.00446751915306
-0.00285075628085
-0.00197627956686
-0.00115080708758
-0.00475735588181
-0.00390353694022
-0.00340309785421
-0.00369712300623
-0.0028568128959
-0.00198265136681
-0.00115526298414
-0.00476207185619
-0.00390853672115
-0.00340549898269
-0.00370170820749
-0.00286162982279
-0.00198771900605
-0.00115834290452
-0.00476533156519
-0.00391199262655
-0.00265187069427
-0.0037051131042
-0.00286520681465
-0.00199148219712
-0.00116004665428
-0.00476713477832
-0.00391390438175
-0.00265202093901
-0.0037073375382
-0.00286754368811
-0.00199394072651
-0.00116037412587
-0.00476748136806
-0.0039142718348
-0.00265211299313
-0.00370838140616
-0.00286864032336
-0.00199509445472
-0.00115932529861
-0.00476637130988
-0.00391309495647
-0.00265198263309
-0.00370824465957
-0.00286849666417
-0.00199494331625
-0.00115690023872
-0.0047638046823
-0.00391037384033
-0.00265072680232
-0.00370692730479
-0.00286711271791
-0.00199348731968
-0.00116503620552
-0.00475978166682
-0.00390610870265
-0.00264834555385
-0.00370442940302
-0.00286448855553
-0.00199072654766
-0.00117377058341
-0.00475430254786
-0.00390029988237
-0.00264483898821
-0.0037007510703
-0.00286062431158
-0.00198666115683
-0.00118112936879
-0.00474736771269
-0.00389294784092
-0.00451275049896
-0.00369589247748
-0.00285552018414
-0.00199017522534
-0.00118711209706
-0.00473897765124
-0.00322251890482
-0.00450699379048
-0.00368985385018
-0.00284917643478
-0.00199454033528
-0.00119171839036
-0.00472913295599
-0.0032120822944
-0.00221439632701
-7.58949266151e-05
-0.00300851488832
-1.45284966454e-05
-0.00288625869541
-0.00104807043564
-0.00254475493
-0.00221463795678
-7.61411623159e-05
-0.00301859858691
-2.4800804344e-05
-0.00289683403783
-0.00105367322641
-0.00255138377689
-0.00221401116379
-7.55024214921e-05
-0.00302778093169
-3.41549331003e-05
-0.00290647506682
-0.00106347178842
-0.00255704709038
-0.0022125159638
-0.00493766371778
-0.00303606167368
-4.25906197168e-05
-0.00291518150147
-0.00107232051275
-0.00256174469439
-0.0022101523944
-0.0049456320516
-0.0030434405883
-5.01076267519e-05
-0.00292295308801
-0.001080219133
-0.00256547644283
-0.00220692051498
-0.00495408226718
-0.00304991747532
-5.67057425537e-05
-0.00292978959984
-0.00108716741127
-0.00256824221963
-0.00220282040679
-0.00496164801244
-0.00305549215897
-6.23847812892e-05
-0.00293569083754
-0.00109316513822
-0.00257004193875
-0.00219785217284
-0.00496832908994
-0.00306016448792
-6.71445829705e-05
-0.00294065662897
-0.00109821213311
-0.0025708755442
-0.00219201593797
-0.00497412532524
-0.00306393433531
-0.00489641034775
-0.00294468682922
-0.00110230824382
-0.00257074301003
-0.00219382154003
-0.004979036567
-0.00306680159876
-0.00489933129885
-0.00294778132065
-0.00110545334683
-0.00256964434038
-0.00219777003039
-0.00498306268695
-0.00306876620039
-0.00490133268821
-0.00294994001293
-0.00110764734733
-0.00256757956942
-0.00156044222217
-0.00434782945247
-0.00241562892621
-0.00424821529878
-0.00295116284305
-0.00110889017914
-0.0025645487614
-0.00156265430985
-0.00435008503639
-0.00241578806865
-0.00424837742134
-0.00228217250219
-0.000418421713841
-0.00186979191965
-0.0015639981019
-0.00435145525233
-0.00241504446274
-0.00424761989067
-0.0022815235282
-0.00516964836566
-0.00186482935036
-0.00156447356455
-0.0043519400645
-0.00241339812868
-0.00424594272813
-0.00227993866691
-0.00516803758128
-0.00185890111692
-0.00156408068585
-0.0043515394602
-0.0024108491112
-0.004243345981
-0.00227741796459
-0.00516547565041
-0.00185200740364
-0.00156281947566
-0.00435025344993
-0.00240739747952
-0.00423982972248
-0.00227396149484
-0.0051619626503
-0.00184414842477
-0.00156068996569
-0.00434808206727
-0.00240304332739
-0.00423539405168
-0.00226956935854
-0.00515749868688
-0.0018353244245
-0.00155769220946
-0.00434502536898
-0.00239778677304
-0.00423003909357
-0.00226424168387
-0.00515208389472
-0.00182553567691
-0.00155382628229
-0.0043410834349
-0.00239162795917
-0.00422376499905
-0.00225797862629
-0.00514571843703
-0.00181478248592
-0.00154909228131
-0.00433625636801
-0.00238456705294
-0.00421657194482
-0.0022507803685
-0.00513840250562
-0.00180306518524
