0.00373684666221
0.00226789997068
0.00503268304207
0.00344591005013
0.00185930226913
0.000134211033487
0.00548382155223
0.00378990201071
0.00231677673587
0.00508247429799
0.00349657416672
0.00191078716268
0.000178769871314
0.00552905396607
0.00384378020425
0.00236649613723
0.00513312304887
0.00354810991368
0.00196315693593
0.000224234720734
0.00309124053819
0.00440430828687
0.00241705696652
0.0051846280188
0.00360051594827
0.00201641018131
0.00458221432354
0.003138309735
0.00445982839021
0.0024684579974
0.0052369879129
0.00365379090791
0.00207054547053
0.00462948735893
0.00318629530603
0.00451616752539
0.00252069798561
0.00529020141746
0.00370793341033
0.00212556135482
0.00467766252316
0.00323519587491
0.00210947047066
0.0025737756691
0.00534426720012
0.00376294205378
0.0021814563651
0.00472673847676
0.00328501004186
0.00216744374223
0.00262768976816
0.00539918391
0.00381881541715
0.00223822901213
0.00477671385791
0.00333573638387
0.00222623208627
0.000218585067582
0.0054549501779
0.00387555206018
0.00229572865357
0.00482758728267
0.00338737345493
0.00227190858911
0.00454510258864
0.00551156461644
0.00393315052364
0.00234665814923
0.00487935734515
0.00343991978617
0.00231187625196
0.00460151808197
0.00556902582021
0.00399160932948
0.0023984692132
0.00493202261767
0.00349337388614
0.00235267458954
0.00465876469857
0.00309558410095
0.00405092698102
0.0024511604642
0.00498558165098
0.00354611919346
0.00239430264689
0.00471684107276
0.00315473454778
0.00411110196317
0.00250473050045
0.00504003297446
0.00359746077637
0.00243675945113
0.00477574582209
0.00321472743725
0.00163728782996
0.00255917789984
0.00509537509628
0.00364970995391
0.00248004401158
0.00483547754756
0.00327556129358
0.00169917285513
0.00261277224856
0.00515048551609
0.00370286524897
0.00252415531985
0.00489603483374
0.00333723462381
0.00176191055676
0.00266313667462
0.00520374535553
0.00375692516213
0.00256909235
0.0049425095406
0.00339974591802
0.00182549934781
0.00441669468719
0.00525789582535
0.00381188817183
0.00261485405862
0.0049890999084
0.00346309364943
0.00188993762374
0.00446881644245
0.00531293544802
0.00386775273459
0.00266143938495
0.00503652805828
0.00352727627464
0.00195522376268
0.00452181480432
0.00275732432979
0.00392451728522
0.00270884725103
0.00508479285373
0.00359229223375
0.00202135612563
0.00457568837378
0.00281305490462
0.00398218023702
0.00275707656176
0.00513389314027
0.00365813995059
0.00208833305664
0.00463043573176
0.00286868950068
0.0014292015867
0.00575123699803
0.00214287915595
0.00193597794556
0.0050660154931
0.00463223112041
0.00119672835394
0.001830625929
0.00581070294564
0.00220510123182
0.00199520362631
0.00256161742784
0.00469771846166
0.00125667617639
0.00189400882127
0.00587122953143
0.00226842868415
0.00205559390215
0.00262507393533
0.00476448155705
0.00131797963879
0.00195881776658
0.00593281439472
0.00233285881999
0.00211714593453
0.00268974566248
0.00483251660722
0.00138063483347
0.00202504817151
0.0034353434467
0.0023983889085
0.00217985683977
0.00275562927981
0.00490181975594
0.00144463778209
0.00209269536227
0.00349903764703
0.00245989357724
0.0022437236897
0.00282272140798
0.00497238709112
0.00150998443684
0.00216175458621
0.00356378284005
0.00252187515314
0.00230874351232
0.00289101861855
0.00504421464581
0.00157667068163
0.00223222101338
0.00362957653134
0.00258495801501
0.00237491329241
0.00296051743478
0.00248875777905
0.00164469233332
0.00230408973808
0.00369641619422
0.00264913950105
0.00244222997225
0.00303121433251
0.00256309365771
0.00171404514291
0.00237735578046
0.00376429927009
0.00431600954948
0.00251069045218
0.00310310574094
0.00262962398623
0.00178472479679
0.00245201408808
0.00383322316898
0.00438238014872
0.00258029159136
0.00317618804347
0.00268220624236
0.00185672691798
0.0025280595375
0.00390318526996
0.00444984116346
0.00265103020838
0.00325045757855
0.00273607543624
0.00601508632165
0.00260548693593
0.00396281606934
0.00451838978487
0.00272290308194
0.00331101443958
0.00279122850217
0.00334552476818
0.00268429102279
0.00402289509413
0.00458802316868
0.00279590695154
0.00336466056621
0.00284766231148
0.00340496091218
0.00276446647133
0.00408402390484
0.00465039201243
0.00024129851856
0.00341952557775
0.00290537367336
0.00346573700049
0.0028460078903
0.00414620016386
0.00469996080129
0.000294273153679
0.00347560666959
0.00296435933571
0.00352784925082
0.00292890982553
0.00420942150065
0.00475064056455
0.000348407461888
0.00353290098388
0.00302461598601
0.00359129381246
0.00301316676155
0.00427368551213
0.00480242916004
0.000403698940208
0.00359140561016
0.00308614025224
0.00365606676732
0.000357930098749
0.00433093904779
0.00485532440441
0.000460145039585
0.00365111758609
0.00314892870371
0.00372216413112
0.000424648603178
0.004382560642
0.00490932407355
0.000517743165452
0.000999078199793
0.00321297785199
0.00378958185454
0.000489559114771
0.00443523899177
0.00496442590307
0.000576490678297
0.00106119578404
0.00327828415184
0.00385831582434
0.000555861799693
-0.00163615783311
-0.00277487646568
-0.00240112752057
-0.00227361743905
-0.00129397126531
-0.00132412355359
-0.00183468616582
-0.00186945607615
-0.000493388083213
-0.000737696964675
-0.000820867424641
-0.00110647079785
-0.00154070245827
-5.70884222979e-06
-0.000489187460386
0.000310710795066
-0.000423067067585
0.00117309702594
0.000297144685682
-0.000587087046174
0.0004573465056
-0.00168362811105
-0.001561509807
-0.00245001718105
-0.00227715872914
-0.00316665026346
-0.0014000105278
-0.00184994952383
-0.00199962124485
-0.00224399571665
-0.000862445409284
-0.00120302992969
-0.0012173485913
-0.00154041452851
-0.00137411767223
-0.00056815462827
0.000113598002216
-0.000473324862939
-0.00138801161412
-0.000660770024213
-0.000628627301209
0.000415060012692
-0.00388015860592
-0.00165570867218
-0.00254727582965
-0.00229258391499
-0.00315149633002
-0.00327920970384
-0.00197421146846
-0.0020425238046
-0.00228622157307
-0.00253825054096
-0.00287853790742
-0.00123915495076
-0.00156194383738
-0.00136704724612
-0.00183317795581
-0.00134337441929
-0.00064847077417
-0.00143409642116
-0.000652473718929
-0.00156352545428
0.000318528811048
-0.00394576837138
-0.00380145879087
-0.00256684517762
-0.00242338192306
-0.00328641750661
-0.00330502514952
-0.00356752303699
-0.0019977263677
-0.00224766142342
-0.00255935423559
-0.0029398801362
-0.00278622143211
-0.00168632022966
-0.00135181700685
-0.00180433094996
-0.00270506211741
-0.00074207318944
-0.00154037938023
-0.000755874838945
-0.00160595190166
-0.000619306739107
0.000312460152981
0.000538947164655
-0.00037008432057
-0.00461897010014
-0.0027193603265
-0.00327241212905
-0.00351930831695
-0.00381509075045
-0.00221455789418
-0.00253541825422
-0.00291160388469
-0.00273401170226
-0.00335416427762
-0.00236731604647
-0.0018160069448
-0.00271657528393
-0.00201892809099
-0.00283028425853
-0.000781423292828
-0.00162784585795
-0.00273796309161
0.000392625688281
0.000531599259436
0.000550018673071
-0.00026244060275
-0.000488928816119
0.00125507643482
0.00108028897297
0.00063667345325
0.000347930124953
0.00213487003193
0.00184746395182
-0.0033876111244
-0.00332526117545
-0.00394812987079
-0.00175801354887
-0.00264344064878
-0.00194766115498
-0.00277630434552
-0.00199255333839
-0.00158457788113
-0.00270495971847
-0.000765895185111
0.000587801677413
0.000578995195629
-0.000212380159287
-0.000376569551852
-0.000990436946175
0.00107324174014
0.00065547326083
0.000366932845106
-0.000201192280818
-0.000140310677309
0.00118223646763
0.00138765034434
0.00066653097169
0.00123117592698
0.00195809202257
0.00267788192865
0.00174657878642
-0.00377241155222
-0.00276848607612
-0.00264487082926
-0.000674871130161
-0.00180128443423
0.000634399737041
-0.000155420370469
-0.000221069962556
-0.000913236864941
-0.00115479230005
0.000747382431605
0.000474147174641
-4.87501200474e-05
-0.000114789413852
-0.000762769241236
0.00156546932641
0.000853549489994
0.00127157717617
0.000326429912659
0.00105223655574
0.00181504284988
0.00065171460061
0.00169757474904
0.000536398079997
-0.000512024068078
-0.00163234814369
-0.00173588576205
-0.00252981457191
-0.00018456034857
-0.00040706756215
-0.000990647770809
-0.00136200159218
0.000668470909413
0.000190779667783
-3.48317562572e-05
-0.000611029074116
-0.000293059888945
0.00105938328414
5.7162748459e-05
0.000450062506272
-0.000488088974661
0.000302027715705
0.000795560062957
0.00182227676761
0.000707558985218
-0.000363772776485
-0.00139017558533
-0.00152697872051
-0.00241514052929
-0.0025884796374
-0.000202618834105
-0.000742869407616
-0.0011581134472
-0.00155884275358
-0.00202798649029
0.000133072307684
-0.000402100216629
-0.00109969096236
-0.000924109297719
0.000171010929057
0.000656375201073
-0.000287089731996
0.000413521607341
-0.000689523959778
0.0019334420377
0.000813520977131
-0.00293192734068
-0.00110368327595
-0.00124345835718
-0.00160390595337
-0.00239008099475
-0.00256047549444
-0.000547162276397
-0.00102406167103
-0.00142272095095
-0.0018724975586
-0.00263666540415
-0.000202975476389
-0.00098954054979
-0.000814695204164
-0.00168239056661
0.000943497460159
-0.000130022804829
0.000523321080141
-0.000498425215237
-0.00161881516523
0.000971869722338
-0.00277663827013
-0.0027657702835
-0.00362205990486
-0.00133432082895
-0.00211295784937
-0.00244566677914
-0.00296967083786
-0.000805866297177
-0.00120120190203
-0.00163156020317
-0.00239446638202
-0.00233591562442
-0.000794118235351
-0.000620564187454
-0.00148531113712
-0.000758071214465
-0.00181480857113
-0.00116463770104
-0.000232729893186
-0.00139250614875
-0.000423095981536
0.0013873578557
0.001324719888
-0.00351040549887
-0.00385522954856
-0.00193704283442
-0.00224985709154
-0.00277007960471
-0.00304100975717
-0.00124506807277
-0.00130751246064
-0.00213930481094
-0.00210656003788
-0.00274230299273
-0.000343561506293
-0.00121918265572
-0.00212698023159
-0.00154474245008
-0.00274080807691
3.02056554927e-05
-0.00116300920936
-0.000200578944618
0.00167961602415
0.00150533575814
0.000657232735553
0.000381627904751
-0.000431874285552
0.00220079123626
0.00163831487652
0.00136877241707
0.000775462005046
-0.00344904236853
-0.00187011184756
-0.00183959274863
-0.00253776969161
-0.0023280690785
-0.00100160379902
-0.00196071823735
-0.00124082259198
-0.00242089701749
-0.00148205349275
-0.000863023344235
9.04310962925e-05
-0.00112200443709
0.00175675989208
0.000915646750275
0.000678890210075
0.000187706392865
-0.000366791250885
0.00195377252577
0.00168733055552
0.00123767527752
0.00101984936513
6.6931551897e-05
0.00273364410892
0.00193771811558
0.000874602616939
0.00128602173453
0.0024813122088
0.00319994770602
-0.00220306315252
-0.00126686793846
-0.00232413574522
-0.00197139954355
-0.000812197723852
-0.000995502279231
-0.00122424473547
0.0010482806225
0.00056727988282
-7.1158959404e-05
-0.00062673654591
0.00204442379032
0.00145650183795
0.00140524077081
0.00046842115316
-0.000506348663384
0.00222273028759
0.00123730961165
0.00163890219481
0.000513632860829
0.00122913082297
0.00218800044143
0.000885192126838
0.00187992746201
0.000350579090978
0.000434771767818
-0.000607907549658
-0.00082632001694
-0.00161872389031
0.00101793788754
0.000250963897975
-0.000298342139175
-0.000532683775728
0.00167880738381
0.000969282336635
0.000945470565051
-0.000141255054401
-2.36863500898e-05
0.00163241971892
0.00203153082754
0.000889806428236
0.00154646794186
0.000329984675658
0.00123772572962
0.0021323588593
0.000648812863904
0.000769226585566
-0.000155662145023
-0.000362345156212
-0.00111328462635
-0.00164469912819
0.000646454821534
0.000104654713594
-0.00052373790025
-0.000892235488706
-0.00162699011389
0.0013812676902
0.000299573002795
0.000411525787766
-0.000627535179563
0.00235571147151
0.00133794984082
-4.4712752689e-05
0.000754157232289
-0.000570763503534
0.00244881447017
0.00101180838957
-0.00209079194819
-0.00292079301972
0.000164827263628
-0.00058509390478
-0.00119139284137
-0.0020088890656
0.00057792235698
-0.000151716274037
-0.000515393866376
-0.00128495090178
-0.00122233262386
0.000812621419808
0.000807508260456
-0.000234858366602
-0.00141549924094
-0.000826753927285
0.00034515654997
0.00113399380822
-0.000178262526345
0.000672854644177
0.00141957556849
-0.0016320282129
-0.00245065204467
-0.00258416060213
-3.7049174219e-05
-0.000817722119147
-0.00161657574185
-0.0021764426869
0.000252012927704
-7.2283780962e-05
-0.000868570586364
-0.000888554846437
-0.00166318526709
-3.07246613175e-06
0.000213192349319
-0.000964734532162
-0.00038478881694
-0.00166667374037
0.00158078039205
0.000279091264913
0.00111848232283
-0.000216995060061
0.00243580307098
-0.00210266212332
-0.00227764438247
-0.0030102841438
-0.000493375797059
-0.00119830546526
-0.00174260325316
-0.0024181525352
-0.00269687583926
-0.000381027377813
-0.00141807515398
-0.00125812231127
-0.00233347640203
0.000647089769267
-0.000448125325252
0.000124256640869
-0.00114302200522
-0.000397737423616
0.000785902568505
-0.00077923119946
0.000167044649478
0.00526568698286
0.00382371318608
0.00233630566097
0.000572274349091
0.00483596092989
0.00326707674613
0.00161819531184
0.00522118412498
0.00377837901175
0.00229017426438
0.000528429038208
0.00479136898575
0.00320957830719
0.00155981418164
0.00517750929675
0.00373388763887
0.00224489979889
0.000485457659526
0.00474766520929
0.00315296904852
0.00150233484138
0.00513466351922
0.00369024014594
0.00220048340006
0.000443361331378
0.00383035750503
0.00309725051982
0.00144575891145
0.00508460771215
0.00364743759278
0.00215692618386
0.000402141151171
0.00378843356894
0.00304242424992
0.00139008799059
0.00503081632694
0.00360548102044
0.00211422924653
0.00526643344582
0.00374740126157
0.00211400033811
0.00133532365563
0.00497784592444
0.00356437145101
0.00207239366452
0.00522696876934
0.00370726169238
0.00206096308784
0.0012814674613
0.00492569773485
0.0035241098876
0.00203142049426
0.00518838340611
0.0036575893316
0.00200882255566
0.000355168539052
0.00487437297171
0.00348469731412
0.0019913107721
0.00515067836848
0.00360720185212
0.00195758018498
0.000303133200712
0.00482387283173
0.00344613469522
0.00195206551417
0.00511385464721
0.00355769980422
0.00190723739734
0.000252010532488
0.00477419849464
0.00340230309715
0.00191368571621
0.00507791321132
0.00350908451974
0.00185779559225
0.000201801998621
0.00373671123193
0.00335257244154
0.00187617235351
0.00504285500802
0.00346135730925
0.00180925614701
0.00015250904022
0.00368869197132
0.00330368405452
0.00183952638075
0.00500868096251
0.00341451946192
0.0017616204165
0.00500110074687
0.00364150194972
0.00226458897139
0.00180374873189
0.00497539197791
0.0033685722453
0.00171488973302
0.00495364316921
0.00359514227771
0.00221738867105
0.00176575663858
0.00494298893515
0.00332351690518
0.0016690654061
0.00490710534956
0.00354961404825
0.00217103415201
0.0017109364526
0.00491147269284
0.00327935466545
0.00162414872235
0.00486148863455
0.00350491833659
0.00212552654813
0.000663358244928
0.00487178727684
0.00323608672787
0.00158014094522
0.0048167943467
0.00346105620009
0.00208086697453
0.000610245953327
0.00481777938009
0.003193714272
0.00153704331489
0.00477302378423
0.00341802867816
0.00203705652746
0.00542985722085
0.00373826199967
0.00315223845498
0.00149485704809
0.0047301782209
0.00337583679209
0.00199409628415
0.00537845817148
0.00368599440919
0.00311166041138
0.00145358333791
0.00468825890583
0.00333448154497
0.00195198730271
0.0053279177015
0.00380604620168
0.0030719812531
0.00141322335363
0.0046472670633
0.00311958630926
0.00436899038806
0.00140232570212
0.00195820085076
0.00333475651436
0.00412009424302
0.000756321267462
0.00305679568874
0.00430331554951
0.00133355454099
0.00188902534405
0.00326206739451
0.00404427205411
0.00068059463438
0.00299504254129
0.00423872128186
0.00126590953277
0.00182103040451
0.00319061173338
0.00352097086632
0.000606229111276
0.0029343291857
0.00417521022784
0.00119939369832
0.00175421937148
0.00312039338468
0.00344680645025
0.000529660354284
0.00287465790845
0.00411278499427
0.000527545796561
0.00168859553847
0.00305141615106
0.0033739395341
0.000452823201362
0.00281603096333
0.00405144815157
0.000463297212109
0.00162416215234
0.00298368378315
0.00330237447783
0.000377349462338
0.002758450571
0.00399120223324
0.00040018662225
0.0015609224126
0.00291719997859
0.00323211558258
0.000303244148093
0.00270191891863
0.00393204973538
0.000338216884611
0.00149887947064
0.00285196838114
0.0031631670894
-0.000217331486895
0.00264643815947
0.00387399311621
0.000277390814476
0.001438036429
0.0027879925797
0.00309553317814
-0.000288685188175
0.00259201041249
0.00381703479558
0.000217711184188
0.000734748133441
0.00272527610742
0.00302921796622
-0.000358655839647
0.00253863776197
0.00376117715447
0.00504389870854
0.000676314001009
0.00266382244079
0.00296422550752
-0.000427238707167
0.00169090572319
0.00370642253456
0.00498652010024
0.000619088776154
0.00260363499871
0.00290055979117
-0.000494429129498
0.00163964937785
0.00365277323773
0.00493029598524
0.000563075358799
0.00254471714161
0.00283822474045
-0.000560222519774
0.00158945416997
0.00360023152562
0.00404565244357
0.000508276596444
0.00248707217057
0.00277722421163
0.00418247182884
0.00154032204137
0.00354879961914
0.00399174505337
0.000454695283482
0.00243070332642
0.00271756199288
0.00411948595851
0.00149225489732
0.00349847969807
0.00393899980238
0.000402334160517
0.00170370273556
0.00265924180313
0.00405791042011
0.00144525460621
0.00344927390058
0.00388741914606
0.000350281793615
0.00164989562249
0.00260226729097
0.00399774948859
0.00138868276349
0.00257822764899
0.0038370054923
0.000297367263819
0.00159737398886
0.00254664203361
0.00393900735741
0.00133003364924
0.00253125634457
0.00378776120097
0.000245676603541
0.00154614082606
0.00249236953578
0.00388168813711
0.00127243986773
0.00247502101286
0.00373968858332
0.000195212478355
0.00149619906103
0.00243945322869
0.00382579585401
0.00121590364359
0.00241583862597
0.0036927899015
0.000145977498058
0.00144755155548
0.00172853684995
0.00377133444884
-0.00220670861809
-0.00337572529705
-0.00368822661117
-0.00266684533334
-0.00383007706408
-0.0042831863174
-0.00273103278501
-0.00221237508978
-0.00338991197759
-0.00370328662507
-0.00267838710482
-0.00384239148944
-0.00429633649391
-0.000893337096753
-0.00222434132094
-0.00340259398167
-0.00371674971911
-0.0026882282678
-0.00385289175451
-0.0043075497498
-0.000922324354644
-0.00223488666313
-0.0034137703499
-0.00372861474574
-0.00269636787206
-0.00386157670522
-0.00507058149295
-0.000949253685417
-0.00224401040546
-0.00342344023608
-0.00373888069272
-0.0027028051311
-0.00386844538629
-0.00509109992311
-0.00097412124955
-0.00225536572286
-0.0034316029076
-0.00466242862072
-0.00270753942259
-0.00387349704174
-0.00510968430173
-0.000996923492999
-0.0022693191876
-0.00343825774564
-0.00466949391495
-0.00271065677973
-0.00387673111529
-0.00512633229994
-0.00101765714971
-0.00228185152248
-0.00344340424545
-0.00467495790862
-0.00272430704458
-0.00388334910182
-0.00514104182833
-0.00103631924393
-0.00229296188184
-0.00344704201654
-0.00467882013442
-0.00273625616
-0.00389528992647
-0.00515606060182
-0.00105290709237
-0.00230264951543
-0.00344917078279
-0.00468108026193
-0.00274650297073
-0.00390541448166
-0.00516961534084
-0.00185436352986
-0.00231091376862
-0.0034497903826
-0.00468173809775
-0.00275504648527
-0.00391372165215
-0.00518122790526
-0.0018667960159
-0.00231775408267
-0.00344890076894
-0.00468079358558
-0.0015704970607
-0.00392021052221
-0.00519089683174
-0.00187714797897
-0.00232316999488
-0.00344650200934
-0.00467824680626
-0.00157563166565
-0.0039248803761
-0.0051986209007
-0.00188541792261
-0.00340517866041
-0.0034425942859
-0.0046740979777
-0.00157906098677
-0.00392773069852
-0.00520439913717
-0.0018916046503
-0.00340774476579
-0.0034371778952
-0.00467144242575
-0.00158078469155
-0.00392876117483
-0.00520823081136
-0.00189570726633
-0.00340888565894
-0.00343025324819
-0.00467845111712
-0.00158080261282
-0.00392797169127
-0.00521011543912
-0.00189772517643
-0.00340860126262
-0.00342182087004
-0.00468385823999
-0.00157911474883
-0.00488701575756
-0.00521005278226
-0.00189765808824
-0.00340689159607
-0.00342479200537
-0.00468766333176
-0.00157572126329
-0.00488258681662
-0.0052080428487
-0.00189550601146
-0.00340375677506
-0.00455697014525
-0.00468986606679
-0.00157062248523
-0.00487633877976
-0.00520408589247
-0.00189126925792
-0.00339919701181
-0.00455753514988
-0.00469046625654
-0.0015638189089
-0.00486878395705
-0.00519818241352
-0.00188494844129
-0.00105296103505
-0.004556591507
-0.00468946384961
-0.00155531119348
-0.00486144924224
-0.00519033315745
-0.00187654447666
-0.00148884228488
-0.00683105107961
-0.004046316364
-0.00243895347807
-0.00462407870341
-0.00586104182689
-0.00313634713147
-0.00150036449631
-0.00683331564741
-0.00405343826787
-0.00244621649799
-0.00462117597876
-0.00585809231559
-0.00314002779118
-0.00151082481105
-0.0068391981012
-0.00534827221193
-0.00245234671588
-0.00461711927542
-0.00585397023152
-0.00314251563397
-0.00152022283529
-0.00684399325886
-0.00535317224463
-0.00245734386935
-0.00461190877345
-0.00584867576361
-0.00314381054183
-0.00152855821507
-0.00684770093133
-0.00535696101633
-0.00246120774444
-0.00460554470409
-0.00584220915444
-0.00430402093767
-0.00153583063631
-0.00685032097242
-0.00535963837104
-0.00246393817571
-0.00459802734969
-0.00298603112769
-0.00430292984797
-0.00154203982487
-0.00358998909346
-0.00536120419848
-0.00246553504619
-0.00458935704364
-0.00299943281221
-0.00430064580885
-0.00154718554663
-0.0035904336047
-0.00536165843418
-0.00378918880521
-0.00457953417033
-0.00301166391259
-0.00429716892864
-0.00155192503291
-0.00358979030325
-0.00536100105942
-0.00378851839748
-0.0045761710371
-0.003022723869
-0.00429249937224
-0.00155664139754
-0.00358805921449
-0.00535923210127
-0.00378671436944
-0.00458179736033
-0.00303261217486
-0.00428663736108
-0.00302291555205
-0.00358524040671
-0.0053563516326
-0.00378377679836
-0.00459036733631
-0.00304132837705
-0.00427958317305
-0.00302550412993
-0.00358133399106
-0.00535235977202
-0.00377970581006
-0.00459778445317
-0.00304887207594
-0.00427133714243
-0.00302702864784
-0.00357634012157
-0.00534725668389
-0.00377450157888
-0.00592547404347
-0.00305524292551
-0.00426189965983
-0.00302748904824
-0.00357025899513
-0.00534104257829
-0.0037681643276
-0.00593058450647
-0.00306044063345
-0.0042512711721
-0.00302688531374
-0.00356309085138
-0.00533371771093
-0.00376069432748
-0.00593454127685
-0.00306446496119
-0.00423945218219
-0.00302521746713
-0.0050168764418
-0.00532528238318
-0.0037520918981
-0.00593734417901
-0.00306731572397
-0.00422644324909
-0.00302248557137
-0.00500753515341
-0.0053157369419
-0.00374235740737
-0.00593899308854
-0.00306899279091
-0.00148976651592
-0.00301868972955
-0.00499710782299
-0.00530508177947
-0.00373149127142
-0.00593948793222
-0.00441919390581
-0.00147437959665
-0.0030138300849
-0.00498559486084
-0.00214687847426
-0.00371949395452
-0.0059388286881
-0.00441852340389
-0.00145780474572
-0.00300790682076
-0.00497299671975
-0.00213400522814
-0.00371018093331
-0.00593701538544
-0.00441667913678
-0.00144216470658
-0.00300092016053
-0.00495931389488
-0.0036181985636
-0.00370770957907
-0.00593404810473
-0.00441366118917
-0.00143477502885
