-0.000881421334093
-0.00210950981861
0.000870310000802
-0.00282212389174
0.000342675595727
-0.00117864534955
-0.000383769261365
-0.000850836777923
-0.0020746614856
0.000905000653961
-0.00278765899956
0.000364702141778
-0.00113093773999
-0.000336447094697
-0.000819313186095
-0.00203888009315
0.000940620264055
-0.0027522710271
0.000387651925098
-0.00108233166945
-0.000305818065549
-0.000786851494587
-0.00200216669344
0.000977167792988
-0.00271596099251
0.000411524290263
-0.00103752838839
-0.000274415322871
-0.000753452665929
-0.00196452236439
0.00101464217723
-0.00267872993894
0.000436318556158
-0.00101302038509
-0.000242108686758
-0.000719117689067
-0.00192594820954
0.00105304232796
-0.00264057893435
0.000462034016076
-0.000987597649237
-0.000208899046498
-0.000683847579215
-0.00188644535788
0.00109236713125
-0.00260150907137
0.000488669937815
-0.000961260894464
-0.000174787315015
-0.000647643377708
-0.00184601496368
0.00113261544815
-0.00256152146717
0.000516225563783
-0.000934010859288
-0.000139774428756
-0.000610506151855
-0.00180626928226
0.00117378611496
-0.00252061726328
0.000544700111103
-0.000905848306994
-0.000103861347555
-0.00057243699478
-0.00176833268635
0.0012158779433
-0.00247879762544
0.000574092771726
-0.000876774025534
-6.70490545109e-05
-0.000533437025267
-0.00172946840976
0.00125888972031
-0.00244520718625
0.000604402712541
-0.000846788827418
-3.36898304522e-05
-0.000493507387598
-0.001689677585
0.00130282020882
-0.00241376917654
0.000635629075491
-0.000815893549601
-3.04902437152e-06
-0.000452649251391
-0.00164896136968
0.00134766814755
-0.00238140956562
0.000667770977697
-0.000784089053368
2.84936769093e-05
-0.000410863811431
-0.00160732094632
0.00139343225122
-0.0023481292795
0.000700827511579
-0.000751376224217
0.000442381990272
-0.000368152287499
-0.00119362081963
0.00182247686968
-0.00193894527309
0.00112086727374
-0.000336311390883
0.00047572586651
5.19879903931e-05
-0.00115013562668
0.00187006935252
-0.00190382651465
0.00115575025005
-0.000301784648626
-0.00398084985278
9.65479238025e-05
-0.00110572992117
0.00191857400256
-0.0018677900088
0.00119154498837
-0.000266352373984
-0.0039457084451
0.000142030133602
-0.00106040498363
0.00196798944052
-0.00183083678092
0.00122825048358
-0.000230015548061
-0.00390966969616
0.000187191388291
-0.00101416211866
0.00201831426406
-0.00179296788093
0.00126586570657
-0.000192775175531
-0.00387273458634
0.000230845438035
-0.000967002654724
0.00206954704799
-0.00175418438306
0.0013043896043
-0.00015463228451
-0.00383490411895
0.000275421313041
-0.000918927943995
0.00212168634449
-0.00171448738577
0.00134382109997
-0.000115587926412
-0.00379617932006
0.000183377381218
-8.16756171802e-05
-0.000136435272048
-0.00211179451125
-0.00242666812659
-0.00268561560056
-0.00291033817705
0.000222329674816
-3.12680974721e-05
-0.000105382353084
-0.00208001967877
-0.002394207077
-0.00265251571356
-0.00288962979197
0.000262254097676
0.00041479265234
-7.33057540819e-05
-0.00204719792816
-0.00236067705599
-0.00261832635654
-0.00286780378883
0.000303149371148
0.000467162485264
-4.02066071958e-05
-0.00201333047165
-0.00232607935532
-0.00258304889825
-0.00284486108048
0.000742796960591
0.000520510898105
-6.08607892284e-06
-0.00197841855815
-0.00229041530566
-0.00254668474863
-0.00282080262535
0.000785629984459
0.00057021888917
2.90546301003e-05
-0.00194246347301
-0.00225368627643
-0.00250923535848
-0.00279562942735
0.000829429851187
0.000605512130304
6.52142853052e-05
-0.00190546653776
-0.00221589367545
-0.00247070221921
-0.00276934253558
0.000874195168284
0.000641799387846
0.000102391618404
-0.0018674291099
-0.00217703894874
-0.00243108686253
-0.00274194304418
0.000919924515326
0.000679079450393
0.000140585327608
-0.00182835258268
-0.00213712358023
-0.00239039086017
-0.00241979074089
0.000966616444177
0.000717351075446
0.00017979407785
-0.00178823838477
-0.00209614909146
-0.00234861582357
-0.00239016951149
0.00101426947921
0.000756612989614
0.000220016501014
-0.00174708798011
-0.00205411704134
-0.00203715458945
-0.00235943923258
0.00106288211752
0.000796863888824
0.000261251196167
-0.00170490286754
-0.00201102902582
-0.00200591716058
-0.002327601176
0.00111173137547
0.000838102438527
-0.00129391892606
-0.00166168458065
-0.00169676122149
-0.0019735936566
-0.00229465665736
0.00115419798515
0.000880327273918
-0.0012506640198
-0.00161743468738
-0.00165156620982
-0.00194018536182
-0.00226060703582
0.00119762789088
0.000923537000156
-0.00120640123885
-0.00130519303651
-0.00160532024001
-0.00190569360154
-0.00222545371377
0.00124201972251
0.000967730192586
-0.00116113211298
-0.00125888477074
-0.00155802505324
-0.00187011974175
-0.00218919813658
0.00128737208223
0.00101290539697
-0.00111485820354
-0.00121154980625
-0.00150968242623
-0.00183346518892
-0.00215184179232
0.0013336835448
0.0010590611297
-0.000809197762066
-0.00116318984588
-0.00146029417091
-0.00179573138968
-0.00211338621141
-0.0032859680936
0.00110619587809
-0.000760919094559
-0.00111380662544
-0.00140986213406
-0.00175691983056
-0.00207383296634
-0.00323774280981
0.00141269144168
-0.000711640514389
-0.00106340191345
-0.00135838819704
-0.00171703203771
-0.00203318367139
-0.00318856286145
0.00146177956798
-0.000661363706578
-0.00101197751079
-0.00130587427538
-0.0016760695766
-0.00199143998225
-0.00382526555078
-0.00295291512751
-0.00337196253387
-0.00250633031638
-0.00177724630092
-0.0020458720213
-0.00122218838404
-0.0059620915468
-0.005061021636
-0.00445362203975
-0.00446795036534
-0.0026873723586
-0.00272302178996
-0.00222400172766
-0.00212568770614
-0.00164189218499
-0.00117397916286
-0.000735892234984
-0.00500416062425
-0.00471776212554
-0.00447886402181
-0.0040235284145
-0.00310111469924
-0.00352095442093
-0.00267827527908
-0.00195003981427
-0.0022192657915
-0.00609891052509
-0.00613591248519
-0.00385122969024
-0.00314775632211
-0.00333461781429
-0.00293981315172
-0.00297725218169
-0.00247963509744
-0.00235486581759
-0.00187044989004
-0.0014015814189
-0.000962216575254
-0.00527047409603
-0.00496122264004
-0.00349770118865
-0.00419383159869
-0.00322099175502
-0.00364147457337
-0.00282168847043
-0.000695938325478
-0.000965667024984
-0.0048675390512
-0.00490461065611
-0.00399606422747
-0.00399163429084
-0.00356804794224
-0.0031737132839
-0.00321126661553
-0.00271340656495
-0.00255544452859
-0.00207048259183
-0.00160077329446
-0.00476842920331
-0.00432148536476
-0.00394989057141
-0.0037122673318
-0.00297406898729
-0.00193842438712
-0.00235939899623
-0.00154663931955
-0.00193171382084
-0.00108136439598
-0.0049834676968
-0.00502059520515
-0.00414033364945
-0.00422720269413
-0.00377281089531
-0.00337889088639
-0.00341654505995
-0.00167962909138
-0.00148835784249
-0.000989851261275
-0.000536951596471
-0.00497077028749
-0.00457156486186
-0.00413738859577
-0.00389886675409
-0.00308793863345
-0.00204685644577
-0.00242261130817
-0.00163254590503
-0.00201804862321
-0.0058767579148
-0.00507027909636
-0.0051074485777
-0.00443499182356
-0.00327488052681
-0.00269936103405
-0.0023162986661
-0.00235403988438
-0.0018557543765
-0.00165784694094
-0.00116206604751
-0.000857654049894
-0.00517825312054
-0.00479351767596
-0.00430237038067
-0.00405730043035
-0.00317339263448
-0.00213268558533
-0.00245704948346
-0.00168953986608
-0.00207532720818
-0.00470115839969
-0.00388593253524
-0.00408311592897
-0.00345400393191
-0.00354151183828
-0.00284612891471
-0.00300200529983
-0.00250118067745
-0.00200274009985
-0.00180445172504
-0.00131575570863
-0.0058687980327
-0.00537278535867
-0.00391253034337
-0.00342016540172
-0.00309785758206
-0.00334248384831
-0.00223189269968
-0.00122082917204
-0.00045743517349
-0.000843362588049
-0.0047294151661
-0.00399756005399
-0.00432017564838
-0.0036917021077
-0.00377948355463
-0.00305203059974
-0.0031197484684
-0.00261898245557
-0.00212041729596
-0.000793528034322
-0.000327042267907
-0.00491077946744
-0.0044508140174
-0.00407753427252
-0.00358412669643
-0.00319947782029
-0.00223740569527
-0.00111813803261
-0.00127876934545
-0.00045644499089
-0.00555653699286
-0.00473513993647
-0.00517441154907
-0.00452841213317
-0.00390050271512
-0.00398852586318
-0.00326098881469
-0.00208880430261
-0.00158088788682
-0.00107764788826
-0.000909078364702
-0.00531961964912
-0.00502562061935
-0.00458772661931
-0.00421377432276
-0.0037195025433
-0.00327251003999
-0.00235036001458
-0.00262589747391
-0.00139235568997
-0.00044346905863
-0.0055263901867
-0.00491253448895
-0.00535282776197
-0.0035950359366
-0.00296290656591
-0.00305113875607
-0.00232156295447
-0.00217212502128
-0.00163963532597
-0.00113633290953
-0.00099520935959
-0.00540555082547
-0.00511122160484
-0.00469558196411
-0.00431470557878
-0.00287302610313
-0.00245639857567
-0.00243471151048
-0.00271054711187
-0.00155596753665
-0.00430898230013
-0.00459928072705
-0.00395288853721
-0.00439404022611
-0.00374494569283
-0.00311322629445
-0.00320163414894
-0.00247199722886
-0.00234438748798
-0.00168184043052
-0.00164771905743
-0.00107244536922
-0.00546203086017
-0.00421103362233
-0.00381457988771
-0.00343331486866
-0.00295081368219
-0.00261215653878
-0.00136884008082
-0.00168896258891
-0.000660629129556
-0.00453542949797
-0.00482658394732
-0.00407215073787
-0.00451399467291
-0.00386541511948
-0.00323402636209
-0.00332257589214
-0.00259288967901
-0.00250732883092
-0.000824526201951
-0.000790337928454
-0.00511724673459
-0.00458029697189
-0.00425817341061
-0.0038639858097
-0.00348247633548
-0.00299966107182
-0.00273935250918
-0.0015071248768
-0.00183944463624
-0.000857434157439
-0.00473327448575
-0.00502518098536
-0.00416212576685
-0.00460449339708
-0.00395630345037
-0.00319087930659
-0.00243656616124
-0.0017028556618
-0.00165951920785
-0.000943363799455
-0.00090912174481
-0.00523579050422
-0.0046984177962
-0.00430995935784
-0.00388406551317
-0.00350245659736
-0.00308838432618
-0.00283784647423
-0.00162837322709
-0.00199241984995
-0.00573123793104
-0.00613945929921
-0.00519484805478
-0.00329950031635
-0.00369798797746
-0.00304436400051
-0.00325224852954
-0.00249800770777
-0.00180198758231
-0.00176328645876
-0.0010349219877
-0.000998267656935
-0.00532475576906
-0.00478706478064
-0.00439815483896
-0.00303339816278
-0.00265183515943
-0.00231017681013
-0.00193064930534
-0.00172089382157
-0.00115217393466
-0.00491287024495
-0.0053218340037
-0.00437329678799
-0.003440368561
-0.00372929311646
-0.00307580434767
-0.00328377569214
-0.00252957207103
-0.00187600458314
-0.00183726536035
-0.00110874564491
-0.00512132921836
-0.0045488670664
-0.00427686921053
-0.00362873711447
-0.00299478998335
-0.00261341808927
-0.00235117134289
-0.00197144368131
-0.000840352007447
-0.0012518474019
-0.00502311405471
-0.00543266742232
-0.00448455665444
-0.00355188590865
-0.00373092911923
-0.00307744741949
-0.00328542330293
-0.00254199863327
-0.00107210109358
-0.00103333912217
-0.000300892457689
-0.00516597035156
-0.00459159684327
-0.00431525147721
-0.00366275079609
-0.00301188130579
-0.00262177398286
-0.00236308992521
-0.00198330403134
-0.000910649354236
-0.00602377780471
-0.00510421193953
-0.00551420012637
-0.00456640386213
-0.00363392301218
-0.00289674285006
-0.00220413666929
-0.00244818627794
-0.00172922367135
-0.00178973698375
-0.00104751274679
-0.00522816425052
-0.00518076496184
-0.00460636052433
-0.00432996131136
-0.00367738461439
-0.00302641797166
-0.00260454419602
-0.00163758962643
-0.00125788762072
-0.000952019150758
-0.00606536827849
-0.0043239487498
-0.00473421547554
-0.00378380715715
-0.00396025174299
-0.00299724300791
-0.00225913642426
-0.00249775971596
-0.001778879613
-0.00178421343846
-0.00103174048976
-0.00521242516827
-0.00516569546828
-0.00459132253453
-0.00362162434443
-0.00295294520832
-0.00230940051216
-0.00194158930836
-0.00159134878829
-0.00121187250897
-0.00634677416666
-0.00525183765073
-0.00434651069564
-0.00475689872063
-0.00380657814097
-0.00398307570439
-0.00308020707943
-0.00232797533785
-0.00251744186973
-0.00179859455344
-0.00180392977958
-0.000271622717725
-0.00447865742349
-0.00443261528338
-0.00385314684498
-0.00357696582656
-0.00290851729087
-0.0024030140154
-0.00202972909248
-0.00167523206472
-0.00120656839228
-0.00633018246627
-0.00523515738892
-0.0043397491814
-0.00475010084707
-0.00379975396774
-0.00398178947925
-0.00313348474707
-0.00166203435372
-0.00180223068104
-0.00108338587485
-0.00108872037269
-0.00518062684243
-0.00440324417649
-0.0043579066866
-0.00377859406099
-0.00350268431379
-0.00283461874453
-0.00246217658108
-0.00208870799374
-0.00173394035268
-0.000698611524825
-0.00628462165338
-0.00518935358249
-0.00430367195567
-0.00471382972911
-0.0030784945482
-0.00333250391753
-0.00246501073266
-0.00167122433653
-0.00180264579019
-0.00104318391071
-0.0010485155539
-0.00514048317613
-0.00490693462864
-0.00425349353945
-0.00367439816411
-0.00343382697382
-0.00228652559377
-0.00193197033858
-0.00155214771575
-0.00119724341194
-0.000728047006703
-0.00551843447863
-0.00442609462208
-0.00355051158675
-0.00397485428876
-0.00304739975544
-0.00333839380942
-0.00245876219535
-0.00265480728758
-0.00178194112515
-0.000973077663075
-0.00587607701848
-0.00507047844245
-0.00483714632041
-0.00361803293135
-0.00312148553275
-0.00292679360407
-0.00233190033723
-0.00193246083403
-0.00155263668615
-0.00119773013535
-0.000728530791006
0.00172354015662
-0.00167519528845
-0.00282579629326
-5.11764212221e-05
-0.00358815348814
-0.000981183150158
-0.00257549692784
-0.00227677045221
-0.00170627289407
-0.0028883944007
-0.0001132862462
-0.00364986785477
-0.00103258511105
-0.00262655466492
-0.00230709664252
-0.0017364178546
-0.00295009480736
-0.000174502380593
-0.00371069372709
-0.00108309113598
-0.00267672211591
-0.00233648380184
-0.00176562928625
-0.00301089577931
-0.000234823120617
-0.00377062943277
-0.00113269983199
-0.00272599791515
-0.00236493105724
-0.0017959113937
-0.00307079560349
-0.00029424678317
-0.00382967331984
-0.00118140982808
-0.00277438071853
-0.00239243756266
-0.00185513464413
-0.003129792588
-0.000352771706052
-0.00388782375692
-0.00122921977534
-0.00282186920368
-0.00241900249905
-0.00191345018964
-0.00318788506228
-0.000410396248189
-0.00394507913343
-0.00127612834717
-0.00286846207013
-0.00244462507452
-0.0019708563627
-0.00324507137738
-0.000467118789846
-0.00400143785979
-0.00132213423947
-0.00291415803947
-0.00246930452441
-0.00202735151778
-0.00330134990611
-0.000522937732847
-0.00405689836763
0.000276993345648
-0.00133451880653
-0.000839383747938
-0.000429277668107
-0.00171469583014
0.00108147102925
-0.00248497408263
0.000232796634039
-0.00137841723562
-0.00086217476226
-0.000483945939821
-0.00176915399298
0.00102746399079
-0.00253863353423
0.000189506377748
-0.00142141506655
-0.000884020521647
-0.000537698391279
-0.00182269962099
0.000974365214048
-0.00259139019158
0.000147123789266
-0.00146351111089
-0.00344305750943
-0.000590533467219
-0.00187533117639
0.000922176208849
-0.00264324257322
0.00010565005776
-0.00150470420311
-0.00346301082303
-0.000642449635489
-0.00192704714429
0.000870898462413
-0.00269418921995
6.50863489065e-05
-0.00154499320073
-0.00348201700144
-0.000693445387258
-0.00197784603291
0.000820533439154
-0.00274422869497
2.5433804733e-05
-0.00158437698451
-0.00350007547369
-0.000743519237228
-0.00202772637373
0.000771082580477
-0.00279335958413
-1.33064565369e-05
-0.00162285445852
-0.00351718569686
-0.000792669723842
-0.00207668672176
0.000722547304575
-0.00284158049607
-5.11333406393e-05
-0.00166042455039
-0.00354998910165
-0.000840895409487
-0.00212472565571
0.00067492900624
-0.00288889006247
-8.80457774202e-05
-0.00169708621136
-0.00359737415133
-0.000888194880698
-0.00217184177817
-0.00166624429338
-0.00293528693817
-0.000124042720984
-0.00173283841651
-0.00364383000244
-0.000934566748356
-0.00221803371586
-0.00171202454679
-0.00298076980141
-0.000159123149838
-0.00176768016484
-0.0036893552831
-0.000980009647888
-0.00226330011977
-0.0017568837806
-0.00302533735398
-0.000193286067036
-0.00180161047943
-0.00361942569715
-0.00407017460997
-0.00277390384768
-0.00310682092793
0.000753501826235
-0.00107012215482
-0.00162067752075
-0.00365802242561
-0.00410962657364
-0.00281417273318
-0.00314785616717
-0.000495559772863
-0.00110031759415
-0.00168077030516
-0.00369565547369
-0.0024632823212
-0.00285343763047
-0.00318786900595
-0.000524049135183
-0.00112943553994
-0.00173979637155
-0.00373232365637
-0.00250076438306
-0.0028916971955
-0.00322685802289
-0.000551482745052
-0.00115747485343
-0.00179775338584
-0.00209920193416
-0.00253725962723
-0.00292895011629
-0.0032648218304
-0.000577859573619
-0.00118443443652
-0.0018546390496
-0.00213393694511
-0.00257276684981
-0.00296519511319
-0.003301759075
-0.000603178630403
-0.00121031323198
-0.00191045110048
-0.00216770370731
-0.0026072848776
-0.00300043093911
-0.00333766843751
-0.00516646677358
-0.0012621941522
-0.00196518731261
-0.00220050115082
-0.00264081256832
-0.00303465637969
-0.0033725486333
-0.00518966746975
-0.00131468937209
-0.00201884549708
-0.00223232823492
-0.00267334881077
-0.00306787025353
-0.0034063984125
-0.00521180765474
-0.00136612637158
-0.000420140148737
-0.00226318394825
-0.00270489252502
-0.00310007141239
-0.00343921656021
-0.00523288649332
-0.00141650316882
-0.000471635860881
-0.00229306730896
-0.00273544266259
-0.00313125874137
-0.00347100189678
-0.00525290318949
0.000169255866176
-0.000522047204282
-0.00232197736491
-0.00276499820661
-0.00316143115913
-0.00350175327791
-0.00529419719481
0.000121005274504
-0.000571372141839
-0.00234991319375
-0.002793558172
-0.00319058761803
-0.00353146959497
-0.00374621904053
7.38206129591e-05
-0.00061960867541
-0.00237687390314
-0.00282112160563
-0.00321872710437
-0.00356014977509
-0.00379125152719
2.77037170662e-05
-0.000666754846203
-0.00240285863082
-0.00284768758646
-0.0032458486385
-0.00199373826876
-0.00383523846605
-1.73436151137e-05
-0.000712808735156
-0.00242786654482
-0.00287325522572
-0.00327195127502
-0.00202034310067
-0.0038781782165
-6.13196233208e-05
-0.000757768463321
-0.00245189684352
-0.00289782366702
-0.00171889403043
-0.00204590879386
-0.00392006917366
-0.00010422258543
-0.000801632192229
-0.00247494875582
-0.00292139208655
-0.00174295617336
-0.00207043442055
-0.0039609097687
-0.00475776090424
-0.000844398124256
-0.00249702154127
-0.00294395969315
-0.0017659967896
-0.00209391908972
-0.0040006984691
-0.00479851276196
-0.000886064502983
-0.00251811449014
-0.0014016199902
-0.0017880150723
-0.00211636194716
-0.00403943377897
-0.00483818663925
-0.000926629613544
-0.00253822692358
-0.00142218372888
-0.00180901024966
-0.00346545005014
-0.00407711423926
-0.00487678096974
-0.000966091782969
-0.00214959904445
-0.00445785342427
-0.00357423604713
-0.00275654091335
-0.00202037186102
-0.00517442097115
-0.00437651897139
-0.00215887966524
-0.00446735349664
-0.003586300114
-0.00290469413467
-0.00202867740069
-0.00518292539727
-0.00438234259482
-0.00216726038915
-0.00447593242927
-0.00359742075004
-0.00291609609816
-0.0020359912301
-0.00519041439664
-0.00438712617936
-0.00217474098972
-0.00448358997923
-0.00373849780657
-0.00292653048502
-0.00204231310927
-0.00519688771166
-0.00439086955246
-0.00218132126475
-0.00449591729443
-0.00374773061736
-0.00293599696913
-0.00205116997934
-0.00520234511957
-0.00439357257908
-0.00218700103632
-0.00463732486309
-0.00375601908959
-0.0029444952545
-0.00205987490888
-0.0011649991956
-0.00439523516168
-0.00219178015082
-0.00465091657678
-0.00376336297663
-0.00295202507528
-0.00206758785743
-0.0011684242607
-0.00439585724025
-0.00232255397375
-0.00466358754557
-0.00376976205989
-0.00295858619586
-0.00207430857178
-0.00117083296001
-0.00439543879236
-0.00232553141065
-0.00467533741058
-0.00377521614883
-0.00296417841087
-0.00208003683121
-0.00117222521058
-0.00439397983309
-0.00232760787571
-0.00468616583891
-0.00377972508102
-0.00296880154524
-0.00208477244754
-0.00117260096446
-0.00439148041511
-0.00232878331276
-0.00469607252359
-0.00378328872216
-0.00297245545417
-0.00208851526517
-0.0011719602087
-0.0043879406286
-0.00233253513599
-0.00470505718367
-0.00378590696605
-0.00297514002322
-0.00209126516109
-0.00117030296538
-0.00464340262791
-0.00234040598553
-0.00471311956424
-0.0037875797347
-0.0029768551683
-0.00209302204492
-0.00116762929156
-0.00463778252498
-0.00234737621647
-0.00472025943648
-0.00378830697826
-0.00297760083567
-0.00209378585892
-0.00142288327665
-0.00463112254913
-0.00235344564022
-0.00472647659771
-0.00378808867504
-0.00297737700198
-0.00209355657796
-0.00141817705306
-0.00462342294047
-0.0023586140925
-0.00473177087137
-0.00378692483155
-0.00297618367423
-0.00234401109686
-0.00141245478012
-0.00461468397652
-0.00236288143341
-0.00473614210708
-0.00378481548249
-0.00297402088981
-0.00234179568125
-0.00140571665478
-0.00051012554938
-0.00236624754741
-0.00473959018066
-0.0037817606907
-0.00297088871648
-0.00233858729124
-0.00139796290888
-0.000510069777819
-0.00236871234334
-0.00474211499413
-0.0037777605472
-0.00321256514243
-0.00233438603227
-0.00138919380913
-0.000516907539317
-0.00568117779863
-0.00474371647573
-0.00377281517116
-0.00320749451595
-0.0023291920424
-0.00137940965705
-0.000522705767071
-0.00568183978258
-0.00474439457997
-0.00401043203554
-0.0032014548859
-0.00232300549227
-0.00136937534926
-0.000527464252104
-0.00468851150632
-0.00371169587951
-0.00354537138612
-0.0029123871174
-0.00602431151406
-0.00195282712866
-0.00499329999707
-0.00468493328888
-0.00370812250577
-0.00353689420706
-0.00290391281088
-0.00601563247341
-0.00194440046071
-0.00500264204505
-0.00468050525632
-0.00370370046683
-0.00352757032655
-0.00289459208929
-0.0060063303594
-0.00193513212714
-0.00501114547304
-0.00467522751526
-0.00369842986886
-0.00351739996756
-0.00289024687279
-0.00599618373867
-0.00193064964585
-0.0050188100815
-0.00466910019274
-0.0036923108384
-0.00350638337321
-0.00287923400942
-0.00598519285262
-0.00193749802886
-0.0050256356905
-0.00466212343621
-0.00368534352229
-0.00349452080674
-0.00286737545958
-0.00597335796268
-0.00194350445464
-0.00503162213976
-0.00465429741352
-0.00367752808771
-0.00348181348281
-0.0028546715063
-0.0059606793502
-0.00194866878117
-0.0050367692887
-0.00464562231292
-0.00366886472214
-0.00346825984217
-0.00284112245268
-0.00594715731646
-0.00195299088634
-0.0050410770164
-0.00463609834299
-0.00365935363332
-0.00345386113957
-0.00282672862182
-0.00593279218262
-0.00195647066791
-0.00504454522165
-0.00462572573267
-0.00364899598059
-0.00343861771839
-0.00281149035675
-0.0059175842897
-0.00195910804357
-0.00504717382295
-0.00461450473119
-0.00363779014952
-0.003422529942
-0.00279540802046
-0.0059015339985
-0.00196090295092
-0.00504896275852
-0.00460243560806
-0.00362573733984
-0.00340559819362
-0.00277848199581
-0.00588464168961
-0.00196185534749
-0.00504991198633
-0.00459162809865
-0.00361283784014
-0.00341785793992
-0.00276071268549
-0.00586690776332
-0.00196196521075
-0.00516590222672
-0.00457786362167
-0.00359909195913
-0.00343219911537
-0.00274210051198
-0.0058483326396
-0.0019612325381
-0.00516517199179
-0.00456325195287
-0.00358450002558
-0.00344569550044
-0.0027226459175
-0.00582891675804
-0.00195965734687
-0.00516360204137
-0.00454779344252
-0.00358372559712
-0.00345834677331
-0.00270234936394
-0.00582200863604
-0.00207579890073
-0.00516119241236
-0.00453148846097
-0.0035955454014
-0.00347015263213
-0.00268121133284
-0.00581874298959
-0.00207253880409
-0.00515794316139
-0.00451433739861
-0.00360651851366
-0.00348111279512
-0.00265923232531
-0.00581463356267
-0.00206843636047
-0.00515385436481
-0.00449634066584
-0.00361664467125
-0.00349122700055
-0.00263641286196
-0.00592627272593
-0.0020634916669
-0.0051489261187
-0.004477498693
-0.0036259236317
-0.00350049500681
-0.00261275348287
-0.00592047605067
-0.00205770484032
-0.00514315853883
-0.00445781193034
-0.00363435517275
-0.00350891659242
-0.00261604917457
-0.00591383594754
-0.00205107601756
-0.00513655176066
