-0.0011784136146
-0.000677077629894
0.000460247973677
-0.00260966210124
0.000842954095008
0.00204679137755
-0.0014196972999
-0.00110766491295
-0.000623836478583
0.000512758469998
-0.00255830718435
-0.00128791244826
0.00212445092422
-0.00135008340174
-0.00103499992198
-0.000568650543459
0.000567188855536
-0.00250507190182
-0.0012144443582
0.00220383148644
-0.00127876061625
-0.000960428044079
-0.000511526998924
0.000623532239981
-0.00244996270955
-0.00113920076602
0.00228492467818
-0.00120573627047
-0.000883958864528
-0.000452473234158
0.00068178152554
-0.00239298625956
-0.00106219006902
0.000165171108
-0.0011310178229
-0.00318864241014
-0.000391496848579
0.000741929411194
-0.00233414939624
-0.000983420807016
0.000249663905557
-0.00105461286005
-0.00310840808662
-0.000328605647221
0.00080396839703
-0.00227345915239
-0.000902901657969
0.000335843441895
-0.000976529092856
-0.00302630625834
-0.00026380763602
0.000867890788656
-0.00221092274525
-0.000820641433728
0.000423700855914
-0.000896774353227
0.00134486217613
-0.000197111017038
0.000933688701691
-0.00214654757246
-0.000736649075688
0.000526742065311
-0.00295027296305
0.00143066807829
-0.00251156444785
0.00100135406631
-0.00208034120797
-0.000650933650466
0.000617928220415
-0.00286720024025
0.00151831024626
-0.00193241131469
0.00107087863188
-0.00201231139781
-0.000563504345556
0.000709138423491
-0.00278248073081
0.00160777797329
-0.00186006997281
0.00114225397159
-0.00194246605596
-0.000474370464992
0.000797197548
-0.00269612271481
0.00169279288136
-0.00178586469467
-0.00117332202224
-0.00187081325999
-0.000383541425013
0.000886912762098
-0.00260813457542
0.00176908355995
-0.00170980458901
-0.0010982710956
-0.0017973612468
-0.000291026749726
0.000978275107249
-0.00251852479538
0.00184723120542
-0.00163189893076
-0.00102139568471
-0.00172211840826
-0.00025948564989
0.00107127552673
-0.00242730195334
0.00192722623121
-0.00155215715591
-0.000942704873378
-0.00164509328682
-0.000238255375962
0.00116590486948
-0.00233447472037
0.00200905889233
-0.00147058885634
-0.00086220789756
0.000480568977375
-0.000215181532458
0.00126215389401
-0.00224005185634
0.00209271929075
-0.00138720377463
-0.000779914140506
0.000542263679532
-0.000190266745214
0.00131132931179
-0.00214404220642
0.00217819738069
-0.00130201179889
-0.000695833127842
0.0005696575635
-0.000163513843969
0.00133728781648
-0.00205060581256
0.00226548297399
-0.00121502295753
-0.000609974522661
0.000598929689567
-0.00245867999257
0.00136502783548
-0.00219677828877
0.00235456574548
-0.00112624741405
-0.000522348120596
0.000630076588933
-0.0024282601601
0.00139454641373
-0.0021688113373
-0.00146399918764
-0.00154825751362
-0.00402863946363
-0.000696599164702
-0.00112866166213
-0.00334204637251
-0.00406141546138
-0.00141898913416
-0.0014955907099
-0.00397389583883
-0.000640186055662
-0.00106680973302
-0.00329902139763
-0.00401734969029
-0.00137198780603
-0.00144089159061
-0.00391704547585
-0.000581606861106
-0.00100274548513
-0.00325367330497
-0.00555321685578
-0.00132300155139
-0.0013841679156
-0.00385809706251
-0.00158273712379
-0.00093647981538
-0.00320601041307
-0.00105909645925
-0.00127203695783
-0.00320395235503
-0.00379705955684
-0.00151985449751
-0.000868023919987
-0.00315604142235
-0.0010079278693
-0.00121910084805
-0.00317482817703
-0.00373394218074
-0.00145483509913
-0.000797389285636
-0.00310377540745
-0.000954410599998
-0.00116420027551
-0.0031442867154
0.000883815292692
-0.0013876892614
-0.00250884294373
-0.00304922180926
-0.000898554771242
-0.00110734251994
-0.0031116800389
0.000951063721774
-0.0013184275852
-0.00247138800318
-0.00299239042682
-0.000840370883249
-0.00104853508271
-0.0030770128279
0.00102036283903
-0.00124706093175
-0.00243167823208
-0.00293609286151
-0.000779869807144
-0.00101274676057
-0.00304029004307
0.00109170243407
-0.00117360041475
-0.00238972045935
-0.00289300652292
-0.000731410751499
-0.000975139372186
-0.00300151692184
0.00116507206654
-0.00109805739241
-0.00234552187053
-0.00284762180219
-0.000685551391141
-0.000935546480385
-0.00296320310197
-0.0007027984268
-0.00102044345943
-0.00229909000187
-0.00279994684884
-0.000637349468909
-0.000893973365999
-0.00292995080894
-0.000625400925138
-0.000940770438879
-0.00225043273405
-0.00274999018219
-0.000586814000431
-0.00153770296402
-0.00289464763201
-0.000546006016261
-0.000859050374077
-0.00219955828573
-0.00444870486632
-0.000533954388193
-0.0014921862193
-0.00285729857798
-0.000464624989502
-0.000775295520408
-0.00214647520683
-0.00439421177333
-0.000478780413135
-0.00348044404728
-0.00281790892606
-0.000381269328483
-0.000689518337111
-0.00331622381835
-0.00433746466921
-0.00042130222599
-0.00343100767609
-0.00277648422424
-0.000295950703879
-0.00060173147906
-0.00325875041856
-0.00427847347665
-0.000361530338384
-0.00337962107278
-0.00273303028546
-0.000208680966154
-0.00052304780296
-0.00319909595574
-0.0042172484491
-0.000299475613712
-0.0033262909259
-0.00268755318366
-0.000136404383183
-0.00239206840114
-0.00313727023406
-0.00415380016234
-0.000235149257816
-0.00327102414468
-0.00264005924964
-8.77011990971e-05
-0.00233032491285
-0.00307328335262
0.000350679392182
-0.000168562809471
-0.00321382785475
-0.00259055506678
-3.69394915098e-05
-0.00226649889494
-0.00300714569771
0.000418541223906
-0.0018899960117
-0.00647504225734
-0.00206694252458
-0.00134774219698
-0.00481049276085
-0.00450110615716
-0.00496960950647
-0.00449553809447
-0.00103789031277
-0.00392945172941
-0.00412173146274
-0.00369316340031
-0.00358010118673
-0.00323751416582
-0.00320280636068
-0.00268262960607
-0.00257607129093
-0.0023356682427
-0.0058180113755
-0.00526881779052
-0.00162353838992
-0.00124081487918
-0.00580616452372
-0.00261050178328
-0.00189472680421
-0.00218634674059
-0.00508556480795
-0.00555894707021
-0.00508817680841
-0.00524391208812
-0.00103757276782
-0.00470253564673
-0.00427430188089
-0.00423932194637
-0.00389630918064
-0.00352661586896
-0.00333495284389
-0.00323114650016
-0.00298794880324
-0.00275233343369
-0.00591033478935
-0.00549918477666
-0.00180711362383
-0.00334222137785
-0.00691874090753
-0.00251630953133
-0.00290596233061
-0.00235572515094
-0.00283379621127
-0.00564643574424
-0.005803749174
-0.00171259355715
-0.00134590606772
-0.00482055261399
-0.00455861765056
-0.00452196872704
-0.00415002178494
-0.000299358903195
-0.0038533958739
-0.0036074828581
-0.0033674424532
-0.00280601579422
-0.00239278663055
-0.00234009968231
-0.00398903323925
-0.00450749824257
-0.00691681450412
-0.00359449967304
-0.00288371615489
-0.00254619874338
-0.00286830301902
-0.00573018513672
-0.00598599342224
-0.00199422523168
-0.00191895029754
-0.00515039478013
-0.00511334593034
-0.00473922130194
-0.00446592069386
-0.000787356876593
-0.0041931667605
-0.00394885267095
-0.00368127625592
-0.00296116147692
-0.00284173457025
-0.00460339191178
-0.00403597441392
-0.00447373957097
-0.00330512117154
-0.00354282013068
-0.00302969780615
-0.00335467339588
-0.00303368496417
-0.00659911241133
-0.00260838196308
-0.00253224533911
-0.00222796848445
-0.0021905356134
-0.00529309220374
-0.00511028527072
-0.00134061987199
-0.0012624555088
-0.0044954955806
-0.00422234024429
-0.00349530573982
-0.0033053410756
-0.00518422688759
-0.00462231006875
-0.00509209425146
-0.00454214866731
-0.00416843519479
-0.00347592669456
-0.00381352471508
-0.00360868953506
-0.00387020841543
-0.00682606842508
-0.00316460962083
-0.00275446102755
-0.00252649903585
-0.00236373305647
-0.00572299296075
-0.00542147921751
-0.00177719289718
-0.00135952982985
-0.00472785666446
-0.00399423659711
-0.00373294379141
-0.00275385341445
-0.00517510929519
-0.00567603770351
-0.00513046612271
-0.0015577502938
-0.000826761013752
-0.00434784484571
-0.00414733827375
-0.00395091404992
-0.00404458919742
-0.0034530725336
-0.00336764760612
-0.0031089512599
-0.0029396960525
-0.00280714303886
-0.00599272368078
-0.00225488602757
-0.00183352987056
-0.00155915473293
-0.000819318187185
-0.00412372017992
-0.00326449563875
-0.00272976735451
-0.00622444822918
-0.00568307204109
-0.00514163218709
-0.00138269186011
-0.0010060831276
-0.00464850809538
-0.00445462796753
-0.00457812526591
-0.00433441028051
-0.000542864551059
-0.00368936385249
-0.00347889938341
-0.00334494921204
-0.00303706483845
-0.00622459239628
-0.00226972325142
-0.0019906528159
-0.00171487342688
-0.000937844303373
-0.00266077958681
-0.00325204929613
-0.00276673333532
-0.00619884545372
-0.00565981527374
-0.00190163194169
-0.00146482712163
-0.00190497925691
-0.00491962435478
-0.00511096798516
-0.00486808657976
-0.00108688300304
-0.000825916881053
-0.00398144661855
-0.00384491777311
-0.00370837396851
-0.00322809749268
-0.00645975311233
-0.00238376516231
-0.00220817424731
-0.00164364214036
-0.0031405716482
-0.00373717089679
-0.00324081547519
-0.00366077549668
-0.00311701743057
-0.00621809479334
-0.00192131316701
-0.00232797680011
-0.00211573250525
-0.00560516497051
-0.00536307232671
-0.00513150902994
-0.00133074258493
-0.00108250352886
-0.0043059441051
-0.0041666279671
-0.00368213316558
-0.00350005271379
0.000604179556519
-0.00288878613101
-0.00231718024559
-0.000684947669505
-0.00418410747095
-0.00367617567112
-0.00409965850851
-0.00355802727424
-0.00377922575587
-0.00257567846327
-0.00227551323351
-0.0025678352693
-0.0024911912861
-0.00581822657121
-0.0055975112446
-0.0055191614661
-0.00154546316972
-0.00132261422692
-0.00458507986804
-0.0041907584591
-0.00412674247738
-0.00357813071869
1.61389299472e-05
-0.00295724430283
-0.00509193372301
-0.00169431615127
-0.00407183995107
-0.00370453716014
-0.00396993923036
-0.0037582409856
-0.00400809817624
-0.00286916155171
-0.00316189503018
-0.00293902957409
-0.0029880514073
-0.00278000335375
-0.00594380414318
-0.00196794567553
-0.00170264322791
-0.00159259134174
-0.00478573594868
-0.00471732632937
-0.00462796174113
-0.000595911503949
-0.000669956288715
-0.00545538705783
-0.00109580791273
-0.00153867509593
-0.00406255443388
-0.00454314022377
-0.00433628698525
-0.00458903391697
-0.00423587703547
-0.00372073970446
-0.00349916416074
-0.00343266051008
-0.00316357096557
-0.00308394527002
-0.00606879962104
-0.00221622305165
-0.0021523491182
-0.00226411152016
-0.00527054756244
-0.00517521836293
-0.00472594416114
-0.00123945037935
-0.00577832289847
-0.00544982589566
-0.00186825011678
-0.00155106389194
-0.00215911373874
-0.00487576304431
-0.00513126801724
-0.00475206660558
-0.00110901055426
-0.00401969536316
-0.00377692548873
-0.00352664472329
-0.00342411905085
-0.00319269075026
-0.00273518909714
-0.00267318886262
-0.00278273904115
-0.00239016437557
-0.00230491101285
-0.00526450428122
-0.00177187998105
-0.00335611911795
-0.00573485603579
-0.0061830412769
-0.00204033703027
-0.00265438085998
-0.00242542522324
-0.00514465011682
-0.00522763522514
-0.00519492254886
-0.00135866618355
-0.00425591162584
-0.0040031717899
-0.00375261287442
-0.00377606110688
-0.00379400739487
-0.00315387712741
-0.00326134441631
-0.00286500541136
-0.00280917240236
-0.00237713843637
-0.0058031170898
-0.00359583684201
-0.0032483276352
-0.00654115176287
-0.00248921655576
-0.00244147046193
-0.00288399809957
-0.00264348949619
-0.00568130905179
-0.00563139635151
-0.00179621097705
-0.0015538241419
-0.00129879875135
-0.00429886684152
-0.00431998759534
-0.00433614259911
-0.000268859478763
-0.00369875681938
-0.0037720151853
-0.00327348680946
-0.00348349262581
-0.00287452530606
-0.00313525077341
-0.00370329784029
-0.00339953224041
-0.00419620863734
-0.00285403142842
-0.00330033748466
-0.00306208626194
-0.00313839049966
-0.00603604055227
-0.0061540456705
-0.00195521874187
-0.00184289527859
-0.00171140422848
-0.00500111150136
-0.00483758940183
-0.00482392119168
-0.000781775076814
-0.000868566754564
-0.00369673137204
-0.00390304592868
-0.00328903002923
-0.00371325730817
-0.00428657656069
-0.00392837030848
-0.00457972591514
-0.000413177520744
-0.00370586748485
-0.00347661279648
-0.00356035368024
-0.00348913777631
-0.00640322491161
-0.00237120211773
-0.00234690938
-0.00222196238556
-0.00231990625215
-0.00529706284269
-0.0052800519246
-0.00113354349969
-0.00121742609564
-0.000782506444227
-0.00428078270442
-0.00366214970836
-0.00162883932403
-0.00483131063623
-0.00447815409443
-0.00497024776325
-0.00495365382413
-0.00126939100429
-0.00387841751216
-0.00364311328959
-0.00386041363484
-0.00381319814867
-0.00379735054964
-0.00280847197849
-0.00269010810295
-0.00273764168995
-0.00257107621647
-0.0056932427324
-0.00524175792665
-0.00152232420404
-0.00112050403977
-0.00135136313923
-0.00490852899195
-0.00212915508402
-0.00271201364316
-0.00498784168148
-0.00465908335244
-0.00530537592011
-0.00111423276878
-0.00139041744166
-0.00407682792764
-0.00428222567857
-0.00413996338285
-0.00421489642282
-0.000189361387765
-0.00311456041424
-0.00311089335871
-0.00294300077763
-0.00293211031538
-0.00599903382721
-0.00566775260569
-0.0021234925047
-0.00175060376646
-0.00202962559904
-0.00258879760922
-0.00236026954705
-0.0028298248586
-0.00245220330396
-0.00561213679817
-0.00558412838812
-0.00170205345924
-0.00161598092904
-0.00467313400006
-0.00451833486349
-0.00458732355311
-0.00459705358704
-0.000629991526775
-0.00347771234319
-0.00361695478411
-0.0032561252339
-0.00331881003731
-0.00301909687661
-0.00251271876592
-0.00210672728388
-0.00238173859797
0.00042183245685
-0.00294294007137
-0.00238570706716
-0.00050950609211
-0.00343842673047
-0.000649115714293
0.000688990944594
0.000368841919695
-0.00298129812394
-0.00242359551333
-0.000544913725211
-0.00347301613506
-0.000682675001472
0.000673439861315
0.000317803536628
0.00178780870139
-0.00245953658145
-0.000600583878193
-0.00350573373737
-0.00137723965199
0.00114482934209
-0.000599561533415
0.00175339699767
-0.00249352565124
-0.000670464467294
-0.00353657566243
-0.00140716064078
0.00113285032216
-0.000646675738205
0.00172096541161
-0.00152308538054
-0.000738502066307
-0.00359485311151
-0.00143525736355
0.001075994915
-0.000691818379278
0.00169051824122
-0.00159041731379
-0.000804688518511
-0.00365940246251
-0.00146152667054
0.000997531072661
-0.000734983453962
0.00166205953282
-0.0016558611811
-0.000869015842861
-0.00372213432789
-0.00152183701867
0.000244410772297
-0.000776165199732
0.000760316099407
-0.00171940878216
-0.00093147623847
-0.00378304145584
-0.00158082915849
0.000169304887034
-0.00081535809795
0.000735845434315
-0.00178105210876
-0.000992062089034
-0.00384211676852
-0.00163804256788
9.58894388838e-05
-0.00085255687747
0.000691509138233
-0.00184078334953
-0.0010507659672
-0.00389935336592
-0.0016934709632
2.41718990737e-05
-0.000887756518093
0.000633202857162
-0.00275168730427
-0.00110758063885
0.000931211649601
-0.0017616018575
-4.58403913869e-05
-0.00092095225389
0.000576838942462
-0.00280757174981
-0.00116249906733
0.000877672452251
-0.00184867527685
-0.000114140225161
-0.000952139576364
0.000522424769535
-0.0028615219026
-0.00121551441759
0.000825991565193
-0.00193404391829
-0.000180720532011
-0.000981314237464
0.000469967494123
-0.00291353078435
-0.00126662006024
0.000776175139564
-0.00201769873542
-0.000245574382185
-0.00100847225243
0.000419474047809
-0.00296359163608
-0.00216890198518
0.00072822913031
-0.00209963080122
-0.00030869498978
-0.00103547191662
0.000370951133638
-0.00301169792231
-0.00136046812258
0.000682159292763
-0.00217983131235
-0.000370075716058
-0.00110904186632
0.000324405221836
-0.00305784333514
-0.00140580698152
0.000637971179311
-0.00225829159332
-0.000429710072718
-0.00118069087182
0.000279842545651
-0.00310202179827
-0.00144921174973
-0.000261641164777
-0.0023350031007
-0.000499357901367
-0.00125040954165
0.000237269097321
-0.00314422747086
-0.00149067688359
-0.000302050000755
-0.00240995742735
-0.00057223572212
-0.0013181886785
0.000196690624167
-0.00318445475126
-0.00153019706746
-0.000340561705033
-0.00248314630656
-0.000643390979861
-0.00138401928484
0.000158112624814
-0.00322269828065
-0.0015677672169
-0.00037717156837
-0.00255456161625
-0.000712816184992
-0.00267630200401
-0.00395586859943
-0.000504274140214
-0.00208454053499
-0.0029838478188
-0.00426572336092
-0.000925285705261
-0.00274079772306
-0.00402275142994
-0.000573991800441
-0.00215406580729
-0.00302616119363
-0.00435682452607
-0.0010184872983
-0.00280351360547
-0.00408767662121
-0.000641697914976
-0.00222151889218
-0.00306627316143
-0.00444584203284
-0.00111382169719
-0.00286421268404
-0.00415063543315
-0.000707382815694
-0.00228688957099
-0.00310417710492
-0.0045327616587
-0.00120276424251
-0.00292300184688
-0.00455165359456
-0.000771037063788
-0.00235016787632
-0.00365990050854
-0.00461756939113
-0.00128955473244
-0.0029798736313
-0.0046106542929
-0.000832651456103
-0.00241134409914
-0.00371777768418
-0.00470025143756
-0.00137417844499
-0.00303482078098
-0.00466766370302
-0.000892217031364
-0.00247040879573
-0.00379912132523
-0.00478079423524
-0.00145662089614
-0.00308783625032
-0.0047226739768
-0.00094972507631
-0.00252735279461
-0.00407151013312
0.000102074736259
-0.00153686785083
-0.00314847516578
-0.0047756775022
-0.00100516713172
-0.00258216720322
-0.00414864875348
2.58501553982e-05
-0.00161490533385
-0.0032184407306
-0.00482749349188
-0.00105853499831
-0.00263484341456
-0.00422366627197
-4.81959664748e-05
-0.00169071964082
-0.00328650790208
-0.0048802058214
-0.00110982074253
-0.0026853731136
-0.00429655061993
-0.000120051084702
-0.00176429734902
-0.00335266802037
4.78109311427e-05
-0.00150386263415
-0.00273374828359
-0.00436728998403
-0.00018970293357
-0.00183562532822
-0.00341691261773
-8.54891066493e-07
-0.00155096142385
-0.00277996121215
-0.00443587281505
-0.000257139535929
-0.00190469075136
-0.00347923342351
-4.74870324466e-05
-0.00159595594046
-0.00282400449722
-0.00450228783657
-0.000322349212705
-0.00197148110518
-0.00353962236921
-0.000266347963932
-0.00164678964722
-0.00286587105278
-0.00456652405356
-0.000588987800848
-0.0020359842007
-0.00359807159329
-0.000311984537421
-0.00170054265837
-0.00291725186397
-0.00462857076082
-0.00064970982838
-0.00209818818357
-0.00415423080136
-0.0003578051767
-0.00175666864101
-0.00296897260287
-0.00468841755138
-0.000708171774816
-0.00215808154427
-0.00420877784981
-0.000401577347447
-0.00181070191547
-0.00301852661023
-0.00474605432468
-0.00148602089457
-0.00221565312811
-0.00426136288206
-0.000443294774876
-0.0018626342978
-0.00340300135008
-0.0048014712946
-0.00153993183954
-0.00227089214501
-0.00431197891203
-0.000483608968494
-0.00191245788197
-0.00344819820417
-0.00485465899739
-0.00159155255973
-0.00232378817915
-0.00436061918389
-0.000533927128464
-0.00196016504567
-0.00349120527109
-0.00490560829933
-0.0016408737169
-0.00237433119829
-0.00229855688291
-0.00556968906428
-0.00317243790283
-0.00185373076032
-0.00701571367243
-0.00459165636747
-0.00319201257626
-0.00230828746701
-0.00557974327222
-0.00318282872439
-0.00185328853617
-0.00262620741982
-0.00459118265694
-0.00319124219405
-0.00231713330446
-0.00558888336473
-0.00431966973638
-0.00185186843129
-0.00262473762323
-0.00458966144283
-0.00319508386215
-0.00232509416419
-0.00559710908693
-0.00432817096231
-0.00184947049095
-0.00262225577883
-0.00458709278076
-0.0032162376956
-0.00233216983818
-0.00560442020933
-0.00433572699647
-0.00184609479156
-0.00261876197135
-0.00562417851907
-0.00323631110922
-0.00233836014149
-0.00561081652793
-0.00434233761363
-0.00184568788116
-0.00261425632007
-0.0056312905686
-0.00325530331788
-0.00234366491227
-0.00561629786416
-0.00434800261671
-0.00185154332145
-0.00260873897875
-0.00564856498193
-0.00327321357803
-0.00358420983862
-0.00562086406501
-0.00435272183677
-0.00185642120306
-0.00260221013567
-0.00566479494364
-0.00329004118785
-0.0035877431513
-0.00562451500294
-0.00435649513303
-0.00186032137054
-0.00259467001353
-0.0056799798615
-0.00330578548739
-0.00359039058469
-0.00562725057599
-0.00435932239293
-0.00506402616255
-0.00258611886948
-0.00569411918101
-0.00332044585871
-0.00359215206955
-0.00562907070773
-0.0043612035321
-0.00506597056001
-0.00257655699502
-0.0057072123855
-0.00333402172598
-0.00359302755977
-0.00117389112573
-0.00436213849442
-0.00506693696389
-0.00256598471599
-0.00571925899622
-0.00441550230189
-0.00359301703246
-0.0011738802479
-0.00436212725197
-0.00506692534337
-0.00257066436444
-0.00573025857243
-0.00442690760263
-0.00359212048787
-0.00117295385295
-0.0043611698051
-0.00506593569883
-0.0025802630681
-0.00138359453482
-0.00443722692565
-0.00359033794948
-0.00242599463026
-0.00435926618238
-0.00506396806181
-0.00258885111539
-0.00139249887224
-0.00444645986466
-0.00358766946393
-0.00242323730429
-0.00435641644061
-0.00506102249506
-0.00259642821359
-0.00140035508176
-0.00445460605596
-0.00358411510103
-0.00241956461557
-0.00435262066482
-0.00505709909246
-0.00378440286728
-0.00140716287543
-0.00446166517853
-0.00357967495376
-0.00241497666667
-0.00434787896826
-0.00505219797907
-0.00378995732664
-0.00141292200362
-0.00446763695408
-0.00357434913826
-0.00240947358571
-0.00434219149236
-0.00504631931108
-0.00379450016509
-0.00141763225512
-0.00447252114711
-0.00356813779381
-0.00240305552635
-0.00433555840674
-0.00504063539311
-0.0037980312276
-0.00142129345711
-0.00447631756497
-0.0035610410828
-0.00239572266772
-0.00432797990915
-0.00504667544422
-0.00380055039367
-0.00142390547525
-0.00447902605787
-0.00565058739744
-0.00211624988255
-0.00283462559779
-0.0050151828621
-0.00267210445138
-0.00200622319039
-0.00411784007039
-0.00564962843927
-0.00212689109238
-0.00284536443073
-0.00501646153582
-0.00267339291895
-0.00200751977088
-0.00412074887018
-0.005647904925
-0.00213676135896
-0.00285532526388
-0.00501695504769
-0.00267389021088
-0.00200802019409
-0.00412285729301
-0.0056454168882
-0.00214586048649
-0.00286450789602
-0.00502322114203
-0.00267359631681
-0.00200772444946
-0.00412416529387
-0.00101009464808
-0.00215418829438
-0.00434857413458
-0.00503169183487
-0.00267251124285
-0.00338428773644
-0.00412467284482
-0.00100607772655
-0.00216174461734
-0.0043561998236
-0.00503937782409
-0.00267063501164
-0.00338330909321
-0.00412437993502
-0.00100129647258
-0.00216852930533
-0.0043630468019
-0.00504627895179
-0.00266796766235
-0.00338222161259
-0.00412328657074
-0.000995750979284
-0.00217454222358
-0.00436911493099
-0.00505239507618
-0.0026645092506
-0.00338033800787
-0.00412139277531
-0.000989441354655
-0.00331381843019
-0.0043744040881
-0.00505772607155
-0.00266025984855
-0.00337765831887
-0.00411869858918
-0.00098236772153
-0.00331828746596
-0.00437891416621
-0.0050622718283
-0.00265521954482
-0.00487464012743
-0.00411520406989
-0.00258922663981
-0.00332198441961
-0.00438264507402
-0.00653545065947
-0.00264938844453
-0.00487036845646
-0.00411090929204
-0.00259212136603
-0.00332490921766
-0.00438559673603
-0.00653842567475
-0.00264276666925
-0.00486530092145
-0.00547352301545
-0.00259425181722
-0.00332706180198
-0.00438776909248
-0.00197783309577
-0.00263535435702
-0.00485943762939
-0.00546762801264
-0.00259561795188
-0.00332844212977
-0.00438916209938
-0.00197923712485
-0.00262715166231
-0.00485277870407
-0.00546093307753
-0.00259621974343
-0.00332905017359
-0.00438977572853
-0.00197985560943
-0.00261815875602
-0.00484532428606
-0.00545343835296
-0.00259605718014
-0.00332888592135
-0.00438960996751
-0.0019796885368
-0.00260837582545
-0.00483707453265
-0.00544514399881
-0.00259513026518
-0.00493217206887
-0.00438866481967
-0.00197873591038
-0.00260640524667
-0.00482802961788
-0.00543605019196
-0.00259343901659
-0.00493046324967
-0.00438694030415
-0.00197699774978
-0.00410911320901
-0.00481818973252
-0.00542615712626
-0.00259098346731
-0.00492798219027
-0.00438443645587
-0.00197447409073
-0.00410657295121
-0.00480755508401
-0.00541546501256
-0.00258776366516
-0.00492472893998
-0.00438115332551
-0.00197116498516
-0.00410324208192
-0.0047961258965
-0.000876019693951
-0.00258377967283
-0.00492070356348
-0.00437709097955
-0.00196707050111
-0.00409912067053
-0.00478390241075
-0.000863730184499
