-0.00265943516877
-1.56764136e-05
-0.00210319526594
0.000825014898238
-0.000500368974363
-0.00410908274789
-0.00138574593561
-0.00265023971217
-6.51408574499e-06
-0.00209408875916
0.000834044127334
-0.00250552341616
-0.00410475255032
-0.0013624618296
-0.00263999234972
3.6963665808e-06
-0.00208394049964
0.000844106287837
-0.00249556942829
-0.00409940853277
-0.00134115088026
-0.00262869345968
0.00159409301951
-0.00207275085478
0.000855201021611
-0.00248459393926
-0.00409305087838
-0.001334858117
-0.00261634345892
-0.000755865760246
-0.00206052022948
0.000867327933959
-0.00247259733116
-0.00408567980491
-0.00132756226697
-0.00260294280284
-0.000742513332354
-0.00204724906609
0.000880486593696
-0.00245958002146
-0.00407729556482
-0.00131926357493
-0.00103689367479
-0.000728114505601
-0.00203293784427
0.000894676533221
-0.00244554246287
-0.00406789844511
8.49987100677e-05
-0.00102139322792
-0.000712669806466
-0.00201758708097
0.000909897248605
-0.00243048514328
-0.00405748876736
9.53022176066e-05
-0.00100484372221
-0.000696179799278
-0.0020011973303
0.000926148199677
-0.00241440858567
-0.00404606688763
0.000106607631693
-0.000987245766252
-0.000678645086108
-0.00198376918344
0.000943428810119
-0.00239731334804
-0.00265562689459
0.00011891457365
-0.000968600006691
-0.000660066306668
-0.00196530326853
-0.0033238485303
-0.00237920002331
-0.00264218181674
0.000132222631469
-0.00094890712809
-0.000640444138187
-0.00194580025057
-0.00330451047413
-0.00236006923919
-0.00262772581139
0.000146531359881
-0.000928167852806
-0.000619779295294
-0.00192526083129
-0.00328414470337
-0.000946900573713
-0.00261225937191
0.000161840280433
-0.000906382940865
-0.000598072529885
-0.00190368574901
-0.00326275193784
-0.000930223427554
-0.00259578302579
-0.00168175259137
-0.000883553189816
-0.000575324630988
-0.00188107577854
-0.00324033293293
-0.000912596900066
-0.00257829733454
-0.00166444485424
-0.000859679434592
-0.000551536424623
-0.00185743173102
-0.0018238673951
-0.000893953559092
-0.00255980289365
-0.00164613855864
-0.000834762547355
-0.000526708773647
-0.00183275445378
-0.00395995586497
-0.000874294049227
-0.00254030033242
-0.00162683431491
-0.000808803437341
-0.000500842577609
-0.0018070448302
-0.00393446302801
-0.000853619049613
-0.00251979031391
-0.00160653276613
-0.000781803050692
-0.000473938772576
-0.000376755024787
-0.00390794732627
-0.000831929273816
-0.00249827353478
-0.00158523458801
-0.00322860775733
-0.000445998330976
-0.000348983502015
-0.0038804096909
-0.000809225469709
-0.00247575072523
-0.00156294048878
-0.00319952780261
-0.00041702226142
-0.000320182497668
-0.00385185108777
-0.000785508419344
-0.0024522226488
-0.00153965120907
-0.000604360157474
-0.000918737459077
-0.00118464740467
-0.0018151225969
-0.00259362583517
-0.00331162431068
-0.00293996851071
-0.00059804574306
-0.000912296368289
-0.00117809106789
-0.00180729211853
-0.00257793275747
-0.00329559990745
-0.00292364807399
-0.000590647000246
-0.000904749221167
-0.00117040890873
-0.00180579507412
-0.00256106402421
-0.00327837518396
-0.00290610528786
-0.000582164219103
-0.000896096325582
-0.00116160125186
-0.00180314583687
-0.00254302041451
-0.00222252653936
-0.0028873410284
-0.000572597732076
-0.00088633803437
-0.00115134623177
-0.00179934452401
-0.00252380276099
-0.00220290372043
-0.00286735623174
-0.000561947913914
-0.000875474745261
-0.00114028874312
-0.00179439130371
-0.0025034119496
-0.00218208323993
-0.00284615189387
-0.000550215181604
-0.000863506900797
-0.00112810701498
-0.00178828639508
-0.00248184891938
-0.00216006609732
-0.00282372907039
-0.000537399994283
-0.000850434988247
-0.00111480156119
-0.00178103006807
-0.00246916919836
-0.0021368533483
-0.00280008887619
-0.000523502853154
-0.000836259539501
-0.0011003729426
-0.00177262264345
-0.00246057517706
-0.00211244610456
-0.00277523248526
-0.000508524301385
-0.000820981130966
-0.00108482176703
-0.00176306449273
-0.0014425243876
-0.0020868455335
-0.00274916113034
-0.000492464924001
0.00035933956195
-0.00106814868905
-0.00175235603807
-0.0014315783867
-0.00206005285798
-0.00272187610263
-0.000475325347777
0.000376821983366
-0.00105035440993
-0.00174049775218
-0.00141945712628
-0.002032069356
-0.00338347946605
-0.00045710624111
0.000395405369463
-0.00103143967743
-0.00172749015823
-0.00140616116507
-0.00200289636041
-0.00335377119867
-0.000437808313889
-0.000914589143755
-0.00101140528566
-0.00171333382976
-0.00139169111553
-0.00198521109565
-0.00332285347968
-0.000417432317364
-0.000893806131792
-0.00099025207493
-0.00169802939048
-0.00137604764371
-0.00196925849206
-0.00329072783087
-0.000395979043994
-0.000871924546172
-0.000967980931569
-0.00168157751421
-0.00135923146912
-0.00195211015697
-0.00238616870792
0.000777945703025
-0.000848945271153
-0.000944592787729
-0.000669620712926
-0.00134124336454
-0.00193376690977
-0.00235163199141
0.000801550988637
-0.000824869234334
-0.000920088621197
-0.000650876183661
-0.00132208415587
-0.0019142296261
-0.00231589224937
0.000826230928019
-0.000799697406464
-0.000894469455198
-0.00063098653777
-0.0013017547219
-0.00189349923768
-0.00227895122824
0.000851984565476
-0.000773430801249
-0.00087326823809
-0.000609952647791
-0.00128025599416
-0.00187157673205
-0.00225615186966
0.00087881090494
-0.000746070475153
-0.000851613887356
-0.000587775435494
-0.00125758895668
-0.00273777842226
-0.00223264553365
-0.00704344790583
-0.00426925326082
-0.00507374563455
-0.00473719449482
-0.00535154440197
-0.00250559104662
-0.00214495635569
-0.00245972435601
-0.00214332491886
-0.000190788031145
-0.0044448175665
-0.00466432118499
-0.00467825526617
-0.0048833160265
-0.00265633852139
-0.0027576830617
-0.00273333845701
-0.0026234364273
-0.000524471080832
-0.00514851317648
-0.00487445272996
-0.00503178124052
-0.00475781155595
-0.00556671096902
-0.00523411911476
-0.00341324232716
-0.00300894796593
-0.00342752192773
-0.00296732985592
-0.000986301238949
-0.00517235267769
-0.00500945617946
-0.00520080142344
-0.00303215033952
-0.00323850339003
-0.00317331396222
-0.00325012280712
-0.00322575326956
-0.00105221789152
-0.00102584872458
-0.00533196086372
-0.00534231608877
-0.00549322763167
-0.00522390069122
-0.00603704990839
-0.00326957544534
-0.0038907531159
-0.00348931265819
-0.00391021295799
-0.00111332468533
-0.00152382221264
-0.0057123894445
-0.00601009813007
-0.00356419564823
-0.00354356590144
-0.00375117042638
-0.00368659321503
-0.00164045090135
-0.00163132640118
-0.00152017164346
-0.00150356671183
-0.00580810562276
-0.00390129735588
-0.00593203511318
-0.0044559969434
-0.004065060319
-0.003720596933
-0.00434499784038
-0.00394630160067
-0.00204031880915
-0.00157425796927
-0.00203831919924
-0.00622932441345
-0.00436259001182
-0.00408413736866
-0.00432782031447
-0.00424013120922
-0.00209788087323
-0.00209224343307
-0.00207564758009
-0.00197182811456
-0.00195722152924
-0.00436887259914
-0.00432104654274
-0.00396196503684
-0.00487610009461
-0.00448907183177
-0.0052145893281
-0.00245831077682
-0.00298562123627
-0.00247570236931
-0.00201907625052
-0.00252937260897
-0.00455646785105
-0.00485775779077
-0.00458045010926
-0.00479149643323
-0.00262246151279
-0.00272481227783
-0.00255761753793
-0.00250012283269
-0.000451081708446
-0.00508030739023
-0.00479662847242
-0.00472970823393
-0.00435450796135
-0.00527270835402
-0.00488940449532
-0.00332075459717
-0.00286493553578
-0.00339475225394
-0.00288687738155
-0.00326961156534
-0.000774648158314
-0.00502593366143
-0.00532891720333
-0.00505271161935
-0.00316711860923
-0.00306276994855
-0.00316566479785
-0.00299843988726
-0.000940094076954
-0.00085630888456
-0.00532524363141
-0.00519962097162
-0.00513082889052
-0.00472344909251
-0.00564550366517
-0.00296821476198
-0.00370025888827
-0.00324723153676
-0.00377942645599
-0.00106077051832
-0.00149714170762
-0.00568351710036
-0.00609450146105
-0.00577565973324
-0.00343693645121
-0.00358144549975
-0.00347815672737
-0.00358157019831
-0.00145961014273
-0.00134476364231
-0.00123629297881
-0.00570441307617
-0.00381845433816
-0.00342522844057
-0.00641575556588
-0.00371829114356
-0.00455001953514
-0.00405526512455
-0.00360487182941
-0.00195433235612
-0.00142248600718
-0.00191287746232
-0.00610182503931
-0.00651488182211
-0.00414352210421
-0.00434158719619
-0.00402478248075
-0.00418367799276
-0.0020202123518
-0.00185016165512
-0.00173476911352
-0.00159068428635
-0.00429733805769
-0.00417085543728
-0.00377596293878
-0.00448139544774
-0.00404256289097
-0.00487741336756
-0.00438546867298
-0.00285560357683
-0.00228911048602
-0.00175898142527
-0.00230373170638
-0.00444529688163
-0.00486032137274
-0.00454052856568
-0.00474610862612
-0.00445033062318
-0.00260893110164
-0.00238510109944
-0.00237932023417
-0.00214640816111
-0.000201586284128
-0.00472053592722
-0.00460051666733
-0.0042114772389
-0.00477781920598
-0.00434215507858
-0.00517991103086
-0.0025223909693
-0.00316301589691
-0.00259848255785
-0.00303289460928
-0.000580687079038
-0.00481400173078
-0.00523122855633
-0.00491289962923
-0.00514534346017
-0.00291130479943
-0.00298791632999
-0.00272395398215
-0.00277426904838
-0.000758403327864
-0.00532606968566
-0.00514180898234
-0.00485924920444
-0.00302802410939
-0.00504955217111
-0.00461681170429
-0.00329765372796
-0.00280214334901
-0.00344489117635
-0.00288216745516
-0.00127001900318
-0.000921926469175
-0.00594408675365
-0.00557639002835
-0.00396735440416
-0.00358659578
-0.00328567278915
-0.00336263836955
-0.00310138414387
-0.00136365316495
-0.00114525867493
-0.00572266749099
-0.0055375622422
-0.0036484616199
-0.00342052253212
-0.00529636387216
-0.00409807583345
-0.0035495877587
-0.00305628417898
-0.00370097283313
-0.00106623394096
-0.00158299244612
-0.00573381398706
-0.00626147493269
-0.00397570113948
-0.00428759411632
-0.00393401933624
-0.00412253363927
-0.00192396102707
-0.00166441289857
-0.00172466586125
-0.00150604172901
-0.006093323013
-0.00430225206406
-0.00401702611951
-0.0037873109548
-0.00338189676517
-0.00432216706314
-0.00377589261022
-0.00452297339359
-0.00187536395546
-0.00129778102611
-0.00186997644937
-0.00602300727139
-0.00465509673258
-0.0042682703142
-0.00459511794253
-0.00425502185378
-0.00264747033176
-0.00228553659415
-0.00233766135055
-0.00205923959104
-0.00184040079015
-0.00483445937906
-0.00464585941387
-0.00435942049302
-0.00412804095005
-0.00357824998119
-0.00452066771821
-0.00194014814261
-0.0026890038847
-0.00207917163146
-0.00262396623059
-0.0021306999795
-0.00534359753718
-0.00491955029526
-0.00453410260351
-0.00488828694804
-0.00275246817523
-0.0029494480862
-0.00262059981131
-0.0026729431656
-0.000713862602154
-0.00066196732263
-0.00515217262249
-0.00497612320989
-0.00467531073508
-0.00297206046227
-0.00374910582446
-0.00267931360474
-0.00211460294282
-0.00289279117644
-0.00233409285498
-0.00293047140591
-0.000416079131422
-0.0055796372679
-0.0051571351948
-0.00558187600503
-0.00336992591009
-0.00301970008375
-0.00325702811858
-0.00292881604769
-0.00131933595103
-0.000994583372637
-0.00568730592828
-0.00544292645813
-0.00526623644235
-0.00349503414866
-0.00309571143576
-0.00354436830933
-0.00298839959624
-0.00247568789226
-0.00327869484589
-0.000796655822001
-0.00139584789877
-0.000746292378275
-0.00578874051243
-0.0053676148286
-0.00402161267034
-0.00360894824304
-0.00391209363975
-0.00353750013003
-0.00154784633621
-0.00160057861894
-0.00128198469497
-0.00601112686843
-0.00423707510195
-0.0040493756412
-0.00375699875477
-0.00335637383077
-0.00389377899648
-0.00334189586428
-0.00424646988844
-0.00173924012331
-0.00244468763576
-0.00176228021304
-0.00563976911979
-0.00602789026407
-0.0037789239565
-0.00422725426436
-0.00382051874848
-0.00416369497114
-0.00213280078365
-0.00229928174169
-0.00185435495638
-0.00190010819694
-0.00483314129916
-0.00453934400607
-0.00429661400849
-0.00399158774824
-0.00358978948458
-0.00421838906159
-0.00367033186379
-0.00268730225099
-0.00207443896445
-0.0027827567206
-0.00210283724515
-0.00534506094739
-0.00461352298698
-0.00393458295963
-0.00441020199524
-0.00400441883498
-0.0027458007868
-0.00235821815332
-0.00252517487024
-0.00208039968474
-0.000665112919977
-0.00510849044293
-0.00497853568719
-0.00457066772681
-0.00287810325008
-0.0024621224672
-0.00451791607445
-0.00208227085189
-0.00299367819439
-0.00238381141088
-0.00309479915872
-0.000621537507281
-0.00566135183883
-0.00493134388174
-0.00521238022542
-0.00456542827924
-0.00254951977211
-0.00294262276734
-0.00255573941728
-0.00272311525967
-0.000814023519211
-0.000912810133672
-0.00535613788472
-0.00522577383036
-0.00347726068211
-0.00312000544749
-0.00265481480568
-0.0029262709285
-0.00235972825201
-0.00327417073705
-0.00266706691513
-0.0016066939939
-0.000909390581923
-0.00595098879093
-0.00522239250334
-0.00387874762607
-0.00309120046244
-0.00354393117915
-0.00311143526802
-0.00339287830649
-0.00139480697459
-0.00103347376541
-0.00591136398436
-0.00557582071088
-0.00410915109039
-0.00369977927124
-0.00335965408821
-0.00291108305594
-0.00317485768042
-0.00418811937954
-0.00352851765606
-0.0025950334694
-0.00186581056064
-0.00117045662931
-0.00621368379002
-0.00386067307031
-0.00415078519298
-0.00338003759207
-0.00368385490489
-0.00175762086545
-0.00203956782677
-0.00153623600647
-0.00173489528667
-0.00610530691522
-0.00445213478288
-0.00433937506112
-0.00394367293919
-0.00360249434482
-0.00198960507029
-0.00319544747047
-0.00287548455241
-0.00168558140259
0.000544462858398
-0.00253713958341
-0.00443475664215
-0.00230187346124
-0.00326541037726
-0.00294519763636
-0.00175488669597
0.000475715053221
-0.00261049201674
-0.00450750134959
-0.00237387002394
-0.00333441936177
-0.000182348040174
-0.00182324603725
-0.00350900908481
-0.0026829208861
-0.00457932920187
-0.00244495802276
-0.00340247220873
-0.000250157136032
-0.00189065727089
-0.00357587643772
-0.00275442399951
-0.00465023805895
-0.00251513538052
-0.00346956672684
-0.000317010972945
-0.00195711826481
-0.00364180042898
-0.00282499918623
-0.00472022580164
-0.00375646763796
-0.000704088966791
-0.000382907406342
-0.00202262691073
-0.00370677899931
-0.00289464429699
-0.00478929033188
-0.00117437223678
-0.000769260350839
-0.000447844316081
-0.0020871811245
-0.00377081011306
-0.00296335720438
-0.00485742957302
-0.00124180541366
-0.000833466979242
-0.000511819606761
-0.00215077884634
-0.00383389175857
-0.00303113580306
-0.00492464147016
-0.0013083198475
-0.00089670675984
-0.00057483120804
-0.00221341804121
-0.00536630275963
-0.00309797801013
-0.00234047866321
-0.00137391356586
-0.000958977626061
-0.000636877074949
-0.0022750966991
-0.00542747953097
-0.00316388176538
-0.00240582979585
-0.00143858461807
-0.00102027753724
-0.000697955188206
-0.00233581283532
-0.00548770094579
-0.0032288450316
-0.00247024755287
-0.00150233107552
-0.00287404863556
-0.000758063554518
-0.0023955644908
-0.00554696509118
-0.000614717346442
-0.00253372996904
-0.00156515103187
-0.00293340061982
-0.000817200206896
-0.0024543497324
-0.00560527007968
-0.000677793616514
-0.00259627510231
-0.00162704260339
-0.00299177568558
-0.00467689901995
-0.00251216665323
-0.00566261404952
-0.000739923426916
-0.00265788103399
-0.00168800392917
-0.00304917189891
-0.0047340864502
-0.00256901337287
-0.00572120429326
-0.00080110483538
-0.00271854586913
-0.00174803317142
-0.00310558735331
-0.00479029642637
-0.00262488803772
-0.00314029392184
-0.00086133592409
-0.00277826773669
-0.00180712851572
-0.00316102017005
-0.00484552708968
-0.00267978882129
-0.00321275650587
-0.000920614799962
-0.00283704478992
-0.00186528817125
-0.00321546849844
-0.00489977660913
-0.00273371392445
-0.003284275727
-0.000978939594932
-0.00289487520653
-0.0019225103711
-0.00326893051612
-0.00495304318182
-7.52481475321e-05
-0.00335484933043
-0.00103630846623
-0.00295175718903
-0.00197879337247
-0.00332140442937
-0.0050053250332
-0.000135241354002
-0.00342447508414
-0.00109271959664
-0.00300768896494
-0.00203413545698
-0.00337288847341
-0.00505662041739
-0.000204423342517
-0.00349315077921
-0.00114817119482
-0.00439740956741
-0.00208853493084
-0.00120527336915
1.66013197666e-05
-0.00187999377861
-0.00312397587474
-0.00179235500557
-0.00294820001319
-0.00405142510768
-0.00125604622434
-5.67713776234e-05
-0.00195499976318
-0.00320052242982
-0.00187032248186
-0.0030274410234
-0.00168619655395
-0.00130969642671
-0.000129171761529
-0.00202901458096
-0.000728494356561
-0.00194726508007
-0.00310564285133
-0.00176548490254
0.00125123459677
-0.000200597403248
-0.00210203564437
-0.000803020607024
-0.00202317990847
-0.00318280246794
-0.00184326977478
0.0011772534985
-0.000891126988282
-0.00217406039174
-0.000876532617343
-0.00209806410326
-0.00325891687306
-0.00192044584461
-0.00314867277658
-0.00096059595896
-0.0022450862877
-0.000949027698716
-0.00217191482906
-0.00333398309583
-0.00199656112363
-0.00322448985543
-0.00102908305143
-0.00231511082363
-0.00102050319022
-0.00224472927948
-0.00340799819529
-0.0020716125516
-0.00329935735064
-0.00109658593827
-0.00238413151805
-0.00109095645927
-0.00231650467751
-0.00348095926085
-0.00214559709952
-0.00337327285639
-0.00116310231833
8.56419749266e-05
-0.00116038490204
-0.00238723827606
-0.00110716655977
-0.00221851177018
-0.0034462339895
-0.00122862991702
1.86362974355e-05
-0.00122878594393
-0.00245692735844
-0.00117801095005
-0.00229035359872
-0.00351823838971
-0.00129316648677
-4.7358260945e-05
-0.00129615704
-0.00252556923882
-0.00124779276233
-0.00236111965317
-0.00358928372011
-0.00560587184795
-0.000112339331313
-0.0013624956754
-0.00259316126273
-0.00131650921284
-0.00243080703502
-0.00367422737636
-0.0056684197267
-0.000176304573909
-0.00142779936581
-0.00265970080752
-0.00154973646003
-0.00249941287976
-0.00452612806322
-0.00572996999911
-0.000239251678513
-0.0014920656579
-0.00272518528284
-0.00161631396817
-0.00256693435742
-0.00461480876677
-0.00579052052905
-0.000301178364832
-0.00155529212971
-0.000348094122393
-0.00168181796321
-0.00263336867309
-0.00470255700042
-0.00338871030428
-0.000362082382888
-0.00161747639112
-0.000411460819247
-0.00174624579638
-0.00269871306751
-0.00478936997471
-0.00344725505616
-0.000421961513403
-0.00167861608425
-0.000473764874041
-0.00180959485393
-0.00276296481756
-0.00487524491892
-0.00350479383097
-0.00480515476102
-0.0017387088839
-0.000535003830275
-0.0018718625576
-0.00282612123679
-0.0049601790815
-0.00356132460959
-0.00486297758333
-0.00179775249794
-0.000595175266063
-0.00193304636515
-0.00288817967596
-0.00504416973047
-0.00361684540302
-0.00491976904826
-0.00185574466774
-0.000654276794576
-0.0019931437708
-0.00294913752359
-0.00512721415376
-0.00367135425268
-0.00497552706311
0.000509639350541
-0.000712306064496
-0.00205215230576
-0.00070657560611
-0.00631103830509
-0.00500925426407
-0.00427016067725
-0.00354360079786
-0.00229144128895
-0.00492310714263
-0.00422602790912
-0.00629947039626
-0.00499740353446
-0.00425802197671
-0.00353453465245
-0.00228215281514
-0.00491359423431
-0.00421280825054
-0.00628717112578
-0.0049848036229
-0.00424511595393
-0.0035246817603
-0.00227205834275
-0.00490325589623
-0.00419874283343
-0.00627414071325
-0.00497145476547
-0.00423144286258
-0.00351404232488
-0.00226115809055
-0.00489209236342
-0.00418383199378
-0.00626037939123
-0.00495735721217
-0.0042170029713
-0.0035026165658
-0.0022494522947
-0.00488010388953
-0.00376015493723
-0.00624588740519
-0.00494251122689
-0.00420179656365
-0.00298385557652
-0.0022369412087
-0.00486729074685
-0.00374355434037
-0.00563318526036
-0.00492691708741
-0.00418582393809
-0.00297085789352
-0.00570466674342
-0.00485365322629
-0.0037261094487
-0.00561723273441
-0.00491057508536
-0.00416908540798
-0.00295707464244
-0.00569054590689
-0.00483919163729
-0.00370782067796
-0.00560055035833
-0.00489348552619
-0.00415158130148
-0.00294250610733
-0.00567562064452
-0.00482390630785
-0.00368868846365
-0.00558313842913
-0.00487564872914
-0.00413331196158
-0.00292715258824
-0.00565989127894
-0.00480779758444
-0.00366871326107
-0.00222993949882
-0.00485706502722
-0.00411742409473
-0.00291101440122
-0.00564335814993
-0.004790865832
-0.00364789554523
-0.00221106940563
-0.00483773476717
-0.00410090988177
-0.00289409187832
-0.00562602161445
-0.00437435170371
-0.00362623581078
-0.00219147072713
-0.00481765830944
-0.00358724019679
-0.0028763853675
-0.00560788204659
-0.00435577506162
-0.00360373457198
-0.00217114381143
-0.00479683602815
-0.00356919592934
-0.00285789523262
-0.00558893983749
-0.0043363765956
-0.00358734639505
-0.00215008901934
-0.00477526831104
-0.00355038715674
-0.00283862185341
-0.00556919539535
-0.00431615674398
-0.00357630935066
-0.00212830672434
-0.00136614141222
-0.00353081424669
-0.00635746568043
-0.00554864914535
-0.0042951159633
-0.00356442784934
-0.00210579731254
-0.00134308404107
-0.0035104775816
-0.00633662701503
-0.00552730152963
-0.00427902799332
-0.00355170217386
-0.00208256118267
-0.00131928247879
-0.0034893775585
-0.00631500633927
-0.0051173111716
-0.00426579457747
-0.00353813262695
-0.00205859874599
-0.000800187185027
-0.00346751458906
-0.00629260409594
-0.00509436221838
-0.00425173841799
-0.00352371953125
-0.00203391042633
-0.000774898579646
-0.0034448890995
-0.00626942074347
-0.00507061332704
-0.0042368598326
-0.00350846322927
-0.00200849666
-0.000748867149152
-0.00342150153059
-0.0062454567559
-0.00504606500702
-0.00422115915746
-0.00349236408336
-0.00151892874049
-0.00208466121154
-0.000447326904443
-0.00367547677934
-0.00382097412106
-0.00218358280578
-0.00554943174617
-0.00150694955493
-0.00207263122794
-0.00442735575942
-0.00366338211365
-0.00380886617951
-0.00216611121002
-0.00553192722237
-0.00149429974316
-0.00115022865717
-0.00441461154795
-0.00365061037961
-0.00299202308426
-0.00215609775248
-0.00551374470561
-0.00552769156582
-0.00113685194572
-0.00440119191652
-0.00363716177268
-0.002978559721
-0.00215147854617
-0.00549488447541
-0.00551370108139
-0.00112280216899
-0.00438709706953
-0.0036230364986
-0.00296441895135
-0.00214618048009
-0.00547534682153
-0.00549904057046
-0.00110807953952
-0.0043723272216
-0.00360823477336
-0.002949600992
-0.00214020363565
-0.00545513204397
-0.00548371025288
-0.00109268427996
-0.00435688259752
-0.00359275682322
-0.00293410606997
-0.00213354810467
-0.00543424045294
-0.00546771035842
-0.00107661662302
-0.00434076343223
-0.00357660288463
-0.00291793442248
-0.00212621398936
-0.00541267236886
-0.00455785434896
-0.00105987681146
-0.00432396997082
-0.00275571585948
-0.00290108629703
-0.00211820140236
-0.00470918428539
-0.00454051602978
-0.00104246509806
-0.00430650246853
-0.00273821069425
-0.00288356195135
-0.00210951046666
-0.004686264217
-0.00452250888254
-0.00102438174563
-0.00428836119067
-0.00272003031118
-0.00286536165335
-0.00210014131567
-0.00466266867762
-0.0045038331766
-0.00100562702695
-0.00426954641267
-0.00270117498746
-0.00285466799335
-0.00209009409315
-0.00463839802816
-0.00448448919118
-0.000986201224793
-0.00425005842001
-0.00268164501043
-0.00284395109254
-0.00207936895321
-0.00461345263956
-0.00446447721533
-0.000966104631876
-0.00422989750821
-0.00266144067752
-0.00283255695797
-0.00206796606032
-0.00458783289281
-0.00444735397751
-0.000945337550839
-0.00340899642394
-0.00264056229625
-0.00282048576406
-0.00136648522931
-0.00456153917889
-0.00443640867898
-0.000923900294233
-0.00338749060053
-0.00261901018421
-0.0028077376955
-0.00135372736527
-0.00453457189877
-0.00442479369208
-0.000901793184489
-0.0033653128046
-0.00259678466902
-0.00279431294728
-0.00134029230365
-0.00450693146333
-0.00441250919066
-0.000879016553898
-0.00334246337164
-0.00257388608832
-0.00278021172465
-0.00132618025018
-0.0044786182934
-0.00439955535855
-0.000855570744585
-0.00331894264704
-0.00255031478974
-0.00276543424311
-0.00131139142084
-0.00444963281964
-0.00438593238947
-0.000831456108482
-0.00329475098612
-0.00252607113087
-0.0027499807284
-0.00518888979407
-0.00441997548261
-0.00437164048712
-3.9536150688e-06
-0.00326988875405
-0.00250115547923
-0.00205107276002
-0.00517274810206
-0.00438964673263
