-0.000485671559755
0.000957837449279
0.00149240576794
0.00287328017478
-7.50778455671e-05
0.00340136747575
0.000489633716612
-0.000445001515982
0.000998675666011
0.00153358260143
0.00291474707964
-3.42144109646e-05
0.00344248756453
0.000530956416373
-0.000403593414026
0.00255100266577
0.00157550922916
0.00295696885006
7.40909048887e-06
-0.000717173073393
0.000573047387737
-0.000361448019568
0.00259332783856
0.00161818485063
0.00299994466877
4.97918424092e-05
-0.000674524509551
0.00061590578688
-0.000318566110831
0.00263639530479
0.00166160865223
-0.00123409297712
9.29330147215e-05
-0.000631112969575
0.000659530755859
0.00122168503624
-0.00167123376546
0.00170577980728
-0.00118961156715
0.000136831763739
-0.000586939312886
0.0007039214227
0.00126603758903
-0.00162668414535
0.00175069747614
-0.00114437864075
0.000181487232245
-0.000542004412666
0.000749076901481
0.00131112424684
-0.0015813946901
0.00179636080626
-0.00109839506824
0.00022689854957
-0.000496309155779
0.00221135632051
0.00135694418198
-0.00153536624434
0.00184276893225
-0.00105166173306
0.000273064831679
-0.00274727356603
0.00225803871004
0.00140349655455
-0.00148859966516
0.001889920976
-0.00100417953159
0.000319985181251
-0.00270006031069
0.00230548317092
0.00143585218471
-0.00144109582201
0.00193781604674
-0.000955949373139
0.000367658687766
-0.00126854456332
0.00235368876232
0.00146894768581
-0.00139285559668
0.0019864532411
-0.00090697217982
0.000416084427588
-0.00121981701899
0.00240265452986
0.00150278337919
-0.00134387988319
0.00203583164321
-0.000857248886484
0.000465261464054
-0.00117033375449
0.00245237950579
0.00153735863948
-0.00129416958769
0.0020859503248
-0.000806780440626
0.00191401579686
-0.00112009573694
0.00250286270901
0.00157267282837
-0.00124372562841
0.00213680834526
-0.000755567802299
0.00196469256494
-0.00106910394653
0.00255410314519
0.00160872529468
-0.00119254893558
0.00218840475174
0.000669372666467
0.00201611774239
-0.00101735937642
0.00260609980688
0.00164551537438
-0.00114064045132
0.0022407385792
0.000722070759769
0.0020682903413
-0.000964863032637
0.00265885167356
0.0016830423907
-0.00108800112958
0.00229380885056
0.000775510090902
0.00212120936121
-0.000911615934008
0.00271235771178
0.00172130565415
-0.00103876905875
0.00373486518644
0.000829689650461
0.00217487378913
-0.000857619112042
0.00276661687525
0.0017603044626
-0.000999502746187
0.00378940536645
0.000884608416928
0.00222928259972
-0.000802873610846
0.0028216281049
0.00180003810135
-0.00095949674296
0.0038446789875
0.000940265356767
0.00228443475529
-0.000747380487026
0.00287739032904
-0.000361772973542
0.00176117202623
0.00248325491551
-0.00353075371276
-0.00147863830786
-0.000659753990722
3.77705649217e-05
-0.000345408538232
0.00177806900405
0.00252912008055
-0.00348331496328
-0.00142956596211
-0.000638874577371
7.2910342473e-05
0.00103421056678
0.00179586640989
0.00257589645219
-0.00215851121148
-0.00137952217063
-0.000616966929413
0.00010910604704
0.00105231903453
0.00181456376133
0.00261412432123
-0.00210919222998
-0.00133125323191
-0.00059403182247
0.00137339429642
0.00107129883913
0.00183416055191
0.00263436154214
-0.00205893535277
-0.00130811123429
-0.000570070067706
0.00141169772769
0.00109114949859
0.00185465625124
0.00265552676576
-0.00200774209357
-0.00128397807351
-0.000545082511685
0.00145105288436
0.00111187050917
0.00187605030503
0.00267761938188
-0.00195561399093
-0.00125885454436
-0.000519070036218
0.00149145829203
0.00113346134548
0.00189834213518
0.00270063875411
-0.00192879739391
-0.00123274147334
-0.000492033558216
0.00152838313529
0.0011559214605
0.00192153113986
0.00401866904463
-0.00190261798968
-0.00120563971854
-0.000463974029522
0.00155743261263
0.0011792502857
0.0019456166936
5.97545174627e-05
-0.00187548385426
-0.00117755016947
0.000767137670628
0.00158753950519
0.00120344723106
0.00197059814735
8.55500795093e-05
-0.00184739581818
-0.00114847374696
0.00079724030626
0.00161870268065
0.00122851168518
0.00199647482858
0.000112269592371
-0.00181835474011
-0.00111841140297
0.000828362929117
0.00165092096868
0.00125444301536
0.00202324604138
0.000139912290271
-0.00178836150682
-0.00108736412044
0.000860504449325
0.00168419316115
0.00128124056762
0.00205091106653
-0.00261095425924
-0.00175741703295
-0.00105533291318
0.000893663742955
0.00171851801233
0.00130890366689
0.0033436426991
-0.00258146759074
-0.00172552226094
-0.00102231882564
0.000927839652223
0.00175389423914
0.00133743161697
0.00337309309859
-0.0025510601875
-0.0016926781609
0.000189725618306
0.000963030985685
0.00179032052139
0.00136682370071
0.00340343501396
-0.00251973291686
-0.00165888573038
0.00022470221119
0.000999236518442
-0.00196419425661
0.00139707918006
0.00343466763379
-0.00248748667129
-0.00162414599432
0.000260658368651
0.00103645499235
-0.00192567197135
0.00142819729616
-0.000564461060772
-0.00245432236823
-0.00158846000483
0.000297592925269
0.00107468511623
-0.00188610381151
0.00146017726946
-0.00053144955735
-0.00242024094995
-0.00155182884107
0.000335504685835
0.0011139255661
-0.00184549124331
0.00272833201332
-0.000497549920048
-0.00238524338347
-0.000360115833755
0.000374392425541
0.00115417498537
-0.00180383576878
-0.0019494558264
-0.00033717719442
-0.000828856454434
-0.00093544046925
-0.00136468890186
7.81786005747e-05
2.63170954013e-05
-0.00286568799096
-0.00334362665174
-0.00375255233661
-0.00290694325225
-0.00305183265334
-0.00366695807444
-0.00342231104396
-0.00227816668372
-0.00198757896491
-0.00295274788298
-0.00213208409272
-0.00166347808419
-0.000809314315004
-0.000163366840192
-0.00157335212652
0.000185903718482
-0.00193742091145
-0.000700598155855
-0.00112773110471
0.000316345888144
-0.0012631267483
0.000403264549237
9.90472431778e-05
-0.00350698155312
-0.0025547913138
-0.00435806411591
-0.00331349292875
-0.0030706967675
-0.00195211889503
-0.00355498121316
-0.00258499921713
-0.00226421474887
-0.00130680130221
-0.00245438088284
-0.00180125022016
-0.00115517027166
-0.00287048664768
-0.00166065450419
-0.000420348714516
-0.000844984397115
-0.000927351898291
-0.000978644826524
0.000626203664611
0.000388649346692
0.00134041959755
-0.00507932627266
-0.00395881902729
-0.00291467210198
-0.00267393105193
-0.00347213860812
-0.00324428829005
-0.00217312302397
-0.00185507599668
-0.00290435760582
-0.00238468758653
-0.00143745532048
-0.00202386137398
-0.00255459548618
-0.00133977043436
-0.00194087287583
-0.00202850322231
-0.000597987572877
-0.000648928351199
0.000830210180306
-0.00102388162423
-2.03486793083e-05
-0.000234164896054
-0.00360573712224
-0.00349986309464
-0.00415053674514
-0.0031147620246
-0.0028886118238
-0.00181239120181
-0.00338995747714
-0.00246155587193
-0.00194651815369
-0.00110392484124
-0.00165844599787
-0.00219603881207
-0.000975624082845
-0.00305594891779
-0.00165669758288
-0.00189259838769
-0.000274902760048
-0.00060611841459
-0.000773138661274
0.000362135130916
0.000150037490025
0.00131782513765
-0.00493241408154
-0.00377203040568
-0.00354105378563
-0.00248894567949
-0.00340289296006
-0.00295442039415
-0.00197736219373
-0.00151812856455
-0.00286398403017
-0.00136482230366
-0.00179571971164
-0.0020528444753
-0.00264458144377
-0.0012418194465
-0.00147571532024
-0.00152735023388
-0.00182284905652
-0.000477096126931
0.000788260768809
-0.00126853482185
-0.000115299496347
-1.84326178514e-05
0.00116972297252
-0.00309643422725
-0.0040237226128
-0.0036721071331
-0.00259524676428
-0.00151068606982
-0.00322582274696
-0.00244675971154
-0.00313557156341
-0.00290039781431
-0.00160508360527
-0.0021915124243
-0.000784951680569
-0.00267272639388
-0.00113577633281
-0.0014834920725
-0.000136581070132
-0.00195463475926
-0.000797881289096
0.000355579749714
0.000416324117831
0.00163443861477
-0.00014453987271
-0.00353939888976
-0.00326699725637
-0.00219356057704
-0.00372705780545
-0.00276409838316
-0.0019891632454
-0.00421046366059
-0.0025207277299
-0.00309190222972
-0.00169786621687
-0.00194329273275
-0.00217270277716
-0.000755689048505
-0.0011007180631
-0.00159046377781
-0.00157072952964
-0.000285811094912
-0.000350697347278
-0.00114858391019
7.53408427165e-05
0.00025218042116
0.0013772286395
-0.00282010268174
-0.00387732344355
-0.0032890388096
-0.00226279788654
-0.00181142458374
-0.00379346495407
-0.0021005318628
-0.00263464002448
-0.00279529206529
-0.00319820792213
-0.00163291397492
-0.000333439151725
-0.0024871051236
-0.00116387138878
-0.00114430729722
0.000266391737713
-0.00185656847734
-0.000658214116415
-0.000437676214236
0.000690929383747
-0.000371478616446
-3.08301436159e-05
-0.0033937320333
-0.00281097956967
-0.00172306527972
-0.00359140700917
-0.00333715748211
-0.00324252784134
-0.00385223791685
-0.00236814711936
-0.00266138296578
-0.00105462526573
-0.00331744203133
-0.00202058685104
-0.000695837859384
-0.000676457110762
-0.00118430080835
-0.00132557155773
-0.000127632396288
7.36454874964e-05
-0.000999151058271
-0.000725256010818
0.000496244527654
0.00157058159828
-0.00229398569907
-0.00351611338904
-0.00314432194423
-0.00443651305092
-0.00280992487979
-0.00342784496504
-0.00193936049902
-0.00401771114195
-0.0023477535656
-0.00281410727982
-0.00151387993727
-0.00167289963989
-0.00214996194647
-0.000632695764927
-0.000755607808273
0.000429029212887
-0.00164405266755
-0.000479703898207
-0.000208594016703
0.00106161299752
-0.000858428970684
0.000384662402645
0.0013602820113
-0.00265878898272
-0.00392888333077
-0.00443019167439
-0.00296417660864
-0.00325858553228
-0.00354676025412
-0.00187574004496
-0.00227196404893
-0.000968179049265
-0.003091583191
-0.00160276474867
-0.00149018859437
-0.000195674071822
-0.00126590753575
-0.00118921512925
4.48769842214e-05
0.000346486534282
-0.000704899513652
-0.000303585106678
0.000899070808353
0.00126627752674
0.00225160676795
-0.00338460422503
-0.0039339855064
-0.00422142473914
-0.00466943463
-0.00303715537247
-0.00136500686479
-0.0036348423888
-0.00235080514287
-0.00250634249082
-0.00101773938254
-0.00108843962612
-0.00185126868917
-0.00192086880508
-0.000694749400166
0.000536936626708
-0.00136778907638
-0.00024560283336
0.000114230369014
0.00131273902498
-0.000730690594623
0.000274297896003
-0.0028047645685
-0.00512927307014
-0.00368232973556
-0.00412521845044
-0.00249001069818
-0.00453546233065
-0.0030187491676
-0.00173084762503
-0.00188453719456
-0.000538704420486
-0.00275970585781
-0.00139467402278
-0.00140335729681
-0.000161783548081
-0.00219280936069
-0.000902391669336
0.000214228604833
0.000570960571964
-0.000671396585794
-0.000253354159312
0.000747125037859
0.000212994186945
-0.00456039739106
-0.00310716355933
-0.0035447410622
-0.00383828147814
-0.00395068764064
-0.00236756201266
-0.00268798759044
-0.00334645333914
-0.00217175821606
-0.00227854128245
-0.000914107978596
-0.000848123907103
-0.00188112928142
-0.00164739792449
-0.000416757827431
-0.000103076236004
-0.00136044928814
-0.000181488407749
0.00026089107913
0.00125659898695
-0.00137598918374
0.000175013080511
-0.00249705892237
-0.00484177789252
-0.00321953003431
-0.003330651247
-0.00168255049634
-0.00408056132505
-0.00283089678343
-0.00310543697668
-0.00175924588258
-0.000395446359992
-0.0025206896472
-0.00129049917914
-0.00112153283587
0.000106394711303
-0.00198518274702
-0.000828904998753
-0.000316978057957
0.000811016511874
-0.000774431571842
-0.000819909382884
0.000812166243365
-0.00168606171765
-5.56143226024e-05
-0.00256675332743
-0.00267655042767
-0.0030466589996
-0.00344089690366
-0.00227850639003
-0.00255021798282
-0.00345020647888
-0.0033867976766
-0.00189358257893
-0.000664660018034
-0.000559103637448
-0.00175114727901
-0.00141418283558
-0.000261541729351
0.000244071842272
-0.00117386643175
-0.000675618108018
-0.000230863064648
-0.000485185096356
-0.00100954070447
0.000626637833042
0.00035702278727
-0.00404011016226
-0.00229780283266
-0.00285746586162
-0.00169040265056
-0.00418275667884
-0.00285801162308
-0.00279529606295
-0.00130438102933
-0.00358833267694
-0.00237017476846
-0.00115624259905
-0.000812637264991
0.000317233988911
-0.00174958209419
-0.00055517803578
-6.71037162084e-05
-0.00164556049662
-8.22484693652e-06
-0.000430488675241
0.00134044917376
-0.000998379881293
0.000810639019988
-0.00340050866468
-0.00223963226229
-0.00329131952717
-0.00355703102126
-0.00223110267122
-0.0022104133764
-0.00317584752678
-0.00299433025435
-0.00173802853534
-0.00147258091402
-0.000214042133128
-0.00163703779951
-0.00115951247882
9.61570203627e-05
0.0005421735155
-0.00113863154255
0.000503748669757
-0.00196893839707
-0.000194177564847
-0.000300999006215
0.00155970899236
0.00137602613706
-0.00378563942109
-0.00420741827309
-0.00292054534039
-0.00163759214395
-0.00399441281885
-0.00261741083789
-0.00243771551243
-0.00107276257458
-0.00334601082462
-0.00212083765177
-0.00180430476149
-0.000536196582919
0.00072963000763
-0.00151038765942
-0.000597851025232
-0.00318612705029
-0.00141892745809
0.000358349491607
0.000252553702362
0.00221910957601
-0.00016824054936
0.00101167720984
-0.00356702139167
-0.00229795932995
-0.00478993077793
-0.00337040180232
-0.00202438360249
-0.00184658352018
-0.00293179543564
-0.00270702598584
-0.00146394316189
-0.00114342408016
0.000119291431761
-0.00194306651672
-0.00083769111505
-0.000452707110356
-0.00330227550923
-0.000331707507374
-0.000655694627175
0.000298982737294
-0.00249789190615
0.000701475209183
-0.00048530007435
-0.00333515324698
-0.000364832627867
-0.000691673949951
0.000262766071888
-0.00253429924313
0.000662600627796
-0.000517149273752
-0.00336728087361
0.00215904923475
-0.000726893384764
0.000227314164045
-0.00256993791255
0.00062449646496
-0.000548254114113
-0.00339865777904
0.00212509100094
-0.00076135224363
0.000192627715332
-0.0026048072018
0.000587163487681
-0.000578614014261
-0.000929894836007
0.00209165724064
-0.000795049852616
0.000158707413001
-0.00263890641281
0.00055060244843
-0.000608228406362
-0.000959768523427
0.00205897956996
-0.000827985551908
0.000125553929921
-0.0026722348621
0.000514814085067
-0.000637096735968
-0.000988889741413
0.00202705861961
-0.000860158695874
9.31679245096e-05
-0.00270479188086
0.000479799120769
0.00185283749847
-0.0010172579347
0.00199589500635
-0.000891568653124
6.15500406711e-05
-0.00273657681501
0.000445558263961
0.00182546290339
-0.00104487256187
0.00196407507369
-0.000922214806576
3.0700907733e-05
-0.00276758902527
0.00041209220824
0.00179883595332
-0.00107173309538
0.00192741653443
-0.000952096553509
6.21140384252e-07
-0.00279782788723
0.00285557787931
0.00177295714865
-0.00110593585873
0.0018915132379
-0.000981213305627
-2.86886613851e-05
-0.00282729279139
0.00282366344692
0.00174782697616
-0.00114081114712
0.00185636587731
-0.00100956448911
-5.72279123431e-05
-0.00285598314324
0.00279252580678
0.00172344590892
-0.0011749355211
0.00182197513206
-0.00103714954468
-8.49960420733e-05
-0.000453521766555
0.00276216559251
0.00169071602802
-0.00120830833028
0.00178834166773
-0.00106396792765
-0.000111992495031
-0.000480661290476
0.00273258342258
0.00165838727729
-0.00124092893792
-0.000210275490934
-0.00109001910797
0.00232152819222
-0.000507024569039
0.00270377990025
0.00162680476924
-0.0012727967209
-0.00024239245238
-0.00111530257028
0.00229607669968
-0.000532611068246
0.00267575561346
0.00159596909717
-0.00130391106984
-0.000273750219841
-0.00113981781399
0.00227139846077
-0.000557420269363
-0.00109500142108
0.00156588084094
-0.00133427138911
-0.000304348183713
0.00125852067859
0.00224749397101
-0.000581451668974
-0.00112146553425
0.00153654056696
-0.00136387709692
-0.000334185748533
0.00123319518112
-0.0016191533319
-0.000604704779033
-0.00114714874021
0.00150794882809
-0.00139272762536
-0.000363262333037
0.00120172783073
-0.00164150889736
-0.000627179126908
-0.0011720505127
0.00148010616361
-0.00142082242048
-0.00189687311625
0.00117102641444
-0.0016654826443
-0.000648874255435
-0.00119617034098
0.000468642686307
-0.00190210636857
0.000800717013382
-0.00231413264361
-0.00203167584869
0.000812642873054
0.00122069580964
0.000434067666088
-0.00194187797238
-0.00264955016448
-0.00236061931794
-0.0020797157461
0.000763003013813
0.0011694171482
0.000394548370942
-0.00198158165795
-0.00269055650756
-0.00240617313319
-0.00212679317877
0.000714355954466
0.00111916218277
0.000349334628415
0.000463830936589
-0.00273065464414
-0.0024507927348
-0.00217290665405
0.000666703339185
0.00106993272271
0.000304969656813
0.000425889007384
-0.00276984345031
-0.00249447679347
0.000260680814602
0.000620046782056
0.0010217305446
0.00026145454672
0.000388829466595
-0.00280812182582
-0.00253722400531
0.000216499621592
0.000574387866811
0.000967276962022
0.000218790369644
0.000352653292035
-0.00284548869431
-0.00257903309205
0.000173286697638
0.00052972814657
0.000906441816646
0.00017697817789
0.000317361439603
-0.00288194300338
-0.00261990280122
0.000131043423781
0.000486069143585
0.000846621052977
0.000136019004432
0.000282954843161
-0.00291748372479
-0.00265983190634
8.97711526142e-05
0.000443412348988
-0.00243960706426
0.00255793307533
0.000249434414414
-0.00295210985458
-0.00269881920709
4.94712080707e-05
0.000401759222545
-0.00249739267127
0.00251868295945
-0.00326034114964
-0.0029880507705
-0.000310746802212
1.01448852161e-05
0.000361111192412
-0.000135959873259
0.00248028884358
-0.00329208659711
-0.00302394282173
-0.000347846998817
-2.82065499534e-05
0.000321469654896
-0.00019170200446
0.00244251744275
-0.0033229432759
-0.00305891953233
-0.000384001948834
-6.55818607107e-05
0.000282835974223
-0.000246419356348
0.00240472916434
-0.0033529103641
-0.00309297991094
-0.000419210558329
-0.000101979839792
0.000245211482308
-0.000300109943764
0.00236779890971
-0.00338198706253
-0.00312612299076
-0.000453471760378
-0.00013739930959
0.000208597478529
-0.00035277181381
0.00233172760007
-0.00341017259483
-0.000772503353256
-0.000486784515228
-0.000171839122335
0.000172995229509
-0.000404403046194
0.00229651613646
-0.00344249969885
-0.000803809034274
-0.000519147810449
-0.000205298160286
0.00254489248286
-0.000455001753563
0.00226216539968
-0.00347678610159
-0.000834194665109
-0.000550560661085
-0.0002377753359
-0.000854613189562
-0.000504566081833
0.00222867625013
-0.00351097086542
-0.000863659378688
-0.000581022109804
-0.000269269592013
-0.000901476384891
-0.000553094210517
-0.00137594600624
-0.00354462530335
-0.000892202333177
-0.000610531227041
-0.000299779902003
-0.000947335447527
-0.000600584353045
-0.00140770948207
-0.00357738995836
-0.000919822712098
-0.000639087111137
-0.000329305269959
-0.000992188796823
-0.000647034757083
-0.00408631551873
-0.00459543821851
-0.000159735288142
-0.000414940261141
-0.00190670530919
-0.00239365830888
-0.00313364977913
-0.00408188646307
-0.00462747446861
-0.000140695335416
-0.000396614668104
-0.00188763700682
-0.00237404331199
-0.00317408648707
-0.00408455848936
-0.00465731748457
-0.000115120635468
-0.000375949114371
-0.00186613481327
-0.00237407784824
-0.00321198150517
-0.00411116008198
-0.00468496242292
-9.1524389592e-05
-0.000352947383432
-0.00184220298867
-0.00259149466441
-0.00324732651398
-0.00413564103708
-0.0047104047842
-9.25799171723e-05
-0.000327613676904
-0.00181584626289
-0.00262334890731
-0.00328011372111
-0.00415799765393
-0.00473364041659
-0.000116511166542
-0.000299952610725
-0.00178706983082
-0.00265270958397
-0.00331033586969
-0.00417822654539
-0.00475466551923
-0.00013816642805
-0.000269969210986
-0.00175587934737
-0.00267957053519
-0.00333798624623
-0.0041963246405
-0.00477347664536
-0.000157541936773
-0.00104020802854
-0.00172228092195
-0.00270392610842
-0.00336305868801
-0.00421228918675
-0.00478706393015
-0.000174634317098
-0.00109389204046
-0.00168628111258
-0.00272577116356
-0.00338554758984
-0.00422611775217
-0.00480143819295
-0.000189440585647
-0.00114530050971
-0.00183777567633
-0.00274510107839
-0.00340544791026
-0.00423780822722
-0.00481359028998
-0.000201958153863
-0.00119442425798
-0.00180495345109
-0.0027619117534
-0.00342275517719
-0.00424735882631
-0.00482351821595
-0.000212184830274
-0.00124125446871
-0.00181866207219
-0.00277619961613
-0.00343746549287
-0.00425476808927
-0.0048312203308
-0.000220118822399
-0.00128578269466
-0.00182994691111
-0.0027879616249
-0.00344957553827
-0.00426003488236
-0.00483669536108
-0.000225758738319
-0.00132800086534
-0.00183880575292
-0.00279719527213
-0.00345908257679
-0.00426393465657
-0.00483994240094
-0.000229103587899
-0.00136790129406
-0.00185504424122
-0.00280389858689
-0.00346598445737
-0.00426491441875
-0.00484096091293
-0.000230152783651
-0.00157456109212
-0.00189366831199
-0.0028080701371
-0.00384132458422
-0.00426375027616
-0.00483975072845
-0.00111674107391
-0.0016098045458
-0.00192989732961
-0.00280970903101
-0.00384301204933
-0.00426044240714
-0.00483631204783
-0.00111319881237
-0.00164270956686
-0.00196372424378
-0.00280881491816
-0.00384209143746
-0.00425499131835
-0.00483064544023
-0.00110736155382
-0.00167327006887
-0.00199514244662
-0.00280538798975
-0.00383856295732
-0.00424739784434
-0.00482275184314
-0.00109923032301
-0.00170148038013
-0.00202414577909
-0.00279942897845
-0.00383242740866
-0.00423766314695
-0.00481263256159
-0.00126119714887
-0.00172733524888
-0.00205072853688
-0.0027909391576
-0.00382368618134
-0.00454370561046
-0.00178804448611
-0.002765660928
-0.00189797627585
-0.00376905038386
-0.00286058472757
-0.00431131325833
-0.0045484426803
-0.00179272477086
-0.0027702375635
-0.00192756057399
-0.00378995298847
-0.00252731974919
-0.00431348419217
-0.00455097641511
-0.00179522812749
-0.00483404902778
-0.00195507636809
-0.00380881861366
-0.00252754652175
-0.00431370491087
-0.00455130640476
-0.00179555416046
-0.0048599853111
-0.00198051969296
-0.00382564463646
-0.00252576956158
-0.00431197538644
-0.00454943259584
-0.00179370281826
-0.0048838057533
-0.00200388687303
-0.00384042871366
-0.00252198910648
-0.00430829583814
-0.00454535529167
-0.00178967439342
-0.00490550677122
-0.00202517452502
-0.00385316878349
-0.0025162056622
-0.0043026667323
-0.00453907515205
-0.0012755839321
-0.00492508509348
-0.00204437956033
-0.00386386306696
-0.00251436922432
-0.00429508878208
-0.00453059319273
-0.00126720359438
-0.00494253776289
-0.00206149918725
-0.00353701461586
-0.00252282103406
-0.00428556294695
-0.00451991078461
-0.0012566491123
-0.00495786213872
-0.00207653091303
-0.00354361312707
-0.00252927054425
-0.00427409043215
-0.00450702965262
-0.00124392214961
-0.00497105589865
-0.00208947254566
-0.00354816222344
-0.00253371689224
-0.00426067268787
-0.00449195187431
-0.00122902471024
-0.00498211704054
-0.00210032219545
-0.00355066126774
-0.002536159483
-0.00424531140839
-0.00396088877156
-0.00121195913677
-0.00499104388392
-0.00210907827641
-0.00355110990981
-0.00253659798956
-0.00422800853096
-0.0039414253352
-0.00119272810856
-0.00499783507132
-0.00211573950743
-0.00354950808678
-0.00253503235322
-0.00420876623464
-0.00391977358293
-0.00119101634717
-0.00500248956923
-0.00178385066328
-0.00354585602311
-0.00253146278358
-0.00418758693888
-0.00390209472614
-0.00119989609857
-0.00500500666893
-0.00178631957499
-0.00539249615804
-0.00252588975838
-0.00398546658394
-0.00389415328128
-0.00120660454111
-0.00500538598704
-0.00178669163085
-0.00538474543486
-0.00251831402325
-0.00396042150162
-0.00388401772594
-0.00121114061951
-0.00500362746577
-0.00178496677633
-0.00537494686592
-0.00250873659111
-0.00394927148627
-0.0038716896872
-0.00346774662865
-0.00499973137298
-0.00178114526421
-0.00536310182144
-0.0024971587416
-0.00393804302985
-0.00385717114192
-0.00346793617889
-0.0046642806598
-0.00177522765439
-0.00534921195623
-0.00248358202014
-0.00392487580391
-0.00384046441515
-0.0034659522492
-0.00465611152896
-0.00176721481349
-0.00533327920849
-0.00246800823696
-0.00390977145997
-0.00382336986607
-0.00346179515192
-0.00464580758088
-0.00175710791421
-0.00531530579845
-0.00226841339995
-0.00389273189021
