-0.00295916695252
-8.24320726563e-05
-0.000811068736967
0.00210618748965
-0.00313444905901
-5.52808378069e-05
-0.000767908270396
-0.00291455667505
-5.04923398219e-05
-0.000779056346482
-0.000905030398217
-0.00310241087262
-2.32898021854e-05
-0.000723334303965
-0.00286923243769
-1.78285584184e-05
-0.000746318299531
-0.000872258681429
-0.00151462181275
9.42641735165e-06
-0.00067804487929
-0.00282319502769
1.5558694373e-05
-0.000712855177209
-0.000838761162163
-0.00148113175433
4.28672408611e-05
-0.000633107854993
-0.00277644524347
4.96688292208e-05
-0.000678667572841
-0.00080453843556
-0.00144691664589
7.70320761941e-05
-0.000599035386352
-0.0027289838946
8.45012446945e-05
-0.000643756091927
-0.000769591108972
-0.00141197709438
0.00169025783196
-0.000564241413141
-0.00268081180174
0.000120055327317
-0.000608121352095
-0.000733919801912
-0.00137631371889
0.00172586886593
-0.000528726546827
-0.00264325921596
0.000156330451617
-0.000571763983041
-0.000697525145999
-0.00133992715064
0.00176220206256
-0.00171777012364
-0.00260639241091
0.000193325980183
-0.000534684626478
-0.000660407784904
-0.00130281803287
0.00179925678141
-0.00168081535329
-0.00256880827603
0.000231041263719
-0.000496883936081
-0.000622568374291
-0.0012649870208
-0.00197535614688
-0.00164314159577
-0.00253050746564
0.000269475641099
-0.000458362577427
-0.00424758937776
-0.00122643478161
-0.00193686035264
-0.00160474951003
-0.00105105965438
-0.00325215862739
-0.000419121227943
-0.0042083078828
-0.00118716199434
-0.00189764502893
-0.00156563976678
-0.00101132750253
-0.00321228809273
-0.000379160576844
-0.00416830637672
-0.00114716934983
-0.00185771086361
-0.00152581304841
-0.000970880707877
-0.00317170051801
-0.000338481325073
-0.0041275855626
-0.00110645755069
-0.00181705855625
-0.00148527004892
-0.000929719971035
-0.00169198379575
-0.000297084185244
-0.00408614615519
-0.00106502731123
-0.00177568881806
-0.00144401147387
-0.000887846004049
-0.00164996427604
-0.000254969881581
-0.00404398888092
-0.0010228793574
-0.00173360237185
-0.00140203804034
-0.000845259530329
-0.00160722987441
0.00124826498543
-0.00400111447778
-0.000980014426686
-0.00169079995196
-0.00135935047683
-0.000801961284591
-0.00156378133316
0.00129181139797
-0.00395752369529
-0.000936433268127
-0.00164728230417
-0.00131594952323
-0.000757952012797
-0.00151961940593
0.00133607273264
-0.00247661962676
-0.000892136642185
-0.00160305018567
-0.00127183593074
-0.000713232472091
-0.00147474485766
0.00138104821942
-0.00243159837983
-0.00084712532071
-0.00155810436501
-0.00122701046184
-0.000667803430734
-0.0014291584645
0.00142673707697
-0.00238586307053
-0.000801400086867
-0.00151244562198
-0.00118147389016
-0.00103120086253
-0.00126139149622
-0.00147816540057
-0.00172635318619
-0.00418205226393
-0.00439411793713
-0.00318364198581
-0.00101411426729
-0.00124388773522
-0.00146024132347
-0.00170893262125
-0.00416421609038
-0.0043689913537
-0.00315787829851
-0.000996235336684
-0.00122557243393
-0.00144148636634
-0.00169066109339
-0.00414550880511
-0.00274762521665
-0.00313120378745
-0.000977564446011
-0.00120644599573
-0.00142190096225
-0.00167153904505
-0.00412593088288
-0.00272072204283
-0.00310361919555
-0.000958101986941
-0.00118650884159
-0.00140148556311
-0.00165156693894
-0.00252622795457
-0.00269293163077
-0.0030751252902
-0.000937848367472
-0.00116576141
-0.00138024063962
-0.00163074525799
-0.00250491026963
-0.00266425471538
-0.00304572286321
-0.000916804011893
-0.00114420415693
-0.00135816668125
-0.00160907450527
-0.00248272350218
-0.00263469205416
-0.00301541273064
-0.000894969360732
-0.00112183755582
-0.00133526419616
-7.3003383194e-06
-0.00245966821352
-0.00260424442711
-0.00298419573276
-0.000872344870721
-0.00109866209745
-0.00131153371112
1.60669683791e-05
-0.00243574498642
-0.00257291263662
-0.00295207273386
-0.000848931014736
-0.00107467828996
-0.0012869757715
4.02817173007e-05
-0.00241095442501
-0.00254069750737
-0.0029190446222
-0.000824728281759
-0.00104988665876
0.000294229985857
6.53433253804e-05
-0.00238529715476
-0.00250759988622
-0.00288511230982
-0.00079973717682
-0.00102428774647
0.000320441124573
-0.00220930835335
-0.00235877382237
-0.00248025781616
-0.00285027673249
-0.000773958220949
-0.000997882112868
0.000347477970975
-0.00218255485539
-0.00233138509567
-0.00245223822716
-0.00281453884953
-0.00074739195112
0.000569745585469
0.000375339906045
-0.00215495636615
-0.00230313166358
-0.0024233343785
-0.0027778996437
-0.000720038920196
0.000597762913991
0.000404026292524
-0.00212651354756
-0.002274014236
-0.00239354702991
-0.00274036012106
0.000832776871933
0.000626585182124
0.000433536474982
-0.00209722708109
-0.00224403354373
-0.00236287696346
-0.00270192131084
0.000861701703187
0.000656211762068
0.000463869779891
-0.00206709766766
-0.00221319033837
-0.00233132498342
-0.00266258426531
0.000891411542186
0.000686642009187
0.000495025515699
-0.00203612602754
-0.00218148539223
-0.00229889191616
-0.00112418265657
0.000921905773096
0.000717875262072
0.000527002972914
-0.00200431290029
-0.00214891949824
-0.00226557861008
-0.00108305238862
0.000953183764491
0.000749910842618
0.000559801424178
-0.00197165904466
-0.00211549346985
-0.00223138593542
-0.00104102717891
0.000985244869421
0.000782748056091
0.00059342012435
-0.00193816523849
-0.00208120814094
-0.000713052267699
-0.000998108170391
-0.00308600683363
-0.00351658338278
-0.0012831208986
-0.00161741656318
-0.00378456800747
-0.00417944104787
-0.00209379921319
-0.00226397629987
-0.00459662447068
-0.00469792733394
-0.00267080809584
-0.00070985130609
-0.0052522121256
-0.00297933205318
-0.00267968253981
-0.000803222100109
-0.0052226702571
-0.00327113820929
-0.00273249285515
-0.0009451859767
-0.00546343789401
-0.00575088288746
-0.00344919836679
-0.00122918618388
-0.00156168642896
-0.00358376685571
-0.00398641286946
-0.00190004426783
-0.00206978869979
-0.00451037570515
-0.00434140167483
-0.00223373331366
-0.00227964634398
-0.00485430689194
-0.00285709194428
-0.00261226851765
-0.000735978028714
-0.00515569715975
-0.00320453345726
-0.00270138445784
-0.000914094563085
-0.00536758542107
-0.00565528337328
-0.00335307253429
-0.00114632966663
-0.00575846454818
-0.00349243580217
-0.00376460082225
-0.00140898885731
-0.00167621776847
-0.004124497262
-0.00422553097352
-0.00211788900792
-0.00212757930219
-0.00470238356052
-0.00451261112185
-0.00251548680308
-0.000639439779005
-0.00505954710505
-0.00310891110681
-0.00251072369693
-0.000718000463379
-0.00510658044481
-0.00553120381187
-0.0032284481501
-0.00340561498082
-0.00536783443762
-0.00310139686526
-0.00323569369505
-0.0011964745429
-0.00597601306972
-0.00397944683722
-0.00408028812684
-0.00197267913444
-0.00194628426487
-0.00452125910695
-0.0043731867659
-0.00239113981365
-0.000365877821802
-0.00479457684579
-0.00284558352842
-0.00243001908344
-0.000637711053722
-0.00495390643759
-0.00511102900339
-0.00282068719385
-0.00326522351686
-0.00522684317129
-0.0054429824135
-0.00306026017671
-0.00102351005726
-0.00580229243045
-0.00380522965078
-0.00390584079353
-0.00179827123858
-0.00159531813403
-0.00417167170089
-0.00409209136721
-0.00210422155194
-0.00189676530732
-0.00464043252867
-0.0026922797732
-0.00232056507281
-0.000528818793538
-0.00483971742691
-0.00493042226465
-0.00265270073509
-0.00309628127036
-0.00505718201921
-0.00527284861069
-0.00288990625656
-0.000821778891463
-0.00546214407942
-0.00346319372698
-0.00356353777972
-0.00145421374581
-0.00593705784553
-0.00397860717113
-0.00392139998338
-0.00193391779843
-0.00171313685973
-0.00445753448769
-0.002510374785
-0.00218248240162
-0.00039144257715
-0.00470961449574
-0.00472182664636
-0.00245650353782
-0.00289897298045
-0.0047168875091
-0.00493200471482
-0.00255195717887
-0.00281557686567
-0.00523087495635
-0.00323127053403
-0.003331311449
-0.00122203935919
-0.00566944902829
-0.00377889547583
-0.0037218367873
-0.00173480562528
-0.00150084816527
-0.00424727147661
-0.00382972462542
-0.00201710799771
-0.00023250590177
-0.00454497621547
-0.00437197198517
-0.00210627035856
-0.00252761233012
-0.0044904771983
-0.00470497006642
-0.00233084545326
-0.00255701590718
-0.00497120256427
-0.00297086842367
-0.00307057115394
-0.000961357013085
-0.00542380926199
-0.00354372998283
-0.00348684016851
-0.00150710754155
-0.00596020287078
-0.004007504867
-0.00363415340094
-0.00182225186661
-0.00142271496972
-0.00435235808394
-0.00414650916828
-0.00187947736349
-0.00227424106983
-0.00423604516988
-0.00445183752358
-0.00220161557409
-0.00231630203701
-0.00468341191058
-0.00489862877455
-0.00277506747362
-0.000661524049758
-0.00517239539088
-0.00331367553654
-0.00326770541461
-0.001299190588
-0.00572177301083
-0.00373968084774
-0.00341039729789
-0.00159930956586
-0.00599612680034
-0.00413196301441
-0.00389352475786
-0.00162500941779
-0.00199322738494
-0.00395386298767
-0.00429450264956
-0.00204355328213
-0.00215800796
-0.00435405227503
-0.00456839538777
-0.00245819134128
-0.00244125852237
-0.0049464684415
-0.00308754364966
-0.00304170747169
-0.00107366367038
-0.00549704791425
-0.00355060998602
-0.00321777849542
-0.00148980396497
-0.00587886892963
-0.00401991099116
-0.00364016835699
-0.00135270764597
-0.00170216347981
-0.00376656322807
-0.00410857468255
-0.00185736197081
-0.00197154435847
-0.00404013787156
-0.00422438555796
-0.00211374510899
-0.00209688706615
-0.00469230400828
-0.00283315008782
-0.00278746366433
-0.000962870987865
-0.00538308561264
-0.00348134176208
-0.00314445654951
-0.001273502824
-0.00561038149932
-0.00374467707547
-0.00341111262036
-0.00112839340099
-0.00147923865705
-0.00355372456382
-0.0038948124805
-0.00164297801843
-0.00175684848781
-0.00382544399744
-0.00385319940036
-0.00174209237448
-0.00203201105235
-0.00456036744907
-0.00461679839126
-0.00264590174249
-0.000681237579207
-0.00511826608846
-0.00324679115802
-0.00291090458414
-0.00102947695292
-0.00536773526979
-0.00345673710909
-0.00316079549171
-0.00361834356364
-0.00124956021144
-0.00331311480386
-0.00365316468085
-0.00140063142636
-0.00166589638409
-0.00372447869458
-0.00361955136077
-0.00168181209348
-0.00184215099009
-0.00437039634926
-0.00430673616583
-0.00233601942033
-0.000371987953965
-0.00485520259224
-0.00298446871469
-0.00264969204707
-0.000757980845841
-0.0053606542845
-0.00345782165465
-0.00288344452713
-0.00333941555733
-0.00522251052426
-0.00576948593263
-0.00352666437633
-0.00128232423775
-0.0013954560559
-0.00345404085046
-0.00340272141845
-0.00146422717041
-0.00162412226539
-0.00415224077507
-0.00408331140754
-0.00199879520574
-0.00183959819594
-0.00482636461232
-0.00296001443316
-0.0026264555311
-0.000735095866906
-0.00506363344008
-0.00317695048515
-0.00272564555609
-0.00319673091489
-0.00508141241405
-0.00547411402661
-0.00323003534401
-0.000984849050351
-0.00109755642481
-0.00315614393607
-0.00317357856542
-0.0012187611591
-0.00137815852717
-0.00390613477747
-0.00411046841699
-0.0020061645316
-0.00175280291041
-0.00450846704805
-0.00428821701478
-0.00231076241812
-0.000409521409124
-0.00473986096937
-0.00291023193296
-0.00239508005321
-0.00288706529226
-0.00477021356454
-0.00515180012777
-0.00290636027227
-0.00313109763535
-0.00515318541843
-0.00288366710585
-0.00324635362833
-0.00122237359924
-0.00138122086392
-0.00390538724158
-0.00383691062111
-0.00173323626149
-0.00143860772655
-0.00416362967178
-0.00394432900153
-0.00196829664699
-6.99600733246e-05
-0.00442472734184
-0.00303344216712
-0.00204667326517
-0.0025509332984
-0.00443243060314
-0.00480286730504
-0.00283955765454
-0.00306331164163
-0.00507720788772
-0.00292897161734
-0.00301702088243
-0.000921947636043
-0.00559683198658
-0.00360418877034
-0.00353597173382
-0.00143298492053
-0.00113946314405
-0.00379220018671
-0.00357391298897
-0.00203387063065
-0.00172361712835
-0.00456246303223
-0.00272452454737
-0.00197512715027
-0.00246186853773
-0.00434189143509
-0.00473520597226
-0.00248452558778
-0.00269480191095
-0.00479541611344
-0.00499531704057
-0.00276020233625
-0.000594492170378
-0.0052687268288
-0.00327589793437
-0.00320796159961
-0.00151972284327
-0.00122739799141
-0.00379715813071
-0.00357994564258
-0.00173231842735
-0.00142321581917
-0.00426360471551
-0.00240996138269
-0.00167577983424
-0.00211675584833
-0.00400208406042
-0.00443078993218
-0.00217890279307
-0.00238838329024
-0.00451239028618
-0.00471158692081
-0.00247616188934
-0.00285712532262
-0.00531772072243
-0.00333117193862
-0.00326353659814
-0.00116577116834
-0.00550161031719
-0.00337366649347
-0.0032362506718
-0.00140420827007
-0.00109634827376
-0.00393840329982
-0.00341493302706
-0.0013503610918
-0.00178959636552
-0.00367295905927
-0.00409993605556
-0.0018467476273
-0.00205537002132
-0.00460397726408
-0.00480240847811
-0.00257079989707
-0.00254624605361
-0.00493647787677
-0.00294971714209
-0.00288240222392
-0.000785485581202
-0.00512269134998
-0.00296798682292
-0.00288104146718
-0.00104986027222
-0.00129760028318
-0.00412728009015
-0.0036060274638
-0.00382697382069
-0.00143654883621
-0.00372237774757
-0.00414750492146
-0.0019188262736
-0.00212653071561
-0.00426756706934
-0.00446517394953
-0.00223320217821
-0.00220875077598
-0.00452921614919
-0.00457350627826
-0.00247525524181
-0.000379236513289
-0.00525704193762
-0.00313936461167
-0.00305282458503
-0.00122388357527
-0.00562563496024
-0.0037503478022
-0.00323145434473
-0.00146023649374
-0.00160091296
-0.00208154567626
0.000587174559565
-0.00527900982663
-0.00249821140889
-0.00299683478371
-0.00148121517832
-0.00162191562332
-0.00210925344767
0.000559413209641
-0.00278189425934
-0.00253465723117
-0.0030332292898
-0.00150146689239
-0.00164219049296
-0.00213623382294
0.000532380639104
-0.00281762097657
-0.00257037831092
-0.00306890004422
-0.00152099127739
-0.00166173720914
-0.00216248632201
0.000506077330773
-0.00285262220502
-3.42363911865e-05
-0.00310384641464
-0.00153978798741
-0.0016864244382
-0.0021880104774
0.000480503754852
-0.00288689732162
-6.85060931719e-05
-0.00313806778089
-0.00155785668922
-0.00171114130759
-0.00221280583418
0.000455660368889
-0.00292044571551
-0.000102049184314
-0.000602012886621
-0.00159018468123
-0.0017351312142
-0.00223687195008
0.000424280104471
-0.00295326678813
-0.000134865066331
-0.000634782432728
-0.00163761773542
-0.00178060880767
-0.00226020839547
0.000392222172564
-0.00298535995326
-0.000166953153277
-0.000666825187391
-0.00168433745059
-0.0018273828931
-0.00228281475343
0.000360891940085
-0.00301672463706
-0.000198312871591
-0.000698140579459
0.000724132486012
-0.00187344203579
-0.0023046906198
0.000330289966586
-0.00304736027816
-0.000228943660152
-0.000728728050167
0.000678841876853
-0.00191878543114
-0.00232583560316
0.000300416799168
-0.00307726632764
-0.000258844970322
-0.000758587053187
0.000634267012184
-0.00196341228586
-0.00234654322024
0.000271272972431
-0.00310644224917
-0.000288016265999
-0.000787717054673
0.000590408671209
0.000447153681632
-0.00237489041375
0.000242859008427
-0.00313488751897
-0.000316457023662
-0.000816117533311
0.000547267621711
0.000403962242391
-0.00240250892161
0.000215175416614
-0.00316260162591
-0.00034416673242
-0.000843787980365
0.000504844619987
0.00036148965502
3.18563462353e-05
0.00018822269381
-0.00318958407153
-0.000371144894056
-0.000870727899718
0.000463140410783
0.000319736666842
5.69667711536e-06
0.00016200132415
-0.0032158343701
-0.00039739102307
-0.000896936807923
0.000422155727231
0.000278704013533
-1.9732864157e-05
0.000136511779043
-0.00324135204867
-0.00377047472331
-0.000922414234239
0.000381891290787
0.00023839241905
-4.44318221575e-05
-0.000669263769815
-0.00326613664707
-0.00379525538167
-0.000947159720675
0.000342347811164
0.000198802595575
-7.58022418517e-05
-0.000693288302706
-0.00329018771801
-0.00381930262764
-0.000971172822035
0.00030352598628
-0.00296751860527
-0.000116706983612
-0.00071657967359
-0.000851238814052
-0.00384261602702
-0.000994453105952
0.000265426502189
-0.0030056627976
-0.000156888870778
-0.000739137462374
-0.000873821539758
-0.00386519515852
-0.00101700015293
-0.00398786874732
-0.0017167669655
-0.00214548658447
-0.00256416906287
-0.00296002701056
-0.00527736811585
-0.00189424118772
-0.0013742771505
-0.00175421997232
-0.00218385959511
-0.00260346778829
-0.00300025149906
-0.00531851173958
-0.00564436788998
-0.00141463716318
-0.00179087748907
-0.00222141819655
-0.00264193311363
-0.00303962364256
-0.00535878425657
-0.00569875128882
-0.0014542222778
-0.00182673873002
-0.00225816154431
-0.00267956413247
-0.0030781424698
-0.00539818462824
-0.00304874742916
-0.00149303168717
-0.00186180292551
-0.00229408881114
-0.00271635995681
-0.00311580702913
-0.0054432752453
-0.00310137161012
-0.00153106459881
-0.00189606932204
-0.00232919918705
-0.00275231971709
-0.00315261638865
-0.00549383930713
-0.00315311406475
-0.00156832023508
-0.00192953718231
-0.00236349187945
-0.00278744256239
-0.00318856963631
-0.00286695072636
-0.00320397340887
-0.00160479783319
-0.00196220578534
-0.00239696611322
-0.00282172766045
-0.00322366588001
-0.00291578519536
-0.00325394827912
-0.00164049664534
-0.00199407442652
-0.00242962113078
-0.0028551741978
-0.00325790424772
-0.00296375297679
-0.00330303733311
-0.00167541593875
-0.00202514241771
-0.00246145619219
-0.00288778137986
-0.000614695404433
-0.00301085283637
-0.00335123924959
-0.00170955499577
-0.00205540908729
-0.00249247057525
-0.00291954843101
-0.000647215484893
-0.00305708355985
-0.00339855272865
-0.00174291311391
-0.00208487378024
-0.00252266357555
-0.000297312599601
-0.00067887519475
-0.0031024439532
-0.00344497649184
-0.00177548960596
-0.00211353585822
-0.00255203450655
-0.0003287658327
-0.00071264161107
-0.00314693284274
-0.0034905092824
-0.00180728380001
-0.00215125371187
-0.00259218030416
-0.000370049905648
-0.000754906849423
-0.00319054907527
-0.00353514986535
-0.00183829503955
-0.00218978642986
-9.0895125759e-06
-0.000410498767219
-0.00079631779655
-0.00323329151827
-0.00357889702772
-0.00186852268354
-0.00222752126632
-4.77600291255e-05
-0.000450111458362
-0.000836873424243
-0.00327515905998
-0.00362174957868
-0.00189796610645
-0.00226445740679
-8.56126848836e-05
-0.000488887038426
-0.000876572723929
-0.00331615060956
-0.00366370634969
-0.00192662469836
0.000296667167226
-0.000122646621316
-0.000526824585273
-0.000915414706797
-0.00335626509727
-0.00370476619466
-0.00195449786497
0.000261330797341
-0.000158860997294
-0.000563923195381
-0.000953398403915
-0.00339550147454
-0.00374492799013
-0.0019815850277
0.000226795469474
-0.00019425498919
-0.000600181983956
-0.00306173770616
-0.00343385871414
-0.00378419063537
0.000561177942854
0.000193061932916
-0.000228827790966
-0.000635600085026
-0.00309800200509
-0.00347133581033
-0.00382255305257
-0.00371703064186
-0.00699635136003
-0.00630075994456
-0.00550079847984
-0.0047695231498
-0.00394770184826
-0.0031953144668
-0.00223551638223
-0.00701257442397
-0.00631734809738
-0.00551772181174
-0.00477791032198
-0.00396025024404
-0.00320868996652
-0.00361064370659
-0.00702766083851
-0.0063327741605
-0.00553345970602
-0.00478508564522
-0.00397156656883
-0.00322081226905
-0.00362425928457
-0.00704160995192
-0.00634703743727
-0.00554801142301
-0.00479104876797
-0.00398165024895
-0.00323168073844
-0.00363676406648
-0.00297664016937
-0.00636013728305
-0.00556137627822
-0.00479579939796
-0.0039905007729
-0.00480295326106
-0.0036481575369
-0.00298831292023
-0.00637207310535
-0.00557355364253
-0.0047993373023
-0.00399811769152
-0.00481131241808
-0.00365843922592
-0.00299884670742
-0.00224623079384
-0.00558454294233
-0.00480241243304
-0.00400450061805
-0.00481841622713
-0.00366760870925
-0.00300824107471
-0.00225583700107
-0.00559434365965
-0.00480747052436
-0.00555494440423
-0.00482426431474
-0.00367566560832
-0.00301649561501
-0.00226427772164
-0.00560295533232
-0.00481131573486
-0.00556420537922
-0.00482885637333
-0.00368260959036
-0.00302360997045
-0.00227155257294
-0.00142020921052
-0.00634438933145
-0.00557223235988
-0.00483219216131
-0.00368844036845
-0.00302958383249
-0.00227766122508
-0.00142644163087
-0.00634580827393
-0.00557902493836
-0.00483427150317
-0.0036931577016
-0.00303441694196
-0.00228260340094
-0.00143148395561
-0.00213583334526
-0.00558458276937
-0.00483509428946
-0.00369676139477
-0.00303810908912
-0.00228637887628
-0.00297975282867
-0.00213482574126
-0.00558890557031
-0.00483466047688
-0.00369925129896
-0.00304066011371
-0.00228898747973
-0.00298241430386
-0.00213260490842
-0.00559199312131
-0.00483297008826
-0.00370062731119
-0.00304206990499
-0.00229042909288
-0.00298388513751
-0.00212917095569
-0.00133237300285
-0.00681060360206
-0.00370088937454
-0.00304233840173
-0.0038189285581
-0.00298416526014
-0.00212452405152
-0.00133298964559
-0.00680640039437
-0.00370003747817
-0.0030414655923
-0.00381803604729
-0.00298325465848
-0.00211866442382
-0.0013323707557
-0.00253946881339
-0.00369807165732
-0.00303945151458
-0.00381597650879
-0.00298115337558
-0.00211159235988
-0.00133051636468
-0.00253275367114
-0.0036949919933
-0.00454559389514
-0.00381275003609
-0.00297786151074
-0.00210735640219
-0.00132742656688
-0.00252478305828
-0.00369079861346
-0.00454129759269
-0.00380835677564
-0.00297337921948
-0.00210311055138
-0.00132310151947
-0.00251555739374
-0.00517089997495
-0.00453586043283
-0.00380279692683
-0.00297481414041
-0.00210069330916
-0.00131754144246
-0.00250507716218
-0.00455666058394
-0.00394762318516
-0.00443240252141
-0.0040147256019
-0.00301363799484
-0.00389095455911
-0.00653683810643
-0.00455592977687
-0.00396131916868
-0.00444599824748
-0.00402818532804
-0.00300763338318
-0.00388502139062
-0.00653849139267
-0.00456833836784
-0.00397389793923
-0.00445848490903
-0.00404054704417
-0.00300301101251
-0.00387801515304
-0.00653908589645
-0.00458553381757
-0.00398535897229
-0.00446986199298
-0.00405181025242
-0.00301413313403
-0.00386993611537
-0.00653862159557
-0.00460160261901
-0.00399570178967
-0.00448012903157
-0.00406197449894
-0.00302631659293
-0.00386078458768
-0.00653709850735
-0.00461654408991
-0.000440634325934
-0.00448928560244
-0.00407103937391
-0.00303877631376
-0.00385056092105
-0.0027193478348
-0.00463035759539
-0.0015506412179
-0.00449733132874
-0.00407900451168
-0.00426136379449
-0.00384224064156
-0.00272684840516
-0.00464304254806
-0.00155762698377
-0.00450426587918
-0.00408586959083
-0.00427165269185
-0.00385215990656
-0.00273329060848
-0.00465459840819
-0.00156349308627
-0.00451008896816
-0.00409163433421
-0.00428085554896
-0.00386100707367
-0.00273867420407
-0.00466502468375
-0.00156823928012
-0.00451480035572
-0.00409629850906
-0.00428897200356
-0.00386878180352
-0.00274299899073
-0.00467432093059
-0.00157186536681
-0.00451839984772
-0.00409986192696
-0.00429600173599
-0.00387548379778
-0.00274626480677
-0.0046824867525
-0.00157437119466
-0.00452088729576
-0.00410232444397
-0.0043019444693
-0.00388111279918
-0.00274847153009
-0.00468952180129
-0.00157575665883
-0.00452226259731
-0.00531489890854
-0.0043067999693
-0.00388566859157
-0.00407923385903
-0.00578108805987
-0.00157602170133
-0.00452252569564
-0.00167120892229
-0.00431056804458
-0.00388915099997
-0.00407932218897
-0.00578586071032
-0.00157516631109
-0.00452167657992
-0.00167036831755
-0.00431324854657
-0.00389155989062
-0.00407835129746
-0.00578950183192
-0.0015731905239
-0.00451971528515
-0.00166842668082
-0.00431484136958
-0.00389289517095
-0.0040763212208
-0.00579201126925
-0.00157009442241
-0.00451664189221
-0.00166538409059
-0.00431534645079
-0.00389315678967
-0.00407323203491
-0.00579338891516
-0.00156587813618
-0.00451245652778
-0.00166124066977
-0.00431476377027
-0.00389234473672
-0.0040690838553
-0.00579363471082
-0.00156054184154
-0.00450715936438
-0.00165599658573
-0.004313093351
-0.00522007382414
-0.00406387683704
-0.00579274864573
-0.00155408576167
-0.00571108998768
-0.00164965205028
-0.00431033525887
-0.00521711456271
-0.00405761117474
-0.00579073075774
-0.00154651016646
-0.00570356992692
-0.00164220731956
-0.00430648960263
-0.00521308184695
-0.00405028710252
