0.00140425703126
0.00498128962147
0.00283963159613
0.00371107328029
0.00168398098986
0.00162489114868
-0.000267561769113
0.00146396889381
0.00503384027639
0.00289208509216
0.000453457738206
-0.00151626774883
0.0016974244871
-0.000195537129773
0.00152459513338
0.00508730874301
-0.000349218004071
0.000506619629704
-0.00144248271907
0.00177083493644
-0.000122640761363
0.00158613399182
0.0018204053198
-0.000294933598179
0.000560692881866
0.00110427277179
0.00184512049884
-4.88746218239e-05
-0.00161206418897
0.00187570474287
-0.000239736069624
0.000615675949983
0.00117981374624
0.00192027915876
2.57593135066e-05
-0.00154870545453
0.00193191726502
-0.000183627003507
0.000671567266934
0.00123668836513
0.00199630888328
0.000101259052136
0.00149545280012
0.00198904127001
-0.000126608007347
0.000728365243395
0.00129315332731
0.00207320762235
0.000177622584658
0.00156062411875
0.00204707511935
-6.86807108623e-05
0.00078606826806
0.00135051843175
0.002150973309
0.000254847884997
0.00162669894237
0.00210601715245
0.00287188693488
0.000844674707853
0.00140878207321
0.00222960385963
0.000332932910653
0.00169367538534
0.00216586568685
0.00293162585517
0.00090418290815
0.00146794262515
0.00230909717425
0.000411875602944
0.00396896299474
0.00222661901849
0.00299226805566
0.000964591193
0.00428174792983
0.00238945113674
0.000491673887251
0.00403773693816
0.0022882754219
0.00305381182005
0.00102589786535
0.00434269733933
0.00244918985164
0.000572325673267
0.00410740672269
0.00235083315045
0.003116255411
0.00108810120725
0.00440453865452
0.0025095317034
0.00325849036463
0.00417797038268
0.00241429043657
0.00317959707031
0.00115119948013
0.00446727016608
0.0025707600934
0.00334084282161
0.00424942593311
0.00247864549201
0.00324383501916
0.00121519092497
0.00453089014458
0.00263287335101
0.00342404241769
0.00432177136987
0.00254389650803
0.00330896745838
0.00128007376256
0.00459539684065
0.00269586978571
0.00350220468181
0.00439500466998
0.00261004165568
0.00337499256863
0.00134584619374
0.00466078848522
0.00275974768739
0.00356557873588
0.0044691237919
0.00267707908604
0.00344190851069
0.0014125063996
0.00472706328977
0.00282450532646
0.00362982625309
0.00454412667574
0.00274500693042
0.00350971342567
0.00148005254175
0.00479421944651
0.00289014095416
0.000279625455793
0.00462001124357
0.00281382330064
0.00357840543525
0.00394644653973
0.00486225512867
-0.000448342623796
0.000345614753448
0.00469677539962
0.00288352628927
0.00364798264194
0.00401575896249
0.00148750548217
-0.000380956340851
0.000412472331314
0.000159353269426
0.00376009282044
0.00108560802128
0.00131352163994
0.00147337957096
0.00302170970016
7.34061193995e-05
0.000228421102384
0.00383083067103
0.0011699008656
0.00139970962685
0.00156593015791
0.00311643306585
0.000170163518367
0.000298441031427
0.000508696210909
0.00125516359464
0.00148688537241
0.00165947653342
0.00321217042336
0.000267951624551
0.00036941082418
0.000581376451536
0.00132979322666
0.00157504578968
0.00175401528421
-0.000113156818619
0.000366766577951
0.00275998802241
0.000655024275982
0.00140510887133
0.00166418776993
0.00184954297664
-1.54024184477e-05
0.000466604497592
0.00283285075311
0.000729637244681
0.00148140856041
0.00175430818311
0.00194605615721
8.33549916764e-05
0.000567461482156
0.00290665651272
0.000805212894454
0.0015586896678
0.00184540387832
0.00204355135311
0.00204308303333
0.00384267744788
0.00298140297815
0.000881748738877
-0.00176311266771
0.0019374716843
0.00214202507276
0.00214383534276
0.00394556078015
0.00305708780453
0.000959242268656
-0.00168387669861
0.00203050840989
0.00224147380627
0.00224557950415
0.000584433122539
0.00313370862544
0.001037690952
-0.0016036673334
0.00212451084453
0.00234189402607
0.00234831176173
0.000689326968988
0.00321126305331
0.00111709223498
-0.00152248729274
0.00221947575874
0.00244328218733
0.00245202834247
0.000795220090803
0.00328974867975
0.00119744354195
0.00147378671118
0.00231539990455
0.00254563472856
0.00255672545666
0.000902108477861
0.00336916307585
0.00127874227585
0.00155689985069
-0.00104025403316
0.00264894807207
0.00266239929846
0.00100998810408
0.00344950379259
0.00356236695811
0.00164097536963
-0.000954444659966
0.00275321862452
0.00276904604646
0.00111885492803
0.00353076836109
0.00364555267116
0.00172601045939
-0.000867659465168
0.00285844277742
0.00287666186428
0.00122870489353
0.00361295429304
0.00372967789555
0.00181200229038
-0.000779901445734
0.00296461690765
0.00298524290107
0.00305755120293
0.000230425241592
0.00381473995253
0.00189894801251
-0.00069117361976
0.00307173737795
0.00309478529212
0.00316935522708
0.00031444635924
0.00390073614384
0.00198684475555
-0.000601479026017
-0.00031109170148
0.00320528515934
0.00327259446531
0.000399381261913
0.00398766375211
0.00207568962957
-0.000510820723497
-0.000202089516817
0.00331673861189
0.00334580186033
0.000485227386799
0.00407552004127
0.00216547972537
-0.000419201790956
-9.21519836124e-05
0.00342914174665
0.00341584819504
0.000571982153323
0.00416430225686
0.00225621211487
-0.000326625326469
1.87172093629e-05
0.00354249064879
0.00348695782309
-0.000123247026875
-0.00169002535521
-0.00180119622835
-0.00346067408761
-0.00338649003395
-0.000684528007982
-0.000346634799958
-0.00200125932016
-0.00171494807833
-0.00341293520241
0.00105192203098
-0.000581655123754
3.97229037215e-05
-0.00178275516033
-0.0017406634244
0.000758990358453
0.00171201427714
-0.000131787819492
-7.91570572441e-05
-0.00188999948378
-0.00102154953317
-0.000395291390205
-0.00177543289281
-0.00203387702589
-0.00369355737906
0.00106248834091
-0.000548825821279
-0.000209781538697
-0.00222284842685
-0.00193561353944
-0.00363227524263
0.00137451229473
-0.000797231119244
-0.000132444626829
-0.001953464142
-0.00122609749714
0.000591937817478
-0.00126032386563
-0.000476784163648
-0.0024055610452
-0.0014041879107
-0.000304199852487
-0.000634978159169
-0.0020148164274
-0.00204763504015
-0.00389378586183
0.000862481221699
-0.000748218917534
-0.000408178717453
-0.00206947768116
-0.00212413560871
0.00064388399637
0.00118859476715
-0.000456144808202
-0.00270220492469
-0.00209308298771
-0.0039212740738
0.00112400328789
-0.0015800716594
-0.00079316868878
-0.00271819209263
-0.00171272103098
0.000237112542791
-0.000841960360831
-0.00222153502923
-0.00221476915578
0.00080726792442
0.000882115112283
-0.000914798497372
-0.000573921789387
-0.00222625107121
-0.00407160442095
0.000488719265829
-0.00127901093368
-0.000645759953942
-0.00250258361056
-0.0023177896122
0.000145805914522
0.000843041283889
-0.00120484950556
-0.000414866048932
-0.0030021618859
-0.00199293960146
-6.22879610131e-06
-0.00101659187886
-0.00238851922151
-0.00234873782838
0.000673180739887
-0.00107438617068
-0.000865491821006
-0.00269936402387
-0.00235025662868
0.000282357953297
0.000701596197573
-0.00140077046988
-0.000937862132373
-0.00279227262048
-0.00208746160773
-0.000137738390946
0.000579734550348
-0.00146572758812
-0.000672957119045
-0.00259774921597
0.00175354946742
-0.000221066660492
-0.00261522265632
-0.00252904584359
-0.00405033100062
0.000572487399057
-0.00117496668359
-0.000965759395933
-0.00262178725331
-0.0024413146636
0.0001916864653
0.000611479244274
-0.00130536654967
-0.001198760862
-0.00305099900162
0.00193722367815
0.000127208923329
0.000864762736709
-0.0016966787592
-0.000901424619792
-0.00282344697045
0.00220586037113
-0.000407161497894
-0.00272245328714
-0.00263613797702
0.000564241971156
0.000504742893075
-0.00124203971382
-0.00103262321982
-0.00268831181948
-0.00232195553482
0.000133955394052
0.00042862133327
-0.00153624121829
-0.00107564024935
-0.00292980178907
0.00171208787807
-9.53169833167e-05
0.000662130704016
-0.00138733717926
-0.00109999238259
0.000994077801311
-0.000994171308043
8.82629202895e-05
-0.00297934052803
-0.00270963445165
0.000530769454358
0.000471240542203
-0.00127708948516
-0.00106598334479
-0.0027688198558
0.00194163594625
6.81537778964e-05
0.000228854770131
-0.00173503973557
-0.0012731109633
0.00117106960117
-0.000753477149714
-0.000299737435571
-0.0022507643932
-0.00155761351152
-0.00359872636748
0.000827716170567
-0.00115828275358
-0.000109914742706
-0.00301918182028
0.00180607093202
0.000530963696502
0.000471434957561
-0.00127689528863
-0.00106737486621
-0.00301468140504
0.00169641901902
-0.000175942808659
-0.00205415690614
-0.00172043397175
-0.00387931026683
0.00100714669208
-0.000915735890014
-0.000148703301242
-0.00246203637108
-0.00169721214307
0.000289120235382
0.0012027676234
-0.0012928067271
-0.000290741753764
-0.00302521197559
0.00180004860495
0.000234230744594
0.000505325844889
-0.00124304252852
-0.00325776236772
0.0013306140023
-0.000698352201844
-0.000387515775365
-0.00224680892235
-0.00185428338355
-0.00383669061932
0.000875332130417
-0.00104620662397
-0.000331106484617
-0.0022932433607
-0.00180595538532
0.000181568162102
0.00109654307512
-0.000901709792938
-0.000442388388477
0.00158915111043
-7.01229990523e-05
-2.22183394358e-05
-0.00165849583924
-0.00136311739549
-0.00343793016641
0.00115056302125
-0.000855401054775
-0.000543733828309
-0.00242438210272
-0.00195534760625
0.000363609048504
0.00095537968765
-0.00114764296037
-0.000482074499888
-0.00244255179843
-0.00154073492018
0.000104673491479
0.00102059987521
-0.00102508090477
-6.88053684196e-05
0.00103838350215
-0.000293744894329
-0.000245678481212
-0.00188133997469
-0.00169470336969
0.000960385486635
0.00100384263656
-0.00100172994566
-0.00068938244023
-0.0025695104518
-0.00206724618724
0.00029593830492
0.000888288579364
-0.00109342881058
-0.00060140515487
-0.00256056570991
0.00244754076137
0.000401226304253
0.000975031379329
-0.00111906063013
-0.00327048623361
0.000878525216668
-0.000844092290241
-0.000435814792009
-0.00207094887294
-0.00180779005927
0.000660110990641
0.000703642214749
-0.00111459576331
-0.000801721520474
-0.0026811085376
0.00218338864471
0.000222237883607
0.000853723503798
-0.00118179882668
-0.000514253882613
-0.00264712929548
-0.000572703365921
0.000385898581784
-0.00172288426478
-0.000843757447561
-0.00333367421449
0.000752424126652
-0.00100073085784
-0.000952411337869
-0.00259307036314
-0.00190718728116
0.0005806129596
0.000624196335702
-0.00137798794176
-0.000880583140234
-0.00275944850892
0.00209179373644
0.000130963010742
-0.00182324210956
-0.00123794722637
-0.00332019204606
0.00157164286412
-0.000672179625826
0.000296200827873
-0.00172693699004
-0.000877695071366
-0.00303634844633
0.000638425993818
-0.00112349264175
-0.0010750829157
-0.00271539843729
0.00219279340702
0.000534981381037
-0.00160254735427
-0.00142346679284
-0.00343037444573
-0.00280441413763
-0.000488003565962
7.29614038865e-05
-0.00189682873259
-0.00126179600343
-0.00334381401126
0.00150253206359
-0.000570116155413
0.000399172532519
-0.00173081820185
-0.000881532174376
0.000797350715481
-1.34934380572e-05
-0.00176663923409
-0.00298902455832
-0.00280377895283
7.45711450716e-05
0.000154886216842
-0.00161423481392
-0.0014351227688
-0.00344197571982
0.00137327527142
-0.000513286253298
4.5791018375e-05
-0.00196963859696
-0.00125179389312
0.000729966359745
0.0014650740086
-0.000607127848073
0.000362653801606
-0.00158282094458
-0.000855264121348
0.000823286129809
-0.001732457334
-0.00182112894546
-0.00359563561054
0.00172967716001
2.05384615044e-05
0.000177145454218
-0.00195077665076
-0.00141293808472
-0.00344091440154
0.0013526436237
-0.00068490288569
5.23393808986e-06
-0.0020098281616
-0.00127386456641
0.00070751625506
0.00145193022081
-0.000617356884318
0.000357043035549
-0.00158834973204
0.00328503024128
0.000878914932943
-0.00175262928884
-0.00184132818902
-0.00361581991434
0.0011425433318
5.08828002066e-07
0.00019675331072
-0.00195316120474
-0.00179603023837
0.000903298349206
0.00132779731195
-0.000678757374207
-0.000181917090827
-0.00219427387307
-0.00127957167615
0.000701859798333
0.00144633313148
-0.000621201061694
-0.0026715776423
-0.00158674641693
0.000181238001888
0.00105461154517
-0.00246554751808
-0.00182720527004
0.000971200020802
0.00115661602524
-0.000540784211753
0.000205504089421
-0.0019444132776
-0.00178730298601
0.000546375382683
0.00133643155496
-0.000653164641223
-0.000156510739024
-0.00216909784665
-7.04420971829e-05
0.000728257443379
-0.00145729702958
-0.000595393999185
-0.00264650302841
-0.0015616591925
0.000186807841135
0.00100779342882
-0.00241718996308
-0.00250580441967
0.00101958715412
0.00120486689849
-0.000492767549161
-0.000307123561033
-0.00190175746199
0.00267545059522
0.000588744719804
-0.00149369702932
-0.000952157204656
-0.00273465463097
-0.0021112695066
-1.1504166283e-05
0.00061068662546
-0.00139949360373
-0.00053828375933
-0.00259015749919
0.00240627145956
0.000169499633462
0.000990672921564
-0.00233465423424
-0.00242315735453
0.000365008165229
-0.000731339749265
-0.000410812503237
-0.00239583586507
-0.00237426347239
0.000373595492274
0.000664730267726
-0.00141819026351
-0.000864411863503
-0.00299264337521
0.0021606500578
7.96558273963e-05
0.000701040472182
-0.00148131393693
-0.000449944871911
-0.00250299913333
0.002492153799
0.000182234998271
0.00100327016827
0.00137133290817
0.00154471702976
0.00271293869589
0.000212547878277
0.000619133535494
0.0016816855607
-0.000668328161566
0.00134926965085
0.00153823973214
0.00269123171164
0.000198331600654
0.00406893639223
0.00167148249358
-0.000678463892589
0.00132820254041
0.00153276125796
0.00267051649725
0.000185107010725
0.00405577092611
0.00166226244623
-0.000687623078585
0.00130813227762
0.00152326402999
0.00265079373562
0.000172874543042
0.00404359316198
0.00165402571599
0.00261124000935
0.00385452353558
0.00150449328361
0.00263206407751
0.000161634599785
0.00403240349665
0.00164677256861
0.00260403475694
0.00383644894011
0.00148671842349
0.00261432814147
0.000151387550693
0.00402220229494
0.00164050323818
0.00259780683106
0.00381937309891
0.00146994003969
0.00259758651369
0.000142133733002
0.00401298988957
0.00163521792709
0.00259255643014
0.0038032965819
0.0014541586896
0.0025818397479
0.000133873451394
0.00400476658115
0.00163091680602
0.00258828372149
0.00378821992609
0.00143937489787
0.00256708836534
0.000126606977941
0.00399753263813
0.0016276000139
0.00258498884129
0.0037741436354
0.00142558915633
0.00255333285459
0.000120334552068
0.00399128829672
0.00162526765785
0.00258267189457
0.00376106818065
0.00141280192389
0.00254057367156
0.000115056380504
0.0039860337609
0.00162391981325
0.00258133295522
0.00374899399944
0.00140101362648
0.00252881123939
0.000110772637256
0.00398176920234
0.00162355652364
0.00258097206591
0.00373792149607
0.00139022465695
0.00251804594835
0.000107483463578
0.0039784947604
0.00162417780075
0.000274988205551
0.00372785104151
0.00138043537504
0.00250827815584
0.00286942328727
0.00397621054212
-0.000661968370507
0.000276583419685
0.00371878297331
0.00137164610733
0.00249950818626
0.00286642600882
0.00165157186515
-0.000659378051971
0.000279156624835
0.00371071759555
0.00136385714712
0.00249173633101
0.000558230886539
0.001642464377
-0.000655803322352
0.000282707738963
0.0037036551788
-0.000910497755089
0.000185915773202
0.000550076935126
0.00163434658394
-0.000651244297124
0.000287236648869
0.0014075408043
-0.000916285353513
0.000180140888469
0.000542917348238
0.00162721875128
-0.00064570112353
0.000292743210208
0.00140248498694
-0.000921071964359
0.000175364793664
0.000536752362036
0.00162108111205
-0.000639173980559
0.000299227247514
0.00139843274072
-0.000924857427693
0.000171587647671
0.000531582179933
0.00161593386697
-0.000632521083967
0.000306688554227
0.00139538420173
-0.000927641617008
0.000168809576165
0.00052740697256
0.00161177718441
-0.000636650181646
0.000315126892727
0.000876393691798
-0.00162432472392
0.00142219010856
0.00223461154834
0.00283705674488
-0.00291993734253
-0.000119181203172
0.000865630820981
-0.001635379583
0.00141085110179
0.00220231346811
0.00282593359879
0.000658835906117
-0.000130942238906
0.000855927524413
-0.00164534618853
0.00140062825267
0.00217114981786
0.00281598859403
0.000648600131762
-0.000141457740627
0.000847284165727
-0.00165422414649
-0.000800869096276
0.00214112195062
0.00280722219142
0.000639577353578
-0.000150727163655
0.000839701068972
-0.00166201310573
-0.000808858400828
0.00211223117214
0.00279963479737
0.00063176801465
-0.00232071014511
0.000833178518558
0.00165552303142
-0.000821072575065
0.00208447874065
0.00279322676375
0.000625172498648
-0.00232748603397
0.0038920986492
0.00164991295119
-0.000846970881576
0.00205786586649
0.00278799838788
0.000619791129731
-0.00233301459626
0.00388769788586
0.00164539266518
-0.000871758660375
0.00203239371198
0.00278394991241
0.000615624172472
-0.00233729554512
0.00388435828375
0.00164196235242
-0.000895434884516
-0.000231089398072
0.00278108152526
0.00327562295849
-0.00234032865833
0.00388207996824
0.00163962214878
-0.000917998571918
-0.000254276820051
0.00277939335962
0.0032738853796
-0.00234211377845
0.00388086302489
0.00163837214697
-0.000939448785572
-0.000276320326521
0.00275798713555
0.00327336264798
-0.00234265081278
0.00388070749938
0.00163821239652
-0.000959784633731
-0.000297218949954
0.00273654591387
0.00327405478935
-0.00234193973344
0.0015801998317
0.00163914290376
-0.000979005270099
-0.000316971772068
0.00271627996515
0.00327596176966
-0.00233998057735
0.00158216711956
0.00164116363182
-0.000997109894001
-0.000335577924024
0.000410125548534
0.00327908349509
0.00130622984615
0.00158519572322
0.00164427450064
-0.00101409775055
-0.000353036586616
0.000392212906533
0.00328341981211
0.00131068478581
0.00158928552897
0.00462550946404
-0.0010299681308
-0.000369346990452
0.000375478191015
0.00328897050747
0.00131638730278
0.00159443638328
0.00463080020155
-0.00104472037192
-0.000384508416118
0.000359922178889
0.0032836791527
0.00132333710117
0.00160064809283
0.0022846169164
0.00231890864564
-0.000398520194345
0.000345545592956
0.0032693857436
0.00387901584911
0.00160792042455
0.00229190986188
0.00230639448631
-0.000411381706145
0.00033234910174
0.000921374741179
0.00386698739973
0.00161498118503
0.00228083820954
0.00229500017678
-0.000423092382957
0.000320333319333
0.0009095067933
0.00385480071601
0.00159717924172
0.00227085523472
0.00228472619425
-0.000433651706766
0.000309498805258
0.000898852480586
0.00384386017131
-0.00243347373159
-0.00248441080821
-0.00517862121373
-0.0022948754853
-0.0022772627694
-0.00223028431895
-0.00239616890487
-0.00248568464923
-0.00253810291727
-0.00522892992547
-0.00234664185378
-0.00233049597553
-0.00228618625667
-0.00245372278017
-0.00253702316703
-0.0025908994494
-0.00527831389495
-0.00239745826062
-0.00238275397815
-0.00234108945859
-0.00251025056572
-0.0025874879412
-0.0026427989456
-0.00532677167302
-0.00244732312948
-0.00243403506581
-0.0023949920324
-0.00256575020052
-0.00263707764814
-0.00269379996856
-0.00537430183475
-0.00129945746205
-0.00248433755518
-0.00244789211561
-0.00262021965566
-0.0026857909846
-0.00274390110285
-0.00542090297968
-0.00134741463058
-0.00253365979126
-0.00249978787589
-0.00267365693473
-0.00273362666783
-0.00279310095514
-0.00546657373193
-0.00139441568971
-0.0025820001477
-0.00255067751137
-0.0027260600741
-0.00278058343576
-0.00284139815433
-0.0055113127405
-0.00144045916896
-0.00262935702702
-0.00260055925089
-0.00277742714332
-0.00183425947546
-0.0028887913518
-0.00293548243432
-0.00148554362487
-0.0026757288609
-0.00264943135435
-0.00282775624544
-0.00187945471009
-0.00293527922156
-0.00297835400276
-0.00152966764127
-0.00150802641006
-0.002697292113
-0.00287704551735
-0.00192376736885
-0.00298086046039
-0.00302028992538
-0.00157282982941
-0.00155242356583
-0.00274413984968
-0.00292529313009
-0.00196719627395
-0.00302553378811
-0.00306443850755
-0.00161502882825
-0.00159583114845
-0.00278997291915
-0.00297249728923
-0.00200974026905
-0.00306929794766
-0.00310943860866
-0.00578196270554
-0.00163824770863
-0.00283478970837
-0.00301865623511
-0.00205139821943
-0.00209659566045
-0.0031535037271
-0.0058222313544
-0.00167967182738
-0.00287858863672
-0.00306376824326
-0.00209216901209
-0.00213853780602
-0.00319663254865
-0.00586153289897
-0.00172010211636
-0.00168474127798
-0.00310783162461
-0.00213205155597
-0.00217956715295
-0.00323882378466
-0.00589986609098
-0.00175953721798
-0.00172649987402
-0.00315084472586
-0.00217104478202
-0.00221968253852
-0.00328007617219
-0.00593722971081
-0.00179797580572
-0.00176723606486
-0.00319280592978
-0.00220914764336
-0.002258882824
-0.00332038847422
-0.00346420183015
-0.00183541658429
-0.00180694840238
-0.00323371365545
-0.00224635911546
-0.00229716689481
-0.0023308268488
-0.00349962276259
-0.00187185828989
-0.00184563547225
-0.00327356635863
-0.00228267819622
-0.00233453366067
-0.00236925537328
-0.00353407063808
-0.00190729969037
-0.00188329589413
-0.00331236253198
-0.00231810390612
-0.00237098205578
-0.00240674025842
-0.00356754435363
-0.00194173958547
-0.00191992832194
-0.00209024291669
-0.00318001196531
-0.000278868197961
-0.00498090007922
-0.00203244071939
-0.00346861423024
-0.00354890719395
-0.000605913728481
-0.00321043945648
-0.000324367784666
-0.00501551808882
-0.00206716823218
-0.00284475011119
-0.00359874460863
-0.000649776687398
-0.00324006148573
-0.000369068274244
-0.00504932548627
-0.00210108263581
-0.00287871877434
-0.00364777851876
-0.000692830108499
-0.00326887740563
-0.000412968692449
-0.00455767678094
-0.0021341831725
-0.00291187230102
-0.00369600783867
-0.000735073030366
-0.00329688658572
-0.000456068080931
-0.0045898607191
-0.00216646910172
-0.00294420994719
-0.0037434314986
-0.000776504508199
-0.00332408841255
-0.000498365497338
-0.00462466659215
-0.00219793970033
-0.00297725629298
-0.0037900484448
-0.00081712361392
-0.0029517225596
-0.00420786373099
-0.0046663349265
-0.0022285942626
-0.00302300063703
-0.00383585763967
-0.000856929436274
-0.00298776810163
-0.00424855444067
-0.00470719621374
-0.00225843210033
-0.00306793730024
-0.00388085806184
-0.00481385265998
-0.0030305922592
-0.0042884404482
-0.00474724954896
-0.00228745254292
-0.00311206528178
-0.00392504870631
-0.00485202924963
-0.00307261749514
-0.00432752087618
-0.00478649404383
-0.00231565493742
-0.00315538359726
-0.00330978142728
-0.00488938992406
-0.00311384289638
-0.00436579486374
-0.00482492882669
-0.00234417529641
-0.00319789127877
-0.00335234956728
-0.00492593384031
-0.00315426756589
-0.00440326156655
-0.00486255304266
-0.00238189920073
-0.00323958737503
-0.00339410501377
-0.0049616601727
-0.00319389062276
-0.00443992015695
-0.00159400424752
-0.00188280087904
-0.00328047095146
-0.00343504682823
-0.00499656811294
-0.0032327112023
-0.00447576982405
-0.00163000483259
-0.00191889697975
-0.00332054109032
-0.00347517408903
-0.00503065687023
-0.0032707284561
-0.00411103862731
-0.00166519238764
-0.00195417795449
-0.00335979689077
-0.00351448589152
-0.00506392567136
-0.00330794155217
-0.00414526808258
-0.00169956612578
-0.00198864301016
-0.00339823746899
-0.000461853736445
-0.00509637376077
-0.00334434967499
-0.00417868628326
-0.00173312527734
-0.00202229137098
-0.00343586195828
-0.000499531976824
-0.00512800040064
-0.00337995202564
-0.00421129248635
-0.00176586908995
-0.00583414430169
-0.00347266950915
-0.000536392147857
-0.00449557467533
-0.00341474782183
-0.00424308596601
-0.00179779682862
-0.00586615701532
-0.0035086592894
-0.000572433413818
-0.00452555627406
-0.00344873629802
-0.00427406601367
-0.00182890777584
-0.00589735081172
-0.00354383048425
-0.000607654956445
-0.00455471431707
-0.00348191670551
-0.00430423193809
-0.00185920123163
-0.00592772498537
-0.00304024944597
-0.000642055975035
-0.00458304813835
