0.000629250706812
-0.000394435857233
-0.000534264371558
-0.00165914670756
-0.00131217446986
-0.0026258021466
0.000280575992855
0.00066729602277
-0.00337760495785
-0.000508878196075
-0.00125957350105
-0.00127320341502
-0.00258686041214
0.000312147243683
0.00070625289689
-0.00333859308196
-0.000482569326544
-0.00123326726965
-0.00123331878524
-0.00254700576568
0.000592254516083
0.000746120232964
-0.00329866950442
-0.000455338514751
-0.00120603918692
-0.0011925217087
-0.00250623933287
0.00062565679935
0.000786896910985
-0.00326454400629
-0.000427186537965
-0.00117789002991
-0.00115081333746
-0.00246784920407
0.000659973196608
0.000828581787297
-0.00323552672503
-0.000398114198829
-0.00114882060102
-0.00110819484734
-0.00243253550865
0.000695202740383
0.000871173694756
-0.00320559161626
1.36426305687e-05
-0.0011188317279
-0.0010646674377
-0.00239630754323
0.000731344438876
0.000914671442883
-0.00317473952822
4.4553185538e-05
-0.00108792426336
-0.00102023233131
-0.00235916633101
0.000768397276102
0.000959073818032
-0.00314297133407
7.63815438196e-05
-0.00105609908521
-0.000974890774176
-0.00208554139342
0.000806360212027
0.00100437958355
-0.00311028793171
0.000109126802432
-0.00102335709617
-0.000934056548395
-0.00204657685391
-0.0018152239308
0.00105058747995
-0.00307669024369
0.000142788033616
-0.000989699223712
-0.000894166210305
-0.00200670228189
-0.00177544401305
0.00109769622507
-0.00304217921709
0.000177364284967
-0.000955126419967
-0.000853366612872
-0.00196591879653
-0.00173475725954
0.00114570451426
-0.00262684326813
0.000212854579562
-0.000919639661565
-0.00081165890021
-0.0019242275406
-0.00169316480504
0.00119461102053
-0.00259050850295
0.000249257916101
-0.00376442882644
-0.000519382734692
-0.00188162968034
-0.0016506678076
0.00124441439477
-0.00255326338615
0.000286573269041
-0.00372711718597
-0.000475862317682
-0.00183812640526
-0.00160726744846
0.0012951132659
-0.00251510896153
0.00032479958874
-0.00368889466642
-0.000431437358039
-0.00179371892805
-0.00156296493182
-0.00181174761091
-0.00247604629669
0.000363935801602
-0.00364976234107
-0.00038610909284
-0.00174840848433
-0.00151776148469
-0.00137697638111
-0.00243607648293
0.000403980810222
-0.003609721307
-0.000339878781992
-0.00170219633256
-0.00147165835678
-0.00132359946279
-0.0023952006351
0.000444933493537
-0.00356877268495
-0.000292747708064
-0.00165508375382
-0.00142465682026
-0.00128098462287
-0.00235341989141
0.000486792706983
-0.00328304055842
-0.000244717176111
-0.00160707205165
-0.00137675816964
-0.00124399909416
-0.00231073541329
0.000529557282644
-0.00324028021642
-0.000195788513503
-0.00155816255189
-0.00119171774816
-0.00141890423717
-0.0017250833571
-0.0020373863225
0.000138925909171
-0.000139839815029
-0.000362469650663
-0.000768644030633
-0.00138780137092
-0.00168630706433
-0.00414384495943
0.000178349888295
-9.92342277782e-05
-0.000320683154163
-0.000723261424087
-0.0013556832176
-0.00164649130171
-0.00410381992194
0.000218855224228
-5.7495076669e-05
-0.000424393350969
-0.000676684707518
-0.00132255089238
-0.00160563752692
-0.00406272607334
0.00026046016402
-1.46241818314e-05
-0.000380278452013
-0.000628916145077
-0.0012884055439
-0.00156374723281
-0.00402056500594
0.000303163000596
2.93765913065e-05
-0.000335002372457
-0.000579958052908
-0.00125324835413
-0.00152082194714
-0.00397733835015
0.000346961985507
7.45053324128e-05
-0.000288567190906
-0.00052981279861
-0.00121708053812
-0.00147686323231
-0.00393304777413
0.000391855329276
0.000120760086655
-0.000240975034028
-0.000478482800683
-0.00117990334384
-0.00141887794118
-0.00388769498348
0.000437841201755
0.00016813885511
-0.000192228076087
-0.000425970527969
-0.00114171805193
-0.00137285719235
-0.00384128172096
0.000484917732486
7.5989397318e-05
-0.000142328538455
-0.00221675913282
-0.00110252597554
-0.00132580790655
-0.00379380976609
0.000533083011068
0.000125610023163
-9.12786891341e-05
-0.00216188991556
-0.00106232846001
-0.00354357441335
-0.0037452809349
0.000582335087533
0.000176348406123
-3.90808422538e-05
-0.00210584612634
-0.00102112688277
-0.00349447318115
-0.00369569707954
0.000632671972727
0.000228202375165
1.42626424298e-05
-0.00204863042959
-0.000978922652987
-0.00344434860562
-0.00364506008797
0.000684091638697
0.000281169717324
6.8749360046e-05
-0.00199024553713
-0.000923417234189
-0.00339320248359
-0.0035933718836
0.00059774113643
0.000335248178162
0.000124376861128
-0.00193069420759
-0.000879212052932
-0.00334377030039
-0.00354063442495
0.000651320126857
0.000390435462221
0.000181142652136
-0.00215759680253
-0.000834008635128
-0.00329726750057
-0.00348684970527
0.000705975585352
0.000446729233491
0.000239044195996
-0.00209572105882
-0.000787808514759
-0.00324974078309
-0.0034320197522
0.000761705332747
0.000504127115884
0.000298078912629
-0.00204164962476
-0.000740613256385
-0.00320119184877
-0.00337614662741
0.00081850715309
0.000562626693705
-0.00161462485908
-0.00201376108776
-0.000692424454886
-0.00315718181278
0.00114566589935
0.00087637879407
0.000622225512139
-0.00155333170639
-0.00198467444263
-0.00301158586658
-0.00312172546031
0.0010404239383
0.000935317967437
0.000682921077739
-0.00149091337367
-0.00195439109268
-0.00296141488345
-0.00308523661634
0.00107797317316
0.000995322349435
0.000744710858917
-0.00170925135454
-0.00192291249661
-0.000850645438476
-0.00119280723368
-0.00163366237291
-0.00206230688073
-0.00234358667536
-0.00179709697207
-0.00209708633257
-0.00263690272595
-0.00271111534368
-0.00215733999421
-0.00290402458708
-0.00295476132832
-0.00361640433009
-0.0026639452695
-0.00332615934615
-0.00315988809848
-0.00397981079411
-0.00357647810772
-0.00364174331546
-0.00431427929095
-0.0038715588906
-0.000888765132761
-0.00140904462583
-0.0017117289303
-0.00108371247955
-0.00136536365358
-0.00177151855266
-0.00214982047744
-0.00268984084157
-0.00182697482701
-0.00221027368353
-0.00224805254194
-0.00292382944786
-0.00281445813381
-0.00261369227321
-0.00333612247923
-0.00323314285486
-0.00344313438735
-0.00303931021964
-0.00371353439883
-0.00302074678947
-0.00400038727876
-0.000912855747356
-0.00144234297196
-0.000687106048493
-0.00111726288143
-0.00140664571046
-0.00178598886114
-0.00216438373863
-0.00176731482782
-0.00184161301684
-0.002224892115
-0.00217883076639
-0.00208005998375
-0.00197740778507
-0.00252532604023
-0.00337148883143
-0.00265094353148
-0.00347828805163
-0.00307422659204
-0.00374813252907
-0.00262013019038
-0.00363672955327
-0.00576956242973
-0.000354935966275
-0.000690552364038
-0.00112073399212
-0.00141013326174
-0.000788798386818
-0.00125750422668
-0.00174358738651
-0.00181785549894
-0.00220116665958
-0.00147373500128
-0.00212347906836
-0.00198879273726
-0.0025996528027
-0.00182900780711
-0.00264823043628
-0.00347558657697
-0.00307154336255
-0.00328553638986
-0.00267633215697
-0.00369261252993
-0.00467532884808
-0.00520443069292
-0.000656644275344
-0.0010865820701
-0.000448716914005
-0.000820605050039
-0.00128948496328
-0.00145990653412
-0.000989689029656
-0.00141537447205
-0.00155963845793
-0.00220940994408
-0.00207452634569
-0.0020685908795
-0.00191781645149
-0.00260750467555
-0.00235317263579
-0.00257073914643
-0.00324562565734
-0.00269567010819
-0.00371184058839
-0.00490257645664
-0.00512662394719
-0.00548004269518
-0.00500708208194
-0.00037666744739
-0.000814393722299
-0.001283239627
-0.000665911800448
-0.000983423710364
-0.00103555167396
-0.00160719826839
-0.00225698496954
-0.0014941142507
-0.00211946652625
-0.00196856191791
-0.00261244457131
-0.00184810730516
-0.00249294260428
-0.00194343911151
-0.00267810897626
-0.00339061442733
-0.00490130439302
-0.00507902368698
-0.00460733225018
-0.00489794747227
-0.00521827561129
-0.000770176366399
-0.000451049118012
-0.0006213235473
-0.00100695703401
-0.00108276232879
-0.000986481887994
-0.00100521105916
-0.00150321879625
-0.00213208277062
-0.00198114584515
-0.002177853073
-0.00187058169158
-0.00250762091411
-0.00196815516197
-0.00231853882072
-0.00197039194189
-0.00491008867352
-0.00418813706766
-0.00452525099324
-0.00475159255398
-0.0051292764199
-0.00482069950146
-0.000368462373931
-0.000538497685604
-0.00101575758231
-0.000464949708058
-0.000957149386435
-0.000975869167902
-0.00147394445892
-0.00133074527839
-0.00149081289302
-0.00216243215685
-0.00185524040618
-0.00251451823432
-0.00166871294151
-0.00230778783959
-0.00187971125025
-0.00397525913848
-0.00416002250312
-0.00449697987947
-0.00456828819286
-0.00423120164772
-0.00470079737725
-0.00502165375146
-0.000457260708122
-0.000359567182448
-0.000435345608916
-0.000889419494068
-0.000908117630274
-0.000938660802963
-0.000799155700451
-0.00142707456339
-0.00117699906163
-0.00180211267133
-0.00217759818211
-0.00165662234521
-0.002336095117
-0.00175263073343
-0.00391073754075
-0.00409718213776
-0.00443721872624
-0.00371285508059
-0.00407499499188
-0.00454335949517
-0.00486336341399
-0.0047110940292
1.6442157569e-05
-0.000367383637582
-0.000783425121895
-0.000341843837958
-0.000832875643644
-0.000697144357898
-0.00132532334265
-0.00108571615842
-0.00141823809171
-0.00102583433687
-0.00164798767298
-0.0023275378007
-0.00148390936895
-0.00382704167895
-0.00355345797086
-0.00359374491805
-0.00362897997406
-0.00400362740979
-0.00445654109603
-0.00414371531368
-0.00460545404988
-0.00483348489874
-0.00520915819501
0.00023479050193
-0.000197746053433
-0.000689106691071
-0.000557220772432
-0.000882393066799
-0.000653365928198
-0.00131206679966
-0.000920355927514
-0.00160217116348
-0.00089800536337
-0.00143900861711
-0.00295037541034
-0.00343361940601
-0.00347323711191
-0.00366537489398
-0.00399019701386
-0.00382561408499
-0.00413011357628
-0.00446198864092
-0.00468946481728
-0.00462570771994
-0.00468080804795
-0.000139603024819
6.18331885552e-05
-0.000129274477652
-0.000722237497003
-0.000486917086074
-0.00117407918131
-0.000670072565238
-0.00136136489408
-0.000815831924494
-0.00135774841551
-0.002795278924
-0.00327730026568
-0.00331604896918
-0.00289730887774
-0.00332197707966
-0.00377440353505
-0.004078640622
-0.0043974996048
-0.00412611539504
-0.00453847142433
-0.00459100309743
-0.00499960763981
0.000464202079756
-8.60632123358e-05
0.000101137363638
-0.000362659472611
-0.000922218142854
-0.000575388925752
-0.00124150528091
-0.000697039376356
-0.00124027181423
-0.00260425478102
-0.00308477875372
-0.00251208242281
-0.00285338474987
-0.00323385158933
-0.00368561152479
-0.00353998826317
-0.00369352284538
-0.00402648408871
-0.0044372307578
-0.004463220961
-0.00456736496358
-0.00441962871648
-4.95376808832e-06
0.000181991732073
-9.19311722952e-05
0.0001277087719
-0.000453269240346
-0.00108491826539
-0.000541181705784
-0.00108612631645
-0.00283652502885
-0.00225129333253
-0.00243338163446
-0.00282747063877
-0.00310858913074
-0.00310999860454
-0.00341313896283
-0.00356634615899
-0.00388908419262
-0.00400334182076
-0.00400984151119
-0.00442808857617
-0.00433029140207
-0.00482110692012
0.000470898648193
2.58833768913e-05
0.000287643335566
-0.00029424833779
0.000188999286065
-0.000349850872502
-0.000951011559765
-0.0019624091153
-0.00213859931339
-0.00267549259391
-0.00276461311588
-0.00249701370436
-0.00294661334235
-0.00324892554266
-0.00340171099007
-0.00341962003089
-0.00354430900486
-0.00385098881331
-0.00383456962585
-0.00420323935733
-0.00450745250158
-0.00432136738112
-0.00474534716505
0.000484393234866
-0.000106152100737
0.00038306482397
-0.000122723741303
0.00039484158945
-0.00181676479763
-0.00204041040709
-0.00257644505697
-0.00221382399169
-0.00246110559463
-0.00274635145682
-0.00304765474798
-0.00290048340765
-0.00321119275497
-0.00334465450342
-0.00368982821348
-0.00366582935744
-0.00387441484811
-0.00371568403775
-0.00412837491593
-0.00455342751247
-0.0042607926452
0.000125739835408
0.000613112230343
0.000139807005356
0.00038382295032
-0.00168391530221
-0.0019061153668
-0.00198349257111
-0.00207748818588
-0.00232421614247
-0.00250957886862
-0.00251025496144
-0.0026619236845
-0.0029682586885
-0.00310803955337
-0.00334806383514
-0.00331503644276
-0.00367272462168
-0.00351452747177
-0.00389862876734
-0.00364806785351
-0.00413066575583
-0.00460286645472
0.000871705546789
0.000256375137166
0.000572643575718
-0.00151557071179
-0.00127846038505
-0.00181185005733
-0.00190474778975
-0.00215077782211
-0.00193727897117
-0.00223604496746
-0.00238702476856
-0.00252075400964
-0.00271605048964
-0.00313265566372
-0.00309974693223
-0.00343424421785
-0.00327667346747
-0.00363254771877
-0.00348049536652
-0.0039638750718
-0.00353485930137
-0.00402087211419
0.000497711321482
0.000796658925203
-0.000856657458915
-0.00152654915743
-0.00160433087403
-0.00169590945178
-0.00164724030041
-0.0016288210295
-0.00192607200967
-0.00207628054532
-0.00207098075915
-0.00246450082041
-0.00258117272676
-0.00284784524823
-0.0031594098127
-0.00300255483368
-0.00341180212601
-0.00327639455525
-0.00376072070872
-0.00349451063795
-0.00382098956478
-0.00314508978149
-0.00380429642426
-0.000618230154016
-0.00128557378285
-0.00106381084801
-0.00145203502089
-0.00140169545037
-0.00133200148997
-0.00158087971858
-0.0015956657372
-0.00177827347025
-0.0021768432717
-0.00229296009736
-0.00255978874639
-0.00239930912033
-0.00269266197293
-0.00317100536981
-0.00319708785504
-0.00368295362833
-0.00325700864622
-0.00358565720203
-0.00302825033839
-0.00395064428682
-0.00237163210287
-0.000804510308525
-0.00266601548492
-0.000428242966041
-0.00309208951405
-0.000720433386678
-0.0025583529574
-0.00240107408342
-0.000854278832393
-0.00271596448676
-0.000478273748571
-0.00313893200949
-0.000767224500222
-0.00472132412361
-0.000795759284775
-0.000903146745473
-0.00276500979274
-0.00052739943792
-0.00318486609789
-0.000813108154884
-0.00476706611504
-0.000823368126966
-0.000951112688483
-0.00281315002897
0.000950495877282
-0.00322989048358
-0.000858083059188
-0.00481190203199
-0.000850059215835
-0.00099817532457
-0.00286038384425
-0.0015073204739
-0.00327400389415
-0.000902147944858
-0.00485583061772
-0.000875831795413
-0.00104433333949
-0.00290670991018
-0.00155372269182
-0.00331720508066
-0.00094530156699
-0.00353340787841
-0.000900685134959
-0.00108958544178
-0.00295212692136
-0.00159921443171
-0.00335949281774
-0.000987542704223
-0.0035755181244
-0.00092461852906
-0.00113393036293
-0.0029966335956
-0.00164379440514
-0.00340086590384
-0.00102887015891
-0.00361671740871
-0.00358339991244
-0.00117736685758
-0.00304022867405
-0.00168746134713
-0.00344132316134
-0.00106928275727
-0.00365700456832
-0.00360549140122
-0.00121989370366
-0.00157116856052
-0.00173021401633
-0.00348086343674
-0.00110877934957
-0.00369637846404
-0.00362666098127
-0.00126150970256
-0.00161293676517
-0.00177205119521
-0.0035194856008
0.000249286050234
-0.00373483798065
-0.00364690804944
-0.00130221367932
-0.00165378973937
-0.00181297169022
-0.00355718854872
0.00021162482231
-0.00377238202711
-0.0036662320284
-0.00134200448275
-0.00169372631943
-0.00185297433195
-0.00359397120028
0.000174882903839
-0.00380900953664
-0.00368463236666
-0.00138088098564
-0.00173274536584
-0.0018920579753
-0.0036298325
0.000139061346839
-0.00384471946694
-0.0037021085387
-0.00141884208487
-0.00177084576343
-0.00193022149963
-0.00366477141728
0.000104161178519
-0.00387951080026
-0.00371866004503
6.41556060893e-05
-0.00180802642158
-0.00196746380893
-0.00369878694655
7.01834011362e-05
-0.00391338254363
-0.00373428641224
2.80285263255e-05
-0.0018442862743
-0.00200378383195
-0.00234906245582
-0.0022421628689
-0.00394633372891
-0.0037489871931
-7.17998660095e-06
-0.00187962428042
-0.0020391805224
-0.00238122829318
-0.00227429295814
-0.00397836341299
-0.00376276196658
-4.14689275091e-05
-0.00191403942374
-0.00207365285904
-0.00241543142105
-0.00230549780076
-0.00400947067788
-0.00377561033798
-7.48373160608e-05
-0.00194753071314
-0.00210719984587
-0.00244896588948
-0.0023357764957
-0.00403965463087
-0.00228469767845
-0.000107284196899
-0.00449090745368
-0.00213982051222
-0.00248157437473
-0.0023651281675
-0.00406891440466
-0.00358226325007
0.00145661617336
-0.000897683840989
-0.00154030987727
-0.00136429431676
-0.00237982452387
-0.00461582774195
-0.0036409637647
-0.000349717946889
-0.000959775556751
-0.00158727492161
-0.00141278142195
-0.00242983227168
-0.00466733427286
-0.00240111969743
-0.000409118668154
-0.0010208419519
-0.000415292111897
-0.00146016192873
-0.00247870060028
-0.00471766920656
-0.00245787067967
-0.000467517593308
-0.00108088078914
-0.000483010215279
-0.00150643385007
-0.00252642733307
-0.00364623211306
-0.00251364407505
-0.000524912687664
-0.00113988986249
-0.000549681958216
-0.00155159524084
-0.00257301033895
-0.00369421677783
-0.0025684380398
-0.000581301946135
-0.00119786699761
-0.000615304774798
-0.00159564419819
-0.00261844753275
-0.00374102286981
-0.00262225075801
-0.000636683393571
-0.00125481005227
-0.00067987613128
-0.00163857886197
-0.00266273687573
-0.00378664816356
-0.00267508044189
-0.000691055085084
-0.00131071691663
-0.000743393526546
-0.00168039741507
-0.00270587637599
-0.00383109048441
-0.00272692533211
-0.000744415106377
-0.00014448471393
-0.000805854492559
-0.00172109808384
-0.0041422691186
-0.00387434770894
-0.00277778369805
-0.000796761574063
-0.000198312999809
-0.00086725659481
-0.00176067913842
-0.0030615802885
-0.00391641776545
-0.00464373751518
-0.000848092635985
-0.000251098964214
-0.000927597432764
-0.0017991388931
-0.00310125878406
-0.00395729863449
-0.00469261775689
-0.000898406471526
-0.000302840630727
-0.000986874640301
-0.00183647570671
-0.0031397799463
-0.00399698834927
-0.00474050645747
-0.000947701291927
-0.00035353605718
-0.00104508588616
-0.00187268798291
-0.00317714202388
-0.00403548499617
-0.00478740200386
-0.000995975340581
-0.000403183336
-0.00110222887436
-0.00190777417056
-0.00321334331478
-0.0040727867152
-0.00483330281308
0.000164889407057
-0.00045178059456
-0.00115830134464
-0.00194173276402
-0.0032483821667
-0.00410889170037
-0.00487820733245
0.000118662041568
-0.000499325995514
-0.00121330107288
-0.000853039444751
-0.00328225697738
-0.0041437982002
-0.00492211403989
7.34605216927e-05
-0.000545817737132
-0.00126722587152
-0.000884738516578
-0.00331496619502
-0.00417750451808
-0.00496502144413
2.92864724324e-05
-0.000593137418921
-0.00132007358999
-0.00243633153785
-0.00334650831856
-0.00421000901268
-0.00500692808496
-1.38585148323e-05
-0.000643434316924
-0.00137184211508
-0.00246576561944
-0.0033768818981
-0.00424131009839
-0.00504783253348
-5.59728826189e-05
-0.000692678932709
-0.00142252937139
-0.00250788458106
-0.00340608553514
-0.00427140624565
-0.0039158660292
-9.70551076164e-05
-0.000740869395018
-0.00147213332169
-0.00255887819725
-0.00343411788298
-0.00430029598134
-0.00176776020363
-0.00262349427689
-0.00199365315341
-0.00125557012804
-0.00313246296806
-0.005053324959
-0.00421009450799
-0.00178842924046
-0.00264484855089
-0.00201568252732
-0.00127825217761
-0.00312478421943
-0.00504541849788
-0.00420197736329
-0.00321164841617
-0.00266497517495
-0.00203644581924
-0.00129963102337
-0.00311575708929
-0.0050361237392
-0.00419243499547
-0.00322993931967
-0.00268387313257
-0.00205594191343
0.000163919353307
-0.003105382125
-0.00502544128042
-0.00282776321475
-0.00324703982897
-0.00270154146825
-0.00207416976105
0.00014515049502
-0.00309365995527
-0.00501337180777
-0.00284489683987
-0.00326294913315
-0.0027179792878
-0.00209112838045
0.000127688274252
-0.00308059128998
-0.00499991609604
-0.00287428828865
-0.00327766647712
-0.00273318575849
-0.0021068168574
0.000111533688911
-0.00306617691996
-0.00498507500834
-0.00290226573646
-0.0032911911618
-0.00274716010934
-0.0021212343454
9.66876630806e-05
-0.00305972801879
-0.0049688494958
-0.00292882729985
-0.00330352254428
-0.00275990163124
-0.000678232074702
8.31510467602e-05
-0.00307363363974
-0.00495124059727
-0.00295397118759
-0.00331466003796
-0.00277140967718
-0.000690105317079
7.09246156219e-05
-0.00570861159624
-0.00360048795965
-0.00297769570127
-0.00332460311272
-0.0027816836624
-0.000700705439245
6.00090707881e-05
-0.00571982491707
-0.00360618611082
-0.00299999923589
-0.00333335129501
-0.00279072306451
-0.000710031867529
5.04050386316e-05
-0.00572969102886
-0.0036264425279
-0.00302088028033
-0.00334090416799
-0.00279852742367
-0.000718084096906
4.2113070596e-05
-0.00573820933379
-0.00364531727568
-0.00304033741795
-0.00334726137162
-0.00280509634269
-0.000724861691135
3.51336430375e-05
-0.00574537931547
-0.00366280914727
-0.00305836932699
-0.00335242260273
-0.00138629850345
-0.000730364282876
2.94671570885e-05
-0.00575120053901
-0.00367891702296
-0.00307497478106
-0.00335638761514
-0.00139039560163
-0.000734591573788
2.51139385421e-05
-0.00445348066356
-0.00369363987056
-0.00309015264953
-0.00336115000053
-0.00139325644486
-0.000737543334612
2.20742377586e-05
-0.00445660339295
-0.00370697674573
-0.00310390189794
-0.00336939214566
-0.00139488088737
-0.000739219405231
2.03482295938e-05
-0.00445837654998
-0.0037189267923
-0.00311622158833
-0.00337643830228
-0.00139526884637
-0.000739619694719
-0.00278068321633
-0.00445880002699
-0.00372948924251
-0.00312711087957
-0.00338228813415
-0.00139442030208
-0.000738744181356
-0.00277978161694
-0.00445787379825
-0.00373866341729
-0.00313656902762
-0.00197867452712
-0.00139233529777
-0.000736592912642
-0.00277756625378
-0.00445559792001
-0.00374644872646
-0.00314459538584
-0.00186814272699
-0.00180989468324
-0.00108219437756
-0.00400035472251
-0.000218073958215
-0.00301135862862
-0.000791788001701
-0.00187255682578
-0.00180515187767
-0.00107481851705
-0.00399639648077
-0.000222327264212
-0.00301558612275
-0.00405195567227
-0.00187584465838
-0.00179928392182
-0.00106632046635
-0.00399131861405
-0.00364824476538
-0.00138539578558
-0.00405504770223
-0.00187800608575
-0.00179229106335
-0.00105670058234
-0.00398512133455
-0.00365026826948
-0.00138740700783
-0.00405704126255
-0.00187904101645
-0.00178417359731
-0.00459834059133
-0.00397780490117
-0.00365117672374
-0.00138830994795
-0.00406259652191
-0.00187894940672
-0.00177493186604
-0.00458950160631
-0.00396936961949
-0.00201874345947
-0.00138810456896
-0.00407170290327
-0.00555313153988
-0.00176456625917
-0.00457992256126
-0.00395981584163
-0.00201742174733
-0.00138679087928
-0.00407971140672
-0.00555078690854
-0.00175307721346
-0.00456922246875
-0.00231691733522
-0.00201498501104
-0.00139261767867
-0.00408662171019
-0.00554731589135
-0.00174046521277
-0.00456729887351
-0.00230512780746
-0.00201143335158
-0.00139847925782
-0.00409243353565
-0.00554271863508
-0.00172673078791
-0.00457775418411
-0.00229222111871
-0.00200918591346
-0.00140323272449
-0.00410165102352
-0.00553699533413
-0.00171187451656
-0.00295581825365
-0.00227819780666
-0.00201285221729
-0.00140687788405
-0.00411226763826
-0.00553014623043
-0.00169849882535
-0.0029640310161
-0.00226305845511
-0.00201540363608
-0.00140941458721
-0.00412178617467
-0.00552217161341
-4.57372203709e-05
-0.00297112196403
-0.00225415191583
-0.00201684006411
-0.00141084273005
-0.00413020624966
-0.00551307181995
-5.17138123413e-05
-0.00297709079975
-0.00225447424128
-0.00201716144185
-0.00141116225407
-0.0041375275242
-0.00550284723428
-5.65665838058e-05
-0.00298193727257
-0.00225367821493
-0.00201636775597
-0.00141037314618
-0.00414374970338
-0.00386753714473
-6.02953303782e-05
-0.0029856611789
-0.00225176386999
-0.00201445903938
-0.00140847543871
-0.00414887253651
-0.00385506431641
-6.28998949793e-05
-0.00298826236228
-0.00224873128625
-0.00201143537118
-0.00140546920939
-0.0041528958171
-0.00384146813193
-6.43801678706e-05
-0.0029897407134
-0.00224507987763
-0.00200729687665
-0.00140135458136
-0.00266865462482
-0.0038267491641
-6.47360866772e-05
-0.00299009617013
-0.00224399753472
-0.00200204372724
-0.00139613172314
-0.00267047835807
-0.00381090803256
-6.39676364008e-05
-0.00298932871751
-0.00224276009314
-0.00199567614055
-0.00138980084855
-0.00267120218518
-0.00379394540371
-6.20748494231e-05
-0.00298743838782
-0.00224087769128
-0.00198819438023
0.000133014164848
-0.00267082607695
