-1.70514073949e-05
-0.00190639944055
-1.78914879062e-05
0.00242708287143
-0.00150221276501
0.00107665016243
0.00113862900003
2.02385796275e-05
-0.000230389987206
1.71505643244e-05
0.00246091334208
-0.00146800159176
0.00111122208016
0.0011776786787
5.81247048271e-05
-0.000192016219805
5.11959819172e-05
0.00249536407699
-0.00143316336218
0.0011464274844
0.00121736581336
9.66065124798e-05
-0.000153039362111
8.58541208304e-05
0.00253043462878
-0.00139769853879
0.00117973350278
0.00125463739688
0.000135022904474
-0.000113459894407
0.000121124541793
0.00256612454244
-0.00136160759194
0.00121319047027
0.00128842832367
0.00181017657501
-7.32783038781e-05
0.000157006798203
0.00260243335542
-0.00132489099982
0.00124728100953
0.00293025468863
0.00184768671516
-3.45600885696e-05
0.00019350043616
0.00263936059758
-0.00128754924841
-0.00121415963333
-0.00102744154285
0.00188579212407
4.03341372399e-06
0.000230604994487
0.00267690579129
-0.00124958283143
-0.00117880334399
-0.000991732862398
0.00192449234464
4.32290859489e-05
0.000268320004764
0.00271506845143
-0.00121099225036
0.000429002431043
-0.000955385904163
0.00196378691309
8.21144251882e-05
0.000306644991354
0.00275384808541
-0.00117177801433
0.000465622558606
-0.000918401168697
0.00200367535905
0.000120569693579
0.000345579471433
-0.00135598972915
-0.00113194064017
0.000502873868223
-0.000880779164797
0.00204415720549
0.000159626727826
0.000385122955023
-0.00131597765493
0.000466776614554
0.00054075585786
-0.000845905627538
0.00208523196887
0.000199285048735
0.000425274945016
-0.00127535012907
0.000506864747708
0.000579268017533
-0.000811285353846
-0.00214142484358
0.000239544170257
0.00046603493721
-0.00123410767367
0.000545592867097
0.000618409829336
-0.000776027074918
-0.00209916572322
0.000280403599514
0.000507402420336
0.000356916740426
0.000584943695706
0.000658180767477
-0.000740131275483
-0.00205631517582
0.00032186283683
0.000549376876091
0.000399387459442
0.000624916716431
0.000698580298312
-0.000703598448528
-0.00201287371095
0.000363921375763
0.000591957779173
0.000442471498032
0.000665511404576
0.000739607880381
-0.000666429095268
-0.00196884184462
0.000406578703129
0.00218431215586
-0.00182440761227
0.00070672722789
0.000781262964442
-0.000628623725112
-0.00192422009925
0.000449834299037
0.00222810434982
-0.00178009859499
0.000748563646599
0.000823544993509
-0.000590182855628
-0.00187900900362
0.000493687636921
0.00227250137351
-0.00173517793288
0.00079102011344
0.000866453402885
-0.000551107012508
-0.00183320909285
0.00206737916431
0.00231750267393
-0.00168964619844
0.000834096073698
0.000909987620202
-0.000511396729533
0.00119763673473
0.00122727363017
-0.00250882078537
-0.000940704740286
-0.000912463164301
-0.000932886272018
0.00050450255293
0.00123966528258
0.00127062220286
-0.00246408154466
-0.000894500193083
-0.000872429474197
0.000557307484259
0.000547389823237
0.00128240533772
0.00131470366847
-0.000931544222448
-0.000847516792012
-0.000831585697647
0.00059956639517
0.000591142528742
0.00132585616474
0.00135951722123
-0.000885295213009
-0.000799755509764
-0.000789932743943
0.000642661371268
0.000635759554821
0.00137001701704
0.00140506204319
-0.000838292659218
-0.000757738338412
-0.000747471538991
0.000686591388536
0.000681239766802
0.0014148871369
0.0014513373043
-0.000790537472005
-0.00071588656914
-0.000704203025209
0.000731355404834
-0.00286340505384
0.00146046575552
-0.00230628471214
-0.000742030575383
-0.000673253754919
-0.000660128161429
0.000776952360023
-0.00281620195357
0.00150675209312
-0.00225855111091
-0.00069277290636
-0.000629840779524
-0.000615247922788
0.000823381176081
-0.0027681391903
0.00155374535894
-0.00221008963255
-0.000642765414858
-0.000585648541533
0.000847876130323
0.000870640757232
-0.00271921797747
0.0016014447514
-0.0007062451424
-0.000592009063617
-0.00054067795424
0.000894364128559
0.000918729990067
-0.00266943954787
0.00164984945807
-0.000656330554607
-0.000540504828111
-0.000494929945555
0.000941654479445
0.000967647743674
-0.00261880515345
0.00169895865582
-0.000605690757894
-0.000490764062346
-0.000448405457919
0.000989746143668
0.00101739286976
-0.0025673160652
0.00174877151081
-0.000554326664907
-0.000444972930166
-0.000401105448208
0.00103863806615
0.00106796420279
-0.00251497357297
0.00179928717861
-0.000502239199783
-0.000398430725618
-0.000353030887636
0.00108832917615
0.00111936056012
-0.00116535095314
0.00185050480428
-0.000449429298069
-0.000351138344377
0.00107781891401
0.00113881838737
-0.00249490957428
-0.00111130559727
-0.000552430290608
-0.000395897906643
-0.000303096695096
0.00112743960578
0.00119010459811
-0.00244186678412
-0.0010564108187
-0.000512383575108
-0.00034280015794
-0.000254306699323
0.00117783184971
0.00124218669133
-0.00238800261897
-0.00100066798121
-0.000471627986265
-0.000300788141486
-0.000204769291415
0.00122899461819
0.0012950635348
-0.00233331832861
-0.000944078466698
-0.000430164218888
-0.00025804699638
-0.000154485418449
0.00128092686979
0.0013487339812
-0.00227781517923
-0.000886643674942
-0.000387992978929
-0.000214577494905
-0.000103456040142
0.00133362754931
0.00140319686825
-0.00222149445335
-0.000828365023496
-0.000345114983423
-0.00017038042139
-5.16821287541e-05
0.00138709558792
0.00145845101884
-0.000903748083618
-0.000770088123125
-0.00235456105077
-0.00475869755348
-0.00551172186489
-0.00391472819423
-0.00276464393277
-0.00317176079298
-0.00166412489521
-0.00200258575154
-0.000434237297005
-0.00143383277908
-0.00470560444462
-0.00464132320893
-0.00326280197878
-0.00388570895523
-0.00266200966876
-0.0022325450202
-0.000898775496857
-0.00117892382613
-0.000516314732603
0.000532233232877
-0.00356188519808
-0.00184844375428
-0.00424547537556
-0.00502542668746
-0.00388112521097
-0.00445792665473
-0.00266851457262
-0.00314373936422
-0.00225094022625
-0.00069122283625
-0.000852907525701
-0.00412396153187
-0.00406738438095
-0.00363695135425
-0.00339257149004
-0.00218009333164
-0.00175477426912
-0.00166109068809
-0.0011745604494
-4.47302843516e-05
0.00102855449848
-0.00443233277296
-0.00550479547782
-0.00369477481855
-0.00497178083105
-0.00334866391825
-0.00391943251028
-0.00214829547851
-0.00333728662812
-0.00171625765386
-0.00190565232606
-0.000254440103782
-0.00359589211435
-0.00449629727377
-0.00305728775695
-0.00286771886266
-0.00165782116332
-0.00245294391082
-0.00113918250164
-0.000657581709784
0.000465742115306
-0.000181961086
-0.00386478546565
-0.00492557255779
-0.00359996927217
-0.00443698564344
-0.00277841017923
-0.00334285688528
-0.00234316241229
-0.00276727536158
-0.00114248724746
-0.00135429700217
-0.000703029209272
-0.00541603243024
-0.00393278928156
-0.00372952866305
-0.00232818933979
-0.00231248136398
-0.00189619923416
-0.000582151532715
-0.000102506639058
-0.000445881136769
-0.00437502030891
-0.00328489909269
-0.00480982967464
-0.00556927331284
-0.00387630286575
-0.00454649163663
-0.00344097490438
-0.00177519248752
-0.00215965360348
-0.000546405624486
-0.00174040903777
-0.00013777656497
-0.00481363906861
-0.0033332597083
-0.00435933732504
-0.00296610626117
-0.00266574388371
-0.00130183694392
-5.9814625187e-06
-0.000964755495649
0.000138942139736
-0.00383376772277
-0.00275209087805
-0.00423183743862
-0.00498170348319
-0.00327970430806
-0.00463543726712
-0.0028418479142
-0.00333995385201
-0.00152837466764
-0.000902125034396
-0.00111350396766
-0.00414096183105
-0.00417430683799
-0.00392347820335
-0.00375247528091
-0.00236453601038
-0.00203004004218
-0.000671141452955
-0.00160330558244
-0.000349303667966
0.000759167397265
-0.00325667925962
-0.00378405029643
-0.00362826649617
-0.00505537560596
-0.00334142198489
-0.00399633716938
-0.00220724694021
-0.00269936963299
-0.00185506429001
-0.00220105892495
-0.0004663413276
-0.00350150173721
-0.00468804524817
-0.00327569777506
-0.00311242123164
-0.00172672612872
-0.0028093563873
-0.00144917677886
-0.000994454418045
0.000253466801544
0.000942409434025
-0.00423880586389
-0.00340863552672
-0.00637161487711
-0.00443188846759
-0.00268303031312
-0.00332347444833
-0.001538422751
-0.00297641833929
-0.0011691275987
-0.00151062978237
0.000202397567216
-0.00564469672079
-0.004005388484
-0.00400748973402
-0.00243737721338
-0.00248830323632
-0.00215037124659
-0.000749720204197
-0.000350781241472
0.000890858480276
-9.14527999505e-05
-0.00359343184393
-0.00277270873845
-0.00572064255663
-0.00380956839483
-0.00456493882818
-0.00356000336283
-0.00180797621613
-0.00229570350272
-0.000477102308722
-0.000812461778754
-0.000383087401351
-0.004979831328
-0.00332167487312
-0.00329124557187
-0.0031474335435
-0.00298763388342
-0.00150837709146
-0.000125095768785
-0.00134282059364
-0.000104636218136
-0.00408899803277
-0.00291563419417
-0.0021046058091
-0.00503819455771
-0.00315469823694
-0.00478469627921
-0.0028892231839
-0.00345944300911
-0.0016366568168
0.000185870352058
-0.00135789484291
0.00030143333626
-0.00429376745312
-0.00266501902179
-0.00394538153511
-0.00242898030581
-0.00230826117373
-0.00083261794444
-0.00206267105645
-0.000660501220774
-0.000148392686055
-0.00343094064516
-0.00407436291829
-0.00323960659901
-0.00435849781759
-0.00335176603659
-0.00408941957209
-0.00218663271927
-0.00277364669655
-0.00214097129659
-0.00246615246097
-0.000679335610495
-0.00530985931664
-0.0035903511506
-0.00337757701503
-0.00323018540114
-0.00171543576106
-0.00159628637681
-0.00178440646468
-0.00137390284852
3.89383150421e-05
0.000544713289072
-0.00455209091948
-0.00385087381874
-0.00258244130316
-0.00453404207552
-0.00263510752504
-0.00336363268678
-0.00145340135241
-0.00321190608873
-0.00141772961787
-0.00177283679403
1.80508208367e-05
-0.00594116595014
-0.00425877430083
-0.00427611765274
-0.00250992682306
-0.000990192462679
-0.00248492880056
-0.00105878564436
-0.0006535747103
0.00076939935061
-0.000609202976786
-0.0038316167745
-0.00313901901624
-0.00189465750527
-0.00381154011058
-0.00455170186636
-0.00260846786555
-0.00184937591146
-0.00246452824401
-0.000664191986585
-0.00104827065132
-0.000670010665112
-0.00520858807881
-0.00350593347776
-0.00352304352897
-0.0017683021818
-0.00332611598435
-0.00171659868518
-0.0014737599949
9.71174502313e-05
-0.000348226845477
0.00014455618776
-0.00308163083454
-0.00239778451055
-0.00318072211757
-0.00306064909234
-0.00377764342012
-0.00294312334335
-0.00353456929732
-0.00170114292213
-0.00219094268459
-0.00166368586435
8.61639756157e-05
-0.00444987079988
-0.00272343239272
-0.00435685106928
-0.00267382544221
-0.00260556069956
-0.000986278145162
-0.000688455241337
-0.000978828768579
-0.000461421219249
-0.00361223750563
-0.002303250096
-0.00361723790314
-0.00243484877542
-0.00231912748587
-0.00412284727641
-0.00213254348654
-0.00277580356346
-0.000953050547261
-0.00280255819788
-0.000880156260863
-0.00119606590091
-0.00366211239408
-0.00352902490151
-0.00354566128335
-0.00192234451944
-0.0018549697725
-0.000238618489174
-0.00177580823462
-0.000223222048309
0.000331625815872
-0.00280239558503
-0.00415313879903
-0.00285831618531
-0.00166148894514
-0.00267882927322
-0.00338021113078
-0.00130387106351
-0.00200753097962
-0.001542640533
-0.00201984542262
-8.80872159259e-05
-0.00467617749151
-0.0044159548877
-0.00448611361495
-0.00270720440338
-0.00114197567329
-0.0028970095459
-0.00129428388738
-0.00101379441251
0.000533586900119
0.00108142115212
-0.00394218434863
-0.00340452366526
-0.00212486599434
-0.00136912199857
-0.00471055298695
-0.00261036122665
-0.00316533117437
-0.00255195058975
-0.000739058989212
-0.00120988308725
0.000726322828137
-0.00533017459527
-0.00361550756165
-0.00371417827033
-0.00186558619616
-0.00373940927466
-0.00208980291635
-0.00187271049365
-0.000223816622994
0.00131830766432
-0.000197481258489
-0.00316170159907
-0.00263601227908
-0.00136396122021
-0.00279360621843
-0.00392311322495
-0.00311599519508
-0.00369331218136
-0.00173045768742
-0.00233669726831
-0.000373757762806
5.86560117357e-06
-0.0045212644743
-0.00283035870622
-0.00292773762756
-0.00287507970429
-0.00290467196949
-0.00125597688454
-0.00104188760343
-0.00143346019061
-0.00104401730594
0.000567365416437
-0.00240424435801
-0.00184096979147
-0.00275287330703
-0.00201543866698
-0.00437918365655
-0.0022946837448
-0.00293715483436
-0.000922417948857
-0.0014818950176
-0.00105744326396
-0.00140228169415
-0.00371255445874
-0.00201837271437
-0.00385775862701
-0.00206249588661
-0.00204440654167
-0.000396624482833
-0.00217073586774
-0.000590817210424
-0.000208869489324
-0.00306585905898
-0.0046403503953
-0.00318426303195
-0.00258987033659
-0.00121185009119
-0.00354230148604
-0.0014490888433
-0.00215484496802
-0.00166012287565
-0.00213023965152
-0.000172150427467
-0.000593847830334
-0.0028893692284
-0.00483765129884
-0.00301868854685
-0.00296751023971
-0.00115968007149
-0.00149743050343
-0.00129999880883
0.00027657413909
0.000614318026861
-0.00440710149574
-0.00383046812314
-0.00233913387211
-0.00175249157155
-0.000383775697787
-0.00268208326602
-0.00340417985902
-0.00285084157202
-0.000845356109414
-0.00128064495767
0.00068954783659
-0.00557837360037
-0.00377098305749
-0.00397514465721
-0.00215487379637
-0.00210440237701
-0.00219140393947
-0.002141879276
-0.000452772764279
0.00116769372207
-0.000754185404571
-0.00356493314088
-0.00299583726615
-0.0014873637718
-0.00323552385233
-0.00188787921808
-0.000199965996105
-0.0020761231054
0.000656353722044
0.00253163939985
-0.00123429623337
-0.0015288004942
-0.00302034683377
-0.000237639786376
0.000675302521476
0.000620815134094
-0.00113331010986
-0.00127667737228
-0.00157166484757
-0.00305925359044
-0.000277361704677
0.000641492901719
0.000585887558338
-0.00116866470868
-0.00131843639514
-0.00161390027917
-0.00309752236456
-0.000316489785469
0.000608287592316
0.000551571435721
-0.00120340058253
-0.0013595727521
-0.00165550622035
-0.00313870362359
-0.0013545040464
0.000575687002768
0.000517867199886
-0.0012375172818
-0.00140008590085
-0.00169648211028
-0.000425649489924
-0.00139244305399
0.000543691535475
0.000484775277139
-0.00127101436448
-0.00143997530671
-0.00173682739597
-0.000466426729976
-0.00142978683919
0.000512301585718
0.000452296086429
-0.00130934044552
-0.00147924044261
-0.00177654153231
-0.000506566310353
-0.0014665349537
0.000481517541629
0.00042043003932
-0.00134751840895
-0.00151788078917
0.000938844488717
-0.000546067676618
-0.00150268695594
0.000450850148135
0.000389177539963
-0.00138507831194
-0.00155589583468
0.000900394254729
-0.000584930282525
-0.00153824241105
0.00041485116696
0.000358538985073
-0.00142201966825
-0.0015932850752
0.000862576757807
-0.000623153590049
-0.00157320089095
0.000379456397023
0.000328514763905
-0.00350163206285
0.00111330977795
0.000825392511197
-0.000660737069429
-0.00160756197436
0.00034466627544
0.000299105258226
-0.00353733489706
0.00107717362817
0.000788842020092
-0.0006976801992
-0.00164132524678
0.000310481232271
0.000270310842296
-0.003572417771
0.00104166474852
0.000752925781599
-0.000733982466228
-0.00167449030057
0.000276901690493
0.000242131882841
-0.000917250435439
0.00100678361168
-0.00281779963221
-0.000769643365748
-0.00170705673495
0.000243928065975
0.000214568739029
-0.000951092028319
0.000972530682457
-0.00285244590667
-0.000804662401396
-0.00173902415602
0.000211560767452
0.000187621762453
-0.000984312315718
0.000938906417719
-0.00288645648604
-0.000839039085244
-0.00177039217679
0.000179800196503
-0.000864625711419
-0.00101691086457
0.000905911266388
-0.00291983090589
-0.000872772937831
-0.00180116041721
0.000148646747521
-0.000892574006395
-0.00104888724953
0.000873545669399
-0.00295256871004
-0.000905863488201
-0.00183132850416
0.000118100807695
-0.000927556494448
-0.00108024105299
0.000841810059677
-0.00298466945057
-0.000938310273929
-0.00186089607154
0.0027736816923
-0.000961925495646
-0.00111097186509
0.000810704862102
-0.00301613268788
-0.000970112841157
-0.00188986276021
0.0027443519034
-0.000995680572767
-0.00114210937332
0.000780230493488
-0.00304695799071
-0.00100127074463
-0.000271057691912
-0.00114436701186
-0.00162911671622
-0.00216937746005
0.000172883823667
-0.000434413030506
-0.00114760450669
0.00254735975557
-0.00119603240295
-0.00168240502419
0.000660554221975
0.000121756388683
-0.000492349026803
-0.00120756022075
0.0024979361825
-0.00124697891714
-0.00173495329001
0.000610090015709
7.14198368184e-05
-0.000549474414448
-0.00126667932466
0.0024492120701
-0.00129720564961
-0.0017867605227
0.000556620331949
2.18752494607e-05
-0.00060578789308
-0.00132496038095
0.00240118823547
-0.00134671170686
-0.00183782574353
0.000503914968333
-2.68763070923e-05
-0.000661288178092
-0.00138240196931
0.00235386548519
-0.00139549620675
-0.00188814798609
0.000451974985335
-7.78009844458e-05
-0.00369985702404
-0.00143900268674
0.00230724461526
-0.00144355827859
-0.00193772629639
0.000400801429952
-0.000130652656451
-0.000922560521606
-0.00149476114772
-0.00103352987644
-0.00149089706321
0.000839484603003
0.000350395335596
-0.000182713248442
-0.000975613677796
-0.00154967598435
-0.00107874464015
-0.00153751171303
0.000791396969059
0.000300757722003
-0.00023398163912
-0.0010278486623
-0.00160374584657
-0.00112325519946
-0.00158340139218
0.00074405605395
0.000251889595124
-0.000284456722175
-0.00107926427136
-0.00165696940223
-0.00116706080124
-0.00162856527647
0.00069746276113
0.000203791947034
-0.000334137406404
-0.00112985931781
-0.00170934533734
-0.00121016070323
-0.00167300255359
0.000651617981205
0.000156465755831
-0.000383022615821
-0.00117963263118
-0.00176087235614
-0.00125255417413
-0.00171671242306
0.000606522591858
0.000109911985542
-0.000431111289772
-0.00122858305785
-0.00181154918133
-0.0038322900872
0.00101423249697
0.000562177457763
6.41315860287e-05
0.00235276422708
-0.00127670946113
-0.00186137455415
-0.00387326854605
0.000971979796259
0.000518583430505
1.91254928913e-05
-0.000834652754293
-0.00132401072148
-0.00191034723458
-0.00391353844613
0.000930456832544
0.000475741348504
-2.51053726221e-05
-0.000880345612884
-0.00137048573652
-0.00195846600149
-0.00395309910047
0.000889664358051
0.000433652036932
-6.85601037074e-05
-0.000925237848898
-0.00141613342125
-0.00200572965275
-0.00399194983335
0.000849603112776
0.000392316307641
-0.000111237808095
-0.000969328479972
-0.00146095270812
-0.0020521370054
-0.00403008998036
0.000810273824426
0.000351734959082
-0.000153137608138
-0.00101261653972
-0.00150494254717
0.00067797195757
-0.0040675188884
-0.00185602894683
0.000311908776232
0.00258293596338
-0.00105510107783
-0.00154810190615
0.000633280673649
-0.00142599712903
-0.00189389218771
0.000272838530521
0.00254259454603
-0.00109678116018
-0.00159042977062
0.000589449120805
-0.00409495384323
-0.00629640351056
-0.00514898084689
-0.00457023846829
-0.00371687216493
-0.00295621454184
-0.00450496710538
-0.00410800068197
-0.0058287154995
-0.00517263133392
-0.00458065651838
-0.00372776629926
-0.00299398106109
-0.00450297223089
-8.85897868751e-05
-0.00584927153575
-0.0051941996538
-0.00458888164146
-0.00373636747701
-0.00302939940635
-0.00449849478146
-9.78363758367e-05
-0.0058678393248
-0.00521368266877
-0.00459491251733
-0.00374267418861
-0.0052480367588
-0.00449153567676
-0.000105181052911
-0.00588441640757
-0.00523107753902
-0.00459874817729
-0.00374668532631
-0.00527873931309
-0.00448209634531
-0.00314467397363
-0.00589900058519
-0.00524638172474
-0.00460038800495
-0.00374840018523
-0.00530707509145
-0.00450733383704
-0.0031482123967
-0.00591158992045
-0.00525959298796
-0.00461920765003
-0.00374781846391
-0.00533303874347
-0.00453930102957
-0.00314984693668
-0.00188058642333
-0.00527070939423
-0.00437655087221
-0.00374494026461
-0.00535662535249
-0.00456379143182
-0.00266473505466
-0.00188918131523
-0.00527972931395
-0.00439292079205
-0.00373976609322
-0.00537783044019
-0.00458581008296
-0.002662561466
-0.00189577713517
-0.00529077711732
-0.00440709742429
-0.00373229685883
-0.00539664997081
-0.00460535246647
-0.00265848409195
-0.00190037300374
-0.00530020674451
-0.0044190784883
-0.00372253387286
-0.00541308035499
-0.00462241456458
-0.00265250342506
-0.00190296830787
-0.00530753771537
-0.00442886205421
-0.00371047884802
-0.00542711845313
-0.00463699286229
-0.00264601900664
-0.00190356270123
-0.00531276895244
-0.00443644654441
-0.0060988908684
-0.00544406918575
-0.00464908435108
-0.00265956948017
-0.00190215610451
-0.000882952777224
-0.00444183073488
-0.0061201943549
-0.00545331510667
-0.00465868653191
-0.00267121944067
-0.00189874870542
-0.000883982547568
-0.00444501375613
-0.00613921233154
-0.00546016204922
-0.00466579741786
-0.00268096748238
-0.00189334095858
-0.000882911202734
-0.00444599509392
-0.00615594146885
-0.00546460869854
-0.00467041553615
-0.00268881242796
-0.00188593358525
-0.000879738900363
-0.00444477458968
-0.0061703788327
-0.0054666542002
-0.00467253992965
-0.00269475332923
-0.00187652757279
-0.000874466107146
-0.00444135244063
-0.00618252188687
-0.00546629816102
-0.00467217015793
-0.00269878946771
-0.00187705023199
-0.000867093598481
-0.00443572919961
-0.0061923684953
-0.00546354064944
-0.00466930629766
-0.00270092035508
-0.00187928665339
-0.0008576224579
-0.000127114004445
-0.00620364454255
-0.00545838219546
-0.00466394894254
-0.00270114573345
-0.00161642084181
-0.000846054076279
-0.000117091658065
-0.00620889346091
-0.00545082379014
-0.00465609920272
-0.00213558790657
-0.00284313163767
-0.00100037200447
-0.00434831288286
-0.000646745565617
-0.00302345956928
-0.00285879387456
-0.00213497434254
-0.00285242466823
-0.00100974899898
-0.00436125165146
-0.00064246988762
-0.00304202070862
-0.00287152234028
-0.00213275921062
-0.0028600966796
-0.00101749034964
-0.0043725464236
-0.000638308012545
-0.00305893878047
-0.00288260982926
-0.0021289427002
-0.00170893632495
-0.00102359536535
-0.00438219617966
0.000303604381841
-0.00307421225615
-0.00289205534433
-0.00212352513749
-0.00171336442178
-0.00102806350082
-0.00439020004787
0.000295599802013
-0.00308783975392
-0.00632422823108
-0.00211650698541
-0.00171616990735
-0.00103089435681
-0.00439655730466
0.000284549482647
-0.00309982003967
-0.00633038739536
-0.00210788884337
-0.00171735253539
-0.00103208768031
-0.00440126737504
-0.00349243087284
-0.00311015202743
-0.0063349024779
-0.00211311526963
-0.00171691220207
-0.00497841893516
-0.00440432983281
-0.00350110022829
-0.00311883477987
-0.00633777307172
-0.00211901316643
-0.00171484894605
-0.00497749277285
-0.00440574440078
-0.00350812210294
-0.00312586750873
-0.00633899891797
-0.00508440021139
-0.00171116294845
-0.0049772607995
-0.00348151835061
-0.00351349586091
-0.0031312495752
-0.00633857990612
-0.00508709636819
-0.00171054363925
-0.00497539125228
-0.00347963690401
-0.00351722101536
-0.00313498049016
-0.00565784874097
-0.00508819124099
-0.00171165315554
-0.00497188429828
-0.00347610763102
-0.00351929722867
-0.00313705991443
-0.00565414027459
-0.00508768473621
-0.00171113987638
-0.0049667402509
-0.00347093085104
-0.00351972431266
-0.00313748765895
-0.00564878750833
-0.00508557689713
-0.00170900384682
-0.00495995956969
-0.00346410703244
-0.00351850222859
-0.00313626368482
-0.00564179092461
-0.00508186790391
-0.00170524525433
-0.00495154286014
-0.00345563679235
-0.00351563108726
-0.00313338810333
-0.00218603712939
-0.0050765580735
-0.00169986442874
-0.00402776889849
-0.00345067321232
-0.00351111114891
-0.00312886117594
-0.00217575494918
-0.00506964785947
-0.00169286184208
-0.00401608253112
-0.00344839157937
-0.0035049428231
-0.00242567917096
-0.0021695624159
-0.00506113785187
-0.00168423810834
-0.00400276282455
-0.00344446310473
-0.00349712666856
-0.00241785093601
-0.00216360525635
-0.00505102877695
-0.00167399398327
-0.00398781096471
-0.00343888814352
-0.0034876633929
-0.00240923175307
-0.00215600556478
-0.00503932149683
-0.001662130364
-0.00398030879176
-0.00343166719954
-0.00347655385231
-0.0023999472962
-0.00214676402476
-0.00503402014792
-0.00164864828864
-0.00397150387679
-0.003422800925
-0.00346379905118
-0.00238901421961
-0.00213588146706
