-0.000223601331697
0.000785351956183
0.00273765141174
-0.00181936583219
0.000168932772524
0.00420820999593
-6.65455026667e-05
-0.000169410457463
-0.00128558671033
0.00279434309845
-0.00176047522446
0.000231614297742
0.000631295042864
-2.28711783641e-06
-0.000113953678744
-0.00122871736956
0.00285235138203
-0.00170244668376
0.000295649536285
0.000696274118995
6.33557028623e-05
-5.72340552514e-05
-0.00117055867595
0.00291167278973
-0.00164307896101
0.000361034402274
0.000762620712111
0.000130378568722
7.45293820922e-07
-0.00111111396946
0.00297230378283
-0.00158237573967
0.00042765741906
0.000830330487528
0.000198777015863
5.99811906098e-05
-0.00105038665202
0.0030342407576
-0.00152034077213
0.000490702047259
-0.00108929968802
0.000268546508613
0.00012047039941
-0.000988380186561
0.00309748004633
-0.00145697787857
0.000555094172244
-0.0010188768315
0.000339682440903
0.00359925683382
-0.000925098096113
0.000969845230854
-0.00139229094589
0.000620829720855
-0.000947104212579
0.000412180137672
0.00366224273234
-0.000860543962859
0.00103567789356
-0.00132628392658
0.000687904551869
-0.000873986438691
0.00046857697671
0.00372647189711
-0.000794721427181
0.00110280149347
-0.00125896083758
0.000756314457217
-0.000799528182094
0.000524422886048
0.0037919408695
-0.000727634186701
0.00117121211725
-0.00119032575917
0.000826055163211
-0.000723734178492
0.000581657913089
0.00385864613732
-0.000659285995312
0.0012409057928
0.00192765807033
0.000897122331779
-0.000646609225664
-0.00134842048054
0.00392658413568
-0.000589680662202
0.00131187849029
-0.000190234730621
0.000969511561714
-0.000569082385206
-0.00128841872584
0.00399575124788
-0.00051882205087
0.0013841261233
-0.000117688781474
0.00104321838993
-0.000508473255324
-0.00122703951555
0.00170821991492
-0.000446714078136
0.00145764454984
-4.38477740747e-05
0.00111823829272
-0.000446504753856
0.00150185215454
0.00177983420198
-0.000373360713142
0.00153242957344
3.12839121102e-05
0.00119456668702
-0.000383180856259
0.00156597408294
0.00185266645093
-0.000298765976351
0.00160847694431
0.000107701841308
0.00127219893171
-0.000318505608942
0.00163146112696
0.00192671284685
-0.000222933938537
0.00167848583283
0.000185401522631
0.00135113032885
-0.000252483128058
0.00169830902849
0.00200196952752
-0.000145868719773
0.00174397896918
0.000264378411279
-0.000757783244844
-0.000185117598277
0.00176651345922
0.00207843258439
-0.00237199088495
0.00181075008062
0.000344627909734
-0.00067626785729
-0.000116413271554
0.00183607002187
0.00214854669327
-0.00230526238876
0.00187879535407
0.00042614536897
-0.000593467738937
-4.63744658765e-05
0.00190697425154
-0.00265593142934
-0.00163430922816
0.00169808263948
0.00073770033957
0.0013835967988
-0.0011390757777
-0.00212364743376
-0.00257929896991
-0.00155283463565
0.00175464633103
0.000821291333211
0.00147322252855
-0.00104650801727
-0.00202427054753
-0.000278854944965
-0.00146958420523
0.00181318514756
0.000898952843411
0.00156498327511
-0.00095167040499
-0.00192249737886
-0.000198858118983
-0.00314482337882
0.00187369120729
0.000963585915202
-6.50012796318e-05
-0.00085458089311
-0.00181834973999
-0.000117191119624
-0.00307873646865
0.00193615640756
0.00103029862846
3.09834850847e-05
0.000712082495593
-0.00174396203998
-3.40613287722e-05
-0.00301583051367
0.00200057243
0.00109908091455
0.000129056857196
0.000787634873202
-0.00167743851278
2.68221862988e-05
-0.00295110242785
0.00206693074565
0.0011699224604
0.00022920299105
0.000851993174585
-0.00160837951183
8.94225833479e-05
-0.00288455969356
0.00213522262032
0.00124281271568
0.000315033057436
0.000918718136817
-0.00153680056737
0.000153733455594
-0.00281620996028
0.00220543911991
0.00131774090006
0.0003793614071
0.000987796726416
-0.00146271764278
0.000219748254349
-0.00274823912715
0.000403693285029
0.00139469601047
0.000445891535959
-0.000683895277315
-0.00138614711821
0.000287460292141
-0.00267889693917
0.000477731459669
0.00147366682849
0.000514612195119
-0.000610149957872
-0.00130710577404
0.000356862745867
-0.000622545293243
-0.00362558506833
0.00155464192775
0.000585511845614
-0.000534092218003
-0.00122561077422
0.000427948659988
-0.000549628964531
-0.00354776321747
0.00163760968138
0.000658578667378
-0.000455736455025
-0.00114167964944
0.000500710949747
-0.000474937751899
-0.00346806421935
0.00172255826947
0.000733800568324
-0.00037509737655
0.000139197325193
0.000575142404424
-0.000398479977388
-0.00338649809197
0.00180947568658
0.000811165193501
-0.000292189988027
-0.00153803249619
0.00065123569061
-0.000320264106071
-0.00330307501439
2.57047109103e-06
0.000890659934333
-0.000207029580239
-0.00144690159568
-0.00125206921455
-0.0002402987418
-0.003217805321
9.33888252065e-05
0.000972271937921
-0.000119631716752
-0.00135340802348
-0.00117267473984
-0.000158592622935
-0.00313069949585
0.000179684177533
0.00105598811638
-3.00122213623e-05
-0.00125757089116
-0.00109164113694
-7.5154618059e-05
-0.00304176816697
0.000259124058413
0.00114179515621
6.18128344578e-05
-0.00115940957604
-0.00100897619689
1.0006278326e-05
-0.00295102210067
0.000340534303335
0.0012296795277
0.000155827144086
-0.00105894370455
-0.000924687816792
9.68809500994e-05
-0.00107930148901
0.000423903604928
0.00131962749434
0.000252014178231
-0.000956193135749
-0.00585242295372
-0.00398486519277
-0.00480724733902
-0.00520572397374
-0.00581774241816
-0.00398896796927
-0.00458611982728
-0.00546673660834
-0.00387103311579
-0.00397346792359
-0.00242640965022
-0.00229371441268
-0.00374656592482
-0.00359423805511
-0.00211498622045
-0.00164489857213
-0.00357887655107
-0.00238649287211
-0.00526900352191
-0.00421550969263
-0.00664268926507
-0.00651870473248
-0.00468228584969
-0.00551898422293
-0.00351715504412
-0.00660222833862
-0.00476738647514
-0.00315430704357
-0.00350940187032
-0.00183824114657
-0.00472015337524
-0.00318555673092
-0.00306038684437
-0.00141980525075
-0.00432506933642
-0.00283838035726
-0.00155612896056
-0.00103229915676
-0.00683544229261
-0.00604410446479
-0.00494890048052
-0.00401660103353
-0.0051525985728
-0.0053358539858
-0.00355896928014
-0.00421663011162
-0.00256080529069
-0.00556698400965
-0.00389422957232
-0.00425652265019
-0.00254282737767
-0.00267276605148
-0.00392220711345
-0.00379448591631
-0.00210651243846
-0.00081951703143
-0.0035150252002
-0.00608620006135
-0.00555267864693
-0.00435669484818
-0.00677723465822
-0.00566687197135
-0.0046800180574
-0.00295630646862
-0.00383820165218
-0.00417984297519
-0.00496492716992
-0.00330498744339
-0.00387826372361
-0.00207656452267
-0.00495635157984
-0.00330122642063
-0.00338342443447
-0.00177292902245
-0.00305739386952
-0.00274346674956
-0.00145374210712
-0.00497071954604
-0.00679501657875
-0.00625076751898
-0.00500410540935
-0.00429318100013
-0.00316101128395
-0.00531667312102
-0.00360423596671
-0.00456364575079
-0.00266514318798
-0.0034822067954
-0.00401524482756
-0.00458708183535
-0.00271952157561
-0.00310517154857
-0.00401146124
-0.00238547091164
-0.00240997213287
-0.000812683545972
-0.0034353785811
-0.00609547939869
-0.00575478435096
-0.00453610185568
-0.00697069975919
-0.00563459676241
-0.00466315136612
-0.00378879384193
-0.00283936354449
-0.0042790915089
-0.00527803016179
-0.00339849809473
-0.00417559968922
-0.00242085440451
-0.00526465140207
-0.00340214966129
-0.00173993685337
-0.00208719975085
-0.00304615864605
-0.00299290059457
-0.00139394684347
-0.00534442719902
-0.00683981851639
-0.00649183700664
-0.00521823545094
-0.00408933363717
-0.00328586588526
-0.00525596392395
-0.00447459435303
-0.0035228801479
-0.00303871049589
-0.00405496733256
-0.00408649037014
-0.00487143678267
-0.00303902385003
-0.00134895189919
-0.00406299716073
-0.00242090413669
-0.0026920763976
-0.00102623515145
-0.00372577558766
-0.00614527878737
-0.00608893303401
-0.00474694751696
-0.00354659259649
-0.00584879224786
-0.00470975613699
-0.00395865156742
-0.00286158381366
-0.00512801110322
-0.00416043731919
-0.00364120666759
-0.00191006641496
-0.00278803767725
-0.00300007370553
-0.00368373494272
-0.00194827820943
-0.00244460570231
-0.00310717302095
-0.00324788678608
-0.00575389330158
-0.00586199251083
-0.00687401353561
-0.00566181808539
-0.00541855471621
-0.00418044624916
-0.0036141837896
-0.00535712570598
-0.00461769856525
-0.00347816668814
-0.00271234321771
-0.00475327413243
-0.00419319403946
-0.00247774032233
-0.00338503753371
-0.00159430782126
-0.00428848445036
-0.00255029437929
-0.00307938061416
-0.001382842005
-0.00784789095937
-0.0064109553981
-0.00510130430141
-0.00502081315405
-0.00372717304312
-0.00603472015178
-0.00475808907132
-0.00422893334128
-0.00315622178556
-0.00522436604289
-0.00404216687702
-0.00326568313242
-0.00230040864443
-0.00303860659677
-0.00299156020444
-0.00392771654096
-0.0021393321884
-0.00283052702565
-0.003128318591
-0.00366146412414
-0.00603188533214
-0.00447900854775
-0.00701026232882
-0.00570271680692
-0.00563884223255
-0.00430669309706
-0.00401974287572
-0.0053522552245
-0.00480143311828
-0.00372015234137
-0.00265557965345
-0.00455104788
-0.00376352803492
-0.00281865456342
-0.00348287211196
-0.00173529085667
-0.00441350383506
-0.00268924722325
-0.00337150223419
-0.00159795402857
-0.00622894082843
-0.00658361931626
-0.00499355939687
-0.00527343447629
-0.00395223463944
-0.00619636783025
-0.00484747245541
-0.0045875372784
-0.00334390431685
-0.00474121735813
-0.00422525022176
-0.00314918964202
-0.00226977386599
-0.00431976205366
-0.00337569304734
-0.00400672224077
-0.00221663555265
-0.000541246967124
-0.00324165755455
-0.00157644113387
-0.00616350379928
-0.00477599941075
-0.00711729608083
-0.00549059261312
-0.00574729041437
-0.00442787448264
-0.00439942029286
-0.00533818575887
-0.00425352169017
-0.00386696733241
-0.00262061819544
-0.0046687658832
-0.00370347844984
-0.00287552876834
-0.00204788228003
-0.00391599968157
-0.00175302880393
-0.00280420821165
-0.0010198367159
-0.00601935543987
-0.00615125345727
-0.00659345922498
-0.00523935206037
-0.00560683124564
-0.00394709453305
-0.0061537635795
-0.00489787374457
-0.00368328906936
-0.00356984861845
-0.00471848918271
-0.0043256858934
-0.00316797591437
-0.00260466426143
-0.00427834035845
-0.00342480435927
-0.00257842315104
-0.00186586563844
-0.000807554384454
-0.00333532153525
-0.00558258889849
-0.00644921541172
-0.00488015281153
-0.00545701387061
-0.00563552619166
-0.00600786461177
-0.00441408158217
-0.00313485304401
-0.00545923197446
-0.00424464783601
-0.0040985349489
-0.00285223106669
-0.00471714294494
-0.00374255638135
-0.00313285017911
-0.00217402458709
-0.0039143377578
-0.00305610073454
-0.00230181005811
-0.00126485080893
-0.0063458962073
-0.00609302167301
-0.00695069495633
-0.00533402132174
-0.00599198991739
-0.0043939879234
-0.00478214139402
-0.00500723826065
-0.00373273935856
-0.00386515195154
-0.00473887896562
-0.00455928042742
-0.00330772548436
-0.00277568932528
-0.00425358146222
-0.00331542108174
-0.00262586583351
-0.00172598215902
-0.000856720036306
-0.00267784611395
-0.00566120768503
-0.006756139135
-0.00512866735106
-0.00598286719889
-0.00582522238016
-0.00445005641876
-0.00486953231206
-0.00351752542777
-0.00553928670243
-0.00426404641809
-0.00428875439437
-0.00303765960899
-0.0049819074828
-0.00378645557193
-0.00263656473207
-0.00230124847955
-0.00134706951928
-0.00301198739282
-0.00209121587496
-0.00125318139109
-0.00052031228165
-0.00607284594016
-0.00461752294808
-0.00552053141392
-0.00404619519195
-0.00478726986896
-0.00484981724066
-0.00527508483493
-0.00397936581881
-0.00420913177067
-0.00472498356694
-0.00464888922223
-0.00345177080164
-0.00233856258604
-0.00422203563417
-0.00305557770712
-0.00267559511966
-0.00174280135248
-0.000980408553455
-0.00249382576634
-0.00168834242798
-0.000941954755333
-0.00533473525788
-0.00381564850959
-0.00586072542037
-0.00444095086604
-0.00515120383286
-0.00364332399536
-0.00560963071483
-0.0043685509159
-0.00462895446252
-0.00324006183627
-0.00378374387635
-0.00385740433599
-0.00273323169893
-0.00243163453117
-0.001298220246
-0.00297739490141
-0.00216082363456
-0.00138793976385
-0.000464896912956
-0.00236826907177
-0.00130109377943
-0.00566079202423
-0.0041645396124
-0.00504534633878
-0.00478312488323
-0.00549439108406
-0.00393682478706
-0.00443239055674
-0.00469472798205
-0.00343915334916
-0.00355006707516
-0.00223240011258
-0.00422541406794
-0.0030721690762
-0.00271751941664
-0.00174438835567
-0.00123743015852
-0.00250784301804
-0.00172250133786
-0.000777371687439
-0.00471277633495
-0.00591990332749
-0.0059626270049
-0.0044809571521
-0.00536896571748
-0.00388177992349
-0.00581540702619
-0.00426982872118
-0.00301636093363
-0.00347633204819
-0.00375867867118
-0.00384498335683
-0.0025206833484
-0.00263112323173
-0.00148228113249
-0.00296618901466
-0.00211668988236
-0.00127326004573
-0.000599382851801
-0.00198878746527
-0.00548529755783
-0.00500209086084
-0.00398300993224
-0.00542160444497
-0.00476915498559
-0.00570146402364
-0.00414329826851
-0.00281927380054
-0.0046212732715
-0.00336907564307
-0.00376970059338
-0.00241241462533
-0.00408517228668
-0.00272817011111
-0.00283946666525
-0.0016889074831
-0.000826406052642
-0.00244748945849
-0.00156328060642
-0.000797200729093
-0.00463622671532
-0.00584132900634
-0.00533693856658
-0.00430726465143
-0.000947437582829
-0.000777042365193
0.00191598762906
-0.00236586184268
0.000442805099217
3.46357277912e-05
-0.000808768979292
0.00322081232112
-0.000843603052356
0.00184424130753
-0.00243900246353
0.000369375905065
-3.97796172296e-05
-0.00088609047531
0.00315694120661
-0.000908901004974
0.00177377344322
-0.00251084280257
0.000288326817803
-0.000112857722818
-0.000962063584394
0.0030943113939
-0.00118701568958
0.00170458811243
-0.00258137855055
0.000217545565015
-0.000184593942187
-0.00103668336871
0.00303292625543
-0.0012497772692
0.0016366893342
0.00123722018758
0.000148094927569
-0.000255934477674
-0.00110994495491
0.00296873271184
-0.00131126532563
0.00157008106914
0.00116930630946
7.99792505007e-05
-0.000326857614618
-0.00118184353551
0.00290094775412
-0.00137147637948
0.00150476721841
0.00110270958719
1.32028137243e-05
-0.000396429409219
-0.00125237437043
0.0028344013044
-0.00143040701135
0.00144075162263
0.00103743408414
-5.22301692184e-05
-0.000474956508944
-0.00132153278837
0.00276909695162
-0.00148805386268
0.00137803806084
0.0009734837993
-0.000116315552394
-0.000541812215777
0.00219875830172
0.00270503823124
-0.00154441363675
0.00109839669018
0.000910862666136
-0.000179049258701
-0.000607303314858
0.00213235844938
0.00264222862432
-0.00159948309949
0.00103829828197
0.000849574551463
-0.00024042728109
-0.000671425524265
0.00206734460098
0.00258067155665
-0.00166473855713
0.000979512864987
0.000789623254318
-0.000300445683757
-0.000734174634199
0.00200372113851
0.00252037039786
-0.00173020072548
0.000922043961609
0.000731012504856
-0.00035910060334
-0.000795546508283
0.00194149236812
0.00246132846059
-0.00179438536152
0.000865895027515
0.000673745963247
-0.000416388250087
-0.00085553708484
0.00187035231225
0.00240354899957
-0.00185728879544
0.000811069450701
0.000396070000358
-0.000472304909018
-0.000914142378157
0.00181092553449
0.00234703521081
-0.00191890741703
0.00075757055051
0.000341502569651
-0.000526846941069
-0.00097135847974
0.00175290589887
0.00184653189276
-0.00197923767666
0.000705401576675
0.000288289896676
-0.000580010784218
-0.00102718155954
0.00169629739482
0.0017925587975
0.00203462524094
0.000654565708371
0.000236435351005
-0.000631792954597
-0.00108160786719
0.00164110392927
0.00173986060185
0.00197688210704
0.000605066053288
0.000185942226968
-0.00068219004758
-0.00113463373317
0.00158732932541
0.00168844025866
0.00192043761097
0.000556905646721
0.000136813742652
-0.000731198738862
-0.00118625557003
0.00153497732137
0.00163830065796
0.00186529505057
0.000510087450673
8.9053038909e-05
0.00278216242014
-0.0012364698735
0.00148405156905
-0.00174429057125
-0.00167248015026
-0.00155462783192
-0.00217232660529
0.00190660350295
-0.000782324591523
-0.00174030184737
-0.00181530101631
-0.00174803545228
-0.00163499992188
-0.00225769627216
0.00180154687785
-0.000881074275782
-0.00184982670489
-0.00188466873424
-0.00182185612409
-0.00171354268004
-0.00154156146577
0.00169612810989
-0.000977685964524
-0.000789320342431
-0.00146952149715
-0.00189393424858
-0.00179024665193
-0.00162307097896
0.00159267635531
-0.00107214310731
-0.000894385271651
0.00165603328963
-0.00196426204898
-0.00186510254141
-0.00170263374602
0.00149120687425
-0.00116442935723
-0.00099718982717
0.00159163297004
-0.00203283189268
-0.00193810121584
-0.00178023889542
0.00139173478816
-0.001254528583
-0.00109771399576
0.00152812037868
-0.0020996362951
-0.00200923371111
-0.00185587574504
0.00129427507049
0.00123958779465
-0.00119593797904
0.00143646452651
-0.00216466792342
-0.00207849123668
-0.00192953380874
0.00119884253726
0.00115391008794
-0.00129184220966
0.00134640010947
-0.00224343198549
-0.00214586518063
-0.00200234637055
0.00195555842708
0.00106736111236
-0.00138540736768
0.00125793552812
-0.00184995724862
-0.00221134711455
-0.00210723847789
0.0018642240336
0.00096954217348
-0.00147661439709
0.00117107909151
-0.0019424387645
-0.0023071885785
-0.00221026349767
0.00177496023288
0.000873908633551
-0.00156544452239
0.00108583901366
-0.0020332197196
-0.00240384565853
-0.00231140775862
-0.00249330124469
0.000780477571399
-0.00165187926532
0.00100222341026
-0.00212229042613
-0.0024987056385
-0.0024106577089
-0.00257838179278
0.000689265844802
-0.0017359004616
0.000920240295166
0.0008388103102
-0.00259175710021
-0.00250799992362
-0.0026613501015
0.000600290077457
-0.00181749027772
0.000839897577054
0.000753188716265
-0.002682988749
-0.00260342111244
-0.00274219272534
0.00138440214759
-0.00189663122769
0.000761203055987
0.000669305751173
-0.00227072459855
-0.00269690812722
-0.00282089645325
0.00129994716803
0.000385676382509
0.000684164420026
0.000587170632344
-0.002358283261
-0.00278844796973
-0.00289744831837
0.00121777648325
0.00031148414898
0.000608789241843
0.000506792448375
-0.00244398902655
-0.00287802779935
-0.00297183560762
0.00113790564942
0.00023979098729
0.000535084975355
0.000428180154555
-0.00252783115361
-0.00296563494088
-0.00304404587128
0.00106034992296
0.000170612826725
0.000463058952363
0.000351342568394
-0.00260979905368
-0.00305125689234
-0.00313019668631
0.000985124247492
0.000103965166357
0.000392718379223
0.00027628836516
-0.00268988229728
-0.00313488133274
-0.0032197888416
0.000912243240767
0.000936220990183
-0.00293457165988
-0.00054210961088
-0.00593518709204
-0.00538430506153
-0.0029989350322
-0.00238426712388
-0.00616423424084
-0.00294476010519
-0.00055271977063
-0.00594625032457
-0.00539585553337
-0.00301100985892
-0.00239235895335
-0.00190222439384
-0.00295402824931
-0.000562371617824
-0.0059563144177
-0.00540636297348
-0.00484311097845
-0.00239930824442
-0.00190952426928
-0.00296237583027
-0.0024756940275
-0.00596537903605
-0.00541582700021
-0.00485300486617
-0.00240511469446
-0.0019156236997
-0.00296980261202
-0.00248342839128
-0.00597344387742
-0.00542424726966
-0.00486180767352
-0.00240977805054
-0.00192052239192
-0.00297630838449
-0.00249020364281
-0.00598050867283
-0.00543162347572
-0.00486951905075
-0.00241329810945
-0.0019242201104
-0.0029818929636
-0.00249601957419
-0.0059865731866
-0.00543795535014
-0.0048761386914
-0.00241567471778
-0.00192671667732
-0.0029865561913
-0.0025008760069
-0.00599163721632
-0.00544324266259
-0.00488166633227
-0.00242070888555
-0.00192801197259
-0.00299029793559
-0.00250477279185
-0.00164976575491
-0.00544748522066
-0.00488610175353
-0.00430856258496
-0.00192810593389
-0.00299311809054
-0.00250770980938
-0.00357319872785
-0.00545068286994
-0.00488944477874
-0.00431206214448
-0.00192699855672
-0.00299501657629
-0.0025096869693
-0.00357526042474
-0.00545283549403
-0.00489169527489
-0.00431441802586
-0.00192468989434
-0.00299599333907
-0.00251070421087
-0.00357632116175
-0.00545394301457
-0.00489285315243
-0.00431563012638
-0.00192118005779
-0.00299604835123
-0.00251076150286
-0.00357638090348
-0.00545400539122
-0.00489291836528
-0.00431569839317
-0.00191646921589
-0.00299518161121
-0.0025098588435
-0.00357543964791
-0.00545302262171
-0.00489189091084
-0.00431462282325
-0.00191055759513
-0.00299339314356
-0.00250799626052
-0.00357349742649
-0.00545099474183
-0.00488977083
-0.00431240346354
-0.00384691173328
-0.0049785034901
-0.00250517381113
-0.00357055430408
-0.00736829221046
-0.00488655820713
-0.0043090404108
-0.00383859946491
-0.00497487174521
-0.00250139158201
-0.00356661037896
-0.00736417436936
-0.00488225317005
-0.00430453381168
-0.00383248193982
-0.00497031850289
-0.00249664968929
-0.00356166578281
-0.00311114611382
-0.00487685589001
-0.00429888386262
-0.0038373612153
-0.00496484389204
-0.00249094827857
-0.0035557206807
-0.00310493891098
-0.00487036658169
-0.00429209080985
-0.00384103994152
-0.0049584480676
-0.00248428752484
-0.00354877527102
-0.00309768734701
-0.00486278550307
-0.00428415494932
-0.00384351794167
-0.00495113121053
-0.00247666763249
-0.0035408297855
-0.00308939168565
-0.0048541129555
-0.00428552008413
-0.00384479509666
-0.00398523465442
-0.0021194069401
-0.00418423311548
-0.00233719262748
-0.00323607380659
-0.00504170055151
-0.0032558341864
-0.00398618179649
-0.00212634383069
-0.00419129068134
-0.00233807591898
-0.00323697201433
-0.00504261311252
-0.00326020070129
-0.00398639662861
-0.00213253579469
-0.00419759037376
-0.00233818825604
-0.00323708624845
-0.000516541506347
-0.00326375885855
-0.00398587914695
-0.00213798271749
-0.00420313207206
-0.00233752963643
-0.0051624484016
-0.000515861062062
-0.00326650858067
-0.00398462936074
-0.00214268449828
-0.00420791567006
-0.00233915404789
-0.00516099469753
-0.000514384128295
-0.00326844980773
-0.00398264729234
-0.00214664104999
-0.00421194107608
-0.00234324638193
-0.00515875706101
-0.0024876629152
-0.00326958249743
-0.00397993297718
-0.00214985229937
-0.00421520821297
-0.00234656784298
-0.00515573553787
-0.002484593113
-0.00326990662509
-0.00397648646375
-0.00215231818695
-0.0042177170181
-0.00234911836522
-0.00515193019001
-0.00248072696552
-0.00326942218364
-0.00397230781366
-0.00215403866704
-0.00421946744337
-0.00235089789812
-0.00514734109535
-0.0024760645545
-0.00523136834681
-0.00397018144813
-0.00215501370779
-0.00422045945521
-0.00235190640641
-0.00514196834788
-0.00247060597847
-0.00522926681645
-0.00593863986773
-0.00215524329114
-0.00422069303462
-0.00235214387012
-0.0051358120576
-0.00246435135281
-0.0052263568015
-0.00593813315398
-0.00215472741283
-0.00422016817711
-0.00235161028453
-0.00512887235052
-0.00245730080966
-0.00522263836538
-0.00593750204113
-0.00215346608242
-0.00421888489274
-0.00235030566022
-0.00512114936866
-0.00244945449796
-0.0052181115891
-0.0059389301733
-0.00416100570748
-0.00421684320612
-0.00234823002304
-0.00511264327005
-0.00244081258341
-0.00521277657126
-0.0059396260942
-0.00415825355676
-0.00421404315639
-0.00234538341412
-0.00510335422865
-0.00243137524844
-0.00520663342806
-0.0059395897914
-0.00415475606544
-0.00622003118145
-0.00234176588986
-0.00509328243443
-0.00242114269226
-0.00519968229324
-0.00593882126555
-0.00415051329829
-0.00621571458107
-0.00233737752194
-0.00508242809324
-0.00241011513073
-0.00519192331815
-0.00593732053038
-0.0035701635605
-0.00621063982221
-0.00233221839727
-0.00507365612277
-0.00239829279643
-0.00518335667163
-0.00593508761272
-0.00356443049115
-0.00620480700211
-0.00438034756471
-0.00507255654785
-0.00238866935027
-0.00517398254007
-0.00139934019155
-0.003557952423
-0.00619821623253
-0.00437364724833
-0.00507067363362
-0.00237864368574
-0.00516380112737
-0.00139564304168
-0.00355072947594
-0.00619086763971
-0.00436617652746
-0.00506800741859
-0.00236782327606
-0.00515281265488
