0.00220170578354
0.000783260685601
0.00500259485045
0.00378871536409
0.00257238987746
0.0012609747427
0.00370689005799
0.00224001747927
0.00220285087545
0.00504083608803
0.00382255123454
0.00260604252106
0.0012950295761
0.00374073336003
0.00227939834743
0.00224224942746
0.00508014459951
0.00385745415083
0.00264075658704
0.00133013949707
0.00377562537342
0.00231984686333
0.00228271608912
0.0051205188685
0.00389342277182
0.00267653075569
0.00136630318634
0.0012099263668
0.00236136146394
0.00232424929531
0.00516195734045
0.00393045571777
0.00271336366931
0.00140351928736
0.00124691188107
0.00240394054821
0.00236684744287
0.00520445842299
0.00396855157058
0.00275125393245
-0.00114423840683
0.0012849421118
0.00244758247736
0.00241050889085
0.00524802048621
0.0040077088741
0.00279020011214
-0.0011049216999
0.00324211081871
0.00249228557521
0.00245523196084
0.00529264186298
0.00404792613436
0.000215543343585
-0.00106455687214
0.00328222623362
0.00253804812845
0.00250101493728
0.00533832084924
0.00144910534917
0.000256596908799
0.0027991803021
0.0033233820447
0.00258486838701
0.00254785606779
0.00538505570431
0.00149143789123
0.00029870186934
0.00284163682598
0.00336557674073
0.00263274456434
0.00259575356346
0.00277058456592
0.00153482568416
0.000341856644948
0.00288513685344
0.00340880877539
0.00268167483777
2.2985985554e-05
0.00281942579183
0.00157926708563
0.000386059619249
0.00292967877416
0.00345307656754
0.0027316573488
7.29907005011e-05
0.00286931744819
0.00162476041697
0.000431309140044
0.0029752609427
0.00349837850147
0.000160970589845
0.000124046198218
0.00292025765115
0.00167130396345
0.000477603519613
0.00302188167875
0.00354471292719
0.000213051859191
0.00417477750199
0.00297224448196
0.00171889597464
0.000524941035017
0.00306953926747
0.00359207816076
0.00150291169719
0.00422792873575
0.00302527598725
0.00176753466467
0.00057331992841
0.00311823195979
0.00364047248455
0.00155708386995
0.00428212485352
0.0030793501794
0.0018172182126
0.000622738407354
0.00316795797269
0.00368989414754
0.00161229846305
0.00433736382041
0.0031344650369
0.00186794476272
0.000673194645138
0.00321871548955
0.00374034136565
0.00166855341053
0.00439364356779
0.00319061850472
0.0019197124249
0.000724686781105
0.00327050266047
0.00379181232204
0.00172584661312
0.00445096199368
0.00323137293026
0.00197251927493
0.00077721292098
0.00332331760253
0.0038443051674
0.00178417593862
0.00450931696313
0.00326942673965
0.00202636335484
0.000830771137205
0.00337715840023
0.0038978180203
-0.00104816396696
0.000371193157915
0.00414330112355
0.00285637293436
0.00087947761027
-0.000272408969677
0.00114504754683
0.0025259279846
0.000386632472642
0.00418179772306
0.00289606656353
0.000920321467609
-0.00023048814404
0.0011771553799
0.0025565784752
0.000403272855379
0.00156212316283
0.00293701911792
0.000962459308595
-0.000187240619533
0.0012106375931
0.00258838679958
0.000421113504041
0.00160306238176
0.00297922839682
0.00100588873851
-0.000142668982304
0.001245492055
0.00262135152198
0.000440153559477
0.00164521983819
0.00302269213732
0.00437192990789
-9.67758906538e-05
0.00128171655149
0.00496348221195
0.000460392105683
0.00168859340831
0.00306740801497
0.00441793506332
-4.95640742647e-05
0.00131930878648
0.00499875522468
0.000481828170019
0.00173318091219
0.000445994078767
0.00446522422293
-1.03633341746e-06
0.00135826638259
0.00503518003135
0.00050446072344
0.0017789801143
0.000493207013992
0.00451379472724
4.88044618126e-05
0.00139858688192
0.00507275499943
0.000528288680743
0.00182598872408
0.000541664749571
0.00456364385236
9.99553723736e-05
0.00144026774679
0.0051114784481
0.000553310900825
0.00187420439649
0.000591364720882
0.00189184609814
0.000152413391071
0.00148330636052
0.00515134864858
0.000579526186951
0.00192362473256
0.000642304304872
0.0019442440392
0.000206175443415
0.00152770002822
0.0051805275714
0.000606933287043
0.00197424727997
0.000694480820721
0.00199791205028
0.000261238388486
0.00157344597762
0.00520828628338
0.000635530893971
0.00202606953366
0.000747891530523
0.00205284715729
0.0030381361496
0.00162054135993
0.00523719990804
0.00414065214117
0.00206424711479
0.000802533639968
0.00210904632555
0.000372868483471
0.00166898325064
0.00253007191822
0.00417162662173
0.00209610320421
0.000858404299046
0.00216650646055
0.00043181461012
0.00171876865047
0.00256129143021
0.00420378736059
0.0021291785126
0.000915500602756
0.00222522440879
0.000492048419235
0.00176989448622
0.00259366181787
0.0042371328336
0.00216347138321
0.000973819591822
0.00228519695859
0.00373205258601
-0.000907391695344
0.00262718163701
0.00152060163307
0.00219898010143
0.00102579065954
0.00234395928649
0.00379485132008
-0.000853594498425
0.00266184939471
0.00155631178883
0.00223570289526
0.00106238575689
0.00238158606552
0.00383637303074
-0.000798466519443
0.00269766354966
0.0015932017875
0.00227363793576
0.00110022839224
0.00242049438784
0.00387627639344
-0.000742011117947
0.00273462251246
0.00163126989364
0.00231278333744
0.00113931657386
0.00246068209065
0.00391749063471
-0.000684231722671
-0.00249882793043
0.00154287742953
0.00021293916915
-0.000199104055609
-1.01392149909e-05
-0.00145978968098
-0.00180709312546
-0.00326795721068
-0.00339702568379
0.00093324589452
0.000939373961434
-0.000575069829041
-0.000502693718128
-0.000880689129365
-0.000513586485067
-0.00189857949617
0.00078444342201
0.000922152585357
-6.74624608905e-05
0.000322722634821
-0.0014470062121
0.0019321782665
0.00123940049045
-9.32408016433e-05
-0.00143392823686
-0.00170395759485
-0.0017509501615
-0.00209681466137
-0.00355280762193
0.000990514325567
-0.000479185901333
0.000734401081891
-0.000734728793945
-0.000650779298704
-0.00212152077918
-0.00251847497597
0.00222907989859
0.000430024176957
0.000715151934803
-0.00119809512222
0.000117836391121
-0.00165016558845
0.000101405152788
-0.000594328020198
-0.000364502069714
-0.00170702032707
-0.00197825696995
-0.00338119538209
-0.00235378466347
0.000833700667511
0.000741337039248
-0.000727151413661
-0.000784389591132
-0.00100618628929
-0.000764140117485
-0.00229334515996
0.000543242414234
0.000795980109595
0.000110348517723
0.000447725911556
-0.00136856592316
-0.000976019461002
-0.00184713733129
-0.000129766695934
-0.00159528286633
-0.00215511084234
-0.00194450636387
-0.00221680171434
-0.00360059724622
0.000689503601936
-0.000774232867682
0.000528715949299
-0.000962358172301
-0.00101982174494
-0.00247886564252
-0.00271519216257
0.00191877801333
0.00024346492684
0.000497452655209
-0.0012571532043
0.000164908489924
-0.00151329951312
-0.00110963986252
-0.00296299508548
-0.000325836721397
-0.00179356503278
-0.00235520286262
-0.00367079220863
0.00225233158747
0.000803901914895
0.00050553789677
-0.000949634769699
-0.00104259827822
-0.00116072315351
-0.00277053716816
-0.0026771120146
0.000274147858439
0.00165047915367
-2.03554593297e-05
0.00023474261809
-0.00150575042737
-0.00116542368036
-0.00175857121523
-0.00128033838018
0.00114540383126
-0.0021667007469
-0.00195602543599
-0.00251915493579
0.000782662319916
0.000508465446662
0.00059268324385
0.000337686352282
-0.00112173126818
-0.00258053270739
-0.00270402392713
-0.00293184794495
0.00169595830649
4.19089471702e-05
0.000160410787094
-0.00149340361069
8.31952552591e-06
-0.00171811836277
-0.0013766020624
-0.00303642230607
0.0029247258905
0.00100317311562
-0.00229163166555
-0.00375151049774
0.00200150296462
0.000654257831031
0.000335202805415
-0.00113811202164
0.000174211056122
-0.00126628205695
-0.00272523671356
-0.00282766414756
7.32192033589e-05
0.00152067260177
-0.000164036201795
-3.44220901874e-05
-0.0016839425737
-0.00142706558808
-0.00189387385129
0.00282969567445
0.00111171581366
-0.000608972413334
0.000896857777962
-0.00242303715329
0.000757819868531
0.000192691191058
0.000562764898286
0.000198850064371
-0.00127536020359
-0.00275637458575
-0.00292015095685
-0.00283233880151
0.00162155998777
-1.27560937129e-05
-5.52634038798e-05
-0.000334541448184
-0.000191944319804
-0.00183727871184
-0.00157974282623
0.0010856274651
0.000485552849795
0.000974786355174
-0.000725088651611
-0.000259734589921
0.00204518082258
0.000704279566567
0.000138654023362
-0.0012860167041
-0.00101935802205
-0.00137520565795
-0.00285663107428
-0.00298937324307
5.55600525714e-05
0.00157358222036
-8.14630669809e-05
-0.000188235823572
-0.00185951024072
-0.000311857995825
-0.00195312394634
0.000639542166448
0.00098399562008
-0.000858953359948
0.000874545370661
-0.000824299457241
-0.000437943286079
6.58936149027e-05
0.000632795023659
-0.000937498436319
-0.00144703663545
-0.0028810107662
-0.00149988830175
-0.00301022289661
0.00139954868733
4.28155039929e-06
-1.43101649287e-05
-0.000176344376851
-0.000283289162701
-0.0019544898808
-0.00178603328458
0.000892057554651
0.000505404694376
0.00085324288101
-0.000937890471876
-0.000432278129885
-0.00096404109396
-0.000590289674354
-3.25049639178e-05
-0.00132134265389
-0.00106046101646
-0.00157104162965
-0.00300576999211
0.00119922509363
0.00140255628947
0.00127942682911
-0.000115781034984
1.37426024392e-05
-0.00180583398215
-0.000340239628197
-0.00201139607614
0.000638188986363
0.000795095196361
-0.000999832566062
0.000719413010493
-0.00107083970093
-0.000528356804642
-0.0023048411714
-0.000706467446566
-0.000978676281042
-0.00140645269271
-0.00298130049148
-0.00165780225156
0.00142503102738
0.00111759103711
-0.00041445567895
-0.000537756449217
-0.000197925078256
-1.63668895541e-05
-0.00182453684551
-0.00363006113436
0.00229834235326
0.000509428264518
0.000736042309853
-0.00105864328283
-0.0007856502808
-0.00116659478587
-0.000633381850061
-0.00247912735332
0.00216993992228
-0.00111798723064
-0.00152011682264
-0.00303023783044
0.000954787053293
0.00137537448906
0.00107379826407
-0.000458452398839
-0.000581845266405
-0.00195819228123
-0.00163132046069
-0.00183555254992
0.000649075204544
0.000614174190449
-0.00114953300187
0.000689289604022
-0.00109280530737
-0.000844422297743
-0.00261492809968
0.00346922355419
0.00156281110409
0.00212665098447
-0.00321274190321
-0.00162374867044
0.00145476092314
0.000942930857474
-0.000522833171938
0.00106793061731
-0.00046434739479
-0.000587752612676
-0.00198115659936
-0.0033731145115
0.00252865005094
0.000596399916265
0.000561467548244
-0.00120213349593
-0.000931262326994
-0.0011611426497
-0.000883052704377
0.0015677387704
0.00193871704121
0.00146133070964
-0.000415603552883
-0.00327915332526
0.000778713504729
0.00148020822039
0.000968595298409
-0.000497011595683
-0.000873661555022
-0.00241751333278
-0.00209226647886
-0.00208455939862
0.000893064960359
0.000763894908788
0.000564903937432
0.000518470330476
-0.00125650550541
-0.00100224971531
-0.00279625494732
0.00329791639739
0.00150069091638
-0.000474419881194
-5.78154683376e-06
-0.00187180098496
0.0011522101868
0.000748765159357
-0.000493350413502
0.00103173226501
-0.000491528863448
-0.00218536247467
-0.00248262952905
-0.00401838620586
0.00226149826909
0.000827974258566
0.000735379646392
-0.00119704408347
0.000489835289616
-0.00128508829532
-0.00106076065947
0.00138033125537
-0.0005404480989
0.00145940633643
-0.00050221783432
-3.3364899302e-05
-0.00194227596046
0.00115917250765
0.00072179392085
-0.000561286325742
-0.00198574318255
-0.00051813645183
-0.0022121711065
0.00188246452464
0.000305874824695
0.000313594019122
0.000801040778499
0.000745116154257
-0.00118727441295
-0.0012337229575
-0.00300304166211
0.00319335990184
0.0013765825795
-0.00054417919407
-0.00011622716178
-0.000492669614971
-4.79779297298e-05
-0.00197607575251
-0.00102243212155
0.00065063888653
-0.000632858063037
-0.00193081885558
-0.0025242163785
0.00219109080884
0.00189374504854
0.000317183283398
0.000324900991371
-0.00107656735372
0.000793085451927
-0.00113914189229
-0.00118555229871
0.00122541406637
-0.000617793256423
0.00141086992134
-0.000510052572023
-8.2344439048e-05
-0.00199713981964
-4.50155640806e-05
-0.00197313963069
-0.00105473017778
-0.0024714209143
-0.000667240631728
-0.00195582445918
0.00190201442497
0.000186411783611
-0.000110685475969
0.000366788831176
0.000374500025445
-0.0010271036071
-0.00100969002095
-0.00105274080505
0.00121603097142
0.0012505042194
-0.000612553949559
-0.000273557991165
-0.0004381333476
-1.09383076685e-05
-0.00195397958101
0.00249785016167
0.00053150049193
-0.00105190007577
-0.00246856753733
-0.00282298577916
0.00242442064023
0.00198851361035
0.000273562555477
-2.30958496154e-05
-0.00158414452352
0.000462294323865
-0.000939548221731
-0.00266156776805
0.00135239738336
0.00121948904688
0.00125396026445
-0.000609108903958
-0.000270132659728
-0.00203931354236
-7.1215174178e-06
0.00215351328674
0.00257485674084
0.000607826635087
-0.00101234160255
-0.00242868396015
0.00156452688315
0.000246638987478
0.00211248316391
0.000398462634544
0.000102430912148
-0.00145830907717
-0.00152514402566
-0.00101588144687
0.0014535969588
0.00139410062319
-0.000637205799999
-0.000602759099045
-0.000567478641851
-0.000228740444854
-0.00202762978326
0.00233205761642
0.00213008734125
0.00268870859511
0.000720675595711
-0.000734434250587
0.0023256899298
0.00247216812161
0.000866894343289
0.00376793822881
0.00231968909971
0.00087848992903
-0.000781014151564
0.0039512570982
0.00242282410437
0.000817661569253
0.00371894815577
0.00227106741227
0.000857584515541
0.00373303090281
0.00390583551654
0.00237453621293
0.000769482667803
0.00367100703643
0.00222348720454
0.000837733416751
0.00368857945092
0.00386147691718
0.0023273062936
0.000722359472992
0.00362411667829
0.00217695024419
0.000818937371941
0.00364519482442
0.00381818301094
0.00228113615641
0.000676293782806
0.00357827885327
0.00213145826403
0.000793535717415
0.00360287870701
0.00377595547111
0.00223602757475
0.00063128735883
0.00353349529735
0.00208701296164
-0.000587322370321
0.00356163274431
0.00373479593318
0.00219198228507
0.000587341925921
0.00348976771027
0.000687359804721
-0.000630283577489
0.00352145854361
0.00369470599445
0.00214900198654
0.000544459171891
0.00344709775523
0.000645012808372
0.0014975456974
0.00348235767351
0.0036556872138
0.00210708834075
0.00050264074719
0.0020225941072
0.000603717368368
0.00145666573597
0.00344433166364
0.00361774111137
0.00206624297138
-0.000899221051752
0.0019820442581
0.000563475038499
0.00141682867704
0.00340738200439
0.00358086916826
0.00202646746387
0.00347264515262
0.00194255680828
0.000524287335876
0.00137803599287
0.0033715101466
0.00354507282626
0.000613261630218
0.0034340292404
0.00190413327171
0.000486155740655
0.00134028911981
0.00333671750126
0.00351035348758
0.000575630448511
0.00339648387961
0.00186677512435
0.000449081695762
0.00130358945801
0.0033030054393
0.00209014549563
0.000539073652832
0.00336001052937
0.00183048380383
0.000413066606623
0.00126793837118
0.00188380827233
0.00205758421048
0.000503592672862
0.00332461060972
0.00179526070922
0.00037811184091
0.00123333718632
0.00338832517806
0.00202610389507
0.000469188898637
0.00329028550126
0.00176110720075
0.000344218728278
0.00119978719351
0.00335786268678
0.0019957057906
0.000435863680278
0.00325703654495
0.00172802459955
0.000311388560125
0.00116728964565
0.00332848585636
0.00196639109743
0.000403618327731
0.00322486504185
0.00169601418738
0.000279622589345
0.00541258519164
0.00330019585339
0.00193816097482
0.000372454110516
0.00319377225284
0.00166507720644
0.000248922030093
0.00538219614253
0.00327299380288
0.00189573439988
0.00034237225748
0.0031637593984
0.00163521485908
0.000219288057558
0.00535286307174
0.00324688078806
0.00185044361178
0.000313373956558
0.00313482765836
0.00160642830758
0.000190721807744
0.00532458708126
0.00128806098202
0.000358473369337
-0.000470416144387
0.00133572008324
0.00328673874942
-0.00156965706466
0.0016416913376
0.00123408270061
0.000302915586369
-0.000516099519722
0.00128868028003
0.00323704791641
-0.0016207272104
0.00158449719287
0.00118122597229
0.00297930327229
-0.000560584138351
0.00124287312984
0.00318862030805
-0.0016705010506
0.000315689414813
0.00112949308897
0.0029260522824
-0.000603867817581
0.00119830101264
0.00314145857472
-0.00171897571202
0.000261140373614
0.00107888629987
0.00287395838498
-0.000645948428553
0.00115496625013
0.00309556530462
-0.00176614838823
0.000207918877344
0.00102940781108
0.00282302398216
0.00206622151316
0.00111287110514
0.00305094302314
0.00192958374464
0.000156028161978
0.000981059785064
0.00277325142902
0.000714430527151
0.00107201778104
0.00300759419217
0.00188502318692
0.000105471392713
0.000933844340228
0.0027246430331
0.000675971348167
0.00103240842121
0.0029655212094
0.00184177262497
5.62516630361e-05
0.000887763550461
0.00267720105387
0.0006387232045
0.000994045108484
0.00292472640775
0.00179983459021
8.37199382227e-06
0.000842819444701
0.00263092770222
0.000598500945757
-0.000359396805759
0.00288521205467
0.0017592115435
-3.81646675636e-05
0.0007990140065
0.00258582513997
0.000552142832
-0.000395262020692
0.00284698035158
0.00171990587437
-8.33554481401e-05
0.000756349173597
0.00254189547936
0.000506988757794
-0.000429875308648
0.00281003343322
0.0016819199004
-0.000127197550167
0.000714826837508
0.00249914078261
0.000463040959859
-0.000463234834223
0.00277437336712
0.00164525586652
-0.000169688251986
0.000674448843114
0.00245756306142
0.000420301620484
-0.000495338825094
0.00139460657678
0.00160991594436
-0.000210824908837
0.000635216988264
0.0024171642765
0.00434047195045
-0.000526185572491
0.00136152614599
0.00157590223164
-0.000250604953664
0.000597133023383
0.00237794633717
0.00430015585472
-0.000555773431636
0.00132973836102
0.00154321675153
-0.000289025897892
0.000560198651089
0.00233991110087
0.00426105443264
-0.000584100822182
0.00129924501495
0.000151884875799
-0.000326085332186
0.00166234642569
0.00230306037273
0.00422316964362
-0.000611166228625
0.00127004783096
0.000117169419618
0.00331008405178
0.00162771615336
0.00226739590521
0.00418650339014
-0.000636968200708
0.00124214846185
8.37835157614e-05
0.00327575454471
0.00159424029097
0.00223291939761
0.00415105751727
-0.000661505353801
0.00121554848959
5.17291590848e-05
0.00324279329286
0.0015619203463
0.00219963249574
0.00411683381221
-0.000684776369273
0.00119024942484
2.10082686401e-05
0.00182018829719
-0.00387670480289
-0.000546667616086
-0.00213385506321
-0.00458481562986
-0.00119281982093
-0.00374739776527
-0.000631255381319
-0.00388448706578
-0.000559462567633
-0.00214238971751
-0.0045884838937
-0.00119659755838
-0.00276799006845
-0.000631396660475
-0.00309796427413
-0.000571185310098
-0.00215447871464
-0.00459101035271
-0.00119919942182
-0.00276691494438
-0.000630287130096
-0.00310366281624
-0.00058183539338
-0.00216546163248
-0.0045923948971
-0.00120062529131
-0.00276462785082
-0.000627926848043
-0.00310831916959
-0.000591412408345
-0.00217533802234
-0.00459263746667
-0.00120087510112
-0.00276112889974
0.000391009139491
-0.00311193316553
0.000217882091157
-0.00218410748057
-0.00459173805088
-0.00119994883972
-0.00275641826243
0.000395870490493
-0.00311450467315
-0.0046275850286
-0.00219176964857
-0.00377139290262
-0.00119784654984
-0.00275049616943
0.000401982028454
-0.00311603359928
-0.00463394079461
-0.0021983242129
-0.00376820968304
-0.00119456832837
-0.0027433629105
0.000409343434923
-0.00311717045147
-0.00463922226689
-0.00138274579455
-0.00376923852344
-0.00119011432642
-0.00273501883454
0.000417954326463
-0.00312269352185
-0.00464342924215
-0.00138708439212
-0.00377370835016
-0.00118448474925
-0.00272546434948
0.000427814254754
-0.00312717415298
-0.00464656155844
-0.00139031471721
-0.0037770363921
-0.00117767985622
-0.00271469992222
0.000418174668348
-0.0031306121825
-0.00464861909514
-0.00139243663751
-0.0037792225046
-0.00116969996075
-0.00270644473997
0.000403916622266
-0.0031330074858
-0.00464960177303
-0.00139345006612
-0.00295559814794
-0.00116054543021
-0.00271904444325
0.000390906458867
-0.00313435997606
-0.00464950955426
-0.00139335496154
-0.00295550016611
-0.00115021668589
-0.00273043485616
-0.00450460269276
-0.00313466960426
-0.00464834244238
-0.00139215132765
-0.00295426011867
-0.00113871420285
-0.00274061542242
-0.00451511512448
-0.00313393635916
-0.00464610048234
-0.00138983921376
-0.00295187805955
-0.000284314626835
-0.00274958564453
-0.00452437783645
-0.00207588866216
-0.00464278376048
-0.00138641871457
-0.00294835409228
-0.000280688856104
-0.00275734508392
-0.00453239034581
-0.00207306978802
-0.00463839240449
-0.00138188997014
-0.00294368837004
-0.000275888361
-0.00276389336104
-0.00453915223468
-0.00206920823373
-0.00463292658343
-0.0013762531659
-0.00293788109558
-0.000269913362354
-0.00276923015547
-0.00454466315025
-0.00206430413922
-0.00462638650767
-0.00136950853256
-0.0029309325212
0.00044069081401
-0.00192532639714
-0.00454892280487
-0.00139596102026
-0.00461877242885
-0.00136165634612
-0.00292284294867
0.000449013941495
-0.00192823950175
-0.00455193097618
-0.00417518312688
-0.00470898818675
-0.00298768708643
-0.0013150150306
-0.00481613466289
-0.00305491056508
-0.00265932167523
-0.00417565913694
-0.00470946498517
-0.00300077598677
-0.00132653208495
-0.00482764574766
-0.00306639141462
-0.00265913203792
-0.00417518311872
-0.00243511288991
-0.00301291109789
-0.00133709386354
-0.00483820205053
-0.00307691998364
-0.00265799293854
-0.00417375508662
-0.00244410974744
-0.00302409205105
-0.0013467000446
-0.0043489719781
-0.00308649595338
-0.00265590441132
-0.00417137508376
-0.00245431454959
-0.00303431850636
-0.00135535033533
-0.00435761778228
-0.0030951190338
-0.00265286651902
-0.00416804318206
-0.0024635665605
-0.00304359015279
-0.00136304447197
-0.0043653079276
-0.00310278896362
-0.00265710402644
-0.00416375948213
-0.00247186549983
-0.00305190670822
-0.00136978221985
-0.00437204217974
-0.00310950551037
-0.00266378899161
-0.00415852411336
-0.00247921111605
-0.00305926791954
-0.00137556337338
-0.00437782033345
-0.0031152684704
-0.00266952485033
-0.0041523372338
-0.00248560318646
-0.00268548533589
-0.00138038775614
-0.00438264221256
-0.00312007766894
-0.00267431143027
-0.00414519903022
-0.00249104151718
-0.00269093521558
-0.00138425522084
-0.00438650767003
-0.00262851125993
-0.00267814858759
-0.00413710971803
-0.00249552594325
-0.00269542916589
-0.00138716564941
-0.00438941658797
-0.00263141252674
-0.00268103620697
-0.00412806954126
-0.00249905632859
-0.00269896704988
-0.00138911895297
-0.00439136887764
-0.00263335968118
-0.00128231906609
-0.00411807877253
-0.00250163256608
-0.00270154875972
-0.00139011507188
-0.00439236447948
-0.00263435266414
-0.00128330737771
-0.00410713771302
-0.00250325457751
-0.000915995067048
-0.00139015397571
-0.00439240336312
-0.0026343914455
-0.00128334597662
-0.00385264740625
-0.00250392231366
-0.000916664221676
-0.00138923566328
-0.00439148552736
-0.00263347602406
-0.00128243486166
-0.00383980678262
-0.00250363575425
-0.000916377053524
-0.00569335709471
-0.00438961100022
-0.00263160642763
-0.0012805740602
-0.0038260169425
-0.00250239490798
-0.000915133571344
-0.0056905244631
-0.00438677983887
-0.00262878271292
-0.000774112761755
-0.00381127830075
-0.00250019981253
-0.000912933813043
-0.00568673478705
-0.00438299212969
-0.00262500496564
-0.000770352783691
-0.0037955913005
-0.00249705053451
-0.000909777845673
-0.00568198818227
-0.0043782479882
-0.00262027330039
-0.000765643372571
-0.00377895641309
-0.0024929471695
-0.000905665765421
-0.00567628479364
-0.00437254755908
-0.00261458786071
-0.000759984669914
-0.00376137413799
-0.00223596242897
-0.000900597697596
-0.00566962479523
-0.00436589101611
-0.00260794881903
-0.000753376845728
