-0.00489188123343
-0.00489236451976
-0.00364257055088
-0.00147955804937
-0.00151400921573
-0.00497391175672
-0.00372435732015
-0.00488305623183
-0.00488138448972
-0.00363189402513
-0.00146919788402
-0.00148838539825
-0.00494902507982
-0.00370021903051
-0.00487289141375
-0.00363693576866
-0.00361994874313
-0.00145760644939
-0.00615985650222
-0.00492298485493
-0.00367496139044
-0.00486138738785
-0.00362334701563
-0.00360673534651
-0.00144478433183
-0.00479254786907
-0.00489579224467
-0.00366817632085
-0.00484854484251
-0.0036084550214
-0.00359225454455
-0.00143073217952
-0.00476336635206
-0.00486744846146
-0.0036625636922
-0.00483436454568
-0.00359226063059
-0.00357650711393
-0.00141545070229
-0.00473300161609
-0.0048379547672
-0.0036558250833
-0.00481884734458
-0.00357476476087
-0.00355949389855
-0.00139894067145
-0.00470145509111
-0.00480731247306
-0.00364796077898
-0.00480199416552
-0.00355596840269
-0.00354121580931
-0.0013812029196
-0.00466872826031
-0.00477552293916
-0.00363897111157
-0.00478380601357
-0.00353587261901
-0.00352167382384
-0.00136223834041
-0.0046348226597
-0.00474258757425
-0.00362885646077
-0.00476428397231
-0.00351447854499
-0.002283161926
-0.0022135991115
-0.00460717081244
-0.00470850783544
-0.00361761725359
-0.00474342920345
-0.00349178738766
-0.00226109534668
-0.0021921838018
-0.0045864210437
-0.00334143992948
-0.00360525396429
-0.00472124294655
-0.00346780042562
-0.00223776820185
-0.00216954470992
-0.00456448512116
-0.00330507600601
-0.00359176711423
-0.0046977265186
-0.00344251900863
-0.0022131817334
-0.00214568297143
-0.00454136407819
-0.00326757236685
-0.00357715727179
-0.00467288131366
-0.0034159445573
-0.00218733724844
-0.00212059978172
-0.00451705900273
-0.00322893065921
-0.00356142505224
-0.00357211901354
-0.00338807856262
-0.00216023611905
-0.00209429639571
-0.00449157103696
-0.00318915257701
-0.00354457111761
-0.003544620743
-0.0033589225856
-0.00213187978187
-0.000862086025481
-0.00446490137709
-0.00316521607725
-0.00352659617658
-0.00351579833584
-0.00332847825682
-0.00210226973776
-0.000833346248036
-0.00443705127306
-0.00314560082417
-0.00218764646403
-0.00348565349008
-0.00329674727599
-0.00207140755133
-0.00080339039288
-0.00440802202826
-0.00312483591429
-0.00216743182193
-0.00345418797853
-0.00326373141145
-0.00203929485065
-0.0055583499906
-0.00437781499921
-0.00310292226614
-0.00214609857764
-0.00342140364829
-0.00322943249973
-0.00200593332671
-0.00552596650695
-0.00434643159527
-0.00307986084795
-0.00212364762476
-0.00338730242023
-0.00319385244502
-0.00197132473305
-0.00549237158777
-0.00431387327829
-0.00305565267753
-0.00210007990266
-0.00573265714776
-0.00138770947023
-0.00465200052223
-0.00199902573801
-0.004507655546
-0.000559310973578
-0.00280708926438
-0.00573105908645
-0.00138610963174
-0.00465040370642
-0.00195242229303
-0.00449032119045
-0.000541929163353
-0.00278971229438
-0.00572832338062
-0.00318085325509
-0.00303128436726
-0.00192489108515
-0.00447185278087
-0.00468764960916
-0.00277119850303
-0.00572445014829
-0.00317697571602
-0.00302741415325
-0.00191303877
-0.00445225111142
-0.00466799432832
-0.00275154869036
-0.00571943955654
-0.00317195955349
-0.00302240746567
-0.00190805634963
-0.0044315170242
-0.00464720356153
-0.00273076370468
-0.00571329182142
-0.00316580498428
-0.00301626452011
-0.000271345426639
-0.00440965140907
-0.00684155398731
-0.00270884444236
-0.00570600720797
-0.00315851227432
-0.00300898558098
-0.000291901702827
-0.0043866552034
-0.00681849498796
-0.0026857918477
-0.00569758603014
-0.00315008173859
-0.00300057096148
-0.000311908965499
-0.00436252939194
-0.00679430333765
-0.00266160691266
-0.0056880286507
-0.00314051374109
-0.00299102102355
-0.000330789350236
-0.00433727500658
-0.00676898007672
-0.00263629067672
-0.00567733548118
-0.00312980869472
-0.00298033617775
-0.000348542054116
-0.00270258472146
-0.00674252629278
-0.00260984422659
-0.00566550698181
-0.00311796706122
-0.00296851688324
-0.000365166321478
-0.00267507647143
-0.00671494312052
-0.00258226869602
-0.00565254366134
-0.00310498935106
-0.00295556364759
-0.000380661444081
-0.00264644302379
-0.00668623174146
-0.00255356526554
-0.00563844607704
-0.00309087612336
-0.00294147702676
-0.000395026761257
-0.00261668559671
-0.0050792535516
-0.00252373516223
-0.004178293937
-0.0030756279857
-0.00292625762493
-0.000408261660047
-0.00258580545434
-0.00504828948951
-0.00249277965946
-0.00416192968999
-0.00305924559407
-0.0048504945612
-0.00472027724572
-0.00255380390649
-0.00501620104357
-0.00246070007658
-0.00414443314041
-0.00304172965268
-0.00483301160216
-0.00473124966035
-0.00254617910582
-0.00498298958001
-0.0024274977787
-0.00412580503804
-0.00155663901426
-0.0048143979627
-0.00474109010525
-0.00255601920439
-0.00494865651053
-0.000778367002777
-0.00410604618047
-0.00153685827812
-0.00479465443852
-0.00474979815949
-0.00256472695209
-0.00491320329204
-0.0031633545547
-0.00408515741283
-0.00151594639267
-0.00477378187283
-0.00475737345044
-0.00257230197632
-0.00487663142633
-0.00312679275546
-0.00406313962772
-0.00149390425345
-0.00475178115614
-0.00476381565379
-0.0025787439528
-0.00483894245975
-0.00308911415314
-0.00403999376492
-0.00147073280335
-0.0032781229727
-0.00476912449365
-0.00258405260567
-0.00480013798292
-0.00305032033706
-0.00253251288194
-0.00644745828727
-0.00419414374312
-0.00473209091474
-0.00241136726768
-0.00279775614585
-0.00393015308992
-0.00681251618904
-0.00453715939583
-0.00473012981724
-0.00594256060024
-0.00379272789061
-0.00399212231754
-0.00190122469134
-0.00194238851864
-0.00614758401249
-0.00603017318982
-0.00398991893611
-0.00383199917775
-0.00173525041824
-0.00536210827791
-0.00318136806393
-0.00387054997295
-0.004850255623
-0.005391259149
-0.00307318682248
-0.00346413145378
-0.00373954680399
-0.00747970477725
-0.00520594099061
-0.0029572321647
-0.0030722061105
-0.00448830883633
-0.00468893174475
-0.00259877805063
-0.00530000449084
-0.00315671806588
-0.00672701961644
-0.00464555735001
-0.00448672278492
-0.00245218403567
-0.000526613732203
-0.00381454870401
-0.00450749241682
-0.00222870279528
-0.00603461695264
-0.00371916188397
-0.00667266560293
-0.00440954594798
-0.0021466509768
-0.0058587610534
-0.00361117605549
-0.00372681749704
-0.00158261795316
-0.00178445632482
-0.00594040687799
-0.00598207742583
-0.00383855734317
-0.00371970318817
-0.00528499869685
-0.00512526166478
-0.00315808922792
-0.00400381034599
-0.00443179829319
-0.00512844902259
-0.00285300923361
-0.00340000315119
-0.00688991075309
-0.00732438650977
-0.00506359087541
-0.00279785569701
-0.00305764243718
-0.00424886474298
-0.0043651645985
-0.00224648898982
-0.00512254911891
-0.00300848789152
-0.00664812617956
-0.00450437516855
-0.00438481157517
-0.00219255124452
-0.00395346997384
-0.0066020857797
-0.00469293498094
-0.00188323179082
-0.00573316032854
-0.00346101785689
-0.0065539939041
-0.00422066099185
-0.00195801079711
-0.00570140273543
-0.00343752745031
-0.00368614760039
-0.00137896596013
-0.00498696776825
-0.00556709551519
-0.00577132063176
-0.0036579774645
-0.00370014295053
-0.00515388265548
-0.00304136241807
-0.00284019045857
-0.00365996210285
-0.0035542020108
-0.00536613413407
-0.0024678542918
-0.00317173866655
-0.00659552140043
-0.00434197703061
-0.00481748639226
-0.00257705338269
-0.00298652982323
-0.00406066028964
-0.00431067537543
-0.00466837763929
-0.00479611682246
-0.00270914837305
-0.00640350373952
-0.00429086841395
-0.00219558176118
-0.00215626490046
-0.00367358072767
-0.00624396399708
-0.00431868241149
-0.0042122925757
-0.00225873686126
-0.00303578400321
-0.00336029033984
-0.00399243901967
-0.0049194317876
-0.00540790050975
-0.00317934440586
-0.00359104193732
-0.00129429732985
-0.00757867046231
-0.00527699806748
-0.00540867798399
-0.00332330582173
-0.003529849932
-0.00490687301146
-0.00281182495234
-0.00277228688215
-0.0034215033032
-0.00689427273721
-0.00496087328792
-0.00485386225244
-0.00289921447333
-0.00613210906464
-0.00391472467379
-0.00454999080862
-0.00226775909495
-0.00277859462244
-0.00376461084423
-0.00417848993357
-0.00457810039104
-0.00483083613265
-0.00586848193897
-0.00600412530133
-0.00392032200617
-0.00184218194742
-0.00196760194193
-0.00341089125607
-0.00616066757795
-0.00401968422307
-0.00396512659247
-0.00194247528255
-0.00547862027827
-0.00352289676858
-0.00362147387975
-0.00445189365878
-0.00509020972069
-0.00281068768523
-0.00334403706833
-0.00106650977952
-0.00741608958182
-0.0051499471409
-0.00540400529367
-0.00305265003001
-0.00420891314398
-0.00449991445433
-0.0024228839895
-0.00254897616108
-0.00324312463546
-0.00674205856767
-0.00469555707163
-0.00466001419788
-0.00263660906054
-0.0024354448656
-0.00412949529609
-0.00413783641655
-0.00187329106329
-0.00561284350985
-0.00333596815756
-0.00389196876399
-0.00431751352551
-0.0047356264062
-0.00570414856652
-0.0034360076598
-0.00360902716562
-0.00133266103466
-0.00162517051601
-0.00298585959566
-0.00591859492293
-0.00380698434144
-0.00380625932601
-0.00537426450906
-0.00533849771901
-0.00331434718231
-0.00130931194339
-0.00394992939401
-0.00465986738634
-0.00237518765208
-0.00301938564496
-0.00384334835494
-0.00709265105996
-0.00485009052551
-0.00527025021274
-0.00295970696817
-0.00397355893118
-0.00414743943072
-0.00187509336573
-0.00216907769923
-0.00291830998831
-0.00651347040104
-0.00443383102538
-0.00446795265176
-0.00245612725526
-0.0060002653105
-0.00397537865362
-0.00489486594348
-0.00460796771831
-0.00525178432608
-0.00285908475419
-0.00350610706173
-0.00390166436015
-0.00448434040908
-0.0053645757498
-0.00313741716924
-0.00347780968049
-0.00117342525186
-0.00466761689978
-0.00532766522601
-0.00565518423917
-0.00360167521226
-0.00376182016036
-0.00511870143746
-0.00511261924849
-0.00310108518592
-0.00111755910368
-0.00394385490122
-0.00553765109907
-0.00524903002542
-0.00284452787877
-0.00332474601284
-0.00664907633259
-0.0043928712674
-0.00219816089347
-0.00270342794485
-0.00363549585968
-0.00397746645087
-0.00167428413449
-0.00468932260146
-0.00599063347906
-0.0063201961338
-0.00426821859024
-0.00442937206011
-0.00230254313147
-0.00371803076344
-0.00372870075165
-0.00469195229516
-0.00457054076307
-0.00254958237516
-0.00587280952189
-0.00340195740647
-0.00353266728512
-0.0042320767362
-0.00486561735355
-0.00267346354068
-0.00318095993112
-0.00090124333331
-0.00445841875748
-0.00498566066792
-0.0053326920311
-0.00330098969327
-0.00363256801599
-0.00491762083783
-0.00507976919543
-0.00295341219274
-0.000846566622622
-0.00726333109465
-0.0053017037735
-0.00517958927026
-0.00315744121976
-0.00286545592122
-0.00668493252145
-0.00417228957392
-0.00164528734832
-0.00227864041555
-0.0031299837896
-0.0036396400678
-0.00136175233062
-0.00454425757398
-0.00545789965877
-0.00595869281794
-0.00392945874843
-0.00426302226346
-0.00217097342682
-0.00350959200478
-0.00358679932084
-0.00444900582902
-0.00437749124989
-0.00237145603008
-0.00577069268916
-0.0037473768352
-0.00345375449603
-0.00431790237018
-0.00479498589495
-0.00227024661524
-0.00271374560758
-0.00047178623804
-0.00407922551968
-0.00464062170299
-0.00499550012274
-0.0028435462479
-0.00656701464295
-0.00454020746988
-0.00253502546456
-0.00278513767767
-0.000702671250957
-0.00714347903035
-0.0050645384309
-0.00496898231577
-0.00294498508368
-0.00282150421695
-0.00431908525931
-0.0040743352043
-0.00199988254152
-0.00540046392089
-0.00287795013653
-0.00319396770184
-0.000890028876051
-0.00425495202552
-0.00519990692183
-0.00567661827311
-0.0034931031725
-0.00144660359914
-0.00186908723701
-0.00312965849246
-0.00338120750386
-0.00428263828214
-0.00436075184644
-0.00566195187373
-0.00556584351707
-0.00349994596124
-0.00337580359272
-0.00135134864957
-0.00603764983272
-0.00258524112232
-0.00306759391385
-0.00346810438235
-0.00378586723803
-0.00426815424492
-0.00491250314325
-0.00276258541104
-0.00634067531429
-0.00415966298083
-0.00201864369046
-0.00244346178101
-0.00338718477795
-0.0069144561393
-0.00486122702706
-0.00493978071405
-0.00281788176471
-0.00615926655614
-0.00406067360876
-0.00393973423017
-0.00502947277444
-0.00308387696812
-0.00315285385405
-0.00363776525902
-0.00108011595845
-0.00424280687545
-0.00490450794007
-0.00555275821621
-0.00340628691717
-0.00125826533912
-0.00480880036481
-0.00264169929143
-0.00596607382141
-0.00394474775828
-0.00419908269362
-0.00542107530343
-0.00550005960655
-0.00337811096047
-0.00331569765819
-0.0011790510618
-0.00574685433118
-0.00560551433896
-0.00365864435473
-0.00370243816661
-0.00418985297634
-0.0044775168857
-0.00479866535526
-0.00254480858534
-0.00346278814887
-0.00403232042339
-0.00188722067103
-0.00228772332821
-0.0062305167064
-0.0065438021525
-0.0044833146851
-0.00473899470433
-0.00264933513734
-0.00604127829037
-0.00391928111773
-0.0018698250636
-0.00484442321324
-0.00285201588803
-0.00616275530801
-0.00421463908791
-0.00139901467259
-0.00753132279685
-0.00501328557763
-0.00249471439367
-0.00314574627153
-0.00103789209701
-0.00464036469922
-0.00249813695721
-0.00587589758452
-0.00369174793066
-0.00399379626024
-0.00501433212826
-0.0052595738477
-0.0031707777156
-0.00109353081567
-0.00446045589549
-0.00551676565182
-0.00538521903921
-0.00339090112868
-0.00324803365962
-0.00475155336682
-0.00193936355772
-0.00265586516242
-0.00509082905105
-0.00327705155059
-0.0038256846905
-0.00181650362042
-0.00408683301863
-0.00203528670186
-7.4177094595e-05
-0.00516998147545
-0.0033542190884
-0.00390079350073
-0.00188951177135
-0.00416691473922
-0.0021301048607
-0.000166727619381
-0.00524804241125
-0.00343031864705
-0.00126705819922
-0.00196150215474
-0.0042712423454
-0.00222381373021
-0.00453735719642
-0.00532500852325
-0.00350534712536
-0.00134007757232
-0.00203247212618
-0.00437464369978
-0.00231640903472
-0.00462772704718
-0.00540087650974
-0.00357930145402
-0.00172674557613
-0.00210241906974
-0.00447711543443
-0.0022384230721
-0.00471700059571
-0.00547564310309
-0.0036521785962
-0.00179766415561
-0.00217134039844
-0.00457865419559
-0.00232877853728
-0.0048051739039
-0.00554930507042
-0.00372397554806
-0.0018675281567
-0.00223923355471
-0.00467925664409
-0.00241800778902
-0.00489224306369
-0.00302055884801
-0.00379468933938
-0.00193633483386
-0.0023060960108
-0.00477891945583
-0.00250610667348
-0.00497820419775
-0.00309200200682
-0.00386431703409
-0.00200408147373
0.000318079957023
-0.00487763932221
-0.00259307106939
-0.00506305346025
-0.00316233105577
-0.00393285573082
-0.0020707653957
0.000217759356031
-0.00497541295061
-0.00267889688885
-0.00514678703766
-0.0032315429073
-0.00400030256351
-0.00213638395237
-0.00411763179301
-0.00507223706485
-0.00276358007824
-0.00522940114946
-0.00329963451173
-0.00406665470189
-0.00220093453005
-0.00421601244191
-0.00516810840564
-0.00284711661899
-0.00531089204891
-0.00336660285792
-0.00413190935211
-0.00226441454923
-0.00431341788286
-0.00526302373105
-0.000363028038613
-0.00539125602383
-0.00343244497384
-0.00419606375724
-0.00232682146508
-0.00440984465187
-0.00535697981695
-0.000444259370989
-0.00547048939733
-0.00349715792724
-0.00166046537564
-0.00238815276792
-0.00450528930361
-0.00544997345754
-0.000524332218012
-0.00554858852857
-0.00356073882621
-0.00172241117021
-0.0024484059837
-0.0050723257006
-0.00290162839223
-0.000603242709897
-0.00562669534028
-0.00362318481981
-0.0017832486759
-0.00250757867445
-0.00516579585883
-0.00299268760022
-0.000680987016156
-0.00570251521245
-0.00368449309867
-0.00184297528888
-0.00256566843878
-0.00525827368071
-0.00308277485984
-0.000757561346432
-0.00577719014368
-0.0037455804549
-0.00190158844495
-0.00264293712419
-0.00534975580062
-0.00317188704314
-0.00516453579529
-0.00333664860756
-0.00381712963979
-0.00195908562002
-0.00273569264426
-0.00544023887419
-0.00326002104276
-0.00523875896723
-0.00340902322932
-0.00388755421044
-0.00201546433066
-0.000223337950272
-0.00552971957881
-0.00334717377247
-0.00121115825504
-0.00543781232026
-0.00556839375493
-0.00323832660465
-0.00472982912464
-0.0024945975146
-0.00533818909727
-0.00129232946623
-0.00551922675941
-0.00563836732853
-0.00330854609163
-0.00481791653976
-0.00258240286355
-0.00241652250369
-0.00137252337206
-0.00271150066337
-0.00573129500294
-0.00337776105848
-0.00490503098941
-0.00266923472058
-0.0025021385028
-0.00145173721512
-0.00279095276656
-0.00704130777489
-0.00344596904022
-0.00499116946225
-0.00275509008268
-0.00258677747143
-0.00152996826153
-0.00286941955386
-0.00713547486553
-0.00353632346391
-0.00507632896845
-0.00283996596847
-0.00267043647471
-0.00160721380131
-0.00294689829196
-0.00436455957646
-0.00362980142082
-0.00516050654013
-0.00292385941863
-0.00275311260019
-0.00168347114887
-0.00302338627201
-0.00445680724708
-0.00372231589605
-0.00524369923184
-0.00300676749637
-0.00449582422071
-0.00575626470627
-0.00309888081008
-0.00454809047552
-0.00381386371564
-0.00532590412099
-0.00308868728789
-0.00457652594519
-0.00583053771208
-0.0031733792476
-0.00463840613268
-0.00390444172506
-0.00540711830834
-0.00316961590283
-0.00465623619356
-0.00590381461918
-0.00324687895177
-0.00472775110928
-0.00108255919544
-0.00548733891844
-0.0032495504747
-0.00473495214753
-0.0059760928436
-0.00331937731596
-0.00481612231634
-0.00117118820101
-0.00556656310006
-0.00332848816138
-0.00481267101349
-0.00604736982781
-0.00339087176019
-0.00490351668565
-0.00125883805408
-0.0056447880267
-0.00340642614556
-0.00488939002294
-0.00611764304115
-0.0034613597315
-0.00498993117021
-0.00134550568254
-0.00283022170652
-0.00348336163516
-0.00496510643294
-0.00618690998026
-0.00353083870439
-0.00507536274472
-0.00143118803604
-0.0029064397447
-0.00355929186383
-0.00503981752653
-0.00625516816946
-0.00359930618125
-0.00515980840602
-0.00151588208647
-0.00298165020107
-0.00735478537834
-0.00511352061321
-0.00632241516116
-0.00366675969275
-0.00524326517361
-0.00159958482847
-0.00305585035243
-0.00742869689114
-0.00518621302936
-0.00638864853631
-0.00373319679825
-0.00532573009004
-0.00306853712983
-0.00312903750256
-0.00464222235705
-0.00525848767154
-0.00369999348038
-0.00379861508625
-0.00540720022142
-0.00315024833205
-0.0032012089826
-0.00471410440826
-0.00533021176453
-0.00376419248128
-0.00386301217475
-0.0054876726579
-0.00323095935074
-0.00327236215159
-0.00478496776806
-0.00540091913861
-0.00382737078351
-0.00392638571169
-0.00556714451409
-0.00331066727612
-0.00334249439681
-0.00485480983375
-0.00258539036049
-0.00388952608607
-0.00119233489956
-0.00564561292956
-0.00338936922348
-0.00341161018765
-0.00492362803144
-0.00265405656675
-0.00349413736243
-0.00216505127214
-0.00237896497223
-0.005202059296
-0.00541356071116
-0.00175141571052
-0.00622681689385
-0.0034849005253
-0.00215563820388
-0.00237946187425
-0.0052025656984
-0.00541407671851
-0.00175194140235
-0.00622839279399
-0.00347508839464
-0.00214563888944
-0.00237936069294
-0.00520246258257
-0.00541397164688
-0.00175183435871
-0.00030746250576
-0.00346470107878
-0.00213905490057
-0.00237866142949
-0.0052017499498
-0.00541324549761
-0.00393703346089
-0.000307748329891
-0.00561246060132
-0.00213778203872
-0.00237736409226
-0.00520042780889
-0.00541189828005
-0.00393566095904
-0.000307389105598
-0.00560092326539
-0.00213592240068
-0.0023754686967
-0.00519849617623
-0.00540993001151
-0.00393365575134
-0.000306384837862
-0.0055888111072
-0.00213347600781
-0.00237297526542
-0.00519595507573
-0.0054073407173
-0.00393101786454
-0.000304735540613
-0.00558421768731
-0.00213044288818
-0.00236988382813
-0.00519280453887
-0.00540413043071
-0.00392774733385
-0.00254102964436
-0.0055806664064
-0.00430865296124
-0.0023661944217
-0.00518904460463
-0.005400299193
-0.00392384420289
-0.00253809036565
-0.00557653957765
-0.00430444649923
-0.0023619070901
-0.00518467531958
-0.00539584705343
-0.00391930852374
-0.00253450615287
-0.00557183724663
-0.00429965343507
-0.00235702188443
-0.0051796967378
-0.00539077406921
-0.00391414035689
-0.00253027705573
-0.00556655946527
-0.00429427382374
-0.0045503430328
-0.0051741089209
-0.00538508030554
-0.00390833977128
-0.00252540313285
-0.00556070629184
-0.00428830772694
-0.00454426226075
-0.000967986127941
-0.00537876583556
-0.00390408200759
-0.0025198844518
-0.00555427779094
-0.0042817552131
-0.00453758381062
-0.000961180055792
-0.00537183074041
-0.00390086097585
-0.00251372108907
-0.00554727403354
-0.00427461635735
-0.00453030776197
-0.000953764978552
-0.00536427510914
-0.0038970074609
-0.00250691313006
-0.00553969509691
-0.00426689124154
-0.00452243420145
-0.00319207241146
-0.00369316297718
-0.00389252151415
-0.00249946066911
-0.00553154106468
-0.00425857995422
-0.00451396322281
-0.00318343960669
-0.00368436657274
-0.00388740319539
-0.00249136380945
-0.0055228120268
-0.00424968259064
-0.00450489492688
-0.0031741980945
-0.00367494994709
-0.00388165257288
-0.00248262266321
-0.00551350807952
-0.00424019925274
-0.0044952294216
-0.00316434798912
-0.00591124464461
-0.00387526972326
-0.00247323735143
-0.00550362932545
-0.00423013004915
-0.00448496682198
-0.00315388941226
-0.00590058794701
-0.00386825473162
-0.00246320800401
-0.00549317587346
-0.00421947509518
-0.00447410725008
-0.00314282249312
-0.00588963363811
-0.00386060769142
-0.00245253475976
-0.00428672258047
-0.0056231278575
-0.00696383435406
-0.00272132879685
-0.00391533776666
-0.00521510303765
-0.00225780528244
-0.00427825785453
-0.00561489487129
-0.00257006514664
-0.00271307596468
-0.00390708345577
-0.00520400490889
-0.00224670225411
-0.00426925230878
-0.00560612003431
-0.00256127675053
-0.00270427997778
-0.00389828589298
-0.00519236364469
-0.00223505585128
-0.0042597060311
-0.00559680343251
-0.00255194575402
-0.00269494092268
-0.00388894516489
-0.00518017935968
-0.00222286618871
-0.00424961911459
-0.00558694515709
-0.00254207224874
-0.00268505889128
-0.00387906136344
-0.00516745217379
-0.00221013338649
-0.00423899165763
-0.00557654530457
-0.00253165633165
-0.00267463398078
-0.00386863458587
-0.00515418221224
-0.00219685757002
-0.00422846971275
-0.00556560397672
-0.002520698105
-0.0026636662937
-0.00385766493476
-0.00514036960558
-0.00218303887001
-0.00422118939081
-0.00555412128061
-0.00250919767634
-0.00265215593786
-0.003846152518
-0.00512601448965
-0.00216867742248
-0.00421336831865
-0.00554209732854
-0.00139885948478
-0.0026401030264
-0.00383409744878
-0.000778270974957
-0.00433380393816
-0.00420500657255
-0.00552953223811
-0.00138627499591
-0.00262750767774
-0.0038214998456
-0.000762831269094
-0.00431835742477
-0.00419610423403
-0.00551642613213
-0.0013731486594
-0.00261437001562
-0.00380835983224
-0.00293441259955
-0.00430236860362
-0.00418666138988
-0.00550277913871
-0.00135948060393
-0.00260069016904
-0.00379467753778
-0.00291788891044
-0.00428583763186
-0.00417667813213
-0.00548859139116
-0.00134527096344
-0.0025864682723
-0.00595239047285
-0.00290082347036
-0.00426876467189
-0.00416615455805
-0.00547386302806
-0.00133051987714
-0.00474965073447
-0.00593762402458
-0.00288321644676
-0.00425114989137
-0.00415509077017
-0.00105939887974
-0.00131522748949
-0.00473434516136
-0.00592231571412
-0.00286506801232
-0.00423299346322
-0.00414348687622
-0.00104358972212
-0.00348487648199
-0.00471849797258
-0.00590646569166
-0.00284637834497
-0.00421429556559
-0.00413134298919
-0.00321272292778
-0.003468501946
-0.00470210932347
-0.00589007411262
-0.00282714762784
-0.00419505638186
-0.00412197728845
-0.00319583359258
-0.00345158657349
-0.00468517937463
-0.00587314113769
-0.00280737604929
-0.00417527610065
-0.00627458127667
-0.00317840441295
-0.00343413052987
-0.00466770829189
-0.00585566693278
-0.00278706380289
-0.00415495491577
-0.00627103513981
-0.00316068588421
-0.00341613398575
-0.0046496962463
-0.00583765166903
-0.00276621108741
-0.00413409302624
-0.00626694834133
-0.00315659339738
-0.00339759711695
-0.00463114341415
-0.00581909552284
-0.00274481810678
-0.00411269063629
