-0.000496483692428
-0.00105102480855
-0.002037381921
0.000784160026777
-0.00395828676801
-0.00105572328292
0.00173324341951
6.00679212923e-05
-0.00102389678897
-0.00201016165741
0.000811446182223
-0.00392272770633
-0.00102013088631
0.00176764809106
9.26777461871e-05
-0.000996121653361
-0.00198229211518
0.000839383160888
-0.00388652057139
-0.000983889826704
0.00180270286659
0.000125929532573
-0.000967699792545
-0.0019537736891
0.000867970565121
-0.00322808070175
-0.000947000619514
-0.00217435066649
0.000159822818317
-0.000938631606114
-0.00192460678282
0.000897207988349
-0.00319057897084
-0.000910029906966
-0.00213799719265
0.000194357132828
-0.000908917502404
-0.00189479180882
0.000927095015107
-0.00315243073446
-0.00087307572905
-0.00210099514192
0.000229531997088
-0.000353973694516
-0.0018643291884
0.000957631221064
-0.00312160298022
-0.000835474312566
-0.00206334504072
0.000265346923682
-0.000322969016112
-0.00183321935162
0.000988816173051
-0.00309037362002
-0.000797226190517
-0.0020250474241
0.000301801416838
-0.000291319697639
-0.0018014627373
0.0010206494291
-0.0030584950534
-0.000758331904472
-0.00198610283572
0.000338894972452
-0.000259026182133
-0.00176905979294
0.00105313053846
-0.00302596773303
-8.94246977025e-05
-0.00194651182778
0.000374051021638
-0.00022608892123
-0.00173601097477
0.00108625904164
-0.00299279212034
-4.92397424556e-05
-0.00190627496102
0.00040748639476
-0.000192508375133
-0.00117907551083
0.00112003447045
7.95811102326e-05
-8.41029894635e-06
-0.00186539280466
0.000441561877449
-0.00015828501258
-0.0011447363482
0.00115445634801
0.000114051888297
3.30630573681e-05
-0.00182386593636
0.000476276998567
-0.000123419310818
-0.00110975273215
0.00118952418879
0.000149169522025
7.51797426563e-05
-0.00178169494218
0.000511631278608
-8.79117555614e-05
-0.00107412515328
0.00122523749867
0.000184933515192
0.000117939164753
-0.00111275970021
0.000547624229729
-0.00379738577388
-0.00103785411074
0.00126159577492
0.000221343362965
0.000161340723198
-0.00106930224589
0.000584255355784
-0.0037605960025
-0.00100094011214
0.00129859850629
0.000258398551932
0.000200160765345
-0.00102520247389
0.00062152415236
-0.00372316588527
-0.000963383673555
0.0018683507381
0.000296098560141
0.000237876754471
-0.000980461003509
0.000659430106804
-0.000459810381567
-0.000925185319466
0.00190664081197
0.000334442857134
0.000276237296496
-0.000935078462205
0.00111741617149
-0.000421101138736
-0.000886345582737
-0.00194707707147
0.000373430903983
0.000315241851816
-0.000889055485607
0.00115659487095
-0.000381753132717
-0.000846865004576
-0.00190750180175
0.000413062153332
0.000354889872386
-0.000842392717453
-0.00136382010124
-0.00162002403719
-0.00187255840392
-0.00216712585628
-0.00244637088793
0.00158776066207
-0.00109232648848
-0.000566170040768
-0.00159187286414
-0.00184541544712
-0.00213933932413
-0.00241542352804
0.00162750279818
-0.00106288795306
-0.000537961382865
-0.000778210418152
-0.00181752913978
-0.00211079213004
-0.00238620797428
0.00166803440723
-0.00103263391583
-0.000509043920647
-0.000748608184182
-0.00099272723178
-0.0020814848292
-0.00235621486812
-0.00264276031753
-0.00100156505379
-0.00047941814259
-0.000718281199241
-0.00096335578992
-0.00205141799106
-0.00232544481964
-0.0026116481234
-0.000969682061389
-0.000449084548672
-0.000687229999402
-0.000933242590609
-0.00122364736491
-0.00229389845403
-0.00257974172595
-0.000936985650462
-0.00041804365033
-0.000655455132991
-0.000902388191328
-0.00119206321706
-0.0014591321175
-0.00254704180314
-0.00090347655014
-0.000386295970413
-0.000622957160541
-0.000870793162698
-0.00115972132497
-0.00142603505354
-0.00169817613487
-0.000869155506772
-0.000353842043146
-0.000589736654745
-0.000838458088433
-0.00112662231439
-0.0013921636383
-0.00166389125928
-4.97110379538e-06
-0.000320682414078
-0.000555794200398
-0.000805383565285
-0.00109276682503
-0.00135751855691
-0.00162881498819
-0.00433331875653
-0.000286817640045
-0.000521130394358
-0.000771570202986
-0.00105815551045
-0.00132210050931
-0.00159294806335
-0.00429656653308
-0.000252248289115
-0.000485745845486
-0.000737018624197
-0.00102278903803
-0.00128591021021
-0.00155629124223
-0.00425900552252
-0.00021697494055
-0.000449641174596
-0.000701729464452
-0.000986668088905
-0.00124894838895
-0.00151884529802
-0.00422063655603
-0.000180998184751
-0.000412817014402
-0.000665703372098
-0.00094979335789
-0.00121121578951
-0.00148061101951
-0.0041814604815
-0.00429977750567
-0.000375274009464
-0.000628941008237
-0.00091216555342
-0.00117271317037
-0.00144158921099
-0.00190043013288
-0.00426239575093
-0.000337012816131
-0.000591443046668
-0.000873785397486
-0.00113344130448
-0.00140178069222
-0.0018596424523
-0.00422431242654
-0.000298034102488
-0.000553210173825
-0.000834653625562
-0.00109340097916
-0.00136118629827
-0.00181805030664
-0.00418552816696
-0.000258338548293
-0.000514243088717
-0.00079477098654
-0.00105259299603
-0.00131980687953
-0.00177565460969
-0.00414604361756
-0.000217926844928
-0.000474542502864
-0.000754138242657
-0.00101101817093
-0.00127764330153
-0.00173245629144
-0.00344959739443
-0.000176799695331
-0.000434109140234
-0.000712756169426
-0.000968677333855
-0.00123469644493
-0.00168845629803
-0.00340871424482
0.000538643589889
-0.000392943737181
-0.000670625555565
-0.000925571328851
-0.0011960033748
-0.00164365559162
-0.00465070930952
-0.00250574228457
-0.000375324148138
-0.00507956591032
-0.00304420299354
-0.0032194766424
-0.00137419431937
-0.0058934115084
-0.00401429030284
-0.00406050162094
-0.00215996313407
-0.000369380188679
-0.00500151985131
-0.00327352757667
-0.00308033098395
-0.00134242158068
-0.00584724671225
-0.00416250016316
-0.00371798811478
-0.00204279987075
-0.000412827966194
-0.00437913092349
-0.00223273176001
-8.67728306791e-05
-0.00485572133627
-0.00281955292892
-0.00299433269786
-0.00111890959361
-0.00590853551247
-0.00403064949898
-0.00407671050121
-0.00208703221333
-1.56747789253e-05
-0.00471333176898
-0.00298562824631
-0.00279313356915
-0.00105918478479
-0.00554085823727
-0.00382949191991
-0.00338681727744
-0.00178061392114
-0.000269891307081
-0.00193970399035
-0.00236337064395
0.000163189816708
-0.00460452361023
-0.00256745665057
-0.00274168550798
-0.00083619838433
-0.00562485233438
-0.00374639400923
-0.0037922896899
-0.00180285520349
5.7663732368e-05
-0.0046596019526
-0.00293578285807
-0.00247868632733
-0.000748740226999
-0.00523160444519
-0.00346989947676
-0.00302919198588
-0.0014915720336
1.77034488607e-05
-0.00161508980436
-0.00203706970283
-0.00433282963201
-0.00472768680852
-0.00269378462958
-0.00286740720588
-0.000526351512529
-0.00531394813293
-0.0034348672721
-0.00348058312844
-0.00149141383172
-0.00428235215377
-0.00431706766095
-0.00259358635097
-0.00240267552918
-0.000687206124707
-0.00515844199477
-0.00339870546475
-0.00276840401879
-0.00117595976915
-0.00455283389946
-0.00126441529077
-0.00168458808549
-0.00402919532289
-0.00442257274984
-0.00238759420204
-0.00256055692422
-0.000603188372142
-0.00537998482124
-0.00350671226294
-0.00122017745557
-0.00115302685656
-0.00391331434098
-0.00394786970123
-0.0022247492353
-0.00203471568584
-0.000323316963083
-0.00479592537386
-0.00310848334684
-0.002758823069
-0.00111714493118
-0.00448843839619
-0.00088801202516
-0.00132658819839
-0.00369916030725
-0.00409094188033
-0.00205480262357
-0.00222705383569
-0.00474701126783
-0.00501561194509
-0.00314162205637
-0.0012688846053
-0.00120203955921
-0.00392060166742
-0.00395498710495
-0.00182963783259
-0.00166491217889
-0.00470911209827
-0.00440729923548
-0.00280183508872
-0.00124459221091
-0.0008043795888
-0.00412242509875
-0.00102950273714
-0.00151589704088
-0.00388307780715
-0.00427315190235
-0.00169573603447
-0.00186722610365
-0.00435772692356
-0.00462503361271
-0.00275028200843
-0.000877324551952
-0.000810803954675
-0.00349937637058
-0.00353358258213
-0.00187897435336
-0.00176577470901
-0.00480032395844
-0.00446645121974
-0.00246880952479
-0.000912979729036
-0.000481326470478
-0.00374117848238
-0.00060270761666
-0.00543388544984
-0.00350121595507
-0.00388947563305
-0.00185714919219
-0.00202783059981
-0.00447984973952
-0.00474579051327
-0.0023330722693
-0.000459882605158
-0.00502058485298
-0.00308231804978
-0.00317508067157
-0.00153910145311
-0.00142637510871
-0.00446185703054
-0.0041293650309
-0.00252636221372
-0.000969868660952
-0.00539268239352
-0.00339438879225
-0.000243769121348
-0.00502905232177
-0.00309396539331
-0.00348030857119
-0.00144658867254
-0.00161641609062
-0.00403944583955
-0.00228061688473
-0.00243549225219
-0.000571246301707
-0.00511717221315
-0.00325358225838
-0.00280901799394
-0.00117304745236
-0.00106082646315
-0.00409730427796
-0.0037662867396
-0.00215276363175
-0.0005866752306
-0.00501816758703
-0.00342700019871
-0.000559864570252
-0.00530197491511
-0.00332652207752
-0.00304602797969
-0.00101084421329
-0.00562021629365
-0.00357408458564
-0.00182432628985
-0.00200192544053
-0.000161048800964
-0.00473089765018
-0.00286220658935
-0.00297006943865
-0.00133543244098
-0.0059306126488
-0.00370701249182
-0.00337755912069
-0.00177019303779
-0.000182593437578
-0.00461842814986
-0.00302968807146
-0.000199836003379
-0.00493999101611
-0.00288840292386
-0.00325184986795
-0.00123412056962
-0.00582522568894
-0.00322303931628
-0.00148503043215
-0.00166189725103
0.000179260574176
-0.00439076160218
-0.00249224797987
-0.00255271411052
-0.000918086817704
-0.00551383227409
-0.00383145552187
-0.00216315881279
-0.00189526934727
-0.000300615177298
-0.00419382387601
-0.00260763704035
-0.00410014586058
-0.00455292643514
-0.00249972931699
-0.00276853268279
-0.000749209956606
-0.00533933878973
-0.00353020810565
-0.00179952242721
-0.0019756079946
-0.00474109099558
-0.00402478982969
-0.00212694376311
-0.00211028191578
-0.000475664804088
-0.00507200326216
-0.00339079533545
-0.0017290359354
-0.00146253583038
-0.00470855058901
-0.00426164983732
-0.0026866732776
-0.00446863578851
-0.00414112416288
-0.00208623138973
-0.00232736146299
-0.000240342676834
-0.004891873418
-0.00314102090373
-0.00140900665319
-0.00158426413966
-0.00434942921621
-0.00430808771656
-0.00242173113241
-0.00232871824535
-0.000702569105528
-0.00460552385892
-0.00292553657642
-0.00127033718258
-0.00100528954202
-0.00425332061145
-0.00378845352101
-0.00221626295921
-0.00403474471142
-0.00448305018495
-0.00244328562328
-0.00268316978274
-0.0050095077641
-0.0023395883873
-0.00272682154487
-0.000993406944005
-0.00116779168079
-0.0039326216975
-0.00389148673121
-0.00200587586556
-0.00191427657888
-0.00490273857255
-0.00479347508415
-0.00310977842221
-0.00145688497398
-0.00119334936616
-0.00377405807572
-0.00330165136974
-0.00172225755237
-0.00357694684741
-0.00402286047969
-0.00198123967906
-0.00227768640474
-0.00462601659931
-0.00271044117115
-0.00309566891963
-0.00136239878179
-0.00153586831729
-0.0034910435072
-0.00345012510964
-0.00156529622411
-0.00152755120158
-0.00450956512162
-0.00437390428128
-0.00268085358339
-0.00100011516483
-0.000688281036017
-0.00392218574181
-0.00345254192147
-0.00186879624276
-0.0030996087316
-0.00355736791529
-0.00154871315646
-0.0018705974789
-0.00421788492876
-0.00224943086307
-0.00263256468734
-0.000897761334557
-0.00559878865531
-0.0038290099409
-0.00378831761126
-0.00190551109778
-0.00111595615588
-0.00409838506713
-0.0024875135867
-0.00226303741738
-0.000583921877525
-0.00494087731936
-0.0033960805312
-0.0029292928486
-0.00137496360476
-0.00358194981856
-0.00403736103893
-0.00205197340713
-0.00143927099099
-0.00378546442372
-0.00180518016488
-0.00215270040723
-0.000409196885993
-0.00510923091144
-0.00333907091104
-0.00329861360542
-0.00146343393974
-0.00148498520835
-0.00445468053645
-0.002843465806
-0.00262015532155
-0.000143490049704
-0.00449330943586
-0.00286108140256
-0.00238333975956
-0.000954365652409
-0.00311373193708
-0.00356669752709
-0.00159845208335
-0.00624320634987
-0.00424801915448
-0.00230979638374
-0.00264482872192
6.11887855981e-05
-0.00460430753042
-0.00282556563072
-0.00278535175823
-0.00100331466989
-0.00102474977906
-0.00399489969761
-0.00237617807852
-0.00215408334383
-0.0004884408667
-0.00485476951737
-0.00323398924589
-0.00269316584806
-0.000510171210713
-0.00262246925104
-0.00308173873347
-0.00112149880464
-0.00355395987559
-0.00379707456794
-0.00186781458966
-0.00217845306453
-0.000410413751071
-0.00505418091969
-0.00325278658671
-0.00317941174519
-0.000519455770556
-0.00518121238963
-0.00351139278248
-0.00188529086203
-0.00166445911819
-6.59070901049e-07
-0.00441268828435
-0.00279413356403
-0.00225601427623
-0.000834973242335
-0.00317600912237
-0.00365157247295
-0.000621495625051
-0.00305214489472
-0.00333244093748
-0.00140220747033
-0.00168862966951
8.0772184009e-05
-0.00456221974578
-0.00276064588367
-0.00268768918001
-0.000942069078445
-0.00557192658174
-0.00392220682099
-0.00229835658735
-0.00115168105135
0.000479208295808
-0.00394711229764
-0.0023308772643
-0.001827430642
-0.000344664650808
-0.00263981483364
-0.00313136271733
-0.00117118788272
-0.00360534196819
-0.00388763705585
-0.00196893380128
-0.00117575364142
-0.00391247207454
-0.00404713123195
-0.00224537158208
-0.00217284759676
-0.000411937436871
-0.00347493149407
-0.00339245185959
-0.0017614834158
-0.0015433079988
-0.00470418666751
-0.00437161744513
-0.0018445883129
-0.0013834324451
0.000123981512861
-0.00268577886202
0.000418807327084
-8.19507871661e-05
-0.000533735006071
-0.00263591526656
0.000338989354425
-0.00339958205134
-0.00271574595421
0.000388765536248
-0.000106680852593
-0.000558546554859
-0.00266078412302
0.000300808006158
-0.00343781055187
-0.00128180307234
0.000359369203484
-0.000130761024493
-0.000582706097076
-0.00268499948696
0.000263274990606
-0.00347538994477
-0.00131048198612
0.000330618741245
-0.000154190961472
-0.000606213287952
-0.00270856101123
0.000226390842454
-0.00351231969339
-0.00133851620525
0.000302514553261
-0.000176970331123
-0.000629067791799
-0.00115471129931
0.000190156087715
-0.00354859926978
-0.00136590533768
0.000275057034513
-0.000199098810054
-0.000651269282024
-0.00117696413936
0.000154571243694
-0.00358422815473
-0.00139264900007
0.000248246571205
-0.000220576083906
-0.000672817441158
-0.00119856215319
0.000119636818952
-0.00361920583782
-0.00141874681781
0.00170078164536
-0.000241401847379
-0.00069371196088
-0.00121950503035
8.53533132716e-05
-0.000607697216492
-0.00144419842508
-0.00168760901548
-0.000261575804252
-0.000713952542033
-0.00123979246962
5.1721217622e-05
-0.000641370999815
-0.00146900346483
-0.00171247608342
-0.000281097667402
-0.000733538894651
-0.001259424179
0.00161228050542
-0.000674392102966
-0.00149316158883
-0.00173669463942
-0.000299967158829
-0.000752470737975
-0.00128494962383
0.0015799526673
-0.000706760050961
-0.00151667245772
-0.00176026434154
-0.00031818400967
-0.000770747800477
-0.00131655359947
0.0015482776589
-0.000738474377762
-0.00153953574096
-0.00178318485679
0.00113776267766
-0.00423451480305
-0.00134750572315
0.00151725593557
-0.000769534626314
-0.00156175111693
-0.00180545586112
0.00112085187792
-0.00425148152634
-0.00137780555144
0.00148688794371
-0.000799940348572
-0.00158331827291
-0.00182707703949
0.00110459447032
-0.00103110217364
-0.00140745264991
0.00145717412069
-0.000829691105539
-0.00160423690511
-0.0018480480858
0.00108899068698
-0.00104675758282
-0.00143644659306
0.00142811489486
0.000727345284244
-0.0016245067187
-0.00186836870303
0.0010740407508
-0.00106175699263
-0.00146478696445
-0.00219386638656
0.000698905738518
-0.00164412742781
-0.00188803860315
0.0010597448754
0.000396093560454
-0.00149247335666
-0.00222161516937
0.000671122420498
-0.00166978418111
-0.00190705750723
0.00104610326519
0.000382406787338
-0.00151950537135
-0.00224870812457
0.000643995732695
-0.00169852797234
-0.0019254251454
0.00103311611526
0.000369376632829
-0.00154588261929
-0.00227514486029
0.000617526068426
0.00311658924479
-0.00194360045968
0.00102078361145
0.000344181521332
-0.00157160472038
-0.00230092499387
0.000591713811782
0.000787705002568
0.000630577113185
0.000483771090089
-0.00227851549685
-0.00232362891096
-0.00234971298679
-0.0023646239703
0.000750813986863
0.000592812255586
0.000445116773032
-0.0023180721024
-0.00236409719496
-0.00239109817979
-0.00239229675608
-0.00301363111305
0.000555762189158
0.000407193536694
-0.00235688114169
-0.00240380129639
-0.00243170252089
-0.00243380166347
-0.00304912402778
0.000519427555243
0.000370002068329
-0.00239494187875
-0.00244274042779
-0.00247152516852
-0.00247450818975
-0.00308391700555
0.000483808983545
0.000333543042767
-0.00243225359084
-0.00248091381583
-0.00251056529617
-0.00251441545281
-0.00311800946996
0.000448907092073
0.000297817122353
-0.00246881556856
-0.00251832070136
-0.0025488220924
-0.00255352258663
-0.00315140085561
0.000414722487092
0.00026282495689
-0.00250462711589
-0.00255496033951
-0.00258629476098
-0.00259182874134
-0.00143809361135
0.000381255763073
0.000228567183579
-0.00253968755025
-0.00259083199974
-0.00262298252096
-0.00262933308328
-0.00147008118742
0.000348507502635
0.000195044426963
-0.00257399620258
-0.00262593496593
-0.00265888460674
-0.00266603479515
-0.00150136605489
-0.00168699867849
0.000162257298871
-0.0026075524174
-0.00266026853646
-0.00269400026813
-0.00270193307605
-0.00153194769277
-0.00171830831154
0.00195045495003
-0.00264035555286
-0.00269383202423
-0.00272832877049
-0.00273702714158
-0.00156182559126
-0.00174889780472
0.00191914086334
-0.000852156429159
-0.00272662475679
-0.00276186939472
-0.00277131622394
-0.00159099925186
-0.00177876662329
0.00188856416383
-0.000883451535238
-0.000917121460471
-0.0027946214374
-0.00280479957197
-0.00161946818733
-0.00180791424459
0.00185872541193
-0.000913991718859
-0.000948370724016
-0.000961273616398
-0.00283747645129
-0.00164723192177
-0.00183634015811
0.00182962515511
-0.000943776393323
-0.00097884730333
-0.000992446448705
-0.000982558319999
-0.00167428999067
-0.00186404386549
-0.00204873046342
-0.000972804985859
-0.00100855058508
-0.00102282868386
-0.0010136201261
-0.00170064194092
-0.0018910248806
-0.00207635213989
-0.00100107693768
-0.00103747997086
-0.00105241968177
-0.00104387336157
-0.00172628733087
-0.00191728272959
-0.00210323375729
-0.00102859170403
-0.00106563487729
-0.00108121881837
-0.00107331735979
-0.00175122573035
-0.0019428169509
-0.00212937482055
0.00158672025768
-0.001093014736
-0.00110922548565
-0.00110195147127
-0.00177545672072
-0.00196762709529
-0.00215477484782
0.00156072144012
-0.00111961899378
-0.00113643909173
-0.0011297750637
-0.00179897989491
-0.00199171272595
-0.00217943337053
0.00153548135757
-0.00114544711255
-0.00116285906093
-0.00115678752205
-0.00627116582479
-0.00554419269006
-0.00478008629228
-0.00200061109452
-0.00113819467023
-0.00206839314946
-0.00553464121154
-0.0062926662815
-0.00555488314357
-0.00479095951302
-0.00388947584767
-0.00115547802214
-0.00208591234719
-0.00553072041483
-0.00631294879051
-0.00556432811086
-0.00480056600053
-0.00389921489277
-0.00306954112528
-0.00210211543638
-0.00553534069188
-0.00633201234348
-0.00557252710287
-0.00480890524027
-0.00390766923337
-0.00308422658226
-0.004015079726
-0.00555037338866
-0.00634985599166
-0.00557947969487
-0.00481597678534
-0.00391483840381
-0.00309761181198
-0.00402864785684
-0.00309321592094
-0.00636647884614
-0.00558518552652
-0.00482178025659
-0.00392072200905
-0.0031096960582
-0.00404089728918
-0.00310558613046
-0.00638188007803
-0.00558964430202
-0.00482631534279
-0.00392531972475
-0.00312047863767
-0.00405182731143
-0.00311662395797
-0.00639605891867
-0.00559285579013
-0.00482958180062
-0.00392863129741
-0.00312995894036
-0.00246100880381
-0.0031263287491
-0.00640901465987
-0.00559481982427
-0.0048315794548
-0.00393065654437
-0.00313813642958
-0.00246929817608
-0.00313469992817
-0.00234123247093
-0.00559553630256
-0.00483230819812
-0.00393139535392
-0.00314501064217
-0.00247626646145
-0.00314173699832
-0.00235174013125
-0.00559513478783
-0.00483176799148
-0.00393084768531
-0.00315058118861
-0.00248191325418
-0.00314743954172
-0.00236102293181
-0.00560457956037
-0.00482995886385
-0.00392901356874
-0.00315484775314
-0.00248623822538
-0.00315180721961
-0.00236908040778
-0.0056127776622
-0.00482688091235
-0.0039258931054
-0.00315781009384
-0.00248924112305
-0.00315483977247
-0.00237591215548
-0.00561972866816
-0.00482253430213
-0.00392148646738
-0.00315946804271
-0.00249092177221
-0.00315653702008
-0.0023815178325
-0.00562543221758
-0.0048169192664
-0.00391579389769
-0.00315982150571
-0.00249128007489
-0.00315689886154
-0.0023858971578
-0.00562988801445
-0.00481003610632
-0.00390881571013
-0.00315887046279
-0.00249031601022
-0.00315592527536
-0.00436800607467
-0.0015018420187
-0.00480188519095
-0.00390055228924
-0.00315661496789
-0.00248802963438
-0.0031536163194
-0.00436993209911
-0.00350703649236
-0.00479246695712
-0.0038910040902
-0.00315305514895
-0.00248442108063
-0.00314997213089
-0.00437063129743
-0.00350774790265
-0.00677101707953
-0.00388017163869
-0.00314819120783
-0.00247949055924
-0.00314499292641
-0.00437010363455
-0.00350721102376
-0.00675906578987
-0.00587183330291
-0.00314202342028
-0.00247323835743
-0.00313867900177
-0.00436834913694
-0.00350542588357
-0.00674584889774
-0.00585843420471
-0.00515764833222
-0.00246566483933
-0.00313667279573
-0.00257369272856
-0.00491940868445
-0.00423936852821
0.000128150981215
-0.00397229149213
-0.0039000816007
-0.00247960744234
-0.00255810294451
-0.00494609473546
-0.00426558361572
0.00010247520379
-0.00399449517468
-0.00392193233016
-0.00250105239411
-0.00254120467673
-0.00193866431205
-0.00429053880013
7.80337693159e-05
-0.00401548693145
-0.00394259020825
-0.00252132643502
-0.00252692663678
-0.00196278454868
-0.00431423275042
-0.00182256191959
-0.00403526572877
-0.00396205424972
-0.00254042863355
-0.00255009539274
-0.00198561984152
-0.00433666420111
-0.00184453097728
-0.00405383059163
-0.00398032352522
-0.0025583581111
-0.00257195936232
-0.00200716892527
-0.00435783195258
-0.00186526212477
-0.00407118060392
-0.0039973971616
-0.00257511404222
-0.00259251729694
-0.00202743060433
-0.00622565394809
-0.00188475429713
-0.00408731490863
-0.00401327434209
-0.00259069565479
-0.00261176802118
-0.00204640375321
-0.00624429096733
-0.00190300649192
-0.0041022327081
-0.00402795430645
-0.00260510223019
-0.00262971043305
-0.0020640873168
-0.00626166108681
-0.00192001776952
-0.00411593326415
-0.00404143635123
-0.00261833310347
-0.00264634350436
-0.00208048031066
-0.00627776337342
-0.00193578725333
-0.00412841589835
-0.00405371982989
-0.00263038766351
-0.00266166628098
-0.00398094844739
-0.00629259696132
-0.00195031413
-0.00413967999212
-0.00406480415296
-0.00264126535314
-0.00267567788315
-0.00399475763254
-0.00630616105218
-0.00196359764963
-0.00414972498691
-0.00407468878816
-0.00459355647966
-0.00268837750565
-0.00400727372135
-0.00631845491544
-0.001975637126
-0.00415855038434
-0.0040833732606
-0.00460207897349
-0.00458928381157
-0.00401849601462
-0.00632947788844
-0.0019864319367
-0.00416615574629
-0.000280310791902
-0.00460942325045
-0.0045993573587
-0.00402842388501
-0.00277237194929
-0.00199598152333
-0.00417254069506
-0.00227103446555
-0.00461558897039
-0.00460811696036
-0.0040370567772
-0.00278085142643
-0.0020042853916
-0.00417770491344
-0.00227611617524
-0.00462057584764
-0.00461556211184
-0.00404439420805
-0.00278805843465
-0.00201134311152
-0.00418164814478
-0.00227999639799
-0.00462438365111
-0.00462169238394
-0.00405043576672
-0.00279399258464
-0.00201715431744
-0.00614314366447
-0.00228267494702
-0.00462701220428
-0.00462650742315
-0.0040551811148
-0.0027986535557
-0.0020217187082
-0.00614464439436
-0.0022841516934
-0.00462846138529
-0.00463000695169
-0.00405862998641
-0.00280204109589
-0.00202503604719
-0.00614492373122
-0.00228442656602
-0.00462873112693
-0.00463219076763
-0.00406078218827
-0.00280415502205
-0.0020271061624
-0.00614398166118
-0.00228349955163
-0.00462782141671
