-0.000846225212543
-0.00116830006457
0.00173932070016
-0.000633961074374
-0.000505707687104
-0.00122557416236
0.00155153831292
-0.000855037547685
-0.00117434711942
0.0017332434526
-0.000640046635189
-0.000495242216586
-0.00121506386992
-0.00195972065278
-0.00086261416897
-0.00117996691307
0.00172841894794
0.00150265712172
-0.000483526115179
-0.00120329760592
-0.00194794703746
-0.000868954690389
-0.00118636005024
0.00172484743868
0.00149908072557
-0.00382653874634
-0.0011902759897
-0.00193491728843
-0.000874058788783
-0.00119150651088
-0.00153026026639
0.00149675922625
-0.0038288549656
-0.00117599970621
-0.00192063209189
-0.00087792620393
-0.00119540602824
-0.00153132528955
-0.00162945794236
-0.00172184414717
-0.0011604695058
-0.00190509219964
-0.00394550487273
-0.00119805840014
-0.0015311369532
-0.00162926934828
-0.00174523383509
-0.00114368620407
-0.00188829842878
-0.00394689839277
-0.00119946348906
-0.00152969526721
-0.00162782568939
-0.00176737807887
0.00102658456557
-0.00187025166155
-0.00394705482709
-0.0011996212221
-0.00152825722957
-0.00162512704151
-0.00178827572622
0.00101214076708
-0.00185095284512
-0.0039459741677
-0.00119853159111
-0.00152716240837
-0.00162117354629
-0.00180792568843
0.000985170855642
0.000316907109683
-0.00394365646974
-0.00119619465258
-0.00152481433891
-0.00161596541126
-0.00182632694063
0.000959448112818
0.00029119222735
-0.00394010185142
-0.0011926105277
-0.00152121314412
-0.00160955374116
-0.00184347852204
0.000934973883592
-0.00255259377332
-0.00393531049402
-0.00118777940231
-0.00151635901249
-0.00162545926117
-0.00185937953628
0.000911749449456
-0.0025758111007
-0.00202637082976
-0.00118170152683
-0.00151025219805
-0.00164011302934
-0.00187402915151
0.000889776028084
-0.00259777779389
-0.00201910679004
-0.00117437721622
-0.00150289302027
-0.00165351427804
-0.00188742660076
0.000869054773017
-0.00261849270039
-0.00201060693291
-0.00116580684989
-0.00149428186401
-0.00166566230467
-0.00189957118201
0.000849586773358
-0.0026379547321
-0.00200087169126
0.000794468683186
-0.00148441917939
-0.0016765564719
-0.00191046225849
0.000831373053493
-0.00265616286558
-0.00198990156069
0.000805529765435
-0.00147330548169
-0.0016861962078
-0.00192009925874
0.000814414572817
-0.0026731161423
-0.0019776970993
0.00081783537954
0.000504302949462
-0.00169458100601
-0.00193141806219
0.000798712225489
-0.00268881366894
-0.00196425892762
0.00083138488944
0.000504904607158
-0.00170171042588
-0.00194581494283
0.000784266840192
-0.00270325461757
-0.00194958772842
0.000846177595279
0.000499050666352
-0.00170758409256
-0.00195895830457
0.000771079179919
-0.0027164382259
-0.00157134821428
-0.00228941861287
0.000886548748198
0.000323011073384
-0.0021284203857
-0.00236187436699
-0.00287283258552
-0.00158635937908
-0.00230520627564
-0.00297904804322
0.000305578717562
-0.00214669253131
-0.0023823235495
-0.000443843385635
-0.0015999209318
-0.00231946968996
-0.00299404436873
0.00028982851903
-0.00216320198991
-0.00240093181822
-0.000463380501827
-0.00161203191994
-0.00233220774792
-0.00300743728273
0.000275761968777
-0.00217794704479
-0.00241769706057
-0.000480983250309
-0.00162269149219
-0.00234341945917
-0.00301922563438
-0.00362577284594
-0.00219092616085
-2.01254267337e-05
-0.000496649425512
-0.0016318988987
-0.00235310395133
-0.0030294084098
-0.00363646825886
-0.00220213798534
-3.31991055116e-05
-0.000510377061691
-0.00163965349137
-0.00236126047031
-0.00303798473252
-0.00364547650034
-0.00610073459444
-4.4424663155e-05
-0.000522164434155
-0.00164595472406
-0.00236788838064
-0.00304495386384
-0.00365279671443
-0.00381060940755
-5.38008189602e-05
-0.00053201006035
-0.00165080215278
-0.00237298716564
-0.00305031520318
-0.00365842820516
-0.00381651307467
-6.13265023114e-05
-0.000539912700786
-0.00165419543586
-0.0023765564277
-0.00305406828828
-0.00136457133389
-0.00382064587571
-0.00407671008112
-0.000545871359815
-0.00165613433405
-0.0023785958884
-0.00305621279546
-0.00136682393142
-0.00382300737846
-0.004080532451
-0.000549885286264
-0.00165661871063
-0.00237910538862
-0.00305674853973
-0.00136738668039
-0.00382359733593
-0.00408250240261
-0.0046143779221
-0.00165564853144
-0.0023780848886
-0.000795784460326
-0.00136625952724
-0.00382241568638
-0.00408261971059
-0.00461450110995
-0.00165322386489
-0.00237553446798
-0.000793102678904
-0.00136344257924
-0.00381946255342
-0.00408088436153
-0.00461267878248
-0.00164934488197
-0.00237145432572
-0.000788812412252
-0.0013589361045
-0.00381473824596
-0.00407729655393
-0.00460891116958
-0.00164401185613
-0.000143426926302
-0.000782914030349
-0.00135274053178
-0.00380824325796
-0.00407185669818
-0.00460319874643
-0.00163722516324
-0.000136288414658
-0.000775408041671
-0.00345882737824
-0.00379997826828
-0.00406456541621
-0.00460032286199
-0.00162898528141
-0.000127621493391
-0.000766295092971
-0.00344925553751
-0.00378994414025
-0.00405542354122
-0.00461243804828
0.000542729725258
-0.00011742683763
-0.000755575968996
-0.00343799684678
-0.00377814192124
-0.00404443211719
-0.00462261047474
0.000553874142393
-0.000105705241005
-0.000743251592154
-0.00342505237473
-0.00376457284214
-0.00403159239825
-0.0046308388593
0.000566469702361
-9.24576153351e-05
-0.000729323022116
-0.00341042334893
-0.00374923831667
-0.004016905848
-0.00240811985968
-0.00508921420855
-0.00416739504598
-0.00534000453712
-0.00312312057789
-0.000849882261512
-0.00520177883391
-0.00330968033107
-0.00425141129808
-0.00226627481593
-0.00676751053291
-0.00477497356518
-0.00528599201783
-0.00304551179426
-0.00701011105987
-0.00322378377909
-0.00165113380877
-0.00214573459859
-0.00447986022505
-0.00457122814032
-0.00259117372116
-0.0022743194531
-0.00343521436551
-0.00455313036437
-0.00573412872797
-0.00352491615718
-0.00125845898855
-0.00564063856376
-0.00375820487133
-0.00470855966569
-0.00261708437456
-0.00700553611929
-0.00305260532215
-0.00356629427828
-0.00128073562424
-0.00530067566375
-0.00375170029659
-0.00218725997711
-0.00268792598391
-0.00502573531481
-0.00511825440069
-0.00313677030905
-0.00281596544179
-0.00375396578482
-0.00490047268217
-0.00608912947295
-0.00388692630387
-0.00477745997559
-0.00603885111461
-0.00225688517082
-0.00321520719512
-0.00107718590736
-0.00541463444747
-0.00325683786204
-0.00376291492338
-0.00147874570594
-0.00575173936971
-0.00423522540789
-0.00493881634342
-0.00318483572974
-0.00552610313434
-0.00561970322981
-0.00173265304584
-0.00140813976145
-0.00405486208276
-0.00520868711937
-0.00460507663717
-0.00236686887366
-0.00326298169554
-0.00453665844155
-0.0026215962435
-0.00358717079005
-0.00145534037036
-0.00584312259424
-0.00370854998867
-0.00414780223067
-0.00201365660892
-0.00626742965642
-0.00467289533887
-0.00353704682003
-0.00174816661208
-0.00618067339043
-0.00420920362274
-0.00218566269455
-0.00185771572463
-0.00254180228125
-0.00367795822925
-0.0048795532181
-0.00264689816014
-0.00354792983693
-0.00485075411183
-0.00598428469739
-0.00391499291797
-0.00178870049673
-0.00622695908066
-0.00411544561174
-0.00276913332796
-0.0006753415706
-0.00495859387176
-0.0032167754308
-0.00393395070073
-0.00214986311643
-0.00658528600439
-0.00461472836214
-0.00259005469827
-0.00225898082264
-0.00595306677403
-0.00390598709872
-0.00511277742455
-0.00288488735323
-0.00379014245712
-0.00512153991631
-0.00626139165042
-0.00419776112718
-0.0032959853438
-0.00482366621998
-0.00268680157559
-0.0032075301347
-0.00112415170775
-0.00541115026601
-0.00355869420854
-0.00428163390829
-0.00250181945613
-0.00693984370517
-0.00497009994846
-0.00485041005433
-0.00105986398586
-0.00613562966896
-0.00409311216097
-0.00530419995283
-0.00308025341066
-0.00573594640379
-0.00365330917904
-0.00479850958563
-0.00269604576056
-0.00358238564924
-0.00513301652596
-0.00300054228723
-0.00360442313791
-0.00152618988964
-0.00581661028582
-0.00388618547619
-0.00458621038581
-0.002802776612
-0.00558729048867
-0.00358396116746
-0.00346339313918
-0.00154158021209
-0.00468181282017
-0.00260847032959
-0.00382292788306
-0.00154151328926
-0.0059026437283
-0.00383544516273
-0.00498497851271
-0.00288640015789
-0.00382275767387
-0.00539487036943
-0.00605885610826
-0.0039537843211
-0.00188015832231
-0.00455049454224
-0.00250887721235
-0.00321377046143
-0.00136664990173
-0.00583876888123
-0.00383529477043
-0.00371399077964
-0.00197401515768
-0.00484908507903
-0.00281447125411
-0.00406905032203
-0.0018288746853
-0.00622031489846
-0.0039724562667
-0.00512527098813
-0.00304464942492
-0.00767851997592
-0.00403799938618
-0.00473336885651
-0.0026316001208
-0.000513098679441
-0.0048578906177
-0.00274944449323
-0.00345840496686
-0.00161424906863
-0.00608809913881
-0.00405645799327
-0.00407166122049
-0.00235559372867
-0.00509989882481
-0.00649673082171
-0.00433264744446
-0.0020982285724
-0.00649482438758
-0.00257402958815
-0.00369106931472
-0.00160890118033
-0.0063039822972
-0.00423419377998
-0.00493264493849
-0.00288261061669
-0.00346792480245
-0.00511457217422
-0.00293804741385
-0.00365022981567
-0.00180842349278
-0.00628364591944
-0.00274342852434
-0.00289018905105
-0.00114279065741
-0.00531044451331
-0.00671283244289
-0.00308011130443
-0.000800785020105
-0.00523061598456
-0.00280841175211
-0.00394756037621
-0.00185394034443
-0.00643875701649
-0.00438101954171
-0.00512244465929
-0.00308307694238
-0.00756523199973
-0.00531961647966
-0.00412119375234
-0.00232437754635
-0.000451393260824
-0.00496520329375
-0.00288465441917
-0.00316430591321
-0.00141847234102
-0.004054532731
-0.00546143432973
-0.00325871948713
-0.00438220783817
-0.00541675372337
-0.00299760322416
-0.00419235129877
-0.00210422155617
-0.00666164053093
-0.00447799044222
-0.00526899648884
-0.00177976568463
-0.00630927805374
-0.00402601342378
-0.00420395890189
-0.00240857538854
-0.00476037995027
-0.00505105737134
-0.0029706557194
-0.00338400857753
-0.001639444818
-0.00418321905514
-0.00559356092641
-0.00339411463192
-0.00452063159105
-0.00555789385385
-0.00639706279045
-0.00439072226666
-0.000900122366248
-0.00549784927374
-0.00320815241265
-0.00395957425432
-0.0018772016467
-0.00640806831684
-0.004125706465
-0.00429926723878
-0.00243835945604
-0.00709366857408
-0.00512626456792
-0.00311857920758
-0.00223945952708
-0.000463280717114
-0.00438317544544
-0.00568317404742
-0.00348595431094
-0.00329775106712
-0.00433172720993
-0.00522270066674
-0.00317702709579
-0.00105494043372
-0.00565566945234
-0.00336842325692
-0.00400406010603
-0.0019225039699
-0.00645400244897
-0.00417206181062
-0.0045452124809
-0.00264633548382
-0.00611111906349
-0.00414384732383
-0.00210507892283
-0.0023478462041
-0.00504979405045
-0.00328035548512
-0.00446268843397
-0.00221722024277
-0.0033468837365
-0.0043818314918
-0.0053239776307
-0.00328092922772
-0.00433650658333
-0.00576402910817
-0.0034784757294
-0.00399719024787
-0.00191550791445
-0.00522609757587
-0.00290657536088
-0.00356797102874
-0.00164218865162
-0.00634902859472
-0.0043839388573
-0.0045280087974
-0.00239977250544
-0.00510202673224
-0.0034033737658
-0.00449192301891
-0.00222135705671
-0.00335111387038
-0.00438614536959
-0.00537867981609
-0.00333705410873
-0.00439392401001
-0.00463500995385
-0.0023133712889
-0.0028254885815
-0.000748783613934
-0.00535132600245
-0.00306864837087
-0.00379625491089
-0.00187394656153
-0.00653213913417
-0.00456874670563
-0.00471349002588
-0.00244899035131
-0.00703086878283
-0.00348457611952
-0.00457481300276
-0.0021815701686
-0.00331043009897
-0.00446720487849
-0.00439924790593
-0.00217085054756
-0.00322790900888
-0.00464353855035
-0.00533864027045
-0.0030450982073
-0.000972640153643
-0.00557852756551
-0.00329815552024
-0.00397085379379
-0.00205122922842
-0.00665969671148
-0.00359952068466
-0.00374473686496
-0.0014628219762
-0.00608084843146
-0.00353728567746
-0.00351673968998
-0.00118136651158
-0.00230507205195
-0.00351108765875
-0.0045776844192
-0.00216995324181
-0.00318719395473
-0.00460202583892
-0.00529647606917
-0.00321389678611
-0.00404716921217
-0.0057532165775
-0.0024140429583
-0.00303048770412
-0.00106543036786
-0.00570426449302
-0.00367166299061
-0.00381714548499
-0.0015350785132
-0.00617208368805
-0.00610570401379
-0.0035835090239
-0.00131138104554
-0.00588206071273
-0.00364006434138
-0.0047095479699
-0.00230435133019
-0.00309752968726
-0.00451061007024
-0.00536429854349
-0.00230536805955
-0.00314094722576
-0.0048513387105
-0.00253681465501
-0.00309585884596
-0.00113181847532
-0.00577133383762
-0.00368688791323
-0.00383242673567
-0.00155032759665
-0.0062060873066
-0.00611205348122
-0.0036675267497
-0.00139750299563
-0.00597013216357
-0.00372310062909
-0.00479445122476
-0.00139791243971
-0.00581388184424
-0.00359513950443
-0.0045329332438
-0.00237093510603
-0.00320780827473
-0.00491922003641
-0.00534783742119
-0.00310611182031
-0.00114223125592
-0.00578185367584
-0.00364757851105
-0.00379365299264
-0.000612780802007
-0.00530628606118
-0.0060762478966
-0.00370850429086
-0.0040630278367
-0.00508725155291
-0.00280238588626
-0.00387456735653
-0.00143633352352
-0.00585290916912
-0.00370923756826
-0.00464946636247
-0.00238444053981
-0.00322158074871
-0.00493320308328
-0.00536196573363
-0.00306120509044
-0.000216259477506
-0.00488031791873
-0.00286696225373
-0.00301338121368
-0.000705535432648
-0.00533957963686
0.000177947163211
-0.00267562823947
6.57448202933e-05
-0.00330148628695
-0.000945197451754
-0.00364032767228
-0.00108307542635
9.13951539167e-05
-0.00276253502881
-2.12624363157e-05
-9.34497769429e-05
-0.00358642385246
-0.00373481820843
-0.00117827116718
5.87534715496e-06
-0.00284840614385
-0.000107233037167
-0.00018674673833
-0.00367994541392
-0.00382828546105
-0.00127244731182
-7.86089406178e-05
-0.00293323822952
-0.000192163616234
-0.000282086955006
-0.000470084298716
-0.0039207258043
-0.00136560022718
-0.000162054419138
-0.00301702795714
-0.00027884501403
-0.000383018993141
-0.00056154749193
-0.00401213563531
-0.00145772630266
-0.0002444578249
-0.00309977202493
-0.000378555786736
-0.000482941707608
-0.000651976111514
-0.000790807461864
-0.00154882195074
-0.000325815921728
-0.00318146715862
-0.000477255027216
-0.000581851267382
-0.000741366596518
-0.000880145554669
-0.00163888360755
-0.000406125501333
-0.00326211011205
-0.000574938946472
-0.000679743861163
-0.000829715410793
-0.000968442470475
-0.00172790773353
-0.00048538338389
-0.00334169766767
-0.000671603775824
-0.000776615697993
-0.000917019043602
-0.00105569470433
0.00155055903384
-0.000563586418594
-0.00342022663721
-0.000767245767529
-0.000872463007874
-0.00100327401022
-0.0011418987773
-0.00143210167758
-0.000640731484225
-0.00349769386217
-0.000861861195391
-0.000967282042383
-0.00383996136584
-0.00122705123703
-0.00151799222543
-0.000716815489714
-0.00357409621446
-0.00359400521252
-0.0010610690753
-0.00392410865305
-0.00131114865839
-0.00160283133901
0.00237791542007
-0.00364943059694
-0.00368655642339
-0.00115382040323
-0.00400719698211
-0.00139418764408
-0.00168661560919
-0.00025474736889
-0.00372369394396
-0.00377807002728
-0.00124553234622
-0.00408922297847
-0.00147616482523
-0.00176934165477
-0.000327629957424
-0.000658935230506
-0.00386854239039
-0.00133620124841
-0.00417018329666
-0.001557076862
-0.00185100612305
-0.000399439434214
-0.000731047438673
-0.00395796990354
-0.00142582347862
-0.00425007462087
-0.00163692044421
-0.00193160569045
-0.000470172867306
-0.000802079609304
-0.00404634898282
-0.00151439543104
-0.00432889366557
-0.00171569229191
-0.00201113706311
-0.000539827358233
-0.000872028808516
-0.000974720235421
-0.00160191352578
-0.00440663717612
-0.00179338915602
-0.0020895969775
-0.000608400042556
-0.000940892136759
-0.00106099179947
-0.00168837420959
-0.0044833019294
-0.00187000781894
-0.00216698220101
-0.000675888090412
-0.00100866672938
-0.00114620433583
0.0014402668147
-0.00455888473436
-0.00194554509511
-0.00224328953256
-0.000742288707053
-0.00107534975716
-0.00123035436792
0.00135593150302
-0.00463338243267
-0.00201999783163
-0.00231851580321
-0.00535529815137
-0.00282113256207
0.000459674696192
0.000241718601091
-5.61385218988e-05
-0.000619296146248
-0.00231834435931
-0.00545735132902
0.000647909453673
0.000350893084139
0.000129777569014
-0.000126326096244
-0.00069170590329
-0.00239280898243
-0.00555829206314
-0.00247547444167
0.000243276461842
1.90248368829e-05
-0.000195172947262
-0.000762737494611
-0.00246586123381
-0.00565811563838
-0.00257865176066
0.000136830443781
-9.05335289825e-05
-0.000262674706315
-0.000832386139545
-0.00253749593091
-0.0022820398009
-0.0026806792401
3.15606189131e-05
-0.000198891486989
-0.000343182921584
-0.00228691565905
-0.00260770796711
-0.00237961501696
-0.00278155177291
-0.00311732548942
-0.000306043021595
-0.000453165495397
-0.00235378435703
0.00100957300657
-0.0024760590874
-0.00288126428003
-0.00322022626907
-0.000411982144642
-0.00056191320375
-0.002419256202
0.000942221300059
-0.00257136740615
-0.00297981171151
-0.00332193425372
-0.00358598866572
-0.00066941964991
-0.00248332670841
0.000876307102178
-0.00266553539678
-0.00307718904756
-0.00342244396845
-0.00368948511747
-0.000775678466655
0.00110270593049
0.000811835199286
-0.00275855851347
-0.00317339129962
-0.00352174996988
-0.00379175137103
-0.000880683317792
0.00104145124684
0.000748810293585
-0.00285043224188
-0.00326841351147
-0.00361984684741
-0.00389278156137
-0.00407909779679
0.000981610888352
0.000687237001523
-0.00294115210014
-0.00336225076026
-0.00371672922441
-0.00399256985766
-0.000593450730228
0.00092318902255
0.000627119852201
-0.00303071363976
-0.00345489815762
-0.00381239175949
-0.00409111046472
-0.000694656000655
-0.00228905245208
0.000568463285807
-0.00311911244662
-0.00354635085077
-0.00390682914776
-0.00418839762436
-0.000794582301715
-0.00234462516325
0.00051127165207
-0.00320634414185
-0.00363660402357
-0.00400003612203
-0.000747356076383
-0.000893223475505
-0.00239876738246
0.00045554920873
-0.00329240438283
-0.00372565289766
-0.00409200745409
-0.000842119221841
-0.000990573404485
-0.00245147528216
-0.00278264216812
-0.00337728886413
-0.00381349273352
-0.00418273795598
-0.000935611881648
-0.00108662601306
-0.00252626468639
-0.0028354138329
-0.00346099331844
-0.00390011883158
-0.000774178616255
-0.0010278284599
-0.00118137526921
-0.00262326730537
-0.00288670410092
-0.00354351351752
-0.00398552653334
-0.000862412061146
-0.00111876340482
-0.00127481518604
-0.00271893644769
-0.0029365090972
-0.00362484527316
-0.000621715701303
-0.000949389366001
-0.00120841121023
-0.00136693982344
-0.00282860547529
-0.00298482504604
-0.00370498443813
-0.00070467280463
-0.00103510551643
-0.00129676641696
-0.0014577432897
-0.00296474946651
-0.00303164827237
-0.00580050619041
-0.00486454912442
-0.00399071965211
-0.00304037238017
-0.0019933469423
-0.000871594263118
-0.00318721176108
-0.00575642860279
-0.00481673347122
-0.00394100989155
-0.00298870527048
-0.00193967474151
-0.000848991376724
-0.00314450293975
-0.0057112813516
-0.00476781209036
-0.00389015310778
-0.00293584876966
-0.00188477008377
-0.000825072767459
-0.0017123712806
-0.0056650661957
-0.00471778702628
-0.00383815159254
-0.00288180544442
-0.00182863583864
-0.00079983982288
-0.00166695801288
-0.0056177849316
-0.00466666036433
-0.00378500768284
-0.00282657791151
-0.00179022239124
-0.00241379171151
-0.00162019671555
-0.00556943939306
-0.00461443423035
-0.00373878610214
-0.00279901442593
-0.00176391132811
-0.00238593455508
-0.00157209028534
-0.00552003145077
-0.00457868405038
-0.00371325188097
-0.002772474072
-0.0017363394959
-0.0023567676691
-0.00153347665096
-0.00546956301202
-0.00455299896852
-0.0036865499142
-0.00274472072072
-0.00329822129349
-0.00232629273507
-0.00150169462228
-0.0054180360203
-0.0045261910736
-0.00365868142394
-0.00271575574343
-0.00326813240268
-0.00229451150682
-0.00146855159705
-0.00536545245499
-0.00449826150012
-0.00362964768389
-0.00268558056917
-0.00323678735146
-0.00226142581
-0.00143404964376
-0.00532516678773
-0.00446921142837
-0.00359945001903
-0.00419842450789
-0.0032041878045
-0.0022270375416
-0.005024513285
-0.00529128581313
-0.0044390420843
-0.00356808980533
-0.00416583345568
-0.00317033548996
-0.00219134866941
-0.00498730000184
-0.00525633145083
-0.00440775473915
-0.00353556846942
-0.00413203683602
-0.00313523219905
-0.00215436123143
-0.0049487344756
-0.00522030506003
-0.00437535070926
-0.00501335138376
-0.00409703630499
-0.00309887978559
-0.00211607733535
-0.00490881909218
-0.00518320803917
-0.00434183135576
-0.00497851228449
-0.00406083357449
-0.00306128016548
-0.0020764991579
-0.0048675563151
-0.00514504182575
-0.00578054387812
-0.00494251664375
-0.00402343041176
-0.00302243531625
-0.00203562894431
-0.00482494868472
-0.00510580789599
-0.00574479813865
-0.00490536608762
-0.00398482863905
-0.00298234727653
-0.00199346900766
-0.00478099881751
-0.00506550776459
-0.00570794142497
-0.00486706229111
-0.0039450301331
-0.00294101814554
-0.00195002172822
-0.00473570940526
-0.00646190480527
-0.00566997527454
-0.00482760697786
-0.00390403682477
-0.00289845008252
-0.00190528955282
-0.00468908321427
-0.0064194769671
-0.00563090126814
-0.00478700191974
-0.00386185069851
-0.00285464530623
-0.00185927499421
-0.00464112308455
-0.00637598769928
-0.00559072102953
-0.00474524893645
-0.00381847379195
-0.00280960609435
-0.0018119806303
-0.00636062490839
-0.00500670486424
-0.00105725006747
-0.00499141796589
-0.00138963539696
-0.0042855732565
-0.00398850196236
-0.00431106761618
-0.00496910135948
-0.00101946840941
-0.00494728930137
-0.00134516890268
-0.00424085900721
-0.00396578080513
-0.00428298900625
-0.00493056731156
-0.000980751946631
-0.00490222423255
-0.0012997591664
-0.00420521428906
-0.00394209124172
-0.0042539416661
-0.00489110385
-0.000941101824577
-0.00485622410506
-0.00125340756439
-0.00418066063719
-0.00391743401675
-0.00422392651211
-0.00485071212967
-0.00184440533053
-0.00480929028984
-0.00120611549871
-0.00523322634981
-0.00389180990443
-0.00419294448995
-0.0048093933306
-0.00180289142884
-0.00476142418284
-0.00116047775399
-0.00520674772343
-0.00386521970846
-0.00416099657448
-0.00476714865787
-0.00176044745765
-0.0047126272049
-0.00113321076217
-0.00517930782932
-0.00383766426192
-0.00412808376957
-0.00256499200552
-0.00171707466412
-0.00466290080154
-0.00110498929936
-0.00515090751902
-0.00380914442709
-0.00409420710796
-0.00252089929985
-0.0016727743204
-0.0046122464427
-0.00107581422941
-0.00512154767283
-0.0012941045674
-0.0040593676511
-0.00247588448408
-0.00162754772344
-0.00457765256413
-0.0010456864443
-0.00509122919966
-0.00126365865913
-0.00524652062062
-0.00336245887249
-0.00158139619482
-0.0045468310947
-0.00210368058153
-0.0050599530369
-0.00123225112349
-0.00520975887157
-0.0033156037708
-0.00153432108058
-0.00451506649736
-0.00207165015368
-0.00502772015025
-0.00119988293832
-0.00517203768218
-0.00326783054137
-0.00148632375096
-0.00448235972362
-0.00203866985375
-0.0049945315336
-0.00116655510999
-0.00513335822703
-0.00321914055942
-0.0014374056003
-0.0044487117519
-0.00200474068472
-0.00496038820889
-0.00113226867321
-0.00509372170856
-0.00316953522374
-0.00138756804678
-0.00441412358734
-0.00196986367692
-0.00492529122592
-0.00109702469094
-0.00505312935688
-0.00311901595647
-0.00133681253222
-0.00437859626169
-0.00193403988792
-0.00488924166221
-0.00106082425417
-0.00501158242958
-0.00306758420295
-0.00128514052195
-0.00314655199723
-0.00189727040236
-0.00485224062284
-0.00226008394993
-0.00496908221154
-0.00301524143149
-0.00123255350451
-0.00310914955026
-0.00185955633181
-0.00481428924027
-0.00222197398848
-0.00492563001472
-0.00296198913317
-0.00117905299151
-0.00307081119547
-0.00182089881456
-0.00477538867419
-0.00218291101211
-0.00488122717801
-0.00290782882164
-0.00112464051741
-0.00303153806945
-0.00178129901548
-0.00473554011134
-0.00214289622232
-0.00483587506697
-0.00285276203294
-0.0010693176393
-0.00299133133458
-0.00174075812587
-0.00469474476532
-0.00210193084776
-0.00478957507368
